WALL 21151277 1 0 1706739769
WALL 21151277 1 0 1706739770
WALL 21151277 1 0 1706739771
WALL 21151277 1 0 1706739772
WALL 21151277 1 0 1706739773
WALL 21151277 1 0 1706739774
WALL 21151277 1 0 1706739775
WALL 21151277 1 0 1706739776
WALL 21151277 1 0 1706739777
WALL 21151277 1 0 1706739778
WALL 21151277 1 0 1706739779
WALL 21151277 1 0 1706739780
WALL 21151277 1 0 1706739781
WALL 21151277 1 0 1706739782
WALL 21151277 1 0 1706739783
WALL 21151277 1 0 1706739784
WALL 21151277 1 0 1706739785
WALL 21151277 1 0 1706739786
WALL 21151277 1 0 1706739787
WALL 21151277 1 0 1706739788
WALL 21151277 1 0 1706739789
WALL 21151277 1 0 1706739790
WALL 21151277 1 0 1706739791
WALL 21151277 1 0 1706739792
WALL 21151277 1 0 1706739793
WALL 21151277 1 0 1706739794
WALL 21151277 1 0 1706739795
WALL 21151277 1 0 1706739796
WALL 21151277 1 0 1706739797
WALL 21151277 1 0 1706739798
WALL 21151277 1 0 1706739799
WALL 21151277 1 0 1706739800
WALL 21151277 1 0 1706739801
WALL 21151277 1 0 1706739802
WALL 21151277 1 0 1706739803
WALL 21151277 1 0 1706739804
WALL 21151277 1 0 1706739805
WALL 21151277 1 0 1706739806
WALL 21151277 1 0 1706739807
WALL 21151277 1 0 1706739808
WALL 21151277 1 0 1706739809
WALL 21151277 1 0 1706739810
WALL 21151277 1 0 1706739811
WALL 21151277 1 0 1706739812
WALL 21151277 1 0 1706739813
WALL 21151277 1 0 1706739814
WALL 21151277 1 0 1706739815
WALL 21151277 1 0 1706739816
WALL 21151277 1 0 1706739817
WALL 21151277 1 0 1706739818
WALL 21151277 1 0 1706739819
WALL 21151277 1 0 1706739820
WALL 21151277 1 0 1706739821
WALL 21151277 1 0 1706739822
WALL 21151277 1 0 1706739823
WALL 21151277 1 0 1706739824
WALL 21151277 1 0 1706739825
WALL 21151277 1 0 1706739826
WALL 21151277 1 0 1706739827
WALL 21151277 1 0 1706739828
WALL 21151277 1 0 1706739829
WALL 21151277 1 0 1706739830
WALL 21151277 1 0 1706739831
WALL 21151277 1 0 1706739832
WALL 21151277 1 0 1706739833
WALL 21151277 1 0 1706739834
WALL 21151277 1 0 1706739835
WALL 21151277 1 0 1706739836
WALL 21151277 1 0 1706739837
WALL 21151277 1 0 1706739838
WALL 21151277 1 0 1706739839
WALL 21151277 1 0 1706739840
WALL 21151277 1 0 1706739841
WALL 21151277 1 0 1706739842
WALL 21151277 1 0 1706739843
WALL 21151277 1 0 1706739844
WALL 21151277 1 0 1706739845
WALL 21151277 1 0 1706739846
WALL 21151277 1 0 1706739847
WALL 21151277 1 0 1706739848
WALL 21151277 1 0 1706739849
WALL 21151277 1 0 1706739850
WALL 21151277 1 0 1706739851
WALL 21151277 1 0 1706739852
WALL 21151277 1 0 1706739853
WALL 21151277 1 0 1706739854
WALL 21151277 1 0 1706739855
WALL 21151277 1 0 1706739856
WALL 21151277 1 0 1706739857
WALL 21151277 1 0 1706739858
WALL 21151277 1 0 1706739859
WALL 21151277 1 0 1706739860
WALL 21151277 1 0 1706739861
WALL 21151277 1 0 1706739862
WALL 21151277 1 0 1706739863
WALL 21151277 1 0 1706739864
WALL 21151277 1 0 1706739865
WALL 21151277 1 0 1706739866
WALL 21151277 1 0 1706739867
WALL 21151277 1 0 1706739868
WALL 21151277 1 0 1706739869
WALL 21151277 1 0 1706739870
WALL 21151277 1 0 1706739871
WALL 21151277 1 0 1706739872
WALL 21151277 1 0 1706739873
WALL 21151277 1 0 1706739874
WALL 21151277 1 0 1706739875
WALL 21151277 1 0 1706739876
WALL 21151277 1 0 1706739877
WALL 21151277 1 0 1706739878
WALL 21151277 1 0 1706739879
WALL 21151277 1 0 1706739880
WALL 21151277 1 0 1706739881
WALL 21151277 1 0 1706739882
WALL 21151277 1 0 1706739883
WALL 21151277 1 0 1706739884
WALL 21151277 1 0 1706739885
WALL 21151277 1 0 1706739886
WALL 21151277 1 0 1706739887
WALL 21151277 1 0 1706739888
WALL 21151277 1 0 1706739889
WALL 21151277 1 0 1706739890
WALL 21151277 1 0 1706739891
WALL 21151277 1 0 1706739892
WALL 21151277 1 0 1706739893
WALL 21151277 1 0 1706739894
WALL 21151277 1 0 1706739895
WALL 21151277 1 0 1706739896
WALL 21151277 1 0 1706739897
WALL 21151277 1 0 1706739898
WALL 21151277 1 0 1706739899
WALL 21151277 1 0 1706739900
WALL 21151277 1 0 1706739901
WALL 21151277 1 0 1706739902
WALL 21151277 1 0 1706739903
WALL 21151277 1 0 1706739904
WALL 21151277 1 0 1706739905
WALL 21151277 1 0 1706739906
WALL 21151277 1 0 1706739907
WALL 21151277 1 0 1706739908
WALL 21151277 1 0 1706739909
WALL 21151277 1 0 1706739910
WALL 21151277 1 0 1706739911
WALL 21151277 1 0 1706739912
WALL 21151277 1 0 1706739913
WALL 21151277 1 0 1706739914
WALL 21151277 1 0 1706739915
WALL 21151277 1 0 1706739916
WALL 21151277 1 0 1706739917
WALL 21151277 1 0 1706739918
WALL 21151277 1 0 1706739919
WALL 21151277 1 0 1706739920
WALL 21151277 1 0 1706739921
WALL 21151277 1 0 1706739922
WALL 21151277 1 0 1706739923
WALL 21151277 1 0 1706739924
WALL 21151277 1 0 1706739925
WALL 21151277 1 0 1706739926
WALL 21151277 1 0 1706739927
WALL 21151277 1 0 1706739928
WALL 21151277 1 0 1706739929
WALL 21151277 1 0 1706739930
WALL 21151277 1 0 1706739931
WALL 21151277 1 0 1706739932
WALL 21151277 1 0 1706739933
WALL 21151277 1 0 1706739934
WALL 21151277 1 0 1706739935
WALL 21151277 1 0 1706739936
WALL 21151277 1 0 1706739937
WALL 21151277 1 0 1706739938
WALL 21151277 1 0 1706739939
WALL 21151277 1 0 1706739940
WALL 21151277 1 0 1706739941
WALL 21151277 1 0 1706739942
WALL 21151277 1 0 1706739943
WALL 21151277 1 0 1706739944
WALL 21151277 1 0 1706739945
WALL 21151277 1 0 1706739946
WALL 21151277 1 0 1706739947
WALL 21151277 1 0 1706739948
WALL 21151277 1 0 1706739949
WALL 21151277 1 0 1706739950
WALL 21151277 1 0 1706739951
WALL 21151277 1 0 1706739952
WALL 21151277 1 0 1706739953
WALL 21151277 1 0 1706739954
WALL 21151277 1 0 1706739955
WALL 21151277 1 0 1706739956
WALL 21151277 1 0 1706739957
WALL 21151277 1 0 1706739958
WALL 21151277 1 0 1706739959
WALL 21151277 1 0 1706739960
WALL 21151277 1 0 1706739961
WALL 21151277 1 0 1706739962
WALL 21151277 1 0 1706739963
WALL 21151277 1 0 1706739964
WALL 21151277 1 0 1706739965
WALL 21151277 1 0 1706739966
WALL 21151277 1 0 1706739967
WALL 21151277 1 0 1706739968
WALL 21151277 1 0 1706739969
WALL 21151277 1 0 1706739970
WALL 21151277 1 0 1706739971
WALL 21151277 1 0 1706739972
WALL 21151277 1 0 1706739973
WALL 21151277 1 0 1706739974
WALL 21151277 1 0 1706739975
WALL 21151277 1 0 1706739976
WALL 21151277 1 0 1706739977
WALL 21151277 1 0 1706739978
WALL 21151277 1 0 1706739979
WALL 21151277 1 0 1706739980
WALL 21151277 1 0 1706739981
WALL 21151277 1 0 1706739982
WALL 21151277 1 0 1706739983
WALL 21151277 1 0 1706739984
WALL 21151277 1 0 1706739985
WALL 21151277 1 0 1706739986
WALL 21151277 1 0 1706739987
WALL 21151277 1 0 1706739988
WALL 21151277 1 0 1706739989
WALL 21151277 1 0 1706739990
WALL 21151277 1 0 1706739991
WALL 21151277 1 0 1706739992
WALL 21151277 1 0 1706739993
WALL 21151277 1 0 1706739994
WALL 21151277 1 0 1706739995
WALL 21151277 1 0 1706739996
WALL 21151277 1 0 1706739997
WALL 21151277 1 0 1706739998
WALL 21151277 1 0 1706739999
WALL 21151277 1 0 1706740000
WALL 21151277 1 0 1706740001
WALL 21151277 1 0 1706740002
WALL 21151277 1 0 1706740003
WALL 21151277 1 0 1706740004
WALL 21151277 1 0 1706740005
WALL 21151277 1 0 1706740006
WALL 21151277 1 0 1706740007
WALL 21151277 1 0 1706740008
WALL 21151277 1 0 1706740009
WALL 21151277 1 0 1706740010
WALL 21151277 1 0 1706740011
WALL 21151277 1 0 1706740012
WALL 21151277 1 0 1706740013
WALL 21151277 1 0 1706740014
WALL 21151277 1 0 1706740015
WALL 21151277 1 0 1706740016
WALL 21151277 1 0 1706740017
WALL 21151277 1 0 1706740018
WALL 21151277 1 0 1706740019
WALL 21151277 1 0 1706740020
WALL 21151277 1 0 1706740021
WALL 21151277 1 0 1706740022
WALL 21151277 1 0 1706740023
WALL 21151277 1 0 1706740024
WALL 21151277 1 0 1706740025
WALL 21151277 1 0 1706740026
WALL 21151277 1 0 1706740027
WALL 21151277 1 0 1706740028
WALL 21151277 1 0 1706740029
WALL 21151277 1 0 1706740030
WALL 21151277 1 0 1706740031
WALL 21151277 1 0 1706740032
WALL 21151277 1 0 1706740033
WALL 21151277 1 0 1706740034
WALL 21151277 1 0 1706740035
WALL 21151277 1 0 1706740036
WALL 21151277 1 0 1706740037
WALL 21151277 1 0 1706740038
WALL 21151277 1 0 1706740039
WALL 21151277 1 0 1706740040
WALL 21151277 1 0 1706740041
WALL 21151277 1 0 1706740042
WALL 21151277 1 0 1706740043
WALL 21151277 1 0 1706740044
WALL 21151277 1 0 1706740045
WALL 21151277 1 0 1706740046
WALL 21151277 1 0 1706740047
WALL 21151277 1 0 1706740048
WALL 21151277 1 0 1706740049
WALL 21151277 1 0 1706740050
WALL 21151277 1 0 1706740051
WALL 21151277 1 0 1706740052
WALL 21151277 1 0 1706740053
WALL 21151277 1 0 1706740054
WALL 21151277 1 0 1706740055
WALL 21151277 1 0 1706740056
WALL 21151277 1 0 1706740057
WALL 21151277 1 0 1706740058
WALL 21151277 1 0 1706740059
WALL 21151277 1 0 1706740060
WALL 21151277 1 0 1706740061
WALL 21151277 1 0 1706740062
WALL 21151277 1 0 1706740063
WALL 21151277 1 0 1706740064
WALL 21151277 1 0 1706740065
WALL 21151277 1 0 1706740066
WALL 21151277 1 0 1706740067
WALL 21151277 1 0 1706740068
WALL 21151277 1 0 1706740069
WALL 21151277 1 0 1706740070
WALL 21151277 1 0 1706740071
WALL 21151277 1 0 1706740072
WALL 21151277 1 0 1706740073
WALL 21151277 1 0 1706740074
WALL 21151277 1 0 1706740075
WALL 21151277 1 0 1706740076
WALL 21151277 1 0 1706740077
WALL 21151277 1 0 1706740078
WALL 21151277 1 0 1706740079
WALL 21151277 1 0 1706740080
WALL 21151277 1 0 1706740081
WALL 21151277 1 0 1706740082
WALL 21151277 1 0 1706740083
WALL 21151277 1 0 1706740084
WALL 21151277 1 0 1706740085
WALL 21151277 1 0 1706740086
WALL 21151277 1 0 1706740087
WALL 21151277 1 0 1706740088
WALL 21151277 1 0 1706740089
WALL 21151277 1 0 1706740090
WALL 21151277 1 0 1706740091
WALL 21151277 1 0 1706740092
WALL 21151277 1 0 1706740093
WALL 21151277 1 0 1706740094
WALL 21151277 1 0 1706740095
WALL 21151277 1 0 1706740096
WALL 21151277 1 0 1706740097
WALL 21151277 1 0 1706740098
WALL 21151277 1 0 1706740099
WALL 21151277 1 0 1706740100
WALL 21151277 1 0 1706740101
WALL 21151277 1 0 1706740102
WALL 21151277 1 0 1706740103
WALL 21151277 1 0 1706740104
WALL 21151277 1 0 1706740105
WALL 21151277 1 0 1706740106
WALL 21151277 1 0 1706740107
WALL 21151277 1 0 1706740108
WALL 21151277 1 0 1706740109
WALL 21151277 1 0 1706740110
WALL 21151277 1 0 1706740111
WALL 21151277 1 0 1706740112
WALL 21151277 1 0 1706740113
WALL 21151277 1 0 1706740114
WALL 21151277 1 0 1706740115
WALL 21151277 1 0 1706740116
WALL 21151277 1 0 1706740117
WALL 21151277 1 0 1706740118
WALL 21151277 1 0 1706740119
WALL 21151277 1 0 1706740120
WALL 21151277 1 0 1706740121
WALL 21151277 1 0 1706740122
WALL 21151277 1 0 1706740123
WALL 21151277 1 0 1706740124
WALL 21151277 1 0 1706740125
WALL 21151277 1 0 1706740126
WALL 21151277 1 0 1706740127
WALL 21151277 1 0 1706740128
WALL 21151277 1 0 1706740129
WALL 21151277 1 0 1706740130
WALL 21151277 1 0 1706740131
WALL 21151277 1 0 1706740132
WALL 21151277 1 0 1706740133
WALL 21151277 1 0 1706740134
WALL 21151277 1 0 1706740135
WALL 21151277 1 0 1706740136
WALL 21151277 1 0 1706740137
WALL 21151277 1 0 1706740138
WALL 21151277 1 0 1706740139
WALL 21151277 1 0 1706740140
WALL 21151277 1 0 1706740141
WALL 21151277 1 0 1706740142
WALL 21151277 1 0 1706740143
WALL 21151277 1 0 1706740144
WALL 21151277 1 0 1706740145
WALL 21151277 1 0 1706740146
WALL 21151277 1 0 1706740147
WALL 21151277 1 0 1706740148
WALL 21151277 1 0 1706740149
WALL 21151277 1 0 1706740150
WALL 21151277 1 0 1706740151
WALL 21151277 1 0 1706740152
WALL 21151277 1 0 1706740153
WALL 21151277 1 0 1706740154
WALL 21151277 1 0 1706740155
WALL 21151277 1 0 1706740156
WALL 21151277 1 0 1706740157
WALL 21151277 1 0 1706740158
WALL 21151277 1 0 1706740159
WALL 21151277 1 0 1706740160
WALL 21151277 1 0 1706740161
WALL 21151277 1 0 1706740162
WALL 21151277 1 0 1706740163
WALL 21151277 1 0 1706740164
WALL 21151277 1 0 1706740165
WALL 21151277 1 0 1706740166
WALL 21151277 1 0 1706740167
WALL 21151277 1 0 1706740168
WALL 21151277 1 0 1706740169
WALL 21151277 1 0 1706740170
WALL 21151277 1 0 1706740171
WALL 21151277 1 0 1706740172
WALL 21151277 1 0 1706740173
WALL 21151277 1 0 1706740174
WALL 21151277 1 0 1706740175
WALL 21151277 1 0 1706740176
WALL 21151277 1 0 1706740177
WALL 21151277 1 0 1706740178
WALL 21151277 1 0 1706740179
WALL 21151277 1 0 1706740180
WALL 21151277 1 0 1706740181
WALL 21151277 1 0 1706740182
WALL 21151277 1 0 1706740183
WALL 21151277 1 0 1706740184
WALL 21151277 1 0 1706740185
WALL 21151277 1 0 1706740186
WALL 21151277 1 0 1706740187
WALL 21151277 1 0 1706740188
WALL 21151277 1 0 1706740189
WALL 21151277 1 0 1706740190
WALL 21151277 1 0 1706740191
WALL 21151277 1 0 1706740192
WALL 21151277 1 0 1706740193
WALL 21151277 1 0 1706740194
WALL 21151277 1 0 1706740195
WALL 21151277 1 0 1706740196
WALL 21151277 1 0 1706740197
WALL 21151277 1 0 1706740198
WALL 21151277 1 0 1706740199
WALL 21151277 1 0 1706740200
WALL 21151277 1 0 1706740201
WALL 21151277 1 0 1706740202
WALL 21151277 1 0 1706740203
WALL 21151277 1 0 1706740204
WALL 21151277 1 0 1706740205
WALL 21151277 1 0 1706740206
WALL 21151277 1 0 1706740207
WALL 21151277 1 0 1706740208
WALL 21151277 1 0 1706740209
WALL 21151277 1 0 1706740210
WALL 21151277 1 0 1706740211
WALL 21151277 1 0 1706740212
WALL 21151277 1 0 1706740213
WALL 21151277 1 0 1706740214
WALL 21151277 1 0 1706740215
WALL 21151277 1 0 1706740216
WALL 21151277 1 0 1706740217
WALL 21151277 1 0 1706740218
WALL 21151277 1 0 1706740219
WALL 21151277 1 0 1706740220
WALL 21151277 1 0 1706740221
WALL 21151277 1 0 1706740222
WALL 21151277 1 0 1706740223
WALL 21151277 1 0 1706740224
WALL 21151277 1 0 1706740225
WALL 21151277 1 0 1706740226
WALL 21151277 1 0 1706740227
WALL 21151277 1 0 1706740228
WALL 21151277 1 0 1706740229
WALL 21151277 1 0 1706740230
WALL 21151277 1 0 1706740231
WALL 21151277 1 0 1706740232
WALL 21151277 1 0 1706740233
WALL 21151277 1 0 1706740234
WALL 21151277 1 0 1706740235
received SIGCONT 1706740236
WALL 21151277 1 0 1706740236
slurmstepd: error: *** STEP 21151277.0 ON nid200019 CANCELLED AT 2024-01-31T22:30:36 ***
received SIGTERM 1706740236
WALL 21151277 1 0 1706740236
WALL 21151277 1 0 1706740237
WALL 21151277 1 0 1706740238
WALL 21151277 1 0 1706740239
WALL 21151277 1 0 1706740240
WALL 21151277 1 0 1706740241
WALL 21151277 1 0 1706740242
WALL 21151277 1 0 1706740243
WALL 21151277 1 0 1706740244
WALL 21151277 1 0 1706740245
WALL 21151277 1 0 1706740246
WALL 21151277 1 0 1706740247
WALL 21151277 1 0 1706740248
WALL 21151277 1 0 1706740249
WALL 21151277 1 0 1706740250
WALL 21151277 1 0 1706740251
WALL 21151277 1 0 1706740252
WALL 21151277 1 0 1706740253
WALL 21151277 1 0 1706740254
WALL 21151277 1 0 1706740255
WALL 21151277 1 0 1706740256
WALL 21151277 1 0 1706740257
WALL 21151277 1 0 1706740258
WALL 21151277 1 0 1706740259
WALL 21151277 1 0 1706740260
WALL 21151277 1 0 1706740261
WALL 21151277 1 0 1706740262
WALL 21151277 1 0 1706740263
WALL 21151277 1 0 1706740264
WALL 21151277 1 0 1706740265
WALL 21151277 1 0 1706740266
WALL 21151277 1 0 1706740267
WALL 21151277 1 0 1706740268
WALL 21151277 1 0 1706740269
WALL 21151277 1 0 1706740270
WALL 21151277 1 0 1706740271
WALL 21151277 1 0 1706740272
WALL 21151277 1 0 1706740273
WALL 21151277 1 0 1706740274
WALL 21151277 1 0 1706740275
WALL 21151277 1 0 1706740276
WALL 21151277 1 0 1706740277
WALL 21151277 1 0 1706740278
WALL 21151277 1 0 1706740279
WALL 21151277 1 0 1706740280
WALL 21151277 1 0 1706740281
WALL 21151277 1 0 1706740282
WALL 21151277 1 0 1706740283
WALL 21151277 1 0 1706740284
WALL 21151277 1 0 1706740285
WALL 21151277 1 0 1706740286
WALL 21151277 1 0 1706740287
WALL 21151277 1 0 1706740288
WALL 21151277 1 0 1706740289
WALL 21151277 1 0 1706740290
WALL 21151277 1 0 1706740291
WALL 21151277 1 0 1706740292
WALL 21151277 1 0 1706740293
WALL 21151277 1 0 1706740294
WALL 21151277 1 0 1706740295
slurmstepd: error: *** JOB 21151277 ON nid200019 CANCELLED AT 2024-01-31T22:31:36 DUE TO PREEMPTION ***
received SIGTERM 1706740296
WALL 21151277 1 0 1706740296
received SIGCONT 1706740296
WALL 21151277 1 0 1706740296
received SIGTERM 1706740296
WALL 21151277 1 0 1706740296
