WALL 21196248 1 0 1706814154
WALL 21196248 1 0 1706814155
WALL 21196248 1 0 1706814156
WALL 21196248 1 0 1706814157
WALL 21196248 1 0 1706814158
WALL 21196248 1 0 1706814159
WALL 21196248 1 0 1706814160
WALL 21196248 1 0 1706814161
WALL 21196248 1 0 1706814162
WALL 21196248 1 0 1706814163
WALL 21196248 1 0 1706814164
WALL 21196248 1 0 1706814165
WALL 21196248 1 0 1706814166
WALL 21196248 1 0 1706814167
WALL 21196248 1 0 1706814168
WALL 21196248 1 0 1706814169
WALL 21196248 1 0 1706814170
WALL 21196248 1 0 1706814171
WALL 21196248 1 0 1706814172
WALL 21196248 1 0 1706814173
WALL 21196248 1 0 1706814174
WALL 21196248 1 0 1706814175
WALL 21196248 1 0 1706814176
WALL 21196248 1 0 1706814177
WALL 21196248 1 0 1706814178
WALL 21196248 1 0 1706814179
WALL 21196248 1 0 1706814180
WALL 21196248 1 0 1706814181
WALL 21196248 1 0 1706814182
WALL 21196248 1 0 1706814183
WALL 21196248 1 0 1706814184
WALL 21196248 1 0 1706814185
WALL 21196248 1 0 1706814186
WALL 21196248 1 0 1706814187
WALL 21196248 1 0 1706814188
WALL 21196248 1 0 1706814189
WALL 21196248 1 0 1706814190
WALL 21196248 1 0 1706814191
WALL 21196248 1 0 1706814192
WALL 21196248 1 0 1706814193
WALL 21196248 1 0 1706814194
WALL 21196248 1 0 1706814195
WALL 21196248 1 0 1706814196
WALL 21196248 1 0 1706814197
WALL 21196248 1 0 1706814198
WALL 21196248 1 0 1706814199
WALL 21196248 1 0 1706814200
WALL 21196248 1 0 1706814201
WALL 21196248 1 0 1706814202
WALL 21196248 1 0 1706814203
WALL 21196248 1 0 1706814204
WALL 21196248 1 0 1706814205
WALL 21196248 1 0 1706814206
WALL 21196248 1 0 1706814207
WALL 21196248 1 0 1706814208
WALL 21196248 1 0 1706814209
WALL 21196248 1 0 1706814210
WALL 21196248 1 0 1706814211
WALL 21196248 1 0 1706814212
WALL 21196248 1 0 1706814213
WALL 21196248 1 0 1706814214
WALL 21196248 1 0 1706814215
WALL 21196248 1 0 1706814216
WALL 21196248 1 0 1706814217
WALL 21196248 1 0 1706814218
WALL 21196248 1 0 1706814219
WALL 21196248 1 0 1706814220
WALL 21196248 1 0 1706814221
WALL 21196248 1 0 1706814222
WALL 21196248 1 0 1706814223
WALL 21196248 1 0 1706814224
WALL 21196248 1 0 1706814225
WALL 21196248 1 0 1706814226
WALL 21196248 1 0 1706814227
WALL 21196248 1 0 1706814228
WALL 21196248 1 0 1706814229
WALL 21196248 1 0 1706814230
WALL 21196248 1 0 1706814231
WALL 21196248 1 0 1706814232
WALL 21196248 1 0 1706814233
WALL 21196248 1 0 1706814234
WALL 21196248 1 0 1706814235
WALL 21196248 1 0 1706814236
WALL 21196248 1 0 1706814237
WALL 21196248 1 0 1706814238
WALL 21196248 1 0 1706814239
received SIGCONT 1706814239
WALL 21196248 1 0 1706814239
slurmstepd: error: *** STEP 21196248.0 ON nid200141 CANCELLED AT 2024-02-01T19:03:59 ***
received SIGTERM 1706814239
WALL 21196248 1 0 1706814239
WALL 21196248 1 0 1706814240
WALL 21196248 1 0 1706814241
WALL 21196248 1 0 1706814242
WALL 21196248 1 0 1706814243
WALL 21196248 1 0 1706814244
WALL 21196248 1 0 1706814245
WALL 21196248 1 0 1706814246
WALL 21196248 1 0 1706814247
WALL 21196248 1 0 1706814248
WALL 21196248 1 0 1706814249
WALL 21196248 1 0 1706814250
WALL 21196248 1 0 1706814251
WALL 21196248 1 0 1706814252
WALL 21196248 1 0 1706814253
WALL 21196248 1 0 1706814254
WALL 21196248 1 0 1706814255
WALL 21196248 1 0 1706814256
WALL 21196248 1 0 1706814257
WALL 21196248 1 0 1706814258
WALL 21196248 1 0 1706814259
WALL 21196248 1 0 1706814260
WALL 21196248 1 0 1706814261
WALL 21196248 1 0 1706814262
WALL 21196248 1 0 1706814263
WALL 21196248 1 0 1706814264
WALL 21196248 1 0 1706814265
WALL 21196248 1 0 1706814266
WALL 21196248 1 0 1706814267
WALL 21196248 1 0 1706814268
WALL 21196248 1 0 1706814269
WALL 21196248 1 0 1706814270
WALL 21196248 1 0 1706814271
WALL 21196248 1 0 1706814272
WALL 21196248 1 0 1706814273
WALL 21196248 1 0 1706814274
WALL 21196248 1 0 1706814275
WALL 21196248 1 0 1706814276
WALL 21196248 1 0 1706814277
WALL 21196248 1 0 1706814278
WALL 21196248 1 0 1706814279
WALL 21196248 1 0 1706814280
WALL 21196248 1 0 1706814281
WALL 21196248 1 0 1706814282
WALL 21196248 1 0 1706814283
WALL 21196248 1 0 1706814284
WALL 21196248 1 0 1706814285
WALL 21196248 1 0 1706814286
WALL 21196248 1 0 1706814287
WALL 21196248 1 0 1706814288
WALL 21196248 1 0 1706814289
WALL 21196248 1 0 1706814290
WALL 21196248 1 0 1706814291
WALL 21196248 1 0 1706814292
WALL 21196248 1 0 1706814293
WALL 21196248 1 0 1706814294
WALL 21196248 1 0 1706814295
WALL 21196248 1 0 1706814296
WALL 21196248 1 0 1706814297
WALL 21196248 1 0 1706814298
WALL 21196248 1 0 1706814299
WALL 21196248 1 0 1706814300
WALL 21196248 1 0 1706814301
WALL 21196248 1 0 1706814302
WALL 21196248 1 0 1706814303
WALL 21196248 1 0 1706814304
WALL 21196248 1 0 1706814305
WALL 21196248 1 0 1706814306
WALL 21196248 1 0 1706814307
WALL 21196248 1 0 1706814308
WALL 21196248 1 0 1706814309
WALL 21196248 1 0 1706814310
WALL 21196248 1 0 1706814311
WALL 21196248 1 0 1706814312
WALL 21196248 1 0 1706814313
WALL 21196248 1 0 1706814314
WALL 21196248 1 0 1706814315
WALL 21196248 1 0 1706814316
slurmstepd: error: *** JOB 21196248 ON nid200141 CANCELLED AT 2024-02-01T19:05:17 DUE TO PREEMPTION ***
received SIGTERM 1706814317
WALL 21196248 1 0 1706814317
received SIGCONT 1706814317
WALL 21196248 1 0 1706814317
received SIGTERM 1706814317
WALL 21196248 1 0 1706814317
