WALL 21150668 1 0 1706738988
WALL 21150668 1 0 1706738989
WALL 21150668 1 0 1706738990
WALL 21150668 1 0 1706738991
WALL 21150668 1 0 1706738992
WALL 21150668 1 0 1706738993
WALL 21150668 1 0 1706738994
WALL 21150668 1 0 1706738995
WALL 21150668 1 0 1706738996
WALL 21150668 1 0 1706738997
WALL 21150668 1 0 1706738998
WALL 21150668 1 0 1706738999
WALL 21150668 1 0 1706739000
WALL 21150668 1 0 1706739001
WALL 21150668 1 0 1706739002
WALL 21150668 1 0 1706739003
WALL 21150668 1 0 1706739004
WALL 21150668 1 0 1706739005
WALL 21150668 1 0 1706739006
WALL 21150668 1 0 1706739007
WALL 21150668 1 0 1706739008
WALL 21150668 1 0 1706739009
WALL 21150668 1 0 1706739010
WALL 21150668 1 0 1706739011
WALL 21150668 1 0 1706739012
WALL 21150668 1 0 1706739013
WALL 21150668 1 0 1706739014
WALL 21150668 1 0 1706739015
WALL 21150668 1 0 1706739016
WALL 21150668 1 0 1706739017
WALL 21150668 1 0 1706739018
WALL 21150668 1 0 1706739019
WALL 21150668 1 0 1706739020
WALL 21150668 1 0 1706739021
WALL 21150668 1 0 1706739022
WALL 21150668 1 0 1706739023
WALL 21150668 1 0 1706739024
WALL 21150668 1 0 1706739025
WALL 21150668 1 0 1706739026
WALL 21150668 1 0 1706739027
WALL 21150668 1 0 1706739028
WALL 21150668 1 0 1706739029
WALL 21150668 1 0 1706739030
WALL 21150668 1 0 1706739031
WALL 21150668 1 0 1706739032
WALL 21150668 1 0 1706739033
WALL 21150668 1 0 1706739034
WALL 21150668 1 0 1706739035
WALL 21150668 1 0 1706739036
WALL 21150668 1 0 1706739037
WALL 21150668 1 0 1706739038
WALL 21150668 1 0 1706739039
WALL 21150668 1 0 1706739040
WALL 21150668 1 0 1706739041
WALL 21150668 1 0 1706739042
WALL 21150668 1 0 1706739043
WALL 21150668 1 0 1706739044
WALL 21150668 1 0 1706739045
WALL 21150668 1 0 1706739046
WALL 21150668 1 0 1706739047
WALL 21150668 1 0 1706739048
WALL 21150668 1 0 1706739049
WALL 21150668 1 0 1706739050
WALL 21150668 1 0 1706739051
WALL 21150668 1 0 1706739052
WALL 21150668 1 0 1706739053
WALL 21150668 1 0 1706739054
WALL 21150668 1 0 1706739055
WALL 21150668 1 0 1706739056
WALL 21150668 1 0 1706739057
WALL 21150668 1 0 1706739058
WALL 21150668 1 0 1706739059
WALL 21150668 1 0 1706739060
WALL 21150668 1 0 1706739061
WALL 21150668 1 0 1706739062
WALL 21150668 1 0 1706739063
WALL 21150668 1 0 1706739064
WALL 21150668 1 0 1706739065
WALL 21150668 1 0 1706739066
WALL 21150668 1 0 1706739067
WALL 21150668 1 0 1706739068
WALL 21150668 1 0 1706739069
WALL 21150668 1 0 1706739070
WALL 21150668 1 0 1706739071
WALL 21150668 1 0 1706739072
WALL 21150668 1 0 1706739073
WALL 21150668 1 0 1706739074
WALL 21150668 1 0 1706739075
WALL 21150668 1 0 1706739076
WALL 21150668 1 0 1706739077
WALL 21150668 1 0 1706739078
WALL 21150668 1 0 1706739079
WALL 21150668 1 0 1706739080
WALL 21150668 1 0 1706739081
WALL 21150668 1 0 1706739082
WALL 21150668 1 0 1706739083
WALL 21150668 1 0 1706739084
WALL 21150668 1 0 1706739085
WALL 21150668 1 0 1706739086
WALL 21150668 1 0 1706739087
WALL 21150668 1 0 1706739088
WALL 21150668 1 0 1706739089
WALL 21150668 1 0 1706739090
WALL 21150668 1 0 1706739091
WALL 21150668 1 0 1706739092
WALL 21150668 1 0 1706739093
WALL 21150668 1 0 1706739094
WALL 21150668 1 0 1706739095
WALL 21150668 1 0 1706739096
WALL 21150668 1 0 1706739097
WALL 21150668 1 0 1706739098
WALL 21150668 1 0 1706739099
WALL 21150668 1 0 1706739100
WALL 21150668 1 0 1706739101
WALL 21150668 1 0 1706739102
WALL 21150668 1 0 1706739103
WALL 21150668 1 0 1706739104
WALL 21150668 1 0 1706739105
WALL 21150668 1 0 1706739106
WALL 21150668 1 0 1706739107
WALL 21150668 1 0 1706739108
WALL 21150668 1 0 1706739109
WALL 21150668 1 0 1706739110
WALL 21150668 1 0 1706739111
WALL 21150668 1 0 1706739112
WALL 21150668 1 0 1706739113
WALL 21150668 1 0 1706739114
WALL 21150668 1 0 1706739115
WALL 21150668 1 0 1706739116
WALL 21150668 1 0 1706739117
WALL 21150668 1 0 1706739118
WALL 21150668 1 0 1706739119
WALL 21150668 1 0 1706739120
WALL 21150668 1 0 1706739121
WALL 21150668 1 0 1706739122
WALL 21150668 1 0 1706739123
WALL 21150668 1 0 1706739124
WALL 21150668 1 0 1706739125
WALL 21150668 1 0 1706739126
WALL 21150668 1 0 1706739127
WALL 21150668 1 0 1706739128
WALL 21150668 1 0 1706739129
WALL 21150668 1 0 1706739130
WALL 21150668 1 0 1706739131
WALL 21150668 1 0 1706739132
WALL 21150668 1 0 1706739133
WALL 21150668 1 0 1706739134
WALL 21150668 1 0 1706739135
WALL 21150668 1 0 1706739136
WALL 21150668 1 0 1706739137
WALL 21150668 1 0 1706739138
WALL 21150668 1 0 1706739139
WALL 21150668 1 0 1706739140
WALL 21150668 1 0 1706739141
WALL 21150668 1 0 1706739142
WALL 21150668 1 0 1706739143
WALL 21150668 1 0 1706739144
WALL 21150668 1 0 1706739145
WALL 21150668 1 0 1706739146
WALL 21150668 1 0 1706739147
WALL 21150668 1 0 1706739148
WALL 21150668 1 0 1706739149
WALL 21150668 1 0 1706739150
WALL 21150668 1 0 1706739151
WALL 21150668 1 0 1706739152
WALL 21150668 1 0 1706739153
WALL 21150668 1 0 1706739154
WALL 21150668 1 0 1706739155
WALL 21150668 1 0 1706739156
WALL 21150668 1 0 1706739157
WALL 21150668 1 0 1706739158
WALL 21150668 1 0 1706739159
WALL 21150668 1 0 1706739160
WALL 21150668 1 0 1706739161
WALL 21150668 1 0 1706739162
WALL 21150668 1 0 1706739163
WALL 21150668 1 0 1706739164
WALL 21150668 1 0 1706739165
WALL 21150668 1 0 1706739166
WALL 21150668 1 0 1706739167
WALL 21150668 1 0 1706739168
WALL 21150668 1 0 1706739169
WALL 21150668 1 0 1706739170
WALL 21150668 1 0 1706739171
WALL 21150668 1 0 1706739172
WALL 21150668 1 0 1706739173
WALL 21150668 1 0 1706739174
WALL 21150668 1 0 1706739175
WALL 21150668 1 0 1706739176
WALL 21150668 1 0 1706739177
WALL 21150668 1 0 1706739178
WALL 21150668 1 0 1706739179
WALL 21150668 1 0 1706739180
WALL 21150668 1 0 1706739181
WALL 21150668 1 0 1706739182
WALL 21150668 1 0 1706739183
WALL 21150668 1 0 1706739184
WALL 21150668 1 0 1706739185
WALL 21150668 1 0 1706739186
WALL 21150668 1 0 1706739187
WALL 21150668 1 0 1706739188
WALL 21150668 1 0 1706739189
WALL 21150668 1 0 1706739190
WALL 21150668 1 0 1706739191
WALL 21150668 1 0 1706739192
WALL 21150668 1 0 1706739193
WALL 21150668 1 0 1706739194
WALL 21150668 1 0 1706739195
WALL 21150668 1 0 1706739196
WALL 21150668 1 0 1706739197
WALL 21150668 1 0 1706739198
WALL 21150668 1 0 1706739199
WALL 21150668 1 0 1706739200
WALL 21150668 1 0 1706739201
WALL 21150668 1 0 1706739202
WALL 21150668 1 0 1706739203
WALL 21150668 1 0 1706739204
WALL 21150668 1 0 1706739205
WALL 21150668 1 0 1706739206
WALL 21150668 1 0 1706739207
WALL 21150668 1 0 1706739208
WALL 21150668 1 0 1706739209
WALL 21150668 1 0 1706739210
WALL 21150668 1 0 1706739211
WALL 21150668 1 0 1706739212
WALL 21150668 1 0 1706739213
WALL 21150668 1 0 1706739214
WALL 21150668 1 0 1706739215
WALL 21150668 1 0 1706739216
WALL 21150668 1 0 1706739217
WALL 21150668 1 0 1706739218
WALL 21150668 1 0 1706739219
WALL 21150668 1 0 1706739220
WALL 21150668 1 0 1706739221
WALL 21150668 1 0 1706739222
WALL 21150668 1 0 1706739223
WALL 21150668 1 0 1706739224
WALL 21150668 1 0 1706739225
WALL 21150668 1 0 1706739226
WALL 21150668 1 0 1706739227
WALL 21150668 1 0 1706739228
WALL 21150668 1 0 1706739229
WALL 21150668 1 0 1706739230
WALL 21150668 1 0 1706739231
WALL 21150668 1 0 1706739232
WALL 21150668 1 0 1706739233
WALL 21150668 1 0 1706739234
WALL 21150668 1 0 1706739235
WALL 21150668 1 0 1706739236
WALL 21150668 1 0 1706739237
WALL 21150668 1 0 1706739238
WALL 21150668 1 0 1706739239
WALL 21150668 1 0 1706739240
WALL 21150668 1 0 1706739241
WALL 21150668 1 0 1706739242
WALL 21150668 1 0 1706739243
WALL 21150668 1 0 1706739244
WALL 21150668 1 0 1706739245
WALL 21150668 1 0 1706739246
WALL 21150668 1 0 1706739247
WALL 21150668 1 0 1706739248
WALL 21150668 1 0 1706739249
WALL 21150668 1 0 1706739250
WALL 21150668 1 0 1706739251
WALL 21150668 1 0 1706739252
WALL 21150668 1 0 1706739253
WALL 21150668 1 0 1706739254
WALL 21150668 1 0 1706739255
WALL 21150668 1 0 1706739256
WALL 21150668 1 0 1706739257
WALL 21150668 1 0 1706739258
WALL 21150668 1 0 1706739259
WALL 21150668 1 0 1706739260
WALL 21150668 1 0 1706739261
WALL 21150668 1 0 1706739262
WALL 21150668 1 0 1706739263
WALL 21150668 1 0 1706739264
WALL 21150668 1 0 1706739265
WALL 21150668 1 0 1706739266
WALL 21150668 1 0 1706739267
WALL 21150668 1 0 1706739268
WALL 21150668 1 0 1706739269
WALL 21150668 1 0 1706739270
WALL 21150668 1 0 1706739271
WALL 21150668 1 0 1706739272
WALL 21150668 1 0 1706739273
WALL 21150668 1 0 1706739274
WALL 21150668 1 0 1706739275
WALL 21150668 1 0 1706739276
WALL 21150668 1 0 1706739277
WALL 21150668 1 0 1706739278
WALL 21150668 1 0 1706739279
WALL 21150668 1 0 1706739280
WALL 21150668 1 0 1706739281
WALL 21150668 1 0 1706739282
WALL 21150668 1 0 1706739283
WALL 21150668 1 0 1706739284
WALL 21150668 1 0 1706739285
WALL 21150668 1 0 1706739286
WALL 21150668 1 0 1706739287
WALL 21150668 1 0 1706739288
WALL 21150668 1 0 1706739289
WALL 21150668 1 0 1706739290
WALL 21150668 1 0 1706739291
WALL 21150668 1 0 1706739292
WALL 21150668 1 0 1706739293
WALL 21150668 1 0 1706739294
WALL 21150668 1 0 1706739295
WALL 21150668 1 0 1706739296
WALL 21150668 1 0 1706739297
WALL 21150668 1 0 1706739298
WALL 21150668 1 0 1706739299
WALL 21150668 1 0 1706739300
WALL 21150668 1 0 1706739301
WALL 21150668 1 0 1706739302
WALL 21150668 1 0 1706739303
WALL 21150668 1 0 1706739304
WALL 21150668 1 0 1706739305
WALL 21150668 1 0 1706739306
WALL 21150668 1 0 1706739307
WALL 21150668 1 0 1706739308
WALL 21150668 1 0 1706739309
WALL 21150668 1 0 1706739310
WALL 21150668 1 0 1706739311
WALL 21150668 1 0 1706739312
WALL 21150668 1 0 1706739313
WALL 21150668 1 0 1706739314
WALL 21150668 1 0 1706739315
WALL 21150668 1 0 1706739316
WALL 21150668 1 0 1706739317
WALL 21150668 1 0 1706739318
WALL 21150668 1 0 1706739319
WALL 21150668 1 0 1706739320
WALL 21150668 1 0 1706739321
WALL 21150668 1 0 1706739322
WALL 21150668 1 0 1706739323
WALL 21150668 1 0 1706739324
WALL 21150668 1 0 1706739325
WALL 21150668 1 0 1706739326
WALL 21150668 1 0 1706739327
WALL 21150668 1 0 1706739328
WALL 21150668 1 0 1706739329
WALL 21150668 1 0 1706739330
WALL 21150668 1 0 1706739331
WALL 21150668 1 0 1706739332
WALL 21150668 1 0 1706739333
WALL 21150668 1 0 1706739334
WALL 21150668 1 0 1706739335
WALL 21150668 1 0 1706739336
WALL 21150668 1 0 1706739337
WALL 21150668 1 0 1706739338
WALL 21150668 1 0 1706739339
WALL 21150668 1 0 1706739340
WALL 21150668 1 0 1706739341
WALL 21150668 1 0 1706739342
WALL 21150668 1 0 1706739343
WALL 21150668 1 0 1706739344
WALL 21150668 1 0 1706739345
WALL 21150668 1 0 1706739346
WALL 21150668 1 0 1706739347
WALL 21150668 1 0 1706739348
WALL 21150668 1 0 1706739349
WALL 21150668 1 0 1706739350
WALL 21150668 1 0 1706739351
WALL 21150668 1 0 1706739352
WALL 21150668 1 0 1706739353
WALL 21150668 1 0 1706739354
WALL 21150668 1 0 1706739355
WALL 21150668 1 0 1706739356
WALL 21150668 1 0 1706739357
WALL 21150668 1 0 1706739358
WALL 21150668 1 0 1706739359
WALL 21150668 1 0 1706739360
WALL 21150668 1 0 1706739361
WALL 21150668 1 0 1706739362
WALL 21150668 1 0 1706739363
WALL 21150668 1 0 1706739364
WALL 21150668 1 0 1706739365
WALL 21150668 1 0 1706739366
WALL 21150668 1 0 1706739367
WALL 21150668 1 0 1706739368
WALL 21150668 1 0 1706739369
WALL 21150668 1 0 1706739370
WALL 21150668 1 0 1706739371
WALL 21150668 1 0 1706739372
WALL 21150668 1 0 1706739373
WALL 21150668 1 0 1706739374
WALL 21150668 1 0 1706739375
WALL 21150668 1 0 1706739376
WALL 21150668 1 0 1706739377
WALL 21150668 1 0 1706739378
WALL 21150668 1 0 1706739379
WALL 21150668 1 0 1706739380
WALL 21150668 1 0 1706739381
WALL 21150668 1 0 1706739382
WALL 21150668 1 0 1706739383
WALL 21150668 1 0 1706739384
WALL 21150668 1 0 1706739385
WALL 21150668 1 0 1706739386
WALL 21150668 1 0 1706739387
WALL 21150668 1 0 1706739388
WALL 21150668 1 0 1706739389
WALL 21150668 1 0 1706739390
WALL 21150668 1 0 1706739391
WALL 21150668 1 0 1706739392
WALL 21150668 1 0 1706739393
WALL 21150668 1 0 1706739394
WALL 21150668 1 0 1706739395
WALL 21150668 1 0 1706739396
WALL 21150668 1 0 1706739397
WALL 21150668 1 0 1706739398
WALL 21150668 1 0 1706739399
WALL 21150668 1 0 1706739400
WALL 21150668 1 0 1706739401
WALL 21150668 1 0 1706739402
WALL 21150668 1 0 1706739403
WALL 21150668 1 0 1706739404
WALL 21150668 1 0 1706739405
WALL 21150668 1 0 1706739406
WALL 21150668 1 0 1706739407
WALL 21150668 1 0 1706739408
WALL 21150668 1 0 1706739409
WALL 21150668 1 0 1706739410
WALL 21150668 1 0 1706739411
WALL 21150668 1 0 1706739412
WALL 21150668 1 0 1706739413
WALL 21150668 1 0 1706739414
WALL 21150668 1 0 1706739415
WALL 21150668 1 0 1706739416
WALL 21150668 1 0 1706739417
WALL 21150668 1 0 1706739418
WALL 21150668 1 0 1706739419
WALL 21150668 1 0 1706739420
WALL 21150668 1 0 1706739421
WALL 21150668 1 0 1706739422
WALL 21150668 1 0 1706739423
WALL 21150668 1 0 1706739424
WALL 21150668 1 0 1706739425
WALL 21150668 1 0 1706739426
WALL 21150668 1 0 1706739427
WALL 21150668 1 0 1706739428
WALL 21150668 1 0 1706739429
WALL 21150668 1 0 1706739430
WALL 21150668 1 0 1706739431
WALL 21150668 1 0 1706739432
WALL 21150668 1 0 1706739433
WALL 21150668 1 0 1706739434
WALL 21150668 1 0 1706739435
WALL 21150668 1 0 1706739436
WALL 21150668 1 0 1706739437
WALL 21150668 1 0 1706739438
WALL 21150668 1 0 1706739439
WALL 21150668 1 0 1706739440
WALL 21150668 1 0 1706739441
WALL 21150668 1 0 1706739442
WALL 21150668 1 0 1706739443
WALL 21150668 1 0 1706739444
WALL 21150668 1 0 1706739445
WALL 21150668 1 0 1706739446
WALL 21150668 1 0 1706739447
WALL 21150668 1 0 1706739448
WALL 21150668 1 0 1706739449
WALL 21150668 1 0 1706739450
WALL 21150668 1 0 1706739451
WALL 21150668 1 0 1706739452
WALL 21150668 1 0 1706739453
WALL 21150668 1 0 1706739454
WALL 21150668 1 0 1706739455
WALL 21150668 1 0 1706739456
WALL 21150668 1 0 1706739457
WALL 21150668 1 0 1706739458
WALL 21150668 1 0 1706739459
WALL 21150668 1 0 1706739460
WALL 21150668 1 0 1706739461
WALL 21150668 1 0 1706739462
WALL 21150668 1 0 1706739463
WALL 21150668 1 0 1706739464
WALL 21150668 1 0 1706739465
WALL 21150668 1 0 1706739466
WALL 21150668 1 0 1706739467
WALL 21150668 1 0 1706739468
WALL 21150668 1 0 1706739469
WALL 21150668 1 0 1706739470
WALL 21150668 1 0 1706739471
WALL 21150668 1 0 1706739472
WALL 21150668 1 0 1706739473
WALL 21150668 1 0 1706739474
WALL 21150668 1 0 1706739475
WALL 21150668 1 0 1706739476
WALL 21150668 1 0 1706739477
WALL 21150668 1 0 1706739478
WALL 21150668 1 0 1706739479
WALL 21150668 1 0 1706739480
WALL 21150668 1 0 1706739481
WALL 21150668 1 0 1706739482
WALL 21150668 1 0 1706739483
WALL 21150668 1 0 1706739484
WALL 21150668 1 0 1706739485
WALL 21150668 1 0 1706739486
WALL 21150668 1 0 1706739487
WALL 21150668 1 0 1706739488
WALL 21150668 1 0 1706739489
WALL 21150668 1 0 1706739490
WALL 21150668 1 0 1706739491
WALL 21150668 1 0 1706739492
WALL 21150668 1 0 1706739493
WALL 21150668 1 0 1706739494
WALL 21150668 1 0 1706739495
WALL 21150668 1 0 1706739496
WALL 21150668 1 0 1706739497
WALL 21150668 1 0 1706739498
WALL 21150668 1 0 1706739499
WALL 21150668 1 0 1706739500
WALL 21150668 1 0 1706739501
WALL 21150668 1 0 1706739502
WALL 21150668 1 0 1706739503
WALL 21150668 1 0 1706739504
WALL 21150668 1 0 1706739505
WALL 21150668 1 0 1706739506
WALL 21150668 1 0 1706739507
WALL 21150668 1 0 1706739508
WALL 21150668 1 0 1706739509
WALL 21150668 1 0 1706739510
WALL 21150668 1 0 1706739511
WALL 21150668 1 0 1706739512
WALL 21150668 1 0 1706739513
WALL 21150668 1 0 1706739514
WALL 21150668 1 0 1706739515
WALL 21150668 1 0 1706739516
WALL 21150668 1 0 1706739517
WALL 21150668 1 0 1706739518
WALL 21150668 1 0 1706739519
WALL 21150668 1 0 1706739520
WALL 21150668 1 0 1706739521
WALL 21150668 1 0 1706739522
WALL 21150668 1 0 1706739523
WALL 21150668 1 0 1706739524
WALL 21150668 1 0 1706739525
WALL 21150668 1 0 1706739526
WALL 21150668 1 0 1706739527
WALL 21150668 1 0 1706739528
WALL 21150668 1 0 1706739529
WALL 21150668 1 0 1706739530
WALL 21150668 1 0 1706739531
WALL 21150668 1 0 1706739532
WALL 21150668 1 0 1706739533
WALL 21150668 1 0 1706739534
WALL 21150668 1 0 1706739535
WALL 21150668 1 0 1706739536
WALL 21150668 1 0 1706739537
WALL 21150668 1 0 1706739538
WALL 21150668 1 0 1706739539
WALL 21150668 1 0 1706739540
WALL 21150668 1 0 1706739541
WALL 21150668 1 0 1706739542
WALL 21150668 1 0 1706739543
WALL 21150668 1 0 1706739544
WALL 21150668 1 0 1706739545
WALL 21150668 1 0 1706739546
WALL 21150668 1 0 1706739547
WALL 21150668 1 0 1706739548
WALL 21150668 1 0 1706739549
WALL 21150668 1 0 1706739550
WALL 21150668 1 0 1706739551
WALL 21150668 1 0 1706739552
WALL 21150668 1 0 1706739553
WALL 21150668 1 0 1706739554
WALL 21150668 1 0 1706739555
WALL 21150668 1 0 1706739556
WALL 21150668 1 0 1706739557
WALL 21150668 1 0 1706739558
WALL 21150668 1 0 1706739559
WALL 21150668 1 0 1706739560
WALL 21150668 1 0 1706739561
WALL 21150668 1 0 1706739562
WALL 21150668 1 0 1706739563
WALL 21150668 1 0 1706739564
WALL 21150668 1 0 1706739565
WALL 21150668 1 0 1706739566
WALL 21150668 1 0 1706739567
WALL 21150668 1 0 1706739568
WALL 21150668 1 0 1706739569
WALL 21150668 1 0 1706739570
WALL 21150668 1 0 1706739571
WALL 21150668 1 0 1706739572
WALL 21150668 1 0 1706739573
WALL 21150668 1 0 1706739574
WALL 21150668 1 0 1706739575
WALL 21150668 1 0 1706739576
WALL 21150668 1 0 1706739577
WALL 21150668 1 0 1706739578
WALL 21150668 1 0 1706739579
WALL 21150668 1 0 1706739580
WALL 21150668 1 0 1706739581
WALL 21150668 1 0 1706739582
WALL 21150668 1 0 1706739583
WALL 21150668 1 0 1706739584
WALL 21150668 1 0 1706739585
WALL 21150668 1 0 1706739586
WALL 21150668 1 0 1706739587
WALL 21150668 1 0 1706739588
WALL 21150668 1 0 1706739589
WALL 21150668 1 0 1706739590
WALL 21150668 1 0 1706739591
WALL 21150668 1 0 1706739592
WALL 21150668 1 0 1706739593
WALL 21150668 1 0 1706739594
WALL 21150668 1 0 1706739595
WALL 21150668 1 0 1706739596
WALL 21150668 1 0 1706739597
WALL 21150668 1 0 1706739598
WALL 21150668 1 0 1706739599
WALL 21150668 1 0 1706739600
WALL 21150668 1 0 1706739601
WALL 21150668 1 0 1706739602
WALL 21150668 1 0 1706739603
WALL 21150668 1 0 1706739604
WALL 21150668 1 0 1706739605
WALL 21150668 1 0 1706739606
WALL 21150668 1 0 1706739607
WALL 21150668 1 0 1706739608
WALL 21150668 1 0 1706739609
WALL 21150668 1 0 1706739610
WALL 21150668 1 0 1706739611
WALL 21150668 1 0 1706739612
WALL 21150668 1 0 1706739613
WALL 21150668 1 0 1706739614
WALL 21150668 1 0 1706739615
WALL 21150668 1 0 1706739616
WALL 21150668 1 0 1706739617
WALL 21150668 1 0 1706739618
WALL 21150668 1 0 1706739619
WALL 21150668 1 0 1706739620
WALL 21150668 1 0 1706739621
WALL 21150668 1 0 1706739622
WALL 21150668 1 0 1706739623
WALL 21150668 1 0 1706739624
WALL 21150668 1 0 1706739625
WALL 21150668 1 0 1706739626
WALL 21150668 1 0 1706739627
WALL 21150668 1 0 1706739628
WALL 21150668 1 0 1706739629
WALL 21150668 1 0 1706739630
WALL 21150668 1 0 1706739631
WALL 21150668 1 0 1706739632
WALL 21150668 1 0 1706739633
WALL 21150668 1 0 1706739634
WALL 21150668 1 0 1706739635
WALL 21150668 1 0 1706739636
WALL 21150668 1 0 1706739637
WALL 21150668 1 0 1706739638
WALL 21150668 1 0 1706739639
WALL 21150668 1 0 1706739640
WALL 21150668 1 0 1706739641
WALL 21150668 1 0 1706739642
WALL 21150668 1 0 1706739643
WALL 21150668 1 0 1706739644
WALL 21150668 1 0 1706739645
WALL 21150668 1 0 1706739646
WALL 21150668 1 0 1706739647
WALL 21150668 1 0 1706739648
WALL 21150668 1 0 1706739649
WALL 21150668 1 0 1706739650
WALL 21150668 1 0 1706739651
WALL 21150668 1 0 1706739652
WALL 21150668 1 0 1706739653
WALL 21150668 1 0 1706739654
WALL 21150668 1 0 1706739655
WALL 21150668 1 0 1706739656
WALL 21150668 1 0 1706739657
WALL 21150668 1 0 1706739658
WALL 21150668 1 0 1706739659
WALL 21150668 1 0 1706739660
WALL 21150668 1 0 1706739661
WALL 21150668 1 0 1706739662
WALL 21150668 1 0 1706739663
WALL 21150668 1 0 1706739664
WALL 21150668 1 0 1706739665
WALL 21150668 1 0 1706739666
WALL 21150668 1 0 1706739667
WALL 21150668 1 0 1706739668
WALL 21150668 1 0 1706739669
WALL 21150668 1 0 1706739670
WALL 21150668 1 0 1706739671
WALL 21150668 1 0 1706739672
WALL 21150668 1 0 1706739673
WALL 21150668 1 0 1706739674
WALL 21150668 1 0 1706739675
WALL 21150668 1 0 1706739676
WALL 21150668 1 0 1706739677
WALL 21150668 1 0 1706739678
WALL 21150668 1 0 1706739679
WALL 21150668 1 0 1706739680
WALL 21150668 1 0 1706739681
WALL 21150668 1 0 1706739682
WALL 21150668 1 0 1706739683
WALL 21150668 1 0 1706739684
WALL 21150668 1 0 1706739685
WALL 21150668 1 0 1706739686
WALL 21150668 1 0 1706739687
WALL 21150668 1 0 1706739688
WALL 21150668 1 0 1706739689
WALL 21150668 1 0 1706739690
WALL 21150668 1 0 1706739691
WALL 21150668 1 0 1706739692
WALL 21150668 1 0 1706739693
WALL 21150668 1 0 1706739694
WALL 21150668 1 0 1706739695
WALL 21150668 1 0 1706739696
WALL 21150668 1 0 1706739697
WALL 21150668 1 0 1706739698
WALL 21150668 1 0 1706739699
WALL 21150668 1 0 1706739700
WALL 21150668 1 0 1706739701
WALL 21150668 1 0 1706739702
WALL 21150668 1 0 1706739703
WALL 21150668 1 0 1706739704
WALL 21150668 1 0 1706739705
WALL 21150668 1 0 1706739706
WALL 21150668 1 0 1706739707
WALL 21150668 1 0 1706739708
WALL 21150668 1 0 1706739709
WALL 21150668 1 0 1706739710
WALL 21150668 1 0 1706739711
WALL 21150668 1 0 1706739712
WALL 21150668 1 0 1706739713
WALL 21150668 1 0 1706739714
WALL 21150668 1 0 1706739715
WALL 21150668 1 0 1706739716
WALL 21150668 1 0 1706739717
WALL 21150668 1 0 1706739718
WALL 21150668 1 0 1706739719
WALL 21150668 1 0 1706739720
WALL 21150668 1 0 1706739721
WALL 21150668 1 0 1706739722
WALL 21150668 1 0 1706739723
WALL 21150668 1 0 1706739724
WALL 21150668 1 0 1706739725
WALL 21150668 1 0 1706739726
WALL 21150668 1 0 1706739727
WALL 21150668 1 0 1706739728
WALL 21150668 1 0 1706739729
WALL 21150668 1 0 1706739730
WALL 21150668 1 0 1706739731
WALL 21150668 1 0 1706739732
WALL 21150668 1 0 1706739733
WALL 21150668 1 0 1706739734
WALL 21150668 1 0 1706739735
WALL 21150668 1 0 1706739736
WALL 21150668 1 0 1706739737
WALL 21150668 1 0 1706739738
WALL 21150668 1 0 1706739739
WALL 21150668 1 0 1706739740
WALL 21150668 1 0 1706739741
WALL 21150668 1 0 1706739742
WALL 21150668 1 0 1706739743
WALL 21150668 1 0 1706739744
WALL 21150668 1 0 1706739745
WALL 21150668 1 0 1706739746
WALL 21150668 1 0 1706739747
WALL 21150668 1 0 1706739748
WALL 21150668 1 0 1706739749
WALL 21150668 1 0 1706739750
WALL 21150668 1 0 1706739751
WALL 21150668 1 0 1706739752
WALL 21150668 1 0 1706739753
WALL 21150668 1 0 1706739754
WALL 21150668 1 0 1706739755
WALL 21150668 1 0 1706739756
WALL 21150668 1 0 1706739757
WALL 21150668 1 0 1706739758
WALL 21150668 1 0 1706739759
WALL 21150668 1 0 1706739760
WALL 21150668 1 0 1706739761
WALL 21150668 1 0 1706739762
WALL 21150668 1 0 1706739763
WALL 21150668 1 0 1706739764
WALL 21150668 1 0 1706739765
WALL 21150668 1 0 1706739766
WALL 21150668 1 0 1706739767
WALL 21150668 1 0 1706739768
WALL 21150668 1 0 1706739769
WALL 21150668 1 0 1706739770
WALL 21150668 1 0 1706739771
WALL 21150668 1 0 1706739772
WALL 21150668 1 0 1706739773
WALL 21150668 1 0 1706739774
WALL 21150668 1 0 1706739775
WALL 21150668 1 0 1706739776
WALL 21150668 1 0 1706739777
WALL 21150668 1 0 1706739778
WALL 21150668 1 0 1706739779
WALL 21150668 1 0 1706739780
WALL 21150668 1 0 1706739781
WALL 21150668 1 0 1706739782
WALL 21150668 1 0 1706739783
WALL 21150668 1 0 1706739784
WALL 21150668 1 0 1706739785
WALL 21150668 1 0 1706739786
WALL 21150668 1 0 1706739787
WALL 21150668 1 0 1706739788
WALL 21150668 1 0 1706739789
WALL 21150668 1 0 1706739790
WALL 21150668 1 0 1706739791
WALL 21150668 1 0 1706739792
WALL 21150668 1 0 1706739793
WALL 21150668 1 0 1706739794
WALL 21150668 1 0 1706739795
WALL 21150668 1 0 1706739796
WALL 21150668 1 0 1706739797
WALL 21150668 1 0 1706739798
WALL 21150668 1 0 1706739799
WALL 21150668 1 0 1706739800
WALL 21150668 1 0 1706739801
WALL 21150668 1 0 1706739802
WALL 21150668 1 0 1706739803
WALL 21150668 1 0 1706739804
WALL 21150668 1 0 1706739805
WALL 21150668 1 0 1706739806
WALL 21150668 1 0 1706739807
WALL 21150668 1 0 1706739808
WALL 21150668 1 0 1706739809
WALL 21150668 1 0 1706739810
WALL 21150668 1 0 1706739811
WALL 21150668 1 0 1706739812
WALL 21150668 1 0 1706739813
WALL 21150668 1 0 1706739814
WALL 21150668 1 0 1706739815
WALL 21150668 1 0 1706739816
WALL 21150668 1 0 1706739817
WALL 21150668 1 0 1706739818
WALL 21150668 1 0 1706739819
WALL 21150668 1 0 1706739820
WALL 21150668 1 0 1706739821
WALL 21150668 1 0 1706739822
WALL 21150668 1 0 1706739823
WALL 21150668 1 0 1706739824
WALL 21150668 1 0 1706739825
WALL 21150668 1 0 1706739826
WALL 21150668 1 0 1706739827
WALL 21150668 1 0 1706739828
WALL 21150668 1 0 1706739829
WALL 21150668 1 0 1706739830
WALL 21150668 1 0 1706739831
WALL 21150668 1 0 1706739832
WALL 21150668 1 0 1706739833
WALL 21150668 1 0 1706739834
WALL 21150668 1 0 1706739835
WALL 21150668 1 0 1706739836
WALL 21150668 1 0 1706739837
WALL 21150668 1 0 1706739838
WALL 21150668 1 0 1706739839
WALL 21150668 1 0 1706739840
WALL 21150668 1 0 1706739841
WALL 21150668 1 0 1706739842
WALL 21150668 1 0 1706739843
WALL 21150668 1 0 1706739844
WALL 21150668 1 0 1706739845
WALL 21150668 1 0 1706739846
WALL 21150668 1 0 1706739847
WALL 21150668 1 0 1706739848
WALL 21150668 1 0 1706739849
WALL 21150668 1 0 1706739850
WALL 21150668 1 0 1706739851
WALL 21150668 1 0 1706739852
WALL 21150668 1 0 1706739853
WALL 21150668 1 0 1706739854
WALL 21150668 1 0 1706739855
WALL 21150668 1 0 1706739856
WALL 21150668 1 0 1706739857
WALL 21150668 1 0 1706739858
WALL 21150668 1 0 1706739859
WALL 21150668 1 0 1706739860
WALL 21150668 1 0 1706739861
WALL 21150668 1 0 1706739862
WALL 21150668 1 0 1706739863
WALL 21150668 1 0 1706739864
WALL 21150668 1 0 1706739865
WALL 21150668 1 0 1706739866
WALL 21150668 1 0 1706739867
WALL 21150668 1 0 1706739868
WALL 21150668 1 0 1706739869
WALL 21150668 1 0 1706739870
WALL 21150668 1 0 1706739871
WALL 21150668 1 0 1706739872
WALL 21150668 1 0 1706739873
WALL 21150668 1 0 1706739874
WALL 21150668 1 0 1706739875
WALL 21150668 1 0 1706739876
WALL 21150668 1 0 1706739877
WALL 21150668 1 0 1706739878
WALL 21150668 1 0 1706739879
WALL 21150668 1 0 1706739880
WALL 21150668 1 0 1706739881
WALL 21150668 1 0 1706739882
WALL 21150668 1 0 1706739883
WALL 21150668 1 0 1706739884
WALL 21150668 1 0 1706739885
WALL 21150668 1 0 1706739886
WALL 21150668 1 0 1706739887
WALL 21150668 1 0 1706739888
WALL 21150668 1 0 1706739889
WALL 21150668 1 0 1706739890
WALL 21150668 1 0 1706739891
WALL 21150668 1 0 1706739892
WALL 21150668 1 0 1706739893
WALL 21150668 1 0 1706739894
WALL 21150668 1 0 1706739895
WALL 21150668 1 0 1706739896
WALL 21150668 1 0 1706739897
WALL 21150668 1 0 1706739898
WALL 21150668 1 0 1706739899
WALL 21150668 1 0 1706739900
WALL 21150668 1 0 1706739901
WALL 21150668 1 0 1706739902
WALL 21150668 1 0 1706739903
WALL 21150668 1 0 1706739904
WALL 21150668 1 0 1706739905
WALL 21150668 1 0 1706739906
WALL 21150668 1 0 1706739907
WALL 21150668 1 0 1706739908
WALL 21150668 1 0 1706739909
WALL 21150668 1 0 1706739910
WALL 21150668 1 0 1706739911
WALL 21150668 1 0 1706739912
WALL 21150668 1 0 1706739913
WALL 21150668 1 0 1706739914
WALL 21150668 1 0 1706739915
WALL 21150668 1 0 1706739916
WALL 21150668 1 0 1706739917
WALL 21150668 1 0 1706739918
WALL 21150668 1 0 1706739919
WALL 21150668 1 0 1706739920
WALL 21150668 1 0 1706739921
WALL 21150668 1 0 1706739922
WALL 21150668 1 0 1706739923
WALL 21150668 1 0 1706739924
WALL 21150668 1 0 1706739925
WALL 21150668 1 0 1706739926
WALL 21150668 1 0 1706739927
WALL 21150668 1 0 1706739928
WALL 21150668 1 0 1706739929
WALL 21150668 1 0 1706739930
WALL 21150668 1 0 1706739931
WALL 21150668 1 0 1706739932
WALL 21150668 1 0 1706739933
WALL 21150668 1 0 1706739934
WALL 21150668 1 0 1706739935
WALL 21150668 1 0 1706739936
WALL 21150668 1 0 1706739937
WALL 21150668 1 0 1706739938
WALL 21150668 1 0 1706739939
WALL 21150668 1 0 1706739940
WALL 21150668 1 0 1706739941
WALL 21150668 1 0 1706739942
WALL 21150668 1 0 1706739943
WALL 21150668 1 0 1706739944
WALL 21150668 1 0 1706739945
WALL 21150668 1 0 1706739946
WALL 21150668 1 0 1706739947
WALL 21150668 1 0 1706739948
WALL 21150668 1 0 1706739949
WALL 21150668 1 0 1706739950
WALL 21150668 1 0 1706739951
WALL 21150668 1 0 1706739952
WALL 21150668 1 0 1706739953
WALL 21150668 1 0 1706739954
WALL 21150668 1 0 1706739955
WALL 21150668 1 0 1706739956
WALL 21150668 1 0 1706739957
WALL 21150668 1 0 1706739958
WALL 21150668 1 0 1706739959
WALL 21150668 1 0 1706739960
WALL 21150668 1 0 1706739961
WALL 21150668 1 0 1706739962
WALL 21150668 1 0 1706739963
WALL 21150668 1 0 1706739964
WALL 21150668 1 0 1706739965
WALL 21150668 1 0 1706739966
WALL 21150668 1 0 1706739967
WALL 21150668 1 0 1706739968
WALL 21150668 1 0 1706739969
WALL 21150668 1 0 1706739970
WALL 21150668 1 0 1706739971
WALL 21150668 1 0 1706739972
WALL 21150668 1 0 1706739973
WALL 21150668 1 0 1706739974
WALL 21150668 1 0 1706739975
WALL 21150668 1 0 1706739976
WALL 21150668 1 0 1706739977
WALL 21150668 1 0 1706739978
WALL 21150668 1 0 1706739979
WALL 21150668 1 0 1706739980
WALL 21150668 1 0 1706739981
WALL 21150668 1 0 1706739982
WALL 21150668 1 0 1706739983
WALL 21150668 1 0 1706739984
WALL 21150668 1 0 1706739985
WALL 21150668 1 0 1706739986
WALL 21150668 1 0 1706739987
WALL 21150668 1 0 1706739988
WALL 21150668 1 0 1706739989
WALL 21150668 1 0 1706739990
WALL 21150668 1 0 1706739991
WALL 21150668 1 0 1706739992
WALL 21150668 1 0 1706739993
WALL 21150668 1 0 1706739994
WALL 21150668 1 0 1706739995
WALL 21150668 1 0 1706739996
WALL 21150668 1 0 1706739997
WALL 21150668 1 0 1706739998
WALL 21150668 1 0 1706739999
WALL 21150668 1 0 1706740000
WALL 21150668 1 0 1706740001
WALL 21150668 1 0 1706740002
WALL 21150668 1 0 1706740003
WALL 21150668 1 0 1706740004
WALL 21150668 1 0 1706740005
WALL 21150668 1 0 1706740006
WALL 21150668 1 0 1706740007
WALL 21150668 1 0 1706740008
WALL 21150668 1 0 1706740009
WALL 21150668 1 0 1706740010
WALL 21150668 1 0 1706740011
WALL 21150668 1 0 1706740012
WALL 21150668 1 0 1706740013
WALL 21150668 1 0 1706740014
WALL 21150668 1 0 1706740015
WALL 21150668 1 0 1706740016
WALL 21150668 1 0 1706740017
WALL 21150668 1 0 1706740018
WALL 21150668 1 0 1706740019
WALL 21150668 1 0 1706740020
WALL 21150668 1 0 1706740021
WALL 21150668 1 0 1706740022
WALL 21150668 1 0 1706740023
WALL 21150668 1 0 1706740024
WALL 21150668 1 0 1706740025
WALL 21150668 1 0 1706740026
WALL 21150668 1 0 1706740027
WALL 21150668 1 0 1706740028
WALL 21150668 1 0 1706740029
received SIGCONT 1706740029
WALL 21150668 1 0 1706740029
slurmstepd: error: *** STEP 21150668.0 ON nid200209 CANCELLED AT 2024-01-31T22:27:09 ***
received SIGTERM 1706740029
WALL 21150668 1 0 1706740029
WALL 21150668 1 0 1706740030
WALL 21150668 1 0 1706740031
WALL 21150668 1 0 1706740032
WALL 21150668 1 0 1706740033
WALL 21150668 1 0 1706740034
WALL 21150668 1 0 1706740035
WALL 21150668 1 0 1706740036
WALL 21150668 1 0 1706740037
WALL 21150668 1 0 1706740038
WALL 21150668 1 0 1706740039
WALL 21150668 1 0 1706740040
WALL 21150668 1 0 1706740041
WALL 21150668 1 0 1706740042
WALL 21150668 1 0 1706740043
WALL 21150668 1 0 1706740044
WALL 21150668 1 0 1706740045
WALL 21150668 1 0 1706740046
WALL 21150668 1 0 1706740047
WALL 21150668 1 0 1706740048
WALL 21150668 1 0 1706740049
WALL 21150668 1 0 1706740050
WALL 21150668 1 0 1706740051
WALL 21150668 1 0 1706740052
WALL 21150668 1 0 1706740053
WALL 21150668 1 0 1706740054
WALL 21150668 1 0 1706740055
WALL 21150668 1 0 1706740056
WALL 21150668 1 0 1706740057
WALL 21150668 1 0 1706740058
WALL 21150668 1 0 1706740059
WALL 21150668 1 0 1706740060
WALL 21150668 1 0 1706740061
WALL 21150668 1 0 1706740062
WALL 21150668 1 0 1706740063
WALL 21150668 1 0 1706740064
WALL 21150668 1 0 1706740065
WALL 21150668 1 0 1706740066
WALL 21150668 1 0 1706740067
WALL 21150668 1 0 1706740068
WALL 21150668 1 0 1706740069
WALL 21150668 1 0 1706740070
WALL 21150668 1 0 1706740071
WALL 21150668 1 0 1706740072
WALL 21150668 1 0 1706740073
WALL 21150668 1 0 1706740074
WALL 21150668 1 0 1706740075
WALL 21150668 1 0 1706740076
WALL 21150668 1 0 1706740077
WALL 21150668 1 0 1706740078
WALL 21150668 1 0 1706740079
WALL 21150668 1 0 1706740080
WALL 21150668 1 0 1706740081
WALL 21150668 1 0 1706740082
WALL 21150668 1 0 1706740083
WALL 21150668 1 0 1706740084
WALL 21150668 1 0 1706740085
WALL 21150668 1 0 1706740086
WALL 21150668 1 0 1706740087
WALL 21150668 1 0 1706740088
WALL 21150668 1 0 1706740089
WALL 21150668 1 0 1706740090
WALL 21150668 1 0 1706740091
WALL 21150668 1 0 1706740092
WALL 21150668 1 0 1706740093
WALL 21150668 1 0 1706740094
WALL 21150668 1 0 1706740095
WALL 21150668 1 0 1706740096
WALL 21150668 1 0 1706740097
slurmstepd: error: *** JOB 21150668 ON nid200209 CANCELLED AT 2024-01-31T22:28:18 DUE TO PREEMPTION ***
received SIGTERM 1706740098
WALL 21150668 1 0 1706740098
received SIGCONT 1706740098
WALL 21150668 1 0 1706740098
received SIGTERM 1706740098
WALL 21150668 1 0 1706740098
