WALL 21208612 1 0 1706823355
WALL 21208612 1 0 1706823356
WALL 21208612 1 0 1706823357
WALL 21208612 1 0 1706823358
WALL 21208612 1 0 1706823359
WALL 21208612 1 0 1706823360
WALL 21208612 1 0 1706823361
WALL 21208612 1 0 1706823362
WALL 21208612 1 0 1706823363
WALL 21208612 1 0 1706823364
WALL 21208612 1 0 1706823365
WALL 21208612 1 0 1706823366
WALL 21208612 1 0 1706823367
WALL 21208612 1 0 1706823368
WALL 21208612 1 0 1706823369
WALL 21208612 1 0 1706823370
WALL 21208612 1 0 1706823371
WALL 21208612 1 0 1706823372
WALL 21208612 1 0 1706823373
WALL 21208612 1 0 1706823374
WALL 21208612 1 0 1706823375
WALL 21208612 1 0 1706823376
WALL 21208612 1 0 1706823377
WALL 21208612 1 0 1706823378
WALL 21208612 1 0 1706823379
WALL 21208612 1 0 1706823380
WALL 21208612 1 0 1706823381
WALL 21208612 1 0 1706823382
WALL 21208612 1 0 1706823383
WALL 21208612 1 0 1706823384
WALL 21208612 1 0 1706823385
WALL 21208612 1 0 1706823386
WALL 21208612 1 0 1706823387
WALL 21208612 1 0 1706823388
WALL 21208612 1 0 1706823389
WALL 21208612 1 0 1706823390
WALL 21208612 1 0 1706823391
WALL 21208612 1 0 1706823392
WALL 21208612 1 0 1706823393
WALL 21208612 1 0 1706823394
WALL 21208612 1 0 1706823395
slurmstepd: error: *** STEP 21208612.0 ON nid200026 CANCELLED AT 2024-02-01T21:36:36 ***
received SIGTERM 1706823396
WALL 21208612 1 0 1706823396
received SIGCONT 1706823396
WALL 21208612 1 0 1706823396
WALL 21208612 1 0 1706823397
WALL 21208612 1 0 1706823398
WALL 21208612 1 0 1706823399
WALL 21208612 1 0 1706823400
WALL 21208612 1 0 1706823401
WALL 21208612 1 0 1706823402
WALL 21208612 1 0 1706823403
WALL 21208612 1 0 1706823404
WALL 21208612 1 0 1706823405
WALL 21208612 1 0 1706823406
WALL 21208612 1 0 1706823407
WALL 21208612 1 0 1706823408
WALL 21208612 1 0 1706823409
WALL 21208612 1 0 1706823410
WALL 21208612 1 0 1706823411
WALL 21208612 1 0 1706823412
WALL 21208612 1 0 1706823413
WALL 21208612 1 0 1706823414
WALL 21208612 1 0 1706823415
WALL 21208612 1 0 1706823416
WALL 21208612 1 0 1706823417
WALL 21208612 1 0 1706823418
WALL 21208612 1 0 1706823419
WALL 21208612 1 0 1706823420
WALL 21208612 1 0 1706823421
WALL 21208612 1 0 1706823422
WALL 21208612 1 0 1706823423
WALL 21208612 1 0 1706823424
WALL 21208612 1 0 1706823425
WALL 21208612 1 0 1706823426
WALL 21208612 1 0 1706823427
WALL 21208612 1 0 1706823428
WALL 21208612 1 0 1706823429
WALL 21208612 1 0 1706823430
WALL 21208612 1 0 1706823431
WALL 21208612 1 0 1706823432
WALL 21208612 1 0 1706823433
WALL 21208612 1 0 1706823434
WALL 21208612 1 0 1706823435
WALL 21208612 1 0 1706823436
WALL 21208612 1 0 1706823437
WALL 21208612 1 0 1706823438
WALL 21208612 1 0 1706823439
WALL 21208612 1 0 1706823440
WALL 21208612 1 0 1706823441
WALL 21208612 1 0 1706823442
WALL 21208612 1 0 1706823443
WALL 21208612 1 0 1706823444
WALL 21208612 1 0 1706823445
WALL 21208612 1 0 1706823446
WALL 21208612 1 0 1706823447
WALL 21208612 1 0 1706823448
WALL 21208612 1 0 1706823449
WALL 21208612 1 0 1706823450
WALL 21208612 1 0 1706823451
WALL 21208612 1 0 1706823452
WALL 21208612 1 0 1706823453
WALL 21208612 1 0 1706823454
WALL 21208612 1 0 1706823455
WALL 21208612 1 0 1706823456
WALL 21208612 1 0 1706823457
WALL 21208612 1 0 1706823458
WALL 21208612 1 0 1706823459
WALL 21208612 1 0 1706823460
WALL 21208612 1 0 1706823461
WALL 21208612 1 0 1706823462
WALL 21208612 1 0 1706823463
WALL 21208612 1 0 1706823464
WALL 21208612 1 0 1706823465
WALL 21208612 1 0 1706823466
WALL 21208612 1 0 1706823467
WALL 21208612 1 0 1706823468
WALL 21208612 1 0 1706823469
WALL 21208612 1 0 1706823470
WALL 21208612 1 0 1706823471
WALL 21208612 1 0 1706823472
WALL 21208612 1 0 1706823473
WALL 21208612 1 0 1706823474
WALL 21208612 1 0 1706823475
WALL 21208612 1 0 1706823476
WALL 21208612 1 0 1706823477
WALL 21208612 1 0 1706823478
slurmstepd: error: *** JOB 21208612 ON nid200026 CANCELLED AT 2024-02-01T21:37:58 DUE TO PREEMPTION ***
received SIGTERM 1706823478
WALL 21208612 1 0 1706823478
received SIGCONT 1706823478
WALL 21208612 1 0 1706823478
received SIGTERM 1706823478
WALL 21208612 1 0 1706823478
