srun: warning: can't run 1 processes on 4 nodes, setting nnodes to 1
WALL 21248536 1 0 1706918765
WALL 21248536 1 0 1706918766
WALL 21248536 1 0 1706918767
WALL 21248536 1 0 1706918768
WALL 21248536 1 0 1706918769
WALL 21248536 1 0 1706918770
WALL 21248536 1 0 1706918771
WALL 21248536 1 0 1706918772
WALL 21248536 1 0 1706918773
WALL 21248536 1 0 1706918774
WALL 21248536 1 0 1706918775
WALL 21248536 1 0 1706918776
WALL 21248536 1 0 1706918777
WALL 21248536 1 0 1706918778
WALL 21248536 1 0 1706918779
WALL 21248536 1 0 1706918780
WALL 21248536 1 0 1706918781
WALL 21248536 1 0 1706918782
WALL 21248536 1 0 1706918783
WALL 21248536 1 0 1706918784
WALL 21248536 1 0 1706918785
WALL 21248536 1 0 1706918786
WALL 21248536 1 0 1706918787
WALL 21248536 1 0 1706918788
WALL 21248536 1 0 1706918789
WALL 21248536 1 0 1706918790
WALL 21248536 1 0 1706918791
WALL 21248536 1 0 1706918792
WALL 21248536 1 0 1706918793
WALL 21248536 1 0 1706918794
WALL 21248536 1 0 1706918795
WALL 21248536 1 0 1706918796
WALL 21248536 1 0 1706918797
WALL 21248536 1 0 1706918798
WALL 21248536 1 0 1706918799
WALL 21248536 1 0 1706918800
WALL 21248536 1 0 1706918801
WALL 21248536 1 0 1706918802
WALL 21248536 1 0 1706918803
WALL 21248536 1 0 1706918804
WALL 21248536 1 0 1706918805
WALL 21248536 1 0 1706918806
WALL 21248536 1 0 1706918807
WALL 21248536 1 0 1706918808
WALL 21248536 1 0 1706918809
WALL 21248536 1 0 1706918810
WALL 21248536 1 0 1706918811
WALL 21248536 1 0 1706918812
WALL 21248536 1 0 1706918813
WALL 21248536 1 0 1706918814
WALL 21248536 1 0 1706918815
WALL 21248536 1 0 1706918816
WALL 21248536 1 0 1706918817
WALL 21248536 1 0 1706918818
WALL 21248536 1 0 1706918819
WALL 21248536 1 0 1706918820
WALL 21248536 1 0 1706918821
WALL 21248536 1 0 1706918822
WALL 21248536 1 0 1706918823
WALL 21248536 1 0 1706918824
WALL 21248536 1 0 1706918825
WALL 21248536 1 0 1706918826
WALL 21248536 1 0 1706918827
WALL 21248536 1 0 1706918828
WALL 21248536 1 0 1706918829
WALL 21248536 1 0 1706918830
WALL 21248536 1 0 1706918831
WALL 21248536 1 0 1706918832
WALL 21248536 1 0 1706918833
WALL 21248536 1 0 1706918834
WALL 21248536 1 0 1706918835
WALL 21248536 1 0 1706918836
WALL 21248536 1 0 1706918837
WALL 21248536 1 0 1706918838
WALL 21248536 1 0 1706918839
WALL 21248536 1 0 1706918840
WALL 21248536 1 0 1706918841
WALL 21248536 1 0 1706918842
WALL 21248536 1 0 1706918843
WALL 21248536 1 0 1706918844
WALL 21248536 1 0 1706918845
WALL 21248536 1 0 1706918846
WALL 21248536 1 0 1706918847
WALL 21248536 1 0 1706918848
slurmstepd: error: *** STEP 21248536.0 ON nid200055 CANCELLED AT 2024-02-03T00:07:29 ***
received SIGTERM 1706918849
WALL 21248536 1 0 1706918849
received SIGCONT 1706918849
WALL 21248536 1 0 1706918849
WALL 21248536 1 0 1706918850
WALL 21248536 1 0 1706918851
WALL 21248536 1 0 1706918852
WALL 21248536 1 0 1706918853
WALL 21248536 1 0 1706918854
WALL 21248536 1 0 1706918855
WALL 21248536 1 0 1706918856
WALL 21248536 1 0 1706918857
WALL 21248536 1 0 1706918858
WALL 21248536 1 0 1706918859
WALL 21248536 1 0 1706918860
WALL 21248536 1 0 1706918861
WALL 21248536 1 0 1706918862
WALL 21248536 1 0 1706918863
WALL 21248536 1 0 1706918864
WALL 21248536 1 0 1706918865
WALL 21248536 1 0 1706918866
WALL 21248536 1 0 1706918867
WALL 21248536 1 0 1706918868
WALL 21248536 1 0 1706918869
WALL 21248536 1 0 1706918870
WALL 21248536 1 0 1706918871
WALL 21248536 1 0 1706918872
WALL 21248536 1 0 1706918873
WALL 21248536 1 0 1706918874
WALL 21248536 1 0 1706918875
WALL 21248536 1 0 1706918876
WALL 21248536 1 0 1706918877
WALL 21248536 1 0 1706918878
WALL 21248536 1 0 1706918879
WALL 21248536 1 0 1706918880
WALL 21248536 1 0 1706918881
WALL 21248536 1 0 1706918882
WALL 21248536 1 0 1706918883
WALL 21248536 1 0 1706918884
WALL 21248536 1 0 1706918885
WALL 21248536 1 0 1706918886
WALL 21248536 1 0 1706918887
WALL 21248536 1 0 1706918888
WALL 21248536 1 0 1706918889
WALL 21248536 1 0 1706918890
WALL 21248536 1 0 1706918891
WALL 21248536 1 0 1706918892
WALL 21248536 1 0 1706918893
WALL 21248536 1 0 1706918894
WALL 21248536 1 0 1706918895
WALL 21248536 1 0 1706918896
WALL 21248536 1 0 1706918897
WALL 21248536 1 0 1706918898
WALL 21248536 1 0 1706918899
WALL 21248536 1 0 1706918900
WALL 21248536 1 0 1706918901
WALL 21248536 1 0 1706918902
WALL 21248536 1 0 1706918903
WALL 21248536 1 0 1706918904
WALL 21248536 1 0 1706918905
WALL 21248536 1 0 1706918906
WALL 21248536 1 0 1706918907
WALL 21248536 1 0 1706918908
WALL 21248536 1 0 1706918909
WALL 21248536 1 0 1706918910
WALL 21248536 1 0 1706918911
WALL 21248536 1 0 1706918912
WALL 21248536 1 0 1706918913
WALL 21248536 1 0 1706918914
WALL 21248536 1 0 1706918915
WALL 21248536 1 0 1706918916
WALL 21248536 1 0 1706918917
WALL 21248536 1 0 1706918918
WALL 21248536 1 0 1706918919
WALL 21248536 1 0 1706918920
WALL 21248536 1 0 1706918921
WALL 21248536 1 0 1706918922
WALL 21248536 1 0 1706918923
WALL 21248536 1 0 1706918924
WALL 21248536 1 0 1706918925
WALL 21248536 1 0 1706918926
WALL 21248536 1 0 1706918927
WALL 21248536 1 0 1706918928
WALL 21248536 1 0 1706918929
WALL 21248536 1 0 1706918930
WALL 21248536 1 0 1706918931
WALL 21248536 1 0 1706918932
WALL 21248536 1 0 1706918933
WALL 21248536 1 0 1706918934
WALL 21248536 1 0 1706918935
WALL 21248536 1 0 1706918936
WALL 21248536 1 0 1706918937
WALL 21248536 1 0 1706918938
WALL 21248536 1 0 1706918939
WALL 21248536 1 0 1706918940
WALL 21248536 1 0 1706918941
WALL 21248536 1 0 1706918942
WALL 21248536 1 0 1706918943
WALL 21248536 1 0 1706918944
WALL 21248536 1 0 1706918945
WALL 21248536 1 0 1706918946
WALL 21248536 1 0 1706918947
WALL 21248536 1 0 1706918948
WALL 21248536 1 0 1706918949
WALL 21248536 1 0 1706918950
WALL 21248536 1 0 1706918951
WALL 21248536 1 0 1706918952
WALL 21248536 1 0 1706918953
WALL 21248536 1 0 1706918954
WALL 21248536 1 0 1706918955
WALL 21248536 1 0 1706918956
WALL 21248536 1 0 1706918957
WALL 21248536 1 0 1706918958
WALL 21248536 1 0 1706918959
WALL 21248536 1 0 1706918960
WALL 21248536 1 0 1706918961
WALL 21248536 1 0 1706918962
WALL 21248536 1 0 1706918963
WALL 21248536 1 0 1706918964
WALL 21248536 1 0 1706918965
WALL 21248536 1 0 1706918966
WALL 21248536 1 0 1706918967
WALL 21248536 1 0 1706918968
WALL 21248536 1 0 1706918969
WALL 21248536 1 0 1706918970
WALL 21248536 1 0 1706918971
WALL 21248536 1 0 1706918972
WALL 21248536 1 0 1706918973
WALL 21248536 1 0 1706918974
WALL 21248536 1 0 1706918975
WALL 21248536 1 0 1706918976
WALL 21248536 1 0 1706918977
WALL 21248536 1 0 1706918978
WALL 21248536 1 0 1706918979
WALL 21248536 1 0 1706918980
WALL 21248536 1 0 1706918981
WALL 21248536 1 0 1706918982
slurmstepd: error: *** JOB 21248536 ON nid200055 CANCELLED AT 2024-02-03T00:09:42 DUE TO PREEMPTION ***
received SIGTERM 1706918982
WALL 21248536 1 0 1706918982
received SIGCONT 1706918982
WALL 21248536 1 0 1706918982
received SIGTERM 1706918982
WALL 21248536 1 0 1706918982
