WALL 21149717 1 0 1706738030
WALL 21149717 1 0 1706738031
WALL 21149717 1 0 1706738032
WALL 21149717 1 0 1706738033
WALL 21149717 1 0 1706738034
WALL 21149717 1 0 1706738035
WALL 21149717 1 0 1706738036
WALL 21149717 1 0 1706738037
WALL 21149717 1 0 1706738038
WALL 21149717 1 0 1706738039
WALL 21149717 1 0 1706738040
WALL 21149717 1 0 1706738041
WALL 21149717 1 0 1706738042
WALL 21149717 1 0 1706738043
WALL 21149717 1 0 1706738044
WALL 21149717 1 0 1706738045
WALL 21149717 1 0 1706738046
WALL 21149717 1 0 1706738047
WALL 21149717 1 0 1706738048
WALL 21149717 1 0 1706738049
WALL 21149717 1 0 1706738050
WALL 21149717 1 0 1706738051
WALL 21149717 1 0 1706738052
WALL 21149717 1 0 1706738053
WALL 21149717 1 0 1706738054
WALL 21149717 1 0 1706738055
WALL 21149717 1 0 1706738056
WALL 21149717 1 0 1706738057
WALL 21149717 1 0 1706738058
WALL 21149717 1 0 1706738059
WALL 21149717 1 0 1706738060
WALL 21149717 1 0 1706738061
WALL 21149717 1 0 1706738062
WALL 21149717 1 0 1706738063
WALL 21149717 1 0 1706738064
WALL 21149717 1 0 1706738065
WALL 21149717 1 0 1706738066
WALL 21149717 1 0 1706738067
WALL 21149717 1 0 1706738068
WALL 21149717 1 0 1706738069
WALL 21149717 1 0 1706738070
WALL 21149717 1 0 1706738071
WALL 21149717 1 0 1706738072
WALL 21149717 1 0 1706738073
WALL 21149717 1 0 1706738074
WALL 21149717 1 0 1706738075
WALL 21149717 1 0 1706738076
WALL 21149717 1 0 1706738077
WALL 21149717 1 0 1706738078
WALL 21149717 1 0 1706738079
WALL 21149717 1 0 1706738080
WALL 21149717 1 0 1706738081
WALL 21149717 1 0 1706738082
WALL 21149717 1 0 1706738083
received SIGCONT 1706738083
WALL 21149717 1 0 1706738083
slurmstepd: error: *** STEP 21149717.0 ON nid200030 CANCELLED AT 2024-01-31T21:54:43 ***
received SIGTERM 1706738083
WALL 21149717 1 0 1706738083
WALL 21149717 1 0 1706738084
WALL 21149717 1 0 1706738085
WALL 21149717 1 0 1706738086
WALL 21149717 1 0 1706738087
WALL 21149717 1 0 1706738088
WALL 21149717 1 0 1706738089
WALL 21149717 1 0 1706738090
WALL 21149717 1 0 1706738091
WALL 21149717 1 0 1706738092
WALL 21149717 1 0 1706738093
WALL 21149717 1 0 1706738094
WALL 21149717 1 0 1706738095
WALL 21149717 1 0 1706738096
WALL 21149717 1 0 1706738097
WALL 21149717 1 0 1706738098
WALL 21149717 1 0 1706738099
WALL 21149717 1 0 1706738100
WALL 21149717 1 0 1706738101
WALL 21149717 1 0 1706738102
WALL 21149717 1 0 1706738103
WALL 21149717 1 0 1706738104
WALL 21149717 1 0 1706738105
WALL 21149717 1 0 1706738106
WALL 21149717 1 0 1706738107
WALL 21149717 1 0 1706738108
WALL 21149717 1 0 1706738109
WALL 21149717 1 0 1706738110
WALL 21149717 1 0 1706738111
WALL 21149717 1 0 1706738112
WALL 21149717 1 0 1706738113
WALL 21149717 1 0 1706738114
WALL 21149717 1 0 1706738115
WALL 21149717 1 0 1706738116
WALL 21149717 1 0 1706738117
WALL 21149717 1 0 1706738118
WALL 21149717 1 0 1706738119
WALL 21149717 1 0 1706738120
WALL 21149717 1 0 1706738121
WALL 21149717 1 0 1706738122
WALL 21149717 1 0 1706738123
WALL 21149717 1 0 1706738124
WALL 21149717 1 0 1706738125
WALL 21149717 1 0 1706738126
WALL 21149717 1 0 1706738127
WALL 21149717 1 0 1706738128
WALL 21149717 1 0 1706738129
WALL 21149717 1 0 1706738130
WALL 21149717 1 0 1706738131
WALL 21149717 1 0 1706738132
WALL 21149717 1 0 1706738133
WALL 21149717 1 0 1706738134
WALL 21149717 1 0 1706738135
WALL 21149717 1 0 1706738136
WALL 21149717 1 0 1706738137
WALL 21149717 1 0 1706738138
WALL 21149717 1 0 1706738139
WALL 21149717 1 0 1706738140
WALL 21149717 1 0 1706738141
WALL 21149717 1 0 1706738142
WALL 21149717 1 0 1706738143
WALL 21149717 1 0 1706738144
WALL 21149717 1 0 1706738145
WALL 21149717 1 0 1706738146
WALL 21149717 1 0 1706738147
WALL 21149717 1 0 1706738148
WALL 21149717 1 0 1706738149
WALL 21149717 1 0 1706738150
WALL 21149717 1 0 1706738151
WALL 21149717 1 0 1706738152
WALL 21149717 1 0 1706738153
WALL 21149717 1 0 1706738154
WALL 21149717 1 0 1706738155
WALL 21149717 1 0 1706738156
slurmstepd: error: *** JOB 21149717 ON nid200030 CANCELLED AT 2024-01-31T21:55:57 DUE TO PREEMPTION ***
received SIGTERM 1706738157
WALL 21149717 1 0 1706738157
received SIGCONT 1706738157
WALL 21149717 1 0 1706738157
received SIGTERM 1706738157
WALL 21149717 1 0 1706738157
