WALL 21151951 1 0 1706740111
WALL 21151951 1 0 1706740112
WALL 21151951 1 0 1706740113
WALL 21151951 1 0 1706740114
WALL 21151951 1 0 1706740115
WALL 21151951 1 0 1706740116
WALL 21151951 1 0 1706740117
WALL 21151951 1 0 1706740118
WALL 21151951 1 0 1706740119
WALL 21151951 1 0 1706740120
WALL 21151951 1 0 1706740121
WALL 21151951 1 0 1706740122
WALL 21151951 1 0 1706740123
WALL 21151951 1 0 1706740124
WALL 21151951 1 0 1706740125
WALL 21151951 1 0 1706740126
WALL 21151951 1 0 1706740127
WALL 21151951 1 0 1706740128
WALL 21151951 1 0 1706740129
WALL 21151951 1 0 1706740130
WALL 21151951 1 0 1706740131
WALL 21151951 1 0 1706740132
WALL 21151951 1 0 1706740133
WALL 21151951 1 0 1706740134
WALL 21151951 1 0 1706740135
WALL 21151951 1 0 1706740136
WALL 21151951 1 0 1706740137
WALL 21151951 1 0 1706740138
WALL 21151951 1 0 1706740139
WALL 21151951 1 0 1706740140
WALL 21151951 1 0 1706740141
WALL 21151951 1 0 1706740142
WALL 21151951 1 0 1706740143
WALL 21151951 1 0 1706740144
WALL 21151951 1 0 1706740145
WALL 21151951 1 0 1706740146
WALL 21151951 1 0 1706740147
WALL 21151951 1 0 1706740148
WALL 21151951 1 0 1706740149
WALL 21151951 1 0 1706740150
WALL 21151951 1 0 1706740151
WALL 21151951 1 0 1706740152
WALL 21151951 1 0 1706740153
WALL 21151951 1 0 1706740154
WALL 21151951 1 0 1706740155
WALL 21151951 1 0 1706740156
WALL 21151951 1 0 1706740157
WALL 21151951 1 0 1706740158
WALL 21151951 1 0 1706740159
WALL 21151951 1 0 1706740160
WALL 21151951 1 0 1706740161
WALL 21151951 1 0 1706740162
WALL 21151951 1 0 1706740163
WALL 21151951 1 0 1706740164
WALL 21151951 1 0 1706740165
WALL 21151951 1 0 1706740166
WALL 21151951 1 0 1706740167
WALL 21151951 1 0 1706740168
WALL 21151951 1 0 1706740169
WALL 21151951 1 0 1706740170
WALL 21151951 1 0 1706740171
WALL 21151951 1 0 1706740172
WALL 21151951 1 0 1706740173
WALL 21151951 1 0 1706740174
WALL 21151951 1 0 1706740175
WALL 21151951 1 0 1706740176
WALL 21151951 1 0 1706740177
WALL 21151951 1 0 1706740178
WALL 21151951 1 0 1706740179
WALL 21151951 1 0 1706740180
WALL 21151951 1 0 1706740181
WALL 21151951 1 0 1706740182
WALL 21151951 1 0 1706740183
WALL 21151951 1 0 1706740184
WALL 21151951 1 0 1706740185
WALL 21151951 1 0 1706740186
WALL 21151951 1 0 1706740187
WALL 21151951 1 0 1706740188
WALL 21151951 1 0 1706740189
WALL 21151951 1 0 1706740190
WALL 21151951 1 0 1706740191
WALL 21151951 1 0 1706740192
WALL 21151951 1 0 1706740193
WALL 21151951 1 0 1706740194
WALL 21151951 1 0 1706740195
WALL 21151951 1 0 1706740196
WALL 21151951 1 0 1706740197
WALL 21151951 1 0 1706740198
WALL 21151951 1 0 1706740199
WALL 21151951 1 0 1706740200
WALL 21151951 1 0 1706740201
WALL 21151951 1 0 1706740202
WALL 21151951 1 0 1706740203
WALL 21151951 1 0 1706740204
WALL 21151951 1 0 1706740205
WALL 21151951 1 0 1706740206
WALL 21151951 1 0 1706740207
WALL 21151951 1 0 1706740208
WALL 21151951 1 0 1706740209
WALL 21151951 1 0 1706740210
WALL 21151951 1 0 1706740211
WALL 21151951 1 0 1706740212
WALL 21151951 1 0 1706740213
WALL 21151951 1 0 1706740214
WALL 21151951 1 0 1706740215
WALL 21151951 1 0 1706740216
WALL 21151951 1 0 1706740217
WALL 21151951 1 0 1706740218
WALL 21151951 1 0 1706740219
WALL 21151951 1 0 1706740220
WALL 21151951 1 0 1706740221
WALL 21151951 1 0 1706740222
WALL 21151951 1 0 1706740223
WALL 21151951 1 0 1706740224
WALL 21151951 1 0 1706740225
WALL 21151951 1 0 1706740226
WALL 21151951 1 0 1706740227
WALL 21151951 1 0 1706740228
WALL 21151951 1 0 1706740229
WALL 21151951 1 0 1706740230
WALL 21151951 1 0 1706740231
WALL 21151951 1 0 1706740232
WALL 21151951 1 0 1706740233
WALL 21151951 1 0 1706740234
WALL 21151951 1 0 1706740235
WALL 21151951 1 0 1706740236
WALL 21151951 1 0 1706740237
WALL 21151951 1 0 1706740238
WALL 21151951 1 0 1706740239
WALL 21151951 1 0 1706740240
WALL 21151951 1 0 1706740241
WALL 21151951 1 0 1706740242
WALL 21151951 1 0 1706740243
WALL 21151951 1 0 1706740244
WALL 21151951 1 0 1706740245
WALL 21151951 1 0 1706740246
WALL 21151951 1 0 1706740247
WALL 21151951 1 0 1706740248
WALL 21151951 1 0 1706740249
WALL 21151951 1 0 1706740250
WALL 21151951 1 0 1706740251
WALL 21151951 1 0 1706740252
WALL 21151951 1 0 1706740253
WALL 21151951 1 0 1706740254
WALL 21151951 1 0 1706740255
WALL 21151951 1 0 1706740256
WALL 21151951 1 0 1706740257
WALL 21151951 1 0 1706740258
WALL 21151951 1 0 1706740259
WALL 21151951 1 0 1706740260
WALL 21151951 1 0 1706740261
WALL 21151951 1 0 1706740262
WALL 21151951 1 0 1706740263
WALL 21151951 1 0 1706740264
WALL 21151951 1 0 1706740265
WALL 21151951 1 0 1706740266
WALL 21151951 1 0 1706740267
WALL 21151951 1 0 1706740268
WALL 21151951 1 0 1706740269
WALL 21151951 1 0 1706740270
received SIGCONT 1706740270
WALL 21151951 1 0 1706740270
slurmstepd: error: *** STEP 21151951.0 ON nid200030 CANCELLED AT 2024-01-31T22:31:10 ***
received SIGTERM 1706740270
WALL 21151951 1 0 1706740270
WALL 21151951 1 0 1706740271
WALL 21151951 1 0 1706740272
WALL 21151951 1 0 1706740273
WALL 21151951 1 0 1706740274
WALL 21151951 1 0 1706740275
WALL 21151951 1 0 1706740276
WALL 21151951 1 0 1706740277
WALL 21151951 1 0 1706740278
WALL 21151951 1 0 1706740279
WALL 21151951 1 0 1706740280
WALL 21151951 1 0 1706740281
WALL 21151951 1 0 1706740282
WALL 21151951 1 0 1706740283
WALL 21151951 1 0 1706740284
WALL 21151951 1 0 1706740285
WALL 21151951 1 0 1706740286
WALL 21151951 1 0 1706740287
WALL 21151951 1 0 1706740288
WALL 21151951 1 0 1706740289
WALL 21151951 1 0 1706740290
WALL 21151951 1 0 1706740291
WALL 21151951 1 0 1706740292
WALL 21151951 1 0 1706740293
WALL 21151951 1 0 1706740294
WALL 21151951 1 0 1706740295
WALL 21151951 1 0 1706740296
WALL 21151951 1 0 1706740297
WALL 21151951 1 0 1706740298
WALL 21151951 1 0 1706740299
WALL 21151951 1 0 1706740300
WALL 21151951 1 0 1706740301
WALL 21151951 1 0 1706740302
WALL 21151951 1 0 1706740303
WALL 21151951 1 0 1706740304
WALL 21151951 1 0 1706740305
WALL 21151951 1 0 1706740306
WALL 21151951 1 0 1706740307
WALL 21151951 1 0 1706740308
WALL 21151951 1 0 1706740309
WALL 21151951 1 0 1706740310
WALL 21151951 1 0 1706740311
WALL 21151951 1 0 1706740312
WALL 21151951 1 0 1706740313
WALL 21151951 1 0 1706740314
WALL 21151951 1 0 1706740315
WALL 21151951 1 0 1706740316
WALL 21151951 1 0 1706740317
WALL 21151951 1 0 1706740318
WALL 21151951 1 0 1706740319
WALL 21151951 1 0 1706740320
WALL 21151951 1 0 1706740321
WALL 21151951 1 0 1706740322
WALL 21151951 1 0 1706740323
WALL 21151951 1 0 1706740324
WALL 21151951 1 0 1706740325
WALL 21151951 1 0 1706740326
WALL 21151951 1 0 1706740327
WALL 21151951 1 0 1706740328
WALL 21151951 1 0 1706740329
WALL 21151951 1 0 1706740330
WALL 21151951 1 0 1706740331
WALL 21151951 1 0 1706740332
WALL 21151951 1 0 1706740333
WALL 21151951 1 0 1706740334
WALL 21151951 1 0 1706740335
WALL 21151951 1 0 1706740336
WALL 21151951 1 0 1706740337
WALL 21151951 1 0 1706740338
WALL 21151951 1 0 1706740339
WALL 21151951 1 0 1706740340
WALL 21151951 1 0 1706740341
WALL 21151951 1 0 1706740342
WALL 21151951 1 0 1706740343
WALL 21151951 1 0 1706740344
WALL 21151951 1 0 1706740345
WALL 21151951 1 0 1706740346
WALL 21151951 1 0 1706740347
WALL 21151951 1 0 1706740348
WALL 21151951 1 0 1706740349
WALL 21151951 1 0 1706740350
WALL 21151951 1 0 1706740351
WALL 21151951 1 0 1706740352
WALL 21151951 1 0 1706740353
WALL 21151951 1 0 1706740354
WALL 21151951 1 0 1706740355
WALL 21151951 1 0 1706740356
WALL 21151951 1 0 1706740357
WALL 21151951 1 0 1706740358
slurmstepd: error: *** JOB 21151951 ON nid200030 CANCELLED AT 2024-01-31T22:32:39 DUE TO PREEMPTION ***
received SIGTERM 1706740359
WALL 21151951 1 0 1706740359
received SIGCONT 1706740359
WALL 21151951 1 0 1706740359
received SIGTERM 1706740359
WALL 21151951 1 0 1706740359
