srun: warning: can't run 1 processes on 8 nodes, setting nnodes to 1
WALL 21207750 1 0 1706821649
WALL 21207750 1 0 1706821650
WALL 21207750 1 0 1706821651
WALL 21207750 1 0 1706821652
WALL 21207750 1 0 1706821653
WALL 21207750 1 0 1706821654
WALL 21207750 1 0 1706821655
WALL 21207750 1 0 1706821656
WALL 21207750 1 0 1706821657
WALL 21207750 1 0 1706821658
WALL 21207750 1 0 1706821659
WALL 21207750 1 0 1706821660
WALL 21207750 1 0 1706821661
WALL 21207750 1 0 1706821662
WALL 21207750 1 0 1706821663
WALL 21207750 1 0 1706821664
WALL 21207750 1 0 1706821665
WALL 21207750 1 0 1706821666
WALL 21207750 1 0 1706821667
WALL 21207750 1 0 1706821668
WALL 21207750 1 0 1706821669
WALL 21207750 1 0 1706821670
WALL 21207750 1 0 1706821671
WALL 21207750 1 0 1706821672
WALL 21207750 1 0 1706821673
WALL 21207750 1 0 1706821674
WALL 21207750 1 0 1706821675
WALL 21207750 1 0 1706821676
WALL 21207750 1 0 1706821677
WALL 21207750 1 0 1706821678
WALL 21207750 1 0 1706821679
WALL 21207750 1 0 1706821680
WALL 21207750 1 0 1706821681
WALL 21207750 1 0 1706821682
WALL 21207750 1 0 1706821683
WALL 21207750 1 0 1706821684
WALL 21207750 1 0 1706821685
WALL 21207750 1 0 1706821686
WALL 21207750 1 0 1706821687
WALL 21207750 1 0 1706821688
WALL 21207750 1 0 1706821689
WALL 21207750 1 0 1706821690
WALL 21207750 1 0 1706821691
WALL 21207750 1 0 1706821692
WALL 21207750 1 0 1706821693
WALL 21207750 1 0 1706821694
WALL 21207750 1 0 1706821695
WALL 21207750 1 0 1706821696
WALL 21207750 1 0 1706821697
WALL 21207750 1 0 1706821698
WALL 21207750 1 0 1706821699
WALL 21207750 1 0 1706821700
WALL 21207750 1 0 1706821701
WALL 21207750 1 0 1706821702
WALL 21207750 1 0 1706821703
WALL 21207750 1 0 1706821704
WALL 21207750 1 0 1706821705
WALL 21207750 1 0 1706821706
WALL 21207750 1 0 1706821707
WALL 21207750 1 0 1706821708
WALL 21207750 1 0 1706821709
WALL 21207750 1 0 1706821710
WALL 21207750 1 0 1706821711
WALL 21207750 1 0 1706821712
WALL 21207750 1 0 1706821713
WALL 21207750 1 0 1706821714
WALL 21207750 1 0 1706821715
WALL 21207750 1 0 1706821716
WALL 21207750 1 0 1706821717
WALL 21207750 1 0 1706821718
WALL 21207750 1 0 1706821719
WALL 21207750 1 0 1706821720
WALL 21207750 1 0 1706821721
WALL 21207750 1 0 1706821722
WALL 21207750 1 0 1706821723
WALL 21207750 1 0 1706821724
WALL 21207750 1 0 1706821725
WALL 21207750 1 0 1706821726
WALL 21207750 1 0 1706821727
WALL 21207750 1 0 1706821728
WALL 21207750 1 0 1706821729
WALL 21207750 1 0 1706821730
WALL 21207750 1 0 1706821731
WALL 21207750 1 0 1706821732
WALL 21207750 1 0 1706821733
WALL 21207750 1 0 1706821734
WALL 21207750 1 0 1706821735
WALL 21207750 1 0 1706821736
WALL 21207750 1 0 1706821737
WALL 21207750 1 0 1706821738
WALL 21207750 1 0 1706821739
WALL 21207750 1 0 1706821740
WALL 21207750 1 0 1706821741
WALL 21207750 1 0 1706821742
WALL 21207750 1 0 1706821743
WALL 21207750 1 0 1706821744
WALL 21207750 1 0 1706821745
WALL 21207750 1 0 1706821746
WALL 21207750 1 0 1706821747
WALL 21207750 1 0 1706821748
WALL 21207750 1 0 1706821749
WALL 21207750 1 0 1706821750
WALL 21207750 1 0 1706821751
WALL 21207750 1 0 1706821752
WALL 21207750 1 0 1706821753
WALL 21207750 1 0 1706821754
WALL 21207750 1 0 1706821755
WALL 21207750 1 0 1706821756
WALL 21207750 1 0 1706821757
WALL 21207750 1 0 1706821758
WALL 21207750 1 0 1706821759
WALL 21207750 1 0 1706821760
WALL 21207750 1 0 1706821761
WALL 21207750 1 0 1706821762
WALL 21207750 1 0 1706821763
WALL 21207750 1 0 1706821764
WALL 21207750 1 0 1706821765
WALL 21207750 1 0 1706821766
WALL 21207750 1 0 1706821767
WALL 21207750 1 0 1706821768
WALL 21207750 1 0 1706821769
WALL 21207750 1 0 1706821770
WALL 21207750 1 0 1706821771
WALL 21207750 1 0 1706821772
WALL 21207750 1 0 1706821773
WALL 21207750 1 0 1706821774
WALL 21207750 1 0 1706821775
WALL 21207750 1 0 1706821776
WALL 21207750 1 0 1706821777
WALL 21207750 1 0 1706821778
WALL 21207750 1 0 1706821779
WALL 21207750 1 0 1706821780
WALL 21207750 1 0 1706821781
WALL 21207750 1 0 1706821782
WALL 21207750 1 0 1706821783
WALL 21207750 1 0 1706821784
WALL 21207750 1 0 1706821785
WALL 21207750 1 0 1706821786
WALL 21207750 1 0 1706821787
WALL 21207750 1 0 1706821788
WALL 21207750 1 0 1706821789
WALL 21207750 1 0 1706821790
WALL 21207750 1 0 1706821791
WALL 21207750 1 0 1706821792
WALL 21207750 1 0 1706821793
WALL 21207750 1 0 1706821794
WALL 21207750 1 0 1706821795
WALL 21207750 1 0 1706821796
WALL 21207750 1 0 1706821797
WALL 21207750 1 0 1706821798
WALL 21207750 1 0 1706821799
WALL 21207750 1 0 1706821800
WALL 21207750 1 0 1706821801
WALL 21207750 1 0 1706821802
WALL 21207750 1 0 1706821803
WALL 21207750 1 0 1706821804
WALL 21207750 1 0 1706821805
WALL 21207750 1 0 1706821806
WALL 21207750 1 0 1706821807
WALL 21207750 1 0 1706821808
WALL 21207750 1 0 1706821809
WALL 21207750 1 0 1706821810
WALL 21207750 1 0 1706821811
WALL 21207750 1 0 1706821812
WALL 21207750 1 0 1706821813
WALL 21207750 1 0 1706821814
WALL 21207750 1 0 1706821815
WALL 21207750 1 0 1706821816
WALL 21207750 1 0 1706821817
WALL 21207750 1 0 1706821818
WALL 21207750 1 0 1706821819
WALL 21207750 1 0 1706821820
WALL 21207750 1 0 1706821821
WALL 21207750 1 0 1706821822
WALL 21207750 1 0 1706821823
WALL 21207750 1 0 1706821824
WALL 21207750 1 0 1706821825
WALL 21207750 1 0 1706821826
WALL 21207750 1 0 1706821827
WALL 21207750 1 0 1706821828
WALL 21207750 1 0 1706821829
WALL 21207750 1 0 1706821830
WALL 21207750 1 0 1706821831
WALL 21207750 1 0 1706821832
WALL 21207750 1 0 1706821833
WALL 21207750 1 0 1706821834
WALL 21207750 1 0 1706821835
WALL 21207750 1 0 1706821836
WALL 21207750 1 0 1706821837
WALL 21207750 1 0 1706821838
WALL 21207750 1 0 1706821839
WALL 21207750 1 0 1706821840
WALL 21207750 1 0 1706821841
WALL 21207750 1 0 1706821842
WALL 21207750 1 0 1706821843
WALL 21207750 1 0 1706821844
WALL 21207750 1 0 1706821845
WALL 21207750 1 0 1706821846
WALL 21207750 1 0 1706821847
WALL 21207750 1 0 1706821848
WALL 21207750 1 0 1706821849
WALL 21207750 1 0 1706821850
WALL 21207750 1 0 1706821851
WALL 21207750 1 0 1706821852
WALL 21207750 1 0 1706821853
WALL 21207750 1 0 1706821854
WALL 21207750 1 0 1706821855
WALL 21207750 1 0 1706821856
WALL 21207750 1 0 1706821857
WALL 21207750 1 0 1706821858
WALL 21207750 1 0 1706821859
WALL 21207750 1 0 1706821860
WALL 21207750 1 0 1706821861
WALL 21207750 1 0 1706821862
WALL 21207750 1 0 1706821863
WALL 21207750 1 0 1706821864
WALL 21207750 1 0 1706821865
WALL 21207750 1 0 1706821866
WALL 21207750 1 0 1706821867
WALL 21207750 1 0 1706821868
WALL 21207750 1 0 1706821869
WALL 21207750 1 0 1706821870
WALL 21207750 1 0 1706821871
WALL 21207750 1 0 1706821872
WALL 21207750 1 0 1706821873
WALL 21207750 1 0 1706821874
WALL 21207750 1 0 1706821875
WALL 21207750 1 0 1706821876
WALL 21207750 1 0 1706821877
WALL 21207750 1 0 1706821878
WALL 21207750 1 0 1706821879
WALL 21207750 1 0 1706821880
WALL 21207750 1 0 1706821881
WALL 21207750 1 0 1706821882
WALL 21207750 1 0 1706821883
WALL 21207750 1 0 1706821884
WALL 21207750 1 0 1706821885
WALL 21207750 1 0 1706821886
WALL 21207750 1 0 1706821887
WALL 21207750 1 0 1706821888
WALL 21207750 1 0 1706821889
WALL 21207750 1 0 1706821890
WALL 21207750 1 0 1706821891
WALL 21207750 1 0 1706821892
WALL 21207750 1 0 1706821893
WALL 21207750 1 0 1706821894
WALL 21207750 1 0 1706821895
WALL 21207750 1 0 1706821896
WALL 21207750 1 0 1706821897
WALL 21207750 1 0 1706821898
WALL 21207750 1 0 1706821899
WALL 21207750 1 0 1706821900
WALL 21207750 1 0 1706821901
WALL 21207750 1 0 1706821902
WALL 21207750 1 0 1706821903
WALL 21207750 1 0 1706821904
WALL 21207750 1 0 1706821905
WALL 21207750 1 0 1706821906
WALL 21207750 1 0 1706821907
WALL 21207750 1 0 1706821908
WALL 21207750 1 0 1706821909
WALL 21207750 1 0 1706821910
WALL 21207750 1 0 1706821911
WALL 21207750 1 0 1706821912
WALL 21207750 1 0 1706821913
WALL 21207750 1 0 1706821914
WALL 21207750 1 0 1706821915
WALL 21207750 1 0 1706821916
WALL 21207750 1 0 1706821917
WALL 21207750 1 0 1706821918
WALL 21207750 1 0 1706821919
WALL 21207750 1 0 1706821920
WALL 21207750 1 0 1706821921
WALL 21207750 1 0 1706821922
WALL 21207750 1 0 1706821923
WALL 21207750 1 0 1706821924
WALL 21207750 1 0 1706821925
WALL 21207750 1 0 1706821926
WALL 21207750 1 0 1706821927
WALL 21207750 1 0 1706821928
WALL 21207750 1 0 1706821929
WALL 21207750 1 0 1706821930
WALL 21207750 1 0 1706821931
WALL 21207750 1 0 1706821932
WALL 21207750 1 0 1706821933
WALL 21207750 1 0 1706821934
slurmstepd: error: *** STEP 21207750.0 ON nid200007 CANCELLED AT 2024-02-01T21:12:14 ***
received SIGTERM 1706821934
WALL 21207750 1 0 1706821934
received SIGCONT 1706821934
WALL 21207750 1 0 1706821934
WALL 21207750 1 0 1706821935
WALL 21207750 1 0 1706821936
WALL 21207750 1 0 1706821937
WALL 21207750 1 0 1706821938
WALL 21207750 1 0 1706821939
WALL 21207750 1 0 1706821940
WALL 21207750 1 0 1706821941
WALL 21207750 1 0 1706821942
WALL 21207750 1 0 1706821943
WALL 21207750 1 0 1706821944
WALL 21207750 1 0 1706821945
WALL 21207750 1 0 1706821946
WALL 21207750 1 0 1706821947
WALL 21207750 1 0 1706821948
WALL 21207750 1 0 1706821949
WALL 21207750 1 0 1706821950
WALL 21207750 1 0 1706821951
WALL 21207750 1 0 1706821952
WALL 21207750 1 0 1706821953
WALL 21207750 1 0 1706821954
WALL 21207750 1 0 1706821955
WALL 21207750 1 0 1706821956
WALL 21207750 1 0 1706821957
WALL 21207750 1 0 1706821958
WALL 21207750 1 0 1706821959
WALL 21207750 1 0 1706821960
WALL 21207750 1 0 1706821961
WALL 21207750 1 0 1706821962
WALL 21207750 1 0 1706821963
WALL 21207750 1 0 1706821964
WALL 21207750 1 0 1706821965
WALL 21207750 1 0 1706821966
WALL 21207750 1 0 1706821967
WALL 21207750 1 0 1706821968
WALL 21207750 1 0 1706821969
WALL 21207750 1 0 1706821970
WALL 21207750 1 0 1706821971
WALL 21207750 1 0 1706821972
WALL 21207750 1 0 1706821973
WALL 21207750 1 0 1706821974
WALL 21207750 1 0 1706821975
WALL 21207750 1 0 1706821976
WALL 21207750 1 0 1706821977
WALL 21207750 1 0 1706821978
WALL 21207750 1 0 1706821979
WALL 21207750 1 0 1706821980
WALL 21207750 1 0 1706821981
WALL 21207750 1 0 1706821982
WALL 21207750 1 0 1706821983
WALL 21207750 1 0 1706821984
WALL 21207750 1 0 1706821985
WALL 21207750 1 0 1706821986
WALL 21207750 1 0 1706821987
WALL 21207750 1 0 1706821988
WALL 21207750 1 0 1706821989
WALL 21207750 1 0 1706821990
WALL 21207750 1 0 1706821991
WALL 21207750 1 0 1706821992
WALL 21207750 1 0 1706821993
WALL 21207750 1 0 1706821994
WALL 21207750 1 0 1706821995
WALL 21207750 1 0 1706821996
WALL 21207750 1 0 1706821997
WALL 21207750 1 0 1706821998
WALL 21207750 1 0 1706821999
WALL 21207750 1 0 1706822000
WALL 21207750 1 0 1706822001
WALL 21207750 1 0 1706822002
WALL 21207750 1 0 1706822003
WALL 21207750 1 0 1706822004
WALL 21207750 1 0 1706822005
WALL 21207750 1 0 1706822006
WALL 21207750 1 0 1706822007
WALL 21207750 1 0 1706822008
slurmstepd: error: *** JOB 21207750 ON nid200007 CANCELLED AT 2024-02-01T21:13:29 DUE TO PREEMPTION ***
received SIGTERM 1706822009
WALL 21207750 1 0 1706822009
received SIGCONT 1706822009
WALL 21207750 1 0 1706822009
received SIGTERM 1706822009
WALL 21207750 1 0 1706822009
