srun: warning: can't run 1 processes on 4 nodes, setting nnodes to 1
WALL 21232222 1 0 1706901629
WALL 21232222 1 0 1706901630
WALL 21232222 1 0 1706901631
WALL 21232222 1 0 1706901632
WALL 21232222 1 0 1706901633
WALL 21232222 1 0 1706901634
WALL 21232222 1 0 1706901635
WALL 21232222 1 0 1706901636
WALL 21232222 1 0 1706901637
WALL 21232222 1 0 1706901638
WALL 21232222 1 0 1706901639
WALL 21232222 1 0 1706901640
WALL 21232222 1 0 1706901641
WALL 21232222 1 0 1706901642
WALL 21232222 1 0 1706901643
WALL 21232222 1 0 1706901644
WALL 21232222 1 0 1706901645
WALL 21232222 1 0 1706901646
WALL 21232222 1 0 1706901647
WALL 21232222 1 0 1706901648
WALL 21232222 1 0 1706901649
WALL 21232222 1 0 1706901650
WALL 21232222 1 0 1706901651
WALL 21232222 1 0 1706901652
WALL 21232222 1 0 1706901653
WALL 21232222 1 0 1706901654
WALL 21232222 1 0 1706901655
WALL 21232222 1 0 1706901656
WALL 21232222 1 0 1706901657
WALL 21232222 1 0 1706901658
WALL 21232222 1 0 1706901659
WALL 21232222 1 0 1706901660
WALL 21232222 1 0 1706901661
WALL 21232222 1 0 1706901662
WALL 21232222 1 0 1706901663
WALL 21232222 1 0 1706901664
WALL 21232222 1 0 1706901665
WALL 21232222 1 0 1706901666
WALL 21232222 1 0 1706901667
WALL 21232222 1 0 1706901668
WALL 21232222 1 0 1706901669
WALL 21232222 1 0 1706901670
WALL 21232222 1 0 1706901671
WALL 21232222 1 0 1706901672
WALL 21232222 1 0 1706901673
WALL 21232222 1 0 1706901674
WALL 21232222 1 0 1706901675
WALL 21232222 1 0 1706901676
WALL 21232222 1 0 1706901677
WALL 21232222 1 0 1706901678
WALL 21232222 1 0 1706901679
WALL 21232222 1 0 1706901680
WALL 21232222 1 0 1706901681
WALL 21232222 1 0 1706901682
WALL 21232222 1 0 1706901683
WALL 21232222 1 0 1706901684
WALL 21232222 1 0 1706901685
WALL 21232222 1 0 1706901686
WALL 21232222 1 0 1706901687
WALL 21232222 1 0 1706901688
WALL 21232222 1 0 1706901689
WALL 21232222 1 0 1706901690
WALL 21232222 1 0 1706901691
WALL 21232222 1 0 1706901692
WALL 21232222 1 0 1706901693
WALL 21232222 1 0 1706901694
WALL 21232222 1 0 1706901695
WALL 21232222 1 0 1706901696
WALL 21232222 1 0 1706901697
WALL 21232222 1 0 1706901698
WALL 21232222 1 0 1706901699
WALL 21232222 1 0 1706901700
WALL 21232222 1 0 1706901701
WALL 21232222 1 0 1706901702
WALL 21232222 1 0 1706901703
WALL 21232222 1 0 1706901704
WALL 21232222 1 0 1706901705
WALL 21232222 1 0 1706901706
WALL 21232222 1 0 1706901707
WALL 21232222 1 0 1706901708
WALL 21232222 1 0 1706901709
WALL 21232222 1 0 1706901710
WALL 21232222 1 0 1706901711
WALL 21232222 1 0 1706901712
WALL 21232222 1 0 1706901713
WALL 21232222 1 0 1706901714
WALL 21232222 1 0 1706901715
WALL 21232222 1 0 1706901716
WALL 21232222 1 0 1706901717
WALL 21232222 1 0 1706901718
WALL 21232222 1 0 1706901719
WALL 21232222 1 0 1706901720
WALL 21232222 1 0 1706901721
WALL 21232222 1 0 1706901722
WALL 21232222 1 0 1706901723
WALL 21232222 1 0 1706901724
WALL 21232222 1 0 1706901725
WALL 21232222 1 0 1706901726
WALL 21232222 1 0 1706901727
WALL 21232222 1 0 1706901728
WALL 21232222 1 0 1706901729
WALL 21232222 1 0 1706901730
WALL 21232222 1 0 1706901731
WALL 21232222 1 0 1706901732
WALL 21232222 1 0 1706901733
WALL 21232222 1 0 1706901734
WALL 21232222 1 0 1706901735
WALL 21232222 1 0 1706901736
WALL 21232222 1 0 1706901737
WALL 21232222 1 0 1706901738
WALL 21232222 1 0 1706901739
WALL 21232222 1 0 1706901740
WALL 21232222 1 0 1706901741
WALL 21232222 1 0 1706901742
WALL 21232222 1 0 1706901743
WALL 21232222 1 0 1706901744
WALL 21232222 1 0 1706901745
WALL 21232222 1 0 1706901746
WALL 21232222 1 0 1706901747
WALL 21232222 1 0 1706901748
WALL 21232222 1 0 1706901749
WALL 21232222 1 0 1706901750
WALL 21232222 1 0 1706901751
WALL 21232222 1 0 1706901752
WALL 21232222 1 0 1706901753
WALL 21232222 1 0 1706901754
WALL 21232222 1 0 1706901755
WALL 21232222 1 0 1706901756
WALL 21232222 1 0 1706901757
WALL 21232222 1 0 1706901758
WALL 21232222 1 0 1706901759
WALL 21232222 1 0 1706901760
WALL 21232222 1 0 1706901761
WALL 21232222 1 0 1706901762
WALL 21232222 1 0 1706901763
WALL 21232222 1 0 1706901764
WALL 21232222 1 0 1706901765
WALL 21232222 1 0 1706901766
WALL 21232222 1 0 1706901767
WALL 21232222 1 0 1706901768
WALL 21232222 1 0 1706901769
WALL 21232222 1 0 1706901770
WALL 21232222 1 0 1706901771
WALL 21232222 1 0 1706901772
WALL 21232222 1 0 1706901773
WALL 21232222 1 0 1706901774
WALL 21232222 1 0 1706901775
WALL 21232222 1 0 1706901776
WALL 21232222 1 0 1706901777
WALL 21232222 1 0 1706901778
WALL 21232222 1 0 1706901779
WALL 21232222 1 0 1706901780
WALL 21232222 1 0 1706901781
WALL 21232222 1 0 1706901782
WALL 21232222 1 0 1706901783
WALL 21232222 1 0 1706901784
WALL 21232222 1 0 1706901785
WALL 21232222 1 0 1706901786
WALL 21232222 1 0 1706901787
WALL 21232222 1 0 1706901788
WALL 21232222 1 0 1706901789
WALL 21232222 1 0 1706901790
WALL 21232222 1 0 1706901791
WALL 21232222 1 0 1706901792
WALL 21232222 1 0 1706901793
WALL 21232222 1 0 1706901794
WALL 21232222 1 0 1706901795
WALL 21232222 1 0 1706901796
WALL 21232222 1 0 1706901797
WALL 21232222 1 0 1706901798
WALL 21232222 1 0 1706901799
WALL 21232222 1 0 1706901800
WALL 21232222 1 0 1706901801
WALL 21232222 1 0 1706901802
WALL 21232222 1 0 1706901803
WALL 21232222 1 0 1706901804
WALL 21232222 1 0 1706901805
WALL 21232222 1 0 1706901806
WALL 21232222 1 0 1706901807
WALL 21232222 1 0 1706901808
WALL 21232222 1 0 1706901809
WALL 21232222 1 0 1706901810
WALL 21232222 1 0 1706901811
WALL 21232222 1 0 1706901812
WALL 21232222 1 0 1706901813
WALL 21232222 1 0 1706901814
WALL 21232222 1 0 1706901815
WALL 21232222 1 0 1706901816
WALL 21232222 1 0 1706901817
WALL 21232222 1 0 1706901818
WALL 21232222 1 0 1706901819
WALL 21232222 1 0 1706901820
WALL 21232222 1 0 1706901821
WALL 21232222 1 0 1706901822
WALL 21232222 1 0 1706901823
WALL 21232222 1 0 1706901824
WALL 21232222 1 0 1706901825
WALL 21232222 1 0 1706901826
WALL 21232222 1 0 1706901827
WALL 21232222 1 0 1706901828
WALL 21232222 1 0 1706901829
WALL 21232222 1 0 1706901830
WALL 21232222 1 0 1706901831
WALL 21232222 1 0 1706901832
WALL 21232222 1 0 1706901833
WALL 21232222 1 0 1706901834
WALL 21232222 1 0 1706901835
WALL 21232222 1 0 1706901836
WALL 21232222 1 0 1706901837
WALL 21232222 1 0 1706901838
WALL 21232222 1 0 1706901839
WALL 21232222 1 0 1706901840
WALL 21232222 1 0 1706901841
WALL 21232222 1 0 1706901842
WALL 21232222 1 0 1706901843
WALL 21232222 1 0 1706901844
WALL 21232222 1 0 1706901845
WALL 21232222 1 0 1706901846
WALL 21232222 1 0 1706901847
WALL 21232222 1 0 1706901848
WALL 21232222 1 0 1706901849
WALL 21232222 1 0 1706901850
WALL 21232222 1 0 1706901851
WALL 21232222 1 0 1706901852
WALL 21232222 1 0 1706901853
WALL 21232222 1 0 1706901854
WALL 21232222 1 0 1706901855
WALL 21232222 1 0 1706901856
WALL 21232222 1 0 1706901857
WALL 21232222 1 0 1706901858
WALL 21232222 1 0 1706901859
WALL 21232222 1 0 1706901860
WALL 21232222 1 0 1706901861
WALL 21232222 1 0 1706901862
WALL 21232222 1 0 1706901863
WALL 21232222 1 0 1706901864
WALL 21232222 1 0 1706901865
WALL 21232222 1 0 1706901866
WALL 21232222 1 0 1706901867
WALL 21232222 1 0 1706901868
WALL 21232222 1 0 1706901869
WALL 21232222 1 0 1706901870
WALL 21232222 1 0 1706901871
WALL 21232222 1 0 1706901872
WALL 21232222 1 0 1706901873
WALL 21232222 1 0 1706901874
WALL 21232222 1 0 1706901875
WALL 21232222 1 0 1706901876
WALL 21232222 1 0 1706901877
WALL 21232222 1 0 1706901878
WALL 21232222 1 0 1706901879
WALL 21232222 1 0 1706901880
WALL 21232222 1 0 1706901881
WALL 21232222 1 0 1706901882
WALL 21232222 1 0 1706901883
WALL 21232222 1 0 1706901884
WALL 21232222 1 0 1706901885
WALL 21232222 1 0 1706901886
WALL 21232222 1 0 1706901887
WALL 21232222 1 0 1706901888
WALL 21232222 1 0 1706901889
WALL 21232222 1 0 1706901890
WALL 21232222 1 0 1706901891
WALL 21232222 1 0 1706901892
WALL 21232222 1 0 1706901893
WALL 21232222 1 0 1706901894
WALL 21232222 1 0 1706901895
WALL 21232222 1 0 1706901896
WALL 21232222 1 0 1706901897
WALL 21232222 1 0 1706901898
WALL 21232222 1 0 1706901899
WALL 21232222 1 0 1706901900
slurmstepd: error: *** STEP 21232222.0 ON nid200000 CANCELLED AT 2024-02-02T19:25:01 ***
received SIGCONT 1706901901
WALL 21232222 1 0 1706901901
received SIGTERM 1706901901
WALL 21232222 1 0 1706901901
WALL 21232222 1 0 1706901902
WALL 21232222 1 0 1706901903
WALL 21232222 1 0 1706901904
WALL 21232222 1 0 1706901905
WALL 21232222 1 0 1706901906
WALL 21232222 1 0 1706901907
WALL 21232222 1 0 1706901908
WALL 21232222 1 0 1706901909
WALL 21232222 1 0 1706901910
WALL 21232222 1 0 1706901911
WALL 21232222 1 0 1706901912
WALL 21232222 1 0 1706901913
WALL 21232222 1 0 1706901914
WALL 21232222 1 0 1706901915
WALL 21232222 1 0 1706901916
WALL 21232222 1 0 1706901917
WALL 21232222 1 0 1706901918
WALL 21232222 1 0 1706901919
WALL 21232222 1 0 1706901920
WALL 21232222 1 0 1706901921
WALL 21232222 1 0 1706901922
WALL 21232222 1 0 1706901923
WALL 21232222 1 0 1706901924
WALL 21232222 1 0 1706901925
WALL 21232222 1 0 1706901926
WALL 21232222 1 0 1706901927
WALL 21232222 1 0 1706901928
WALL 21232222 1 0 1706901929
WALL 21232222 1 0 1706901930
WALL 21232222 1 0 1706901931
WALL 21232222 1 0 1706901932
WALL 21232222 1 0 1706901933
WALL 21232222 1 0 1706901934
WALL 21232222 1 0 1706901935
WALL 21232222 1 0 1706901936
WALL 21232222 1 0 1706901937
WALL 21232222 1 0 1706901938
WALL 21232222 1 0 1706901939
WALL 21232222 1 0 1706901940
WALL 21232222 1 0 1706901941
WALL 21232222 1 0 1706901942
WALL 21232222 1 0 1706901943
WALL 21232222 1 0 1706901944
WALL 21232222 1 0 1706901945
WALL 21232222 1 0 1706901946
WALL 21232222 1 0 1706901947
WALL 21232222 1 0 1706901948
WALL 21232222 1 0 1706901949
WALL 21232222 1 0 1706901950
WALL 21232222 1 0 1706901951
WALL 21232222 1 0 1706901952
WALL 21232222 1 0 1706901953
WALL 21232222 1 0 1706901954
WALL 21232222 1 0 1706901955
WALL 21232222 1 0 1706901956
WALL 21232222 1 0 1706901957
WALL 21232222 1 0 1706901958
WALL 21232222 1 0 1706901959
WALL 21232222 1 0 1706901960
WALL 21232222 1 0 1706901961
WALL 21232222 1 0 1706901962
WALL 21232222 1 0 1706901963
WALL 21232222 1 0 1706901964
WALL 21232222 1 0 1706901965
WALL 21232222 1 0 1706901966
WALL 21232222 1 0 1706901967
WALL 21232222 1 0 1706901968
WALL 21232222 1 0 1706901969
WALL 21232222 1 0 1706901970
WALL 21232222 1 0 1706901971
WALL 21232222 1 0 1706901972
WALL 21232222 1 0 1706901973
WALL 21232222 1 0 1706901974
WALL 21232222 1 0 1706901975
WALL 21232222 1 0 1706901976
WALL 21232222 1 0 1706901977
WALL 21232222 1 0 1706901978
WALL 21232222 1 0 1706901979
WALL 21232222 1 0 1706901980
WALL 21232222 1 0 1706901981
WALL 21232222 1 0 1706901982
WALL 21232222 1 0 1706901983
WALL 21232222 1 0 1706901984
WALL 21232222 1 0 1706901985
WALL 21232222 1 0 1706901986
WALL 21232222 1 0 1706901987
WALL 21232222 1 0 1706901988
WALL 21232222 1 0 1706901989
WALL 21232222 1 0 1706901990
WALL 21232222 1 0 1706901991
WALL 21232222 1 0 1706901992
WALL 21232222 1 0 1706901993
WALL 21232222 1 0 1706901994
WALL 21232222 1 0 1706901995
WALL 21232222 1 0 1706901996
WALL 21232222 1 0 1706901997
WALL 21232222 1 0 1706901998
WALL 21232222 1 0 1706901999
WALL 21232222 1 0 1706902000
WALL 21232222 1 0 1706902001
WALL 21232222 1 0 1706902002
WALL 21232222 1 0 1706902003
WALL 21232222 1 0 1706902004
WALL 21232222 1 0 1706902005
WALL 21232222 1 0 1706902006
WALL 21232222 1 0 1706902007
WALL 21232222 1 0 1706902008
WALL 21232222 1 0 1706902009
WALL 21232222 1 0 1706902010
WALL 21232222 1 0 1706902011
WALL 21232222 1 0 1706902012
WALL 21232222 1 0 1706902013
WALL 21232222 1 0 1706902014
WALL 21232222 1 0 1706902015
WALL 21232222 1 0 1706902016
WALL 21232222 1 0 1706902017
WALL 21232222 1 0 1706902018
WALL 21232222 1 0 1706902019
WALL 21232222 1 0 1706902020
WALL 21232222 1 0 1706902021
WALL 21232222 1 0 1706902022
WALL 21232222 1 0 1706902023
WALL 21232222 1 0 1706902024
WALL 21232222 1 0 1706902025
WALL 21232222 1 0 1706902026
WALL 21232222 1 0 1706902027
WALL 21232222 1 0 1706902028
WALL 21232222 1 0 1706902029
WALL 21232222 1 0 1706902030
WALL 21232222 1 0 1706902031
slurmstepd: error: *** JOB 21232222 ON nid200000 CANCELLED AT 2024-02-02T19:27:12 DUE TO PREEMPTION ***
received SIGTERM 1706902032
WALL 21232222 1 0 1706902032
received SIGCONT 1706902032
WALL 21232222 1 0 1706902032
received SIGTERM 1706902032
WALL 21232222 1 0 1706902032
