WALL 21086950 1 0 1706656417
WALL 21086950 1 0 1706656418
WALL 21086950 1 0 1706656419
WALL 21086950 1 0 1706656420
WALL 21086950 1 0 1706656421
WALL 21086950 1 0 1706656422
WALL 21086950 1 0 1706656423
WALL 21086950 1 0 1706656424
WALL 21086950 1 0 1706656425
WALL 21086950 1 0 1706656426
WALL 21086950 1 0 1706656427
WALL 21086950 1 0 1706656428
WALL 21086950 1 0 1706656429
WALL 21086950 1 0 1706656430
WALL 21086950 1 0 1706656431
WALL 21086950 1 0 1706656432
WALL 21086950 1 0 1706656433
WALL 21086950 1 0 1706656434
WALL 21086950 1 0 1706656435
WALL 21086950 1 0 1706656436
WALL 21086950 1 0 1706656437
WALL 21086950 1 0 1706656438
WALL 21086950 1 0 1706656439
WALL 21086950 1 0 1706656440
WALL 21086950 1 0 1706656441
WALL 21086950 1 0 1706656442
WALL 21086950 1 0 1706656443
WALL 21086950 1 0 1706656444
WALL 21086950 1 0 1706656445
WALL 21086950 1 0 1706656446
WALL 21086950 1 0 1706656447
WALL 21086950 1 0 1706656448
WALL 21086950 1 0 1706656449
WALL 21086950 1 0 1706656450
WALL 21086950 1 0 1706656451
WALL 21086950 1 0 1706656452
WALL 21086950 1 0 1706656453
WALL 21086950 1 0 1706656454
WALL 21086950 1 0 1706656455
WALL 21086950 1 0 1706656456
WALL 21086950 1 0 1706656457
WALL 21086950 1 0 1706656458
WALL 21086950 1 0 1706656459
WALL 21086950 1 0 1706656460
WALL 21086950 1 0 1706656461
WALL 21086950 1 0 1706656462
WALL 21086950 1 0 1706656463
WALL 21086950 1 0 1706656464
WALL 21086950 1 0 1706656465
WALL 21086950 1 0 1706656466
WALL 21086950 1 0 1706656467
WALL 21086950 1 0 1706656468
WALL 21086950 1 0 1706656469
WALL 21086950 1 0 1706656470
WALL 21086950 1 0 1706656471
WALL 21086950 1 0 1706656472
WALL 21086950 1 0 1706656473
WALL 21086950 1 0 1706656474
WALL 21086950 1 0 1706656475
WALL 21086950 1 0 1706656476
WALL 21086950 1 0 1706656477
WALL 21086950 1 0 1706656478
WALL 21086950 1 0 1706656479
WALL 21086950 1 0 1706656480
WALL 21086950 1 0 1706656481
WALL 21086950 1 0 1706656482
WALL 21086950 1 0 1706656483
WALL 21086950 1 0 1706656484
WALL 21086950 1 0 1706656485
WALL 21086950 1 0 1706656486
WALL 21086950 1 0 1706656487
WALL 21086950 1 0 1706656488
WALL 21086950 1 0 1706656489
WALL 21086950 1 0 1706656490
WALL 21086950 1 0 1706656491
WALL 21086950 1 0 1706656492
WALL 21086950 1 0 1706656493
WALL 21086950 1 0 1706656494
WALL 21086950 1 0 1706656495
WALL 21086950 1 0 1706656496
WALL 21086950 1 0 1706656497
WALL 21086950 1 0 1706656498
WALL 21086950 1 0 1706656499
WALL 21086950 1 0 1706656500
WALL 21086950 1 0 1706656501
WALL 21086950 1 0 1706656502
WALL 21086950 1 0 1706656503
WALL 21086950 1 0 1706656504
WALL 21086950 1 0 1706656505
WALL 21086950 1 0 1706656506
WALL 21086950 1 0 1706656507
WALL 21086950 1 0 1706656508
WALL 21086950 1 0 1706656509
WALL 21086950 1 0 1706656510
WALL 21086950 1 0 1706656511
WALL 21086950 1 0 1706656512
WALL 21086950 1 0 1706656513
WALL 21086950 1 0 1706656514
WALL 21086950 1 0 1706656515
WALL 21086950 1 0 1706656516
WALL 21086950 1 0 1706656517
WALL 21086950 1 0 1706656518
WALL 21086950 1 0 1706656519
WALL 21086950 1 0 1706656520
WALL 21086950 1 0 1706656521
received SIGCONT 1706656521
WALL 21086950 1 0 1706656521
slurmstepd: error: *** STEP 21086950.0 ON nid200197 CANCELLED AT 2024-01-30T23:15:21 ***
received SIGTERM 1706656521
WALL 21086950 1 0 1706656521
WALL 21086950 1 0 1706656522
WALL 21086950 1 0 1706656523
WALL 21086950 1 0 1706656524
WALL 21086950 1 0 1706656525
WALL 21086950 1 0 1706656526
WALL 21086950 1 0 1706656527
WALL 21086950 1 0 1706656528
WALL 21086950 1 0 1706656529
WALL 21086950 1 0 1706656530
WALL 21086950 1 0 1706656531
WALL 21086950 1 0 1706656532
WALL 21086950 1 0 1706656533
WALL 21086950 1 0 1706656534
WALL 21086950 1 0 1706656535
WALL 21086950 1 0 1706656536
WALL 21086950 1 0 1706656537
WALL 21086950 1 0 1706656538
WALL 21086950 1 0 1706656539
WALL 21086950 1 0 1706656540
WALL 21086950 1 0 1706656541
WALL 21086950 1 0 1706656542
WALL 21086950 1 0 1706656543
WALL 21086950 1 0 1706656544
WALL 21086950 1 0 1706656545
WALL 21086950 1 0 1706656546
WALL 21086950 1 0 1706656547
WALL 21086950 1 0 1706656548
WALL 21086950 1 0 1706656549
WALL 21086950 1 0 1706656550
WALL 21086950 1 0 1706656551
WALL 21086950 1 0 1706656552
WALL 21086950 1 0 1706656553
WALL 21086950 1 0 1706656554
WALL 21086950 1 0 1706656555
WALL 21086950 1 0 1706656556
WALL 21086950 1 0 1706656557
WALL 21086950 1 0 1706656558
WALL 21086950 1 0 1706656559
WALL 21086950 1 0 1706656560
WALL 21086950 1 0 1706656561
WALL 21086950 1 0 1706656562
WALL 21086950 1 0 1706656563
WALL 21086950 1 0 1706656564
WALL 21086950 1 0 1706656565
WALL 21086950 1 0 1706656566
WALL 21086950 1 0 1706656567
WALL 21086950 1 0 1706656568
WALL 21086950 1 0 1706656569
WALL 21086950 1 0 1706656570
WALL 21086950 1 0 1706656571
WALL 21086950 1 0 1706656572
WALL 21086950 1 0 1706656573
WALL 21086950 1 0 1706656574
WALL 21086950 1 0 1706656575
WALL 21086950 1 0 1706656576
WALL 21086950 1 0 1706656577
WALL 21086950 1 0 1706656578
WALL 21086950 1 0 1706656579
WALL 21086950 1 0 1706656580
WALL 21086950 1 0 1706656581
WALL 21086950 1 0 1706656582
WALL 21086950 1 0 1706656583
WALL 21086950 1 0 1706656584
WALL 21086950 1 0 1706656585
WALL 21086950 1 0 1706656586
WALL 21086950 1 0 1706656587
WALL 21086950 1 0 1706656588
WALL 21086950 1 0 1706656589
WALL 21086950 1 0 1706656590
WALL 21086950 1 0 1706656591
slurmstepd: error: *** JOB 21086950 ON nid200197 CANCELLED AT 2024-01-30T23:16:32 DUE TO PREEMPTION ***
received SIGTERM 1706656592
WALL 21086950 1 0 1706656592
received SIGCONT 1706656592
WALL 21086950 1 0 1706656592
received SIGTERM 1706656592
WALL 21086950 1 0 1706656592
