WALL 21088679 1 0 1706660194
WALL 21088679 1 0 1706660195
WALL 21088679 1 0 1706660196
WALL 21088679 1 0 1706660197
WALL 21088679 1 0 1706660198
WALL 21088679 1 0 1706660199
WALL 21088679 1 0 1706660200
WALL 21088679 1 0 1706660201
WALL 21088679 1 0 1706660202
WALL 21088679 1 0 1706660203
WALL 21088679 1 0 1706660204
WALL 21088679 1 0 1706660205
WALL 21088679 1 0 1706660206
WALL 21088679 1 0 1706660207
WALL 21088679 1 0 1706660208
WALL 21088679 1 0 1706660209
WALL 21088679 1 0 1706660210
WALL 21088679 1 0 1706660211
WALL 21088679 1 0 1706660212
WALL 21088679 1 0 1706660213
WALL 21088679 1 0 1706660214
WALL 21088679 1 0 1706660215
WALL 21088679 1 0 1706660216
WALL 21088679 1 0 1706660217
WALL 21088679 1 0 1706660218
WALL 21088679 1 0 1706660219
WALL 21088679 1 0 1706660220
WALL 21088679 1 0 1706660221
WALL 21088679 1 0 1706660222
WALL 21088679 1 0 1706660223
WALL 21088679 1 0 1706660224
WALL 21088679 1 0 1706660225
WALL 21088679 1 0 1706660226
WALL 21088679 1 0 1706660227
WALL 21088679 1 0 1706660228
WALL 21088679 1 0 1706660229
WALL 21088679 1 0 1706660230
WALL 21088679 1 0 1706660231
WALL 21088679 1 0 1706660232
WALL 21088679 1 0 1706660233
WALL 21088679 1 0 1706660234
WALL 21088679 1 0 1706660235
WALL 21088679 1 0 1706660236
WALL 21088679 1 0 1706660237
WALL 21088679 1 0 1706660238
WALL 21088679 1 0 1706660239
WALL 21088679 1 0 1706660240
WALL 21088679 1 0 1706660241
WALL 21088679 1 0 1706660242
WALL 21088679 1 0 1706660243
WALL 21088679 1 0 1706660244
WALL 21088679 1 0 1706660245
WALL 21088679 1 0 1706660246
WALL 21088679 1 0 1706660247
WALL 21088679 1 0 1706660248
WALL 21088679 1 0 1706660249
WALL 21088679 1 0 1706660250
WALL 21088679 1 0 1706660251
WALL 21088679 1 0 1706660252
WALL 21088679 1 0 1706660253
WALL 21088679 1 0 1706660254
WALL 21088679 1 0 1706660255
WALL 21088679 1 0 1706660256
WALL 21088679 1 0 1706660257
WALL 21088679 1 0 1706660258
WALL 21088679 1 0 1706660259
WALL 21088679 1 0 1706660260
WALL 21088679 1 0 1706660261
WALL 21088679 1 0 1706660262
WALL 21088679 1 0 1706660263
WALL 21088679 1 0 1706660264
WALL 21088679 1 0 1706660265
WALL 21088679 1 0 1706660266
WALL 21088679 1 0 1706660267
WALL 21088679 1 0 1706660268
WALL 21088679 1 0 1706660269
WALL 21088679 1 0 1706660270
WALL 21088679 1 0 1706660271
WALL 21088679 1 0 1706660272
WALL 21088679 1 0 1706660273
WALL 21088679 1 0 1706660274
WALL 21088679 1 0 1706660275
WALL 21088679 1 0 1706660276
WALL 21088679 1 0 1706660277
WALL 21088679 1 0 1706660278
WALL 21088679 1 0 1706660279
WALL 21088679 1 0 1706660280
WALL 21088679 1 0 1706660281
WALL 21088679 1 0 1706660282
WALL 21088679 1 0 1706660283
WALL 21088679 1 0 1706660284
WALL 21088679 1 0 1706660285
WALL 21088679 1 0 1706660286
WALL 21088679 1 0 1706660287
WALL 21088679 1 0 1706660288
WALL 21088679 1 0 1706660289
WALL 21088679 1 0 1706660290
WALL 21088679 1 0 1706660291
WALL 21088679 1 0 1706660292
WALL 21088679 1 0 1706660293
WALL 21088679 1 0 1706660294
WALL 21088679 1 0 1706660295
WALL 21088679 1 0 1706660296
WALL 21088679 1 0 1706660297
WALL 21088679 1 0 1706660298
WALL 21088679 1 0 1706660299
WALL 21088679 1 0 1706660300
WALL 21088679 1 0 1706660301
WALL 21088679 1 0 1706660302
WALL 21088679 1 0 1706660303
WALL 21088679 1 0 1706660304
WALL 21088679 1 0 1706660305
WALL 21088679 1 0 1706660306
WALL 21088679 1 0 1706660307
WALL 21088679 1 0 1706660308
WALL 21088679 1 0 1706660309
WALL 21088679 1 0 1706660310
WALL 21088679 1 0 1706660311
WALL 21088679 1 0 1706660312
WALL 21088679 1 0 1706660313
WALL 21088679 1 0 1706660314
WALL 21088679 1 0 1706660315
WALL 21088679 1 0 1706660316
WALL 21088679 1 0 1706660317
WALL 21088679 1 0 1706660318
WALL 21088679 1 0 1706660319
WALL 21088679 1 0 1706660320
WALL 21088679 1 0 1706660321
WALL 21088679 1 0 1706660322
WALL 21088679 1 0 1706660323
WALL 21088679 1 0 1706660324
WALL 21088679 1 0 1706660325
WALL 21088679 1 0 1706660326
WALL 21088679 1 0 1706660327
WALL 21088679 1 0 1706660328
WALL 21088679 1 0 1706660329
WALL 21088679 1 0 1706660330
WALL 21088679 1 0 1706660331
WALL 21088679 1 0 1706660332
WALL 21088679 1 0 1706660333
WALL 21088679 1 0 1706660334
WALL 21088679 1 0 1706660335
WALL 21088679 1 0 1706660336
WALL 21088679 1 0 1706660337
WALL 21088679 1 0 1706660338
WALL 21088679 1 0 1706660339
WALL 21088679 1 0 1706660340
WALL 21088679 1 0 1706660341
WALL 21088679 1 0 1706660342
WALL 21088679 1 0 1706660343
WALL 21088679 1 0 1706660344
WALL 21088679 1 0 1706660345
WALL 21088679 1 0 1706660346
WALL 21088679 1 0 1706660347
WALL 21088679 1 0 1706660348
WALL 21088679 1 0 1706660349
WALL 21088679 1 0 1706660350
WALL 21088679 1 0 1706660351
WALL 21088679 1 0 1706660352
WALL 21088679 1 0 1706660353
WALL 21088679 1 0 1706660354
WALL 21088679 1 0 1706660355
WALL 21088679 1 0 1706660356
WALL 21088679 1 0 1706660357
WALL 21088679 1 0 1706660358
WALL 21088679 1 0 1706660359
WALL 21088679 1 0 1706660360
WALL 21088679 1 0 1706660361
WALL 21088679 1 0 1706660362
WALL 21088679 1 0 1706660363
WALL 21088679 1 0 1706660364
WALL 21088679 1 0 1706660365
WALL 21088679 1 0 1706660366
WALL 21088679 1 0 1706660367
WALL 21088679 1 0 1706660368
WALL 21088679 1 0 1706660369
WALL 21088679 1 0 1706660370
WALL 21088679 1 0 1706660371
WALL 21088679 1 0 1706660372
WALL 21088679 1 0 1706660373
WALL 21088679 1 0 1706660374
WALL 21088679 1 0 1706660375
WALL 21088679 1 0 1706660376
WALL 21088679 1 0 1706660378
WALL 21088679 1 0 1706660379
WALL 21088679 1 0 1706660380
WALL 21088679 1 0 1706660381
WALL 21088679 1 0 1706660382
WALL 21088679 1 0 1706660383
WALL 21088679 1 0 1706660384
WALL 21088679 1 0 1706660385
WALL 21088679 1 0 1706660386
WALL 21088679 1 0 1706660387
WALL 21088679 1 0 1706660388
WALL 21088679 1 0 1706660389
WALL 21088679 1 0 1706660390
WALL 21088679 1 0 1706660391
WALL 21088679 1 0 1706660392
WALL 21088679 1 0 1706660393
WALL 21088679 1 0 1706660394
WALL 21088679 1 0 1706660395
WALL 21088679 1 0 1706660396
WALL 21088679 1 0 1706660397
WALL 21088679 1 0 1706660398
WALL 21088679 1 0 1706660399
WALL 21088679 1 0 1706660400
WALL 21088679 1 0 1706660401
WALL 21088679 1 0 1706660402
WALL 21088679 1 0 1706660403
WALL 21088679 1 0 1706660404
WALL 21088679 1 0 1706660405
WALL 21088679 1 0 1706660406
WALL 21088679 1 0 1706660407
WALL 21088679 1 0 1706660408
WALL 21088679 1 0 1706660409
WALL 21088679 1 0 1706660410
WALL 21088679 1 0 1706660411
WALL 21088679 1 0 1706660412
WALL 21088679 1 0 1706660413
WALL 21088679 1 0 1706660414
WALL 21088679 1 0 1706660415
WALL 21088679 1 0 1706660416
WALL 21088679 1 0 1706660417
WALL 21088679 1 0 1706660418
WALL 21088679 1 0 1706660419
WALL 21088679 1 0 1706660420
WALL 21088679 1 0 1706660421
WALL 21088679 1 0 1706660422
WALL 21088679 1 0 1706660423
WALL 21088679 1 0 1706660424
WALL 21088679 1 0 1706660425
WALL 21088679 1 0 1706660426
WALL 21088679 1 0 1706660427
WALL 21088679 1 0 1706660428
WALL 21088679 1 0 1706660429
WALL 21088679 1 0 1706660430
WALL 21088679 1 0 1706660431
WALL 21088679 1 0 1706660432
WALL 21088679 1 0 1706660433
WALL 21088679 1 0 1706660434
WALL 21088679 1 0 1706660435
WALL 21088679 1 0 1706660436
WALL 21088679 1 0 1706660437
WALL 21088679 1 0 1706660438
WALL 21088679 1 0 1706660439
WALL 21088679 1 0 1706660440
WALL 21088679 1 0 1706660441
WALL 21088679 1 0 1706660442
WALL 21088679 1 0 1706660443
WALL 21088679 1 0 1706660444
WALL 21088679 1 0 1706660445
WALL 21088679 1 0 1706660446
WALL 21088679 1 0 1706660447
WALL 21088679 1 0 1706660448
WALL 21088679 1 0 1706660449
WALL 21088679 1 0 1706660450
WALL 21088679 1 0 1706660451
WALL 21088679 1 0 1706660452
WALL 21088679 1 0 1706660453
WALL 21088679 1 0 1706660454
WALL 21088679 1 0 1706660455
WALL 21088679 1 0 1706660456
WALL 21088679 1 0 1706660457
WALL 21088679 1 0 1706660458
WALL 21088679 1 0 1706660459
WALL 21088679 1 0 1706660460
WALL 21088679 1 0 1706660461
WALL 21088679 1 0 1706660462
WALL 21088679 1 0 1706660463
WALL 21088679 1 0 1706660464
WALL 21088679 1 0 1706660465
WALL 21088679 1 0 1706660466
WALL 21088679 1 0 1706660467
WALL 21088679 1 0 1706660468
WALL 21088679 1 0 1706660469
WALL 21088679 1 0 1706660470
WALL 21088679 1 0 1706660471
WALL 21088679 1 0 1706660472
WALL 21088679 1 0 1706660473
WALL 21088679 1 0 1706660474
WALL 21088679 1 0 1706660475
WALL 21088679 1 0 1706660476
WALL 21088679 1 0 1706660477
WALL 21088679 1 0 1706660478
WALL 21088679 1 0 1706660479
WALL 21088679 1 0 1706660480
WALL 21088679 1 0 1706660481
WALL 21088679 1 0 1706660482
WALL 21088679 1 0 1706660483
WALL 21088679 1 0 1706660484
WALL 21088679 1 0 1706660485
WALL 21088679 1 0 1706660486
WALL 21088679 1 0 1706660487
WALL 21088679 1 0 1706660488
WALL 21088679 1 0 1706660489
WALL 21088679 1 0 1706660490
WALL 21088679 1 0 1706660491
WALL 21088679 1 0 1706660492
WALL 21088679 1 0 1706660493
WALL 21088679 1 0 1706660494
WALL 21088679 1 0 1706660495
WALL 21088679 1 0 1706660496
WALL 21088679 1 0 1706660497
WALL 21088679 1 0 1706660498
WALL 21088679 1 0 1706660499
WALL 21088679 1 0 1706660500
WALL 21088679 1 0 1706660501
WALL 21088679 1 0 1706660502
WALL 21088679 1 0 1706660503
WALL 21088679 1 0 1706660504
WALL 21088679 1 0 1706660505
WALL 21088679 1 0 1706660506
WALL 21088679 1 0 1706660507
WALL 21088679 1 0 1706660508
WALL 21088679 1 0 1706660509
WALL 21088679 1 0 1706660510
WALL 21088679 1 0 1706660511
WALL 21088679 1 0 1706660512
WALL 21088679 1 0 1706660513
WALL 21088679 1 0 1706660514
WALL 21088679 1 0 1706660515
WALL 21088679 1 0 1706660516
WALL 21088679 1 0 1706660517
WALL 21088679 1 0 1706660518
WALL 21088679 1 0 1706660519
WALL 21088679 1 0 1706660520
WALL 21088679 1 0 1706660521
WALL 21088679 1 0 1706660522
WALL 21088679 1 0 1706660523
WALL 21088679 1 0 1706660524
WALL 21088679 1 0 1706660525
WALL 21088679 1 0 1706660526
WALL 21088679 1 0 1706660527
WALL 21088679 1 0 1706660528
WALL 21088679 1 0 1706660529
WALL 21088679 1 0 1706660530
WALL 21088679 1 0 1706660531
received SIGCONT 1706660531
WALL 21088679 1 0 1706660531
slurmstepd: error: *** STEP 21088679.0 ON nid200183 CANCELLED AT 2024-01-31T00:22:11 ***
received SIGTERM 1706660531
WALL 21088679 1 0 1706660531
WALL 21088679 1 0 1706660532
WALL 21088679 1 0 1706660533
WALL 21088679 1 0 1706660534
WALL 21088679 1 0 1706660535
WALL 21088679 1 0 1706660536
WALL 21088679 1 0 1706660537
WALL 21088679 1 0 1706660538
WALL 21088679 1 0 1706660539
WALL 21088679 1 0 1706660540
WALL 21088679 1 0 1706660541
WALL 21088679 1 0 1706660542
WALL 21088679 1 0 1706660543
WALL 21088679 1 0 1706660544
WALL 21088679 1 0 1706660545
WALL 21088679 1 0 1706660546
WALL 21088679 1 0 1706660547
WALL 21088679 1 0 1706660548
WALL 21088679 1 0 1706660549
WALL 21088679 1 0 1706660550
WALL 21088679 1 0 1706660551
WALL 21088679 1 0 1706660552
WALL 21088679 1 0 1706660553
WALL 21088679 1 0 1706660554
WALL 21088679 1 0 1706660555
WALL 21088679 1 0 1706660556
WALL 21088679 1 0 1706660557
WALL 21088679 1 0 1706660558
WALL 21088679 1 0 1706660559
WALL 21088679 1 0 1706660560
WALL 21088679 1 0 1706660561
WALL 21088679 1 0 1706660562
WALL 21088679 1 0 1706660563
WALL 21088679 1 0 1706660564
WALL 21088679 1 0 1706660565
WALL 21088679 1 0 1706660566
WALL 21088679 1 0 1706660567
WALL 21088679 1 0 1706660568
WALL 21088679 1 0 1706660569
WALL 21088679 1 0 1706660570
WALL 21088679 1 0 1706660571
WALL 21088679 1 0 1706660572
WALL 21088679 1 0 1706660573
WALL 21088679 1 0 1706660574
WALL 21088679 1 0 1706660575
WALL 21088679 1 0 1706660576
WALL 21088679 1 0 1706660577
WALL 21088679 1 0 1706660578
WALL 21088679 1 0 1706660579
WALL 21088679 1 0 1706660580
WALL 21088679 1 0 1706660581
WALL 21088679 1 0 1706660582
WALL 21088679 1 0 1706660583
WALL 21088679 1 0 1706660584
WALL 21088679 1 0 1706660585
WALL 21088679 1 0 1706660586
WALL 21088679 1 0 1706660587
WALL 21088679 1 0 1706660588
WALL 21088679 1 0 1706660589
WALL 21088679 1 0 1706660590
WALL 21088679 1 0 1706660591
WALL 21088679 1 0 1706660592
WALL 21088679 1 0 1706660593
WALL 21088679 1 0 1706660594
WALL 21088679 1 0 1706660595
WALL 21088679 1 0 1706660596
WALL 21088679 1 0 1706660597
WALL 21088679 1 0 1706660598
WALL 21088679 1 0 1706660599
WALL 21088679 1 0 1706660600
WALL 21088679 1 0 1706660601
WALL 21088679 1 0 1706660602
WALL 21088679 1 0 1706660603
WALL 21088679 1 0 1706660604
WALL 21088679 1 0 1706660605
WALL 21088679 1 0 1706660606
WALL 21088679 1 0 1706660607
WALL 21088679 1 0 1706660608
WALL 21088679 1 0 1706660609
WALL 21088679 1 0 1706660610
WALL 21088679 1 0 1706660611
slurmstepd: error: *** JOB 21088679 ON nid200183 CANCELLED AT 2024-01-31T00:23:32 DUE TO PREEMPTION ***
received SIGTERM 1706660612
