srun: warning: can't run 1 processes on 8 nodes, setting nnodes to 1
WALL 21198703 1 0 1706815658
WALL 21198703 1 0 1706815659
WALL 21198703 1 0 1706815660
WALL 21198703 1 0 1706815661
WALL 21198703 1 0 1706815662
WALL 21198703 1 0 1706815663
WALL 21198703 1 0 1706815664
WALL 21198703 1 0 1706815665
WALL 21198703 1 0 1706815666
WALL 21198703 1 0 1706815667
WALL 21198703 1 0 1706815668
WALL 21198703 1 0 1706815669
WALL 21198703 1 0 1706815670
WALL 21198703 1 0 1706815671
WALL 21198703 1 0 1706815672
WALL 21198703 1 0 1706815673
WALL 21198703 1 0 1706815674
WALL 21198703 1 0 1706815675
WALL 21198703 1 0 1706815676
WALL 21198703 1 0 1706815677
WALL 21198703 1 0 1706815678
WALL 21198703 1 0 1706815679
WALL 21198703 1 0 1706815680
WALL 21198703 1 0 1706815681
WALL 21198703 1 0 1706815682
WALL 21198703 1 0 1706815683
WALL 21198703 1 0 1706815684
WALL 21198703 1 0 1706815685
WALL 21198703 1 0 1706815686
WALL 21198703 1 0 1706815687
WALL 21198703 1 0 1706815688
WALL 21198703 1 0 1706815689
WALL 21198703 1 0 1706815690
WALL 21198703 1 0 1706815691
WALL 21198703 1 0 1706815692
WALL 21198703 1 0 1706815693
WALL 21198703 1 0 1706815694
WALL 21198703 1 0 1706815695
WALL 21198703 1 0 1706815696
WALL 21198703 1 0 1706815697
WALL 21198703 1 0 1706815698
WALL 21198703 1 0 1706815699
WALL 21198703 1 0 1706815700
WALL 21198703 1 0 1706815701
WALL 21198703 1 0 1706815702
WALL 21198703 1 0 1706815703
WALL 21198703 1 0 1706815704
WALL 21198703 1 0 1706815705
WALL 21198703 1 0 1706815706
WALL 21198703 1 0 1706815707
WALL 21198703 1 0 1706815708
WALL 21198703 1 0 1706815709
WALL 21198703 1 0 1706815710
WALL 21198703 1 0 1706815711
WALL 21198703 1 0 1706815712
WALL 21198703 1 0 1706815713
WALL 21198703 1 0 1706815714
WALL 21198703 1 0 1706815715
WALL 21198703 1 0 1706815716
WALL 21198703 1 0 1706815717
WALL 21198703 1 0 1706815718
WALL 21198703 1 0 1706815719
WALL 21198703 1 0 1706815720
WALL 21198703 1 0 1706815721
WALL 21198703 1 0 1706815722
WALL 21198703 1 0 1706815723
WALL 21198703 1 0 1706815724
WALL 21198703 1 0 1706815725
WALL 21198703 1 0 1706815726
WALL 21198703 1 0 1706815727
WALL 21198703 1 0 1706815728
WALL 21198703 1 0 1706815729
WALL 21198703 1 0 1706815730
WALL 21198703 1 0 1706815731
WALL 21198703 1 0 1706815732
WALL 21198703 1 0 1706815733
WALL 21198703 1 0 1706815734
WALL 21198703 1 0 1706815735
WALL 21198703 1 0 1706815736
WALL 21198703 1 0 1706815737
WALL 21198703 1 0 1706815738
WALL 21198703 1 0 1706815739
WALL 21198703 1 0 1706815740
WALL 21198703 1 0 1706815741
WALL 21198703 1 0 1706815742
WALL 21198703 1 0 1706815743
WALL 21198703 1 0 1706815744
WALL 21198703 1 0 1706815745
WALL 21198703 1 0 1706815746
WALL 21198703 1 0 1706815747
WALL 21198703 1 0 1706815748
WALL 21198703 1 0 1706815749
WALL 21198703 1 0 1706815750
WALL 21198703 1 0 1706815751
WALL 21198703 1 0 1706815752
WALL 21198703 1 0 1706815753
WALL 21198703 1 0 1706815754
WALL 21198703 1 0 1706815755
WALL 21198703 1 0 1706815756
WALL 21198703 1 0 1706815757
WALL 21198703 1 0 1706815758
WALL 21198703 1 0 1706815759
WALL 21198703 1 0 1706815760
WALL 21198703 1 0 1706815761
WALL 21198703 1 0 1706815762
WALL 21198703 1 0 1706815763
WALL 21198703 1 0 1706815764
WALL 21198703 1 0 1706815765
WALL 21198703 1 0 1706815766
WALL 21198703 1 0 1706815767
WALL 21198703 1 0 1706815768
WALL 21198703 1 0 1706815769
WALL 21198703 1 0 1706815770
WALL 21198703 1 0 1706815771
WALL 21198703 1 0 1706815772
WALL 21198703 1 0 1706815773
WALL 21198703 1 0 1706815774
WALL 21198703 1 0 1706815775
WALL 21198703 1 0 1706815776
WALL 21198703 1 0 1706815777
WALL 21198703 1 0 1706815778
WALL 21198703 1 0 1706815779
WALL 21198703 1 0 1706815780
WALL 21198703 1 0 1706815781
WALL 21198703 1 0 1706815782
WALL 21198703 1 0 1706815783
WALL 21198703 1 0 1706815784
WALL 21198703 1 0 1706815785
WALL 21198703 1 0 1706815786
WALL 21198703 1 0 1706815787
WALL 21198703 1 0 1706815788
WALL 21198703 1 0 1706815789
WALL 21198703 1 0 1706815790
WALL 21198703 1 0 1706815791
WALL 21198703 1 0 1706815792
WALL 21198703 1 0 1706815793
WALL 21198703 1 0 1706815794
WALL 21198703 1 0 1706815795
WALL 21198703 1 0 1706815796
WALL 21198703 1 0 1706815797
WALL 21198703 1 0 1706815798
WALL 21198703 1 0 1706815799
WALL 21198703 1 0 1706815800
WALL 21198703 1 0 1706815801
WALL 21198703 1 0 1706815802
WALL 21198703 1 0 1706815803
WALL 21198703 1 0 1706815804
WALL 21198703 1 0 1706815805
WALL 21198703 1 0 1706815806
WALL 21198703 1 0 1706815807
WALL 21198703 1 0 1706815808
WALL 21198703 1 0 1706815809
WALL 21198703 1 0 1706815810
WALL 21198703 1 0 1706815811
WALL 21198703 1 0 1706815812
WALL 21198703 1 0 1706815813
WALL 21198703 1 0 1706815814
WALL 21198703 1 0 1706815815
WALL 21198703 1 0 1706815816
WALL 21198703 1 0 1706815817
WALL 21198703 1 0 1706815818
WALL 21198703 1 0 1706815819
WALL 21198703 1 0 1706815820
WALL 21198703 1 0 1706815821
WALL 21198703 1 0 1706815822
WALL 21198703 1 0 1706815823
WALL 21198703 1 0 1706815824
WALL 21198703 1 0 1706815825
WALL 21198703 1 0 1706815826
WALL 21198703 1 0 1706815827
WALL 21198703 1 0 1706815828
WALL 21198703 1 0 1706815829
WALL 21198703 1 0 1706815830
WALL 21198703 1 0 1706815831
WALL 21198703 1 0 1706815832
WALL 21198703 1 0 1706815833
WALL 21198703 1 0 1706815834
WALL 21198703 1 0 1706815835
WALL 21198703 1 0 1706815836
WALL 21198703 1 0 1706815837
WALL 21198703 1 0 1706815838
WALL 21198703 1 0 1706815839
WALL 21198703 1 0 1706815840
WALL 21198703 1 0 1706815841
WALL 21198703 1 0 1706815842
WALL 21198703 1 0 1706815843
WALL 21198703 1 0 1706815844
WALL 21198703 1 0 1706815845
WALL 21198703 1 0 1706815846
WALL 21198703 1 0 1706815847
WALL 21198703 1 0 1706815848
WALL 21198703 1 0 1706815849
WALL 21198703 1 0 1706815850
WALL 21198703 1 0 1706815851
WALL 21198703 1 0 1706815852
WALL 21198703 1 0 1706815853
WALL 21198703 1 0 1706815854
WALL 21198703 1 0 1706815855
WALL 21198703 1 0 1706815856
WALL 21198703 1 0 1706815857
WALL 21198703 1 0 1706815858
WALL 21198703 1 0 1706815859
WALL 21198703 1 0 1706815860
WALL 21198703 1 0 1706815861
WALL 21198703 1 0 1706815862
WALL 21198703 1 0 1706815863
WALL 21198703 1 0 1706815864
WALL 21198703 1 0 1706815865
WALL 21198703 1 0 1706815866
WALL 21198703 1 0 1706815867
WALL 21198703 1 0 1706815868
WALL 21198703 1 0 1706815869
WALL 21198703 1 0 1706815870
WALL 21198703 1 0 1706815871
WALL 21198703 1 0 1706815872
WALL 21198703 1 0 1706815873
WALL 21198703 1 0 1706815874
WALL 21198703 1 0 1706815875
WALL 21198703 1 0 1706815876
WALL 21198703 1 0 1706815877
WALL 21198703 1 0 1706815878
WALL 21198703 1 0 1706815879
WALL 21198703 1 0 1706815880
WALL 21198703 1 0 1706815881
WALL 21198703 1 0 1706815882
WALL 21198703 1 0 1706815883
WALL 21198703 1 0 1706815884
WALL 21198703 1 0 1706815885
WALL 21198703 1 0 1706815886
WALL 21198703 1 0 1706815887
WALL 21198703 1 0 1706815888
WALL 21198703 1 0 1706815889
WALL 21198703 1 0 1706815890
WALL 21198703 1 0 1706815891
WALL 21198703 1 0 1706815892
WALL 21198703 1 0 1706815893
WALL 21198703 1 0 1706815894
WALL 21198703 1 0 1706815895
WALL 21198703 1 0 1706815896
WALL 21198703 1 0 1706815897
WALL 21198703 1 0 1706815898
WALL 21198703 1 0 1706815899
WALL 21198703 1 0 1706815900
WALL 21198703 1 0 1706815901
WALL 21198703 1 0 1706815902
WALL 21198703 1 0 1706815903
WALL 21198703 1 0 1706815904
WALL 21198703 1 0 1706815905
WALL 21198703 1 0 1706815906
WALL 21198703 1 0 1706815907
WALL 21198703 1 0 1706815908
WALL 21198703 1 0 1706815909
WALL 21198703 1 0 1706815910
WALL 21198703 1 0 1706815911
WALL 21198703 1 0 1706815912
WALL 21198703 1 0 1706815913
WALL 21198703 1 0 1706815914
WALL 21198703 1 0 1706815915
WALL 21198703 1 0 1706815916
WALL 21198703 1 0 1706815917
WALL 21198703 1 0 1706815918
WALL 21198703 1 0 1706815919
WALL 21198703 1 0 1706815920
WALL 21198703 1 0 1706815921
WALL 21198703 1 0 1706815922
WALL 21198703 1 0 1706815923
WALL 21198703 1 0 1706815924
WALL 21198703 1 0 1706815925
WALL 21198703 1 0 1706815926
WALL 21198703 1 0 1706815927
WALL 21198703 1 0 1706815928
WALL 21198703 1 0 1706815929
WALL 21198703 1 0 1706815930
WALL 21198703 1 0 1706815931
WALL 21198703 1 0 1706815932
WALL 21198703 1 0 1706815933
WALL 21198703 1 0 1706815934
WALL 21198703 1 0 1706815935
WALL 21198703 1 0 1706815936
WALL 21198703 1 0 1706815937
WALL 21198703 1 0 1706815938
WALL 21198703 1 0 1706815939
WALL 21198703 1 0 1706815940
WALL 21198703 1 0 1706815941
WALL 21198703 1 0 1706815942
WALL 21198703 1 0 1706815943
WALL 21198703 1 0 1706815944
WALL 21198703 1 0 1706815945
WALL 21198703 1 0 1706815946
WALL 21198703 1 0 1706815947
WALL 21198703 1 0 1706815948
WALL 21198703 1 0 1706815949
WALL 21198703 1 0 1706815950
WALL 21198703 1 0 1706815951
WALL 21198703 1 0 1706815952
WALL 21198703 1 0 1706815953
WALL 21198703 1 0 1706815954
WALL 21198703 1 0 1706815955
WALL 21198703 1 0 1706815956
WALL 21198703 1 0 1706815957
WALL 21198703 1 0 1706815958
WALL 21198703 1 0 1706815959
WALL 21198703 1 0 1706815960
WALL 21198703 1 0 1706815961
WALL 21198703 1 0 1706815962
WALL 21198703 1 0 1706815963
WALL 21198703 1 0 1706815964
WALL 21198703 1 0 1706815965
WALL 21198703 1 0 1706815966
WALL 21198703 1 0 1706815967
WALL 21198703 1 0 1706815968
WALL 21198703 1 0 1706815969
WALL 21198703 1 0 1706815970
WALL 21198703 1 0 1706815971
WALL 21198703 1 0 1706815972
WALL 21198703 1 0 1706815973
WALL 21198703 1 0 1706815974
WALL 21198703 1 0 1706815975
WALL 21198703 1 0 1706815976
WALL 21198703 1 0 1706815977
WALL 21198703 1 0 1706815978
WALL 21198703 1 0 1706815979
WALL 21198703 1 0 1706815980
WALL 21198703 1 0 1706815981
WALL 21198703 1 0 1706815982
WALL 21198703 1 0 1706815983
WALL 21198703 1 0 1706815984
WALL 21198703 1 0 1706815985
WALL 21198703 1 0 1706815986
WALL 21198703 1 0 1706815987
WALL 21198703 1 0 1706815988
WALL 21198703 1 0 1706815989
WALL 21198703 1 0 1706815990
WALL 21198703 1 0 1706815991
WALL 21198703 1 0 1706815992
WALL 21198703 1 0 1706815993
WALL 21198703 1 0 1706815994
WALL 21198703 1 0 1706815995
WALL 21198703 1 0 1706815996
WALL 21198703 1 0 1706815997
WALL 21198703 1 0 1706815998
WALL 21198703 1 0 1706815999
WALL 21198703 1 0 1706816000
WALL 21198703 1 0 1706816001
WALL 21198703 1 0 1706816002
WALL 21198703 1 0 1706816003
WALL 21198703 1 0 1706816004
WALL 21198703 1 0 1706816005
WALL 21198703 1 0 1706816006
WALL 21198703 1 0 1706816007
WALL 21198703 1 0 1706816008
WALL 21198703 1 0 1706816009
WALL 21198703 1 0 1706816010
WALL 21198703 1 0 1706816011
WALL 21198703 1 0 1706816012
WALL 21198703 1 0 1706816013
WALL 21198703 1 0 1706816014
WALL 21198703 1 0 1706816015
WALL 21198703 1 0 1706816016
WALL 21198703 1 0 1706816017
WALL 21198703 1 0 1706816018
WALL 21198703 1 0 1706816019
WALL 21198703 1 0 1706816020
WALL 21198703 1 0 1706816021
WALL 21198703 1 0 1706816022
WALL 21198703 1 0 1706816023
WALL 21198703 1 0 1706816024
WALL 21198703 1 0 1706816025
WALL 21198703 1 0 1706816026
WALL 21198703 1 0 1706816027
WALL 21198703 1 0 1706816028
WALL 21198703 1 0 1706816029
WALL 21198703 1 0 1706816030
WALL 21198703 1 0 1706816031
WALL 21198703 1 0 1706816032
WALL 21198703 1 0 1706816033
WALL 21198703 1 0 1706816034
WALL 21198703 1 0 1706816035
WALL 21198703 1 0 1706816036
WALL 21198703 1 0 1706816037
WALL 21198703 1 0 1706816038
WALL 21198703 1 0 1706816039
WALL 21198703 1 0 1706816040
WALL 21198703 1 0 1706816041
WALL 21198703 1 0 1706816042
WALL 21198703 1 0 1706816043
WALL 21198703 1 0 1706816044
WALL 21198703 1 0 1706816045
WALL 21198703 1 0 1706816046
WALL 21198703 1 0 1706816047
WALL 21198703 1 0 1706816048
WALL 21198703 1 0 1706816049
WALL 21198703 1 0 1706816050
WALL 21198703 1 0 1706816051
WALL 21198703 1 0 1706816052
WALL 21198703 1 0 1706816053
WALL 21198703 1 0 1706816054
WALL 21198703 1 0 1706816055
WALL 21198703 1 0 1706816056
WALL 21198703 1 0 1706816057
WALL 21198703 1 0 1706816058
WALL 21198703 1 0 1706816059
WALL 21198703 1 0 1706816060
WALL 21198703 1 0 1706816061
WALL 21198703 1 0 1706816062
WALL 21198703 1 0 1706816063
WALL 21198703 1 0 1706816064
WALL 21198703 1 0 1706816065
WALL 21198703 1 0 1706816066
WALL 21198703 1 0 1706816067
WALL 21198703 1 0 1706816068
WALL 21198703 1 0 1706816069
WALL 21198703 1 0 1706816070
WALL 21198703 1 0 1706816071
WALL 21198703 1 0 1706816072
WALL 21198703 1 0 1706816073
WALL 21198703 1 0 1706816074
WALL 21198703 1 0 1706816075
WALL 21198703 1 0 1706816076
WALL 21198703 1 0 1706816077
WALL 21198703 1 0 1706816078
WALL 21198703 1 0 1706816079
WALL 21198703 1 0 1706816080
WALL 21198703 1 0 1706816081
WALL 21198703 1 0 1706816082
WALL 21198703 1 0 1706816083
WALL 21198703 1 0 1706816084
WALL 21198703 1 0 1706816085
WALL 21198703 1 0 1706816086
WALL 21198703 1 0 1706816087
WALL 21198703 1 0 1706816088
WALL 21198703 1 0 1706816089
WALL 21198703 1 0 1706816090
WALL 21198703 1 0 1706816091
WALL 21198703 1 0 1706816092
WALL 21198703 1 0 1706816093
WALL 21198703 1 0 1706816094
WALL 21198703 1 0 1706816095
WALL 21198703 1 0 1706816096
WALL 21198703 1 0 1706816097
WALL 21198703 1 0 1706816098
WALL 21198703 1 0 1706816099
WALL 21198703 1 0 1706816100
WALL 21198703 1 0 1706816101
WALL 21198703 1 0 1706816102
WALL 21198703 1 0 1706816103
WALL 21198703 1 0 1706816104
WALL 21198703 1 0 1706816105
WALL 21198703 1 0 1706816106
WALL 21198703 1 0 1706816107
WALL 21198703 1 0 1706816108
WALL 21198703 1 0 1706816109
WALL 21198703 1 0 1706816110
WALL 21198703 1 0 1706816111
WALL 21198703 1 0 1706816112
WALL 21198703 1 0 1706816113
WALL 21198703 1 0 1706816114
WALL 21198703 1 0 1706816115
WALL 21198703 1 0 1706816116
WALL 21198703 1 0 1706816117
WALL 21198703 1 0 1706816118
WALL 21198703 1 0 1706816119
WALL 21198703 1 0 1706816120
WALL 21198703 1 0 1706816121
WALL 21198703 1 0 1706816122
WALL 21198703 1 0 1706816123
WALL 21198703 1 0 1706816124
WALL 21198703 1 0 1706816125
WALL 21198703 1 0 1706816126
WALL 21198703 1 0 1706816127
WALL 21198703 1 0 1706816128
WALL 21198703 1 0 1706816129
WALL 21198703 1 0 1706816130
WALL 21198703 1 0 1706816131
WALL 21198703 1 0 1706816132
WALL 21198703 1 0 1706816133
WALL 21198703 1 0 1706816134
WALL 21198703 1 0 1706816135
WALL 21198703 1 0 1706816136
WALL 21198703 1 0 1706816137
WALL 21198703 1 0 1706816138
WALL 21198703 1 0 1706816139
WALL 21198703 1 0 1706816140
WALL 21198703 1 0 1706816141
WALL 21198703 1 0 1706816142
WALL 21198703 1 0 1706816143
WALL 21198703 1 0 1706816144
WALL 21198703 1 0 1706816145
WALL 21198703 1 0 1706816146
WALL 21198703 1 0 1706816147
WALL 21198703 1 0 1706816148
WALL 21198703 1 0 1706816149
WALL 21198703 1 0 1706816150
WALL 21198703 1 0 1706816151
WALL 21198703 1 0 1706816152
WALL 21198703 1 0 1706816153
WALL 21198703 1 0 1706816154
WALL 21198703 1 0 1706816155
WALL 21198703 1 0 1706816156
WALL 21198703 1 0 1706816157
WALL 21198703 1 0 1706816158
WALL 21198703 1 0 1706816159
WALL 21198703 1 0 1706816160
WALL 21198703 1 0 1706816161
WALL 21198703 1 0 1706816162
WALL 21198703 1 0 1706816163
WALL 21198703 1 0 1706816164
WALL 21198703 1 0 1706816165
WALL 21198703 1 0 1706816166
WALL 21198703 1 0 1706816167
WALL 21198703 1 0 1706816168
WALL 21198703 1 0 1706816169
WALL 21198703 1 0 1706816170
WALL 21198703 1 0 1706816171
WALL 21198703 1 0 1706816172
WALL 21198703 1 0 1706816173
WALL 21198703 1 0 1706816174
WALL 21198703 1 0 1706816175
WALL 21198703 1 0 1706816176
received SIGCONT 1706816177
WALL 21198703 1 0 1706816177
slurmstepd: error: *** STEP 21198703.0 ON nid200003 CANCELLED AT 2024-02-01T19:36:17 ***
received SIGTERM 1706816177
WALL 21198703 1 0 1706816177
WALL 21198703 1 0 1706816178
WALL 21198703 1 0 1706816179
WALL 21198703 1 0 1706816180
WALL 21198703 1 0 1706816181
WALL 21198703 1 0 1706816182
WALL 21198703 1 0 1706816183
WALL 21198703 1 0 1706816184
WALL 21198703 1 0 1706816185
WALL 21198703 1 0 1706816186
WALL 21198703 1 0 1706816187
WALL 21198703 1 0 1706816188
WALL 21198703 1 0 1706816189
WALL 21198703 1 0 1706816190
WALL 21198703 1 0 1706816191
WALL 21198703 1 0 1706816192
WALL 21198703 1 0 1706816193
WALL 21198703 1 0 1706816194
WALL 21198703 1 0 1706816195
WALL 21198703 1 0 1706816196
WALL 21198703 1 0 1706816197
WALL 21198703 1 0 1706816198
WALL 21198703 1 0 1706816199
WALL 21198703 1 0 1706816200
WALL 21198703 1 0 1706816201
WALL 21198703 1 0 1706816202
WALL 21198703 1 0 1706816203
WALL 21198703 1 0 1706816204
WALL 21198703 1 0 1706816205
WALL 21198703 1 0 1706816206
WALL 21198703 1 0 1706816207
WALL 21198703 1 0 1706816208
WALL 21198703 1 0 1706816209
WALL 21198703 1 0 1706816210
WALL 21198703 1 0 1706816211
WALL 21198703 1 0 1706816212
WALL 21198703 1 0 1706816213
WALL 21198703 1 0 1706816214
WALL 21198703 1 0 1706816215
WALL 21198703 1 0 1706816216
WALL 21198703 1 0 1706816217
WALL 21198703 1 0 1706816218
WALL 21198703 1 0 1706816219
WALL 21198703 1 0 1706816220
WALL 21198703 1 0 1706816221
WALL 21198703 1 0 1706816222
WALL 21198703 1 0 1706816223
WALL 21198703 1 0 1706816224
WALL 21198703 1 0 1706816225
WALL 21198703 1 0 1706816226
WALL 21198703 1 0 1706816227
WALL 21198703 1 0 1706816228
WALL 21198703 1 0 1706816229
WALL 21198703 1 0 1706816230
WALL 21198703 1 0 1706816231
WALL 21198703 1 0 1706816232
WALL 21198703 1 0 1706816233
WALL 21198703 1 0 1706816234
WALL 21198703 1 0 1706816235
WALL 21198703 1 0 1706816236
WALL 21198703 1 0 1706816237
WALL 21198703 1 0 1706816238
WALL 21198703 1 0 1706816239
WALL 21198703 1 0 1706816240
WALL 21198703 1 0 1706816241
WALL 21198703 1 0 1706816242
WALL 21198703 1 0 1706816243
WALL 21198703 1 0 1706816244
WALL 21198703 1 0 1706816245
WALL 21198703 1 0 1706816246
WALL 21198703 1 0 1706816247
WALL 21198703 1 0 1706816248
WALL 21198703 1 0 1706816249
WALL 21198703 1 0 1706816250
WALL 21198703 1 0 1706816251
WALL 21198703 1 0 1706816252
WALL 21198703 1 0 1706816253
WALL 21198703 1 0 1706816254
WALL 21198703 1 0 1706816255
WALL 21198703 1 0 1706816256
WALL 21198703 1 0 1706816257
WALL 21198703 1 0 1706816258
slurmstepd: error: *** JOB 21198703 ON nid200003 CANCELLED AT 2024-02-01T19:37:39 DUE TO PREEMPTION ***
received SIGTERM 1706816259
WALL 21198703 1 0 1706816259
received SIGCONT 1706816259
WALL 21198703 1 0 1706816259
received SIGTERM 1706816259
WALL 21198703 1 0 1706816259
