WALL 21155177 1 0 1706748668
WALL 21155177 1 0 1706748669
WALL 21155177 1 0 1706748670
WALL 21155177 1 0 1706748671
WALL 21155177 1 0 1706748672
WALL 21155177 1 0 1706748673
WALL 21155177 1 0 1706748674
WALL 21155177 1 0 1706748675
WALL 21155177 1 0 1706748676
WALL 21155177 1 0 1706748677
WALL 21155177 1 0 1706748678
WALL 21155177 1 0 1706748679
WALL 21155177 1 0 1706748680
WALL 21155177 1 0 1706748681
WALL 21155177 1 0 1706748682
WALL 21155177 1 0 1706748683
WALL 21155177 1 0 1706748684
WALL 21155177 1 0 1706748685
WALL 21155177 1 0 1706748686
WALL 21155177 1 0 1706748687
WALL 21155177 1 0 1706748688
WALL 21155177 1 0 1706748689
WALL 21155177 1 0 1706748690
WALL 21155177 1 0 1706748691
WALL 21155177 1 0 1706748692
WALL 21155177 1 0 1706748693
WALL 21155177 1 0 1706748694
WALL 21155177 1 0 1706748695
WALL 21155177 1 0 1706748696
WALL 21155177 1 0 1706748697
WALL 21155177 1 0 1706748698
WALL 21155177 1 0 1706748699
WALL 21155177 1 0 1706748700
WALL 21155177 1 0 1706748701
WALL 21155177 1 0 1706748702
WALL 21155177 1 0 1706748703
WALL 21155177 1 0 1706748704
WALL 21155177 1 0 1706748705
WALL 21155177 1 0 1706748706
WALL 21155177 1 0 1706748707
WALL 21155177 1 0 1706748708
WALL 21155177 1 0 1706748709
WALL 21155177 1 0 1706748710
WALL 21155177 1 0 1706748711
WALL 21155177 1 0 1706748712
WALL 21155177 1 0 1706748713
WALL 21155177 1 0 1706748714
WALL 21155177 1 0 1706748715
WALL 21155177 1 0 1706748716
WALL 21155177 1 0 1706748717
WALL 21155177 1 0 1706748718
WALL 21155177 1 0 1706748719
WALL 21155177 1 0 1706748720
WALL 21155177 1 0 1706748721
WALL 21155177 1 0 1706748722
WALL 21155177 1 0 1706748723
WALL 21155177 1 0 1706748724
WALL 21155177 1 0 1706748725
WALL 21155177 1 0 1706748726
WALL 21155177 1 0 1706748727
WALL 21155177 1 0 1706748728
WALL 21155177 1 0 1706748729
WALL 21155177 1 0 1706748730
WALL 21155177 1 0 1706748731
WALL 21155177 1 0 1706748732
WALL 21155177 1 0 1706748733
WALL 21155177 1 0 1706748734
WALL 21155177 1 0 1706748735
WALL 21155177 1 0 1706748736
WALL 21155177 1 0 1706748737
WALL 21155177 1 0 1706748738
WALL 21155177 1 0 1706748739
WALL 21155177 1 0 1706748740
WALL 21155177 1 0 1706748741
WALL 21155177 1 0 1706748742
WALL 21155177 1 0 1706748743
WALL 21155177 1 0 1706748744
WALL 21155177 1 0 1706748745
WALL 21155177 1 0 1706748746
WALL 21155177 1 0 1706748747
WALL 21155177 1 0 1706748748
WALL 21155177 1 0 1706748749
WALL 21155177 1 0 1706748750
WALL 21155177 1 0 1706748751
WALL 21155177 1 0 1706748752
WALL 21155177 1 0 1706748753
WALL 21155177 1 0 1706748754
WALL 21155177 1 0 1706748755
WALL 21155177 1 0 1706748756
WALL 21155177 1 0 1706748757
WALL 21155177 1 0 1706748758
WALL 21155177 1 0 1706748759
WALL 21155177 1 0 1706748760
WALL 21155177 1 0 1706748761
WALL 21155177 1 0 1706748762
WALL 21155177 1 0 1706748763
WALL 21155177 1 0 1706748764
WALL 21155177 1 0 1706748765
WALL 21155177 1 0 1706748766
WALL 21155177 1 0 1706748767
WALL 21155177 1 0 1706748768
WALL 21155177 1 0 1706748769
WALL 21155177 1 0 1706748770
WALL 21155177 1 0 1706748771
WALL 21155177 1 0 1706748772
WALL 21155177 1 0 1706748773
WALL 21155177 1 0 1706748774
WALL 21155177 1 0 1706748775
WALL 21155177 1 0 1706748776
WALL 21155177 1 0 1706748777
WALL 21155177 1 0 1706748778
WALL 21155177 1 0 1706748779
WALL 21155177 1 0 1706748780
WALL 21155177 1 0 1706748781
WALL 21155177 1 0 1706748782
received SIGCONT 1706748782
WALL 21155177 1 0 1706748782
slurmstepd: error: *** STEP 21155177.0 ON nid200000 CANCELLED AT 2024-02-01T00:53:02 ***
received SIGTERM 1706748782
WALL 21155177 1 0 1706748782
WALL 21155177 1 0 1706748783
WALL 21155177 1 0 1706748784
WALL 21155177 1 0 1706748785
WALL 21155177 1 0 1706748786
WALL 21155177 1 0 1706748787
WALL 21155177 1 0 1706748788
WALL 21155177 1 0 1706748789
WALL 21155177 1 0 1706748790
WALL 21155177 1 0 1706748791
WALL 21155177 1 0 1706748792
WALL 21155177 1 0 1706748793
WALL 21155177 1 0 1706748794
WALL 21155177 1 0 1706748795
WALL 21155177 1 0 1706748796
WALL 21155177 1 0 1706748797
WALL 21155177 1 0 1706748798
WALL 21155177 1 0 1706748799
WALL 21155177 1 0 1706748800
WALL 21155177 1 0 1706748801
WALL 21155177 1 0 1706748802
WALL 21155177 1 0 1706748803
WALL 21155177 1 0 1706748804
WALL 21155177 1 0 1706748805
WALL 21155177 1 0 1706748806
WALL 21155177 1 0 1706748807
WALL 21155177 1 0 1706748808
WALL 21155177 1 0 1706748809
WALL 21155177 1 0 1706748810
WALL 21155177 1 0 1706748811
WALL 21155177 1 0 1706748812
WALL 21155177 1 0 1706748813
WALL 21155177 1 0 1706748814
WALL 21155177 1 0 1706748815
WALL 21155177 1 0 1706748816
WALL 21155177 1 0 1706748817
WALL 21155177 1 0 1706748818
WALL 21155177 1 0 1706748819
WALL 21155177 1 0 1706748820
WALL 21155177 1 0 1706748821
WALL 21155177 1 0 1706748822
WALL 21155177 1 0 1706748823
WALL 21155177 1 0 1706748824
WALL 21155177 1 0 1706748825
WALL 21155177 1 0 1706748826
WALL 21155177 1 0 1706748827
WALL 21155177 1 0 1706748828
WALL 21155177 1 0 1706748829
WALL 21155177 1 0 1706748830
WALL 21155177 1 0 1706748831
WALL 21155177 1 0 1706748832
WALL 21155177 1 0 1706748833
WALL 21155177 1 0 1706748834
WALL 21155177 1 0 1706748835
WALL 21155177 1 0 1706748836
WALL 21155177 1 0 1706748837
WALL 21155177 1 0 1706748838
WALL 21155177 1 0 1706748839
WALL 21155177 1 0 1706748840
WALL 21155177 1 0 1706748841
WALL 21155177 1 0 1706748842
WALL 21155177 1 0 1706748843
WALL 21155177 1 0 1706748844
WALL 21155177 1 0 1706748845
WALL 21155177 1 0 1706748846
WALL 21155177 1 0 1706748847
WALL 21155177 1 0 1706748848
WALL 21155177 1 0 1706748849
WALL 21155177 1 0 1706748850
WALL 21155177 1 0 1706748851
WALL 21155177 1 0 1706748852
WALL 21155177 1 0 1706748853
WALL 21155177 1 0 1706748854
WALL 21155177 1 0 1706748855
WALL 21155177 1 0 1706748856
WALL 21155177 1 0 1706748857
WALL 21155177 1 0 1706748858
WALL 21155177 1 0 1706748859
WALL 21155177 1 0 1706748860
WALL 21155177 1 0 1706748861
WALL 21155177 1 0 1706748862
WALL 21155177 1 0 1706748863
WALL 21155177 1 0 1706748864
WALL 21155177 1 0 1706748865
WALL 21155177 1 0 1706748866
WALL 21155177 1 0 1706748867
WALL 21155177 1 0 1706748868
WALL 21155177 1 0 1706748869
WALL 21155177 1 0 1706748870
WALL 21155177 1 0 1706748871
slurmstepd: error: *** JOB 21155177 ON nid200000 CANCELLED AT 2024-02-01T00:54:32 DUE TO PREEMPTION ***
received SIGTERM 1706748872
WALL 21155177 1 0 1706748872
received SIGCONT 1706748872
WALL 21155177 1 0 1706748872
