WALL 21088572 1 0 1706660040
WALL 21088572 1 0 1706660041
WALL 21088572 1 0 1706660042
WALL 21088572 1 0 1706660043
WALL 21088572 1 0 1706660044
WALL 21088572 1 0 1706660045
WALL 21088572 1 0 1706660046
WALL 21088572 1 0 1706660047
WALL 21088572 1 0 1706660048
WALL 21088572 1 0 1706660049
WALL 21088572 1 0 1706660050
WALL 21088572 1 0 1706660051
WALL 21088572 1 0 1706660052
WALL 21088572 1 0 1706660053
WALL 21088572 1 0 1706660054
WALL 21088572 1 0 1706660055
WALL 21088572 1 0 1706660056
WALL 21088572 1 0 1706660057
WALL 21088572 1 0 1706660058
WALL 21088572 1 0 1706660059
WALL 21088572 1 0 1706660060
WALL 21088572 1 0 1706660061
WALL 21088572 1 0 1706660062
WALL 21088572 1 0 1706660063
WALL 21088572 1 0 1706660064
WALL 21088572 1 0 1706660065
WALL 21088572 1 0 1706660066
WALL 21088572 1 0 1706660067
WALL 21088572 1 0 1706660068
WALL 21088572 1 0 1706660069
WALL 21088572 1 0 1706660070
received SIGCONT 1706660070
WALL 21088572 1 0 1706660070
slurmstepd: error: *** STEP 21088572.0 ON nid200196 CANCELLED AT 2024-01-31T00:14:30 ***
received SIGTERM 1706660070
WALL 21088572 1 0 1706660070
WALL 21088572 1 0 1706660071
WALL 21088572 1 0 1706660072
WALL 21088572 1 0 1706660073
WALL 21088572 1 0 1706660074
WALL 21088572 1 0 1706660075
WALL 21088572 1 0 1706660076
WALL 21088572 1 0 1706660077
WALL 21088572 1 0 1706660078
WALL 21088572 1 0 1706660079
WALL 21088572 1 0 1706660080
WALL 21088572 1 0 1706660081
WALL 21088572 1 0 1706660082
WALL 21088572 1 0 1706660083
WALL 21088572 1 0 1706660084
WALL 21088572 1 0 1706660085
WALL 21088572 1 0 1706660086
WALL 21088572 1 0 1706660087
WALL 21088572 1 0 1706660088
WALL 21088572 1 0 1706660089
WALL 21088572 1 0 1706660090
WALL 21088572 1 0 1706660091
WALL 21088572 1 0 1706660092
WALL 21088572 1 0 1706660093
WALL 21088572 1 0 1706660094
WALL 21088572 1 0 1706660095
WALL 21088572 1 0 1706660096
WALL 21088572 1 0 1706660097
WALL 21088572 1 0 1706660098
WALL 21088572 1 0 1706660099
WALL 21088572 1 0 1706660100
WALL 21088572 1 0 1706660101
WALL 21088572 1 0 1706660102
WALL 21088572 1 0 1706660103
WALL 21088572 1 0 1706660104
WALL 21088572 1 0 1706660105
WALL 21088572 1 0 1706660106
WALL 21088572 1 0 1706660107
WALL 21088572 1 0 1706660108
WALL 21088572 1 0 1706660109
WALL 21088572 1 0 1706660110
WALL 21088572 1 0 1706660111
WALL 21088572 1 0 1706660112
WALL 21088572 1 0 1706660113
WALL 21088572 1 0 1706660114
WALL 21088572 1 0 1706660115
WALL 21088572 1 0 1706660116
WALL 21088572 1 0 1706660117
WALL 21088572 1 0 1706660118
WALL 21088572 1 0 1706660119
WALL 21088572 1 0 1706660120
WALL 21088572 1 0 1706660121
WALL 21088572 1 0 1706660122
WALL 21088572 1 0 1706660123
WALL 21088572 1 0 1706660124
WALL 21088572 1 0 1706660125
WALL 21088572 1 0 1706660126
WALL 21088572 1 0 1706660127
WALL 21088572 1 0 1706660128
WALL 21088572 1 0 1706660129
WALL 21088572 1 0 1706660130
WALL 21088572 1 0 1706660131
WALL 21088572 1 0 1706660132
WALL 21088572 1 0 1706660133
WALL 21088572 1 0 1706660134
WALL 21088572 1 0 1706660135
WALL 21088572 1 0 1706660136
WALL 21088572 1 0 1706660137
WALL 21088572 1 0 1706660138
WALL 21088572 1 0 1706660139
WALL 21088572 1 0 1706660140
WALL 21088572 1 0 1706660141
WALL 21088572 1 0 1706660142
WALL 21088572 1 0 1706660143
WALL 21088572 1 0 1706660144
WALL 21088572 1 0 1706660145
WALL 21088572 1 0 1706660146
WALL 21088572 1 0 1706660147
WALL 21088572 1 0 1706660148
WALL 21088572 1 0 1706660149
WALL 21088572 1 0 1706660150
WALL 21088572 1 0 1706660151
WALL 21088572 1 0 1706660152
WALL 21088572 1 0 1706660153
WALL 21088572 1 0 1706660154
WALL 21088572 1 0 1706660155
WALL 21088572 1 0 1706660156
WALL 21088572 1 0 1706660157
WALL 21088572 1 0 1706660158
WALL 21088572 1 0 1706660159
slurmstepd: error: *** JOB 21088572 ON nid200196 CANCELLED AT 2024-01-31T00:15:59 DUE TO PREEMPTION ***
received SIGTERM 1706660159
WALL 21088572 1 0 1706660159
received SIGCONT 1706660159
WALL 21088572 1 0 1706660159
received SIGTERM 1706660159
WALL 21088572 1 0 1706660159
srun: Job step aborted: Waiting up to 32 seconds for job step to finish.
