WALL 21086770 1 0 1706655783
WALL 21086770 1 0 1706655784
WALL 21086770 1 0 1706655785
WALL 21086770 1 0 1706655786
WALL 21086770 1 0 1706655787
WALL 21086770 1 0 1706655788
WALL 21086770 1 0 1706655789
WALL 21086770 1 0 1706655790
WALL 21086770 1 0 1706655791
WALL 21086770 1 0 1706655792
WALL 21086770 1 0 1706655793
WALL 21086770 1 0 1706655794
WALL 21086770 1 0 1706655795
WALL 21086770 1 0 1706655796
WALL 21086770 1 0 1706655797
WALL 21086770 1 0 1706655798
WALL 21086770 1 0 1706655799
WALL 21086770 1 0 1706655800
WALL 21086770 1 0 1706655801
WALL 21086770 1 0 1706655802
WALL 21086770 1 0 1706655803
WALL 21086770 1 0 1706655804
WALL 21086770 1 0 1706655805
WALL 21086770 1 0 1706655806
WALL 21086770 1 0 1706655807
WALL 21086770 1 0 1706655808
WALL 21086770 1 0 1706655809
WALL 21086770 1 0 1706655810
WALL 21086770 1 0 1706655811
WALL 21086770 1 0 1706655812
WALL 21086770 1 0 1706655813
WALL 21086770 1 0 1706655814
WALL 21086770 1 0 1706655815
WALL 21086770 1 0 1706655816
WALL 21086770 1 0 1706655817
WALL 21086770 1 0 1706655818
WALL 21086770 1 0 1706655819
WALL 21086770 1 0 1706655820
WALL 21086770 1 0 1706655821
WALL 21086770 1 0 1706655822
WALL 21086770 1 0 1706655823
WALL 21086770 1 0 1706655824
WALL 21086770 1 0 1706655825
WALL 21086770 1 0 1706655826
WALL 21086770 1 0 1706655827
WALL 21086770 1 0 1706655828
WALL 21086770 1 0 1706655829
WALL 21086770 1 0 1706655830
WALL 21086770 1 0 1706655831
received SIGCONT 1706655832
WALL 21086770 1 0 1706655832
slurmstepd: error: *** STEP 21086770.0 ON nid200183 CANCELLED AT 2024-01-30T23:03:52 ***
received SIGTERM 1706655832
WALL 21086770 1 0 1706655832
WALL 21086770 1 0 1706655833
WALL 21086770 1 0 1706655834
WALL 21086770 1 0 1706655835
WALL 21086770 1 0 1706655836
WALL 21086770 1 0 1706655837
WALL 21086770 1 0 1706655838
WALL 21086770 1 0 1706655839
WALL 21086770 1 0 1706655840
WALL 21086770 1 0 1706655841
WALL 21086770 1 0 1706655842
WALL 21086770 1 0 1706655843
WALL 21086770 1 0 1706655844
WALL 21086770 1 0 1706655845
WALL 21086770 1 0 1706655846
WALL 21086770 1 0 1706655847
WALL 21086770 1 0 1706655848
WALL 21086770 1 0 1706655849
WALL 21086770 1 0 1706655850
WALL 21086770 1 0 1706655851
WALL 21086770 1 0 1706655852
WALL 21086770 1 0 1706655853
WALL 21086770 1 0 1706655854
WALL 21086770 1 0 1706655855
WALL 21086770 1 0 1706655856
WALL 21086770 1 0 1706655857
WALL 21086770 1 0 1706655858
WALL 21086770 1 0 1706655859
WALL 21086770 1 0 1706655860
WALL 21086770 1 0 1706655861
WALL 21086770 1 0 1706655862
WALL 21086770 1 0 1706655863
WALL 21086770 1 0 1706655864
WALL 21086770 1 0 1706655865
WALL 21086770 1 0 1706655866
WALL 21086770 1 0 1706655867
WALL 21086770 1 0 1706655868
WALL 21086770 1 0 1706655869
WALL 21086770 1 0 1706655870
WALL 21086770 1 0 1706655871
WALL 21086770 1 0 1706655872
WALL 21086770 1 0 1706655873
WALL 21086770 1 0 1706655874
WALL 21086770 1 0 1706655875
WALL 21086770 1 0 1706655876
WALL 21086770 1 0 1706655877
WALL 21086770 1 0 1706655878
WALL 21086770 1 0 1706655879
WALL 21086770 1 0 1706655880
WALL 21086770 1 0 1706655881
WALL 21086770 1 0 1706655882
WALL 21086770 1 0 1706655883
WALL 21086770 1 0 1706655884
WALL 21086770 1 0 1706655885
WALL 21086770 1 0 1706655886
WALL 21086770 1 0 1706655887
WALL 21086770 1 0 1706655888
WALL 21086770 1 0 1706655889
WALL 21086770 1 0 1706655890
WALL 21086770 1 0 1706655891
WALL 21086770 1 0 1706655892
WALL 21086770 1 0 1706655893
WALL 21086770 1 0 1706655894
WALL 21086770 1 0 1706655895
WALL 21086770 1 0 1706655896
WALL 21086770 1 0 1706655897
WALL 21086770 1 0 1706655898
WALL 21086770 1 0 1706655899
slurmstepd: error: *** JOB 21086770 ON nid200183 CANCELLED AT 2024-01-30T23:04:59 DUE TO PREEMPTION ***
received SIGTERM 1706655899
WALL 21086770 1 0 1706655899
received SIGCONT 1706655899
WALL 21086770 1 0 1706655899
received SIGTERM 1706655899
WALL 21086770 1 0 1706655899
