srun: warning: can't run 1 processes on 2 nodes, setting nnodes to 1
WALL 21232228 1 0 1706901706
WALL 21232228 1 0 1706901707
WALL 21232228 1 0 1706901708
WALL 21232228 1 0 1706901709
WALL 21232228 1 0 1706901710
WALL 21232228 1 0 1706901711
WALL 21232228 1 0 1706901712
WALL 21232228 1 0 1706901713
WALL 21232228 1 0 1706901714
WALL 21232228 1 0 1706901715
WALL 21232228 1 0 1706901716
WALL 21232228 1 0 1706901717
WALL 21232228 1 0 1706901718
WALL 21232228 1 0 1706901719
WALL 21232228 1 0 1706901720
WALL 21232228 1 0 1706901721
WALL 21232228 1 0 1706901722
WALL 21232228 1 0 1706901723
WALL 21232228 1 0 1706901724
WALL 21232228 1 0 1706901725
WALL 21232228 1 0 1706901726
WALL 21232228 1 0 1706901727
WALL 21232228 1 0 1706901728
slurmstepd: error: *** STEP 21232228.0 ON nid200033 CANCELLED AT 2024-02-02T19:22:08 ***
received SIGCONT 1706901728
WALL 21232228 1 0 1706901728
received SIGTERM 1706901728
WALL 21232228 1 0 1706901728
WALL 21232228 1 0 1706901729
WALL 21232228 1 0 1706901730
WALL 21232228 1 0 1706901731
WALL 21232228 1 0 1706901732
WALL 21232228 1 0 1706901733
WALL 21232228 1 0 1706901734
WALL 21232228 1 0 1706901735
WALL 21232228 1 0 1706901736
WALL 21232228 1 0 1706901737
WALL 21232228 1 0 1706901738
WALL 21232228 1 0 1706901739
WALL 21232228 1 0 1706901740
WALL 21232228 1 0 1706901741
WALL 21232228 1 0 1706901742
WALL 21232228 1 0 1706901743
WALL 21232228 1 0 1706901744
WALL 21232228 1 0 1706901745
WALL 21232228 1 0 1706901746
WALL 21232228 1 0 1706901747
WALL 21232228 1 0 1706901748
WALL 21232228 1 0 1706901749
WALL 21232228 1 0 1706901750
WALL 21232228 1 0 1706901751
WALL 21232228 1 0 1706901752
WALL 21232228 1 0 1706901753
WALL 21232228 1 0 1706901754
WALL 21232228 1 0 1706901755
WALL 21232228 1 0 1706901756
WALL 21232228 1 0 1706901757
WALL 21232228 1 0 1706901758
WALL 21232228 1 0 1706901759
WALL 21232228 1 0 1706901760
WALL 21232228 1 0 1706901761
WALL 21232228 1 0 1706901762
WALL 21232228 1 0 1706901763
WALL 21232228 1 0 1706901764
WALL 21232228 1 0 1706901765
WALL 21232228 1 0 1706901766
WALL 21232228 1 0 1706901767
WALL 21232228 1 0 1706901768
WALL 21232228 1 0 1706901769
WALL 21232228 1 0 1706901770
WALL 21232228 1 0 1706901771
WALL 21232228 1 0 1706901772
WALL 21232228 1 0 1706901773
WALL 21232228 1 0 1706901774
WALL 21232228 1 0 1706901775
WALL 21232228 1 0 1706901776
WALL 21232228 1 0 1706901777
WALL 21232228 1 0 1706901778
WALL 21232228 1 0 1706901779
WALL 21232228 1 0 1706901780
WALL 21232228 1 0 1706901781
WALL 21232228 1 0 1706901782
WALL 21232228 1 0 1706901783
WALL 21232228 1 0 1706901784
WALL 21232228 1 0 1706901785
WALL 21232228 1 0 1706901786
WALL 21232228 1 0 1706901787
WALL 21232228 1 0 1706901788
WALL 21232228 1 0 1706901789
WALL 21232228 1 0 1706901790
WALL 21232228 1 0 1706901791
WALL 21232228 1 0 1706901792
WALL 21232228 1 0 1706901793
WALL 21232228 1 0 1706901794
WALL 21232228 1 0 1706901795
WALL 21232228 1 0 1706901796
WALL 21232228 1 0 1706901797
WALL 21232228 1 0 1706901798
WALL 21232228 1 0 1706901799
WALL 21232228 1 0 1706901800
WALL 21232228 1 0 1706901801
WALL 21232228 1 0 1706901802
WALL 21232228 1 0 1706901803
WALL 21232228 1 0 1706901804
WALL 21232228 1 0 1706901805
WALL 21232228 1 0 1706901806
WALL 21232228 1 0 1706901807
WALL 21232228 1 0 1706901808
WALL 21232228 1 0 1706901809
WALL 21232228 1 0 1706901810
WALL 21232228 1 0 1706901811
WALL 21232228 1 0 1706901812
WALL 21232228 1 0 1706901813
WALL 21232228 1 0 1706901814
WALL 21232228 1 0 1706901815
WALL 21232228 1 0 1706901816
WALL 21232228 1 0 1706901817
WALL 21232228 1 0 1706901818
WALL 21232228 1 0 1706901819
WALL 21232228 1 0 1706901820
WALL 21232228 1 0 1706901821
WALL 21232228 1 0 1706901822
WALL 21232228 1 0 1706901823
WALL 21232228 1 0 1706901824
WALL 21232228 1 0 1706901825
WALL 21232228 1 0 1706901826
WALL 21232228 1 0 1706901827
WALL 21232228 1 0 1706901828
WALL 21232228 1 0 1706901829
WALL 21232228 1 0 1706901830
WALL 21232228 1 0 1706901831
WALL 21232228 1 0 1706901832
WALL 21232228 1 0 1706901833
WALL 21232228 1 0 1706901834
WALL 21232228 1 0 1706901835
WALL 21232228 1 0 1706901836
WALL 21232228 1 0 1706901837
WALL 21232228 1 0 1706901838
WALL 21232228 1 0 1706901839
WALL 21232228 1 0 1706901840
WALL 21232228 1 0 1706901841
WALL 21232228 1 0 1706901842
WALL 21232228 1 0 1706901843
WALL 21232228 1 0 1706901844
WALL 21232228 1 0 1706901845
WALL 21232228 1 0 1706901846
WALL 21232228 1 0 1706901847
WALL 21232228 1 0 1706901848
WALL 21232228 1 0 1706901849
WALL 21232228 1 0 1706901850
WALL 21232228 1 0 1706901851
WALL 21232228 1 0 1706901852
WALL 21232228 1 0 1706901853
WALL 21232228 1 0 1706901854
WALL 21232228 1 0 1706901855
WALL 21232228 1 0 1706901856
WALL 21232228 1 0 1706901857
WALL 21232228 1 0 1706901858
WALL 21232228 1 0 1706901859
WALL 21232228 1 0 1706901860
WALL 21232228 1 0 1706901861
WALL 21232228 1 0 1706901862
WALL 21232228 1 0 1706901863
WALL 21232228 1 0 1706901864
WALL 21232228 1 0 1706901865
WALL 21232228 1 0 1706901866
WALL 21232228 1 0 1706901867
WALL 21232228 1 0 1706901868
WALL 21232228 1 0 1706901869
WALL 21232228 1 0 1706901870
WALL 21232228 1 0 1706901871
WALL 21232228 1 0 1706901872
WALL 21232228 1 0 1706901873
WALL 21232228 1 0 1706901874
slurmstepd: error: *** JOB 21232228 ON nid200033 CANCELLED AT 2024-02-02T19:24:34 DUE TO PREEMPTION ***
received SIGTERM 1706901874
WALL 21232228 1 0 1706901874
received SIGCONT 1706901874
WALL 21232228 1 0 1706901874
received SIGTERM 1706901874
WALL 21232228 1 0 1706901874
