WALL 21206796 1 0 1706820857
WALL 21206796 1 0 1706820858
WALL 21206796 1 0 1706820859
WALL 21206796 1 0 1706820860
WALL 21206796 1 0 1706820861
WALL 21206796 1 0 1706820862
WALL 21206796 1 0 1706820863
WALL 21206796 1 0 1706820864
WALL 21206796 1 0 1706820865
WALL 21206796 1 0 1706820866
WALL 21206796 1 0 1706820867
WALL 21206796 1 0 1706820868
WALL 21206796 1 0 1706820869
WALL 21206796 1 0 1706820870
WALL 21206796 1 0 1706820871
WALL 21206796 1 0 1706820872
WALL 21206796 1 0 1706820873
WALL 21206796 1 0 1706820874
WALL 21206796 1 0 1706820875
WALL 21206796 1 0 1706820876
WALL 21206796 1 0 1706820877
WALL 21206796 1 0 1706820878
WALL 21206796 1 0 1706820879
WALL 21206796 1 0 1706820880
WALL 21206796 1 0 1706820881
WALL 21206796 1 0 1706820882
WALL 21206796 1 0 1706820883
WALL 21206796 1 0 1706820884
WALL 21206796 1 0 1706820885
WALL 21206796 1 0 1706820886
WALL 21206796 1 0 1706820887
WALL 21206796 1 0 1706820888
WALL 21206796 1 0 1706820889
WALL 21206796 1 0 1706820890
WALL 21206796 1 0 1706820891
WALL 21206796 1 0 1706820892
WALL 21206796 1 0 1706820893
WALL 21206796 1 0 1706820894
WALL 21206796 1 0 1706820895
WALL 21206796 1 0 1706820896
WALL 21206796 1 0 1706820897
WALL 21206796 1 0 1706820898
WALL 21206796 1 0 1706820899
WALL 21206796 1 0 1706820900
WALL 21206796 1 0 1706820901
WALL 21206796 1 0 1706820902
WALL 21206796 1 0 1706820903
WALL 21206796 1 0 1706820904
WALL 21206796 1 0 1706820905
WALL 21206796 1 0 1706820906
WALL 21206796 1 0 1706820907
WALL 21206796 1 0 1706820908
WALL 21206796 1 0 1706820909
WALL 21206796 1 0 1706820910
WALL 21206796 1 0 1706820911
WALL 21206796 1 0 1706820912
WALL 21206796 1 0 1706820913
WALL 21206796 1 0 1706820914
WALL 21206796 1 0 1706820915
WALL 21206796 1 0 1706820916
WALL 21206796 1 0 1706820917
WALL 21206796 1 0 1706820918
WALL 21206796 1 0 1706820919
WALL 21206796 1 0 1706820920
WALL 21206796 1 0 1706820921
WALL 21206796 1 0 1706820922
WALL 21206796 1 0 1706820923
WALL 21206796 1 0 1706820924
WALL 21206796 1 0 1706820925
WALL 21206796 1 0 1706820926
WALL 21206796 1 0 1706820927
WALL 21206796 1 0 1706820928
WALL 21206796 1 0 1706820929
WALL 21206796 1 0 1706820930
received SIGCONT 1706820930
WALL 21206796 1 0 1706820930
slurmstepd: error: *** STEP 21206796.0 ON nid200000 CANCELLED AT 2024-02-01T20:55:30 ***
received SIGTERM 1706820930
WALL 21206796 1 0 1706820930
WALL 21206796 1 0 1706820931
WALL 21206796 1 0 1706820932
WALL 21206796 1 0 1706820933
WALL 21206796 1 0 1706820934
WALL 21206796 1 0 1706820935
WALL 21206796 1 0 1706820936
WALL 21206796 1 0 1706820937
WALL 21206796 1 0 1706820938
WALL 21206796 1 0 1706820939
WALL 21206796 1 0 1706820940
WALL 21206796 1 0 1706820941
WALL 21206796 1 0 1706820942
WALL 21206796 1 0 1706820943
WALL 21206796 1 0 1706820944
WALL 21206796 1 0 1706820945
WALL 21206796 1 0 1706820946
WALL 21206796 1 0 1706820947
WALL 21206796 1 0 1706820948
WALL 21206796 1 0 1706820949
WALL 21206796 1 0 1706820950
WALL 21206796 1 0 1706820951
WALL 21206796 1 0 1706820952
WALL 21206796 1 0 1706820953
WALL 21206796 1 0 1706820954
WALL 21206796 1 0 1706820955
WALL 21206796 1 0 1706820956
WALL 21206796 1 0 1706820957
WALL 21206796 1 0 1706820958
WALL 21206796 1 0 1706820959
WALL 21206796 1 0 1706820960
WALL 21206796 1 0 1706820961
WALL 21206796 1 0 1706820962
WALL 21206796 1 0 1706820963
WALL 21206796 1 0 1706820964
WALL 21206796 1 0 1706820965
WALL 21206796 1 0 1706820966
WALL 21206796 1 0 1706820967
WALL 21206796 1 0 1706820968
WALL 21206796 1 0 1706820969
WALL 21206796 1 0 1706820970
WALL 21206796 1 0 1706820971
WALL 21206796 1 0 1706820972
WALL 21206796 1 0 1706820973
WALL 21206796 1 0 1706820974
WALL 21206796 1 0 1706820975
WALL 21206796 1 0 1706820976
WALL 21206796 1 0 1706820977
WALL 21206796 1 0 1706820978
WALL 21206796 1 0 1706820979
WALL 21206796 1 0 1706820980
WALL 21206796 1 0 1706820981
WALL 21206796 1 0 1706820982
WALL 21206796 1 0 1706820983
WALL 21206796 1 0 1706820984
WALL 21206796 1 0 1706820985
WALL 21206796 1 0 1706820986
WALL 21206796 1 0 1706820987
WALL 21206796 1 0 1706820988
WALL 21206796 1 0 1706820989
WALL 21206796 1 0 1706820990
WALL 21206796 1 0 1706820991
WALL 21206796 1 0 1706820992
WALL 21206796 1 0 1706820993
WALL 21206796 1 0 1706820994
WALL 21206796 1 0 1706820995
WALL 21206796 1 0 1706820996
WALL 21206796 1 0 1706820997
WALL 21206796 1 0 1706820998
WALL 21206796 1 0 1706820999
WALL 21206796 1 0 1706821000
WALL 21206796 1 0 1706821001
WALL 21206796 1 0 1706821002
WALL 21206796 1 0 1706821003
WALL 21206796 1 0 1706821004
WALL 21206796 1 0 1706821005
WALL 21206796 1 0 1706821006
WALL 21206796 1 0 1706821007
slurmstepd: error: *** JOB 21206796 ON nid200000 CANCELLED AT 2024-02-01T20:56:47 DUE TO PREEMPTION ***
received SIGTERM 1706821007
WALL 21206796 1 0 1706821007
received SIGCONT 1706821007
WALL 21206796 1 0 1706821007
received SIGTERM 1706821007
WALL 21206796 1 0 1706821007
