WALL 21200423 1 0 1706816636
WALL 21200423 1 0 1706816637
WALL 21200423 1 0 1706816638
WALL 21200423 1 0 1706816639
WALL 21200423 1 0 1706816640
WALL 21200423 1 0 1706816641
WALL 21200423 1 0 1706816642
WALL 21200423 1 0 1706816643
WALL 21200423 1 0 1706816644
WALL 21200423 1 0 1706816645
WALL 21200423 1 0 1706816646
WALL 21200423 1 0 1706816647
WALL 21200423 1 0 1706816648
WALL 21200423 1 0 1706816649
WALL 21200423 1 0 1706816650
WALL 21200423 1 0 1706816651
WALL 21200423 1 0 1706816652
WALL 21200423 1 0 1706816653
WALL 21200423 1 0 1706816654
WALL 21200423 1 0 1706816655
WALL 21200423 1 0 1706816656
WALL 21200423 1 0 1706816657
WALL 21200423 1 0 1706816658
received SIGCONT 1706816659
WALL 21200423 1 0 1706816659
slurmstepd: error: *** STEP 21200423.0 ON nid200018 CANCELLED AT 2024-02-01T19:44:19 ***
received SIGTERM 1706816659
WALL 21200423 1 0 1706816659
WALL 21200423 1 0 1706816660
WALL 21200423 1 0 1706816661
WALL 21200423 1 0 1706816662
WALL 21200423 1 0 1706816663
WALL 21200423 1 0 1706816664
WALL 21200423 1 0 1706816665
WALL 21200423 1 0 1706816666
WALL 21200423 1 0 1706816667
WALL 21200423 1 0 1706816668
WALL 21200423 1 0 1706816669
WALL 21200423 1 0 1706816670
WALL 21200423 1 0 1706816671
WALL 21200423 1 0 1706816672
WALL 21200423 1 0 1706816673
WALL 21200423 1 0 1706816674
WALL 21200423 1 0 1706816675
WALL 21200423 1 0 1706816676
WALL 21200423 1 0 1706816677
WALL 21200423 1 0 1706816678
WALL 21200423 1 0 1706816679
WALL 21200423 1 0 1706816680
WALL 21200423 1 0 1706816681
WALL 21200423 1 0 1706816682
WALL 21200423 1 0 1706816683
WALL 21200423 1 0 1706816684
WALL 21200423 1 0 1706816685
WALL 21200423 1 0 1706816686
WALL 21200423 1 0 1706816687
WALL 21200423 1 0 1706816688
WALL 21200423 1 0 1706816689
WALL 21200423 1 0 1706816690
WALL 21200423 1 0 1706816691
WALL 21200423 1 0 1706816692
WALL 21200423 1 0 1706816693
WALL 21200423 1 0 1706816694
WALL 21200423 1 0 1706816695
WALL 21200423 1 0 1706816696
WALL 21200423 1 0 1706816697
WALL 21200423 1 0 1706816698
WALL 21200423 1 0 1706816699
WALL 21200423 1 0 1706816700
WALL 21200423 1 0 1706816701
WALL 21200423 1 0 1706816702
WALL 21200423 1 0 1706816703
WALL 21200423 1 0 1706816704
WALL 21200423 1 0 1706816705
WALL 21200423 1 0 1706816706
WALL 21200423 1 0 1706816707
WALL 21200423 1 0 1706816708
WALL 21200423 1 0 1706816709
WALL 21200423 1 0 1706816710
WALL 21200423 1 0 1706816711
WALL 21200423 1 0 1706816712
WALL 21200423 1 0 1706816713
WALL 21200423 1 0 1706816714
WALL 21200423 1 0 1706816715
WALL 21200423 1 0 1706816716
WALL 21200423 1 0 1706816717
WALL 21200423 1 0 1706816718
WALL 21200423 1 0 1706816719
WALL 21200423 1 0 1706816720
WALL 21200423 1 0 1706816721
WALL 21200423 1 0 1706816722
WALL 21200423 1 0 1706816723
WALL 21200423 1 0 1706816724
WALL 21200423 1 0 1706816725
WALL 21200423 1 0 1706816726
WALL 21200423 1 0 1706816727
WALL 21200423 1 0 1706816728
WALL 21200423 1 0 1706816729
WALL 21200423 1 0 1706816730
WALL 21200423 1 0 1706816731
WALL 21200423 1 0 1706816732
slurmstepd: error: *** JOB 21200423 ON nid200018 CANCELLED AT 2024-02-01T19:45:32 DUE TO PREEMPTION ***
received SIGTERM 1706816732
WALL 21200423 1 0 1706816732
received SIGCONT 1706816732
WALL 21200423 1 0 1706816732
received SIGTERM 1706816732
WALL 21200423 1 0 1706816732
