srun: warning: can't run 1 processes on 2 nodes, setting nnodes to 1
WALL 21202861 1 0 1706817556
WALL 21202861 1 0 1706817557
WALL 21202861 1 0 1706817558
WALL 21202861 1 0 1706817559
WALL 21202861 1 0 1706817560
WALL 21202861 1 0 1706817561
WALL 21202861 1 0 1706817562
WALL 21202861 1 0 1706817563
WALL 21202861 1 0 1706817564
WALL 21202861 1 0 1706817565
WALL 21202861 1 0 1706817566
WALL 21202861 1 0 1706817567
WALL 21202861 1 0 1706817568
WALL 21202861 1 0 1706817569
WALL 21202861 1 0 1706817570
WALL 21202861 1 0 1706817571
WALL 21202861 1 0 1706817572
WALL 21202861 1 0 1706817573
WALL 21202861 1 0 1706817574
WALL 21202861 1 0 1706817575
WALL 21202861 1 0 1706817576
WALL 21202861 1 0 1706817577
WALL 21202861 1 0 1706817578
WALL 21202861 1 0 1706817579
WALL 21202861 1 0 1706817580
WALL 21202861 1 0 1706817581
WALL 21202861 1 0 1706817582
WALL 21202861 1 0 1706817583
WALL 21202861 1 0 1706817584
WALL 21202861 1 0 1706817585
WALL 21202861 1 0 1706817586
WALL 21202861 1 0 1706817587
WALL 21202861 1 0 1706817588
WALL 21202861 1 0 1706817589
WALL 21202861 1 0 1706817590
WALL 21202861 1 0 1706817591
WALL 21202861 1 0 1706817592
WALL 21202861 1 0 1706817593
WALL 21202861 1 0 1706817594
WALL 21202861 1 0 1706817595
WALL 21202861 1 0 1706817596
WALL 21202861 1 0 1706817597
WALL 21202861 1 0 1706817598
WALL 21202861 1 0 1706817599
WALL 21202861 1 0 1706817600
WALL 21202861 1 0 1706817601
WALL 21202861 1 0 1706817602
WALL 21202861 1 0 1706817603
WALL 21202861 1 0 1706817604
WALL 21202861 1 0 1706817605
WALL 21202861 1 0 1706817606
WALL 21202861 1 0 1706817607
WALL 21202861 1 0 1706817608
WALL 21202861 1 0 1706817609
WALL 21202861 1 0 1706817610
WALL 21202861 1 0 1706817611
WALL 21202861 1 0 1706817612
WALL 21202861 1 0 1706817613
WALL 21202861 1 0 1706817614
WALL 21202861 1 0 1706817615
WALL 21202861 1 0 1706817616
WALL 21202861 1 0 1706817617
WALL 21202861 1 0 1706817618
WALL 21202861 1 0 1706817619
WALL 21202861 1 0 1706817620
WALL 21202861 1 0 1706817621
WALL 21202861 1 0 1706817622
WALL 21202861 1 0 1706817623
WALL 21202861 1 0 1706817624
WALL 21202861 1 0 1706817625
WALL 21202861 1 0 1706817626
WALL 21202861 1 0 1706817627
WALL 21202861 1 0 1706817628
WALL 21202861 1 0 1706817629
WALL 21202861 1 0 1706817630
WALL 21202861 1 0 1706817631
WALL 21202861 1 0 1706817632
WALL 21202861 1 0 1706817633
WALL 21202861 1 0 1706817634
WALL 21202861 1 0 1706817635
WALL 21202861 1 0 1706817636
WALL 21202861 1 0 1706817637
WALL 21202861 1 0 1706817638
WALL 21202861 1 0 1706817639
WALL 21202861 1 0 1706817640
WALL 21202861 1 0 1706817641
WALL 21202861 1 0 1706817642
WALL 21202861 1 0 1706817643
WALL 21202861 1 0 1706817644
WALL 21202861 1 0 1706817645
WALL 21202861 1 0 1706817646
WALL 21202861 1 0 1706817647
WALL 21202861 1 0 1706817648
WALL 21202861 1 0 1706817649
WALL 21202861 1 0 1706817650
WALL 21202861 1 0 1706817651
WALL 21202861 1 0 1706817652
WALL 21202861 1 0 1706817653
WALL 21202861 1 0 1706817654
WALL 21202861 1 0 1706817655
WALL 21202861 1 0 1706817656
WALL 21202861 1 0 1706817657
WALL 21202861 1 0 1706817658
WALL 21202861 1 0 1706817659
WALL 21202861 1 0 1706817660
WALL 21202861 1 0 1706817661
WALL 21202861 1 0 1706817662
WALL 21202861 1 0 1706817663
WALL 21202861 1 0 1706817664
WALL 21202861 1 0 1706817665
WALL 21202861 1 0 1706817666
WALL 21202861 1 0 1706817667
WALL 21202861 1 0 1706817668
WALL 21202861 1 0 1706817669
WALL 21202861 1 0 1706817670
WALL 21202861 1 0 1706817671
WALL 21202861 1 0 1706817672
WALL 21202861 1 0 1706817673
WALL 21202861 1 0 1706817674
WALL 21202861 1 0 1706817675
WALL 21202861 1 0 1706817676
WALL 21202861 1 0 1706817677
WALL 21202861 1 0 1706817678
WALL 21202861 1 0 1706817679
WALL 21202861 1 0 1706817680
WALL 21202861 1 0 1706817681
WALL 21202861 1 0 1706817682
WALL 21202861 1 0 1706817683
WALL 21202861 1 0 1706817684
WALL 21202861 1 0 1706817685
WALL 21202861 1 0 1706817686
WALL 21202861 1 0 1706817687
WALL 21202861 1 0 1706817688
WALL 21202861 1 0 1706817689
WALL 21202861 1 0 1706817690
WALL 21202861 1 0 1706817691
WALL 21202861 1 0 1706817692
WALL 21202861 1 0 1706817693
WALL 21202861 1 0 1706817694
WALL 21202861 1 0 1706817695
WALL 21202861 1 0 1706817696
WALL 21202861 1 0 1706817697
WALL 21202861 1 0 1706817698
WALL 21202861 1 0 1706817699
WALL 21202861 1 0 1706817700
WALL 21202861 1 0 1706817701
WALL 21202861 1 0 1706817702
WALL 21202861 1 0 1706817703
WALL 21202861 1 0 1706817704
WALL 21202861 1 0 1706817705
WALL 21202861 1 0 1706817706
WALL 21202861 1 0 1706817707
WALL 21202861 1 0 1706817708
WALL 21202861 1 0 1706817709
WALL 21202861 1 0 1706817710
WALL 21202861 1 0 1706817711
WALL 21202861 1 0 1706817712
WALL 21202861 1 0 1706817713
WALL 21202861 1 0 1706817714
WALL 21202861 1 0 1706817715
WALL 21202861 1 0 1706817716
WALL 21202861 1 0 1706817717
WALL 21202861 1 0 1706817718
received SIGCONT 1706817718
WALL 21202861 1 0 1706817718
slurmstepd: error: *** STEP 21202861.0 ON nid200026 CANCELLED AT 2024-02-01T20:01:58 ***
received SIGTERM 1706817718
WALL 21202861 1 0 1706817718
WALL 21202861 1 0 1706817719
WALL 21202861 1 0 1706817720
WALL 21202861 1 0 1706817721
WALL 21202861 1 0 1706817722
WALL 21202861 1 0 1706817723
WALL 21202861 1 0 1706817724
WALL 21202861 1 0 1706817725
WALL 21202861 1 0 1706817726
WALL 21202861 1 0 1706817727
WALL 21202861 1 0 1706817728
WALL 21202861 1 0 1706817729
WALL 21202861 1 0 1706817730
WALL 21202861 1 0 1706817731
WALL 21202861 1 0 1706817732
WALL 21202861 1 0 1706817733
WALL 21202861 1 0 1706817734
WALL 21202861 1 0 1706817735
WALL 21202861 1 0 1706817736
WALL 21202861 1 0 1706817737
WALL 21202861 1 0 1706817738
WALL 21202861 1 0 1706817739
WALL 21202861 1 0 1706817740
WALL 21202861 1 0 1706817741
WALL 21202861 1 0 1706817742
WALL 21202861 1 0 1706817743
WALL 21202861 1 0 1706817744
WALL 21202861 1 0 1706817745
WALL 21202861 1 0 1706817746
WALL 21202861 1 0 1706817747
WALL 21202861 1 0 1706817748
WALL 21202861 1 0 1706817749
WALL 21202861 1 0 1706817750
WALL 21202861 1 0 1706817751
WALL 21202861 1 0 1706817752
WALL 21202861 1 0 1706817753
WALL 21202861 1 0 1706817754
WALL 21202861 1 0 1706817755
WALL 21202861 1 0 1706817756
WALL 21202861 1 0 1706817757
WALL 21202861 1 0 1706817758
WALL 21202861 1 0 1706817759
WALL 21202861 1 0 1706817760
WALL 21202861 1 0 1706817761
WALL 21202861 1 0 1706817762
WALL 21202861 1 0 1706817763
WALL 21202861 1 0 1706817764
WALL 21202861 1 0 1706817765
WALL 21202861 1 0 1706817766
WALL 21202861 1 0 1706817767
WALL 21202861 1 0 1706817768
WALL 21202861 1 0 1706817769
WALL 21202861 1 0 1706817770
WALL 21202861 1 0 1706817771
WALL 21202861 1 0 1706817772
WALL 21202861 1 0 1706817773
WALL 21202861 1 0 1706817774
WALL 21202861 1 0 1706817775
WALL 21202861 1 0 1706817776
WALL 21202861 1 0 1706817777
WALL 21202861 1 0 1706817778
WALL 21202861 1 0 1706817779
WALL 21202861 1 0 1706817780
WALL 21202861 1 0 1706817781
WALL 21202861 1 0 1706817782
WALL 21202861 1 0 1706817783
WALL 21202861 1 0 1706817784
WALL 21202861 1 0 1706817785
WALL 21202861 1 0 1706817786
WALL 21202861 1 0 1706817787
WALL 21202861 1 0 1706817788
WALL 21202861 1 0 1706817789
WALL 21202861 1 0 1706817790
WALL 21202861 1 0 1706817791
WALL 21202861 1 0 1706817792
WALL 21202861 1 0 1706817793
WALL 21202861 1 0 1706817794
WALL 21202861 1 0 1706817795
WALL 21202861 1 0 1706817796
slurmstepd: error: *** JOB 21202861 ON nid200026 CANCELLED AT 2024-02-01T20:03:16 DUE TO PREEMPTION ***
received SIGTERM 1706817796
WALL 21202861 1 0 1706817796
received SIGCONT 1706817796
WALL 21202861 1 0 1706817796
received SIGTERM 1706817796
WALL 21202861 1 0 1706817796
