WALL 21086773 1 0 1706655783
WALL 21086773 1 0 1706655784
WALL 21086773 1 0 1706655785
WALL 21086773 1 0 1706655786
WALL 21086773 1 0 1706655787
WALL 21086773 1 0 1706655788
WALL 21086773 1 0 1706655789
WALL 21086773 1 0 1706655790
WALL 21086773 1 0 1706655791
WALL 21086773 1 0 1706655792
WALL 21086773 1 0 1706655793
WALL 21086773 1 0 1706655794
WALL 21086773 1 0 1706655795
WALL 21086773 1 0 1706655796
WALL 21086773 1 0 1706655797
WALL 21086773 1 0 1706655798
WALL 21086773 1 0 1706655799
WALL 21086773 1 0 1706655800
WALL 21086773 1 0 1706655801
WALL 21086773 1 0 1706655802
WALL 21086773 1 0 1706655803
WALL 21086773 1 0 1706655804
WALL 21086773 1 0 1706655805
WALL 21086773 1 0 1706655806
WALL 21086773 1 0 1706655807
WALL 21086773 1 0 1706655808
WALL 21086773 1 0 1706655809
WALL 21086773 1 0 1706655810
WALL 21086773 1 0 1706655811
WALL 21086773 1 0 1706655812
WALL 21086773 1 0 1706655813
WALL 21086773 1 0 1706655814
WALL 21086773 1 0 1706655815
WALL 21086773 1 0 1706655816
WALL 21086773 1 0 1706655817
WALL 21086773 1 0 1706655818
WALL 21086773 1 0 1706655819
WALL 21086773 1 0 1706655820
WALL 21086773 1 0 1706655821
WALL 21086773 1 0 1706655822
WALL 21086773 1 0 1706655823
WALL 21086773 1 0 1706655824
WALL 21086773 1 0 1706655825
WALL 21086773 1 0 1706655826
WALL 21086773 1 0 1706655827
WALL 21086773 1 0 1706655828
WALL 21086773 1 0 1706655829
WALL 21086773 1 0 1706655830
WALL 21086773 1 0 1706655831
WALL 21086773 1 0 1706655832
WALL 21086773 1 0 1706655833
WALL 21086773 1 0 1706655834
WALL 21086773 1 0 1706655835
WALL 21086773 1 0 1706655836
WALL 21086773 1 0 1706655837
WALL 21086773 1 0 1706655838
WALL 21086773 1 0 1706655839
WALL 21086773 1 0 1706655840
WALL 21086773 1 0 1706655841
WALL 21086773 1 0 1706655842
WALL 21086773 1 0 1706655843
WALL 21086773 1 0 1706655844
WALL 21086773 1 0 1706655845
WALL 21086773 1 0 1706655846
WALL 21086773 1 0 1706655847
WALL 21086773 1 0 1706655848
WALL 21086773 1 0 1706655849
WALL 21086773 1 0 1706655850
WALL 21086773 1 0 1706655851
WALL 21086773 1 0 1706655852
WALL 21086773 1 0 1706655853
WALL 21086773 1 0 1706655854
WALL 21086773 1 0 1706655855
WALL 21086773 1 0 1706655856
WALL 21086773 1 0 1706655857
WALL 21086773 1 0 1706655858
WALL 21086773 1 0 1706655859
WALL 21086773 1 0 1706655860
WALL 21086773 1 0 1706655861
WALL 21086773 1 0 1706655862
WALL 21086773 1 0 1706655863
WALL 21086773 1 0 1706655864
WALL 21086773 1 0 1706655865
WALL 21086773 1 0 1706655866
WALL 21086773 1 0 1706655867
WALL 21086773 1 0 1706655868
WALL 21086773 1 0 1706655869
WALL 21086773 1 0 1706655870
WALL 21086773 1 0 1706655871
WALL 21086773 1 0 1706655872
WALL 21086773 1 0 1706655873
WALL 21086773 1 0 1706655874
WALL 21086773 1 0 1706655875
WALL 21086773 1 0 1706655876
WALL 21086773 1 0 1706655877
WALL 21086773 1 0 1706655878
WALL 21086773 1 0 1706655879
WALL 21086773 1 0 1706655880
WALL 21086773 1 0 1706655881
WALL 21086773 1 0 1706655882
WALL 21086773 1 0 1706655883
WALL 21086773 1 0 1706655884
WALL 21086773 1 0 1706655885
WALL 21086773 1 0 1706655886
WALL 21086773 1 0 1706655887
WALL 21086773 1 0 1706655888
WALL 21086773 1 0 1706655889
WALL 21086773 1 0 1706655890
WALL 21086773 1 0 1706655891
WALL 21086773 1 0 1706655892
WALL 21086773 1 0 1706655893
WALL 21086773 1 0 1706655894
WALL 21086773 1 0 1706655895
WALL 21086773 1 0 1706655896
WALL 21086773 1 0 1706655897
WALL 21086773 1 0 1706655898
WALL 21086773 1 0 1706655899
WALL 21086773 1 0 1706655900
WALL 21086773 1 0 1706655901
WALL 21086773 1 0 1706655902
WALL 21086773 1 0 1706655903
WALL 21086773 1 0 1706655904
WALL 21086773 1 0 1706655905
WALL 21086773 1 0 1706655906
WALL 21086773 1 0 1706655907
WALL 21086773 1 0 1706655908
WALL 21086773 1 0 1706655909
WALL 21086773 1 0 1706655910
WALL 21086773 1 0 1706655911
WALL 21086773 1 0 1706655912
WALL 21086773 1 0 1706655913
WALL 21086773 1 0 1706655914
WALL 21086773 1 0 1706655915
WALL 21086773 1 0 1706655916
WALL 21086773 1 0 1706655917
WALL 21086773 1 0 1706655918
WALL 21086773 1 0 1706655919
WALL 21086773 1 0 1706655920
WALL 21086773 1 0 1706655921
WALL 21086773 1 0 1706655922
WALL 21086773 1 0 1706655923
WALL 21086773 1 0 1706655924
WALL 21086773 1 0 1706655925
WALL 21086773 1 0 1706655926
WALL 21086773 1 0 1706655927
WALL 21086773 1 0 1706655928
WALL 21086773 1 0 1706655929
WALL 21086773 1 0 1706655930
WALL 21086773 1 0 1706655931
WALL 21086773 1 0 1706655932
WALL 21086773 1 0 1706655933
WALL 21086773 1 0 1706655934
WALL 21086773 1 0 1706655935
WALL 21086773 1 0 1706655936
WALL 21086773 1 0 1706655937
WALL 21086773 1 0 1706655938
WALL 21086773 1 0 1706655939
WALL 21086773 1 0 1706655940
WALL 21086773 1 0 1706655941
WALL 21086773 1 0 1706655942
WALL 21086773 1 0 1706655943
WALL 21086773 1 0 1706655944
WALL 21086773 1 0 1706655945
WALL 21086773 1 0 1706655946
WALL 21086773 1 0 1706655947
WALL 21086773 1 0 1706655948
WALL 21086773 1 0 1706655949
WALL 21086773 1 0 1706655950
WALL 21086773 1 0 1706655951
WALL 21086773 1 0 1706655952
WALL 21086773 1 0 1706655953
WALL 21086773 1 0 1706655954
WALL 21086773 1 0 1706655955
WALL 21086773 1 0 1706655956
WALL 21086773 1 0 1706655957
WALL 21086773 1 0 1706655958
WALL 21086773 1 0 1706655959
WALL 21086773 1 0 1706655960
WALL 21086773 1 0 1706655961
WALL 21086773 1 0 1706655962
WALL 21086773 1 0 1706655963
WALL 21086773 1 0 1706655964
WALL 21086773 1 0 1706655965
WALL 21086773 1 0 1706655966
WALL 21086773 1 0 1706655967
WALL 21086773 1 0 1706655968
WALL 21086773 1 0 1706655969
WALL 21086773 1 0 1706655970
WALL 21086773 1 0 1706655971
WALL 21086773 1 0 1706655972
WALL 21086773 1 0 1706655973
WALL 21086773 1 0 1706655974
WALL 21086773 1 0 1706655975
WALL 21086773 1 0 1706655976
WALL 21086773 1 0 1706655977
WALL 21086773 1 0 1706655978
WALL 21086773 1 0 1706655979
WALL 21086773 1 0 1706655980
WALL 21086773 1 0 1706655981
WALL 21086773 1 0 1706655982
WALL 21086773 1 0 1706655983
WALL 21086773 1 0 1706655984
WALL 21086773 1 0 1706655985
WALL 21086773 1 0 1706655986
WALL 21086773 1 0 1706655987
WALL 21086773 1 0 1706655988
WALL 21086773 1 0 1706655989
WALL 21086773 1 0 1706655990
WALL 21086773 1 0 1706655991
WALL 21086773 1 0 1706655992
WALL 21086773 1 0 1706655993
WALL 21086773 1 0 1706655994
WALL 21086773 1 0 1706655995
WALL 21086773 1 0 1706655996
WALL 21086773 1 0 1706655997
WALL 21086773 1 0 1706655998
WALL 21086773 1 0 1706655999
WALL 21086773 1 0 1706656000
WALL 21086773 1 0 1706656001
WALL 21086773 1 0 1706656002
WALL 21086773 1 0 1706656003
WALL 21086773 1 0 1706656004
WALL 21086773 1 0 1706656005
WALL 21086773 1 0 1706656006
WALL 21086773 1 0 1706656007
WALL 21086773 1 0 1706656008
WALL 21086773 1 0 1706656009
WALL 21086773 1 0 1706656010
WALL 21086773 1 0 1706656011
WALL 21086773 1 0 1706656012
WALL 21086773 1 0 1706656013
WALL 21086773 1 0 1706656014
WALL 21086773 1 0 1706656015
WALL 21086773 1 0 1706656016
WALL 21086773 1 0 1706656017
WALL 21086773 1 0 1706656018
WALL 21086773 1 0 1706656019
WALL 21086773 1 0 1706656020
WALL 21086773 1 0 1706656021
WALL 21086773 1 0 1706656022
WALL 21086773 1 0 1706656023
WALL 21086773 1 0 1706656024
WALL 21086773 1 0 1706656025
WALL 21086773 1 0 1706656026
WALL 21086773 1 0 1706656027
WALL 21086773 1 0 1706656028
WALL 21086773 1 0 1706656029
WALL 21086773 1 0 1706656030
WALL 21086773 1 0 1706656031
WALL 21086773 1 0 1706656032
WALL 21086773 1 0 1706656033
WALL 21086773 1 0 1706656034
WALL 21086773 1 0 1706656035
WALL 21086773 1 0 1706656036
WALL 21086773 1 0 1706656037
WALL 21086773 1 0 1706656038
WALL 21086773 1 0 1706656039
WALL 21086773 1 0 1706656040
WALL 21086773 1 0 1706656041
slurmstepd: error: *** STEP 21086773.0 ON nid200202 CANCELLED AT 2024-01-30T23:07:22 ***
received SIGTERM 1706656042
WALL 21086773 1 0 1706656042
received SIGCONT 1706656042
WALL 21086773 1 0 1706656042
WALL 21086773 1 0 1706656043
WALL 21086773 1 0 1706656044
WALL 21086773 1 0 1706656045
WALL 21086773 1 0 1706656046
WALL 21086773 1 0 1706656047
WALL 21086773 1 0 1706656048
WALL 21086773 1 0 1706656049
WALL 21086773 1 0 1706656050
WALL 21086773 1 0 1706656051
WALL 21086773 1 0 1706656052
WALL 21086773 1 0 1706656053
WALL 21086773 1 0 1706656054
WALL 21086773 1 0 1706656055
WALL 21086773 1 0 1706656056
WALL 21086773 1 0 1706656057
WALL 21086773 1 0 1706656058
WALL 21086773 1 0 1706656059
WALL 21086773 1 0 1706656060
WALL 21086773 1 0 1706656061
WALL 21086773 1 0 1706656062
WALL 21086773 1 0 1706656063
WALL 21086773 1 0 1706656064
WALL 21086773 1 0 1706656065
WALL 21086773 1 0 1706656066
WALL 21086773 1 0 1706656067
WALL 21086773 1 0 1706656068
WALL 21086773 1 0 1706656069
WALL 21086773 1 0 1706656070
WALL 21086773 1 0 1706656071
WALL 21086773 1 0 1706656072
WALL 21086773 1 0 1706656073
WALL 21086773 1 0 1706656074
WALL 21086773 1 0 1706656075
WALL 21086773 1 0 1706656076
WALL 21086773 1 0 1706656077
WALL 21086773 1 0 1706656078
WALL 21086773 1 0 1706656079
WALL 21086773 1 0 1706656080
WALL 21086773 1 0 1706656081
WALL 21086773 1 0 1706656082
WALL 21086773 1 0 1706656083
WALL 21086773 1 0 1706656084
WALL 21086773 1 0 1706656085
WALL 21086773 1 0 1706656086
WALL 21086773 1 0 1706656087
WALL 21086773 1 0 1706656088
WALL 21086773 1 0 1706656089
WALL 21086773 1 0 1706656090
WALL 21086773 1 0 1706656091
WALL 21086773 1 0 1706656092
WALL 21086773 1 0 1706656093
WALL 21086773 1 0 1706656094
WALL 21086773 1 0 1706656095
WALL 21086773 1 0 1706656096
WALL 21086773 1 0 1706656097
WALL 21086773 1 0 1706656098
WALL 21086773 1 0 1706656099
WALL 21086773 1 0 1706656100
WALL 21086773 1 0 1706656101
WALL 21086773 1 0 1706656102
WALL 21086773 1 0 1706656103
WALL 21086773 1 0 1706656104
WALL 21086773 1 0 1706656105
WALL 21086773 1 0 1706656106
WALL 21086773 1 0 1706656107
WALL 21086773 1 0 1706656108
WALL 21086773 1 0 1706656109
slurmstepd: error: *** JOB 21086773 ON nid200202 CANCELLED AT 2024-01-30T23:08:29 DUE TO PREEMPTION ***
received SIGTERM 1706656109
WALL 21086773 1 0 1706656109
received SIGCONT 1706656109
WALL 21086773 1 0 1706656109
received SIGTERM 1706656109
WALL 21086773 1 0 1706656109
