srun: warning: can't run 1 processes on 4 nodes, setting nnodes to 1
WALL 21208172 1 0 1706822484
WALL 21208172 1 0 1706822485
WALL 21208172 1 0 1706822486
WALL 21208172 1 0 1706822487
WALL 21208172 1 0 1706822488
WALL 21208172 1 0 1706822489
WALL 21208172 1 0 1706822490
WALL 21208172 1 0 1706822491
WALL 21208172 1 0 1706822492
WALL 21208172 1 0 1706822493
WALL 21208172 1 0 1706822494
WALL 21208172 1 0 1706822495
WALL 21208172 1 0 1706822496
WALL 21208172 1 0 1706822497
WALL 21208172 1 0 1706822498
WALL 21208172 1 0 1706822499
WALL 21208172 1 0 1706822500
WALL 21208172 1 0 1706822501
WALL 21208172 1 0 1706822502
WALL 21208172 1 0 1706822503
WALL 21208172 1 0 1706822504
WALL 21208172 1 0 1706822505
WALL 21208172 1 0 1706822506
WALL 21208172 1 0 1706822507
WALL 21208172 1 0 1706822508
WALL 21208172 1 0 1706822509
WALL 21208172 1 0 1706822510
WALL 21208172 1 0 1706822511
WALL 21208172 1 0 1706822512
WALL 21208172 1 0 1706822513
WALL 21208172 1 0 1706822514
WALL 21208172 1 0 1706822515
WALL 21208172 1 0 1706822516
WALL 21208172 1 0 1706822517
slurmstepd: error: *** STEP 21208172.0 ON nid200123 CANCELLED AT 2024-02-01T21:21:57 ***
received SIGTERM 1706822517
WALL 21208172 1 0 1706822517
received SIGCONT 1706822517
WALL 21208172 1 0 1706822517
WALL 21208172 1 0 1706822518
WALL 21208172 1 0 1706822519
WALL 21208172 1 0 1706822520
WALL 21208172 1 0 1706822521
WALL 21208172 1 0 1706822522
WALL 21208172 1 0 1706822523
WALL 21208172 1 0 1706822524
WALL 21208172 1 0 1706822525
WALL 21208172 1 0 1706822526
WALL 21208172 1 0 1706822527
WALL 21208172 1 0 1706822528
WALL 21208172 1 0 1706822529
WALL 21208172 1 0 1706822530
WALL 21208172 1 0 1706822531
WALL 21208172 1 0 1706822532
WALL 21208172 1 0 1706822533
WALL 21208172 1 0 1706822534
WALL 21208172 1 0 1706822535
WALL 21208172 1 0 1706822536
WALL 21208172 1 0 1706822537
WALL 21208172 1 0 1706822538
WALL 21208172 1 0 1706822539
WALL 21208172 1 0 1706822540
WALL 21208172 1 0 1706822541
WALL 21208172 1 0 1706822542
WALL 21208172 1 0 1706822543
WALL 21208172 1 0 1706822544
WALL 21208172 1 0 1706822545
WALL 21208172 1 0 1706822546
WALL 21208172 1 0 1706822547
WALL 21208172 1 0 1706822548
WALL 21208172 1 0 1706822549
WALL 21208172 1 0 1706822550
WALL 21208172 1 0 1706822551
WALL 21208172 1 0 1706822552
WALL 21208172 1 0 1706822553
WALL 21208172 1 0 1706822554
WALL 21208172 1 0 1706822555
WALL 21208172 1 0 1706822556
WALL 21208172 1 0 1706822557
WALL 21208172 1 0 1706822558
WALL 21208172 1 0 1706822559
WALL 21208172 1 0 1706822560
WALL 21208172 1 0 1706822561
WALL 21208172 1 0 1706822562
WALL 21208172 1 0 1706822563
WALL 21208172 1 0 1706822564
WALL 21208172 1 0 1706822565
WALL 21208172 1 0 1706822566
WALL 21208172 1 0 1706822567
WALL 21208172 1 0 1706822568
WALL 21208172 1 0 1706822569
WALL 21208172 1 0 1706822570
WALL 21208172 1 0 1706822571
WALL 21208172 1 0 1706822572
WALL 21208172 1 0 1706822573
WALL 21208172 1 0 1706822574
WALL 21208172 1 0 1706822575
WALL 21208172 1 0 1706822576
WALL 21208172 1 0 1706822577
WALL 21208172 1 0 1706822578
WALL 21208172 1 0 1706822579
WALL 21208172 1 0 1706822580
WALL 21208172 1 0 1706822581
WALL 21208172 1 0 1706822582
slurmstepd: error: *** JOB 21208172 ON nid200123 CANCELLED AT 2024-02-01T21:23:03 DUE TO PREEMPTION ***
received SIGTERM 1706822583
WALL 21208172 1 0 1706822583
srun: Job step aborted: Waiting up to 32 seconds for job step to finish.
received SIGCONT 1706822583
WALL 21208172 1 0 1706822583
received SIGTERM 1706822583
WALL 21208172 1 0 1706822583
