WALL 21248123 1 0 1706917025
WALL 21248123 1 0 1706917026
WALL 21248123 1 0 1706917027
WALL 21248123 1 0 1706917028
WALL 21248123 1 0 1706917029
WALL 21248123 1 0 1706917030
WALL 21248123 1 0 1706917031
WALL 21248123 1 0 1706917032
WALL 21248123 1 0 1706917033
WALL 21248123 1 0 1706917034
WALL 21248123 1 0 1706917035
WALL 21248123 1 0 1706917036
WALL 21248123 1 0 1706917037
WALL 21248123 1 0 1706917038
WALL 21248123 1 0 1706917039
WALL 21248123 1 0 1706917040
WALL 21248123 1 0 1706917041
WALL 21248123 1 0 1706917042
WALL 21248123 1 0 1706917043
WALL 21248123 1 0 1706917044
WALL 21248123 1 0 1706917045
WALL 21248123 1 0 1706917046
WALL 21248123 1 0 1706917047
WALL 21248123 1 0 1706917048
WALL 21248123 1 0 1706917049
WALL 21248123 1 0 1706917050
WALL 21248123 1 0 1706917051
WALL 21248123 1 0 1706917052
WALL 21248123 1 0 1706917053
WALL 21248123 1 0 1706917054
WALL 21248123 1 0 1706917055
WALL 21248123 1 0 1706917056
WALL 21248123 1 0 1706917057
WALL 21248123 1 0 1706917058
WALL 21248123 1 0 1706917059
WALL 21248123 1 0 1706917060
WALL 21248123 1 0 1706917061
WALL 21248123 1 0 1706917062
WALL 21248123 1 0 1706917063
WALL 21248123 1 0 1706917064
WALL 21248123 1 0 1706917065
WALL 21248123 1 0 1706917066
WALL 21248123 1 0 1706917067
WALL 21248123 1 0 1706917068
WALL 21248123 1 0 1706917069
WALL 21248123 1 0 1706917070
WALL 21248123 1 0 1706917071
WALL 21248123 1 0 1706917072
WALL 21248123 1 0 1706917073
WALL 21248123 1 0 1706917074
WALL 21248123 1 0 1706917075
WALL 21248123 1 0 1706917076
WALL 21248123 1 0 1706917077
WALL 21248123 1 0 1706917078
WALL 21248123 1 0 1706917079
WALL 21248123 1 0 1706917080
WALL 21248123 1 0 1706917081
WALL 21248123 1 0 1706917082
WALL 21248123 1 0 1706917083
WALL 21248123 1 0 1706917084
WALL 21248123 1 0 1706917085
WALL 21248123 1 0 1706917086
WALL 21248123 1 0 1706917087
WALL 21248123 1 0 1706917088
WALL 21248123 1 0 1706917089
WALL 21248123 1 0 1706917090
WALL 21248123 1 0 1706917091
WALL 21248123 1 0 1706917092
received SIGCONT 1706917093
WALL 21248123 1 0 1706917093
slurmstepd: error: *** STEP 21248123.0 ON nid200015 CANCELLED AT 2024-02-02T23:38:13 ***
received SIGTERM 1706917093
WALL 21248123 1 0 1706917093
WALL 21248123 1 0 1706917094
WALL 21248123 1 0 1706917095
WALL 21248123 1 0 1706917096
WALL 21248123 1 0 1706917097
WALL 21248123 1 0 1706917098
WALL 21248123 1 0 1706917099
WALL 21248123 1 0 1706917100
WALL 21248123 1 0 1706917101
WALL 21248123 1 0 1706917102
WALL 21248123 1 0 1706917103
WALL 21248123 1 0 1706917104
WALL 21248123 1 0 1706917105
WALL 21248123 1 0 1706917106
WALL 21248123 1 0 1706917107
WALL 21248123 1 0 1706917108
WALL 21248123 1 0 1706917109
WALL 21248123 1 0 1706917110
WALL 21248123 1 0 1706917111
WALL 21248123 1 0 1706917112
WALL 21248123 1 0 1706917113
WALL 21248123 1 0 1706917114
WALL 21248123 1 0 1706917115
WALL 21248123 1 0 1706917116
WALL 21248123 1 0 1706917117
WALL 21248123 1 0 1706917118
WALL 21248123 1 0 1706917119
WALL 21248123 1 0 1706917120
WALL 21248123 1 0 1706917121
WALL 21248123 1 0 1706917122
WALL 21248123 1 0 1706917123
WALL 21248123 1 0 1706917124
WALL 21248123 1 0 1706917125
WALL 21248123 1 0 1706917126
WALL 21248123 1 0 1706917127
WALL 21248123 1 0 1706917128
WALL 21248123 1 0 1706917129
WALL 21248123 1 0 1706917130
WALL 21248123 1 0 1706917131
WALL 21248123 1 0 1706917132
WALL 21248123 1 0 1706917133
WALL 21248123 1 0 1706917134
WALL 21248123 1 0 1706917135
WALL 21248123 1 0 1706917136
WALL 21248123 1 0 1706917137
WALL 21248123 1 0 1706917138
WALL 21248123 1 0 1706917139
WALL 21248123 1 0 1706917140
WALL 21248123 1 0 1706917141
WALL 21248123 1 0 1706917142
WALL 21248123 1 0 1706917143
WALL 21248123 1 0 1706917144
WALL 21248123 1 0 1706917145
WALL 21248123 1 0 1706917146
WALL 21248123 1 0 1706917147
WALL 21248123 1 0 1706917148
WALL 21248123 1 0 1706917149
WALL 21248123 1 0 1706917150
WALL 21248123 1 0 1706917151
WALL 21248123 1 0 1706917152
WALL 21248123 1 0 1706917153
WALL 21248123 1 0 1706917154
WALL 21248123 1 0 1706917155
WALL 21248123 1 0 1706917156
WALL 21248123 1 0 1706917157
WALL 21248123 1 0 1706917158
WALL 21248123 1 0 1706917159
WALL 21248123 1 0 1706917160
WALL 21248123 1 0 1706917161
WALL 21248123 1 0 1706917162
WALL 21248123 1 0 1706917163
WALL 21248123 1 0 1706917164
WALL 21248123 1 0 1706917165
WALL 21248123 1 0 1706917166
WALL 21248123 1 0 1706917167
WALL 21248123 1 0 1706917168
WALL 21248123 1 0 1706917169
WALL 21248123 1 0 1706917170
WALL 21248123 1 0 1706917171
WALL 21248123 1 0 1706917172
WALL 21248123 1 0 1706917173
WALL 21248123 1 0 1706917174
WALL 21248123 1 0 1706917175
WALL 21248123 1 0 1706917176
WALL 21248123 1 0 1706917177
WALL 21248123 1 0 1706917178
WALL 21248123 1 0 1706917179
WALL 21248123 1 0 1706917180
WALL 21248123 1 0 1706917181
WALL 21248123 1 0 1706917182
WALL 21248123 1 0 1706917183
WALL 21248123 1 0 1706917184
WALL 21248123 1 0 1706917185
WALL 21248123 1 0 1706917186
WALL 21248123 1 0 1706917187
WALL 21248123 1 0 1706917188
WALL 21248123 1 0 1706917189
WALL 21248123 1 0 1706917190
WALL 21248123 1 0 1706917191
WALL 21248123 1 0 1706917192
WALL 21248123 1 0 1706917193
WALL 21248123 1 0 1706917194
WALL 21248123 1 0 1706917195
WALL 21248123 1 0 1706917196
WALL 21248123 1 0 1706917197
WALL 21248123 1 0 1706917198
WALL 21248123 1 0 1706917199
WALL 21248123 1 0 1706917200
WALL 21248123 1 0 1706917201
WALL 21248123 1 0 1706917202
WALL 21248123 1 0 1706917203
WALL 21248123 1 0 1706917204
WALL 21248123 1 0 1706917205
WALL 21248123 1 0 1706917206
WALL 21248123 1 0 1706917207
WALL 21248123 1 0 1706917208
WALL 21248123 1 0 1706917209
WALL 21248123 1 0 1706917210
WALL 21248123 1 0 1706917211
WALL 21248123 1 0 1706917212
WALL 21248123 1 0 1706917213
WALL 21248123 1 0 1706917214
WALL 21248123 1 0 1706917215
WALL 21248123 1 0 1706917216
WALL 21248123 1 0 1706917217
WALL 21248123 1 0 1706917218
WALL 21248123 1 0 1706917219
WALL 21248123 1 0 1706917220
WALL 21248123 1 0 1706917221
WALL 21248123 1 0 1706917222
WALL 21248123 1 0 1706917223
WALL 21248123 1 0 1706917224
WALL 21248123 1 0 1706917225
WALL 21248123 1 0 1706917226
WALL 21248123 1 0 1706917227
WALL 21248123 1 0 1706917228
WALL 21248123 1 0 1706917229
WALL 21248123 1 0 1706917230
WALL 21248123 1 0 1706917231
WALL 21248123 1 0 1706917232
WALL 21248123 1 0 1706917233
WALL 21248123 1 0 1706917234
WALL 21248123 1 0 1706917235
WALL 21248123 1 0 1706917236
WALL 21248123 1 0 1706917237
WALL 21248123 1 0 1706917238
WALL 21248123 1 0 1706917239
slurmstepd: error: *** JOB 21248123 ON nid200015 CANCELLED AT 2024-02-02T23:40:39 DUE TO PREEMPTION ***
received SIGTERM 1706917239
WALL 21248123 1 0 1706917239
received SIGCONT 1706917239
WALL 21248123 1 0 1706917239
received SIGTERM 1706917239
WALL 21248123 1 0 1706917239
