WALL 21152613 1 0 1706741037
WALL 21152613 1 0 1706741038
WALL 21152613 1 0 1706741039
WALL 21152613 1 0 1706741040
WALL 21152613 1 0 1706741041
WALL 21152613 1 0 1706741042
WALL 21152613 1 0 1706741043
WALL 21152613 1 0 1706741044
WALL 21152613 1 0 1706741045
WALL 21152613 1 0 1706741046
WALL 21152613 1 0 1706741047
WALL 21152613 1 0 1706741048
WALL 21152613 1 0 1706741049
WALL 21152613 1 0 1706741050
WALL 21152613 1 0 1706741051
WALL 21152613 1 0 1706741052
WALL 21152613 1 0 1706741053
WALL 21152613 1 0 1706741054
WALL 21152613 1 0 1706741055
WALL 21152613 1 0 1706741056
WALL 21152613 1 0 1706741057
WALL 21152613 1 0 1706741058
WALL 21152613 1 0 1706741059
WALL 21152613 1 0 1706741060
WALL 21152613 1 0 1706741061
WALL 21152613 1 0 1706741062
WALL 21152613 1 0 1706741063
WALL 21152613 1 0 1706741064
WALL 21152613 1 0 1706741065
WALL 21152613 1 0 1706741066
WALL 21152613 1 0 1706741067
WALL 21152613 1 0 1706741068
WALL 21152613 1 0 1706741069
WALL 21152613 1 0 1706741070
WALL 21152613 1 0 1706741071
WALL 21152613 1 0 1706741072
WALL 21152613 1 0 1706741073
WALL 21152613 1 0 1706741074
WALL 21152613 1 0 1706741075
WALL 21152613 1 0 1706741076
WALL 21152613 1 0 1706741077
WALL 21152613 1 0 1706741078
WALL 21152613 1 0 1706741079
WALL 21152613 1 0 1706741080
WALL 21152613 1 0 1706741081
WALL 21152613 1 0 1706741082
WALL 21152613 1 0 1706741083
WALL 21152613 1 0 1706741084
WALL 21152613 1 0 1706741085
WALL 21152613 1 0 1706741086
WALL 21152613 1 0 1706741087
WALL 21152613 1 0 1706741088
WALL 21152613 1 0 1706741089
WALL 21152613 1 0 1706741090
WALL 21152613 1 0 1706741091
WALL 21152613 1 0 1706741092
WALL 21152613 1 0 1706741093
WALL 21152613 1 0 1706741094
WALL 21152613 1 0 1706741095
WALL 21152613 1 0 1706741096
WALL 21152613 1 0 1706741097
WALL 21152613 1 0 1706741098
WALL 21152613 1 0 1706741099
WALL 21152613 1 0 1706741100
WALL 21152613 1 0 1706741101
WALL 21152613 1 0 1706741102
WALL 21152613 1 0 1706741103
WALL 21152613 1 0 1706741104
WALL 21152613 1 0 1706741105
WALL 21152613 1 0 1706741106
WALL 21152613 1 0 1706741107
WALL 21152613 1 0 1706741108
WALL 21152613 1 0 1706741109
WALL 21152613 1 0 1706741110
WALL 21152613 1 0 1706741111
WALL 21152613 1 0 1706741112
WALL 21152613 1 0 1706741113
WALL 21152613 1 0 1706741114
WALL 21152613 1 0 1706741115
WALL 21152613 1 0 1706741116
WALL 21152613 1 0 1706741117
WALL 21152613 1 0 1706741118
WALL 21152613 1 0 1706741119
WALL 21152613 1 0 1706741120
WALL 21152613 1 0 1706741121
WALL 21152613 1 0 1706741122
WALL 21152613 1 0 1706741123
WALL 21152613 1 0 1706741124
WALL 21152613 1 0 1706741125
WALL 21152613 1 0 1706741126
WALL 21152613 1 0 1706741127
WALL 21152613 1 0 1706741128
WALL 21152613 1 0 1706741129
WALL 21152613 1 0 1706741130
WALL 21152613 1 0 1706741131
WALL 21152613 1 0 1706741132
WALL 21152613 1 0 1706741133
WALL 21152613 1 0 1706741134
WALL 21152613 1 0 1706741135
WALL 21152613 1 0 1706741136
WALL 21152613 1 0 1706741137
WALL 21152613 1 0 1706741138
WALL 21152613 1 0 1706741139
WALL 21152613 1 0 1706741140
WALL 21152613 1 0 1706741141
WALL 21152613 1 0 1706741142
WALL 21152613 1 0 1706741143
WALL 21152613 1 0 1706741144
WALL 21152613 1 0 1706741145
WALL 21152613 1 0 1706741146
WALL 21152613 1 0 1706741147
WALL 21152613 1 0 1706741148
WALL 21152613 1 0 1706741149
WALL 21152613 1 0 1706741150
WALL 21152613 1 0 1706741151
WALL 21152613 1 0 1706741152
WALL 21152613 1 0 1706741153
WALL 21152613 1 0 1706741154
WALL 21152613 1 0 1706741155
WALL 21152613 1 0 1706741156
WALL 21152613 1 0 1706741157
WALL 21152613 1 0 1706741158
WALL 21152613 1 0 1706741159
WALL 21152613 1 0 1706741160
WALL 21152613 1 0 1706741161
WALL 21152613 1 0 1706741162
WALL 21152613 1 0 1706741163
WALL 21152613 1 0 1706741164
WALL 21152613 1 0 1706741165
WALL 21152613 1 0 1706741166
WALL 21152613 1 0 1706741167
WALL 21152613 1 0 1706741168
WALL 21152613 1 0 1706741169
WALL 21152613 1 0 1706741170
WALL 21152613 1 0 1706741171
WALL 21152613 1 0 1706741172
WALL 21152613 1 0 1706741173
WALL 21152613 1 0 1706741174
WALL 21152613 1 0 1706741175
WALL 21152613 1 0 1706741176
WALL 21152613 1 0 1706741177
WALL 21152613 1 0 1706741178
WALL 21152613 1 0 1706741179
WALL 21152613 1 0 1706741180
WALL 21152613 1 0 1706741181
WALL 21152613 1 0 1706741182
WALL 21152613 1 0 1706741183
WALL 21152613 1 0 1706741184
WALL 21152613 1 0 1706741185
WALL 21152613 1 0 1706741186
WALL 21152613 1 0 1706741187
WALL 21152613 1 0 1706741188
WALL 21152613 1 0 1706741189
WALL 21152613 1 0 1706741190
WALL 21152613 1 0 1706741191
WALL 21152613 1 0 1706741192
WALL 21152613 1 0 1706741193
WALL 21152613 1 0 1706741194
WALL 21152613 1 0 1706741195
WALL 21152613 1 0 1706741196
WALL 21152613 1 0 1706741197
WALL 21152613 1 0 1706741198
WALL 21152613 1 0 1706741199
WALL 21152613 1 0 1706741200
WALL 21152613 1 0 1706741201
WALL 21152613 1 0 1706741202
WALL 21152613 1 0 1706741203
WALL 21152613 1 0 1706741204
WALL 21152613 1 0 1706741205
WALL 21152613 1 0 1706741206
WALL 21152613 1 0 1706741207
WALL 21152613 1 0 1706741208
WALL 21152613 1 0 1706741209
WALL 21152613 1 0 1706741210
WALL 21152613 1 0 1706741211
WALL 21152613 1 0 1706741212
WALL 21152613 1 0 1706741213
WALL 21152613 1 0 1706741214
WALL 21152613 1 0 1706741215
WALL 21152613 1 0 1706741216
WALL 21152613 1 0 1706741217
WALL 21152613 1 0 1706741218
WALL 21152613 1 0 1706741219
WALL 21152613 1 0 1706741220
WALL 21152613 1 0 1706741221
WALL 21152613 1 0 1706741222
WALL 21152613 1 0 1706741223
WALL 21152613 1 0 1706741224
WALL 21152613 1 0 1706741225
WALL 21152613 1 0 1706741226
WALL 21152613 1 0 1706741227
WALL 21152613 1 0 1706741228
WALL 21152613 1 0 1706741229
WALL 21152613 1 0 1706741230
WALL 21152613 1 0 1706741231
WALL 21152613 1 0 1706741232
WALL 21152613 1 0 1706741233
WALL 21152613 1 0 1706741234
WALL 21152613 1 0 1706741235
WALL 21152613 1 0 1706741236
WALL 21152613 1 0 1706741237
WALL 21152613 1 0 1706741238
WALL 21152613 1 0 1706741239
WALL 21152613 1 0 1706741240
WALL 21152613 1 0 1706741241
WALL 21152613 1 0 1706741242
WALL 21152613 1 0 1706741243
WALL 21152613 1 0 1706741244
WALL 21152613 1 0 1706741245
WALL 21152613 1 0 1706741246
slurmstepd: error: *** STEP 21152613.0 ON nid200028 CANCELLED AT 2024-01-31T22:47:26 ***
received SIGTERM 1706741246
WALL 21152613 1 0 1706741246
received SIGCONT 1706741246
WALL 21152613 1 0 1706741246
WALL 21152613 1 0 1706741247
WALL 21152613 1 0 1706741248
WALL 21152613 1 0 1706741249
WALL 21152613 1 0 1706741250
WALL 21152613 1 0 1706741251
WALL 21152613 1 0 1706741252
WALL 21152613 1 0 1706741253
WALL 21152613 1 0 1706741254
WALL 21152613 1 0 1706741255
WALL 21152613 1 0 1706741256
WALL 21152613 1 0 1706741257
WALL 21152613 1 0 1706741258
WALL 21152613 1 0 1706741259
WALL 21152613 1 0 1706741260
WALL 21152613 1 0 1706741261
WALL 21152613 1 0 1706741262
WALL 21152613 1 0 1706741263
WALL 21152613 1 0 1706741264
WALL 21152613 1 0 1706741265
WALL 21152613 1 0 1706741266
WALL 21152613 1 0 1706741267
WALL 21152613 1 0 1706741268
WALL 21152613 1 0 1706741269
WALL 21152613 1 0 1706741270
WALL 21152613 1 0 1706741271
WALL 21152613 1 0 1706741272
WALL 21152613 1 0 1706741273
WALL 21152613 1 0 1706741274
WALL 21152613 1 0 1706741275
WALL 21152613 1 0 1706741276
WALL 21152613 1 0 1706741277
WALL 21152613 1 0 1706741278
WALL 21152613 1 0 1706741279
WALL 21152613 1 0 1706741280
WALL 21152613 1 0 1706741281
WALL 21152613 1 0 1706741282
WALL 21152613 1 0 1706741283
WALL 21152613 1 0 1706741284
WALL 21152613 1 0 1706741285
WALL 21152613 1 0 1706741286
WALL 21152613 1 0 1706741287
WALL 21152613 1 0 1706741288
WALL 21152613 1 0 1706741289
WALL 21152613 1 0 1706741290
WALL 21152613 1 0 1706741291
WALL 21152613 1 0 1706741292
WALL 21152613 1 0 1706741293
WALL 21152613 1 0 1706741294
WALL 21152613 1 0 1706741295
WALL 21152613 1 0 1706741296
WALL 21152613 1 0 1706741297
WALL 21152613 1 0 1706741298
WALL 21152613 1 0 1706741299
WALL 21152613 1 0 1706741300
WALL 21152613 1 0 1706741301
WALL 21152613 1 0 1706741302
WALL 21152613 1 0 1706741303
WALL 21152613 1 0 1706741304
WALL 21152613 1 0 1706741305
WALL 21152613 1 0 1706741306
WALL 21152613 1 0 1706741307
WALL 21152613 1 0 1706741308
WALL 21152613 1 0 1706741309
WALL 21152613 1 0 1706741310
WALL 21152613 1 0 1706741311
WALL 21152613 1 0 1706741312
WALL 21152613 1 0 1706741313
WALL 21152613 1 0 1706741314
WALL 21152613 1 0 1706741315
WALL 21152613 1 0 1706741316
WALL 21152613 1 0 1706741317
WALL 21152613 1 0 1706741318
WALL 21152613 1 0 1706741319
WALL 21152613 1 0 1706741320
WALL 21152613 1 0 1706741321
WALL 21152613 1 0 1706741322
WALL 21152613 1 0 1706741323
WALL 21152613 1 0 1706741324
WALL 21152613 1 0 1706741325
WALL 21152613 1 0 1706741326
WALL 21152613 1 0 1706741327
WALL 21152613 1 0 1706741328
WALL 21152613 1 0 1706741329
WALL 21152613 1 0 1706741330
slurmstepd: error: *** JOB 21152613 ON nid200028 CANCELLED AT 2024-01-31T22:48:51 DUE TO PREEMPTION ***
received SIGTERM 1706741331
WALL 21152613 1 0 1706741331
received SIGCONT 1706741331
WALL 21152613 1 0 1706741331
received SIGTERM 1706741331
WALL 21152613 1 0 1706741331
