WALL 21155134 1 0 1706747003
WALL 21155134 1 0 1706747004
WALL 21155134 1 0 1706747005
WALL 21155134 1 0 1706747006
WALL 21155134 1 0 1706747007
WALL 21155134 1 0 1706747008
WALL 21155134 1 0 1706747009
WALL 21155134 1 0 1706747010
WALL 21155134 1 0 1706747011
WALL 21155134 1 0 1706747012
WALL 21155134 1 0 1706747013
WALL 21155134 1 0 1706747014
WALL 21155134 1 0 1706747015
WALL 21155134 1 0 1706747016
WALL 21155134 1 0 1706747017
WALL 21155134 1 0 1706747018
WALL 21155134 1 0 1706747019
WALL 21155134 1 0 1706747020
WALL 21155134 1 0 1706747021
WALL 21155134 1 0 1706747022
WALL 21155134 1 0 1706747023
WALL 21155134 1 0 1706747024
WALL 21155134 1 0 1706747025
WALL 21155134 1 0 1706747026
WALL 21155134 1 0 1706747027
WALL 21155134 1 0 1706747028
WALL 21155134 1 0 1706747029
WALL 21155134 1 0 1706747030
WALL 21155134 1 0 1706747031
WALL 21155134 1 0 1706747032
WALL 21155134 1 0 1706747033
WALL 21155134 1 0 1706747034
WALL 21155134 1 0 1706747035
WALL 21155134 1 0 1706747036
WALL 21155134 1 0 1706747037
WALL 21155134 1 0 1706747038
WALL 21155134 1 0 1706747039
WALL 21155134 1 0 1706747040
WALL 21155134 1 0 1706747041
WALL 21155134 1 0 1706747042
WALL 21155134 1 0 1706747043
WALL 21155134 1 0 1706747044
WALL 21155134 1 0 1706747045
WALL 21155134 1 0 1706747046
WALL 21155134 1 0 1706747047
WALL 21155134 1 0 1706747048
WALL 21155134 1 0 1706747049
WALL 21155134 1 0 1706747050
WALL 21155134 1 0 1706747051
WALL 21155134 1 0 1706747052
WALL 21155134 1 0 1706747053
WALL 21155134 1 0 1706747054
WALL 21155134 1 0 1706747055
WALL 21155134 1 0 1706747056
WALL 21155134 1 0 1706747057
WALL 21155134 1 0 1706747058
WALL 21155134 1 0 1706747059
WALL 21155134 1 0 1706747060
WALL 21155134 1 0 1706747061
WALL 21155134 1 0 1706747062
WALL 21155134 1 0 1706747063
WALL 21155134 1 0 1706747064
WALL 21155134 1 0 1706747065
WALL 21155134 1 0 1706747066
WALL 21155134 1 0 1706747067
WALL 21155134 1 0 1706747068
WALL 21155134 1 0 1706747069
WALL 21155134 1 0 1706747070
WALL 21155134 1 0 1706747071
WALL 21155134 1 0 1706747072
WALL 21155134 1 0 1706747073
WALL 21155134 1 0 1706747074
WALL 21155134 1 0 1706747075
WALL 21155134 1 0 1706747076
WALL 21155134 1 0 1706747077
WALL 21155134 1 0 1706747078
WALL 21155134 1 0 1706747079
WALL 21155134 1 0 1706747080
WALL 21155134 1 0 1706747081
WALL 21155134 1 0 1706747082
WALL 21155134 1 0 1706747083
WALL 21155134 1 0 1706747084
WALL 21155134 1 0 1706747085
WALL 21155134 1 0 1706747086
WALL 21155134 1 0 1706747087
WALL 21155134 1 0 1706747088
WALL 21155134 1 0 1706747089
WALL 21155134 1 0 1706747090
WALL 21155134 1 0 1706747091
WALL 21155134 1 0 1706747092
WALL 21155134 1 0 1706747093
WALL 21155134 1 0 1706747094
WALL 21155134 1 0 1706747095
WALL 21155134 1 0 1706747096
WALL 21155134 1 0 1706747097
WALL 21155134 1 0 1706747098
received SIGCONT 1706747099
WALL 21155134 1 0 1706747099
slurmstepd: error: *** STEP 21155134.0 ON nid200000 CANCELLED AT 2024-02-01T00:24:59 ***
received SIGTERM 1706747099
WALL 21155134 1 0 1706747099
WALL 21155134 1 0 1706747100
WALL 21155134 1 0 1706747101
WALL 21155134 1 0 1706747102
WALL 21155134 1 0 1706747103
WALL 21155134 1 0 1706747104
WALL 21155134 1 0 1706747105
WALL 21155134 1 0 1706747106
WALL 21155134 1 0 1706747107
WALL 21155134 1 0 1706747108
WALL 21155134 1 0 1706747109
WALL 21155134 1 0 1706747110
WALL 21155134 1 0 1706747111
WALL 21155134 1 0 1706747112
WALL 21155134 1 0 1706747113
WALL 21155134 1 0 1706747114
WALL 21155134 1 0 1706747115
WALL 21155134 1 0 1706747116
WALL 21155134 1 0 1706747117
WALL 21155134 1 0 1706747118
WALL 21155134 1 0 1706747119
WALL 21155134 1 0 1706747120
WALL 21155134 1 0 1706747121
WALL 21155134 1 0 1706747122
WALL 21155134 1 0 1706747123
WALL 21155134 1 0 1706747124
WALL 21155134 1 0 1706747125
WALL 21155134 1 0 1706747126
WALL 21155134 1 0 1706747127
WALL 21155134 1 0 1706747128
WALL 21155134 1 0 1706747129
WALL 21155134 1 0 1706747130
WALL 21155134 1 0 1706747131
WALL 21155134 1 0 1706747132
WALL 21155134 1 0 1706747133
WALL 21155134 1 0 1706747134
WALL 21155134 1 0 1706747135
WALL 21155134 1 0 1706747136
WALL 21155134 1 0 1706747137
WALL 21155134 1 0 1706747138
WALL 21155134 1 0 1706747139
WALL 21155134 1 0 1706747140
WALL 21155134 1 0 1706747141
WALL 21155134 1 0 1706747142
WALL 21155134 1 0 1706747143
WALL 21155134 1 0 1706747144
WALL 21155134 1 0 1706747145
WALL 21155134 1 0 1706747146
WALL 21155134 1 0 1706747147
WALL 21155134 1 0 1706747148
WALL 21155134 1 0 1706747149
WALL 21155134 1 0 1706747150
WALL 21155134 1 0 1706747151
WALL 21155134 1 0 1706747152
WALL 21155134 1 0 1706747153
WALL 21155134 1 0 1706747154
WALL 21155134 1 0 1706747155
WALL 21155134 1 0 1706747156
WALL 21155134 1 0 1706747157
WALL 21155134 1 0 1706747158
WALL 21155134 1 0 1706747159
WALL 21155134 1 0 1706747160
WALL 21155134 1 0 1706747161
WALL 21155134 1 0 1706747162
WALL 21155134 1 0 1706747163
WALL 21155134 1 0 1706747164
WALL 21155134 1 0 1706747165
WALL 21155134 1 0 1706747166
WALL 21155134 1 0 1706747167
WALL 21155134 1 0 1706747168
WALL 21155134 1 0 1706747169
WALL 21155134 1 0 1706747170
slurmstepd: error: *** JOB 21155134 ON nid200000 CANCELLED AT 2024-02-01T00:26:10 DUE TO PREEMPTION ***
received SIGTERM 1706747170
WALL 21155134 1 0 1706747170
received SIGCONT 1706747170
WALL 21155134 1 0 1706747170
received SIGTERM 1706747170
WALL 21155134 1 0 1706747170
