WALL 21086976 1 0 1706656870
WALL 21086976 1 0 1706656871
WALL 21086976 1 0 1706656872
WALL 21086976 1 0 1706656873
WALL 21086976 1 0 1706656874
WALL 21086976 1 0 1706656875
WALL 21086976 1 0 1706656876
WALL 21086976 1 0 1706656877
WALL 21086976 1 0 1706656878
WALL 21086976 1 0 1706656879
WALL 21086976 1 0 1706656880
WALL 21086976 1 0 1706656881
WALL 21086976 1 0 1706656882
WALL 21086976 1 0 1706656883
WALL 21086976 1 0 1706656884
WALL 21086976 1 0 1706656885
WALL 21086976 1 0 1706656886
WALL 21086976 1 0 1706656887
WALL 21086976 1 0 1706656888
WALL 21086976 1 0 1706656889
WALL 21086976 1 0 1706656890
WALL 21086976 1 0 1706656891
WALL 21086976 1 0 1706656892
WALL 21086976 1 0 1706656893
WALL 21086976 1 0 1706656894
WALL 21086976 1 0 1706656895
WALL 21086976 1 0 1706656896
WALL 21086976 1 0 1706656897
WALL 21086976 1 0 1706656898
WALL 21086976 1 0 1706656899
WALL 21086976 1 0 1706656900
WALL 21086976 1 0 1706656901
WALL 21086976 1 0 1706656902
WALL 21086976 1 0 1706656903
WALL 21086976 1 0 1706656904
WALL 21086976 1 0 1706656905
WALL 21086976 1 0 1706656906
WALL 21086976 1 0 1706656907
WALL 21086976 1 0 1706656908
WALL 21086976 1 0 1706656909
WALL 21086976 1 0 1706656910
WALL 21086976 1 0 1706656911
WALL 21086976 1 0 1706656912
WALL 21086976 1 0 1706656913
WALL 21086976 1 0 1706656914
WALL 21086976 1 0 1706656915
WALL 21086976 1 0 1706656916
WALL 21086976 1 0 1706656917
WALL 21086976 1 0 1706656918
WALL 21086976 1 0 1706656919
WALL 21086976 1 0 1706656920
WALL 21086976 1 0 1706656921
WALL 21086976 1 0 1706656922
WALL 21086976 1 0 1706656923
WALL 21086976 1 0 1706656924
WALL 21086976 1 0 1706656925
WALL 21086976 1 0 1706656926
WALL 21086976 1 0 1706656927
WALL 21086976 1 0 1706656928
WALL 21086976 1 0 1706656929
WALL 21086976 1 0 1706656930
WALL 21086976 1 0 1706656931
WALL 21086976 1 0 1706656932
WALL 21086976 1 0 1706656933
WALL 21086976 1 0 1706656934
WALL 21086976 1 0 1706656935
WALL 21086976 1 0 1706656936
WALL 21086976 1 0 1706656937
WALL 21086976 1 0 1706656938
WALL 21086976 1 0 1706656939
WALL 21086976 1 0 1706656940
WALL 21086976 1 0 1706656941
WALL 21086976 1 0 1706656942
WALL 21086976 1 0 1706656943
WALL 21086976 1 0 1706656944
WALL 21086976 1 0 1706656945
WALL 21086976 1 0 1706656946
WALL 21086976 1 0 1706656947
WALL 21086976 1 0 1706656948
WALL 21086976 1 0 1706656949
WALL 21086976 1 0 1706656950
WALL 21086976 1 0 1706656951
WALL 21086976 1 0 1706656952
WALL 21086976 1 0 1706656953
WALL 21086976 1 0 1706656954
WALL 21086976 1 0 1706656955
WALL 21086976 1 0 1706656956
WALL 21086976 1 0 1706656957
WALL 21086976 1 0 1706656958
WALL 21086976 1 0 1706656959
WALL 21086976 1 0 1706656960
WALL 21086976 1 0 1706656961
WALL 21086976 1 0 1706656962
WALL 21086976 1 0 1706656963
WALL 21086976 1 0 1706656964
WALL 21086976 1 0 1706656965
WALL 21086976 1 0 1706656966
WALL 21086976 1 0 1706656967
WALL 21086976 1 0 1706656968
WALL 21086976 1 0 1706656969
WALL 21086976 1 0 1706656970
WALL 21086976 1 0 1706656971
WALL 21086976 1 0 1706656972
WALL 21086976 1 0 1706656973
WALL 21086976 1 0 1706656974
WALL 21086976 1 0 1706656975
WALL 21086976 1 0 1706656976
WALL 21086976 1 0 1706656977
WALL 21086976 1 0 1706656978
WALL 21086976 1 0 1706656979
WALL 21086976 1 0 1706656980
WALL 21086976 1 0 1706656981
WALL 21086976 1 0 1706656982
WALL 21086976 1 0 1706656983
WALL 21086976 1 0 1706656984
WALL 21086976 1 0 1706656985
WALL 21086976 1 0 1706656986
WALL 21086976 1 0 1706656987
WALL 21086976 1 0 1706656988
WALL 21086976 1 0 1706656989
WALL 21086976 1 0 1706656990
WALL 21086976 1 0 1706656991
WALL 21086976 1 0 1706656992
WALL 21086976 1 0 1706656993
WALL 21086976 1 0 1706656994
WALL 21086976 1 0 1706656995
WALL 21086976 1 0 1706656996
WALL 21086976 1 0 1706656997
WALL 21086976 1 0 1706656998
WALL 21086976 1 0 1706656999
WALL 21086976 1 0 1706657000
WALL 21086976 1 0 1706657001
WALL 21086976 1 0 1706657002
WALL 21086976 1 0 1706657003
WALL 21086976 1 0 1706657004
WALL 21086976 1 0 1706657005
WALL 21086976 1 0 1706657006
WALL 21086976 1 0 1706657007
WALL 21086976 1 0 1706657008
WALL 21086976 1 0 1706657009
WALL 21086976 1 0 1706657010
WALL 21086976 1 0 1706657011
WALL 21086976 1 0 1706657012
WALL 21086976 1 0 1706657013
WALL 21086976 1 0 1706657014
WALL 21086976 1 0 1706657015
WALL 21086976 1 0 1706657016
WALL 21086976 1 0 1706657017
WALL 21086976 1 0 1706657018
WALL 21086976 1 0 1706657019
WALL 21086976 1 0 1706657020
WALL 21086976 1 0 1706657021
WALL 21086976 1 0 1706657022
WALL 21086976 1 0 1706657023
WALL 21086976 1 0 1706657024
WALL 21086976 1 0 1706657025
WALL 21086976 1 0 1706657026
WALL 21086976 1 0 1706657027
WALL 21086976 1 0 1706657028
WALL 21086976 1 0 1706657029
WALL 21086976 1 0 1706657030
WALL 21086976 1 0 1706657031
WALL 21086976 1 0 1706657032
WALL 21086976 1 0 1706657033
WALL 21086976 1 0 1706657034
WALL 21086976 1 0 1706657035
WALL 21086976 1 0 1706657036
WALL 21086976 1 0 1706657037
WALL 21086976 1 0 1706657038
WALL 21086976 1 0 1706657039
WALL 21086976 1 0 1706657040
WALL 21086976 1 0 1706657041
WALL 21086976 1 0 1706657042
WALL 21086976 1 0 1706657043
WALL 21086976 1 0 1706657044
WALL 21086976 1 0 1706657045
WALL 21086976 1 0 1706657046
WALL 21086976 1 0 1706657047
WALL 21086976 1 0 1706657048
WALL 21086976 1 0 1706657049
WALL 21086976 1 0 1706657050
WALL 21086976 1 0 1706657051
WALL 21086976 1 0 1706657052
WALL 21086976 1 0 1706657053
slurmstepd: error: *** STEP 21086976.0 ON nid200197 CANCELLED AT 2024-01-30T23:24:14 ***
received SIGTERM 1706657054
WALL 21086976 1 0 1706657054
received SIGCONT 1706657054
WALL 21086976 1 0 1706657054
WALL 21086976 1 0 1706657055
WALL 21086976 1 0 1706657056
WALL 21086976 1 0 1706657057
WALL 21086976 1 0 1706657058
WALL 21086976 1 0 1706657059
WALL 21086976 1 0 1706657060
WALL 21086976 1 0 1706657061
WALL 21086976 1 0 1706657062
WALL 21086976 1 0 1706657063
WALL 21086976 1 0 1706657064
WALL 21086976 1 0 1706657065
WALL 21086976 1 0 1706657066
WALL 21086976 1 0 1706657067
WALL 21086976 1 0 1706657068
WALL 21086976 1 0 1706657069
WALL 21086976 1 0 1706657070
WALL 21086976 1 0 1706657071
WALL 21086976 1 0 1706657072
WALL 21086976 1 0 1706657073
WALL 21086976 1 0 1706657074
WALL 21086976 1 0 1706657075
WALL 21086976 1 0 1706657076
WALL 21086976 1 0 1706657077
WALL 21086976 1 0 1706657078
WALL 21086976 1 0 1706657079
WALL 21086976 1 0 1706657080
WALL 21086976 1 0 1706657081
WALL 21086976 1 0 1706657082
WALL 21086976 1 0 1706657083
WALL 21086976 1 0 1706657084
WALL 21086976 1 0 1706657085
WALL 21086976 1 0 1706657086
WALL 21086976 1 0 1706657087
WALL 21086976 1 0 1706657088
WALL 21086976 1 0 1706657089
WALL 21086976 1 0 1706657090
WALL 21086976 1 0 1706657091
WALL 21086976 1 0 1706657092
WALL 21086976 1 0 1706657093
WALL 21086976 1 0 1706657094
WALL 21086976 1 0 1706657095
WALL 21086976 1 0 1706657096
WALL 21086976 1 0 1706657097
WALL 21086976 1 0 1706657098
WALL 21086976 1 0 1706657099
WALL 21086976 1 0 1706657100
WALL 21086976 1 0 1706657101
WALL 21086976 1 0 1706657102
WALL 21086976 1 0 1706657103
WALL 21086976 1 0 1706657104
WALL 21086976 1 0 1706657105
WALL 21086976 1 0 1706657106
WALL 21086976 1 0 1706657107
WALL 21086976 1 0 1706657108
WALL 21086976 1 0 1706657109
WALL 21086976 1 0 1706657110
WALL 21086976 1 0 1706657111
WALL 21086976 1 0 1706657112
WALL 21086976 1 0 1706657113
WALL 21086976 1 0 1706657114
WALL 21086976 1 0 1706657115
WALL 21086976 1 0 1706657116
WALL 21086976 1 0 1706657117
WALL 21086976 1 0 1706657118
WALL 21086976 1 0 1706657119
WALL 21086976 1 0 1706657120
WALL 21086976 1 0 1706657121
WALL 21086976 1 0 1706657122
WALL 21086976 1 0 1706657123
WALL 21086976 1 0 1706657124
WALL 21086976 1 0 1706657125
WALL 21086976 1 0 1706657126
WALL 21086976 1 0 1706657127
WALL 21086976 1 0 1706657128
WALL 21086976 1 0 1706657129
WALL 21086976 1 0 1706657130
WALL 21086976 1 0 1706657131
WALL 21086976 1 0 1706657132
WALL 21086976 1 0 1706657133
WALL 21086976 1 0 1706657134
WALL 21086976 1 0 1706657135
slurmstepd: error: *** JOB 21086976 ON nid200197 CANCELLED AT 2024-01-30T23:25:36 DUE TO PREEMPTION ***
received SIGTERM 1706657136
WALL 21086976 1 0 1706657136
received SIGCONT 1706657136
WALL 21086976 1 0 1706657136
received SIGTERM 1706657136
WALL 21086976 1 0 1706657136
