WALL 21154228 1 0 1706743627
WALL 21154228 1 0 1706743628
WALL 21154228 1 0 1706743629
WALL 21154228 1 0 1706743630
WALL 21154228 1 0 1706743631
WALL 21154228 1 0 1706743632
WALL 21154228 1 0 1706743633
WALL 21154228 1 0 1706743634
WALL 21154228 1 0 1706743635
WALL 21154228 1 0 1706743636
WALL 21154228 1 0 1706743637
WALL 21154228 1 0 1706743638
WALL 21154228 1 0 1706743639
WALL 21154228 1 0 1706743640
WALL 21154228 1 0 1706743641
WALL 21154228 1 0 1706743642
WALL 21154228 1 0 1706743643
WALL 21154228 1 0 1706743644
WALL 21154228 1 0 1706743645
WALL 21154228 1 0 1706743646
WALL 21154228 1 0 1706743647
WALL 21154228 1 0 1706743648
WALL 21154228 1 0 1706743649
WALL 21154228 1 0 1706743650
WALL 21154228 1 0 1706743651
WALL 21154228 1 0 1706743652
WALL 21154228 1 0 1706743653
WALL 21154228 1 0 1706743654
WALL 21154228 1 0 1706743655
WALL 21154228 1 0 1706743656
WALL 21154228 1 0 1706743657
WALL 21154228 1 0 1706743658
WALL 21154228 1 0 1706743659
WALL 21154228 1 0 1706743660
WALL 21154228 1 0 1706743661
WALL 21154228 1 0 1706743662
WALL 21154228 1 0 1706743663
WALL 21154228 1 0 1706743664
WALL 21154228 1 0 1706743665
WALL 21154228 1 0 1706743666
WALL 21154228 1 0 1706743667
WALL 21154228 1 0 1706743668
WALL 21154228 1 0 1706743669
WALL 21154228 1 0 1706743670
WALL 21154228 1 0 1706743671
WALL 21154228 1 0 1706743672
WALL 21154228 1 0 1706743673
WALL 21154228 1 0 1706743674
WALL 21154228 1 0 1706743675
WALL 21154228 1 0 1706743676
WALL 21154228 1 0 1706743677
WALL 21154228 1 0 1706743678
WALL 21154228 1 0 1706743679
WALL 21154228 1 0 1706743680
WALL 21154228 1 0 1706743681
WALL 21154228 1 0 1706743682
WALL 21154228 1 0 1706743683
WALL 21154228 1 0 1706743684
WALL 21154228 1 0 1706743685
WALL 21154228 1 0 1706743686
WALL 21154228 1 0 1706743687
WALL 21154228 1 0 1706743688
WALL 21154228 1 0 1706743689
WALL 21154228 1 0 1706743690
WALL 21154228 1 0 1706743691
WALL 21154228 1 0 1706743692
WALL 21154228 1 0 1706743693
WALL 21154228 1 0 1706743694
WALL 21154228 1 0 1706743695
WALL 21154228 1 0 1706743696
WALL 21154228 1 0 1706743697
WALL 21154228 1 0 1706743698
WALL 21154228 1 0 1706743699
WALL 21154228 1 0 1706743700
WALL 21154228 1 0 1706743701
WALL 21154228 1 0 1706743702
WALL 21154228 1 0 1706743703
WALL 21154228 1 0 1706743704
WALL 21154228 1 0 1706743705
WALL 21154228 1 0 1706743706
WALL 21154228 1 0 1706743707
WALL 21154228 1 0 1706743708
WALL 21154228 1 0 1706743709
WALL 21154228 1 0 1706743710
WALL 21154228 1 0 1706743711
WALL 21154228 1 0 1706743712
WALL 21154228 1 0 1706743713
WALL 21154228 1 0 1706743714
WALL 21154228 1 0 1706743715
WALL 21154228 1 0 1706743716
WALL 21154228 1 0 1706743717
WALL 21154228 1 0 1706743718
WALL 21154228 1 0 1706743719
WALL 21154228 1 0 1706743720
WALL 21154228 1 0 1706743721
WALL 21154228 1 0 1706743722
WALL 21154228 1 0 1706743723
WALL 21154228 1 0 1706743724
WALL 21154228 1 0 1706743725
WALL 21154228 1 0 1706743726
WALL 21154228 1 0 1706743727
WALL 21154228 1 0 1706743728
WALL 21154228 1 0 1706743729
WALL 21154228 1 0 1706743730
WALL 21154228 1 0 1706743731
WALL 21154228 1 0 1706743732
WALL 21154228 1 0 1706743733
WALL 21154228 1 0 1706743734
WALL 21154228 1 0 1706743735
WALL 21154228 1 0 1706743736
WALL 21154228 1 0 1706743737
WALL 21154228 1 0 1706743738
WALL 21154228 1 0 1706743739
WALL 21154228 1 0 1706743740
WALL 21154228 1 0 1706743741
WALL 21154228 1 0 1706743742
WALL 21154228 1 0 1706743743
WALL 21154228 1 0 1706743744
WALL 21154228 1 0 1706743745
WALL 21154228 1 0 1706743746
WALL 21154228 1 0 1706743747
WALL 21154228 1 0 1706743748
WALL 21154228 1 0 1706743749
WALL 21154228 1 0 1706743750
WALL 21154228 1 0 1706743751
WALL 21154228 1 0 1706743752
WALL 21154228 1 0 1706743753
WALL 21154228 1 0 1706743754
WALL 21154228 1 0 1706743755
WALL 21154228 1 0 1706743756
WALL 21154228 1 0 1706743757
WALL 21154228 1 0 1706743758
WALL 21154228 1 0 1706743759
WALL 21154228 1 0 1706743760
WALL 21154228 1 0 1706743761
WALL 21154228 1 0 1706743762
WALL 21154228 1 0 1706743763
WALL 21154228 1 0 1706743764
WALL 21154228 1 0 1706743765
WALL 21154228 1 0 1706743766
WALL 21154228 1 0 1706743767
WALL 21154228 1 0 1706743768
WALL 21154228 1 0 1706743769
WALL 21154228 1 0 1706743770
WALL 21154228 1 0 1706743771
WALL 21154228 1 0 1706743772
WALL 21154228 1 0 1706743773
WALL 21154228 1 0 1706743774
WALL 21154228 1 0 1706743775
WALL 21154228 1 0 1706743776
WALL 21154228 1 0 1706743777
WALL 21154228 1 0 1706743778
WALL 21154228 1 0 1706743779
WALL 21154228 1 0 1706743780
WALL 21154228 1 0 1706743781
WALL 21154228 1 0 1706743782
WALL 21154228 1 0 1706743783
WALL 21154228 1 0 1706743784
WALL 21154228 1 0 1706743785
WALL 21154228 1 0 1706743786
WALL 21154228 1 0 1706743787
WALL 21154228 1 0 1706743788
WALL 21154228 1 0 1706743789
WALL 21154228 1 0 1706743790
WALL 21154228 1 0 1706743791
WALL 21154228 1 0 1706743792
WALL 21154228 1 0 1706743793
WALL 21154228 1 0 1706743794
WALL 21154228 1 0 1706743795
WALL 21154228 1 0 1706743796
WALL 21154228 1 0 1706743797
WALL 21154228 1 0 1706743798
WALL 21154228 1 0 1706743799
WALL 21154228 1 0 1706743800
WALL 21154228 1 0 1706743801
WALL 21154228 1 0 1706743802
WALL 21154228 1 0 1706743803
WALL 21154228 1 0 1706743804
WALL 21154228 1 0 1706743805
WALL 21154228 1 0 1706743806
WALL 21154228 1 0 1706743807
WALL 21154228 1 0 1706743808
WALL 21154228 1 0 1706743809
WALL 21154228 1 0 1706743810
WALL 21154228 1 0 1706743811
WALL 21154228 1 0 1706743812
WALL 21154228 1 0 1706743813
WALL 21154228 1 0 1706743814
WALL 21154228 1 0 1706743815
WALL 21154228 1 0 1706743816
WALL 21154228 1 0 1706743817
WALL 21154228 1 0 1706743818
slurmstepd: error: *** STEP 21154228.0 ON nid200012 CANCELLED AT 2024-01-31T23:30:18 ***
received SIGTERM 1706743818
WALL 21154228 1 0 1706743818
received SIGCONT 1706743818
WALL 21154228 1 0 1706743818
WALL 21154228 1 0 1706743819
WALL 21154228 1 0 1706743820
WALL 21154228 1 0 1706743821
WALL 21154228 1 0 1706743822
WALL 21154228 1 0 1706743823
WALL 21154228 1 0 1706743824
WALL 21154228 1 0 1706743825
WALL 21154228 1 0 1706743826
WALL 21154228 1 0 1706743827
WALL 21154228 1 0 1706743828
WALL 21154228 1 0 1706743829
WALL 21154228 1 0 1706743830
WALL 21154228 1 0 1706743831
WALL 21154228 1 0 1706743832
WALL 21154228 1 0 1706743833
WALL 21154228 1 0 1706743834
WALL 21154228 1 0 1706743835
WALL 21154228 1 0 1706743836
WALL 21154228 1 0 1706743837
WALL 21154228 1 0 1706743838
WALL 21154228 1 0 1706743839
WALL 21154228 1 0 1706743840
WALL 21154228 1 0 1706743841
WALL 21154228 1 0 1706743842
WALL 21154228 1 0 1706743843
WALL 21154228 1 0 1706743844
WALL 21154228 1 0 1706743845
WALL 21154228 1 0 1706743846
WALL 21154228 1 0 1706743847
WALL 21154228 1 0 1706743848
WALL 21154228 1 0 1706743849
WALL 21154228 1 0 1706743850
WALL 21154228 1 0 1706743851
WALL 21154228 1 0 1706743852
WALL 21154228 1 0 1706743853
WALL 21154228 1 0 1706743854
WALL 21154228 1 0 1706743855
WALL 21154228 1 0 1706743856
WALL 21154228 1 0 1706743857
WALL 21154228 1 0 1706743858
WALL 21154228 1 0 1706743859
WALL 21154228 1 0 1706743860
WALL 21154228 1 0 1706743861
WALL 21154228 1 0 1706743862
WALL 21154228 1 0 1706743863
WALL 21154228 1 0 1706743864
WALL 21154228 1 0 1706743865
WALL 21154228 1 0 1706743866
WALL 21154228 1 0 1706743867
WALL 21154228 1 0 1706743868
WALL 21154228 1 0 1706743869
WALL 21154228 1 0 1706743870
WALL 21154228 1 0 1706743871
WALL 21154228 1 0 1706743872
WALL 21154228 1 0 1706743873
WALL 21154228 1 0 1706743874
WALL 21154228 1 0 1706743875
WALL 21154228 1 0 1706743876
WALL 21154228 1 0 1706743877
WALL 21154228 1 0 1706743878
WALL 21154228 1 0 1706743879
WALL 21154228 1 0 1706743880
WALL 21154228 1 0 1706743881
WALL 21154228 1 0 1706743882
WALL 21154228 1 0 1706743883
WALL 21154228 1 0 1706743884
WALL 21154228 1 0 1706743885
WALL 21154228 1 0 1706743886
WALL 21154228 1 0 1706743887
WALL 21154228 1 0 1706743888
WALL 21154228 1 0 1706743889
slurmstepd: error: *** JOB 21154228 ON nid200012 CANCELLED AT 2024-01-31T23:31:30 DUE TO PREEMPTION ***
received SIGTERM 1706743890
WALL 21154228 1 0 1706743890
received SIGCONT 1706743890
WALL 21154228 1 0 1706743890
received SIGTERM 1706743890
WALL 21154228 1 0 1706743890
