srun: warning: can't run 1 processes on 8 nodes, setting nnodes to 1
WALL 21207803 1 0 1706821730
WALL 21207803 1 0 1706821731
WALL 21207803 1 0 1706821732
WALL 21207803 1 0 1706821733
WALL 21207803 1 0 1706821734
WALL 21207803 1 0 1706821735
WALL 21207803 1 0 1706821736
WALL 21207803 1 0 1706821737
WALL 21207803 1 0 1706821738
WALL 21207803 1 0 1706821739
WALL 21207803 1 0 1706821740
WALL 21207803 1 0 1706821741
WALL 21207803 1 0 1706821742
WALL 21207803 1 0 1706821743
WALL 21207803 1 0 1706821744
WALL 21207803 1 0 1706821745
WALL 21207803 1 0 1706821746
WALL 21207803 1 0 1706821747
WALL 21207803 1 0 1706821748
WALL 21207803 1 0 1706821749
WALL 21207803 1 0 1706821750
WALL 21207803 1 0 1706821751
WALL 21207803 1 0 1706821752
WALL 21207803 1 0 1706821753
WALL 21207803 1 0 1706821754
WALL 21207803 1 0 1706821755
WALL 21207803 1 0 1706821756
WALL 21207803 1 0 1706821757
WALL 21207803 1 0 1706821758
WALL 21207803 1 0 1706821759
WALL 21207803 1 0 1706821760
WALL 21207803 1 0 1706821761
WALL 21207803 1 0 1706821762
WALL 21207803 1 0 1706821763
WALL 21207803 1 0 1706821764
WALL 21207803 1 0 1706821765
received SIGCONT 1706821766
WALL 21207803 1 0 1706821766
slurmstepd: error: *** STEP 21207803.0 ON nid200017 CANCELLED AT 2024-02-01T21:09:26 ***
received SIGTERM 1706821766
WALL 21207803 1 0 1706821766
WALL 21207803 1 0 1706821767
WALL 21207803 1 0 1706821768
WALL 21207803 1 0 1706821769
WALL 21207803 1 0 1706821770
WALL 21207803 1 0 1706821771
WALL 21207803 1 0 1706821772
WALL 21207803 1 0 1706821773
WALL 21207803 1 0 1706821774
WALL 21207803 1 0 1706821775
WALL 21207803 1 0 1706821776
WALL 21207803 1 0 1706821777
WALL 21207803 1 0 1706821778
WALL 21207803 1 0 1706821779
WALL 21207803 1 0 1706821780
WALL 21207803 1 0 1706821781
WALL 21207803 1 0 1706821782
WALL 21207803 1 0 1706821783
WALL 21207803 1 0 1706821784
WALL 21207803 1 0 1706821785
WALL 21207803 1 0 1706821786
WALL 21207803 1 0 1706821787
WALL 21207803 1 0 1706821788
WALL 21207803 1 0 1706821789
WALL 21207803 1 0 1706821790
WALL 21207803 1 0 1706821791
WALL 21207803 1 0 1706821792
WALL 21207803 1 0 1706821793
WALL 21207803 1 0 1706821794
WALL 21207803 1 0 1706821795
WALL 21207803 1 0 1706821796
WALL 21207803 1 0 1706821797
WALL 21207803 1 0 1706821798
WALL 21207803 1 0 1706821799
WALL 21207803 1 0 1706821800
WALL 21207803 1 0 1706821801
WALL 21207803 1 0 1706821802
WALL 21207803 1 0 1706821803
WALL 21207803 1 0 1706821804
WALL 21207803 1 0 1706821805
WALL 21207803 1 0 1706821806
WALL 21207803 1 0 1706821807
WALL 21207803 1 0 1706821808
WALL 21207803 1 0 1706821809
WALL 21207803 1 0 1706821810
WALL 21207803 1 0 1706821811
WALL 21207803 1 0 1706821812
WALL 21207803 1 0 1706821813
WALL 21207803 1 0 1706821814
WALL 21207803 1 0 1706821815
WALL 21207803 1 0 1706821816
WALL 21207803 1 0 1706821817
WALL 21207803 1 0 1706821818
WALL 21207803 1 0 1706821819
WALL 21207803 1 0 1706821820
WALL 21207803 1 0 1706821821
WALL 21207803 1 0 1706821822
WALL 21207803 1 0 1706821823
WALL 21207803 1 0 1706821824
WALL 21207803 1 0 1706821825
WALL 21207803 1 0 1706821826
WALL 21207803 1 0 1706821827
WALL 21207803 1 0 1706821828
WALL 21207803 1 0 1706821829
WALL 21207803 1 0 1706821830
WALL 21207803 1 0 1706821831
WALL 21207803 1 0 1706821832
WALL 21207803 1 0 1706821833
WALL 21207803 1 0 1706821834
WALL 21207803 1 0 1706821835
WALL 21207803 1 0 1706821836
WALL 21207803 1 0 1706821837
WALL 21207803 1 0 1706821838
slurmstepd: error: *** JOB 21207803 ON nid200017 CANCELLED AT 2024-02-01T21:10:38 DUE TO PREEMPTION ***
received SIGTERM 1706821838
WALL 21207803 1 0 1706821838
received SIGCONT 1706821838
WALL 21207803 1 0 1706821838
received SIGTERM 1706821838
WALL 21207803 1 0 1706821838
