WALL 21088728 1 0 1706660926
WALL 21088728 1 0 1706660927
WALL 21088728 1 0 1706660928
WALL 21088728 1 0 1706660929
WALL 21088728 1 0 1706660930
WALL 21088728 1 0 1706660931
WALL 21088728 1 0 1706660932
WALL 21088728 1 0 1706660933
WALL 21088728 1 0 1706660934
WALL 21088728 1 0 1706660935
WALL 21088728 1 0 1706660936
WALL 21088728 1 0 1706660937
WALL 21088728 1 0 1706660938
WALL 21088728 1 0 1706660939
WALL 21088728 1 0 1706660940
WALL 21088728 1 0 1706660941
WALL 21088728 1 0 1706660942
WALL 21088728 1 0 1706660943
WALL 21088728 1 0 1706660944
WALL 21088728 1 0 1706660945
WALL 21088728 1 0 1706660946
WALL 21088728 1 0 1706660947
WALL 21088728 1 0 1706660948
WALL 21088728 1 0 1706660949
WALL 21088728 1 0 1706660950
WALL 21088728 1 0 1706660951
WALL 21088728 1 0 1706660952
WALL 21088728 1 0 1706660953
WALL 21088728 1 0 1706660954
WALL 21088728 1 0 1706660955
WALL 21088728 1 0 1706660956
WALL 21088728 1 0 1706660957
WALL 21088728 1 0 1706660958
WALL 21088728 1 0 1706660959
WALL 21088728 1 0 1706660960
WALL 21088728 1 0 1706660961
WALL 21088728 1 0 1706660962
WALL 21088728 1 0 1706660963
WALL 21088728 1 0 1706660964
WALL 21088728 1 0 1706660965
WALL 21088728 1 0 1706660966
WALL 21088728 1 0 1706660967
WALL 21088728 1 0 1706660968
WALL 21088728 1 0 1706660969
WALL 21088728 1 0 1706660970
WALL 21088728 1 0 1706660971
WALL 21088728 1 0 1706660972
WALL 21088728 1 0 1706660973
WALL 21088728 1 0 1706660974
WALL 21088728 1 0 1706660975
WALL 21088728 1 0 1706660976
WALL 21088728 1 0 1706660977
WALL 21088728 1 0 1706660978
WALL 21088728 1 0 1706660979
WALL 21088728 1 0 1706660980
WALL 21088728 1 0 1706660981
WALL 21088728 1 0 1706660982
WALL 21088728 1 0 1706660983
WALL 21088728 1 0 1706660984
WALL 21088728 1 0 1706660985
WALL 21088728 1 0 1706660986
WALL 21088728 1 0 1706660987
WALL 21088728 1 0 1706660988
WALL 21088728 1 0 1706660989
WALL 21088728 1 0 1706660990
WALL 21088728 1 0 1706660991
WALL 21088728 1 0 1706660992
WALL 21088728 1 0 1706660993
WALL 21088728 1 0 1706660994
WALL 21088728 1 0 1706660995
WALL 21088728 1 0 1706660996
WALL 21088728 1 0 1706660997
WALL 21088728 1 0 1706660998
WALL 21088728 1 0 1706660999
WALL 21088728 1 0 1706661000
WALL 21088728 1 0 1706661001
WALL 21088728 1 0 1706661002
WALL 21088728 1 0 1706661003
WALL 21088728 1 0 1706661004
WALL 21088728 1 0 1706661005
WALL 21088728 1 0 1706661006
WALL 21088728 1 0 1706661007
WALL 21088728 1 0 1706661008
WALL 21088728 1 0 1706661009
WALL 21088728 1 0 1706661010
WALL 21088728 1 0 1706661011
WALL 21088728 1 0 1706661012
WALL 21088728 1 0 1706661013
WALL 21088728 1 0 1706661014
WALL 21088728 1 0 1706661015
WALL 21088728 1 0 1706661016
WALL 21088728 1 0 1706661017
WALL 21088728 1 0 1706661018
WALL 21088728 1 0 1706661019
WALL 21088728 1 0 1706661020
WALL 21088728 1 0 1706661021
WALL 21088728 1 0 1706661022
WALL 21088728 1 0 1706661023
WALL 21088728 1 0 1706661024
WALL 21088728 1 0 1706661025
WALL 21088728 1 0 1706661026
WALL 21088728 1 0 1706661027
WALL 21088728 1 0 1706661028
WALL 21088728 1 0 1706661029
WALL 21088728 1 0 1706661030
WALL 21088728 1 0 1706661031
WALL 21088728 1 0 1706661032
WALL 21088728 1 0 1706661033
WALL 21088728 1 0 1706661034
WALL 21088728 1 0 1706661035
WALL 21088728 1 0 1706661036
WALL 21088728 1 0 1706661037
WALL 21088728 1 0 1706661038
WALL 21088728 1 0 1706661039
WALL 21088728 1 0 1706661040
WALL 21088728 1 0 1706661041
WALL 21088728 1 0 1706661042
WALL 21088728 1 0 1706661043
WALL 21088728 1 0 1706661044
WALL 21088728 1 0 1706661045
WALL 21088728 1 0 1706661046
WALL 21088728 1 0 1706661047
WALL 21088728 1 0 1706661048
WALL 21088728 1 0 1706661049
WALL 21088728 1 0 1706661050
WALL 21088728 1 0 1706661051
WALL 21088728 1 0 1706661052
WALL 21088728 1 0 1706661053
WALL 21088728 1 0 1706661054
WALL 21088728 1 0 1706661055
WALL 21088728 1 0 1706661056
WALL 21088728 1 0 1706661057
WALL 21088728 1 0 1706661058
WALL 21088728 1 0 1706661059
WALL 21088728 1 0 1706661060
WALL 21088728 1 0 1706661061
WALL 21088728 1 0 1706661062
WALL 21088728 1 0 1706661063
WALL 21088728 1 0 1706661064
WALL 21088728 1 0 1706661065
WALL 21088728 1 0 1706661066
WALL 21088728 1 0 1706661067
WALL 21088728 1 0 1706661068
WALL 21088728 1 0 1706661069
WALL 21088728 1 0 1706661070
WALL 21088728 1 0 1706661071
WALL 21088728 1 0 1706661072
WALL 21088728 1 0 1706661073
WALL 21088728 1 0 1706661074
WALL 21088728 1 0 1706661075
WALL 21088728 1 0 1706661076
WALL 21088728 1 0 1706661077
WALL 21088728 1 0 1706661078
WALL 21088728 1 0 1706661079
WALL 21088728 1 0 1706661080
WALL 21088728 1 0 1706661081
WALL 21088728 1 0 1706661082
WALL 21088728 1 0 1706661083
WALL 21088728 1 0 1706661084
WALL 21088728 1 0 1706661085
WALL 21088728 1 0 1706661086
WALL 21088728 1 0 1706661087
WALL 21088728 1 0 1706661088
WALL 21088728 1 0 1706661089
WALL 21088728 1 0 1706661090
WALL 21088728 1 0 1706661091
WALL 21088728 1 0 1706661092
WALL 21088728 1 0 1706661093
WALL 21088728 1 0 1706661094
WALL 21088728 1 0 1706661095
WALL 21088728 1 0 1706661096
WALL 21088728 1 0 1706661097
WALL 21088728 1 0 1706661098
WALL 21088728 1 0 1706661099
WALL 21088728 1 0 1706661100
WALL 21088728 1 0 1706661101
WALL 21088728 1 0 1706661102
WALL 21088728 1 0 1706661103
WALL 21088728 1 0 1706661104
WALL 21088728 1 0 1706661105
WALL 21088728 1 0 1706661106
WALL 21088728 1 0 1706661107
WALL 21088728 1 0 1706661108
WALL 21088728 1 0 1706661109
WALL 21088728 1 0 1706661110
WALL 21088728 1 0 1706661111
WALL 21088728 1 0 1706661112
WALL 21088728 1 0 1706661113
WALL 21088728 1 0 1706661114
WALL 21088728 1 0 1706661115
WALL 21088728 1 0 1706661116
WALL 21088728 1 0 1706661117
WALL 21088728 1 0 1706661118
WALL 21088728 1 0 1706661119
WALL 21088728 1 0 1706661120
WALL 21088728 1 0 1706661121
WALL 21088728 1 0 1706661122
WALL 21088728 1 0 1706661123
WALL 21088728 1 0 1706661124
WALL 21088728 1 0 1706661125
WALL 21088728 1 0 1706661126
WALL 21088728 1 0 1706661127
WALL 21088728 1 0 1706661128
WALL 21088728 1 0 1706661129
WALL 21088728 1 0 1706661130
WALL 21088728 1 0 1706661131
WALL 21088728 1 0 1706661132
WALL 21088728 1 0 1706661133
WALL 21088728 1 0 1706661134
WALL 21088728 1 0 1706661135
WALL 21088728 1 0 1706661136
WALL 21088728 1 0 1706661137
WALL 21088728 1 0 1706661138
WALL 21088728 1 0 1706661139
WALL 21088728 1 0 1706661140
WALL 21088728 1 0 1706661141
WALL 21088728 1 0 1706661142
WALL 21088728 1 0 1706661143
WALL 21088728 1 0 1706661144
WALL 21088728 1 0 1706661145
WALL 21088728 1 0 1706661146
WALL 21088728 1 0 1706661147
WALL 21088728 1 0 1706661148
WALL 21088728 1 0 1706661149
WALL 21088728 1 0 1706661150
WALL 21088728 1 0 1706661151
WALL 21088728 1 0 1706661152
WALL 21088728 1 0 1706661153
WALL 21088728 1 0 1706661154
WALL 21088728 1 0 1706661155
WALL 21088728 1 0 1706661156
WALL 21088728 1 0 1706661157
WALL 21088728 1 0 1706661158
WALL 21088728 1 0 1706661159
WALL 21088728 1 0 1706661160
WALL 21088728 1 0 1706661161
WALL 21088728 1 0 1706661162
WALL 21088728 1 0 1706661163
WALL 21088728 1 0 1706661164
WALL 21088728 1 0 1706661165
WALL 21088728 1 0 1706661166
WALL 21088728 1 0 1706661167
WALL 21088728 1 0 1706661168
slurmstepd: error: *** STEP 21088728.0 ON nid200186 CANCELLED AT 2024-01-31T00:32:49 ***
received SIGTERM 1706661169
WALL 21088728 1 0 1706661169
received SIGCONT 1706661169
WALL 21088728 1 0 1706661169
WALL 21088728 1 0 1706661170
WALL 21088728 1 0 1706661171
WALL 21088728 1 0 1706661172
WALL 21088728 1 0 1706661173
WALL 21088728 1 0 1706661174
WALL 21088728 1 0 1706661175
WALL 21088728 1 0 1706661176
WALL 21088728 1 0 1706661177
WALL 21088728 1 0 1706661178
WALL 21088728 1 0 1706661179
WALL 21088728 1 0 1706661180
WALL 21088728 1 0 1706661181
WALL 21088728 1 0 1706661182
WALL 21088728 1 0 1706661183
WALL 21088728 1 0 1706661184
WALL 21088728 1 0 1706661185
WALL 21088728 1 0 1706661186
WALL 21088728 1 0 1706661187
WALL 21088728 1 0 1706661188
WALL 21088728 1 0 1706661189
WALL 21088728 1 0 1706661190
WALL 21088728 1 0 1706661191
WALL 21088728 1 0 1706661192
WALL 21088728 1 0 1706661193
WALL 21088728 1 0 1706661194
WALL 21088728 1 0 1706661195
WALL 21088728 1 0 1706661196
WALL 21088728 1 0 1706661197
WALL 21088728 1 0 1706661198
WALL 21088728 1 0 1706661199
WALL 21088728 1 0 1706661200
WALL 21088728 1 0 1706661201
WALL 21088728 1 0 1706661202
WALL 21088728 1 0 1706661203
WALL 21088728 1 0 1706661204
WALL 21088728 1 0 1706661205
WALL 21088728 1 0 1706661206
WALL 21088728 1 0 1706661207
WALL 21088728 1 0 1706661208
WALL 21088728 1 0 1706661209
WALL 21088728 1 0 1706661210
WALL 21088728 1 0 1706661211
WALL 21088728 1 0 1706661212
WALL 21088728 1 0 1706661213
WALL 21088728 1 0 1706661214
WALL 21088728 1 0 1706661215
WALL 21088728 1 0 1706661216
WALL 21088728 1 0 1706661217
WALL 21088728 1 0 1706661218
WALL 21088728 1 0 1706661219
WALL 21088728 1 0 1706661220
WALL 21088728 1 0 1706661221
WALL 21088728 1 0 1706661222
WALL 21088728 1 0 1706661223
WALL 21088728 1 0 1706661224
WALL 21088728 1 0 1706661225
WALL 21088728 1 0 1706661226
WALL 21088728 1 0 1706661227
WALL 21088728 1 0 1706661228
WALL 21088728 1 0 1706661229
WALL 21088728 1 0 1706661230
WALL 21088728 1 0 1706661231
WALL 21088728 1 0 1706661232
WALL 21088728 1 0 1706661233
WALL 21088728 1 0 1706661234
WALL 21088728 1 0 1706661235
WALL 21088728 1 0 1706661236
WALL 21088728 1 0 1706661237
WALL 21088728 1 0 1706661238
WALL 21088728 1 0 1706661239
WALL 21088728 1 0 1706661240
WALL 21088728 1 0 1706661241
WALL 21088728 1 0 1706661242
WALL 21088728 1 0 1706661243
WALL 21088728 1 0 1706661244
WALL 21088728 1 0 1706661245
WALL 21088728 1 0 1706661246
WALL 21088728 1 0 1706661247
WALL 21088728 1 0 1706661248
WALL 21088728 1 0 1706661249
WALL 21088728 1 0 1706661250
WALL 21088728 1 0 1706661251
slurmstepd: error: *** JOB 21088728 ON nid200186 CANCELLED AT 2024-01-31T00:34:11 DUE TO PREEMPTION ***
received SIGTERM 1706661251
WALL 21088728 1 0 1706661251
received SIGCONT 1706661251
WALL 21088728 1 0 1706661251
received SIGTERM 1706661251
WALL 21088728 1 0 1706661251
