WALL 21204410 1 0 1706819031
WALL 21204410 1 0 1706819032
WALL 21204410 1 0 1706819033
WALL 21204410 1 0 1706819034
WALL 21204410 1 0 1706819035
WALL 21204410 1 0 1706819036
WALL 21204410 1 0 1706819037
WALL 21204410 1 0 1706819038
WALL 21204410 1 0 1706819039
WALL 21204410 1 0 1706819040
WALL 21204410 1 0 1706819041
WALL 21204410 1 0 1706819042
WALL 21204410 1 0 1706819043
WALL 21204410 1 0 1706819044
WALL 21204410 1 0 1706819045
WALL 21204410 1 0 1706819046
WALL 21204410 1 0 1706819047
WALL 21204410 1 0 1706819048
WALL 21204410 1 0 1706819049
WALL 21204410 1 0 1706819050
WALL 21204410 1 0 1706819051
received SIGCONT 1706819052
WALL 21204410 1 0 1706819052
slurmstepd: error: *** STEP 21204410.0 ON nid200021 CANCELLED AT 2024-02-01T20:24:12 ***
received SIGTERM 1706819052
WALL 21204410 1 0 1706819052
WALL 21204410 1 0 1706819053
WALL 21204410 1 0 1706819054
WALL 21204410 1 0 1706819055
WALL 21204410 1 0 1706819056
WALL 21204410 1 0 1706819057
WALL 21204410 1 0 1706819058
WALL 21204410 1 0 1706819059
WALL 21204410 1 0 1706819060
WALL 21204410 1 0 1706819061
WALL 21204410 1 0 1706819062
WALL 21204410 1 0 1706819063
WALL 21204410 1 0 1706819064
WALL 21204410 1 0 1706819065
WALL 21204410 1 0 1706819066
WALL 21204410 1 0 1706819067
WALL 21204410 1 0 1706819068
WALL 21204410 1 0 1706819069
WALL 21204410 1 0 1706819070
WALL 21204410 1 0 1706819071
WALL 21204410 1 0 1706819072
WALL 21204410 1 0 1706819073
WALL 21204410 1 0 1706819074
WALL 21204410 1 0 1706819075
WALL 21204410 1 0 1706819076
WALL 21204410 1 0 1706819077
WALL 21204410 1 0 1706819078
WALL 21204410 1 0 1706819079
WALL 21204410 1 0 1706819080
WALL 21204410 1 0 1706819081
WALL 21204410 1 0 1706819082
WALL 21204410 1 0 1706819083
WALL 21204410 1 0 1706819084
WALL 21204410 1 0 1706819085
WALL 21204410 1 0 1706819086
WALL 21204410 1 0 1706819087
WALL 21204410 1 0 1706819088
WALL 21204410 1 0 1706819089
WALL 21204410 1 0 1706819090
WALL 21204410 1 0 1706819091
WALL 21204410 1 0 1706819092
WALL 21204410 1 0 1706819093
WALL 21204410 1 0 1706819094
WALL 21204410 1 0 1706819095
WALL 21204410 1 0 1706819096
WALL 21204410 1 0 1706819097
WALL 21204410 1 0 1706819098
WALL 21204410 1 0 1706819099
WALL 21204410 1 0 1706819100
WALL 21204410 1 0 1706819101
WALL 21204410 1 0 1706819102
WALL 21204410 1 0 1706819103
WALL 21204410 1 0 1706819104
WALL 21204410 1 0 1706819105
WALL 21204410 1 0 1706819106
WALL 21204410 1 0 1706819107
WALL 21204410 1 0 1706819108
WALL 21204410 1 0 1706819109
WALL 21204410 1 0 1706819110
WALL 21204410 1 0 1706819111
WALL 21204410 1 0 1706819112
slurmstepd: error: *** JOB 21204410 ON nid200021 CANCELLED AT 2024-02-01T20:25:12 DUE TO PREEMPTION ***
received SIGTERM 1706819112
WALL 21204410 1 0 1706819112
received SIGCONT 1706819112
WALL 21204410 1 0 1706819112
received SIGTERM 1706819112
WALL 21204410 1 0 1706819112
