WALL 21211031 1 0 1706829015
WALL 21211031 1 0 1706829016
WALL 21211031 1 0 1706829017
WALL 21211031 1 0 1706829018
WALL 21211031 1 0 1706829019
WALL 21211031 1 0 1706829020
WALL 21211031 1 0 1706829021
WALL 21211031 1 0 1706829022
WALL 21211031 1 0 1706829023
WALL 21211031 1 0 1706829024
WALL 21211031 1 0 1706829025
WALL 21211031 1 0 1706829026
WALL 21211031 1 0 1706829027
WALL 21211031 1 0 1706829028
WALL 21211031 1 0 1706829029
WALL 21211031 1 0 1706829030
WALL 21211031 1 0 1706829031
WALL 21211031 1 0 1706829032
WALL 21211031 1 0 1706829033
WALL 21211031 1 0 1706829034
WALL 21211031 1 0 1706829035
WALL 21211031 1 0 1706829036
WALL 21211031 1 0 1706829037
WALL 21211031 1 0 1706829038
WALL 21211031 1 0 1706829039
WALL 21211031 1 0 1706829040
WALL 21211031 1 0 1706829041
WALL 21211031 1 0 1706829042
WALL 21211031 1 0 1706829043
WALL 21211031 1 0 1706829044
WALL 21211031 1 0 1706829045
WALL 21211031 1 0 1706829046
WALL 21211031 1 0 1706829047
WALL 21211031 1 0 1706829048
WALL 21211031 1 0 1706829049
WALL 21211031 1 0 1706829050
WALL 21211031 1 0 1706829051
WALL 21211031 1 0 1706829052
WALL 21211031 1 0 1706829053
WALL 21211031 1 0 1706829054
WALL 21211031 1 0 1706829055
WALL 21211031 1 0 1706829056
WALL 21211031 1 0 1706829057
WALL 21211031 1 0 1706829058
WALL 21211031 1 0 1706829059
WALL 21211031 1 0 1706829060
WALL 21211031 1 0 1706829061
WALL 21211031 1 0 1706829062
WALL 21211031 1 0 1706829063
WALL 21211031 1 0 1706829064
WALL 21211031 1 0 1706829065
WALL 21211031 1 0 1706829066
WALL 21211031 1 0 1706829067
WALL 21211031 1 0 1706829068
WALL 21211031 1 0 1706829069
WALL 21211031 1 0 1706829070
WALL 21211031 1 0 1706829071
WALL 21211031 1 0 1706829072
WALL 21211031 1 0 1706829073
WALL 21211031 1 0 1706829074
WALL 21211031 1 0 1706829075
WALL 21211031 1 0 1706829076
WALL 21211031 1 0 1706829077
WALL 21211031 1 0 1706829078
WALL 21211031 1 0 1706829079
WALL 21211031 1 0 1706829080
WALL 21211031 1 0 1706829081
WALL 21211031 1 0 1706829082
WALL 21211031 1 0 1706829083
WALL 21211031 1 0 1706829084
WALL 21211031 1 0 1706829085
WALL 21211031 1 0 1706829086
WALL 21211031 1 0 1706829087
WALL 21211031 1 0 1706829088
WALL 21211031 1 0 1706829089
WALL 21211031 1 0 1706829090
WALL 21211031 1 0 1706829091
WALL 21211031 1 0 1706829092
WALL 21211031 1 0 1706829093
WALL 21211031 1 0 1706829094
WALL 21211031 1 0 1706829095
WALL 21211031 1 0 1706829096
WALL 21211031 1 0 1706829097
WALL 21211031 1 0 1706829098
WALL 21211031 1 0 1706829099
WALL 21211031 1 0 1706829100
WALL 21211031 1 0 1706829101
WALL 21211031 1 0 1706829102
WALL 21211031 1 0 1706829103
WALL 21211031 1 0 1706829104
WALL 21211031 1 0 1706829105
WALL 21211031 1 0 1706829106
WALL 21211031 1 0 1706829107
WALL 21211031 1 0 1706829108
WALL 21211031 1 0 1706829109
WALL 21211031 1 0 1706829110
WALL 21211031 1 0 1706829111
WALL 21211031 1 0 1706829112
WALL 21211031 1 0 1706829113
WALL 21211031 1 0 1706829114
WALL 21211031 1 0 1706829115
WALL 21211031 1 0 1706829116
WALL 21211031 1 0 1706829117
WALL 21211031 1 0 1706829118
WALL 21211031 1 0 1706829119
WALL 21211031 1 0 1706829120
WALL 21211031 1 0 1706829121
WALL 21211031 1 0 1706829122
WALL 21211031 1 0 1706829123
WALL 21211031 1 0 1706829124
WALL 21211031 1 0 1706829125
WALL 21211031 1 0 1706829126
WALL 21211031 1 0 1706829127
WALL 21211031 1 0 1706829128
WALL 21211031 1 0 1706829129
WALL 21211031 1 0 1706829130
WALL 21211031 1 0 1706829131
WALL 21211031 1 0 1706829132
WALL 21211031 1 0 1706829133
WALL 21211031 1 0 1706829134
WALL 21211031 1 0 1706829135
WALL 21211031 1 0 1706829136
WALL 21211031 1 0 1706829137
WALL 21211031 1 0 1706829138
WALL 21211031 1 0 1706829139
WALL 21211031 1 0 1706829140
WALL 21211031 1 0 1706829141
WALL 21211031 1 0 1706829142
WALL 21211031 1 0 1706829143
WALL 21211031 1 0 1706829144
WALL 21211031 1 0 1706829145
WALL 21211031 1 0 1706829146
WALL 21211031 1 0 1706829147
WALL 21211031 1 0 1706829148
WALL 21211031 1 0 1706829149
WALL 21211031 1 0 1706829150
WALL 21211031 1 0 1706829151
WALL 21211031 1 0 1706829152
WALL 21211031 1 0 1706829153
WALL 21211031 1 0 1706829154
WALL 21211031 1 0 1706829155
WALL 21211031 1 0 1706829156
WALL 21211031 1 0 1706829157
WALL 21211031 1 0 1706829158
WALL 21211031 1 0 1706829159
WALL 21211031 1 0 1706829160
WALL 21211031 1 0 1706829161
WALL 21211031 1 0 1706829162
WALL 21211031 1 0 1706829163
WALL 21211031 1 0 1706829164
WALL 21211031 1 0 1706829165
WALL 21211031 1 0 1706829166
WALL 21211031 1 0 1706829167
WALL 21211031 1 0 1706829168
WALL 21211031 1 0 1706829169
WALL 21211031 1 0 1706829170
WALL 21211031 1 0 1706829171
WALL 21211031 1 0 1706829172
WALL 21211031 1 0 1706829173
WALL 21211031 1 0 1706829174
WALL 21211031 1 0 1706829175
WALL 21211031 1 0 1706829176
WALL 21211031 1 0 1706829177
WALL 21211031 1 0 1706829178
WALL 21211031 1 0 1706829179
WALL 21211031 1 0 1706829180
WALL 21211031 1 0 1706829181
WALL 21211031 1 0 1706829182
WALL 21211031 1 0 1706829183
WALL 21211031 1 0 1706829184
WALL 21211031 1 0 1706829185
WALL 21211031 1 0 1706829186
WALL 21211031 1 0 1706829187
WALL 21211031 1 0 1706829188
WALL 21211031 1 0 1706829189
WALL 21211031 1 0 1706829190
WALL 21211031 1 0 1706829191
WALL 21211031 1 0 1706829192
WALL 21211031 1 0 1706829193
WALL 21211031 1 0 1706829194
WALL 21211031 1 0 1706829195
WALL 21211031 1 0 1706829196
WALL 21211031 1 0 1706829197
WALL 21211031 1 0 1706829198
WALL 21211031 1 0 1706829199
WALL 21211031 1 0 1706829200
WALL 21211031 1 0 1706829201
WALL 21211031 1 0 1706829202
WALL 21211031 1 0 1706829203
WALL 21211031 1 0 1706829204
WALL 21211031 1 0 1706829205
WALL 21211031 1 0 1706829206
WALL 21211031 1 0 1706829207
WALL 21211031 1 0 1706829208
WALL 21211031 1 0 1706829209
WALL 21211031 1 0 1706829210
WALL 21211031 1 0 1706829211
WALL 21211031 1 0 1706829212
WALL 21211031 1 0 1706829213
WALL 21211031 1 0 1706829214
WALL 21211031 1 0 1706829215
WALL 21211031 1 0 1706829216
WALL 21211031 1 0 1706829217
WALL 21211031 1 0 1706829218
WALL 21211031 1 0 1706829219
WALL 21211031 1 0 1706829220
WALL 21211031 1 0 1706829221
WALL 21211031 1 0 1706829222
WALL 21211031 1 0 1706829223
WALL 21211031 1 0 1706829224
WALL 21211031 1 0 1706829225
WALL 21211031 1 0 1706829226
WALL 21211031 1 0 1706829227
WALL 21211031 1 0 1706829228
WALL 21211031 1 0 1706829229
WALL 21211031 1 0 1706829230
WALL 21211031 1 0 1706829231
WALL 21211031 1 0 1706829232
WALL 21211031 1 0 1706829233
WALL 21211031 1 0 1706829234
WALL 21211031 1 0 1706829235
WALL 21211031 1 0 1706829236
WALL 21211031 1 0 1706829237
WALL 21211031 1 0 1706829238
WALL 21211031 1 0 1706829239
WALL 21211031 1 0 1706829240
WALL 21211031 1 0 1706829241
WALL 21211031 1 0 1706829242
WALL 21211031 1 0 1706829243
WALL 21211031 1 0 1706829244
WALL 21211031 1 0 1706829245
WALL 21211031 1 0 1706829246
WALL 21211031 1 0 1706829247
WALL 21211031 1 0 1706829248
WALL 21211031 1 0 1706829249
WALL 21211031 1 0 1706829250
WALL 21211031 1 0 1706829251
WALL 21211031 1 0 1706829252
WALL 21211031 1 0 1706829253
WALL 21211031 1 0 1706829254
WALL 21211031 1 0 1706829255
WALL 21211031 1 0 1706829256
WALL 21211031 1 0 1706829257
WALL 21211031 1 0 1706829258
WALL 21211031 1 0 1706829259
WALL 21211031 1 0 1706829260
WALL 21211031 1 0 1706829261
WALL 21211031 1 0 1706829262
WALL 21211031 1 0 1706829263
WALL 21211031 1 0 1706829264
WALL 21211031 1 0 1706829265
WALL 21211031 1 0 1706829266
WALL 21211031 1 0 1706829267
WALL 21211031 1 0 1706829268
WALL 21211031 1 0 1706829269
WALL 21211031 1 0 1706829270
WALL 21211031 1 0 1706829271
WALL 21211031 1 0 1706829272
WALL 21211031 1 0 1706829273
WALL 21211031 1 0 1706829274
WALL 21211031 1 0 1706829275
WALL 21211031 1 0 1706829276
WALL 21211031 1 0 1706829277
WALL 21211031 1 0 1706829278
WALL 21211031 1 0 1706829279
WALL 21211031 1 0 1706829280
WALL 21211031 1 0 1706829281
WALL 21211031 1 0 1706829282
received SIGCONT 1706829283
WALL 21211031 1 0 1706829283
slurmstepd: error: *** STEP 21211031.0 ON nid200187 CANCELLED AT 2024-02-01T23:14:43 ***
received SIGTERM 1706829283
WALL 21211031 1 0 1706829283
WALL 21211031 1 0 1706829284
WALL 21211031 1 0 1706829285
WALL 21211031 1 0 1706829286
WALL 21211031 1 0 1706829287
WALL 21211031 1 0 1706829288
WALL 21211031 1 0 1706829289
WALL 21211031 1 0 1706829290
WALL 21211031 1 0 1706829291
WALL 21211031 1 0 1706829292
WALL 21211031 1 0 1706829293
WALL 21211031 1 0 1706829294
WALL 21211031 1 0 1706829295
WALL 21211031 1 0 1706829296
WALL 21211031 1 0 1706829297
WALL 21211031 1 0 1706829298
WALL 21211031 1 0 1706829299
WALL 21211031 1 0 1706829300
WALL 21211031 1 0 1706829301
WALL 21211031 1 0 1706829302
WALL 21211031 1 0 1706829303
WALL 21211031 1 0 1706829304
WALL 21211031 1 0 1706829305
WALL 21211031 1 0 1706829306
WALL 21211031 1 0 1706829307
WALL 21211031 1 0 1706829308
WALL 21211031 1 0 1706829309
WALL 21211031 1 0 1706829310
WALL 21211031 1 0 1706829311
WALL 21211031 1 0 1706829312
WALL 21211031 1 0 1706829313
WALL 21211031 1 0 1706829314
WALL 21211031 1 0 1706829315
WALL 21211031 1 0 1706829316
WALL 21211031 1 0 1706829317
WALL 21211031 1 0 1706829318
WALL 21211031 1 0 1706829319
WALL 21211031 1 0 1706829320
WALL 21211031 1 0 1706829321
WALL 21211031 1 0 1706829322
WALL 21211031 1 0 1706829323
WALL 21211031 1 0 1706829324
WALL 21211031 1 0 1706829325
WALL 21211031 1 0 1706829326
WALL 21211031 1 0 1706829327
WALL 21211031 1 0 1706829328
WALL 21211031 1 0 1706829329
WALL 21211031 1 0 1706829330
WALL 21211031 1 0 1706829331
WALL 21211031 1 0 1706829332
WALL 21211031 1 0 1706829333
WALL 21211031 1 0 1706829334
WALL 21211031 1 0 1706829335
WALL 21211031 1 0 1706829336
WALL 21211031 1 0 1706829337
WALL 21211031 1 0 1706829338
WALL 21211031 1 0 1706829339
WALL 21211031 1 0 1706829340
WALL 21211031 1 0 1706829341
WALL 21211031 1 0 1706829342
WALL 21211031 1 0 1706829343
WALL 21211031 1 0 1706829344
WALL 21211031 1 0 1706829345
WALL 21211031 1 0 1706829346
WALL 21211031 1 0 1706829347
WALL 21211031 1 0 1706829348
WALL 21211031 1 0 1706829349
WALL 21211031 1 0 1706829350
WALL 21211031 1 0 1706829351
WALL 21211031 1 0 1706829352
WALL 21211031 1 0 1706829353
WALL 21211031 1 0 1706829354
WALL 21211031 1 0 1706829355
WALL 21211031 1 0 1706829356
WALL 21211031 1 0 1706829357
WALL 21211031 1 0 1706829358
WALL 21211031 1 0 1706829359
WALL 21211031 1 0 1706829360
WALL 21211031 1 0 1706829361
WALL 21211031 1 0 1706829362
WALL 21211031 1 0 1706829363
WALL 21211031 1 0 1706829364
WALL 21211031 1 0 1706829365
WALL 21211031 1 0 1706829366
WALL 21211031 1 0 1706829367
WALL 21211031 1 0 1706829368
WALL 21211031 1 0 1706829369
slurmstepd: error: *** JOB 21211031 ON nid200187 CANCELLED AT 2024-02-01T23:16:10 DUE TO PREEMPTION ***
received SIGTERM 1706829370
WALL 21211031 1 0 1706829370
received SIGCONT 1706829370
WALL 21211031 1 0 1706829370
received SIGTERM 1706829370
WALL 21211031 1 0 1706829370
