srun: warning: can't run 1 processes on 2 nodes, setting nnodes to 1
WALL 21209561 1 0 1706824811
WALL 21209561 1 0 1706824812
WALL 21209561 1 0 1706824813
WALL 21209561 1 0 1706824814
WALL 21209561 1 0 1706824815
WALL 21209561 1 0 1706824816
WALL 21209561 1 0 1706824817
WALL 21209561 1 0 1706824818
WALL 21209561 1 0 1706824819
WALL 21209561 1 0 1706824820
WALL 21209561 1 0 1706824821
WALL 21209561 1 0 1706824822
WALL 21209561 1 0 1706824823
WALL 21209561 1 0 1706824824
WALL 21209561 1 0 1706824825
WALL 21209561 1 0 1706824826
WALL 21209561 1 0 1706824827
WALL 21209561 1 0 1706824828
WALL 21209561 1 0 1706824829
WALL 21209561 1 0 1706824830
WALL 21209561 1 0 1706824831
WALL 21209561 1 0 1706824832
WALL 21209561 1 0 1706824833
WALL 21209561 1 0 1706824834
WALL 21209561 1 0 1706824835
WALL 21209561 1 0 1706824836
WALL 21209561 1 0 1706824837
WALL 21209561 1 0 1706824838
WALL 21209561 1 0 1706824839
WALL 21209561 1 0 1706824840
WALL 21209561 1 0 1706824841
WALL 21209561 1 0 1706824842
WALL 21209561 1 0 1706824843
WALL 21209561 1 0 1706824844
WALL 21209561 1 0 1706824845
WALL 21209561 1 0 1706824846
WALL 21209561 1 0 1706824847
WALL 21209561 1 0 1706824848
WALL 21209561 1 0 1706824849
WALL 21209561 1 0 1706824850
WALL 21209561 1 0 1706824851
WALL 21209561 1 0 1706824852
WALL 21209561 1 0 1706824853
WALL 21209561 1 0 1706824854
WALL 21209561 1 0 1706824855
WALL 21209561 1 0 1706824856
WALL 21209561 1 0 1706824857
WALL 21209561 1 0 1706824858
WALL 21209561 1 0 1706824859
WALL 21209561 1 0 1706824860
WALL 21209561 1 0 1706824861
WALL 21209561 1 0 1706824862
WALL 21209561 1 0 1706824863
WALL 21209561 1 0 1706824864
WALL 21209561 1 0 1706824865
WALL 21209561 1 0 1706824866
WALL 21209561 1 0 1706824867
WALL 21209561 1 0 1706824868
WALL 21209561 1 0 1706824869
WALL 21209561 1 0 1706824870
WALL 21209561 1 0 1706824871
WALL 21209561 1 0 1706824872
WALL 21209561 1 0 1706824873
WALL 21209561 1 0 1706824874
WALL 21209561 1 0 1706824875
WALL 21209561 1 0 1706824876
WALL 21209561 1 0 1706824877
WALL 21209561 1 0 1706824878
WALL 21209561 1 0 1706824879
WALL 21209561 1 0 1706824880
WALL 21209561 1 0 1706824881
WALL 21209561 1 0 1706824882
WALL 21209561 1 0 1706824883
WALL 21209561 1 0 1706824884
WALL 21209561 1 0 1706824885
WALL 21209561 1 0 1706824886
WALL 21209561 1 0 1706824887
WALL 21209561 1 0 1706824888
WALL 21209561 1 0 1706824889
WALL 21209561 1 0 1706824890
WALL 21209561 1 0 1706824891
WALL 21209561 1 0 1706824892
WALL 21209561 1 0 1706824893
WALL 21209561 1 0 1706824894
WALL 21209561 1 0 1706824895
WALL 21209561 1 0 1706824896
WALL 21209561 1 0 1706824897
WALL 21209561 1 0 1706824898
WALL 21209561 1 0 1706824899
WALL 21209561 1 0 1706824900
WALL 21209561 1 0 1706824901
WALL 21209561 1 0 1706824902
WALL 21209561 1 0 1706824903
WALL 21209561 1 0 1706824904
WALL 21209561 1 0 1706824905
WALL 21209561 1 0 1706824906
WALL 21209561 1 0 1706824907
WALL 21209561 1 0 1706824908
WALL 21209561 1 0 1706824909
WALL 21209561 1 0 1706824910
WALL 21209561 1 0 1706824911
WALL 21209561 1 0 1706824912
WALL 21209561 1 0 1706824913
WALL 21209561 1 0 1706824914
WALL 21209561 1 0 1706824915
WALL 21209561 1 0 1706824916
WALL 21209561 1 0 1706824917
WALL 21209561 1 0 1706824918
WALL 21209561 1 0 1706824919
WALL 21209561 1 0 1706824920
WALL 21209561 1 0 1706824921
WALL 21209561 1 0 1706824922
WALL 21209561 1 0 1706824923
WALL 21209561 1 0 1706824924
WALL 21209561 1 0 1706824925
WALL 21209561 1 0 1706824926
WALL 21209561 1 0 1706824927
WALL 21209561 1 0 1706824928
WALL 21209561 1 0 1706824929
WALL 21209561 1 0 1706824930
WALL 21209561 1 0 1706824931
WALL 21209561 1 0 1706824932
WALL 21209561 1 0 1706824933
WALL 21209561 1 0 1706824934
WALL 21209561 1 0 1706824935
WALL 21209561 1 0 1706824936
WALL 21209561 1 0 1706824937
WALL 21209561 1 0 1706824938
WALL 21209561 1 0 1706824939
WALL 21209561 1 0 1706824940
WALL 21209561 1 0 1706824941
WALL 21209561 1 0 1706824942
WALL 21209561 1 0 1706824943
WALL 21209561 1 0 1706824944
WALL 21209561 1 0 1706824945
WALL 21209561 1 0 1706824946
WALL 21209561 1 0 1706824947
WALL 21209561 1 0 1706824948
WALL 21209561 1 0 1706824949
WALL 21209561 1 0 1706824950
WALL 21209561 1 0 1706824951
WALL 21209561 1 0 1706824952
WALL 21209561 1 0 1706824953
WALL 21209561 1 0 1706824954
WALL 21209561 1 0 1706824955
WALL 21209561 1 0 1706824956
WALL 21209561 1 0 1706824957
WALL 21209561 1 0 1706824958
WALL 21209561 1 0 1706824959
WALL 21209561 1 0 1706824960
WALL 21209561 1 0 1706824961
WALL 21209561 1 0 1706824962
WALL 21209561 1 0 1706824963
WALL 21209561 1 0 1706824964
WALL 21209561 1 0 1706824965
WALL 21209561 1 0 1706824966
WALL 21209561 1 0 1706824967
WALL 21209561 1 0 1706824968
WALL 21209561 1 0 1706824969
WALL 21209561 1 0 1706824970
WALL 21209561 1 0 1706824971
WALL 21209561 1 0 1706824972
WALL 21209561 1 0 1706824973
WALL 21209561 1 0 1706824974
WALL 21209561 1 0 1706824975
WALL 21209561 1 0 1706824976
WALL 21209561 1 0 1706824977
WALL 21209561 1 0 1706824978
WALL 21209561 1 0 1706824979
WALL 21209561 1 0 1706824980
WALL 21209561 1 0 1706824981
WALL 21209561 1 0 1706824982
WALL 21209561 1 0 1706824983
WALL 21209561 1 0 1706824984
WALL 21209561 1 0 1706824985
WALL 21209561 1 0 1706824986
WALL 21209561 1 0 1706824987
WALL 21209561 1 0 1706824988
WALL 21209561 1 0 1706824989
WALL 21209561 1 0 1706824990
WALL 21209561 1 0 1706824991
WALL 21209561 1 0 1706824992
WALL 21209561 1 0 1706824993
WALL 21209561 1 0 1706824994
WALL 21209561 1 0 1706824995
WALL 21209561 1 0 1706824996
WALL 21209561 1 0 1706824997
WALL 21209561 1 0 1706824998
WALL 21209561 1 0 1706824999
WALL 21209561 1 0 1706825000
WALL 21209561 1 0 1706825001
WALL 21209561 1 0 1706825002
WALL 21209561 1 0 1706825003
WALL 21209561 1 0 1706825004
WALL 21209561 1 0 1706825005
WALL 21209561 1 0 1706825006
WALL 21209561 1 0 1706825007
WALL 21209561 1 0 1706825008
WALL 21209561 1 0 1706825009
WALL 21209561 1 0 1706825010
WALL 21209561 1 0 1706825011
WALL 21209561 1 0 1706825012
WALL 21209561 1 0 1706825013
WALL 21209561 1 0 1706825014
WALL 21209561 1 0 1706825015
WALL 21209561 1 0 1706825016
WALL 21209561 1 0 1706825017
WALL 21209561 1 0 1706825018
WALL 21209561 1 0 1706825019
WALL 21209561 1 0 1706825020
WALL 21209561 1 0 1706825021
WALL 21209561 1 0 1706825022
WALL 21209561 1 0 1706825023
WALL 21209561 1 0 1706825024
WALL 21209561 1 0 1706825025
WALL 21209561 1 0 1706825026
WALL 21209561 1 0 1706825027
WALL 21209561 1 0 1706825028
WALL 21209561 1 0 1706825029
WALL 21209561 1 0 1706825030
WALL 21209561 1 0 1706825031
WALL 21209561 1 0 1706825032
WALL 21209561 1 0 1706825033
WALL 21209561 1 0 1706825034
WALL 21209561 1 0 1706825035
WALL 21209561 1 0 1706825036
WALL 21209561 1 0 1706825037
WALL 21209561 1 0 1706825038
WALL 21209561 1 0 1706825039
WALL 21209561 1 0 1706825040
WALL 21209561 1 0 1706825041
WALL 21209561 1 0 1706825042
WALL 21209561 1 0 1706825043
WALL 21209561 1 0 1706825044
WALL 21209561 1 0 1706825045
WALL 21209561 1 0 1706825046
WALL 21209561 1 0 1706825047
WALL 21209561 1 0 1706825048
WALL 21209561 1 0 1706825049
WALL 21209561 1 0 1706825050
WALL 21209561 1 0 1706825051
WALL 21209561 1 0 1706825052
WALL 21209561 1 0 1706825053
WALL 21209561 1 0 1706825054
WALL 21209561 1 0 1706825055
WALL 21209561 1 0 1706825056
WALL 21209561 1 0 1706825057
WALL 21209561 1 0 1706825058
WALL 21209561 1 0 1706825059
WALL 21209561 1 0 1706825060
WALL 21209561 1 0 1706825061
WALL 21209561 1 0 1706825062
WALL 21209561 1 0 1706825063
WALL 21209561 1 0 1706825064
WALL 21209561 1 0 1706825065
WALL 21209561 1 0 1706825066
WALL 21209561 1 0 1706825067
WALL 21209561 1 0 1706825068
WALL 21209561 1 0 1706825069
WALL 21209561 1 0 1706825070
WALL 21209561 1 0 1706825071
WALL 21209561 1 0 1706825072
WALL 21209561 1 0 1706825073
WALL 21209561 1 0 1706825074
WALL 21209561 1 0 1706825075
WALL 21209561 1 0 1706825076
WALL 21209561 1 0 1706825077
WALL 21209561 1 0 1706825078
WALL 21209561 1 0 1706825079
WALL 21209561 1 0 1706825080
WALL 21209561 1 0 1706825081
WALL 21209561 1 0 1706825082
WALL 21209561 1 0 1706825083
WALL 21209561 1 0 1706825084
WALL 21209561 1 0 1706825085
WALL 21209561 1 0 1706825086
WALL 21209561 1 0 1706825087
WALL 21209561 1 0 1706825088
WALL 21209561 1 0 1706825089
WALL 21209561 1 0 1706825090
WALL 21209561 1 0 1706825091
WALL 21209561 1 0 1706825092
WALL 21209561 1 0 1706825093
WALL 21209561 1 0 1706825094
WALL 21209561 1 0 1706825095
WALL 21209561 1 0 1706825096
WALL 21209561 1 0 1706825097
WALL 21209561 1 0 1706825098
WALL 21209561 1 0 1706825099
WALL 21209561 1 0 1706825100
WALL 21209561 1 0 1706825101
WALL 21209561 1 0 1706825102
WALL 21209561 1 0 1706825103
WALL 21209561 1 0 1706825104
WALL 21209561 1 0 1706825105
WALL 21209561 1 0 1706825106
WALL 21209561 1 0 1706825107
WALL 21209561 1 0 1706825108
WALL 21209561 1 0 1706825109
WALL 21209561 1 0 1706825110
WALL 21209561 1 0 1706825111
WALL 21209561 1 0 1706825112
WALL 21209561 1 0 1706825113
WALL 21209561 1 0 1706825114
WALL 21209561 1 0 1706825115
WALL 21209561 1 0 1706825116
WALL 21209561 1 0 1706825117
WALL 21209561 1 0 1706825118
WALL 21209561 1 0 1706825119
WALL 21209561 1 0 1706825120
WALL 21209561 1 0 1706825121
WALL 21209561 1 0 1706825122
WALL 21209561 1 0 1706825123
WALL 21209561 1 0 1706825124
WALL 21209561 1 0 1706825125
WALL 21209561 1 0 1706825126
WALL 21209561 1 0 1706825127
WALL 21209561 1 0 1706825128
WALL 21209561 1 0 1706825129
WALL 21209561 1 0 1706825130
WALL 21209561 1 0 1706825131
WALL 21209561 1 0 1706825132
WALL 21209561 1 0 1706825133
WALL 21209561 1 0 1706825134
WALL 21209561 1 0 1706825135
WALL 21209561 1 0 1706825136
WALL 21209561 1 0 1706825137
WALL 21209561 1 0 1706825138
WALL 21209561 1 0 1706825139
WALL 21209561 1 0 1706825140
WALL 21209561 1 0 1706825141
WALL 21209561 1 0 1706825142
WALL 21209561 1 0 1706825143
WALL 21209561 1 0 1706825144
WALL 21209561 1 0 1706825145
WALL 21209561 1 0 1706825146
WALL 21209561 1 0 1706825147
WALL 21209561 1 0 1706825148
WALL 21209561 1 0 1706825149
WALL 21209561 1 0 1706825150
WALL 21209561 1 0 1706825151
WALL 21209561 1 0 1706825152
WALL 21209561 1 0 1706825153
WALL 21209561 1 0 1706825154
WALL 21209561 1 0 1706825155
WALL 21209561 1 0 1706825156
WALL 21209561 1 0 1706825157
WALL 21209561 1 0 1706825158
WALL 21209561 1 0 1706825159
WALL 21209561 1 0 1706825160
WALL 21209561 1 0 1706825161
WALL 21209561 1 0 1706825162
WALL 21209561 1 0 1706825163
WALL 21209561 1 0 1706825164
WALL 21209561 1 0 1706825165
WALL 21209561 1 0 1706825166
WALL 21209561 1 0 1706825167
WALL 21209561 1 0 1706825168
WALL 21209561 1 0 1706825169
WALL 21209561 1 0 1706825170
WALL 21209561 1 0 1706825171
WALL 21209561 1 0 1706825172
WALL 21209561 1 0 1706825173
WALL 21209561 1 0 1706825174
WALL 21209561 1 0 1706825175
WALL 21209561 1 0 1706825176
WALL 21209561 1 0 1706825177
WALL 21209561 1 0 1706825178
WALL 21209561 1 0 1706825179
WALL 21209561 1 0 1706825180
WALL 21209561 1 0 1706825181
WALL 21209561 1 0 1706825182
WALL 21209561 1 0 1706825183
WALL 21209561 1 0 1706825184
WALL 21209561 1 0 1706825185
WALL 21209561 1 0 1706825186
WALL 21209561 1 0 1706825187
WALL 21209561 1 0 1706825188
WALL 21209561 1 0 1706825189
WALL 21209561 1 0 1706825190
WALL 21209561 1 0 1706825191
WALL 21209561 1 0 1706825192
WALL 21209561 1 0 1706825193
WALL 21209561 1 0 1706825194
WALL 21209561 1 0 1706825195
WALL 21209561 1 0 1706825196
WALL 21209561 1 0 1706825197
WALL 21209561 1 0 1706825198
WALL 21209561 1 0 1706825199
WALL 21209561 1 0 1706825200
WALL 21209561 1 0 1706825201
WALL 21209561 1 0 1706825202
WALL 21209561 1 0 1706825203
WALL 21209561 1 0 1706825204
WALL 21209561 1 0 1706825205
WALL 21209561 1 0 1706825206
WALL 21209561 1 0 1706825207
WALL 21209561 1 0 1706825208
WALL 21209561 1 0 1706825209
WALL 21209561 1 0 1706825210
WALL 21209561 1 0 1706825211
WALL 21209561 1 0 1706825212
WALL 21209561 1 0 1706825213
WALL 21209561 1 0 1706825214
WALL 21209561 1 0 1706825215
WALL 21209561 1 0 1706825216
WALL 21209561 1 0 1706825217
WALL 21209561 1 0 1706825218
WALL 21209561 1 0 1706825219
WALL 21209561 1 0 1706825220
WALL 21209561 1 0 1706825221
WALL 21209561 1 0 1706825222
WALL 21209561 1 0 1706825223
WALL 21209561 1 0 1706825224
WALL 21209561 1 0 1706825225
WALL 21209561 1 0 1706825226
WALL 21209561 1 0 1706825227
WALL 21209561 1 0 1706825228
WALL 21209561 1 0 1706825229
WALL 21209561 1 0 1706825230
WALL 21209561 1 0 1706825231
WALL 21209561 1 0 1706825232
WALL 21209561 1 0 1706825233
WALL 21209561 1 0 1706825234
WALL 21209561 1 0 1706825235
WALL 21209561 1 0 1706825236
WALL 21209561 1 0 1706825237
WALL 21209561 1 0 1706825238
WALL 21209561 1 0 1706825239
WALL 21209561 1 0 1706825240
WALL 21209561 1 0 1706825241
received SIGCONT 1706825241
WALL 21209561 1 0 1706825241
slurmstepd: error: *** STEP 21209561.0 ON nid200006 CANCELLED AT 2024-02-01T22:07:21 ***
received SIGTERM 1706825241
WALL 21209561 1 0 1706825241
WALL 21209561 1 0 1706825242
WALL 21209561 1 0 1706825243
WALL 21209561 1 0 1706825244
WALL 21209561 1 0 1706825245
WALL 21209561 1 0 1706825246
WALL 21209561 1 0 1706825247
WALL 21209561 1 0 1706825248
WALL 21209561 1 0 1706825249
WALL 21209561 1 0 1706825250
WALL 21209561 1 0 1706825251
WALL 21209561 1 0 1706825252
WALL 21209561 1 0 1706825253
WALL 21209561 1 0 1706825254
WALL 21209561 1 0 1706825255
WALL 21209561 1 0 1706825256
WALL 21209561 1 0 1706825257
WALL 21209561 1 0 1706825258
WALL 21209561 1 0 1706825259
WALL 21209561 1 0 1706825260
WALL 21209561 1 0 1706825261
WALL 21209561 1 0 1706825262
WALL 21209561 1 0 1706825263
WALL 21209561 1 0 1706825264
WALL 21209561 1 0 1706825265
WALL 21209561 1 0 1706825266
WALL 21209561 1 0 1706825267
WALL 21209561 1 0 1706825268
WALL 21209561 1 0 1706825269
WALL 21209561 1 0 1706825270
WALL 21209561 1 0 1706825271
WALL 21209561 1 0 1706825272
WALL 21209561 1 0 1706825273
WALL 21209561 1 0 1706825274
WALL 21209561 1 0 1706825275
WALL 21209561 1 0 1706825276
WALL 21209561 1 0 1706825277
WALL 21209561 1 0 1706825278
WALL 21209561 1 0 1706825279
WALL 21209561 1 0 1706825280
WALL 21209561 1 0 1706825281
WALL 21209561 1 0 1706825282
WALL 21209561 1 0 1706825283
WALL 21209561 1 0 1706825284
WALL 21209561 1 0 1706825285
WALL 21209561 1 0 1706825286
WALL 21209561 1 0 1706825287
WALL 21209561 1 0 1706825288
WALL 21209561 1 0 1706825289
WALL 21209561 1 0 1706825290
WALL 21209561 1 0 1706825291
WALL 21209561 1 0 1706825292
WALL 21209561 1 0 1706825293
WALL 21209561 1 0 1706825294
WALL 21209561 1 0 1706825295
WALL 21209561 1 0 1706825296
WALL 21209561 1 0 1706825297
WALL 21209561 1 0 1706825298
WALL 21209561 1 0 1706825299
WALL 21209561 1 0 1706825300
WALL 21209561 1 0 1706825301
WALL 21209561 1 0 1706825302
WALL 21209561 1 0 1706825303
WALL 21209561 1 0 1706825304
WALL 21209561 1 0 1706825305
WALL 21209561 1 0 1706825306
WALL 21209561 1 0 1706825307
WALL 21209561 1 0 1706825308
WALL 21209561 1 0 1706825309
WALL 21209561 1 0 1706825310
WALL 21209561 1 0 1706825311
WALL 21209561 1 0 1706825312
WALL 21209561 1 0 1706825313
WALL 21209561 1 0 1706825314
WALL 21209561 1 0 1706825315
WALL 21209561 1 0 1706825316
WALL 21209561 1 0 1706825317
WALL 21209561 1 0 1706825318
WALL 21209561 1 0 1706825319
slurmstepd: error: *** JOB 21209561 ON nid200006 CANCELLED AT 2024-02-01T22:08:40 DUE TO PREEMPTION ***
received SIGTERM 1706825320
WALL 21209561 1 0 1706825320
received SIGCONT 1706825320
WALL 21209561 1 0 1706825320
received SIGTERM 1706825320
WALL 21209561 1 0 1706825320
