WALL 21155127 1 0 1706746600
WALL 21155127 1 0 1706746601
WALL 21155127 1 0 1706746602
WALL 21155127 1 0 1706746603
WALL 21155127 1 0 1706746604
WALL 21155127 1 0 1706746605
WALL 21155127 1 0 1706746606
WALL 21155127 1 0 1706746607
WALL 21155127 1 0 1706746608
WALL 21155127 1 0 1706746609
WALL 21155127 1 0 1706746610
WALL 21155127 1 0 1706746611
WALL 21155127 1 0 1706746612
WALL 21155127 1 0 1706746613
WALL 21155127 1 0 1706746614
WALL 21155127 1 0 1706746615
WALL 21155127 1 0 1706746616
WALL 21155127 1 0 1706746617
WALL 21155127 1 0 1706746618
WALL 21155127 1 0 1706746619
WALL 21155127 1 0 1706746620
WALL 21155127 1 0 1706746621
WALL 21155127 1 0 1706746622
WALL 21155127 1 0 1706746623
WALL 21155127 1 0 1706746624
WALL 21155127 1 0 1706746625
WALL 21155127 1 0 1706746626
WALL 21155127 1 0 1706746627
WALL 21155127 1 0 1706746628
WALL 21155127 1 0 1706746629
WALL 21155127 1 0 1706746630
WALL 21155127 1 0 1706746631
WALL 21155127 1 0 1706746632
WALL 21155127 1 0 1706746633
WALL 21155127 1 0 1706746634
WALL 21155127 1 0 1706746635
WALL 21155127 1 0 1706746636
WALL 21155127 1 0 1706746637
WALL 21155127 1 0 1706746638
WALL 21155127 1 0 1706746639
WALL 21155127 1 0 1706746640
WALL 21155127 1 0 1706746641
WALL 21155127 1 0 1706746642
WALL 21155127 1 0 1706746643
WALL 21155127 1 0 1706746644
WALL 21155127 1 0 1706746645
WALL 21155127 1 0 1706746646
WALL 21155127 1 0 1706746647
WALL 21155127 1 0 1706746648
WALL 21155127 1 0 1706746649
WALL 21155127 1 0 1706746650
WALL 21155127 1 0 1706746651
WALL 21155127 1 0 1706746652
WALL 21155127 1 0 1706746653
WALL 21155127 1 0 1706746654
WALL 21155127 1 0 1706746655
WALL 21155127 1 0 1706746656
WALL 21155127 1 0 1706746657
WALL 21155127 1 0 1706746658
WALL 21155127 1 0 1706746659
WALL 21155127 1 0 1706746660
WALL 21155127 1 0 1706746661
WALL 21155127 1 0 1706746662
WALL 21155127 1 0 1706746663
WALL 21155127 1 0 1706746664
WALL 21155127 1 0 1706746665
WALL 21155127 1 0 1706746666
WALL 21155127 1 0 1706746667
WALL 21155127 1 0 1706746668
WALL 21155127 1 0 1706746669
WALL 21155127 1 0 1706746670
WALL 21155127 1 0 1706746671
WALL 21155127 1 0 1706746672
WALL 21155127 1 0 1706746673
WALL 21155127 1 0 1706746674
WALL 21155127 1 0 1706746675
WALL 21155127 1 0 1706746676
WALL 21155127 1 0 1706746677
WALL 21155127 1 0 1706746678
WALL 21155127 1 0 1706746679
received SIGCONT 1706746680
WALL 21155127 1 0 1706746680
slurmstepd: error: *** STEP 21155127.0 ON nid200000 CANCELLED AT 2024-02-01T00:18:00 ***
received SIGTERM 1706746680
WALL 21155127 1 0 1706746680
WALL 21155127 1 0 1706746681
WALL 21155127 1 0 1706746682
WALL 21155127 1 0 1706746683
WALL 21155127 1 0 1706746684
WALL 21155127 1 0 1706746685
WALL 21155127 1 0 1706746686
WALL 21155127 1 0 1706746687
WALL 21155127 1 0 1706746688
WALL 21155127 1 0 1706746689
WALL 21155127 1 0 1706746690
WALL 21155127 1 0 1706746691
WALL 21155127 1 0 1706746692
WALL 21155127 1 0 1706746693
WALL 21155127 1 0 1706746694
WALL 21155127 1 0 1706746695
WALL 21155127 1 0 1706746696
WALL 21155127 1 0 1706746697
WALL 21155127 1 0 1706746698
WALL 21155127 1 0 1706746699
WALL 21155127 1 0 1706746700
WALL 21155127 1 0 1706746701
WALL 21155127 1 0 1706746702
WALL 21155127 1 0 1706746703
WALL 21155127 1 0 1706746704
WALL 21155127 1 0 1706746705
WALL 21155127 1 0 1706746706
WALL 21155127 1 0 1706746707
WALL 21155127 1 0 1706746708
WALL 21155127 1 0 1706746709
WALL 21155127 1 0 1706746710
WALL 21155127 1 0 1706746711
WALL 21155127 1 0 1706746712
WALL 21155127 1 0 1706746713
WALL 21155127 1 0 1706746714
WALL 21155127 1 0 1706746715
WALL 21155127 1 0 1706746716
WALL 21155127 1 0 1706746717
WALL 21155127 1 0 1706746718
WALL 21155127 1 0 1706746719
WALL 21155127 1 0 1706746720
WALL 21155127 1 0 1706746721
WALL 21155127 1 0 1706746722
WALL 21155127 1 0 1706746723
WALL 21155127 1 0 1706746724
WALL 21155127 1 0 1706746725
WALL 21155127 1 0 1706746726
WALL 21155127 1 0 1706746727
WALL 21155127 1 0 1706746728
WALL 21155127 1 0 1706746729
WALL 21155127 1 0 1706746730
WALL 21155127 1 0 1706746731
WALL 21155127 1 0 1706746732
WALL 21155127 1 0 1706746733
WALL 21155127 1 0 1706746734
WALL 21155127 1 0 1706746735
WALL 21155127 1 0 1706746736
WALL 21155127 1 0 1706746737
WALL 21155127 1 0 1706746738
WALL 21155127 1 0 1706746739
WALL 21155127 1 0 1706746740
WALL 21155127 1 0 1706746741
WALL 21155127 1 0 1706746742
WALL 21155127 1 0 1706746743
WALL 21155127 1 0 1706746744
WALL 21155127 1 0 1706746745
WALL 21155127 1 0 1706746746
WALL 21155127 1 0 1706746747
WALL 21155127 1 0 1706746748
WALL 21155127 1 0 1706746749
WALL 21155127 1 0 1706746750
WALL 21155127 1 0 1706746751
slurmstepd: error: *** JOB 21155127 ON nid200000 CANCELLED AT 2024-02-01T00:19:12 DUE TO PREEMPTION ***
received SIGTERM 1706746752
WALL 21155127 1 0 1706746752
received SIGCONT 1706746752
WALL 21155127 1 0 1706746752
received SIGTERM 1706746752
WALL 21155127 1 0 1706746752
