WALL 21149853 1 0 1706738199
WALL 21149853 1 0 1706738200
WALL 21149853 1 0 1706738201
WALL 21149853 1 0 1706738202
WALL 21149853 1 0 1706738203
WALL 21149853 1 0 1706738204
WALL 21149853 1 0 1706738205
WALL 21149853 1 0 1706738206
WALL 21149853 1 0 1706738207
WALL 21149853 1 0 1706738208
WALL 21149853 1 0 1706738209
WALL 21149853 1 0 1706738210
WALL 21149853 1 0 1706738211
WALL 21149853 1 0 1706738212
WALL 21149853 1 0 1706738213
WALL 21149853 1 0 1706738214
WALL 21149853 1 0 1706738215
WALL 21149853 1 0 1706738216
WALL 21149853 1 0 1706738217
WALL 21149853 1 0 1706738218
WALL 21149853 1 0 1706738219
WALL 21149853 1 0 1706738220
WALL 21149853 1 0 1706738221
WALL 21149853 1 0 1706738222
WALL 21149853 1 0 1706738223
WALL 21149853 1 0 1706738224
WALL 21149853 1 0 1706738225
WALL 21149853 1 0 1706738226
WALL 21149853 1 0 1706738227
WALL 21149853 1 0 1706738228
WALL 21149853 1 0 1706738229
WALL 21149853 1 0 1706738230
WALL 21149853 1 0 1706738231
WALL 21149853 1 0 1706738232
WALL 21149853 1 0 1706738233
WALL 21149853 1 0 1706738234
WALL 21149853 1 0 1706738235
WALL 21149853 1 0 1706738236
WALL 21149853 1 0 1706738237
WALL 21149853 1 0 1706738238
WALL 21149853 1 0 1706738239
WALL 21149853 1 0 1706738240
WALL 21149853 1 0 1706738241
WALL 21149853 1 0 1706738242
WALL 21149853 1 0 1706738243
WALL 21149853 1 0 1706738244
WALL 21149853 1 0 1706738245
WALL 21149853 1 0 1706738246
WALL 21149853 1 0 1706738247
WALL 21149853 1 0 1706738248
WALL 21149853 1 0 1706738249
WALL 21149853 1 0 1706738250
WALL 21149853 1 0 1706738251
WALL 21149853 1 0 1706738252
WALL 21149853 1 0 1706738253
WALL 21149853 1 0 1706738254
WALL 21149853 1 0 1706738255
WALL 21149853 1 0 1706738256
WALL 21149853 1 0 1706738257
WALL 21149853 1 0 1706738258
WALL 21149853 1 0 1706738259
WALL 21149853 1 0 1706738260
WALL 21149853 1 0 1706738261
WALL 21149853 1 0 1706738262
WALL 21149853 1 0 1706738263
WALL 21149853 1 0 1706738264
WALL 21149853 1 0 1706738265
WALL 21149853 1 0 1706738266
WALL 21149853 1 0 1706738267
WALL 21149853 1 0 1706738268
WALL 21149853 1 0 1706738269
WALL 21149853 1 0 1706738270
WALL 21149853 1 0 1706738271
WALL 21149853 1 0 1706738272
WALL 21149853 1 0 1706738273
WALL 21149853 1 0 1706738274
WALL 21149853 1 0 1706738275
WALL 21149853 1 0 1706738276
WALL 21149853 1 0 1706738277
WALL 21149853 1 0 1706738278
WALL 21149853 1 0 1706738279
WALL 21149853 1 0 1706738280
WALL 21149853 1 0 1706738281
WALL 21149853 1 0 1706738282
WALL 21149853 1 0 1706738283
WALL 21149853 1 0 1706738284
WALL 21149853 1 0 1706738285
WALL 21149853 1 0 1706738286
WALL 21149853 1 0 1706738287
WALL 21149853 1 0 1706738288
WALL 21149853 1 0 1706738289
WALL 21149853 1 0 1706738290
WALL 21149853 1 0 1706738291
WALL 21149853 1 0 1706738292
WALL 21149853 1 0 1706738293
WALL 21149853 1 0 1706738294
WALL 21149853 1 0 1706738295
WALL 21149853 1 0 1706738296
WALL 21149853 1 0 1706738297
WALL 21149853 1 0 1706738298
WALL 21149853 1 0 1706738299
WALL 21149853 1 0 1706738300
WALL 21149853 1 0 1706738301
WALL 21149853 1 0 1706738302
WALL 21149853 1 0 1706738303
WALL 21149853 1 0 1706738304
WALL 21149853 1 0 1706738305
WALL 21149853 1 0 1706738306
WALL 21149853 1 0 1706738307
WALL 21149853 1 0 1706738308
WALL 21149853 1 0 1706738309
WALL 21149853 1 0 1706738310
WALL 21149853 1 0 1706738311
WALL 21149853 1 0 1706738312
WALL 21149853 1 0 1706738313
WALL 21149853 1 0 1706738314
WALL 21149853 1 0 1706738315
WALL 21149853 1 0 1706738316
WALL 21149853 1 0 1706738317
WALL 21149853 1 0 1706738318
WALL 21149853 1 0 1706738319
WALL 21149853 1 0 1706738320
WALL 21149853 1 0 1706738321
WALL 21149853 1 0 1706738322
WALL 21149853 1 0 1706738323
WALL 21149853 1 0 1706738324
WALL 21149853 1 0 1706738325
WALL 21149853 1 0 1706738326
WALL 21149853 1 0 1706738327
WALL 21149853 1 0 1706738328
WALL 21149853 1 0 1706738329
WALL 21149853 1 0 1706738330
WALL 21149853 1 0 1706738331
WALL 21149853 1 0 1706738332
WALL 21149853 1 0 1706738333
WALL 21149853 1 0 1706738334
WALL 21149853 1 0 1706738335
WALL 21149853 1 0 1706738336
WALL 21149853 1 0 1706738337
WALL 21149853 1 0 1706738338
WALL 21149853 1 0 1706738339
WALL 21149853 1 0 1706738340
WALL 21149853 1 0 1706738341
WALL 21149853 1 0 1706738342
WALL 21149853 1 0 1706738343
WALL 21149853 1 0 1706738344
WALL 21149853 1 0 1706738345
WALL 21149853 1 0 1706738346
WALL 21149853 1 0 1706738347
WALL 21149853 1 0 1706738348
WALL 21149853 1 0 1706738349
WALL 21149853 1 0 1706738350
WALL 21149853 1 0 1706738351
WALL 21149853 1 0 1706738352
WALL 21149853 1 0 1706738353
WALL 21149853 1 0 1706738354
WALL 21149853 1 0 1706738355
WALL 21149853 1 0 1706738356
WALL 21149853 1 0 1706738357
WALL 21149853 1 0 1706738358
WALL 21149853 1 0 1706738359
WALL 21149853 1 0 1706738360
WALL 21149853 1 0 1706738361
WALL 21149853 1 0 1706738362
WALL 21149853 1 0 1706738363
WALL 21149853 1 0 1706738364
WALL 21149853 1 0 1706738365
WALL 21149853 1 0 1706738366
WALL 21149853 1 0 1706738367
WALL 21149853 1 0 1706738368
WALL 21149853 1 0 1706738369
WALL 21149853 1 0 1706738370
WALL 21149853 1 0 1706738371
WALL 21149853 1 0 1706738372
WALL 21149853 1 0 1706738373
WALL 21149853 1 0 1706738374
WALL 21149853 1 0 1706738375
WALL 21149853 1 0 1706738376
WALL 21149853 1 0 1706738377
WALL 21149853 1 0 1706738378
WALL 21149853 1 0 1706738379
WALL 21149853 1 0 1706738380
WALL 21149853 1 0 1706738381
WALL 21149853 1 0 1706738382
WALL 21149853 1 0 1706738383
WALL 21149853 1 0 1706738384
WALL 21149853 1 0 1706738385
WALL 21149853 1 0 1706738386
WALL 21149853 1 0 1706738387
WALL 21149853 1 0 1706738388
WALL 21149853 1 0 1706738389
WALL 21149853 1 0 1706738390
WALL 21149853 1 0 1706738391
WALL 21149853 1 0 1706738392
WALL 21149853 1 0 1706738393
WALL 21149853 1 0 1706738394
WALL 21149853 1 0 1706738395
WALL 21149853 1 0 1706738396
WALL 21149853 1 0 1706738397
WALL 21149853 1 0 1706738398
WALL 21149853 1 0 1706738399
WALL 21149853 1 0 1706738400
WALL 21149853 1 0 1706738401
WALL 21149853 1 0 1706738402
WALL 21149853 1 0 1706738403
WALL 21149853 1 0 1706738404
WALL 21149853 1 0 1706738405
WALL 21149853 1 0 1706738406
WALL 21149853 1 0 1706738407
WALL 21149853 1 0 1706738408
WALL 21149853 1 0 1706738409
WALL 21149853 1 0 1706738410
WALL 21149853 1 0 1706738411
WALL 21149853 1 0 1706738412
WALL 21149853 1 0 1706738413
WALL 21149853 1 0 1706738414
WALL 21149853 1 0 1706738415
WALL 21149853 1 0 1706738416
WALL 21149853 1 0 1706738417
WALL 21149853 1 0 1706738418
WALL 21149853 1 0 1706738419
WALL 21149853 1 0 1706738420
WALL 21149853 1 0 1706738421
WALL 21149853 1 0 1706738422
WALL 21149853 1 0 1706738423
WALL 21149853 1 0 1706738424
WALL 21149853 1 0 1706738425
WALL 21149853 1 0 1706738426
WALL 21149853 1 0 1706738427
WALL 21149853 1 0 1706738428
WALL 21149853 1 0 1706738429
WALL 21149853 1 0 1706738430
WALL 21149853 1 0 1706738431
WALL 21149853 1 0 1706738432
WALL 21149853 1 0 1706738433
WALL 21149853 1 0 1706738434
WALL 21149853 1 0 1706738435
WALL 21149853 1 0 1706738436
WALL 21149853 1 0 1706738437
WALL 21149853 1 0 1706738438
WALL 21149853 1 0 1706738439
WALL 21149853 1 0 1706738440
WALL 21149853 1 0 1706738441
WALL 21149853 1 0 1706738442
WALL 21149853 1 0 1706738443
WALL 21149853 1 0 1706738444
WALL 21149853 1 0 1706738445
WALL 21149853 1 0 1706738446
WALL 21149853 1 0 1706738447
WALL 21149853 1 0 1706738448
WALL 21149853 1 0 1706738449
WALL 21149853 1 0 1706738450
WALL 21149853 1 0 1706738451
WALL 21149853 1 0 1706738452
WALL 21149853 1 0 1706738453
WALL 21149853 1 0 1706738454
WALL 21149853 1 0 1706738455
WALL 21149853 1 0 1706738456
WALL 21149853 1 0 1706738457
WALL 21149853 1 0 1706738458
WALL 21149853 1 0 1706738459
WALL 21149853 1 0 1706738460
WALL 21149853 1 0 1706738461
WALL 21149853 1 0 1706738462
WALL 21149853 1 0 1706738463
WALL 21149853 1 0 1706738464
WALL 21149853 1 0 1706738465
WALL 21149853 1 0 1706738466
WALL 21149853 1 0 1706738467
WALL 21149853 1 0 1706738468
WALL 21149853 1 0 1706738469
WALL 21149853 1 0 1706738470
WALL 21149853 1 0 1706738471
WALL 21149853 1 0 1706738472
WALL 21149853 1 0 1706738473
WALL 21149853 1 0 1706738474
WALL 21149853 1 0 1706738475
WALL 21149853 1 0 1706738476
WALL 21149853 1 0 1706738477
WALL 21149853 1 0 1706738478
WALL 21149853 1 0 1706738479
WALL 21149853 1 0 1706738480
WALL 21149853 1 0 1706738481
WALL 21149853 1 0 1706738482
WALL 21149853 1 0 1706738483
WALL 21149853 1 0 1706738484
WALL 21149853 1 0 1706738485
WALL 21149853 1 0 1706738486
WALL 21149853 1 0 1706738487
WALL 21149853 1 0 1706738488
WALL 21149853 1 0 1706738489
WALL 21149853 1 0 1706738490
WALL 21149853 1 0 1706738491
WALL 21149853 1 0 1706738492
WALL 21149853 1 0 1706738493
WALL 21149853 1 0 1706738494
WALL 21149853 1 0 1706738495
WALL 21149853 1 0 1706738496
WALL 21149853 1 0 1706738497
WALL 21149853 1 0 1706738498
WALL 21149853 1 0 1706738499
WALL 21149853 1 0 1706738500
WALL 21149853 1 0 1706738501
WALL 21149853 1 0 1706738502
WALL 21149853 1 0 1706738503
WALL 21149853 1 0 1706738504
WALL 21149853 1 0 1706738505
WALL 21149853 1 0 1706738506
WALL 21149853 1 0 1706738507
WALL 21149853 1 0 1706738508
WALL 21149853 1 0 1706738509
WALL 21149853 1 0 1706738510
WALL 21149853 1 0 1706738511
WALL 21149853 1 0 1706738512
WALL 21149853 1 0 1706738513
WALL 21149853 1 0 1706738514
WALL 21149853 1 0 1706738515
WALL 21149853 1 0 1706738516
WALL 21149853 1 0 1706738517
WALL 21149853 1 0 1706738518
WALL 21149853 1 0 1706738519
WALL 21149853 1 0 1706738520
WALL 21149853 1 0 1706738521
WALL 21149853 1 0 1706738522
WALL 21149853 1 0 1706738523
WALL 21149853 1 0 1706738524
WALL 21149853 1 0 1706738525
WALL 21149853 1 0 1706738526
WALL 21149853 1 0 1706738527
WALL 21149853 1 0 1706738528
WALL 21149853 1 0 1706738529
WALL 21149853 1 0 1706738530
WALL 21149853 1 0 1706738531
WALL 21149853 1 0 1706738532
WALL 21149853 1 0 1706738533
WALL 21149853 1 0 1706738534
WALL 21149853 1 0 1706738535
WALL 21149853 1 0 1706738536
WALL 21149853 1 0 1706738537
WALL 21149853 1 0 1706738538
WALL 21149853 1 0 1706738539
WALL 21149853 1 0 1706738540
WALL 21149853 1 0 1706738541
WALL 21149853 1 0 1706738542
WALL 21149853 1 0 1706738543
WALL 21149853 1 0 1706738544
WALL 21149853 1 0 1706738545
WALL 21149853 1 0 1706738546
WALL 21149853 1 0 1706738547
WALL 21149853 1 0 1706738548
WALL 21149853 1 0 1706738549
WALL 21149853 1 0 1706738550
WALL 21149853 1 0 1706738551
WALL 21149853 1 0 1706738552
WALL 21149853 1 0 1706738553
WALL 21149853 1 0 1706738554
WALL 21149853 1 0 1706738555
WALL 21149853 1 0 1706738556
WALL 21149853 1 0 1706738557
WALL 21149853 1 0 1706738558
WALL 21149853 1 0 1706738559
WALL 21149853 1 0 1706738560
WALL 21149853 1 0 1706738561
WALL 21149853 1 0 1706738562
WALL 21149853 1 0 1706738563
WALL 21149853 1 0 1706738564
WALL 21149853 1 0 1706738565
WALL 21149853 1 0 1706738566
WALL 21149853 1 0 1706738567
WALL 21149853 1 0 1706738568
WALL 21149853 1 0 1706738569
WALL 21149853 1 0 1706738570
WALL 21149853 1 0 1706738571
WALL 21149853 1 0 1706738572
WALL 21149853 1 0 1706738573
WALL 21149853 1 0 1706738574
WALL 21149853 1 0 1706738575
WALL 21149853 1 0 1706738576
WALL 21149853 1 0 1706738577
WALL 21149853 1 0 1706738578
WALL 21149853 1 0 1706738579
WALL 21149853 1 0 1706738580
WALL 21149853 1 0 1706738581
WALL 21149853 1 0 1706738582
WALL 21149853 1 0 1706738583
WALL 21149853 1 0 1706738584
WALL 21149853 1 0 1706738585
WALL 21149853 1 0 1706738586
WALL 21149853 1 0 1706738587
WALL 21149853 1 0 1706738588
WALL 21149853 1 0 1706738589
WALL 21149853 1 0 1706738590
WALL 21149853 1 0 1706738591
WALL 21149853 1 0 1706738592
WALL 21149853 1 0 1706738593
WALL 21149853 1 0 1706738594
WALL 21149853 1 0 1706738595
WALL 21149853 1 0 1706738596
WALL 21149853 1 0 1706738597
WALL 21149853 1 0 1706738598
WALL 21149853 1 0 1706738599
WALL 21149853 1 0 1706738600
WALL 21149853 1 0 1706738601
WALL 21149853 1 0 1706738602
WALL 21149853 1 0 1706738603
WALL 21149853 1 0 1706738604
WALL 21149853 1 0 1706738605
WALL 21149853 1 0 1706738606
WALL 21149853 1 0 1706738607
WALL 21149853 1 0 1706738608
WALL 21149853 1 0 1706738609
WALL 21149853 1 0 1706738610
WALL 21149853 1 0 1706738611
WALL 21149853 1 0 1706738612
WALL 21149853 1 0 1706738613
WALL 21149853 1 0 1706738614
WALL 21149853 1 0 1706738615
WALL 21149853 1 0 1706738616
WALL 21149853 1 0 1706738617
WALL 21149853 1 0 1706738618
WALL 21149853 1 0 1706738619
WALL 21149853 1 0 1706738620
WALL 21149853 1 0 1706738621
WALL 21149853 1 0 1706738622
WALL 21149853 1 0 1706738623
WALL 21149853 1 0 1706738624
WALL 21149853 1 0 1706738625
WALL 21149853 1 0 1706738626
WALL 21149853 1 0 1706738627
WALL 21149853 1 0 1706738628
WALL 21149853 1 0 1706738629
WALL 21149853 1 0 1706738630
WALL 21149853 1 0 1706738631
WALL 21149853 1 0 1706738632
WALL 21149853 1 0 1706738633
WALL 21149853 1 0 1706738634
WALL 21149853 1 0 1706738635
WALL 21149853 1 0 1706738636
WALL 21149853 1 0 1706738637
WALL 21149853 1 0 1706738638
WALL 21149853 1 0 1706738639
WALL 21149853 1 0 1706738640
WALL 21149853 1 0 1706738641
WALL 21149853 1 0 1706738642
WALL 21149853 1 0 1706738643
WALL 21149853 1 0 1706738644
WALL 21149853 1 0 1706738645
WALL 21149853 1 0 1706738646
WALL 21149853 1 0 1706738647
WALL 21149853 1 0 1706738648
WALL 21149853 1 0 1706738649
WALL 21149853 1 0 1706738650
WALL 21149853 1 0 1706738651
WALL 21149853 1 0 1706738652
WALL 21149853 1 0 1706738653
WALL 21149853 1 0 1706738654
WALL 21149853 1 0 1706738655
WALL 21149853 1 0 1706738656
WALL 21149853 1 0 1706738657
WALL 21149853 1 0 1706738658
WALL 21149853 1 0 1706738659
WALL 21149853 1 0 1706738660
WALL 21149853 1 0 1706738661
WALL 21149853 1 0 1706738662
WALL 21149853 1 0 1706738663
WALL 21149853 1 0 1706738664
WALL 21149853 1 0 1706738665
WALL 21149853 1 0 1706738666
WALL 21149853 1 0 1706738667
WALL 21149853 1 0 1706738668
WALL 21149853 1 0 1706738669
WALL 21149853 1 0 1706738670
WALL 21149853 1 0 1706738671
WALL 21149853 1 0 1706738672
WALL 21149853 1 0 1706738673
WALL 21149853 1 0 1706738674
WALL 21149853 1 0 1706738675
WALL 21149853 1 0 1706738676
WALL 21149853 1 0 1706738677
WALL 21149853 1 0 1706738678
WALL 21149853 1 0 1706738679
WALL 21149853 1 0 1706738680
WALL 21149853 1 0 1706738681
WALL 21149853 1 0 1706738682
WALL 21149853 1 0 1706738683
WALL 21149853 1 0 1706738684
WALL 21149853 1 0 1706738685
WALL 21149853 1 0 1706738686
WALL 21149853 1 0 1706738687
WALL 21149853 1 0 1706738688
WALL 21149853 1 0 1706738689
WALL 21149853 1 0 1706738690
WALL 21149853 1 0 1706738691
WALL 21149853 1 0 1706738692
WALL 21149853 1 0 1706738693
WALL 21149853 1 0 1706738694
WALL 21149853 1 0 1706738695
WALL 21149853 1 0 1706738696
WALL 21149853 1 0 1706738697
WALL 21149853 1 0 1706738698
WALL 21149853 1 0 1706738699
WALL 21149853 1 0 1706738700
WALL 21149853 1 0 1706738701
WALL 21149853 1 0 1706738702
WALL 21149853 1 0 1706738703
WALL 21149853 1 0 1706738704
WALL 21149853 1 0 1706738705
WALL 21149853 1 0 1706738706
WALL 21149853 1 0 1706738707
WALL 21149853 1 0 1706738708
WALL 21149853 1 0 1706738709
WALL 21149853 1 0 1706738710
WALL 21149853 1 0 1706738711
WALL 21149853 1 0 1706738712
WALL 21149853 1 0 1706738713
WALL 21149853 1 0 1706738714
WALL 21149853 1 0 1706738715
WALL 21149853 1 0 1706738716
WALL 21149853 1 0 1706738717
WALL 21149853 1 0 1706738718
WALL 21149853 1 0 1706738719
WALL 21149853 1 0 1706738720
WALL 21149853 1 0 1706738721
WALL 21149853 1 0 1706738722
WALL 21149853 1 0 1706738723
WALL 21149853 1 0 1706738724
WALL 21149853 1 0 1706738725
WALL 21149853 1 0 1706738726
WALL 21149853 1 0 1706738727
WALL 21149853 1 0 1706738728
WALL 21149853 1 0 1706738729
WALL 21149853 1 0 1706738730
WALL 21149853 1 0 1706738731
WALL 21149853 1 0 1706738732
WALL 21149853 1 0 1706738733
WALL 21149853 1 0 1706738734
WALL 21149853 1 0 1706738735
WALL 21149853 1 0 1706738736
WALL 21149853 1 0 1706738737
WALL 21149853 1 0 1706738738
WALL 21149853 1 0 1706738739
WALL 21149853 1 0 1706738740
WALL 21149853 1 0 1706738741
WALL 21149853 1 0 1706738742
WALL 21149853 1 0 1706738743
WALL 21149853 1 0 1706738744
WALL 21149853 1 0 1706738745
WALL 21149853 1 0 1706738746
WALL 21149853 1 0 1706738747
WALL 21149853 1 0 1706738748
WALL 21149853 1 0 1706738749
WALL 21149853 1 0 1706738750
WALL 21149853 1 0 1706738751
WALL 21149853 1 0 1706738752
WALL 21149853 1 0 1706738753
WALL 21149853 1 0 1706738754
WALL 21149853 1 0 1706738755
WALL 21149853 1 0 1706738756
WALL 21149853 1 0 1706738757
WALL 21149853 1 0 1706738758
WALL 21149853 1 0 1706738759
WALL 21149853 1 0 1706738760
WALL 21149853 1 0 1706738761
WALL 21149853 1 0 1706738762
WALL 21149853 1 0 1706738763
WALL 21149853 1 0 1706738764
WALL 21149853 1 0 1706738765
WALL 21149853 1 0 1706738766
WALL 21149853 1 0 1706738767
WALL 21149853 1 0 1706738768
WALL 21149853 1 0 1706738769
WALL 21149853 1 0 1706738770
WALL 21149853 1 0 1706738771
WALL 21149853 1 0 1706738772
WALL 21149853 1 0 1706738773
WALL 21149853 1 0 1706738774
WALL 21149853 1 0 1706738775
WALL 21149853 1 0 1706738776
WALL 21149853 1 0 1706738777
WALL 21149853 1 0 1706738778
WALL 21149853 1 0 1706738779
WALL 21149853 1 0 1706738780
WALL 21149853 1 0 1706738781
WALL 21149853 1 0 1706738782
WALL 21149853 1 0 1706738783
WALL 21149853 1 0 1706738784
WALL 21149853 1 0 1706738785
WALL 21149853 1 0 1706738786
WALL 21149853 1 0 1706738787
WALL 21149853 1 0 1706738788
WALL 21149853 1 0 1706738789
WALL 21149853 1 0 1706738790
WALL 21149853 1 0 1706738791
WALL 21149853 1 0 1706738792
WALL 21149853 1 0 1706738793
WALL 21149853 1 0 1706738794
WALL 21149853 1 0 1706738795
WALL 21149853 1 0 1706738796
WALL 21149853 1 0 1706738797
WALL 21149853 1 0 1706738798
WALL 21149853 1 0 1706738799
WALL 21149853 1 0 1706738800
WALL 21149853 1 0 1706738801
WALL 21149853 1 0 1706738802
WALL 21149853 1 0 1706738803
WALL 21149853 1 0 1706738804
WALL 21149853 1 0 1706738805
WALL 21149853 1 0 1706738806
WALL 21149853 1 0 1706738807
WALL 21149853 1 0 1706738808
WALL 21149853 1 0 1706738809
WALL 21149853 1 0 1706738810
WALL 21149853 1 0 1706738811
WALL 21149853 1 0 1706738812
WALL 21149853 1 0 1706738813
WALL 21149853 1 0 1706738814
WALL 21149853 1 0 1706738815
WALL 21149853 1 0 1706738816
WALL 21149853 1 0 1706738817
WALL 21149853 1 0 1706738818
WALL 21149853 1 0 1706738819
WALL 21149853 1 0 1706738820
WALL 21149853 1 0 1706738821
WALL 21149853 1 0 1706738822
WALL 21149853 1 0 1706738823
WALL 21149853 1 0 1706738824
WALL 21149853 1 0 1706738825
WALL 21149853 1 0 1706738826
WALL 21149853 1 0 1706738827
WALL 21149853 1 0 1706738828
WALL 21149853 1 0 1706738829
WALL 21149853 1 0 1706738830
WALL 21149853 1 0 1706738831
WALL 21149853 1 0 1706738832
WALL 21149853 1 0 1706738833
WALL 21149853 1 0 1706738834
WALL 21149853 1 0 1706738835
WALL 21149853 1 0 1706738836
WALL 21149853 1 0 1706738837
WALL 21149853 1 0 1706738838
WALL 21149853 1 0 1706738839
WALL 21149853 1 0 1706738840
WALL 21149853 1 0 1706738841
WALL 21149853 1 0 1706738842
WALL 21149853 1 0 1706738843
WALL 21149853 1 0 1706738844
WALL 21149853 1 0 1706738845
WALL 21149853 1 0 1706738846
WALL 21149853 1 0 1706738847
WALL 21149853 1 0 1706738848
WALL 21149853 1 0 1706738849
WALL 21149853 1 0 1706738850
WALL 21149853 1 0 1706738851
WALL 21149853 1 0 1706738852
WALL 21149853 1 0 1706738853
WALL 21149853 1 0 1706738854
WALL 21149853 1 0 1706738855
WALL 21149853 1 0 1706738856
WALL 21149853 1 0 1706738857
WALL 21149853 1 0 1706738858
WALL 21149853 1 0 1706738859
WALL 21149853 1 0 1706738860
WALL 21149853 1 0 1706738861
WALL 21149853 1 0 1706738862
WALL 21149853 1 0 1706738863
WALL 21149853 1 0 1706738864
WALL 21149853 1 0 1706738865
WALL 21149853 1 0 1706738866
WALL 21149853 1 0 1706738867
WALL 21149853 1 0 1706738868
WALL 21149853 1 0 1706738869
WALL 21149853 1 0 1706738870
WALL 21149853 1 0 1706738871
WALL 21149853 1 0 1706738872
WALL 21149853 1 0 1706738873
WALL 21149853 1 0 1706738874
WALL 21149853 1 0 1706738875
WALL 21149853 1 0 1706738876
WALL 21149853 1 0 1706738877
WALL 21149853 1 0 1706738878
WALL 21149853 1 0 1706738879
WALL 21149853 1 0 1706738880
WALL 21149853 1 0 1706738881
WALL 21149853 1 0 1706738882
WALL 21149853 1 0 1706738883
WALL 21149853 1 0 1706738884
WALL 21149853 1 0 1706738885
WALL 21149853 1 0 1706738886
WALL 21149853 1 0 1706738887
WALL 21149853 1 0 1706738888
WALL 21149853 1 0 1706738889
WALL 21149853 1 0 1706738890
WALL 21149853 1 0 1706738891
WALL 21149853 1 0 1706738892
WALL 21149853 1 0 1706738893
WALL 21149853 1 0 1706738894
WALL 21149853 1 0 1706738895
WALL 21149853 1 0 1706738896
WALL 21149853 1 0 1706738897
WALL 21149853 1 0 1706738898
WALL 21149853 1 0 1706738899
WALL 21149853 1 0 1706738900
WALL 21149853 1 0 1706738901
WALL 21149853 1 0 1706738902
WALL 21149853 1 0 1706738903
WALL 21149853 1 0 1706738904
WALL 21149853 1 0 1706738905
WALL 21149853 1 0 1706738906
WALL 21149853 1 0 1706738907
WALL 21149853 1 0 1706738908
WALL 21149853 1 0 1706738909
WALL 21149853 1 0 1706738910
WALL 21149853 1 0 1706738911
WALL 21149853 1 0 1706738912
WALL 21149853 1 0 1706738913
WALL 21149853 1 0 1706738914
WALL 21149853 1 0 1706738915
WALL 21149853 1 0 1706738916
WALL 21149853 1 0 1706738917
WALL 21149853 1 0 1706738918
WALL 21149853 1 0 1706738919
WALL 21149853 1 0 1706738920
WALL 21149853 1 0 1706738921
WALL 21149853 1 0 1706738922
WALL 21149853 1 0 1706738923
WALL 21149853 1 0 1706738924
WALL 21149853 1 0 1706738925
WALL 21149853 1 0 1706738926
WALL 21149853 1 0 1706738927
WALL 21149853 1 0 1706738928
WALL 21149853 1 0 1706738929
WALL 21149853 1 0 1706738930
WALL 21149853 1 0 1706738931
WALL 21149853 1 0 1706738932
WALL 21149853 1 0 1706738933
WALL 21149853 1 0 1706738934
WALL 21149853 1 0 1706738935
WALL 21149853 1 0 1706738936
WALL 21149853 1 0 1706738937
WALL 21149853 1 0 1706738938
WALL 21149853 1 0 1706738939
WALL 21149853 1 0 1706738940
WALL 21149853 1 0 1706738941
WALL 21149853 1 0 1706738942
WALL 21149853 1 0 1706738943
WALL 21149853 1 0 1706738944
WALL 21149853 1 0 1706738945
WALL 21149853 1 0 1706738946
WALL 21149853 1 0 1706738947
WALL 21149853 1 0 1706738948
WALL 21149853 1 0 1706738949
WALL 21149853 1 0 1706738950
WALL 21149853 1 0 1706738951
WALL 21149853 1 0 1706738952
WALL 21149853 1 0 1706738953
WALL 21149853 1 0 1706738954
WALL 21149853 1 0 1706738955
WALL 21149853 1 0 1706738956
WALL 21149853 1 0 1706738957
WALL 21149853 1 0 1706738958
WALL 21149853 1 0 1706738959
WALL 21149853 1 0 1706738960
WALL 21149853 1 0 1706738961
WALL 21149853 1 0 1706738962
WALL 21149853 1 0 1706738963
WALL 21149853 1 0 1706738964
WALL 21149853 1 0 1706738965
WALL 21149853 1 0 1706738966
WALL 21149853 1 0 1706738967
WALL 21149853 1 0 1706738968
WALL 21149853 1 0 1706738969
WALL 21149853 1 0 1706738970
WALL 21149853 1 0 1706738971
WALL 21149853 1 0 1706738972
WALL 21149853 1 0 1706738973
WALL 21149853 1 0 1706738974
WALL 21149853 1 0 1706738975
WALL 21149853 1 0 1706738976
WALL 21149853 1 0 1706738977
WALL 21149853 1 0 1706738978
WALL 21149853 1 0 1706738979
WALL 21149853 1 0 1706738980
WALL 21149853 1 0 1706738981
WALL 21149853 1 0 1706738982
WALL 21149853 1 0 1706738983
WALL 21149853 1 0 1706738984
WALL 21149853 1 0 1706738985
WALL 21149853 1 0 1706738986
WALL 21149853 1 0 1706738987
WALL 21149853 1 0 1706738988
WALL 21149853 1 0 1706738989
WALL 21149853 1 0 1706738990
WALL 21149853 1 0 1706738991
WALL 21149853 1 0 1706738992
WALL 21149853 1 0 1706738993
WALL 21149853 1 0 1706738994
WALL 21149853 1 0 1706738995
WALL 21149853 1 0 1706738996
WALL 21149853 1 0 1706738997
WALL 21149853 1 0 1706738998
WALL 21149853 1 0 1706738999
WALL 21149853 1 0 1706739000
WALL 21149853 1 0 1706739001
WALL 21149853 1 0 1706739002
WALL 21149853 1 0 1706739003
WALL 21149853 1 0 1706739004
WALL 21149853 1 0 1706739005
WALL 21149853 1 0 1706739006
WALL 21149853 1 0 1706739007
WALL 21149853 1 0 1706739008
WALL 21149853 1 0 1706739009
WALL 21149853 1 0 1706739010
WALL 21149853 1 0 1706739011
WALL 21149853 1 0 1706739012
WALL 21149853 1 0 1706739013
WALL 21149853 1 0 1706739014
WALL 21149853 1 0 1706739015
WALL 21149853 1 0 1706739016
WALL 21149853 1 0 1706739017
WALL 21149853 1 0 1706739018
WALL 21149853 1 0 1706739019
WALL 21149853 1 0 1706739020
WALL 21149853 1 0 1706739021
WALL 21149853 1 0 1706739022
WALL 21149853 1 0 1706739023
WALL 21149853 1 0 1706739024
WALL 21149853 1 0 1706739025
WALL 21149853 1 0 1706739026
WALL 21149853 1 0 1706739027
WALL 21149853 1 0 1706739028
WALL 21149853 1 0 1706739029
WALL 21149853 1 0 1706739030
WALL 21149853 1 0 1706739031
WALL 21149853 1 0 1706739032
WALL 21149853 1 0 1706739033
WALL 21149853 1 0 1706739034
WALL 21149853 1 0 1706739035
WALL 21149853 1 0 1706739036
WALL 21149853 1 0 1706739037
WALL 21149853 1 0 1706739038
WALL 21149853 1 0 1706739039
WALL 21149853 1 0 1706739040
WALL 21149853 1 0 1706739041
WALL 21149853 1 0 1706739042
WALL 21149853 1 0 1706739043
WALL 21149853 1 0 1706739044
WALL 21149853 1 0 1706739045
WALL 21149853 1 0 1706739046
WALL 21149853 1 0 1706739047
WALL 21149853 1 0 1706739048
WALL 21149853 1 0 1706739049
WALL 21149853 1 0 1706739050
WALL 21149853 1 0 1706739051
WALL 21149853 1 0 1706739052
WALL 21149853 1 0 1706739053
WALL 21149853 1 0 1706739054
WALL 21149853 1 0 1706739055
WALL 21149853 1 0 1706739056
WALL 21149853 1 0 1706739057
WALL 21149853 1 0 1706739058
WALL 21149853 1 0 1706739059
WALL 21149853 1 0 1706739060
WALL 21149853 1 0 1706739061
WALL 21149853 1 0 1706739062
WALL 21149853 1 0 1706739063
WALL 21149853 1 0 1706739064
WALL 21149853 1 0 1706739065
WALL 21149853 1 0 1706739066
WALL 21149853 1 0 1706739067
WALL 21149853 1 0 1706739068
WALL 21149853 1 0 1706739069
WALL 21149853 1 0 1706739070
WALL 21149853 1 0 1706739071
WALL 21149853 1 0 1706739072
WALL 21149853 1 0 1706739073
WALL 21149853 1 0 1706739074
WALL 21149853 1 0 1706739075
WALL 21149853 1 0 1706739076
WALL 21149853 1 0 1706739077
WALL 21149853 1 0 1706739078
WALL 21149853 1 0 1706739079
WALL 21149853 1 0 1706739080
WALL 21149853 1 0 1706739081
WALL 21149853 1 0 1706739082
WALL 21149853 1 0 1706739083
WALL 21149853 1 0 1706739084
WALL 21149853 1 0 1706739085
WALL 21149853 1 0 1706739086
WALL 21149853 1 0 1706739087
WALL 21149853 1 0 1706739088
WALL 21149853 1 0 1706739089
WALL 21149853 1 0 1706739090
WALL 21149853 1 0 1706739091
WALL 21149853 1 0 1706739092
WALL 21149853 1 0 1706739093
WALL 21149853 1 0 1706739094
WALL 21149853 1 0 1706739095
WALL 21149853 1 0 1706739096
WALL 21149853 1 0 1706739097
WALL 21149853 1 0 1706739098
WALL 21149853 1 0 1706739099
WALL 21149853 1 0 1706739100
WALL 21149853 1 0 1706739101
WALL 21149853 1 0 1706739102
WALL 21149853 1 0 1706739103
WALL 21149853 1 0 1706739104
WALL 21149853 1 0 1706739105
WALL 21149853 1 0 1706739106
WALL 21149853 1 0 1706739107
WALL 21149853 1 0 1706739108
WALL 21149853 1 0 1706739109
WALL 21149853 1 0 1706739110
WALL 21149853 1 0 1706739111
WALL 21149853 1 0 1706739112
WALL 21149853 1 0 1706739113
WALL 21149853 1 0 1706739114
WALL 21149853 1 0 1706739115
WALL 21149853 1 0 1706739116
WALL 21149853 1 0 1706739117
WALL 21149853 1 0 1706739118
WALL 21149853 1 0 1706739119
WALL 21149853 1 0 1706739120
WALL 21149853 1 0 1706739121
WALL 21149853 1 0 1706739122
WALL 21149853 1 0 1706739123
WALL 21149853 1 0 1706739124
WALL 21149853 1 0 1706739125
WALL 21149853 1 0 1706739126
WALL 21149853 1 0 1706739127
WALL 21149853 1 0 1706739128
WALL 21149853 1 0 1706739129
WALL 21149853 1 0 1706739130
WALL 21149853 1 0 1706739131
WALL 21149853 1 0 1706739132
WALL 21149853 1 0 1706739133
WALL 21149853 1 0 1706739134
WALL 21149853 1 0 1706739135
WALL 21149853 1 0 1706739136
WALL 21149853 1 0 1706739137
WALL 21149853 1 0 1706739138
WALL 21149853 1 0 1706739139
WALL 21149853 1 0 1706739140
WALL 21149853 1 0 1706739141
WALL 21149853 1 0 1706739142
WALL 21149853 1 0 1706739143
WALL 21149853 1 0 1706739144
WALL 21149853 1 0 1706739145
WALL 21149853 1 0 1706739146
WALL 21149853 1 0 1706739147
WALL 21149853 1 0 1706739148
WALL 21149853 1 0 1706739149
WALL 21149853 1 0 1706739150
WALL 21149853 1 0 1706739151
WALL 21149853 1 0 1706739152
WALL 21149853 1 0 1706739153
WALL 21149853 1 0 1706739154
WALL 21149853 1 0 1706739155
WALL 21149853 1 0 1706739156
WALL 21149853 1 0 1706739157
WALL 21149853 1 0 1706739158
WALL 21149853 1 0 1706739159
WALL 21149853 1 0 1706739160
WALL 21149853 1 0 1706739161
WALL 21149853 1 0 1706739162
WALL 21149853 1 0 1706739163
WALL 21149853 1 0 1706739164
WALL 21149853 1 0 1706739165
WALL 21149853 1 0 1706739166
WALL 21149853 1 0 1706739167
WALL 21149853 1 0 1706739168
WALL 21149853 1 0 1706739169
WALL 21149853 1 0 1706739170
WALL 21149853 1 0 1706739171
WALL 21149853 1 0 1706739172
WALL 21149853 1 0 1706739173
WALL 21149853 1 0 1706739174
WALL 21149853 1 0 1706739175
WALL 21149853 1 0 1706739176
WALL 21149853 1 0 1706739177
WALL 21149853 1 0 1706739178
WALL 21149853 1 0 1706739179
WALL 21149853 1 0 1706739180
WALL 21149853 1 0 1706739181
WALL 21149853 1 0 1706739182
WALL 21149853 1 0 1706739183
WALL 21149853 1 0 1706739184
WALL 21149853 1 0 1706739185
WALL 21149853 1 0 1706739186
WALL 21149853 1 0 1706739187
WALL 21149853 1 0 1706739188
WALL 21149853 1 0 1706739189
WALL 21149853 1 0 1706739190
WALL 21149853 1 0 1706739191
WALL 21149853 1 0 1706739192
WALL 21149853 1 0 1706739193
WALL 21149853 1 0 1706739194
WALL 21149853 1 0 1706739195
WALL 21149853 1 0 1706739196
WALL 21149853 1 0 1706739197
WALL 21149853 1 0 1706739198
WALL 21149853 1 0 1706739199
WALL 21149853 1 0 1706739200
WALL 21149853 1 0 1706739201
WALL 21149853 1 0 1706739202
WALL 21149853 1 0 1706739203
WALL 21149853 1 0 1706739204
WALL 21149853 1 0 1706739205
WALL 21149853 1 0 1706739206
WALL 21149853 1 0 1706739207
WALL 21149853 1 0 1706739208
WALL 21149853 1 0 1706739209
WALL 21149853 1 0 1706739210
WALL 21149853 1 0 1706739211
WALL 21149853 1 0 1706739212
WALL 21149853 1 0 1706739213
WALL 21149853 1 0 1706739214
WALL 21149853 1 0 1706739215
WALL 21149853 1 0 1706739216
WALL 21149853 1 0 1706739217
WALL 21149853 1 0 1706739218
WALL 21149853 1 0 1706739219
WALL 21149853 1 0 1706739220
WALL 21149853 1 0 1706739221
WALL 21149853 1 0 1706739222
WALL 21149853 1 0 1706739223
WALL 21149853 1 0 1706739224
WALL 21149853 1 0 1706739225
WALL 21149853 1 0 1706739226
WALL 21149853 1 0 1706739227
WALL 21149853 1 0 1706739228
WALL 21149853 1 0 1706739229
WALL 21149853 1 0 1706739230
WALL 21149853 1 0 1706739231
WALL 21149853 1 0 1706739232
WALL 21149853 1 0 1706739233
WALL 21149853 1 0 1706739234
WALL 21149853 1 0 1706739235
WALL 21149853 1 0 1706739236
WALL 21149853 1 0 1706739237
WALL 21149853 1 0 1706739238
WALL 21149853 1 0 1706739239
WALL 21149853 1 0 1706739240
WALL 21149853 1 0 1706739241
WALL 21149853 1 0 1706739242
WALL 21149853 1 0 1706739243
WALL 21149853 1 0 1706739244
WALL 21149853 1 0 1706739245
WALL 21149853 1 0 1706739246
WALL 21149853 1 0 1706739247
WALL 21149853 1 0 1706739248
WALL 21149853 1 0 1706739249
WALL 21149853 1 0 1706739250
WALL 21149853 1 0 1706739251
WALL 21149853 1 0 1706739252
WALL 21149853 1 0 1706739253
WALL 21149853 1 0 1706739254
WALL 21149853 1 0 1706739255
WALL 21149853 1 0 1706739256
WALL 21149853 1 0 1706739257
WALL 21149853 1 0 1706739258
WALL 21149853 1 0 1706739259
WALL 21149853 1 0 1706739260
WALL 21149853 1 0 1706739261
WALL 21149853 1 0 1706739262
WALL 21149853 1 0 1706739263
WALL 21149853 1 0 1706739264
WALL 21149853 1 0 1706739265
WALL 21149853 1 0 1706739266
WALL 21149853 1 0 1706739267
WALL 21149853 1 0 1706739268
WALL 21149853 1 0 1706739269
WALL 21149853 1 0 1706739270
WALL 21149853 1 0 1706739271
WALL 21149853 1 0 1706739272
WALL 21149853 1 0 1706739273
WALL 21149853 1 0 1706739274
WALL 21149853 1 0 1706739275
WALL 21149853 1 0 1706739276
WALL 21149853 1 0 1706739277
WALL 21149853 1 0 1706739278
WALL 21149853 1 0 1706739279
WALL 21149853 1 0 1706739280
WALL 21149853 1 0 1706739281
WALL 21149853 1 0 1706739282
WALL 21149853 1 0 1706739283
WALL 21149853 1 0 1706739284
WALL 21149853 1 0 1706739285
WALL 21149853 1 0 1706739286
WALL 21149853 1 0 1706739287
WALL 21149853 1 0 1706739288
WALL 21149853 1 0 1706739289
WALL 21149853 1 0 1706739290
WALL 21149853 1 0 1706739291
WALL 21149853 1 0 1706739292
WALL 21149853 1 0 1706739293
WALL 21149853 1 0 1706739294
WALL 21149853 1 0 1706739295
WALL 21149853 1 0 1706739296
WALL 21149853 1 0 1706739297
WALL 21149853 1 0 1706739298
WALL 21149853 1 0 1706739299
WALL 21149853 1 0 1706739300
WALL 21149853 1 0 1706739301
WALL 21149853 1 0 1706739302
WALL 21149853 1 0 1706739303
WALL 21149853 1 0 1706739304
WALL 21149853 1 0 1706739305
WALL 21149853 1 0 1706739306
WALL 21149853 1 0 1706739307
WALL 21149853 1 0 1706739308
WALL 21149853 1 0 1706739309
WALL 21149853 1 0 1706739310
WALL 21149853 1 0 1706739311
WALL 21149853 1 0 1706739312
WALL 21149853 1 0 1706739313
WALL 21149853 1 0 1706739314
WALL 21149853 1 0 1706739315
WALL 21149853 1 0 1706739316
WALL 21149853 1 0 1706739317
WALL 21149853 1 0 1706739318
WALL 21149853 1 0 1706739319
WALL 21149853 1 0 1706739320
WALL 21149853 1 0 1706739321
WALL 21149853 1 0 1706739322
WALL 21149853 1 0 1706739323
WALL 21149853 1 0 1706739324
WALL 21149853 1 0 1706739325
WALL 21149853 1 0 1706739326
WALL 21149853 1 0 1706739327
WALL 21149853 1 0 1706739328
WALL 21149853 1 0 1706739329
WALL 21149853 1 0 1706739330
WALL 21149853 1 0 1706739331
WALL 21149853 1 0 1706739332
WALL 21149853 1 0 1706739333
WALL 21149853 1 0 1706739334
WALL 21149853 1 0 1706739335
WALL 21149853 1 0 1706739336
WALL 21149853 1 0 1706739337
WALL 21149853 1 0 1706739338
WALL 21149853 1 0 1706739339
WALL 21149853 1 0 1706739340
WALL 21149853 1 0 1706739341
WALL 21149853 1 0 1706739342
WALL 21149853 1 0 1706739343
WALL 21149853 1 0 1706739344
WALL 21149853 1 0 1706739345
WALL 21149853 1 0 1706739346
WALL 21149853 1 0 1706739347
WALL 21149853 1 0 1706739348
WALL 21149853 1 0 1706739349
WALL 21149853 1 0 1706739350
WALL 21149853 1 0 1706739351
WALL 21149853 1 0 1706739352
WALL 21149853 1 0 1706739353
WALL 21149853 1 0 1706739354
WALL 21149853 1 0 1706739355
WALL 21149853 1 0 1706739356
WALL 21149853 1 0 1706739357
WALL 21149853 1 0 1706739358
WALL 21149853 1 0 1706739359
WALL 21149853 1 0 1706739360
WALL 21149853 1 0 1706739361
WALL 21149853 1 0 1706739362
WALL 21149853 1 0 1706739363
WALL 21149853 1 0 1706739364
WALL 21149853 1 0 1706739365
WALL 21149853 1 0 1706739366
WALL 21149853 1 0 1706739367
WALL 21149853 1 0 1706739368
WALL 21149853 1 0 1706739369
WALL 21149853 1 0 1706739370
WALL 21149853 1 0 1706739371
WALL 21149853 1 0 1706739372
WALL 21149853 1 0 1706739373
WALL 21149853 1 0 1706739374
WALL 21149853 1 0 1706739375
WALL 21149853 1 0 1706739376
WALL 21149853 1 0 1706739377
WALL 21149853 1 0 1706739378
WALL 21149853 1 0 1706739379
WALL 21149853 1 0 1706739380
WALL 21149853 1 0 1706739381
WALL 21149853 1 0 1706739382
WALL 21149853 1 0 1706739383
WALL 21149853 1 0 1706739384
WALL 21149853 1 0 1706739385
WALL 21149853 1 0 1706739386
WALL 21149853 1 0 1706739387
WALL 21149853 1 0 1706739388
WALL 21149853 1 0 1706739389
WALL 21149853 1 0 1706739390
WALL 21149853 1 0 1706739391
WALL 21149853 1 0 1706739392
WALL 21149853 1 0 1706739393
WALL 21149853 1 0 1706739394
WALL 21149853 1 0 1706739395
WALL 21149853 1 0 1706739396
WALL 21149853 1 0 1706739397
WALL 21149853 1 0 1706739398
WALL 21149853 1 0 1706739399
WALL 21149853 1 0 1706739400
WALL 21149853 1 0 1706739401
WALL 21149853 1 0 1706739402
WALL 21149853 1 0 1706739403
WALL 21149853 1 0 1706739404
WALL 21149853 1 0 1706739405
WALL 21149853 1 0 1706739406
WALL 21149853 1 0 1706739407
WALL 21149853 1 0 1706739408
WALL 21149853 1 0 1706739409
WALL 21149853 1 0 1706739410
WALL 21149853 1 0 1706739411
WALL 21149853 1 0 1706739412
WALL 21149853 1 0 1706739413
WALL 21149853 1 0 1706739414
WALL 21149853 1 0 1706739415
WALL 21149853 1 0 1706739416
WALL 21149853 1 0 1706739417
WALL 21149853 1 0 1706739418
WALL 21149853 1 0 1706739419
WALL 21149853 1 0 1706739420
WALL 21149853 1 0 1706739421
WALL 21149853 1 0 1706739422
WALL 21149853 1 0 1706739423
WALL 21149853 1 0 1706739424
WALL 21149853 1 0 1706739425
WALL 21149853 1 0 1706739426
WALL 21149853 1 0 1706739427
WALL 21149853 1 0 1706739428
WALL 21149853 1 0 1706739429
WALL 21149853 1 0 1706739430
WALL 21149853 1 0 1706739431
WALL 21149853 1 0 1706739432
WALL 21149853 1 0 1706739433
WALL 21149853 1 0 1706739434
WALL 21149853 1 0 1706739435
WALL 21149853 1 0 1706739436
WALL 21149853 1 0 1706739437
WALL 21149853 1 0 1706739438
WALL 21149853 1 0 1706739439
WALL 21149853 1 0 1706739440
WALL 21149853 1 0 1706739441
WALL 21149853 1 0 1706739442
WALL 21149853 1 0 1706739443
WALL 21149853 1 0 1706739444
WALL 21149853 1 0 1706739445
WALL 21149853 1 0 1706739446
WALL 21149853 1 0 1706739447
WALL 21149853 1 0 1706739448
WALL 21149853 1 0 1706739449
WALL 21149853 1 0 1706739450
WALL 21149853 1 0 1706739451
WALL 21149853 1 0 1706739452
WALL 21149853 1 0 1706739453
WALL 21149853 1 0 1706739454
WALL 21149853 1 0 1706739455
WALL 21149853 1 0 1706739456
WALL 21149853 1 0 1706739457
WALL 21149853 1 0 1706739458
WALL 21149853 1 0 1706739459
WALL 21149853 1 0 1706739460
WALL 21149853 1 0 1706739461
WALL 21149853 1 0 1706739462
WALL 21149853 1 0 1706739463
WALL 21149853 1 0 1706739464
WALL 21149853 1 0 1706739465
WALL 21149853 1 0 1706739466
WALL 21149853 1 0 1706739467
WALL 21149853 1 0 1706739468
WALL 21149853 1 0 1706739469
WALL 21149853 1 0 1706739470
WALL 21149853 1 0 1706739471
WALL 21149853 1 0 1706739472
WALL 21149853 1 0 1706739473
WALL 21149853 1 0 1706739474
WALL 21149853 1 0 1706739475
WALL 21149853 1 0 1706739476
WALL 21149853 1 0 1706739477
WALL 21149853 1 0 1706739478
WALL 21149853 1 0 1706739479
WALL 21149853 1 0 1706739480
WALL 21149853 1 0 1706739481
WALL 21149853 1 0 1706739482
WALL 21149853 1 0 1706739483
WALL 21149853 1 0 1706739484
WALL 21149853 1 0 1706739485
WALL 21149853 1 0 1706739486
WALL 21149853 1 0 1706739487
WALL 21149853 1 0 1706739488
WALL 21149853 1 0 1706739489
WALL 21149853 1 0 1706739490
WALL 21149853 1 0 1706739491
WALL 21149853 1 0 1706739492
WALL 21149853 1 0 1706739493
WALL 21149853 1 0 1706739494
WALL 21149853 1 0 1706739495
WALL 21149853 1 0 1706739496
WALL 21149853 1 0 1706739497
WALL 21149853 1 0 1706739498
WALL 21149853 1 0 1706739499
WALL 21149853 1 0 1706739500
WALL 21149853 1 0 1706739501
WALL 21149853 1 0 1706739502
WALL 21149853 1 0 1706739503
WALL 21149853 1 0 1706739504
WALL 21149853 1 0 1706739505
WALL 21149853 1 0 1706739506
WALL 21149853 1 0 1706739507
WALL 21149853 1 0 1706739508
WALL 21149853 1 0 1706739509
WALL 21149853 1 0 1706739510
WALL 21149853 1 0 1706739511
WALL 21149853 1 0 1706739512
WALL 21149853 1 0 1706739513
WALL 21149853 1 0 1706739514
WALL 21149853 1 0 1706739515
WALL 21149853 1 0 1706739516
WALL 21149853 1 0 1706739517
WALL 21149853 1 0 1706739518
WALL 21149853 1 0 1706739519
WALL 21149853 1 0 1706739520
WALL 21149853 1 0 1706739521
WALL 21149853 1 0 1706739522
WALL 21149853 1 0 1706739523
WALL 21149853 1 0 1706739524
WALL 21149853 1 0 1706739525
WALL 21149853 1 0 1706739526
WALL 21149853 1 0 1706739527
WALL 21149853 1 0 1706739528
WALL 21149853 1 0 1706739529
WALL 21149853 1 0 1706739530
WALL 21149853 1 0 1706739531
WALL 21149853 1 0 1706739532
WALL 21149853 1 0 1706739533
WALL 21149853 1 0 1706739534
WALL 21149853 1 0 1706739535
WALL 21149853 1 0 1706739536
WALL 21149853 1 0 1706739537
WALL 21149853 1 0 1706739538
WALL 21149853 1 0 1706739539
WALL 21149853 1 0 1706739540
WALL 21149853 1 0 1706739541
WALL 21149853 1 0 1706739542
WALL 21149853 1 0 1706739543
WALL 21149853 1 0 1706739544
WALL 21149853 1 0 1706739545
WALL 21149853 1 0 1706739546
WALL 21149853 1 0 1706739547
WALL 21149853 1 0 1706739548
WALL 21149853 1 0 1706739549
WALL 21149853 1 0 1706739550
WALL 21149853 1 0 1706739551
WALL 21149853 1 0 1706739552
WALL 21149853 1 0 1706739553
WALL 21149853 1 0 1706739554
WALL 21149853 1 0 1706739555
WALL 21149853 1 0 1706739556
WALL 21149853 1 0 1706739557
WALL 21149853 1 0 1706739558
WALL 21149853 1 0 1706739559
WALL 21149853 1 0 1706739560
WALL 21149853 1 0 1706739561
WALL 21149853 1 0 1706739562
WALL 21149853 1 0 1706739563
WALL 21149853 1 0 1706739564
WALL 21149853 1 0 1706739565
WALL 21149853 1 0 1706739566
WALL 21149853 1 0 1706739567
WALL 21149853 1 0 1706739568
WALL 21149853 1 0 1706739569
WALL 21149853 1 0 1706739570
WALL 21149853 1 0 1706739571
WALL 21149853 1 0 1706739572
WALL 21149853 1 0 1706739573
WALL 21149853 1 0 1706739574
WALL 21149853 1 0 1706739575
WALL 21149853 1 0 1706739576
WALL 21149853 1 0 1706739577
WALL 21149853 1 0 1706739578
WALL 21149853 1 0 1706739579
WALL 21149853 1 0 1706739580
WALL 21149853 1 0 1706739581
WALL 21149853 1 0 1706739582
WALL 21149853 1 0 1706739583
WALL 21149853 1 0 1706739584
WALL 21149853 1 0 1706739585
WALL 21149853 1 0 1706739586
WALL 21149853 1 0 1706739587
WALL 21149853 1 0 1706739588
WALL 21149853 1 0 1706739589
WALL 21149853 1 0 1706739590
WALL 21149853 1 0 1706739591
WALL 21149853 1 0 1706739592
WALL 21149853 1 0 1706739593
WALL 21149853 1 0 1706739594
WALL 21149853 1 0 1706739595
WALL 21149853 1 0 1706739596
WALL 21149853 1 0 1706739597
WALL 21149853 1 0 1706739598
WALL 21149853 1 0 1706739599
WALL 21149853 1 0 1706739600
WALL 21149853 1 0 1706739601
WALL 21149853 1 0 1706739602
WALL 21149853 1 0 1706739603
WALL 21149853 1 0 1706739604
WALL 21149853 1 0 1706739605
WALL 21149853 1 0 1706739606
WALL 21149853 1 0 1706739607
WALL 21149853 1 0 1706739608
WALL 21149853 1 0 1706739609
WALL 21149853 1 0 1706739610
WALL 21149853 1 0 1706739611
WALL 21149853 1 0 1706739612
WALL 21149853 1 0 1706739613
WALL 21149853 1 0 1706739614
WALL 21149853 1 0 1706739615
WALL 21149853 1 0 1706739616
WALL 21149853 1 0 1706739617
WALL 21149853 1 0 1706739618
WALL 21149853 1 0 1706739619
WALL 21149853 1 0 1706739620
WALL 21149853 1 0 1706739621
WALL 21149853 1 0 1706739622
WALL 21149853 1 0 1706739623
WALL 21149853 1 0 1706739624
WALL 21149853 1 0 1706739625
WALL 21149853 1 0 1706739626
WALL 21149853 1 0 1706739627
WALL 21149853 1 0 1706739628
WALL 21149853 1 0 1706739629
WALL 21149853 1 0 1706739630
WALL 21149853 1 0 1706739631
WALL 21149853 1 0 1706739632
WALL 21149853 1 0 1706739633
WALL 21149853 1 0 1706739634
WALL 21149853 1 0 1706739635
WALL 21149853 1 0 1706739636
WALL 21149853 1 0 1706739637
WALL 21149853 1 0 1706739638
WALL 21149853 1 0 1706739639
WALL 21149853 1 0 1706739640
WALL 21149853 1 0 1706739641
WALL 21149853 1 0 1706739642
WALL 21149853 1 0 1706739643
WALL 21149853 1 0 1706739644
WALL 21149853 1 0 1706739645
WALL 21149853 1 0 1706739646
WALL 21149853 1 0 1706739647
WALL 21149853 1 0 1706739648
WALL 21149853 1 0 1706739649
WALL 21149853 1 0 1706739650
WALL 21149853 1 0 1706739651
WALL 21149853 1 0 1706739652
WALL 21149853 1 0 1706739653
WALL 21149853 1 0 1706739654
WALL 21149853 1 0 1706739655
WALL 21149853 1 0 1706739656
WALL 21149853 1 0 1706739657
WALL 21149853 1 0 1706739658
WALL 21149853 1 0 1706739659
WALL 21149853 1 0 1706739660
WALL 21149853 1 0 1706739661
WALL 21149853 1 0 1706739662
WALL 21149853 1 0 1706739663
WALL 21149853 1 0 1706739664
WALL 21149853 1 0 1706739665
WALL 21149853 1 0 1706739666
WALL 21149853 1 0 1706739667
WALL 21149853 1 0 1706739668
WALL 21149853 1 0 1706739669
WALL 21149853 1 0 1706739670
WALL 21149853 1 0 1706739671
WALL 21149853 1 0 1706739672
WALL 21149853 1 0 1706739673
WALL 21149853 1 0 1706739674
WALL 21149853 1 0 1706739675
WALL 21149853 1 0 1706739676
WALL 21149853 1 0 1706739677
WALL 21149853 1 0 1706739678
WALL 21149853 1 0 1706739679
WALL 21149853 1 0 1706739680
WALL 21149853 1 0 1706739681
WALL 21149853 1 0 1706739682
WALL 21149853 1 0 1706739683
WALL 21149853 1 0 1706739684
WALL 21149853 1 0 1706739685
WALL 21149853 1 0 1706739686
WALL 21149853 1 0 1706739687
WALL 21149853 1 0 1706739688
WALL 21149853 1 0 1706739689
WALL 21149853 1 0 1706739690
WALL 21149853 1 0 1706739691
WALL 21149853 1 0 1706739692
WALL 21149853 1 0 1706739693
slurmstepd: error: *** STEP 21149853.0 ON nid200141 CANCELLED AT 2024-01-31T22:21:33 ***
received SIGTERM 1706739693
WALL 21149853 1 0 1706739693
received SIGCONT 1706739693
WALL 21149853 1 0 1706739693
WALL 21149853 1 0 1706739694
WALL 21149853 1 0 1706739695
WALL 21149853 1 0 1706739696
WALL 21149853 1 0 1706739697
WALL 21149853 1 0 1706739698
WALL 21149853 1 0 1706739699
WALL 21149853 1 0 1706739700
WALL 21149853 1 0 1706739701
WALL 21149853 1 0 1706739702
WALL 21149853 1 0 1706739703
WALL 21149853 1 0 1706739704
WALL 21149853 1 0 1706739705
WALL 21149853 1 0 1706739706
WALL 21149853 1 0 1706739707
WALL 21149853 1 0 1706739708
WALL 21149853 1 0 1706739709
WALL 21149853 1 0 1706739710
WALL 21149853 1 0 1706739711
WALL 21149853 1 0 1706739712
WALL 21149853 1 0 1706739713
WALL 21149853 1 0 1706739714
WALL 21149853 1 0 1706739715
WALL 21149853 1 0 1706739716
WALL 21149853 1 0 1706739717
WALL 21149853 1 0 1706739718
WALL 21149853 1 0 1706739719
WALL 21149853 1 0 1706739720
WALL 21149853 1 0 1706739721
WALL 21149853 1 0 1706739722
WALL 21149853 1 0 1706739723
WALL 21149853 1 0 1706739724
WALL 21149853 1 0 1706739725
WALL 21149853 1 0 1706739726
WALL 21149853 1 0 1706739727
WALL 21149853 1 0 1706739728
WALL 21149853 1 0 1706739729
WALL 21149853 1 0 1706739730
WALL 21149853 1 0 1706739731
WALL 21149853 1 0 1706739732
WALL 21149853 1 0 1706739733
WALL 21149853 1 0 1706739734
WALL 21149853 1 0 1706739735
WALL 21149853 1 0 1706739736
WALL 21149853 1 0 1706739737
WALL 21149853 1 0 1706739738
WALL 21149853 1 0 1706739739
WALL 21149853 1 0 1706739740
WALL 21149853 1 0 1706739741
WALL 21149853 1 0 1706739742
WALL 21149853 1 0 1706739743
WALL 21149853 1 0 1706739744
WALL 21149853 1 0 1706739745
WALL 21149853 1 0 1706739746
WALL 21149853 1 0 1706739747
WALL 21149853 1 0 1706739748
WALL 21149853 1 0 1706739749
WALL 21149853 1 0 1706739750
WALL 21149853 1 0 1706739751
WALL 21149853 1 0 1706739752
WALL 21149853 1 0 1706739753
WALL 21149853 1 0 1706739754
WALL 21149853 1 0 1706739755
WALL 21149853 1 0 1706739756
WALL 21149853 1 0 1706739757
WALL 21149853 1 0 1706739758
WALL 21149853 1 0 1706739759
WALL 21149853 1 0 1706739760
slurmstepd: error: *** JOB 21149853 ON nid200141 CANCELLED AT 2024-01-31T22:22:41 DUE TO PREEMPTION ***
received SIGTERM 1706739761
WALL 21149853 1 0 1706739761
received SIGCONT 1706739761
WALL 21149853 1 0 1706739761
received SIGTERM 1706739761
WALL 21149853 1 0 1706739761
