WALL 21089198 1 0 1706661887
WALL 21089198 1 0 1706661888
WALL 21089198 1 0 1706661889
WALL 21089198 1 0 1706661890
WALL 21089198 1 0 1706661891
WALL 21089198 1 0 1706661892
WALL 21089198 1 0 1706661893
WALL 21089198 1 0 1706661894
WALL 21089198 1 0 1706661895
WALL 21089198 1 0 1706661896
WALL 21089198 1 0 1706661897
WALL 21089198 1 0 1706661898
WALL 21089198 1 0 1706661899
WALL 21089198 1 0 1706661900
WALL 21089198 1 0 1706661901
WALL 21089198 1 0 1706661902
WALL 21089198 1 0 1706661903
WALL 21089198 1 0 1706661904
WALL 21089198 1 0 1706661905
WALL 21089198 1 0 1706661906
WALL 21089198 1 0 1706661907
WALL 21089198 1 0 1706661908
WALL 21089198 1 0 1706661909
WALL 21089198 1 0 1706661910
WALL 21089198 1 0 1706661911
WALL 21089198 1 0 1706661912
WALL 21089198 1 0 1706661913
WALL 21089198 1 0 1706661914
WALL 21089198 1 0 1706661915
WALL 21089198 1 0 1706661916
WALL 21089198 1 0 1706661917
WALL 21089198 1 0 1706661918
WALL 21089198 1 0 1706661919
WALL 21089198 1 0 1706661920
WALL 21089198 1 0 1706661921
WALL 21089198 1 0 1706661922
WALL 21089198 1 0 1706661923
WALL 21089198 1 0 1706661924
WALL 21089198 1 0 1706661925
WALL 21089198 1 0 1706661926
WALL 21089198 1 0 1706661927
WALL 21089198 1 0 1706661928
WALL 21089198 1 0 1706661929
WALL 21089198 1 0 1706661930
WALL 21089198 1 0 1706661931
WALL 21089198 1 0 1706661932
WALL 21089198 1 0 1706661933
WALL 21089198 1 0 1706661934
WALL 21089198 1 0 1706661935
WALL 21089198 1 0 1706661936
WALL 21089198 1 0 1706661937
WALL 21089198 1 0 1706661938
WALL 21089198 1 0 1706661939
WALL 21089198 1 0 1706661940
WALL 21089198 1 0 1706661941
WALL 21089198 1 0 1706661942
WALL 21089198 1 0 1706661943
WALL 21089198 1 0 1706661944
WALL 21089198 1 0 1706661945
WALL 21089198 1 0 1706661946
WALL 21089198 1 0 1706661947
WALL 21089198 1 0 1706661948
WALL 21089198 1 0 1706661949
WALL 21089198 1 0 1706661950
WALL 21089198 1 0 1706661951
WALL 21089198 1 0 1706661952
WALL 21089198 1 0 1706661953
WALL 21089198 1 0 1706661954
WALL 21089198 1 0 1706661955
WALL 21089198 1 0 1706661956
WALL 21089198 1 0 1706661957
WALL 21089198 1 0 1706661958
slurmstepd: error: *** STEP 21089198.0 ON nid200183 CANCELLED AT 2024-01-31T00:45:58 ***
received SIGTERM 1706661958
WALL 21089198 1 0 1706661958
received SIGCONT 1706661958
WALL 21089198 1 0 1706661958
WALL 21089198 1 0 1706661959
WALL 21089198 1 0 1706661960
WALL 21089198 1 0 1706661961
WALL 21089198 1 0 1706661962
WALL 21089198 1 0 1706661963
WALL 21089198 1 0 1706661964
WALL 21089198 1 0 1706661965
WALL 21089198 1 0 1706661966
WALL 21089198 1 0 1706661967
WALL 21089198 1 0 1706661968
WALL 21089198 1 0 1706661969
WALL 21089198 1 0 1706661970
WALL 21089198 1 0 1706661971
WALL 21089198 1 0 1706661972
WALL 21089198 1 0 1706661973
WALL 21089198 1 0 1706661974
WALL 21089198 1 0 1706661975
WALL 21089198 1 0 1706661976
WALL 21089198 1 0 1706661977
WALL 21089198 1 0 1706661978
WALL 21089198 1 0 1706661979
WALL 21089198 1 0 1706661980
WALL 21089198 1 0 1706661981
WALL 21089198 1 0 1706661982
WALL 21089198 1 0 1706661983
WALL 21089198 1 0 1706661984
WALL 21089198 1 0 1706661985
WALL 21089198 1 0 1706661986
WALL 21089198 1 0 1706661987
WALL 21089198 1 0 1706661988
WALL 21089198 1 0 1706661989
WALL 21089198 1 0 1706661990
WALL 21089198 1 0 1706661991
WALL 21089198 1 0 1706661992
WALL 21089198 1 0 1706661993
WALL 21089198 1 0 1706661994
WALL 21089198 1 0 1706661995
WALL 21089198 1 0 1706661996
WALL 21089198 1 0 1706661997
WALL 21089198 1 0 1706661998
WALL 21089198 1 0 1706661999
WALL 21089198 1 0 1706662000
WALL 21089198 1 0 1706662001
WALL 21089198 1 0 1706662002
WALL 21089198 1 0 1706662003
WALL 21089198 1 0 1706662004
WALL 21089198 1 0 1706662005
WALL 21089198 1 0 1706662006
WALL 21089198 1 0 1706662007
WALL 21089198 1 0 1706662008
WALL 21089198 1 0 1706662009
WALL 21089198 1 0 1706662010
WALL 21089198 1 0 1706662011
WALL 21089198 1 0 1706662012
WALL 21089198 1 0 1706662013
WALL 21089198 1 0 1706662014
WALL 21089198 1 0 1706662015
WALL 21089198 1 0 1706662016
WALL 21089198 1 0 1706662017
WALL 21089198 1 0 1706662018
WALL 21089198 1 0 1706662019
WALL 21089198 1 0 1706662020
WALL 21089198 1 0 1706662021
WALL 21089198 1 0 1706662022
WALL 21089198 1 0 1706662023
WALL 21089198 1 0 1706662024
WALL 21089198 1 0 1706662025
WALL 21089198 1 0 1706662026
WALL 21089198 1 0 1706662027
WALL 21089198 1 0 1706662028
WALL 21089198 1 0 1706662029
WALL 21089198 1 0 1706662030
WALL 21089198 1 0 1706662031
WALL 21089198 1 0 1706662032
WALL 21089198 1 0 1706662033
slurmstepd: error: *** JOB 21089198 ON nid200183 CANCELLED AT 2024-01-31T00:47:14 DUE TO PREEMPTION ***
received SIGTERM 1706662034
WALL 21089198 1 0 1706662034
received SIGCONT 1706662034
WALL 21089198 1 0 1706662034
received SIGTERM 1706662034
WALL 21089198 1 0 1706662034
