WALL 21149482 1 0 1706737345
WALL 21149482 1 0 1706737346
WALL 21149482 1 0 1706737347
WALL 21149482 1 0 1706737348
WALL 21149482 1 0 1706737349
WALL 21149482 1 0 1706737350
WALL 21149482 1 0 1706737351
WALL 21149482 1 0 1706737352
WALL 21149482 1 0 1706737353
WALL 21149482 1 0 1706737354
WALL 21149482 1 0 1706737355
WALL 21149482 1 0 1706737356
WALL 21149482 1 0 1706737357
WALL 21149482 1 0 1706737358
WALL 21149482 1 0 1706737359
WALL 21149482 1 0 1706737360
WALL 21149482 1 0 1706737361
WALL 21149482 1 0 1706737362
WALL 21149482 1 0 1706737363
WALL 21149482 1 0 1706737364
WALL 21149482 1 0 1706737365
WALL 21149482 1 0 1706737366
WALL 21149482 1 0 1706737367
WALL 21149482 1 0 1706737368
WALL 21149482 1 0 1706737369
WALL 21149482 1 0 1706737370
WALL 21149482 1 0 1706737371
WALL 21149482 1 0 1706737372
WALL 21149482 1 0 1706737373
WALL 21149482 1 0 1706737374
WALL 21149482 1 0 1706737375
WALL 21149482 1 0 1706737376
WALL 21149482 1 0 1706737377
WALL 21149482 1 0 1706737378
WALL 21149482 1 0 1706737379
WALL 21149482 1 0 1706737380
WALL 21149482 1 0 1706737381
WALL 21149482 1 0 1706737382
WALL 21149482 1 0 1706737383
WALL 21149482 1 0 1706737384
WALL 21149482 1 0 1706737385
WALL 21149482 1 0 1706737386
WALL 21149482 1 0 1706737387
WALL 21149482 1 0 1706737388
WALL 21149482 1 0 1706737389
WALL 21149482 1 0 1706737390
WALL 21149482 1 0 1706737391
WALL 21149482 1 0 1706737392
WALL 21149482 1 0 1706737393
WALL 21149482 1 0 1706737394
WALL 21149482 1 0 1706737395
WALL 21149482 1 0 1706737396
WALL 21149482 1 0 1706737397
slurmstepd: error: *** STEP 21149482.0 ON nid200030 CANCELLED AT 2024-01-31T21:43:18 ***
received SIGTERM 1706737398
WALL 21149482 1 0 1706737398
received SIGCONT 1706737398
WALL 21149482 1 0 1706737398
WALL 21149482 1 0 1706737399
WALL 21149482 1 0 1706737400
WALL 21149482 1 0 1706737401
WALL 21149482 1 0 1706737402
WALL 21149482 1 0 1706737403
WALL 21149482 1 0 1706737404
WALL 21149482 1 0 1706737405
WALL 21149482 1 0 1706737406
WALL 21149482 1 0 1706737407
WALL 21149482 1 0 1706737408
WALL 21149482 1 0 1706737409
WALL 21149482 1 0 1706737410
WALL 21149482 1 0 1706737411
WALL 21149482 1 0 1706737412
WALL 21149482 1 0 1706737413
WALL 21149482 1 0 1706737414
WALL 21149482 1 0 1706737415
WALL 21149482 1 0 1706737416
WALL 21149482 1 0 1706737417
WALL 21149482 1 0 1706737418
WALL 21149482 1 0 1706737419
WALL 21149482 1 0 1706737420
WALL 21149482 1 0 1706737421
WALL 21149482 1 0 1706737422
WALL 21149482 1 0 1706737423
WALL 21149482 1 0 1706737424
WALL 21149482 1 0 1706737425
WALL 21149482 1 0 1706737426
WALL 21149482 1 0 1706737427
WALL 21149482 1 0 1706737428
WALL 21149482 1 0 1706737429
WALL 21149482 1 0 1706737430
WALL 21149482 1 0 1706737431
WALL 21149482 1 0 1706737432
WALL 21149482 1 0 1706737433
WALL 21149482 1 0 1706737434
WALL 21149482 1 0 1706737435
WALL 21149482 1 0 1706737436
WALL 21149482 1 0 1706737437
WALL 21149482 1 0 1706737438
WALL 21149482 1 0 1706737439
WALL 21149482 1 0 1706737440
WALL 21149482 1 0 1706737441
WALL 21149482 1 0 1706737442
WALL 21149482 1 0 1706737443
WALL 21149482 1 0 1706737444
WALL 21149482 1 0 1706737445
WALL 21149482 1 0 1706737446
WALL 21149482 1 0 1706737447
WALL 21149482 1 0 1706737448
WALL 21149482 1 0 1706737449
WALL 21149482 1 0 1706737450
WALL 21149482 1 0 1706737451
WALL 21149482 1 0 1706737452
WALL 21149482 1 0 1706737453
WALL 21149482 1 0 1706737454
WALL 21149482 1 0 1706737455
WALL 21149482 1 0 1706737456
WALL 21149482 1 0 1706737457
slurmstepd: error: *** JOB 21149482 ON nid200030 CANCELLED AT 2024-01-31T21:44:18 DUE TO PREEMPTION ***
received SIGTERM 1706737458
WALL 21149482 1 0 1706737458
received SIGCONT 1706737458
WALL 21149482 1 0 1706737458
received SIGTERM 1706737458
WALL 21149482 1 0 1706737458
