WALL 21206041 1 0 1706820016
slurmstepd: error: *** STEP 21206041.0 ON nid200168 CANCELLED AT 2024-02-01T20:40:16 ***
received SIGCONT 1706820016
WALL 21206041 1 0 1706820016
received SIGTERM 1706820016
WALL 21206041 1 0 1706820016
WALL 21206041 1 0 1706820017
WALL 21206041 1 0 1706820018
WALL 21206041 1 0 1706820019
WALL 21206041 1 0 1706820020
WALL 21206041 1 0 1706820021
WALL 21206041 1 0 1706820022
WALL 21206041 1 0 1706820023
WALL 21206041 1 0 1706820024
WALL 21206041 1 0 1706820025
WALL 21206041 1 0 1706820026
WALL 21206041 1 0 1706820027
WALL 21206041 1 0 1706820028
WALL 21206041 1 0 1706820029
WALL 21206041 1 0 1706820030
WALL 21206041 1 0 1706820031
WALL 21206041 1 0 1706820032
WALL 21206041 1 0 1706820033
WALL 21206041 1 0 1706820034
WALL 21206041 1 0 1706820035
WALL 21206041 1 0 1706820036
WALL 21206041 1 0 1706820037
WALL 21206041 1 0 1706820038
WALL 21206041 1 0 1706820039
WALL 21206041 1 0 1706820040
WALL 21206041 1 0 1706820041
WALL 21206041 1 0 1706820042
WALL 21206041 1 0 1706820043
WALL 21206041 1 0 1706820044
WALL 21206041 1 0 1706820045
WALL 21206041 1 0 1706820046
WALL 21206041 1 0 1706820047
WALL 21206041 1 0 1706820048
WALL 21206041 1 0 1706820049
WALL 21206041 1 0 1706820050
WALL 21206041 1 0 1706820051
WALL 21206041 1 0 1706820052
WALL 21206041 1 0 1706820053
WALL 21206041 1 0 1706820054
WALL 21206041 1 0 1706820055
WALL 21206041 1 0 1706820056
WALL 21206041 1 0 1706820057
WALL 21206041 1 0 1706820058
WALL 21206041 1 0 1706820059
WALL 21206041 1 0 1706820060
WALL 21206041 1 0 1706820061
WALL 21206041 1 0 1706820062
WALL 21206041 1 0 1706820063
WALL 21206041 1 0 1706820064
WALL 21206041 1 0 1706820065
WALL 21206041 1 0 1706820066
WALL 21206041 1 0 1706820067
WALL 21206041 1 0 1706820068
WALL 21206041 1 0 1706820069
WALL 21206041 1 0 1706820070
WALL 21206041 1 0 1706820071
WALL 21206041 1 0 1706820072
WALL 21206041 1 0 1706820073
WALL 21206041 1 0 1706820074
WALL 21206041 1 0 1706820075
WALL 21206041 1 0 1706820076
WALL 21206041 1 0 1706820077
WALL 21206041 1 0 1706820078
WALL 21206041 1 0 1706820079
WALL 21206041 1 0 1706820080
WALL 21206041 1 0 1706820081
WALL 21206041 1 0 1706820082
WALL 21206041 1 0 1706820083
WALL 21206041 1 0 1706820084
WALL 21206041 1 0 1706820085
WALL 21206041 1 0 1706820086
WALL 21206041 1 0 1706820087
WALL 21206041 1 0 1706820088
WALL 21206041 1 0 1706820089
WALL 21206041 1 0 1706820090
WALL 21206041 1 0 1706820091
WALL 21206041 1 0 1706820092
WALL 21206041 1 0 1706820093
WALL 21206041 1 0 1706820094
WALL 21206041 1 0 1706820095
slurmstepd: error: *** JOB 21206041 ON nid200168 CANCELLED AT 2024-02-01T20:41:36 DUE TO PREEMPTION ***
received SIGTERM 1706820096
WALL 21206041 1 0 1706820096
received SIGCONT 1706820096
WALL 21206041 1 0 1706820096
received SIGTERM 1706820096
WALL 21206041 1 0 1706820096
