srun: warning: can't run 1 processes on 16 nodes, setting nnodes to 1
WALL 21201866 1 0 1706817238
WALL 21201866 1 0 1706817239
WALL 21201866 1 0 1706817240
WALL 21201866 1 0 1706817241
WALL 21201866 1 0 1706817242
WALL 21201866 1 0 1706817243
WALL 21201866 1 0 1706817244
WALL 21201866 1 0 1706817245
WALL 21201866 1 0 1706817246
WALL 21201866 1 0 1706817247
WALL 21201866 1 0 1706817248
WALL 21201866 1 0 1706817249
WALL 21201866 1 0 1706817250
WALL 21201866 1 0 1706817251
WALL 21201866 1 0 1706817252
WALL 21201866 1 0 1706817253
WALL 21201866 1 0 1706817254
WALL 21201866 1 0 1706817255
WALL 21201866 1 0 1706817256
WALL 21201866 1 0 1706817257
WALL 21201866 1 0 1706817258
WALL 21201866 1 0 1706817259
WALL 21201866 1 0 1706817260
WALL 21201866 1 0 1706817261
WALL 21201866 1 0 1706817262
WALL 21201866 1 0 1706817263
WALL 21201866 1 0 1706817264
WALL 21201866 1 0 1706817265
WALL 21201866 1 0 1706817266
WALL 21201866 1 0 1706817267
WALL 21201866 1 0 1706817268
WALL 21201866 1 0 1706817269
WALL 21201866 1 0 1706817270
WALL 21201866 1 0 1706817271
WALL 21201866 1 0 1706817272
WALL 21201866 1 0 1706817273
WALL 21201866 1 0 1706817274
WALL 21201866 1 0 1706817275
WALL 21201866 1 0 1706817276
WALL 21201866 1 0 1706817277
WALL 21201866 1 0 1706817278
WALL 21201866 1 0 1706817279
WALL 21201866 1 0 1706817280
WALL 21201866 1 0 1706817281
WALL 21201866 1 0 1706817282
WALL 21201866 1 0 1706817283
WALL 21201866 1 0 1706817284
WALL 21201866 1 0 1706817285
WALL 21201866 1 0 1706817286
WALL 21201866 1 0 1706817287
WALL 21201866 1 0 1706817288
WALL 21201866 1 0 1706817289
WALL 21201866 1 0 1706817290
WALL 21201866 1 0 1706817291
WALL 21201866 1 0 1706817292
WALL 21201866 1 0 1706817293
WALL 21201866 1 0 1706817294
WALL 21201866 1 0 1706817295
WALL 21201866 1 0 1706817296
WALL 21201866 1 0 1706817297
WALL 21201866 1 0 1706817298
WALL 21201866 1 0 1706817299
WALL 21201866 1 0 1706817300
WALL 21201866 1 0 1706817301
WALL 21201866 1 0 1706817302
WALL 21201866 1 0 1706817303
WALL 21201866 1 0 1706817304
WALL 21201866 1 0 1706817305
WALL 21201866 1 0 1706817306
WALL 21201866 1 0 1706817307
WALL 21201866 1 0 1706817308
WALL 21201866 1 0 1706817309
WALL 21201866 1 0 1706817310
WALL 21201866 1 0 1706817311
WALL 21201866 1 0 1706817312
WALL 21201866 1 0 1706817313
WALL 21201866 1 0 1706817314
WALL 21201866 1 0 1706817315
WALL 21201866 1 0 1706817316
WALL 21201866 1 0 1706817317
WALL 21201866 1 0 1706817318
WALL 21201866 1 0 1706817319
WALL 21201866 1 0 1706817320
WALL 21201866 1 0 1706817321
WALL 21201866 1 0 1706817322
WALL 21201866 1 0 1706817323
WALL 21201866 1 0 1706817324
WALL 21201866 1 0 1706817325
WALL 21201866 1 0 1706817326
WALL 21201866 1 0 1706817327
WALL 21201866 1 0 1706817328
WALL 21201866 1 0 1706817329
WALL 21201866 1 0 1706817330
WALL 21201866 1 0 1706817331
WALL 21201866 1 0 1706817332
WALL 21201866 1 0 1706817333
WALL 21201866 1 0 1706817334
WALL 21201866 1 0 1706817335
WALL 21201866 1 0 1706817336
WALL 21201866 1 0 1706817337
WALL 21201866 1 0 1706817338
WALL 21201866 1 0 1706817339
WALL 21201866 1 0 1706817340
WALL 21201866 1 0 1706817341
WALL 21201866 1 0 1706817342
WALL 21201866 1 0 1706817343
WALL 21201866 1 0 1706817344
WALL 21201866 1 0 1706817345
WALL 21201866 1 0 1706817346
WALL 21201866 1 0 1706817347
WALL 21201866 1 0 1706817348
WALL 21201866 1 0 1706817349
WALL 21201866 1 0 1706817350
WALL 21201866 1 0 1706817351
WALL 21201866 1 0 1706817352
WALL 21201866 1 0 1706817353
WALL 21201866 1 0 1706817354
WALL 21201866 1 0 1706817355
WALL 21201866 1 0 1706817356
WALL 21201866 1 0 1706817357
WALL 21201866 1 0 1706817358
WALL 21201866 1 0 1706817359
WALL 21201866 1 0 1706817360
WALL 21201866 1 0 1706817361
WALL 21201866 1 0 1706817362
WALL 21201866 1 0 1706817363
WALL 21201866 1 0 1706817364
WALL 21201866 1 0 1706817365
WALL 21201866 1 0 1706817366
WALL 21201866 1 0 1706817367
WALL 21201866 1 0 1706817368
WALL 21201866 1 0 1706817369
WALL 21201866 1 0 1706817370
WALL 21201866 1 0 1706817371
WALL 21201866 1 0 1706817372
WALL 21201866 1 0 1706817373
WALL 21201866 1 0 1706817374
WALL 21201866 1 0 1706817375
WALL 21201866 1 0 1706817376
WALL 21201866 1 0 1706817377
WALL 21201866 1 0 1706817378
WALL 21201866 1 0 1706817379
WALL 21201866 1 0 1706817380
WALL 21201866 1 0 1706817381
WALL 21201866 1 0 1706817382
WALL 21201866 1 0 1706817383
WALL 21201866 1 0 1706817384
WALL 21201866 1 0 1706817385
WALL 21201866 1 0 1706817386
WALL 21201866 1 0 1706817387
WALL 21201866 1 0 1706817388
WALL 21201866 1 0 1706817389
WALL 21201866 1 0 1706817390
WALL 21201866 1 0 1706817391
WALL 21201866 1 0 1706817392
WALL 21201866 1 0 1706817393
WALL 21201866 1 0 1706817394
WALL 21201866 1 0 1706817395
WALL 21201866 1 0 1706817396
WALL 21201866 1 0 1706817397
WALL 21201866 1 0 1706817398
WALL 21201866 1 0 1706817399
WALL 21201866 1 0 1706817400
WALL 21201866 1 0 1706817401
WALL 21201866 1 0 1706817402
WALL 21201866 1 0 1706817403
WALL 21201866 1 0 1706817404
WALL 21201866 1 0 1706817405
WALL 21201866 1 0 1706817406
WALL 21201866 1 0 1706817407
WALL 21201866 1 0 1706817408
WALL 21201866 1 0 1706817409
WALL 21201866 1 0 1706817410
WALL 21201866 1 0 1706817411
WALL 21201866 1 0 1706817412
WALL 21201866 1 0 1706817413
WALL 21201866 1 0 1706817414
WALL 21201866 1 0 1706817415
WALL 21201866 1 0 1706817416
WALL 21201866 1 0 1706817417
WALL 21201866 1 0 1706817418
WALL 21201866 1 0 1706817419
WALL 21201866 1 0 1706817420
WALL 21201866 1 0 1706817421
WALL 21201866 1 0 1706817422
WALL 21201866 1 0 1706817423
WALL 21201866 1 0 1706817424
WALL 21201866 1 0 1706817425
WALL 21201866 1 0 1706817426
WALL 21201866 1 0 1706817427
WALL 21201866 1 0 1706817428
WALL 21201866 1 0 1706817429
WALL 21201866 1 0 1706817430
WALL 21201866 1 0 1706817431
WALL 21201866 1 0 1706817432
WALL 21201866 1 0 1706817433
WALL 21201866 1 0 1706817434
WALL 21201866 1 0 1706817435
WALL 21201866 1 0 1706817436
WALL 21201866 1 0 1706817437
WALL 21201866 1 0 1706817438
WALL 21201866 1 0 1706817439
WALL 21201866 1 0 1706817440
WALL 21201866 1 0 1706817441
WALL 21201866 1 0 1706817442
WALL 21201866 1 0 1706817443
WALL 21201866 1 0 1706817444
WALL 21201866 1 0 1706817445
WALL 21201866 1 0 1706817446
WALL 21201866 1 0 1706817447
WALL 21201866 1 0 1706817448
WALL 21201866 1 0 1706817449
WALL 21201866 1 0 1706817450
WALL 21201866 1 0 1706817451
WALL 21201866 1 0 1706817452
WALL 21201866 1 0 1706817453
WALL 21201866 1 0 1706817454
WALL 21201866 1 0 1706817455
WALL 21201866 1 0 1706817456
WALL 21201866 1 0 1706817457
WALL 21201866 1 0 1706817458
WALL 21201866 1 0 1706817459
WALL 21201866 1 0 1706817460
WALL 21201866 1 0 1706817461
WALL 21201866 1 0 1706817462
WALL 21201866 1 0 1706817463
WALL 21201866 1 0 1706817464
WALL 21201866 1 0 1706817465
WALL 21201866 1 0 1706817466
WALL 21201866 1 0 1706817467
WALL 21201866 1 0 1706817468
WALL 21201866 1 0 1706817469
WALL 21201866 1 0 1706817470
WALL 21201866 1 0 1706817471
WALL 21201866 1 0 1706817472
WALL 21201866 1 0 1706817473
WALL 21201866 1 0 1706817474
WALL 21201866 1 0 1706817475
WALL 21201866 1 0 1706817476
WALL 21201866 1 0 1706817477
WALL 21201866 1 0 1706817478
WALL 21201866 1 0 1706817479
WALL 21201866 1 0 1706817480
WALL 21201866 1 0 1706817481
WALL 21201866 1 0 1706817482
WALL 21201866 1 0 1706817483
WALL 21201866 1 0 1706817484
WALL 21201866 1 0 1706817485
WALL 21201866 1 0 1706817486
WALL 21201866 1 0 1706817487
WALL 21201866 1 0 1706817488
WALL 21201866 1 0 1706817489
WALL 21201866 1 0 1706817490
WALL 21201866 1 0 1706817491
WALL 21201866 1 0 1706817492
WALL 21201866 1 0 1706817493
WALL 21201866 1 0 1706817494
WALL 21201866 1 0 1706817495
WALL 21201866 1 0 1706817496
WALL 21201866 1 0 1706817497
WALL 21201866 1 0 1706817498
WALL 21201866 1 0 1706817499
WALL 21201866 1 0 1706817500
WALL 21201866 1 0 1706817501
WALL 21201866 1 0 1706817502
WALL 21201866 1 0 1706817503
WALL 21201866 1 0 1706817504
WALL 21201866 1 0 1706817505
WALL 21201866 1 0 1706817506
WALL 21201866 1 0 1706817507
WALL 21201866 1 0 1706817508
WALL 21201866 1 0 1706817509
WALL 21201866 1 0 1706817510
WALL 21201866 1 0 1706817511
WALL 21201866 1 0 1706817512
WALL 21201866 1 0 1706817513
WALL 21201866 1 0 1706817514
WALL 21201866 1 0 1706817515
WALL 21201866 1 0 1706817516
WALL 21201866 1 0 1706817517
WALL 21201866 1 0 1706817518
WALL 21201866 1 0 1706817519
WALL 21201866 1 0 1706817520
WALL 21201866 1 0 1706817521
WALL 21201866 1 0 1706817522
WALL 21201866 1 0 1706817523
WALL 21201866 1 0 1706817524
WALL 21201866 1 0 1706817525
WALL 21201866 1 0 1706817526
WALL 21201866 1 0 1706817527
WALL 21201866 1 0 1706817528
received SIGCONT 1706817528
WALL 21201866 1 0 1706817528
slurmstepd: error: *** STEP 21201866.0 ON nid200006 CANCELLED AT 2024-02-01T19:58:48 ***
received SIGTERM 1706817528
WALL 21201866 1 0 1706817528
WALL 21201866 1 0 1706817529
WALL 21201866 1 0 1706817530
WALL 21201866 1 0 1706817531
WALL 21201866 1 0 1706817532
WALL 21201866 1 0 1706817533
WALL 21201866 1 0 1706817534
WALL 21201866 1 0 1706817535
WALL 21201866 1 0 1706817536
WALL 21201866 1 0 1706817537
WALL 21201866 1 0 1706817538
WALL 21201866 1 0 1706817539
WALL 21201866 1 0 1706817540
WALL 21201866 1 0 1706817541
WALL 21201866 1 0 1706817542
WALL 21201866 1 0 1706817543
WALL 21201866 1 0 1706817544
WALL 21201866 1 0 1706817545
WALL 21201866 1 0 1706817546
WALL 21201866 1 0 1706817547
WALL 21201866 1 0 1706817548
WALL 21201866 1 0 1706817549
WALL 21201866 1 0 1706817550
WALL 21201866 1 0 1706817551
WALL 21201866 1 0 1706817552
WALL 21201866 1 0 1706817553
WALL 21201866 1 0 1706817554
WALL 21201866 1 0 1706817555
WALL 21201866 1 0 1706817556
WALL 21201866 1 0 1706817557
WALL 21201866 1 0 1706817558
WALL 21201866 1 0 1706817559
WALL 21201866 1 0 1706817560
WALL 21201866 1 0 1706817561
WALL 21201866 1 0 1706817562
WALL 21201866 1 0 1706817563
WALL 21201866 1 0 1706817564
WALL 21201866 1 0 1706817565
WALL 21201866 1 0 1706817566
WALL 21201866 1 0 1706817567
WALL 21201866 1 0 1706817568
WALL 21201866 1 0 1706817569
WALL 21201866 1 0 1706817570
WALL 21201866 1 0 1706817571
WALL 21201866 1 0 1706817572
WALL 21201866 1 0 1706817573
WALL 21201866 1 0 1706817574
WALL 21201866 1 0 1706817575
WALL 21201866 1 0 1706817576
WALL 21201866 1 0 1706817577
WALL 21201866 1 0 1706817578
WALL 21201866 1 0 1706817579
WALL 21201866 1 0 1706817580
WALL 21201866 1 0 1706817581
WALL 21201866 1 0 1706817582
WALL 21201866 1 0 1706817583
WALL 21201866 1 0 1706817584
WALL 21201866 1 0 1706817585
WALL 21201866 1 0 1706817586
WALL 21201866 1 0 1706817587
WALL 21201866 1 0 1706817588
WALL 21201866 1 0 1706817589
WALL 21201866 1 0 1706817590
WALL 21201866 1 0 1706817591
WALL 21201866 1 0 1706817592
WALL 21201866 1 0 1706817593
WALL 21201866 1 0 1706817594
WALL 21201866 1 0 1706817595
WALL 21201866 1 0 1706817596
WALL 21201866 1 0 1706817597
WALL 21201866 1 0 1706817598
WALL 21201866 1 0 1706817599
WALL 21201866 1 0 1706817600
WALL 21201866 1 0 1706817601
WALL 21201866 1 0 1706817602
WALL 21201866 1 0 1706817603
WALL 21201866 1 0 1706817604
WALL 21201866 1 0 1706817605
WALL 21201866 1 0 1706817606
WALL 21201866 1 0 1706817607
slurmstepd: error: *** JOB 21201866 ON nid200006 CANCELLED AT 2024-02-01T20:00:07 DUE TO PREEMPTION ***
received SIGTERM 1706817607
WALL 21201866 1 0 1706817607
received SIGCONT 1706817607
WALL 21201866 1 0 1706817607
received SIGTERM 1706817607
WALL 21201866 1 0 1706817607
