WALL 21199262 1 0 1706816081
WALL 21199262 1 0 1706816082
WALL 21199262 1 0 1706816083
WALL 21199262 1 0 1706816084
WALL 21199262 1 0 1706816085
WALL 21199262 1 0 1706816086
WALL 21199262 1 0 1706816087
WALL 21199262 1 0 1706816088
WALL 21199262 1 0 1706816089
WALL 21199262 1 0 1706816090
WALL 21199262 1 0 1706816091
WALL 21199262 1 0 1706816092
WALL 21199262 1 0 1706816093
WALL 21199262 1 0 1706816094
WALL 21199262 1 0 1706816095
WALL 21199262 1 0 1706816096
WALL 21199262 1 0 1706816097
WALL 21199262 1 0 1706816098
WALL 21199262 1 0 1706816099
WALL 21199262 1 0 1706816100
WALL 21199262 1 0 1706816101
WALL 21199262 1 0 1706816102
WALL 21199262 1 0 1706816103
WALL 21199262 1 0 1706816104
WALL 21199262 1 0 1706816105
WALL 21199262 1 0 1706816106
WALL 21199262 1 0 1706816107
WALL 21199262 1 0 1706816108
WALL 21199262 1 0 1706816109
WALL 21199262 1 0 1706816110
WALL 21199262 1 0 1706816111
WALL 21199262 1 0 1706816112
WALL 21199262 1 0 1706816113
WALL 21199262 1 0 1706816114
WALL 21199262 1 0 1706816115
WALL 21199262 1 0 1706816116
WALL 21199262 1 0 1706816117
WALL 21199262 1 0 1706816118
WALL 21199262 1 0 1706816119
WALL 21199262 1 0 1706816120
WALL 21199262 1 0 1706816121
WALL 21199262 1 0 1706816122
WALL 21199262 1 0 1706816123
WALL 21199262 1 0 1706816124
WALL 21199262 1 0 1706816125
WALL 21199262 1 0 1706816126
WALL 21199262 1 0 1706816127
WALL 21199262 1 0 1706816128
WALL 21199262 1 0 1706816129
WALL 21199262 1 0 1706816130
slurmstepd: error: *** STEP 21199262.0 ON nid200050 CANCELLED AT 2024-02-01T19:35:30 ***
received SIGTERM 1706816130
WALL 21199262 1 0 1706816130
received SIGCONT 1706816130
WALL 21199262 1 0 1706816130
WALL 21199262 1 0 1706816131
WALL 21199262 1 0 1706816132
WALL 21199262 1 0 1706816133
WALL 21199262 1 0 1706816134
WALL 21199262 1 0 1706816135
WALL 21199262 1 0 1706816136
WALL 21199262 1 0 1706816137
WALL 21199262 1 0 1706816138
WALL 21199262 1 0 1706816139
WALL 21199262 1 0 1706816140
WALL 21199262 1 0 1706816141
WALL 21199262 1 0 1706816142
WALL 21199262 1 0 1706816143
WALL 21199262 1 0 1706816144
WALL 21199262 1 0 1706816145
WALL 21199262 1 0 1706816146
WALL 21199262 1 0 1706816147
WALL 21199262 1 0 1706816148
WALL 21199262 1 0 1706816149
WALL 21199262 1 0 1706816150
WALL 21199262 1 0 1706816151
WALL 21199262 1 0 1706816152
WALL 21199262 1 0 1706816153
WALL 21199262 1 0 1706816154
WALL 21199262 1 0 1706816155
WALL 21199262 1 0 1706816156
WALL 21199262 1 0 1706816157
WALL 21199262 1 0 1706816158
WALL 21199262 1 0 1706816159
WALL 21199262 1 0 1706816160
WALL 21199262 1 0 1706816161
WALL 21199262 1 0 1706816162
WALL 21199262 1 0 1706816163
WALL 21199262 1 0 1706816164
WALL 21199262 1 0 1706816165
WALL 21199262 1 0 1706816166
WALL 21199262 1 0 1706816167
WALL 21199262 1 0 1706816168
WALL 21199262 1 0 1706816169
WALL 21199262 1 0 1706816170
WALL 21199262 1 0 1706816171
WALL 21199262 1 0 1706816172
WALL 21199262 1 0 1706816173
WALL 21199262 1 0 1706816174
WALL 21199262 1 0 1706816175
WALL 21199262 1 0 1706816176
WALL 21199262 1 0 1706816177
WALL 21199262 1 0 1706816178
WALL 21199262 1 0 1706816179
WALL 21199262 1 0 1706816180
WALL 21199262 1 0 1706816181
WALL 21199262 1 0 1706816182
WALL 21199262 1 0 1706816183
WALL 21199262 1 0 1706816184
WALL 21199262 1 0 1706816185
WALL 21199262 1 0 1706816186
WALL 21199262 1 0 1706816187
WALL 21199262 1 0 1706816188
WALL 21199262 1 0 1706816189
WALL 21199262 1 0 1706816190
WALL 21199262 1 0 1706816191
WALL 21199262 1 0 1706816192
WALL 21199262 1 0 1706816193
WALL 21199262 1 0 1706816194
WALL 21199262 1 0 1706816195
WALL 21199262 1 0 1706816196
WALL 21199262 1 0 1706816197
slurmstepd: error: *** JOB 21199262 ON nid200050 CANCELLED AT 2024-02-01T19:36:37 DUE TO PREEMPTION ***
received SIGTERM 1706816197
WALL 21199262 1 0 1706816197
received SIGCONT 1706816197
WALL 21199262 1 0 1706816197
received SIGTERM 1706816197
WALL 21199262 1 0 1706816197
