srun: warning: can't run 1 processes on 4 nodes, setting nnodes to 1
WALL 21209562 1 0 1706825234
WALL 21209562 1 0 1706825235
WALL 21209562 1 0 1706825236
WALL 21209562 1 0 1706825237
WALL 21209562 1 0 1706825238
WALL 21209562 1 0 1706825239
WALL 21209562 1 0 1706825240
WALL 21209562 1 0 1706825241
WALL 21209562 1 0 1706825242
WALL 21209562 1 0 1706825243
WALL 21209562 1 0 1706825244
WALL 21209562 1 0 1706825245
WALL 21209562 1 0 1706825246
WALL 21209562 1 0 1706825247
WALL 21209562 1 0 1706825248
WALL 21209562 1 0 1706825249
WALL 21209562 1 0 1706825250
WALL 21209562 1 0 1706825251
WALL 21209562 1 0 1706825252
WALL 21209562 1 0 1706825253
WALL 21209562 1 0 1706825254
WALL 21209562 1 0 1706825255
WALL 21209562 1 0 1706825256
WALL 21209562 1 0 1706825257
WALL 21209562 1 0 1706825258
WALL 21209562 1 0 1706825259
WALL 21209562 1 0 1706825260
WALL 21209562 1 0 1706825261
WALL 21209562 1 0 1706825262
WALL 21209562 1 0 1706825263
WALL 21209562 1 0 1706825264
WALL 21209562 1 0 1706825265
WALL 21209562 1 0 1706825266
WALL 21209562 1 0 1706825267
WALL 21209562 1 0 1706825268
WALL 21209562 1 0 1706825269
WALL 21209562 1 0 1706825270
WALL 21209562 1 0 1706825271
WALL 21209562 1 0 1706825272
WALL 21209562 1 0 1706825273
WALL 21209562 1 0 1706825274
WALL 21209562 1 0 1706825275
WALL 21209562 1 0 1706825276
WALL 21209562 1 0 1706825277
WALL 21209562 1 0 1706825278
WALL 21209562 1 0 1706825279
WALL 21209562 1 0 1706825280
WALL 21209562 1 0 1706825281
WALL 21209562 1 0 1706825282
WALL 21209562 1 0 1706825283
WALL 21209562 1 0 1706825284
WALL 21209562 1 0 1706825285
WALL 21209562 1 0 1706825286
WALL 21209562 1 0 1706825287
WALL 21209562 1 0 1706825288
WALL 21209562 1 0 1706825289
WALL 21209562 1 0 1706825290
WALL 21209562 1 0 1706825291
WALL 21209562 1 0 1706825292
WALL 21209562 1 0 1706825293
WALL 21209562 1 0 1706825294
WALL 21209562 1 0 1706825295
WALL 21209562 1 0 1706825296
WALL 21209562 1 0 1706825297
WALL 21209562 1 0 1706825298
WALL 21209562 1 0 1706825299
WALL 21209562 1 0 1706825300
WALL 21209562 1 0 1706825301
WALL 21209562 1 0 1706825302
WALL 21209562 1 0 1706825303
WALL 21209562 1 0 1706825304
WALL 21209562 1 0 1706825305
WALL 21209562 1 0 1706825306
WALL 21209562 1 0 1706825307
WALL 21209562 1 0 1706825308
WALL 21209562 1 0 1706825309
WALL 21209562 1 0 1706825310
WALL 21209562 1 0 1706825311
WALL 21209562 1 0 1706825312
WALL 21209562 1 0 1706825313
WALL 21209562 1 0 1706825314
WALL 21209562 1 0 1706825315
WALL 21209562 1 0 1706825316
WALL 21209562 1 0 1706825317
WALL 21209562 1 0 1706825318
WALL 21209562 1 0 1706825319
WALL 21209562 1 0 1706825320
WALL 21209562 1 0 1706825321
WALL 21209562 1 0 1706825322
WALL 21209562 1 0 1706825323
WALL 21209562 1 0 1706825324
WALL 21209562 1 0 1706825325
WALL 21209562 1 0 1706825326
WALL 21209562 1 0 1706825327
WALL 21209562 1 0 1706825328
WALL 21209562 1 0 1706825329
WALL 21209562 1 0 1706825330
WALL 21209562 1 0 1706825331
WALL 21209562 1 0 1706825332
WALL 21209562 1 0 1706825333
WALL 21209562 1 0 1706825334
WALL 21209562 1 0 1706825335
WALL 21209562 1 0 1706825336
WALL 21209562 1 0 1706825337
WALL 21209562 1 0 1706825338
WALL 21209562 1 0 1706825339
WALL 21209562 1 0 1706825340
WALL 21209562 1 0 1706825341
WALL 21209562 1 0 1706825342
WALL 21209562 1 0 1706825343
WALL 21209562 1 0 1706825344
WALL 21209562 1 0 1706825345
WALL 21209562 1 0 1706825346
WALL 21209562 1 0 1706825347
WALL 21209562 1 0 1706825348
WALL 21209562 1 0 1706825349
WALL 21209562 1 0 1706825350
WALL 21209562 1 0 1706825351
WALL 21209562 1 0 1706825352
WALL 21209562 1 0 1706825353
WALL 21209562 1 0 1706825354
WALL 21209562 1 0 1706825355
WALL 21209562 1 0 1706825356
WALL 21209562 1 0 1706825357
WALL 21209562 1 0 1706825358
WALL 21209562 1 0 1706825359
WALL 21209562 1 0 1706825360
WALL 21209562 1 0 1706825361
WALL 21209562 1 0 1706825362
WALL 21209562 1 0 1706825363
WALL 21209562 1 0 1706825364
WALL 21209562 1 0 1706825365
WALL 21209562 1 0 1706825366
WALL 21209562 1 0 1706825367
WALL 21209562 1 0 1706825368
WALL 21209562 1 0 1706825369
WALL 21209562 1 0 1706825370
WALL 21209562 1 0 1706825371
WALL 21209562 1 0 1706825372
WALL 21209562 1 0 1706825373
WALL 21209562 1 0 1706825374
WALL 21209562 1 0 1706825375
WALL 21209562 1 0 1706825376
WALL 21209562 1 0 1706825377
WALL 21209562 1 0 1706825378
WALL 21209562 1 0 1706825379
WALL 21209562 1 0 1706825380
WALL 21209562 1 0 1706825381
WALL 21209562 1 0 1706825382
WALL 21209562 1 0 1706825383
WALL 21209562 1 0 1706825384
WALL 21209562 1 0 1706825385
WALL 21209562 1 0 1706825386
WALL 21209562 1 0 1706825387
WALL 21209562 1 0 1706825388
WALL 21209562 1 0 1706825389
WALL 21209562 1 0 1706825390
WALL 21209562 1 0 1706825391
WALL 21209562 1 0 1706825392
WALL 21209562 1 0 1706825393
WALL 21209562 1 0 1706825394
WALL 21209562 1 0 1706825395
WALL 21209562 1 0 1706825396
WALL 21209562 1 0 1706825397
WALL 21209562 1 0 1706825398
WALL 21209562 1 0 1706825399
WALL 21209562 1 0 1706825400
WALL 21209562 1 0 1706825401
WALL 21209562 1 0 1706825402
WALL 21209562 1 0 1706825403
WALL 21209562 1 0 1706825404
WALL 21209562 1 0 1706825405
WALL 21209562 1 0 1706825406
WALL 21209562 1 0 1706825407
WALL 21209562 1 0 1706825408
WALL 21209562 1 0 1706825409
WALL 21209562 1 0 1706825410
WALL 21209562 1 0 1706825411
WALL 21209562 1 0 1706825412
WALL 21209562 1 0 1706825413
WALL 21209562 1 0 1706825414
WALL 21209562 1 0 1706825415
WALL 21209562 1 0 1706825416
WALL 21209562 1 0 1706825417
WALL 21209562 1 0 1706825418
WALL 21209562 1 0 1706825419
WALL 21209562 1 0 1706825420
WALL 21209562 1 0 1706825421
WALL 21209562 1 0 1706825422
WALL 21209562 1 0 1706825423
WALL 21209562 1 0 1706825424
WALL 21209562 1 0 1706825425
WALL 21209562 1 0 1706825426
WALL 21209562 1 0 1706825427
WALL 21209562 1 0 1706825428
WALL 21209562 1 0 1706825429
WALL 21209562 1 0 1706825430
WALL 21209562 1 0 1706825431
WALL 21209562 1 0 1706825432
WALL 21209562 1 0 1706825433
WALL 21209562 1 0 1706825434
WALL 21209562 1 0 1706825435
WALL 21209562 1 0 1706825436
WALL 21209562 1 0 1706825437
WALL 21209562 1 0 1706825438
WALL 21209562 1 0 1706825439
WALL 21209562 1 0 1706825440
WALL 21209562 1 0 1706825441
WALL 21209562 1 0 1706825442
WALL 21209562 1 0 1706825443
WALL 21209562 1 0 1706825444
WALL 21209562 1 0 1706825445
WALL 21209562 1 0 1706825446
WALL 21209562 1 0 1706825447
WALL 21209562 1 0 1706825448
WALL 21209562 1 0 1706825449
WALL 21209562 1 0 1706825450
WALL 21209562 1 0 1706825451
WALL 21209562 1 0 1706825452
WALL 21209562 1 0 1706825453
WALL 21209562 1 0 1706825454
WALL 21209562 1 0 1706825455
WALL 21209562 1 0 1706825456
WALL 21209562 1 0 1706825457
WALL 21209562 1 0 1706825458
WALL 21209562 1 0 1706825459
WALL 21209562 1 0 1706825460
WALL 21209562 1 0 1706825461
WALL 21209562 1 0 1706825462
WALL 21209562 1 0 1706825463
WALL 21209562 1 0 1706825464
WALL 21209562 1 0 1706825465
WALL 21209562 1 0 1706825466
WALL 21209562 1 0 1706825467
WALL 21209562 1 0 1706825468
WALL 21209562 1 0 1706825469
WALL 21209562 1 0 1706825470
WALL 21209562 1 0 1706825471
WALL 21209562 1 0 1706825472
WALL 21209562 1 0 1706825473
WALL 21209562 1 0 1706825474
WALL 21209562 1 0 1706825475
WALL 21209562 1 0 1706825476
WALL 21209562 1 0 1706825477
WALL 21209562 1 0 1706825478
WALL 21209562 1 0 1706825479
WALL 21209562 1 0 1706825480
WALL 21209562 1 0 1706825481
WALL 21209562 1 0 1706825482
WALL 21209562 1 0 1706825483
WALL 21209562 1 0 1706825484
WALL 21209562 1 0 1706825485
WALL 21209562 1 0 1706825486
WALL 21209562 1 0 1706825487
WALL 21209562 1 0 1706825488
WALL 21209562 1 0 1706825489
WALL 21209562 1 0 1706825490
WALL 21209562 1 0 1706825491
WALL 21209562 1 0 1706825492
WALL 21209562 1 0 1706825493
WALL 21209562 1 0 1706825494
WALL 21209562 1 0 1706825495
WALL 21209562 1 0 1706825496
WALL 21209562 1 0 1706825497
WALL 21209562 1 0 1706825498
WALL 21209562 1 0 1706825499
WALL 21209562 1 0 1706825500
WALL 21209562 1 0 1706825501
WALL 21209562 1 0 1706825502
WALL 21209562 1 0 1706825503
WALL 21209562 1 0 1706825504
WALL 21209562 1 0 1706825505
WALL 21209562 1 0 1706825506
WALL 21209562 1 0 1706825507
WALL 21209562 1 0 1706825508
WALL 21209562 1 0 1706825509
WALL 21209562 1 0 1706825510
WALL 21209562 1 0 1706825511
WALL 21209562 1 0 1706825512
WALL 21209562 1 0 1706825513
WALL 21209562 1 0 1706825514
WALL 21209562 1 0 1706825515
WALL 21209562 1 0 1706825516
WALL 21209562 1 0 1706825517
WALL 21209562 1 0 1706825518
WALL 21209562 1 0 1706825519
WALL 21209562 1 0 1706825520
WALL 21209562 1 0 1706825521
WALL 21209562 1 0 1706825522
WALL 21209562 1 0 1706825523
WALL 21209562 1 0 1706825524
WALL 21209562 1 0 1706825525
WALL 21209562 1 0 1706825526
WALL 21209562 1 0 1706825527
WALL 21209562 1 0 1706825528
WALL 21209562 1 0 1706825529
WALL 21209562 1 0 1706825530
WALL 21209562 1 0 1706825531
WALL 21209562 1 0 1706825532
WALL 21209562 1 0 1706825533
WALL 21209562 1 0 1706825534
WALL 21209562 1 0 1706825535
WALL 21209562 1 0 1706825536
WALL 21209562 1 0 1706825537
WALL 21209562 1 0 1706825538
WALL 21209562 1 0 1706825539
WALL 21209562 1 0 1706825540
WALL 21209562 1 0 1706825541
WALL 21209562 1 0 1706825542
WALL 21209562 1 0 1706825543
WALL 21209562 1 0 1706825544
WALL 21209562 1 0 1706825545
WALL 21209562 1 0 1706825546
WALL 21209562 1 0 1706825547
WALL 21209562 1 0 1706825548
WALL 21209562 1 0 1706825549
WALL 21209562 1 0 1706825550
WALL 21209562 1 0 1706825551
WALL 21209562 1 0 1706825552
WALL 21209562 1 0 1706825553
slurmstepd: error: *** STEP 21209562.0 ON nid200000 CANCELLED AT 2024-02-01T22:12:34 ***
received SIGTERM 1706825554
WALL 21209562 1 0 1706825554
received SIGCONT 1706825554
WALL 21209562 1 0 1706825554
WALL 21209562 1 0 1706825555
WALL 21209562 1 0 1706825556
WALL 21209562 1 0 1706825557
WALL 21209562 1 0 1706825558
WALL 21209562 1 0 1706825559
WALL 21209562 1 0 1706825560
WALL 21209562 1 0 1706825561
WALL 21209562 1 0 1706825562
WALL 21209562 1 0 1706825563
WALL 21209562 1 0 1706825564
WALL 21209562 1 0 1706825565
WALL 21209562 1 0 1706825566
WALL 21209562 1 0 1706825567
WALL 21209562 1 0 1706825568
WALL 21209562 1 0 1706825569
WALL 21209562 1 0 1706825570
WALL 21209562 1 0 1706825571
WALL 21209562 1 0 1706825572
WALL 21209562 1 0 1706825573
WALL 21209562 1 0 1706825574
WALL 21209562 1 0 1706825575
WALL 21209562 1 0 1706825576
WALL 21209562 1 0 1706825577
WALL 21209562 1 0 1706825578
WALL 21209562 1 0 1706825579
WALL 21209562 1 0 1706825580
WALL 21209562 1 0 1706825581
WALL 21209562 1 0 1706825582
WALL 21209562 1 0 1706825583
WALL 21209562 1 0 1706825584
WALL 21209562 1 0 1706825585
WALL 21209562 1 0 1706825586
WALL 21209562 1 0 1706825587
WALL 21209562 1 0 1706825588
WALL 21209562 1 0 1706825589
WALL 21209562 1 0 1706825590
WALL 21209562 1 0 1706825591
WALL 21209562 1 0 1706825592
WALL 21209562 1 0 1706825593
WALL 21209562 1 0 1706825594
WALL 21209562 1 0 1706825595
WALL 21209562 1 0 1706825596
WALL 21209562 1 0 1706825597
WALL 21209562 1 0 1706825598
WALL 21209562 1 0 1706825599
WALL 21209562 1 0 1706825600
WALL 21209562 1 0 1706825601
WALL 21209562 1 0 1706825602
WALL 21209562 1 0 1706825603
WALL 21209562 1 0 1706825604
WALL 21209562 1 0 1706825605
WALL 21209562 1 0 1706825606
WALL 21209562 1 0 1706825607
WALL 21209562 1 0 1706825608
WALL 21209562 1 0 1706825609
WALL 21209562 1 0 1706825610
WALL 21209562 1 0 1706825611
WALL 21209562 1 0 1706825612
WALL 21209562 1 0 1706825613
WALL 21209562 1 0 1706825614
WALL 21209562 1 0 1706825615
WALL 21209562 1 0 1706825616
WALL 21209562 1 0 1706825617
WALL 21209562 1 0 1706825618
WALL 21209562 1 0 1706825619
WALL 21209562 1 0 1706825620
WALL 21209562 1 0 1706825621
WALL 21209562 1 0 1706825622
WALL 21209562 1 0 1706825623
WALL 21209562 1 0 1706825624
WALL 21209562 1 0 1706825625
WALL 21209562 1 0 1706825626
WALL 21209562 1 0 1706825627
WALL 21209562 1 0 1706825628
WALL 21209562 1 0 1706825629
WALL 21209562 1 0 1706825630
WALL 21209562 1 0 1706825631
WALL 21209562 1 0 1706825632
WALL 21209562 1 0 1706825633
WALL 21209562 1 0 1706825634
WALL 21209562 1 0 1706825635
WALL 21209562 1 0 1706825636
WALL 21209562 1 0 1706825637
WALL 21209562 1 0 1706825638
WALL 21209562 1 0 1706825639
WALL 21209562 1 0 1706825640
WALL 21209562 1 0 1706825641
WALL 21209562 1 0 1706825642
WALL 21209562 1 0 1706825643
WALL 21209562 1 0 1706825644
slurmstepd: error: *** JOB 21209562 ON nid200000 CANCELLED AT 2024-02-01T22:14:04 DUE TO PREEMPTION ***
received SIGTERM 1706825644
WALL 21209562 1 0 1706825644
received SIGCONT 1706825644
WALL 21209562 1 0 1706825644
received SIGTERM 1706825644
WALL 21209562 1 0 1706825644
