WALL 21149496 1 0 1706737366
WALL 21149496 1 0 1706737367
WALL 21149496 1 0 1706737368
WALL 21149496 1 0 1706737369
WALL 21149496 1 0 1706737370
WALL 21149496 1 0 1706737371
WALL 21149496 1 0 1706737372
WALL 21149496 1 0 1706737373
WALL 21149496 1 0 1706737374
WALL 21149496 1 0 1706737375
WALL 21149496 1 0 1706737376
WALL 21149496 1 0 1706737377
WALL 21149496 1 0 1706737378
WALL 21149496 1 0 1706737379
WALL 21149496 1 0 1706737380
WALL 21149496 1 0 1706737381
WALL 21149496 1 0 1706737382
WALL 21149496 1 0 1706737383
WALL 21149496 1 0 1706737384
WALL 21149496 1 0 1706737385
WALL 21149496 1 0 1706737386
WALL 21149496 1 0 1706737387
WALL 21149496 1 0 1706737388
WALL 21149496 1 0 1706737389
WALL 21149496 1 0 1706737390
WALL 21149496 1 0 1706737391
WALL 21149496 1 0 1706737392
WALL 21149496 1 0 1706737393
WALL 21149496 1 0 1706737394
WALL 21149496 1 0 1706737395
WALL 21149496 1 0 1706737396
WALL 21149496 1 0 1706737397
WALL 21149496 1 0 1706737398
WALL 21149496 1 0 1706737399
WALL 21149496 1 0 1706737400
WALL 21149496 1 0 1706737401
WALL 21149496 1 0 1706737402
WALL 21149496 1 0 1706737403
WALL 21149496 1 0 1706737404
WALL 21149496 1 0 1706737405
WALL 21149496 1 0 1706737406
WALL 21149496 1 0 1706737407
WALL 21149496 1 0 1706737408
WALL 21149496 1 0 1706737409
WALL 21149496 1 0 1706737410
WALL 21149496 1 0 1706737411
WALL 21149496 1 0 1706737412
WALL 21149496 1 0 1706737413
WALL 21149496 1 0 1706737414
WALL 21149496 1 0 1706737415
WALL 21149496 1 0 1706737416
WALL 21149496 1 0 1706737417
WALL 21149496 1 0 1706737418
WALL 21149496 1 0 1706737419
WALL 21149496 1 0 1706737420
WALL 21149496 1 0 1706737421
WALL 21149496 1 0 1706737422
WALL 21149496 1 0 1706737423
WALL 21149496 1 0 1706737424
WALL 21149496 1 0 1706737425
WALL 21149496 1 0 1706737426
WALL 21149496 1 0 1706737427
WALL 21149496 1 0 1706737428
WALL 21149496 1 0 1706737429
WALL 21149496 1 0 1706737430
WALL 21149496 1 0 1706737431
WALL 21149496 1 0 1706737432
WALL 21149496 1 0 1706737433
WALL 21149496 1 0 1706737434
WALL 21149496 1 0 1706737435
WALL 21149496 1 0 1706737436
WALL 21149496 1 0 1706737437
WALL 21149496 1 0 1706737438
WALL 21149496 1 0 1706737439
WALL 21149496 1 0 1706737440
WALL 21149496 1 0 1706737441
WALL 21149496 1 0 1706737442
WALL 21149496 1 0 1706737443
WALL 21149496 1 0 1706737444
WALL 21149496 1 0 1706737445
WALL 21149496 1 0 1706737446
WALL 21149496 1 0 1706737447
WALL 21149496 1 0 1706737448
WALL 21149496 1 0 1706737449
WALL 21149496 1 0 1706737450
WALL 21149496 1 0 1706737451
WALL 21149496 1 0 1706737452
WALL 21149496 1 0 1706737453
WALL 21149496 1 0 1706737454
WALL 21149496 1 0 1706737455
WALL 21149496 1 0 1706737456
WALL 21149496 1 0 1706737457
WALL 21149496 1 0 1706737458
WALL 21149496 1 0 1706737459
WALL 21149496 1 0 1706737460
WALL 21149496 1 0 1706737461
WALL 21149496 1 0 1706737462
WALL 21149496 1 0 1706737463
WALL 21149496 1 0 1706737464
WALL 21149496 1 0 1706737465
WALL 21149496 1 0 1706737466
WALL 21149496 1 0 1706737467
WALL 21149496 1 0 1706737468
WALL 21149496 1 0 1706737469
WALL 21149496 1 0 1706737470
WALL 21149496 1 0 1706737471
WALL 21149496 1 0 1706737472
WALL 21149496 1 0 1706737473
WALL 21149496 1 0 1706737474
WALL 21149496 1 0 1706737475
WALL 21149496 1 0 1706737476
WALL 21149496 1 0 1706737477
WALL 21149496 1 0 1706737478
WALL 21149496 1 0 1706737479
WALL 21149496 1 0 1706737480
WALL 21149496 1 0 1706737481
WALL 21149496 1 0 1706737482
WALL 21149496 1 0 1706737483
WALL 21149496 1 0 1706737484
WALL 21149496 1 0 1706737485
WALL 21149496 1 0 1706737486
WALL 21149496 1 0 1706737487
WALL 21149496 1 0 1706737488
WALL 21149496 1 0 1706737489
WALL 21149496 1 0 1706737490
WALL 21149496 1 0 1706737491
WALL 21149496 1 0 1706737492
WALL 21149496 1 0 1706737493
WALL 21149496 1 0 1706737494
WALL 21149496 1 0 1706737495
WALL 21149496 1 0 1706737496
WALL 21149496 1 0 1706737497
WALL 21149496 1 0 1706737498
WALL 21149496 1 0 1706737499
WALL 21149496 1 0 1706737500
WALL 21149496 1 0 1706737501
WALL 21149496 1 0 1706737502
WALL 21149496 1 0 1706737503
WALL 21149496 1 0 1706737504
WALL 21149496 1 0 1706737505
WALL 21149496 1 0 1706737506
WALL 21149496 1 0 1706737507
WALL 21149496 1 0 1706737508
WALL 21149496 1 0 1706737509
WALL 21149496 1 0 1706737510
WALL 21149496 1 0 1706737511
WALL 21149496 1 0 1706737512
WALL 21149496 1 0 1706737513
WALL 21149496 1 0 1706737514
WALL 21149496 1 0 1706737515
WALL 21149496 1 0 1706737516
WALL 21149496 1 0 1706737517
WALL 21149496 1 0 1706737518
WALL 21149496 1 0 1706737519
WALL 21149496 1 0 1706737520
WALL 21149496 1 0 1706737521
WALL 21149496 1 0 1706737522
WALL 21149496 1 0 1706737523
WALL 21149496 1 0 1706737524
WALL 21149496 1 0 1706737525
WALL 21149496 1 0 1706737526
WALL 21149496 1 0 1706737527
WALL 21149496 1 0 1706737528
WALL 21149496 1 0 1706737529
WALL 21149496 1 0 1706737530
WALL 21149496 1 0 1706737531
WALL 21149496 1 0 1706737532
WALL 21149496 1 0 1706737533
WALL 21149496 1 0 1706737534
WALL 21149496 1 0 1706737535
WALL 21149496 1 0 1706737536
WALL 21149496 1 0 1706737537
WALL 21149496 1 0 1706737538
WALL 21149496 1 0 1706737539
WALL 21149496 1 0 1706737540
WALL 21149496 1 0 1706737541
WALL 21149496 1 0 1706737542
WALL 21149496 1 0 1706737543
WALL 21149496 1 0 1706737544
WALL 21149496 1 0 1706737545
WALL 21149496 1 0 1706737546
WALL 21149496 1 0 1706737547
WALL 21149496 1 0 1706737548
WALL 21149496 1 0 1706737549
WALL 21149496 1 0 1706737550
WALL 21149496 1 0 1706737551
WALL 21149496 1 0 1706737552
WALL 21149496 1 0 1706737553
WALL 21149496 1 0 1706737554
WALL 21149496 1 0 1706737555
WALL 21149496 1 0 1706737556
WALL 21149496 1 0 1706737557
WALL 21149496 1 0 1706737558
WALL 21149496 1 0 1706737559
WALL 21149496 1 0 1706737560
WALL 21149496 1 0 1706737561
WALL 21149496 1 0 1706737562
WALL 21149496 1 0 1706737563
WALL 21149496 1 0 1706737564
WALL 21149496 1 0 1706737565
WALL 21149496 1 0 1706737566
WALL 21149496 1 0 1706737567
WALL 21149496 1 0 1706737568
WALL 21149496 1 0 1706737569
WALL 21149496 1 0 1706737570
WALL 21149496 1 0 1706737571
WALL 21149496 1 0 1706737572
WALL 21149496 1 0 1706737573
WALL 21149496 1 0 1706737574
WALL 21149496 1 0 1706737575
WALL 21149496 1 0 1706737576
WALL 21149496 1 0 1706737577
WALL 21149496 1 0 1706737578
WALL 21149496 1 0 1706737579
WALL 21149496 1 0 1706737580
WALL 21149496 1 0 1706737581
WALL 21149496 1 0 1706737582
WALL 21149496 1 0 1706737583
WALL 21149496 1 0 1706737584
WALL 21149496 1 0 1706737585
WALL 21149496 1 0 1706737586
WALL 21149496 1 0 1706737587
WALL 21149496 1 0 1706737588
WALL 21149496 1 0 1706737589
WALL 21149496 1 0 1706737590
WALL 21149496 1 0 1706737591
WALL 21149496 1 0 1706737592
WALL 21149496 1 0 1706737593
WALL 21149496 1 0 1706737594
WALL 21149496 1 0 1706737595
WALL 21149496 1 0 1706737596
WALL 21149496 1 0 1706737597
WALL 21149496 1 0 1706737598
WALL 21149496 1 0 1706737599
WALL 21149496 1 0 1706737600
WALL 21149496 1 0 1706737601
WALL 21149496 1 0 1706737602
WALL 21149496 1 0 1706737603
WALL 21149496 1 0 1706737604
WALL 21149496 1 0 1706737605
WALL 21149496 1 0 1706737606
WALL 21149496 1 0 1706737607
WALL 21149496 1 0 1706737608
WALL 21149496 1 0 1706737609
WALL 21149496 1 0 1706737610
WALL 21149496 1 0 1706737611
WALL 21149496 1 0 1706737612
WALL 21149496 1 0 1706737613
WALL 21149496 1 0 1706737614
WALL 21149496 1 0 1706737615
WALL 21149496 1 0 1706737616
WALL 21149496 1 0 1706737617
WALL 21149496 1 0 1706737618
WALL 21149496 1 0 1706737619
WALL 21149496 1 0 1706737620
WALL 21149496 1 0 1706737621
WALL 21149496 1 0 1706737622
WALL 21149496 1 0 1706737623
WALL 21149496 1 0 1706737624
WALL 21149496 1 0 1706737625
WALL 21149496 1 0 1706737626
WALL 21149496 1 0 1706737627
WALL 21149496 1 0 1706737628
WALL 21149496 1 0 1706737629
WALL 21149496 1 0 1706737630
WALL 21149496 1 0 1706737631
WALL 21149496 1 0 1706737632
WALL 21149496 1 0 1706737633
WALL 21149496 1 0 1706737634
WALL 21149496 1 0 1706737635
WALL 21149496 1 0 1706737636
WALL 21149496 1 0 1706737637
WALL 21149496 1 0 1706737638
WALL 21149496 1 0 1706737639
WALL 21149496 1 0 1706737640
WALL 21149496 1 0 1706737641
WALL 21149496 1 0 1706737642
WALL 21149496 1 0 1706737643
WALL 21149496 1 0 1706737644
WALL 21149496 1 0 1706737645
WALL 21149496 1 0 1706737646
WALL 21149496 1 0 1706737647
WALL 21149496 1 0 1706737648
WALL 21149496 1 0 1706737649
WALL 21149496 1 0 1706737650
WALL 21149496 1 0 1706737651
WALL 21149496 1 0 1706737652
WALL 21149496 1 0 1706737653
WALL 21149496 1 0 1706737654
WALL 21149496 1 0 1706737655
WALL 21149496 1 0 1706737656
WALL 21149496 1 0 1706737657
WALL 21149496 1 0 1706737658
WALL 21149496 1 0 1706737659
WALL 21149496 1 0 1706737660
WALL 21149496 1 0 1706737661
WALL 21149496 1 0 1706737662
WALL 21149496 1 0 1706737663
WALL 21149496 1 0 1706737664
WALL 21149496 1 0 1706737665
WALL 21149496 1 0 1706737666
WALL 21149496 1 0 1706737667
WALL 21149496 1 0 1706737668
WALL 21149496 1 0 1706737669
WALL 21149496 1 0 1706737670
WALL 21149496 1 0 1706737671
WALL 21149496 1 0 1706737672
WALL 21149496 1 0 1706737673
WALL 21149496 1 0 1706737674
WALL 21149496 1 0 1706737675
WALL 21149496 1 0 1706737676
WALL 21149496 1 0 1706737677
WALL 21149496 1 0 1706737678
WALL 21149496 1 0 1706737679
WALL 21149496 1 0 1706737680
WALL 21149496 1 0 1706737681
WALL 21149496 1 0 1706737682
WALL 21149496 1 0 1706737683
WALL 21149496 1 0 1706737684
WALL 21149496 1 0 1706737685
WALL 21149496 1 0 1706737686
WALL 21149496 1 0 1706737687
WALL 21149496 1 0 1706737688
WALL 21149496 1 0 1706737689
WALL 21149496 1 0 1706737690
WALL 21149496 1 0 1706737691
WALL 21149496 1 0 1706737692
WALL 21149496 1 0 1706737693
WALL 21149496 1 0 1706737694
WALL 21149496 1 0 1706737695
WALL 21149496 1 0 1706737696
WALL 21149496 1 0 1706737697
WALL 21149496 1 0 1706737698
WALL 21149496 1 0 1706737699
WALL 21149496 1 0 1706737700
WALL 21149496 1 0 1706737701
WALL 21149496 1 0 1706737702
WALL 21149496 1 0 1706737703
WALL 21149496 1 0 1706737704
WALL 21149496 1 0 1706737705
WALL 21149496 1 0 1706737706
WALL 21149496 1 0 1706737707
WALL 21149496 1 0 1706737708
WALL 21149496 1 0 1706737709
WALL 21149496 1 0 1706737710
WALL 21149496 1 0 1706737711
WALL 21149496 1 0 1706737712
WALL 21149496 1 0 1706737713
WALL 21149496 1 0 1706737714
WALL 21149496 1 0 1706737715
WALL 21149496 1 0 1706737716
WALL 21149496 1 0 1706737717
WALL 21149496 1 0 1706737718
WALL 21149496 1 0 1706737719
WALL 21149496 1 0 1706737720
WALL 21149496 1 0 1706737721
WALL 21149496 1 0 1706737722
WALL 21149496 1 0 1706737723
WALL 21149496 1 0 1706737724
WALL 21149496 1 0 1706737725
WALL 21149496 1 0 1706737726
WALL 21149496 1 0 1706737727
WALL 21149496 1 0 1706737728
WALL 21149496 1 0 1706737729
WALL 21149496 1 0 1706737730
WALL 21149496 1 0 1706737731
WALL 21149496 1 0 1706737732
WALL 21149496 1 0 1706737733
WALL 21149496 1 0 1706737734
WALL 21149496 1 0 1706737735
WALL 21149496 1 0 1706737736
WALL 21149496 1 0 1706737737
WALL 21149496 1 0 1706737738
WALL 21149496 1 0 1706737739
WALL 21149496 1 0 1706737740
WALL 21149496 1 0 1706737741
WALL 21149496 1 0 1706737742
WALL 21149496 1 0 1706737743
WALL 21149496 1 0 1706737744
WALL 21149496 1 0 1706737745
WALL 21149496 1 0 1706737746
WALL 21149496 1 0 1706737747
WALL 21149496 1 0 1706737748
WALL 21149496 1 0 1706737749
WALL 21149496 1 0 1706737750
WALL 21149496 1 0 1706737751
WALL 21149496 1 0 1706737752
WALL 21149496 1 0 1706737753
WALL 21149496 1 0 1706737754
WALL 21149496 1 0 1706737755
WALL 21149496 1 0 1706737756
WALL 21149496 1 0 1706737757
WALL 21149496 1 0 1706737758
WALL 21149496 1 0 1706737759
WALL 21149496 1 0 1706737760
WALL 21149496 1 0 1706737761
WALL 21149496 1 0 1706737762
WALL 21149496 1 0 1706737763
WALL 21149496 1 0 1706737764
WALL 21149496 1 0 1706737765
WALL 21149496 1 0 1706737766
WALL 21149496 1 0 1706737767
WALL 21149496 1 0 1706737768
WALL 21149496 1 0 1706737769
WALL 21149496 1 0 1706737770
WALL 21149496 1 0 1706737771
WALL 21149496 1 0 1706737772
WALL 21149496 1 0 1706737773
WALL 21149496 1 0 1706737774
WALL 21149496 1 0 1706737775
WALL 21149496 1 0 1706737776
WALL 21149496 1 0 1706737777
WALL 21149496 1 0 1706737778
WALL 21149496 1 0 1706737779
WALL 21149496 1 0 1706737780
WALL 21149496 1 0 1706737781
WALL 21149496 1 0 1706737782
WALL 21149496 1 0 1706737783
WALL 21149496 1 0 1706737784
WALL 21149496 1 0 1706737785
WALL 21149496 1 0 1706737786
WALL 21149496 1 0 1706737787
WALL 21149496 1 0 1706737788
WALL 21149496 1 0 1706737789
WALL 21149496 1 0 1706737790
WALL 21149496 1 0 1706737791
WALL 21149496 1 0 1706737792
WALL 21149496 1 0 1706737793
WALL 21149496 1 0 1706737794
WALL 21149496 1 0 1706737795
WALL 21149496 1 0 1706737796
WALL 21149496 1 0 1706737797
WALL 21149496 1 0 1706737798
WALL 21149496 1 0 1706737799
WALL 21149496 1 0 1706737800
WALL 21149496 1 0 1706737801
WALL 21149496 1 0 1706737802
WALL 21149496 1 0 1706737803
WALL 21149496 1 0 1706737804
WALL 21149496 1 0 1706737805
WALL 21149496 1 0 1706737806
WALL 21149496 1 0 1706737807
WALL 21149496 1 0 1706737808
WALL 21149496 1 0 1706737809
WALL 21149496 1 0 1706737810
WALL 21149496 1 0 1706737811
WALL 21149496 1 0 1706737812
WALL 21149496 1 0 1706737813
WALL 21149496 1 0 1706737814
WALL 21149496 1 0 1706737815
WALL 21149496 1 0 1706737816
WALL 21149496 1 0 1706737817
WALL 21149496 1 0 1706737818
WALL 21149496 1 0 1706737819
WALL 21149496 1 0 1706737820
WALL 21149496 1 0 1706737821
WALL 21149496 1 0 1706737822
WALL 21149496 1 0 1706737823
WALL 21149496 1 0 1706737824
WALL 21149496 1 0 1706737825
WALL 21149496 1 0 1706737826
WALL 21149496 1 0 1706737827
WALL 21149496 1 0 1706737828
WALL 21149496 1 0 1706737829
WALL 21149496 1 0 1706737830
WALL 21149496 1 0 1706737831
WALL 21149496 1 0 1706737832
WALL 21149496 1 0 1706737833
WALL 21149496 1 0 1706737834
WALL 21149496 1 0 1706737835
WALL 21149496 1 0 1706737836
WALL 21149496 1 0 1706737837
WALL 21149496 1 0 1706737838
WALL 21149496 1 0 1706737839
WALL 21149496 1 0 1706737840
WALL 21149496 1 0 1706737841
WALL 21149496 1 0 1706737842
WALL 21149496 1 0 1706737843
WALL 21149496 1 0 1706737844
WALL 21149496 1 0 1706737845
WALL 21149496 1 0 1706737846
WALL 21149496 1 0 1706737847
WALL 21149496 1 0 1706737848
WALL 21149496 1 0 1706737849
WALL 21149496 1 0 1706737850
WALL 21149496 1 0 1706737851
WALL 21149496 1 0 1706737852
WALL 21149496 1 0 1706737853
WALL 21149496 1 0 1706737854
WALL 21149496 1 0 1706737855
WALL 21149496 1 0 1706737856
WALL 21149496 1 0 1706737857
WALL 21149496 1 0 1706737858
WALL 21149496 1 0 1706737859
WALL 21149496 1 0 1706737860
WALL 21149496 1 0 1706737861
WALL 21149496 1 0 1706737862
WALL 21149496 1 0 1706737863
WALL 21149496 1 0 1706737864
WALL 21149496 1 0 1706737865
WALL 21149496 1 0 1706737866
WALL 21149496 1 0 1706737867
WALL 21149496 1 0 1706737868
WALL 21149496 1 0 1706737869
WALL 21149496 1 0 1706737870
WALL 21149496 1 0 1706737871
WALL 21149496 1 0 1706737872
WALL 21149496 1 0 1706737873
WALL 21149496 1 0 1706737874
WALL 21149496 1 0 1706737875
WALL 21149496 1 0 1706737876
WALL 21149496 1 0 1706737877
WALL 21149496 1 0 1706737878
WALL 21149496 1 0 1706737879
WALL 21149496 1 0 1706737880
WALL 21149496 1 0 1706737881
WALL 21149496 1 0 1706737882
WALL 21149496 1 0 1706737883
WALL 21149496 1 0 1706737884
WALL 21149496 1 0 1706737885
WALL 21149496 1 0 1706737886
WALL 21149496 1 0 1706737887
WALL 21149496 1 0 1706737888
WALL 21149496 1 0 1706737889
WALL 21149496 1 0 1706737890
WALL 21149496 1 0 1706737891
WALL 21149496 1 0 1706737892
WALL 21149496 1 0 1706737893
WALL 21149496 1 0 1706737894
WALL 21149496 1 0 1706737895
WALL 21149496 1 0 1706737896
WALL 21149496 1 0 1706737897
WALL 21149496 1 0 1706737898
WALL 21149496 1 0 1706737899
WALL 21149496 1 0 1706737900
WALL 21149496 1 0 1706737901
WALL 21149496 1 0 1706737902
WALL 21149496 1 0 1706737903
WALL 21149496 1 0 1706737904
WALL 21149496 1 0 1706737905
WALL 21149496 1 0 1706737906
WALL 21149496 1 0 1706737907
WALL 21149496 1 0 1706737908
WALL 21149496 1 0 1706737909
WALL 21149496 1 0 1706737910
WALL 21149496 1 0 1706737911
WALL 21149496 1 0 1706737912
WALL 21149496 1 0 1706737913
WALL 21149496 1 0 1706737914
WALL 21149496 1 0 1706737915
WALL 21149496 1 0 1706737916
WALL 21149496 1 0 1706737917
WALL 21149496 1 0 1706737918
WALL 21149496 1 0 1706737919
WALL 21149496 1 0 1706737920
WALL 21149496 1 0 1706737921
WALL 21149496 1 0 1706737922
WALL 21149496 1 0 1706737923
WALL 21149496 1 0 1706737924
WALL 21149496 1 0 1706737925
WALL 21149496 1 0 1706737926
WALL 21149496 1 0 1706737927
WALL 21149496 1 0 1706737928
WALL 21149496 1 0 1706737929
WALL 21149496 1 0 1706737930
WALL 21149496 1 0 1706737931
WALL 21149496 1 0 1706737932
WALL 21149496 1 0 1706737933
WALL 21149496 1 0 1706737934
WALL 21149496 1 0 1706737935
WALL 21149496 1 0 1706737936
WALL 21149496 1 0 1706737937
WALL 21149496 1 0 1706737938
WALL 21149496 1 0 1706737939
WALL 21149496 1 0 1706737940
WALL 21149496 1 0 1706737941
WALL 21149496 1 0 1706737942
WALL 21149496 1 0 1706737943
WALL 21149496 1 0 1706737944
WALL 21149496 1 0 1706737945
WALL 21149496 1 0 1706737946
WALL 21149496 1 0 1706737947
WALL 21149496 1 0 1706737948
WALL 21149496 1 0 1706737949
WALL 21149496 1 0 1706737950
WALL 21149496 1 0 1706737951
WALL 21149496 1 0 1706737952
WALL 21149496 1 0 1706737953
WALL 21149496 1 0 1706737954
WALL 21149496 1 0 1706737955
WALL 21149496 1 0 1706737956
WALL 21149496 1 0 1706737957
WALL 21149496 1 0 1706737958
WALL 21149496 1 0 1706737959
WALL 21149496 1 0 1706737960
WALL 21149496 1 0 1706737961
WALL 21149496 1 0 1706737962
WALL 21149496 1 0 1706737963
WALL 21149496 1 0 1706737964
WALL 21149496 1 0 1706737965
WALL 21149496 1 0 1706737966
WALL 21149496 1 0 1706737967
WALL 21149496 1 0 1706737968
WALL 21149496 1 0 1706737969
WALL 21149496 1 0 1706737970
WALL 21149496 1 0 1706737971
WALL 21149496 1 0 1706737972
WALL 21149496 1 0 1706737973
WALL 21149496 1 0 1706737974
WALL 21149496 1 0 1706737975
WALL 21149496 1 0 1706737976
WALL 21149496 1 0 1706737977
WALL 21149496 1 0 1706737978
WALL 21149496 1 0 1706737979
WALL 21149496 1 0 1706737980
WALL 21149496 1 0 1706737981
WALL 21149496 1 0 1706737982
WALL 21149496 1 0 1706737983
WALL 21149496 1 0 1706737984
WALL 21149496 1 0 1706737985
WALL 21149496 1 0 1706737986
WALL 21149496 1 0 1706737987
WALL 21149496 1 0 1706737988
WALL 21149496 1 0 1706737989
WALL 21149496 1 0 1706737990
WALL 21149496 1 0 1706737991
WALL 21149496 1 0 1706737992
WALL 21149496 1 0 1706737993
WALL 21149496 1 0 1706737994
WALL 21149496 1 0 1706737995
WALL 21149496 1 0 1706737996
WALL 21149496 1 0 1706737997
WALL 21149496 1 0 1706737998
WALL 21149496 1 0 1706737999
WALL 21149496 1 0 1706738000
WALL 21149496 1 0 1706738001
WALL 21149496 1 0 1706738002
WALL 21149496 1 0 1706738003
WALL 21149496 1 0 1706738004
WALL 21149496 1 0 1706738005
WALL 21149496 1 0 1706738006
WALL 21149496 1 0 1706738007
WALL 21149496 1 0 1706738008
WALL 21149496 1 0 1706738009
WALL 21149496 1 0 1706738010
WALL 21149496 1 0 1706738011
WALL 21149496 1 0 1706738012
WALL 21149496 1 0 1706738013
WALL 21149496 1 0 1706738014
WALL 21149496 1 0 1706738015
WALL 21149496 1 0 1706738016
WALL 21149496 1 0 1706738017
WALL 21149496 1 0 1706738018
WALL 21149496 1 0 1706738019
WALL 21149496 1 0 1706738020
WALL 21149496 1 0 1706738021
WALL 21149496 1 0 1706738022
WALL 21149496 1 0 1706738023
WALL 21149496 1 0 1706738024
WALL 21149496 1 0 1706738025
WALL 21149496 1 0 1706738026
WALL 21149496 1 0 1706738027
WALL 21149496 1 0 1706738028
WALL 21149496 1 0 1706738029
WALL 21149496 1 0 1706738030
WALL 21149496 1 0 1706738031
WALL 21149496 1 0 1706738032
WALL 21149496 1 0 1706738033
WALL 21149496 1 0 1706738034
WALL 21149496 1 0 1706738035
WALL 21149496 1 0 1706738036
WALL 21149496 1 0 1706738037
WALL 21149496 1 0 1706738038
WALL 21149496 1 0 1706738039
WALL 21149496 1 0 1706738040
WALL 21149496 1 0 1706738041
WALL 21149496 1 0 1706738042
WALL 21149496 1 0 1706738043
WALL 21149496 1 0 1706738044
WALL 21149496 1 0 1706738045
WALL 21149496 1 0 1706738046
WALL 21149496 1 0 1706738047
WALL 21149496 1 0 1706738048
WALL 21149496 1 0 1706738049
WALL 21149496 1 0 1706738050
WALL 21149496 1 0 1706738051
WALL 21149496 1 0 1706738052
WALL 21149496 1 0 1706738053
WALL 21149496 1 0 1706738054
WALL 21149496 1 0 1706738055
WALL 21149496 1 0 1706738056
WALL 21149496 1 0 1706738057
WALL 21149496 1 0 1706738058
WALL 21149496 1 0 1706738059
WALL 21149496 1 0 1706738060
WALL 21149496 1 0 1706738061
WALL 21149496 1 0 1706738062
WALL 21149496 1 0 1706738063
WALL 21149496 1 0 1706738064
WALL 21149496 1 0 1706738065
WALL 21149496 1 0 1706738066
WALL 21149496 1 0 1706738067
WALL 21149496 1 0 1706738068
WALL 21149496 1 0 1706738069
WALL 21149496 1 0 1706738070
WALL 21149496 1 0 1706738071
WALL 21149496 1 0 1706738072
WALL 21149496 1 0 1706738073
WALL 21149496 1 0 1706738074
WALL 21149496 1 0 1706738075
WALL 21149496 1 0 1706738076
WALL 21149496 1 0 1706738077
WALL 21149496 1 0 1706738078
WALL 21149496 1 0 1706738079
WALL 21149496 1 0 1706738080
WALL 21149496 1 0 1706738081
WALL 21149496 1 0 1706738082
WALL 21149496 1 0 1706738083
WALL 21149496 1 0 1706738084
WALL 21149496 1 0 1706738085
WALL 21149496 1 0 1706738086
WALL 21149496 1 0 1706738087
WALL 21149496 1 0 1706738088
WALL 21149496 1 0 1706738089
WALL 21149496 1 0 1706738090
WALL 21149496 1 0 1706738091
WALL 21149496 1 0 1706738092
WALL 21149496 1 0 1706738093
WALL 21149496 1 0 1706738094
WALL 21149496 1 0 1706738095
WALL 21149496 1 0 1706738096
WALL 21149496 1 0 1706738097
WALL 21149496 1 0 1706738098
WALL 21149496 1 0 1706738099
WALL 21149496 1 0 1706738100
WALL 21149496 1 0 1706738101
WALL 21149496 1 0 1706738102
WALL 21149496 1 0 1706738103
WALL 21149496 1 0 1706738104
WALL 21149496 1 0 1706738105
WALL 21149496 1 0 1706738106
WALL 21149496 1 0 1706738107
WALL 21149496 1 0 1706738108
WALL 21149496 1 0 1706738109
WALL 21149496 1 0 1706738110
WALL 21149496 1 0 1706738111
WALL 21149496 1 0 1706738112
WALL 21149496 1 0 1706738113
WALL 21149496 1 0 1706738114
WALL 21149496 1 0 1706738115
WALL 21149496 1 0 1706738116
WALL 21149496 1 0 1706738117
WALL 21149496 1 0 1706738118
WALL 21149496 1 0 1706738119
WALL 21149496 1 0 1706738120
WALL 21149496 1 0 1706738121
WALL 21149496 1 0 1706738122
WALL 21149496 1 0 1706738123
WALL 21149496 1 0 1706738124
WALL 21149496 1 0 1706738125
WALL 21149496 1 0 1706738126
WALL 21149496 1 0 1706738127
WALL 21149496 1 0 1706738128
WALL 21149496 1 0 1706738129
WALL 21149496 1 0 1706738130
WALL 21149496 1 0 1706738131
WALL 21149496 1 0 1706738132
WALL 21149496 1 0 1706738133
WALL 21149496 1 0 1706738134
WALL 21149496 1 0 1706738135
WALL 21149496 1 0 1706738136
WALL 21149496 1 0 1706738137
WALL 21149496 1 0 1706738138
WALL 21149496 1 0 1706738139
WALL 21149496 1 0 1706738140
WALL 21149496 1 0 1706738141
WALL 21149496 1 0 1706738142
WALL 21149496 1 0 1706738143
WALL 21149496 1 0 1706738144
WALL 21149496 1 0 1706738145
WALL 21149496 1 0 1706738146
WALL 21149496 1 0 1706738147
WALL 21149496 1 0 1706738148
WALL 21149496 1 0 1706738149
WALL 21149496 1 0 1706738150
WALL 21149496 1 0 1706738151
WALL 21149496 1 0 1706738152
WALL 21149496 1 0 1706738153
WALL 21149496 1 0 1706738154
WALL 21149496 1 0 1706738155
WALL 21149496 1 0 1706738156
WALL 21149496 1 0 1706738157
WALL 21149496 1 0 1706738158
WALL 21149496 1 0 1706738159
WALL 21149496 1 0 1706738160
WALL 21149496 1 0 1706738161
WALL 21149496 1 0 1706738162
WALL 21149496 1 0 1706738163
WALL 21149496 1 0 1706738164
WALL 21149496 1 0 1706738165
WALL 21149496 1 0 1706738166
WALL 21149496 1 0 1706738167
WALL 21149496 1 0 1706738168
WALL 21149496 1 0 1706738169
WALL 21149496 1 0 1706738170
WALL 21149496 1 0 1706738171
WALL 21149496 1 0 1706738172
WALL 21149496 1 0 1706738173
WALL 21149496 1 0 1706738174
WALL 21149496 1 0 1706738175
WALL 21149496 1 0 1706738176
WALL 21149496 1 0 1706738177
WALL 21149496 1 0 1706738178
WALL 21149496 1 0 1706738179
WALL 21149496 1 0 1706738180
WALL 21149496 1 0 1706738181
WALL 21149496 1 0 1706738182
WALL 21149496 1 0 1706738183
WALL 21149496 1 0 1706738184
WALL 21149496 1 0 1706738185
WALL 21149496 1 0 1706738186
WALL 21149496 1 0 1706738187
WALL 21149496 1 0 1706738188
WALL 21149496 1 0 1706738189
WALL 21149496 1 0 1706738190
WALL 21149496 1 0 1706738191
WALL 21149496 1 0 1706738192
WALL 21149496 1 0 1706738193
WALL 21149496 1 0 1706738194
WALL 21149496 1 0 1706738195
WALL 21149496 1 0 1706738196
WALL 21149496 1 0 1706738197
WALL 21149496 1 0 1706738198
WALL 21149496 1 0 1706738199
WALL 21149496 1 0 1706738200
WALL 21149496 1 0 1706738201
WALL 21149496 1 0 1706738202
WALL 21149496 1 0 1706738203
WALL 21149496 1 0 1706738204
WALL 21149496 1 0 1706738205
WALL 21149496 1 0 1706738206
WALL 21149496 1 0 1706738207
WALL 21149496 1 0 1706738208
WALL 21149496 1 0 1706738209
WALL 21149496 1 0 1706738210
WALL 21149496 1 0 1706738211
WALL 21149496 1 0 1706738212
WALL 21149496 1 0 1706738213
WALL 21149496 1 0 1706738214
WALL 21149496 1 0 1706738215
WALL 21149496 1 0 1706738216
WALL 21149496 1 0 1706738217
WALL 21149496 1 0 1706738218
WALL 21149496 1 0 1706738219
WALL 21149496 1 0 1706738220
WALL 21149496 1 0 1706738221
WALL 21149496 1 0 1706738222
WALL 21149496 1 0 1706738223
WALL 21149496 1 0 1706738224
WALL 21149496 1 0 1706738225
WALL 21149496 1 0 1706738226
WALL 21149496 1 0 1706738227
WALL 21149496 1 0 1706738228
WALL 21149496 1 0 1706738229
WALL 21149496 1 0 1706738230
WALL 21149496 1 0 1706738231
WALL 21149496 1 0 1706738232
WALL 21149496 1 0 1706738233
WALL 21149496 1 0 1706738234
WALL 21149496 1 0 1706738235
WALL 21149496 1 0 1706738236
WALL 21149496 1 0 1706738237
WALL 21149496 1 0 1706738238
WALL 21149496 1 0 1706738239
WALL 21149496 1 0 1706738240
WALL 21149496 1 0 1706738241
WALL 21149496 1 0 1706738242
WALL 21149496 1 0 1706738243
WALL 21149496 1 0 1706738244
WALL 21149496 1 0 1706738245
WALL 21149496 1 0 1706738246
WALL 21149496 1 0 1706738247
WALL 21149496 1 0 1706738248
WALL 21149496 1 0 1706738249
WALL 21149496 1 0 1706738250
WALL 21149496 1 0 1706738251
WALL 21149496 1 0 1706738252
WALL 21149496 1 0 1706738253
WALL 21149496 1 0 1706738254
WALL 21149496 1 0 1706738255
WALL 21149496 1 0 1706738256
WALL 21149496 1 0 1706738257
WALL 21149496 1 0 1706738258
WALL 21149496 1 0 1706738259
WALL 21149496 1 0 1706738260
WALL 21149496 1 0 1706738261
WALL 21149496 1 0 1706738262
WALL 21149496 1 0 1706738263
WALL 21149496 1 0 1706738264
WALL 21149496 1 0 1706738265
WALL 21149496 1 0 1706738266
WALL 21149496 1 0 1706738267
WALL 21149496 1 0 1706738268
WALL 21149496 1 0 1706738269
WALL 21149496 1 0 1706738270
WALL 21149496 1 0 1706738271
WALL 21149496 1 0 1706738272
WALL 21149496 1 0 1706738273
WALL 21149496 1 0 1706738274
WALL 21149496 1 0 1706738275
WALL 21149496 1 0 1706738276
WALL 21149496 1 0 1706738277
WALL 21149496 1 0 1706738278
WALL 21149496 1 0 1706738279
WALL 21149496 1 0 1706738280
WALL 21149496 1 0 1706738281
WALL 21149496 1 0 1706738282
WALL 21149496 1 0 1706738283
WALL 21149496 1 0 1706738284
WALL 21149496 1 0 1706738285
WALL 21149496 1 0 1706738286
WALL 21149496 1 0 1706738287
WALL 21149496 1 0 1706738288
WALL 21149496 1 0 1706738289
WALL 21149496 1 0 1706738290
WALL 21149496 1 0 1706738291
WALL 21149496 1 0 1706738292
WALL 21149496 1 0 1706738293
WALL 21149496 1 0 1706738294
WALL 21149496 1 0 1706738295
WALL 21149496 1 0 1706738296
WALL 21149496 1 0 1706738297
WALL 21149496 1 0 1706738298
WALL 21149496 1 0 1706738299
WALL 21149496 1 0 1706738300
WALL 21149496 1 0 1706738301
WALL 21149496 1 0 1706738302
WALL 21149496 1 0 1706738303
WALL 21149496 1 0 1706738304
WALL 21149496 1 0 1706738305
WALL 21149496 1 0 1706738306
WALL 21149496 1 0 1706738307
WALL 21149496 1 0 1706738308
WALL 21149496 1 0 1706738309
WALL 21149496 1 0 1706738310
WALL 21149496 1 0 1706738311
WALL 21149496 1 0 1706738312
WALL 21149496 1 0 1706738313
WALL 21149496 1 0 1706738314
WALL 21149496 1 0 1706738315
WALL 21149496 1 0 1706738316
WALL 21149496 1 0 1706738317
WALL 21149496 1 0 1706738318
WALL 21149496 1 0 1706738319
WALL 21149496 1 0 1706738320
WALL 21149496 1 0 1706738321
WALL 21149496 1 0 1706738322
WALL 21149496 1 0 1706738323
WALL 21149496 1 0 1706738324
slurmstepd: error: *** STEP 21149496.0 ON nid200021 CANCELLED AT 2024-01-31T21:58:45 ***
received SIGTERM 1706738325
WALL 21149496 1 0 1706738325
received SIGCONT 1706738325
WALL 21149496 1 0 1706738325
WALL 21149496 1 0 1706738326
WALL 21149496 1 0 1706738327
WALL 21149496 1 0 1706738328
WALL 21149496 1 0 1706738329
WALL 21149496 1 0 1706738330
WALL 21149496 1 0 1706738331
WALL 21149496 1 0 1706738332
WALL 21149496 1 0 1706738333
WALL 21149496 1 0 1706738334
WALL 21149496 1 0 1706738335
WALL 21149496 1 0 1706738336
WALL 21149496 1 0 1706738337
WALL 21149496 1 0 1706738338
WALL 21149496 1 0 1706738339
WALL 21149496 1 0 1706738340
WALL 21149496 1 0 1706738341
WALL 21149496 1 0 1706738342
WALL 21149496 1 0 1706738343
WALL 21149496 1 0 1706738344
WALL 21149496 1 0 1706738345
WALL 21149496 1 0 1706738346
WALL 21149496 1 0 1706738347
WALL 21149496 1 0 1706738348
WALL 21149496 1 0 1706738349
WALL 21149496 1 0 1706738350
WALL 21149496 1 0 1706738351
WALL 21149496 1 0 1706738352
WALL 21149496 1 0 1706738353
WALL 21149496 1 0 1706738354
WALL 21149496 1 0 1706738355
WALL 21149496 1 0 1706738356
WALL 21149496 1 0 1706738357
WALL 21149496 1 0 1706738358
WALL 21149496 1 0 1706738359
WALL 21149496 1 0 1706738360
WALL 21149496 1 0 1706738361
WALL 21149496 1 0 1706738362
WALL 21149496 1 0 1706738363
WALL 21149496 1 0 1706738364
WALL 21149496 1 0 1706738365
WALL 21149496 1 0 1706738366
WALL 21149496 1 0 1706738367
WALL 21149496 1 0 1706738368
WALL 21149496 1 0 1706738369
WALL 21149496 1 0 1706738370
WALL 21149496 1 0 1706738371
WALL 21149496 1 0 1706738372
WALL 21149496 1 0 1706738373
WALL 21149496 1 0 1706738374
WALL 21149496 1 0 1706738375
WALL 21149496 1 0 1706738376
WALL 21149496 1 0 1706738377
WALL 21149496 1 0 1706738378
WALL 21149496 1 0 1706738379
WALL 21149496 1 0 1706738380
WALL 21149496 1 0 1706738381
WALL 21149496 1 0 1706738382
WALL 21149496 1 0 1706738383
WALL 21149496 1 0 1706738384
slurmstepd: error: *** JOB 21149496 ON nid200021 CANCELLED AT 2024-01-31T21:59:45 DUE TO PREEMPTION ***
received SIGTERM 1706738385
WALL 21149496 1 0 1706738385
received SIGCONT 1706738385
WALL 21149496 1 0 1706738385
received SIGTERM 1706738385
WALL 21149496 1 0 1706738385
