WALL 21248924 1 0 1706919796
WALL 21248924 1 0 1706919797
WALL 21248924 1 0 1706919798
WALL 21248924 1 0 1706919799
WALL 21248924 1 0 1706919800
WALL 21248924 1 0 1706919801
WALL 21248924 1 0 1706919802
WALL 21248924 1 0 1706919803
WALL 21248924 1 0 1706919804
WALL 21248924 1 0 1706919805
WALL 21248924 1 0 1706919806
WALL 21248924 1 0 1706919807
WALL 21248924 1 0 1706919808
WALL 21248924 1 0 1706919809
WALL 21248924 1 0 1706919810
WALL 21248924 1 0 1706919811
WALL 21248924 1 0 1706919812
WALL 21248924 1 0 1706919813
WALL 21248924 1 0 1706919814
WALL 21248924 1 0 1706919815
WALL 21248924 1 0 1706919816
WALL 21248924 1 0 1706919817
WALL 21248924 1 0 1706919818
WALL 21248924 1 0 1706919819
WALL 21248924 1 0 1706919820
WALL 21248924 1 0 1706919821
WALL 21248924 1 0 1706919822
WALL 21248924 1 0 1706919823
WALL 21248924 1 0 1706919824
WALL 21248924 1 0 1706919825
WALL 21248924 1 0 1706919826
WALL 21248924 1 0 1706919827
WALL 21248924 1 0 1706919828
WALL 21248924 1 0 1706919829
WALL 21248924 1 0 1706919830
WALL 21248924 1 0 1706919831
WALL 21248924 1 0 1706919832
WALL 21248924 1 0 1706919833
WALL 21248924 1 0 1706919834
WALL 21248924 1 0 1706919835
WALL 21248924 1 0 1706919836
slurmstepd: error: *** STEP 21248924.0 ON nid200041 CANCELLED AT 2024-02-03T00:23:57 ***
received SIGTERM 1706919837
WALL 21248924 1 0 1706919837
received SIGCONT 1706919837
WALL 21248924 1 0 1706919837
WALL 21248924 1 0 1706919838
WALL 21248924 1 0 1706919839
WALL 21248924 1 0 1706919840
WALL 21248924 1 0 1706919841
WALL 21248924 1 0 1706919842
WALL 21248924 1 0 1706919843
WALL 21248924 1 0 1706919844
WALL 21248924 1 0 1706919845
WALL 21248924 1 0 1706919846
WALL 21248924 1 0 1706919847
WALL 21248924 1 0 1706919848
WALL 21248924 1 0 1706919849
WALL 21248924 1 0 1706919850
WALL 21248924 1 0 1706919851
WALL 21248924 1 0 1706919852
WALL 21248924 1 0 1706919853
WALL 21248924 1 0 1706919854
WALL 21248924 1 0 1706919855
WALL 21248924 1 0 1706919856
WALL 21248924 1 0 1706919857
WALL 21248924 1 0 1706919858
WALL 21248924 1 0 1706919859
WALL 21248924 1 0 1706919860
WALL 21248924 1 0 1706919861
WALL 21248924 1 0 1706919862
WALL 21248924 1 0 1706919863
WALL 21248924 1 0 1706919864
WALL 21248924 1 0 1706919865
WALL 21248924 1 0 1706919866
WALL 21248924 1 0 1706919867
WALL 21248924 1 0 1706919868
WALL 21248924 1 0 1706919869
WALL 21248924 1 0 1706919870
WALL 21248924 1 0 1706919871
WALL 21248924 1 0 1706919872
WALL 21248924 1 0 1706919873
WALL 21248924 1 0 1706919874
WALL 21248924 1 0 1706919875
WALL 21248924 1 0 1706919876
WALL 21248924 1 0 1706919877
WALL 21248924 1 0 1706919878
WALL 21248924 1 0 1706919879
WALL 21248924 1 0 1706919880
WALL 21248924 1 0 1706919881
WALL 21248924 1 0 1706919882
WALL 21248924 1 0 1706919883
WALL 21248924 1 0 1706919884
WALL 21248924 1 0 1706919885
WALL 21248924 1 0 1706919886
WALL 21248924 1 0 1706919887
WALL 21248924 1 0 1706919888
WALL 21248924 1 0 1706919889
WALL 21248924 1 0 1706919890
WALL 21248924 1 0 1706919891
WALL 21248924 1 0 1706919892
WALL 21248924 1 0 1706919893
WALL 21248924 1 0 1706919894
WALL 21248924 1 0 1706919895
WALL 21248924 1 0 1706919896
WALL 21248924 1 0 1706919897
WALL 21248924 1 0 1706919898
WALL 21248924 1 0 1706919899
WALL 21248924 1 0 1706919900
WALL 21248924 1 0 1706919901
WALL 21248924 1 0 1706919902
WALL 21248924 1 0 1706919903
WALL 21248924 1 0 1706919904
WALL 21248924 1 0 1706919905
WALL 21248924 1 0 1706919906
WALL 21248924 1 0 1706919907
WALL 21248924 1 0 1706919908
WALL 21248924 1 0 1706919909
WALL 21248924 1 0 1706919910
WALL 21248924 1 0 1706919911
WALL 21248924 1 0 1706919912
WALL 21248924 1 0 1706919913
WALL 21248924 1 0 1706919914
WALL 21248924 1 0 1706919915
WALL 21248924 1 0 1706919916
WALL 21248924 1 0 1706919917
WALL 21248924 1 0 1706919918
WALL 21248924 1 0 1706919919
WALL 21248924 1 0 1706919920
WALL 21248924 1 0 1706919921
WALL 21248924 1 0 1706919922
WALL 21248924 1 0 1706919923
WALL 21248924 1 0 1706919924
WALL 21248924 1 0 1706919925
WALL 21248924 1 0 1706919926
WALL 21248924 1 0 1706919927
WALL 21248924 1 0 1706919928
WALL 21248924 1 0 1706919929
WALL 21248924 1 0 1706919930
WALL 21248924 1 0 1706919931
WALL 21248924 1 0 1706919932
WALL 21248924 1 0 1706919933
WALL 21248924 1 0 1706919934
WALL 21248924 1 0 1706919935
WALL 21248924 1 0 1706919936
WALL 21248924 1 0 1706919937
WALL 21248924 1 0 1706919938
WALL 21248924 1 0 1706919939
WALL 21248924 1 0 1706919940
WALL 21248924 1 0 1706919941
WALL 21248924 1 0 1706919942
WALL 21248924 1 0 1706919943
WALL 21248924 1 0 1706919944
WALL 21248924 1 0 1706919945
WALL 21248924 1 0 1706919946
WALL 21248924 1 0 1706919947
WALL 21248924 1 0 1706919948
WALL 21248924 1 0 1706919949
WALL 21248924 1 0 1706919950
WALL 21248924 1 0 1706919951
WALL 21248924 1 0 1706919952
WALL 21248924 1 0 1706919953
WALL 21248924 1 0 1706919954
WALL 21248924 1 0 1706919955
WALL 21248924 1 0 1706919956
WALL 21248924 1 0 1706919957
WALL 21248924 1 0 1706919958
WALL 21248924 1 0 1706919959
WALL 21248924 1 0 1706919960
WALL 21248924 1 0 1706919961
WALL 21248924 1 0 1706919962
slurmstepd: error: *** JOB 21248924 ON nid200041 CANCELLED AT 2024-02-03T00:26:03 DUE TO PREEMPTION ***
received SIGTERM 1706919963
WALL 21248924 1 0 1706919963
received SIGCONT 1706919963
WALL 21248924 1 0 1706919963
received SIGTERM 1706919963
WALL 21248924 1 0 1706919963
