WALL 21154230 1 0 1706743783
WALL 21154230 1 0 1706743784
WALL 21154230 1 0 1706743785
WALL 21154230 1 0 1706743786
WALL 21154230 1 0 1706743787
WALL 21154230 1 0 1706743788
WALL 21154230 1 0 1706743789
WALL 21154230 1 0 1706743790
WALL 21154230 1 0 1706743791
WALL 21154230 1 0 1706743792
WALL 21154230 1 0 1706743793
WALL 21154230 1 0 1706743794
WALL 21154230 1 0 1706743795
WALL 21154230 1 0 1706743796
WALL 21154230 1 0 1706743797
WALL 21154230 1 0 1706743798
WALL 21154230 1 0 1706743799
WALL 21154230 1 0 1706743800
WALL 21154230 1 0 1706743801
WALL 21154230 1 0 1706743802
WALL 21154230 1 0 1706743803
WALL 21154230 1 0 1706743804
WALL 21154230 1 0 1706743805
WALL 21154230 1 0 1706743806
WALL 21154230 1 0 1706743807
WALL 21154230 1 0 1706743808
WALL 21154230 1 0 1706743809
WALL 21154230 1 0 1706743810
WALL 21154230 1 0 1706743811
WALL 21154230 1 0 1706743812
WALL 21154230 1 0 1706743813
WALL 21154230 1 0 1706743814
WALL 21154230 1 0 1706743815
WALL 21154230 1 0 1706743816
WALL 21154230 1 0 1706743817
WALL 21154230 1 0 1706743818
slurmstepd: error: *** STEP 21154230.0 ON nid200026 CANCELLED AT 2024-01-31T23:30:18 ***
received SIGTERM 1706743818
WALL 21154230 1 0 1706743818
received SIGCONT 1706743818
WALL 21154230 1 0 1706743818
WALL 21154230 1 0 1706743819
WALL 21154230 1 0 1706743820
WALL 21154230 1 0 1706743821
WALL 21154230 1 0 1706743822
WALL 21154230 1 0 1706743823
WALL 21154230 1 0 1706743824
WALL 21154230 1 0 1706743825
WALL 21154230 1 0 1706743826
WALL 21154230 1 0 1706743827
WALL 21154230 1 0 1706743828
WALL 21154230 1 0 1706743829
WALL 21154230 1 0 1706743830
WALL 21154230 1 0 1706743831
WALL 21154230 1 0 1706743832
WALL 21154230 1 0 1706743833
WALL 21154230 1 0 1706743834
WALL 21154230 1 0 1706743835
WALL 21154230 1 0 1706743836
WALL 21154230 1 0 1706743837
WALL 21154230 1 0 1706743838
WALL 21154230 1 0 1706743839
WALL 21154230 1 0 1706743840
WALL 21154230 1 0 1706743841
WALL 21154230 1 0 1706743842
WALL 21154230 1 0 1706743843
WALL 21154230 1 0 1706743844
WALL 21154230 1 0 1706743845
WALL 21154230 1 0 1706743846
WALL 21154230 1 0 1706743847
WALL 21154230 1 0 1706743848
WALL 21154230 1 0 1706743849
WALL 21154230 1 0 1706743850
WALL 21154230 1 0 1706743851
WALL 21154230 1 0 1706743852
WALL 21154230 1 0 1706743853
WALL 21154230 1 0 1706743854
WALL 21154230 1 0 1706743855
WALL 21154230 1 0 1706743856
WALL 21154230 1 0 1706743857
WALL 21154230 1 0 1706743858
WALL 21154230 1 0 1706743859
WALL 21154230 1 0 1706743860
WALL 21154230 1 0 1706743861
WALL 21154230 1 0 1706743862
WALL 21154230 1 0 1706743863
WALL 21154230 1 0 1706743864
WALL 21154230 1 0 1706743865
WALL 21154230 1 0 1706743866
WALL 21154230 1 0 1706743867
WALL 21154230 1 0 1706743868
WALL 21154230 1 0 1706743869
WALL 21154230 1 0 1706743870
WALL 21154230 1 0 1706743871
WALL 21154230 1 0 1706743872
WALL 21154230 1 0 1706743873
WALL 21154230 1 0 1706743874
WALL 21154230 1 0 1706743875
WALL 21154230 1 0 1706743876
WALL 21154230 1 0 1706743877
WALL 21154230 1 0 1706743878
WALL 21154230 1 0 1706743879
WALL 21154230 1 0 1706743880
WALL 21154230 1 0 1706743881
WALL 21154230 1 0 1706743882
WALL 21154230 1 0 1706743883
WALL 21154230 1 0 1706743884
WALL 21154230 1 0 1706743885
WALL 21154230 1 0 1706743886
WALL 21154230 1 0 1706743887
WALL 21154230 1 0 1706743888
WALL 21154230 1 0 1706743889
slurmstepd: error: *** JOB 21154230 ON nid200026 CANCELLED AT 2024-01-31T23:31:30 DUE TO PREEMPTION ***
received SIGTERM 1706743890
WALL 21154230 1 0 1706743890
received SIGCONT 1706743890
WALL 21154230 1 0 1706743890
received SIGTERM 1706743890
WALL 21154230 1 0 1706743890
