WALL 21153737 1 0 1706743080
WALL 21153737 1 0 1706743081
WALL 21153737 1 0 1706743082
WALL 21153737 1 0 1706743083
WALL 21153737 1 0 1706743084
WALL 21153737 1 0 1706743085
WALL 21153737 1 0 1706743086
WALL 21153737 1 0 1706743087
WALL 21153737 1 0 1706743088
WALL 21153737 1 0 1706743089
WALL 21153737 1 0 1706743090
WALL 21153737 1 0 1706743091
WALL 21153737 1 0 1706743092
WALL 21153737 1 0 1706743093
WALL 21153737 1 0 1706743094
WALL 21153737 1 0 1706743095
WALL 21153737 1 0 1706743096
WALL 21153737 1 0 1706743097
WALL 21153737 1 0 1706743098
WALL 21153737 1 0 1706743099
WALL 21153737 1 0 1706743100
WALL 21153737 1 0 1706743101
WALL 21153737 1 0 1706743102
WALL 21153737 1 0 1706743103
WALL 21153737 1 0 1706743104
WALL 21153737 1 0 1706743105
WALL 21153737 1 0 1706743106
WALL 21153737 1 0 1706743107
WALL 21153737 1 0 1706743108
WALL 21153737 1 0 1706743109
WALL 21153737 1 0 1706743110
WALL 21153737 1 0 1706743111
WALL 21153737 1 0 1706743112
WALL 21153737 1 0 1706743113
WALL 21153737 1 0 1706743114
WALL 21153737 1 0 1706743115
WALL 21153737 1 0 1706743116
WALL 21153737 1 0 1706743117
WALL 21153737 1 0 1706743118
WALL 21153737 1 0 1706743119
WALL 21153737 1 0 1706743120
WALL 21153737 1 0 1706743121
WALL 21153737 1 0 1706743122
WALL 21153737 1 0 1706743123
WALL 21153737 1 0 1706743124
WALL 21153737 1 0 1706743125
WALL 21153737 1 0 1706743126
WALL 21153737 1 0 1706743127
WALL 21153737 1 0 1706743128
WALL 21153737 1 0 1706743129
WALL 21153737 1 0 1706743130
WALL 21153737 1 0 1706743131
WALL 21153737 1 0 1706743132
WALL 21153737 1 0 1706743133
WALL 21153737 1 0 1706743134
WALL 21153737 1 0 1706743135
WALL 21153737 1 0 1706743136
WALL 21153737 1 0 1706743137
WALL 21153737 1 0 1706743138
WALL 21153737 1 0 1706743139
WALL 21153737 1 0 1706743140
WALL 21153737 1 0 1706743141
WALL 21153737 1 0 1706743142
WALL 21153737 1 0 1706743143
WALL 21153737 1 0 1706743144
WALL 21153737 1 0 1706743145
WALL 21153737 1 0 1706743146
WALL 21153737 1 0 1706743147
WALL 21153737 1 0 1706743148
WALL 21153737 1 0 1706743149
WALL 21153737 1 0 1706743150
WALL 21153737 1 0 1706743151
WALL 21153737 1 0 1706743152
WALL 21153737 1 0 1706743153
WALL 21153737 1 0 1706743154
WALL 21153737 1 0 1706743155
WALL 21153737 1 0 1706743156
WALL 21153737 1 0 1706743157
WALL 21153737 1 0 1706743158
WALL 21153737 1 0 1706743159
WALL 21153737 1 0 1706743160
WALL 21153737 1 0 1706743161
WALL 21153737 1 0 1706743162
WALL 21153737 1 0 1706743163
WALL 21153737 1 0 1706743164
WALL 21153737 1 0 1706743165
WALL 21153737 1 0 1706743166
WALL 21153737 1 0 1706743167
WALL 21153737 1 0 1706743168
WALL 21153737 1 0 1706743169
WALL 21153737 1 0 1706743170
WALL 21153737 1 0 1706743171
WALL 21153737 1 0 1706743172
WALL 21153737 1 0 1706743173
WALL 21153737 1 0 1706743174
WALL 21153737 1 0 1706743175
WALL 21153737 1 0 1706743176
WALL 21153737 1 0 1706743177
WALL 21153737 1 0 1706743178
WALL 21153737 1 0 1706743179
WALL 21153737 1 0 1706743180
WALL 21153737 1 0 1706743181
WALL 21153737 1 0 1706743182
WALL 21153737 1 0 1706743183
WALL 21153737 1 0 1706743184
WALL 21153737 1 0 1706743185
WALL 21153737 1 0 1706743186
WALL 21153737 1 0 1706743187
WALL 21153737 1 0 1706743188
WALL 21153737 1 0 1706743189
WALL 21153737 1 0 1706743190
WALL 21153737 1 0 1706743191
WALL 21153737 1 0 1706743192
WALL 21153737 1 0 1706743193
WALL 21153737 1 0 1706743194
WALL 21153737 1 0 1706743195
WALL 21153737 1 0 1706743196
WALL 21153737 1 0 1706743197
WALL 21153737 1 0 1706743198
WALL 21153737 1 0 1706743199
WALL 21153737 1 0 1706743200
WALL 21153737 1 0 1706743201
WALL 21153737 1 0 1706743202
WALL 21153737 1 0 1706743203
WALL 21153737 1 0 1706743204
WALL 21153737 1 0 1706743205
WALL 21153737 1 0 1706743206
WALL 21153737 1 0 1706743207
WALL 21153737 1 0 1706743208
WALL 21153737 1 0 1706743209
WALL 21153737 1 0 1706743210
WALL 21153737 1 0 1706743211
WALL 21153737 1 0 1706743212
WALL 21153737 1 0 1706743213
WALL 21153737 1 0 1706743214
WALL 21153737 1 0 1706743215
WALL 21153737 1 0 1706743216
WALL 21153737 1 0 1706743217
WALL 21153737 1 0 1706743218
WALL 21153737 1 0 1706743219
WALL 21153737 1 0 1706743220
WALL 21153737 1 0 1706743221
WALL 21153737 1 0 1706743222
WALL 21153737 1 0 1706743223
WALL 21153737 1 0 1706743224
WALL 21153737 1 0 1706743225
WALL 21153737 1 0 1706743226
WALL 21153737 1 0 1706743227
WALL 21153737 1 0 1706743228
WALL 21153737 1 0 1706743229
WALL 21153737 1 0 1706743230
WALL 21153737 1 0 1706743231
WALL 21153737 1 0 1706743232
WALL 21153737 1 0 1706743233
WALL 21153737 1 0 1706743234
WALL 21153737 1 0 1706743235
WALL 21153737 1 0 1706743236
WALL 21153737 1 0 1706743237
WALL 21153737 1 0 1706743238
WALL 21153737 1 0 1706743239
WALL 21153737 1 0 1706743240
WALL 21153737 1 0 1706743241
WALL 21153737 1 0 1706743242
WALL 21153737 1 0 1706743243
WALL 21153737 1 0 1706743244
WALL 21153737 1 0 1706743245
WALL 21153737 1 0 1706743246
WALL 21153737 1 0 1706743247
WALL 21153737 1 0 1706743248
WALL 21153737 1 0 1706743249
WALL 21153737 1 0 1706743250
WALL 21153737 1 0 1706743251
WALL 21153737 1 0 1706743252
WALL 21153737 1 0 1706743253
WALL 21153737 1 0 1706743254
WALL 21153737 1 0 1706743255
WALL 21153737 1 0 1706743256
WALL 21153737 1 0 1706743257
WALL 21153737 1 0 1706743258
WALL 21153737 1 0 1706743259
WALL 21153737 1 0 1706743260
WALL 21153737 1 0 1706743261
WALL 21153737 1 0 1706743262
WALL 21153737 1 0 1706743263
WALL 21153737 1 0 1706743264
WALL 21153737 1 0 1706743265
WALL 21153737 1 0 1706743266
WALL 21153737 1 0 1706743267
WALL 21153737 1 0 1706743268
WALL 21153737 1 0 1706743269
WALL 21153737 1 0 1706743270
WALL 21153737 1 0 1706743271
WALL 21153737 1 0 1706743272
WALL 21153737 1 0 1706743273
WALL 21153737 1 0 1706743274
WALL 21153737 1 0 1706743275
slurmstepd: error: *** STEP 21153737.0 ON nid200028 CANCELLED AT 2024-01-31T23:21:16 ***
received SIGTERM 1706743276
WALL 21153737 1 0 1706743276
received SIGCONT 1706743276
WALL 21153737 1 0 1706743276
WALL 21153737 1 0 1706743277
WALL 21153737 1 0 1706743278
WALL 21153737 1 0 1706743279
WALL 21153737 1 0 1706743280
WALL 21153737 1 0 1706743281
WALL 21153737 1 0 1706743282
WALL 21153737 1 0 1706743283
WALL 21153737 1 0 1706743284
WALL 21153737 1 0 1706743285
WALL 21153737 1 0 1706743286
WALL 21153737 1 0 1706743287
WALL 21153737 1 0 1706743288
WALL 21153737 1 0 1706743289
WALL 21153737 1 0 1706743290
WALL 21153737 1 0 1706743291
WALL 21153737 1 0 1706743292
WALL 21153737 1 0 1706743293
WALL 21153737 1 0 1706743294
WALL 21153737 1 0 1706743295
WALL 21153737 1 0 1706743296
WALL 21153737 1 0 1706743297
WALL 21153737 1 0 1706743298
WALL 21153737 1 0 1706743299
WALL 21153737 1 0 1706743300
WALL 21153737 1 0 1706743301
WALL 21153737 1 0 1706743302
WALL 21153737 1 0 1706743303
WALL 21153737 1 0 1706743304
WALL 21153737 1 0 1706743305
WALL 21153737 1 0 1706743306
WALL 21153737 1 0 1706743307
WALL 21153737 1 0 1706743308
WALL 21153737 1 0 1706743309
WALL 21153737 1 0 1706743310
WALL 21153737 1 0 1706743311
WALL 21153737 1 0 1706743312
WALL 21153737 1 0 1706743313
WALL 21153737 1 0 1706743314
WALL 21153737 1 0 1706743315
WALL 21153737 1 0 1706743316
WALL 21153737 1 0 1706743317
WALL 21153737 1 0 1706743318
WALL 21153737 1 0 1706743319
WALL 21153737 1 0 1706743320
WALL 21153737 1 0 1706743321
WALL 21153737 1 0 1706743322
WALL 21153737 1 0 1706743323
WALL 21153737 1 0 1706743324
WALL 21153737 1 0 1706743325
WALL 21153737 1 0 1706743326
WALL 21153737 1 0 1706743327
WALL 21153737 1 0 1706743328
WALL 21153737 1 0 1706743329
WALL 21153737 1 0 1706743330
WALL 21153737 1 0 1706743331
WALL 21153737 1 0 1706743332
WALL 21153737 1 0 1706743333
WALL 21153737 1 0 1706743334
WALL 21153737 1 0 1706743335
WALL 21153737 1 0 1706743336
WALL 21153737 1 0 1706743337
WALL 21153737 1 0 1706743338
WALL 21153737 1 0 1706743339
WALL 21153737 1 0 1706743340
WALL 21153737 1 0 1706743341
WALL 21153737 1 0 1706743342
WALL 21153737 1 0 1706743343
WALL 21153737 1 0 1706743344
WALL 21153737 1 0 1706743345
WALL 21153737 1 0 1706743346
WALL 21153737 1 0 1706743347
WALL 21153737 1 0 1706743348
WALL 21153737 1 0 1706743349
WALL 21153737 1 0 1706743350
WALL 21153737 1 0 1706743351
WALL 21153737 1 0 1706743352
WALL 21153737 1 0 1706743353
WALL 21153737 1 0 1706743354
WALL 21153737 1 0 1706743355
WALL 21153737 1 0 1706743356
WALL 21153737 1 0 1706743357
WALL 21153737 1 0 1706743358
WALL 21153737 1 0 1706743359
slurmstepd: error: *** JOB 21153737 ON nid200028 CANCELLED AT 2024-01-31T23:22:39 DUE TO PREEMPTION ***
received SIGTERM 1706743359
WALL 21153737 1 0 1706743359
