srun: warning: can't run 1 processes on 2 nodes, setting nnodes to 1
WALL 21208012 1 0 1706822138
WALL 21208012 1 0 1706822139
WALL 21208012 1 0 1706822140
WALL 21208012 1 0 1706822141
WALL 21208012 1 0 1706822142
WALL 21208012 1 0 1706822143
WALL 21208012 1 0 1706822144
WALL 21208012 1 0 1706822145
WALL 21208012 1 0 1706822146
WALL 21208012 1 0 1706822147
WALL 21208012 1 0 1706822148
WALL 21208012 1 0 1706822149
WALL 21208012 1 0 1706822150
slurmstepd: error: *** STEP 21208012.0 ON nid200021 CANCELLED AT 2024-02-01T21:15:50 ***
received SIGTERM 1706822150
WALL 21208012 1 0 1706822150
received SIGCONT 1706822150
WALL 21208012 1 0 1706822150
WALL 21208012 1 0 1706822151
WALL 21208012 1 0 1706822152
WALL 21208012 1 0 1706822153
WALL 21208012 1 0 1706822154
WALL 21208012 1 0 1706822155
WALL 21208012 1 0 1706822156
WALL 21208012 1 0 1706822157
WALL 21208012 1 0 1706822158
WALL 21208012 1 0 1706822159
WALL 21208012 1 0 1706822160
WALL 21208012 1 0 1706822161
WALL 21208012 1 0 1706822162
WALL 21208012 1 0 1706822163
WALL 21208012 1 0 1706822164
WALL 21208012 1 0 1706822165
WALL 21208012 1 0 1706822166
WALL 21208012 1 0 1706822167
WALL 21208012 1 0 1706822168
WALL 21208012 1 0 1706822169
WALL 21208012 1 0 1706822170
WALL 21208012 1 0 1706822171
WALL 21208012 1 0 1706822172
WALL 21208012 1 0 1706822173
WALL 21208012 1 0 1706822174
WALL 21208012 1 0 1706822175
WALL 21208012 1 0 1706822176
WALL 21208012 1 0 1706822177
WALL 21208012 1 0 1706822178
WALL 21208012 1 0 1706822179
WALL 21208012 1 0 1706822180
WALL 21208012 1 0 1706822181
WALL 21208012 1 0 1706822182
WALL 21208012 1 0 1706822183
WALL 21208012 1 0 1706822184
WALL 21208012 1 0 1706822185
WALL 21208012 1 0 1706822186
WALL 21208012 1 0 1706822187
WALL 21208012 1 0 1706822188
WALL 21208012 1 0 1706822189
WALL 21208012 1 0 1706822190
WALL 21208012 1 0 1706822191
WALL 21208012 1 0 1706822192
WALL 21208012 1 0 1706822193
WALL 21208012 1 0 1706822194
WALL 21208012 1 0 1706822195
WALL 21208012 1 0 1706822196
WALL 21208012 1 0 1706822197
WALL 21208012 1 0 1706822198
WALL 21208012 1 0 1706822199
WALL 21208012 1 0 1706822200
WALL 21208012 1 0 1706822201
WALL 21208012 1 0 1706822202
WALL 21208012 1 0 1706822203
WALL 21208012 1 0 1706822204
WALL 21208012 1 0 1706822205
WALL 21208012 1 0 1706822206
WALL 21208012 1 0 1706822207
WALL 21208012 1 0 1706822208
WALL 21208012 1 0 1706822209
WALL 21208012 1 0 1706822210
WALL 21208012 1 0 1706822211
WALL 21208012 1 0 1706822212
WALL 21208012 1 0 1706822213
WALL 21208012 1 0 1706822214
WALL 21208012 1 0 1706822215
WALL 21208012 1 0 1706822216
WALL 21208012 1 0 1706822217
WALL 21208012 1 0 1706822218
WALL 21208012 1 0 1706822219
WALL 21208012 1 0 1706822220
WALL 21208012 1 0 1706822221
WALL 21208012 1 0 1706822222
WALL 21208012 1 0 1706822223
WALL 21208012 1 0 1706822224
WALL 21208012 1 0 1706822225
WALL 21208012 1 0 1706822226
WALL 21208012 1 0 1706822227
WALL 21208012 1 0 1706822228
WALL 21208012 1 0 1706822229
WALL 21208012 1 0 1706822230
WALL 21208012 1 0 1706822231
WALL 21208012 1 0 1706822232
WALL 21208012 1 0 1706822233
WALL 21208012 1 0 1706822234
WALL 21208012 1 0 1706822235
slurmstepd: error: *** JOB 21208012 ON nid200021 CANCELLED AT 2024-02-01T21:17:16 DUE TO PREEMPTION ***
received SIGTERM 1706822236
WALL 21208012 1 0 1706822236
received SIGCONT 1706822236
WALL 21208012 1 0 1706822236
received SIGTERM 1706822236
WALL 21208012 1 0 1706822236
