WALL 21155183 1 0 1706749108
WALL 21155183 1 0 1706749109
WALL 21155183 1 0 1706749110
WALL 21155183 1 0 1706749111
WALL 21155183 1 0 1706749112
WALL 21155183 1 0 1706749113
WALL 21155183 1 0 1706749114
WALL 21155183 1 0 1706749115
WALL 21155183 1 0 1706749116
WALL 21155183 1 0 1706749117
WALL 21155183 1 0 1706749118
WALL 21155183 1 0 1706749119
WALL 21155183 1 0 1706749120
WALL 21155183 1 0 1706749121
WALL 21155183 1 0 1706749122
WALL 21155183 1 0 1706749123
WALL 21155183 1 0 1706749124
WALL 21155183 1 0 1706749125
WALL 21155183 1 0 1706749126
WALL 21155183 1 0 1706749127
WALL 21155183 1 0 1706749128
WALL 21155183 1 0 1706749129
WALL 21155183 1 0 1706749130
WALL 21155183 1 0 1706749131
WALL 21155183 1 0 1706749132
WALL 21155183 1 0 1706749133
WALL 21155183 1 0 1706749134
WALL 21155183 1 0 1706749135
WALL 21155183 1 0 1706749136
WALL 21155183 1 0 1706749137
WALL 21155183 1 0 1706749138
WALL 21155183 1 0 1706749139
WALL 21155183 1 0 1706749140
WALL 21155183 1 0 1706749141
WALL 21155183 1 0 1706749142
WALL 21155183 1 0 1706749143
WALL 21155183 1 0 1706749144
WALL 21155183 1 0 1706749145
WALL 21155183 1 0 1706749146
WALL 21155183 1 0 1706749147
WALL 21155183 1 0 1706749148
WALL 21155183 1 0 1706749149
WALL 21155183 1 0 1706749150
WALL 21155183 1 0 1706749151
WALL 21155183 1 0 1706749152
WALL 21155183 1 0 1706749153
WALL 21155183 1 0 1706749154
WALL 21155183 1 0 1706749155
WALL 21155183 1 0 1706749156
WALL 21155183 1 0 1706749157
WALL 21155183 1 0 1706749158
WALL 21155183 1 0 1706749159
WALL 21155183 1 0 1706749160
WALL 21155183 1 0 1706749161
WALL 21155183 1 0 1706749162
WALL 21155183 1 0 1706749163
WALL 21155183 1 0 1706749164
WALL 21155183 1 0 1706749165
WALL 21155183 1 0 1706749166
WALL 21155183 1 0 1706749167
WALL 21155183 1 0 1706749168
WALL 21155183 1 0 1706749169
WALL 21155183 1 0 1706749170
WALL 21155183 1 0 1706749171
WALL 21155183 1 0 1706749172
WALL 21155183 1 0 1706749173
WALL 21155183 1 0 1706749174
WALL 21155183 1 0 1706749175
WALL 21155183 1 0 1706749176
WALL 21155183 1 0 1706749177
WALL 21155183 1 0 1706749178
WALL 21155183 1 0 1706749179
WALL 21155183 1 0 1706749180
WALL 21155183 1 0 1706749181
WALL 21155183 1 0 1706749182
WALL 21155183 1 0 1706749183
WALL 21155183 1 0 1706749184
WALL 21155183 1 0 1706749185
WALL 21155183 1 0 1706749186
WALL 21155183 1 0 1706749187
WALL 21155183 1 0 1706749188
WALL 21155183 1 0 1706749189
WALL 21155183 1 0 1706749190
WALL 21155183 1 0 1706749191
WALL 21155183 1 0 1706749192
WALL 21155183 1 0 1706749193
WALL 21155183 1 0 1706749194
WALL 21155183 1 0 1706749195
WALL 21155183 1 0 1706749196
WALL 21155183 1 0 1706749197
WALL 21155183 1 0 1706749198
WALL 21155183 1 0 1706749199
WALL 21155183 1 0 1706749200
WALL 21155183 1 0 1706749201
WALL 21155183 1 0 1706749202
WALL 21155183 1 0 1706749203
WALL 21155183 1 0 1706749204
WALL 21155183 1 0 1706749205
WALL 21155183 1 0 1706749206
WALL 21155183 1 0 1706749207
WALL 21155183 1 0 1706749208
WALL 21155183 1 0 1706749209
WALL 21155183 1 0 1706749210
WALL 21155183 1 0 1706749211
WALL 21155183 1 0 1706749212
WALL 21155183 1 0 1706749213
WALL 21155183 1 0 1706749214
WALL 21155183 1 0 1706749215
WALL 21155183 1 0 1706749216
WALL 21155183 1 0 1706749217
WALL 21155183 1 0 1706749218
WALL 21155183 1 0 1706749219
WALL 21155183 1 0 1706749220
WALL 21155183 1 0 1706749221
WALL 21155183 1 0 1706749222
WALL 21155183 1 0 1706749223
WALL 21155183 1 0 1706749224
WALL 21155183 1 0 1706749225
WALL 21155183 1 0 1706749226
WALL 21155183 1 0 1706749227
WALL 21155183 1 0 1706749228
WALL 21155183 1 0 1706749229
WALL 21155183 1 0 1706749230
WALL 21155183 1 0 1706749231
WALL 21155183 1 0 1706749232
WALL 21155183 1 0 1706749233
WALL 21155183 1 0 1706749234
WALL 21155183 1 0 1706749235
WALL 21155183 1 0 1706749236
WALL 21155183 1 0 1706749237
slurmstepd: error: *** STEP 21155183.0 ON nid200000 CANCELLED AT 2024-02-01T01:00:37 DUE TO TIME LIMIT ***
slurmstepd: error: *** REASON: Reservation pod_preempt_3, which this job was running under, has ended ***
slurmstepd: error: *** JOB 21155183 ON nid200000 CANCELLED AT 2024-02-01T01:00:37 DUE TO TIME LIMIT ***
slurmstepd: error: *** REASON: Reservation pod_preempt_3, which this job was running under, has ended ***
received SIGTERM 1706749237
WALL 21155183 1 0 1706749237
received SIGCONT 1706749237
WALL 21155183 1 0 1706749237
received SIGTERM 1706749237
srun: Job step aborted: Waiting up to 32 seconds for job step to finish.
WALL 21155183 1 0 1706749237
