WALL 21150463 1 0 1706738651
WALL 21150463 1 0 1706738652
WALL 21150463 1 0 1706738653
WALL 21150463 1 0 1706738654
WALL 21150463 1 0 1706738655
WALL 21150463 1 0 1706738656
WALL 21150463 1 0 1706738657
WALL 21150463 1 0 1706738658
WALL 21150463 1 0 1706738659
WALL 21150463 1 0 1706738660
WALL 21150463 1 0 1706738661
WALL 21150463 1 0 1706738662
WALL 21150463 1 0 1706738663
WALL 21150463 1 0 1706738664
WALL 21150463 1 0 1706738665
WALL 21150463 1 0 1706738666
WALL 21150463 1 0 1706738667
WALL 21150463 1 0 1706738668
WALL 21150463 1 0 1706738669
WALL 21150463 1 0 1706738670
WALL 21150463 1 0 1706738671
WALL 21150463 1 0 1706738672
WALL 21150463 1 0 1706738673
WALL 21150463 1 0 1706738674
WALL 21150463 1 0 1706738675
WALL 21150463 1 0 1706738676
WALL 21150463 1 0 1706738677
WALL 21150463 1 0 1706738678
WALL 21150463 1 0 1706738679
WALL 21150463 1 0 1706738680
WALL 21150463 1 0 1706738681
WALL 21150463 1 0 1706738682
WALL 21150463 1 0 1706738683
WALL 21150463 1 0 1706738684
WALL 21150463 1 0 1706738685
WALL 21150463 1 0 1706738686
WALL 21150463 1 0 1706738687
WALL 21150463 1 0 1706738688
WALL 21150463 1 0 1706738689
WALL 21150463 1 0 1706738690
WALL 21150463 1 0 1706738691
WALL 21150463 1 0 1706738692
WALL 21150463 1 0 1706738693
WALL 21150463 1 0 1706738694
WALL 21150463 1 0 1706738695
WALL 21150463 1 0 1706738696
WALL 21150463 1 0 1706738697
WALL 21150463 1 0 1706738698
WALL 21150463 1 0 1706738699
WALL 21150463 1 0 1706738700
WALL 21150463 1 0 1706738701
WALL 21150463 1 0 1706738702
WALL 21150463 1 0 1706738703
WALL 21150463 1 0 1706738704
WALL 21150463 1 0 1706738705
WALL 21150463 1 0 1706738706
WALL 21150463 1 0 1706738707
WALL 21150463 1 0 1706738708
WALL 21150463 1 0 1706738709
WALL 21150463 1 0 1706738710
WALL 21150463 1 0 1706738711
WALL 21150463 1 0 1706738712
WALL 21150463 1 0 1706738713
WALL 21150463 1 0 1706738714
WALL 21150463 1 0 1706738715
WALL 21150463 1 0 1706738716
WALL 21150463 1 0 1706738717
WALL 21150463 1 0 1706738718
WALL 21150463 1 0 1706738719
WALL 21150463 1 0 1706738720
WALL 21150463 1 0 1706738721
WALL 21150463 1 0 1706738722
WALL 21150463 1 0 1706738723
WALL 21150463 1 0 1706738724
WALL 21150463 1 0 1706738725
WALL 21150463 1 0 1706738726
WALL 21150463 1 0 1706738727
WALL 21150463 1 0 1706738728
WALL 21150463 1 0 1706738729
WALL 21150463 1 0 1706738730
WALL 21150463 1 0 1706738731
WALL 21150463 1 0 1706738732
WALL 21150463 1 0 1706738733
WALL 21150463 1 0 1706738734
WALL 21150463 1 0 1706738735
WALL 21150463 1 0 1706738736
WALL 21150463 1 0 1706738737
WALL 21150463 1 0 1706738738
WALL 21150463 1 0 1706738739
WALL 21150463 1 0 1706738740
WALL 21150463 1 0 1706738741
WALL 21150463 1 0 1706738742
WALL 21150463 1 0 1706738743
WALL 21150463 1 0 1706738744
WALL 21150463 1 0 1706738745
WALL 21150463 1 0 1706738746
WALL 21150463 1 0 1706738747
WALL 21150463 1 0 1706738748
WALL 21150463 1 0 1706738749
WALL 21150463 1 0 1706738750
WALL 21150463 1 0 1706738751
WALL 21150463 1 0 1706738752
slurmstepd: error: *** STEP 21150463.0 ON nid200030 CANCELLED AT 2024-01-31T22:05:52 ***
received SIGTERM 1706738752
WALL 21150463 1 0 1706738752
received SIGCONT 1706738752
WALL 21150463 1 0 1706738752
WALL 21150463 1 0 1706738753
WALL 21150463 1 0 1706738754
WALL 21150463 1 0 1706738755
WALL 21150463 1 0 1706738756
WALL 21150463 1 0 1706738757
WALL 21150463 1 0 1706738758
WALL 21150463 1 0 1706738759
WALL 21150463 1 0 1706738760
WALL 21150463 1 0 1706738761
WALL 21150463 1 0 1706738762
WALL 21150463 1 0 1706738763
WALL 21150463 1 0 1706738764
WALL 21150463 1 0 1706738765
WALL 21150463 1 0 1706738766
WALL 21150463 1 0 1706738767
WALL 21150463 1 0 1706738768
WALL 21150463 1 0 1706738769
WALL 21150463 1 0 1706738770
WALL 21150463 1 0 1706738771
WALL 21150463 1 0 1706738772
WALL 21150463 1 0 1706738773
WALL 21150463 1 0 1706738774
WALL 21150463 1 0 1706738775
WALL 21150463 1 0 1706738776
WALL 21150463 1 0 1706738777
WALL 21150463 1 0 1706738778
WALL 21150463 1 0 1706738779
WALL 21150463 1 0 1706738780
WALL 21150463 1 0 1706738781
WALL 21150463 1 0 1706738782
WALL 21150463 1 0 1706738783
WALL 21150463 1 0 1706738784
WALL 21150463 1 0 1706738785
WALL 21150463 1 0 1706738786
WALL 21150463 1 0 1706738787
WALL 21150463 1 0 1706738788
WALL 21150463 1 0 1706738789
WALL 21150463 1 0 1706738790
WALL 21150463 1 0 1706738791
WALL 21150463 1 0 1706738792
WALL 21150463 1 0 1706738793
WALL 21150463 1 0 1706738794
WALL 21150463 1 0 1706738795
WALL 21150463 1 0 1706738796
WALL 21150463 1 0 1706738797
WALL 21150463 1 0 1706738798
WALL 21150463 1 0 1706738799
WALL 21150463 1 0 1706738800
WALL 21150463 1 0 1706738801
WALL 21150463 1 0 1706738802
WALL 21150463 1 0 1706738803
WALL 21150463 1 0 1706738804
WALL 21150463 1 0 1706738805
WALL 21150463 1 0 1706738806
WALL 21150463 1 0 1706738807
WALL 21150463 1 0 1706738808
WALL 21150463 1 0 1706738809
WALL 21150463 1 0 1706738810
WALL 21150463 1 0 1706738811
WALL 21150463 1 0 1706738812
WALL 21150463 1 0 1706738813
WALL 21150463 1 0 1706738814
WALL 21150463 1 0 1706738815
WALL 21150463 1 0 1706738816
WALL 21150463 1 0 1706738817
WALL 21150463 1 0 1706738818
WALL 21150463 1 0 1706738819
WALL 21150463 1 0 1706738820
WALL 21150463 1 0 1706738821
WALL 21150463 1 0 1706738822
WALL 21150463 1 0 1706738823
slurmstepd: error: *** JOB 21150463 ON nid200030 CANCELLED AT 2024-01-31T22:07:04 DUE TO PREEMPTION ***
received SIGTERM 1706738824
WALL 21150463 1 0 1706738824
received SIGCONT 1706738824
WALL 21150463 1 0 1706738824
received SIGTERM 1706738824
WALL 21150463 1 0 1706738824
