WALL 21206636 1 0 1706820632
WALL 21206636 1 0 1706820633
WALL 21206636 1 0 1706820634
WALL 21206636 1 0 1706820635
WALL 21206636 1 0 1706820636
WALL 21206636 1 0 1706820637
WALL 21206636 1 0 1706820638
WALL 21206636 1 0 1706820639
WALL 21206636 1 0 1706820640
WALL 21206636 1 0 1706820641
WALL 21206636 1 0 1706820642
WALL 21206636 1 0 1706820643
WALL 21206636 1 0 1706820644
WALL 21206636 1 0 1706820645
WALL 21206636 1 0 1706820646
WALL 21206636 1 0 1706820647
WALL 21206636 1 0 1706820648
WALL 21206636 1 0 1706820649
WALL 21206636 1 0 1706820650
WALL 21206636 1 0 1706820651
WALL 21206636 1 0 1706820652
WALL 21206636 1 0 1706820653
WALL 21206636 1 0 1706820654
WALL 21206636 1 0 1706820655
WALL 21206636 1 0 1706820656
WALL 21206636 1 0 1706820657
WALL 21206636 1 0 1706820658
WALL 21206636 1 0 1706820659
WALL 21206636 1 0 1706820660
WALL 21206636 1 0 1706820661
WALL 21206636 1 0 1706820662
WALL 21206636 1 0 1706820663
WALL 21206636 1 0 1706820664
WALL 21206636 1 0 1706820665
WALL 21206636 1 0 1706820666
WALL 21206636 1 0 1706820667
WALL 21206636 1 0 1706820668
WALL 21206636 1 0 1706820669
WALL 21206636 1 0 1706820670
WALL 21206636 1 0 1706820671
WALL 21206636 1 0 1706820672
WALL 21206636 1 0 1706820673
WALL 21206636 1 0 1706820674
WALL 21206636 1 0 1706820675
WALL 21206636 1 0 1706820676
WALL 21206636 1 0 1706820677
WALL 21206636 1 0 1706820678
WALL 21206636 1 0 1706820679
WALL 21206636 1 0 1706820680
WALL 21206636 1 0 1706820681
WALL 21206636 1 0 1706820682
WALL 21206636 1 0 1706820683
WALL 21206636 1 0 1706820684
WALL 21206636 1 0 1706820685
WALL 21206636 1 0 1706820686
WALL 21206636 1 0 1706820687
WALL 21206636 1 0 1706820688
WALL 21206636 1 0 1706820689
WALL 21206636 1 0 1706820690
WALL 21206636 1 0 1706820691
WALL 21206636 1 0 1706820692
WALL 21206636 1 0 1706820693
WALL 21206636 1 0 1706820694
WALL 21206636 1 0 1706820695
WALL 21206636 1 0 1706820696
WALL 21206636 1 0 1706820697
WALL 21206636 1 0 1706820698
WALL 21206636 1 0 1706820699
WALL 21206636 1 0 1706820700
WALL 21206636 1 0 1706820701
WALL 21206636 1 0 1706820702
WALL 21206636 1 0 1706820703
WALL 21206636 1 0 1706820704
WALL 21206636 1 0 1706820705
WALL 21206636 1 0 1706820706
WALL 21206636 1 0 1706820707
WALL 21206636 1 0 1706820708
WALL 21206636 1 0 1706820709
WALL 21206636 1 0 1706820710
WALL 21206636 1 0 1706820711
WALL 21206636 1 0 1706820712
WALL 21206636 1 0 1706820713
WALL 21206636 1 0 1706820714
WALL 21206636 1 0 1706820715
WALL 21206636 1 0 1706820716
WALL 21206636 1 0 1706820717
WALL 21206636 1 0 1706820718
WALL 21206636 1 0 1706820719
WALL 21206636 1 0 1706820720
WALL 21206636 1 0 1706820721
WALL 21206636 1 0 1706820722
WALL 21206636 1 0 1706820723
WALL 21206636 1 0 1706820724
slurmstepd: error: *** STEP 21206636.0 ON nid200141 CANCELLED AT 2024-02-01T20:52:04 ***
received SIGTERM 1706820724
WALL 21206636 1 0 1706820724
received SIGCONT 1706820724
WALL 21206636 1 0 1706820724
WALL 21206636 1 0 1706820725
WALL 21206636 1 0 1706820726
WALL 21206636 1 0 1706820727
WALL 21206636 1 0 1706820728
WALL 21206636 1 0 1706820729
WALL 21206636 1 0 1706820730
WALL 21206636 1 0 1706820731
WALL 21206636 1 0 1706820732
WALL 21206636 1 0 1706820733
WALL 21206636 1 0 1706820734
WALL 21206636 1 0 1706820735
WALL 21206636 1 0 1706820736
WALL 21206636 1 0 1706820737
WALL 21206636 1 0 1706820738
WALL 21206636 1 0 1706820739
WALL 21206636 1 0 1706820740
WALL 21206636 1 0 1706820741
WALL 21206636 1 0 1706820742
WALL 21206636 1 0 1706820743
WALL 21206636 1 0 1706820744
WALL 21206636 1 0 1706820745
WALL 21206636 1 0 1706820746
WALL 21206636 1 0 1706820747
WALL 21206636 1 0 1706820748
WALL 21206636 1 0 1706820749
WALL 21206636 1 0 1706820750
WALL 21206636 1 0 1706820751
WALL 21206636 1 0 1706820752
WALL 21206636 1 0 1706820753
WALL 21206636 1 0 1706820754
WALL 21206636 1 0 1706820755
WALL 21206636 1 0 1706820756
WALL 21206636 1 0 1706820757
WALL 21206636 1 0 1706820758
WALL 21206636 1 0 1706820759
WALL 21206636 1 0 1706820760
WALL 21206636 1 0 1706820761
WALL 21206636 1 0 1706820762
WALL 21206636 1 0 1706820763
WALL 21206636 1 0 1706820764
WALL 21206636 1 0 1706820765
WALL 21206636 1 0 1706820766
WALL 21206636 1 0 1706820767
WALL 21206636 1 0 1706820768
WALL 21206636 1 0 1706820769
WALL 21206636 1 0 1706820770
WALL 21206636 1 0 1706820771
WALL 21206636 1 0 1706820772
WALL 21206636 1 0 1706820773
WALL 21206636 1 0 1706820774
WALL 21206636 1 0 1706820775
WALL 21206636 1 0 1706820776
WALL 21206636 1 0 1706820777
WALL 21206636 1 0 1706820778
WALL 21206636 1 0 1706820779
WALL 21206636 1 0 1706820780
WALL 21206636 1 0 1706820781
WALL 21206636 1 0 1706820782
WALL 21206636 1 0 1706820783
WALL 21206636 1 0 1706820784
WALL 21206636 1 0 1706820785
slurmstepd: error: *** JOB 21206636 ON nid200141 CANCELLED AT 2024-02-01T20:53:06 DUE TO PREEMPTION ***
received SIGTERM 1706820786
WALL 21206636 1 0 1706820786
received SIGCONT 1706820786
WALL 21206636 1 0 1706820786
received SIGTERM 1706820786
WALL 21206636 1 0 1706820786
