srun: warning: can't run 1 processes on 2 nodes, setting nnodes to 1
WALL 21205524 1 0 1706819797
WALL 21205524 1 0 1706819798
WALL 21205524 1 0 1706819799
WALL 21205524 1 0 1706819800
WALL 21205524 1 0 1706819801
WALL 21205524 1 0 1706819802
WALL 21205524 1 0 1706819803
WALL 21205524 1 0 1706819804
WALL 21205524 1 0 1706819805
WALL 21205524 1 0 1706819806
WALL 21205524 1 0 1706819807
WALL 21205524 1 0 1706819808
WALL 21205524 1 0 1706819809
WALL 21205524 1 0 1706819810
WALL 21205524 1 0 1706819811
WALL 21205524 1 0 1706819812
WALL 21205524 1 0 1706819813
WALL 21205524 1 0 1706819814
WALL 21205524 1 0 1706819815
WALL 21205524 1 0 1706819816
WALL 21205524 1 0 1706819817
WALL 21205524 1 0 1706819818
WALL 21205524 1 0 1706819819
WALL 21205524 1 0 1706819820
WALL 21205524 1 0 1706819821
WALL 21205524 1 0 1706819822
WALL 21205524 1 0 1706819823
WALL 21205524 1 0 1706819824
WALL 21205524 1 0 1706819825
WALL 21205524 1 0 1706819826
WALL 21205524 1 0 1706819827
WALL 21205524 1 0 1706819828
WALL 21205524 1 0 1706819829
WALL 21205524 1 0 1706819830
WALL 21205524 1 0 1706819831
WALL 21205524 1 0 1706819832
WALL 21205524 1 0 1706819833
WALL 21205524 1 0 1706819834
WALL 21205524 1 0 1706819835
WALL 21205524 1 0 1706819836
WALL 21205524 1 0 1706819837
WALL 21205524 1 0 1706819838
WALL 21205524 1 0 1706819839
WALL 21205524 1 0 1706819840
WALL 21205524 1 0 1706819841
WALL 21205524 1 0 1706819842
WALL 21205524 1 0 1706819843
WALL 21205524 1 0 1706819844
WALL 21205524 1 0 1706819845
WALL 21205524 1 0 1706819846
WALL 21205524 1 0 1706819847
WALL 21205524 1 0 1706819848
WALL 21205524 1 0 1706819849
WALL 21205524 1 0 1706819850
WALL 21205524 1 0 1706819851
WALL 21205524 1 0 1706819852
WALL 21205524 1 0 1706819853
WALL 21205524 1 0 1706819854
WALL 21205524 1 0 1706819855
WALL 21205524 1 0 1706819856
WALL 21205524 1 0 1706819857
WALL 21205524 1 0 1706819858
WALL 21205524 1 0 1706819859
WALL 21205524 1 0 1706819860
WALL 21205524 1 0 1706819861
WALL 21205524 1 0 1706819862
WALL 21205524 1 0 1706819863
WALL 21205524 1 0 1706819864
WALL 21205524 1 0 1706819865
WALL 21205524 1 0 1706819866
WALL 21205524 1 0 1706819867
WALL 21205524 1 0 1706819868
WALL 21205524 1 0 1706819869
WALL 21205524 1 0 1706819870
WALL 21205524 1 0 1706819871
WALL 21205524 1 0 1706819872
WALL 21205524 1 0 1706819873
WALL 21205524 1 0 1706819874
WALL 21205524 1 0 1706819875
WALL 21205524 1 0 1706819876
WALL 21205524 1 0 1706819877
WALL 21205524 1 0 1706819878
WALL 21205524 1 0 1706819879
WALL 21205524 1 0 1706819880
WALL 21205524 1 0 1706819881
WALL 21205524 1 0 1706819882
WALL 21205524 1 0 1706819883
WALL 21205524 1 0 1706819884
WALL 21205524 1 0 1706819885
WALL 21205524 1 0 1706819886
WALL 21205524 1 0 1706819887
WALL 21205524 1 0 1706819888
WALL 21205524 1 0 1706819889
WALL 21205524 1 0 1706819890
WALL 21205524 1 0 1706819891
WALL 21205524 1 0 1706819892
WALL 21205524 1 0 1706819893
WALL 21205524 1 0 1706819894
WALL 21205524 1 0 1706819895
WALL 21205524 1 0 1706819896
WALL 21205524 1 0 1706819897
WALL 21205524 1 0 1706819898
WALL 21205524 1 0 1706819899
WALL 21205524 1 0 1706819900
WALL 21205524 1 0 1706819901
WALL 21205524 1 0 1706819902
WALL 21205524 1 0 1706819903
WALL 21205524 1 0 1706819904
WALL 21205524 1 0 1706819905
WALL 21205524 1 0 1706819906
WALL 21205524 1 0 1706819907
WALL 21205524 1 0 1706819908
WALL 21205524 1 0 1706819909
WALL 21205524 1 0 1706819910
WALL 21205524 1 0 1706819911
WALL 21205524 1 0 1706819912
WALL 21205524 1 0 1706819913
WALL 21205524 1 0 1706819914
WALL 21205524 1 0 1706819915
WALL 21205524 1 0 1706819916
WALL 21205524 1 0 1706819917
WALL 21205524 1 0 1706819918
WALL 21205524 1 0 1706819919
WALL 21205524 1 0 1706819920
WALL 21205524 1 0 1706819921
WALL 21205524 1 0 1706819922
WALL 21205524 1 0 1706819923
WALL 21205524 1 0 1706819924
WALL 21205524 1 0 1706819925
WALL 21205524 1 0 1706819926
WALL 21205524 1 0 1706819927
WALL 21205524 1 0 1706819928
WALL 21205524 1 0 1706819929
WALL 21205524 1 0 1706819930
WALL 21205524 1 0 1706819931
WALL 21205524 1 0 1706819932
WALL 21205524 1 0 1706819933
WALL 21205524 1 0 1706819934
WALL 21205524 1 0 1706819935
WALL 21205524 1 0 1706819936
WALL 21205524 1 0 1706819937
WALL 21205524 1 0 1706819938
WALL 21205524 1 0 1706819939
WALL 21205524 1 0 1706819940
WALL 21205524 1 0 1706819941
WALL 21205524 1 0 1706819942
WALL 21205524 1 0 1706819943
WALL 21205524 1 0 1706819944
WALL 21205524 1 0 1706819945
WALL 21205524 1 0 1706819946
WALL 21205524 1 0 1706819947
WALL 21205524 1 0 1706819948
WALL 21205524 1 0 1706819949
WALL 21205524 1 0 1706819950
WALL 21205524 1 0 1706819951
WALL 21205524 1 0 1706819952
WALL 21205524 1 0 1706819953
WALL 21205524 1 0 1706819954
WALL 21205524 1 0 1706819955
WALL 21205524 1 0 1706819956
WALL 21205524 1 0 1706819957
WALL 21205524 1 0 1706819958
WALL 21205524 1 0 1706819959
WALL 21205524 1 0 1706819960
WALL 21205524 1 0 1706819961
WALL 21205524 1 0 1706819962
WALL 21205524 1 0 1706819963
WALL 21205524 1 0 1706819964
WALL 21205524 1 0 1706819965
WALL 21205524 1 0 1706819966
WALL 21205524 1 0 1706819967
WALL 21205524 1 0 1706819968
WALL 21205524 1 0 1706819969
WALL 21205524 1 0 1706819970
WALL 21205524 1 0 1706819971
WALL 21205524 1 0 1706819972
WALL 21205524 1 0 1706819973
WALL 21205524 1 0 1706819974
WALL 21205524 1 0 1706819975
WALL 21205524 1 0 1706819976
WALL 21205524 1 0 1706819977
WALL 21205524 1 0 1706819978
WALL 21205524 1 0 1706819979
WALL 21205524 1 0 1706819980
WALL 21205524 1 0 1706819981
WALL 21205524 1 0 1706819982
WALL 21205524 1 0 1706819983
WALL 21205524 1 0 1706819984
WALL 21205524 1 0 1706819985
WALL 21205524 1 0 1706819986
WALL 21205524 1 0 1706819987
WALL 21205524 1 0 1706819988
WALL 21205524 1 0 1706819989
WALL 21205524 1 0 1706819990
WALL 21205524 1 0 1706819991
WALL 21205524 1 0 1706819992
WALL 21205524 1 0 1706819993
WALL 21205524 1 0 1706819994
WALL 21205524 1 0 1706819995
WALL 21205524 1 0 1706819996
WALL 21205524 1 0 1706819997
WALL 21205524 1 0 1706819998
WALL 21205524 1 0 1706819999
WALL 21205524 1 0 1706820000
WALL 21205524 1 0 1706820001
WALL 21205524 1 0 1706820002
WALL 21205524 1 0 1706820003
WALL 21205524 1 0 1706820004
WALL 21205524 1 0 1706820005
WALL 21205524 1 0 1706820006
WALL 21205524 1 0 1706820007
WALL 21205524 1 0 1706820008
WALL 21205524 1 0 1706820009
WALL 21205524 1 0 1706820010
WALL 21205524 1 0 1706820011
WALL 21205524 1 0 1706820012
WALL 21205524 1 0 1706820013
WALL 21205524 1 0 1706820014
WALL 21205524 1 0 1706820015
WALL 21205524 1 0 1706820016
WALL 21205524 1 0 1706820017
WALL 21205524 1 0 1706820018
WALL 21205524 1 0 1706820019
WALL 21205524 1 0 1706820020
WALL 21205524 1 0 1706820021
WALL 21205524 1 0 1706820022
WALL 21205524 1 0 1706820023
WALL 21205524 1 0 1706820024
WALL 21205524 1 0 1706820025
WALL 21205524 1 0 1706820026
WALL 21205524 1 0 1706820027
WALL 21205524 1 0 1706820028
WALL 21205524 1 0 1706820029
WALL 21205524 1 0 1706820030
WALL 21205524 1 0 1706820031
WALL 21205524 1 0 1706820032
WALL 21205524 1 0 1706820033
WALL 21205524 1 0 1706820034
WALL 21205524 1 0 1706820035
WALL 21205524 1 0 1706820036
WALL 21205524 1 0 1706820037
WALL 21205524 1 0 1706820038
WALL 21205524 1 0 1706820039
WALL 21205524 1 0 1706820040
WALL 21205524 1 0 1706820041
WALL 21205524 1 0 1706820042
WALL 21205524 1 0 1706820043
WALL 21205524 1 0 1706820044
WALL 21205524 1 0 1706820045
WALL 21205524 1 0 1706820046
WALL 21205524 1 0 1706820047
WALL 21205524 1 0 1706820048
WALL 21205524 1 0 1706820049
WALL 21205524 1 0 1706820050
WALL 21205524 1 0 1706820051
WALL 21205524 1 0 1706820052
WALL 21205524 1 0 1706820053
WALL 21205524 1 0 1706820054
WALL 21205524 1 0 1706820055
WALL 21205524 1 0 1706820056
WALL 21205524 1 0 1706820057
WALL 21205524 1 0 1706820058
WALL 21205524 1 0 1706820059
WALL 21205524 1 0 1706820060
WALL 21205524 1 0 1706820061
WALL 21205524 1 0 1706820062
WALL 21205524 1 0 1706820063
WALL 21205524 1 0 1706820064
WALL 21205524 1 0 1706820065
WALL 21205524 1 0 1706820066
WALL 21205524 1 0 1706820067
WALL 21205524 1 0 1706820068
WALL 21205524 1 0 1706820069
WALL 21205524 1 0 1706820070
WALL 21205524 1 0 1706820071
WALL 21205524 1 0 1706820072
WALL 21205524 1 0 1706820073
WALL 21205524 1 0 1706820074
WALL 21205524 1 0 1706820075
WALL 21205524 1 0 1706820076
WALL 21205524 1 0 1706820077
WALL 21205524 1 0 1706820078
WALL 21205524 1 0 1706820079
WALL 21205524 1 0 1706820080
WALL 21205524 1 0 1706820081
WALL 21205524 1 0 1706820082
WALL 21205524 1 0 1706820083
WALL 21205524 1 0 1706820084
WALL 21205524 1 0 1706820085
WALL 21205524 1 0 1706820086
WALL 21205524 1 0 1706820087
WALL 21205524 1 0 1706820088
WALL 21205524 1 0 1706820089
WALL 21205524 1 0 1706820090
WALL 21205524 1 0 1706820091
WALL 21205524 1 0 1706820092
WALL 21205524 1 0 1706820093
WALL 21205524 1 0 1706820094
WALL 21205524 1 0 1706820095
WALL 21205524 1 0 1706820096
WALL 21205524 1 0 1706820097
WALL 21205524 1 0 1706820098
WALL 21205524 1 0 1706820099
WALL 21205524 1 0 1706820100
WALL 21205524 1 0 1706820101
WALL 21205524 1 0 1706820102
WALL 21205524 1 0 1706820103
WALL 21205524 1 0 1706820104
WALL 21205524 1 0 1706820105
WALL 21205524 1 0 1706820106
WALL 21205524 1 0 1706820107
WALL 21205524 1 0 1706820108
received SIGCONT 1706820109
WALL 21205524 1 0 1706820109
slurmstepd: error: *** STEP 21205524.0 ON nid200039 CANCELLED AT 2024-02-01T20:41:49 ***
received SIGTERM 1706820109
WALL 21205524 1 0 1706820109
WALL 21205524 1 0 1706820110
WALL 21205524 1 0 1706820111
WALL 21205524 1 0 1706820112
WALL 21205524 1 0 1706820113
WALL 21205524 1 0 1706820114
WALL 21205524 1 0 1706820115
WALL 21205524 1 0 1706820116
WALL 21205524 1 0 1706820117
WALL 21205524 1 0 1706820118
WALL 21205524 1 0 1706820119
WALL 21205524 1 0 1706820120
WALL 21205524 1 0 1706820121
WALL 21205524 1 0 1706820122
WALL 21205524 1 0 1706820123
WALL 21205524 1 0 1706820124
WALL 21205524 1 0 1706820125
WALL 21205524 1 0 1706820126
WALL 21205524 1 0 1706820127
WALL 21205524 1 0 1706820128
WALL 21205524 1 0 1706820129
WALL 21205524 1 0 1706820130
WALL 21205524 1 0 1706820131
WALL 21205524 1 0 1706820132
WALL 21205524 1 0 1706820133
WALL 21205524 1 0 1706820134
WALL 21205524 1 0 1706820135
WALL 21205524 1 0 1706820136
WALL 21205524 1 0 1706820137
WALL 21205524 1 0 1706820138
WALL 21205524 1 0 1706820139
WALL 21205524 1 0 1706820140
WALL 21205524 1 0 1706820141
WALL 21205524 1 0 1706820142
WALL 21205524 1 0 1706820143
WALL 21205524 1 0 1706820144
WALL 21205524 1 0 1706820145
WALL 21205524 1 0 1706820146
WALL 21205524 1 0 1706820147
WALL 21205524 1 0 1706820148
WALL 21205524 1 0 1706820149
WALL 21205524 1 0 1706820150
WALL 21205524 1 0 1706820151
WALL 21205524 1 0 1706820152
WALL 21205524 1 0 1706820153
WALL 21205524 1 0 1706820154
WALL 21205524 1 0 1706820155
WALL 21205524 1 0 1706820156
WALL 21205524 1 0 1706820157
WALL 21205524 1 0 1706820158
WALL 21205524 1 0 1706820159
WALL 21205524 1 0 1706820160
WALL 21205524 1 0 1706820161
WALL 21205524 1 0 1706820162
WALL 21205524 1 0 1706820163
WALL 21205524 1 0 1706820164
WALL 21205524 1 0 1706820165
WALL 21205524 1 0 1706820166
WALL 21205524 1 0 1706820167
WALL 21205524 1 0 1706820168
WALL 21205524 1 0 1706820169
WALL 21205524 1 0 1706820170
WALL 21205524 1 0 1706820171
WALL 21205524 1 0 1706820172
WALL 21205524 1 0 1706820173
WALL 21205524 1 0 1706820174
WALL 21205524 1 0 1706820175
WALL 21205524 1 0 1706820176
WALL 21205524 1 0 1706820177
WALL 21205524 1 0 1706820178
WALL 21205524 1 0 1706820179
WALL 21205524 1 0 1706820180
WALL 21205524 1 0 1706820181
WALL 21205524 1 0 1706820182
WALL 21205524 1 0 1706820183
WALL 21205524 1 0 1706820184
WALL 21205524 1 0 1706820185
WALL 21205524 1 0 1706820186
WALL 21205524 1 0 1706820187
WALL 21205524 1 0 1706820188
WALL 21205524 1 0 1706820189
WALL 21205524 1 0 1706820190
WALL 21205524 1 0 1706820191
slurmstepd: error: *** JOB 21205524 ON nid200039 CANCELLED AT 2024-02-01T20:43:11 DUE TO PREEMPTION ***
received SIGTERM 1706820191
srun: Job step aborted: Waiting up to 32 seconds for job step to finish.
WALL 21205524 1 0 1706820191
received SIGCONT 1706820191
WALL 21205524 1 0 1706820191
received SIGTERM 1706820191
WALL 21205524 1 0 1706820191
