srun: warning: can't run 1 processes on 4 nodes, setting nnodes to 1
WALL 21208067 1 0 1706822403
WALL 21208067 1 0 1706822404
WALL 21208067 1 0 1706822405
WALL 21208067 1 0 1706822406
WALL 21208067 1 0 1706822407
WALL 21208067 1 0 1706822408
WALL 21208067 1 0 1706822409
WALL 21208067 1 0 1706822410
WALL 21208067 1 0 1706822411
WALL 21208067 1 0 1706822412
WALL 21208067 1 0 1706822413
WALL 21208067 1 0 1706822414
WALL 21208067 1 0 1706822415
WALL 21208067 1 0 1706822416
WALL 21208067 1 0 1706822417
WALL 21208067 1 0 1706822418
WALL 21208067 1 0 1706822419
WALL 21208067 1 0 1706822420
WALL 21208067 1 0 1706822421
WALL 21208067 1 0 1706822422
WALL 21208067 1 0 1706822423
WALL 21208067 1 0 1706822424
WALL 21208067 1 0 1706822425
WALL 21208067 1 0 1706822426
WALL 21208067 1 0 1706822427
WALL 21208067 1 0 1706822428
WALL 21208067 1 0 1706822429
WALL 21208067 1 0 1706822430
WALL 21208067 1 0 1706822431
WALL 21208067 1 0 1706822432
WALL 21208067 1 0 1706822433
WALL 21208067 1 0 1706822434
WALL 21208067 1 0 1706822435
WALL 21208067 1 0 1706822436
WALL 21208067 1 0 1706822437
WALL 21208067 1 0 1706822438
WALL 21208067 1 0 1706822439
WALL 21208067 1 0 1706822440
WALL 21208067 1 0 1706822441
WALL 21208067 1 0 1706822442
WALL 21208067 1 0 1706822443
WALL 21208067 1 0 1706822444
WALL 21208067 1 0 1706822445
WALL 21208067 1 0 1706822446
WALL 21208067 1 0 1706822447
WALL 21208067 1 0 1706822448
WALL 21208067 1 0 1706822449
WALL 21208067 1 0 1706822450
WALL 21208067 1 0 1706822451
WALL 21208067 1 0 1706822452
WALL 21208067 1 0 1706822453
WALL 21208067 1 0 1706822454
WALL 21208067 1 0 1706822455
WALL 21208067 1 0 1706822456
WALL 21208067 1 0 1706822457
WALL 21208067 1 0 1706822458
WALL 21208067 1 0 1706822459
WALL 21208067 1 0 1706822460
WALL 21208067 1 0 1706822461
WALL 21208067 1 0 1706822462
WALL 21208067 1 0 1706822463
WALL 21208067 1 0 1706822464
WALL 21208067 1 0 1706822465
WALL 21208067 1 0 1706822466
WALL 21208067 1 0 1706822467
WALL 21208067 1 0 1706822468
WALL 21208067 1 0 1706822469
WALL 21208067 1 0 1706822470
WALL 21208067 1 0 1706822471
WALL 21208067 1 0 1706822472
WALL 21208067 1 0 1706822473
WALL 21208067 1 0 1706822474
WALL 21208067 1 0 1706822475
WALL 21208067 1 0 1706822476
WALL 21208067 1 0 1706822477
WALL 21208067 1 0 1706822478
WALL 21208067 1 0 1706822479
WALL 21208067 1 0 1706822480
WALL 21208067 1 0 1706822481
WALL 21208067 1 0 1706822482
slurmstepd: error: *** STEP 21208067.0 ON nid200048 CANCELLED AT 2024-02-01T21:21:22 ***
received SIGTERM 1706822482
WALL 21208067 1 0 1706822482
received SIGCONT 1706822482
WALL 21208067 1 0 1706822482
WALL 21208067 1 0 1706822483
WALL 21208067 1 0 1706822484
WALL 21208067 1 0 1706822485
WALL 21208067 1 0 1706822486
WALL 21208067 1 0 1706822487
WALL 21208067 1 0 1706822488
WALL 21208067 1 0 1706822489
WALL 21208067 1 0 1706822490
WALL 21208067 1 0 1706822491
WALL 21208067 1 0 1706822492
WALL 21208067 1 0 1706822493
WALL 21208067 1 0 1706822494
WALL 21208067 1 0 1706822495
WALL 21208067 1 0 1706822496
WALL 21208067 1 0 1706822497
WALL 21208067 1 0 1706822498
WALL 21208067 1 0 1706822499
WALL 21208067 1 0 1706822500
WALL 21208067 1 0 1706822501
WALL 21208067 1 0 1706822502
WALL 21208067 1 0 1706822503
WALL 21208067 1 0 1706822504
WALL 21208067 1 0 1706822505
WALL 21208067 1 0 1706822506
WALL 21208067 1 0 1706822507
WALL 21208067 1 0 1706822508
WALL 21208067 1 0 1706822509
WALL 21208067 1 0 1706822510
WALL 21208067 1 0 1706822511
WALL 21208067 1 0 1706822512
WALL 21208067 1 0 1706822513
WALL 21208067 1 0 1706822514
WALL 21208067 1 0 1706822515
WALL 21208067 1 0 1706822516
WALL 21208067 1 0 1706822517
WALL 21208067 1 0 1706822518
WALL 21208067 1 0 1706822519
WALL 21208067 1 0 1706822520
WALL 21208067 1 0 1706822521
WALL 21208067 1 0 1706822522
WALL 21208067 1 0 1706822523
WALL 21208067 1 0 1706822524
WALL 21208067 1 0 1706822525
WALL 21208067 1 0 1706822526
WALL 21208067 1 0 1706822527
WALL 21208067 1 0 1706822528
WALL 21208067 1 0 1706822529
WALL 21208067 1 0 1706822530
WALL 21208067 1 0 1706822531
WALL 21208067 1 0 1706822532
WALL 21208067 1 0 1706822533
WALL 21208067 1 0 1706822534
WALL 21208067 1 0 1706822535
WALL 21208067 1 0 1706822536
WALL 21208067 1 0 1706822537
WALL 21208067 1 0 1706822538
WALL 21208067 1 0 1706822539
WALL 21208067 1 0 1706822540
WALL 21208067 1 0 1706822541
WALL 21208067 1 0 1706822542
WALL 21208067 1 0 1706822543
WALL 21208067 1 0 1706822544
WALL 21208067 1 0 1706822545
WALL 21208067 1 0 1706822546
WALL 21208067 1 0 1706822547
WALL 21208067 1 0 1706822548
WALL 21208067 1 0 1706822549
WALL 21208067 1 0 1706822550
WALL 21208067 1 0 1706822551
slurmstepd: error: *** JOB 21208067 ON nid200048 CANCELLED AT 2024-02-01T21:22:32 DUE TO PREEMPTION ***
received SIGTERM 1706822552
WALL 21208067 1 0 1706822552
received SIGCONT 1706822552
WALL 21208067 1 0 1706822552
received SIGTERM 1706822552
WALL 21208067 1 0 1706822552
