WALL 21086847 1 0 1706655795
WALL 21086847 1 0 1706655796
WALL 21086847 1 0 1706655797
WALL 21086847 1 0 1706655798
WALL 21086847 1 0 1706655799
WALL 21086847 1 0 1706655800
WALL 21086847 1 0 1706655801
WALL 21086847 1 0 1706655802
WALL 21086847 1 0 1706655803
WALL 21086847 1 0 1706655804
WALL 21086847 1 0 1706655805
WALL 21086847 1 0 1706655806
WALL 21086847 1 0 1706655807
WALL 21086847 1 0 1706655808
WALL 21086847 1 0 1706655809
WALL 21086847 1 0 1706655810
WALL 21086847 1 0 1706655811
WALL 21086847 1 0 1706655812
WALL 21086847 1 0 1706655813
WALL 21086847 1 0 1706655814
WALL 21086847 1 0 1706655815
WALL 21086847 1 0 1706655816
WALL 21086847 1 0 1706655817
WALL 21086847 1 0 1706655818
WALL 21086847 1 0 1706655819
WALL 21086847 1 0 1706655820
WALL 21086847 1 0 1706655821
WALL 21086847 1 0 1706655822
WALL 21086847 1 0 1706655823
WALL 21086847 1 0 1706655824
WALL 21086847 1 0 1706655825
WALL 21086847 1 0 1706655826
WALL 21086847 1 0 1706655827
WALL 21086847 1 0 1706655828
WALL 21086847 1 0 1706655829
WALL 21086847 1 0 1706655830
WALL 21086847 1 0 1706655831
WALL 21086847 1 0 1706655832
WALL 21086847 1 0 1706655833
WALL 21086847 1 0 1706655834
WALL 21086847 1 0 1706655835
WALL 21086847 1 0 1706655836
WALL 21086847 1 0 1706655837
WALL 21086847 1 0 1706655838
WALL 21086847 1 0 1706655839
WALL 21086847 1 0 1706655840
WALL 21086847 1 0 1706655841
WALL 21086847 1 0 1706655842
WALL 21086847 1 0 1706655843
WALL 21086847 1 0 1706655844
WALL 21086847 1 0 1706655845
WALL 21086847 1 0 1706655846
WALL 21086847 1 0 1706655847
WALL 21086847 1 0 1706655848
WALL 21086847 1 0 1706655849
WALL 21086847 1 0 1706655850
WALL 21086847 1 0 1706655851
WALL 21086847 1 0 1706655852
WALL 21086847 1 0 1706655853
WALL 21086847 1 0 1706655854
WALL 21086847 1 0 1706655855
WALL 21086847 1 0 1706655856
WALL 21086847 1 0 1706655857
WALL 21086847 1 0 1706655858
WALL 21086847 1 0 1706655859
WALL 21086847 1 0 1706655860
WALL 21086847 1 0 1706655861
WALL 21086847 1 0 1706655862
WALL 21086847 1 0 1706655863
WALL 21086847 1 0 1706655864
WALL 21086847 1 0 1706655865
WALL 21086847 1 0 1706655866
WALL 21086847 1 0 1706655867
WALL 21086847 1 0 1706655868
WALL 21086847 1 0 1706655869
WALL 21086847 1 0 1706655870
WALL 21086847 1 0 1706655871
WALL 21086847 1 0 1706655872
WALL 21086847 1 0 1706655873
WALL 21086847 1 0 1706655874
WALL 21086847 1 0 1706655875
WALL 21086847 1 0 1706655876
WALL 21086847 1 0 1706655877
WALL 21086847 1 0 1706655878
WALL 21086847 1 0 1706655879
WALL 21086847 1 0 1706655880
WALL 21086847 1 0 1706655881
WALL 21086847 1 0 1706655882
WALL 21086847 1 0 1706655883
WALL 21086847 1 0 1706655884
WALL 21086847 1 0 1706655885
WALL 21086847 1 0 1706655886
WALL 21086847 1 0 1706655887
WALL 21086847 1 0 1706655888
WALL 21086847 1 0 1706655889
WALL 21086847 1 0 1706655890
WALL 21086847 1 0 1706655891
WALL 21086847 1 0 1706655892
WALL 21086847 1 0 1706655893
WALL 21086847 1 0 1706655894
WALL 21086847 1 0 1706655895
WALL 21086847 1 0 1706655896
WALL 21086847 1 0 1706655897
WALL 21086847 1 0 1706655898
WALL 21086847 1 0 1706655899
WALL 21086847 1 0 1706655900
WALL 21086847 1 0 1706655901
WALL 21086847 1 0 1706655902
WALL 21086847 1 0 1706655903
WALL 21086847 1 0 1706655904
WALL 21086847 1 0 1706655905
WALL 21086847 1 0 1706655906
WALL 21086847 1 0 1706655907
WALL 21086847 1 0 1706655908
WALL 21086847 1 0 1706655909
WALL 21086847 1 0 1706655910
WALL 21086847 1 0 1706655911
WALL 21086847 1 0 1706655912
WALL 21086847 1 0 1706655913
WALL 21086847 1 0 1706655914
WALL 21086847 1 0 1706655915
WALL 21086847 1 0 1706655916
WALL 21086847 1 0 1706655917
WALL 21086847 1 0 1706655918
WALL 21086847 1 0 1706655919
WALL 21086847 1 0 1706655920
WALL 21086847 1 0 1706655921
WALL 21086847 1 0 1706655922
WALL 21086847 1 0 1706655923
WALL 21086847 1 0 1706655924
WALL 21086847 1 0 1706655925
WALL 21086847 1 0 1706655926
WALL 21086847 1 0 1706655927
WALL 21086847 1 0 1706655928
WALL 21086847 1 0 1706655929
WALL 21086847 1 0 1706655930
WALL 21086847 1 0 1706655931
WALL 21086847 1 0 1706655932
WALL 21086847 1 0 1706655933
WALL 21086847 1 0 1706655934
WALL 21086847 1 0 1706655935
WALL 21086847 1 0 1706655936
WALL 21086847 1 0 1706655937
WALL 21086847 1 0 1706655938
WALL 21086847 1 0 1706655939
WALL 21086847 1 0 1706655940
WALL 21086847 1 0 1706655941
WALL 21086847 1 0 1706655942
WALL 21086847 1 0 1706655943
WALL 21086847 1 0 1706655944
WALL 21086847 1 0 1706655945
WALL 21086847 1 0 1706655946
WALL 21086847 1 0 1706655947
WALL 21086847 1 0 1706655948
WALL 21086847 1 0 1706655949
WALL 21086847 1 0 1706655950
WALL 21086847 1 0 1706655951
WALL 21086847 1 0 1706655952
WALL 21086847 1 0 1706655953
WALL 21086847 1 0 1706655954
WALL 21086847 1 0 1706655955
WALL 21086847 1 0 1706655956
WALL 21086847 1 0 1706655957
WALL 21086847 1 0 1706655958
WALL 21086847 1 0 1706655959
WALL 21086847 1 0 1706655960
WALL 21086847 1 0 1706655961
WALL 21086847 1 0 1706655962
WALL 21086847 1 0 1706655963
WALL 21086847 1 0 1706655964
WALL 21086847 1 0 1706655965
WALL 21086847 1 0 1706655966
WALL 21086847 1 0 1706655967
WALL 21086847 1 0 1706655968
WALL 21086847 1 0 1706655969
WALL 21086847 1 0 1706655970
WALL 21086847 1 0 1706655971
WALL 21086847 1 0 1706655972
WALL 21086847 1 0 1706655973
WALL 21086847 1 0 1706655974
WALL 21086847 1 0 1706655975
WALL 21086847 1 0 1706655976
WALL 21086847 1 0 1706655977
WALL 21086847 1 0 1706655978
WALL 21086847 1 0 1706655979
WALL 21086847 1 0 1706655980
WALL 21086847 1 0 1706655981
WALL 21086847 1 0 1706655982
WALL 21086847 1 0 1706655983
WALL 21086847 1 0 1706655984
WALL 21086847 1 0 1706655985
WALL 21086847 1 0 1706655986
WALL 21086847 1 0 1706655987
WALL 21086847 1 0 1706655988
WALL 21086847 1 0 1706655989
WALL 21086847 1 0 1706655990
WALL 21086847 1 0 1706655991
WALL 21086847 1 0 1706655992
WALL 21086847 1 0 1706655993
WALL 21086847 1 0 1706655994
WALL 21086847 1 0 1706655995
WALL 21086847 1 0 1706655996
WALL 21086847 1 0 1706655997
WALL 21086847 1 0 1706655998
WALL 21086847 1 0 1706655999
WALL 21086847 1 0 1706656000
WALL 21086847 1 0 1706656001
WALL 21086847 1 0 1706656002
WALL 21086847 1 0 1706656003
WALL 21086847 1 0 1706656004
WALL 21086847 1 0 1706656005
WALL 21086847 1 0 1706656006
WALL 21086847 1 0 1706656007
WALL 21086847 1 0 1706656008
WALL 21086847 1 0 1706656009
WALL 21086847 1 0 1706656010
WALL 21086847 1 0 1706656011
WALL 21086847 1 0 1706656012
WALL 21086847 1 0 1706656013
WALL 21086847 1 0 1706656014
WALL 21086847 1 0 1706656015
WALL 21086847 1 0 1706656016
WALL 21086847 1 0 1706656017
WALL 21086847 1 0 1706656018
WALL 21086847 1 0 1706656019
WALL 21086847 1 0 1706656020
WALL 21086847 1 0 1706656021
WALL 21086847 1 0 1706656022
WALL 21086847 1 0 1706656023
WALL 21086847 1 0 1706656024
WALL 21086847 1 0 1706656025
WALL 21086847 1 0 1706656026
WALL 21086847 1 0 1706656027
WALL 21086847 1 0 1706656028
WALL 21086847 1 0 1706656029
WALL 21086847 1 0 1706656030
WALL 21086847 1 0 1706656031
WALL 21086847 1 0 1706656032
WALL 21086847 1 0 1706656033
WALL 21086847 1 0 1706656034
WALL 21086847 1 0 1706656035
WALL 21086847 1 0 1706656036
WALL 21086847 1 0 1706656037
WALL 21086847 1 0 1706656038
WALL 21086847 1 0 1706656039
WALL 21086847 1 0 1706656040
WALL 21086847 1 0 1706656041
WALL 21086847 1 0 1706656042
WALL 21086847 1 0 1706656043
WALL 21086847 1 0 1706656044
WALL 21086847 1 0 1706656045
WALL 21086847 1 0 1706656046
WALL 21086847 1 0 1706656047
WALL 21086847 1 0 1706656048
WALL 21086847 1 0 1706656049
WALL 21086847 1 0 1706656050
WALL 21086847 1 0 1706656051
WALL 21086847 1 0 1706656052
WALL 21086847 1 0 1706656053
WALL 21086847 1 0 1706656054
WALL 21086847 1 0 1706656055
WALL 21086847 1 0 1706656056
WALL 21086847 1 0 1706656057
WALL 21086847 1 0 1706656058
WALL 21086847 1 0 1706656059
WALL 21086847 1 0 1706656060
WALL 21086847 1 0 1706656061
WALL 21086847 1 0 1706656062
WALL 21086847 1 0 1706656063
WALL 21086847 1 0 1706656064
WALL 21086847 1 0 1706656065
WALL 21086847 1 0 1706656066
WALL 21086847 1 0 1706656067
WALL 21086847 1 0 1706656068
WALL 21086847 1 0 1706656069
WALL 21086847 1 0 1706656070
WALL 21086847 1 0 1706656071
WALL 21086847 1 0 1706656072
WALL 21086847 1 0 1706656073
WALL 21086847 1 0 1706656074
WALL 21086847 1 0 1706656075
WALL 21086847 1 0 1706656076
WALL 21086847 1 0 1706656077
WALL 21086847 1 0 1706656078
WALL 21086847 1 0 1706656079
WALL 21086847 1 0 1706656080
WALL 21086847 1 0 1706656081
WALL 21086847 1 0 1706656082
WALL 21086847 1 0 1706656083
WALL 21086847 1 0 1706656084
WALL 21086847 1 0 1706656085
WALL 21086847 1 0 1706656086
WALL 21086847 1 0 1706656087
WALL 21086847 1 0 1706656088
WALL 21086847 1 0 1706656089
WALL 21086847 1 0 1706656090
WALL 21086847 1 0 1706656091
WALL 21086847 1 0 1706656092
WALL 21086847 1 0 1706656093
WALL 21086847 1 0 1706656094
WALL 21086847 1 0 1706656095
WALL 21086847 1 0 1706656096
WALL 21086847 1 0 1706656097
WALL 21086847 1 0 1706656098
WALL 21086847 1 0 1706656099
WALL 21086847 1 0 1706656100
WALL 21086847 1 0 1706656101
WALL 21086847 1 0 1706656102
WALL 21086847 1 0 1706656103
WALL 21086847 1 0 1706656104
WALL 21086847 1 0 1706656105
WALL 21086847 1 0 1706656106
WALL 21086847 1 0 1706656107
WALL 21086847 1 0 1706656108
WALL 21086847 1 0 1706656109
WALL 21086847 1 0 1706656110
WALL 21086847 1 0 1706656111
WALL 21086847 1 0 1706656112
WALL 21086847 1 0 1706656113
WALL 21086847 1 0 1706656114
WALL 21086847 1 0 1706656115
WALL 21086847 1 0 1706656116
WALL 21086847 1 0 1706656117
WALL 21086847 1 0 1706656118
WALL 21086847 1 0 1706656119
WALL 21086847 1 0 1706656120
WALL 21086847 1 0 1706656121
WALL 21086847 1 0 1706656122
WALL 21086847 1 0 1706656123
WALL 21086847 1 0 1706656124
WALL 21086847 1 0 1706656125
WALL 21086847 1 0 1706656126
WALL 21086847 1 0 1706656127
WALL 21086847 1 0 1706656128
WALL 21086847 1 0 1706656129
WALL 21086847 1 0 1706656130
WALL 21086847 1 0 1706656131
WALL 21086847 1 0 1706656132
WALL 21086847 1 0 1706656133
WALL 21086847 1 0 1706656134
WALL 21086847 1 0 1706656135
WALL 21086847 1 0 1706656136
WALL 21086847 1 0 1706656137
WALL 21086847 1 0 1706656138
WALL 21086847 1 0 1706656139
WALL 21086847 1 0 1706656140
WALL 21086847 1 0 1706656141
WALL 21086847 1 0 1706656142
WALL 21086847 1 0 1706656143
WALL 21086847 1 0 1706656144
WALL 21086847 1 0 1706656145
WALL 21086847 1 0 1706656146
WALL 21086847 1 0 1706656147
WALL 21086847 1 0 1706656148
WALL 21086847 1 0 1706656149
WALL 21086847 1 0 1706656150
WALL 21086847 1 0 1706656151
WALL 21086847 1 0 1706656152
WALL 21086847 1 0 1706656153
WALL 21086847 1 0 1706656154
WALL 21086847 1 0 1706656155
WALL 21086847 1 0 1706656156
WALL 21086847 1 0 1706656157
WALL 21086847 1 0 1706656158
WALL 21086847 1 0 1706656159
WALL 21086847 1 0 1706656160
WALL 21086847 1 0 1706656161
WALL 21086847 1 0 1706656162
WALL 21086847 1 0 1706656163
WALL 21086847 1 0 1706656164
WALL 21086847 1 0 1706656165
WALL 21086847 1 0 1706656166
WALL 21086847 1 0 1706656167
WALL 21086847 1 0 1706656168
WALL 21086847 1 0 1706656169
WALL 21086847 1 0 1706656170
WALL 21086847 1 0 1706656171
WALL 21086847 1 0 1706656172
WALL 21086847 1 0 1706656173
WALL 21086847 1 0 1706656174
WALL 21086847 1 0 1706656175
WALL 21086847 1 0 1706656176
WALL 21086847 1 0 1706656177
WALL 21086847 1 0 1706656178
WALL 21086847 1 0 1706656179
WALL 21086847 1 0 1706656180
WALL 21086847 1 0 1706656181
WALL 21086847 1 0 1706656182
WALL 21086847 1 0 1706656183
WALL 21086847 1 0 1706656184
WALL 21086847 1 0 1706656185
WALL 21086847 1 0 1706656186
WALL 21086847 1 0 1706656187
WALL 21086847 1 0 1706656188
WALL 21086847 1 0 1706656189
WALL 21086847 1 0 1706656190
WALL 21086847 1 0 1706656191
WALL 21086847 1 0 1706656192
WALL 21086847 1 0 1706656193
WALL 21086847 1 0 1706656194
WALL 21086847 1 0 1706656195
WALL 21086847 1 0 1706656196
WALL 21086847 1 0 1706656197
WALL 21086847 1 0 1706656198
WALL 21086847 1 0 1706656199
WALL 21086847 1 0 1706656200
WALL 21086847 1 0 1706656201
WALL 21086847 1 0 1706656202
WALL 21086847 1 0 1706656203
WALL 21086847 1 0 1706656204
WALL 21086847 1 0 1706656205
WALL 21086847 1 0 1706656206
WALL 21086847 1 0 1706656207
WALL 21086847 1 0 1706656208
WALL 21086847 1 0 1706656209
WALL 21086847 1 0 1706656210
WALL 21086847 1 0 1706656211
WALL 21086847 1 0 1706656212
WALL 21086847 1 0 1706656213
WALL 21086847 1 0 1706656214
WALL 21086847 1 0 1706656215
WALL 21086847 1 0 1706656216
WALL 21086847 1 0 1706656217
WALL 21086847 1 0 1706656218
WALL 21086847 1 0 1706656219
WALL 21086847 1 0 1706656220
WALL 21086847 1 0 1706656221
WALL 21086847 1 0 1706656222
WALL 21086847 1 0 1706656223
WALL 21086847 1 0 1706656224
WALL 21086847 1 0 1706656225
WALL 21086847 1 0 1706656226
WALL 21086847 1 0 1706656227
WALL 21086847 1 0 1706656228
WALL 21086847 1 0 1706656229
WALL 21086847 1 0 1706656230
WALL 21086847 1 0 1706656231
WALL 21086847 1 0 1706656232
WALL 21086847 1 0 1706656233
WALL 21086847 1 0 1706656234
WALL 21086847 1 0 1706656235
WALL 21086847 1 0 1706656236
WALL 21086847 1 0 1706656237
WALL 21086847 1 0 1706656238
WALL 21086847 1 0 1706656239
WALL 21086847 1 0 1706656240
WALL 21086847 1 0 1706656241
WALL 21086847 1 0 1706656242
WALL 21086847 1 0 1706656243
WALL 21086847 1 0 1706656244
WALL 21086847 1 0 1706656245
WALL 21086847 1 0 1706656246
WALL 21086847 1 0 1706656247
WALL 21086847 1 0 1706656248
WALL 21086847 1 0 1706656249
WALL 21086847 1 0 1706656250
WALL 21086847 1 0 1706656251
WALL 21086847 1 0 1706656252
WALL 21086847 1 0 1706656253
WALL 21086847 1 0 1706656254
WALL 21086847 1 0 1706656255
WALL 21086847 1 0 1706656256
WALL 21086847 1 0 1706656257
WALL 21086847 1 0 1706656258
WALL 21086847 1 0 1706656259
WALL 21086847 1 0 1706656260
WALL 21086847 1 0 1706656261
WALL 21086847 1 0 1706656262
WALL 21086847 1 0 1706656263
WALL 21086847 1 0 1706656264
WALL 21086847 1 0 1706656265
WALL 21086847 1 0 1706656266
WALL 21086847 1 0 1706656267
WALL 21086847 1 0 1706656268
WALL 21086847 1 0 1706656269
WALL 21086847 1 0 1706656270
WALL 21086847 1 0 1706656271
WALL 21086847 1 0 1706656272
WALL 21086847 1 0 1706656273
WALL 21086847 1 0 1706656274
WALL 21086847 1 0 1706656275
WALL 21086847 1 0 1706656276
WALL 21086847 1 0 1706656277
WALL 21086847 1 0 1706656278
WALL 21086847 1 0 1706656279
WALL 21086847 1 0 1706656280
WALL 21086847 1 0 1706656281
WALL 21086847 1 0 1706656282
WALL 21086847 1 0 1706656283
WALL 21086847 1 0 1706656284
WALL 21086847 1 0 1706656285
WALL 21086847 1 0 1706656286
WALL 21086847 1 0 1706656287
WALL 21086847 1 0 1706656288
WALL 21086847 1 0 1706656289
WALL 21086847 1 0 1706656290
WALL 21086847 1 0 1706656291
WALL 21086847 1 0 1706656292
WALL 21086847 1 0 1706656293
WALL 21086847 1 0 1706656294
WALL 21086847 1 0 1706656295
WALL 21086847 1 0 1706656296
WALL 21086847 1 0 1706656297
WALL 21086847 1 0 1706656298
WALL 21086847 1 0 1706656299
WALL 21086847 1 0 1706656300
WALL 21086847 1 0 1706656301
WALL 21086847 1 0 1706656302
WALL 21086847 1 0 1706656303
WALL 21086847 1 0 1706656304
WALL 21086847 1 0 1706656305
WALL 21086847 1 0 1706656306
WALL 21086847 1 0 1706656307
WALL 21086847 1 0 1706656308
WALL 21086847 1 0 1706656309
WALL 21086847 1 0 1706656310
WALL 21086847 1 0 1706656311
WALL 21086847 1 0 1706656312
WALL 21086847 1 0 1706656313
WALL 21086847 1 0 1706656314
WALL 21086847 1 0 1706656315
WALL 21086847 1 0 1706656316
WALL 21086847 1 0 1706656317
WALL 21086847 1 0 1706656318
WALL 21086847 1 0 1706656319
WALL 21086847 1 0 1706656320
WALL 21086847 1 0 1706656321
WALL 21086847 1 0 1706656322
WALL 21086847 1 0 1706656323
WALL 21086847 1 0 1706656324
WALL 21086847 1 0 1706656325
WALL 21086847 1 0 1706656326
WALL 21086847 1 0 1706656327
WALL 21086847 1 0 1706656328
WALL 21086847 1 0 1706656329
WALL 21086847 1 0 1706656330
WALL 21086847 1 0 1706656331
WALL 21086847 1 0 1706656332
WALL 21086847 1 0 1706656333
WALL 21086847 1 0 1706656334
WALL 21086847 1 0 1706656335
WALL 21086847 1 0 1706656336
WALL 21086847 1 0 1706656337
WALL 21086847 1 0 1706656338
WALL 21086847 1 0 1706656339
WALL 21086847 1 0 1706656340
WALL 21086847 1 0 1706656341
WALL 21086847 1 0 1706656342
WALL 21086847 1 0 1706656343
WALL 21086847 1 0 1706656344
WALL 21086847 1 0 1706656345
WALL 21086847 1 0 1706656346
WALL 21086847 1 0 1706656347
WALL 21086847 1 0 1706656348
WALL 21086847 1 0 1706656349
WALL 21086847 1 0 1706656350
WALL 21086847 1 0 1706656351
WALL 21086847 1 0 1706656352
WALL 21086847 1 0 1706656353
WALL 21086847 1 0 1706656354
WALL 21086847 1 0 1706656355
WALL 21086847 1 0 1706656356
WALL 21086847 1 0 1706656357
WALL 21086847 1 0 1706656358
WALL 21086847 1 0 1706656359
WALL 21086847 1 0 1706656360
WALL 21086847 1 0 1706656361
WALL 21086847 1 0 1706656362
WALL 21086847 1 0 1706656363
WALL 21086847 1 0 1706656364
WALL 21086847 1 0 1706656365
WALL 21086847 1 0 1706656366
WALL 21086847 1 0 1706656367
WALL 21086847 1 0 1706656368
WALL 21086847 1 0 1706656369
WALL 21086847 1 0 1706656370
WALL 21086847 1 0 1706656371
WALL 21086847 1 0 1706656372
WALL 21086847 1 0 1706656373
WALL 21086847 1 0 1706656374
WALL 21086847 1 0 1706656375
WALL 21086847 1 0 1706656376
WALL 21086847 1 0 1706656377
WALL 21086847 1 0 1706656378
WALL 21086847 1 0 1706656379
WALL 21086847 1 0 1706656380
WALL 21086847 1 0 1706656381
WALL 21086847 1 0 1706656382
WALL 21086847 1 0 1706656383
WALL 21086847 1 0 1706656384
WALL 21086847 1 0 1706656385
WALL 21086847 1 0 1706656386
WALL 21086847 1 0 1706656387
WALL 21086847 1 0 1706656388
WALL 21086847 1 0 1706656389
WALL 21086847 1 0 1706656390
WALL 21086847 1 0 1706656391
WALL 21086847 1 0 1706656392
WALL 21086847 1 0 1706656393
WALL 21086847 1 0 1706656394
WALL 21086847 1 0 1706656395
WALL 21086847 1 0 1706656396
WALL 21086847 1 0 1706656397
WALL 21086847 1 0 1706656398
WALL 21086847 1 0 1706656399
WALL 21086847 1 0 1706656400
WALL 21086847 1 0 1706656401
WALL 21086847 1 0 1706656402
WALL 21086847 1 0 1706656403
WALL 21086847 1 0 1706656404
WALL 21086847 1 0 1706656405
WALL 21086847 1 0 1706656406
WALL 21086847 1 0 1706656407
WALL 21086847 1 0 1706656408
WALL 21086847 1 0 1706656409
WALL 21086847 1 0 1706656410
WALL 21086847 1 0 1706656411
WALL 21086847 1 0 1706656412
WALL 21086847 1 0 1706656413
WALL 21086847 1 0 1706656414
WALL 21086847 1 0 1706656415
WALL 21086847 1 0 1706656416
WALL 21086847 1 0 1706656417
WALL 21086847 1 0 1706656418
WALL 21086847 1 0 1706656419
WALL 21086847 1 0 1706656420
WALL 21086847 1 0 1706656421
WALL 21086847 1 0 1706656422
WALL 21086847 1 0 1706656423
WALL 21086847 1 0 1706656424
WALL 21086847 1 0 1706656425
WALL 21086847 1 0 1706656426
WALL 21086847 1 0 1706656427
WALL 21086847 1 0 1706656428
WALL 21086847 1 0 1706656429
WALL 21086847 1 0 1706656430
WALL 21086847 1 0 1706656431
WALL 21086847 1 0 1706656432
WALL 21086847 1 0 1706656433
WALL 21086847 1 0 1706656434
WALL 21086847 1 0 1706656435
WALL 21086847 1 0 1706656436
WALL 21086847 1 0 1706656437
WALL 21086847 1 0 1706656438
WALL 21086847 1 0 1706656439
WALL 21086847 1 0 1706656440
WALL 21086847 1 0 1706656441
WALL 21086847 1 0 1706656442
WALL 21086847 1 0 1706656443
WALL 21086847 1 0 1706656444
WALL 21086847 1 0 1706656445
WALL 21086847 1 0 1706656446
WALL 21086847 1 0 1706656447
WALL 21086847 1 0 1706656448
WALL 21086847 1 0 1706656449
WALL 21086847 1 0 1706656450
WALL 21086847 1 0 1706656451
WALL 21086847 1 0 1706656452
WALL 21086847 1 0 1706656453
WALL 21086847 1 0 1706656454
WALL 21086847 1 0 1706656455
WALL 21086847 1 0 1706656456
WALL 21086847 1 0 1706656457
WALL 21086847 1 0 1706656458
WALL 21086847 1 0 1706656459
WALL 21086847 1 0 1706656460
WALL 21086847 1 0 1706656461
WALL 21086847 1 0 1706656462
WALL 21086847 1 0 1706656463
WALL 21086847 1 0 1706656464
WALL 21086847 1 0 1706656465
WALL 21086847 1 0 1706656466
WALL 21086847 1 0 1706656467
WALL 21086847 1 0 1706656468
WALL 21086847 1 0 1706656469
WALL 21086847 1 0 1706656470
WALL 21086847 1 0 1706656471
WALL 21086847 1 0 1706656472
WALL 21086847 1 0 1706656473
WALL 21086847 1 0 1706656474
WALL 21086847 1 0 1706656475
WALL 21086847 1 0 1706656476
WALL 21086847 1 0 1706656477
WALL 21086847 1 0 1706656478
WALL 21086847 1 0 1706656479
WALL 21086847 1 0 1706656480
WALL 21086847 1 0 1706656481
WALL 21086847 1 0 1706656482
WALL 21086847 1 0 1706656483
WALL 21086847 1 0 1706656484
WALL 21086847 1 0 1706656485
WALL 21086847 1 0 1706656486
WALL 21086847 1 0 1706656487
WALL 21086847 1 0 1706656488
WALL 21086847 1 0 1706656489
WALL 21086847 1 0 1706656490
WALL 21086847 1 0 1706656491
WALL 21086847 1 0 1706656492
WALL 21086847 1 0 1706656493
WALL 21086847 1 0 1706656494
WALL 21086847 1 0 1706656495
WALL 21086847 1 0 1706656496
WALL 21086847 1 0 1706656497
WALL 21086847 1 0 1706656498
WALL 21086847 1 0 1706656499
WALL 21086847 1 0 1706656500
WALL 21086847 1 0 1706656501
WALL 21086847 1 0 1706656502
WALL 21086847 1 0 1706656503
WALL 21086847 1 0 1706656504
WALL 21086847 1 0 1706656505
WALL 21086847 1 0 1706656506
WALL 21086847 1 0 1706656507
WALL 21086847 1 0 1706656508
WALL 21086847 1 0 1706656509
WALL 21086847 1 0 1706656510
WALL 21086847 1 0 1706656511
WALL 21086847 1 0 1706656512
WALL 21086847 1 0 1706656513
WALL 21086847 1 0 1706656514
WALL 21086847 1 0 1706656515
WALL 21086847 1 0 1706656516
WALL 21086847 1 0 1706656517
WALL 21086847 1 0 1706656518
WALL 21086847 1 0 1706656519
WALL 21086847 1 0 1706656520
WALL 21086847 1 0 1706656521
WALL 21086847 1 0 1706656522
WALL 21086847 1 0 1706656523
WALL 21086847 1 0 1706656524
WALL 21086847 1 0 1706656525
WALL 21086847 1 0 1706656526
WALL 21086847 1 0 1706656527
WALL 21086847 1 0 1706656528
WALL 21086847 1 0 1706656529
WALL 21086847 1 0 1706656530
WALL 21086847 1 0 1706656531
WALL 21086847 1 0 1706656532
WALL 21086847 1 0 1706656533
WALL 21086847 1 0 1706656534
WALL 21086847 1 0 1706656535
WALL 21086847 1 0 1706656536
WALL 21086847 1 0 1706656537
WALL 21086847 1 0 1706656538
WALL 21086847 1 0 1706656539
WALL 21086847 1 0 1706656540
WALL 21086847 1 0 1706656541
WALL 21086847 1 0 1706656542
WALL 21086847 1 0 1706656543
WALL 21086847 1 0 1706656544
WALL 21086847 1 0 1706656545
WALL 21086847 1 0 1706656546
WALL 21086847 1 0 1706656547
WALL 21086847 1 0 1706656548
WALL 21086847 1 0 1706656549
WALL 21086847 1 0 1706656550
WALL 21086847 1 0 1706656551
WALL 21086847 1 0 1706656552
WALL 21086847 1 0 1706656553
WALL 21086847 1 0 1706656554
WALL 21086847 1 0 1706656555
WALL 21086847 1 0 1706656556
WALL 21086847 1 0 1706656557
WALL 21086847 1 0 1706656558
WALL 21086847 1 0 1706656559
WALL 21086847 1 0 1706656560
WALL 21086847 1 0 1706656561
WALL 21086847 1 0 1706656562
WALL 21086847 1 0 1706656563
WALL 21086847 1 0 1706656564
WALL 21086847 1 0 1706656565
WALL 21086847 1 0 1706656566
WALL 21086847 1 0 1706656567
WALL 21086847 1 0 1706656568
WALL 21086847 1 0 1706656569
WALL 21086847 1 0 1706656570
WALL 21086847 1 0 1706656571
WALL 21086847 1 0 1706656572
WALL 21086847 1 0 1706656573
WALL 21086847 1 0 1706656574
WALL 21086847 1 0 1706656575
WALL 21086847 1 0 1706656576
WALL 21086847 1 0 1706656577
WALL 21086847 1 0 1706656578
WALL 21086847 1 0 1706656579
WALL 21086847 1 0 1706656580
WALL 21086847 1 0 1706656581
WALL 21086847 1 0 1706656582
WALL 21086847 1 0 1706656583
WALL 21086847 1 0 1706656584
WALL 21086847 1 0 1706656585
WALL 21086847 1 0 1706656586
WALL 21086847 1 0 1706656587
WALL 21086847 1 0 1706656588
WALL 21086847 1 0 1706656589
WALL 21086847 1 0 1706656590
WALL 21086847 1 0 1706656591
WALL 21086847 1 0 1706656592
WALL 21086847 1 0 1706656593
WALL 21086847 1 0 1706656594
WALL 21086847 1 0 1706656595
WALL 21086847 1 0 1706656596
WALL 21086847 1 0 1706656597
WALL 21086847 1 0 1706656598
WALL 21086847 1 0 1706656599
WALL 21086847 1 0 1706656600
WALL 21086847 1 0 1706656601
WALL 21086847 1 0 1706656602
WALL 21086847 1 0 1706656603
WALL 21086847 1 0 1706656604
WALL 21086847 1 0 1706656605
WALL 21086847 1 0 1706656606
WALL 21086847 1 0 1706656607
WALL 21086847 1 0 1706656608
WALL 21086847 1 0 1706656609
WALL 21086847 1 0 1706656610
WALL 21086847 1 0 1706656611
WALL 21086847 1 0 1706656612
WALL 21086847 1 0 1706656613
WALL 21086847 1 0 1706656614
WALL 21086847 1 0 1706656615
WALL 21086847 1 0 1706656616
WALL 21086847 1 0 1706656617
WALL 21086847 1 0 1706656618
WALL 21086847 1 0 1706656619
WALL 21086847 1 0 1706656620
WALL 21086847 1 0 1706656621
WALL 21086847 1 0 1706656622
WALL 21086847 1 0 1706656623
WALL 21086847 1 0 1706656624
WALL 21086847 1 0 1706656625
WALL 21086847 1 0 1706656626
WALL 21086847 1 0 1706656627
WALL 21086847 1 0 1706656628
WALL 21086847 1 0 1706656629
WALL 21086847 1 0 1706656630
WALL 21086847 1 0 1706656631
WALL 21086847 1 0 1706656632
WALL 21086847 1 0 1706656633
WALL 21086847 1 0 1706656634
WALL 21086847 1 0 1706656635
WALL 21086847 1 0 1706656636
WALL 21086847 1 0 1706656637
WALL 21086847 1 0 1706656638
WALL 21086847 1 0 1706656639
WALL 21086847 1 0 1706656640
WALL 21086847 1 0 1706656641
WALL 21086847 1 0 1706656642
WALL 21086847 1 0 1706656643
WALL 21086847 1 0 1706656644
WALL 21086847 1 0 1706656645
WALL 21086847 1 0 1706656646
WALL 21086847 1 0 1706656647
WALL 21086847 1 0 1706656648
WALL 21086847 1 0 1706656649
WALL 21086847 1 0 1706656650
WALL 21086847 1 0 1706656651
WALL 21086847 1 0 1706656652
WALL 21086847 1 0 1706656653
WALL 21086847 1 0 1706656654
WALL 21086847 1 0 1706656655
WALL 21086847 1 0 1706656656
WALL 21086847 1 0 1706656657
WALL 21086847 1 0 1706656658
WALL 21086847 1 0 1706656659
WALL 21086847 1 0 1706656660
WALL 21086847 1 0 1706656661
WALL 21086847 1 0 1706656662
WALL 21086847 1 0 1706656663
WALL 21086847 1 0 1706656664
WALL 21086847 1 0 1706656665
WALL 21086847 1 0 1706656666
WALL 21086847 1 0 1706656667
WALL 21086847 1 0 1706656668
WALL 21086847 1 0 1706656669
WALL 21086847 1 0 1706656670
WALL 21086847 1 0 1706656671
WALL 21086847 1 0 1706656672
WALL 21086847 1 0 1706656673
WALL 21086847 1 0 1706656674
WALL 21086847 1 0 1706656675
WALL 21086847 1 0 1706656676
WALL 21086847 1 0 1706656677
WALL 21086847 1 0 1706656678
WALL 21086847 1 0 1706656679
WALL 21086847 1 0 1706656680
WALL 21086847 1 0 1706656681
WALL 21086847 1 0 1706656682
WALL 21086847 1 0 1706656683
WALL 21086847 1 0 1706656684
WALL 21086847 1 0 1706656685
WALL 21086847 1 0 1706656686
WALL 21086847 1 0 1706656687
WALL 21086847 1 0 1706656688
WALL 21086847 1 0 1706656689
WALL 21086847 1 0 1706656690
WALL 21086847 1 0 1706656691
WALL 21086847 1 0 1706656692
WALL 21086847 1 0 1706656693
WALL 21086847 1 0 1706656694
WALL 21086847 1 0 1706656695
WALL 21086847 1 0 1706656696
WALL 21086847 1 0 1706656697
WALL 21086847 1 0 1706656698
WALL 21086847 1 0 1706656699
WALL 21086847 1 0 1706656700
WALL 21086847 1 0 1706656701
WALL 21086847 1 0 1706656702
WALL 21086847 1 0 1706656703
WALL 21086847 1 0 1706656704
WALL 21086847 1 0 1706656705
WALL 21086847 1 0 1706656706
WALL 21086847 1 0 1706656707
WALL 21086847 1 0 1706656708
WALL 21086847 1 0 1706656709
WALL 21086847 1 0 1706656710
WALL 21086847 1 0 1706656711
WALL 21086847 1 0 1706656712
WALL 21086847 1 0 1706656713
WALL 21086847 1 0 1706656714
WALL 21086847 1 0 1706656715
WALL 21086847 1 0 1706656716
WALL 21086847 1 0 1706656717
WALL 21086847 1 0 1706656718
WALL 21086847 1 0 1706656719
WALL 21086847 1 0 1706656720
WALL 21086847 1 0 1706656721
WALL 21086847 1 0 1706656722
WALL 21086847 1 0 1706656723
WALL 21086847 1 0 1706656724
WALL 21086847 1 0 1706656725
WALL 21086847 1 0 1706656726
WALL 21086847 1 0 1706656727
WALL 21086847 1 0 1706656728
WALL 21086847 1 0 1706656729
WALL 21086847 1 0 1706656730
WALL 21086847 1 0 1706656731
WALL 21086847 1 0 1706656732
WALL 21086847 1 0 1706656733
WALL 21086847 1 0 1706656734
WALL 21086847 1 0 1706656735
WALL 21086847 1 0 1706656736
WALL 21086847 1 0 1706656737
WALL 21086847 1 0 1706656738
WALL 21086847 1 0 1706656739
WALL 21086847 1 0 1706656740
WALL 21086847 1 0 1706656741
WALL 21086847 1 0 1706656742
WALL 21086847 1 0 1706656743
WALL 21086847 1 0 1706656744
WALL 21086847 1 0 1706656745
WALL 21086847 1 0 1706656746
WALL 21086847 1 0 1706656747
WALL 21086847 1 0 1706656748
WALL 21086847 1 0 1706656749
WALL 21086847 1 0 1706656750
WALL 21086847 1 0 1706656751
WALL 21086847 1 0 1706656752
WALL 21086847 1 0 1706656753
WALL 21086847 1 0 1706656754
WALL 21086847 1 0 1706656755
WALL 21086847 1 0 1706656756
WALL 21086847 1 0 1706656757
WALL 21086847 1 0 1706656758
WALL 21086847 1 0 1706656759
WALL 21086847 1 0 1706656760
WALL 21086847 1 0 1706656761
WALL 21086847 1 0 1706656762
WALL 21086847 1 0 1706656763
WALL 21086847 1 0 1706656764
WALL 21086847 1 0 1706656765
WALL 21086847 1 0 1706656766
WALL 21086847 1 0 1706656767
WALL 21086847 1 0 1706656768
WALL 21086847 1 0 1706656769
WALL 21086847 1 0 1706656770
WALL 21086847 1 0 1706656771
WALL 21086847 1 0 1706656772
WALL 21086847 1 0 1706656773
WALL 21086847 1 0 1706656774
WALL 21086847 1 0 1706656775
WALL 21086847 1 0 1706656776
WALL 21086847 1 0 1706656777
WALL 21086847 1 0 1706656778
WALL 21086847 1 0 1706656779
WALL 21086847 1 0 1706656780
WALL 21086847 1 0 1706656781
WALL 21086847 1 0 1706656782
WALL 21086847 1 0 1706656783
WALL 21086847 1 0 1706656784
WALL 21086847 1 0 1706656785
WALL 21086847 1 0 1706656786
WALL 21086847 1 0 1706656787
WALL 21086847 1 0 1706656788
WALL 21086847 1 0 1706656789
WALL 21086847 1 0 1706656790
WALL 21086847 1 0 1706656791
WALL 21086847 1 0 1706656792
WALL 21086847 1 0 1706656793
WALL 21086847 1 0 1706656794
WALL 21086847 1 0 1706656795
WALL 21086847 1 0 1706656796
WALL 21086847 1 0 1706656797
WALL 21086847 1 0 1706656798
WALL 21086847 1 0 1706656799
WALL 21086847 1 0 1706656800
WALL 21086847 1 0 1706656801
WALL 21086847 1 0 1706656802
WALL 21086847 1 0 1706656803
WALL 21086847 1 0 1706656804
WALL 21086847 1 0 1706656805
WALL 21086847 1 0 1706656806
WALL 21086847 1 0 1706656807
WALL 21086847 1 0 1706656808
WALL 21086847 1 0 1706656809
WALL 21086847 1 0 1706656810
WALL 21086847 1 0 1706656811
WALL 21086847 1 0 1706656812
WALL 21086847 1 0 1706656813
WALL 21086847 1 0 1706656814
WALL 21086847 1 0 1706656815
WALL 21086847 1 0 1706656816
WALL 21086847 1 0 1706656817
WALL 21086847 1 0 1706656818
WALL 21086847 1 0 1706656819
WALL 21086847 1 0 1706656820
WALL 21086847 1 0 1706656821
WALL 21086847 1 0 1706656822
WALL 21086847 1 0 1706656823
WALL 21086847 1 0 1706656824
WALL 21086847 1 0 1706656825
WALL 21086847 1 0 1706656826
WALL 21086847 1 0 1706656827
WALL 21086847 1 0 1706656828
WALL 21086847 1 0 1706656829
WALL 21086847 1 0 1706656830
WALL 21086847 1 0 1706656831
WALL 21086847 1 0 1706656832
WALL 21086847 1 0 1706656833
WALL 21086847 1 0 1706656834
WALL 21086847 1 0 1706656835
WALL 21086847 1 0 1706656836
WALL 21086847 1 0 1706656837
WALL 21086847 1 0 1706656838
WALL 21086847 1 0 1706656839
WALL 21086847 1 0 1706656840
WALL 21086847 1 0 1706656841
WALL 21086847 1 0 1706656842
WALL 21086847 1 0 1706656843
WALL 21086847 1 0 1706656844
WALL 21086847 1 0 1706656845
WALL 21086847 1 0 1706656846
WALL 21086847 1 0 1706656847
WALL 21086847 1 0 1706656848
WALL 21086847 1 0 1706656849
WALL 21086847 1 0 1706656850
WALL 21086847 1 0 1706656851
WALL 21086847 1 0 1706656852
WALL 21086847 1 0 1706656853
WALL 21086847 1 0 1706656854
WALL 21086847 1 0 1706656855
WALL 21086847 1 0 1706656856
WALL 21086847 1 0 1706656857
WALL 21086847 1 0 1706656858
WALL 21086847 1 0 1706656859
WALL 21086847 1 0 1706656860
WALL 21086847 1 0 1706656861
WALL 21086847 1 0 1706656862
WALL 21086847 1 0 1706656863
WALL 21086847 1 0 1706656864
WALL 21086847 1 0 1706656865
WALL 21086847 1 0 1706656866
WALL 21086847 1 0 1706656867
WALL 21086847 1 0 1706656868
WALL 21086847 1 0 1706656869
WALL 21086847 1 0 1706656870
WALL 21086847 1 0 1706656871
WALL 21086847 1 0 1706656872
WALL 21086847 1 0 1706656873
WALL 21086847 1 0 1706656874
WALL 21086847 1 0 1706656875
WALL 21086847 1 0 1706656876
WALL 21086847 1 0 1706656877
WALL 21086847 1 0 1706656878
WALL 21086847 1 0 1706656879
WALL 21086847 1 0 1706656880
WALL 21086847 1 0 1706656881
WALL 21086847 1 0 1706656882
WALL 21086847 1 0 1706656883
WALL 21086847 1 0 1706656884
WALL 21086847 1 0 1706656885
WALL 21086847 1 0 1706656886
WALL 21086847 1 0 1706656887
WALL 21086847 1 0 1706656888
WALL 21086847 1 0 1706656889
WALL 21086847 1 0 1706656890
WALL 21086847 1 0 1706656891
WALL 21086847 1 0 1706656892
WALL 21086847 1 0 1706656893
WALL 21086847 1 0 1706656894
WALL 21086847 1 0 1706656895
WALL 21086847 1 0 1706656896
WALL 21086847 1 0 1706656897
WALL 21086847 1 0 1706656898
WALL 21086847 1 0 1706656899
WALL 21086847 1 0 1706656900
WALL 21086847 1 0 1706656901
WALL 21086847 1 0 1706656902
WALL 21086847 1 0 1706656903
WALL 21086847 1 0 1706656904
WALL 21086847 1 0 1706656905
WALL 21086847 1 0 1706656906
WALL 21086847 1 0 1706656907
WALL 21086847 1 0 1706656908
WALL 21086847 1 0 1706656909
WALL 21086847 1 0 1706656910
WALL 21086847 1 0 1706656911
WALL 21086847 1 0 1706656912
WALL 21086847 1 0 1706656913
WALL 21086847 1 0 1706656914
WALL 21086847 1 0 1706656915
WALL 21086847 1 0 1706656916
WALL 21086847 1 0 1706656917
WALL 21086847 1 0 1706656918
WALL 21086847 1 0 1706656919
WALL 21086847 1 0 1706656920
WALL 21086847 1 0 1706656921
WALL 21086847 1 0 1706656922
WALL 21086847 1 0 1706656923
WALL 21086847 1 0 1706656924
WALL 21086847 1 0 1706656925
WALL 21086847 1 0 1706656926
WALL 21086847 1 0 1706656927
WALL 21086847 1 0 1706656928
WALL 21086847 1 0 1706656929
WALL 21086847 1 0 1706656930
WALL 21086847 1 0 1706656931
WALL 21086847 1 0 1706656932
WALL 21086847 1 0 1706656933
WALL 21086847 1 0 1706656934
WALL 21086847 1 0 1706656935
WALL 21086847 1 0 1706656936
WALL 21086847 1 0 1706656937
WALL 21086847 1 0 1706656938
WALL 21086847 1 0 1706656939
WALL 21086847 1 0 1706656940
WALL 21086847 1 0 1706656941
WALL 21086847 1 0 1706656942
WALL 21086847 1 0 1706656943
WALL 21086847 1 0 1706656944
WALL 21086847 1 0 1706656945
WALL 21086847 1 0 1706656946
WALL 21086847 1 0 1706656947
WALL 21086847 1 0 1706656948
WALL 21086847 1 0 1706656949
WALL 21086847 1 0 1706656950
WALL 21086847 1 0 1706656951
WALL 21086847 1 0 1706656952
WALL 21086847 1 0 1706656953
WALL 21086847 1 0 1706656954
WALL 21086847 1 0 1706656955
WALL 21086847 1 0 1706656956
WALL 21086847 1 0 1706656957
WALL 21086847 1 0 1706656958
WALL 21086847 1 0 1706656959
WALL 21086847 1 0 1706656960
WALL 21086847 1 0 1706656961
WALL 21086847 1 0 1706656962
WALL 21086847 1 0 1706656963
WALL 21086847 1 0 1706656964
WALL 21086847 1 0 1706656965
WALL 21086847 1 0 1706656966
WALL 21086847 1 0 1706656967
WALL 21086847 1 0 1706656968
WALL 21086847 1 0 1706656969
WALL 21086847 1 0 1706656970
WALL 21086847 1 0 1706656971
WALL 21086847 1 0 1706656972
WALL 21086847 1 0 1706656973
WALL 21086847 1 0 1706656974
WALL 21086847 1 0 1706656975
WALL 21086847 1 0 1706656976
WALL 21086847 1 0 1706656977
WALL 21086847 1 0 1706656978
WALL 21086847 1 0 1706656979
WALL 21086847 1 0 1706656980
WALL 21086847 1 0 1706656981
WALL 21086847 1 0 1706656982
WALL 21086847 1 0 1706656983
WALL 21086847 1 0 1706656984
WALL 21086847 1 0 1706656985
WALL 21086847 1 0 1706656986
WALL 21086847 1 0 1706656987
WALL 21086847 1 0 1706656988
WALL 21086847 1 0 1706656989
WALL 21086847 1 0 1706656990
WALL 21086847 1 0 1706656991
WALL 21086847 1 0 1706656992
WALL 21086847 1 0 1706656993
WALL 21086847 1 0 1706656994
WALL 21086847 1 0 1706656995
WALL 21086847 1 0 1706656996
WALL 21086847 1 0 1706656997
WALL 21086847 1 0 1706656998
WALL 21086847 1 0 1706656999
WALL 21086847 1 0 1706657000
WALL 21086847 1 0 1706657001
WALL 21086847 1 0 1706657002
WALL 21086847 1 0 1706657003
WALL 21086847 1 0 1706657004
WALL 21086847 1 0 1706657005
WALL 21086847 1 0 1706657006
WALL 21086847 1 0 1706657007
WALL 21086847 1 0 1706657008
WALL 21086847 1 0 1706657009
WALL 21086847 1 0 1706657010
WALL 21086847 1 0 1706657011
WALL 21086847 1 0 1706657012
WALL 21086847 1 0 1706657013
WALL 21086847 1 0 1706657014
WALL 21086847 1 0 1706657015
WALL 21086847 1 0 1706657016
WALL 21086847 1 0 1706657017
WALL 21086847 1 0 1706657018
WALL 21086847 1 0 1706657019
WALL 21086847 1 0 1706657020
WALL 21086847 1 0 1706657021
WALL 21086847 1 0 1706657022
WALL 21086847 1 0 1706657023
WALL 21086847 1 0 1706657024
WALL 21086847 1 0 1706657025
WALL 21086847 1 0 1706657026
WALL 21086847 1 0 1706657027
WALL 21086847 1 0 1706657028
WALL 21086847 1 0 1706657029
WALL 21086847 1 0 1706657030
WALL 21086847 1 0 1706657031
WALL 21086847 1 0 1706657032
WALL 21086847 1 0 1706657033
WALL 21086847 1 0 1706657034
WALL 21086847 1 0 1706657035
WALL 21086847 1 0 1706657036
WALL 21086847 1 0 1706657037
WALL 21086847 1 0 1706657038
WALL 21086847 1 0 1706657039
WALL 21086847 1 0 1706657040
WALL 21086847 1 0 1706657041
WALL 21086847 1 0 1706657042
WALL 21086847 1 0 1706657043
WALL 21086847 1 0 1706657044
WALL 21086847 1 0 1706657045
WALL 21086847 1 0 1706657046
WALL 21086847 1 0 1706657047
WALL 21086847 1 0 1706657048
WALL 21086847 1 0 1706657049
WALL 21086847 1 0 1706657050
WALL 21086847 1 0 1706657051
WALL 21086847 1 0 1706657052
WALL 21086847 1 0 1706657053
WALL 21086847 1 0 1706657054
WALL 21086847 1 0 1706657055
WALL 21086847 1 0 1706657056
WALL 21086847 1 0 1706657057
WALL 21086847 1 0 1706657058
WALL 21086847 1 0 1706657059
WALL 21086847 1 0 1706657060
WALL 21086847 1 0 1706657061
WALL 21086847 1 0 1706657062
WALL 21086847 1 0 1706657063
WALL 21086847 1 0 1706657064
WALL 21086847 1 0 1706657065
WALL 21086847 1 0 1706657066
WALL 21086847 1 0 1706657067
WALL 21086847 1 0 1706657068
WALL 21086847 1 0 1706657069
WALL 21086847 1 0 1706657070
WALL 21086847 1 0 1706657071
WALL 21086847 1 0 1706657072
WALL 21086847 1 0 1706657073
WALL 21086847 1 0 1706657074
WALL 21086847 1 0 1706657075
WALL 21086847 1 0 1706657076
WALL 21086847 1 0 1706657077
WALL 21086847 1 0 1706657078
WALL 21086847 1 0 1706657079
WALL 21086847 1 0 1706657080
WALL 21086847 1 0 1706657081
WALL 21086847 1 0 1706657082
WALL 21086847 1 0 1706657083
WALL 21086847 1 0 1706657084
WALL 21086847 1 0 1706657085
WALL 21086847 1 0 1706657086
WALL 21086847 1 0 1706657087
WALL 21086847 1 0 1706657088
WALL 21086847 1 0 1706657089
WALL 21086847 1 0 1706657090
WALL 21086847 1 0 1706657091
WALL 21086847 1 0 1706657092
WALL 21086847 1 0 1706657093
WALL 21086847 1 0 1706657094
WALL 21086847 1 0 1706657095
WALL 21086847 1 0 1706657096
WALL 21086847 1 0 1706657097
WALL 21086847 1 0 1706657098
WALL 21086847 1 0 1706657099
WALL 21086847 1 0 1706657100
WALL 21086847 1 0 1706657101
WALL 21086847 1 0 1706657102
WALL 21086847 1 0 1706657103
WALL 21086847 1 0 1706657104
WALL 21086847 1 0 1706657105
WALL 21086847 1 0 1706657106
WALL 21086847 1 0 1706657107
WALL 21086847 1 0 1706657108
WALL 21086847 1 0 1706657109
WALL 21086847 1 0 1706657110
WALL 21086847 1 0 1706657111
WALL 21086847 1 0 1706657112
WALL 21086847 1 0 1706657113
WALL 21086847 1 0 1706657114
WALL 21086847 1 0 1706657115
WALL 21086847 1 0 1706657116
WALL 21086847 1 0 1706657117
WALL 21086847 1 0 1706657118
WALL 21086847 1 0 1706657119
WALL 21086847 1 0 1706657120
WALL 21086847 1 0 1706657121
WALL 21086847 1 0 1706657122
WALL 21086847 1 0 1706657123
WALL 21086847 1 0 1706657124
WALL 21086847 1 0 1706657125
WALL 21086847 1 0 1706657126
WALL 21086847 1 0 1706657127
WALL 21086847 1 0 1706657128
WALL 21086847 1 0 1706657129
WALL 21086847 1 0 1706657130
WALL 21086847 1 0 1706657131
WALL 21086847 1 0 1706657132
WALL 21086847 1 0 1706657133
WALL 21086847 1 0 1706657134
WALL 21086847 1 0 1706657135
WALL 21086847 1 0 1706657136
WALL 21086847 1 0 1706657137
WALL 21086847 1 0 1706657138
WALL 21086847 1 0 1706657139
WALL 21086847 1 0 1706657140
WALL 21086847 1 0 1706657141
WALL 21086847 1 0 1706657142
WALL 21086847 1 0 1706657143
WALL 21086847 1 0 1706657144
WALL 21086847 1 0 1706657145
WALL 21086847 1 0 1706657146
WALL 21086847 1 0 1706657147
WALL 21086847 1 0 1706657148
WALL 21086847 1 0 1706657149
WALL 21086847 1 0 1706657150
WALL 21086847 1 0 1706657151
WALL 21086847 1 0 1706657152
WALL 21086847 1 0 1706657153
WALL 21086847 1 0 1706657154
WALL 21086847 1 0 1706657155
WALL 21086847 1 0 1706657156
WALL 21086847 1 0 1706657157
WALL 21086847 1 0 1706657158
WALL 21086847 1 0 1706657159
WALL 21086847 1 0 1706657160
WALL 21086847 1 0 1706657161
WALL 21086847 1 0 1706657162
WALL 21086847 1 0 1706657163
WALL 21086847 1 0 1706657164
WALL 21086847 1 0 1706657165
WALL 21086847 1 0 1706657166
WALL 21086847 1 0 1706657167
WALL 21086847 1 0 1706657168
WALL 21086847 1 0 1706657169
WALL 21086847 1 0 1706657170
WALL 21086847 1 0 1706657171
WALL 21086847 1 0 1706657172
WALL 21086847 1 0 1706657173
WALL 21086847 1 0 1706657174
WALL 21086847 1 0 1706657175
WALL 21086847 1 0 1706657176
WALL 21086847 1 0 1706657177
WALL 21086847 1 0 1706657178
WALL 21086847 1 0 1706657179
WALL 21086847 1 0 1706657180
WALL 21086847 1 0 1706657181
WALL 21086847 1 0 1706657182
WALL 21086847 1 0 1706657183
WALL 21086847 1 0 1706657184
WALL 21086847 1 0 1706657185
WALL 21086847 1 0 1706657186
WALL 21086847 1 0 1706657187
WALL 21086847 1 0 1706657188
WALL 21086847 1 0 1706657189
WALL 21086847 1 0 1706657190
WALL 21086847 1 0 1706657191
WALL 21086847 1 0 1706657192
WALL 21086847 1 0 1706657193
WALL 21086847 1 0 1706657194
WALL 21086847 1 0 1706657195
WALL 21086847 1 0 1706657196
WALL 21086847 1 0 1706657197
WALL 21086847 1 0 1706657198
WALL 21086847 1 0 1706657199
WALL 21086847 1 0 1706657200
WALL 21086847 1 0 1706657201
WALL 21086847 1 0 1706657202
WALL 21086847 1 0 1706657203
WALL 21086847 1 0 1706657204
WALL 21086847 1 0 1706657205
WALL 21086847 1 0 1706657206
WALL 21086847 1 0 1706657207
WALL 21086847 1 0 1706657208
WALL 21086847 1 0 1706657209
WALL 21086847 1 0 1706657210
WALL 21086847 1 0 1706657211
WALL 21086847 1 0 1706657212
WALL 21086847 1 0 1706657213
WALL 21086847 1 0 1706657214
WALL 21086847 1 0 1706657215
WALL 21086847 1 0 1706657216
WALL 21086847 1 0 1706657217
WALL 21086847 1 0 1706657218
WALL 21086847 1 0 1706657219
WALL 21086847 1 0 1706657220
WALL 21086847 1 0 1706657221
WALL 21086847 1 0 1706657222
WALL 21086847 1 0 1706657223
WALL 21086847 1 0 1706657224
WALL 21086847 1 0 1706657225
WALL 21086847 1 0 1706657226
WALL 21086847 1 0 1706657227
WALL 21086847 1 0 1706657228
WALL 21086847 1 0 1706657229
WALL 21086847 1 0 1706657230
WALL 21086847 1 0 1706657231
WALL 21086847 1 0 1706657232
WALL 21086847 1 0 1706657233
WALL 21086847 1 0 1706657234
WALL 21086847 1 0 1706657235
WALL 21086847 1 0 1706657236
WALL 21086847 1 0 1706657237
WALL 21086847 1 0 1706657238
WALL 21086847 1 0 1706657239
WALL 21086847 1 0 1706657240
WALL 21086847 1 0 1706657241
WALL 21086847 1 0 1706657242
WALL 21086847 1 0 1706657243
WALL 21086847 1 0 1706657244
WALL 21086847 1 0 1706657245
WALL 21086847 1 0 1706657246
WALL 21086847 1 0 1706657247
WALL 21086847 1 0 1706657248
WALL 21086847 1 0 1706657249
WALL 21086847 1 0 1706657250
WALL 21086847 1 0 1706657251
WALL 21086847 1 0 1706657252
WALL 21086847 1 0 1706657253
WALL 21086847 1 0 1706657254
WALL 21086847 1 0 1706657255
WALL 21086847 1 0 1706657256
WALL 21086847 1 0 1706657257
WALL 21086847 1 0 1706657258
WALL 21086847 1 0 1706657259
WALL 21086847 1 0 1706657260
WALL 21086847 1 0 1706657261
WALL 21086847 1 0 1706657262
WALL 21086847 1 0 1706657263
WALL 21086847 1 0 1706657264
WALL 21086847 1 0 1706657265
WALL 21086847 1 0 1706657266
WALL 21086847 1 0 1706657267
WALL 21086847 1 0 1706657268
WALL 21086847 1 0 1706657269
WALL 21086847 1 0 1706657270
WALL 21086847 1 0 1706657271
WALL 21086847 1 0 1706657272
WALL 21086847 1 0 1706657273
WALL 21086847 1 0 1706657274
WALL 21086847 1 0 1706657275
WALL 21086847 1 0 1706657276
WALL 21086847 1 0 1706657277
WALL 21086847 1 0 1706657278
WALL 21086847 1 0 1706657279
WALL 21086847 1 0 1706657280
WALL 21086847 1 0 1706657281
WALL 21086847 1 0 1706657282
WALL 21086847 1 0 1706657283
WALL 21086847 1 0 1706657284
WALL 21086847 1 0 1706657285
WALL 21086847 1 0 1706657286
WALL 21086847 1 0 1706657287
WALL 21086847 1 0 1706657288
WALL 21086847 1 0 1706657289
WALL 21086847 1 0 1706657290
WALL 21086847 1 0 1706657291
WALL 21086847 1 0 1706657292
WALL 21086847 1 0 1706657293
WALL 21086847 1 0 1706657294
WALL 21086847 1 0 1706657295
WALL 21086847 1 0 1706657296
WALL 21086847 1 0 1706657297
WALL 21086847 1 0 1706657298
WALL 21086847 1 0 1706657299
WALL 21086847 1 0 1706657300
WALL 21086847 1 0 1706657301
WALL 21086847 1 0 1706657302
WALL 21086847 1 0 1706657303
WALL 21086847 1 0 1706657304
WALL 21086847 1 0 1706657305
WALL 21086847 1 0 1706657306
WALL 21086847 1 0 1706657307
WALL 21086847 1 0 1706657308
WALL 21086847 1 0 1706657309
WALL 21086847 1 0 1706657310
WALL 21086847 1 0 1706657311
WALL 21086847 1 0 1706657312
WALL 21086847 1 0 1706657313
WALL 21086847 1 0 1706657314
WALL 21086847 1 0 1706657315
WALL 21086847 1 0 1706657316
WALL 21086847 1 0 1706657317
WALL 21086847 1 0 1706657318
WALL 21086847 1 0 1706657319
WALL 21086847 1 0 1706657320
WALL 21086847 1 0 1706657321
WALL 21086847 1 0 1706657322
WALL 21086847 1 0 1706657323
WALL 21086847 1 0 1706657324
WALL 21086847 1 0 1706657325
WALL 21086847 1 0 1706657326
WALL 21086847 1 0 1706657327
WALL 21086847 1 0 1706657328
WALL 21086847 1 0 1706657329
WALL 21086847 1 0 1706657330
WALL 21086847 1 0 1706657331
WALL 21086847 1 0 1706657332
WALL 21086847 1 0 1706657333
WALL 21086847 1 0 1706657334
WALL 21086847 1 0 1706657335
WALL 21086847 1 0 1706657336
WALL 21086847 1 0 1706657337
WALL 21086847 1 0 1706657338
WALL 21086847 1 0 1706657339
WALL 21086847 1 0 1706657340
WALL 21086847 1 0 1706657341
WALL 21086847 1 0 1706657342
WALL 21086847 1 0 1706657343
WALL 21086847 1 0 1706657344
WALL 21086847 1 0 1706657345
WALL 21086847 1 0 1706657346
WALL 21086847 1 0 1706657347
WALL 21086847 1 0 1706657348
WALL 21086847 1 0 1706657349
WALL 21086847 1 0 1706657350
WALL 21086847 1 0 1706657351
WALL 21086847 1 0 1706657352
WALL 21086847 1 0 1706657353
WALL 21086847 1 0 1706657354
WALL 21086847 1 0 1706657355
WALL 21086847 1 0 1706657356
WALL 21086847 1 0 1706657357
WALL 21086847 1 0 1706657358
WALL 21086847 1 0 1706657359
WALL 21086847 1 0 1706657360
WALL 21086847 1 0 1706657361
WALL 21086847 1 0 1706657362
WALL 21086847 1 0 1706657363
WALL 21086847 1 0 1706657364
WALL 21086847 1 0 1706657365
WALL 21086847 1 0 1706657366
WALL 21086847 1 0 1706657367
WALL 21086847 1 0 1706657368
WALL 21086847 1 0 1706657369
WALL 21086847 1 0 1706657370
WALL 21086847 1 0 1706657371
WALL 21086847 1 0 1706657372
WALL 21086847 1 0 1706657373
WALL 21086847 1 0 1706657374
WALL 21086847 1 0 1706657375
WALL 21086847 1 0 1706657376
WALL 21086847 1 0 1706657377
WALL 21086847 1 0 1706657378
WALL 21086847 1 0 1706657379
WALL 21086847 1 0 1706657380
WALL 21086847 1 0 1706657381
received SIGCONT 1706657382
WALL 21086847 1 0 1706657382
slurmstepd: error: *** STEP 21086847.0 ON nid200040 CANCELLED AT 2024-01-30T23:29:42 ***
received SIGTERM 1706657382
WALL 21086847 1 0 1706657382
WALL 21086847 1 0 1706657383
WALL 21086847 1 0 1706657384
WALL 21086847 1 0 1706657385
WALL 21086847 1 0 1706657386
WALL 21086847 1 0 1706657387
WALL 21086847 1 0 1706657388
WALL 21086847 1 0 1706657389
WALL 21086847 1 0 1706657390
WALL 21086847 1 0 1706657391
WALL 21086847 1 0 1706657392
WALL 21086847 1 0 1706657393
WALL 21086847 1 0 1706657394
WALL 21086847 1 0 1706657395
WALL 21086847 1 0 1706657396
WALL 21086847 1 0 1706657397
WALL 21086847 1 0 1706657398
WALL 21086847 1 0 1706657399
WALL 21086847 1 0 1706657400
WALL 21086847 1 0 1706657401
WALL 21086847 1 0 1706657402
WALL 21086847 1 0 1706657403
WALL 21086847 1 0 1706657404
WALL 21086847 1 0 1706657405
WALL 21086847 1 0 1706657406
WALL 21086847 1 0 1706657407
WALL 21086847 1 0 1706657408
WALL 21086847 1 0 1706657409
WALL 21086847 1 0 1706657410
WALL 21086847 1 0 1706657411
WALL 21086847 1 0 1706657412
WALL 21086847 1 0 1706657413
WALL 21086847 1 0 1706657414
WALL 21086847 1 0 1706657415
WALL 21086847 1 0 1706657416
WALL 21086847 1 0 1706657417
WALL 21086847 1 0 1706657418
WALL 21086847 1 0 1706657419
WALL 21086847 1 0 1706657420
WALL 21086847 1 0 1706657421
WALL 21086847 1 0 1706657422
WALL 21086847 1 0 1706657423
WALL 21086847 1 0 1706657424
WALL 21086847 1 0 1706657425
WALL 21086847 1 0 1706657426
WALL 21086847 1 0 1706657427
WALL 21086847 1 0 1706657428
WALL 21086847 1 0 1706657429
WALL 21086847 1 0 1706657430
WALL 21086847 1 0 1706657431
WALL 21086847 1 0 1706657432
WALL 21086847 1 0 1706657433
WALL 21086847 1 0 1706657434
WALL 21086847 1 0 1706657435
WALL 21086847 1 0 1706657436
WALL 21086847 1 0 1706657437
WALL 21086847 1 0 1706657438
WALL 21086847 1 0 1706657439
WALL 21086847 1 0 1706657440
WALL 21086847 1 0 1706657441
WALL 21086847 1 0 1706657442
WALL 21086847 1 0 1706657443
WALL 21086847 1 0 1706657444
WALL 21086847 1 0 1706657445
WALL 21086847 1 0 1706657446
WALL 21086847 1 0 1706657447
WALL 21086847 1 0 1706657448
WALL 21086847 1 0 1706657449
WALL 21086847 1 0 1706657450
WALL 21086847 1 0 1706657451
WALL 21086847 1 0 1706657452
WALL 21086847 1 0 1706657453
WALL 21086847 1 0 1706657454
WALL 21086847 1 0 1706657455
WALL 21086847 1 0 1706657456
WALL 21086847 1 0 1706657457
WALL 21086847 1 0 1706657458
WALL 21086847 1 0 1706657459
WALL 21086847 1 0 1706657460
WALL 21086847 1 0 1706657461
WALL 21086847 1 0 1706657462
WALL 21086847 1 0 1706657463
WALL 21086847 1 0 1706657464
WALL 21086847 1 0 1706657465
WALL 21086847 1 0 1706657466
WALL 21086847 1 0 1706657467
WALL 21086847 1 0 1706657468
WALL 21086847 1 0 1706657469
slurmstepd: error: *** JOB 21086847 ON nid200040 CANCELLED AT 2024-01-30T23:31:09 DUE TO PREEMPTION ***
received SIGTERM 1706657469
WALL 21086847 1 0 1706657469
received SIGCONT 1706657469
WALL 21086847 1 0 1706657469
received SIGTERM 1706657469
WALL 21086847 1 0 1706657469
