WALL 21232236 1 0 1706902504
WALL 21232236 1 0 1706902505
WALL 21232236 1 0 1706902506
WALL 21232236 1 0 1706902507
WALL 21232236 1 0 1706902508
WALL 21232236 1 0 1706902509
WALL 21232236 1 0 1706902510
WALL 21232236 1 0 1706902511
WALL 21232236 1 0 1706902512
WALL 21232236 1 0 1706902513
WALL 21232236 1 0 1706902514
WALL 21232236 1 0 1706902515
WALL 21232236 1 0 1706902516
WALL 21232236 1 0 1706902517
WALL 21232236 1 0 1706902518
WALL 21232236 1 0 1706902519
WALL 21232236 1 0 1706902520
WALL 21232236 1 0 1706902521
WALL 21232236 1 0 1706902522
WALL 21232236 1 0 1706902523
WALL 21232236 1 0 1706902524
WALL 21232236 1 0 1706902525
WALL 21232236 1 0 1706902526
WALL 21232236 1 0 1706902527
WALL 21232236 1 0 1706902528
WALL 21232236 1 0 1706902529
WALL 21232236 1 0 1706902530
WALL 21232236 1 0 1706902531
WALL 21232236 1 0 1706902532
WALL 21232236 1 0 1706902533
WALL 21232236 1 0 1706902534
WALL 21232236 1 0 1706902535
WALL 21232236 1 0 1706902536
WALL 21232236 1 0 1706902537
WALL 21232236 1 0 1706902538
WALL 21232236 1 0 1706902539
WALL 21232236 1 0 1706902540
WALL 21232236 1 0 1706902541
WALL 21232236 1 0 1706902542
WALL 21232236 1 0 1706902543
WALL 21232236 1 0 1706902544
WALL 21232236 1 0 1706902545
WALL 21232236 1 0 1706902546
WALL 21232236 1 0 1706902547
WALL 21232236 1 0 1706902548
WALL 21232236 1 0 1706902549
WALL 21232236 1 0 1706902550
WALL 21232236 1 0 1706902551
WALL 21232236 1 0 1706902552
WALL 21232236 1 0 1706902553
WALL 21232236 1 0 1706902554
WALL 21232236 1 0 1706902555
WALL 21232236 1 0 1706902556
WALL 21232236 1 0 1706902557
WALL 21232236 1 0 1706902558
WALL 21232236 1 0 1706902559
WALL 21232236 1 0 1706902560
WALL 21232236 1 0 1706902561
WALL 21232236 1 0 1706902562
WALL 21232236 1 0 1706902563
WALL 21232236 1 0 1706902564
WALL 21232236 1 0 1706902565
WALL 21232236 1 0 1706902566
WALL 21232236 1 0 1706902567
WALL 21232236 1 0 1706902568
WALL 21232236 1 0 1706902569
WALL 21232236 1 0 1706902570
WALL 21232236 1 0 1706902571
WALL 21232236 1 0 1706902572
WALL 21232236 1 0 1706902573
WALL 21232236 1 0 1706902574
WALL 21232236 1 0 1706902575
WALL 21232236 1 0 1706902576
WALL 21232236 1 0 1706902577
WALL 21232236 1 0 1706902578
WALL 21232236 1 0 1706902579
WALL 21232236 1 0 1706902580
WALL 21232236 1 0 1706902581
WALL 21232236 1 0 1706902582
WALL 21232236 1 0 1706902583
WALL 21232236 1 0 1706902584
WALL 21232236 1 0 1706902585
WALL 21232236 1 0 1706902586
WALL 21232236 1 0 1706902587
WALL 21232236 1 0 1706902588
WALL 21232236 1 0 1706902589
WALL 21232236 1 0 1706902590
WALL 21232236 1 0 1706902591
WALL 21232236 1 0 1706902592
WALL 21232236 1 0 1706902593
WALL 21232236 1 0 1706902594
WALL 21232236 1 0 1706902595
WALL 21232236 1 0 1706902596
WALL 21232236 1 0 1706902597
WALL 21232236 1 0 1706902598
WALL 21232236 1 0 1706902599
WALL 21232236 1 0 1706902600
WALL 21232236 1 0 1706902601
WALL 21232236 1 0 1706902602
WALL 21232236 1 0 1706902603
WALL 21232236 1 0 1706902604
WALL 21232236 1 0 1706902605
WALL 21232236 1 0 1706902606
WALL 21232236 1 0 1706902607
WALL 21232236 1 0 1706902608
WALL 21232236 1 0 1706902609
WALL 21232236 1 0 1706902610
WALL 21232236 1 0 1706902611
WALL 21232236 1 0 1706902612
WALL 21232236 1 0 1706902613
WALL 21232236 1 0 1706902614
slurmstepd: error: *** STEP 21232236.0 ON nid200012 CANCELLED AT 2024-02-02T19:36:55 ***
received SIGTERM 1706902615
WALL 21232236 1 0 1706902615
received SIGCONT 1706902615
WALL 21232236 1 0 1706902615
WALL 21232236 1 0 1706902616
WALL 21232236 1 0 1706902617
WALL 21232236 1 0 1706902618
WALL 21232236 1 0 1706902619
WALL 21232236 1 0 1706902620
WALL 21232236 1 0 1706902621
WALL 21232236 1 0 1706902622
WALL 21232236 1 0 1706902623
WALL 21232236 1 0 1706902624
WALL 21232236 1 0 1706902625
WALL 21232236 1 0 1706902626
WALL 21232236 1 0 1706902627
WALL 21232236 1 0 1706902628
WALL 21232236 1 0 1706902629
WALL 21232236 1 0 1706902630
WALL 21232236 1 0 1706902631
WALL 21232236 1 0 1706902632
WALL 21232236 1 0 1706902633
WALL 21232236 1 0 1706902634
WALL 21232236 1 0 1706902635
WALL 21232236 1 0 1706902636
WALL 21232236 1 0 1706902637
WALL 21232236 1 0 1706902638
WALL 21232236 1 0 1706902639
WALL 21232236 1 0 1706902640
WALL 21232236 1 0 1706902641
WALL 21232236 1 0 1706902642
WALL 21232236 1 0 1706902643
WALL 21232236 1 0 1706902644
WALL 21232236 1 0 1706902645
WALL 21232236 1 0 1706902646
WALL 21232236 1 0 1706902647
WALL 21232236 1 0 1706902648
WALL 21232236 1 0 1706902649
WALL 21232236 1 0 1706902650
WALL 21232236 1 0 1706902651
WALL 21232236 1 0 1706902652
WALL 21232236 1 0 1706902653
WALL 21232236 1 0 1706902654
WALL 21232236 1 0 1706902655
WALL 21232236 1 0 1706902656
WALL 21232236 1 0 1706902657
WALL 21232236 1 0 1706902658
WALL 21232236 1 0 1706902659
WALL 21232236 1 0 1706902660
WALL 21232236 1 0 1706902661
WALL 21232236 1 0 1706902662
WALL 21232236 1 0 1706902663
WALL 21232236 1 0 1706902664
WALL 21232236 1 0 1706902665
WALL 21232236 1 0 1706902666
WALL 21232236 1 0 1706902667
WALL 21232236 1 0 1706902668
WALL 21232236 1 0 1706902669
WALL 21232236 1 0 1706902670
WALL 21232236 1 0 1706902671
WALL 21232236 1 0 1706902672
WALL 21232236 1 0 1706902673
WALL 21232236 1 0 1706902674
WALL 21232236 1 0 1706902675
WALL 21232236 1 0 1706902676
WALL 21232236 1 0 1706902677
WALL 21232236 1 0 1706902678
WALL 21232236 1 0 1706902679
WALL 21232236 1 0 1706902680
WALL 21232236 1 0 1706902681
WALL 21232236 1 0 1706902682
WALL 21232236 1 0 1706902683
WALL 21232236 1 0 1706902684
WALL 21232236 1 0 1706902685
WALL 21232236 1 0 1706902686
WALL 21232236 1 0 1706902687
WALL 21232236 1 0 1706902688
WALL 21232236 1 0 1706902689
WALL 21232236 1 0 1706902690
WALL 21232236 1 0 1706902691
WALL 21232236 1 0 1706902692
WALL 21232236 1 0 1706902693
WALL 21232236 1 0 1706902694
WALL 21232236 1 0 1706902695
WALL 21232236 1 0 1706902696
WALL 21232236 1 0 1706902697
WALL 21232236 1 0 1706902698
WALL 21232236 1 0 1706902699
WALL 21232236 1 0 1706902700
WALL 21232236 1 0 1706902701
WALL 21232236 1 0 1706902702
WALL 21232236 1 0 1706902703
WALL 21232236 1 0 1706902704
WALL 21232236 1 0 1706902705
WALL 21232236 1 0 1706902706
WALL 21232236 1 0 1706902707
WALL 21232236 1 0 1706902708
WALL 21232236 1 0 1706902709
WALL 21232236 1 0 1706902710
WALL 21232236 1 0 1706902711
WALL 21232236 1 0 1706902712
WALL 21232236 1 0 1706902713
WALL 21232236 1 0 1706902714
WALL 21232236 1 0 1706902715
WALL 21232236 1 0 1706902716
WALL 21232236 1 0 1706902717
WALL 21232236 1 0 1706902718
WALL 21232236 1 0 1706902719
WALL 21232236 1 0 1706902720
WALL 21232236 1 0 1706902721
WALL 21232236 1 0 1706902722
WALL 21232236 1 0 1706902723
WALL 21232236 1 0 1706902724
WALL 21232236 1 0 1706902725
WALL 21232236 1 0 1706902726
WALL 21232236 1 0 1706902727
WALL 21232236 1 0 1706902728
WALL 21232236 1 0 1706902729
WALL 21232236 1 0 1706902730
WALL 21232236 1 0 1706902731
WALL 21232236 1 0 1706902732
WALL 21232236 1 0 1706902733
WALL 21232236 1 0 1706902734
WALL 21232236 1 0 1706902735
WALL 21232236 1 0 1706902736
WALL 21232236 1 0 1706902737
WALL 21232236 1 0 1706902738
WALL 21232236 1 0 1706902739
WALL 21232236 1 0 1706902740
WALL 21232236 1 0 1706902741
WALL 21232236 1 0 1706902742
WALL 21232236 1 0 1706902743
WALL 21232236 1 0 1706902744
WALL 21232236 1 0 1706902745
WALL 21232236 1 0 1706902746
WALL 21232236 1 0 1706902747
WALL 21232236 1 0 1706902748
WALL 21232236 1 0 1706902749
WALL 21232236 1 0 1706902750
WALL 21232236 1 0 1706902751
WALL 21232236 1 0 1706902752
slurmstepd: error: *** JOB 21232236 ON nid200012 CANCELLED AT 2024-02-02T19:39:12 DUE TO PREEMPTION ***
received SIGTERM 1706902752
WALL 21232236 1 0 1706902752
received SIGCONT 1706902752
WALL 21232236 1 0 1706902752
received SIGTERM 1706902752
WALL 21232236 1 0 1706902752
