WALL 21149719 1 0 1706738030
WALL 21149719 1 0 1706738031
WALL 21149719 1 0 1706738032
WALL 21149719 1 0 1706738033
WALL 21149719 1 0 1706738034
WALL 21149719 1 0 1706738035
WALL 21149719 1 0 1706738036
WALL 21149719 1 0 1706738037
WALL 21149719 1 0 1706738038
WALL 21149719 1 0 1706738039
WALL 21149719 1 0 1706738040
WALL 21149719 1 0 1706738041
WALL 21149719 1 0 1706738042
WALL 21149719 1 0 1706738043
WALL 21149719 1 0 1706738044
WALL 21149719 1 0 1706738045
WALL 21149719 1 0 1706738046
WALL 21149719 1 0 1706738047
WALL 21149719 1 0 1706738048
WALL 21149719 1 0 1706738049
WALL 21149719 1 0 1706738050
WALL 21149719 1 0 1706738051
WALL 21149719 1 0 1706738052
WALL 21149719 1 0 1706738053
WALL 21149719 1 0 1706738054
WALL 21149719 1 0 1706738055
WALL 21149719 1 0 1706738056
WALL 21149719 1 0 1706738057
WALL 21149719 1 0 1706738058
WALL 21149719 1 0 1706738059
WALL 21149719 1 0 1706738060
WALL 21149719 1 0 1706738061
WALL 21149719 1 0 1706738062
WALL 21149719 1 0 1706738063
WALL 21149719 1 0 1706738064
WALL 21149719 1 0 1706738065
WALL 21149719 1 0 1706738066
WALL 21149719 1 0 1706738067
WALL 21149719 1 0 1706738068
WALL 21149719 1 0 1706738069
WALL 21149719 1 0 1706738070
WALL 21149719 1 0 1706738071
WALL 21149719 1 0 1706738072
WALL 21149719 1 0 1706738073
WALL 21149719 1 0 1706738074
WALL 21149719 1 0 1706738075
WALL 21149719 1 0 1706738076
WALL 21149719 1 0 1706738077
WALL 21149719 1 0 1706738078
WALL 21149719 1 0 1706738079
WALL 21149719 1 0 1706738080
WALL 21149719 1 0 1706738081
WALL 21149719 1 0 1706738082
WALL 21149719 1 0 1706738083
WALL 21149719 1 0 1706738084
WALL 21149719 1 0 1706738085
WALL 21149719 1 0 1706738086
WALL 21149719 1 0 1706738087
WALL 21149719 1 0 1706738088
WALL 21149719 1 0 1706738089
WALL 21149719 1 0 1706738090
WALL 21149719 1 0 1706738091
WALL 21149719 1 0 1706738092
WALL 21149719 1 0 1706738093
WALL 21149719 1 0 1706738094
WALL 21149719 1 0 1706738095
WALL 21149719 1 0 1706738096
WALL 21149719 1 0 1706738097
WALL 21149719 1 0 1706738098
WALL 21149719 1 0 1706738099
WALL 21149719 1 0 1706738100
WALL 21149719 1 0 1706738101
WALL 21149719 1 0 1706738102
WALL 21149719 1 0 1706738103
WALL 21149719 1 0 1706738104
WALL 21149719 1 0 1706738105
WALL 21149719 1 0 1706738106
WALL 21149719 1 0 1706738107
WALL 21149719 1 0 1706738108
WALL 21149719 1 0 1706738109
WALL 21149719 1 0 1706738110
WALL 21149719 1 0 1706738111
WALL 21149719 1 0 1706738112
WALL 21149719 1 0 1706738113
WALL 21149719 1 0 1706738114
WALL 21149719 1 0 1706738115
WALL 21149719 1 0 1706738116
WALL 21149719 1 0 1706738117
WALL 21149719 1 0 1706738118
WALL 21149719 1 0 1706738119
WALL 21149719 1 0 1706738120
WALL 21149719 1 0 1706738121
WALL 21149719 1 0 1706738122
WALL 21149719 1 0 1706738123
WALL 21149719 1 0 1706738124
WALL 21149719 1 0 1706738125
WALL 21149719 1 0 1706738126
WALL 21149719 1 0 1706738127
WALL 21149719 1 0 1706738128
WALL 21149719 1 0 1706738129
WALL 21149719 1 0 1706738130
WALL 21149719 1 0 1706738131
WALL 21149719 1 0 1706738132
WALL 21149719 1 0 1706738133
WALL 21149719 1 0 1706738134
WALL 21149719 1 0 1706738135
WALL 21149719 1 0 1706738136
WALL 21149719 1 0 1706738137
WALL 21149719 1 0 1706738138
WALL 21149719 1 0 1706738139
WALL 21149719 1 0 1706738140
WALL 21149719 1 0 1706738141
WALL 21149719 1 0 1706738142
WALL 21149719 1 0 1706738143
WALL 21149719 1 0 1706738144
WALL 21149719 1 0 1706738145
WALL 21149719 1 0 1706738146
WALL 21149719 1 0 1706738147
WALL 21149719 1 0 1706738148
WALL 21149719 1 0 1706738149
WALL 21149719 1 0 1706738150
WALL 21149719 1 0 1706738151
WALL 21149719 1 0 1706738152
WALL 21149719 1 0 1706738153
WALL 21149719 1 0 1706738154
WALL 21149719 1 0 1706738155
WALL 21149719 1 0 1706738156
WALL 21149719 1 0 1706738157
WALL 21149719 1 0 1706738158
WALL 21149719 1 0 1706738159
WALL 21149719 1 0 1706738160
WALL 21149719 1 0 1706738161
WALL 21149719 1 0 1706738162
WALL 21149719 1 0 1706738163
WALL 21149719 1 0 1706738164
WALL 21149719 1 0 1706738165
WALL 21149719 1 0 1706738166
WALL 21149719 1 0 1706738167
WALL 21149719 1 0 1706738168
WALL 21149719 1 0 1706738169
WALL 21149719 1 0 1706738170
WALL 21149719 1 0 1706738171
WALL 21149719 1 0 1706738172
WALL 21149719 1 0 1706738173
WALL 21149719 1 0 1706738174
WALL 21149719 1 0 1706738175
WALL 21149719 1 0 1706738176
WALL 21149719 1 0 1706738177
WALL 21149719 1 0 1706738178
WALL 21149719 1 0 1706738179
WALL 21149719 1 0 1706738180
WALL 21149719 1 0 1706738181
WALL 21149719 1 0 1706738182
WALL 21149719 1 0 1706738183
WALL 21149719 1 0 1706738184
WALL 21149719 1 0 1706738185
WALL 21149719 1 0 1706738186
WALL 21149719 1 0 1706738187
WALL 21149719 1 0 1706738188
WALL 21149719 1 0 1706738189
WALL 21149719 1 0 1706738190
WALL 21149719 1 0 1706738191
WALL 21149719 1 0 1706738192
WALL 21149719 1 0 1706738193
WALL 21149719 1 0 1706738194
WALL 21149719 1 0 1706738195
WALL 21149719 1 0 1706738196
WALL 21149719 1 0 1706738197
WALL 21149719 1 0 1706738198
WALL 21149719 1 0 1706738199
WALL 21149719 1 0 1706738200
WALL 21149719 1 0 1706738201
WALL 21149719 1 0 1706738202
WALL 21149719 1 0 1706738203
WALL 21149719 1 0 1706738204
WALL 21149719 1 0 1706738205
WALL 21149719 1 0 1706738206
WALL 21149719 1 0 1706738207
WALL 21149719 1 0 1706738208
WALL 21149719 1 0 1706738209
WALL 21149719 1 0 1706738210
WALL 21149719 1 0 1706738211
WALL 21149719 1 0 1706738212
WALL 21149719 1 0 1706738213
WALL 21149719 1 0 1706738214
WALL 21149719 1 0 1706738215
WALL 21149719 1 0 1706738216
WALL 21149719 1 0 1706738217
WALL 21149719 1 0 1706738218
WALL 21149719 1 0 1706738219
WALL 21149719 1 0 1706738220
WALL 21149719 1 0 1706738221
WALL 21149719 1 0 1706738222
WALL 21149719 1 0 1706738223
slurmstepd: error: *** STEP 21149719.0 ON nid200026 CANCELLED AT 2024-01-31T21:57:03 ***
received SIGTERM 1706738223
WALL 21149719 1 0 1706738223
received SIGCONT 1706738223
WALL 21149719 1 0 1706738223
WALL 21149719 1 0 1706738224
WALL 21149719 1 0 1706738225
WALL 21149719 1 0 1706738226
WALL 21149719 1 0 1706738227
WALL 21149719 1 0 1706738228
WALL 21149719 1 0 1706738229
WALL 21149719 1 0 1706738230
WALL 21149719 1 0 1706738231
WALL 21149719 1 0 1706738232
WALL 21149719 1 0 1706738233
WALL 21149719 1 0 1706738234
WALL 21149719 1 0 1706738235
WALL 21149719 1 0 1706738236
WALL 21149719 1 0 1706738237
WALL 21149719 1 0 1706738238
WALL 21149719 1 0 1706738239
WALL 21149719 1 0 1706738240
WALL 21149719 1 0 1706738241
WALL 21149719 1 0 1706738242
WALL 21149719 1 0 1706738243
WALL 21149719 1 0 1706738244
WALL 21149719 1 0 1706738245
WALL 21149719 1 0 1706738246
WALL 21149719 1 0 1706738247
WALL 21149719 1 0 1706738248
WALL 21149719 1 0 1706738249
WALL 21149719 1 0 1706738250
WALL 21149719 1 0 1706738251
WALL 21149719 1 0 1706738252
WALL 21149719 1 0 1706738253
WALL 21149719 1 0 1706738254
WALL 21149719 1 0 1706738255
WALL 21149719 1 0 1706738256
WALL 21149719 1 0 1706738258
WALL 21149719 1 0 1706738259
WALL 21149719 1 0 1706738260
WALL 21149719 1 0 1706738261
WALL 21149719 1 0 1706738262
WALL 21149719 1 0 1706738263
WALL 21149719 1 0 1706738264
WALL 21149719 1 0 1706738265
WALL 21149719 1 0 1706738266
WALL 21149719 1 0 1706738267
WALL 21149719 1 0 1706738268
WALL 21149719 1 0 1706738269
WALL 21149719 1 0 1706738270
WALL 21149719 1 0 1706738271
WALL 21149719 1 0 1706738272
WALL 21149719 1 0 1706738273
WALL 21149719 1 0 1706738274
WALL 21149719 1 0 1706738275
WALL 21149719 1 0 1706738276
WALL 21149719 1 0 1706738277
WALL 21149719 1 0 1706738278
WALL 21149719 1 0 1706738279
WALL 21149719 1 0 1706738280
WALL 21149719 1 0 1706738281
WALL 21149719 1 0 1706738282
WALL 21149719 1 0 1706738283
WALL 21149719 1 0 1706738284
WALL 21149719 1 0 1706738285
WALL 21149719 1 0 1706738286
WALL 21149719 1 0 1706738287
WALL 21149719 1 0 1706738288
WALL 21149719 1 0 1706738289
slurmstepd: error: *** JOB 21149719 ON nid200026 CANCELLED AT 2024-01-31T21:58:09 DUE TO PREEMPTION ***
received SIGTERM 1706738289
WALL 21149719 1 0 1706738289
received SIGCONT 1706738289
WALL 21149719 1 0 1706738289
received SIGTERM 1706738289
WALL 21149719 1 0 1706738289
