WALL 21209555 1 0 1706824529
WALL 21209555 1 0 1706824530
WALL 21209555 1 0 1706824531
WALL 21209555 1 0 1706824532
WALL 21209555 1 0 1706824533
WALL 21209555 1 0 1706824534
WALL 21209555 1 0 1706824535
WALL 21209555 1 0 1706824536
WALL 21209555 1 0 1706824537
WALL 21209555 1 0 1706824538
WALL 21209555 1 0 1706824539
WALL 21209555 1 0 1706824540
WALL 21209555 1 0 1706824541
WALL 21209555 1 0 1706824542
WALL 21209555 1 0 1706824543
WALL 21209555 1 0 1706824544
WALL 21209555 1 0 1706824545
WALL 21209555 1 0 1706824546
WALL 21209555 1 0 1706824547
WALL 21209555 1 0 1706824548
WALL 21209555 1 0 1706824549
WALL 21209555 1 0 1706824550
WALL 21209555 1 0 1706824551
WALL 21209555 1 0 1706824552
WALL 21209555 1 0 1706824553
WALL 21209555 1 0 1706824554
WALL 21209555 1 0 1706824555
WALL 21209555 1 0 1706824556
WALL 21209555 1 0 1706824557
WALL 21209555 1 0 1706824558
WALL 21209555 1 0 1706824559
WALL 21209555 1 0 1706824560
WALL 21209555 1 0 1706824561
WALL 21209555 1 0 1706824562
WALL 21209555 1 0 1706824563
WALL 21209555 1 0 1706824564
WALL 21209555 1 0 1706824565
WALL 21209555 1 0 1706824566
WALL 21209555 1 0 1706824567
WALL 21209555 1 0 1706824568
WALL 21209555 1 0 1706824569
WALL 21209555 1 0 1706824570
WALL 21209555 1 0 1706824571
WALL 21209555 1 0 1706824572
WALL 21209555 1 0 1706824573
WALL 21209555 1 0 1706824574
WALL 21209555 1 0 1706824575
WALL 21209555 1 0 1706824576
WALL 21209555 1 0 1706824577
WALL 21209555 1 0 1706824578
WALL 21209555 1 0 1706824579
WALL 21209555 1 0 1706824580
WALL 21209555 1 0 1706824581
WALL 21209555 1 0 1706824582
WALL 21209555 1 0 1706824583
WALL 21209555 1 0 1706824584
WALL 21209555 1 0 1706824585
WALL 21209555 1 0 1706824586
WALL 21209555 1 0 1706824587
WALL 21209555 1 0 1706824588
WALL 21209555 1 0 1706824589
WALL 21209555 1 0 1706824590
WALL 21209555 1 0 1706824591
WALL 21209555 1 0 1706824592
WALL 21209555 1 0 1706824593
WALL 21209555 1 0 1706824594
WALL 21209555 1 0 1706824595
WALL 21209555 1 0 1706824596
WALL 21209555 1 0 1706824597
WALL 21209555 1 0 1706824598
WALL 21209555 1 0 1706824599
WALL 21209555 1 0 1706824600
WALL 21209555 1 0 1706824601
WALL 21209555 1 0 1706824602
WALL 21209555 1 0 1706824603
WALL 21209555 1 0 1706824604
WALL 21209555 1 0 1706824605
WALL 21209555 1 0 1706824606
WALL 21209555 1 0 1706824607
WALL 21209555 1 0 1706824608
WALL 21209555 1 0 1706824609
WALL 21209555 1 0 1706824610
WALL 21209555 1 0 1706824611
WALL 21209555 1 0 1706824612
WALL 21209555 1 0 1706824613
WALL 21209555 1 0 1706824614
WALL 21209555 1 0 1706824615
WALL 21209555 1 0 1706824616
WALL 21209555 1 0 1706824617
WALL 21209555 1 0 1706824618
WALL 21209555 1 0 1706824619
WALL 21209555 1 0 1706824620
WALL 21209555 1 0 1706824621
WALL 21209555 1 0 1706824622
WALL 21209555 1 0 1706824623
WALL 21209555 1 0 1706824624
WALL 21209555 1 0 1706824625
WALL 21209555 1 0 1706824626
WALL 21209555 1 0 1706824627
WALL 21209555 1 0 1706824628
WALL 21209555 1 0 1706824629
WALL 21209555 1 0 1706824630
WALL 21209555 1 0 1706824631
WALL 21209555 1 0 1706824632
WALL 21209555 1 0 1706824633
WALL 21209555 1 0 1706824634
WALL 21209555 1 0 1706824635
WALL 21209555 1 0 1706824636
WALL 21209555 1 0 1706824637
WALL 21209555 1 0 1706824638
WALL 21209555 1 0 1706824639
WALL 21209555 1 0 1706824640
WALL 21209555 1 0 1706824641
WALL 21209555 1 0 1706824642
WALL 21209555 1 0 1706824643
WALL 21209555 1 0 1706824644
WALL 21209555 1 0 1706824645
WALL 21209555 1 0 1706824646
WALL 21209555 1 0 1706824647
WALL 21209555 1 0 1706824648
WALL 21209555 1 0 1706824649
WALL 21209555 1 0 1706824650
WALL 21209555 1 0 1706824651
WALL 21209555 1 0 1706824652
WALL 21209555 1 0 1706824653
WALL 21209555 1 0 1706824654
WALL 21209555 1 0 1706824655
WALL 21209555 1 0 1706824656
WALL 21209555 1 0 1706824657
WALL 21209555 1 0 1706824658
WALL 21209555 1 0 1706824659
WALL 21209555 1 0 1706824660
WALL 21209555 1 0 1706824661
WALL 21209555 1 0 1706824662
WALL 21209555 1 0 1706824663
WALL 21209555 1 0 1706824664
WALL 21209555 1 0 1706824665
WALL 21209555 1 0 1706824666
WALL 21209555 1 0 1706824667
WALL 21209555 1 0 1706824668
WALL 21209555 1 0 1706824669
WALL 21209555 1 0 1706824670
WALL 21209555 1 0 1706824671
WALL 21209555 1 0 1706824672
WALL 21209555 1 0 1706824673
WALL 21209555 1 0 1706824674
WALL 21209555 1 0 1706824675
WALL 21209555 1 0 1706824676
WALL 21209555 1 0 1706824677
WALL 21209555 1 0 1706824678
WALL 21209555 1 0 1706824679
WALL 21209555 1 0 1706824680
WALL 21209555 1 0 1706824681
WALL 21209555 1 0 1706824682
WALL 21209555 1 0 1706824683
WALL 21209555 1 0 1706824684
WALL 21209555 1 0 1706824685
WALL 21209555 1 0 1706824686
slurmstepd: error: *** STEP 21209555.0 ON nid200037 CANCELLED AT 2024-02-01T21:58:07 ***
received SIGTERM 1706824687
WALL 21209555 1 0 1706824687
received SIGCONT 1706824687
WALL 21209555 1 0 1706824687
WALL 21209555 1 0 1706824688
WALL 21209555 1 0 1706824689
WALL 21209555 1 0 1706824690
WALL 21209555 1 0 1706824691
WALL 21209555 1 0 1706824692
WALL 21209555 1 0 1706824693
WALL 21209555 1 0 1706824694
WALL 21209555 1 0 1706824695
WALL 21209555 1 0 1706824696
WALL 21209555 1 0 1706824697
WALL 21209555 1 0 1706824698
WALL 21209555 1 0 1706824699
WALL 21209555 1 0 1706824700
WALL 21209555 1 0 1706824701
WALL 21209555 1 0 1706824702
WALL 21209555 1 0 1706824703
WALL 21209555 1 0 1706824704
WALL 21209555 1 0 1706824705
WALL 21209555 1 0 1706824706
WALL 21209555 1 0 1706824707
WALL 21209555 1 0 1706824708
WALL 21209555 1 0 1706824709
WALL 21209555 1 0 1706824710
WALL 21209555 1 0 1706824711
WALL 21209555 1 0 1706824712
WALL 21209555 1 0 1706824713
WALL 21209555 1 0 1706824714
WALL 21209555 1 0 1706824715
WALL 21209555 1 0 1706824716
WALL 21209555 1 0 1706824717
WALL 21209555 1 0 1706824718
WALL 21209555 1 0 1706824719
WALL 21209555 1 0 1706824720
WALL 21209555 1 0 1706824721
WALL 21209555 1 0 1706824722
WALL 21209555 1 0 1706824723
WALL 21209555 1 0 1706824724
WALL 21209555 1 0 1706824725
WALL 21209555 1 0 1706824726
WALL 21209555 1 0 1706824727
WALL 21209555 1 0 1706824728
WALL 21209555 1 0 1706824729
WALL 21209555 1 0 1706824730
WALL 21209555 1 0 1706824731
WALL 21209555 1 0 1706824732
WALL 21209555 1 0 1706824733
WALL 21209555 1 0 1706824734
WALL 21209555 1 0 1706824735
WALL 21209555 1 0 1706824736
WALL 21209555 1 0 1706824737
WALL 21209555 1 0 1706824738
WALL 21209555 1 0 1706824739
WALL 21209555 1 0 1706824740
WALL 21209555 1 0 1706824741
WALL 21209555 1 0 1706824742
WALL 21209555 1 0 1706824743
WALL 21209555 1 0 1706824744
WALL 21209555 1 0 1706824745
WALL 21209555 1 0 1706824746
WALL 21209555 1 0 1706824747
WALL 21209555 1 0 1706824748
WALL 21209555 1 0 1706824749
WALL 21209555 1 0 1706824750
WALL 21209555 1 0 1706824751
WALL 21209555 1 0 1706824752
WALL 21209555 1 0 1706824753
WALL 21209555 1 0 1706824754
WALL 21209555 1 0 1706824755
WALL 21209555 1 0 1706824756
WALL 21209555 1 0 1706824757
WALL 21209555 1 0 1706824758
WALL 21209555 1 0 1706824759
WALL 21209555 1 0 1706824760
WALL 21209555 1 0 1706824761
WALL 21209555 1 0 1706824762
WALL 21209555 1 0 1706824763
WALL 21209555 1 0 1706824764
WALL 21209555 1 0 1706824765
WALL 21209555 1 0 1706824766
WALL 21209555 1 0 1706824767
WALL 21209555 1 0 1706824768
WALL 21209555 1 0 1706824769
WALL 21209555 1 0 1706824770
WALL 21209555 1 0 1706824771
WALL 21209555 1 0 1706824772
WALL 21209555 1 0 1706824773
WALL 21209555 1 0 1706824774
WALL 21209555 1 0 1706824775
WALL 21209555 1 0 1706824776
slurmstepd: error: *** JOB 21209555 ON nid200037 CANCELLED AT 2024-02-01T21:59:36 DUE TO PREEMPTION ***
received SIGTERM 1706824776
srun: Job step aborted: Waiting up to 32 seconds for job step to finish.
WALL 21209555 1 0 1706824776
received SIGCONT 1706824776
WALL 21209555 1 0 1706824776
received SIGTERM 1706824776
WALL 21209555 1 0 1706824776
