WALL 21155111 1 0 1706745486
WALL 21155111 1 0 1706745487
WALL 21155111 1 0 1706745488
WALL 21155111 1 0 1706745489
WALL 21155111 1 0 1706745490
WALL 21155111 1 0 1706745491
WALL 21155111 1 0 1706745492
WALL 21155111 1 0 1706745493
WALL 21155111 1 0 1706745494
WALL 21155111 1 0 1706745495
WALL 21155111 1 0 1706745496
WALL 21155111 1 0 1706745497
WALL 21155111 1 0 1706745498
WALL 21155111 1 0 1706745499
WALL 21155111 1 0 1706745500
WALL 21155111 1 0 1706745501
WALL 21155111 1 0 1706745502
WALL 21155111 1 0 1706745503
WALL 21155111 1 0 1706745504
WALL 21155111 1 0 1706745505
WALL 21155111 1 0 1706745506
WALL 21155111 1 0 1706745507
WALL 21155111 1 0 1706745508
WALL 21155111 1 0 1706745509
WALL 21155111 1 0 1706745510
WALL 21155111 1 0 1706745511
WALL 21155111 1 0 1706745512
WALL 21155111 1 0 1706745513
WALL 21155111 1 0 1706745514
WALL 21155111 1 0 1706745515
WALL 21155111 1 0 1706745516
WALL 21155111 1 0 1706745517
WALL 21155111 1 0 1706745518
WALL 21155111 1 0 1706745519
WALL 21155111 1 0 1706745520
WALL 21155111 1 0 1706745521
WALL 21155111 1 0 1706745522
WALL 21155111 1 0 1706745523
WALL 21155111 1 0 1706745524
WALL 21155111 1 0 1706745525
WALL 21155111 1 0 1706745526
WALL 21155111 1 0 1706745527
WALL 21155111 1 0 1706745528
WALL 21155111 1 0 1706745529
WALL 21155111 1 0 1706745530
WALL 21155111 1 0 1706745531
WALL 21155111 1 0 1706745532
WALL 21155111 1 0 1706745533
WALL 21155111 1 0 1706745534
WALL 21155111 1 0 1706745535
WALL 21155111 1 0 1706745536
WALL 21155111 1 0 1706745537
WALL 21155111 1 0 1706745538
WALL 21155111 1 0 1706745539
WALL 21155111 1 0 1706745540
WALL 21155111 1 0 1706745541
WALL 21155111 1 0 1706745542
WALL 21155111 1 0 1706745543
WALL 21155111 1 0 1706745544
WALL 21155111 1 0 1706745545
WALL 21155111 1 0 1706745546
WALL 21155111 1 0 1706745547
WALL 21155111 1 0 1706745548
WALL 21155111 1 0 1706745549
WALL 21155111 1 0 1706745550
WALL 21155111 1 0 1706745551
WALL 21155111 1 0 1706745552
WALL 21155111 1 0 1706745553
WALL 21155111 1 0 1706745554
WALL 21155111 1 0 1706745555
WALL 21155111 1 0 1706745556
WALL 21155111 1 0 1706745557
WALL 21155111 1 0 1706745558
WALL 21155111 1 0 1706745559
WALL 21155111 1 0 1706745560
WALL 21155111 1 0 1706745561
WALL 21155111 1 0 1706745562
WALL 21155111 1 0 1706745563
WALL 21155111 1 0 1706745564
WALL 21155111 1 0 1706745565
WALL 21155111 1 0 1706745566
WALL 21155111 1 0 1706745567
WALL 21155111 1 0 1706745568
WALL 21155111 1 0 1706745569
WALL 21155111 1 0 1706745570
WALL 21155111 1 0 1706745571
WALL 21155111 1 0 1706745572
WALL 21155111 1 0 1706745573
WALL 21155111 1 0 1706745574
WALL 21155111 1 0 1706745575
WALL 21155111 1 0 1706745576
WALL 21155111 1 0 1706745577
WALL 21155111 1 0 1706745578
WALL 21155111 1 0 1706745579
WALL 21155111 1 0 1706745580
WALL 21155111 1 0 1706745581
WALL 21155111 1 0 1706745582
WALL 21155111 1 0 1706745583
WALL 21155111 1 0 1706745584
WALL 21155111 1 0 1706745585
WALL 21155111 1 0 1706745586
WALL 21155111 1 0 1706745587
WALL 21155111 1 0 1706745588
WALL 21155111 1 0 1706745589
WALL 21155111 1 0 1706745590
WALL 21155111 1 0 1706745591
WALL 21155111 1 0 1706745592
WALL 21155111 1 0 1706745593
WALL 21155111 1 0 1706745594
WALL 21155111 1 0 1706745595
received SIGCONT 1706745596
WALL 21155111 1 0 1706745596
slurmstepd: error: *** STEP 21155111.0 ON nid200001 CANCELLED AT 2024-01-31T23:59:56 ***
received SIGTERM 1706745596
WALL 21155111 1 0 1706745596
WALL 21155111 1 0 1706745597
WALL 21155111 1 0 1706745598
WALL 21155111 1 0 1706745599
WALL 21155111 1 0 1706745600
WALL 21155111 1 0 1706745601
WALL 21155111 1 0 1706745602
WALL 21155111 1 0 1706745603
WALL 21155111 1 0 1706745604
WALL 21155111 1 0 1706745605
WALL 21155111 1 0 1706745606
WALL 21155111 1 0 1706745607
WALL 21155111 1 0 1706745608
WALL 21155111 1 0 1706745609
WALL 21155111 1 0 1706745610
WALL 21155111 1 0 1706745611
WALL 21155111 1 0 1706745612
WALL 21155111 1 0 1706745613
WALL 21155111 1 0 1706745614
WALL 21155111 1 0 1706745615
WALL 21155111 1 0 1706745616
WALL 21155111 1 0 1706745617
WALL 21155111 1 0 1706745618
WALL 21155111 1 0 1706745619
WALL 21155111 1 0 1706745620
WALL 21155111 1 0 1706745621
WALL 21155111 1 0 1706745622
WALL 21155111 1 0 1706745623
WALL 21155111 1 0 1706745624
WALL 21155111 1 0 1706745625
WALL 21155111 1 0 1706745626
WALL 21155111 1 0 1706745627
WALL 21155111 1 0 1706745628
WALL 21155111 1 0 1706745629
WALL 21155111 1 0 1706745630
WALL 21155111 1 0 1706745631
WALL 21155111 1 0 1706745632
WALL 21155111 1 0 1706745633
WALL 21155111 1 0 1706745634
WALL 21155111 1 0 1706745635
WALL 21155111 1 0 1706745636
WALL 21155111 1 0 1706745637
WALL 21155111 1 0 1706745638
WALL 21155111 1 0 1706745639
WALL 21155111 1 0 1706745640
WALL 21155111 1 0 1706745641
WALL 21155111 1 0 1706745642
WALL 21155111 1 0 1706745643
WALL 21155111 1 0 1706745644
WALL 21155111 1 0 1706745645
WALL 21155111 1 0 1706745646
WALL 21155111 1 0 1706745647
WALL 21155111 1 0 1706745648
WALL 21155111 1 0 1706745649
WALL 21155111 1 0 1706745650
WALL 21155111 1 0 1706745651
WALL 21155111 1 0 1706745652
WALL 21155111 1 0 1706745653
WALL 21155111 1 0 1706745654
WALL 21155111 1 0 1706745655
WALL 21155111 1 0 1706745656
WALL 21155111 1 0 1706745657
WALL 21155111 1 0 1706745658
WALL 21155111 1 0 1706745659
WALL 21155111 1 0 1706745660
WALL 21155111 1 0 1706745661
WALL 21155111 1 0 1706745662
WALL 21155111 1 0 1706745663
WALL 21155111 1 0 1706745664
WALL 21155111 1 0 1706745665
WALL 21155111 1 0 1706745666
WALL 21155111 1 0 1706745667
WALL 21155111 1 0 1706745668
WALL 21155111 1 0 1706745669
WALL 21155111 1 0 1706745670
WALL 21155111 1 0 1706745671
WALL 21155111 1 0 1706745672
WALL 21155111 1 0 1706745673
WALL 21155111 1 0 1706745674
WALL 21155111 1 0 1706745675
WALL 21155111 1 0 1706745676
WALL 21155111 1 0 1706745677
WALL 21155111 1 0 1706745678
WALL 21155111 1 0 1706745679
WALL 21155111 1 0 1706745680
WALL 21155111 1 0 1706745681
WALL 21155111 1 0 1706745682
slurmstepd: error: *** JOB 21155111 ON nid200001 CANCELLED AT 2024-02-01T00:01:22 DUE TO PREEMPTION ***
received SIGTERM 1706745682
WALL 21155111 1 0 1706745682
received SIGCONT 1706745682
WALL 21155111 1 0 1706745682
received SIGTERM 1706745682
WALL 21155111 1 0 1706745682
