WALL 21087479 1 0 1706657585
WALL 21087479 1 0 1706657586
WALL 21087479 1 0 1706657587
WALL 21087479 1 0 1706657588
WALL 21087479 1 0 1706657589
WALL 21087479 1 0 1706657590
WALL 21087479 1 0 1706657591
WALL 21087479 1 0 1706657592
WALL 21087479 1 0 1706657593
WALL 21087479 1 0 1706657594
WALL 21087479 1 0 1706657595
WALL 21087479 1 0 1706657596
WALL 21087479 1 0 1706657597
WALL 21087479 1 0 1706657598
WALL 21087479 1 0 1706657599
WALL 21087479 1 0 1706657600
WALL 21087479 1 0 1706657601
WALL 21087479 1 0 1706657602
WALL 21087479 1 0 1706657603
WALL 21087479 1 0 1706657604
WALL 21087479 1 0 1706657605
WALL 21087479 1 0 1706657606
WALL 21087479 1 0 1706657607
WALL 21087479 1 0 1706657608
WALL 21087479 1 0 1706657609
WALL 21087479 1 0 1706657610
WALL 21087479 1 0 1706657611
WALL 21087479 1 0 1706657612
WALL 21087479 1 0 1706657613
WALL 21087479 1 0 1706657614
WALL 21087479 1 0 1706657615
WALL 21087479 1 0 1706657616
WALL 21087479 1 0 1706657617
WALL 21087479 1 0 1706657618
WALL 21087479 1 0 1706657619
WALL 21087479 1 0 1706657620
WALL 21087479 1 0 1706657621
WALL 21087479 1 0 1706657622
WALL 21087479 1 0 1706657623
WALL 21087479 1 0 1706657624
WALL 21087479 1 0 1706657625
WALL 21087479 1 0 1706657626
WALL 21087479 1 0 1706657627
WALL 21087479 1 0 1706657628
WALL 21087479 1 0 1706657629
WALL 21087479 1 0 1706657630
WALL 21087479 1 0 1706657631
WALL 21087479 1 0 1706657632
WALL 21087479 1 0 1706657633
WALL 21087479 1 0 1706657634
WALL 21087479 1 0 1706657635
WALL 21087479 1 0 1706657636
WALL 21087479 1 0 1706657637
WALL 21087479 1 0 1706657638
WALL 21087479 1 0 1706657639
WALL 21087479 1 0 1706657640
WALL 21087479 1 0 1706657641
WALL 21087479 1 0 1706657642
WALL 21087479 1 0 1706657643
received SIGCONT 1706657643
WALL 21087479 1 0 1706657643
slurmstepd: error: *** STEP 21087479.0 ON nid200043 CANCELLED AT 2024-01-30T23:34:03 ***
received SIGTERM 1706657643
WALL 21087479 1 0 1706657643
WALL 21087479 1 0 1706657644
WALL 21087479 1 0 1706657645
WALL 21087479 1 0 1706657646
WALL 21087479 1 0 1706657647
WALL 21087479 1 0 1706657648
WALL 21087479 1 0 1706657649
WALL 21087479 1 0 1706657650
WALL 21087479 1 0 1706657651
WALL 21087479 1 0 1706657652
WALL 21087479 1 0 1706657653
WALL 21087479 1 0 1706657654
WALL 21087479 1 0 1706657655
WALL 21087479 1 0 1706657656
WALL 21087479 1 0 1706657657
WALL 21087479 1 0 1706657658
WALL 21087479 1 0 1706657659
WALL 21087479 1 0 1706657660
WALL 21087479 1 0 1706657661
WALL 21087479 1 0 1706657662
WALL 21087479 1 0 1706657663
WALL 21087479 1 0 1706657664
WALL 21087479 1 0 1706657665
WALL 21087479 1 0 1706657666
WALL 21087479 1 0 1706657667
WALL 21087479 1 0 1706657668
WALL 21087479 1 0 1706657669
WALL 21087479 1 0 1706657670
WALL 21087479 1 0 1706657671
WALL 21087479 1 0 1706657672
WALL 21087479 1 0 1706657673
WALL 21087479 1 0 1706657674
WALL 21087479 1 0 1706657675
WALL 21087479 1 0 1706657676
WALL 21087479 1 0 1706657677
WALL 21087479 1 0 1706657678
WALL 21087479 1 0 1706657679
WALL 21087479 1 0 1706657680
WALL 21087479 1 0 1706657681
WALL 21087479 1 0 1706657682
WALL 21087479 1 0 1706657683
WALL 21087479 1 0 1706657684
WALL 21087479 1 0 1706657685
srun: Job step aborted: Waiting up to 32 seconds for job step to finish.
received SIGCONT 1706657685
WALL 21087479 1 0 1706657685
received SIGTERM 1706657685
slurmstepd: error: *** JOB 21087479 ON nid200043 CANCELLED AT 2024-01-30T23:34:45 ***
WALL 21087479 1 0 1706657685
