srun: warning: can't run 1 processes on 4 nodes, setting nnodes to 1
WALL 21206414 1 0 1706820215
WALL 21206414 1 0 1706820216
WALL 21206414 1 0 1706820217
WALL 21206414 1 0 1706820218
WALL 21206414 1 0 1706820219
WALL 21206414 1 0 1706820220
WALL 21206414 1 0 1706820221
WALL 21206414 1 0 1706820222
WALL 21206414 1 0 1706820223
WALL 21206414 1 0 1706820224
WALL 21206414 1 0 1706820225
WALL 21206414 1 0 1706820226
WALL 21206414 1 0 1706820227
WALL 21206414 1 0 1706820228
WALL 21206414 1 0 1706820229
WALL 21206414 1 0 1706820230
WALL 21206414 1 0 1706820231
WALL 21206414 1 0 1706820232
WALL 21206414 1 0 1706820233
WALL 21206414 1 0 1706820234
WALL 21206414 1 0 1706820235
WALL 21206414 1 0 1706820236
WALL 21206414 1 0 1706820237
WALL 21206414 1 0 1706820238
WALL 21206414 1 0 1706820239
WALL 21206414 1 0 1706820240
WALL 21206414 1 0 1706820241
WALL 21206414 1 0 1706820242
WALL 21206414 1 0 1706820243
WALL 21206414 1 0 1706820244
WALL 21206414 1 0 1706820245
WALL 21206414 1 0 1706820246
WALL 21206414 1 0 1706820247
WALL 21206414 1 0 1706820248
WALL 21206414 1 0 1706820249
WALL 21206414 1 0 1706820250
WALL 21206414 1 0 1706820251
WALL 21206414 1 0 1706820252
WALL 21206414 1 0 1706820253
WALL 21206414 1 0 1706820254
WALL 21206414 1 0 1706820255
WALL 21206414 1 0 1706820256
WALL 21206414 1 0 1706820257
WALL 21206414 1 0 1706820258
WALL 21206414 1 0 1706820259
WALL 21206414 1 0 1706820260
WALL 21206414 1 0 1706820261
WALL 21206414 1 0 1706820262
WALL 21206414 1 0 1706820263
WALL 21206414 1 0 1706820264
WALL 21206414 1 0 1706820265
WALL 21206414 1 0 1706820266
WALL 21206414 1 0 1706820267
WALL 21206414 1 0 1706820268
WALL 21206414 1 0 1706820269
WALL 21206414 1 0 1706820270
WALL 21206414 1 0 1706820271
WALL 21206414 1 0 1706820272
WALL 21206414 1 0 1706820273
WALL 21206414 1 0 1706820274
WALL 21206414 1 0 1706820275
WALL 21206414 1 0 1706820276
WALL 21206414 1 0 1706820277
WALL 21206414 1 0 1706820278
WALL 21206414 1 0 1706820279
WALL 21206414 1 0 1706820280
WALL 21206414 1 0 1706820281
WALL 21206414 1 0 1706820282
WALL 21206414 1 0 1706820283
WALL 21206414 1 0 1706820284
WALL 21206414 1 0 1706820285
WALL 21206414 1 0 1706820286
WALL 21206414 1 0 1706820287
WALL 21206414 1 0 1706820288
WALL 21206414 1 0 1706820289
WALL 21206414 1 0 1706820290
WALL 21206414 1 0 1706820291
WALL 21206414 1 0 1706820292
WALL 21206414 1 0 1706820293
WALL 21206414 1 0 1706820294
WALL 21206414 1 0 1706820295
WALL 21206414 1 0 1706820296
WALL 21206414 1 0 1706820297
WALL 21206414 1 0 1706820298
WALL 21206414 1 0 1706820299
WALL 21206414 1 0 1706820300
WALL 21206414 1 0 1706820301
WALL 21206414 1 0 1706820302
WALL 21206414 1 0 1706820303
WALL 21206414 1 0 1706820304
WALL 21206414 1 0 1706820305
WALL 21206414 1 0 1706820306
WALL 21206414 1 0 1706820307
WALL 21206414 1 0 1706820308
WALL 21206414 1 0 1706820309
WALL 21206414 1 0 1706820310
WALL 21206414 1 0 1706820311
WALL 21206414 1 0 1706820312
WALL 21206414 1 0 1706820313
WALL 21206414 1 0 1706820314
WALL 21206414 1 0 1706820315
WALL 21206414 1 0 1706820316
WALL 21206414 1 0 1706820317
WALL 21206414 1 0 1706820318
WALL 21206414 1 0 1706820319
WALL 21206414 1 0 1706820320
WALL 21206414 1 0 1706820321
WALL 21206414 1 0 1706820322
WALL 21206414 1 0 1706820323
WALL 21206414 1 0 1706820324
WALL 21206414 1 0 1706820325
WALL 21206414 1 0 1706820326
WALL 21206414 1 0 1706820327
WALL 21206414 1 0 1706820328
WALL 21206414 1 0 1706820329
WALL 21206414 1 0 1706820330
WALL 21206414 1 0 1706820331
WALL 21206414 1 0 1706820332
WALL 21206414 1 0 1706820333
WALL 21206414 1 0 1706820334
WALL 21206414 1 0 1706820335
WALL 21206414 1 0 1706820336
WALL 21206414 1 0 1706820337
WALL 21206414 1 0 1706820338
WALL 21206414 1 0 1706820339
WALL 21206414 1 0 1706820340
WALL 21206414 1 0 1706820341
WALL 21206414 1 0 1706820342
WALL 21206414 1 0 1706820343
WALL 21206414 1 0 1706820344
WALL 21206414 1 0 1706820345
WALL 21206414 1 0 1706820346
WALL 21206414 1 0 1706820347
WALL 21206414 1 0 1706820348
WALL 21206414 1 0 1706820349
WALL 21206414 1 0 1706820350
WALL 21206414 1 0 1706820351
WALL 21206414 1 0 1706820352
WALL 21206414 1 0 1706820353
WALL 21206414 1 0 1706820354
WALL 21206414 1 0 1706820355
WALL 21206414 1 0 1706820356
WALL 21206414 1 0 1706820357
WALL 21206414 1 0 1706820358
WALL 21206414 1 0 1706820359
WALL 21206414 1 0 1706820360
WALL 21206414 1 0 1706820361
WALL 21206414 1 0 1706820362
WALL 21206414 1 0 1706820363
WALL 21206414 1 0 1706820364
WALL 21206414 1 0 1706820365
WALL 21206414 1 0 1706820366
WALL 21206414 1 0 1706820367
WALL 21206414 1 0 1706820368
WALL 21206414 1 0 1706820369
WALL 21206414 1 0 1706820370
WALL 21206414 1 0 1706820371
WALL 21206414 1 0 1706820372
WALL 21206414 1 0 1706820373
WALL 21206414 1 0 1706820374
WALL 21206414 1 0 1706820375
WALL 21206414 1 0 1706820376
WALL 21206414 1 0 1706820377
WALL 21206414 1 0 1706820378
WALL 21206414 1 0 1706820379
WALL 21206414 1 0 1706820380
WALL 21206414 1 0 1706820381
WALL 21206414 1 0 1706820382
WALL 21206414 1 0 1706820383
WALL 21206414 1 0 1706820384
WALL 21206414 1 0 1706820385
WALL 21206414 1 0 1706820386
WALL 21206414 1 0 1706820387
WALL 21206414 1 0 1706820388
WALL 21206414 1 0 1706820389
WALL 21206414 1 0 1706820390
WALL 21206414 1 0 1706820391
WALL 21206414 1 0 1706820392
WALL 21206414 1 0 1706820393
WALL 21206414 1 0 1706820394
WALL 21206414 1 0 1706820395
WALL 21206414 1 0 1706820396
WALL 21206414 1 0 1706820397
WALL 21206414 1 0 1706820398
WALL 21206414 1 0 1706820399
WALL 21206414 1 0 1706820400
WALL 21206414 1 0 1706820401
WALL 21206414 1 0 1706820402
WALL 21206414 1 0 1706820403
WALL 21206414 1 0 1706820404
WALL 21206414 1 0 1706820405
WALL 21206414 1 0 1706820406
WALL 21206414 1 0 1706820407
WALL 21206414 1 0 1706820408
WALL 21206414 1 0 1706820409
WALL 21206414 1 0 1706820410
WALL 21206414 1 0 1706820411
WALL 21206414 1 0 1706820412
WALL 21206414 1 0 1706820413
WALL 21206414 1 0 1706820414
WALL 21206414 1 0 1706820415
WALL 21206414 1 0 1706820416
WALL 21206414 1 0 1706820417
WALL 21206414 1 0 1706820418
WALL 21206414 1 0 1706820419
WALL 21206414 1 0 1706820420
WALL 21206414 1 0 1706820421
WALL 21206414 1 0 1706820422
WALL 21206414 1 0 1706820423
WALL 21206414 1 0 1706820424
WALL 21206414 1 0 1706820425
WALL 21206414 1 0 1706820426
WALL 21206414 1 0 1706820427
WALL 21206414 1 0 1706820428
WALL 21206414 1 0 1706820429
WALL 21206414 1 0 1706820430
WALL 21206414 1 0 1706820431
WALL 21206414 1 0 1706820432
WALL 21206414 1 0 1706820433
WALL 21206414 1 0 1706820434
WALL 21206414 1 0 1706820435
WALL 21206414 1 0 1706820436
WALL 21206414 1 0 1706820437
WALL 21206414 1 0 1706820438
WALL 21206414 1 0 1706820439
WALL 21206414 1 0 1706820440
WALL 21206414 1 0 1706820441
WALL 21206414 1 0 1706820442
WALL 21206414 1 0 1706820443
WALL 21206414 1 0 1706820444
WALL 21206414 1 0 1706820445
WALL 21206414 1 0 1706820446
WALL 21206414 1 0 1706820447
WALL 21206414 1 0 1706820448
WALL 21206414 1 0 1706820449
WALL 21206414 1 0 1706820450
WALL 21206414 1 0 1706820451
WALL 21206414 1 0 1706820452
WALL 21206414 1 0 1706820453
WALL 21206414 1 0 1706820454
WALL 21206414 1 0 1706820455
WALL 21206414 1 0 1706820456
WALL 21206414 1 0 1706820457
WALL 21206414 1 0 1706820458
WALL 21206414 1 0 1706820459
WALL 21206414 1 0 1706820460
WALL 21206414 1 0 1706820461
WALL 21206414 1 0 1706820462
WALL 21206414 1 0 1706820463
WALL 21206414 1 0 1706820464
WALL 21206414 1 0 1706820465
WALL 21206414 1 0 1706820466
WALL 21206414 1 0 1706820467
WALL 21206414 1 0 1706820468
WALL 21206414 1 0 1706820469
WALL 21206414 1 0 1706820470
WALL 21206414 1 0 1706820471
WALL 21206414 1 0 1706820472
WALL 21206414 1 0 1706820473
WALL 21206414 1 0 1706820474
WALL 21206414 1 0 1706820475
WALL 21206414 1 0 1706820476
WALL 21206414 1 0 1706820477
WALL 21206414 1 0 1706820478
WALL 21206414 1 0 1706820479
WALL 21206414 1 0 1706820480
WALL 21206414 1 0 1706820481
WALL 21206414 1 0 1706820482
WALL 21206414 1 0 1706820483
WALL 21206414 1 0 1706820484
WALL 21206414 1 0 1706820485
WALL 21206414 1 0 1706820486
WALL 21206414 1 0 1706820487
WALL 21206414 1 0 1706820488
WALL 21206414 1 0 1706820489
WALL 21206414 1 0 1706820490
WALL 21206414 1 0 1706820491
WALL 21206414 1 0 1706820492
WALL 21206414 1 0 1706820493
WALL 21206414 1 0 1706820494
WALL 21206414 1 0 1706820495
WALL 21206414 1 0 1706820496
WALL 21206414 1 0 1706820497
WALL 21206414 1 0 1706820498
WALL 21206414 1 0 1706820499
WALL 21206414 1 0 1706820500
WALL 21206414 1 0 1706820501
WALL 21206414 1 0 1706820502
WALL 21206414 1 0 1706820503
WALL 21206414 1 0 1706820504
WALL 21206414 1 0 1706820505
WALL 21206414 1 0 1706820506
WALL 21206414 1 0 1706820507
WALL 21206414 1 0 1706820508
WALL 21206414 1 0 1706820509
WALL 21206414 1 0 1706820510
WALL 21206414 1 0 1706820511
WALL 21206414 1 0 1706820512
WALL 21206414 1 0 1706820513
WALL 21206414 1 0 1706820514
WALL 21206414 1 0 1706820515
slurmstepd: error: *** STEP 21206414.0 ON nid200010 CANCELLED AT 2024-02-01T20:48:36 ***
received SIGTERM 1706820516
WALL 21206414 1 0 1706820516
received SIGCONT 1706820516
WALL 21206414 1 0 1706820516
WALL 21206414 1 0 1706820517
WALL 21206414 1 0 1706820518
WALL 21206414 1 0 1706820519
WALL 21206414 1 0 1706820520
WALL 21206414 1 0 1706820521
WALL 21206414 1 0 1706820522
WALL 21206414 1 0 1706820523
WALL 21206414 1 0 1706820524
WALL 21206414 1 0 1706820525
WALL 21206414 1 0 1706820526
WALL 21206414 1 0 1706820527
WALL 21206414 1 0 1706820528
WALL 21206414 1 0 1706820529
WALL 21206414 1 0 1706820530
WALL 21206414 1 0 1706820531
WALL 21206414 1 0 1706820532
WALL 21206414 1 0 1706820533
WALL 21206414 1 0 1706820534
WALL 21206414 1 0 1706820535
WALL 21206414 1 0 1706820536
WALL 21206414 1 0 1706820537
WALL 21206414 1 0 1706820538
WALL 21206414 1 0 1706820539
WALL 21206414 1 0 1706820540
WALL 21206414 1 0 1706820541
WALL 21206414 1 0 1706820542
WALL 21206414 1 0 1706820543
WALL 21206414 1 0 1706820544
WALL 21206414 1 0 1706820545
WALL 21206414 1 0 1706820546
WALL 21206414 1 0 1706820547
WALL 21206414 1 0 1706820548
WALL 21206414 1 0 1706820549
WALL 21206414 1 0 1706820550
WALL 21206414 1 0 1706820551
WALL 21206414 1 0 1706820552
WALL 21206414 1 0 1706820553
WALL 21206414 1 0 1706820554
WALL 21206414 1 0 1706820555
WALL 21206414 1 0 1706820556
WALL 21206414 1 0 1706820557
WALL 21206414 1 0 1706820558
WALL 21206414 1 0 1706820559
WALL 21206414 1 0 1706820560
WALL 21206414 1 0 1706820561
WALL 21206414 1 0 1706820562
WALL 21206414 1 0 1706820563
WALL 21206414 1 0 1706820564
WALL 21206414 1 0 1706820565
WALL 21206414 1 0 1706820566
WALL 21206414 1 0 1706820567
WALL 21206414 1 0 1706820568
WALL 21206414 1 0 1706820569
WALL 21206414 1 0 1706820570
WALL 21206414 1 0 1706820571
WALL 21206414 1 0 1706820572
WALL 21206414 1 0 1706820573
WALL 21206414 1 0 1706820574
WALL 21206414 1 0 1706820575
WALL 21206414 1 0 1706820576
WALL 21206414 1 0 1706820577
WALL 21206414 1 0 1706820578
WALL 21206414 1 0 1706820579
WALL 21206414 1 0 1706820580
WALL 21206414 1 0 1706820581
WALL 21206414 1 0 1706820582
WALL 21206414 1 0 1706820583
WALL 21206414 1 0 1706820584
WALL 21206414 1 0 1706820585
WALL 21206414 1 0 1706820586
WALL 21206414 1 0 1706820587
WALL 21206414 1 0 1706820588
WALL 21206414 1 0 1706820589
WALL 21206414 1 0 1706820590
WALL 21206414 1 0 1706820591
WALL 21206414 1 0 1706820592
WALL 21206414 1 0 1706820593
WALL 21206414 1 0 1706820594
WALL 21206414 1 0 1706820595
WALL 21206414 1 0 1706820596
WALL 21206414 1 0 1706820597
WALL 21206414 1 0 1706820598
WALL 21206414 1 0 1706820599
slurmstepd: error: *** JOB 21206414 ON nid200010 CANCELLED AT 2024-02-01T20:50:00 DUE TO PREEMPTION ***
received SIGTERM 1706820600
WALL 21206414 1 0 1706820600
received SIGCONT 1706820600
WALL 21206414 1 0 1706820600
received SIGTERM 1706820600
WALL 21206414 1 0 1706820600
