srun: warning: can't run 1 processes on 2 nodes, setting nnodes to 1
WALL 21199909 1 0 1706816482
WALL 21199909 1 0 1706816483
WALL 21199909 1 0 1706816484
WALL 21199909 1 0 1706816485
WALL 21199909 1 0 1706816486
WALL 21199909 1 0 1706816487
WALL 21199909 1 0 1706816488
WALL 21199909 1 0 1706816489
WALL 21199909 1 0 1706816490
WALL 21199909 1 0 1706816491
WALL 21199909 1 0 1706816492
WALL 21199909 1 0 1706816493
WALL 21199909 1 0 1706816494
WALL 21199909 1 0 1706816495
WALL 21199909 1 0 1706816496
WALL 21199909 1 0 1706816497
WALL 21199909 1 0 1706816498
WALL 21199909 1 0 1706816499
WALL 21199909 1 0 1706816500
WALL 21199909 1 0 1706816501
WALL 21199909 1 0 1706816502
WALL 21199909 1 0 1706816503
WALL 21199909 1 0 1706816504
WALL 21199909 1 0 1706816505
WALL 21199909 1 0 1706816506
WALL 21199909 1 0 1706816507
WALL 21199909 1 0 1706816508
WALL 21199909 1 0 1706816509
WALL 21199909 1 0 1706816510
WALL 21199909 1 0 1706816511
WALL 21199909 1 0 1706816512
WALL 21199909 1 0 1706816513
WALL 21199909 1 0 1706816514
WALL 21199909 1 0 1706816515
WALL 21199909 1 0 1706816516
WALL 21199909 1 0 1706816517
WALL 21199909 1 0 1706816518
WALL 21199909 1 0 1706816519
WALL 21199909 1 0 1706816520
WALL 21199909 1 0 1706816521
WALL 21199909 1 0 1706816522
WALL 21199909 1 0 1706816523
WALL 21199909 1 0 1706816524
WALL 21199909 1 0 1706816525
WALL 21199909 1 0 1706816526
WALL 21199909 1 0 1706816527
WALL 21199909 1 0 1706816528
WALL 21199909 1 0 1706816529
WALL 21199909 1 0 1706816530
WALL 21199909 1 0 1706816531
WALL 21199909 1 0 1706816532
WALL 21199909 1 0 1706816533
WALL 21199909 1 0 1706816534
WALL 21199909 1 0 1706816535
WALL 21199909 1 0 1706816536
WALL 21199909 1 0 1706816537
WALL 21199909 1 0 1706816538
WALL 21199909 1 0 1706816539
WALL 21199909 1 0 1706816540
WALL 21199909 1 0 1706816541
WALL 21199909 1 0 1706816542
WALL 21199909 1 0 1706816543
WALL 21199909 1 0 1706816544
WALL 21199909 1 0 1706816545
WALL 21199909 1 0 1706816546
WALL 21199909 1 0 1706816547
WALL 21199909 1 0 1706816548
WALL 21199909 1 0 1706816549
WALL 21199909 1 0 1706816550
WALL 21199909 1 0 1706816551
WALL 21199909 1 0 1706816552
WALL 21199909 1 0 1706816553
WALL 21199909 1 0 1706816554
WALL 21199909 1 0 1706816555
WALL 21199909 1 0 1706816556
WALL 21199909 1 0 1706816557
WALL 21199909 1 0 1706816558
WALL 21199909 1 0 1706816559
WALL 21199909 1 0 1706816560
WALL 21199909 1 0 1706816561
WALL 21199909 1 0 1706816562
WALL 21199909 1 0 1706816563
WALL 21199909 1 0 1706816564
WALL 21199909 1 0 1706816565
WALL 21199909 1 0 1706816566
WALL 21199909 1 0 1706816567
WALL 21199909 1 0 1706816568
WALL 21199909 1 0 1706816569
WALL 21199909 1 0 1706816570
WALL 21199909 1 0 1706816571
WALL 21199909 1 0 1706816572
WALL 21199909 1 0 1706816573
WALL 21199909 1 0 1706816574
WALL 21199909 1 0 1706816575
WALL 21199909 1 0 1706816576
WALL 21199909 1 0 1706816577
WALL 21199909 1 0 1706816578
WALL 21199909 1 0 1706816579
WALL 21199909 1 0 1706816580
WALL 21199909 1 0 1706816581
WALL 21199909 1 0 1706816582
WALL 21199909 1 0 1706816583
WALL 21199909 1 0 1706816584
WALL 21199909 1 0 1706816585
WALL 21199909 1 0 1706816586
WALL 21199909 1 0 1706816587
WALL 21199909 1 0 1706816588
WALL 21199909 1 0 1706816589
WALL 21199909 1 0 1706816590
WALL 21199909 1 0 1706816591
WALL 21199909 1 0 1706816592
WALL 21199909 1 0 1706816593
WALL 21199909 1 0 1706816594
WALL 21199909 1 0 1706816595
WALL 21199909 1 0 1706816596
WALL 21199909 1 0 1706816597
WALL 21199909 1 0 1706816598
WALL 21199909 1 0 1706816599
WALL 21199909 1 0 1706816600
WALL 21199909 1 0 1706816601
WALL 21199909 1 0 1706816602
WALL 21199909 1 0 1706816603
WALL 21199909 1 0 1706816604
WALL 21199909 1 0 1706816605
WALL 21199909 1 0 1706816606
WALL 21199909 1 0 1706816607
WALL 21199909 1 0 1706816608
WALL 21199909 1 0 1706816609
WALL 21199909 1 0 1706816610
WALL 21199909 1 0 1706816611
WALL 21199909 1 0 1706816612
WALL 21199909 1 0 1706816613
WALL 21199909 1 0 1706816614
WALL 21199909 1 0 1706816615
WALL 21199909 1 0 1706816616
WALL 21199909 1 0 1706816617
WALL 21199909 1 0 1706816618
WALL 21199909 1 0 1706816619
WALL 21199909 1 0 1706816620
WALL 21199909 1 0 1706816621
WALL 21199909 1 0 1706816622
WALL 21199909 1 0 1706816623
WALL 21199909 1 0 1706816624
WALL 21199909 1 0 1706816625
WALL 21199909 1 0 1706816626
WALL 21199909 1 0 1706816627
WALL 21199909 1 0 1706816628
WALL 21199909 1 0 1706816629
WALL 21199909 1 0 1706816630
WALL 21199909 1 0 1706816631
WALL 21199909 1 0 1706816632
WALL 21199909 1 0 1706816633
WALL 21199909 1 0 1706816634
WALL 21199909 1 0 1706816635
WALL 21199909 1 0 1706816636
WALL 21199909 1 0 1706816637
WALL 21199909 1 0 1706816638
WALL 21199909 1 0 1706816639
WALL 21199909 1 0 1706816640
WALL 21199909 1 0 1706816641
WALL 21199909 1 0 1706816642
WALL 21199909 1 0 1706816643
WALL 21199909 1 0 1706816644
WALL 21199909 1 0 1706816645
WALL 21199909 1 0 1706816646
WALL 21199909 1 0 1706816647
WALL 21199909 1 0 1706816648
WALL 21199909 1 0 1706816649
WALL 21199909 1 0 1706816650
WALL 21199909 1 0 1706816651
WALL 21199909 1 0 1706816652
WALL 21199909 1 0 1706816653
WALL 21199909 1 0 1706816654
WALL 21199909 1 0 1706816655
WALL 21199909 1 0 1706816656
WALL 21199909 1 0 1706816657
WALL 21199909 1 0 1706816658
WALL 21199909 1 0 1706816659
WALL 21199909 1 0 1706816660
WALL 21199909 1 0 1706816661
WALL 21199909 1 0 1706816662
WALL 21199909 1 0 1706816663
WALL 21199909 1 0 1706816664
WALL 21199909 1 0 1706816665
WALL 21199909 1 0 1706816666
WALL 21199909 1 0 1706816667
WALL 21199909 1 0 1706816668
WALL 21199909 1 0 1706816669
WALL 21199909 1 0 1706816670
WALL 21199909 1 0 1706816671
WALL 21199909 1 0 1706816672
WALL 21199909 1 0 1706816673
WALL 21199909 1 0 1706816674
WALL 21199909 1 0 1706816675
WALL 21199909 1 0 1706816676
WALL 21199909 1 0 1706816677
WALL 21199909 1 0 1706816678
WALL 21199909 1 0 1706816679
WALL 21199909 1 0 1706816680
WALL 21199909 1 0 1706816681
WALL 21199909 1 0 1706816682
WALL 21199909 1 0 1706816683
WALL 21199909 1 0 1706816684
WALL 21199909 1 0 1706816685
WALL 21199909 1 0 1706816686
WALL 21199909 1 0 1706816687
WALL 21199909 1 0 1706816688
WALL 21199909 1 0 1706816689
WALL 21199909 1 0 1706816690
WALL 21199909 1 0 1706816691
WALL 21199909 1 0 1706816692
WALL 21199909 1 0 1706816693
WALL 21199909 1 0 1706816694
WALL 21199909 1 0 1706816695
WALL 21199909 1 0 1706816696
WALL 21199909 1 0 1706816697
WALL 21199909 1 0 1706816698
WALL 21199909 1 0 1706816699
WALL 21199909 1 0 1706816700
WALL 21199909 1 0 1706816701
WALL 21199909 1 0 1706816702
WALL 21199909 1 0 1706816703
WALL 21199909 1 0 1706816704
WALL 21199909 1 0 1706816705
WALL 21199909 1 0 1706816706
WALL 21199909 1 0 1706816707
WALL 21199909 1 0 1706816708
WALL 21199909 1 0 1706816709
WALL 21199909 1 0 1706816710
WALL 21199909 1 0 1706816711
WALL 21199909 1 0 1706816712
WALL 21199909 1 0 1706816713
WALL 21199909 1 0 1706816714
WALL 21199909 1 0 1706816715
WALL 21199909 1 0 1706816716
WALL 21199909 1 0 1706816717
WALL 21199909 1 0 1706816718
WALL 21199909 1 0 1706816719
WALL 21199909 1 0 1706816720
WALL 21199909 1 0 1706816721
WALL 21199909 1 0 1706816722
WALL 21199909 1 0 1706816723
WALL 21199909 1 0 1706816724
WALL 21199909 1 0 1706816725
WALL 21199909 1 0 1706816726
WALL 21199909 1 0 1706816727
WALL 21199909 1 0 1706816728
WALL 21199909 1 0 1706816729
WALL 21199909 1 0 1706816730
WALL 21199909 1 0 1706816731
WALL 21199909 1 0 1706816732
WALL 21199909 1 0 1706816733
WALL 21199909 1 0 1706816734
WALL 21199909 1 0 1706816735
WALL 21199909 1 0 1706816736
WALL 21199909 1 0 1706816737
WALL 21199909 1 0 1706816738
WALL 21199909 1 0 1706816739
WALL 21199909 1 0 1706816740
WALL 21199909 1 0 1706816741
WALL 21199909 1 0 1706816742
WALL 21199909 1 0 1706816743
WALL 21199909 1 0 1706816744
WALL 21199909 1 0 1706816745
WALL 21199909 1 0 1706816746
WALL 21199909 1 0 1706816747
WALL 21199909 1 0 1706816748
WALL 21199909 1 0 1706816749
WALL 21199909 1 0 1706816750
WALL 21199909 1 0 1706816751
WALL 21199909 1 0 1706816752
WALL 21199909 1 0 1706816753
WALL 21199909 1 0 1706816754
WALL 21199909 1 0 1706816755
WALL 21199909 1 0 1706816756
WALL 21199909 1 0 1706816757
WALL 21199909 1 0 1706816758
WALL 21199909 1 0 1706816759
WALL 21199909 1 0 1706816760
WALL 21199909 1 0 1706816761
WALL 21199909 1 0 1706816762
WALL 21199909 1 0 1706816763
WALL 21199909 1 0 1706816764
WALL 21199909 1 0 1706816765
WALL 21199909 1 0 1706816766
WALL 21199909 1 0 1706816767
WALL 21199909 1 0 1706816768
WALL 21199909 1 0 1706816769
WALL 21199909 1 0 1706816770
WALL 21199909 1 0 1706816771
WALL 21199909 1 0 1706816772
WALL 21199909 1 0 1706816773
WALL 21199909 1 0 1706816774
WALL 21199909 1 0 1706816775
WALL 21199909 1 0 1706816776
WALL 21199909 1 0 1706816777
WALL 21199909 1 0 1706816778
WALL 21199909 1 0 1706816779
WALL 21199909 1 0 1706816780
WALL 21199909 1 0 1706816781
WALL 21199909 1 0 1706816782
WALL 21199909 1 0 1706816783
WALL 21199909 1 0 1706816784
WALL 21199909 1 0 1706816785
WALL 21199909 1 0 1706816786
WALL 21199909 1 0 1706816787
WALL 21199909 1 0 1706816788
WALL 21199909 1 0 1706816789
WALL 21199909 1 0 1706816790
WALL 21199909 1 0 1706816791
WALL 21199909 1 0 1706816792
WALL 21199909 1 0 1706816793
WALL 21199909 1 0 1706816794
WALL 21199909 1 0 1706816795
WALL 21199909 1 0 1706816796
WALL 21199909 1 0 1706816797
WALL 21199909 1 0 1706816798
WALL 21199909 1 0 1706816799
WALL 21199909 1 0 1706816800
WALL 21199909 1 0 1706816801
WALL 21199909 1 0 1706816802
WALL 21199909 1 0 1706816803
WALL 21199909 1 0 1706816804
WALL 21199909 1 0 1706816805
WALL 21199909 1 0 1706816806
WALL 21199909 1 0 1706816807
WALL 21199909 1 0 1706816808
WALL 21199909 1 0 1706816809
WALL 21199909 1 0 1706816810
WALL 21199909 1 0 1706816811
WALL 21199909 1 0 1706816812
received SIGCONT 1706816813
WALL 21199909 1 0 1706816813
slurmstepd: error: *** STEP 21199909.0 ON nid200017 CANCELLED AT 2024-02-01T19:46:53 ***
received SIGTERM 1706816813
WALL 21199909 1 0 1706816813
WALL 21199909 1 0 1706816814
WALL 21199909 1 0 1706816815
WALL 21199909 1 0 1706816816
WALL 21199909 1 0 1706816817
WALL 21199909 1 0 1706816818
WALL 21199909 1 0 1706816819
WALL 21199909 1 0 1706816820
WALL 21199909 1 0 1706816821
WALL 21199909 1 0 1706816822
WALL 21199909 1 0 1706816823
WALL 21199909 1 0 1706816824
WALL 21199909 1 0 1706816825
WALL 21199909 1 0 1706816826
WALL 21199909 1 0 1706816827
WALL 21199909 1 0 1706816828
WALL 21199909 1 0 1706816829
WALL 21199909 1 0 1706816830
WALL 21199909 1 0 1706816831
WALL 21199909 1 0 1706816832
WALL 21199909 1 0 1706816833
WALL 21199909 1 0 1706816834
WALL 21199909 1 0 1706816835
WALL 21199909 1 0 1706816836
WALL 21199909 1 0 1706816837
WALL 21199909 1 0 1706816838
WALL 21199909 1 0 1706816839
WALL 21199909 1 0 1706816840
WALL 21199909 1 0 1706816841
WALL 21199909 1 0 1706816842
WALL 21199909 1 0 1706816843
WALL 21199909 1 0 1706816844
WALL 21199909 1 0 1706816845
WALL 21199909 1 0 1706816846
WALL 21199909 1 0 1706816847
WALL 21199909 1 0 1706816848
WALL 21199909 1 0 1706816849
WALL 21199909 1 0 1706816850
WALL 21199909 1 0 1706816851
WALL 21199909 1 0 1706816852
WALL 21199909 1 0 1706816853
WALL 21199909 1 0 1706816854
WALL 21199909 1 0 1706816855
WALL 21199909 1 0 1706816856
WALL 21199909 1 0 1706816857
WALL 21199909 1 0 1706816858
WALL 21199909 1 0 1706816859
WALL 21199909 1 0 1706816860
WALL 21199909 1 0 1706816861
WALL 21199909 1 0 1706816862
WALL 21199909 1 0 1706816863
WALL 21199909 1 0 1706816864
WALL 21199909 1 0 1706816865
WALL 21199909 1 0 1706816866
WALL 21199909 1 0 1706816867
WALL 21199909 1 0 1706816868
WALL 21199909 1 0 1706816869
WALL 21199909 1 0 1706816870
WALL 21199909 1 0 1706816871
WALL 21199909 1 0 1706816872
WALL 21199909 1 0 1706816873
WALL 21199909 1 0 1706816874
WALL 21199909 1 0 1706816875
WALL 21199909 1 0 1706816876
WALL 21199909 1 0 1706816877
WALL 21199909 1 0 1706816878
WALL 21199909 1 0 1706816879
WALL 21199909 1 0 1706816880
WALL 21199909 1 0 1706816881
WALL 21199909 1 0 1706816882
WALL 21199909 1 0 1706816883
WALL 21199909 1 0 1706816884
WALL 21199909 1 0 1706816885
WALL 21199909 1 0 1706816886
slurmstepd: error: *** JOB 21199909 ON nid200017 CANCELLED AT 2024-02-01T19:48:06 DUE TO PREEMPTION ***
received SIGTERM 1706816886
WALL 21199909 1 0 1706816886
received SIGCONT 1706816886
WALL 21199909 1 0 1706816886
received SIGTERM 1706816886
WALL 21199909 1 0 1706816886
