srun: warning: can't run 1 processes on 8 nodes, setting nnodes to 1
WALL 21195370 1 0 1706813366
WALL 21195370 1 0 1706813367
WALL 21195370 1 0 1706813368
WALL 21195370 1 0 1706813369
WALL 21195370 1 0 1706813370
WALL 21195370 1 0 1706813371
WALL 21195370 1 0 1706813372
WALL 21195370 1 0 1706813373
WALL 21195370 1 0 1706813374
WALL 21195370 1 0 1706813375
WALL 21195370 1 0 1706813376
WALL 21195370 1 0 1706813377
WALL 21195370 1 0 1706813378
WALL 21195370 1 0 1706813379
WALL 21195370 1 0 1706813380
WALL 21195370 1 0 1706813381
WALL 21195370 1 0 1706813382
WALL 21195370 1 0 1706813383
WALL 21195370 1 0 1706813384
WALL 21195370 1 0 1706813385
WALL 21195370 1 0 1706813386
WALL 21195370 1 0 1706813387
WALL 21195370 1 0 1706813389
WALL 21195370 1 0 1706813390
WALL 21195370 1 0 1706813391
WALL 21195370 1 0 1706813392
WALL 21195370 1 0 1706813393
WALL 21195370 1 0 1706813394
WALL 21195370 1 0 1706813395
WALL 21195370 1 0 1706813396
WALL 21195370 1 0 1706813397
WALL 21195370 1 0 1706813398
WALL 21195370 1 0 1706813399
WALL 21195370 1 0 1706813400
WALL 21195370 1 0 1706813401
WALL 21195370 1 0 1706813402
WALL 21195370 1 0 1706813403
WALL 21195370 1 0 1706813404
WALL 21195370 1 0 1706813405
WALL 21195370 1 0 1706813406
WALL 21195370 1 0 1706813407
WALL 21195370 1 0 1706813408
WALL 21195370 1 0 1706813409
WALL 21195370 1 0 1706813410
WALL 21195370 1 0 1706813411
WALL 21195370 1 0 1706813412
WALL 21195370 1 0 1706813413
WALL 21195370 1 0 1706813414
WALL 21195370 1 0 1706813415
WALL 21195370 1 0 1706813416
WALL 21195370 1 0 1706813417
WALL 21195370 1 0 1706813418
WALL 21195370 1 0 1706813419
WALL 21195370 1 0 1706813420
WALL 21195370 1 0 1706813421
WALL 21195370 1 0 1706813422
WALL 21195370 1 0 1706813423
WALL 21195370 1 0 1706813424
WALL 21195370 1 0 1706813425
WALL 21195370 1 0 1706813426
WALL 21195370 1 0 1706813427
WALL 21195370 1 0 1706813428
WALL 21195370 1 0 1706813429
WALL 21195370 1 0 1706813430
WALL 21195370 1 0 1706813431
WALL 21195370 1 0 1706813432
WALL 21195370 1 0 1706813433
WALL 21195370 1 0 1706813434
WALL 21195370 1 0 1706813435
WALL 21195370 1 0 1706813436
WALL 21195370 1 0 1706813437
WALL 21195370 1 0 1706813438
WALL 21195370 1 0 1706813439
WALL 21195370 1 0 1706813440
WALL 21195370 1 0 1706813441
WALL 21195370 1 0 1706813442
WALL 21195370 1 0 1706813443
WALL 21195370 1 0 1706813444
WALL 21195370 1 0 1706813445
WALL 21195370 1 0 1706813446
WALL 21195370 1 0 1706813447
WALL 21195370 1 0 1706813448
WALL 21195370 1 0 1706813449
WALL 21195370 1 0 1706813450
WALL 21195370 1 0 1706813451
WALL 21195370 1 0 1706813452
WALL 21195370 1 0 1706813453
WALL 21195370 1 0 1706813454
WALL 21195370 1 0 1706813455
WALL 21195370 1 0 1706813456
WALL 21195370 1 0 1706813457
WALL 21195370 1 0 1706813458
WALL 21195370 1 0 1706813459
WALL 21195370 1 0 1706813460
WALL 21195370 1 0 1706813461
WALL 21195370 1 0 1706813462
WALL 21195370 1 0 1706813463
WALL 21195370 1 0 1706813464
WALL 21195370 1 0 1706813465
WALL 21195370 1 0 1706813466
WALL 21195370 1 0 1706813467
WALL 21195370 1 0 1706813468
WALL 21195370 1 0 1706813469
WALL 21195370 1 0 1706813470
WALL 21195370 1 0 1706813471
WALL 21195370 1 0 1706813472
WALL 21195370 1 0 1706813473
WALL 21195370 1 0 1706813474
WALL 21195370 1 0 1706813475
WALL 21195370 1 0 1706813476
WALL 21195370 1 0 1706813477
WALL 21195370 1 0 1706813478
WALL 21195370 1 0 1706813479
WALL 21195370 1 0 1706813480
WALL 21195370 1 0 1706813481
WALL 21195370 1 0 1706813482
WALL 21195370 1 0 1706813483
WALL 21195370 1 0 1706813484
WALL 21195370 1 0 1706813485
WALL 21195370 1 0 1706813486
WALL 21195370 1 0 1706813487
WALL 21195370 1 0 1706813488
WALL 21195370 1 0 1706813489
WALL 21195370 1 0 1706813490
WALL 21195370 1 0 1706813491
WALL 21195370 1 0 1706813492
WALL 21195370 1 0 1706813493
WALL 21195370 1 0 1706813494
WALL 21195370 1 0 1706813495
WALL 21195370 1 0 1706813496
WALL 21195370 1 0 1706813497
WALL 21195370 1 0 1706813498
WALL 21195370 1 0 1706813499
WALL 21195370 1 0 1706813500
WALL 21195370 1 0 1706813501
WALL 21195370 1 0 1706813502
WALL 21195370 1 0 1706813503
WALL 21195370 1 0 1706813504
WALL 21195370 1 0 1706813505
WALL 21195370 1 0 1706813506
WALL 21195370 1 0 1706813507
WALL 21195370 1 0 1706813508
WALL 21195370 1 0 1706813509
WALL 21195370 1 0 1706813510
WALL 21195370 1 0 1706813511
WALL 21195370 1 0 1706813512
WALL 21195370 1 0 1706813513
WALL 21195370 1 0 1706813514
WALL 21195370 1 0 1706813515
WALL 21195370 1 0 1706813516
WALL 21195370 1 0 1706813517
WALL 21195370 1 0 1706813518
WALL 21195370 1 0 1706813519
WALL 21195370 1 0 1706813520
WALL 21195370 1 0 1706813521
WALL 21195370 1 0 1706813522
WALL 21195370 1 0 1706813523
WALL 21195370 1 0 1706813524
WALL 21195370 1 0 1706813525
WALL 21195370 1 0 1706813526
WALL 21195370 1 0 1706813527
WALL 21195370 1 0 1706813528
WALL 21195370 1 0 1706813529
WALL 21195370 1 0 1706813530
WALL 21195370 1 0 1706813531
WALL 21195370 1 0 1706813532
WALL 21195370 1 0 1706813533
WALL 21195370 1 0 1706813534
WALL 21195370 1 0 1706813535
WALL 21195370 1 0 1706813536
WALL 21195370 1 0 1706813537
WALL 21195370 1 0 1706813538
WALL 21195370 1 0 1706813539
WALL 21195370 1 0 1706813540
WALL 21195370 1 0 1706813541
WALL 21195370 1 0 1706813542
WALL 21195370 1 0 1706813543
WALL 21195370 1 0 1706813544
WALL 21195370 1 0 1706813545
WALL 21195370 1 0 1706813546
WALL 21195370 1 0 1706813547
WALL 21195370 1 0 1706813548
WALL 21195370 1 0 1706813549
WALL 21195370 1 0 1706813550
WALL 21195370 1 0 1706813551
WALL 21195370 1 0 1706813552
WALL 21195370 1 0 1706813553
WALL 21195370 1 0 1706813554
WALL 21195370 1 0 1706813555
WALL 21195370 1 0 1706813556
WALL 21195370 1 0 1706813557
WALL 21195370 1 0 1706813558
WALL 21195370 1 0 1706813559
WALL 21195370 1 0 1706813560
WALL 21195370 1 0 1706813561
WALL 21195370 1 0 1706813562
WALL 21195370 1 0 1706813563
WALL 21195370 1 0 1706813564
WALL 21195370 1 0 1706813565
WALL 21195370 1 0 1706813566
WALL 21195370 1 0 1706813567
WALL 21195370 1 0 1706813568
WALL 21195370 1 0 1706813569
WALL 21195370 1 0 1706813570
WALL 21195370 1 0 1706813571
WALL 21195370 1 0 1706813572
WALL 21195370 1 0 1706813573
WALL 21195370 1 0 1706813574
WALL 21195370 1 0 1706813575
WALL 21195370 1 0 1706813576
WALL 21195370 1 0 1706813577
WALL 21195370 1 0 1706813578
WALL 21195370 1 0 1706813579
WALL 21195370 1 0 1706813580
WALL 21195370 1 0 1706813581
WALL 21195370 1 0 1706813582
WALL 21195370 1 0 1706813583
WALL 21195370 1 0 1706813584
WALL 21195370 1 0 1706813585
WALL 21195370 1 0 1706813586
WALL 21195370 1 0 1706813587
WALL 21195370 1 0 1706813588
WALL 21195370 1 0 1706813589
WALL 21195370 1 0 1706813590
WALL 21195370 1 0 1706813591
WALL 21195370 1 0 1706813592
WALL 21195370 1 0 1706813593
WALL 21195370 1 0 1706813594
WALL 21195370 1 0 1706813595
WALL 21195370 1 0 1706813596
WALL 21195370 1 0 1706813597
WALL 21195370 1 0 1706813598
WALL 21195370 1 0 1706813599
WALL 21195370 1 0 1706813600
WALL 21195370 1 0 1706813601
WALL 21195370 1 0 1706813602
WALL 21195370 1 0 1706813603
WALL 21195370 1 0 1706813604
WALL 21195370 1 0 1706813605
WALL 21195370 1 0 1706813606
WALL 21195370 1 0 1706813607
WALL 21195370 1 0 1706813608
WALL 21195370 1 0 1706813609
WALL 21195370 1 0 1706813610
WALL 21195370 1 0 1706813611
WALL 21195370 1 0 1706813612
WALL 21195370 1 0 1706813613
WALL 21195370 1 0 1706813614
WALL 21195370 1 0 1706813615
WALL 21195370 1 0 1706813616
WALL 21195370 1 0 1706813617
WALL 21195370 1 0 1706813618
WALL 21195370 1 0 1706813619
WALL 21195370 1 0 1706813620
WALL 21195370 1 0 1706813621
WALL 21195370 1 0 1706813622
WALL 21195370 1 0 1706813623
WALL 21195370 1 0 1706813624
WALL 21195370 1 0 1706813625
WALL 21195370 1 0 1706813626
WALL 21195370 1 0 1706813627
WALL 21195370 1 0 1706813628
WALL 21195370 1 0 1706813629
WALL 21195370 1 0 1706813630
WALL 21195370 1 0 1706813631
WALL 21195370 1 0 1706813632
WALL 21195370 1 0 1706813633
WALL 21195370 1 0 1706813634
WALL 21195370 1 0 1706813635
WALL 21195370 1 0 1706813636
WALL 21195370 1 0 1706813637
WALL 21195370 1 0 1706813638
WALL 21195370 1 0 1706813639
WALL 21195370 1 0 1706813640
WALL 21195370 1 0 1706813641
WALL 21195370 1 0 1706813642
WALL 21195370 1 0 1706813643
WALL 21195370 1 0 1706813644
WALL 21195370 1 0 1706813645
WALL 21195370 1 0 1706813646
WALL 21195370 1 0 1706813647
WALL 21195370 1 0 1706813648
WALL 21195370 1 0 1706813649
WALL 21195370 1 0 1706813650
WALL 21195370 1 0 1706813651
WALL 21195370 1 0 1706813652
WALL 21195370 1 0 1706813653
WALL 21195370 1 0 1706813654
WALL 21195370 1 0 1706813655
WALL 21195370 1 0 1706813656
WALL 21195370 1 0 1706813657
WALL 21195370 1 0 1706813658
WALL 21195370 1 0 1706813659
WALL 21195370 1 0 1706813660
WALL 21195370 1 0 1706813661
WALL 21195370 1 0 1706813662
WALL 21195370 1 0 1706813663
WALL 21195370 1 0 1706813664
WALL 21195370 1 0 1706813665
WALL 21195370 1 0 1706813666
WALL 21195370 1 0 1706813667
WALL 21195370 1 0 1706813668
WALL 21195370 1 0 1706813669
WALL 21195370 1 0 1706813670
WALL 21195370 1 0 1706813671
WALL 21195370 1 0 1706813672
WALL 21195370 1 0 1706813673
WALL 21195370 1 0 1706813674
WALL 21195370 1 0 1706813675
WALL 21195370 1 0 1706813676
WALL 21195370 1 0 1706813677
WALL 21195370 1 0 1706813678
WALL 21195370 1 0 1706813679
WALL 21195370 1 0 1706813680
WALL 21195370 1 0 1706813681
WALL 21195370 1 0 1706813682
WALL 21195370 1 0 1706813683
WALL 21195370 1 0 1706813684
WALL 21195370 1 0 1706813685
WALL 21195370 1 0 1706813686
WALL 21195370 1 0 1706813687
WALL 21195370 1 0 1706813688
WALL 21195370 1 0 1706813689
WALL 21195370 1 0 1706813690
WALL 21195370 1 0 1706813691
WALL 21195370 1 0 1706813692
WALL 21195370 1 0 1706813693
WALL 21195370 1 0 1706813694
WALL 21195370 1 0 1706813695
WALL 21195370 1 0 1706813696
WALL 21195370 1 0 1706813697
WALL 21195370 1 0 1706813698
WALL 21195370 1 0 1706813699
WALL 21195370 1 0 1706813700
WALL 21195370 1 0 1706813701
WALL 21195370 1 0 1706813702
WALL 21195370 1 0 1706813703
WALL 21195370 1 0 1706813704
WALL 21195370 1 0 1706813705
WALL 21195370 1 0 1706813706
WALL 21195370 1 0 1706813707
WALL 21195370 1 0 1706813708
WALL 21195370 1 0 1706813709
WALL 21195370 1 0 1706813710
WALL 21195370 1 0 1706813711
WALL 21195370 1 0 1706813712
WALL 21195370 1 0 1706813713
WALL 21195370 1 0 1706813714
WALL 21195370 1 0 1706813715
WALL 21195370 1 0 1706813716
WALL 21195370 1 0 1706813717
WALL 21195370 1 0 1706813718
WALL 21195370 1 0 1706813719
WALL 21195370 1 0 1706813720
WALL 21195370 1 0 1706813721
WALL 21195370 1 0 1706813722
WALL 21195370 1 0 1706813723
WALL 21195370 1 0 1706813724
WALL 21195370 1 0 1706813725
WALL 21195370 1 0 1706813726
WALL 21195370 1 0 1706813727
WALL 21195370 1 0 1706813728
WALL 21195370 1 0 1706813729
WALL 21195370 1 0 1706813730
WALL 21195370 1 0 1706813731
WALL 21195370 1 0 1706813732
WALL 21195370 1 0 1706813733
WALL 21195370 1 0 1706813734
WALL 21195370 1 0 1706813735
WALL 21195370 1 0 1706813736
WALL 21195370 1 0 1706813737
WALL 21195370 1 0 1706813738
WALL 21195370 1 0 1706813739
WALL 21195370 1 0 1706813740
WALL 21195370 1 0 1706813741
WALL 21195370 1 0 1706813742
WALL 21195370 1 0 1706813743
WALL 21195370 1 0 1706813744
WALL 21195370 1 0 1706813745
WALL 21195370 1 0 1706813746
WALL 21195370 1 0 1706813747
WALL 21195370 1 0 1706813748
WALL 21195370 1 0 1706813749
WALL 21195370 1 0 1706813750
WALL 21195370 1 0 1706813751
WALL 21195370 1 0 1706813752
WALL 21195370 1 0 1706813753
WALL 21195370 1 0 1706813754
WALL 21195370 1 0 1706813755
WALL 21195370 1 0 1706813756
WALL 21195370 1 0 1706813757
WALL 21195370 1 0 1706813758
WALL 21195370 1 0 1706813759
WALL 21195370 1 0 1706813760
WALL 21195370 1 0 1706813761
WALL 21195370 1 0 1706813762
WALL 21195370 1 0 1706813763
WALL 21195370 1 0 1706813764
WALL 21195370 1 0 1706813765
WALL 21195370 1 0 1706813766
WALL 21195370 1 0 1706813767
WALL 21195370 1 0 1706813768
WALL 21195370 1 0 1706813769
WALL 21195370 1 0 1706813770
WALL 21195370 1 0 1706813771
WALL 21195370 1 0 1706813772
WALL 21195370 1 0 1706813773
WALL 21195370 1 0 1706813774
WALL 21195370 1 0 1706813775
WALL 21195370 1 0 1706813776
WALL 21195370 1 0 1706813777
WALL 21195370 1 0 1706813778
WALL 21195370 1 0 1706813779
WALL 21195370 1 0 1706813780
WALL 21195370 1 0 1706813781
WALL 21195370 1 0 1706813782
WALL 21195370 1 0 1706813783
WALL 21195370 1 0 1706813784
WALL 21195370 1 0 1706813785
WALL 21195370 1 0 1706813786
WALL 21195370 1 0 1706813787
WALL 21195370 1 0 1706813788
WALL 21195370 1 0 1706813789
WALL 21195370 1 0 1706813790
WALL 21195370 1 0 1706813791
WALL 21195370 1 0 1706813792
WALL 21195370 1 0 1706813793
WALL 21195370 1 0 1706813794
WALL 21195370 1 0 1706813795
WALL 21195370 1 0 1706813796
WALL 21195370 1 0 1706813797
WALL 21195370 1 0 1706813798
WALL 21195370 1 0 1706813799
WALL 21195370 1 0 1706813800
WALL 21195370 1 0 1706813801
WALL 21195370 1 0 1706813802
WALL 21195370 1 0 1706813803
WALL 21195370 1 0 1706813804
WALL 21195370 1 0 1706813805
WALL 21195370 1 0 1706813806
WALL 21195370 1 0 1706813807
WALL 21195370 1 0 1706813808
WALL 21195370 1 0 1706813809
WALL 21195370 1 0 1706813810
WALL 21195370 1 0 1706813811
WALL 21195370 1 0 1706813812
WALL 21195370 1 0 1706813813
WALL 21195370 1 0 1706813814
WALL 21195370 1 0 1706813815
WALL 21195370 1 0 1706813816
WALL 21195370 1 0 1706813817
WALL 21195370 1 0 1706813818
WALL 21195370 1 0 1706813819
WALL 21195370 1 0 1706813820
WALL 21195370 1 0 1706813821
WALL 21195370 1 0 1706813822
WALL 21195370 1 0 1706813823
WALL 21195370 1 0 1706813824
WALL 21195370 1 0 1706813825
WALL 21195370 1 0 1706813826
WALL 21195370 1 0 1706813827
WALL 21195370 1 0 1706813828
WALL 21195370 1 0 1706813829
WALL 21195370 1 0 1706813830
WALL 21195370 1 0 1706813831
WALL 21195370 1 0 1706813832
WALL 21195370 1 0 1706813833
WALL 21195370 1 0 1706813834
WALL 21195370 1 0 1706813835
WALL 21195370 1 0 1706813836
WALL 21195370 1 0 1706813837
WALL 21195370 1 0 1706813838
WALL 21195370 1 0 1706813839
WALL 21195370 1 0 1706813840
WALL 21195370 1 0 1706813841
WALL 21195370 1 0 1706813842
WALL 21195370 1 0 1706813843
WALL 21195370 1 0 1706813844
WALL 21195370 1 0 1706813845
WALL 21195370 1 0 1706813846
WALL 21195370 1 0 1706813847
WALL 21195370 1 0 1706813848
WALL 21195370 1 0 1706813849
WALL 21195370 1 0 1706813850
WALL 21195370 1 0 1706813851
WALL 21195370 1 0 1706813852
WALL 21195370 1 0 1706813853
WALL 21195370 1 0 1706813854
WALL 21195370 1 0 1706813855
WALL 21195370 1 0 1706813856
WALL 21195370 1 0 1706813857
WALL 21195370 1 0 1706813858
WALL 21195370 1 0 1706813859
WALL 21195370 1 0 1706813860
WALL 21195370 1 0 1706813861
WALL 21195370 1 0 1706813862
WALL 21195370 1 0 1706813863
WALL 21195370 1 0 1706813864
WALL 21195370 1 0 1706813865
WALL 21195370 1 0 1706813866
WALL 21195370 1 0 1706813867
WALL 21195370 1 0 1706813868
WALL 21195370 1 0 1706813869
WALL 21195370 1 0 1706813870
WALL 21195370 1 0 1706813871
WALL 21195370 1 0 1706813872
WALL 21195370 1 0 1706813873
WALL 21195370 1 0 1706813874
WALL 21195370 1 0 1706813875
WALL 21195370 1 0 1706813876
WALL 21195370 1 0 1706813877
WALL 21195370 1 0 1706813878
WALL 21195370 1 0 1706813879
WALL 21195370 1 0 1706813880
WALL 21195370 1 0 1706813881
WALL 21195370 1 0 1706813882
WALL 21195370 1 0 1706813883
WALL 21195370 1 0 1706813884
WALL 21195370 1 0 1706813885
WALL 21195370 1 0 1706813886
WALL 21195370 1 0 1706813887
WALL 21195370 1 0 1706813888
WALL 21195370 1 0 1706813889
WALL 21195370 1 0 1706813890
WALL 21195370 1 0 1706813891
WALL 21195370 1 0 1706813892
WALL 21195370 1 0 1706813893
WALL 21195370 1 0 1706813894
WALL 21195370 1 0 1706813895
WALL 21195370 1 0 1706813896
WALL 21195370 1 0 1706813897
WALL 21195370 1 0 1706813898
WALL 21195370 1 0 1706813899
WALL 21195370 1 0 1706813900
WALL 21195370 1 0 1706813901
WALL 21195370 1 0 1706813902
WALL 21195370 1 0 1706813903
WALL 21195370 1 0 1706813904
WALL 21195370 1 0 1706813905
WALL 21195370 1 0 1706813906
WALL 21195370 1 0 1706813907
WALL 21195370 1 0 1706813908
WALL 21195370 1 0 1706813909
WALL 21195370 1 0 1706813910
WALL 21195370 1 0 1706813911
WALL 21195370 1 0 1706813912
WALL 21195370 1 0 1706813913
WALL 21195370 1 0 1706813914
WALL 21195370 1 0 1706813915
WALL 21195370 1 0 1706813916
WALL 21195370 1 0 1706813917
WALL 21195370 1 0 1706813918
WALL 21195370 1 0 1706813919
WALL 21195370 1 0 1706813920
WALL 21195370 1 0 1706813921
WALL 21195370 1 0 1706813922
WALL 21195370 1 0 1706813923
WALL 21195370 1 0 1706813924
WALL 21195370 1 0 1706813925
WALL 21195370 1 0 1706813926
WALL 21195370 1 0 1706813927
WALL 21195370 1 0 1706813928
WALL 21195370 1 0 1706813929
WALL 21195370 1 0 1706813930
WALL 21195370 1 0 1706813931
WALL 21195370 1 0 1706813932
WALL 21195370 1 0 1706813933
WALL 21195370 1 0 1706813934
WALL 21195370 1 0 1706813935
WALL 21195370 1 0 1706813936
WALL 21195370 1 0 1706813937
WALL 21195370 1 0 1706813938
WALL 21195370 1 0 1706813939
WALL 21195370 1 0 1706813940
WALL 21195370 1 0 1706813941
WALL 21195370 1 0 1706813942
WALL 21195370 1 0 1706813943
WALL 21195370 1 0 1706813944
WALL 21195370 1 0 1706813945
WALL 21195370 1 0 1706813946
WALL 21195370 1 0 1706813947
WALL 21195370 1 0 1706813948
WALL 21195370 1 0 1706813949
WALL 21195370 1 0 1706813950
WALL 21195370 1 0 1706813951
WALL 21195370 1 0 1706813952
WALL 21195370 1 0 1706813953
WALL 21195370 1 0 1706813954
WALL 21195370 1 0 1706813955
WALL 21195370 1 0 1706813956
WALL 21195370 1 0 1706813957
WALL 21195370 1 0 1706813958
WALL 21195370 1 0 1706813959
WALL 21195370 1 0 1706813960
WALL 21195370 1 0 1706813961
WALL 21195370 1 0 1706813962
WALL 21195370 1 0 1706813963
WALL 21195370 1 0 1706813964
WALL 21195370 1 0 1706813965
WALL 21195370 1 0 1706813966
WALL 21195370 1 0 1706813967
WALL 21195370 1 0 1706813968
WALL 21195370 1 0 1706813969
WALL 21195370 1 0 1706813970
WALL 21195370 1 0 1706813971
WALL 21195370 1 0 1706813972
WALL 21195370 1 0 1706813973
WALL 21195370 1 0 1706813974
WALL 21195370 1 0 1706813975
WALL 21195370 1 0 1706813976
WALL 21195370 1 0 1706813977
WALL 21195370 1 0 1706813978
WALL 21195370 1 0 1706813979
WALL 21195370 1 0 1706813980
WALL 21195370 1 0 1706813981
WALL 21195370 1 0 1706813982
WALL 21195370 1 0 1706813983
WALL 21195370 1 0 1706813984
WALL 21195370 1 0 1706813985
WALL 21195370 1 0 1706813986
WALL 21195370 1 0 1706813987
WALL 21195370 1 0 1706813988
WALL 21195370 1 0 1706813989
WALL 21195370 1 0 1706813990
WALL 21195370 1 0 1706813991
WALL 21195370 1 0 1706813992
WALL 21195370 1 0 1706813993
WALL 21195370 1 0 1706813994
WALL 21195370 1 0 1706813995
WALL 21195370 1 0 1706813996
WALL 21195370 1 0 1706813997
WALL 21195370 1 0 1706813998
WALL 21195370 1 0 1706813999
WALL 21195370 1 0 1706814000
WALL 21195370 1 0 1706814001
WALL 21195370 1 0 1706814002
WALL 21195370 1 0 1706814003
WALL 21195370 1 0 1706814004
WALL 21195370 1 0 1706814005
WALL 21195370 1 0 1706814006
WALL 21195370 1 0 1706814007
WALL 21195370 1 0 1706814008
WALL 21195370 1 0 1706814009
WALL 21195370 1 0 1706814010
WALL 21195370 1 0 1706814011
WALL 21195370 1 0 1706814012
WALL 21195370 1 0 1706814013
WALL 21195370 1 0 1706814014
WALL 21195370 1 0 1706814015
WALL 21195370 1 0 1706814016
WALL 21195370 1 0 1706814017
WALL 21195370 1 0 1706814018
WALL 21195370 1 0 1706814019
WALL 21195370 1 0 1706814020
WALL 21195370 1 0 1706814021
WALL 21195370 1 0 1706814022
WALL 21195370 1 0 1706814023
WALL 21195370 1 0 1706814024
WALL 21195370 1 0 1706814025
WALL 21195370 1 0 1706814026
WALL 21195370 1 0 1706814027
WALL 21195370 1 0 1706814028
WALL 21195370 1 0 1706814029
WALL 21195370 1 0 1706814030
WALL 21195370 1 0 1706814031
WALL 21195370 1 0 1706814032
WALL 21195370 1 0 1706814033
WALL 21195370 1 0 1706814034
WALL 21195370 1 0 1706814035
WALL 21195370 1 0 1706814036
WALL 21195370 1 0 1706814037
WALL 21195370 1 0 1706814038
WALL 21195370 1 0 1706814039
WALL 21195370 1 0 1706814040
WALL 21195370 1 0 1706814041
WALL 21195370 1 0 1706814042
WALL 21195370 1 0 1706814043
WALL 21195370 1 0 1706814044
WALL 21195370 1 0 1706814045
WALL 21195370 1 0 1706814046
WALL 21195370 1 0 1706814047
WALL 21195370 1 0 1706814048
WALL 21195370 1 0 1706814049
WALL 21195370 1 0 1706814050
WALL 21195370 1 0 1706814051
WALL 21195370 1 0 1706814052
WALL 21195370 1 0 1706814053
WALL 21195370 1 0 1706814054
WALL 21195370 1 0 1706814055
WALL 21195370 1 0 1706814056
WALL 21195370 1 0 1706814057
WALL 21195370 1 0 1706814058
WALL 21195370 1 0 1706814059
WALL 21195370 1 0 1706814060
WALL 21195370 1 0 1706814061
WALL 21195370 1 0 1706814062
WALL 21195370 1 0 1706814063
WALL 21195370 1 0 1706814064
WALL 21195370 1 0 1706814065
WALL 21195370 1 0 1706814066
WALL 21195370 1 0 1706814067
WALL 21195370 1 0 1706814068
WALL 21195370 1 0 1706814069
WALL 21195370 1 0 1706814070
WALL 21195370 1 0 1706814071
WALL 21195370 1 0 1706814072
WALL 21195370 1 0 1706814073
WALL 21195370 1 0 1706814074
WALL 21195370 1 0 1706814075
WALL 21195370 1 0 1706814076
WALL 21195370 1 0 1706814077
WALL 21195370 1 0 1706814078
WALL 21195370 1 0 1706814079
WALL 21195370 1 0 1706814080
WALL 21195370 1 0 1706814081
WALL 21195370 1 0 1706814082
WALL 21195370 1 0 1706814083
WALL 21195370 1 0 1706814084
WALL 21195370 1 0 1706814085
WALL 21195370 1 0 1706814086
WALL 21195370 1 0 1706814087
WALL 21195370 1 0 1706814088
WALL 21195370 1 0 1706814089
WALL 21195370 1 0 1706814090
WALL 21195370 1 0 1706814091
WALL 21195370 1 0 1706814092
WALL 21195370 1 0 1706814093
WALL 21195370 1 0 1706814094
WALL 21195370 1 0 1706814095
WALL 21195370 1 0 1706814096
WALL 21195370 1 0 1706814097
WALL 21195370 1 0 1706814098
WALL 21195370 1 0 1706814099
WALL 21195370 1 0 1706814100
WALL 21195370 1 0 1706814101
WALL 21195370 1 0 1706814102
WALL 21195370 1 0 1706814103
WALL 21195370 1 0 1706814104
WALL 21195370 1 0 1706814105
WALL 21195370 1 0 1706814106
WALL 21195370 1 0 1706814107
WALL 21195370 1 0 1706814108
WALL 21195370 1 0 1706814109
WALL 21195370 1 0 1706814110
WALL 21195370 1 0 1706814111
WALL 21195370 1 0 1706814112
WALL 21195370 1 0 1706814113
WALL 21195370 1 0 1706814114
WALL 21195370 1 0 1706814115
WALL 21195370 1 0 1706814116
WALL 21195370 1 0 1706814117
WALL 21195370 1 0 1706814118
WALL 21195370 1 0 1706814119
WALL 21195370 1 0 1706814120
WALL 21195370 1 0 1706814121
WALL 21195370 1 0 1706814122
WALL 21195370 1 0 1706814123
WALL 21195370 1 0 1706814124
WALL 21195370 1 0 1706814125
WALL 21195370 1 0 1706814126
WALL 21195370 1 0 1706814127
WALL 21195370 1 0 1706814128
WALL 21195370 1 0 1706814129
WALL 21195370 1 0 1706814130
WALL 21195370 1 0 1706814131
WALL 21195370 1 0 1706814132
WALL 21195370 1 0 1706814133
WALL 21195370 1 0 1706814134
WALL 21195370 1 0 1706814135
WALL 21195370 1 0 1706814136
WALL 21195370 1 0 1706814137
WALL 21195370 1 0 1706814138
WALL 21195370 1 0 1706814139
WALL 21195370 1 0 1706814140
WALL 21195370 1 0 1706814141
WALL 21195370 1 0 1706814142
WALL 21195370 1 0 1706814143
WALL 21195370 1 0 1706814144
WALL 21195370 1 0 1706814145
WALL 21195370 1 0 1706814146
WALL 21195370 1 0 1706814147
WALL 21195370 1 0 1706814148
WALL 21195370 1 0 1706814149
WALL 21195370 1 0 1706814150
WALL 21195370 1 0 1706814151
WALL 21195370 1 0 1706814152
WALL 21195370 1 0 1706814153
WALL 21195370 1 0 1706814154
WALL 21195370 1 0 1706814155
WALL 21195370 1 0 1706814156
WALL 21195370 1 0 1706814157
WALL 21195370 1 0 1706814158
WALL 21195370 1 0 1706814159
WALL 21195370 1 0 1706814160
WALL 21195370 1 0 1706814161
WALL 21195370 1 0 1706814162
WALL 21195370 1 0 1706814163
WALL 21195370 1 0 1706814164
WALL 21195370 1 0 1706814165
WALL 21195370 1 0 1706814166
WALL 21195370 1 0 1706814167
WALL 21195370 1 0 1706814168
WALL 21195370 1 0 1706814169
WALL 21195370 1 0 1706814170
WALL 21195370 1 0 1706814171
WALL 21195370 1 0 1706814172
WALL 21195370 1 0 1706814173
WALL 21195370 1 0 1706814174
WALL 21195370 1 0 1706814175
WALL 21195370 1 0 1706814176
WALL 21195370 1 0 1706814177
WALL 21195370 1 0 1706814178
WALL 21195370 1 0 1706814179
WALL 21195370 1 0 1706814180
WALL 21195370 1 0 1706814181
WALL 21195370 1 0 1706814182
WALL 21195370 1 0 1706814183
WALL 21195370 1 0 1706814184
WALL 21195370 1 0 1706814185
WALL 21195370 1 0 1706814186
WALL 21195370 1 0 1706814187
WALL 21195370 1 0 1706814188
WALL 21195370 1 0 1706814189
WALL 21195370 1 0 1706814190
WALL 21195370 1 0 1706814191
WALL 21195370 1 0 1706814192
WALL 21195370 1 0 1706814193
WALL 21195370 1 0 1706814194
WALL 21195370 1 0 1706814195
WALL 21195370 1 0 1706814196
WALL 21195370 1 0 1706814197
WALL 21195370 1 0 1706814198
WALL 21195370 1 0 1706814199
WALL 21195370 1 0 1706814200
WALL 21195370 1 0 1706814201
WALL 21195370 1 0 1706814202
WALL 21195370 1 0 1706814203
WALL 21195370 1 0 1706814204
WALL 21195370 1 0 1706814205
WALL 21195370 1 0 1706814206
WALL 21195370 1 0 1706814207
WALL 21195370 1 0 1706814208
WALL 21195370 1 0 1706814209
WALL 21195370 1 0 1706814210
WALL 21195370 1 0 1706814211
WALL 21195370 1 0 1706814212
WALL 21195370 1 0 1706814213
WALL 21195370 1 0 1706814214
WALL 21195370 1 0 1706814215
WALL 21195370 1 0 1706814216
WALL 21195370 1 0 1706814217
WALL 21195370 1 0 1706814218
WALL 21195370 1 0 1706814219
WALL 21195370 1 0 1706814220
WALL 21195370 1 0 1706814221
WALL 21195370 1 0 1706814222
WALL 21195370 1 0 1706814223
WALL 21195370 1 0 1706814224
WALL 21195370 1 0 1706814225
WALL 21195370 1 0 1706814226
WALL 21195370 1 0 1706814227
WALL 21195370 1 0 1706814228
WALL 21195370 1 0 1706814229
WALL 21195370 1 0 1706814230
WALL 21195370 1 0 1706814231
WALL 21195370 1 0 1706814232
WALL 21195370 1 0 1706814233
WALL 21195370 1 0 1706814234
WALL 21195370 1 0 1706814235
WALL 21195370 1 0 1706814236
WALL 21195370 1 0 1706814237
WALL 21195370 1 0 1706814238
WALL 21195370 1 0 1706814239
WALL 21195370 1 0 1706814240
WALL 21195370 1 0 1706814241
WALL 21195370 1 0 1706814242
WALL 21195370 1 0 1706814243
WALL 21195370 1 0 1706814244
WALL 21195370 1 0 1706814245
WALL 21195370 1 0 1706814246
WALL 21195370 1 0 1706814247
WALL 21195370 1 0 1706814248
WALL 21195370 1 0 1706814249
WALL 21195370 1 0 1706814250
WALL 21195370 1 0 1706814251
WALL 21195370 1 0 1706814252
WALL 21195370 1 0 1706814253
WALL 21195370 1 0 1706814254
WALL 21195370 1 0 1706814255
WALL 21195370 1 0 1706814256
WALL 21195370 1 0 1706814257
WALL 21195370 1 0 1706814258
WALL 21195370 1 0 1706814259
WALL 21195370 1 0 1706814260
WALL 21195370 1 0 1706814261
WALL 21195370 1 0 1706814262
WALL 21195370 1 0 1706814263
WALL 21195370 1 0 1706814264
WALL 21195370 1 0 1706814265
WALL 21195370 1 0 1706814266
WALL 21195370 1 0 1706814267
WALL 21195370 1 0 1706814268
WALL 21195370 1 0 1706814269
WALL 21195370 1 0 1706814270
WALL 21195370 1 0 1706814271
WALL 21195370 1 0 1706814272
WALL 21195370 1 0 1706814273
WALL 21195370 1 0 1706814274
WALL 21195370 1 0 1706814275
WALL 21195370 1 0 1706814276
WALL 21195370 1 0 1706814277
WALL 21195370 1 0 1706814278
WALL 21195370 1 0 1706814279
WALL 21195370 1 0 1706814280
WALL 21195370 1 0 1706814281
WALL 21195370 1 0 1706814282
WALL 21195370 1 0 1706814283
WALL 21195370 1 0 1706814284
WALL 21195370 1 0 1706814285
WALL 21195370 1 0 1706814286
WALL 21195370 1 0 1706814287
WALL 21195370 1 0 1706814288
WALL 21195370 1 0 1706814289
WALL 21195370 1 0 1706814290
WALL 21195370 1 0 1706814291
WALL 21195370 1 0 1706814292
WALL 21195370 1 0 1706814293
WALL 21195370 1 0 1706814294
WALL 21195370 1 0 1706814295
WALL 21195370 1 0 1706814296
WALL 21195370 1 0 1706814297
WALL 21195370 1 0 1706814298
WALL 21195370 1 0 1706814299
WALL 21195370 1 0 1706814300
WALL 21195370 1 0 1706814301
WALL 21195370 1 0 1706814302
WALL 21195370 1 0 1706814303
WALL 21195370 1 0 1706814304
WALL 21195370 1 0 1706814305
WALL 21195370 1 0 1706814306
WALL 21195370 1 0 1706814307
WALL 21195370 1 0 1706814308
WALL 21195370 1 0 1706814309
WALL 21195370 1 0 1706814310
WALL 21195370 1 0 1706814311
WALL 21195370 1 0 1706814312
WALL 21195370 1 0 1706814313
WALL 21195370 1 0 1706814314
WALL 21195370 1 0 1706814315
WALL 21195370 1 0 1706814316
WALL 21195370 1 0 1706814317
WALL 21195370 1 0 1706814318
WALL 21195370 1 0 1706814319
WALL 21195370 1 0 1706814320
WALL 21195370 1 0 1706814321
WALL 21195370 1 0 1706814322
WALL 21195370 1 0 1706814323
WALL 21195370 1 0 1706814324
WALL 21195370 1 0 1706814325
WALL 21195370 1 0 1706814326
WALL 21195370 1 0 1706814327
WALL 21195370 1 0 1706814328
WALL 21195370 1 0 1706814329
WALL 21195370 1 0 1706814330
WALL 21195370 1 0 1706814331
WALL 21195370 1 0 1706814332
WALL 21195370 1 0 1706814333
WALL 21195370 1 0 1706814334
WALL 21195370 1 0 1706814335
WALL 21195370 1 0 1706814336
WALL 21195370 1 0 1706814337
WALL 21195370 1 0 1706814338
WALL 21195370 1 0 1706814339
WALL 21195370 1 0 1706814340
WALL 21195370 1 0 1706814341
WALL 21195370 1 0 1706814342
WALL 21195370 1 0 1706814343
WALL 21195370 1 0 1706814344
WALL 21195370 1 0 1706814345
WALL 21195370 1 0 1706814346
WALL 21195370 1 0 1706814347
WALL 21195370 1 0 1706814348
WALL 21195370 1 0 1706814349
WALL 21195370 1 0 1706814350
WALL 21195370 1 0 1706814351
WALL 21195370 1 0 1706814352
WALL 21195370 1 0 1706814353
WALL 21195370 1 0 1706814354
WALL 21195370 1 0 1706814355
WALL 21195370 1 0 1706814356
WALL 21195370 1 0 1706814357
WALL 21195370 1 0 1706814358
WALL 21195370 1 0 1706814359
WALL 21195370 1 0 1706814360
WALL 21195370 1 0 1706814361
WALL 21195370 1 0 1706814362
WALL 21195370 1 0 1706814363
WALL 21195370 1 0 1706814364
WALL 21195370 1 0 1706814365
WALL 21195370 1 0 1706814366
WALL 21195370 1 0 1706814367
WALL 21195370 1 0 1706814368
WALL 21195370 1 0 1706814369
WALL 21195370 1 0 1706814370
WALL 21195370 1 0 1706814371
WALL 21195370 1 0 1706814372
WALL 21195370 1 0 1706814373
WALL 21195370 1 0 1706814374
WALL 21195370 1 0 1706814375
WALL 21195370 1 0 1706814376
WALL 21195370 1 0 1706814377
WALL 21195370 1 0 1706814378
WALL 21195370 1 0 1706814379
WALL 21195370 1 0 1706814380
WALL 21195370 1 0 1706814381
WALL 21195370 1 0 1706814382
WALL 21195370 1 0 1706814383
WALL 21195370 1 0 1706814384
WALL 21195370 1 0 1706814385
WALL 21195370 1 0 1706814386
WALL 21195370 1 0 1706814387
WALL 21195370 1 0 1706814388
WALL 21195370 1 0 1706814389
WALL 21195370 1 0 1706814390
WALL 21195370 1 0 1706814391
WALL 21195370 1 0 1706814392
WALL 21195370 1 0 1706814393
WALL 21195370 1 0 1706814394
WALL 21195370 1 0 1706814395
WALL 21195370 1 0 1706814396
WALL 21195370 1 0 1706814397
WALL 21195370 1 0 1706814398
WALL 21195370 1 0 1706814399
WALL 21195370 1 0 1706814400
WALL 21195370 1 0 1706814401
WALL 21195370 1 0 1706814402
WALL 21195370 1 0 1706814403
WALL 21195370 1 0 1706814404
WALL 21195370 1 0 1706814405
WALL 21195370 1 0 1706814406
WALL 21195370 1 0 1706814407
WALL 21195370 1 0 1706814408
WALL 21195370 1 0 1706814409
WALL 21195370 1 0 1706814410
WALL 21195370 1 0 1706814411
WALL 21195370 1 0 1706814412
WALL 21195370 1 0 1706814413
WALL 21195370 1 0 1706814414
WALL 21195370 1 0 1706814415
WALL 21195370 1 0 1706814416
WALL 21195370 1 0 1706814417
WALL 21195370 1 0 1706814418
WALL 21195370 1 0 1706814419
WALL 21195370 1 0 1706814420
WALL 21195370 1 0 1706814421
WALL 21195370 1 0 1706814422
WALL 21195370 1 0 1706814423
WALL 21195370 1 0 1706814424
WALL 21195370 1 0 1706814425
WALL 21195370 1 0 1706814426
WALL 21195370 1 0 1706814427
WALL 21195370 1 0 1706814428
WALL 21195370 1 0 1706814429
WALL 21195370 1 0 1706814430
WALL 21195370 1 0 1706814431
WALL 21195370 1 0 1706814432
WALL 21195370 1 0 1706814433
WALL 21195370 1 0 1706814434
WALL 21195370 1 0 1706814435
WALL 21195370 1 0 1706814436
WALL 21195370 1 0 1706814437
WALL 21195370 1 0 1706814438
WALL 21195370 1 0 1706814439
WALL 21195370 1 0 1706814440
WALL 21195370 1 0 1706814441
WALL 21195370 1 0 1706814442
WALL 21195370 1 0 1706814443
WALL 21195370 1 0 1706814444
WALL 21195370 1 0 1706814445
WALL 21195370 1 0 1706814446
WALL 21195370 1 0 1706814447
WALL 21195370 1 0 1706814448
WALL 21195370 1 0 1706814449
WALL 21195370 1 0 1706814450
WALL 21195370 1 0 1706814451
WALL 21195370 1 0 1706814452
WALL 21195370 1 0 1706814453
WALL 21195370 1 0 1706814454
WALL 21195370 1 0 1706814455
WALL 21195370 1 0 1706814456
WALL 21195370 1 0 1706814457
WALL 21195370 1 0 1706814458
WALL 21195370 1 0 1706814459
WALL 21195370 1 0 1706814460
WALL 21195370 1 0 1706814461
WALL 21195370 1 0 1706814462
WALL 21195370 1 0 1706814463
WALL 21195370 1 0 1706814464
WALL 21195370 1 0 1706814465
WALL 21195370 1 0 1706814466
WALL 21195370 1 0 1706814467
WALL 21195370 1 0 1706814468
WALL 21195370 1 0 1706814469
WALL 21195370 1 0 1706814470
WALL 21195370 1 0 1706814471
WALL 21195370 1 0 1706814472
WALL 21195370 1 0 1706814473
WALL 21195370 1 0 1706814474
WALL 21195370 1 0 1706814475
WALL 21195370 1 0 1706814476
WALL 21195370 1 0 1706814477
WALL 21195370 1 0 1706814478
WALL 21195370 1 0 1706814479
WALL 21195370 1 0 1706814480
WALL 21195370 1 0 1706814481
WALL 21195370 1 0 1706814482
WALL 21195370 1 0 1706814483
WALL 21195370 1 0 1706814484
WALL 21195370 1 0 1706814485
WALL 21195370 1 0 1706814486
WALL 21195370 1 0 1706814487
WALL 21195370 1 0 1706814488
WALL 21195370 1 0 1706814489
WALL 21195370 1 0 1706814490
WALL 21195370 1 0 1706814491
WALL 21195370 1 0 1706814492
WALL 21195370 1 0 1706814493
WALL 21195370 1 0 1706814494
WALL 21195370 1 0 1706814495
WALL 21195370 1 0 1706814496
WALL 21195370 1 0 1706814497
WALL 21195370 1 0 1706814498
WALL 21195370 1 0 1706814499
WALL 21195370 1 0 1706814500
WALL 21195370 1 0 1706814501
WALL 21195370 1 0 1706814502
WALL 21195370 1 0 1706814503
WALL 21195370 1 0 1706814504
WALL 21195370 1 0 1706814505
WALL 21195370 1 0 1706814506
WALL 21195370 1 0 1706814507
WALL 21195370 1 0 1706814508
WALL 21195370 1 0 1706814509
WALL 21195370 1 0 1706814510
WALL 21195370 1 0 1706814511
WALL 21195370 1 0 1706814512
WALL 21195370 1 0 1706814513
WALL 21195370 1 0 1706814514
WALL 21195370 1 0 1706814515
WALL 21195370 1 0 1706814516
WALL 21195370 1 0 1706814517
WALL 21195370 1 0 1706814518
WALL 21195370 1 0 1706814519
WALL 21195370 1 0 1706814520
WALL 21195370 1 0 1706814521
WALL 21195370 1 0 1706814522
WALL 21195370 1 0 1706814523
WALL 21195370 1 0 1706814524
WALL 21195370 1 0 1706814525
WALL 21195370 1 0 1706814526
WALL 21195370 1 0 1706814527
WALL 21195370 1 0 1706814528
WALL 21195370 1 0 1706814529
WALL 21195370 1 0 1706814530
WALL 21195370 1 0 1706814531
WALL 21195370 1 0 1706814532
WALL 21195370 1 0 1706814533
WALL 21195370 1 0 1706814534
WALL 21195370 1 0 1706814535
WALL 21195370 1 0 1706814536
WALL 21195370 1 0 1706814537
WALL 21195370 1 0 1706814538
WALL 21195370 1 0 1706814539
WALL 21195370 1 0 1706814540
WALL 21195370 1 0 1706814541
WALL 21195370 1 0 1706814542
WALL 21195370 1 0 1706814543
WALL 21195370 1 0 1706814544
WALL 21195370 1 0 1706814545
WALL 21195370 1 0 1706814546
WALL 21195370 1 0 1706814547
WALL 21195370 1 0 1706814548
WALL 21195370 1 0 1706814549
WALL 21195370 1 0 1706814550
WALL 21195370 1 0 1706814551
WALL 21195370 1 0 1706814552
WALL 21195370 1 0 1706814553
WALL 21195370 1 0 1706814554
WALL 21195370 1 0 1706814555
WALL 21195370 1 0 1706814556
WALL 21195370 1 0 1706814557
WALL 21195370 1 0 1706814558
WALL 21195370 1 0 1706814559
WALL 21195370 1 0 1706814560
WALL 21195370 1 0 1706814561
WALL 21195370 1 0 1706814562
WALL 21195370 1 0 1706814563
WALL 21195370 1 0 1706814564
WALL 21195370 1 0 1706814565
WALL 21195370 1 0 1706814566
WALL 21195370 1 0 1706814567
WALL 21195370 1 0 1706814568
WALL 21195370 1 0 1706814569
WALL 21195370 1 0 1706814570
WALL 21195370 1 0 1706814571
WALL 21195370 1 0 1706814572
WALL 21195370 1 0 1706814573
WALL 21195370 1 0 1706814574
WALL 21195370 1 0 1706814575
WALL 21195370 1 0 1706814576
WALL 21195370 1 0 1706814577
WALL 21195370 1 0 1706814578
WALL 21195370 1 0 1706814579
WALL 21195370 1 0 1706814580
WALL 21195370 1 0 1706814581
WALL 21195370 1 0 1706814582
WALL 21195370 1 0 1706814583
WALL 21195370 1 0 1706814584
WALL 21195370 1 0 1706814585
WALL 21195370 1 0 1706814586
WALL 21195370 1 0 1706814587
WALL 21195370 1 0 1706814588
WALL 21195370 1 0 1706814589
WALL 21195370 1 0 1706814590
WALL 21195370 1 0 1706814591
WALL 21195370 1 0 1706814592
WALL 21195370 1 0 1706814593
WALL 21195370 1 0 1706814594
WALL 21195370 1 0 1706814595
WALL 21195370 1 0 1706814596
WALL 21195370 1 0 1706814597
WALL 21195370 1 0 1706814598
WALL 21195370 1 0 1706814599
WALL 21195370 1 0 1706814600
WALL 21195370 1 0 1706814601
WALL 21195370 1 0 1706814602
WALL 21195370 1 0 1706814603
WALL 21195370 1 0 1706814604
WALL 21195370 1 0 1706814605
WALL 21195370 1 0 1706814606
WALL 21195370 1 0 1706814607
WALL 21195370 1 0 1706814608
WALL 21195370 1 0 1706814609
WALL 21195370 1 0 1706814610
WALL 21195370 1 0 1706814611
WALL 21195370 1 0 1706814612
WALL 21195370 1 0 1706814613
WALL 21195370 1 0 1706814614
WALL 21195370 1 0 1706814615
WALL 21195370 1 0 1706814616
WALL 21195370 1 0 1706814617
WALL 21195370 1 0 1706814618
WALL 21195370 1 0 1706814619
WALL 21195370 1 0 1706814620
WALL 21195370 1 0 1706814621
WALL 21195370 1 0 1706814622
WALL 21195370 1 0 1706814623
WALL 21195370 1 0 1706814624
WALL 21195370 1 0 1706814625
WALL 21195370 1 0 1706814626
WALL 21195370 1 0 1706814627
WALL 21195370 1 0 1706814628
WALL 21195370 1 0 1706814629
WALL 21195370 1 0 1706814630
WALL 21195370 1 0 1706814631
WALL 21195370 1 0 1706814632
WALL 21195370 1 0 1706814633
WALL 21195370 1 0 1706814634
WALL 21195370 1 0 1706814635
WALL 21195370 1 0 1706814636
WALL 21195370 1 0 1706814637
WALL 21195370 1 0 1706814638
WALL 21195370 1 0 1706814639
WALL 21195370 1 0 1706814640
WALL 21195370 1 0 1706814641
WALL 21195370 1 0 1706814642
WALL 21195370 1 0 1706814643
WALL 21195370 1 0 1706814644
WALL 21195370 1 0 1706814645
WALL 21195370 1 0 1706814646
WALL 21195370 1 0 1706814647
WALL 21195370 1 0 1706814648
WALL 21195370 1 0 1706814649
WALL 21195370 1 0 1706814650
WALL 21195370 1 0 1706814651
WALL 21195370 1 0 1706814652
WALL 21195370 1 0 1706814653
WALL 21195370 1 0 1706814654
WALL 21195370 1 0 1706814655
WALL 21195370 1 0 1706814656
WALL 21195370 1 0 1706814657
WALL 21195370 1 0 1706814658
WALL 21195370 1 0 1706814659
WALL 21195370 1 0 1706814660
WALL 21195370 1 0 1706814661
WALL 21195370 1 0 1706814662
WALL 21195370 1 0 1706814663
WALL 21195370 1 0 1706814664
WALL 21195370 1 0 1706814665
WALL 21195370 1 0 1706814666
WALL 21195370 1 0 1706814667
WALL 21195370 1 0 1706814668
WALL 21195370 1 0 1706814669
WALL 21195370 1 0 1706814670
WALL 21195370 1 0 1706814671
WALL 21195370 1 0 1706814672
WALL 21195370 1 0 1706814673
WALL 21195370 1 0 1706814674
WALL 21195370 1 0 1706814675
WALL 21195370 1 0 1706814676
WALL 21195370 1 0 1706814677
WALL 21195370 1 0 1706814678
WALL 21195370 1 0 1706814679
WALL 21195370 1 0 1706814680
WALL 21195370 1 0 1706814681
WALL 21195370 1 0 1706814682
WALL 21195370 1 0 1706814683
WALL 21195370 1 0 1706814684
WALL 21195370 1 0 1706814685
WALL 21195370 1 0 1706814686
WALL 21195370 1 0 1706814687
WALL 21195370 1 0 1706814688
WALL 21195370 1 0 1706814689
WALL 21195370 1 0 1706814690
WALL 21195370 1 0 1706814691
WALL 21195370 1 0 1706814692
WALL 21195370 1 0 1706814693
WALL 21195370 1 0 1706814694
WALL 21195370 1 0 1706814695
WALL 21195370 1 0 1706814696
WALL 21195370 1 0 1706814697
WALL 21195370 1 0 1706814698
WALL 21195370 1 0 1706814699
WALL 21195370 1 0 1706814700
WALL 21195370 1 0 1706814701
WALL 21195370 1 0 1706814702
WALL 21195370 1 0 1706814703
WALL 21195370 1 0 1706814704
WALL 21195370 1 0 1706814705
WALL 21195370 1 0 1706814706
WALL 21195370 1 0 1706814707
WALL 21195370 1 0 1706814708
WALL 21195370 1 0 1706814709
WALL 21195370 1 0 1706814710
WALL 21195370 1 0 1706814711
WALL 21195370 1 0 1706814712
WALL 21195370 1 0 1706814713
WALL 21195370 1 0 1706814714
WALL 21195370 1 0 1706814715
WALL 21195370 1 0 1706814716
WALL 21195370 1 0 1706814717
WALL 21195370 1 0 1706814718
WALL 21195370 1 0 1706814719
WALL 21195370 1 0 1706814720
WALL 21195370 1 0 1706814721
WALL 21195370 1 0 1706814722
WALL 21195370 1 0 1706814723
WALL 21195370 1 0 1706814724
WALL 21195370 1 0 1706814725
WALL 21195370 1 0 1706814726
WALL 21195370 1 0 1706814727
WALL 21195370 1 0 1706814728
WALL 21195370 1 0 1706814729
WALL 21195370 1 0 1706814730
WALL 21195370 1 0 1706814731
WALL 21195370 1 0 1706814732
WALL 21195370 1 0 1706814733
WALL 21195370 1 0 1706814734
WALL 21195370 1 0 1706814735
WALL 21195370 1 0 1706814736
WALL 21195370 1 0 1706814737
WALL 21195370 1 0 1706814738
WALL 21195370 1 0 1706814739
WALL 21195370 1 0 1706814740
WALL 21195370 1 0 1706814741
WALL 21195370 1 0 1706814742
WALL 21195370 1 0 1706814743
WALL 21195370 1 0 1706814744
WALL 21195370 1 0 1706814745
received SIGCONT 1706814745
WALL 21195370 1 0 1706814745
slurmstepd: error: *** STEP 21195370.0 ON nid200040 CANCELLED AT 2024-02-01T19:12:25 ***
received SIGTERM 1706814745
WALL 21195370 1 0 1706814745
WALL 21195370 1 0 1706814746
WALL 21195370 1 0 1706814747
WALL 21195370 1 0 1706814748
WALL 21195370 1 0 1706814749
WALL 21195370 1 0 1706814750
WALL 21195370 1 0 1706814751
WALL 21195370 1 0 1706814752
WALL 21195370 1 0 1706814753
WALL 21195370 1 0 1706814754
WALL 21195370 1 0 1706814755
WALL 21195370 1 0 1706814756
WALL 21195370 1 0 1706814757
WALL 21195370 1 0 1706814758
WALL 21195370 1 0 1706814759
WALL 21195370 1 0 1706814760
WALL 21195370 1 0 1706814761
WALL 21195370 1 0 1706814762
WALL 21195370 1 0 1706814763
WALL 21195370 1 0 1706814764
WALL 21195370 1 0 1706814765
WALL 21195370 1 0 1706814766
WALL 21195370 1 0 1706814767
WALL 21195370 1 0 1706814768
WALL 21195370 1 0 1706814769
WALL 21195370 1 0 1706814770
WALL 21195370 1 0 1706814771
WALL 21195370 1 0 1706814772
WALL 21195370 1 0 1706814773
WALL 21195370 1 0 1706814774
WALL 21195370 1 0 1706814775
WALL 21195370 1 0 1706814776
WALL 21195370 1 0 1706814777
WALL 21195370 1 0 1706814778
WALL 21195370 1 0 1706814779
WALL 21195370 1 0 1706814780
WALL 21195370 1 0 1706814781
WALL 21195370 1 0 1706814782
WALL 21195370 1 0 1706814783
WALL 21195370 1 0 1706814784
WALL 21195370 1 0 1706814785
WALL 21195370 1 0 1706814786
WALL 21195370 1 0 1706814787
WALL 21195370 1 0 1706814788
WALL 21195370 1 0 1706814789
WALL 21195370 1 0 1706814790
WALL 21195370 1 0 1706814791
WALL 21195370 1 0 1706814792
WALL 21195370 1 0 1706814793
WALL 21195370 1 0 1706814794
WALL 21195370 1 0 1706814795
WALL 21195370 1 0 1706814796
WALL 21195370 1 0 1706814797
WALL 21195370 1 0 1706814798
WALL 21195370 1 0 1706814799
WALL 21195370 1 0 1706814800
WALL 21195370 1 0 1706814801
WALL 21195370 1 0 1706814802
WALL 21195370 1 0 1706814803
WALL 21195370 1 0 1706814804
WALL 21195370 1 0 1706814805
WALL 21195370 1 0 1706814806
WALL 21195370 1 0 1706814807
WALL 21195370 1 0 1706814808
WALL 21195370 1 0 1706814809
WALL 21195370 1 0 1706814810
WALL 21195370 1 0 1706814811
WALL 21195370 1 0 1706814812
WALL 21195370 1 0 1706814813
WALL 21195370 1 0 1706814814
WALL 21195370 1 0 1706814815
WALL 21195370 1 0 1706814816
WALL 21195370 1 0 1706814817
WALL 21195370 1 0 1706814818
WALL 21195370 1 0 1706814819
WALL 21195370 1 0 1706814820
WALL 21195370 1 0 1706814821
WALL 21195370 1 0 1706814822
WALL 21195370 1 0 1706814823
slurmstepd: error: *** JOB 21195370 ON nid200040 CANCELLED AT 2024-02-01T19:13:44 DUE TO PREEMPTION ***
received SIGTERM 1706814824
WALL 21195370 1 0 1706814824
received SIGCONT 1706814824
WALL 21195370 1 0 1706814824
received SIGTERM 1706814824
WALL 21195370 1 0 1706814824
