srun: warning: can't run 1 processes on 8 nodes, setting nnodes to 1
WALL 21199634 1 0 1706816396
WALL 21199634 1 0 1706816397
WALL 21199634 1 0 1706816398
WALL 21199634 1 0 1706816399
WALL 21199634 1 0 1706816400
WALL 21199634 1 0 1706816401
WALL 21199634 1 0 1706816402
WALL 21199634 1 0 1706816403
WALL 21199634 1 0 1706816404
WALL 21199634 1 0 1706816405
WALL 21199634 1 0 1706816406
WALL 21199634 1 0 1706816407
WALL 21199634 1 0 1706816408
WALL 21199634 1 0 1706816409
WALL 21199634 1 0 1706816410
WALL 21199634 1 0 1706816411
WALL 21199634 1 0 1706816412
WALL 21199634 1 0 1706816413
WALL 21199634 1 0 1706816414
WALL 21199634 1 0 1706816415
WALL 21199634 1 0 1706816416
WALL 21199634 1 0 1706816417
WALL 21199634 1 0 1706816418
WALL 21199634 1 0 1706816419
WALL 21199634 1 0 1706816420
WALL 21199634 1 0 1706816421
WALL 21199634 1 0 1706816422
WALL 21199634 1 0 1706816423
WALL 21199634 1 0 1706816424
WALL 21199634 1 0 1706816425
WALL 21199634 1 0 1706816426
WALL 21199634 1 0 1706816427
WALL 21199634 1 0 1706816428
WALL 21199634 1 0 1706816429
WALL 21199634 1 0 1706816430
WALL 21199634 1 0 1706816431
WALL 21199634 1 0 1706816432
WALL 21199634 1 0 1706816433
WALL 21199634 1 0 1706816434
WALL 21199634 1 0 1706816435
WALL 21199634 1 0 1706816436
WALL 21199634 1 0 1706816437
WALL 21199634 1 0 1706816438
WALL 21199634 1 0 1706816439
WALL 21199634 1 0 1706816440
WALL 21199634 1 0 1706816441
WALL 21199634 1 0 1706816442
WALL 21199634 1 0 1706816443
WALL 21199634 1 0 1706816444
WALL 21199634 1 0 1706816445
WALL 21199634 1 0 1706816446
WALL 21199634 1 0 1706816447
WALL 21199634 1 0 1706816448
WALL 21199634 1 0 1706816449
WALL 21199634 1 0 1706816450
WALL 21199634 1 0 1706816451
WALL 21199634 1 0 1706816452
WALL 21199634 1 0 1706816453
WALL 21199634 1 0 1706816454
WALL 21199634 1 0 1706816455
WALL 21199634 1 0 1706816456
WALL 21199634 1 0 1706816457
WALL 21199634 1 0 1706816458
WALL 21199634 1 0 1706816459
WALL 21199634 1 0 1706816460
WALL 21199634 1 0 1706816461
WALL 21199634 1 0 1706816462
WALL 21199634 1 0 1706816463
WALL 21199634 1 0 1706816464
WALL 21199634 1 0 1706816465
WALL 21199634 1 0 1706816466
WALL 21199634 1 0 1706816467
WALL 21199634 1 0 1706816468
WALL 21199634 1 0 1706816469
WALL 21199634 1 0 1706816470
WALL 21199634 1 0 1706816471
WALL 21199634 1 0 1706816472
WALL 21199634 1 0 1706816473
WALL 21199634 1 0 1706816474
WALL 21199634 1 0 1706816475
WALL 21199634 1 0 1706816476
WALL 21199634 1 0 1706816477
WALL 21199634 1 0 1706816478
WALL 21199634 1 0 1706816479
WALL 21199634 1 0 1706816480
WALL 21199634 1 0 1706816481
WALL 21199634 1 0 1706816482
WALL 21199634 1 0 1706816483
WALL 21199634 1 0 1706816484
WALL 21199634 1 0 1706816485
WALL 21199634 1 0 1706816486
WALL 21199634 1 0 1706816487
WALL 21199634 1 0 1706816488
WALL 21199634 1 0 1706816489
WALL 21199634 1 0 1706816490
WALL 21199634 1 0 1706816491
WALL 21199634 1 0 1706816492
WALL 21199634 1 0 1706816493
WALL 21199634 1 0 1706816494
WALL 21199634 1 0 1706816495
WALL 21199634 1 0 1706816496
WALL 21199634 1 0 1706816497
WALL 21199634 1 0 1706816498
WALL 21199634 1 0 1706816499
WALL 21199634 1 0 1706816500
WALL 21199634 1 0 1706816501
WALL 21199634 1 0 1706816502
WALL 21199634 1 0 1706816503
WALL 21199634 1 0 1706816504
WALL 21199634 1 0 1706816505
WALL 21199634 1 0 1706816506
WALL 21199634 1 0 1706816507
WALL 21199634 1 0 1706816508
WALL 21199634 1 0 1706816509
WALL 21199634 1 0 1706816510
WALL 21199634 1 0 1706816511
WALL 21199634 1 0 1706816512
WALL 21199634 1 0 1706816513
WALL 21199634 1 0 1706816514
WALL 21199634 1 0 1706816515
WALL 21199634 1 0 1706816516
WALL 21199634 1 0 1706816517
WALL 21199634 1 0 1706816518
WALL 21199634 1 0 1706816519
WALL 21199634 1 0 1706816520
WALL 21199634 1 0 1706816521
WALL 21199634 1 0 1706816522
WALL 21199634 1 0 1706816523
WALL 21199634 1 0 1706816524
WALL 21199634 1 0 1706816525
WALL 21199634 1 0 1706816526
WALL 21199634 1 0 1706816527
WALL 21199634 1 0 1706816528
WALL 21199634 1 0 1706816529
WALL 21199634 1 0 1706816530
WALL 21199634 1 0 1706816531
WALL 21199634 1 0 1706816532
WALL 21199634 1 0 1706816533
WALL 21199634 1 0 1706816534
WALL 21199634 1 0 1706816535
WALL 21199634 1 0 1706816536
WALL 21199634 1 0 1706816537
WALL 21199634 1 0 1706816538
WALL 21199634 1 0 1706816539
WALL 21199634 1 0 1706816540
WALL 21199634 1 0 1706816541
WALL 21199634 1 0 1706816542
WALL 21199634 1 0 1706816543
WALL 21199634 1 0 1706816544
WALL 21199634 1 0 1706816545
WALL 21199634 1 0 1706816546
WALL 21199634 1 0 1706816547
WALL 21199634 1 0 1706816548
WALL 21199634 1 0 1706816549
WALL 21199634 1 0 1706816550
WALL 21199634 1 0 1706816551
WALL 21199634 1 0 1706816552
WALL 21199634 1 0 1706816553
WALL 21199634 1 0 1706816554
WALL 21199634 1 0 1706816555
WALL 21199634 1 0 1706816556
WALL 21199634 1 0 1706816557
WALL 21199634 1 0 1706816558
slurmstepd: error: *** STEP 21199634.0 ON nid200000 CANCELLED AT 2024-02-01T19:42:39 ***
received SIGTERM 1706816559
WALL 21199634 1 0 1706816559
received SIGCONT 1706816559
WALL 21199634 1 0 1706816559
WALL 21199634 1 0 1706816560
WALL 21199634 1 0 1706816561
WALL 21199634 1 0 1706816562
WALL 21199634 1 0 1706816563
WALL 21199634 1 0 1706816564
WALL 21199634 1 0 1706816565
WALL 21199634 1 0 1706816566
WALL 21199634 1 0 1706816567
WALL 21199634 1 0 1706816568
WALL 21199634 1 0 1706816569
WALL 21199634 1 0 1706816570
WALL 21199634 1 0 1706816571
WALL 21199634 1 0 1706816572
WALL 21199634 1 0 1706816573
WALL 21199634 1 0 1706816574
WALL 21199634 1 0 1706816575
WALL 21199634 1 0 1706816576
WALL 21199634 1 0 1706816577
WALL 21199634 1 0 1706816578
WALL 21199634 1 0 1706816579
WALL 21199634 1 0 1706816580
WALL 21199634 1 0 1706816581
WALL 21199634 1 0 1706816582
WALL 21199634 1 0 1706816583
WALL 21199634 1 0 1706816584
WALL 21199634 1 0 1706816585
WALL 21199634 1 0 1706816586
WALL 21199634 1 0 1706816587
WALL 21199634 1 0 1706816588
WALL 21199634 1 0 1706816589
WALL 21199634 1 0 1706816590
WALL 21199634 1 0 1706816591
WALL 21199634 1 0 1706816592
WALL 21199634 1 0 1706816593
WALL 21199634 1 0 1706816594
WALL 21199634 1 0 1706816595
WALL 21199634 1 0 1706816596
WALL 21199634 1 0 1706816597
WALL 21199634 1 0 1706816598
WALL 21199634 1 0 1706816599
WALL 21199634 1 0 1706816600
WALL 21199634 1 0 1706816601
WALL 21199634 1 0 1706816602
WALL 21199634 1 0 1706816603
WALL 21199634 1 0 1706816604
WALL 21199634 1 0 1706816605
WALL 21199634 1 0 1706816606
WALL 21199634 1 0 1706816607
WALL 21199634 1 0 1706816608
WALL 21199634 1 0 1706816609
WALL 21199634 1 0 1706816610
WALL 21199634 1 0 1706816611
WALL 21199634 1 0 1706816612
WALL 21199634 1 0 1706816613
WALL 21199634 1 0 1706816614
WALL 21199634 1 0 1706816615
WALL 21199634 1 0 1706816616
WALL 21199634 1 0 1706816617
WALL 21199634 1 0 1706816618
WALL 21199634 1 0 1706816619
WALL 21199634 1 0 1706816620
WALL 21199634 1 0 1706816621
WALL 21199634 1 0 1706816622
WALL 21199634 1 0 1706816623
WALL 21199634 1 0 1706816624
WALL 21199634 1 0 1706816625
WALL 21199634 1 0 1706816626
WALL 21199634 1 0 1706816627
WALL 21199634 1 0 1706816628
WALL 21199634 1 0 1706816629
WALL 21199634 1 0 1706816630
WALL 21199634 1 0 1706816631
WALL 21199634 1 0 1706816632
slurmstepd: error: *** JOB 21199634 ON nid200000 CANCELLED AT 2024-02-01T19:43:52 DUE TO PREEMPTION ***
received SIGTERM 1706816632
WALL 21199634 1 0 1706816632
received SIGCONT 1706816632
WALL 21199634 1 0 1706816632
received SIGTERM 1706816632
WALL 21199634 1 0 1706816632
