srun: warning: can't run 1 processes on 2 nodes, setting nnodes to 1
WALL 21198762 1 0 1706815771
WALL 21198762 1 0 1706815772
WALL 21198762 1 0 1706815773
WALL 21198762 1 0 1706815774
WALL 21198762 1 0 1706815775
WALL 21198762 1 0 1706815776
WALL 21198762 1 0 1706815777
WALL 21198762 1 0 1706815778
WALL 21198762 1 0 1706815779
WALL 21198762 1 0 1706815780
WALL 21198762 1 0 1706815781
WALL 21198762 1 0 1706815782
WALL 21198762 1 0 1706815783
WALL 21198762 1 0 1706815784
WALL 21198762 1 0 1706815785
WALL 21198762 1 0 1706815786
WALL 21198762 1 0 1706815787
WALL 21198762 1 0 1706815788
WALL 21198762 1 0 1706815789
WALL 21198762 1 0 1706815790
WALL 21198762 1 0 1706815791
WALL 21198762 1 0 1706815792
WALL 21198762 1 0 1706815793
WALL 21198762 1 0 1706815794
WALL 21198762 1 0 1706815795
WALL 21198762 1 0 1706815796
WALL 21198762 1 0 1706815797
WALL 21198762 1 0 1706815798
WALL 21198762 1 0 1706815799
WALL 21198762 1 0 1706815800
WALL 21198762 1 0 1706815801
WALL 21198762 1 0 1706815802
WALL 21198762 1 0 1706815803
WALL 21198762 1 0 1706815804
WALL 21198762 1 0 1706815805
WALL 21198762 1 0 1706815806
WALL 21198762 1 0 1706815807
WALL 21198762 1 0 1706815808
WALL 21198762 1 0 1706815809
WALL 21198762 1 0 1706815810
WALL 21198762 1 0 1706815811
WALL 21198762 1 0 1706815812
WALL 21198762 1 0 1706815813
WALL 21198762 1 0 1706815814
WALL 21198762 1 0 1706815815
WALL 21198762 1 0 1706815816
WALL 21198762 1 0 1706815817
WALL 21198762 1 0 1706815818
WALL 21198762 1 0 1706815819
WALL 21198762 1 0 1706815820
WALL 21198762 1 0 1706815821
WALL 21198762 1 0 1706815822
WALL 21198762 1 0 1706815823
WALL 21198762 1 0 1706815824
WALL 21198762 1 0 1706815825
WALL 21198762 1 0 1706815826
WALL 21198762 1 0 1706815827
WALL 21198762 1 0 1706815828
WALL 21198762 1 0 1706815829
WALL 21198762 1 0 1706815830
WALL 21198762 1 0 1706815831
WALL 21198762 1 0 1706815832
WALL 21198762 1 0 1706815833
WALL 21198762 1 0 1706815834
WALL 21198762 1 0 1706815835
WALL 21198762 1 0 1706815836
WALL 21198762 1 0 1706815837
WALL 21198762 1 0 1706815838
WALL 21198762 1 0 1706815839
WALL 21198762 1 0 1706815840
WALL 21198762 1 0 1706815841
WALL 21198762 1 0 1706815842
WALL 21198762 1 0 1706815843
WALL 21198762 1 0 1706815844
WALL 21198762 1 0 1706815845
WALL 21198762 1 0 1706815846
WALL 21198762 1 0 1706815847
WALL 21198762 1 0 1706815848
WALL 21198762 1 0 1706815849
WALL 21198762 1 0 1706815850
WALL 21198762 1 0 1706815851
WALL 21198762 1 0 1706815852
WALL 21198762 1 0 1706815853
WALL 21198762 1 0 1706815854
WALL 21198762 1 0 1706815855
WALL 21198762 1 0 1706815856
WALL 21198762 1 0 1706815857
WALL 21198762 1 0 1706815858
WALL 21198762 1 0 1706815859
WALL 21198762 1 0 1706815860
WALL 21198762 1 0 1706815861
WALL 21198762 1 0 1706815862
WALL 21198762 1 0 1706815863
WALL 21198762 1 0 1706815864
WALL 21198762 1 0 1706815865
WALL 21198762 1 0 1706815866
WALL 21198762 1 0 1706815867
WALL 21198762 1 0 1706815868
WALL 21198762 1 0 1706815869
WALL 21198762 1 0 1706815870
WALL 21198762 1 0 1706815871
WALL 21198762 1 0 1706815872
WALL 21198762 1 0 1706815873
WALL 21198762 1 0 1706815874
WALL 21198762 1 0 1706815875
WALL 21198762 1 0 1706815876
WALL 21198762 1 0 1706815877
WALL 21198762 1 0 1706815878
WALL 21198762 1 0 1706815879
WALL 21198762 1 0 1706815880
WALL 21198762 1 0 1706815881
WALL 21198762 1 0 1706815882
WALL 21198762 1 0 1706815883
WALL 21198762 1 0 1706815884
WALL 21198762 1 0 1706815885
WALL 21198762 1 0 1706815886
WALL 21198762 1 0 1706815887
WALL 21198762 1 0 1706815888
WALL 21198762 1 0 1706815889
WALL 21198762 1 0 1706815890
WALL 21198762 1 0 1706815891
WALL 21198762 1 0 1706815892
WALL 21198762 1 0 1706815893
WALL 21198762 1 0 1706815894
WALL 21198762 1 0 1706815895
WALL 21198762 1 0 1706815896
WALL 21198762 1 0 1706815897
WALL 21198762 1 0 1706815898
WALL 21198762 1 0 1706815899
WALL 21198762 1 0 1706815900
WALL 21198762 1 0 1706815901
WALL 21198762 1 0 1706815902
WALL 21198762 1 0 1706815903
WALL 21198762 1 0 1706815904
WALL 21198762 1 0 1706815905
WALL 21198762 1 0 1706815906
WALL 21198762 1 0 1706815907
WALL 21198762 1 0 1706815908
WALL 21198762 1 0 1706815909
WALL 21198762 1 0 1706815910
WALL 21198762 1 0 1706815911
WALL 21198762 1 0 1706815912
WALL 21198762 1 0 1706815913
WALL 21198762 1 0 1706815914
WALL 21198762 1 0 1706815915
WALL 21198762 1 0 1706815916
WALL 21198762 1 0 1706815917
WALL 21198762 1 0 1706815918
WALL 21198762 1 0 1706815919
WALL 21198762 1 0 1706815920
WALL 21198762 1 0 1706815921
WALL 21198762 1 0 1706815922
WALL 21198762 1 0 1706815923
WALL 21198762 1 0 1706815924
WALL 21198762 1 0 1706815925
WALL 21198762 1 0 1706815926
WALL 21198762 1 0 1706815927
WALL 21198762 1 0 1706815928
WALL 21198762 1 0 1706815929
WALL 21198762 1 0 1706815930
WALL 21198762 1 0 1706815931
WALL 21198762 1 0 1706815932
WALL 21198762 1 0 1706815933
WALL 21198762 1 0 1706815934
WALL 21198762 1 0 1706815935
WALL 21198762 1 0 1706815936
WALL 21198762 1 0 1706815937
WALL 21198762 1 0 1706815938
WALL 21198762 1 0 1706815939
WALL 21198762 1 0 1706815940
WALL 21198762 1 0 1706815941
WALL 21198762 1 0 1706815942
WALL 21198762 1 0 1706815943
WALL 21198762 1 0 1706815944
WALL 21198762 1 0 1706815945
WALL 21198762 1 0 1706815946
WALL 21198762 1 0 1706815947
WALL 21198762 1 0 1706815948
WALL 21198762 1 0 1706815949
WALL 21198762 1 0 1706815950
WALL 21198762 1 0 1706815951
WALL 21198762 1 0 1706815952
WALL 21198762 1 0 1706815953
WALL 21198762 1 0 1706815954
WALL 21198762 1 0 1706815955
WALL 21198762 1 0 1706815956
WALL 21198762 1 0 1706815957
WALL 21198762 1 0 1706815958
WALL 21198762 1 0 1706815959
WALL 21198762 1 0 1706815960
WALL 21198762 1 0 1706815961
WALL 21198762 1 0 1706815962
slurmstepd: error: *** STEP 21198762.0 ON nid200029 CANCELLED AT 2024-02-01T19:32:42 ***
received SIGTERM 1706815962
WALL 21198762 1 0 1706815962
received SIGCONT 1706815962
WALL 21198762 1 0 1706815962
WALL 21198762 1 0 1706815963
WALL 21198762 1 0 1706815964
WALL 21198762 1 0 1706815965
WALL 21198762 1 0 1706815966
WALL 21198762 1 0 1706815967
WALL 21198762 1 0 1706815968
WALL 21198762 1 0 1706815969
WALL 21198762 1 0 1706815970
WALL 21198762 1 0 1706815971
WALL 21198762 1 0 1706815972
WALL 21198762 1 0 1706815973
WALL 21198762 1 0 1706815974
WALL 21198762 1 0 1706815975
WALL 21198762 1 0 1706815976
WALL 21198762 1 0 1706815977
WALL 21198762 1 0 1706815978
WALL 21198762 1 0 1706815979
WALL 21198762 1 0 1706815980
WALL 21198762 1 0 1706815981
WALL 21198762 1 0 1706815982
WALL 21198762 1 0 1706815983
WALL 21198762 1 0 1706815984
WALL 21198762 1 0 1706815985
WALL 21198762 1 0 1706815986
WALL 21198762 1 0 1706815987
WALL 21198762 1 0 1706815988
WALL 21198762 1 0 1706815989
WALL 21198762 1 0 1706815990
WALL 21198762 1 0 1706815991
WALL 21198762 1 0 1706815992
WALL 21198762 1 0 1706815993
WALL 21198762 1 0 1706815994
WALL 21198762 1 0 1706815995
WALL 21198762 1 0 1706815996
WALL 21198762 1 0 1706815997
WALL 21198762 1 0 1706815998
WALL 21198762 1 0 1706815999
WALL 21198762 1 0 1706816000
WALL 21198762 1 0 1706816001
WALL 21198762 1 0 1706816002
WALL 21198762 1 0 1706816003
WALL 21198762 1 0 1706816004
WALL 21198762 1 0 1706816005
WALL 21198762 1 0 1706816006
WALL 21198762 1 0 1706816007
WALL 21198762 1 0 1706816008
WALL 21198762 1 0 1706816009
WALL 21198762 1 0 1706816010
WALL 21198762 1 0 1706816011
WALL 21198762 1 0 1706816012
WALL 21198762 1 0 1706816013
WALL 21198762 1 0 1706816014
WALL 21198762 1 0 1706816015
WALL 21198762 1 0 1706816016
WALL 21198762 1 0 1706816017
WALL 21198762 1 0 1706816018
WALL 21198762 1 0 1706816019
WALL 21198762 1 0 1706816020
WALL 21198762 1 0 1706816021
WALL 21198762 1 0 1706816022
WALL 21198762 1 0 1706816023
WALL 21198762 1 0 1706816024
WALL 21198762 1 0 1706816025
WALL 21198762 1 0 1706816026
WALL 21198762 1 0 1706816027
WALL 21198762 1 0 1706816028
WALL 21198762 1 0 1706816029
WALL 21198762 1 0 1706816030
WALL 21198762 1 0 1706816031
WALL 21198762 1 0 1706816032
WALL 21198762 1 0 1706816033
WALL 21198762 1 0 1706816034
WALL 21198762 1 0 1706816035
WALL 21198762 1 0 1706816036
WALL 21198762 1 0 1706816037
WALL 21198762 1 0 1706816038
WALL 21198762 1 0 1706816039
WALL 21198762 1 0 1706816040
WALL 21198762 1 0 1706816041
WALL 21198762 1 0 1706816042
WALL 21198762 1 0 1706816043
WALL 21198762 1 0 1706816044
slurmstepd: error: *** JOB 21198762 ON nid200029 CANCELLED AT 2024-02-01T19:34:04 DUE TO PREEMPTION ***
received SIGTERM 1706816044
WALL 21198762 1 0 1706816044
received SIGCONT 1706816044
WALL 21198762 1 0 1706816044
received SIGTERM 1706816044
WALL 21198762 1 0 1706816044
