WALL 21152359 1 0 1706740651
WALL 21152359 1 0 1706740652
WALL 21152359 1 0 1706740653
WALL 21152359 1 0 1706740654
WALL 21152359 1 0 1706740655
WALL 21152359 1 0 1706740656
WALL 21152359 1 0 1706740657
WALL 21152359 1 0 1706740658
WALL 21152359 1 0 1706740659
WALL 21152359 1 0 1706740660
WALL 21152359 1 0 1706740661
WALL 21152359 1 0 1706740662
WALL 21152359 1 0 1706740663
WALL 21152359 1 0 1706740664
WALL 21152359 1 0 1706740665
WALL 21152359 1 0 1706740666
WALL 21152359 1 0 1706740667
WALL 21152359 1 0 1706740668
WALL 21152359 1 0 1706740669
WALL 21152359 1 0 1706740670
WALL 21152359 1 0 1706740671
WALL 21152359 1 0 1706740672
WALL 21152359 1 0 1706740673
WALL 21152359 1 0 1706740674
WALL 21152359 1 0 1706740675
WALL 21152359 1 0 1706740676
WALL 21152359 1 0 1706740677
WALL 21152359 1 0 1706740678
WALL 21152359 1 0 1706740679
WALL 21152359 1 0 1706740680
WALL 21152359 1 0 1706740681
WALL 21152359 1 0 1706740682
WALL 21152359 1 0 1706740683
WALL 21152359 1 0 1706740684
WALL 21152359 1 0 1706740685
WALL 21152359 1 0 1706740686
WALL 21152359 1 0 1706740687
WALL 21152359 1 0 1706740688
WALL 21152359 1 0 1706740689
WALL 21152359 1 0 1706740690
WALL 21152359 1 0 1706740691
WALL 21152359 1 0 1706740692
WALL 21152359 1 0 1706740693
WALL 21152359 1 0 1706740694
WALL 21152359 1 0 1706740695
WALL 21152359 1 0 1706740696
WALL 21152359 1 0 1706740697
WALL 21152359 1 0 1706740698
WALL 21152359 1 0 1706740699
WALL 21152359 1 0 1706740700
WALL 21152359 1 0 1706740701
WALL 21152359 1 0 1706740702
WALL 21152359 1 0 1706740703
WALL 21152359 1 0 1706740704
WALL 21152359 1 0 1706740705
WALL 21152359 1 0 1706740706
WALL 21152359 1 0 1706740707
WALL 21152359 1 0 1706740708
WALL 21152359 1 0 1706740709
WALL 21152359 1 0 1706740710
WALL 21152359 1 0 1706740711
WALL 21152359 1 0 1706740712
WALL 21152359 1 0 1706740713
WALL 21152359 1 0 1706740714
WALL 21152359 1 0 1706740715
WALL 21152359 1 0 1706740716
WALL 21152359 1 0 1706740717
WALL 21152359 1 0 1706740718
WALL 21152359 1 0 1706740719
WALL 21152359 1 0 1706740720
WALL 21152359 1 0 1706740721
WALL 21152359 1 0 1706740722
WALL 21152359 1 0 1706740723
WALL 21152359 1 0 1706740724
WALL 21152359 1 0 1706740725
WALL 21152359 1 0 1706740726
WALL 21152359 1 0 1706740727
WALL 21152359 1 0 1706740728
WALL 21152359 1 0 1706740729
WALL 21152359 1 0 1706740730
WALL 21152359 1 0 1706740731
WALL 21152359 1 0 1706740732
WALL 21152359 1 0 1706740733
WALL 21152359 1 0 1706740734
WALL 21152359 1 0 1706740735
WALL 21152359 1 0 1706740736
WALL 21152359 1 0 1706740737
WALL 21152359 1 0 1706740738
WALL 21152359 1 0 1706740739
WALL 21152359 1 0 1706740740
WALL 21152359 1 0 1706740741
WALL 21152359 1 0 1706740742
WALL 21152359 1 0 1706740743
WALL 21152359 1 0 1706740744
WALL 21152359 1 0 1706740745
WALL 21152359 1 0 1706740746
WALL 21152359 1 0 1706740747
WALL 21152359 1 0 1706740748
WALL 21152359 1 0 1706740749
WALL 21152359 1 0 1706740750
WALL 21152359 1 0 1706740751
WALL 21152359 1 0 1706740752
WALL 21152359 1 0 1706740753
WALL 21152359 1 0 1706740754
WALL 21152359 1 0 1706740755
WALL 21152359 1 0 1706740756
WALL 21152359 1 0 1706740757
WALL 21152359 1 0 1706740758
WALL 21152359 1 0 1706740759
WALL 21152359 1 0 1706740760
WALL 21152359 1 0 1706740761
WALL 21152359 1 0 1706740762
WALL 21152359 1 0 1706740763
WALL 21152359 1 0 1706740764
WALL 21152359 1 0 1706740765
WALL 21152359 1 0 1706740766
WALL 21152359 1 0 1706740767
WALL 21152359 1 0 1706740768
WALL 21152359 1 0 1706740769
WALL 21152359 1 0 1706740770
WALL 21152359 1 0 1706740771
WALL 21152359 1 0 1706740772
WALL 21152359 1 0 1706740773
WALL 21152359 1 0 1706740774
WALL 21152359 1 0 1706740775
WALL 21152359 1 0 1706740776
WALL 21152359 1 0 1706740777
WALL 21152359 1 0 1706740778
WALL 21152359 1 0 1706740779
WALL 21152359 1 0 1706740780
WALL 21152359 1 0 1706740781
WALL 21152359 1 0 1706740782
WALL 21152359 1 0 1706740783
WALL 21152359 1 0 1706740784
WALL 21152359 1 0 1706740785
WALL 21152359 1 0 1706740786
WALL 21152359 1 0 1706740787
WALL 21152359 1 0 1706740788
WALL 21152359 1 0 1706740789
WALL 21152359 1 0 1706740790
WALL 21152359 1 0 1706740791
WALL 21152359 1 0 1706740792
WALL 21152359 1 0 1706740793
WALL 21152359 1 0 1706740794
WALL 21152359 1 0 1706740795
WALL 21152359 1 0 1706740796
WALL 21152359 1 0 1706740797
WALL 21152359 1 0 1706740798
WALL 21152359 1 0 1706740799
WALL 21152359 1 0 1706740800
WALL 21152359 1 0 1706740801
WALL 21152359 1 0 1706740802
WALL 21152359 1 0 1706740803
WALL 21152359 1 0 1706740804
WALL 21152359 1 0 1706740805
WALL 21152359 1 0 1706740806
WALL 21152359 1 0 1706740807
WALL 21152359 1 0 1706740808
WALL 21152359 1 0 1706740809
WALL 21152359 1 0 1706740810
WALL 21152359 1 0 1706740811
WALL 21152359 1 0 1706740812
WALL 21152359 1 0 1706740813
WALL 21152359 1 0 1706740814
WALL 21152359 1 0 1706740815
WALL 21152359 1 0 1706740816
WALL 21152359 1 0 1706740817
WALL 21152359 1 0 1706740818
WALL 21152359 1 0 1706740819
WALL 21152359 1 0 1706740820
WALL 21152359 1 0 1706740821
WALL 21152359 1 0 1706740822
WALL 21152359 1 0 1706740823
WALL 21152359 1 0 1706740824
WALL 21152359 1 0 1706740825
WALL 21152359 1 0 1706740826
WALL 21152359 1 0 1706740827
WALL 21152359 1 0 1706740828
WALL 21152359 1 0 1706740829
WALL 21152359 1 0 1706740830
WALL 21152359 1 0 1706740831
WALL 21152359 1 0 1706740832
WALL 21152359 1 0 1706740833
WALL 21152359 1 0 1706740834
WALL 21152359 1 0 1706740835
WALL 21152359 1 0 1706740836
WALL 21152359 1 0 1706740837
WALL 21152359 1 0 1706740838
WALL 21152359 1 0 1706740839
WALL 21152359 1 0 1706740840
WALL 21152359 1 0 1706740841
WALL 21152359 1 0 1706740842
WALL 21152359 1 0 1706740843
WALL 21152359 1 0 1706740844
WALL 21152359 1 0 1706740845
WALL 21152359 1 0 1706740846
WALL 21152359 1 0 1706740847
WALL 21152359 1 0 1706740848
WALL 21152359 1 0 1706740849
WALL 21152359 1 0 1706740850
WALL 21152359 1 0 1706740851
WALL 21152359 1 0 1706740852
WALL 21152359 1 0 1706740853
WALL 21152359 1 0 1706740854
WALL 21152359 1 0 1706740855
WALL 21152359 1 0 1706740856
WALL 21152359 1 0 1706740857
WALL 21152359 1 0 1706740858
WALL 21152359 1 0 1706740859
WALL 21152359 1 0 1706740860
WALL 21152359 1 0 1706740861
WALL 21152359 1 0 1706740862
WALL 21152359 1 0 1706740863
WALL 21152359 1 0 1706740864
WALL 21152359 1 0 1706740865
WALL 21152359 1 0 1706740866
WALL 21152359 1 0 1706740867
WALL 21152359 1 0 1706740868
WALL 21152359 1 0 1706740869
WALL 21152359 1 0 1706740870
WALL 21152359 1 0 1706740871
WALL 21152359 1 0 1706740872
WALL 21152359 1 0 1706740873
WALL 21152359 1 0 1706740874
WALL 21152359 1 0 1706740875
WALL 21152359 1 0 1706740876
WALL 21152359 1 0 1706740877
WALL 21152359 1 0 1706740878
WALL 21152359 1 0 1706740879
WALL 21152359 1 0 1706740880
WALL 21152359 1 0 1706740881
WALL 21152359 1 0 1706740882
WALL 21152359 1 0 1706740883
WALL 21152359 1 0 1706740884
WALL 21152359 1 0 1706740885
WALL 21152359 1 0 1706740886
WALL 21152359 1 0 1706740887
WALL 21152359 1 0 1706740888
WALL 21152359 1 0 1706740889
WALL 21152359 1 0 1706740890
WALL 21152359 1 0 1706740891
WALL 21152359 1 0 1706740892
WALL 21152359 1 0 1706740893
WALL 21152359 1 0 1706740894
WALL 21152359 1 0 1706740895
WALL 21152359 1 0 1706740896
WALL 21152359 1 0 1706740897
WALL 21152359 1 0 1706740898
WALL 21152359 1 0 1706740899
WALL 21152359 1 0 1706740900
WALL 21152359 1 0 1706740901
WALL 21152359 1 0 1706740902
WALL 21152359 1 0 1706740903
WALL 21152359 1 0 1706740904
WALL 21152359 1 0 1706740905
WALL 21152359 1 0 1706740906
WALL 21152359 1 0 1706740907
WALL 21152359 1 0 1706740908
WALL 21152359 1 0 1706740909
WALL 21152359 1 0 1706740910
WALL 21152359 1 0 1706740911
WALL 21152359 1 0 1706740912
WALL 21152359 1 0 1706740913
WALL 21152359 1 0 1706740914
WALL 21152359 1 0 1706740915
WALL 21152359 1 0 1706740916
WALL 21152359 1 0 1706740917
WALL 21152359 1 0 1706740918
WALL 21152359 1 0 1706740919
WALL 21152359 1 0 1706740920
WALL 21152359 1 0 1706740921
WALL 21152359 1 0 1706740922
WALL 21152359 1 0 1706740923
WALL 21152359 1 0 1706740924
WALL 21152359 1 0 1706740925
WALL 21152359 1 0 1706740926
WALL 21152359 1 0 1706740927
WALL 21152359 1 0 1706740928
WALL 21152359 1 0 1706740929
WALL 21152359 1 0 1706740930
WALL 21152359 1 0 1706740931
WALL 21152359 1 0 1706740932
WALL 21152359 1 0 1706740933
WALL 21152359 1 0 1706740934
WALL 21152359 1 0 1706740935
WALL 21152359 1 0 1706740936
WALL 21152359 1 0 1706740937
WALL 21152359 1 0 1706740938
WALL 21152359 1 0 1706740939
WALL 21152359 1 0 1706740940
WALL 21152359 1 0 1706740941
WALL 21152359 1 0 1706740942
WALL 21152359 1 0 1706740943
WALL 21152359 1 0 1706740944
WALL 21152359 1 0 1706740945
WALL 21152359 1 0 1706740946
WALL 21152359 1 0 1706740947
WALL 21152359 1 0 1706740948
WALL 21152359 1 0 1706740949
WALL 21152359 1 0 1706740950
WALL 21152359 1 0 1706740951
WALL 21152359 1 0 1706740952
WALL 21152359 1 0 1706740953
WALL 21152359 1 0 1706740954
WALL 21152359 1 0 1706740955
WALL 21152359 1 0 1706740956
WALL 21152359 1 0 1706740957
WALL 21152359 1 0 1706740958
WALL 21152359 1 0 1706740959
WALL 21152359 1 0 1706740960
WALL 21152359 1 0 1706740961
WALL 21152359 1 0 1706740962
WALL 21152359 1 0 1706740963
WALL 21152359 1 0 1706740964
WALL 21152359 1 0 1706740965
WALL 21152359 1 0 1706740966
WALL 21152359 1 0 1706740967
WALL 21152359 1 0 1706740968
WALL 21152359 1 0 1706740969
WALL 21152359 1 0 1706740970
WALL 21152359 1 0 1706740971
WALL 21152359 1 0 1706740972
WALL 21152359 1 0 1706740973
WALL 21152359 1 0 1706740974
WALL 21152359 1 0 1706740975
WALL 21152359 1 0 1706740976
WALL 21152359 1 0 1706740977
WALL 21152359 1 0 1706740978
WALL 21152359 1 0 1706740979
WALL 21152359 1 0 1706740980
WALL 21152359 1 0 1706740981
WALL 21152359 1 0 1706740982
WALL 21152359 1 0 1706740983
WALL 21152359 1 0 1706740984
WALL 21152359 1 0 1706740985
WALL 21152359 1 0 1706740986
WALL 21152359 1 0 1706740987
WALL 21152359 1 0 1706740988
WALL 21152359 1 0 1706740989
WALL 21152359 1 0 1706740990
WALL 21152359 1 0 1706740991
WALL 21152359 1 0 1706740992
WALL 21152359 1 0 1706740993
WALL 21152359 1 0 1706740994
WALL 21152359 1 0 1706740995
WALL 21152359 1 0 1706740996
WALL 21152359 1 0 1706740997
WALL 21152359 1 0 1706740998
WALL 21152359 1 0 1706740999
WALL 21152359 1 0 1706741000
WALL 21152359 1 0 1706741001
WALL 21152359 1 0 1706741002
WALL 21152359 1 0 1706741003
WALL 21152359 1 0 1706741004
WALL 21152359 1 0 1706741005
WALL 21152359 1 0 1706741006
WALL 21152359 1 0 1706741007
WALL 21152359 1 0 1706741008
WALL 21152359 1 0 1706741009
WALL 21152359 1 0 1706741010
WALL 21152359 1 0 1706741011
WALL 21152359 1 0 1706741012
WALL 21152359 1 0 1706741013
WALL 21152359 1 0 1706741014
WALL 21152359 1 0 1706741015
WALL 21152359 1 0 1706741016
WALL 21152359 1 0 1706741017
WALL 21152359 1 0 1706741018
WALL 21152359 1 0 1706741019
WALL 21152359 1 0 1706741020
WALL 21152359 1 0 1706741021
WALL 21152359 1 0 1706741022
WALL 21152359 1 0 1706741023
WALL 21152359 1 0 1706741024
WALL 21152359 1 0 1706741025
WALL 21152359 1 0 1706741026
WALL 21152359 1 0 1706741027
WALL 21152359 1 0 1706741028
WALL 21152359 1 0 1706741029
WALL 21152359 1 0 1706741030
WALL 21152359 1 0 1706741031
WALL 21152359 1 0 1706741032
WALL 21152359 1 0 1706741033
WALL 21152359 1 0 1706741034
WALL 21152359 1 0 1706741035
WALL 21152359 1 0 1706741036
WALL 21152359 1 0 1706741037
WALL 21152359 1 0 1706741038
WALL 21152359 1 0 1706741039
WALL 21152359 1 0 1706741040
WALL 21152359 1 0 1706741041
WALL 21152359 1 0 1706741042
WALL 21152359 1 0 1706741043
WALL 21152359 1 0 1706741044
WALL 21152359 1 0 1706741045
WALL 21152359 1 0 1706741046
WALL 21152359 1 0 1706741047
WALL 21152359 1 0 1706741048
WALL 21152359 1 0 1706741049
WALL 21152359 1 0 1706741050
WALL 21152359 1 0 1706741051
WALL 21152359 1 0 1706741052
WALL 21152359 1 0 1706741053
WALL 21152359 1 0 1706741054
WALL 21152359 1 0 1706741055
WALL 21152359 1 0 1706741056
WALL 21152359 1 0 1706741057
WALL 21152359 1 0 1706741058
WALL 21152359 1 0 1706741059
WALL 21152359 1 0 1706741060
WALL 21152359 1 0 1706741061
WALL 21152359 1 0 1706741062
WALL 21152359 1 0 1706741063
WALL 21152359 1 0 1706741064
WALL 21152359 1 0 1706741065
WALL 21152359 1 0 1706741066
WALL 21152359 1 0 1706741067
WALL 21152359 1 0 1706741068
WALL 21152359 1 0 1706741069
WALL 21152359 1 0 1706741070
WALL 21152359 1 0 1706741071
WALL 21152359 1 0 1706741072
WALL 21152359 1 0 1706741073
WALL 21152359 1 0 1706741074
WALL 21152359 1 0 1706741075
WALL 21152359 1 0 1706741076
WALL 21152359 1 0 1706741077
WALL 21152359 1 0 1706741078
WALL 21152359 1 0 1706741079
WALL 21152359 1 0 1706741080
WALL 21152359 1 0 1706741081
WALL 21152359 1 0 1706741082
WALL 21152359 1 0 1706741083
WALL 21152359 1 0 1706741084
WALL 21152359 1 0 1706741085
WALL 21152359 1 0 1706741086
WALL 21152359 1 0 1706741087
WALL 21152359 1 0 1706741088
WALL 21152359 1 0 1706741089
WALL 21152359 1 0 1706741090
WALL 21152359 1 0 1706741091
WALL 21152359 1 0 1706741092
WALL 21152359 1 0 1706741093
WALL 21152359 1 0 1706741094
WALL 21152359 1 0 1706741095
WALL 21152359 1 0 1706741096
WALL 21152359 1 0 1706741097
WALL 21152359 1 0 1706741098
WALL 21152359 1 0 1706741099
WALL 21152359 1 0 1706741100
WALL 21152359 1 0 1706741101
WALL 21152359 1 0 1706741102
WALL 21152359 1 0 1706741103
WALL 21152359 1 0 1706741104
slurmstepd: error: *** STEP 21152359.0 ON nid200022 CANCELLED AT 2024-01-31T22:45:05 ***
received SIGTERM 1706741105
WALL 21152359 1 0 1706741105
received SIGCONT 1706741105
WALL 21152359 1 0 1706741105
WALL 21152359 1 0 1706741106
WALL 21152359 1 0 1706741107
WALL 21152359 1 0 1706741108
WALL 21152359 1 0 1706741109
WALL 21152359 1 0 1706741110
WALL 21152359 1 0 1706741111
WALL 21152359 1 0 1706741112
WALL 21152359 1 0 1706741113
WALL 21152359 1 0 1706741114
WALL 21152359 1 0 1706741115
WALL 21152359 1 0 1706741116
WALL 21152359 1 0 1706741117
WALL 21152359 1 0 1706741118
WALL 21152359 1 0 1706741119
WALL 21152359 1 0 1706741120
WALL 21152359 1 0 1706741121
WALL 21152359 1 0 1706741122
WALL 21152359 1 0 1706741123
WALL 21152359 1 0 1706741124
WALL 21152359 1 0 1706741125
WALL 21152359 1 0 1706741126
WALL 21152359 1 0 1706741127
WALL 21152359 1 0 1706741128
WALL 21152359 1 0 1706741129
WALL 21152359 1 0 1706741130
WALL 21152359 1 0 1706741131
WALL 21152359 1 0 1706741132
WALL 21152359 1 0 1706741133
WALL 21152359 1 0 1706741134
WALL 21152359 1 0 1706741135
WALL 21152359 1 0 1706741136
WALL 21152359 1 0 1706741137
WALL 21152359 1 0 1706741138
WALL 21152359 1 0 1706741139
WALL 21152359 1 0 1706741140
WALL 21152359 1 0 1706741141
WALL 21152359 1 0 1706741142
WALL 21152359 1 0 1706741143
WALL 21152359 1 0 1706741144
WALL 21152359 1 0 1706741145
WALL 21152359 1 0 1706741146
WALL 21152359 1 0 1706741147
WALL 21152359 1 0 1706741148
WALL 21152359 1 0 1706741149
WALL 21152359 1 0 1706741150
WALL 21152359 1 0 1706741151
WALL 21152359 1 0 1706741152
WALL 21152359 1 0 1706741153
WALL 21152359 1 0 1706741154
WALL 21152359 1 0 1706741155
WALL 21152359 1 0 1706741156
WALL 21152359 1 0 1706741157
WALL 21152359 1 0 1706741158
WALL 21152359 1 0 1706741159
WALL 21152359 1 0 1706741160
WALL 21152359 1 0 1706741161
WALL 21152359 1 0 1706741162
WALL 21152359 1 0 1706741163
WALL 21152359 1 0 1706741164
WALL 21152359 1 0 1706741165
WALL 21152359 1 0 1706741166
WALL 21152359 1 0 1706741167
WALL 21152359 1 0 1706741168
WALL 21152359 1 0 1706741169
WALL 21152359 1 0 1706741170
WALL 21152359 1 0 1706741171
WALL 21152359 1 0 1706741172
WALL 21152359 1 0 1706741173
WALL 21152359 1 0 1706741174
WALL 21152359 1 0 1706741175
WALL 21152359 1 0 1706741176
WALL 21152359 1 0 1706741177
WALL 21152359 1 0 1706741178
WALL 21152359 1 0 1706741179
WALL 21152359 1 0 1706741180
WALL 21152359 1 0 1706741181
slurmstepd: error: *** JOB 21152359 ON nid200022 CANCELLED AT 2024-01-31T22:46:22 DUE TO PREEMPTION ***
received SIGTERM 1706741182
WALL 21152359 1 0 1706741182
received SIGCONT 1706741182
WALL 21152359 1 0 1706741182
received SIGTERM 1706741182
WALL 21152359 1 0 1706741182
