WALL 21203715 1 0 1706818113
WALL 21203715 1 0 1706818114
WALL 21203715 1 0 1706818115
WALL 21203715 1 0 1706818116
WALL 21203715 1 0 1706818117
WALL 21203715 1 0 1706818118
WALL 21203715 1 0 1706818119
WALL 21203715 1 0 1706818120
WALL 21203715 1 0 1706818121
WALL 21203715 1 0 1706818122
WALL 21203715 1 0 1706818123
WALL 21203715 1 0 1706818124
WALL 21203715 1 0 1706818125
WALL 21203715 1 0 1706818126
WALL 21203715 1 0 1706818127
WALL 21203715 1 0 1706818128
WALL 21203715 1 0 1706818129
WALL 21203715 1 0 1706818130
WALL 21203715 1 0 1706818131
WALL 21203715 1 0 1706818132
WALL 21203715 1 0 1706818133
WALL 21203715 1 0 1706818134
WALL 21203715 1 0 1706818135
WALL 21203715 1 0 1706818136
WALL 21203715 1 0 1706818137
WALL 21203715 1 0 1706818138
WALL 21203715 1 0 1706818139
WALL 21203715 1 0 1706818140
WALL 21203715 1 0 1706818141
WALL 21203715 1 0 1706818142
WALL 21203715 1 0 1706818143
WALL 21203715 1 0 1706818144
WALL 21203715 1 0 1706818145
WALL 21203715 1 0 1706818146
WALL 21203715 1 0 1706818147
WALL 21203715 1 0 1706818148
WALL 21203715 1 0 1706818149
WALL 21203715 1 0 1706818150
WALL 21203715 1 0 1706818151
WALL 21203715 1 0 1706818152
received SIGCONT 1706818152
WALL 21203715 1 0 1706818152
slurmstepd: error: *** STEP 21203715.0 ON nid200027 CANCELLED AT 2024-02-01T20:09:12 ***
received SIGTERM 1706818152
WALL 21203715 1 0 1706818152
WALL 21203715 1 0 1706818153
WALL 21203715 1 0 1706818154
WALL 21203715 1 0 1706818155
WALL 21203715 1 0 1706818156
WALL 21203715 1 0 1706818157
WALL 21203715 1 0 1706818158
WALL 21203715 1 0 1706818159
WALL 21203715 1 0 1706818160
WALL 21203715 1 0 1706818161
WALL 21203715 1 0 1706818162
WALL 21203715 1 0 1706818163
WALL 21203715 1 0 1706818164
WALL 21203715 1 0 1706818165
WALL 21203715 1 0 1706818166
WALL 21203715 1 0 1706818167
WALL 21203715 1 0 1706818168
WALL 21203715 1 0 1706818169
WALL 21203715 1 0 1706818170
WALL 21203715 1 0 1706818171
WALL 21203715 1 0 1706818172
WALL 21203715 1 0 1706818173
WALL 21203715 1 0 1706818174
WALL 21203715 1 0 1706818175
WALL 21203715 1 0 1706818176
WALL 21203715 1 0 1706818177
WALL 21203715 1 0 1706818178
WALL 21203715 1 0 1706818179
WALL 21203715 1 0 1706818180
WALL 21203715 1 0 1706818181
WALL 21203715 1 0 1706818182
WALL 21203715 1 0 1706818183
WALL 21203715 1 0 1706818184
WALL 21203715 1 0 1706818185
WALL 21203715 1 0 1706818186
WALL 21203715 1 0 1706818187
WALL 21203715 1 0 1706818188
WALL 21203715 1 0 1706818189
WALL 21203715 1 0 1706818190
WALL 21203715 1 0 1706818191
WALL 21203715 1 0 1706818192
WALL 21203715 1 0 1706818193
WALL 21203715 1 0 1706818194
WALL 21203715 1 0 1706818195
WALL 21203715 1 0 1706818196
WALL 21203715 1 0 1706818197
WALL 21203715 1 0 1706818198
WALL 21203715 1 0 1706818199
WALL 21203715 1 0 1706818200
WALL 21203715 1 0 1706818201
WALL 21203715 1 0 1706818202
WALL 21203715 1 0 1706818203
WALL 21203715 1 0 1706818204
WALL 21203715 1 0 1706818205
WALL 21203715 1 0 1706818206
WALL 21203715 1 0 1706818207
WALL 21203715 1 0 1706818208
WALL 21203715 1 0 1706818209
slurmstepd: error: *** JOB 21203715 ON nid200027 CANCELLED AT 2024-02-01T20:10:10 DUE TO PREEMPTION ***
received SIGTERM 1706818210
WALL 21203715 1 0 1706818210
received SIGCONT 1706818210
WALL 21203715 1 0 1706818210
received SIGTERM 1706818210
WALL 21203715 1 0 1706818210
