WALL 21232261 1 0 1706902761
WALL 21232261 1 0 1706902762
WALL 21232261 1 0 1706902763
WALL 21232261 1 0 1706902764
WALL 21232261 1 0 1706902765
WALL 21232261 1 0 1706902766
WALL 21232261 1 0 1706902767
WALL 21232261 1 0 1706902768
WALL 21232261 1 0 1706902769
WALL 21232261 1 0 1706902770
WALL 21232261 1 0 1706902771
WALL 21232261 1 0 1706902772
WALL 21232261 1 0 1706902773
WALL 21232261 1 0 1706902774
WALL 21232261 1 0 1706902775
WALL 21232261 1 0 1706902776
WALL 21232261 1 0 1706902777
WALL 21232261 1 0 1706902778
WALL 21232261 1 0 1706902779
WALL 21232261 1 0 1706902780
WALL 21232261 1 0 1706902781
WALL 21232261 1 0 1706902782
WALL 21232261 1 0 1706902783
WALL 21232261 1 0 1706902784
WALL 21232261 1 0 1706902785
WALL 21232261 1 0 1706902786
WALL 21232261 1 0 1706902787
WALL 21232261 1 0 1706902788
WALL 21232261 1 0 1706902789
WALL 21232261 1 0 1706902790
WALL 21232261 1 0 1706902791
WALL 21232261 1 0 1706902792
WALL 21232261 1 0 1706902793
WALL 21232261 1 0 1706902794
WALL 21232261 1 0 1706902795
WALL 21232261 1 0 1706902796
WALL 21232261 1 0 1706902797
WALL 21232261 1 0 1706902798
WALL 21232261 1 0 1706902799
WALL 21232261 1 0 1706902800
WALL 21232261 1 0 1706902801
WALL 21232261 1 0 1706902802
WALL 21232261 1 0 1706902803
WALL 21232261 1 0 1706902804
WALL 21232261 1 0 1706902805
WALL 21232261 1 0 1706902806
WALL 21232261 1 0 1706902807
WALL 21232261 1 0 1706902808
WALL 21232261 1 0 1706902809
WALL 21232261 1 0 1706902810
WALL 21232261 1 0 1706902811
WALL 21232261 1 0 1706902812
WALL 21232261 1 0 1706902813
WALL 21232261 1 0 1706902814
WALL 21232261 1 0 1706902815
WALL 21232261 1 0 1706902816
WALL 21232261 1 0 1706902817
WALL 21232261 1 0 1706902818
WALL 21232261 1 0 1706902819
WALL 21232261 1 0 1706902820
WALL 21232261 1 0 1706902821
WALL 21232261 1 0 1706902822
received SIGCONT 1706902823
WALL 21232261 1 0 1706902823
slurmstepd: error: *** STEP 21232261.0 ON nid200042 CANCELLED AT 2024-02-02T19:40:23 ***
received SIGTERM 1706902823
WALL 21232261 1 0 1706902823
WALL 21232261 1 0 1706902824
WALL 21232261 1 0 1706902825
WALL 21232261 1 0 1706902826
WALL 21232261 1 0 1706902827
WALL 21232261 1 0 1706902828
WALL 21232261 1 0 1706902829
WALL 21232261 1 0 1706902830
WALL 21232261 1 0 1706902831
WALL 21232261 1 0 1706902832
WALL 21232261 1 0 1706902833
WALL 21232261 1 0 1706902834
WALL 21232261 1 0 1706902835
WALL 21232261 1 0 1706902836
WALL 21232261 1 0 1706902837
WALL 21232261 1 0 1706902838
WALL 21232261 1 0 1706902839
WALL 21232261 1 0 1706902840
WALL 21232261 1 0 1706902841
WALL 21232261 1 0 1706902842
WALL 21232261 1 0 1706902843
WALL 21232261 1 0 1706902844
WALL 21232261 1 0 1706902845
WALL 21232261 1 0 1706902846
WALL 21232261 1 0 1706902847
WALL 21232261 1 0 1706902848
WALL 21232261 1 0 1706902849
WALL 21232261 1 0 1706902850
WALL 21232261 1 0 1706902851
WALL 21232261 1 0 1706902852
WALL 21232261 1 0 1706902853
WALL 21232261 1 0 1706902854
WALL 21232261 1 0 1706902855
WALL 21232261 1 0 1706902856
WALL 21232261 1 0 1706902857
WALL 21232261 1 0 1706902858
WALL 21232261 1 0 1706902859
WALL 21232261 1 0 1706902860
WALL 21232261 1 0 1706902861
WALL 21232261 1 0 1706902862
WALL 21232261 1 0 1706902863
WALL 21232261 1 0 1706902864
WALL 21232261 1 0 1706902865
WALL 21232261 1 0 1706902866
WALL 21232261 1 0 1706902867
WALL 21232261 1 0 1706902868
WALL 21232261 1 0 1706902869
WALL 21232261 1 0 1706902870
WALL 21232261 1 0 1706902871
WALL 21232261 1 0 1706902872
WALL 21232261 1 0 1706902873
WALL 21232261 1 0 1706902874
WALL 21232261 1 0 1706902875
WALL 21232261 1 0 1706902876
WALL 21232261 1 0 1706902877
WALL 21232261 1 0 1706902878
WALL 21232261 1 0 1706902879
WALL 21232261 1 0 1706902880
WALL 21232261 1 0 1706902881
WALL 21232261 1 0 1706902882
WALL 21232261 1 0 1706902883
WALL 21232261 1 0 1706902884
WALL 21232261 1 0 1706902885
WALL 21232261 1 0 1706902886
WALL 21232261 1 0 1706902887
WALL 21232261 1 0 1706902888
WALL 21232261 1 0 1706902889
WALL 21232261 1 0 1706902890
WALL 21232261 1 0 1706902891
WALL 21232261 1 0 1706902892
WALL 21232261 1 0 1706902893
WALL 21232261 1 0 1706902894
WALL 21232261 1 0 1706902895
WALL 21232261 1 0 1706902896
WALL 21232261 1 0 1706902897
WALL 21232261 1 0 1706902898
WALL 21232261 1 0 1706902899
WALL 21232261 1 0 1706902900
WALL 21232261 1 0 1706902901
WALL 21232261 1 0 1706902902
WALL 21232261 1 0 1706902903
WALL 21232261 1 0 1706902904
WALL 21232261 1 0 1706902905
WALL 21232261 1 0 1706902906
WALL 21232261 1 0 1706902907
WALL 21232261 1 0 1706902908
WALL 21232261 1 0 1706902909
WALL 21232261 1 0 1706902910
WALL 21232261 1 0 1706902911
WALL 21232261 1 0 1706902912
WALL 21232261 1 0 1706902913
WALL 21232261 1 0 1706902914
WALL 21232261 1 0 1706902915
WALL 21232261 1 0 1706902916
WALL 21232261 1 0 1706902917
WALL 21232261 1 0 1706902918
WALL 21232261 1 0 1706902919
WALL 21232261 1 0 1706902920
WALL 21232261 1 0 1706902921
WALL 21232261 1 0 1706902922
WALL 21232261 1 0 1706902923
WALL 21232261 1 0 1706902924
WALL 21232261 1 0 1706902925
WALL 21232261 1 0 1706902926
WALL 21232261 1 0 1706902927
WALL 21232261 1 0 1706902928
WALL 21232261 1 0 1706902929
WALL 21232261 1 0 1706902930
WALL 21232261 1 0 1706902931
WALL 21232261 1 0 1706902932
WALL 21232261 1 0 1706902933
WALL 21232261 1 0 1706902934
WALL 21232261 1 0 1706902935
WALL 21232261 1 0 1706902936
WALL 21232261 1 0 1706902937
WALL 21232261 1 0 1706902938
WALL 21232261 1 0 1706902939
WALL 21232261 1 0 1706902940
WALL 21232261 1 0 1706902941
WALL 21232261 1 0 1706902942
WALL 21232261 1 0 1706902943
WALL 21232261 1 0 1706902944
WALL 21232261 1 0 1706902945
WALL 21232261 1 0 1706902946
WALL 21232261 1 0 1706902947
WALL 21232261 1 0 1706902948
WALL 21232261 1 0 1706902949
WALL 21232261 1 0 1706902950
WALL 21232261 1 0 1706902951
WALL 21232261 1 0 1706902952
WALL 21232261 1 0 1706902953
WALL 21232261 1 0 1706902954
WALL 21232261 1 0 1706902955
WALL 21232261 1 0 1706902956
WALL 21232261 1 0 1706902957
WALL 21232261 1 0 1706902958
WALL 21232261 1 0 1706902959
WALL 21232261 1 0 1706902960
WALL 21232261 1 0 1706902961
WALL 21232261 1 0 1706902962
slurmstepd: error: *** JOB 21232261 ON nid200042 CANCELLED AT 2024-02-02T19:42:43 DUE TO PREEMPTION ***
received SIGTERM 1706902963
WALL 21232261 1 0 1706902963
received SIGCONT 1706902963
WALL 21232261 1 0 1706902963
received SIGTERM 1706902963
WALL 21232261 1 0 1706902963
