srun: warning: can't run 1 processes on 4 nodes, setting nnodes to 1
WALL 21209576 1 0 1706826566
WALL 21209576 1 0 1706826567
WALL 21209576 1 0 1706826568
WALL 21209576 1 0 1706826569
WALL 21209576 1 0 1706826570
WALL 21209576 1 0 1706826571
WALL 21209576 1 0 1706826572
WALL 21209576 1 0 1706826573
WALL 21209576 1 0 1706826574
WALL 21209576 1 0 1706826575
WALL 21209576 1 0 1706826576
WALL 21209576 1 0 1706826577
WALL 21209576 1 0 1706826578
WALL 21209576 1 0 1706826579
WALL 21209576 1 0 1706826580
WALL 21209576 1 0 1706826581
WALL 21209576 1 0 1706826582
WALL 21209576 1 0 1706826583
WALL 21209576 1 0 1706826584
WALL 21209576 1 0 1706826585
WALL 21209576 1 0 1706826586
WALL 21209576 1 0 1706826587
WALL 21209576 1 0 1706826588
WALL 21209576 1 0 1706826589
WALL 21209576 1 0 1706826590
WALL 21209576 1 0 1706826591
WALL 21209576 1 0 1706826592
WALL 21209576 1 0 1706826593
WALL 21209576 1 0 1706826594
WALL 21209576 1 0 1706826595
WALL 21209576 1 0 1706826596
WALL 21209576 1 0 1706826597
WALL 21209576 1 0 1706826598
WALL 21209576 1 0 1706826599
WALL 21209576 1 0 1706826600
WALL 21209576 1 0 1706826601
WALL 21209576 1 0 1706826602
WALL 21209576 1 0 1706826603
WALL 21209576 1 0 1706826604
WALL 21209576 1 0 1706826605
WALL 21209576 1 0 1706826606
WALL 21209576 1 0 1706826607
WALL 21209576 1 0 1706826608
WALL 21209576 1 0 1706826609
WALL 21209576 1 0 1706826610
WALL 21209576 1 0 1706826611
WALL 21209576 1 0 1706826612
WALL 21209576 1 0 1706826613
WALL 21209576 1 0 1706826614
WALL 21209576 1 0 1706826615
WALL 21209576 1 0 1706826616
WALL 21209576 1 0 1706826617
WALL 21209576 1 0 1706826618
WALL 21209576 1 0 1706826619
WALL 21209576 1 0 1706826620
WALL 21209576 1 0 1706826621
WALL 21209576 1 0 1706826622
WALL 21209576 1 0 1706826623
WALL 21209576 1 0 1706826624
WALL 21209576 1 0 1706826625
WALL 21209576 1 0 1706826626
WALL 21209576 1 0 1706826627
WALL 21209576 1 0 1706826628
WALL 21209576 1 0 1706826629
slurmstepd: error: *** STEP 21209576.0 ON nid200008 CANCELLED AT 2024-02-01T22:30:30 DUE TO PREEMPTION ***
slurmstepd: error: *** JOB 21209576 ON nid200008 CANCELLED AT 2024-02-01T22:30:30 DUE TO PREEMPTION ***
received SIGTERM 1706826630
WALL 21209576 1 0 1706826630
received SIGCONT 1706826630
WALL 21209576 1 0 1706826630
received SIGTERM 1706826630
WALL 21209576 1 0 1706826630
