WALL 21088707 1 0 1706660500
WALL 21088707 1 0 1706660501
WALL 21088707 1 0 1706660502
WALL 21088707 1 0 1706660503
WALL 21088707 1 0 1706660504
WALL 21088707 1 0 1706660505
WALL 21088707 1 0 1706660506
WALL 21088707 1 0 1706660507
WALL 21088707 1 0 1706660508
WALL 21088707 1 0 1706660509
WALL 21088707 1 0 1706660510
WALL 21088707 1 0 1706660511
WALL 21088707 1 0 1706660512
WALL 21088707 1 0 1706660513
WALL 21088707 1 0 1706660514
WALL 21088707 1 0 1706660515
WALL 21088707 1 0 1706660516
WALL 21088707 1 0 1706660517
WALL 21088707 1 0 1706660518
WALL 21088707 1 0 1706660519
WALL 21088707 1 0 1706660520
WALL 21088707 1 0 1706660521
WALL 21088707 1 0 1706660522
WALL 21088707 1 0 1706660523
WALL 21088707 1 0 1706660524
WALL 21088707 1 0 1706660525
WALL 21088707 1 0 1706660526
WALL 21088707 1 0 1706660527
WALL 21088707 1 0 1706660528
WALL 21088707 1 0 1706660529
WALL 21088707 1 0 1706660530
WALL 21088707 1 0 1706660531
WALL 21088707 1 0 1706660532
WALL 21088707 1 0 1706660533
WALL 21088707 1 0 1706660534
WALL 21088707 1 0 1706660535
WALL 21088707 1 0 1706660536
WALL 21088707 1 0 1706660537
WALL 21088707 1 0 1706660538
WALL 21088707 1 0 1706660539
WALL 21088707 1 0 1706660540
WALL 21088707 1 0 1706660541
WALL 21088707 1 0 1706660542
WALL 21088707 1 0 1706660543
WALL 21088707 1 0 1706660544
WALL 21088707 1 0 1706660545
WALL 21088707 1 0 1706660546
WALL 21088707 1 0 1706660547
WALL 21088707 1 0 1706660548
WALL 21088707 1 0 1706660549
WALL 21088707 1 0 1706660550
WALL 21088707 1 0 1706660551
WALL 21088707 1 0 1706660552
WALL 21088707 1 0 1706660553
WALL 21088707 1 0 1706660554
WALL 21088707 1 0 1706660555
WALL 21088707 1 0 1706660556
WALL 21088707 1 0 1706660557
WALL 21088707 1 0 1706660558
WALL 21088707 1 0 1706660559
WALL 21088707 1 0 1706660560
WALL 21088707 1 0 1706660561
WALL 21088707 1 0 1706660562
WALL 21088707 1 0 1706660563
WALL 21088707 1 0 1706660564
WALL 21088707 1 0 1706660565
WALL 21088707 1 0 1706660566
WALL 21088707 1 0 1706660567
WALL 21088707 1 0 1706660568
WALL 21088707 1 0 1706660569
slurmstepd: error: *** STEP 21088707.0 ON nid200197 CANCELLED AT 2024-01-31T00:22:49 ***
received SIGTERM 1706660569
WALL 21088707 1 0 1706660569
received SIGCONT 1706660569
WALL 21088707 1 0 1706660569
WALL 21088707 1 0 1706660570
WALL 21088707 1 0 1706660571
WALL 21088707 1 0 1706660572
WALL 21088707 1 0 1706660573
WALL 21088707 1 0 1706660574
WALL 21088707 1 0 1706660575
WALL 21088707 1 0 1706660576
WALL 21088707 1 0 1706660577
WALL 21088707 1 0 1706660578
WALL 21088707 1 0 1706660579
WALL 21088707 1 0 1706660580
WALL 21088707 1 0 1706660581
WALL 21088707 1 0 1706660582
WALL 21088707 1 0 1706660583
WALL 21088707 1 0 1706660584
WALL 21088707 1 0 1706660585
WALL 21088707 1 0 1706660586
WALL 21088707 1 0 1706660587
WALL 21088707 1 0 1706660588
WALL 21088707 1 0 1706660589
WALL 21088707 1 0 1706660590
WALL 21088707 1 0 1706660591
WALL 21088707 1 0 1706660592
WALL 21088707 1 0 1706660593
WALL 21088707 1 0 1706660594
WALL 21088707 1 0 1706660595
WALL 21088707 1 0 1706660596
WALL 21088707 1 0 1706660597
WALL 21088707 1 0 1706660598
WALL 21088707 1 0 1706660599
WALL 21088707 1 0 1706660600
WALL 21088707 1 0 1706660601
WALL 21088707 1 0 1706660602
WALL 21088707 1 0 1706660603
WALL 21088707 1 0 1706660604
WALL 21088707 1 0 1706660605
WALL 21088707 1 0 1706660606
WALL 21088707 1 0 1706660607
WALL 21088707 1 0 1706660608
WALL 21088707 1 0 1706660609
WALL 21088707 1 0 1706660610
WALL 21088707 1 0 1706660611
WALL 21088707 1 0 1706660612
WALL 21088707 1 0 1706660613
WALL 21088707 1 0 1706660614
WALL 21088707 1 0 1706660615
WALL 21088707 1 0 1706660616
WALL 21088707 1 0 1706660617
WALL 21088707 1 0 1706660618
WALL 21088707 1 0 1706660619
WALL 21088707 1 0 1706660620
WALL 21088707 1 0 1706660621
WALL 21088707 1 0 1706660622
WALL 21088707 1 0 1706660623
WALL 21088707 1 0 1706660624
WALL 21088707 1 0 1706660625
WALL 21088707 1 0 1706660626
WALL 21088707 1 0 1706660627
WALL 21088707 1 0 1706660628
WALL 21088707 1 0 1706660629
WALL 21088707 1 0 1706660630
WALL 21088707 1 0 1706660631
WALL 21088707 1 0 1706660632
WALL 21088707 1 0 1706660633
WALL 21088707 1 0 1706660634
WALL 21088707 1 0 1706660635
WALL 21088707 1 0 1706660636
WALL 21088707 1 0 1706660637
WALL 21088707 1 0 1706660638
WALL 21088707 1 0 1706660639
WALL 21088707 1 0 1706660640
WALL 21088707 1 0 1706660641
WALL 21088707 1 0 1706660642
srun: Job step aborted: Waiting up to 32 seconds for job step to finish.
slurmstepd: error: *** JOB 21088707 ON nid200197 CANCELLED AT 2024-01-31T00:24:03 DUE TO PREEMPTION ***
received SIGTERM 1706660643
WALL 21088707 1 0 1706660643
received SIGCONT 1706660643
WALL 21088707 1 0 1706660643
received SIGTERM 1706660643
WALL 21088707 1 0 1706660643
