WALL 21208990 1 0 1706823571
WALL 21208990 1 0 1706823572
WALL 21208990 1 0 1706823573
WALL 21208990 1 0 1706823574
WALL 21208990 1 0 1706823575
WALL 21208990 1 0 1706823576
WALL 21208990 1 0 1706823577
WALL 21208990 1 0 1706823578
WALL 21208990 1 0 1706823579
WALL 21208990 1 0 1706823580
WALL 21208990 1 0 1706823581
WALL 21208990 1 0 1706823582
WALL 21208990 1 0 1706823583
WALL 21208990 1 0 1706823584
WALL 21208990 1 0 1706823585
WALL 21208990 1 0 1706823586
WALL 21208990 1 0 1706823587
WALL 21208990 1 0 1706823588
WALL 21208990 1 0 1706823589
WALL 21208990 1 0 1706823590
WALL 21208990 1 0 1706823591
WALL 21208990 1 0 1706823592
WALL 21208990 1 0 1706823593
WALL 21208990 1 0 1706823594
WALL 21208990 1 0 1706823595
WALL 21208990 1 0 1706823596
WALL 21208990 1 0 1706823597
WALL 21208990 1 0 1706823598
WALL 21208990 1 0 1706823599
WALL 21208990 1 0 1706823600
WALL 21208990 1 0 1706823601
slurmstepd: error: *** STEP 21208990.0 ON nid200037 CANCELLED AT 2024-02-01T21:40:01 ***
received SIGCONT 1706823601
WALL 21208990 1 0 1706823601
received SIGTERM 1706823601
WALL 21208990 1 0 1706823601
WALL 21208990 1 0 1706823602
WALL 21208990 1 0 1706823603
WALL 21208990 1 0 1706823604
WALL 21208990 1 0 1706823605
WALL 21208990 1 0 1706823606
WALL 21208990 1 0 1706823607
WALL 21208990 1 0 1706823608
WALL 21208990 1 0 1706823609
WALL 21208990 1 0 1706823610
WALL 21208990 1 0 1706823611
WALL 21208990 1 0 1706823612
WALL 21208990 1 0 1706823613
WALL 21208990 1 0 1706823614
WALL 21208990 1 0 1706823615
WALL 21208990 1 0 1706823616
WALL 21208990 1 0 1706823617
WALL 21208990 1 0 1706823618
WALL 21208990 1 0 1706823619
WALL 21208990 1 0 1706823620
WALL 21208990 1 0 1706823621
WALL 21208990 1 0 1706823622
WALL 21208990 1 0 1706823623
WALL 21208990 1 0 1706823624
WALL 21208990 1 0 1706823625
WALL 21208990 1 0 1706823626
WALL 21208990 1 0 1706823627
WALL 21208990 1 0 1706823628
WALL 21208990 1 0 1706823629
WALL 21208990 1 0 1706823630
WALL 21208990 1 0 1706823631
WALL 21208990 1 0 1706823632
WALL 21208990 1 0 1706823633
WALL 21208990 1 0 1706823634
WALL 21208990 1 0 1706823635
WALL 21208990 1 0 1706823636
WALL 21208990 1 0 1706823637
WALL 21208990 1 0 1706823638
WALL 21208990 1 0 1706823639
WALL 21208990 1 0 1706823640
WALL 21208990 1 0 1706823641
WALL 21208990 1 0 1706823642
WALL 21208990 1 0 1706823643
WALL 21208990 1 0 1706823644
WALL 21208990 1 0 1706823645
WALL 21208990 1 0 1706823646
WALL 21208990 1 0 1706823647
WALL 21208990 1 0 1706823648
WALL 21208990 1 0 1706823649
WALL 21208990 1 0 1706823650
WALL 21208990 1 0 1706823651
WALL 21208990 1 0 1706823652
WALL 21208990 1 0 1706823653
WALL 21208990 1 0 1706823654
WALL 21208990 1 0 1706823655
WALL 21208990 1 0 1706823656
WALL 21208990 1 0 1706823657
WALL 21208990 1 0 1706823658
WALL 21208990 1 0 1706823659
WALL 21208990 1 0 1706823660
slurmstepd: error: *** JOB 21208990 ON nid200037 CANCELLED AT 2024-02-01T21:41:01 DUE TO PREEMPTION ***
received SIGTERM 1706823661
WALL 21208990 1 0 1706823661
received SIGCONT 1706823661
WALL 21208990 1 0 1706823661
received SIGTERM 1706823661
WALL 21208990 1 0 1706823661
