srun: warning: can't run 1 processes on 4 nodes, setting nnodes to 1
WALL 21248000 1 0 1706916865
WALL 21248000 1 0 1706916866
WALL 21248000 1 0 1706916867
WALL 21248000 1 0 1706916868
WALL 21248000 1 0 1706916869
WALL 21248000 1 0 1706916870
WALL 21248000 1 0 1706916871
WALL 21248000 1 0 1706916872
WALL 21248000 1 0 1706916873
WALL 21248000 1 0 1706916874
WALL 21248000 1 0 1706916875
WALL 21248000 1 0 1706916876
WALL 21248000 1 0 1706916877
WALL 21248000 1 0 1706916878
WALL 21248000 1 0 1706916879
WALL 21248000 1 0 1706916880
WALL 21248000 1 0 1706916881
received SIGCONT 1706916882
WALL 21248000 1 0 1706916882
slurmstepd: error: *** STEP 21248000.0 ON nid200047 CANCELLED AT 2024-02-02T23:34:42 ***
received SIGTERM 1706916882
WALL 21248000 1 0 1706916882
WALL 21248000 1 0 1706916883
WALL 21248000 1 0 1706916884
WALL 21248000 1 0 1706916885
WALL 21248000 1 0 1706916886
WALL 21248000 1 0 1706916887
WALL 21248000 1 0 1706916888
WALL 21248000 1 0 1706916889
WALL 21248000 1 0 1706916890
WALL 21248000 1 0 1706916891
WALL 21248000 1 0 1706916892
WALL 21248000 1 0 1706916893
WALL 21248000 1 0 1706916894
WALL 21248000 1 0 1706916895
WALL 21248000 1 0 1706916896
WALL 21248000 1 0 1706916897
WALL 21248000 1 0 1706916898
WALL 21248000 1 0 1706916899
WALL 21248000 1 0 1706916900
WALL 21248000 1 0 1706916901
WALL 21248000 1 0 1706916902
WALL 21248000 1 0 1706916903
WALL 21248000 1 0 1706916904
WALL 21248000 1 0 1706916905
WALL 21248000 1 0 1706916906
WALL 21248000 1 0 1706916907
WALL 21248000 1 0 1706916908
WALL 21248000 1 0 1706916909
WALL 21248000 1 0 1706916910
WALL 21248000 1 0 1706916911
WALL 21248000 1 0 1706916912
WALL 21248000 1 0 1706916913
WALL 21248000 1 0 1706916914
WALL 21248000 1 0 1706916915
WALL 21248000 1 0 1706916916
WALL 21248000 1 0 1706916917
WALL 21248000 1 0 1706916918
WALL 21248000 1 0 1706916919
WALL 21248000 1 0 1706916920
WALL 21248000 1 0 1706916921
WALL 21248000 1 0 1706916922
WALL 21248000 1 0 1706916923
WALL 21248000 1 0 1706916924
WALL 21248000 1 0 1706916925
WALL 21248000 1 0 1706916926
WALL 21248000 1 0 1706916927
WALL 21248000 1 0 1706916928
WALL 21248000 1 0 1706916929
WALL 21248000 1 0 1706916930
WALL 21248000 1 0 1706916931
WALL 21248000 1 0 1706916932
WALL 21248000 1 0 1706916933
WALL 21248000 1 0 1706916934
WALL 21248000 1 0 1706916935
WALL 21248000 1 0 1706916936
WALL 21248000 1 0 1706916937
WALL 21248000 1 0 1706916938
WALL 21248000 1 0 1706916939
WALL 21248000 1 0 1706916940
WALL 21248000 1 0 1706916941
WALL 21248000 1 0 1706916942
WALL 21248000 1 0 1706916943
WALL 21248000 1 0 1706916944
WALL 21248000 1 0 1706916945
WALL 21248000 1 0 1706916946
WALL 21248000 1 0 1706916947
WALL 21248000 1 0 1706916948
WALL 21248000 1 0 1706916949
WALL 21248000 1 0 1706916950
WALL 21248000 1 0 1706916951
WALL 21248000 1 0 1706916952
WALL 21248000 1 0 1706916953
WALL 21248000 1 0 1706916954
WALL 21248000 1 0 1706916955
WALL 21248000 1 0 1706916956
WALL 21248000 1 0 1706916957
WALL 21248000 1 0 1706916958
WALL 21248000 1 0 1706916959
WALL 21248000 1 0 1706916960
WALL 21248000 1 0 1706916961
WALL 21248000 1 0 1706916962
WALL 21248000 1 0 1706916963
WALL 21248000 1 0 1706916964
WALL 21248000 1 0 1706916965
WALL 21248000 1 0 1706916966
WALL 21248000 1 0 1706916967
WALL 21248000 1 0 1706916968
WALL 21248000 1 0 1706916969
WALL 21248000 1 0 1706916970
WALL 21248000 1 0 1706916971
WALL 21248000 1 0 1706916972
WALL 21248000 1 0 1706916973
WALL 21248000 1 0 1706916974
WALL 21248000 1 0 1706916975
WALL 21248000 1 0 1706916976
WALL 21248000 1 0 1706916977
WALL 21248000 1 0 1706916978
WALL 21248000 1 0 1706916979
WALL 21248000 1 0 1706916980
WALL 21248000 1 0 1706916981
WALL 21248000 1 0 1706916982
WALL 21248000 1 0 1706916983
WALL 21248000 1 0 1706916984
WALL 21248000 1 0 1706916985
WALL 21248000 1 0 1706916986
WALL 21248000 1 0 1706916987
WALL 21248000 1 0 1706916988
WALL 21248000 1 0 1706916989
WALL 21248000 1 0 1706916990
WALL 21248000 1 0 1706916991
WALL 21248000 1 0 1706916992
WALL 21248000 1 0 1706916993
WALL 21248000 1 0 1706916994
WALL 21248000 1 0 1706916995
WALL 21248000 1 0 1706916996
WALL 21248000 1 0 1706916997
WALL 21248000 1 0 1706916998
WALL 21248000 1 0 1706916999
WALL 21248000 1 0 1706917000
WALL 21248000 1 0 1706917001
WALL 21248000 1 0 1706917002
WALL 21248000 1 0 1706917003
WALL 21248000 1 0 1706917004
WALL 21248000 1 0 1706917005
WALL 21248000 1 0 1706917006
WALL 21248000 1 0 1706917007
WALL 21248000 1 0 1706917008
WALL 21248000 1 0 1706917009
WALL 21248000 1 0 1706917010
WALL 21248000 1 0 1706917011
WALL 21248000 1 0 1706917012
WALL 21248000 1 0 1706917013
slurmstepd: error: *** JOB 21248000 ON nid200047 CANCELLED AT 2024-02-02T23:36:53 DUE TO PREEMPTION ***
received SIGTERM 1706917013
WALL 21248000 1 0 1706917013
received SIGCONT 1706917013
WALL 21248000 1 0 1706917013
received SIGTERM 1706917013
WALL 21248000 1 0 1706917013
