WALL 21203385 1 0 1706817887
WALL 21203385 1 0 1706817888
WALL 21203385 1 0 1706817889
WALL 21203385 1 0 1706817890
WALL 21203385 1 0 1706817891
WALL 21203385 1 0 1706817892
WALL 21203385 1 0 1706817893
WALL 21203385 1 0 1706817894
WALL 21203385 1 0 1706817895
WALL 21203385 1 0 1706817896
WALL 21203385 1 0 1706817897
WALL 21203385 1 0 1706817898
WALL 21203385 1 0 1706817899
WALL 21203385 1 0 1706817900
WALL 21203385 1 0 1706817901
WALL 21203385 1 0 1706817902
WALL 21203385 1 0 1706817903
WALL 21203385 1 0 1706817904
WALL 21203385 1 0 1706817905
WALL 21203385 1 0 1706817906
WALL 21203385 1 0 1706817907
WALL 21203385 1 0 1706817908
WALL 21203385 1 0 1706817909
WALL 21203385 1 0 1706817910
WALL 21203385 1 0 1706817911
WALL 21203385 1 0 1706817912
WALL 21203385 1 0 1706817913
WALL 21203385 1 0 1706817914
WALL 21203385 1 0 1706817915
WALL 21203385 1 0 1706817916
WALL 21203385 1 0 1706817917
WALL 21203385 1 0 1706817918
WALL 21203385 1 0 1706817919
slurmstepd: error: *** STEP 21203385.0 ON nid200001 CANCELLED AT 2024-02-01T20:05:20 ***
received SIGTERM 1706817920
WALL 21203385 1 0 1706817920
received SIGCONT 1706817920
WALL 21203385 1 0 1706817920
WALL 21203385 1 0 1706817921
WALL 21203385 1 0 1706817922
WALL 21203385 1 0 1706817923
WALL 21203385 1 0 1706817924
WALL 21203385 1 0 1706817925
WALL 21203385 1 0 1706817926
WALL 21203385 1 0 1706817927
WALL 21203385 1 0 1706817928
WALL 21203385 1 0 1706817929
WALL 21203385 1 0 1706817930
WALL 21203385 1 0 1706817931
WALL 21203385 1 0 1706817932
WALL 21203385 1 0 1706817933
WALL 21203385 1 0 1706817934
WALL 21203385 1 0 1706817935
WALL 21203385 1 0 1706817936
WALL 21203385 1 0 1706817937
WALL 21203385 1 0 1706817938
WALL 21203385 1 0 1706817939
WALL 21203385 1 0 1706817940
WALL 21203385 1 0 1706817941
WALL 21203385 1 0 1706817942
WALL 21203385 1 0 1706817943
WALL 21203385 1 0 1706817944
WALL 21203385 1 0 1706817945
WALL 21203385 1 0 1706817946
WALL 21203385 1 0 1706817947
WALL 21203385 1 0 1706817948
WALL 21203385 1 0 1706817949
WALL 21203385 1 0 1706817950
WALL 21203385 1 0 1706817951
WALL 21203385 1 0 1706817952
WALL 21203385 1 0 1706817953
WALL 21203385 1 0 1706817954
WALL 21203385 1 0 1706817955
WALL 21203385 1 0 1706817956
WALL 21203385 1 0 1706817957
WALL 21203385 1 0 1706817958
WALL 21203385 1 0 1706817959
WALL 21203385 1 0 1706817960
WALL 21203385 1 0 1706817961
WALL 21203385 1 0 1706817962
WALL 21203385 1 0 1706817963
WALL 21203385 1 0 1706817964
WALL 21203385 1 0 1706817965
WALL 21203385 1 0 1706817966
WALL 21203385 1 0 1706817967
WALL 21203385 1 0 1706817968
WALL 21203385 1 0 1706817969
WALL 21203385 1 0 1706817970
WALL 21203385 1 0 1706817971
WALL 21203385 1 0 1706817972
WALL 21203385 1 0 1706817973
WALL 21203385 1 0 1706817974
WALL 21203385 1 0 1706817975
WALL 21203385 1 0 1706817976
WALL 21203385 1 0 1706817977
WALL 21203385 1 0 1706817978
WALL 21203385 1 0 1706817979
WALL 21203385 1 0 1706817980
WALL 21203385 1 0 1706817981
WALL 21203385 1 0 1706817982
WALL 21203385 1 0 1706817983
WALL 21203385 1 0 1706817984
WALL 21203385 1 0 1706817985
WALL 21203385 1 0 1706817986
WALL 21203385 1 0 1706817987
WALL 21203385 1 0 1706817988
WALL 21203385 1 0 1706817989
WALL 21203385 1 0 1706817990
WALL 21203385 1 0 1706817991
WALL 21203385 1 0 1706817992
WALL 21203385 1 0 1706817993
WALL 21203385 1 0 1706817994
WALL 21203385 1 0 1706817995
WALL 21203385 1 0 1706817996
WALL 21203385 1 0 1706817997
WALL 21203385 1 0 1706817998
WALL 21203385 1 0 1706817999
WALL 21203385 1 0 1706818000
WALL 21203385 1 0 1706818001
WALL 21203385 1 0 1706818002
WALL 21203385 1 0 1706818003
WALL 21203385 1 0 1706818004
WALL 21203385 1 0 1706818005
WALL 21203385 1 0 1706818006
WALL 21203385 1 0 1706818007
WALL 21203385 1 0 1706818008
WALL 21203385 1 0 1706818009
slurmstepd: error: *** JOB 21203385 ON nid200001 CANCELLED AT 2024-02-01T20:06:50 DUE TO PREEMPTION ***
received SIGTERM 1706818010
WALL 21203385 1 0 1706818010
received SIGCONT 1706818010
WALL 21203385 1 0 1706818010
received SIGTERM 1706818010
WALL 21203385 1 0 1706818010
