srun: warning: can't run 1 processes on 2 nodes, setting nnodes to 1
WALL 21209581 1 0 1706826601
WALL 21209581 1 0 1706826602
WALL 21209581 1 0 1706826603
WALL 21209581 1 0 1706826604
WALL 21209581 1 0 1706826605
WALL 21209581 1 0 1706826606
WALL 21209581 1 0 1706826607
WALL 21209581 1 0 1706826608
WALL 21209581 1 0 1706826609
WALL 21209581 1 0 1706826610
WALL 21209581 1 0 1706826611
WALL 21209581 1 0 1706826612
WALL 21209581 1 0 1706826613
WALL 21209581 1 0 1706826614
WALL 21209581 1 0 1706826615
WALL 21209581 1 0 1706826616
WALL 21209581 1 0 1706826617
WALL 21209581 1 0 1706826618
WALL 21209581 1 0 1706826619
WALL 21209581 1 0 1706826620
WALL 21209581 1 0 1706826621
WALL 21209581 1 0 1706826622
WALL 21209581 1 0 1706826623
WALL 21209581 1 0 1706826624
WALL 21209581 1 0 1706826625
WALL 21209581 1 0 1706826626
WALL 21209581 1 0 1706826627
WALL 21209581 1 0 1706826628
WALL 21209581 1 0 1706826629
WALL 21209581 1 0 1706826630
WALL 21209581 1 0 1706826631
WALL 21209581 1 0 1706826632
WALL 21209581 1 0 1706826633
WALL 21209581 1 0 1706826634
WALL 21209581 1 0 1706826635
WALL 21209581 1 0 1706826636
WALL 21209581 1 0 1706826637
WALL 21209581 1 0 1706826638
WALL 21209581 1 0 1706826639
WALL 21209581 1 0 1706826640
WALL 21209581 1 0 1706826641
WALL 21209581 1 0 1706826642
WALL 21209581 1 0 1706826643
WALL 21209581 1 0 1706826644
WALL 21209581 1 0 1706826645
WALL 21209581 1 0 1706826646
WALL 21209581 1 0 1706826647
WALL 21209581 1 0 1706826648
WALL 21209581 1 0 1706826649
WALL 21209581 1 0 1706826650
WALL 21209581 1 0 1706826651
WALL 21209581 1 0 1706826652
WALL 21209581 1 0 1706826653
WALL 21209581 1 0 1706826654
WALL 21209581 1 0 1706826655
WALL 21209581 1 0 1706826656
WALL 21209581 1 0 1706826657
WALL 21209581 1 0 1706826658
WALL 21209581 1 0 1706826659
WALL 21209581 1 0 1706826660
WALL 21209581 1 0 1706826661
WALL 21209581 1 0 1706826662
WALL 21209581 1 0 1706826663
WALL 21209581 1 0 1706826664
WALL 21209581 1 0 1706826665
WALL 21209581 1 0 1706826666
WALL 21209581 1 0 1706826667
WALL 21209581 1 0 1706826668
WALL 21209581 1 0 1706826669
WALL 21209581 1 0 1706826670
WALL 21209581 1 0 1706826671
WALL 21209581 1 0 1706826672
WALL 21209581 1 0 1706826673
WALL 21209581 1 0 1706826674
WALL 21209581 1 0 1706826675
WALL 21209581 1 0 1706826676
WALL 21209581 1 0 1706826677
WALL 21209581 1 0 1706826678
WALL 21209581 1 0 1706826679
WALL 21209581 1 0 1706826680
WALL 21209581 1 0 1706826681
WALL 21209581 1 0 1706826682
WALL 21209581 1 0 1706826683
WALL 21209581 1 0 1706826684
WALL 21209581 1 0 1706826685
WALL 21209581 1 0 1706826686
WALL 21209581 1 0 1706826687
WALL 21209581 1 0 1706826688
WALL 21209581 1 0 1706826689
WALL 21209581 1 0 1706826690
WALL 21209581 1 0 1706826691
WALL 21209581 1 0 1706826692
WALL 21209581 1 0 1706826693
WALL 21209581 1 0 1706826694
WALL 21209581 1 0 1706826695
WALL 21209581 1 0 1706826696
WALL 21209581 1 0 1706826697
WALL 21209581 1 0 1706826698
WALL 21209581 1 0 1706826699
WALL 21209581 1 0 1706826700
WALL 21209581 1 0 1706826701
WALL 21209581 1 0 1706826702
WALL 21209581 1 0 1706826703
WALL 21209581 1 0 1706826704
WALL 21209581 1 0 1706826705
WALL 21209581 1 0 1706826706
WALL 21209581 1 0 1706826707
WALL 21209581 1 0 1706826708
WALL 21209581 1 0 1706826709
WALL 21209581 1 0 1706826710
WALL 21209581 1 0 1706826711
WALL 21209581 1 0 1706826712
WALL 21209581 1 0 1706826713
WALL 21209581 1 0 1706826714
WALL 21209581 1 0 1706826715
WALL 21209581 1 0 1706826716
WALL 21209581 1 0 1706826718
WALL 21209581 1 0 1706826719
WALL 21209581 1 0 1706826720
WALL 21209581 1 0 1706826721
WALL 21209581 1 0 1706826722
WALL 21209581 1 0 1706826723
WALL 21209581 1 0 1706826724
WALL 21209581 1 0 1706826725
WALL 21209581 1 0 1706826726
WALL 21209581 1 0 1706826727
WALL 21209581 1 0 1706826728
WALL 21209581 1 0 1706826729
WALL 21209581 1 0 1706826730
WALL 21209581 1 0 1706826731
WALL 21209581 1 0 1706826732
WALL 21209581 1 0 1706826733
slurmstepd: error: *** STEP 21209581.0 ON nid200044 CANCELLED AT 2024-02-01T22:32:13 ***
received SIGTERM 1706826733
WALL 21209581 1 0 1706826733
received SIGCONT 1706826733
WALL 21209581 1 0 1706826733
WALL 21209581 1 0 1706826734
WALL 21209581 1 0 1706826735
WALL 21209581 1 0 1706826736
WALL 21209581 1 0 1706826737
WALL 21209581 1 0 1706826738
WALL 21209581 1 0 1706826739
WALL 21209581 1 0 1706826740
WALL 21209581 1 0 1706826741
WALL 21209581 1 0 1706826742
WALL 21209581 1 0 1706826743
WALL 21209581 1 0 1706826744
WALL 21209581 1 0 1706826745
WALL 21209581 1 0 1706826746
WALL 21209581 1 0 1706826747
WALL 21209581 1 0 1706826748
WALL 21209581 1 0 1706826749
WALL 21209581 1 0 1706826750
WALL 21209581 1 0 1706826751
WALL 21209581 1 0 1706826752
WALL 21209581 1 0 1706826753
WALL 21209581 1 0 1706826754
WALL 21209581 1 0 1706826755
WALL 21209581 1 0 1706826756
WALL 21209581 1 0 1706826757
WALL 21209581 1 0 1706826758
WALL 21209581 1 0 1706826759
WALL 21209581 1 0 1706826760
WALL 21209581 1 0 1706826761
WALL 21209581 1 0 1706826762
WALL 21209581 1 0 1706826763
WALL 21209581 1 0 1706826764
WALL 21209581 1 0 1706826765
WALL 21209581 1 0 1706826766
WALL 21209581 1 0 1706826767
WALL 21209581 1 0 1706826768
WALL 21209581 1 0 1706826769
WALL 21209581 1 0 1706826770
WALL 21209581 1 0 1706826771
WALL 21209581 1 0 1706826772
WALL 21209581 1 0 1706826773
WALL 21209581 1 0 1706826774
WALL 21209581 1 0 1706826775
WALL 21209581 1 0 1706826776
WALL 21209581 1 0 1706826777
WALL 21209581 1 0 1706826778
WALL 21209581 1 0 1706826779
WALL 21209581 1 0 1706826780
WALL 21209581 1 0 1706826781
WALL 21209581 1 0 1706826782
WALL 21209581 1 0 1706826783
WALL 21209581 1 0 1706826784
WALL 21209581 1 0 1706826785
WALL 21209581 1 0 1706826786
WALL 21209581 1 0 1706826787
WALL 21209581 1 0 1706826788
WALL 21209581 1 0 1706826789
WALL 21209581 1 0 1706826790
WALL 21209581 1 0 1706826791
WALL 21209581 1 0 1706826792
WALL 21209581 1 0 1706826793
WALL 21209581 1 0 1706826794
WALL 21209581 1 0 1706826795
WALL 21209581 1 0 1706826796
WALL 21209581 1 0 1706826797
WALL 21209581 1 0 1706826798
WALL 21209581 1 0 1706826799
WALL 21209581 1 0 1706826800
WALL 21209581 1 0 1706826801
WALL 21209581 1 0 1706826802
WALL 21209581 1 0 1706826803
WALL 21209581 1 0 1706826804
WALL 21209581 1 0 1706826805
WALL 21209581 1 0 1706826806
WALL 21209581 1 0 1706826807
WALL 21209581 1 0 1706826808
WALL 21209581 1 0 1706826809
WALL 21209581 1 0 1706826810
WALL 21209581 1 0 1706826811
WALL 21209581 1 0 1706826812
WALL 21209581 1 0 1706826813
WALL 21209581 1 0 1706826814
WALL 21209581 1 0 1706826815
WALL 21209581 1 0 1706826816
slurmstepd: error: *** JOB 21209581 ON nid200044 CANCELLED AT 2024-02-01T22:33:37 DUE TO PREEMPTION ***
received SIGTERM 1706826817
WALL 21209581 1 0 1706826817
received SIGCONT 1706826817
WALL 21209581 1 0 1706826817
received SIGTERM 1706826817
WALL 21209581 1 0 1706826817
