WALL 21195495 1 0 1706814086
WALL 21195495 1 0 1706814087
WALL 21195495 1 0 1706814088
WALL 21195495 1 0 1706814089
WALL 21195495 1 0 1706814090
WALL 21195495 1 0 1706814091
WALL 21195495 1 0 1706814092
WALL 21195495 1 0 1706814093
WALL 21195495 1 0 1706814094
WALL 21195495 1 0 1706814095
WALL 21195495 1 0 1706814096
WALL 21195495 1 0 1706814097
WALL 21195495 1 0 1706814098
WALL 21195495 1 0 1706814099
WALL 21195495 1 0 1706814100
WALL 21195495 1 0 1706814101
WALL 21195495 1 0 1706814102
WALL 21195495 1 0 1706814103
WALL 21195495 1 0 1706814104
WALL 21195495 1 0 1706814105
WALL 21195495 1 0 1706814106
WALL 21195495 1 0 1706814107
WALL 21195495 1 0 1706814108
WALL 21195495 1 0 1706814109
slurmstepd: error: *** STEP 21195495.0 ON nid200187 CANCELLED AT 2024-02-01T19:01:49 ***
received SIGTERM 1706814109
WALL 21195495 1 0 1706814109
received SIGCONT 1706814109
WALL 21195495 1 0 1706814109
WALL 21195495 1 0 1706814110
WALL 21195495 1 0 1706814111
WALL 21195495 1 0 1706814112
WALL 21195495 1 0 1706814113
WALL 21195495 1 0 1706814114
WALL 21195495 1 0 1706814115
WALL 21195495 1 0 1706814116
WALL 21195495 1 0 1706814117
WALL 21195495 1 0 1706814118
WALL 21195495 1 0 1706814119
WALL 21195495 1 0 1706814120
WALL 21195495 1 0 1706814121
WALL 21195495 1 0 1706814122
WALL 21195495 1 0 1706814123
WALL 21195495 1 0 1706814124
WALL 21195495 1 0 1706814125
WALL 21195495 1 0 1706814126
WALL 21195495 1 0 1706814127
WALL 21195495 1 0 1706814128
WALL 21195495 1 0 1706814129
WALL 21195495 1 0 1706814130
WALL 21195495 1 0 1706814131
WALL 21195495 1 0 1706814132
WALL 21195495 1 0 1706814133
WALL 21195495 1 0 1706814134
WALL 21195495 1 0 1706814135
WALL 21195495 1 0 1706814136
WALL 21195495 1 0 1706814137
WALL 21195495 1 0 1706814138
WALL 21195495 1 0 1706814139
WALL 21195495 1 0 1706814140
WALL 21195495 1 0 1706814141
WALL 21195495 1 0 1706814142
WALL 21195495 1 0 1706814143
WALL 21195495 1 0 1706814144
WALL 21195495 1 0 1706814145
WALL 21195495 1 0 1706814146
WALL 21195495 1 0 1706814147
WALL 21195495 1 0 1706814148
WALL 21195495 1 0 1706814149
WALL 21195495 1 0 1706814150
WALL 21195495 1 0 1706814151
WALL 21195495 1 0 1706814152
WALL 21195495 1 0 1706814153
WALL 21195495 1 0 1706814154
WALL 21195495 1 0 1706814155
WALL 21195495 1 0 1706814156
WALL 21195495 1 0 1706814157
WALL 21195495 1 0 1706814158
WALL 21195495 1 0 1706814159
WALL 21195495 1 0 1706814160
WALL 21195495 1 0 1706814161
WALL 21195495 1 0 1706814162
WALL 21195495 1 0 1706814163
WALL 21195495 1 0 1706814164
WALL 21195495 1 0 1706814165
WALL 21195495 1 0 1706814166
WALL 21195495 1 0 1706814167
WALL 21195495 1 0 1706814168
WALL 21195495 1 0 1706814169
WALL 21195495 1 0 1706814170
WALL 21195495 1 0 1706814171
WALL 21195495 1 0 1706814172
WALL 21195495 1 0 1706814173
WALL 21195495 1 0 1706814174
WALL 21195495 1 0 1706814175
WALL 21195495 1 0 1706814176
WALL 21195495 1 0 1706814177
WALL 21195495 1 0 1706814178
WALL 21195495 1 0 1706814179
WALL 21195495 1 0 1706814180
WALL 21195495 1 0 1706814181
WALL 21195495 1 0 1706814182
WALL 21195495 1 0 1706814183
slurmstepd: error: *** JOB 21195495 ON nid200187 CANCELLED AT 2024-02-01T19:03:04 DUE TO PREEMPTION ***
received SIGTERM 1706814184
WALL 21195495 1 0 1706814184
received SIGCONT 1706814184
WALL 21195495 1 0 1706814184
received SIGTERM 1706814184
WALL 21195495 1 0 1706814184
