WALL 21089478 1 0 1706662669
WALL 21089478 1 0 1706662670
WALL 21089478 1 0 1706662671
WALL 21089478 1 0 1706662672
WALL 21089478 1 0 1706662673
WALL 21089478 1 0 1706662674
WALL 21089478 1 0 1706662675
WALL 21089478 1 0 1706662676
WALL 21089478 1 0 1706662677
WALL 21089478 1 0 1706662678
WALL 21089478 1 0 1706662679
WALL 21089478 1 0 1706662680
WALL 21089478 1 0 1706662681
WALL 21089478 1 0 1706662682
WALL 21089478 1 0 1706662683
WALL 21089478 1 0 1706662684
WALL 21089478 1 0 1706662685
WALL 21089478 1 0 1706662686
WALL 21089478 1 0 1706662687
WALL 21089478 1 0 1706662688
WALL 21089478 1 0 1706662689
WALL 21089478 1 0 1706662690
WALL 21089478 1 0 1706662691
WALL 21089478 1 0 1706662692
WALL 21089478 1 0 1706662693
WALL 21089478 1 0 1706662694
WALL 21089478 1 0 1706662695
WALL 21089478 1 0 1706662696
WALL 21089478 1 0 1706662697
WALL 21089478 1 0 1706662698
WALL 21089478 1 0 1706662699
WALL 21089478 1 0 1706662700
WALL 21089478 1 0 1706662701
WALL 21089478 1 0 1706662702
WALL 21089478 1 0 1706662703
WALL 21089478 1 0 1706662704
WALL 21089478 1 0 1706662705
WALL 21089478 1 0 1706662706
WALL 21089478 1 0 1706662707
WALL 21089478 1 0 1706662708
WALL 21089478 1 0 1706662709
WALL 21089478 1 0 1706662710
WALL 21089478 1 0 1706662711
WALL 21089478 1 0 1706662712
WALL 21089478 1 0 1706662713
WALL 21089478 1 0 1706662714
WALL 21089478 1 0 1706662715
WALL 21089478 1 0 1706662716
WALL 21089478 1 0 1706662717
WALL 21089478 1 0 1706662718
WALL 21089478 1 0 1706662719
WALL 21089478 1 0 1706662720
WALL 21089478 1 0 1706662721
WALL 21089478 1 0 1706662722
WALL 21089478 1 0 1706662723
WALL 21089478 1 0 1706662724
WALL 21089478 1 0 1706662725
WALL 21089478 1 0 1706662726
WALL 21089478 1 0 1706662727
WALL 21089478 1 0 1706662728
WALL 21089478 1 0 1706662729
WALL 21089478 1 0 1706662730
WALL 21089478 1 0 1706662731
WALL 21089478 1 0 1706662732
WALL 21089478 1 0 1706662733
WALL 21089478 1 0 1706662734
WALL 21089478 1 0 1706662735
WALL 21089478 1 0 1706662736
WALL 21089478 1 0 1706662737
WALL 21089478 1 0 1706662738
WALL 21089478 1 0 1706662739
WALL 21089478 1 0 1706662740
WALL 21089478 1 0 1706662741
WALL 21089478 1 0 1706662742
WALL 21089478 1 0 1706662743
WALL 21089478 1 0 1706662744
WALL 21089478 1 0 1706662745
WALL 21089478 1 0 1706662746
WALL 21089478 1 0 1706662747
WALL 21089478 1 0 1706662748
WALL 21089478 1 0 1706662749
WALL 21089478 1 0 1706662750
WALL 21089478 1 0 1706662751
WALL 21089478 1 0 1706662752
WALL 21089478 1 0 1706662753
WALL 21089478 1 0 1706662754
WALL 21089478 1 0 1706662755
WALL 21089478 1 0 1706662756
WALL 21089478 1 0 1706662757
WALL 21089478 1 0 1706662758
WALL 21089478 1 0 1706662759
WALL 21089478 1 0 1706662760
WALL 21089478 1 0 1706662761
WALL 21089478 1 0 1706662762
WALL 21089478 1 0 1706662763
WALL 21089478 1 0 1706662764
WALL 21089478 1 0 1706662765
WALL 21089478 1 0 1706662766
WALL 21089478 1 0 1706662767
WALL 21089478 1 0 1706662768
WALL 21089478 1 0 1706662769
WALL 21089478 1 0 1706662770
WALL 21089478 1 0 1706662771
WALL 21089478 1 0 1706662772
WALL 21089478 1 0 1706662773
WALL 21089478 1 0 1706662774
WALL 21089478 1 0 1706662775
WALL 21089478 1 0 1706662776
WALL 21089478 1 0 1706662777
WALL 21089478 1 0 1706662778
WALL 21089478 1 0 1706662779
WALL 21089478 1 0 1706662780
WALL 21089478 1 0 1706662781
WALL 21089478 1 0 1706662782
WALL 21089478 1 0 1706662783
WALL 21089478 1 0 1706662784
WALL 21089478 1 0 1706662785
WALL 21089478 1 0 1706662786
WALL 21089478 1 0 1706662787
WALL 21089478 1 0 1706662788
WALL 21089478 1 0 1706662789
WALL 21089478 1 0 1706662790
WALL 21089478 1 0 1706662791
WALL 21089478 1 0 1706662792
WALL 21089478 1 0 1706662793
WALL 21089478 1 0 1706662794
WALL 21089478 1 0 1706662795
WALL 21089478 1 0 1706662796
WALL 21089478 1 0 1706662797
WALL 21089478 1 0 1706662798
WALL 21089478 1 0 1706662799
WALL 21089478 1 0 1706662800
WALL 21089478 1 0 1706662801
WALL 21089478 1 0 1706662802
WALL 21089478 1 0 1706662803
WALL 21089478 1 0 1706662804
WALL 21089478 1 0 1706662805
WALL 21089478 1 0 1706662806
WALL 21089478 1 0 1706662807
WALL 21089478 1 0 1706662808
WALL 21089478 1 0 1706662809
WALL 21089478 1 0 1706662810
WALL 21089478 1 0 1706662811
WALL 21089478 1 0 1706662812
WALL 21089478 1 0 1706662813
WALL 21089478 1 0 1706662814
WALL 21089478 1 0 1706662815
WALL 21089478 1 0 1706662816
WALL 21089478 1 0 1706662817
WALL 21089478 1 0 1706662818
WALL 21089478 1 0 1706662819
WALL 21089478 1 0 1706662820
WALL 21089478 1 0 1706662821
WALL 21089478 1 0 1706662822
WALL 21089478 1 0 1706662823
WALL 21089478 1 0 1706662824
WALL 21089478 1 0 1706662825
slurmstepd: error: *** STEP 21089478.0 ON nid200034 CANCELLED AT 2024-01-31T01:00:25 DUE TO TIME LIMIT ***
slurmstepd: error: *** REASON: Reservation pod_preempt_2, which this job was running under, has ended ***
slurmstepd: error: *** JOB 21089478 ON nid200034 CANCELLED AT 2024-01-31T01:00:25 DUE TO TIME LIMIT ***
slurmstepd: error: *** REASON: Reservation pod_preempt_2, which this job was running under, has ended ***
received SIGTERM 1706662825
WALL 21089478 1 0 1706662825
received SIGCONT 1706662825
WALL 21089478 1 0 1706662825
received SIGTERM 1706662826
WALL 21089478 1 0 1706662826
