WALL 21089238 1 0 1706662017
WALL 21089238 1 0 1706662018
WALL 21089238 1 0 1706662019
WALL 21089238 1 0 1706662020
WALL 21089238 1 0 1706662021
WALL 21089238 1 0 1706662022
WALL 21089238 1 0 1706662023
WALL 21089238 1 0 1706662024
WALL 21089238 1 0 1706662025
WALL 21089238 1 0 1706662026
WALL 21089238 1 0 1706662027
WALL 21089238 1 0 1706662028
WALL 21089238 1 0 1706662029
WALL 21089238 1 0 1706662030
WALL 21089238 1 0 1706662031
WALL 21089238 1 0 1706662032
WALL 21089238 1 0 1706662033
WALL 21089238 1 0 1706662034
WALL 21089238 1 0 1706662035
WALL 21089238 1 0 1706662036
WALL 21089238 1 0 1706662037
WALL 21089238 1 0 1706662038
WALL 21089238 1 0 1706662039
WALL 21089238 1 0 1706662040
WALL 21089238 1 0 1706662041
WALL 21089238 1 0 1706662042
WALL 21089238 1 0 1706662043
WALL 21089238 1 0 1706662044
WALL 21089238 1 0 1706662045
WALL 21089238 1 0 1706662046
WALL 21089238 1 0 1706662047
WALL 21089238 1 0 1706662048
WALL 21089238 1 0 1706662049
WALL 21089238 1 0 1706662050
WALL 21089238 1 0 1706662051
WALL 21089238 1 0 1706662052
WALL 21089238 1 0 1706662053
WALL 21089238 1 0 1706662054
WALL 21089238 1 0 1706662055
WALL 21089238 1 0 1706662056
WALL 21089238 1 0 1706662057
WALL 21089238 1 0 1706662058
WALL 21089238 1 0 1706662059
WALL 21089238 1 0 1706662060
WALL 21089238 1 0 1706662061
WALL 21089238 1 0 1706662062
WALL 21089238 1 0 1706662063
WALL 21089238 1 0 1706662064
WALL 21089238 1 0 1706662065
WALL 21089238 1 0 1706662066
WALL 21089238 1 0 1706662067
WALL 21089238 1 0 1706662068
WALL 21089238 1 0 1706662069
WALL 21089238 1 0 1706662070
WALL 21089238 1 0 1706662071
WALL 21089238 1 0 1706662072
WALL 21089238 1 0 1706662073
WALL 21089238 1 0 1706662074
WALL 21089238 1 0 1706662075
WALL 21089238 1 0 1706662076
WALL 21089238 1 0 1706662077
WALL 21089238 1 0 1706662078
WALL 21089238 1 0 1706662079
WALL 21089238 1 0 1706662080
WALL 21089238 1 0 1706662081
WALL 21089238 1 0 1706662082
WALL 21089238 1 0 1706662083
WALL 21089238 1 0 1706662084
WALL 21089238 1 0 1706662085
WALL 21089238 1 0 1706662086
WALL 21089238 1 0 1706662087
WALL 21089238 1 0 1706662088
WALL 21089238 1 0 1706662089
WALL 21089238 1 0 1706662090
WALL 21089238 1 0 1706662091
WALL 21089238 1 0 1706662092
WALL 21089238 1 0 1706662093
WALL 21089238 1 0 1706662094
WALL 21089238 1 0 1706662095
WALL 21089238 1 0 1706662096
WALL 21089238 1 0 1706662097
WALL 21089238 1 0 1706662098
WALL 21089238 1 0 1706662099
WALL 21089238 1 0 1706662100
WALL 21089238 1 0 1706662101
WALL 21089238 1 0 1706662102
WALL 21089238 1 0 1706662103
WALL 21089238 1 0 1706662104
WALL 21089238 1 0 1706662105
WALL 21089238 1 0 1706662106
WALL 21089238 1 0 1706662107
WALL 21089238 1 0 1706662108
WALL 21089238 1 0 1706662109
WALL 21089238 1 0 1706662110
WALL 21089238 1 0 1706662111
WALL 21089238 1 0 1706662112
WALL 21089238 1 0 1706662113
WALL 21089238 1 0 1706662114
WALL 21089238 1 0 1706662115
WALL 21089238 1 0 1706662116
WALL 21089238 1 0 1706662117
WALL 21089238 1 0 1706662118
WALL 21089238 1 0 1706662119
WALL 21089238 1 0 1706662120
WALL 21089238 1 0 1706662121
WALL 21089238 1 0 1706662122
WALL 21089238 1 0 1706662123
WALL 21089238 1 0 1706662124
WALL 21089238 1 0 1706662125
WALL 21089238 1 0 1706662126
WALL 21089238 1 0 1706662127
WALL 21089238 1 0 1706662128
WALL 21089238 1 0 1706662129
WALL 21089238 1 0 1706662130
WALL 21089238 1 0 1706662131
WALL 21089238 1 0 1706662132
WALL 21089238 1 0 1706662133
WALL 21089238 1 0 1706662134
WALL 21089238 1 0 1706662135
WALL 21089238 1 0 1706662136
WALL 21089238 1 0 1706662137
WALL 21089238 1 0 1706662138
WALL 21089238 1 0 1706662139
WALL 21089238 1 0 1706662140
WALL 21089238 1 0 1706662141
received SIGCONT 1706662142
WALL 21089238 1 0 1706662142
slurmstepd: error: *** STEP 21089238.0 ON nid200196 CANCELLED AT 2024-01-31T00:49:02 ***
received SIGTERM 1706662142
WALL 21089238 1 0 1706662142
WALL 21089238 1 0 1706662143
WALL 21089238 1 0 1706662144
WALL 21089238 1 0 1706662145
WALL 21089238 1 0 1706662146
WALL 21089238 1 0 1706662147
WALL 21089238 1 0 1706662148
WALL 21089238 1 0 1706662149
WALL 21089238 1 0 1706662150
WALL 21089238 1 0 1706662151
WALL 21089238 1 0 1706662152
WALL 21089238 1 0 1706662153
WALL 21089238 1 0 1706662154
WALL 21089238 1 0 1706662155
WALL 21089238 1 0 1706662156
WALL 21089238 1 0 1706662157
WALL 21089238 1 0 1706662158
WALL 21089238 1 0 1706662159
WALL 21089238 1 0 1706662160
WALL 21089238 1 0 1706662161
WALL 21089238 1 0 1706662162
WALL 21089238 1 0 1706662163
WALL 21089238 1 0 1706662164
WALL 21089238 1 0 1706662165
WALL 21089238 1 0 1706662166
WALL 21089238 1 0 1706662167
WALL 21089238 1 0 1706662168
WALL 21089238 1 0 1706662169
WALL 21089238 1 0 1706662170
WALL 21089238 1 0 1706662171
WALL 21089238 1 0 1706662172
WALL 21089238 1 0 1706662173
WALL 21089238 1 0 1706662174
WALL 21089238 1 0 1706662175
WALL 21089238 1 0 1706662176
WALL 21089238 1 0 1706662177
WALL 21089238 1 0 1706662178
WALL 21089238 1 0 1706662179
WALL 21089238 1 0 1706662180
WALL 21089238 1 0 1706662181
WALL 21089238 1 0 1706662182
WALL 21089238 1 0 1706662183
WALL 21089238 1 0 1706662184
WALL 21089238 1 0 1706662185
WALL 21089238 1 0 1706662186
WALL 21089238 1 0 1706662187
WALL 21089238 1 0 1706662188
WALL 21089238 1 0 1706662189
WALL 21089238 1 0 1706662190
WALL 21089238 1 0 1706662191
WALL 21089238 1 0 1706662192
WALL 21089238 1 0 1706662193
WALL 21089238 1 0 1706662194
WALL 21089238 1 0 1706662195
WALL 21089238 1 0 1706662196
WALL 21089238 1 0 1706662197
WALL 21089238 1 0 1706662198
WALL 21089238 1 0 1706662199
WALL 21089238 1 0 1706662200
WALL 21089238 1 0 1706662201
WALL 21089238 1 0 1706662202
WALL 21089238 1 0 1706662203
WALL 21089238 1 0 1706662204
WALL 21089238 1 0 1706662205
WALL 21089238 1 0 1706662206
WALL 21089238 1 0 1706662207
WALL 21089238 1 0 1706662208
WALL 21089238 1 0 1706662209
WALL 21089238 1 0 1706662210
WALL 21089238 1 0 1706662211
WALL 21089238 1 0 1706662212
WALL 21089238 1 0 1706662213
WALL 21089238 1 0 1706662214
WALL 21089238 1 0 1706662215
WALL 21089238 1 0 1706662216
WALL 21089238 1 0 1706662217
WALL 21089238 1 0 1706662218
WALL 21089238 1 0 1706662219
WALL 21089238 1 0 1706662220
WALL 21089238 1 0 1706662221
slurmstepd: error: *** JOB 21089238 ON nid200196 CANCELLED AT 2024-01-31T00:50:21 DUE TO PREEMPTION ***
srun: Job step aborted: Waiting up to 32 seconds for job step to finish.
received SIGTERM 1706662221
WALL 21089238 1 0 1706662221
received SIGCONT 1706662221
WALL 21089238 1 0 1706662221
received SIGTERM 1706662221
WALL 21089238 1 0 1706662221
