srun: warning: can't run 1 processes on 2 nodes, setting nnodes to 1
WALL 21232116 1 0 1706899361
WALL 21232116 1 0 1706899362
WALL 21232116 1 0 1706899363
WALL 21232116 1 0 1706899364
WALL 21232116 1 0 1706899365
WALL 21232116 1 0 1706899366
WALL 21232116 1 0 1706899367
WALL 21232116 1 0 1706899368
WALL 21232116 1 0 1706899369
WALL 21232116 1 0 1706899370
WALL 21232116 1 0 1706899371
WALL 21232116 1 0 1706899372
WALL 21232116 1 0 1706899373
WALL 21232116 1 0 1706899374
WALL 21232116 1 0 1706899375
WALL 21232116 1 0 1706899376
WALL 21232116 1 0 1706899377
WALL 21232116 1 0 1706899378
WALL 21232116 1 0 1706899379
WALL 21232116 1 0 1706899380
WALL 21232116 1 0 1706899381
WALL 21232116 1 0 1706899382
WALL 21232116 1 0 1706899383
WALL 21232116 1 0 1706899384
WALL 21232116 1 0 1706899385
WALL 21232116 1 0 1706899386
WALL 21232116 1 0 1706899387
WALL 21232116 1 0 1706899388
WALL 21232116 1 0 1706899389
WALL 21232116 1 0 1706899390
WALL 21232116 1 0 1706899391
WALL 21232116 1 0 1706899392
WALL 21232116 1 0 1706899393
WALL 21232116 1 0 1706899394
WALL 21232116 1 0 1706899395
WALL 21232116 1 0 1706899396
WALL 21232116 1 0 1706899397
WALL 21232116 1 0 1706899398
WALL 21232116 1 0 1706899399
WALL 21232116 1 0 1706899400
WALL 21232116 1 0 1706899401
WALL 21232116 1 0 1706899402
WALL 21232116 1 0 1706899403
WALL 21232116 1 0 1706899404
WALL 21232116 1 0 1706899405
WALL 21232116 1 0 1706899406
WALL 21232116 1 0 1706899407
WALL 21232116 1 0 1706899408
WALL 21232116 1 0 1706899409
WALL 21232116 1 0 1706899410
WALL 21232116 1 0 1706899411
WALL 21232116 1 0 1706899412
WALL 21232116 1 0 1706899413
WALL 21232116 1 0 1706899414
WALL 21232116 1 0 1706899415
WALL 21232116 1 0 1706899416
WALL 21232116 1 0 1706899417
WALL 21232116 1 0 1706899418
WALL 21232116 1 0 1706899419
WALL 21232116 1 0 1706899420
WALL 21232116 1 0 1706899421
WALL 21232116 1 0 1706899422
WALL 21232116 1 0 1706899423
WALL 21232116 1 0 1706899424
WALL 21232116 1 0 1706899425
WALL 21232116 1 0 1706899426
WALL 21232116 1 0 1706899427
WALL 21232116 1 0 1706899428
WALL 21232116 1 0 1706899429
received SIGCONT 1706899429
WALL 21232116 1 0 1706899429
slurmstepd: error: *** STEP 21232116.0 ON nid200003 CANCELLED AT 2024-02-02T18:43:49 ***
received SIGTERM 1706899429
WALL 21232116 1 0 1706899429
slurmstepd: error: *** JOB 21232116 ON nid200003 CANCELLED AT 2024-02-02T18:43:49 ***
