WALL 21153458 1 0 1706742311
WALL 21153458 1 0 1706742312
WALL 21153458 1 0 1706742313
WALL 21153458 1 0 1706742314
WALL 21153458 1 0 1706742315
WALL 21153458 1 0 1706742316
WALL 21153458 1 0 1706742317
WALL 21153458 1 0 1706742318
WALL 21153458 1 0 1706742319
WALL 21153458 1 0 1706742320
WALL 21153458 1 0 1706742321
WALL 21153458 1 0 1706742322
WALL 21153458 1 0 1706742323
WALL 21153458 1 0 1706742324
WALL 21153458 1 0 1706742325
WALL 21153458 1 0 1706742326
WALL 21153458 1 0 1706742327
WALL 21153458 1 0 1706742328
WALL 21153458 1 0 1706742329
WALL 21153458 1 0 1706742330
WALL 21153458 1 0 1706742331
WALL 21153458 1 0 1706742332
WALL 21153458 1 0 1706742333
WALL 21153458 1 0 1706742334
WALL 21153458 1 0 1706742335
WALL 21153458 1 0 1706742336
WALL 21153458 1 0 1706742337
WALL 21153458 1 0 1706742338
WALL 21153458 1 0 1706742339
slurmstepd: error: *** STEP 21153458.0 ON nid200030 CANCELLED AT 2024-01-31T23:05:40 ***
received SIGTERM 1706742340
WALL 21153458 1 0 1706742340
received SIGCONT 1706742340
WALL 21153458 1 0 1706742340
WALL 21153458 1 0 1706742341
WALL 21153458 1 0 1706742342
WALL 21153458 1 0 1706742343
WALL 21153458 1 0 1706742344
WALL 21153458 1 0 1706742345
WALL 21153458 1 0 1706742346
WALL 21153458 1 0 1706742347
WALL 21153458 1 0 1706742348
WALL 21153458 1 0 1706742349
WALL 21153458 1 0 1706742350
WALL 21153458 1 0 1706742351
WALL 21153458 1 0 1706742352
WALL 21153458 1 0 1706742353
WALL 21153458 1 0 1706742354
WALL 21153458 1 0 1706742355
WALL 21153458 1 0 1706742356
WALL 21153458 1 0 1706742357
WALL 21153458 1 0 1706742358
WALL 21153458 1 0 1706742359
WALL 21153458 1 0 1706742360
WALL 21153458 1 0 1706742361
WALL 21153458 1 0 1706742362
WALL 21153458 1 0 1706742363
WALL 21153458 1 0 1706742364
WALL 21153458 1 0 1706742365
WALL 21153458 1 0 1706742366
WALL 21153458 1 0 1706742367
WALL 21153458 1 0 1706742368
WALL 21153458 1 0 1706742369
WALL 21153458 1 0 1706742370
WALL 21153458 1 0 1706742371
WALL 21153458 1 0 1706742372
WALL 21153458 1 0 1706742373
WALL 21153458 1 0 1706742374
WALL 21153458 1 0 1706742375
WALL 21153458 1 0 1706742376
WALL 21153458 1 0 1706742377
WALL 21153458 1 0 1706742378
WALL 21153458 1 0 1706742379
WALL 21153458 1 0 1706742380
WALL 21153458 1 0 1706742381
WALL 21153458 1 0 1706742382
WALL 21153458 1 0 1706742383
WALL 21153458 1 0 1706742384
WALL 21153458 1 0 1706742385
WALL 21153458 1 0 1706742386
WALL 21153458 1 0 1706742387
WALL 21153458 1 0 1706742388
WALL 21153458 1 0 1706742389
WALL 21153458 1 0 1706742390
WALL 21153458 1 0 1706742391
WALL 21153458 1 0 1706742392
WALL 21153458 1 0 1706742393
WALL 21153458 1 0 1706742394
WALL 21153458 1 0 1706742395
WALL 21153458 1 0 1706742396
WALL 21153458 1 0 1706742397
WALL 21153458 1 0 1706742398
WALL 21153458 1 0 1706742399
WALL 21153458 1 0 1706742400
WALL 21153458 1 0 1706742401
WALL 21153458 1 0 1706742402
WALL 21153458 1 0 1706742403
WALL 21153458 1 0 1706742404
WALL 21153458 1 0 1706742405
WALL 21153458 1 0 1706742406
WALL 21153458 1 0 1706742407
WALL 21153458 1 0 1706742408
WALL 21153458 1 0 1706742409
WALL 21153458 1 0 1706742410
WALL 21153458 1 0 1706742411
WALL 21153458 1 0 1706742412
WALL 21153458 1 0 1706742413
WALL 21153458 1 0 1706742414
WALL 21153458 1 0 1706742415
WALL 21153458 1 0 1706742416
WALL 21153458 1 0 1706742417
WALL 21153458 1 0 1706742418
slurmstepd: error: *** JOB 21153458 ON nid200030 CANCELLED AT 2024-01-31T23:06:58 DUE TO PREEMPTION ***
received SIGTERM 1706742418
WALL 21153458 1 0 1706742418
received SIGCONT 1706742418
WALL 21153458 1 0 1706742418
received SIGTERM 1706742418
WALL 21153458 1 0 1706742418
