WALL 21200704 1 0 1706816737
WALL 21200704 1 0 1706816738
WALL 21200704 1 0 1706816739
WALL 21200704 1 0 1706816740
WALL 21200704 1 0 1706816741
WALL 21200704 1 0 1706816742
WALL 21200704 1 0 1706816743
WALL 21200704 1 0 1706816744
WALL 21200704 1 0 1706816745
WALL 21200704 1 0 1706816746
WALL 21200704 1 0 1706816747
WALL 21200704 1 0 1706816748
WALL 21200704 1 0 1706816749
WALL 21200704 1 0 1706816750
WALL 21200704 1 0 1706816751
WALL 21200704 1 0 1706816752
WALL 21200704 1 0 1706816753
WALL 21200704 1 0 1706816754
WALL 21200704 1 0 1706816755
WALL 21200704 1 0 1706816756
WALL 21200704 1 0 1706816757
WALL 21200704 1 0 1706816758
WALL 21200704 1 0 1706816759
WALL 21200704 1 0 1706816760
WALL 21200704 1 0 1706816761
WALL 21200704 1 0 1706816762
WALL 21200704 1 0 1706816763
WALL 21200704 1 0 1706816764
WALL 21200704 1 0 1706816765
WALL 21200704 1 0 1706816766
WALL 21200704 1 0 1706816767
WALL 21200704 1 0 1706816768
WALL 21200704 1 0 1706816769
WALL 21200704 1 0 1706816770
WALL 21200704 1 0 1706816771
WALL 21200704 1 0 1706816772
WALL 21200704 1 0 1706816773
WALL 21200704 1 0 1706816774
WALL 21200704 1 0 1706816775
WALL 21200704 1 0 1706816776
WALL 21200704 1 0 1706816777
WALL 21200704 1 0 1706816778
WALL 21200704 1 0 1706816779
WALL 21200704 1 0 1706816780
WALL 21200704 1 0 1706816781
WALL 21200704 1 0 1706816782
WALL 21200704 1 0 1706816783
WALL 21200704 1 0 1706816784
WALL 21200704 1 0 1706816785
WALL 21200704 1 0 1706816786
WALL 21200704 1 0 1706816787
WALL 21200704 1 0 1706816788
WALL 21200704 1 0 1706816789
WALL 21200704 1 0 1706816790
WALL 21200704 1 0 1706816791
WALL 21200704 1 0 1706816792
slurmstepd: error: *** STEP 21200704.0 ON nid200003 CANCELLED AT 2024-02-01T19:46:32 DUE TO PREEMPTION ***
slurmstepd: error: *** JOB 21200704 ON nid200003 CANCELLED AT 2024-02-01T19:46:32 DUE TO PREEMPTION ***
received SIGTERM 1706816792
WALL 21200704 1 0 1706816792
received SIGCONT 1706816792
WALL 21200704 1 0 1706816792
received SIGTERM 1706816792
WALL 21200704 1 0 1706816792
