WALL 21149122 1 0 1706736138
WALL 21149122 1 0 1706736139
WALL 21149122 1 0 1706736140
WALL 21149122 1 0 1706736141
WALL 21149122 1 0 1706736142
WALL 21149122 1 0 1706736143
WALL 21149122 1 0 1706736144
WALL 21149122 1 0 1706736145
WALL 21149122 1 0 1706736146
WALL 21149122 1 0 1706736147
WALL 21149122 1 0 1706736148
WALL 21149122 1 0 1706736149
WALL 21149122 1 0 1706736150
WALL 21149122 1 0 1706736151
WALL 21149122 1 0 1706736152
WALL 21149122 1 0 1706736153
WALL 21149122 1 0 1706736154
WALL 21149122 1 0 1706736155
WALL 21149122 1 0 1706736156
WALL 21149122 1 0 1706736157
WALL 21149122 1 0 1706736158
WALL 21149122 1 0 1706736159
WALL 21149122 1 0 1706736160
WALL 21149122 1 0 1706736161
WALL 21149122 1 0 1706736162
WALL 21149122 1 0 1706736163
WALL 21149122 1 0 1706736164
WALL 21149122 1 0 1706736165
WALL 21149122 1 0 1706736166
WALL 21149122 1 0 1706736167
WALL 21149122 1 0 1706736168
WALL 21149122 1 0 1706736169
WALL 21149122 1 0 1706736170
WALL 21149122 1 0 1706736171
WALL 21149122 1 0 1706736172
WALL 21149122 1 0 1706736173
WALL 21149122 1 0 1706736174
WALL 21149122 1 0 1706736175
WALL 21149122 1 0 1706736176
WALL 21149122 1 0 1706736177
WALL 21149122 1 0 1706736178
WALL 21149122 1 0 1706736179
WALL 21149122 1 0 1706736180
WALL 21149122 1 0 1706736181
WALL 21149122 1 0 1706736182
WALL 21149122 1 0 1706736183
WALL 21149122 1 0 1706736184
WALL 21149122 1 0 1706736185
WALL 21149122 1 0 1706736186
WALL 21149122 1 0 1706736187
WALL 21149122 1 0 1706736188
WALL 21149122 1 0 1706736189
WALL 21149122 1 0 1706736190
WALL 21149122 1 0 1706736191
WALL 21149122 1 0 1706736192
WALL 21149122 1 0 1706736193
WALL 21149122 1 0 1706736194
WALL 21149122 1 0 1706736195
WALL 21149122 1 0 1706736196
WALL 21149122 1 0 1706736197
WALL 21149122 1 0 1706736198
WALL 21149122 1 0 1706736199
WALL 21149122 1 0 1706736200
WALL 21149122 1 0 1706736201
WALL 21149122 1 0 1706736202
WALL 21149122 1 0 1706736203
WALL 21149122 1 0 1706736204
WALL 21149122 1 0 1706736205
WALL 21149122 1 0 1706736206
WALL 21149122 1 0 1706736207
WALL 21149122 1 0 1706736208
WALL 21149122 1 0 1706736209
WALL 21149122 1 0 1706736210
WALL 21149122 1 0 1706736211
WALL 21149122 1 0 1706736212
WALL 21149122 1 0 1706736213
WALL 21149122 1 0 1706736214
WALL 21149122 1 0 1706736215
WALL 21149122 1 0 1706736216
WALL 21149122 1 0 1706736217
WALL 21149122 1 0 1706736218
WALL 21149122 1 0 1706736219
WALL 21149122 1 0 1706736220
WALL 21149122 1 0 1706736221
WALL 21149122 1 0 1706736222
WALL 21149122 1 0 1706736223
WALL 21149122 1 0 1706736224
WALL 21149122 1 0 1706736225
WALL 21149122 1 0 1706736226
WALL 21149122 1 0 1706736227
WALL 21149122 1 0 1706736228
WALL 21149122 1 0 1706736229
WALL 21149122 1 0 1706736230
WALL 21149122 1 0 1706736231
WALL 21149122 1 0 1706736232
WALL 21149122 1 0 1706736233
WALL 21149122 1 0 1706736234
WALL 21149122 1 0 1706736235
WALL 21149122 1 0 1706736236
WALL 21149122 1 0 1706736237
WALL 21149122 1 0 1706736238
WALL 21149122 1 0 1706736239
WALL 21149122 1 0 1706736240
WALL 21149122 1 0 1706736241
WALL 21149122 1 0 1706736242
WALL 21149122 1 0 1706736243
WALL 21149122 1 0 1706736244
WALL 21149122 1 0 1706736245
WALL 21149122 1 0 1706736246
WALL 21149122 1 0 1706736247
WALL 21149122 1 0 1706736248
WALL 21149122 1 0 1706736249
WALL 21149122 1 0 1706736250
WALL 21149122 1 0 1706736251
WALL 21149122 1 0 1706736252
WALL 21149122 1 0 1706736253
WALL 21149122 1 0 1706736254
WALL 21149122 1 0 1706736255
WALL 21149122 1 0 1706736256
WALL 21149122 1 0 1706736257
WALL 21149122 1 0 1706736258
WALL 21149122 1 0 1706736259
WALL 21149122 1 0 1706736260
WALL 21149122 1 0 1706736261
WALL 21149122 1 0 1706736262
WALL 21149122 1 0 1706736263
WALL 21149122 1 0 1706736264
WALL 21149122 1 0 1706736265
WALL 21149122 1 0 1706736266
WALL 21149122 1 0 1706736267
WALL 21149122 1 0 1706736268
WALL 21149122 1 0 1706736269
WALL 21149122 1 0 1706736270
WALL 21149122 1 0 1706736271
WALL 21149122 1 0 1706736272
WALL 21149122 1 0 1706736273
WALL 21149122 1 0 1706736274
WALL 21149122 1 0 1706736275
WALL 21149122 1 0 1706736276
WALL 21149122 1 0 1706736277
WALL 21149122 1 0 1706736278
WALL 21149122 1 0 1706736279
WALL 21149122 1 0 1706736280
WALL 21149122 1 0 1706736281
WALL 21149122 1 0 1706736282
WALL 21149122 1 0 1706736283
WALL 21149122 1 0 1706736284
WALL 21149122 1 0 1706736285
WALL 21149122 1 0 1706736286
WALL 21149122 1 0 1706736287
WALL 21149122 1 0 1706736288
WALL 21149122 1 0 1706736289
WALL 21149122 1 0 1706736290
WALL 21149122 1 0 1706736291
WALL 21149122 1 0 1706736292
WALL 21149122 1 0 1706736293
WALL 21149122 1 0 1706736294
WALL 21149122 1 0 1706736295
WALL 21149122 1 0 1706736296
WALL 21149122 1 0 1706736297
WALL 21149122 1 0 1706736298
WALL 21149122 1 0 1706736299
WALL 21149122 1 0 1706736300
WALL 21149122 1 0 1706736301
WALL 21149122 1 0 1706736302
WALL 21149122 1 0 1706736303
WALL 21149122 1 0 1706736304
WALL 21149122 1 0 1706736305
WALL 21149122 1 0 1706736306
WALL 21149122 1 0 1706736307
WALL 21149122 1 0 1706736308
WALL 21149122 1 0 1706736309
WALL 21149122 1 0 1706736310
WALL 21149122 1 0 1706736311
WALL 21149122 1 0 1706736312
WALL 21149122 1 0 1706736313
WALL 21149122 1 0 1706736314
WALL 21149122 1 0 1706736315
WALL 21149122 1 0 1706736316
WALL 21149122 1 0 1706736317
WALL 21149122 1 0 1706736318
WALL 21149122 1 0 1706736319
WALL 21149122 1 0 1706736320
WALL 21149122 1 0 1706736321
WALL 21149122 1 0 1706736322
WALL 21149122 1 0 1706736323
WALL 21149122 1 0 1706736324
WALL 21149122 1 0 1706736325
WALL 21149122 1 0 1706736326
WALL 21149122 1 0 1706736327
WALL 21149122 1 0 1706736328
WALL 21149122 1 0 1706736329
WALL 21149122 1 0 1706736330
WALL 21149122 1 0 1706736331
WALL 21149122 1 0 1706736332
WALL 21149122 1 0 1706736333
WALL 21149122 1 0 1706736334
WALL 21149122 1 0 1706736335
WALL 21149122 1 0 1706736336
WALL 21149122 1 0 1706736337
WALL 21149122 1 0 1706736338
WALL 21149122 1 0 1706736339
WALL 21149122 1 0 1706736340
WALL 21149122 1 0 1706736341
WALL 21149122 1 0 1706736342
WALL 21149122 1 0 1706736343
WALL 21149122 1 0 1706736344
WALL 21149122 1 0 1706736345
WALL 21149122 1 0 1706736346
WALL 21149122 1 0 1706736347
WALL 21149122 1 0 1706736348
WALL 21149122 1 0 1706736349
WALL 21149122 1 0 1706736350
WALL 21149122 1 0 1706736351
WALL 21149122 1 0 1706736352
WALL 21149122 1 0 1706736353
WALL 21149122 1 0 1706736354
WALL 21149122 1 0 1706736355
WALL 21149122 1 0 1706736356
WALL 21149122 1 0 1706736357
WALL 21149122 1 0 1706736358
WALL 21149122 1 0 1706736359
WALL 21149122 1 0 1706736360
WALL 21149122 1 0 1706736361
WALL 21149122 1 0 1706736362
WALL 21149122 1 0 1706736363
WALL 21149122 1 0 1706736364
WALL 21149122 1 0 1706736365
WALL 21149122 1 0 1706736366
WALL 21149122 1 0 1706736367
WALL 21149122 1 0 1706736368
WALL 21149122 1 0 1706736369
WALL 21149122 1 0 1706736370
WALL 21149122 1 0 1706736371
WALL 21149122 1 0 1706736372
WALL 21149122 1 0 1706736373
WALL 21149122 1 0 1706736374
WALL 21149122 1 0 1706736375
WALL 21149122 1 0 1706736376
WALL 21149122 1 0 1706736377
WALL 21149122 1 0 1706736378
WALL 21149122 1 0 1706736379
WALL 21149122 1 0 1706736380
WALL 21149122 1 0 1706736381
WALL 21149122 1 0 1706736382
WALL 21149122 1 0 1706736383
WALL 21149122 1 0 1706736384
WALL 21149122 1 0 1706736385
WALL 21149122 1 0 1706736386
WALL 21149122 1 0 1706736387
WALL 21149122 1 0 1706736388
WALL 21149122 1 0 1706736389
WALL 21149122 1 0 1706736390
WALL 21149122 1 0 1706736391
WALL 21149122 1 0 1706736392
WALL 21149122 1 0 1706736393
WALL 21149122 1 0 1706736394
WALL 21149122 1 0 1706736395
WALL 21149122 1 0 1706736396
WALL 21149122 1 0 1706736397
WALL 21149122 1 0 1706736398
WALL 21149122 1 0 1706736399
WALL 21149122 1 0 1706736400
WALL 21149122 1 0 1706736401
WALL 21149122 1 0 1706736402
WALL 21149122 1 0 1706736403
WALL 21149122 1 0 1706736404
WALL 21149122 1 0 1706736405
WALL 21149122 1 0 1706736406
WALL 21149122 1 0 1706736407
WALL 21149122 1 0 1706736408
WALL 21149122 1 0 1706736409
WALL 21149122 1 0 1706736410
WALL 21149122 1 0 1706736411
WALL 21149122 1 0 1706736412
WALL 21149122 1 0 1706736413
WALL 21149122 1 0 1706736414
WALL 21149122 1 0 1706736415
WALL 21149122 1 0 1706736416
WALL 21149122 1 0 1706736417
WALL 21149122 1 0 1706736418
WALL 21149122 1 0 1706736419
WALL 21149122 1 0 1706736420
WALL 21149122 1 0 1706736421
WALL 21149122 1 0 1706736422
WALL 21149122 1 0 1706736423
WALL 21149122 1 0 1706736424
WALL 21149122 1 0 1706736425
WALL 21149122 1 0 1706736426
WALL 21149122 1 0 1706736427
WALL 21149122 1 0 1706736428
WALL 21149122 1 0 1706736429
WALL 21149122 1 0 1706736430
WALL 21149122 1 0 1706736431
WALL 21149122 1 0 1706736432
WALL 21149122 1 0 1706736433
WALL 21149122 1 0 1706736434
WALL 21149122 1 0 1706736435
WALL 21149122 1 0 1706736436
WALL 21149122 1 0 1706736437
WALL 21149122 1 0 1706736438
WALL 21149122 1 0 1706736439
WALL 21149122 1 0 1706736440
WALL 21149122 1 0 1706736441
WALL 21149122 1 0 1706736442
WALL 21149122 1 0 1706736443
WALL 21149122 1 0 1706736444
WALL 21149122 1 0 1706736445
WALL 21149122 1 0 1706736446
WALL 21149122 1 0 1706736447
WALL 21149122 1 0 1706736448
WALL 21149122 1 0 1706736449
WALL 21149122 1 0 1706736450
WALL 21149122 1 0 1706736451
WALL 21149122 1 0 1706736452
WALL 21149122 1 0 1706736453
WALL 21149122 1 0 1706736454
WALL 21149122 1 0 1706736455
WALL 21149122 1 0 1706736456
WALL 21149122 1 0 1706736457
WALL 21149122 1 0 1706736458
WALL 21149122 1 0 1706736459
WALL 21149122 1 0 1706736460
WALL 21149122 1 0 1706736461
WALL 21149122 1 0 1706736462
WALL 21149122 1 0 1706736463
WALL 21149122 1 0 1706736464
WALL 21149122 1 0 1706736465
WALL 21149122 1 0 1706736466
WALL 21149122 1 0 1706736467
WALL 21149122 1 0 1706736468
WALL 21149122 1 0 1706736469
WALL 21149122 1 0 1706736470
WALL 21149122 1 0 1706736471
WALL 21149122 1 0 1706736472
WALL 21149122 1 0 1706736473
WALL 21149122 1 0 1706736474
WALL 21149122 1 0 1706736475
WALL 21149122 1 0 1706736476
WALL 21149122 1 0 1706736477
WALL 21149122 1 0 1706736478
WALL 21149122 1 0 1706736479
WALL 21149122 1 0 1706736480
WALL 21149122 1 0 1706736481
WALL 21149122 1 0 1706736482
WALL 21149122 1 0 1706736483
WALL 21149122 1 0 1706736484
WALL 21149122 1 0 1706736485
WALL 21149122 1 0 1706736486
WALL 21149122 1 0 1706736487
WALL 21149122 1 0 1706736488
WALL 21149122 1 0 1706736489
WALL 21149122 1 0 1706736490
WALL 21149122 1 0 1706736491
WALL 21149122 1 0 1706736492
WALL 21149122 1 0 1706736493
WALL 21149122 1 0 1706736494
WALL 21149122 1 0 1706736495
WALL 21149122 1 0 1706736496
WALL 21149122 1 0 1706736497
WALL 21149122 1 0 1706736498
WALL 21149122 1 0 1706736499
WALL 21149122 1 0 1706736500
WALL 21149122 1 0 1706736501
WALL 21149122 1 0 1706736502
WALL 21149122 1 0 1706736503
WALL 21149122 1 0 1706736504
WALL 21149122 1 0 1706736505
WALL 21149122 1 0 1706736506
WALL 21149122 1 0 1706736507
WALL 21149122 1 0 1706736508
WALL 21149122 1 0 1706736509
WALL 21149122 1 0 1706736510
WALL 21149122 1 0 1706736511
WALL 21149122 1 0 1706736512
WALL 21149122 1 0 1706736513
WALL 21149122 1 0 1706736514
WALL 21149122 1 0 1706736515
WALL 21149122 1 0 1706736516
WALL 21149122 1 0 1706736517
WALL 21149122 1 0 1706736518
WALL 21149122 1 0 1706736519
WALL 21149122 1 0 1706736520
WALL 21149122 1 0 1706736521
WALL 21149122 1 0 1706736522
WALL 21149122 1 0 1706736523
WALL 21149122 1 0 1706736524
WALL 21149122 1 0 1706736525
WALL 21149122 1 0 1706736526
slurmstepd: error: *** STEP 21149122.0 ON nid200010 CANCELLED AT 2024-01-31T21:28:46 ***
received SIGCONT 1706736526
WALL 21149122 1 0 1706736526
received SIGTERM 1706736526
WALL 21149122 1 0 1706736526
WALL 21149122 1 0 1706736527
WALL 21149122 1 0 1706736528
WALL 21149122 1 0 1706736529
WALL 21149122 1 0 1706736530
WALL 21149122 1 0 1706736531
WALL 21149122 1 0 1706736532
WALL 21149122 1 0 1706736533
WALL 21149122 1 0 1706736534
WALL 21149122 1 0 1706736535
WALL 21149122 1 0 1706736536
WALL 21149122 1 0 1706736537
WALL 21149122 1 0 1706736538
WALL 21149122 1 0 1706736539
WALL 21149122 1 0 1706736540
WALL 21149122 1 0 1706736541
WALL 21149122 1 0 1706736542
WALL 21149122 1 0 1706736543
WALL 21149122 1 0 1706736544
WALL 21149122 1 0 1706736545
WALL 21149122 1 0 1706736546
WALL 21149122 1 0 1706736547
WALL 21149122 1 0 1706736548
WALL 21149122 1 0 1706736549
WALL 21149122 1 0 1706736550
WALL 21149122 1 0 1706736551
WALL 21149122 1 0 1706736552
WALL 21149122 1 0 1706736553
WALL 21149122 1 0 1706736554
WALL 21149122 1 0 1706736555
WALL 21149122 1 0 1706736556
WALL 21149122 1 0 1706736557
WALL 21149122 1 0 1706736558
WALL 21149122 1 0 1706736559
WALL 21149122 1 0 1706736560
WALL 21149122 1 0 1706736561
WALL 21149122 1 0 1706736562
WALL 21149122 1 0 1706736563
WALL 21149122 1 0 1706736564
WALL 21149122 1 0 1706736565
WALL 21149122 1 0 1706736566
WALL 21149122 1 0 1706736567
WALL 21149122 1 0 1706736568
WALL 21149122 1 0 1706736569
WALL 21149122 1 0 1706736570
WALL 21149122 1 0 1706736571
WALL 21149122 1 0 1706736572
WALL 21149122 1 0 1706736573
WALL 21149122 1 0 1706736574
WALL 21149122 1 0 1706736575
WALL 21149122 1 0 1706736576
WALL 21149122 1 0 1706736577
WALL 21149122 1 0 1706736578
WALL 21149122 1 0 1706736579
WALL 21149122 1 0 1706736580
WALL 21149122 1 0 1706736581
WALL 21149122 1 0 1706736582
WALL 21149122 1 0 1706736583
WALL 21149122 1 0 1706736584
WALL 21149122 1 0 1706736585
WALL 21149122 1 0 1706736586
WALL 21149122 1 0 1706736587
WALL 21149122 1 0 1706736588
WALL 21149122 1 0 1706736589
WALL 21149122 1 0 1706736590
WALL 21149122 1 0 1706736591
WALL 21149122 1 0 1706736592
WALL 21149122 1 0 1706736593
WALL 21149122 1 0 1706736594
WALL 21149122 1 0 1706736595
WALL 21149122 1 0 1706736596
WALL 21149122 1 0 1706736597
WALL 21149122 1 0 1706736598
WALL 21149122 1 0 1706736599
WALL 21149122 1 0 1706736600
WALL 21149122 1 0 1706736601
WALL 21149122 1 0 1706736602
WALL 21149122 1 0 1706736603
WALL 21149122 1 0 1706736604
WALL 21149122 1 0 1706736605
WALL 21149122 1 0 1706736606
WALL 21149122 1 0 1706736607
WALL 21149122 1 0 1706736608
slurmstepd: error: *** JOB 21149122 ON nid200010 CANCELLED AT 2024-01-31T21:30:09 DUE TO PREEMPTION ***
received SIGTERM 1706736609
WALL 21149122 1 0 1706736609
received SIGCONT 1706736609
WALL 21149122 1 0 1706736609
received SIGTERM 1706736609
WALL 21149122 1 0 1706736609
