WALL 21208332 1 0 1706823131
WALL 21208332 1 0 1706823132
WALL 21208332 1 0 1706823133
WALL 21208332 1 0 1706823134
WALL 21208332 1 0 1706823135
WALL 21208332 1 0 1706823136
WALL 21208332 1 0 1706823137
WALL 21208332 1 0 1706823138
WALL 21208332 1 0 1706823139
WALL 21208332 1 0 1706823140
WALL 21208332 1 0 1706823141
WALL 21208332 1 0 1706823142
WALL 21208332 1 0 1706823143
WALL 21208332 1 0 1706823144
WALL 21208332 1 0 1706823145
WALL 21208332 1 0 1706823146
WALL 21208332 1 0 1706823147
WALL 21208332 1 0 1706823148
WALL 21208332 1 0 1706823149
WALL 21208332 1 0 1706823150
WALL 21208332 1 0 1706823151
WALL 21208332 1 0 1706823152
WALL 21208332 1 0 1706823153
WALL 21208332 1 0 1706823154
WALL 21208332 1 0 1706823155
WALL 21208332 1 0 1706823156
WALL 21208332 1 0 1706823157
WALL 21208332 1 0 1706823158
WALL 21208332 1 0 1706823159
WALL 21208332 1 0 1706823160
WALL 21208332 1 0 1706823161
WALL 21208332 1 0 1706823162
WALL 21208332 1 0 1706823163
WALL 21208332 1 0 1706823164
WALL 21208332 1 0 1706823165
WALL 21208332 1 0 1706823166
WALL 21208332 1 0 1706823167
WALL 21208332 1 0 1706823168
WALL 21208332 1 0 1706823169
WALL 21208332 1 0 1706823170
WALL 21208332 1 0 1706823171
WALL 21208332 1 0 1706823172
WALL 21208332 1 0 1706823173
WALL 21208332 1 0 1706823174
WALL 21208332 1 0 1706823175
WALL 21208332 1 0 1706823176
WALL 21208332 1 0 1706823177
WALL 21208332 1 0 1706823178
WALL 21208332 1 0 1706823179
WALL 21208332 1 0 1706823180
WALL 21208332 1 0 1706823181
WALL 21208332 1 0 1706823182
WALL 21208332 1 0 1706823183
WALL 21208332 1 0 1706823184
WALL 21208332 1 0 1706823185
WALL 21208332 1 0 1706823186
WALL 21208332 1 0 1706823187
WALL 21208332 1 0 1706823188
received SIGCONT 1706823189
WALL 21208332 1 0 1706823189
slurmstepd: error: *** STEP 21208332.0 ON nid200063 CANCELLED AT 2024-02-01T21:33:09 ***
received SIGTERM 1706823189
WALL 21208332 1 0 1706823189
WALL 21208332 1 0 1706823190
WALL 21208332 1 0 1706823191
WALL 21208332 1 0 1706823192
WALL 21208332 1 0 1706823193
WALL 21208332 1 0 1706823194
WALL 21208332 1 0 1706823195
WALL 21208332 1 0 1706823196
WALL 21208332 1 0 1706823197
WALL 21208332 1 0 1706823198
WALL 21208332 1 0 1706823199
WALL 21208332 1 0 1706823200
WALL 21208332 1 0 1706823201
WALL 21208332 1 0 1706823202
WALL 21208332 1 0 1706823203
WALL 21208332 1 0 1706823204
WALL 21208332 1 0 1706823205
WALL 21208332 1 0 1706823206
WALL 21208332 1 0 1706823207
WALL 21208332 1 0 1706823208
WALL 21208332 1 0 1706823209
WALL 21208332 1 0 1706823210
WALL 21208332 1 0 1706823211
WALL 21208332 1 0 1706823212
WALL 21208332 1 0 1706823213
WALL 21208332 1 0 1706823214
WALL 21208332 1 0 1706823215
WALL 21208332 1 0 1706823216
WALL 21208332 1 0 1706823217
WALL 21208332 1 0 1706823218
WALL 21208332 1 0 1706823219
WALL 21208332 1 0 1706823220
WALL 21208332 1 0 1706823221
WALL 21208332 1 0 1706823222
WALL 21208332 1 0 1706823223
WALL 21208332 1 0 1706823224
WALL 21208332 1 0 1706823225
WALL 21208332 1 0 1706823226
WALL 21208332 1 0 1706823227
WALL 21208332 1 0 1706823228
WALL 21208332 1 0 1706823229
WALL 21208332 1 0 1706823230
WALL 21208332 1 0 1706823231
WALL 21208332 1 0 1706823232
WALL 21208332 1 0 1706823233
WALL 21208332 1 0 1706823234
WALL 21208332 1 0 1706823235
WALL 21208332 1 0 1706823236
WALL 21208332 1 0 1706823237
WALL 21208332 1 0 1706823238
WALL 21208332 1 0 1706823239
WALL 21208332 1 0 1706823240
WALL 21208332 1 0 1706823241
WALL 21208332 1 0 1706823242
WALL 21208332 1 0 1706823243
WALL 21208332 1 0 1706823244
WALL 21208332 1 0 1706823245
WALL 21208332 1 0 1706823246
WALL 21208332 1 0 1706823247
WALL 21208332 1 0 1706823248
WALL 21208332 1 0 1706823249
WALL 21208332 1 0 1706823250
WALL 21208332 1 0 1706823251
WALL 21208332 1 0 1706823252
WALL 21208332 1 0 1706823253
WALL 21208332 1 0 1706823254
slurmstepd: error: *** JOB 21208332 ON nid200063 CANCELLED AT 2024-02-01T21:34:15 DUE TO PREEMPTION ***
received SIGTERM 1706823255
WALL 21208332 1 0 1706823255
received SIGCONT 1706823255
WALL 21208332 1 0 1706823255
received SIGTERM 1706823255
WALL 21208332 1 0 1706823255
