srun: warning: can't run 1 processes on 2 nodes, setting nnodes to 1
WALL 21204558 1 0 1706819103
WALL 21204558 1 0 1706819104
WALL 21204558 1 0 1706819105
WALL 21204558 1 0 1706819106
WALL 21204558 1 0 1706819107
WALL 21204558 1 0 1706819108
WALL 21204558 1 0 1706819109
WALL 21204558 1 0 1706819110
WALL 21204558 1 0 1706819111
WALL 21204558 1 0 1706819112
WALL 21204558 1 0 1706819113
WALL 21204558 1 0 1706819114
WALL 21204558 1 0 1706819115
WALL 21204558 1 0 1706819116
WALL 21204558 1 0 1706819117
WALL 21204558 1 0 1706819118
WALL 21204558 1 0 1706819119
WALL 21204558 1 0 1706819120
WALL 21204558 1 0 1706819121
WALL 21204558 1 0 1706819122
WALL 21204558 1 0 1706819123
WALL 21204558 1 0 1706819124
WALL 21204558 1 0 1706819125
WALL 21204558 1 0 1706819126
WALL 21204558 1 0 1706819127
WALL 21204558 1 0 1706819128
WALL 21204558 1 0 1706819129
WALL 21204558 1 0 1706819130
WALL 21204558 1 0 1706819131
WALL 21204558 1 0 1706819132
WALL 21204558 1 0 1706819133
WALL 21204558 1 0 1706819134
WALL 21204558 1 0 1706819135
WALL 21204558 1 0 1706819136
WALL 21204558 1 0 1706819137
WALL 21204558 1 0 1706819138
WALL 21204558 1 0 1706819139
WALL 21204558 1 0 1706819140
WALL 21204558 1 0 1706819141
WALL 21204558 1 0 1706819142
WALL 21204558 1 0 1706819143
WALL 21204558 1 0 1706819144
WALL 21204558 1 0 1706819145
WALL 21204558 1 0 1706819146
WALL 21204558 1 0 1706819147
WALL 21204558 1 0 1706819148
WALL 21204558 1 0 1706819149
WALL 21204558 1 0 1706819150
WALL 21204558 1 0 1706819151
WALL 21204558 1 0 1706819152
WALL 21204558 1 0 1706819153
WALL 21204558 1 0 1706819154
WALL 21204558 1 0 1706819155
WALL 21204558 1 0 1706819156
WALL 21204558 1 0 1706819157
WALL 21204558 1 0 1706819158
WALL 21204558 1 0 1706819159
WALL 21204558 1 0 1706819160
WALL 21204558 1 0 1706819161
WALL 21204558 1 0 1706819162
WALL 21204558 1 0 1706819163
WALL 21204558 1 0 1706819164
WALL 21204558 1 0 1706819165
WALL 21204558 1 0 1706819166
WALL 21204558 1 0 1706819167
WALL 21204558 1 0 1706819168
WALL 21204558 1 0 1706819169
WALL 21204558 1 0 1706819170
WALL 21204558 1 0 1706819171
WALL 21204558 1 0 1706819172
WALL 21204558 1 0 1706819173
WALL 21204558 1 0 1706819174
WALL 21204558 1 0 1706819175
WALL 21204558 1 0 1706819176
WALL 21204558 1 0 1706819177
WALL 21204558 1 0 1706819178
WALL 21204558 1 0 1706819179
WALL 21204558 1 0 1706819180
WALL 21204558 1 0 1706819181
WALL 21204558 1 0 1706819182
WALL 21204558 1 0 1706819183
WALL 21204558 1 0 1706819184
WALL 21204558 1 0 1706819185
WALL 21204558 1 0 1706819186
WALL 21204558 1 0 1706819187
WALL 21204558 1 0 1706819188
WALL 21204558 1 0 1706819189
WALL 21204558 1 0 1706819190
WALL 21204558 1 0 1706819191
WALL 21204558 1 0 1706819192
WALL 21204558 1 0 1706819193
WALL 21204558 1 0 1706819194
WALL 21204558 1 0 1706819195
WALL 21204558 1 0 1706819196
WALL 21204558 1 0 1706819197
WALL 21204558 1 0 1706819198
WALL 21204558 1 0 1706819199
WALL 21204558 1 0 1706819200
WALL 21204558 1 0 1706819201
WALL 21204558 1 0 1706819202
WALL 21204558 1 0 1706819203
WALL 21204558 1 0 1706819204
WALL 21204558 1 0 1706819205
WALL 21204558 1 0 1706819206
WALL 21204558 1 0 1706819207
WALL 21204558 1 0 1706819208
WALL 21204558 1 0 1706819209
WALL 21204558 1 0 1706819210
WALL 21204558 1 0 1706819211
WALL 21204558 1 0 1706819212
WALL 21204558 1 0 1706819213
WALL 21204558 1 0 1706819214
WALL 21204558 1 0 1706819215
WALL 21204558 1 0 1706819216
WALL 21204558 1 0 1706819217
WALL 21204558 1 0 1706819218
WALL 21204558 1 0 1706819219
WALL 21204558 1 0 1706819220
WALL 21204558 1 0 1706819221
WALL 21204558 1 0 1706819222
WALL 21204558 1 0 1706819223
WALL 21204558 1 0 1706819224
WALL 21204558 1 0 1706819225
WALL 21204558 1 0 1706819226
WALL 21204558 1 0 1706819227
WALL 21204558 1 0 1706819228
WALL 21204558 1 0 1706819229
WALL 21204558 1 0 1706819230
WALL 21204558 1 0 1706819231
WALL 21204558 1 0 1706819232
WALL 21204558 1 0 1706819233
WALL 21204558 1 0 1706819234
WALL 21204558 1 0 1706819235
WALL 21204558 1 0 1706819236
WALL 21204558 1 0 1706819237
WALL 21204558 1 0 1706819238
WALL 21204558 1 0 1706819239
WALL 21204558 1 0 1706819240
WALL 21204558 1 0 1706819241
WALL 21204558 1 0 1706819242
WALL 21204558 1 0 1706819243
WALL 21204558 1 0 1706819244
WALL 21204558 1 0 1706819245
WALL 21204558 1 0 1706819246
WALL 21204558 1 0 1706819247
WALL 21204558 1 0 1706819248
WALL 21204558 1 0 1706819249
WALL 21204558 1 0 1706819250
WALL 21204558 1 0 1706819251
WALL 21204558 1 0 1706819252
WALL 21204558 1 0 1706819253
WALL 21204558 1 0 1706819254
WALL 21204558 1 0 1706819255
WALL 21204558 1 0 1706819256
WALL 21204558 1 0 1706819257
WALL 21204558 1 0 1706819258
WALL 21204558 1 0 1706819259
WALL 21204558 1 0 1706819260
WALL 21204558 1 0 1706819261
WALL 21204558 1 0 1706819262
WALL 21204558 1 0 1706819263
WALL 21204558 1 0 1706819264
WALL 21204558 1 0 1706819265
WALL 21204558 1 0 1706819266
WALL 21204558 1 0 1706819267
WALL 21204558 1 0 1706819268
WALL 21204558 1 0 1706819269
WALL 21204558 1 0 1706819270
WALL 21204558 1 0 1706819271
WALL 21204558 1 0 1706819272
WALL 21204558 1 0 1706819273
WALL 21204558 1 0 1706819274
WALL 21204558 1 0 1706819275
WALL 21204558 1 0 1706819276
WALL 21204558 1 0 1706819277
WALL 21204558 1 0 1706819278
WALL 21204558 1 0 1706819279
WALL 21204558 1 0 1706819280
WALL 21204558 1 0 1706819281
WALL 21204558 1 0 1706819282
WALL 21204558 1 0 1706819283
WALL 21204558 1 0 1706819284
WALL 21204558 1 0 1706819285
WALL 21204558 1 0 1706819286
WALL 21204558 1 0 1706819287
WALL 21204558 1 0 1706819288
WALL 21204558 1 0 1706819289
WALL 21204558 1 0 1706819290
WALL 21204558 1 0 1706819291
WALL 21204558 1 0 1706819292
WALL 21204558 1 0 1706819293
WALL 21204558 1 0 1706819294
WALL 21204558 1 0 1706819295
WALL 21204558 1 0 1706819296
WALL 21204558 1 0 1706819297
WALL 21204558 1 0 1706819298
WALL 21204558 1 0 1706819299
received SIGCONT 1706819300
WALL 21204558 1 0 1706819300
slurmstepd: error: *** STEP 21204558.0 ON nid200037 CANCELLED AT 2024-02-01T20:28:20 ***
received SIGTERM 1706819300
WALL 21204558 1 0 1706819300
WALL 21204558 1 0 1706819301
WALL 21204558 1 0 1706819302
WALL 21204558 1 0 1706819303
WALL 21204558 1 0 1706819304
WALL 21204558 1 0 1706819305
WALL 21204558 1 0 1706819306
WALL 21204558 1 0 1706819307
WALL 21204558 1 0 1706819308
WALL 21204558 1 0 1706819309
WALL 21204558 1 0 1706819310
WALL 21204558 1 0 1706819311
WALL 21204558 1 0 1706819312
WALL 21204558 1 0 1706819313
WALL 21204558 1 0 1706819314
WALL 21204558 1 0 1706819315
WALL 21204558 1 0 1706819316
WALL 21204558 1 0 1706819317
WALL 21204558 1 0 1706819318
WALL 21204558 1 0 1706819319
WALL 21204558 1 0 1706819320
WALL 21204558 1 0 1706819321
WALL 21204558 1 0 1706819322
WALL 21204558 1 0 1706819323
WALL 21204558 1 0 1706819324
WALL 21204558 1 0 1706819325
WALL 21204558 1 0 1706819326
WALL 21204558 1 0 1706819327
WALL 21204558 1 0 1706819328
WALL 21204558 1 0 1706819329
WALL 21204558 1 0 1706819330
WALL 21204558 1 0 1706819331
WALL 21204558 1 0 1706819332
WALL 21204558 1 0 1706819333
WALL 21204558 1 0 1706819334
WALL 21204558 1 0 1706819335
WALL 21204558 1 0 1706819336
WALL 21204558 1 0 1706819337
WALL 21204558 1 0 1706819338
WALL 21204558 1 0 1706819339
WALL 21204558 1 0 1706819340
WALL 21204558 1 0 1706819341
WALL 21204558 1 0 1706819342
WALL 21204558 1 0 1706819343
WALL 21204558 1 0 1706819344
WALL 21204558 1 0 1706819345
WALL 21204558 1 0 1706819346
WALL 21204558 1 0 1706819347
WALL 21204558 1 0 1706819348
WALL 21204558 1 0 1706819349
WALL 21204558 1 0 1706819350
WALL 21204558 1 0 1706819351
WALL 21204558 1 0 1706819352
WALL 21204558 1 0 1706819353
WALL 21204558 1 0 1706819354
WALL 21204558 1 0 1706819355
WALL 21204558 1 0 1706819356
WALL 21204558 1 0 1706819357
WALL 21204558 1 0 1706819358
WALL 21204558 1 0 1706819359
WALL 21204558 1 0 1706819360
WALL 21204558 1 0 1706819361
WALL 21204558 1 0 1706819362
WALL 21204558 1 0 1706819363
WALL 21204558 1 0 1706819364
slurmstepd: error: *** JOB 21204558 ON nid200037 CANCELLED AT 2024-02-01T20:29:24 DUE TO PREEMPTION ***
received SIGTERM 1706819364
WALL 21204558 1 0 1706819364
received SIGCONT 1706819364
WALL 21204558 1 0 1706819364
received SIGTERM 1706819364
WALL 21204558 1 0 1706819364
