srun: warning: can't run 1 processes on 2 nodes, setting nnodes to 1
WALL 21232211 1 0 1706900310
WALL 21232211 1 0 1706900311
WALL 21232211 1 0 1706900312
WALL 21232211 1 0 1706900313
WALL 21232211 1 0 1706900314
WALL 21232211 1 0 1706900315
WALL 21232211 1 0 1706900316
WALL 21232211 1 0 1706900317
WALL 21232211 1 0 1706900318
WALL 21232211 1 0 1706900319
WALL 21232211 1 0 1706900320
WALL 21232211 1 0 1706900321
WALL 21232211 1 0 1706900322
WALL 21232211 1 0 1706900323
WALL 21232211 1 0 1706900324
WALL 21232211 1 0 1706900325
WALL 21232211 1 0 1706900326
WALL 21232211 1 0 1706900327
WALL 21232211 1 0 1706900328
WALL 21232211 1 0 1706900329
WALL 21232211 1 0 1706900330
WALL 21232211 1 0 1706900331
WALL 21232211 1 0 1706900332
WALL 21232211 1 0 1706900333
WALL 21232211 1 0 1706900334
WALL 21232211 1 0 1706900335
WALL 21232211 1 0 1706900336
WALL 21232211 1 0 1706900337
WALL 21232211 1 0 1706900338
WALL 21232211 1 0 1706900339
WALL 21232211 1 0 1706900340
WALL 21232211 1 0 1706900341
WALL 21232211 1 0 1706900342
WALL 21232211 1 0 1706900343
WALL 21232211 1 0 1706900344
WALL 21232211 1 0 1706900345
WALL 21232211 1 0 1706900346
WALL 21232211 1 0 1706900347
WALL 21232211 1 0 1706900348
WALL 21232211 1 0 1706900349
WALL 21232211 1 0 1706900350
WALL 21232211 1 0 1706900351
WALL 21232211 1 0 1706900352
WALL 21232211 1 0 1706900353
WALL 21232211 1 0 1706900354
WALL 21232211 1 0 1706900355
WALL 21232211 1 0 1706900356
WALL 21232211 1 0 1706900357
WALL 21232211 1 0 1706900358
WALL 21232211 1 0 1706900359
WALL 21232211 1 0 1706900360
WALL 21232211 1 0 1706900361
WALL 21232211 1 0 1706900362
WALL 21232211 1 0 1706900363
WALL 21232211 1 0 1706900364
WALL 21232211 1 0 1706900365
WALL 21232211 1 0 1706900366
WALL 21232211 1 0 1706900367
WALL 21232211 1 0 1706900368
WALL 21232211 1 0 1706900369
WALL 21232211 1 0 1706900370
WALL 21232211 1 0 1706900371
WALL 21232211 1 0 1706900372
WALL 21232211 1 0 1706900373
WALL 21232211 1 0 1706900374
WALL 21232211 1 0 1706900375
WALL 21232211 1 0 1706900376
WALL 21232211 1 0 1706900377
WALL 21232211 1 0 1706900378
WALL 21232211 1 0 1706900379
WALL 21232211 1 0 1706900380
WALL 21232211 1 0 1706900381
WALL 21232211 1 0 1706900382
WALL 21232211 1 0 1706900383
WALL 21232211 1 0 1706900384
WALL 21232211 1 0 1706900385
WALL 21232211 1 0 1706900386
WALL 21232211 1 0 1706900387
WALL 21232211 1 0 1706900388
WALL 21232211 1 0 1706900389
WALL 21232211 1 0 1706900390
WALL 21232211 1 0 1706900391
WALL 21232211 1 0 1706900392
WALL 21232211 1 0 1706900393
WALL 21232211 1 0 1706900394
WALL 21232211 1 0 1706900395
WALL 21232211 1 0 1706900396
WALL 21232211 1 0 1706900397
WALL 21232211 1 0 1706900398
WALL 21232211 1 0 1706900399
WALL 21232211 1 0 1706900400
WALL 21232211 1 0 1706900401
WALL 21232211 1 0 1706900402
WALL 21232211 1 0 1706900403
WALL 21232211 1 0 1706900404
WALL 21232211 1 0 1706900405
WALL 21232211 1 0 1706900406
WALL 21232211 1 0 1706900407
WALL 21232211 1 0 1706900408
WALL 21232211 1 0 1706900409
WALL 21232211 1 0 1706900410
WALL 21232211 1 0 1706900411
WALL 21232211 1 0 1706900412
WALL 21232211 1 0 1706900413
WALL 21232211 1 0 1706900414
WALL 21232211 1 0 1706900415
WALL 21232211 1 0 1706900416
WALL 21232211 1 0 1706900417
WALL 21232211 1 0 1706900418
WALL 21232211 1 0 1706900419
WALL 21232211 1 0 1706900420
WALL 21232211 1 0 1706900421
WALL 21232211 1 0 1706900422
WALL 21232211 1 0 1706900423
WALL 21232211 1 0 1706900424
WALL 21232211 1 0 1706900425
WALL 21232211 1 0 1706900426
WALL 21232211 1 0 1706900427
WALL 21232211 1 0 1706900428
WALL 21232211 1 0 1706900429
WALL 21232211 1 0 1706900430
WALL 21232211 1 0 1706900431
WALL 21232211 1 0 1706900432
WALL 21232211 1 0 1706900433
WALL 21232211 1 0 1706900434
WALL 21232211 1 0 1706900435
WALL 21232211 1 0 1706900436
WALL 21232211 1 0 1706900437
WALL 21232211 1 0 1706900438
WALL 21232211 1 0 1706900439
WALL 21232211 1 0 1706900440
WALL 21232211 1 0 1706900441
WALL 21232211 1 0 1706900442
WALL 21232211 1 0 1706900443
WALL 21232211 1 0 1706900444
WALL 21232211 1 0 1706900445
WALL 21232211 1 0 1706900446
WALL 21232211 1 0 1706900447
WALL 21232211 1 0 1706900448
WALL 21232211 1 0 1706900449
WALL 21232211 1 0 1706900450
WALL 21232211 1 0 1706900451
WALL 21232211 1 0 1706900452
WALL 21232211 1 0 1706900453
WALL 21232211 1 0 1706900454
WALL 21232211 1 0 1706900455
WALL 21232211 1 0 1706900456
WALL 21232211 1 0 1706900457
WALL 21232211 1 0 1706900458
WALL 21232211 1 0 1706900459
WALL 21232211 1 0 1706900460
WALL 21232211 1 0 1706900461
WALL 21232211 1 0 1706900462
WALL 21232211 1 0 1706900463
WALL 21232211 1 0 1706900464
WALL 21232211 1 0 1706900465
WALL 21232211 1 0 1706900466
WALL 21232211 1 0 1706900467
WALL 21232211 1 0 1706900468
WALL 21232211 1 0 1706900469
WALL 21232211 1 0 1706900470
WALL 21232211 1 0 1706900471
WALL 21232211 1 0 1706900472
WALL 21232211 1 0 1706900473
WALL 21232211 1 0 1706900474
WALL 21232211 1 0 1706900475
WALL 21232211 1 0 1706900476
WALL 21232211 1 0 1706900477
WALL 21232211 1 0 1706900478
WALL 21232211 1 0 1706900479
WALL 21232211 1 0 1706900480
WALL 21232211 1 0 1706900481
WALL 21232211 1 0 1706900482
WALL 21232211 1 0 1706900483
WALL 21232211 1 0 1706900484
WALL 21232211 1 0 1706900485
WALL 21232211 1 0 1706900486
WALL 21232211 1 0 1706900487
WALL 21232211 1 0 1706900488
WALL 21232211 1 0 1706900489
WALL 21232211 1 0 1706900490
WALL 21232211 1 0 1706900491
WALL 21232211 1 0 1706900492
WALL 21232211 1 0 1706900493
WALL 21232211 1 0 1706900494
WALL 21232211 1 0 1706900495
WALL 21232211 1 0 1706900496
WALL 21232211 1 0 1706900497
WALL 21232211 1 0 1706900498
WALL 21232211 1 0 1706900499
WALL 21232211 1 0 1706900500
WALL 21232211 1 0 1706900501
WALL 21232211 1 0 1706900502
WALL 21232211 1 0 1706900503
WALL 21232211 1 0 1706900504
WALL 21232211 1 0 1706900505
WALL 21232211 1 0 1706900506
WALL 21232211 1 0 1706900507
WALL 21232211 1 0 1706900508
WALL 21232211 1 0 1706900509
WALL 21232211 1 0 1706900510
WALL 21232211 1 0 1706900511
WALL 21232211 1 0 1706900512
WALL 21232211 1 0 1706900513
WALL 21232211 1 0 1706900514
WALL 21232211 1 0 1706900515
WALL 21232211 1 0 1706900516
WALL 21232211 1 0 1706900517
WALL 21232211 1 0 1706900518
WALL 21232211 1 0 1706900519
WALL 21232211 1 0 1706900520
WALL 21232211 1 0 1706900521
WALL 21232211 1 0 1706900522
WALL 21232211 1 0 1706900523
WALL 21232211 1 0 1706900524
WALL 21232211 1 0 1706900525
WALL 21232211 1 0 1706900526
WALL 21232211 1 0 1706900527
WALL 21232211 1 0 1706900528
WALL 21232211 1 0 1706900529
WALL 21232211 1 0 1706900530
WALL 21232211 1 0 1706900531
WALL 21232211 1 0 1706900532
WALL 21232211 1 0 1706900533
WALL 21232211 1 0 1706900534
WALL 21232211 1 0 1706900535
WALL 21232211 1 0 1706900536
WALL 21232211 1 0 1706900537
WALL 21232211 1 0 1706900538
WALL 21232211 1 0 1706900539
WALL 21232211 1 0 1706900540
WALL 21232211 1 0 1706900541
WALL 21232211 1 0 1706900542
WALL 21232211 1 0 1706900543
WALL 21232211 1 0 1706900544
WALL 21232211 1 0 1706900545
WALL 21232211 1 0 1706900546
WALL 21232211 1 0 1706900547
WALL 21232211 1 0 1706900548
WALL 21232211 1 0 1706900549
WALL 21232211 1 0 1706900550
WALL 21232211 1 0 1706900551
WALL 21232211 1 0 1706900552
WALL 21232211 1 0 1706900553
WALL 21232211 1 0 1706900554
WALL 21232211 1 0 1706900555
WALL 21232211 1 0 1706900556
WALL 21232211 1 0 1706900557
WALL 21232211 1 0 1706900558
WALL 21232211 1 0 1706900559
WALL 21232211 1 0 1706900560
WALL 21232211 1 0 1706900561
WALL 21232211 1 0 1706900562
WALL 21232211 1 0 1706900563
WALL 21232211 1 0 1706900564
WALL 21232211 1 0 1706900565
WALL 21232211 1 0 1706900566
WALL 21232211 1 0 1706900567
WALL 21232211 1 0 1706900568
WALL 21232211 1 0 1706900569
WALL 21232211 1 0 1706900570
WALL 21232211 1 0 1706900571
WALL 21232211 1 0 1706900572
WALL 21232211 1 0 1706900573
WALL 21232211 1 0 1706900574
WALL 21232211 1 0 1706900575
WALL 21232211 1 0 1706900576
WALL 21232211 1 0 1706900577
WALL 21232211 1 0 1706900578
WALL 21232211 1 0 1706900579
WALL 21232211 1 0 1706900580
WALL 21232211 1 0 1706900581
WALL 21232211 1 0 1706900582
WALL 21232211 1 0 1706900583
WALL 21232211 1 0 1706900584
WALL 21232211 1 0 1706900585
WALL 21232211 1 0 1706900586
WALL 21232211 1 0 1706900587
WALL 21232211 1 0 1706900588
WALL 21232211 1 0 1706900589
WALL 21232211 1 0 1706900590
WALL 21232211 1 0 1706900591
WALL 21232211 1 0 1706900592
WALL 21232211 1 0 1706900593
WALL 21232211 1 0 1706900594
WALL 21232211 1 0 1706900595
WALL 21232211 1 0 1706900596
WALL 21232211 1 0 1706900597
WALL 21232211 1 0 1706900598
WALL 21232211 1 0 1706900599
WALL 21232211 1 0 1706900600
WALL 21232211 1 0 1706900601
WALL 21232211 1 0 1706900602
WALL 21232211 1 0 1706900603
WALL 21232211 1 0 1706900604
WALL 21232211 1 0 1706900605
WALL 21232211 1 0 1706900606
WALL 21232211 1 0 1706900607
WALL 21232211 1 0 1706900608
WALL 21232211 1 0 1706900609
WALL 21232211 1 0 1706900610
WALL 21232211 1 0 1706900611
WALL 21232211 1 0 1706900612
WALL 21232211 1 0 1706900613
WALL 21232211 1 0 1706900614
WALL 21232211 1 0 1706900615
WALL 21232211 1 0 1706900616
WALL 21232211 1 0 1706900617
WALL 21232211 1 0 1706900618
WALL 21232211 1 0 1706900619
WALL 21232211 1 0 1706900620
WALL 21232211 1 0 1706900621
WALL 21232211 1 0 1706900622
WALL 21232211 1 0 1706900623
WALL 21232211 1 0 1706900624
WALL 21232211 1 0 1706900625
WALL 21232211 1 0 1706900626
WALL 21232211 1 0 1706900627
WALL 21232211 1 0 1706900628
WALL 21232211 1 0 1706900629
WALL 21232211 1 0 1706900630
WALL 21232211 1 0 1706900631
WALL 21232211 1 0 1706900632
WALL 21232211 1 0 1706900633
WALL 21232211 1 0 1706900634
WALL 21232211 1 0 1706900635
WALL 21232211 1 0 1706900636
WALL 21232211 1 0 1706900637
WALL 21232211 1 0 1706900638
WALL 21232211 1 0 1706900639
WALL 21232211 1 0 1706900640
WALL 21232211 1 0 1706900641
WALL 21232211 1 0 1706900642
WALL 21232211 1 0 1706900643
WALL 21232211 1 0 1706900644
WALL 21232211 1 0 1706900645
WALL 21232211 1 0 1706900646
WALL 21232211 1 0 1706900647
WALL 21232211 1 0 1706900648
WALL 21232211 1 0 1706900649
WALL 21232211 1 0 1706900650
WALL 21232211 1 0 1706900651
WALL 21232211 1 0 1706900652
WALL 21232211 1 0 1706900653
WALL 21232211 1 0 1706900654
WALL 21232211 1 0 1706900655
WALL 21232211 1 0 1706900656
WALL 21232211 1 0 1706900657
WALL 21232211 1 0 1706900658
WALL 21232211 1 0 1706900659
WALL 21232211 1 0 1706900660
WALL 21232211 1 0 1706900661
WALL 21232211 1 0 1706900662
WALL 21232211 1 0 1706900663
WALL 21232211 1 0 1706900664
WALL 21232211 1 0 1706900665
WALL 21232211 1 0 1706900666
WALL 21232211 1 0 1706900667
WALL 21232211 1 0 1706900668
WALL 21232211 1 0 1706900669
WALL 21232211 1 0 1706900670
WALL 21232211 1 0 1706900671
WALL 21232211 1 0 1706900672
WALL 21232211 1 0 1706900673
WALL 21232211 1 0 1706900674
WALL 21232211 1 0 1706900675
WALL 21232211 1 0 1706900676
WALL 21232211 1 0 1706900677
WALL 21232211 1 0 1706900678
WALL 21232211 1 0 1706900679
WALL 21232211 1 0 1706900680
WALL 21232211 1 0 1706900681
WALL 21232211 1 0 1706900682
WALL 21232211 1 0 1706900683
WALL 21232211 1 0 1706900684
WALL 21232211 1 0 1706900685
WALL 21232211 1 0 1706900686
WALL 21232211 1 0 1706900687
WALL 21232211 1 0 1706900688
WALL 21232211 1 0 1706900689
WALL 21232211 1 0 1706900690
WALL 21232211 1 0 1706900691
WALL 21232211 1 0 1706900692
WALL 21232211 1 0 1706900693
WALL 21232211 1 0 1706900694
WALL 21232211 1 0 1706900695
WALL 21232211 1 0 1706900696
WALL 21232211 1 0 1706900697
WALL 21232211 1 0 1706900698
WALL 21232211 1 0 1706900699
WALL 21232211 1 0 1706900700
WALL 21232211 1 0 1706900701
WALL 21232211 1 0 1706900702
WALL 21232211 1 0 1706900703
WALL 21232211 1 0 1706900704
WALL 21232211 1 0 1706900705
WALL 21232211 1 0 1706900706
WALL 21232211 1 0 1706900707
WALL 21232211 1 0 1706900708
WALL 21232211 1 0 1706900709
WALL 21232211 1 0 1706900710
WALL 21232211 1 0 1706900711
WALL 21232211 1 0 1706900712
WALL 21232211 1 0 1706900713
WALL 21232211 1 0 1706900714
WALL 21232211 1 0 1706900715
WALL 21232211 1 0 1706900716
WALL 21232211 1 0 1706900717
WALL 21232211 1 0 1706900718
WALL 21232211 1 0 1706900719
WALL 21232211 1 0 1706900720
WALL 21232211 1 0 1706900721
WALL 21232211 1 0 1706900722
WALL 21232211 1 0 1706900723
WALL 21232211 1 0 1706900724
WALL 21232211 1 0 1706900725
WALL 21232211 1 0 1706900726
WALL 21232211 1 0 1706900727
WALL 21232211 1 0 1706900728
WALL 21232211 1 0 1706900729
WALL 21232211 1 0 1706900730
WALL 21232211 1 0 1706900731
WALL 21232211 1 0 1706900732
WALL 21232211 1 0 1706900733
WALL 21232211 1 0 1706900734
WALL 21232211 1 0 1706900735
WALL 21232211 1 0 1706900736
WALL 21232211 1 0 1706900737
WALL 21232211 1 0 1706900738
WALL 21232211 1 0 1706900739
WALL 21232211 1 0 1706900740
WALL 21232211 1 0 1706900741
WALL 21232211 1 0 1706900742
WALL 21232211 1 0 1706900743
WALL 21232211 1 0 1706900744
WALL 21232211 1 0 1706900745
WALL 21232211 1 0 1706900746
WALL 21232211 1 0 1706900747
WALL 21232211 1 0 1706900748
WALL 21232211 1 0 1706900749
WALL 21232211 1 0 1706900750
WALL 21232211 1 0 1706900751
WALL 21232211 1 0 1706900752
WALL 21232211 1 0 1706900753
WALL 21232211 1 0 1706900754
WALL 21232211 1 0 1706900755
WALL 21232211 1 0 1706900756
WALL 21232211 1 0 1706900757
WALL 21232211 1 0 1706900758
WALL 21232211 1 0 1706900759
WALL 21232211 1 0 1706900760
WALL 21232211 1 0 1706900761
WALL 21232211 1 0 1706900762
WALL 21232211 1 0 1706900763
WALL 21232211 1 0 1706900764
WALL 21232211 1 0 1706900765
WALL 21232211 1 0 1706900766
WALL 21232211 1 0 1706900767
WALL 21232211 1 0 1706900768
WALL 21232211 1 0 1706900769
WALL 21232211 1 0 1706900770
WALL 21232211 1 0 1706900771
WALL 21232211 1 0 1706900772
WALL 21232211 1 0 1706900773
WALL 21232211 1 0 1706900774
WALL 21232211 1 0 1706900775
WALL 21232211 1 0 1706900776
WALL 21232211 1 0 1706900777
WALL 21232211 1 0 1706900778
WALL 21232211 1 0 1706900779
WALL 21232211 1 0 1706900780
WALL 21232211 1 0 1706900781
WALL 21232211 1 0 1706900782
WALL 21232211 1 0 1706900783
WALL 21232211 1 0 1706900784
WALL 21232211 1 0 1706900785
WALL 21232211 1 0 1706900786
WALL 21232211 1 0 1706900787
WALL 21232211 1 0 1706900788
WALL 21232211 1 0 1706900789
WALL 21232211 1 0 1706900790
WALL 21232211 1 0 1706900791
WALL 21232211 1 0 1706900792
WALL 21232211 1 0 1706900793
WALL 21232211 1 0 1706900794
WALL 21232211 1 0 1706900795
WALL 21232211 1 0 1706900796
WALL 21232211 1 0 1706900797
WALL 21232211 1 0 1706900798
WALL 21232211 1 0 1706900799
WALL 21232211 1 0 1706900800
WALL 21232211 1 0 1706900801
WALL 21232211 1 0 1706900802
WALL 21232211 1 0 1706900803
WALL 21232211 1 0 1706900804
WALL 21232211 1 0 1706900805
WALL 21232211 1 0 1706900806
WALL 21232211 1 0 1706900807
WALL 21232211 1 0 1706900808
WALL 21232211 1 0 1706900809
WALL 21232211 1 0 1706900810
WALL 21232211 1 0 1706900811
WALL 21232211 1 0 1706900812
WALL 21232211 1 0 1706900813
WALL 21232211 1 0 1706900814
WALL 21232211 1 0 1706900815
WALL 21232211 1 0 1706900816
WALL 21232211 1 0 1706900817
WALL 21232211 1 0 1706900818
WALL 21232211 1 0 1706900819
WALL 21232211 1 0 1706900820
WALL 21232211 1 0 1706900821
WALL 21232211 1 0 1706900822
WALL 21232211 1 0 1706900823
WALL 21232211 1 0 1706900824
WALL 21232211 1 0 1706900825
WALL 21232211 1 0 1706900826
WALL 21232211 1 0 1706900827
WALL 21232211 1 0 1706900828
WALL 21232211 1 0 1706900829
WALL 21232211 1 0 1706900830
WALL 21232211 1 0 1706900831
WALL 21232211 1 0 1706900832
WALL 21232211 1 0 1706900833
WALL 21232211 1 0 1706900834
WALL 21232211 1 0 1706900835
WALL 21232211 1 0 1706900836
WALL 21232211 1 0 1706900837
WALL 21232211 1 0 1706900838
WALL 21232211 1 0 1706900839
WALL 21232211 1 0 1706900840
WALL 21232211 1 0 1706900841
WALL 21232211 1 0 1706900842
WALL 21232211 1 0 1706900843
WALL 21232211 1 0 1706900844
WALL 21232211 1 0 1706900845
WALL 21232211 1 0 1706900846
WALL 21232211 1 0 1706900847
WALL 21232211 1 0 1706900848
WALL 21232211 1 0 1706900849
WALL 21232211 1 0 1706900850
WALL 21232211 1 0 1706900851
WALL 21232211 1 0 1706900852
WALL 21232211 1 0 1706900853
WALL 21232211 1 0 1706900854
WALL 21232211 1 0 1706900855
WALL 21232211 1 0 1706900856
WALL 21232211 1 0 1706900857
WALL 21232211 1 0 1706900858
WALL 21232211 1 0 1706900859
WALL 21232211 1 0 1706900860
WALL 21232211 1 0 1706900861
WALL 21232211 1 0 1706900862
WALL 21232211 1 0 1706900863
WALL 21232211 1 0 1706900864
WALL 21232211 1 0 1706900865
WALL 21232211 1 0 1706900866
WALL 21232211 1 0 1706900867
WALL 21232211 1 0 1706900868
WALL 21232211 1 0 1706900869
WALL 21232211 1 0 1706900870
WALL 21232211 1 0 1706900871
WALL 21232211 1 0 1706900872
WALL 21232211 1 0 1706900873
WALL 21232211 1 0 1706900874
WALL 21232211 1 0 1706900875
WALL 21232211 1 0 1706900876
WALL 21232211 1 0 1706900877
WALL 21232211 1 0 1706900878
WALL 21232211 1 0 1706900879
WALL 21232211 1 0 1706900880
WALL 21232211 1 0 1706900881
WALL 21232211 1 0 1706900882
WALL 21232211 1 0 1706900883
WALL 21232211 1 0 1706900884
WALL 21232211 1 0 1706900885
WALL 21232211 1 0 1706900886
WALL 21232211 1 0 1706900887
WALL 21232211 1 0 1706900888
WALL 21232211 1 0 1706900889
WALL 21232211 1 0 1706900890
WALL 21232211 1 0 1706900891
WALL 21232211 1 0 1706900892
WALL 21232211 1 0 1706900893
WALL 21232211 1 0 1706900894
WALL 21232211 1 0 1706900895
WALL 21232211 1 0 1706900896
WALL 21232211 1 0 1706900897
WALL 21232211 1 0 1706900898
WALL 21232211 1 0 1706900899
WALL 21232211 1 0 1706900900
WALL 21232211 1 0 1706900901
WALL 21232211 1 0 1706900902
WALL 21232211 1 0 1706900903
WALL 21232211 1 0 1706900904
WALL 21232211 1 0 1706900905
WALL 21232211 1 0 1706900906
WALL 21232211 1 0 1706900907
WALL 21232211 1 0 1706900908
WALL 21232211 1 0 1706900909
WALL 21232211 1 0 1706900910
WALL 21232211 1 0 1706900911
WALL 21232211 1 0 1706900912
WALL 21232211 1 0 1706900913
WALL 21232211 1 0 1706900914
WALL 21232211 1 0 1706900915
WALL 21232211 1 0 1706900916
WALL 21232211 1 0 1706900917
WALL 21232211 1 0 1706900918
WALL 21232211 1 0 1706900919
WALL 21232211 1 0 1706900920
WALL 21232211 1 0 1706900921
WALL 21232211 1 0 1706900922
WALL 21232211 1 0 1706900923
WALL 21232211 1 0 1706900924
WALL 21232211 1 0 1706900925
WALL 21232211 1 0 1706900926
WALL 21232211 1 0 1706900927
WALL 21232211 1 0 1706900928
WALL 21232211 1 0 1706900929
WALL 21232211 1 0 1706900930
WALL 21232211 1 0 1706900931
WALL 21232211 1 0 1706900932
WALL 21232211 1 0 1706900933
WALL 21232211 1 0 1706900934
WALL 21232211 1 0 1706900935
WALL 21232211 1 0 1706900936
WALL 21232211 1 0 1706900937
WALL 21232211 1 0 1706900938
WALL 21232211 1 0 1706900939
WALL 21232211 1 0 1706900940
WALL 21232211 1 0 1706900941
WALL 21232211 1 0 1706900942
WALL 21232211 1 0 1706900943
WALL 21232211 1 0 1706900944
WALL 21232211 1 0 1706900945
WALL 21232211 1 0 1706900946
WALL 21232211 1 0 1706900947
WALL 21232211 1 0 1706900948
WALL 21232211 1 0 1706900949
WALL 21232211 1 0 1706900950
WALL 21232211 1 0 1706900951
WALL 21232211 1 0 1706900952
WALL 21232211 1 0 1706900953
WALL 21232211 1 0 1706900954
WALL 21232211 1 0 1706900955
WALL 21232211 1 0 1706900956
WALL 21232211 1 0 1706900957
WALL 21232211 1 0 1706900958
WALL 21232211 1 0 1706900959
WALL 21232211 1 0 1706900960
WALL 21232211 1 0 1706900961
WALL 21232211 1 0 1706900962
WALL 21232211 1 0 1706900963
WALL 21232211 1 0 1706900964
WALL 21232211 1 0 1706900965
WALL 21232211 1 0 1706900966
WALL 21232211 1 0 1706900967
WALL 21232211 1 0 1706900968
WALL 21232211 1 0 1706900969
WALL 21232211 1 0 1706900970
WALL 21232211 1 0 1706900971
WALL 21232211 1 0 1706900972
WALL 21232211 1 0 1706900973
WALL 21232211 1 0 1706900974
WALL 21232211 1 0 1706900975
WALL 21232211 1 0 1706900976
WALL 21232211 1 0 1706900977
WALL 21232211 1 0 1706900978
WALL 21232211 1 0 1706900979
WALL 21232211 1 0 1706900980
WALL 21232211 1 0 1706900981
WALL 21232211 1 0 1706900982
WALL 21232211 1 0 1706900983
WALL 21232211 1 0 1706900984
WALL 21232211 1 0 1706900985
WALL 21232211 1 0 1706900986
WALL 21232211 1 0 1706900987
WALL 21232211 1 0 1706900988
WALL 21232211 1 0 1706900989
WALL 21232211 1 0 1706900990
WALL 21232211 1 0 1706900991
WALL 21232211 1 0 1706900992
WALL 21232211 1 0 1706900993
WALL 21232211 1 0 1706900994
WALL 21232211 1 0 1706900995
WALL 21232211 1 0 1706900996
WALL 21232211 1 0 1706900997
WALL 21232211 1 0 1706900998
WALL 21232211 1 0 1706900999
WALL 21232211 1 0 1706901000
WALL 21232211 1 0 1706901001
WALL 21232211 1 0 1706901002
WALL 21232211 1 0 1706901003
WALL 21232211 1 0 1706901004
WALL 21232211 1 0 1706901005
WALL 21232211 1 0 1706901006
WALL 21232211 1 0 1706901007
WALL 21232211 1 0 1706901008
WALL 21232211 1 0 1706901009
WALL 21232211 1 0 1706901010
WALL 21232211 1 0 1706901011
WALL 21232211 1 0 1706901012
WALL 21232211 1 0 1706901013
WALL 21232211 1 0 1706901014
WALL 21232211 1 0 1706901015
WALL 21232211 1 0 1706901016
WALL 21232211 1 0 1706901017
WALL 21232211 1 0 1706901018
WALL 21232211 1 0 1706901019
WALL 21232211 1 0 1706901020
WALL 21232211 1 0 1706901021
WALL 21232211 1 0 1706901022
WALL 21232211 1 0 1706901023
WALL 21232211 1 0 1706901024
WALL 21232211 1 0 1706901025
WALL 21232211 1 0 1706901026
WALL 21232211 1 0 1706901027
WALL 21232211 1 0 1706901028
WALL 21232211 1 0 1706901029
WALL 21232211 1 0 1706901030
WALL 21232211 1 0 1706901031
WALL 21232211 1 0 1706901032
WALL 21232211 1 0 1706901033
WALL 21232211 1 0 1706901034
WALL 21232211 1 0 1706901035
WALL 21232211 1 0 1706901036
WALL 21232211 1 0 1706901037
WALL 21232211 1 0 1706901038
WALL 21232211 1 0 1706901039
WALL 21232211 1 0 1706901040
WALL 21232211 1 0 1706901041
WALL 21232211 1 0 1706901042
WALL 21232211 1 0 1706901043
WALL 21232211 1 0 1706901044
WALL 21232211 1 0 1706901045
WALL 21232211 1 0 1706901046
WALL 21232211 1 0 1706901047
WALL 21232211 1 0 1706901048
WALL 21232211 1 0 1706901049
WALL 21232211 1 0 1706901050
WALL 21232211 1 0 1706901051
WALL 21232211 1 0 1706901052
WALL 21232211 1 0 1706901053
WALL 21232211 1 0 1706901054
WALL 21232211 1 0 1706901055
WALL 21232211 1 0 1706901056
WALL 21232211 1 0 1706901057
WALL 21232211 1 0 1706901058
WALL 21232211 1 0 1706901059
WALL 21232211 1 0 1706901060
WALL 21232211 1 0 1706901061
WALL 21232211 1 0 1706901062
WALL 21232211 1 0 1706901063
WALL 21232211 1 0 1706901064
WALL 21232211 1 0 1706901065
WALL 21232211 1 0 1706901066
WALL 21232211 1 0 1706901067
WALL 21232211 1 0 1706901068
WALL 21232211 1 0 1706901069
WALL 21232211 1 0 1706901070
WALL 21232211 1 0 1706901071
WALL 21232211 1 0 1706901072
WALL 21232211 1 0 1706901073
WALL 21232211 1 0 1706901074
WALL 21232211 1 0 1706901075
WALL 21232211 1 0 1706901076
WALL 21232211 1 0 1706901077
WALL 21232211 1 0 1706901078
WALL 21232211 1 0 1706901079
WALL 21232211 1 0 1706901080
WALL 21232211 1 0 1706901081
WALL 21232211 1 0 1706901082
WALL 21232211 1 0 1706901083
WALL 21232211 1 0 1706901084
WALL 21232211 1 0 1706901085
WALL 21232211 1 0 1706901086
WALL 21232211 1 0 1706901087
WALL 21232211 1 0 1706901088
WALL 21232211 1 0 1706901089
WALL 21232211 1 0 1706901090
WALL 21232211 1 0 1706901091
WALL 21232211 1 0 1706901092
WALL 21232211 1 0 1706901093
WALL 21232211 1 0 1706901094
WALL 21232211 1 0 1706901095
WALL 21232211 1 0 1706901096
WALL 21232211 1 0 1706901097
WALL 21232211 1 0 1706901098
WALL 21232211 1 0 1706901099
WALL 21232211 1 0 1706901100
WALL 21232211 1 0 1706901101
WALL 21232211 1 0 1706901102
WALL 21232211 1 0 1706901103
WALL 21232211 1 0 1706901104
WALL 21232211 1 0 1706901105
WALL 21232211 1 0 1706901106
WALL 21232211 1 0 1706901107
WALL 21232211 1 0 1706901108
WALL 21232211 1 0 1706901109
WALL 21232211 1 0 1706901110
WALL 21232211 1 0 1706901111
WALL 21232211 1 0 1706901112
WALL 21232211 1 0 1706901113
WALL 21232211 1 0 1706901114
WALL 21232211 1 0 1706901115
WALL 21232211 1 0 1706901116
WALL 21232211 1 0 1706901117
WALL 21232211 1 0 1706901118
WALL 21232211 1 0 1706901119
WALL 21232211 1 0 1706901120
WALL 21232211 1 0 1706901121
WALL 21232211 1 0 1706901122
WALL 21232211 1 0 1706901123
WALL 21232211 1 0 1706901124
WALL 21232211 1 0 1706901125
WALL 21232211 1 0 1706901126
WALL 21232211 1 0 1706901127
WALL 21232211 1 0 1706901128
WALL 21232211 1 0 1706901129
WALL 21232211 1 0 1706901130
WALL 21232211 1 0 1706901131
WALL 21232211 1 0 1706901132
WALL 21232211 1 0 1706901133
WALL 21232211 1 0 1706901134
WALL 21232211 1 0 1706901135
WALL 21232211 1 0 1706901136
WALL 21232211 1 0 1706901137
received SIGCONT 1706901137
WALL 21232211 1 0 1706901137
slurmstepd: error: *** STEP 21232211.0 ON nid200000 CANCELLED AT 2024-02-02T19:12:17 ***
received SIGTERM 1706901137
WALL 21232211 1 0 1706901137
WALL 21232211 1 0 1706901138
WALL 21232211 1 0 1706901139
WALL 21232211 1 0 1706901140
WALL 21232211 1 0 1706901141
WALL 21232211 1 0 1706901142
WALL 21232211 1 0 1706901143
WALL 21232211 1 0 1706901144
WALL 21232211 1 0 1706901145
WALL 21232211 1 0 1706901146
WALL 21232211 1 0 1706901147
WALL 21232211 1 0 1706901148
WALL 21232211 1 0 1706901149
WALL 21232211 1 0 1706901150
WALL 21232211 1 0 1706901151
WALL 21232211 1 0 1706901152
WALL 21232211 1 0 1706901153
WALL 21232211 1 0 1706901154
WALL 21232211 1 0 1706901155
WALL 21232211 1 0 1706901156
WALL 21232211 1 0 1706901157
WALL 21232211 1 0 1706901158
WALL 21232211 1 0 1706901159
WALL 21232211 1 0 1706901160
WALL 21232211 1 0 1706901161
WALL 21232211 1 0 1706901162
WALL 21232211 1 0 1706901163
WALL 21232211 1 0 1706901164
WALL 21232211 1 0 1706901165
WALL 21232211 1 0 1706901166
WALL 21232211 1 0 1706901167
WALL 21232211 1 0 1706901168
WALL 21232211 1 0 1706901169
WALL 21232211 1 0 1706901170
WALL 21232211 1 0 1706901171
WALL 21232211 1 0 1706901172
WALL 21232211 1 0 1706901173
WALL 21232211 1 0 1706901174
WALL 21232211 1 0 1706901175
WALL 21232211 1 0 1706901176
WALL 21232211 1 0 1706901177
WALL 21232211 1 0 1706901178
WALL 21232211 1 0 1706901179
WALL 21232211 1 0 1706901180
WALL 21232211 1 0 1706901181
WALL 21232211 1 0 1706901182
WALL 21232211 1 0 1706901183
WALL 21232211 1 0 1706901184
WALL 21232211 1 0 1706901185
WALL 21232211 1 0 1706901186
WALL 21232211 1 0 1706901187
WALL 21232211 1 0 1706901188
WALL 21232211 1 0 1706901189
WALL 21232211 1 0 1706901190
WALL 21232211 1 0 1706901191
WALL 21232211 1 0 1706901192
WALL 21232211 1 0 1706901193
WALL 21232211 1 0 1706901194
WALL 21232211 1 0 1706901195
WALL 21232211 1 0 1706901196
WALL 21232211 1 0 1706901197
WALL 21232211 1 0 1706901198
WALL 21232211 1 0 1706901199
WALL 21232211 1 0 1706901200
WALL 21232211 1 0 1706901201
WALL 21232211 1 0 1706901202
WALL 21232211 1 0 1706901203
WALL 21232211 1 0 1706901204
WALL 21232211 1 0 1706901205
WALL 21232211 1 0 1706901206
WALL 21232211 1 0 1706901207
WALL 21232211 1 0 1706901208
WALL 21232211 1 0 1706901209
WALL 21232211 1 0 1706901210
WALL 21232211 1 0 1706901211
WALL 21232211 1 0 1706901212
WALL 21232211 1 0 1706901213
WALL 21232211 1 0 1706901214
WALL 21232211 1 0 1706901215
WALL 21232211 1 0 1706901216
WALL 21232211 1 0 1706901217
WALL 21232211 1 0 1706901218
WALL 21232211 1 0 1706901219
WALL 21232211 1 0 1706901220
WALL 21232211 1 0 1706901221
WALL 21232211 1 0 1706901222
WALL 21232211 1 0 1706901223
WALL 21232211 1 0 1706901224
WALL 21232211 1 0 1706901225
WALL 21232211 1 0 1706901226
WALL 21232211 1 0 1706901227
WALL 21232211 1 0 1706901228
WALL 21232211 1 0 1706901229
WALL 21232211 1 0 1706901230
WALL 21232211 1 0 1706901231
WALL 21232211 1 0 1706901232
WALL 21232211 1 0 1706901233
WALL 21232211 1 0 1706901234
WALL 21232211 1 0 1706901235
WALL 21232211 1 0 1706901236
WALL 21232211 1 0 1706901237
WALL 21232211 1 0 1706901238
WALL 21232211 1 0 1706901239
WALL 21232211 1 0 1706901240
WALL 21232211 1 0 1706901241
WALL 21232211 1 0 1706901242
WALL 21232211 1 0 1706901243
WALL 21232211 1 0 1706901244
WALL 21232211 1 0 1706901245
WALL 21232211 1 0 1706901246
WALL 21232211 1 0 1706901247
WALL 21232211 1 0 1706901248
WALL 21232211 1 0 1706901249
WALL 21232211 1 0 1706901250
WALL 21232211 1 0 1706901251
WALL 21232211 1 0 1706901252
WALL 21232211 1 0 1706901253
WALL 21232211 1 0 1706901254
WALL 21232211 1 0 1706901255
WALL 21232211 1 0 1706901256
WALL 21232211 1 0 1706901257
WALL 21232211 1 0 1706901258
WALL 21232211 1 0 1706901259
WALL 21232211 1 0 1706901260
WALL 21232211 1 0 1706901261
WALL 21232211 1 0 1706901262
WALL 21232211 1 0 1706901263
WALL 21232211 1 0 1706901264
WALL 21232211 1 0 1706901265
WALL 21232211 1 0 1706901266
WALL 21232211 1 0 1706901267
WALL 21232211 1 0 1706901268
WALL 21232211 1 0 1706901269
slurmstepd: error: *** JOB 21232211 ON nid200000 CANCELLED AT 2024-02-02T19:14:30 DUE TO PREEMPTION ***
received SIGTERM 1706901270
WALL 21232211 1 0 1706901270
received SIGCONT 1706901270
WALL 21232211 1 0 1706901270
received SIGTERM 1706901270
WALL 21232211 1 0 1706901270
