srun: warning: can't run 1 processes on 4 nodes, setting nnodes to 1
WALL 21212710 1 0 1706834765
WALL 21212710 1 0 1706834766
WALL 21212710 1 0 1706834767
WALL 21212710 1 0 1706834768
WALL 21212710 1 0 1706834769
WALL 21212710 1 0 1706834770
WALL 21212710 1 0 1706834771
WALL 21212710 1 0 1706834772
WALL 21212710 1 0 1706834773
WALL 21212710 1 0 1706834774
WALL 21212710 1 0 1706834775
WALL 21212710 1 0 1706834776
WALL 21212710 1 0 1706834777
WALL 21212710 1 0 1706834778
WALL 21212710 1 0 1706834779
WALL 21212710 1 0 1706834780
WALL 21212710 1 0 1706834781
WALL 21212710 1 0 1706834782
WALL 21212710 1 0 1706834783
WALL 21212710 1 0 1706834784
WALL 21212710 1 0 1706834785
WALL 21212710 1 0 1706834786
WALL 21212710 1 0 1706834787
WALL 21212710 1 0 1706834788
WALL 21212710 1 0 1706834789
WALL 21212710 1 0 1706834790
WALL 21212710 1 0 1706834791
WALL 21212710 1 0 1706834792
WALL 21212710 1 0 1706834793
WALL 21212710 1 0 1706834794
WALL 21212710 1 0 1706834795
WALL 21212710 1 0 1706834796
WALL 21212710 1 0 1706834797
WALL 21212710 1 0 1706834798
WALL 21212710 1 0 1706834799
WALL 21212710 1 0 1706834800
WALL 21212710 1 0 1706834801
WALL 21212710 1 0 1706834802
WALL 21212710 1 0 1706834803
WALL 21212710 1 0 1706834804
WALL 21212710 1 0 1706834805
WALL 21212710 1 0 1706834806
WALL 21212710 1 0 1706834807
WALL 21212710 1 0 1706834808
WALL 21212710 1 0 1706834809
WALL 21212710 1 0 1706834810
WALL 21212710 1 0 1706834811
WALL 21212710 1 0 1706834812
WALL 21212710 1 0 1706834813
WALL 21212710 1 0 1706834814
WALL 21212710 1 0 1706834815
WALL 21212710 1 0 1706834816
WALL 21212710 1 0 1706834817
WALL 21212710 1 0 1706834818
WALL 21212710 1 0 1706834819
WALL 21212710 1 0 1706834820
WALL 21212710 1 0 1706834821
WALL 21212710 1 0 1706834822
WALL 21212710 1 0 1706834823
WALL 21212710 1 0 1706834824
WALL 21212710 1 0 1706834825
WALL 21212710 1 0 1706834826
WALL 21212710 1 0 1706834827
WALL 21212710 1 0 1706834828
WALL 21212710 1 0 1706834829
WALL 21212710 1 0 1706834830
WALL 21212710 1 0 1706834831
WALL 21212710 1 0 1706834832
WALL 21212710 1 0 1706834833
WALL 21212710 1 0 1706834834
WALL 21212710 1 0 1706834835
WALL 21212710 1 0 1706834836
WALL 21212710 1 0 1706834837
WALL 21212710 1 0 1706834838
WALL 21212710 1 0 1706834839
WALL 21212710 1 0 1706834840
WALL 21212710 1 0 1706834841
WALL 21212710 1 0 1706834842
WALL 21212710 1 0 1706834843
WALL 21212710 1 0 1706834844
WALL 21212710 1 0 1706834845
WALL 21212710 1 0 1706834846
WALL 21212710 1 0 1706834847
WALL 21212710 1 0 1706834848
WALL 21212710 1 0 1706834849
WALL 21212710 1 0 1706834850
WALL 21212710 1 0 1706834851
WALL 21212710 1 0 1706834852
WALL 21212710 1 0 1706834853
WALL 21212710 1 0 1706834854
WALL 21212710 1 0 1706834855
WALL 21212710 1 0 1706834856
WALL 21212710 1 0 1706834857
WALL 21212710 1 0 1706834858
WALL 21212710 1 0 1706834859
WALL 21212710 1 0 1706834860
WALL 21212710 1 0 1706834861
WALL 21212710 1 0 1706834862
WALL 21212710 1 0 1706834863
WALL 21212710 1 0 1706834864
WALL 21212710 1 0 1706834865
WALL 21212710 1 0 1706834866
WALL 21212710 1 0 1706834867
WALL 21212710 1 0 1706834868
WALL 21212710 1 0 1706834869
WALL 21212710 1 0 1706834870
WALL 21212710 1 0 1706834871
WALL 21212710 1 0 1706834872
WALL 21212710 1 0 1706834873
WALL 21212710 1 0 1706834874
WALL 21212710 1 0 1706834875
WALL 21212710 1 0 1706834876
WALL 21212710 1 0 1706834877
WALL 21212710 1 0 1706834878
WALL 21212710 1 0 1706834879
WALL 21212710 1 0 1706834880
WALL 21212710 1 0 1706834881
WALL 21212710 1 0 1706834882
WALL 21212710 1 0 1706834883
WALL 21212710 1 0 1706834884
WALL 21212710 1 0 1706834885
WALL 21212710 1 0 1706834886
WALL 21212710 1 0 1706834887
WALL 21212710 1 0 1706834888
WALL 21212710 1 0 1706834889
WALL 21212710 1 0 1706834890
WALL 21212710 1 0 1706834891
WALL 21212710 1 0 1706834892
WALL 21212710 1 0 1706834893
WALL 21212710 1 0 1706834894
WALL 21212710 1 0 1706834895
WALL 21212710 1 0 1706834896
WALL 21212710 1 0 1706834897
WALL 21212710 1 0 1706834898
WALL 21212710 1 0 1706834899
WALL 21212710 1 0 1706834900
WALL 21212710 1 0 1706834901
WALL 21212710 1 0 1706834902
WALL 21212710 1 0 1706834903
WALL 21212710 1 0 1706834904
WALL 21212710 1 0 1706834905
WALL 21212710 1 0 1706834906
WALL 21212710 1 0 1706834907
WALL 21212710 1 0 1706834908
WALL 21212710 1 0 1706834909
WALL 21212710 1 0 1706834910
WALL 21212710 1 0 1706834911
WALL 21212710 1 0 1706834912
WALL 21212710 1 0 1706834913
WALL 21212710 1 0 1706834914
WALL 21212710 1 0 1706834915
WALL 21212710 1 0 1706834916
WALL 21212710 1 0 1706834917
WALL 21212710 1 0 1706834918
WALL 21212710 1 0 1706834919
WALL 21212710 1 0 1706834920
WALL 21212710 1 0 1706834921
WALL 21212710 1 0 1706834922
WALL 21212710 1 0 1706834923
WALL 21212710 1 0 1706834924
WALL 21212710 1 0 1706834925
WALL 21212710 1 0 1706834926
WALL 21212710 1 0 1706834927
WALL 21212710 1 0 1706834928
WALL 21212710 1 0 1706834929
WALL 21212710 1 0 1706834930
WALL 21212710 1 0 1706834931
WALL 21212710 1 0 1706834932
WALL 21212710 1 0 1706834933
WALL 21212710 1 0 1706834934
WALL 21212710 1 0 1706834935
WALL 21212710 1 0 1706834936
WALL 21212710 1 0 1706834937
WALL 21212710 1 0 1706834938
WALL 21212710 1 0 1706834939
WALL 21212710 1 0 1706834940
WALL 21212710 1 0 1706834941
WALL 21212710 1 0 1706834942
WALL 21212710 1 0 1706834943
WALL 21212710 1 0 1706834944
WALL 21212710 1 0 1706834945
WALL 21212710 1 0 1706834946
WALL 21212710 1 0 1706834947
WALL 21212710 1 0 1706834948
WALL 21212710 1 0 1706834949
WALL 21212710 1 0 1706834950
WALL 21212710 1 0 1706834951
WALL 21212710 1 0 1706834952
WALL 21212710 1 0 1706834953
WALL 21212710 1 0 1706834954
WALL 21212710 1 0 1706834955
WALL 21212710 1 0 1706834956
WALL 21212710 1 0 1706834957
WALL 21212710 1 0 1706834958
WALL 21212710 1 0 1706834959
WALL 21212710 1 0 1706834960
WALL 21212710 1 0 1706834961
WALL 21212710 1 0 1706834962
WALL 21212710 1 0 1706834963
WALL 21212710 1 0 1706834964
WALL 21212710 1 0 1706834965
WALL 21212710 1 0 1706834966
WALL 21212710 1 0 1706834967
WALL 21212710 1 0 1706834968
WALL 21212710 1 0 1706834969
WALL 21212710 1 0 1706834970
WALL 21212710 1 0 1706834971
WALL 21212710 1 0 1706834972
WALL 21212710 1 0 1706834973
WALL 21212710 1 0 1706834974
WALL 21212710 1 0 1706834975
WALL 21212710 1 0 1706834976
WALL 21212710 1 0 1706834977
WALL 21212710 1 0 1706834978
WALL 21212710 1 0 1706834979
WALL 21212710 1 0 1706834980
WALL 21212710 1 0 1706834981
WALL 21212710 1 0 1706834982
WALL 21212710 1 0 1706834983
WALL 21212710 1 0 1706834984
WALL 21212710 1 0 1706834985
WALL 21212710 1 0 1706834986
WALL 21212710 1 0 1706834987
WALL 21212710 1 0 1706834988
WALL 21212710 1 0 1706834989
WALL 21212710 1 0 1706834990
WALL 21212710 1 0 1706834991
WALL 21212710 1 0 1706834992
WALL 21212710 1 0 1706834993
WALL 21212710 1 0 1706834994
WALL 21212710 1 0 1706834995
WALL 21212710 1 0 1706834996
WALL 21212710 1 0 1706834997
WALL 21212710 1 0 1706834998
WALL 21212710 1 0 1706834999
WALL 21212710 1 0 1706835000
WALL 21212710 1 0 1706835001
WALL 21212710 1 0 1706835002
WALL 21212710 1 0 1706835003
WALL 21212710 1 0 1706835004
WALL 21212710 1 0 1706835005
WALL 21212710 1 0 1706835006
WALL 21212710 1 0 1706835007
WALL 21212710 1 0 1706835008
WALL 21212710 1 0 1706835009
WALL 21212710 1 0 1706835010
WALL 21212710 1 0 1706835011
WALL 21212710 1 0 1706835012
WALL 21212710 1 0 1706835013
WALL 21212710 1 0 1706835014
WALL 21212710 1 0 1706835015
WALL 21212710 1 0 1706835016
WALL 21212710 1 0 1706835017
WALL 21212710 1 0 1706835018
WALL 21212710 1 0 1706835019
WALL 21212710 1 0 1706835020
WALL 21212710 1 0 1706835021
WALL 21212710 1 0 1706835022
WALL 21212710 1 0 1706835023
WALL 21212710 1 0 1706835024
WALL 21212710 1 0 1706835025
WALL 21212710 1 0 1706835026
WALL 21212710 1 0 1706835027
WALL 21212710 1 0 1706835028
WALL 21212710 1 0 1706835029
WALL 21212710 1 0 1706835030
WALL 21212710 1 0 1706835031
WALL 21212710 1 0 1706835032
WALL 21212710 1 0 1706835033
WALL 21212710 1 0 1706835034
WALL 21212710 1 0 1706835035
WALL 21212710 1 0 1706835036
WALL 21212710 1 0 1706835037
WALL 21212710 1 0 1706835038
WALL 21212710 1 0 1706835039
WALL 21212710 1 0 1706835040
WALL 21212710 1 0 1706835041
WALL 21212710 1 0 1706835042
WALL 21212710 1 0 1706835043
WALL 21212710 1 0 1706835044
WALL 21212710 1 0 1706835045
WALL 21212710 1 0 1706835046
WALL 21212710 1 0 1706835047
WALL 21212710 1 0 1706835048
WALL 21212710 1 0 1706835049
WALL 21212710 1 0 1706835050
WALL 21212710 1 0 1706835051
WALL 21212710 1 0 1706835052
WALL 21212710 1 0 1706835053
WALL 21212710 1 0 1706835054
WALL 21212710 1 0 1706835055
WALL 21212710 1 0 1706835056
WALL 21212710 1 0 1706835057
WALL 21212710 1 0 1706835058
WALL 21212710 1 0 1706835059
WALL 21212710 1 0 1706835060
WALL 21212710 1 0 1706835061
WALL 21212710 1 0 1706835062
WALL 21212710 1 0 1706835063
WALL 21212710 1 0 1706835064
WALL 21212710 1 0 1706835065
WALL 21212710 1 0 1706835066
WALL 21212710 1 0 1706835067
WALL 21212710 1 0 1706835068
WALL 21212710 1 0 1706835069
WALL 21212710 1 0 1706835070
WALL 21212710 1 0 1706835071
WALL 21212710 1 0 1706835072
WALL 21212710 1 0 1706835073
WALL 21212710 1 0 1706835074
WALL 21212710 1 0 1706835075
WALL 21212710 1 0 1706835076
WALL 21212710 1 0 1706835077
WALL 21212710 1 0 1706835078
WALL 21212710 1 0 1706835079
WALL 21212710 1 0 1706835080
WALL 21212710 1 0 1706835081
WALL 21212710 1 0 1706835082
WALL 21212710 1 0 1706835083
WALL 21212710 1 0 1706835084
WALL 21212710 1 0 1706835085
WALL 21212710 1 0 1706835086
WALL 21212710 1 0 1706835087
WALL 21212710 1 0 1706835088
WALL 21212710 1 0 1706835089
WALL 21212710 1 0 1706835090
WALL 21212710 1 0 1706835091
WALL 21212710 1 0 1706835092
WALL 21212710 1 0 1706835093
WALL 21212710 1 0 1706835094
WALL 21212710 1 0 1706835095
WALL 21212710 1 0 1706835096
WALL 21212710 1 0 1706835097
WALL 21212710 1 0 1706835098
WALL 21212710 1 0 1706835099
WALL 21212710 1 0 1706835100
WALL 21212710 1 0 1706835101
WALL 21212710 1 0 1706835102
WALL 21212710 1 0 1706835103
WALL 21212710 1 0 1706835104
WALL 21212710 1 0 1706835105
WALL 21212710 1 0 1706835106
WALL 21212710 1 0 1706835107
WALL 21212710 1 0 1706835108
WALL 21212710 1 0 1706835109
WALL 21212710 1 0 1706835110
WALL 21212710 1 0 1706835111
WALL 21212710 1 0 1706835112
WALL 21212710 1 0 1706835113
WALL 21212710 1 0 1706835114
WALL 21212710 1 0 1706835115
WALL 21212710 1 0 1706835116
WALL 21212710 1 0 1706835117
WALL 21212710 1 0 1706835118
WALL 21212710 1 0 1706835119
WALL 21212710 1 0 1706835120
WALL 21212710 1 0 1706835121
WALL 21212710 1 0 1706835122
WALL 21212710 1 0 1706835123
WALL 21212710 1 0 1706835124
WALL 21212710 1 0 1706835125
WALL 21212710 1 0 1706835126
WALL 21212710 1 0 1706835127
WALL 21212710 1 0 1706835128
WALL 21212710 1 0 1706835129
WALL 21212710 1 0 1706835130
WALL 21212710 1 0 1706835131
WALL 21212710 1 0 1706835132
WALL 21212710 1 0 1706835133
WALL 21212710 1 0 1706835134
WALL 21212710 1 0 1706835135
WALL 21212710 1 0 1706835136
WALL 21212710 1 0 1706835137
WALL 21212710 1 0 1706835138
WALL 21212710 1 0 1706835139
WALL 21212710 1 0 1706835140
WALL 21212710 1 0 1706835141
WALL 21212710 1 0 1706835142
WALL 21212710 1 0 1706835143
WALL 21212710 1 0 1706835144
WALL 21212710 1 0 1706835145
WALL 21212710 1 0 1706835146
WALL 21212710 1 0 1706835147
WALL 21212710 1 0 1706835148
WALL 21212710 1 0 1706835149
WALL 21212710 1 0 1706835150
WALL 21212710 1 0 1706835151
WALL 21212710 1 0 1706835152
WALL 21212710 1 0 1706835153
WALL 21212710 1 0 1706835154
WALL 21212710 1 0 1706835155
WALL 21212710 1 0 1706835156
WALL 21212710 1 0 1706835157
WALL 21212710 1 0 1706835158
WALL 21212710 1 0 1706835159
WALL 21212710 1 0 1706835160
WALL 21212710 1 0 1706835161
WALL 21212710 1 0 1706835162
WALL 21212710 1 0 1706835163
WALL 21212710 1 0 1706835164
WALL 21212710 1 0 1706835165
WALL 21212710 1 0 1706835166
WALL 21212710 1 0 1706835167
WALL 21212710 1 0 1706835168
WALL 21212710 1 0 1706835169
WALL 21212710 1 0 1706835170
WALL 21212710 1 0 1706835171
WALL 21212710 1 0 1706835172
WALL 21212710 1 0 1706835173
WALL 21212710 1 0 1706835174
WALL 21212710 1 0 1706835175
WALL 21212710 1 0 1706835176
WALL 21212710 1 0 1706835177
WALL 21212710 1 0 1706835178
WALL 21212710 1 0 1706835179
WALL 21212710 1 0 1706835180
WALL 21212710 1 0 1706835181
WALL 21212710 1 0 1706835182
WALL 21212710 1 0 1706835183
WALL 21212710 1 0 1706835184
WALL 21212710 1 0 1706835185
WALL 21212710 1 0 1706835186
WALL 21212710 1 0 1706835187
WALL 21212710 1 0 1706835188
WALL 21212710 1 0 1706835189
WALL 21212710 1 0 1706835190
WALL 21212710 1 0 1706835191
WALL 21212710 1 0 1706835192
WALL 21212710 1 0 1706835193
WALL 21212710 1 0 1706835194
WALL 21212710 1 0 1706835195
WALL 21212710 1 0 1706835196
WALL 21212710 1 0 1706835197
WALL 21212710 1 0 1706835198
WALL 21212710 1 0 1706835199
WALL 21212710 1 0 1706835200
WALL 21212710 1 0 1706835201
WALL 21212710 1 0 1706835202
WALL 21212710 1 0 1706835203
WALL 21212710 1 0 1706835204
WALL 21212710 1 0 1706835205
WALL 21212710 1 0 1706835206
WALL 21212710 1 0 1706835207
WALL 21212710 1 0 1706835208
WALL 21212710 1 0 1706835209
WALL 21212710 1 0 1706835210
WALL 21212710 1 0 1706835211
WALL 21212710 1 0 1706835212
WALL 21212710 1 0 1706835213
slurmstepd: error: *** STEP 21212710.0 ON nid200161 CANCELLED AT 2024-02-02T00:53:33 ***
received SIGCONT 1706835213
WALL 21212710 1 0 1706835213
received SIGTERM 1706835213
WALL 21212710 1 0 1706835213
WALL 21212710 1 0 1706835214
WALL 21212710 1 0 1706835215
WALL 21212710 1 0 1706835216
WALL 21212710 1 0 1706835217
WALL 21212710 1 0 1706835218
WALL 21212710 1 0 1706835219
WALL 21212710 1 0 1706835220
WALL 21212710 1 0 1706835221
WALL 21212710 1 0 1706835222
WALL 21212710 1 0 1706835223
WALL 21212710 1 0 1706835224
WALL 21212710 1 0 1706835225
WALL 21212710 1 0 1706835226
WALL 21212710 1 0 1706835227
WALL 21212710 1 0 1706835228
WALL 21212710 1 0 1706835229
WALL 21212710 1 0 1706835230
WALL 21212710 1 0 1706835231
WALL 21212710 1 0 1706835232
WALL 21212710 1 0 1706835233
WALL 21212710 1 0 1706835234
WALL 21212710 1 0 1706835235
WALL 21212710 1 0 1706835236
WALL 21212710 1 0 1706835237
WALL 21212710 1 0 1706835238
WALL 21212710 1 0 1706835239
WALL 21212710 1 0 1706835240
WALL 21212710 1 0 1706835241
WALL 21212710 1 0 1706835242
WALL 21212710 1 0 1706835243
WALL 21212710 1 0 1706835244
WALL 21212710 1 0 1706835245
WALL 21212710 1 0 1706835246
WALL 21212710 1 0 1706835247
WALL 21212710 1 0 1706835248
WALL 21212710 1 0 1706835249
WALL 21212710 1 0 1706835250
WALL 21212710 1 0 1706835251
WALL 21212710 1 0 1706835252
WALL 21212710 1 0 1706835253
WALL 21212710 1 0 1706835254
WALL 21212710 1 0 1706835255
WALL 21212710 1 0 1706835256
WALL 21212710 1 0 1706835257
WALL 21212710 1 0 1706835258
WALL 21212710 1 0 1706835259
WALL 21212710 1 0 1706835260
WALL 21212710 1 0 1706835261
WALL 21212710 1 0 1706835262
WALL 21212710 1 0 1706835263
WALL 21212710 1 0 1706835264
WALL 21212710 1 0 1706835265
WALL 21212710 1 0 1706835266
WALL 21212710 1 0 1706835267
WALL 21212710 1 0 1706835268
WALL 21212710 1 0 1706835269
WALL 21212710 1 0 1706835270
WALL 21212710 1 0 1706835271
WALL 21212710 1 0 1706835272
WALL 21212710 1 0 1706835273
WALL 21212710 1 0 1706835274
WALL 21212710 1 0 1706835275
WALL 21212710 1 0 1706835276
WALL 21212710 1 0 1706835277
WALL 21212710 1 0 1706835278
WALL 21212710 1 0 1706835279
WALL 21212710 1 0 1706835280
WALL 21212710 1 0 1706835281
WALL 21212710 1 0 1706835282
WALL 21212710 1 0 1706835283
WALL 21212710 1 0 1706835284
WALL 21212710 1 0 1706835285
WALL 21212710 1 0 1706835286
WALL 21212710 1 0 1706835287
WALL 21212710 1 0 1706835288
WALL 21212710 1 0 1706835289
slurmstepd: error: *** JOB 21212710 ON nid200161 CANCELLED AT 2024-02-02T00:54:50 DUE TO PREEMPTION ***
received SIGTERM 1706835290
WALL 21212710 1 0 1706835290
received SIGCONT 1706835290
WALL 21212710 1 0 1706835290
received SIGTERM 1706835290
WALL 21212710 1 0 1706835290
