WALL 21198193 1 0 1706815254
WALL 21198193 1 0 1706815255
WALL 21198193 1 0 1706815256
WALL 21198193 1 0 1706815257
WALL 21198193 1 0 1706815258
WALL 21198193 1 0 1706815259
WALL 21198193 1 0 1706815260
WALL 21198193 1 0 1706815261
WALL 21198193 1 0 1706815262
WALL 21198193 1 0 1706815263
WALL 21198193 1 0 1706815264
WALL 21198193 1 0 1706815265
WALL 21198193 1 0 1706815266
WALL 21198193 1 0 1706815267
WALL 21198193 1 0 1706815268
WALL 21198193 1 0 1706815269
WALL 21198193 1 0 1706815270
WALL 21198193 1 0 1706815271
WALL 21198193 1 0 1706815272
WALL 21198193 1 0 1706815273
WALL 21198193 1 0 1706815274
WALL 21198193 1 0 1706815275
WALL 21198193 1 0 1706815276
WALL 21198193 1 0 1706815277
WALL 21198193 1 0 1706815278
WALL 21198193 1 0 1706815279
WALL 21198193 1 0 1706815280
WALL 21198193 1 0 1706815281
WALL 21198193 1 0 1706815282
WALL 21198193 1 0 1706815283
WALL 21198193 1 0 1706815284
WALL 21198193 1 0 1706815285
WALL 21198193 1 0 1706815286
WALL 21198193 1 0 1706815287
WALL 21198193 1 0 1706815288
WALL 21198193 1 0 1706815289
WALL 21198193 1 0 1706815290
WALL 21198193 1 0 1706815291
WALL 21198193 1 0 1706815292
WALL 21198193 1 0 1706815293
WALL 21198193 1 0 1706815294
WALL 21198193 1 0 1706815295
WALL 21198193 1 0 1706815296
WALL 21198193 1 0 1706815297
WALL 21198193 1 0 1706815298
WALL 21198193 1 0 1706815299
WALL 21198193 1 0 1706815300
WALL 21198193 1 0 1706815301
WALL 21198193 1 0 1706815302
slurmstepd: error: *** STEP 21198193.0 ON nid200197 CANCELLED AT 2024-02-01T19:21:43 DUE TO PREEMPTION ***
slurmstepd: error: *** JOB 21198193 ON nid200197 CANCELLED AT 2024-02-01T19:21:43 DUE TO PREEMPTION ***
received SIGTERM 1706815303
WALL 21198193 1 0 1706815303
received SIGCONT 1706815303
WALL 21198193 1 0 1706815303
received SIGTERM 1706815303
WALL 21198193 1 0 1706815303
