srun: warning: can't run 1 processes on 8 nodes, setting nnodes to 1
WALL 21232203 1 0 1706899550
WALL 21232203 1 0 1706899551
WALL 21232203 1 0 1706899552
WALL 21232203 1 0 1706899553
WALL 21232203 1 0 1706899554
WALL 21232203 1 0 1706899555
WALL 21232203 1 0 1706899556
WALL 21232203 1 0 1706899557
WALL 21232203 1 0 1706899558
WALL 21232203 1 0 1706899559
WALL 21232203 1 0 1706899560
WALL 21232203 1 0 1706899561
WALL 21232203 1 0 1706899562
WALL 21232203 1 0 1706899563
WALL 21232203 1 0 1706899564
WALL 21232203 1 0 1706899565
WALL 21232203 1 0 1706899566
WALL 21232203 1 0 1706899567
WALL 21232203 1 0 1706899568
WALL 21232203 1 0 1706899569
WALL 21232203 1 0 1706899570
WALL 21232203 1 0 1706899571
WALL 21232203 1 0 1706899572
WALL 21232203 1 0 1706899573
WALL 21232203 1 0 1706899574
WALL 21232203 1 0 1706899575
WALL 21232203 1 0 1706899576
WALL 21232203 1 0 1706899577
WALL 21232203 1 0 1706899578
WALL 21232203 1 0 1706899579
WALL 21232203 1 0 1706899580
WALL 21232203 1 0 1706899581
WALL 21232203 1 0 1706899582
WALL 21232203 1 0 1706899583
WALL 21232203 1 0 1706899584
WALL 21232203 1 0 1706899585
WALL 21232203 1 0 1706899586
WALL 21232203 1 0 1706899587
WALL 21232203 1 0 1706899588
WALL 21232203 1 0 1706899589
WALL 21232203 1 0 1706899590
WALL 21232203 1 0 1706899591
WALL 21232203 1 0 1706899592
WALL 21232203 1 0 1706899593
WALL 21232203 1 0 1706899594
WALL 21232203 1 0 1706899595
WALL 21232203 1 0 1706899596
WALL 21232203 1 0 1706899597
WALL 21232203 1 0 1706899598
WALL 21232203 1 0 1706899599
WALL 21232203 1 0 1706899600
WALL 21232203 1 0 1706899601
WALL 21232203 1 0 1706899602
WALL 21232203 1 0 1706899603
WALL 21232203 1 0 1706899604
WALL 21232203 1 0 1706899605
WALL 21232203 1 0 1706899606
WALL 21232203 1 0 1706899607
WALL 21232203 1 0 1706899608
WALL 21232203 1 0 1706899609
WALL 21232203 1 0 1706899610
WALL 21232203 1 0 1706899611
WALL 21232203 1 0 1706899612
WALL 21232203 1 0 1706899613
WALL 21232203 1 0 1706899614
WALL 21232203 1 0 1706899615
WALL 21232203 1 0 1706899616
WALL 21232203 1 0 1706899617
WALL 21232203 1 0 1706899618
WALL 21232203 1 0 1706899619
WALL 21232203 1 0 1706899620
WALL 21232203 1 0 1706899621
WALL 21232203 1 0 1706899622
WALL 21232203 1 0 1706899623
WALL 21232203 1 0 1706899624
WALL 21232203 1 0 1706899625
WALL 21232203 1 0 1706899626
WALL 21232203 1 0 1706899627
WALL 21232203 1 0 1706899628
WALL 21232203 1 0 1706899629
WALL 21232203 1 0 1706899630
WALL 21232203 1 0 1706899631
WALL 21232203 1 0 1706899632
WALL 21232203 1 0 1706899633
WALL 21232203 1 0 1706899634
WALL 21232203 1 0 1706899635
WALL 21232203 1 0 1706899636
WALL 21232203 1 0 1706899637
WALL 21232203 1 0 1706899638
WALL 21232203 1 0 1706899639
WALL 21232203 1 0 1706899640
WALL 21232203 1 0 1706899641
WALL 21232203 1 0 1706899642
WALL 21232203 1 0 1706899643
WALL 21232203 1 0 1706899644
WALL 21232203 1 0 1706899645
WALL 21232203 1 0 1706899646
WALL 21232203 1 0 1706899647
WALL 21232203 1 0 1706899648
WALL 21232203 1 0 1706899649
WALL 21232203 1 0 1706899650
WALL 21232203 1 0 1706899651
WALL 21232203 1 0 1706899652
WALL 21232203 1 0 1706899653
WALL 21232203 1 0 1706899654
WALL 21232203 1 0 1706899655
WALL 21232203 1 0 1706899656
WALL 21232203 1 0 1706899657
WALL 21232203 1 0 1706899658
WALL 21232203 1 0 1706899659
WALL 21232203 1 0 1706899660
WALL 21232203 1 0 1706899661
WALL 21232203 1 0 1706899662
WALL 21232203 1 0 1706899663
WALL 21232203 1 0 1706899664
WALL 21232203 1 0 1706899665
WALL 21232203 1 0 1706899666
WALL 21232203 1 0 1706899667
WALL 21232203 1 0 1706899668
WALL 21232203 1 0 1706899669
WALL 21232203 1 0 1706899670
WALL 21232203 1 0 1706899671
WALL 21232203 1 0 1706899672
WALL 21232203 1 0 1706899673
WALL 21232203 1 0 1706899674
WALL 21232203 1 0 1706899675
WALL 21232203 1 0 1706899676
WALL 21232203 1 0 1706899677
WALL 21232203 1 0 1706899678
WALL 21232203 1 0 1706899679
WALL 21232203 1 0 1706899680
WALL 21232203 1 0 1706899681
WALL 21232203 1 0 1706899682
WALL 21232203 1 0 1706899683
WALL 21232203 1 0 1706899684
WALL 21232203 1 0 1706899685
WALL 21232203 1 0 1706899686
WALL 21232203 1 0 1706899687
WALL 21232203 1 0 1706899688
WALL 21232203 1 0 1706899689
WALL 21232203 1 0 1706899690
WALL 21232203 1 0 1706899691
WALL 21232203 1 0 1706899692
WALL 21232203 1 0 1706899693
WALL 21232203 1 0 1706899694
WALL 21232203 1 0 1706899695
WALL 21232203 1 0 1706899696
WALL 21232203 1 0 1706899697
WALL 21232203 1 0 1706899698
WALL 21232203 1 0 1706899699
WALL 21232203 1 0 1706899700
WALL 21232203 1 0 1706899701
WALL 21232203 1 0 1706899702
WALL 21232203 1 0 1706899703
WALL 21232203 1 0 1706899704
WALL 21232203 1 0 1706899705
WALL 21232203 1 0 1706899706
WALL 21232203 1 0 1706899707
WALL 21232203 1 0 1706899708
WALL 21232203 1 0 1706899709
WALL 21232203 1 0 1706899710
WALL 21232203 1 0 1706899711
WALL 21232203 1 0 1706899712
WALL 21232203 1 0 1706899713
WALL 21232203 1 0 1706899714
WALL 21232203 1 0 1706899715
WALL 21232203 1 0 1706899716
WALL 21232203 1 0 1706899717
WALL 21232203 1 0 1706899718
WALL 21232203 1 0 1706899719
WALL 21232203 1 0 1706899720
WALL 21232203 1 0 1706899721
WALL 21232203 1 0 1706899722
WALL 21232203 1 0 1706899723
WALL 21232203 1 0 1706899724
WALL 21232203 1 0 1706899725
WALL 21232203 1 0 1706899726
WALL 21232203 1 0 1706899727
WALL 21232203 1 0 1706899728
WALL 21232203 1 0 1706899729
WALL 21232203 1 0 1706899730
WALL 21232203 1 0 1706899731
WALL 21232203 1 0 1706899732
WALL 21232203 1 0 1706899733
WALL 21232203 1 0 1706899734
WALL 21232203 1 0 1706899735
WALL 21232203 1 0 1706899736
WALL 21232203 1 0 1706899737
WALL 21232203 1 0 1706899738
WALL 21232203 1 0 1706899739
WALL 21232203 1 0 1706899740
WALL 21232203 1 0 1706899741
WALL 21232203 1 0 1706899742
WALL 21232203 1 0 1706899743
WALL 21232203 1 0 1706899744
WALL 21232203 1 0 1706899745
WALL 21232203 1 0 1706899746
WALL 21232203 1 0 1706899747
WALL 21232203 1 0 1706899748
WALL 21232203 1 0 1706899749
WALL 21232203 1 0 1706899750
WALL 21232203 1 0 1706899751
WALL 21232203 1 0 1706899752
WALL 21232203 1 0 1706899753
WALL 21232203 1 0 1706899754
WALL 21232203 1 0 1706899755
WALL 21232203 1 0 1706899756
WALL 21232203 1 0 1706899757
WALL 21232203 1 0 1706899758
WALL 21232203 1 0 1706899759
WALL 21232203 1 0 1706899760
WALL 21232203 1 0 1706899761
WALL 21232203 1 0 1706899762
WALL 21232203 1 0 1706899763
WALL 21232203 1 0 1706899764
WALL 21232203 1 0 1706899765
WALL 21232203 1 0 1706899766
WALL 21232203 1 0 1706899767
WALL 21232203 1 0 1706899768
WALL 21232203 1 0 1706899769
WALL 21232203 1 0 1706899770
WALL 21232203 1 0 1706899771
WALL 21232203 1 0 1706899772
WALL 21232203 1 0 1706899773
WALL 21232203 1 0 1706899774
WALL 21232203 1 0 1706899775
WALL 21232203 1 0 1706899776
WALL 21232203 1 0 1706899777
WALL 21232203 1 0 1706899778
WALL 21232203 1 0 1706899779
WALL 21232203 1 0 1706899780
WALL 21232203 1 0 1706899781
WALL 21232203 1 0 1706899782
WALL 21232203 1 0 1706899783
WALL 21232203 1 0 1706899784
WALL 21232203 1 0 1706899785
WALL 21232203 1 0 1706899786
WALL 21232203 1 0 1706899787
WALL 21232203 1 0 1706899788
WALL 21232203 1 0 1706899789
WALL 21232203 1 0 1706899790
WALL 21232203 1 0 1706899791
WALL 21232203 1 0 1706899792
WALL 21232203 1 0 1706899793
WALL 21232203 1 0 1706899794
WALL 21232203 1 0 1706899795
WALL 21232203 1 0 1706899796
WALL 21232203 1 0 1706899797
WALL 21232203 1 0 1706899798
WALL 21232203 1 0 1706899799
WALL 21232203 1 0 1706899800
WALL 21232203 1 0 1706899801
WALL 21232203 1 0 1706899802
WALL 21232203 1 0 1706899803
WALL 21232203 1 0 1706899804
WALL 21232203 1 0 1706899805
WALL 21232203 1 0 1706899806
WALL 21232203 1 0 1706899807
WALL 21232203 1 0 1706899808
WALL 21232203 1 0 1706899809
WALL 21232203 1 0 1706899810
WALL 21232203 1 0 1706899811
WALL 21232203 1 0 1706899812
WALL 21232203 1 0 1706899813
WALL 21232203 1 0 1706899814
WALL 21232203 1 0 1706899815
WALL 21232203 1 0 1706899816
WALL 21232203 1 0 1706899817
WALL 21232203 1 0 1706899818
WALL 21232203 1 0 1706899819
WALL 21232203 1 0 1706899820
WALL 21232203 1 0 1706899821
WALL 21232203 1 0 1706899822
WALL 21232203 1 0 1706899823
WALL 21232203 1 0 1706899824
WALL 21232203 1 0 1706899825
WALL 21232203 1 0 1706899826
WALL 21232203 1 0 1706899827
WALL 21232203 1 0 1706899828
WALL 21232203 1 0 1706899829
WALL 21232203 1 0 1706899830
WALL 21232203 1 0 1706899831
WALL 21232203 1 0 1706899832
WALL 21232203 1 0 1706899833
WALL 21232203 1 0 1706899834
WALL 21232203 1 0 1706899835
WALL 21232203 1 0 1706899836
WALL 21232203 1 0 1706899837
WALL 21232203 1 0 1706899838
WALL 21232203 1 0 1706899839
WALL 21232203 1 0 1706899840
WALL 21232203 1 0 1706899841
WALL 21232203 1 0 1706899842
WALL 21232203 1 0 1706899843
WALL 21232203 1 0 1706899844
WALL 21232203 1 0 1706899845
WALL 21232203 1 0 1706899846
WALL 21232203 1 0 1706899847
WALL 21232203 1 0 1706899848
WALL 21232203 1 0 1706899849
WALL 21232203 1 0 1706899850
WALL 21232203 1 0 1706899851
WALL 21232203 1 0 1706899852
WALL 21232203 1 0 1706899853
WALL 21232203 1 0 1706899854
WALL 21232203 1 0 1706899855
WALL 21232203 1 0 1706899856
WALL 21232203 1 0 1706899857
WALL 21232203 1 0 1706899858
WALL 21232203 1 0 1706899859
WALL 21232203 1 0 1706899860
WALL 21232203 1 0 1706899861
WALL 21232203 1 0 1706899862
WALL 21232203 1 0 1706899863
WALL 21232203 1 0 1706899864
WALL 21232203 1 0 1706899865
WALL 21232203 1 0 1706899866
WALL 21232203 1 0 1706899867
WALL 21232203 1 0 1706899868
WALL 21232203 1 0 1706899869
WALL 21232203 1 0 1706899870
WALL 21232203 1 0 1706899871
WALL 21232203 1 0 1706899872
WALL 21232203 1 0 1706899873
WALL 21232203 1 0 1706899874
WALL 21232203 1 0 1706899875
WALL 21232203 1 0 1706899876
WALL 21232203 1 0 1706899877
WALL 21232203 1 0 1706899878
WALL 21232203 1 0 1706899879
WALL 21232203 1 0 1706899880
WALL 21232203 1 0 1706899881
WALL 21232203 1 0 1706899882
WALL 21232203 1 0 1706899883
WALL 21232203 1 0 1706899884
WALL 21232203 1 0 1706899885
WALL 21232203 1 0 1706899886
WALL 21232203 1 0 1706899887
WALL 21232203 1 0 1706899888
WALL 21232203 1 0 1706899889
WALL 21232203 1 0 1706899890
WALL 21232203 1 0 1706899891
WALL 21232203 1 0 1706899892
WALL 21232203 1 0 1706899893
WALL 21232203 1 0 1706899894
WALL 21232203 1 0 1706899895
WALL 21232203 1 0 1706899896
WALL 21232203 1 0 1706899897
WALL 21232203 1 0 1706899898
WALL 21232203 1 0 1706899899
WALL 21232203 1 0 1706899900
WALL 21232203 1 0 1706899901
WALL 21232203 1 0 1706899902
WALL 21232203 1 0 1706899903
WALL 21232203 1 0 1706899904
WALL 21232203 1 0 1706899905
WALL 21232203 1 0 1706899906
WALL 21232203 1 0 1706899907
WALL 21232203 1 0 1706899908
WALL 21232203 1 0 1706899909
WALL 21232203 1 0 1706899910
WALL 21232203 1 0 1706899911
WALL 21232203 1 0 1706899912
WALL 21232203 1 0 1706899913
WALL 21232203 1 0 1706899914
WALL 21232203 1 0 1706899915
WALL 21232203 1 0 1706899916
WALL 21232203 1 0 1706899917
WALL 21232203 1 0 1706899918
WALL 21232203 1 0 1706899919
WALL 21232203 1 0 1706899920
WALL 21232203 1 0 1706899921
WALL 21232203 1 0 1706899922
WALL 21232203 1 0 1706899923
WALL 21232203 1 0 1706899924
WALL 21232203 1 0 1706899925
WALL 21232203 1 0 1706899926
WALL 21232203 1 0 1706899927
WALL 21232203 1 0 1706899928
WALL 21232203 1 0 1706899929
WALL 21232203 1 0 1706899930
WALL 21232203 1 0 1706899931
WALL 21232203 1 0 1706899932
WALL 21232203 1 0 1706899933
WALL 21232203 1 0 1706899934
WALL 21232203 1 0 1706899935
WALL 21232203 1 0 1706899936
WALL 21232203 1 0 1706899937
WALL 21232203 1 0 1706899938
WALL 21232203 1 0 1706899939
WALL 21232203 1 0 1706899940
WALL 21232203 1 0 1706899941
WALL 21232203 1 0 1706899942
WALL 21232203 1 0 1706899943
WALL 21232203 1 0 1706899944
WALL 21232203 1 0 1706899945
WALL 21232203 1 0 1706899946
WALL 21232203 1 0 1706899947
WALL 21232203 1 0 1706899948
WALL 21232203 1 0 1706899949
WALL 21232203 1 0 1706899950
WALL 21232203 1 0 1706899951
WALL 21232203 1 0 1706899952
WALL 21232203 1 0 1706899953
WALL 21232203 1 0 1706899954
WALL 21232203 1 0 1706899955
WALL 21232203 1 0 1706899956
WALL 21232203 1 0 1706899957
WALL 21232203 1 0 1706899958
WALL 21232203 1 0 1706899959
WALL 21232203 1 0 1706899960
WALL 21232203 1 0 1706899961
WALL 21232203 1 0 1706899962
WALL 21232203 1 0 1706899963
WALL 21232203 1 0 1706899964
WALL 21232203 1 0 1706899965
WALL 21232203 1 0 1706899966
WALL 21232203 1 0 1706899967
WALL 21232203 1 0 1706899968
WALL 21232203 1 0 1706899969
WALL 21232203 1 0 1706899970
WALL 21232203 1 0 1706899971
WALL 21232203 1 0 1706899972
WALL 21232203 1 0 1706899973
WALL 21232203 1 0 1706899974
WALL 21232203 1 0 1706899975
WALL 21232203 1 0 1706899976
WALL 21232203 1 0 1706899977
WALL 21232203 1 0 1706899978
WALL 21232203 1 0 1706899979
WALL 21232203 1 0 1706899980
WALL 21232203 1 0 1706899981
WALL 21232203 1 0 1706899982
WALL 21232203 1 0 1706899983
WALL 21232203 1 0 1706899984
WALL 21232203 1 0 1706899985
WALL 21232203 1 0 1706899986
WALL 21232203 1 0 1706899987
WALL 21232203 1 0 1706899988
WALL 21232203 1 0 1706899989
WALL 21232203 1 0 1706899990
WALL 21232203 1 0 1706899991
WALL 21232203 1 0 1706899992
WALL 21232203 1 0 1706899993
WALL 21232203 1 0 1706899994
WALL 21232203 1 0 1706899995
WALL 21232203 1 0 1706899996
WALL 21232203 1 0 1706899997
WALL 21232203 1 0 1706899998
WALL 21232203 1 0 1706899999
WALL 21232203 1 0 1706900000
WALL 21232203 1 0 1706900001
WALL 21232203 1 0 1706900002
WALL 21232203 1 0 1706900003
WALL 21232203 1 0 1706900004
WALL 21232203 1 0 1706900005
WALL 21232203 1 0 1706900006
WALL 21232203 1 0 1706900007
WALL 21232203 1 0 1706900008
WALL 21232203 1 0 1706900009
WALL 21232203 1 0 1706900010
WALL 21232203 1 0 1706900011
WALL 21232203 1 0 1706900012
WALL 21232203 1 0 1706900013
WALL 21232203 1 0 1706900014
WALL 21232203 1 0 1706900015
WALL 21232203 1 0 1706900016
WALL 21232203 1 0 1706900017
WALL 21232203 1 0 1706900018
WALL 21232203 1 0 1706900019
WALL 21232203 1 0 1706900020
WALL 21232203 1 0 1706900021
WALL 21232203 1 0 1706900022
WALL 21232203 1 0 1706900023
WALL 21232203 1 0 1706900024
WALL 21232203 1 0 1706900025
WALL 21232203 1 0 1706900026
WALL 21232203 1 0 1706900027
WALL 21232203 1 0 1706900028
WALL 21232203 1 0 1706900029
WALL 21232203 1 0 1706900030
WALL 21232203 1 0 1706900031
WALL 21232203 1 0 1706900032
WALL 21232203 1 0 1706900033
WALL 21232203 1 0 1706900034
WALL 21232203 1 0 1706900035
WALL 21232203 1 0 1706900036
WALL 21232203 1 0 1706900037
WALL 21232203 1 0 1706900038
WALL 21232203 1 0 1706900039
WALL 21232203 1 0 1706900040
WALL 21232203 1 0 1706900041
WALL 21232203 1 0 1706900042
WALL 21232203 1 0 1706900043
WALL 21232203 1 0 1706900044
WALL 21232203 1 0 1706900045
WALL 21232203 1 0 1706900046
WALL 21232203 1 0 1706900047
WALL 21232203 1 0 1706900048
WALL 21232203 1 0 1706900049
WALL 21232203 1 0 1706900050
WALL 21232203 1 0 1706900051
WALL 21232203 1 0 1706900052
WALL 21232203 1 0 1706900053
WALL 21232203 1 0 1706900054
WALL 21232203 1 0 1706900055
WALL 21232203 1 0 1706900056
WALL 21232203 1 0 1706900057
WALL 21232203 1 0 1706900058
WALL 21232203 1 0 1706900059
WALL 21232203 1 0 1706900060
WALL 21232203 1 0 1706900061
WALL 21232203 1 0 1706900062
WALL 21232203 1 0 1706900063
WALL 21232203 1 0 1706900064
WALL 21232203 1 0 1706900065
WALL 21232203 1 0 1706900066
WALL 21232203 1 0 1706900067
WALL 21232203 1 0 1706900068
WALL 21232203 1 0 1706900069
WALL 21232203 1 0 1706900070
WALL 21232203 1 0 1706900071
WALL 21232203 1 0 1706900072
WALL 21232203 1 0 1706900073
WALL 21232203 1 0 1706900074
WALL 21232203 1 0 1706900075
WALL 21232203 1 0 1706900076
WALL 21232203 1 0 1706900077
WALL 21232203 1 0 1706900078
WALL 21232203 1 0 1706900079
WALL 21232203 1 0 1706900080
WALL 21232203 1 0 1706900081
WALL 21232203 1 0 1706900082
WALL 21232203 1 0 1706900083
WALL 21232203 1 0 1706900084
WALL 21232203 1 0 1706900085
WALL 21232203 1 0 1706900086
WALL 21232203 1 0 1706900087
WALL 21232203 1 0 1706900088
WALL 21232203 1 0 1706900089
WALL 21232203 1 0 1706900090
WALL 21232203 1 0 1706900091
WALL 21232203 1 0 1706900092
WALL 21232203 1 0 1706900093
WALL 21232203 1 0 1706900094
WALL 21232203 1 0 1706900095
WALL 21232203 1 0 1706900096
WALL 21232203 1 0 1706900097
WALL 21232203 1 0 1706900098
WALL 21232203 1 0 1706900099
WALL 21232203 1 0 1706900100
WALL 21232203 1 0 1706900101
WALL 21232203 1 0 1706900102
WALL 21232203 1 0 1706900103
WALL 21232203 1 0 1706900104
WALL 21232203 1 0 1706900105
WALL 21232203 1 0 1706900106
WALL 21232203 1 0 1706900107
WALL 21232203 1 0 1706900108
WALL 21232203 1 0 1706900109
WALL 21232203 1 0 1706900110
WALL 21232203 1 0 1706900111
WALL 21232203 1 0 1706900112
WALL 21232203 1 0 1706900113
WALL 21232203 1 0 1706900114
WALL 21232203 1 0 1706900115
WALL 21232203 1 0 1706900116
WALL 21232203 1 0 1706900117
WALL 21232203 1 0 1706900118
WALL 21232203 1 0 1706900119
WALL 21232203 1 0 1706900120
WALL 21232203 1 0 1706900121
WALL 21232203 1 0 1706900122
WALL 21232203 1 0 1706900123
WALL 21232203 1 0 1706900124
WALL 21232203 1 0 1706900125
WALL 21232203 1 0 1706900126
WALL 21232203 1 0 1706900127
WALL 21232203 1 0 1706900128
WALL 21232203 1 0 1706900129
WALL 21232203 1 0 1706900130
WALL 21232203 1 0 1706900131
WALL 21232203 1 0 1706900132
WALL 21232203 1 0 1706900133
WALL 21232203 1 0 1706900134
WALL 21232203 1 0 1706900135
WALL 21232203 1 0 1706900136
WALL 21232203 1 0 1706900137
WALL 21232203 1 0 1706900138
WALL 21232203 1 0 1706900139
WALL 21232203 1 0 1706900140
WALL 21232203 1 0 1706900141
WALL 21232203 1 0 1706900142
WALL 21232203 1 0 1706900143
WALL 21232203 1 0 1706900144
WALL 21232203 1 0 1706900145
WALL 21232203 1 0 1706900146
WALL 21232203 1 0 1706900147
WALL 21232203 1 0 1706900148
WALL 21232203 1 0 1706900149
WALL 21232203 1 0 1706900150
WALL 21232203 1 0 1706900151
WALL 21232203 1 0 1706900152
WALL 21232203 1 0 1706900153
WALL 21232203 1 0 1706900154
WALL 21232203 1 0 1706900155
WALL 21232203 1 0 1706900156
WALL 21232203 1 0 1706900157
WALL 21232203 1 0 1706900158
WALL 21232203 1 0 1706900159
WALL 21232203 1 0 1706900160
WALL 21232203 1 0 1706900161
WALL 21232203 1 0 1706900162
WALL 21232203 1 0 1706900163
WALL 21232203 1 0 1706900164
WALL 21232203 1 0 1706900165
WALL 21232203 1 0 1706900166
WALL 21232203 1 0 1706900167
WALL 21232203 1 0 1706900168
WALL 21232203 1 0 1706900169
WALL 21232203 1 0 1706900170
WALL 21232203 1 0 1706900171
WALL 21232203 1 0 1706900172
WALL 21232203 1 0 1706900173
WALL 21232203 1 0 1706900174
WALL 21232203 1 0 1706900175
WALL 21232203 1 0 1706900176
WALL 21232203 1 0 1706900177
WALL 21232203 1 0 1706900178
WALL 21232203 1 0 1706900179
WALL 21232203 1 0 1706900180
WALL 21232203 1 0 1706900181
WALL 21232203 1 0 1706900182
WALL 21232203 1 0 1706900183
WALL 21232203 1 0 1706900184
WALL 21232203 1 0 1706900185
WALL 21232203 1 0 1706900186
WALL 21232203 1 0 1706900187
WALL 21232203 1 0 1706900188
WALL 21232203 1 0 1706900189
WALL 21232203 1 0 1706900190
WALL 21232203 1 0 1706900191
WALL 21232203 1 0 1706900192
WALL 21232203 1 0 1706900193
WALL 21232203 1 0 1706900194
WALL 21232203 1 0 1706900195
WALL 21232203 1 0 1706900196
WALL 21232203 1 0 1706900197
WALL 21232203 1 0 1706900198
WALL 21232203 1 0 1706900199
WALL 21232203 1 0 1706900200
WALL 21232203 1 0 1706900201
WALL 21232203 1 0 1706900202
WALL 21232203 1 0 1706900203
WALL 21232203 1 0 1706900204
WALL 21232203 1 0 1706900205
WALL 21232203 1 0 1706900206
WALL 21232203 1 0 1706900207
WALL 21232203 1 0 1706900208
WALL 21232203 1 0 1706900209
WALL 21232203 1 0 1706900210
WALL 21232203 1 0 1706900211
WALL 21232203 1 0 1706900212
WALL 21232203 1 0 1706900213
WALL 21232203 1 0 1706900214
WALL 21232203 1 0 1706900215
WALL 21232203 1 0 1706900216
WALL 21232203 1 0 1706900217
WALL 21232203 1 0 1706900218
WALL 21232203 1 0 1706900219
WALL 21232203 1 0 1706900220
WALL 21232203 1 0 1706900221
WALL 21232203 1 0 1706900222
WALL 21232203 1 0 1706900223
WALL 21232203 1 0 1706900224
WALL 21232203 1 0 1706900225
WALL 21232203 1 0 1706900226
WALL 21232203 1 0 1706900227
WALL 21232203 1 0 1706900228
WALL 21232203 1 0 1706900229
WALL 21232203 1 0 1706900230
WALL 21232203 1 0 1706900231
WALL 21232203 1 0 1706900232
WALL 21232203 1 0 1706900233
WALL 21232203 1 0 1706900234
WALL 21232203 1 0 1706900235
WALL 21232203 1 0 1706900236
WALL 21232203 1 0 1706900237
WALL 21232203 1 0 1706900238
WALL 21232203 1 0 1706900239
WALL 21232203 1 0 1706900240
WALL 21232203 1 0 1706900241
WALL 21232203 1 0 1706900242
WALL 21232203 1 0 1706900243
WALL 21232203 1 0 1706900244
WALL 21232203 1 0 1706900245
WALL 21232203 1 0 1706900246
WALL 21232203 1 0 1706900247
WALL 21232203 1 0 1706900248
WALL 21232203 1 0 1706900249
WALL 21232203 1 0 1706900250
WALL 21232203 1 0 1706900251
WALL 21232203 1 0 1706900252
WALL 21232203 1 0 1706900253
WALL 21232203 1 0 1706900254
WALL 21232203 1 0 1706900255
WALL 21232203 1 0 1706900256
WALL 21232203 1 0 1706900257
WALL 21232203 1 0 1706900258
WALL 21232203 1 0 1706900259
WALL 21232203 1 0 1706900260
WALL 21232203 1 0 1706900261
WALL 21232203 1 0 1706900262
WALL 21232203 1 0 1706900263
WALL 21232203 1 0 1706900264
WALL 21232203 1 0 1706900265
WALL 21232203 1 0 1706900266
WALL 21232203 1 0 1706900267
WALL 21232203 1 0 1706900268
WALL 21232203 1 0 1706900269
WALL 21232203 1 0 1706900270
WALL 21232203 1 0 1706900271
WALL 21232203 1 0 1706900272
WALL 21232203 1 0 1706900273
WALL 21232203 1 0 1706900274
WALL 21232203 1 0 1706900275
WALL 21232203 1 0 1706900276
WALL 21232203 1 0 1706900277
WALL 21232203 1 0 1706900278
WALL 21232203 1 0 1706900279
WALL 21232203 1 0 1706900280
WALL 21232203 1 0 1706900281
WALL 21232203 1 0 1706900282
WALL 21232203 1 0 1706900283
WALL 21232203 1 0 1706900284
WALL 21232203 1 0 1706900285
WALL 21232203 1 0 1706900286
WALL 21232203 1 0 1706900287
WALL 21232203 1 0 1706900288
WALL 21232203 1 0 1706900289
WALL 21232203 1 0 1706900290
WALL 21232203 1 0 1706900291
WALL 21232203 1 0 1706900292
WALL 21232203 1 0 1706900293
WALL 21232203 1 0 1706900294
WALL 21232203 1 0 1706900295
WALL 21232203 1 0 1706900296
WALL 21232203 1 0 1706900297
WALL 21232203 1 0 1706900298
WALL 21232203 1 0 1706900299
WALL 21232203 1 0 1706900300
WALL 21232203 1 0 1706900301
WALL 21232203 1 0 1706900302
WALL 21232203 1 0 1706900303
WALL 21232203 1 0 1706900304
WALL 21232203 1 0 1706900305
WALL 21232203 1 0 1706900306
WALL 21232203 1 0 1706900307
WALL 21232203 1 0 1706900308
WALL 21232203 1 0 1706900309
WALL 21232203 1 0 1706900310
WALL 21232203 1 0 1706900311
WALL 21232203 1 0 1706900312
WALL 21232203 1 0 1706900313
WALL 21232203 1 0 1706900314
WALL 21232203 1 0 1706900315
WALL 21232203 1 0 1706900316
WALL 21232203 1 0 1706900317
WALL 21232203 1 0 1706900318
WALL 21232203 1 0 1706900319
WALL 21232203 1 0 1706900320
WALL 21232203 1 0 1706900321
WALL 21232203 1 0 1706900322
WALL 21232203 1 0 1706900323
WALL 21232203 1 0 1706900324
WALL 21232203 1 0 1706900325
WALL 21232203 1 0 1706900326
WALL 21232203 1 0 1706900327
WALL 21232203 1 0 1706900328
WALL 21232203 1 0 1706900329
WALL 21232203 1 0 1706900330
WALL 21232203 1 0 1706900331
WALL 21232203 1 0 1706900332
WALL 21232203 1 0 1706900333
WALL 21232203 1 0 1706900334
WALL 21232203 1 0 1706900335
WALL 21232203 1 0 1706900336
WALL 21232203 1 0 1706900337
WALL 21232203 1 0 1706900338
WALL 21232203 1 0 1706900339
WALL 21232203 1 0 1706900340
WALL 21232203 1 0 1706900341
WALL 21232203 1 0 1706900342
WALL 21232203 1 0 1706900343
WALL 21232203 1 0 1706900344
WALL 21232203 1 0 1706900345
WALL 21232203 1 0 1706900346
WALL 21232203 1 0 1706900347
WALL 21232203 1 0 1706900348
WALL 21232203 1 0 1706900349
WALL 21232203 1 0 1706900350
WALL 21232203 1 0 1706900351
WALL 21232203 1 0 1706900352
WALL 21232203 1 0 1706900353
WALL 21232203 1 0 1706900354
WALL 21232203 1 0 1706900355
WALL 21232203 1 0 1706900356
WALL 21232203 1 0 1706900357
WALL 21232203 1 0 1706900358
WALL 21232203 1 0 1706900359
WALL 21232203 1 0 1706900360
WALL 21232203 1 0 1706900361
WALL 21232203 1 0 1706900362
WALL 21232203 1 0 1706900363
WALL 21232203 1 0 1706900364
WALL 21232203 1 0 1706900365
WALL 21232203 1 0 1706900366
WALL 21232203 1 0 1706900367
WALL 21232203 1 0 1706900368
WALL 21232203 1 0 1706900369
WALL 21232203 1 0 1706900370
WALL 21232203 1 0 1706900371
WALL 21232203 1 0 1706900372
WALL 21232203 1 0 1706900373
WALL 21232203 1 0 1706900374
WALL 21232203 1 0 1706900375
WALL 21232203 1 0 1706900376
WALL 21232203 1 0 1706900377
WALL 21232203 1 0 1706900378
WALL 21232203 1 0 1706900379
WALL 21232203 1 0 1706900380
WALL 21232203 1 0 1706900381
WALL 21232203 1 0 1706900382
WALL 21232203 1 0 1706900383
WALL 21232203 1 0 1706900384
WALL 21232203 1 0 1706900385
WALL 21232203 1 0 1706900386
WALL 21232203 1 0 1706900387
WALL 21232203 1 0 1706900388
WALL 21232203 1 0 1706900389
WALL 21232203 1 0 1706900390
WALL 21232203 1 0 1706900391
WALL 21232203 1 0 1706900392
WALL 21232203 1 0 1706900393
WALL 21232203 1 0 1706900394
WALL 21232203 1 0 1706900395
WALL 21232203 1 0 1706900396
WALL 21232203 1 0 1706900397
WALL 21232203 1 0 1706900398
WALL 21232203 1 0 1706900399
WALL 21232203 1 0 1706900400
WALL 21232203 1 0 1706900401
WALL 21232203 1 0 1706900402
WALL 21232203 1 0 1706900403
WALL 21232203 1 0 1706900404
WALL 21232203 1 0 1706900405
WALL 21232203 1 0 1706900406
WALL 21232203 1 0 1706900407
WALL 21232203 1 0 1706900408
WALL 21232203 1 0 1706900409
WALL 21232203 1 0 1706900410
WALL 21232203 1 0 1706900411
WALL 21232203 1 0 1706900412
WALL 21232203 1 0 1706900413
WALL 21232203 1 0 1706900414
WALL 21232203 1 0 1706900415
WALL 21232203 1 0 1706900416
WALL 21232203 1 0 1706900417
WALL 21232203 1 0 1706900418
WALL 21232203 1 0 1706900419
WALL 21232203 1 0 1706900420
WALL 21232203 1 0 1706900421
WALL 21232203 1 0 1706900422
WALL 21232203 1 0 1706900423
WALL 21232203 1 0 1706900424
WALL 21232203 1 0 1706900425
WALL 21232203 1 0 1706900426
WALL 21232203 1 0 1706900427
WALL 21232203 1 0 1706900428
WALL 21232203 1 0 1706900429
WALL 21232203 1 0 1706900430
WALL 21232203 1 0 1706900431
WALL 21232203 1 0 1706900432
WALL 21232203 1 0 1706900433
WALL 21232203 1 0 1706900434
WALL 21232203 1 0 1706900435
WALL 21232203 1 0 1706900436
WALL 21232203 1 0 1706900437
WALL 21232203 1 0 1706900438
WALL 21232203 1 0 1706900439
WALL 21232203 1 0 1706900440
WALL 21232203 1 0 1706900441
WALL 21232203 1 0 1706900442
WALL 21232203 1 0 1706900443
WALL 21232203 1 0 1706900444
WALL 21232203 1 0 1706900445
WALL 21232203 1 0 1706900446
WALL 21232203 1 0 1706900447
WALL 21232203 1 0 1706900448
WALL 21232203 1 0 1706900449
WALL 21232203 1 0 1706900450
WALL 21232203 1 0 1706900451
WALL 21232203 1 0 1706900452
WALL 21232203 1 0 1706900453
WALL 21232203 1 0 1706900454
WALL 21232203 1 0 1706900455
WALL 21232203 1 0 1706900456
WALL 21232203 1 0 1706900457
WALL 21232203 1 0 1706900458
WALL 21232203 1 0 1706900459
WALL 21232203 1 0 1706900460
WALL 21232203 1 0 1706900461
WALL 21232203 1 0 1706900462
WALL 21232203 1 0 1706900463
WALL 21232203 1 0 1706900464
WALL 21232203 1 0 1706900465
WALL 21232203 1 0 1706900466
WALL 21232203 1 0 1706900467
WALL 21232203 1 0 1706900468
WALL 21232203 1 0 1706900469
WALL 21232203 1 0 1706900470
WALL 21232203 1 0 1706900471
WALL 21232203 1 0 1706900472
WALL 21232203 1 0 1706900473
WALL 21232203 1 0 1706900474
WALL 21232203 1 0 1706900475
WALL 21232203 1 0 1706900476
WALL 21232203 1 0 1706900477
WALL 21232203 1 0 1706900478
WALL 21232203 1 0 1706900479
WALL 21232203 1 0 1706900480
WALL 21232203 1 0 1706900481
WALL 21232203 1 0 1706900482
WALL 21232203 1 0 1706900483
WALL 21232203 1 0 1706900484
WALL 21232203 1 0 1706900485
WALL 21232203 1 0 1706900486
WALL 21232203 1 0 1706900487
WALL 21232203 1 0 1706900488
WALL 21232203 1 0 1706900489
WALL 21232203 1 0 1706900490
WALL 21232203 1 0 1706900491
WALL 21232203 1 0 1706900492
WALL 21232203 1 0 1706900493
WALL 21232203 1 0 1706900494
WALL 21232203 1 0 1706900495
WALL 21232203 1 0 1706900496
WALL 21232203 1 0 1706900497
WALL 21232203 1 0 1706900498
WALL 21232203 1 0 1706900499
WALL 21232203 1 0 1706900500
WALL 21232203 1 0 1706900501
WALL 21232203 1 0 1706900502
WALL 21232203 1 0 1706900503
WALL 21232203 1 0 1706900504
WALL 21232203 1 0 1706900505
WALL 21232203 1 0 1706900506
WALL 21232203 1 0 1706900507
WALL 21232203 1 0 1706900508
WALL 21232203 1 0 1706900509
WALL 21232203 1 0 1706900510
WALL 21232203 1 0 1706900511
WALL 21232203 1 0 1706900512
WALL 21232203 1 0 1706900513
WALL 21232203 1 0 1706900514
WALL 21232203 1 0 1706900515
WALL 21232203 1 0 1706900516
WALL 21232203 1 0 1706900517
WALL 21232203 1 0 1706900518
WALL 21232203 1 0 1706900519
WALL 21232203 1 0 1706900520
WALL 21232203 1 0 1706900521
WALL 21232203 1 0 1706900522
WALL 21232203 1 0 1706900523
WALL 21232203 1 0 1706900524
WALL 21232203 1 0 1706900525
WALL 21232203 1 0 1706900526
WALL 21232203 1 0 1706900527
WALL 21232203 1 0 1706900528
WALL 21232203 1 0 1706900529
WALL 21232203 1 0 1706900530
WALL 21232203 1 0 1706900531
WALL 21232203 1 0 1706900532
WALL 21232203 1 0 1706900533
WALL 21232203 1 0 1706900534
WALL 21232203 1 0 1706900535
WALL 21232203 1 0 1706900536
WALL 21232203 1 0 1706900537
WALL 21232203 1 0 1706900538
WALL 21232203 1 0 1706900539
WALL 21232203 1 0 1706900540
WALL 21232203 1 0 1706900541
WALL 21232203 1 0 1706900542
WALL 21232203 1 0 1706900543
WALL 21232203 1 0 1706900544
WALL 21232203 1 0 1706900545
WALL 21232203 1 0 1706900546
WALL 21232203 1 0 1706900547
WALL 21232203 1 0 1706900548
WALL 21232203 1 0 1706900549
WALL 21232203 1 0 1706900550
WALL 21232203 1 0 1706900551
WALL 21232203 1 0 1706900552
WALL 21232203 1 0 1706900553
WALL 21232203 1 0 1706900554
WALL 21232203 1 0 1706900555
WALL 21232203 1 0 1706900556
WALL 21232203 1 0 1706900557
WALL 21232203 1 0 1706900558
WALL 21232203 1 0 1706900559
WALL 21232203 1 0 1706900560
WALL 21232203 1 0 1706900561
WALL 21232203 1 0 1706900562
WALL 21232203 1 0 1706900563
WALL 21232203 1 0 1706900564
WALL 21232203 1 0 1706900565
WALL 21232203 1 0 1706900566
WALL 21232203 1 0 1706900567
WALL 21232203 1 0 1706900568
WALL 21232203 1 0 1706900569
WALL 21232203 1 0 1706900570
WALL 21232203 1 0 1706900571
WALL 21232203 1 0 1706900572
WALL 21232203 1 0 1706900573
WALL 21232203 1 0 1706900574
WALL 21232203 1 0 1706900575
WALL 21232203 1 0 1706900576
WALL 21232203 1 0 1706900577
WALL 21232203 1 0 1706900578
WALL 21232203 1 0 1706900579
WALL 21232203 1 0 1706900580
WALL 21232203 1 0 1706900581
WALL 21232203 1 0 1706900582
WALL 21232203 1 0 1706900583
WALL 21232203 1 0 1706900584
WALL 21232203 1 0 1706900585
WALL 21232203 1 0 1706900586
WALL 21232203 1 0 1706900587
WALL 21232203 1 0 1706900588
WALL 21232203 1 0 1706900589
WALL 21232203 1 0 1706900590
WALL 21232203 1 0 1706900591
WALL 21232203 1 0 1706900592
WALL 21232203 1 0 1706900593
WALL 21232203 1 0 1706900594
WALL 21232203 1 0 1706900595
WALL 21232203 1 0 1706900596
WALL 21232203 1 0 1706900597
WALL 21232203 1 0 1706900598
WALL 21232203 1 0 1706900599
WALL 21232203 1 0 1706900600
WALL 21232203 1 0 1706900601
WALL 21232203 1 0 1706900602
WALL 21232203 1 0 1706900603
WALL 21232203 1 0 1706900604
WALL 21232203 1 0 1706900605
WALL 21232203 1 0 1706900606
WALL 21232203 1 0 1706900607
WALL 21232203 1 0 1706900608
WALL 21232203 1 0 1706900609
WALL 21232203 1 0 1706900610
WALL 21232203 1 0 1706900611
WALL 21232203 1 0 1706900612
WALL 21232203 1 0 1706900613
WALL 21232203 1 0 1706900614
WALL 21232203 1 0 1706900615
WALL 21232203 1 0 1706900616
WALL 21232203 1 0 1706900617
WALL 21232203 1 0 1706900618
WALL 21232203 1 0 1706900619
WALL 21232203 1 0 1706900620
WALL 21232203 1 0 1706900621
WALL 21232203 1 0 1706900622
WALL 21232203 1 0 1706900623
WALL 21232203 1 0 1706900624
WALL 21232203 1 0 1706900625
WALL 21232203 1 0 1706900626
WALL 21232203 1 0 1706900627
WALL 21232203 1 0 1706900628
WALL 21232203 1 0 1706900629
WALL 21232203 1 0 1706900630
WALL 21232203 1 0 1706900631
WALL 21232203 1 0 1706900632
WALL 21232203 1 0 1706900633
WALL 21232203 1 0 1706900634
WALL 21232203 1 0 1706900635
WALL 21232203 1 0 1706900636
WALL 21232203 1 0 1706900637
WALL 21232203 1 0 1706900638
WALL 21232203 1 0 1706900639
WALL 21232203 1 0 1706900640
WALL 21232203 1 0 1706900641
WALL 21232203 1 0 1706900642
WALL 21232203 1 0 1706900643
WALL 21232203 1 0 1706900644
WALL 21232203 1 0 1706900645
WALL 21232203 1 0 1706900646
WALL 21232203 1 0 1706900647
WALL 21232203 1 0 1706900648
WALL 21232203 1 0 1706900649
WALL 21232203 1 0 1706900650
WALL 21232203 1 0 1706900651
WALL 21232203 1 0 1706900652
WALL 21232203 1 0 1706900653
WALL 21232203 1 0 1706900654
WALL 21232203 1 0 1706900655
WALL 21232203 1 0 1706900656
WALL 21232203 1 0 1706900657
WALL 21232203 1 0 1706900658
WALL 21232203 1 0 1706900659
WALL 21232203 1 0 1706900660
WALL 21232203 1 0 1706900661
WALL 21232203 1 0 1706900662
WALL 21232203 1 0 1706900663
WALL 21232203 1 0 1706900664
WALL 21232203 1 0 1706900665
WALL 21232203 1 0 1706900666
WALL 21232203 1 0 1706900667
WALL 21232203 1 0 1706900668
WALL 21232203 1 0 1706900669
WALL 21232203 1 0 1706900670
WALL 21232203 1 0 1706900671
WALL 21232203 1 0 1706900672
WALL 21232203 1 0 1706900673
WALL 21232203 1 0 1706900674
WALL 21232203 1 0 1706900675
WALL 21232203 1 0 1706900676
WALL 21232203 1 0 1706900677
WALL 21232203 1 0 1706900678
WALL 21232203 1 0 1706900679
WALL 21232203 1 0 1706900680
WALL 21232203 1 0 1706900681
WALL 21232203 1 0 1706900682
WALL 21232203 1 0 1706900683
WALL 21232203 1 0 1706900684
WALL 21232203 1 0 1706900685
WALL 21232203 1 0 1706900686
WALL 21232203 1 0 1706900687
WALL 21232203 1 0 1706900688
WALL 21232203 1 0 1706900689
WALL 21232203 1 0 1706900690
WALL 21232203 1 0 1706900691
WALL 21232203 1 0 1706900692
WALL 21232203 1 0 1706900693
WALL 21232203 1 0 1706900694
WALL 21232203 1 0 1706900695
WALL 21232203 1 0 1706900696
WALL 21232203 1 0 1706900697
WALL 21232203 1 0 1706900698
WALL 21232203 1 0 1706900699
WALL 21232203 1 0 1706900700
WALL 21232203 1 0 1706900701
WALL 21232203 1 0 1706900702
WALL 21232203 1 0 1706900703
WALL 21232203 1 0 1706900704
WALL 21232203 1 0 1706900705
WALL 21232203 1 0 1706900706
WALL 21232203 1 0 1706900707
WALL 21232203 1 0 1706900708
WALL 21232203 1 0 1706900709
WALL 21232203 1 0 1706900710
WALL 21232203 1 0 1706900711
WALL 21232203 1 0 1706900712
WALL 21232203 1 0 1706900713
WALL 21232203 1 0 1706900714
WALL 21232203 1 0 1706900715
WALL 21232203 1 0 1706900716
WALL 21232203 1 0 1706900717
WALL 21232203 1 0 1706900718
WALL 21232203 1 0 1706900719
WALL 21232203 1 0 1706900720
WALL 21232203 1 0 1706900721
WALL 21232203 1 0 1706900722
WALL 21232203 1 0 1706900723
WALL 21232203 1 0 1706900724
WALL 21232203 1 0 1706900725
WALL 21232203 1 0 1706900726
WALL 21232203 1 0 1706900727
WALL 21232203 1 0 1706900728
WALL 21232203 1 0 1706900729
WALL 21232203 1 0 1706900730
WALL 21232203 1 0 1706900731
WALL 21232203 1 0 1706900732
WALL 21232203 1 0 1706900733
WALL 21232203 1 0 1706900734
WALL 21232203 1 0 1706900735
WALL 21232203 1 0 1706900736
WALL 21232203 1 0 1706900737
WALL 21232203 1 0 1706900738
WALL 21232203 1 0 1706900739
WALL 21232203 1 0 1706900740
WALL 21232203 1 0 1706900741
WALL 21232203 1 0 1706900742
WALL 21232203 1 0 1706900743
WALL 21232203 1 0 1706900744
WALL 21232203 1 0 1706900745
WALL 21232203 1 0 1706900746
WALL 21232203 1 0 1706900747
WALL 21232203 1 0 1706900748
WALL 21232203 1 0 1706900749
WALL 21232203 1 0 1706900750
WALL 21232203 1 0 1706900751
WALL 21232203 1 0 1706900752
WALL 21232203 1 0 1706900753
WALL 21232203 1 0 1706900754
WALL 21232203 1 0 1706900755
WALL 21232203 1 0 1706900756
WALL 21232203 1 0 1706900757
WALL 21232203 1 0 1706900758
WALL 21232203 1 0 1706900759
WALL 21232203 1 0 1706900760
WALL 21232203 1 0 1706900761
WALL 21232203 1 0 1706900762
WALL 21232203 1 0 1706900763
WALL 21232203 1 0 1706900764
WALL 21232203 1 0 1706900765
WALL 21232203 1 0 1706900766
WALL 21232203 1 0 1706900767
WALL 21232203 1 0 1706900768
WALL 21232203 1 0 1706900769
WALL 21232203 1 0 1706900770
WALL 21232203 1 0 1706900771
WALL 21232203 1 0 1706900772
WALL 21232203 1 0 1706900773
WALL 21232203 1 0 1706900774
WALL 21232203 1 0 1706900775
WALL 21232203 1 0 1706900776
WALL 21232203 1 0 1706900777
WALL 21232203 1 0 1706900778
WALL 21232203 1 0 1706900779
WALL 21232203 1 0 1706900780
WALL 21232203 1 0 1706900781
WALL 21232203 1 0 1706900782
WALL 21232203 1 0 1706900783
WALL 21232203 1 0 1706900784
WALL 21232203 1 0 1706900785
WALL 21232203 1 0 1706900786
WALL 21232203 1 0 1706900787
WALL 21232203 1 0 1706900788
WALL 21232203 1 0 1706900789
WALL 21232203 1 0 1706900790
WALL 21232203 1 0 1706900791
WALL 21232203 1 0 1706900792
WALL 21232203 1 0 1706900793
WALL 21232203 1 0 1706900794
WALL 21232203 1 0 1706900795
WALL 21232203 1 0 1706900796
WALL 21232203 1 0 1706900797
WALL 21232203 1 0 1706900798
WALL 21232203 1 0 1706900799
WALL 21232203 1 0 1706900800
WALL 21232203 1 0 1706900801
WALL 21232203 1 0 1706900802
WALL 21232203 1 0 1706900803
WALL 21232203 1 0 1706900804
WALL 21232203 1 0 1706900805
WALL 21232203 1 0 1706900806
WALL 21232203 1 0 1706900807
WALL 21232203 1 0 1706900808
WALL 21232203 1 0 1706900809
WALL 21232203 1 0 1706900810
WALL 21232203 1 0 1706900811
WALL 21232203 1 0 1706900812
WALL 21232203 1 0 1706900813
WALL 21232203 1 0 1706900814
WALL 21232203 1 0 1706900815
WALL 21232203 1 0 1706900816
WALL 21232203 1 0 1706900817
WALL 21232203 1 0 1706900818
WALL 21232203 1 0 1706900819
WALL 21232203 1 0 1706900820
WALL 21232203 1 0 1706900821
WALL 21232203 1 0 1706900822
WALL 21232203 1 0 1706900823
WALL 21232203 1 0 1706900824
WALL 21232203 1 0 1706900825
WALL 21232203 1 0 1706900826
WALL 21232203 1 0 1706900827
WALL 21232203 1 0 1706900828
WALL 21232203 1 0 1706900829
WALL 21232203 1 0 1706900830
WALL 21232203 1 0 1706900831
WALL 21232203 1 0 1706900832
WALL 21232203 1 0 1706900833
WALL 21232203 1 0 1706900834
WALL 21232203 1 0 1706900835
WALL 21232203 1 0 1706900836
WALL 21232203 1 0 1706900837
WALL 21232203 1 0 1706900838
WALL 21232203 1 0 1706900839
WALL 21232203 1 0 1706900840
WALL 21232203 1 0 1706900841
WALL 21232203 1 0 1706900842
WALL 21232203 1 0 1706900843
WALL 21232203 1 0 1706900844
WALL 21232203 1 0 1706900845
WALL 21232203 1 0 1706900846
WALL 21232203 1 0 1706900847
WALL 21232203 1 0 1706900848
WALL 21232203 1 0 1706900849
WALL 21232203 1 0 1706900850
WALL 21232203 1 0 1706900851
WALL 21232203 1 0 1706900852
WALL 21232203 1 0 1706900853
WALL 21232203 1 0 1706900854
WALL 21232203 1 0 1706900855
WALL 21232203 1 0 1706900856
WALL 21232203 1 0 1706900857
WALL 21232203 1 0 1706900858
WALL 21232203 1 0 1706900859
WALL 21232203 1 0 1706900860
WALL 21232203 1 0 1706900861
WALL 21232203 1 0 1706900862
WALL 21232203 1 0 1706900863
WALL 21232203 1 0 1706900864
WALL 21232203 1 0 1706900865
WALL 21232203 1 0 1706900866
WALL 21232203 1 0 1706900867
WALL 21232203 1 0 1706900868
WALL 21232203 1 0 1706900869
WALL 21232203 1 0 1706900870
WALL 21232203 1 0 1706900871
WALL 21232203 1 0 1706900872
WALL 21232203 1 0 1706900873
WALL 21232203 1 0 1706900874
WALL 21232203 1 0 1706900875
WALL 21232203 1 0 1706900876
WALL 21232203 1 0 1706900877
WALL 21232203 1 0 1706900878
WALL 21232203 1 0 1706900879
WALL 21232203 1 0 1706900880
WALL 21232203 1 0 1706900881
WALL 21232203 1 0 1706900882
WALL 21232203 1 0 1706900883
WALL 21232203 1 0 1706900884
WALL 21232203 1 0 1706900885
WALL 21232203 1 0 1706900886
WALL 21232203 1 0 1706900887
WALL 21232203 1 0 1706900888
WALL 21232203 1 0 1706900889
WALL 21232203 1 0 1706900890
WALL 21232203 1 0 1706900891
WALL 21232203 1 0 1706900892
WALL 21232203 1 0 1706900893
WALL 21232203 1 0 1706900894
WALL 21232203 1 0 1706900895
WALL 21232203 1 0 1706900896
WALL 21232203 1 0 1706900897
WALL 21232203 1 0 1706900898
WALL 21232203 1 0 1706900899
WALL 21232203 1 0 1706900900
WALL 21232203 1 0 1706900901
WALL 21232203 1 0 1706900902
WALL 21232203 1 0 1706900903
WALL 21232203 1 0 1706900904
WALL 21232203 1 0 1706900905
WALL 21232203 1 0 1706900906
WALL 21232203 1 0 1706900907
WALL 21232203 1 0 1706900908
WALL 21232203 1 0 1706900909
WALL 21232203 1 0 1706900910
WALL 21232203 1 0 1706900911
WALL 21232203 1 0 1706900912
WALL 21232203 1 0 1706900913
WALL 21232203 1 0 1706900914
WALL 21232203 1 0 1706900915
WALL 21232203 1 0 1706900916
WALL 21232203 1 0 1706900917
WALL 21232203 1 0 1706900918
WALL 21232203 1 0 1706900919
WALL 21232203 1 0 1706900920
WALL 21232203 1 0 1706900921
WALL 21232203 1 0 1706900922
WALL 21232203 1 0 1706900923
WALL 21232203 1 0 1706900924
WALL 21232203 1 0 1706900925
WALL 21232203 1 0 1706900926
WALL 21232203 1 0 1706900927
WALL 21232203 1 0 1706900928
WALL 21232203 1 0 1706900929
WALL 21232203 1 0 1706900930
WALL 21232203 1 0 1706900931
WALL 21232203 1 0 1706900932
WALL 21232203 1 0 1706900933
WALL 21232203 1 0 1706900934
WALL 21232203 1 0 1706900935
WALL 21232203 1 0 1706900936
WALL 21232203 1 0 1706900937
WALL 21232203 1 0 1706900938
WALL 21232203 1 0 1706900939
WALL 21232203 1 0 1706900940
WALL 21232203 1 0 1706900941
WALL 21232203 1 0 1706900942
WALL 21232203 1 0 1706900943
WALL 21232203 1 0 1706900944
WALL 21232203 1 0 1706900945
WALL 21232203 1 0 1706900946
WALL 21232203 1 0 1706900947
WALL 21232203 1 0 1706900948
WALL 21232203 1 0 1706900949
WALL 21232203 1 0 1706900950
WALL 21232203 1 0 1706900951
WALL 21232203 1 0 1706900952
WALL 21232203 1 0 1706900953
WALL 21232203 1 0 1706900954
WALL 21232203 1 0 1706900955
WALL 21232203 1 0 1706900956
WALL 21232203 1 0 1706900957
WALL 21232203 1 0 1706900958
WALL 21232203 1 0 1706900959
WALL 21232203 1 0 1706900960
WALL 21232203 1 0 1706900961
WALL 21232203 1 0 1706900962
WALL 21232203 1 0 1706900963
WALL 21232203 1 0 1706900964
WALL 21232203 1 0 1706900965
WALL 21232203 1 0 1706900966
WALL 21232203 1 0 1706900967
WALL 21232203 1 0 1706900968
WALL 21232203 1 0 1706900969
WALL 21232203 1 0 1706900970
WALL 21232203 1 0 1706900971
WALL 21232203 1 0 1706900972
WALL 21232203 1 0 1706900973
WALL 21232203 1 0 1706900974
WALL 21232203 1 0 1706900975
WALL 21232203 1 0 1706900976
WALL 21232203 1 0 1706900977
WALL 21232203 1 0 1706900978
WALL 21232203 1 0 1706900979
WALL 21232203 1 0 1706900980
WALL 21232203 1 0 1706900981
WALL 21232203 1 0 1706900982
WALL 21232203 1 0 1706900983
WALL 21232203 1 0 1706900984
WALL 21232203 1 0 1706900985
WALL 21232203 1 0 1706900986
WALL 21232203 1 0 1706900987
WALL 21232203 1 0 1706900988
WALL 21232203 1 0 1706900989
WALL 21232203 1 0 1706900990
WALL 21232203 1 0 1706900991
WALL 21232203 1 0 1706900992
WALL 21232203 1 0 1706900993
WALL 21232203 1 0 1706900994
WALL 21232203 1 0 1706900995
WALL 21232203 1 0 1706900996
WALL 21232203 1 0 1706900997
WALL 21232203 1 0 1706900998
WALL 21232203 1 0 1706900999
WALL 21232203 1 0 1706901000
WALL 21232203 1 0 1706901001
WALL 21232203 1 0 1706901002
WALL 21232203 1 0 1706901003
WALL 21232203 1 0 1706901004
WALL 21232203 1 0 1706901005
WALL 21232203 1 0 1706901006
WALL 21232203 1 0 1706901007
WALL 21232203 1 0 1706901008
WALL 21232203 1 0 1706901009
WALL 21232203 1 0 1706901010
WALL 21232203 1 0 1706901011
WALL 21232203 1 0 1706901012
WALL 21232203 1 0 1706901013
WALL 21232203 1 0 1706901014
WALL 21232203 1 0 1706901015
WALL 21232203 1 0 1706901016
WALL 21232203 1 0 1706901017
WALL 21232203 1 0 1706901018
WALL 21232203 1 0 1706901019
WALL 21232203 1 0 1706901020
WALL 21232203 1 0 1706901021
WALL 21232203 1 0 1706901022
WALL 21232203 1 0 1706901023
WALL 21232203 1 0 1706901024
WALL 21232203 1 0 1706901025
WALL 21232203 1 0 1706901026
WALL 21232203 1 0 1706901027
WALL 21232203 1 0 1706901028
WALL 21232203 1 0 1706901029
WALL 21232203 1 0 1706901030
WALL 21232203 1 0 1706901031
WALL 21232203 1 0 1706901032
WALL 21232203 1 0 1706901033
WALL 21232203 1 0 1706901034
WALL 21232203 1 0 1706901035
WALL 21232203 1 0 1706901036
WALL 21232203 1 0 1706901037
WALL 21232203 1 0 1706901038
WALL 21232203 1 0 1706901039
WALL 21232203 1 0 1706901040
WALL 21232203 1 0 1706901041
WALL 21232203 1 0 1706901042
WALL 21232203 1 0 1706901043
WALL 21232203 1 0 1706901044
WALL 21232203 1 0 1706901045
WALL 21232203 1 0 1706901046
WALL 21232203 1 0 1706901047
WALL 21232203 1 0 1706901048
WALL 21232203 1 0 1706901049
WALL 21232203 1 0 1706901050
WALL 21232203 1 0 1706901051
WALL 21232203 1 0 1706901052
WALL 21232203 1 0 1706901053
WALL 21232203 1 0 1706901054
WALL 21232203 1 0 1706901055
WALL 21232203 1 0 1706901056
WALL 21232203 1 0 1706901057
WALL 21232203 1 0 1706901058
WALL 21232203 1 0 1706901059
WALL 21232203 1 0 1706901060
WALL 21232203 1 0 1706901061
WALL 21232203 1 0 1706901062
WALL 21232203 1 0 1706901063
WALL 21232203 1 0 1706901064
WALL 21232203 1 0 1706901065
WALL 21232203 1 0 1706901066
WALL 21232203 1 0 1706901067
WALL 21232203 1 0 1706901068
WALL 21232203 1 0 1706901069
WALL 21232203 1 0 1706901070
WALL 21232203 1 0 1706901071
WALL 21232203 1 0 1706901072
WALL 21232203 1 0 1706901073
WALL 21232203 1 0 1706901074
WALL 21232203 1 0 1706901075
WALL 21232203 1 0 1706901076
WALL 21232203 1 0 1706901077
WALL 21232203 1 0 1706901078
WALL 21232203 1 0 1706901079
WALL 21232203 1 0 1706901080
WALL 21232203 1 0 1706901081
WALL 21232203 1 0 1706901082
WALL 21232203 1 0 1706901083
WALL 21232203 1 0 1706901084
WALL 21232203 1 0 1706901085
WALL 21232203 1 0 1706901086
WALL 21232203 1 0 1706901087
WALL 21232203 1 0 1706901088
WALL 21232203 1 0 1706901089
WALL 21232203 1 0 1706901090
WALL 21232203 1 0 1706901091
WALL 21232203 1 0 1706901092
WALL 21232203 1 0 1706901093
WALL 21232203 1 0 1706901094
WALL 21232203 1 0 1706901095
WALL 21232203 1 0 1706901096
WALL 21232203 1 0 1706901097
WALL 21232203 1 0 1706901098
WALL 21232203 1 0 1706901099
WALL 21232203 1 0 1706901100
WALL 21232203 1 0 1706901101
WALL 21232203 1 0 1706901102
WALL 21232203 1 0 1706901103
WALL 21232203 1 0 1706901104
WALL 21232203 1 0 1706901105
WALL 21232203 1 0 1706901106
WALL 21232203 1 0 1706901107
WALL 21232203 1 0 1706901108
WALL 21232203 1 0 1706901109
WALL 21232203 1 0 1706901110
WALL 21232203 1 0 1706901111
WALL 21232203 1 0 1706901112
WALL 21232203 1 0 1706901113
WALL 21232203 1 0 1706901114
WALL 21232203 1 0 1706901115
WALL 21232203 1 0 1706901116
WALL 21232203 1 0 1706901117
WALL 21232203 1 0 1706901118
WALL 21232203 1 0 1706901119
WALL 21232203 1 0 1706901120
WALL 21232203 1 0 1706901121
WALL 21232203 1 0 1706901122
WALL 21232203 1 0 1706901123
WALL 21232203 1 0 1706901124
WALL 21232203 1 0 1706901125
WALL 21232203 1 0 1706901126
WALL 21232203 1 0 1706901127
WALL 21232203 1 0 1706901128
WALL 21232203 1 0 1706901129
WALL 21232203 1 0 1706901130
WALL 21232203 1 0 1706901131
WALL 21232203 1 0 1706901132
WALL 21232203 1 0 1706901133
WALL 21232203 1 0 1706901134
WALL 21232203 1 0 1706901135
WALL 21232203 1 0 1706901136
WALL 21232203 1 0 1706901137
WALL 21232203 1 0 1706901138
WALL 21232203 1 0 1706901139
WALL 21232203 1 0 1706901140
WALL 21232203 1 0 1706901141
WALL 21232203 1 0 1706901142
WALL 21232203 1 0 1706901143
WALL 21232203 1 0 1706901144
WALL 21232203 1 0 1706901145
WALL 21232203 1 0 1706901146
WALL 21232203 1 0 1706901147
WALL 21232203 1 0 1706901148
WALL 21232203 1 0 1706901149
WALL 21232203 1 0 1706901150
WALL 21232203 1 0 1706901151
WALL 21232203 1 0 1706901152
WALL 21232203 1 0 1706901153
WALL 21232203 1 0 1706901154
WALL 21232203 1 0 1706901155
WALL 21232203 1 0 1706901156
WALL 21232203 1 0 1706901157
WALL 21232203 1 0 1706901158
WALL 21232203 1 0 1706901159
WALL 21232203 1 0 1706901160
WALL 21232203 1 0 1706901161
WALL 21232203 1 0 1706901162
WALL 21232203 1 0 1706901163
WALL 21232203 1 0 1706901164
WALL 21232203 1 0 1706901165
WALL 21232203 1 0 1706901166
WALL 21232203 1 0 1706901167
WALL 21232203 1 0 1706901168
WALL 21232203 1 0 1706901169
WALL 21232203 1 0 1706901170
WALL 21232203 1 0 1706901171
WALL 21232203 1 0 1706901172
WALL 21232203 1 0 1706901173
WALL 21232203 1 0 1706901174
WALL 21232203 1 0 1706901175
WALL 21232203 1 0 1706901176
WALL 21232203 1 0 1706901177
WALL 21232203 1 0 1706901178
WALL 21232203 1 0 1706901179
WALL 21232203 1 0 1706901180
WALL 21232203 1 0 1706901181
WALL 21232203 1 0 1706901182
WALL 21232203 1 0 1706901183
WALL 21232203 1 0 1706901184
WALL 21232203 1 0 1706901185
WALL 21232203 1 0 1706901186
WALL 21232203 1 0 1706901187
WALL 21232203 1 0 1706901188
WALL 21232203 1 0 1706901189
WALL 21232203 1 0 1706901190
WALL 21232203 1 0 1706901191
WALL 21232203 1 0 1706901192
WALL 21232203 1 0 1706901193
WALL 21232203 1 0 1706901194
WALL 21232203 1 0 1706901195
WALL 21232203 1 0 1706901196
WALL 21232203 1 0 1706901197
WALL 21232203 1 0 1706901198
WALL 21232203 1 0 1706901199
WALL 21232203 1 0 1706901200
WALL 21232203 1 0 1706901201
WALL 21232203 1 0 1706901202
WALL 21232203 1 0 1706901203
WALL 21232203 1 0 1706901204
WALL 21232203 1 0 1706901205
WALL 21232203 1 0 1706901206
WALL 21232203 1 0 1706901207
WALL 21232203 1 0 1706901208
WALL 21232203 1 0 1706901209
WALL 21232203 1 0 1706901210
WALL 21232203 1 0 1706901211
WALL 21232203 1 0 1706901212
WALL 21232203 1 0 1706901213
WALL 21232203 1 0 1706901214
WALL 21232203 1 0 1706901215
WALL 21232203 1 0 1706901216
WALL 21232203 1 0 1706901217
WALL 21232203 1 0 1706901218
WALL 21232203 1 0 1706901219
WALL 21232203 1 0 1706901220
WALL 21232203 1 0 1706901221
WALL 21232203 1 0 1706901222
WALL 21232203 1 0 1706901223
WALL 21232203 1 0 1706901224
WALL 21232203 1 0 1706901225
WALL 21232203 1 0 1706901226
WALL 21232203 1 0 1706901227
WALL 21232203 1 0 1706901228
WALL 21232203 1 0 1706901229
WALL 21232203 1 0 1706901230
WALL 21232203 1 0 1706901231
WALL 21232203 1 0 1706901232
WALL 21232203 1 0 1706901233
WALL 21232203 1 0 1706901234
WALL 21232203 1 0 1706901235
WALL 21232203 1 0 1706901236
WALL 21232203 1 0 1706901237
WALL 21232203 1 0 1706901238
WALL 21232203 1 0 1706901239
WALL 21232203 1 0 1706901240
WALL 21232203 1 0 1706901241
WALL 21232203 1 0 1706901242
WALL 21232203 1 0 1706901243
WALL 21232203 1 0 1706901244
WALL 21232203 1 0 1706901245
WALL 21232203 1 0 1706901246
WALL 21232203 1 0 1706901247
WALL 21232203 1 0 1706901248
WALL 21232203 1 0 1706901249
WALL 21232203 1 0 1706901250
WALL 21232203 1 0 1706901251
WALL 21232203 1 0 1706901252
WALL 21232203 1 0 1706901253
WALL 21232203 1 0 1706901254
WALL 21232203 1 0 1706901255
WALL 21232203 1 0 1706901256
WALL 21232203 1 0 1706901257
WALL 21232203 1 0 1706901258
WALL 21232203 1 0 1706901259
WALL 21232203 1 0 1706901260
WALL 21232203 1 0 1706901261
WALL 21232203 1 0 1706901262
WALL 21232203 1 0 1706901263
WALL 21232203 1 0 1706901264
WALL 21232203 1 0 1706901265
WALL 21232203 1 0 1706901266
WALL 21232203 1 0 1706901267
WALL 21232203 1 0 1706901268
WALL 21232203 1 0 1706901269
WALL 21232203 1 0 1706901270
WALL 21232203 1 0 1706901271
WALL 21232203 1 0 1706901272
WALL 21232203 1 0 1706901273
WALL 21232203 1 0 1706901274
WALL 21232203 1 0 1706901275
WALL 21232203 1 0 1706901276
WALL 21232203 1 0 1706901277
WALL 21232203 1 0 1706901278
WALL 21232203 1 0 1706901279
WALL 21232203 1 0 1706901280
WALL 21232203 1 0 1706901281
WALL 21232203 1 0 1706901282
WALL 21232203 1 0 1706901283
WALL 21232203 1 0 1706901284
WALL 21232203 1 0 1706901285
WALL 21232203 1 0 1706901286
WALL 21232203 1 0 1706901287
WALL 21232203 1 0 1706901288
WALL 21232203 1 0 1706901289
WALL 21232203 1 0 1706901290
WALL 21232203 1 0 1706901291
WALL 21232203 1 0 1706901292
WALL 21232203 1 0 1706901293
WALL 21232203 1 0 1706901294
WALL 21232203 1 0 1706901295
WALL 21232203 1 0 1706901296
WALL 21232203 1 0 1706901297
WALL 21232203 1 0 1706901298
WALL 21232203 1 0 1706901299
WALL 21232203 1 0 1706901300
WALL 21232203 1 0 1706901301
WALL 21232203 1 0 1706901302
WALL 21232203 1 0 1706901303
WALL 21232203 1 0 1706901304
WALL 21232203 1 0 1706901305
WALL 21232203 1 0 1706901306
WALL 21232203 1 0 1706901307
WALL 21232203 1 0 1706901308
WALL 21232203 1 0 1706901309
WALL 21232203 1 0 1706901310
WALL 21232203 1 0 1706901311
WALL 21232203 1 0 1706901312
WALL 21232203 1 0 1706901313
WALL 21232203 1 0 1706901314
WALL 21232203 1 0 1706901315
WALL 21232203 1 0 1706901316
WALL 21232203 1 0 1706901317
WALL 21232203 1 0 1706901318
WALL 21232203 1 0 1706901319
WALL 21232203 1 0 1706901320
WALL 21232203 1 0 1706901321
WALL 21232203 1 0 1706901322
WALL 21232203 1 0 1706901323
WALL 21232203 1 0 1706901324
WALL 21232203 1 0 1706901325
WALL 21232203 1 0 1706901326
WALL 21232203 1 0 1706901327
WALL 21232203 1 0 1706901328
WALL 21232203 1 0 1706901329
WALL 21232203 1 0 1706901330
WALL 21232203 1 0 1706901331
WALL 21232203 1 0 1706901332
WALL 21232203 1 0 1706901333
WALL 21232203 1 0 1706901334
WALL 21232203 1 0 1706901335
WALL 21232203 1 0 1706901336
WALL 21232203 1 0 1706901337
WALL 21232203 1 0 1706901338
WALL 21232203 1 0 1706901339
WALL 21232203 1 0 1706901340
WALL 21232203 1 0 1706901341
WALL 21232203 1 0 1706901342
WALL 21232203 1 0 1706901343
WALL 21232203 1 0 1706901344
WALL 21232203 1 0 1706901345
WALL 21232203 1 0 1706901346
WALL 21232203 1 0 1706901347
WALL 21232203 1 0 1706901348
WALL 21232203 1 0 1706901349
WALL 21232203 1 0 1706901350
WALL 21232203 1 0 1706901351
WALL 21232203 1 0 1706901352
WALL 21232203 1 0 1706901353
WALL 21232203 1 0 1706901354
WALL 21232203 1 0 1706901355
WALL 21232203 1 0 1706901356
WALL 21232203 1 0 1706901357
WALL 21232203 1 0 1706901358
WALL 21232203 1 0 1706901359
WALL 21232203 1 0 1706901360
WALL 21232203 1 0 1706901361
WALL 21232203 1 0 1706901362
WALL 21232203 1 0 1706901363
WALL 21232203 1 0 1706901364
WALL 21232203 1 0 1706901365
WALL 21232203 1 0 1706901366
WALL 21232203 1 0 1706901367
WALL 21232203 1 0 1706901368
WALL 21232203 1 0 1706901369
WALL 21232203 1 0 1706901370
WALL 21232203 1 0 1706901371
WALL 21232203 1 0 1706901372
WALL 21232203 1 0 1706901373
WALL 21232203 1 0 1706901374
WALL 21232203 1 0 1706901375
WALL 21232203 1 0 1706901376
WALL 21232203 1 0 1706901377
WALL 21232203 1 0 1706901378
WALL 21232203 1 0 1706901379
WALL 21232203 1 0 1706901380
WALL 21232203 1 0 1706901381
WALL 21232203 1 0 1706901382
WALL 21232203 1 0 1706901383
WALL 21232203 1 0 1706901384
WALL 21232203 1 0 1706901385
WALL 21232203 1 0 1706901386
WALL 21232203 1 0 1706901387
WALL 21232203 1 0 1706901388
WALL 21232203 1 0 1706901389
WALL 21232203 1 0 1706901390
WALL 21232203 1 0 1706901391
WALL 21232203 1 0 1706901392
WALL 21232203 1 0 1706901393
WALL 21232203 1 0 1706901394
WALL 21232203 1 0 1706901395
WALL 21232203 1 0 1706901396
WALL 21232203 1 0 1706901397
WALL 21232203 1 0 1706901398
WALL 21232203 1 0 1706901399
WALL 21232203 1 0 1706901400
WALL 21232203 1 0 1706901401
WALL 21232203 1 0 1706901402
WALL 21232203 1 0 1706901403
WALL 21232203 1 0 1706901404
WALL 21232203 1 0 1706901405
WALL 21232203 1 0 1706901406
WALL 21232203 1 0 1706901407
WALL 21232203 1 0 1706901408
WALL 21232203 1 0 1706901409
WALL 21232203 1 0 1706901410
WALL 21232203 1 0 1706901411
WALL 21232203 1 0 1706901412
WALL 21232203 1 0 1706901413
WALL 21232203 1 0 1706901414
WALL 21232203 1 0 1706901415
WALL 21232203 1 0 1706901416
WALL 21232203 1 0 1706901417
WALL 21232203 1 0 1706901418
WALL 21232203 1 0 1706901419
WALL 21232203 1 0 1706901420
WALL 21232203 1 0 1706901421
WALL 21232203 1 0 1706901422
WALL 21232203 1 0 1706901423
WALL 21232203 1 0 1706901424
WALL 21232203 1 0 1706901425
WALL 21232203 1 0 1706901426
WALL 21232203 1 0 1706901427
WALL 21232203 1 0 1706901428
WALL 21232203 1 0 1706901429
WALL 21232203 1 0 1706901430
WALL 21232203 1 0 1706901431
WALL 21232203 1 0 1706901432
WALL 21232203 1 0 1706901433
WALL 21232203 1 0 1706901434
WALL 21232203 1 0 1706901435
WALL 21232203 1 0 1706901436
WALL 21232203 1 0 1706901437
WALL 21232203 1 0 1706901438
WALL 21232203 1 0 1706901439
WALL 21232203 1 0 1706901440
WALL 21232203 1 0 1706901441
WALL 21232203 1 0 1706901442
WALL 21232203 1 0 1706901443
WALL 21232203 1 0 1706901444
WALL 21232203 1 0 1706901445
WALL 21232203 1 0 1706901446
WALL 21232203 1 0 1706901447
WALL 21232203 1 0 1706901448
WALL 21232203 1 0 1706901449
WALL 21232203 1 0 1706901450
WALL 21232203 1 0 1706901451
WALL 21232203 1 0 1706901452
WALL 21232203 1 0 1706901453
WALL 21232203 1 0 1706901454
WALL 21232203 1 0 1706901455
WALL 21232203 1 0 1706901456
WALL 21232203 1 0 1706901457
WALL 21232203 1 0 1706901458
WALL 21232203 1 0 1706901459
WALL 21232203 1 0 1706901460
WALL 21232203 1 0 1706901461
WALL 21232203 1 0 1706901462
WALL 21232203 1 0 1706901463
WALL 21232203 1 0 1706901464
WALL 21232203 1 0 1706901465
WALL 21232203 1 0 1706901466
WALL 21232203 1 0 1706901467
WALL 21232203 1 0 1706901468
WALL 21232203 1 0 1706901469
WALL 21232203 1 0 1706901470
WALL 21232203 1 0 1706901471
WALL 21232203 1 0 1706901472
WALL 21232203 1 0 1706901473
WALL 21232203 1 0 1706901474
WALL 21232203 1 0 1706901475
WALL 21232203 1 0 1706901476
WALL 21232203 1 0 1706901477
WALL 21232203 1 0 1706901478
WALL 21232203 1 0 1706901479
WALL 21232203 1 0 1706901480
WALL 21232203 1 0 1706901481
WALL 21232203 1 0 1706901482
WALL 21232203 1 0 1706901483
WALL 21232203 1 0 1706901484
WALL 21232203 1 0 1706901485
WALL 21232203 1 0 1706901486
WALL 21232203 1 0 1706901487
WALL 21232203 1 0 1706901488
WALL 21232203 1 0 1706901489
WALL 21232203 1 0 1706901490
WALL 21232203 1 0 1706901491
WALL 21232203 1 0 1706901492
WALL 21232203 1 0 1706901493
WALL 21232203 1 0 1706901494
WALL 21232203 1 0 1706901495
WALL 21232203 1 0 1706901496
WALL 21232203 1 0 1706901497
WALL 21232203 1 0 1706901498
WALL 21232203 1 0 1706901499
WALL 21232203 1 0 1706901500
WALL 21232203 1 0 1706901501
WALL 21232203 1 0 1706901502
WALL 21232203 1 0 1706901503
WALL 21232203 1 0 1706901504
WALL 21232203 1 0 1706901505
WALL 21232203 1 0 1706901506
WALL 21232203 1 0 1706901507
WALL 21232203 1 0 1706901508
WALL 21232203 1 0 1706901509
WALL 21232203 1 0 1706901510
WALL 21232203 1 0 1706901511
WALL 21232203 1 0 1706901512
WALL 21232203 1 0 1706901513
WALL 21232203 1 0 1706901514
WALL 21232203 1 0 1706901515
WALL 21232203 1 0 1706901516
WALL 21232203 1 0 1706901517
WALL 21232203 1 0 1706901518
WALL 21232203 1 0 1706901519
WALL 21232203 1 0 1706901520
WALL 21232203 1 0 1706901521
WALL 21232203 1 0 1706901522
WALL 21232203 1 0 1706901523
WALL 21232203 1 0 1706901524
WALL 21232203 1 0 1706901525
WALL 21232203 1 0 1706901526
WALL 21232203 1 0 1706901527
WALL 21232203 1 0 1706901528
WALL 21232203 1 0 1706901529
WALL 21232203 1 0 1706901530
WALL 21232203 1 0 1706901531
WALL 21232203 1 0 1706901532
WALL 21232203 1 0 1706901533
WALL 21232203 1 0 1706901534
WALL 21232203 1 0 1706901535
WALL 21232203 1 0 1706901536
WALL 21232203 1 0 1706901537
WALL 21232203 1 0 1706901538
WALL 21232203 1 0 1706901539
WALL 21232203 1 0 1706901540
WALL 21232203 1 0 1706901541
WALL 21232203 1 0 1706901542
WALL 21232203 1 0 1706901543
WALL 21232203 1 0 1706901544
WALL 21232203 1 0 1706901545
WALL 21232203 1 0 1706901546
WALL 21232203 1 0 1706901547
WALL 21232203 1 0 1706901548
WALL 21232203 1 0 1706901549
WALL 21232203 1 0 1706901550
WALL 21232203 1 0 1706901551
WALL 21232203 1 0 1706901552
WALL 21232203 1 0 1706901553
WALL 21232203 1 0 1706901554
WALL 21232203 1 0 1706901555
WALL 21232203 1 0 1706901556
WALL 21232203 1 0 1706901557
WALL 21232203 1 0 1706901558
WALL 21232203 1 0 1706901559
WALL 21232203 1 0 1706901560
WALL 21232203 1 0 1706901561
WALL 21232203 1 0 1706901562
WALL 21232203 1 0 1706901563
WALL 21232203 1 0 1706901564
WALL 21232203 1 0 1706901565
WALL 21232203 1 0 1706901566
WALL 21232203 1 0 1706901567
WALL 21232203 1 0 1706901568
WALL 21232203 1 0 1706901569
WALL 21232203 1 0 1706901570
WALL 21232203 1 0 1706901571
WALL 21232203 1 0 1706901572
WALL 21232203 1 0 1706901573
WALL 21232203 1 0 1706901574
WALL 21232203 1 0 1706901575
WALL 21232203 1 0 1706901576
WALL 21232203 1 0 1706901577
WALL 21232203 1 0 1706901578
WALL 21232203 1 0 1706901579
WALL 21232203 1 0 1706901580
WALL 21232203 1 0 1706901581
WALL 21232203 1 0 1706901582
WALL 21232203 1 0 1706901583
WALL 21232203 1 0 1706901584
WALL 21232203 1 0 1706901585
WALL 21232203 1 0 1706901586
WALL 21232203 1 0 1706901587
WALL 21232203 1 0 1706901588
WALL 21232203 1 0 1706901589
WALL 21232203 1 0 1706901590
WALL 21232203 1 0 1706901591
WALL 21232203 1 0 1706901592
WALL 21232203 1 0 1706901593
WALL 21232203 1 0 1706901594
WALL 21232203 1 0 1706901595
WALL 21232203 1 0 1706901596
WALL 21232203 1 0 1706901597
WALL 21232203 1 0 1706901598
WALL 21232203 1 0 1706901599
WALL 21232203 1 0 1706901600
WALL 21232203 1 0 1706901601
WALL 21232203 1 0 1706901602
WALL 21232203 1 0 1706901603
WALL 21232203 1 0 1706901604
WALL 21232203 1 0 1706901605
WALL 21232203 1 0 1706901606
WALL 21232203 1 0 1706901607
WALL 21232203 1 0 1706901608
WALL 21232203 1 0 1706901609
WALL 21232203 1 0 1706901610
WALL 21232203 1 0 1706901611
WALL 21232203 1 0 1706901612
WALL 21232203 1 0 1706901613
WALL 21232203 1 0 1706901614
WALL 21232203 1 0 1706901615
WALL 21232203 1 0 1706901616
WALL 21232203 1 0 1706901617
WALL 21232203 1 0 1706901618
WALL 21232203 1 0 1706901619
WALL 21232203 1 0 1706901620
WALL 21232203 1 0 1706901621
WALL 21232203 1 0 1706901622
WALL 21232203 1 0 1706901623
WALL 21232203 1 0 1706901624
WALL 21232203 1 0 1706901625
WALL 21232203 1 0 1706901626
WALL 21232203 1 0 1706901627
WALL 21232203 1 0 1706901628
WALL 21232203 1 0 1706901629
WALL 21232203 1 0 1706901630
WALL 21232203 1 0 1706901631
WALL 21232203 1 0 1706901632
WALL 21232203 1 0 1706901633
WALL 21232203 1 0 1706901634
WALL 21232203 1 0 1706901635
WALL 21232203 1 0 1706901636
WALL 21232203 1 0 1706901637
WALL 21232203 1 0 1706901638
WALL 21232203 1 0 1706901639
WALL 21232203 1 0 1706901640
WALL 21232203 1 0 1706901641
WALL 21232203 1 0 1706901642
WALL 21232203 1 0 1706901643
WALL 21232203 1 0 1706901644
WALL 21232203 1 0 1706901645
WALL 21232203 1 0 1706901646
WALL 21232203 1 0 1706901647
WALL 21232203 1 0 1706901648
WALL 21232203 1 0 1706901649
WALL 21232203 1 0 1706901650
WALL 21232203 1 0 1706901651
WALL 21232203 1 0 1706901652
WALL 21232203 1 0 1706901653
WALL 21232203 1 0 1706901654
WALL 21232203 1 0 1706901655
WALL 21232203 1 0 1706901656
WALL 21232203 1 0 1706901657
WALL 21232203 1 0 1706901658
WALL 21232203 1 0 1706901659
WALL 21232203 1 0 1706901660
WALL 21232203 1 0 1706901661
WALL 21232203 1 0 1706901662
WALL 21232203 1 0 1706901663
WALL 21232203 1 0 1706901664
WALL 21232203 1 0 1706901665
WALL 21232203 1 0 1706901666
WALL 21232203 1 0 1706901667
WALL 21232203 1 0 1706901668
WALL 21232203 1 0 1706901669
WALL 21232203 1 0 1706901670
WALL 21232203 1 0 1706901671
WALL 21232203 1 0 1706901672
WALL 21232203 1 0 1706901673
WALL 21232203 1 0 1706901674
WALL 21232203 1 0 1706901675
WALL 21232203 1 0 1706901676
WALL 21232203 1 0 1706901677
WALL 21232203 1 0 1706901678
WALL 21232203 1 0 1706901679
WALL 21232203 1 0 1706901680
WALL 21232203 1 0 1706901681
WALL 21232203 1 0 1706901682
WALL 21232203 1 0 1706901683
WALL 21232203 1 0 1706901684
WALL 21232203 1 0 1706901685
WALL 21232203 1 0 1706901686
WALL 21232203 1 0 1706901687
WALL 21232203 1 0 1706901688
WALL 21232203 1 0 1706901689
WALL 21232203 1 0 1706901690
WALL 21232203 1 0 1706901691
WALL 21232203 1 0 1706901692
WALL 21232203 1 0 1706901693
WALL 21232203 1 0 1706901694
WALL 21232203 1 0 1706901695
WALL 21232203 1 0 1706901696
WALL 21232203 1 0 1706901697
WALL 21232203 1 0 1706901698
WALL 21232203 1 0 1706901699
WALL 21232203 1 0 1706901700
WALL 21232203 1 0 1706901701
WALL 21232203 1 0 1706901702
WALL 21232203 1 0 1706901703
WALL 21232203 1 0 1706901704
WALL 21232203 1 0 1706901705
WALL 21232203 1 0 1706901706
WALL 21232203 1 0 1706901707
WALL 21232203 1 0 1706901708
WALL 21232203 1 0 1706901709
WALL 21232203 1 0 1706901710
WALL 21232203 1 0 1706901711
WALL 21232203 1 0 1706901712
WALL 21232203 1 0 1706901713
WALL 21232203 1 0 1706901714
WALL 21232203 1 0 1706901715
WALL 21232203 1 0 1706901716
WALL 21232203 1 0 1706901717
WALL 21232203 1 0 1706901718
WALL 21232203 1 0 1706901719
WALL 21232203 1 0 1706901720
WALL 21232203 1 0 1706901721
WALL 21232203 1 0 1706901722
WALL 21232203 1 0 1706901723
WALL 21232203 1 0 1706901724
WALL 21232203 1 0 1706901725
WALL 21232203 1 0 1706901726
WALL 21232203 1 0 1706901727
WALL 21232203 1 0 1706901728
WALL 21232203 1 0 1706901729
WALL 21232203 1 0 1706901730
WALL 21232203 1 0 1706901731
WALL 21232203 1 0 1706901732
WALL 21232203 1 0 1706901733
WALL 21232203 1 0 1706901734
WALL 21232203 1 0 1706901735
WALL 21232203 1 0 1706901736
WALL 21232203 1 0 1706901737
WALL 21232203 1 0 1706901738
WALL 21232203 1 0 1706901739
WALL 21232203 1 0 1706901740
WALL 21232203 1 0 1706901741
WALL 21232203 1 0 1706901742
WALL 21232203 1 0 1706901743
WALL 21232203 1 0 1706901744
WALL 21232203 1 0 1706901745
WALL 21232203 1 0 1706901746
WALL 21232203 1 0 1706901747
WALL 21232203 1 0 1706901748
WALL 21232203 1 0 1706901749
WALL 21232203 1 0 1706901750
WALL 21232203 1 0 1706901751
WALL 21232203 1 0 1706901752
WALL 21232203 1 0 1706901753
WALL 21232203 1 0 1706901754
WALL 21232203 1 0 1706901755
WALL 21232203 1 0 1706901756
WALL 21232203 1 0 1706901757
WALL 21232203 1 0 1706901758
WALL 21232203 1 0 1706901759
WALL 21232203 1 0 1706901760
WALL 21232203 1 0 1706901761
WALL 21232203 1 0 1706901762
WALL 21232203 1 0 1706901763
WALL 21232203 1 0 1706901764
WALL 21232203 1 0 1706901765
WALL 21232203 1 0 1706901766
WALL 21232203 1 0 1706901767
WALL 21232203 1 0 1706901768
WALL 21232203 1 0 1706901769
WALL 21232203 1 0 1706901770
WALL 21232203 1 0 1706901771
WALL 21232203 1 0 1706901772
WALL 21232203 1 0 1706901773
WALL 21232203 1 0 1706901774
WALL 21232203 1 0 1706901775
WALL 21232203 1 0 1706901776
WALL 21232203 1 0 1706901777
WALL 21232203 1 0 1706901778
WALL 21232203 1 0 1706901779
WALL 21232203 1 0 1706901780
WALL 21232203 1 0 1706901781
WALL 21232203 1 0 1706901782
WALL 21232203 1 0 1706901783
WALL 21232203 1 0 1706901784
WALL 21232203 1 0 1706901785
WALL 21232203 1 0 1706901786
WALL 21232203 1 0 1706901787
WALL 21232203 1 0 1706901788
WALL 21232203 1 0 1706901789
WALL 21232203 1 0 1706901790
WALL 21232203 1 0 1706901791
WALL 21232203 1 0 1706901792
WALL 21232203 1 0 1706901793
WALL 21232203 1 0 1706901794
WALL 21232203 1 0 1706901795
WALL 21232203 1 0 1706901796
WALL 21232203 1 0 1706901797
WALL 21232203 1 0 1706901798
WALL 21232203 1 0 1706901799
WALL 21232203 1 0 1706901800
WALL 21232203 1 0 1706901801
WALL 21232203 1 0 1706901802
WALL 21232203 1 0 1706901803
WALL 21232203 1 0 1706901804
WALL 21232203 1 0 1706901805
WALL 21232203 1 0 1706901806
WALL 21232203 1 0 1706901807
WALL 21232203 1 0 1706901808
WALL 21232203 1 0 1706901809
WALL 21232203 1 0 1706901810
WALL 21232203 1 0 1706901811
WALL 21232203 1 0 1706901812
WALL 21232203 1 0 1706901813
WALL 21232203 1 0 1706901814
WALL 21232203 1 0 1706901815
WALL 21232203 1 0 1706901816
WALL 21232203 1 0 1706901817
WALL 21232203 1 0 1706901818
WALL 21232203 1 0 1706901819
WALL 21232203 1 0 1706901820
WALL 21232203 1 0 1706901821
WALL 21232203 1 0 1706901822
WALL 21232203 1 0 1706901823
WALL 21232203 1 0 1706901824
WALL 21232203 1 0 1706901825
WALL 21232203 1 0 1706901826
WALL 21232203 1 0 1706901827
WALL 21232203 1 0 1706901828
WALL 21232203 1 0 1706901829
WALL 21232203 1 0 1706901830
WALL 21232203 1 0 1706901831
WALL 21232203 1 0 1706901832
WALL 21232203 1 0 1706901833
WALL 21232203 1 0 1706901834
WALL 21232203 1 0 1706901835
WALL 21232203 1 0 1706901836
WALL 21232203 1 0 1706901837
WALL 21232203 1 0 1706901838
WALL 21232203 1 0 1706901839
WALL 21232203 1 0 1706901840
WALL 21232203 1 0 1706901841
WALL 21232203 1 0 1706901842
WALL 21232203 1 0 1706901843
WALL 21232203 1 0 1706901844
WALL 21232203 1 0 1706901845
WALL 21232203 1 0 1706901846
WALL 21232203 1 0 1706901847
WALL 21232203 1 0 1706901848
WALL 21232203 1 0 1706901849
WALL 21232203 1 0 1706901850
WALL 21232203 1 0 1706901851
WALL 21232203 1 0 1706901852
WALL 21232203 1 0 1706901853
WALL 21232203 1 0 1706901854
WALL 21232203 1 0 1706901855
WALL 21232203 1 0 1706901856
WALL 21232203 1 0 1706901857
WALL 21232203 1 0 1706901858
WALL 21232203 1 0 1706901859
WALL 21232203 1 0 1706901860
WALL 21232203 1 0 1706901861
WALL 21232203 1 0 1706901862
WALL 21232203 1 0 1706901863
WALL 21232203 1 0 1706901864
WALL 21232203 1 0 1706901865
WALL 21232203 1 0 1706901866
WALL 21232203 1 0 1706901867
WALL 21232203 1 0 1706901868
WALL 21232203 1 0 1706901869
WALL 21232203 1 0 1706901870
WALL 21232203 1 0 1706901871
WALL 21232203 1 0 1706901872
WALL 21232203 1 0 1706901873
WALL 21232203 1 0 1706901874
WALL 21232203 1 0 1706901875
WALL 21232203 1 0 1706901876
WALL 21232203 1 0 1706901877
WALL 21232203 1 0 1706901878
WALL 21232203 1 0 1706901879
WALL 21232203 1 0 1706901880
WALL 21232203 1 0 1706901881
WALL 21232203 1 0 1706901882
WALL 21232203 1 0 1706901883
WALL 21232203 1 0 1706901884
WALL 21232203 1 0 1706901885
WALL 21232203 1 0 1706901886
WALL 21232203 1 0 1706901887
WALL 21232203 1 0 1706901888
WALL 21232203 1 0 1706901889
WALL 21232203 1 0 1706901890
WALL 21232203 1 0 1706901891
WALL 21232203 1 0 1706901892
WALL 21232203 1 0 1706901893
WALL 21232203 1 0 1706901894
WALL 21232203 1 0 1706901895
WALL 21232203 1 0 1706901896
WALL 21232203 1 0 1706901897
WALL 21232203 1 0 1706901898
WALL 21232203 1 0 1706901899
WALL 21232203 1 0 1706901900
WALL 21232203 1 0 1706901901
WALL 21232203 1 0 1706901902
WALL 21232203 1 0 1706901903
WALL 21232203 1 0 1706901904
WALL 21232203 1 0 1706901905
WALL 21232203 1 0 1706901906
WALL 21232203 1 0 1706901907
WALL 21232203 1 0 1706901908
WALL 21232203 1 0 1706901909
WALL 21232203 1 0 1706901910
WALL 21232203 1 0 1706901911
WALL 21232203 1 0 1706901912
WALL 21232203 1 0 1706901913
WALL 21232203 1 0 1706901914
WALL 21232203 1 0 1706901915
WALL 21232203 1 0 1706901916
WALL 21232203 1 0 1706901917
WALL 21232203 1 0 1706901918
WALL 21232203 1 0 1706901919
WALL 21232203 1 0 1706901920
WALL 21232203 1 0 1706901921
WALL 21232203 1 0 1706901922
WALL 21232203 1 0 1706901923
WALL 21232203 1 0 1706901924
WALL 21232203 1 0 1706901925
WALL 21232203 1 0 1706901926
WALL 21232203 1 0 1706901927
WALL 21232203 1 0 1706901928
WALL 21232203 1 0 1706901929
WALL 21232203 1 0 1706901930
WALL 21232203 1 0 1706901931
WALL 21232203 1 0 1706901932
WALL 21232203 1 0 1706901933
WALL 21232203 1 0 1706901934
WALL 21232203 1 0 1706901935
WALL 21232203 1 0 1706901936
WALL 21232203 1 0 1706901937
WALL 21232203 1 0 1706901938
WALL 21232203 1 0 1706901939
WALL 21232203 1 0 1706901940
WALL 21232203 1 0 1706901941
WALL 21232203 1 0 1706901942
WALL 21232203 1 0 1706901943
WALL 21232203 1 0 1706901944
WALL 21232203 1 0 1706901945
WALL 21232203 1 0 1706901946
WALL 21232203 1 0 1706901947
WALL 21232203 1 0 1706901948
WALL 21232203 1 0 1706901949
WALL 21232203 1 0 1706901950
WALL 21232203 1 0 1706901951
WALL 21232203 1 0 1706901952
WALL 21232203 1 0 1706901953
WALL 21232203 1 0 1706901954
WALL 21232203 1 0 1706901955
WALL 21232203 1 0 1706901956
WALL 21232203 1 0 1706901957
WALL 21232203 1 0 1706901958
WALL 21232203 1 0 1706901959
WALL 21232203 1 0 1706901960
WALL 21232203 1 0 1706901961
WALL 21232203 1 0 1706901962
WALL 21232203 1 0 1706901963
WALL 21232203 1 0 1706901964
WALL 21232203 1 0 1706901965
WALL 21232203 1 0 1706901966
WALL 21232203 1 0 1706901967
WALL 21232203 1 0 1706901968
WALL 21232203 1 0 1706901969
WALL 21232203 1 0 1706901970
WALL 21232203 1 0 1706901971
WALL 21232203 1 0 1706901972
WALL 21232203 1 0 1706901973
WALL 21232203 1 0 1706901974
WALL 21232203 1 0 1706901975
WALL 21232203 1 0 1706901976
WALL 21232203 1 0 1706901977
WALL 21232203 1 0 1706901978
WALL 21232203 1 0 1706901979
WALL 21232203 1 0 1706901980
WALL 21232203 1 0 1706901981
WALL 21232203 1 0 1706901982
WALL 21232203 1 0 1706901983
WALL 21232203 1 0 1706901984
WALL 21232203 1 0 1706901985
WALL 21232203 1 0 1706901986
WALL 21232203 1 0 1706901987
WALL 21232203 1 0 1706901988
WALL 21232203 1 0 1706901989
WALL 21232203 1 0 1706901990
WALL 21232203 1 0 1706901991
WALL 21232203 1 0 1706901992
WALL 21232203 1 0 1706901993
WALL 21232203 1 0 1706901994
WALL 21232203 1 0 1706901995
WALL 21232203 1 0 1706901996
WALL 21232203 1 0 1706901997
WALL 21232203 1 0 1706901998
WALL 21232203 1 0 1706901999
WALL 21232203 1 0 1706902000
WALL 21232203 1 0 1706902001
WALL 21232203 1 0 1706902002
WALL 21232203 1 0 1706902003
WALL 21232203 1 0 1706902004
WALL 21232203 1 0 1706902005
WALL 21232203 1 0 1706902006
WALL 21232203 1 0 1706902007
WALL 21232203 1 0 1706902008
WALL 21232203 1 0 1706902009
WALL 21232203 1 0 1706902010
WALL 21232203 1 0 1706902011
WALL 21232203 1 0 1706902012
WALL 21232203 1 0 1706902013
WALL 21232203 1 0 1706902014
WALL 21232203 1 0 1706902015
WALL 21232203 1 0 1706902016
WALL 21232203 1 0 1706902017
WALL 21232203 1 0 1706902018
WALL 21232203 1 0 1706902019
WALL 21232203 1 0 1706902020
WALL 21232203 1 0 1706902021
WALL 21232203 1 0 1706902022
WALL 21232203 1 0 1706902023
WALL 21232203 1 0 1706902024
WALL 21232203 1 0 1706902025
WALL 21232203 1 0 1706902026
WALL 21232203 1 0 1706902027
WALL 21232203 1 0 1706902028
WALL 21232203 1 0 1706902029
WALL 21232203 1 0 1706902030
WALL 21232203 1 0 1706902031
WALL 21232203 1 0 1706902032
WALL 21232203 1 0 1706902033
WALL 21232203 1 0 1706902034
WALL 21232203 1 0 1706902035
WALL 21232203 1 0 1706902036
WALL 21232203 1 0 1706902037
WALL 21232203 1 0 1706902038
WALL 21232203 1 0 1706902039
WALL 21232203 1 0 1706902040
WALL 21232203 1 0 1706902041
WALL 21232203 1 0 1706902042
WALL 21232203 1 0 1706902043
WALL 21232203 1 0 1706902044
WALL 21232203 1 0 1706902045
WALL 21232203 1 0 1706902046
WALL 21232203 1 0 1706902047
WALL 21232203 1 0 1706902048
WALL 21232203 1 0 1706902049
WALL 21232203 1 0 1706902050
WALL 21232203 1 0 1706902051
WALL 21232203 1 0 1706902052
WALL 21232203 1 0 1706902053
WALL 21232203 1 0 1706902054
WALL 21232203 1 0 1706902055
WALL 21232203 1 0 1706902056
WALL 21232203 1 0 1706902057
WALL 21232203 1 0 1706902058
WALL 21232203 1 0 1706902059
WALL 21232203 1 0 1706902060
WALL 21232203 1 0 1706902061
WALL 21232203 1 0 1706902062
WALL 21232203 1 0 1706902063
WALL 21232203 1 0 1706902064
WALL 21232203 1 0 1706902065
WALL 21232203 1 0 1706902066
WALL 21232203 1 0 1706902067
WALL 21232203 1 0 1706902068
WALL 21232203 1 0 1706902069
WALL 21232203 1 0 1706902070
WALL 21232203 1 0 1706902071
WALL 21232203 1 0 1706902072
WALL 21232203 1 0 1706902073
WALL 21232203 1 0 1706902074
WALL 21232203 1 0 1706902075
WALL 21232203 1 0 1706902076
WALL 21232203 1 0 1706902077
WALL 21232203 1 0 1706902078
WALL 21232203 1 0 1706902079
WALL 21232203 1 0 1706902080
WALL 21232203 1 0 1706902081
WALL 21232203 1 0 1706902082
WALL 21232203 1 0 1706902083
WALL 21232203 1 0 1706902084
WALL 21232203 1 0 1706902085
WALL 21232203 1 0 1706902086
WALL 21232203 1 0 1706902087
WALL 21232203 1 0 1706902088
WALL 21232203 1 0 1706902089
WALL 21232203 1 0 1706902090
WALL 21232203 1 0 1706902091
WALL 21232203 1 0 1706902092
WALL 21232203 1 0 1706902093
WALL 21232203 1 0 1706902094
WALL 21232203 1 0 1706902095
WALL 21232203 1 0 1706902096
WALL 21232203 1 0 1706902097
WALL 21232203 1 0 1706902098
WALL 21232203 1 0 1706902099
WALL 21232203 1 0 1706902100
WALL 21232203 1 0 1706902101
WALL 21232203 1 0 1706902102
WALL 21232203 1 0 1706902103
WALL 21232203 1 0 1706902104
WALL 21232203 1 0 1706902105
WALL 21232203 1 0 1706902106
WALL 21232203 1 0 1706902107
WALL 21232203 1 0 1706902108
WALL 21232203 1 0 1706902109
WALL 21232203 1 0 1706902110
WALL 21232203 1 0 1706902111
WALL 21232203 1 0 1706902112
WALL 21232203 1 0 1706902113
WALL 21232203 1 0 1706902114
WALL 21232203 1 0 1706902115
WALL 21232203 1 0 1706902116
WALL 21232203 1 0 1706902117
WALL 21232203 1 0 1706902118
WALL 21232203 1 0 1706902119
WALL 21232203 1 0 1706902120
WALL 21232203 1 0 1706902121
WALL 21232203 1 0 1706902122
WALL 21232203 1 0 1706902123
WALL 21232203 1 0 1706902124
WALL 21232203 1 0 1706902125
WALL 21232203 1 0 1706902126
WALL 21232203 1 0 1706902127
WALL 21232203 1 0 1706902128
WALL 21232203 1 0 1706902129
WALL 21232203 1 0 1706902130
WALL 21232203 1 0 1706902131
WALL 21232203 1 0 1706902132
WALL 21232203 1 0 1706902133
WALL 21232203 1 0 1706902134
WALL 21232203 1 0 1706902135
WALL 21232203 1 0 1706902136
WALL 21232203 1 0 1706902137
WALL 21232203 1 0 1706902138
WALL 21232203 1 0 1706902139
WALL 21232203 1 0 1706902140
WALL 21232203 1 0 1706902141
WALL 21232203 1 0 1706902142
WALL 21232203 1 0 1706902143
WALL 21232203 1 0 1706902144
WALL 21232203 1 0 1706902145
WALL 21232203 1 0 1706902146
WALL 21232203 1 0 1706902147
WALL 21232203 1 0 1706902148
WALL 21232203 1 0 1706902149
WALL 21232203 1 0 1706902150
WALL 21232203 1 0 1706902151
WALL 21232203 1 0 1706902152
WALL 21232203 1 0 1706902153
WALL 21232203 1 0 1706902154
WALL 21232203 1 0 1706902155
WALL 21232203 1 0 1706902156
WALL 21232203 1 0 1706902157
WALL 21232203 1 0 1706902158
WALL 21232203 1 0 1706902159
WALL 21232203 1 0 1706902160
WALL 21232203 1 0 1706902161
WALL 21232203 1 0 1706902162
WALL 21232203 1 0 1706902163
WALL 21232203 1 0 1706902164
WALL 21232203 1 0 1706902165
WALL 21232203 1 0 1706902166
WALL 21232203 1 0 1706902167
WALL 21232203 1 0 1706902168
WALL 21232203 1 0 1706902169
WALL 21232203 1 0 1706902170
WALL 21232203 1 0 1706902171
WALL 21232203 1 0 1706902172
WALL 21232203 1 0 1706902173
WALL 21232203 1 0 1706902174
WALL 21232203 1 0 1706902175
WALL 21232203 1 0 1706902176
WALL 21232203 1 0 1706902177
WALL 21232203 1 0 1706902178
WALL 21232203 1 0 1706902179
WALL 21232203 1 0 1706902180
WALL 21232203 1 0 1706902181
WALL 21232203 1 0 1706902182
WALL 21232203 1 0 1706902183
WALL 21232203 1 0 1706902184
WALL 21232203 1 0 1706902185
WALL 21232203 1 0 1706902186
WALL 21232203 1 0 1706902187
WALL 21232203 1 0 1706902188
WALL 21232203 1 0 1706902189
WALL 21232203 1 0 1706902190
WALL 21232203 1 0 1706902191
WALL 21232203 1 0 1706902192
WALL 21232203 1 0 1706902193
WALL 21232203 1 0 1706902194
WALL 21232203 1 0 1706902195
WALL 21232203 1 0 1706902196
WALL 21232203 1 0 1706902197
WALL 21232203 1 0 1706902198
WALL 21232203 1 0 1706902199
WALL 21232203 1 0 1706902200
WALL 21232203 1 0 1706902201
WALL 21232203 1 0 1706902202
WALL 21232203 1 0 1706902203
WALL 21232203 1 0 1706902204
WALL 21232203 1 0 1706902205
WALL 21232203 1 0 1706902206
WALL 21232203 1 0 1706902207
WALL 21232203 1 0 1706902208
WALL 21232203 1 0 1706902209
WALL 21232203 1 0 1706902210
WALL 21232203 1 0 1706902211
WALL 21232203 1 0 1706902212
WALL 21232203 1 0 1706902213
WALL 21232203 1 0 1706902214
WALL 21232203 1 0 1706902215
WALL 21232203 1 0 1706902216
WALL 21232203 1 0 1706902217
WALL 21232203 1 0 1706902218
received SIGCONT 1706902219
WALL 21232203 1 0 1706902219
slurmstepd: error: *** STEP 21232203.0 ON nid200006 CANCELLED AT 2024-02-02T19:30:19 ***
received SIGTERM 1706902219
WALL 21232203 1 0 1706902219
WALL 21232203 1 0 1706902220
WALL 21232203 1 0 1706902221
WALL 21232203 1 0 1706902222
WALL 21232203 1 0 1706902223
WALL 21232203 1 0 1706902224
WALL 21232203 1 0 1706902225
WALL 21232203 1 0 1706902226
WALL 21232203 1 0 1706902227
WALL 21232203 1 0 1706902228
WALL 21232203 1 0 1706902229
WALL 21232203 1 0 1706902230
WALL 21232203 1 0 1706902231
WALL 21232203 1 0 1706902232
WALL 21232203 1 0 1706902233
WALL 21232203 1 0 1706902234
WALL 21232203 1 0 1706902235
WALL 21232203 1 0 1706902236
WALL 21232203 1 0 1706902237
WALL 21232203 1 0 1706902238
WALL 21232203 1 0 1706902239
WALL 21232203 1 0 1706902240
WALL 21232203 1 0 1706902241
WALL 21232203 1 0 1706902242
WALL 21232203 1 0 1706902243
WALL 21232203 1 0 1706902244
WALL 21232203 1 0 1706902245
WALL 21232203 1 0 1706902246
WALL 21232203 1 0 1706902247
WALL 21232203 1 0 1706902248
WALL 21232203 1 0 1706902249
WALL 21232203 1 0 1706902250
WALL 21232203 1 0 1706902251
WALL 21232203 1 0 1706902252
WALL 21232203 1 0 1706902253
WALL 21232203 1 0 1706902254
WALL 21232203 1 0 1706902255
WALL 21232203 1 0 1706902256
WALL 21232203 1 0 1706902257
WALL 21232203 1 0 1706902258
WALL 21232203 1 0 1706902259
WALL 21232203 1 0 1706902260
WALL 21232203 1 0 1706902261
WALL 21232203 1 0 1706902262
WALL 21232203 1 0 1706902263
WALL 21232203 1 0 1706902264
WALL 21232203 1 0 1706902265
WALL 21232203 1 0 1706902266
WALL 21232203 1 0 1706902267
WALL 21232203 1 0 1706902268
WALL 21232203 1 0 1706902269
WALL 21232203 1 0 1706902270
WALL 21232203 1 0 1706902271
WALL 21232203 1 0 1706902272
WALL 21232203 1 0 1706902273
WALL 21232203 1 0 1706902274
WALL 21232203 1 0 1706902275
WALL 21232203 1 0 1706902276
WALL 21232203 1 0 1706902277
WALL 21232203 1 0 1706902278
WALL 21232203 1 0 1706902279
WALL 21232203 1 0 1706902280
WALL 21232203 1 0 1706902281
WALL 21232203 1 0 1706902282
WALL 21232203 1 0 1706902283
WALL 21232203 1 0 1706902284
WALL 21232203 1 0 1706902285
WALL 21232203 1 0 1706902286
WALL 21232203 1 0 1706902287
WALL 21232203 1 0 1706902288
WALL 21232203 1 0 1706902289
WALL 21232203 1 0 1706902290
WALL 21232203 1 0 1706902291
WALL 21232203 1 0 1706902292
WALL 21232203 1 0 1706902293
WALL 21232203 1 0 1706902294
WALL 21232203 1 0 1706902295
WALL 21232203 1 0 1706902296
WALL 21232203 1 0 1706902297
WALL 21232203 1 0 1706902298
WALL 21232203 1 0 1706902299
WALL 21232203 1 0 1706902300
WALL 21232203 1 0 1706902301
WALL 21232203 1 0 1706902302
WALL 21232203 1 0 1706902303
WALL 21232203 1 0 1706902304
WALL 21232203 1 0 1706902305
WALL 21232203 1 0 1706902306
WALL 21232203 1 0 1706902307
WALL 21232203 1 0 1706902308
WALL 21232203 1 0 1706902309
WALL 21232203 1 0 1706902310
WALL 21232203 1 0 1706902311
WALL 21232203 1 0 1706902312
WALL 21232203 1 0 1706902313
WALL 21232203 1 0 1706902314
WALL 21232203 1 0 1706902315
WALL 21232203 1 0 1706902316
WALL 21232203 1 0 1706902317
WALL 21232203 1 0 1706902318
WALL 21232203 1 0 1706902319
WALL 21232203 1 0 1706902320
WALL 21232203 1 0 1706902321
WALL 21232203 1 0 1706902322
WALL 21232203 1 0 1706902323
WALL 21232203 1 0 1706902324
WALL 21232203 1 0 1706902325
WALL 21232203 1 0 1706902326
WALL 21232203 1 0 1706902327
WALL 21232203 1 0 1706902328
WALL 21232203 1 0 1706902329
WALL 21232203 1 0 1706902330
WALL 21232203 1 0 1706902331
WALL 21232203 1 0 1706902332
WALL 21232203 1 0 1706902333
WALL 21232203 1 0 1706902334
WALL 21232203 1 0 1706902335
WALL 21232203 1 0 1706902336
WALL 21232203 1 0 1706902337
WALL 21232203 1 0 1706902338
WALL 21232203 1 0 1706902339
WALL 21232203 1 0 1706902340
WALL 21232203 1 0 1706902341
WALL 21232203 1 0 1706902342
WALL 21232203 1 0 1706902343
WALL 21232203 1 0 1706902344
slurmstepd: error: *** JOB 21232203 ON nid200006 CANCELLED AT 2024-02-02T19:32:25 DUE TO PREEMPTION ***
received SIGTERM 1706902345
WALL 21232203 1 0 1706902345
received SIGCONT 1706902345
WALL 21232203 1 0 1706902345
received SIGTERM 1706902345
WALL 21232203 1 0 1706902345
