WALL 21152742 1 0 1706741367
WALL 21152742 1 0 1706741368
WALL 21152742 1 0 1706741369
WALL 21152742 1 0 1706741370
WALL 21152742 1 0 1706741371
WALL 21152742 1 0 1706741372
WALL 21152742 1 0 1706741373
WALL 21152742 1 0 1706741374
WALL 21152742 1 0 1706741375
WALL 21152742 1 0 1706741376
WALL 21152742 1 0 1706741377
WALL 21152742 1 0 1706741378
WALL 21152742 1 0 1706741379
WALL 21152742 1 0 1706741380
WALL 21152742 1 0 1706741381
WALL 21152742 1 0 1706741382
WALL 21152742 1 0 1706741383
WALL 21152742 1 0 1706741384
WALL 21152742 1 0 1706741385
WALL 21152742 1 0 1706741386
WALL 21152742 1 0 1706741387
WALL 21152742 1 0 1706741388
WALL 21152742 1 0 1706741389
WALL 21152742 1 0 1706741390
WALL 21152742 1 0 1706741391
WALL 21152742 1 0 1706741392
WALL 21152742 1 0 1706741393
WALL 21152742 1 0 1706741394
WALL 21152742 1 0 1706741395
WALL 21152742 1 0 1706741396
WALL 21152742 1 0 1706741397
WALL 21152742 1 0 1706741398
WALL 21152742 1 0 1706741399
WALL 21152742 1 0 1706741400
WALL 21152742 1 0 1706741401
WALL 21152742 1 0 1706741402
WALL 21152742 1 0 1706741403
WALL 21152742 1 0 1706741404
WALL 21152742 1 0 1706741405
WALL 21152742 1 0 1706741406
WALL 21152742 1 0 1706741407
WALL 21152742 1 0 1706741408
WALL 21152742 1 0 1706741409
WALL 21152742 1 0 1706741410
WALL 21152742 1 0 1706741411
WALL 21152742 1 0 1706741412
WALL 21152742 1 0 1706741413
WALL 21152742 1 0 1706741414
WALL 21152742 1 0 1706741415
WALL 21152742 1 0 1706741416
WALL 21152742 1 0 1706741417
WALL 21152742 1 0 1706741418
WALL 21152742 1 0 1706741419
WALL 21152742 1 0 1706741420
WALL 21152742 1 0 1706741421
WALL 21152742 1 0 1706741422
WALL 21152742 1 0 1706741423
WALL 21152742 1 0 1706741424
WALL 21152742 1 0 1706741425
WALL 21152742 1 0 1706741426
WALL 21152742 1 0 1706741427
WALL 21152742 1 0 1706741428
WALL 21152742 1 0 1706741429
WALL 21152742 1 0 1706741430
WALL 21152742 1 0 1706741431
WALL 21152742 1 0 1706741432
WALL 21152742 1 0 1706741433
WALL 21152742 1 0 1706741434
WALL 21152742 1 0 1706741435
WALL 21152742 1 0 1706741436
WALL 21152742 1 0 1706741437
WALL 21152742 1 0 1706741438
WALL 21152742 1 0 1706741439
WALL 21152742 1 0 1706741440
WALL 21152742 1 0 1706741441
WALL 21152742 1 0 1706741442
WALL 21152742 1 0 1706741443
WALL 21152742 1 0 1706741444
WALL 21152742 1 0 1706741445
WALL 21152742 1 0 1706741446
slurmstepd: error: *** STEP 21152742.0 ON nid200030 CANCELLED AT 2024-01-31T22:50:47 ***
received SIGTERM 1706741447
WALL 21152742 1 0 1706741447
received SIGCONT 1706741447
WALL 21152742 1 0 1706741447
WALL 21152742 1 0 1706741448
WALL 21152742 1 0 1706741449
WALL 21152742 1 0 1706741450
WALL 21152742 1 0 1706741451
WALL 21152742 1 0 1706741452
WALL 21152742 1 0 1706741453
WALL 21152742 1 0 1706741454
WALL 21152742 1 0 1706741455
WALL 21152742 1 0 1706741456
WALL 21152742 1 0 1706741457
WALL 21152742 1 0 1706741458
WALL 21152742 1 0 1706741459
WALL 21152742 1 0 1706741460
WALL 21152742 1 0 1706741461
WALL 21152742 1 0 1706741462
WALL 21152742 1 0 1706741463
WALL 21152742 1 0 1706741464
WALL 21152742 1 0 1706741465
WALL 21152742 1 0 1706741466
WALL 21152742 1 0 1706741467
WALL 21152742 1 0 1706741468
WALL 21152742 1 0 1706741469
WALL 21152742 1 0 1706741470
WALL 21152742 1 0 1706741471
WALL 21152742 1 0 1706741472
WALL 21152742 1 0 1706741473
WALL 21152742 1 0 1706741474
WALL 21152742 1 0 1706741475
WALL 21152742 1 0 1706741476
WALL 21152742 1 0 1706741477
WALL 21152742 1 0 1706741478
WALL 21152742 1 0 1706741479
WALL 21152742 1 0 1706741480
WALL 21152742 1 0 1706741481
WALL 21152742 1 0 1706741482
WALL 21152742 1 0 1706741483
WALL 21152742 1 0 1706741484
WALL 21152742 1 0 1706741485
WALL 21152742 1 0 1706741486
WALL 21152742 1 0 1706741487
WALL 21152742 1 0 1706741488
WALL 21152742 1 0 1706741489
WALL 21152742 1 0 1706741490
WALL 21152742 1 0 1706741491
WALL 21152742 1 0 1706741492
WALL 21152742 1 0 1706741493
WALL 21152742 1 0 1706741494
WALL 21152742 1 0 1706741495
WALL 21152742 1 0 1706741496
WALL 21152742 1 0 1706741497
WALL 21152742 1 0 1706741498
WALL 21152742 1 0 1706741499
WALL 21152742 1 0 1706741500
WALL 21152742 1 0 1706741501
WALL 21152742 1 0 1706741502
WALL 21152742 1 0 1706741503
WALL 21152742 1 0 1706741504
WALL 21152742 1 0 1706741505
WALL 21152742 1 0 1706741506
WALL 21152742 1 0 1706741507
WALL 21152742 1 0 1706741508
WALL 21152742 1 0 1706741509
WALL 21152742 1 0 1706741510
WALL 21152742 1 0 1706741511
WALL 21152742 1 0 1706741512
slurmstepd: error: *** JOB 21152742 ON nid200030 CANCELLED AT 2024-01-31T22:51:53 DUE TO PREEMPTION ***
received SIGTERM 1706741513
WALL 21152742 1 0 1706741513
received SIGCONT 1706741513
WALL 21152742 1 0 1706741513
received SIGTERM 1706741513
WALL 21152742 1 0 1706741513
