WALL 21086373 1 0 1706654268
WALL 21086373 1 0 1706654269
WALL 21086373 1 0 1706654270
WALL 21086373 1 0 1706654271
WALL 21086373 1 0 1706654272
WALL 21086373 1 0 1706654273
WALL 21086373 1 0 1706654274
WALL 21086373 1 0 1706654275
WALL 21086373 1 0 1706654276
WALL 21086373 1 0 1706654277
WALL 21086373 1 0 1706654278
WALL 21086373 1 0 1706654279
WALL 21086373 1 0 1706654280
WALL 21086373 1 0 1706654281
WALL 21086373 1 0 1706654282
WALL 21086373 1 0 1706654283
WALL 21086373 1 0 1706654284
WALL 21086373 1 0 1706654285
WALL 21086373 1 0 1706654286
WALL 21086373 1 0 1706654287
WALL 21086373 1 0 1706654288
WALL 21086373 1 0 1706654289
WALL 21086373 1 0 1706654290
WALL 21086373 1 0 1706654291
WALL 21086373 1 0 1706654292
WALL 21086373 1 0 1706654293
WALL 21086373 1 0 1706654294
WALL 21086373 1 0 1706654295
WALL 21086373 1 0 1706654296
WALL 21086373 1 0 1706654297
WALL 21086373 1 0 1706654298
WALL 21086373 1 0 1706654299
WALL 21086373 1 0 1706654300
WALL 21086373 1 0 1706654301
WALL 21086373 1 0 1706654302
WALL 21086373 1 0 1706654303
WALL 21086373 1 0 1706654304
WALL 21086373 1 0 1706654305
WALL 21086373 1 0 1706654306
WALL 21086373 1 0 1706654307
WALL 21086373 1 0 1706654308
WALL 21086373 1 0 1706654309
WALL 21086373 1 0 1706654310
WALL 21086373 1 0 1706654311
WALL 21086373 1 0 1706654312
WALL 21086373 1 0 1706654313
WALL 21086373 1 0 1706654314
WALL 21086373 1 0 1706654315
WALL 21086373 1 0 1706654316
WALL 21086373 1 0 1706654317
WALL 21086373 1 0 1706654318
WALL 21086373 1 0 1706654319
WALL 21086373 1 0 1706654320
WALL 21086373 1 0 1706654321
WALL 21086373 1 0 1706654322
WALL 21086373 1 0 1706654323
WALL 21086373 1 0 1706654324
WALL 21086373 1 0 1706654325
WALL 21086373 1 0 1706654326
WALL 21086373 1 0 1706654327
WALL 21086373 1 0 1706654328
WALL 21086373 1 0 1706654329
WALL 21086373 1 0 1706654330
WALL 21086373 1 0 1706654331
WALL 21086373 1 0 1706654332
WALL 21086373 1 0 1706654333
WALL 21086373 1 0 1706654334
WALL 21086373 1 0 1706654335
WALL 21086373 1 0 1706654336
WALL 21086373 1 0 1706654337
WALL 21086373 1 0 1706654338
WALL 21086373 1 0 1706654339
WALL 21086373 1 0 1706654340
WALL 21086373 1 0 1706654341
WALL 21086373 1 0 1706654342
WALL 21086373 1 0 1706654343
WALL 21086373 1 0 1706654344
WALL 21086373 1 0 1706654345
WALL 21086373 1 0 1706654346
WALL 21086373 1 0 1706654347
WALL 21086373 1 0 1706654348
WALL 21086373 1 0 1706654349
WALL 21086373 1 0 1706654350
WALL 21086373 1 0 1706654351
WALL 21086373 1 0 1706654352
WALL 21086373 1 0 1706654353
WALL 21086373 1 0 1706654354
WALL 21086373 1 0 1706654355
WALL 21086373 1 0 1706654356
WALL 21086373 1 0 1706654357
WALL 21086373 1 0 1706654358
WALL 21086373 1 0 1706654359
WALL 21086373 1 0 1706654360
WALL 21086373 1 0 1706654361
WALL 21086373 1 0 1706654362
WALL 21086373 1 0 1706654363
WALL 21086373 1 0 1706654364
WALL 21086373 1 0 1706654365
WALL 21086373 1 0 1706654366
WALL 21086373 1 0 1706654367
WALL 21086373 1 0 1706654368
WALL 21086373 1 0 1706654369
WALL 21086373 1 0 1706654370
WALL 21086373 1 0 1706654371
WALL 21086373 1 0 1706654372
WALL 21086373 1 0 1706654373
WALL 21086373 1 0 1706654374
WALL 21086373 1 0 1706654375
WALL 21086373 1 0 1706654376
WALL 21086373 1 0 1706654377
WALL 21086373 1 0 1706654378
WALL 21086373 1 0 1706654379
WALL 21086373 1 0 1706654380
WALL 21086373 1 0 1706654381
WALL 21086373 1 0 1706654382
WALL 21086373 1 0 1706654383
WALL 21086373 1 0 1706654384
WALL 21086373 1 0 1706654385
WALL 21086373 1 0 1706654386
WALL 21086373 1 0 1706654387
WALL 21086373 1 0 1706654388
WALL 21086373 1 0 1706654389
WALL 21086373 1 0 1706654390
WALL 21086373 1 0 1706654391
WALL 21086373 1 0 1706654392
WALL 21086373 1 0 1706654393
WALL 21086373 1 0 1706654394
WALL 21086373 1 0 1706654395
WALL 21086373 1 0 1706654396
WALL 21086373 1 0 1706654397
WALL 21086373 1 0 1706654398
WALL 21086373 1 0 1706654399
WALL 21086373 1 0 1706654400
WALL 21086373 1 0 1706654401
WALL 21086373 1 0 1706654402
WALL 21086373 1 0 1706654403
WALL 21086373 1 0 1706654404
WALL 21086373 1 0 1706654405
WALL 21086373 1 0 1706654406
WALL 21086373 1 0 1706654407
WALL 21086373 1 0 1706654408
WALL 21086373 1 0 1706654409
WALL 21086373 1 0 1706654410
WALL 21086373 1 0 1706654411
WALL 21086373 1 0 1706654412
WALL 21086373 1 0 1706654413
WALL 21086373 1 0 1706654414
WALL 21086373 1 0 1706654415
WALL 21086373 1 0 1706654416
WALL 21086373 1 0 1706654417
WALL 21086373 1 0 1706654418
WALL 21086373 1 0 1706654419
WALL 21086373 1 0 1706654420
WALL 21086373 1 0 1706654421
WALL 21086373 1 0 1706654422
WALL 21086373 1 0 1706654423
WALL 21086373 1 0 1706654424
WALL 21086373 1 0 1706654425
WALL 21086373 1 0 1706654426
WALL 21086373 1 0 1706654427
WALL 21086373 1 0 1706654428
WALL 21086373 1 0 1706654429
WALL 21086373 1 0 1706654430
WALL 21086373 1 0 1706654431
WALL 21086373 1 0 1706654432
WALL 21086373 1 0 1706654433
WALL 21086373 1 0 1706654434
WALL 21086373 1 0 1706654435
WALL 21086373 1 0 1706654436
WALL 21086373 1 0 1706654437
WALL 21086373 1 0 1706654438
WALL 21086373 1 0 1706654439
WALL 21086373 1 0 1706654440
WALL 21086373 1 0 1706654441
WALL 21086373 1 0 1706654442
WALL 21086373 1 0 1706654443
WALL 21086373 1 0 1706654444
WALL 21086373 1 0 1706654445
WALL 21086373 1 0 1706654446
WALL 21086373 1 0 1706654447
WALL 21086373 1 0 1706654448
WALL 21086373 1 0 1706654449
WALL 21086373 1 0 1706654450
WALL 21086373 1 0 1706654451
WALL 21086373 1 0 1706654452
WALL 21086373 1 0 1706654453
WALL 21086373 1 0 1706654454
WALL 21086373 1 0 1706654455
WALL 21086373 1 0 1706654456
WALL 21086373 1 0 1706654457
WALL 21086373 1 0 1706654458
WALL 21086373 1 0 1706654459
WALL 21086373 1 0 1706654460
WALL 21086373 1 0 1706654461
WALL 21086373 1 0 1706654462
WALL 21086373 1 0 1706654463
WALL 21086373 1 0 1706654464
WALL 21086373 1 0 1706654465
WALL 21086373 1 0 1706654466
WALL 21086373 1 0 1706654467
WALL 21086373 1 0 1706654468
WALL 21086373 1 0 1706654469
WALL 21086373 1 0 1706654470
WALL 21086373 1 0 1706654471
WALL 21086373 1 0 1706654472
WALL 21086373 1 0 1706654473
WALL 21086373 1 0 1706654474
WALL 21086373 1 0 1706654475
WALL 21086373 1 0 1706654476
WALL 21086373 1 0 1706654477
WALL 21086373 1 0 1706654478
WALL 21086373 1 0 1706654479
WALL 21086373 1 0 1706654480
WALL 21086373 1 0 1706654481
WALL 21086373 1 0 1706654482
WALL 21086373 1 0 1706654483
WALL 21086373 1 0 1706654484
WALL 21086373 1 0 1706654485
WALL 21086373 1 0 1706654486
WALL 21086373 1 0 1706654487
WALL 21086373 1 0 1706654488
WALL 21086373 1 0 1706654489
WALL 21086373 1 0 1706654490
WALL 21086373 1 0 1706654491
WALL 21086373 1 0 1706654492
WALL 21086373 1 0 1706654493
WALL 21086373 1 0 1706654494
WALL 21086373 1 0 1706654495
WALL 21086373 1 0 1706654496
WALL 21086373 1 0 1706654497
WALL 21086373 1 0 1706654498
WALL 21086373 1 0 1706654499
WALL 21086373 1 0 1706654500
WALL 21086373 1 0 1706654501
WALL 21086373 1 0 1706654502
WALL 21086373 1 0 1706654503
WALL 21086373 1 0 1706654504
WALL 21086373 1 0 1706654505
WALL 21086373 1 0 1706654506
WALL 21086373 1 0 1706654507
WALL 21086373 1 0 1706654508
WALL 21086373 1 0 1706654509
WALL 21086373 1 0 1706654510
WALL 21086373 1 0 1706654511
WALL 21086373 1 0 1706654512
WALL 21086373 1 0 1706654513
WALL 21086373 1 0 1706654514
WALL 21086373 1 0 1706654515
WALL 21086373 1 0 1706654516
WALL 21086373 1 0 1706654517
WALL 21086373 1 0 1706654518
WALL 21086373 1 0 1706654519
WALL 21086373 1 0 1706654520
WALL 21086373 1 0 1706654521
WALL 21086373 1 0 1706654522
WALL 21086373 1 0 1706654523
WALL 21086373 1 0 1706654524
WALL 21086373 1 0 1706654525
WALL 21086373 1 0 1706654526
WALL 21086373 1 0 1706654527
WALL 21086373 1 0 1706654528
WALL 21086373 1 0 1706654529
WALL 21086373 1 0 1706654530
WALL 21086373 1 0 1706654531
WALL 21086373 1 0 1706654532
WALL 21086373 1 0 1706654533
WALL 21086373 1 0 1706654534
WALL 21086373 1 0 1706654535
WALL 21086373 1 0 1706654536
WALL 21086373 1 0 1706654537
WALL 21086373 1 0 1706654538
WALL 21086373 1 0 1706654539
WALL 21086373 1 0 1706654540
WALL 21086373 1 0 1706654541
WALL 21086373 1 0 1706654542
WALL 21086373 1 0 1706654543
WALL 21086373 1 0 1706654544
WALL 21086373 1 0 1706654545
WALL 21086373 1 0 1706654546
WALL 21086373 1 0 1706654547
WALL 21086373 1 0 1706654548
WALL 21086373 1 0 1706654549
WALL 21086373 1 0 1706654550
WALL 21086373 1 0 1706654551
WALL 21086373 1 0 1706654552
WALL 21086373 1 0 1706654553
WALL 21086373 1 0 1706654554
WALL 21086373 1 0 1706654555
WALL 21086373 1 0 1706654556
WALL 21086373 1 0 1706654557
WALL 21086373 1 0 1706654558
WALL 21086373 1 0 1706654559
WALL 21086373 1 0 1706654560
WALL 21086373 1 0 1706654561
WALL 21086373 1 0 1706654562
WALL 21086373 1 0 1706654563
WALL 21086373 1 0 1706654564
WALL 21086373 1 0 1706654565
WALL 21086373 1 0 1706654566
WALL 21086373 1 0 1706654567
WALL 21086373 1 0 1706654568
WALL 21086373 1 0 1706654569
WALL 21086373 1 0 1706654570
WALL 21086373 1 0 1706654571
WALL 21086373 1 0 1706654572
WALL 21086373 1 0 1706654573
WALL 21086373 1 0 1706654574
WALL 21086373 1 0 1706654575
WALL 21086373 1 0 1706654576
WALL 21086373 1 0 1706654577
WALL 21086373 1 0 1706654578
WALL 21086373 1 0 1706654579
WALL 21086373 1 0 1706654580
WALL 21086373 1 0 1706654581
WALL 21086373 1 0 1706654582
WALL 21086373 1 0 1706654583
WALL 21086373 1 0 1706654584
WALL 21086373 1 0 1706654585
WALL 21086373 1 0 1706654586
WALL 21086373 1 0 1706654587
WALL 21086373 1 0 1706654588
WALL 21086373 1 0 1706654589
WALL 21086373 1 0 1706654590
WALL 21086373 1 0 1706654591
WALL 21086373 1 0 1706654592
WALL 21086373 1 0 1706654593
WALL 21086373 1 0 1706654594
WALL 21086373 1 0 1706654595
WALL 21086373 1 0 1706654596
WALL 21086373 1 0 1706654597
WALL 21086373 1 0 1706654598
WALL 21086373 1 0 1706654599
WALL 21086373 1 0 1706654600
WALL 21086373 1 0 1706654601
WALL 21086373 1 0 1706654602
WALL 21086373 1 0 1706654603
WALL 21086373 1 0 1706654604
WALL 21086373 1 0 1706654605
WALL 21086373 1 0 1706654606
WALL 21086373 1 0 1706654607
WALL 21086373 1 0 1706654608
WALL 21086373 1 0 1706654609
WALL 21086373 1 0 1706654610
WALL 21086373 1 0 1706654611
WALL 21086373 1 0 1706654612
WALL 21086373 1 0 1706654613
WALL 21086373 1 0 1706654614
WALL 21086373 1 0 1706654615
WALL 21086373 1 0 1706654616
WALL 21086373 1 0 1706654617
WALL 21086373 1 0 1706654618
WALL 21086373 1 0 1706654619
WALL 21086373 1 0 1706654620
WALL 21086373 1 0 1706654621
WALL 21086373 1 0 1706654622
WALL 21086373 1 0 1706654623
WALL 21086373 1 0 1706654624
WALL 21086373 1 0 1706654625
WALL 21086373 1 0 1706654626
WALL 21086373 1 0 1706654627
WALL 21086373 1 0 1706654628
WALL 21086373 1 0 1706654629
WALL 21086373 1 0 1706654630
WALL 21086373 1 0 1706654631
WALL 21086373 1 0 1706654632
WALL 21086373 1 0 1706654633
WALL 21086373 1 0 1706654634
WALL 21086373 1 0 1706654635
WALL 21086373 1 0 1706654636
WALL 21086373 1 0 1706654637
WALL 21086373 1 0 1706654638
WALL 21086373 1 0 1706654639
WALL 21086373 1 0 1706654640
WALL 21086373 1 0 1706654641
WALL 21086373 1 0 1706654642
WALL 21086373 1 0 1706654643
WALL 21086373 1 0 1706654644
WALL 21086373 1 0 1706654645
WALL 21086373 1 0 1706654646
WALL 21086373 1 0 1706654647
WALL 21086373 1 0 1706654648
WALL 21086373 1 0 1706654649
WALL 21086373 1 0 1706654650
WALL 21086373 1 0 1706654651
WALL 21086373 1 0 1706654652
WALL 21086373 1 0 1706654653
WALL 21086373 1 0 1706654654
WALL 21086373 1 0 1706654655
WALL 21086373 1 0 1706654656
WALL 21086373 1 0 1706654657
WALL 21086373 1 0 1706654658
WALL 21086373 1 0 1706654659
WALL 21086373 1 0 1706654660
WALL 21086373 1 0 1706654661
WALL 21086373 1 0 1706654662
WALL 21086373 1 0 1706654663
WALL 21086373 1 0 1706654664
WALL 21086373 1 0 1706654665
WALL 21086373 1 0 1706654666
WALL 21086373 1 0 1706654667
WALL 21086373 1 0 1706654668
WALL 21086373 1 0 1706654669
WALL 21086373 1 0 1706654670
WALL 21086373 1 0 1706654671
WALL 21086373 1 0 1706654672
WALL 21086373 1 0 1706654673
WALL 21086373 1 0 1706654674
WALL 21086373 1 0 1706654675
WALL 21086373 1 0 1706654676
WALL 21086373 1 0 1706654677
WALL 21086373 1 0 1706654678
WALL 21086373 1 0 1706654679
WALL 21086373 1 0 1706654680
WALL 21086373 1 0 1706654681
WALL 21086373 1 0 1706654682
WALL 21086373 1 0 1706654683
WALL 21086373 1 0 1706654684
WALL 21086373 1 0 1706654685
WALL 21086373 1 0 1706654686
WALL 21086373 1 0 1706654687
WALL 21086373 1 0 1706654688
WALL 21086373 1 0 1706654689
WALL 21086373 1 0 1706654690
WALL 21086373 1 0 1706654691
WALL 21086373 1 0 1706654692
WALL 21086373 1 0 1706654693
WALL 21086373 1 0 1706654694
WALL 21086373 1 0 1706654695
WALL 21086373 1 0 1706654696
WALL 21086373 1 0 1706654697
WALL 21086373 1 0 1706654698
WALL 21086373 1 0 1706654699
WALL 21086373 1 0 1706654700
WALL 21086373 1 0 1706654701
WALL 21086373 1 0 1706654702
WALL 21086373 1 0 1706654703
WALL 21086373 1 0 1706654704
WALL 21086373 1 0 1706654705
WALL 21086373 1 0 1706654706
WALL 21086373 1 0 1706654707
WALL 21086373 1 0 1706654708
WALL 21086373 1 0 1706654709
WALL 21086373 1 0 1706654710
WALL 21086373 1 0 1706654711
WALL 21086373 1 0 1706654712
WALL 21086373 1 0 1706654713
WALL 21086373 1 0 1706654714
WALL 21086373 1 0 1706654715
WALL 21086373 1 0 1706654716
WALL 21086373 1 0 1706654717
WALL 21086373 1 0 1706654718
WALL 21086373 1 0 1706654719
WALL 21086373 1 0 1706654720
WALL 21086373 1 0 1706654721
WALL 21086373 1 0 1706654722
WALL 21086373 1 0 1706654723
WALL 21086373 1 0 1706654724
WALL 21086373 1 0 1706654725
WALL 21086373 1 0 1706654726
WALL 21086373 1 0 1706654727
WALL 21086373 1 0 1706654728
WALL 21086373 1 0 1706654729
WALL 21086373 1 0 1706654730
WALL 21086373 1 0 1706654731
WALL 21086373 1 0 1706654732
WALL 21086373 1 0 1706654733
WALL 21086373 1 0 1706654734
WALL 21086373 1 0 1706654735
WALL 21086373 1 0 1706654736
WALL 21086373 1 0 1706654737
WALL 21086373 1 0 1706654738
WALL 21086373 1 0 1706654739
WALL 21086373 1 0 1706654740
WALL 21086373 1 0 1706654741
WALL 21086373 1 0 1706654742
WALL 21086373 1 0 1706654743
WALL 21086373 1 0 1706654744
WALL 21086373 1 0 1706654745
WALL 21086373 1 0 1706654746
WALL 21086373 1 0 1706654747
WALL 21086373 1 0 1706654748
WALL 21086373 1 0 1706654749
WALL 21086373 1 0 1706654750
WALL 21086373 1 0 1706654751
WALL 21086373 1 0 1706654752
WALL 21086373 1 0 1706654753
WALL 21086373 1 0 1706654754
WALL 21086373 1 0 1706654755
WALL 21086373 1 0 1706654756
WALL 21086373 1 0 1706654757
WALL 21086373 1 0 1706654758
WALL 21086373 1 0 1706654759
WALL 21086373 1 0 1706654760
WALL 21086373 1 0 1706654761
WALL 21086373 1 0 1706654762
WALL 21086373 1 0 1706654763
WALL 21086373 1 0 1706654764
WALL 21086373 1 0 1706654765
WALL 21086373 1 0 1706654766
WALL 21086373 1 0 1706654767
WALL 21086373 1 0 1706654768
WALL 21086373 1 0 1706654769
WALL 21086373 1 0 1706654770
WALL 21086373 1 0 1706654771
WALL 21086373 1 0 1706654772
WALL 21086373 1 0 1706654773
WALL 21086373 1 0 1706654774
WALL 21086373 1 0 1706654775
WALL 21086373 1 0 1706654776
WALL 21086373 1 0 1706654777
WALL 21086373 1 0 1706654778
WALL 21086373 1 0 1706654779
WALL 21086373 1 0 1706654780
WALL 21086373 1 0 1706654781
WALL 21086373 1 0 1706654782
WALL 21086373 1 0 1706654783
WALL 21086373 1 0 1706654784
WALL 21086373 1 0 1706654785
WALL 21086373 1 0 1706654786
WALL 21086373 1 0 1706654787
WALL 21086373 1 0 1706654788
WALL 21086373 1 0 1706654789
WALL 21086373 1 0 1706654790
WALL 21086373 1 0 1706654791
WALL 21086373 1 0 1706654792
WALL 21086373 1 0 1706654793
WALL 21086373 1 0 1706654794
WALL 21086373 1 0 1706654795
WALL 21086373 1 0 1706654796
WALL 21086373 1 0 1706654797
WALL 21086373 1 0 1706654798
WALL 21086373 1 0 1706654799
WALL 21086373 1 0 1706654800
WALL 21086373 1 0 1706654801
WALL 21086373 1 0 1706654802
WALL 21086373 1 0 1706654803
WALL 21086373 1 0 1706654804
WALL 21086373 1 0 1706654805
WALL 21086373 1 0 1706654806
WALL 21086373 1 0 1706654807
WALL 21086373 1 0 1706654808
WALL 21086373 1 0 1706654809
WALL 21086373 1 0 1706654810
WALL 21086373 1 0 1706654811
WALL 21086373 1 0 1706654812
WALL 21086373 1 0 1706654813
WALL 21086373 1 0 1706654814
WALL 21086373 1 0 1706654815
WALL 21086373 1 0 1706654816
WALL 21086373 1 0 1706654817
WALL 21086373 1 0 1706654818
WALL 21086373 1 0 1706654819
received SIGCONT 1706654819
WALL 21086373 1 0 1706654819
slurmstepd: error: *** STEP 21086373.0 ON nid200079 CANCELLED AT 2024-01-30T22:46:59 ***
received SIGTERM 1706654819
WALL 21086373 1 0 1706654819
WALL 21086373 1 0 1706654820
WALL 21086373 1 0 1706654821
WALL 21086373 1 0 1706654822
WALL 21086373 1 0 1706654823
WALL 21086373 1 0 1706654824
WALL 21086373 1 0 1706654825
WALL 21086373 1 0 1706654826
WALL 21086373 1 0 1706654827
WALL 21086373 1 0 1706654828
WALL 21086373 1 0 1706654829
WALL 21086373 1 0 1706654830
WALL 21086373 1 0 1706654831
WALL 21086373 1 0 1706654832
WALL 21086373 1 0 1706654833
WALL 21086373 1 0 1706654834
WALL 21086373 1 0 1706654835
WALL 21086373 1 0 1706654836
WALL 21086373 1 0 1706654837
WALL 21086373 1 0 1706654838
WALL 21086373 1 0 1706654839
WALL 21086373 1 0 1706654840
WALL 21086373 1 0 1706654841
WALL 21086373 1 0 1706654842
WALL 21086373 1 0 1706654843
WALL 21086373 1 0 1706654844
WALL 21086373 1 0 1706654845
WALL 21086373 1 0 1706654846
WALL 21086373 1 0 1706654847
WALL 21086373 1 0 1706654848
WALL 21086373 1 0 1706654849
WALL 21086373 1 0 1706654850
WALL 21086373 1 0 1706654851
WALL 21086373 1 0 1706654852
WALL 21086373 1 0 1706654853
WALL 21086373 1 0 1706654854
WALL 21086373 1 0 1706654855
WALL 21086373 1 0 1706654856
WALL 21086373 1 0 1706654857
WALL 21086373 1 0 1706654858
WALL 21086373 1 0 1706654859
WALL 21086373 1 0 1706654860
WALL 21086373 1 0 1706654861
WALL 21086373 1 0 1706654862
WALL 21086373 1 0 1706654863
WALL 21086373 1 0 1706654864
WALL 21086373 1 0 1706654865
WALL 21086373 1 0 1706654866
WALL 21086373 1 0 1706654867
WALL 21086373 1 0 1706654868
WALL 21086373 1 0 1706654869
WALL 21086373 1 0 1706654870
WALL 21086373 1 0 1706654871
WALL 21086373 1 0 1706654872
WALL 21086373 1 0 1706654873
WALL 21086373 1 0 1706654874
WALL 21086373 1 0 1706654875
WALL 21086373 1 0 1706654876
WALL 21086373 1 0 1706654877
WALL 21086373 1 0 1706654878
WALL 21086373 1 0 1706654879
WALL 21086373 1 0 1706654880
WALL 21086373 1 0 1706654881
WALL 21086373 1 0 1706654882
WALL 21086373 1 0 1706654883
WALL 21086373 1 0 1706654884
WALL 21086373 1 0 1706654885
WALL 21086373 1 0 1706654886
WALL 21086373 1 0 1706654887
WALL 21086373 1 0 1706654888
WALL 21086373 1 0 1706654889
WALL 21086373 1 0 1706654890
WALL 21086373 1 0 1706654891
WALL 21086373 1 0 1706654892
WALL 21086373 1 0 1706654893
WALL 21086373 1 0 1706654894
WALL 21086373 1 0 1706654895
WALL 21086373 1 0 1706654896
WALL 21086373 1 0 1706654897
WALL 21086373 1 0 1706654898
WALL 21086373 1 0 1706654899
WALL 21086373 1 0 1706654900
WALL 21086373 1 0 1706654901
WALL 21086373 1 0 1706654902
WALL 21086373 1 0 1706654903
WALL 21086373 1 0 1706654904
WALL 21086373 1 0 1706654905
WALL 21086373 1 0 1706654906
slurmstepd: error: *** JOB 21086373 ON nid200079 CANCELLED AT 2024-01-30T22:48:27 DUE TO PREEMPTION ***
received SIGTERM 1706654907
WALL 21086373 1 0 1706654907
received SIGCONT 1706654907
WALL 21086373 1 0 1706654907
received SIGTERM 1706654907
WALL 21086373 1 0 1706654907
