WALL 21210369 1 0 1706827729
WALL 21210369 1 0 1706827730
WALL 21210369 1 0 1706827731
WALL 21210369 1 0 1706827732
WALL 21210369 1 0 1706827733
WALL 21210369 1 0 1706827734
WALL 21210369 1 0 1706827735
WALL 21210369 1 0 1706827736
WALL 21210369 1 0 1706827737
WALL 21210369 1 0 1706827738
WALL 21210369 1 0 1706827739
WALL 21210369 1 0 1706827740
WALL 21210369 1 0 1706827741
WALL 21210369 1 0 1706827742
WALL 21210369 1 0 1706827743
WALL 21210369 1 0 1706827744
WALL 21210369 1 0 1706827745
WALL 21210369 1 0 1706827746
WALL 21210369 1 0 1706827747
WALL 21210369 1 0 1706827748
WALL 21210369 1 0 1706827749
WALL 21210369 1 0 1706827750
WALL 21210369 1 0 1706827751
WALL 21210369 1 0 1706827752
WALL 21210369 1 0 1706827753
WALL 21210369 1 0 1706827754
WALL 21210369 1 0 1706827755
WALL 21210369 1 0 1706827756
WALL 21210369 1 0 1706827757
WALL 21210369 1 0 1706827758
WALL 21210369 1 0 1706827759
WALL 21210369 1 0 1706827760
WALL 21210369 1 0 1706827761
WALL 21210369 1 0 1706827762
WALL 21210369 1 0 1706827763
WALL 21210369 1 0 1706827764
WALL 21210369 1 0 1706827765
WALL 21210369 1 0 1706827766
WALL 21210369 1 0 1706827767
WALL 21210369 1 0 1706827768
WALL 21210369 1 0 1706827769
WALL 21210369 1 0 1706827770
WALL 21210369 1 0 1706827771
WALL 21210369 1 0 1706827772
WALL 21210369 1 0 1706827773
WALL 21210369 1 0 1706827774
WALL 21210369 1 0 1706827775
WALL 21210369 1 0 1706827776
WALL 21210369 1 0 1706827777
WALL 21210369 1 0 1706827778
WALL 21210369 1 0 1706827779
WALL 21210369 1 0 1706827780
WALL 21210369 1 0 1706827781
WALL 21210369 1 0 1706827782
WALL 21210369 1 0 1706827783
WALL 21210369 1 0 1706827784
WALL 21210369 1 0 1706827785
WALL 21210369 1 0 1706827786
WALL 21210369 1 0 1706827787
WALL 21210369 1 0 1706827788
WALL 21210369 1 0 1706827789
WALL 21210369 1 0 1706827790
WALL 21210369 1 0 1706827791
WALL 21210369 1 0 1706827792
WALL 21210369 1 0 1706827793
WALL 21210369 1 0 1706827794
WALL 21210369 1 0 1706827795
WALL 21210369 1 0 1706827796
WALL 21210369 1 0 1706827797
WALL 21210369 1 0 1706827798
WALL 21210369 1 0 1706827799
WALL 21210369 1 0 1706827800
WALL 21210369 1 0 1706827801
WALL 21210369 1 0 1706827802
WALL 21210369 1 0 1706827803
WALL 21210369 1 0 1706827804
WALL 21210369 1 0 1706827805
WALL 21210369 1 0 1706827806
WALL 21210369 1 0 1706827807
WALL 21210369 1 0 1706827808
WALL 21210369 1 0 1706827809
WALL 21210369 1 0 1706827810
WALL 21210369 1 0 1706827811
WALL 21210369 1 0 1706827812
WALL 21210369 1 0 1706827813
WALL 21210369 1 0 1706827814
WALL 21210369 1 0 1706827815
WALL 21210369 1 0 1706827816
WALL 21210369 1 0 1706827817
WALL 21210369 1 0 1706827818
WALL 21210369 1 0 1706827819
WALL 21210369 1 0 1706827820
WALL 21210369 1 0 1706827821
WALL 21210369 1 0 1706827822
WALL 21210369 1 0 1706827823
WALL 21210369 1 0 1706827824
WALL 21210369 1 0 1706827825
WALL 21210369 1 0 1706827826
WALL 21210369 1 0 1706827827
WALL 21210369 1 0 1706827828
WALL 21210369 1 0 1706827829
WALL 21210369 1 0 1706827830
WALL 21210369 1 0 1706827831
WALL 21210369 1 0 1706827832
WALL 21210369 1 0 1706827833
WALL 21210369 1 0 1706827834
WALL 21210369 1 0 1706827835
WALL 21210369 1 0 1706827836
WALL 21210369 1 0 1706827837
WALL 21210369 1 0 1706827838
slurmstepd: error: *** STEP 21210369.0 ON nid200209 CANCELLED AT 2024-02-01T22:50:38 ***
received SIGCONT 1706827838
WALL 21210369 1 0 1706827838
received SIGTERM 1706827838
WALL 21210369 1 0 1706827838
WALL 21210369 1 0 1706827839
WALL 21210369 1 0 1706827840
WALL 21210369 1 0 1706827841
WALL 21210369 1 0 1706827842
WALL 21210369 1 0 1706827843
WALL 21210369 1 0 1706827844
WALL 21210369 1 0 1706827845
WALL 21210369 1 0 1706827846
WALL 21210369 1 0 1706827847
WALL 21210369 1 0 1706827848
WALL 21210369 1 0 1706827849
WALL 21210369 1 0 1706827850
WALL 21210369 1 0 1706827851
WALL 21210369 1 0 1706827852
WALL 21210369 1 0 1706827853
WALL 21210369 1 0 1706827854
WALL 21210369 1 0 1706827855
WALL 21210369 1 0 1706827856
WALL 21210369 1 0 1706827857
WALL 21210369 1 0 1706827858
WALL 21210369 1 0 1706827859
WALL 21210369 1 0 1706827860
WALL 21210369 1 0 1706827861
WALL 21210369 1 0 1706827862
WALL 21210369 1 0 1706827863
WALL 21210369 1 0 1706827864
WALL 21210369 1 0 1706827865
WALL 21210369 1 0 1706827866
WALL 21210369 1 0 1706827867
WALL 21210369 1 0 1706827868
WALL 21210369 1 0 1706827869
WALL 21210369 1 0 1706827870
WALL 21210369 1 0 1706827871
WALL 21210369 1 0 1706827872
WALL 21210369 1 0 1706827873
WALL 21210369 1 0 1706827874
WALL 21210369 1 0 1706827875
WALL 21210369 1 0 1706827876
WALL 21210369 1 0 1706827877
WALL 21210369 1 0 1706827878
WALL 21210369 1 0 1706827879
WALL 21210369 1 0 1706827880
WALL 21210369 1 0 1706827881
WALL 21210369 1 0 1706827882
WALL 21210369 1 0 1706827883
WALL 21210369 1 0 1706827884
WALL 21210369 1 0 1706827885
WALL 21210369 1 0 1706827886
WALL 21210369 1 0 1706827887
WALL 21210369 1 0 1706827888
WALL 21210369 1 0 1706827889
WALL 21210369 1 0 1706827890
WALL 21210369 1 0 1706827891
WALL 21210369 1 0 1706827892
WALL 21210369 1 0 1706827893
WALL 21210369 1 0 1706827894
WALL 21210369 1 0 1706827895
WALL 21210369 1 0 1706827896
WALL 21210369 1 0 1706827897
WALL 21210369 1 0 1706827898
WALL 21210369 1 0 1706827899
WALL 21210369 1 0 1706827900
WALL 21210369 1 0 1706827901
WALL 21210369 1 0 1706827902
WALL 21210369 1 0 1706827903
WALL 21210369 1 0 1706827904
WALL 21210369 1 0 1706827905
WALL 21210369 1 0 1706827906
WALL 21210369 1 0 1706827907
WALL 21210369 1 0 1706827908
WALL 21210369 1 0 1706827909
WALL 21210369 1 0 1706827910
WALL 21210369 1 0 1706827911
slurmstepd: error: *** JOB 21210369 ON nid200209 CANCELLED AT 2024-02-01T22:51:52 DUE TO PREEMPTION ***
received SIGTERM 1706827912
WALL 21210369 1 0 1706827912
received SIGCONT 1706827912
WALL 21210369 1 0 1706827912
received SIGTERM 1706827912
WALL 21210369 1 0 1706827912
