WALL 21155156 1 0 1706748044
WALL 21155156 1 0 1706748045
WALL 21155156 1 0 1706748046
WALL 21155156 1 0 1706748047
WALL 21155156 1 0 1706748048
WALL 21155156 1 0 1706748049
WALL 21155156 1 0 1706748050
WALL 21155156 1 0 1706748051
WALL 21155156 1 0 1706748052
WALL 21155156 1 0 1706748053
WALL 21155156 1 0 1706748054
WALL 21155156 1 0 1706748055
WALL 21155156 1 0 1706748056
WALL 21155156 1 0 1706748057
WALL 21155156 1 0 1706748058
WALL 21155156 1 0 1706748059
WALL 21155156 1 0 1706748060
WALL 21155156 1 0 1706748061
WALL 21155156 1 0 1706748062
WALL 21155156 1 0 1706748063
WALL 21155156 1 0 1706748064
WALL 21155156 1 0 1706748065
WALL 21155156 1 0 1706748066
WALL 21155156 1 0 1706748067
WALL 21155156 1 0 1706748068
WALL 21155156 1 0 1706748069
WALL 21155156 1 0 1706748070
WALL 21155156 1 0 1706748071
WALL 21155156 1 0 1706748072
WALL 21155156 1 0 1706748073
WALL 21155156 1 0 1706748074
WALL 21155156 1 0 1706748075
WALL 21155156 1 0 1706748076
WALL 21155156 1 0 1706748077
WALL 21155156 1 0 1706748078
WALL 21155156 1 0 1706748079
WALL 21155156 1 0 1706748080
WALL 21155156 1 0 1706748081
WALL 21155156 1 0 1706748082
WALL 21155156 1 0 1706748083
WALL 21155156 1 0 1706748084
WALL 21155156 1 0 1706748085
WALL 21155156 1 0 1706748086
WALL 21155156 1 0 1706748087
WALL 21155156 1 0 1706748088
WALL 21155156 1 0 1706748089
WALL 21155156 1 0 1706748090
WALL 21155156 1 0 1706748091
WALL 21155156 1 0 1706748092
WALL 21155156 1 0 1706748093
WALL 21155156 1 0 1706748094
WALL 21155156 1 0 1706748095
WALL 21155156 1 0 1706748096
WALL 21155156 1 0 1706748097
WALL 21155156 1 0 1706748098
WALL 21155156 1 0 1706748099
WALL 21155156 1 0 1706748100
WALL 21155156 1 0 1706748101
WALL 21155156 1 0 1706748102
WALL 21155156 1 0 1706748103
WALL 21155156 1 0 1706748104
WALL 21155156 1 0 1706748105
WALL 21155156 1 0 1706748106
WALL 21155156 1 0 1706748107
WALL 21155156 1 0 1706748108
WALL 21155156 1 0 1706748109
WALL 21155156 1 0 1706748110
WALL 21155156 1 0 1706748111
WALL 21155156 1 0 1706748112
WALL 21155156 1 0 1706748113
WALL 21155156 1 0 1706748114
WALL 21155156 1 0 1706748115
WALL 21155156 1 0 1706748116
WALL 21155156 1 0 1706748117
WALL 21155156 1 0 1706748118
WALL 21155156 1 0 1706748119
WALL 21155156 1 0 1706748120
WALL 21155156 1 0 1706748121
WALL 21155156 1 0 1706748122
WALL 21155156 1 0 1706748123
WALL 21155156 1 0 1706748124
WALL 21155156 1 0 1706748125
WALL 21155156 1 0 1706748126
WALL 21155156 1 0 1706748127
WALL 21155156 1 0 1706748128
WALL 21155156 1 0 1706748129
WALL 21155156 1 0 1706748130
WALL 21155156 1 0 1706748131
WALL 21155156 1 0 1706748132
WALL 21155156 1 0 1706748133
WALL 21155156 1 0 1706748134
WALL 21155156 1 0 1706748135
WALL 21155156 1 0 1706748136
WALL 21155156 1 0 1706748137
WALL 21155156 1 0 1706748138
WALL 21155156 1 0 1706748139
WALL 21155156 1 0 1706748140
WALL 21155156 1 0 1706748141
WALL 21155156 1 0 1706748142
WALL 21155156 1 0 1706748143
WALL 21155156 1 0 1706748144
WALL 21155156 1 0 1706748145
WALL 21155156 1 0 1706748146
WALL 21155156 1 0 1706748147
WALL 21155156 1 0 1706748148
WALL 21155156 1 0 1706748149
WALL 21155156 1 0 1706748150
WALL 21155156 1 0 1706748151
received SIGCONT 1706748152
WALL 21155156 1 0 1706748152
slurmstepd: error: *** STEP 21155156.0 ON nid200001 CANCELLED AT 2024-02-01T00:42:32 ***
received SIGTERM 1706748152
WALL 21155156 1 0 1706748152
WALL 21155156 1 0 1706748153
WALL 21155156 1 0 1706748154
WALL 21155156 1 0 1706748155
WALL 21155156 1 0 1706748156
WALL 21155156 1 0 1706748157
WALL 21155156 1 0 1706748158
WALL 21155156 1 0 1706748159
WALL 21155156 1 0 1706748160
WALL 21155156 1 0 1706748161
WALL 21155156 1 0 1706748162
WALL 21155156 1 0 1706748163
WALL 21155156 1 0 1706748164
WALL 21155156 1 0 1706748165
WALL 21155156 1 0 1706748166
WALL 21155156 1 0 1706748167
WALL 21155156 1 0 1706748168
WALL 21155156 1 0 1706748169
WALL 21155156 1 0 1706748170
WALL 21155156 1 0 1706748171
WALL 21155156 1 0 1706748172
WALL 21155156 1 0 1706748173
WALL 21155156 1 0 1706748174
WALL 21155156 1 0 1706748175
WALL 21155156 1 0 1706748176
WALL 21155156 1 0 1706748177
WALL 21155156 1 0 1706748178
WALL 21155156 1 0 1706748179
WALL 21155156 1 0 1706748180
WALL 21155156 1 0 1706748181
WALL 21155156 1 0 1706748182
WALL 21155156 1 0 1706748183
WALL 21155156 1 0 1706748184
WALL 21155156 1 0 1706748185
WALL 21155156 1 0 1706748186
WALL 21155156 1 0 1706748187
WALL 21155156 1 0 1706748188
WALL 21155156 1 0 1706748189
WALL 21155156 1 0 1706748190
WALL 21155156 1 0 1706748191
WALL 21155156 1 0 1706748192
WALL 21155156 1 0 1706748193
WALL 21155156 1 0 1706748194
WALL 21155156 1 0 1706748195
WALL 21155156 1 0 1706748196
WALL 21155156 1 0 1706748197
WALL 21155156 1 0 1706748198
WALL 21155156 1 0 1706748199
WALL 21155156 1 0 1706748200
WALL 21155156 1 0 1706748201
WALL 21155156 1 0 1706748202
WALL 21155156 1 0 1706748203
WALL 21155156 1 0 1706748204
WALL 21155156 1 0 1706748205
WALL 21155156 1 0 1706748206
WALL 21155156 1 0 1706748207
WALL 21155156 1 0 1706748208
WALL 21155156 1 0 1706748209
WALL 21155156 1 0 1706748210
WALL 21155156 1 0 1706748211
WALL 21155156 1 0 1706748212
WALL 21155156 1 0 1706748213
WALL 21155156 1 0 1706748214
slurmstepd: error: *** JOB 21155156 ON nid200001 CANCELLED AT 2024-02-01T00:43:34 DUE TO PREEMPTION ***
received SIGTERM 1706748214
WALL 21155156 1 0 1706748214
received SIGCONT 1706748214
WALL 21155156 1 0 1706748214
received SIGTERM 1706748214
WALL 21155156 1 0 1706748214
