WALL 21209759 1 0 1706826843
WALL 21209759 1 0 1706826844
WALL 21209759 1 0 1706826845
WALL 21209759 1 0 1706826846
WALL 21209759 1 0 1706826847
WALL 21209759 1 0 1706826848
WALL 21209759 1 0 1706826849
WALL 21209759 1 0 1706826850
WALL 21209759 1 0 1706826851
WALL 21209759 1 0 1706826852
WALL 21209759 1 0 1706826853
WALL 21209759 1 0 1706826854
WALL 21209759 1 0 1706826855
WALL 21209759 1 0 1706826856
WALL 21209759 1 0 1706826857
WALL 21209759 1 0 1706826858
WALL 21209759 1 0 1706826859
WALL 21209759 1 0 1706826860
WALL 21209759 1 0 1706826861
WALL 21209759 1 0 1706826862
WALL 21209759 1 0 1706826863
WALL 21209759 1 0 1706826864
WALL 21209759 1 0 1706826865
WALL 21209759 1 0 1706826866
WALL 21209759 1 0 1706826867
WALL 21209759 1 0 1706826868
WALL 21209759 1 0 1706826869
WALL 21209759 1 0 1706826870
WALL 21209759 1 0 1706826871
WALL 21209759 1 0 1706826872
WALL 21209759 1 0 1706826873
WALL 21209759 1 0 1706826874
WALL 21209759 1 0 1706826875
WALL 21209759 1 0 1706826876
WALL 21209759 1 0 1706826877
WALL 21209759 1 0 1706826878
WALL 21209759 1 0 1706826879
WALL 21209759 1 0 1706826880
WALL 21209759 1 0 1706826881
WALL 21209759 1 0 1706826882
WALL 21209759 1 0 1706826883
WALL 21209759 1 0 1706826884
WALL 21209759 1 0 1706826885
WALL 21209759 1 0 1706826886
WALL 21209759 1 0 1706826887
WALL 21209759 1 0 1706826888
WALL 21209759 1 0 1706826889
WALL 21209759 1 0 1706826890
WALL 21209759 1 0 1706826891
WALL 21209759 1 0 1706826892
WALL 21209759 1 0 1706826893
WALL 21209759 1 0 1706826894
WALL 21209759 1 0 1706826895
WALL 21209759 1 0 1706826896
WALL 21209759 1 0 1706826897
WALL 21209759 1 0 1706826898
WALL 21209759 1 0 1706826899
WALL 21209759 1 0 1706826900
WALL 21209759 1 0 1706826901
WALL 21209759 1 0 1706826902
WALL 21209759 1 0 1706826903
WALL 21209759 1 0 1706826904
WALL 21209759 1 0 1706826905
WALL 21209759 1 0 1706826906
WALL 21209759 1 0 1706826907
WALL 21209759 1 0 1706826908
WALL 21209759 1 0 1706826909
WALL 21209759 1 0 1706826910
WALL 21209759 1 0 1706826911
WALL 21209759 1 0 1706826912
WALL 21209759 1 0 1706826913
WALL 21209759 1 0 1706826914
WALL 21209759 1 0 1706826915
WALL 21209759 1 0 1706826916
WALL 21209759 1 0 1706826917
WALL 21209759 1 0 1706826918
WALL 21209759 1 0 1706826919
WALL 21209759 1 0 1706826920
WALL 21209759 1 0 1706826921
WALL 21209759 1 0 1706826922
WALL 21209759 1 0 1706826923
WALL 21209759 1 0 1706826924
WALL 21209759 1 0 1706826925
WALL 21209759 1 0 1706826926
WALL 21209759 1 0 1706826927
WALL 21209759 1 0 1706826928
WALL 21209759 1 0 1706826929
WALL 21209759 1 0 1706826930
WALL 21209759 1 0 1706826931
WALL 21209759 1 0 1706826932
WALL 21209759 1 0 1706826933
WALL 21209759 1 0 1706826934
WALL 21209759 1 0 1706826935
WALL 21209759 1 0 1706826936
WALL 21209759 1 0 1706826937
WALL 21209759 1 0 1706826938
WALL 21209759 1 0 1706826939
WALL 21209759 1 0 1706826940
WALL 21209759 1 0 1706826941
WALL 21209759 1 0 1706826942
WALL 21209759 1 0 1706826943
WALL 21209759 1 0 1706826944
WALL 21209759 1 0 1706826945
WALL 21209759 1 0 1706826946
WALL 21209759 1 0 1706826947
WALL 21209759 1 0 1706826948
WALL 21209759 1 0 1706826949
WALL 21209759 1 0 1706826950
WALL 21209759 1 0 1706826951
WALL 21209759 1 0 1706826952
WALL 21209759 1 0 1706826953
WALL 21209759 1 0 1706826954
WALL 21209759 1 0 1706826955
WALL 21209759 1 0 1706826956
WALL 21209759 1 0 1706826957
WALL 21209759 1 0 1706826958
WALL 21209759 1 0 1706826959
WALL 21209759 1 0 1706826960
WALL 21209759 1 0 1706826961
WALL 21209759 1 0 1706826962
WALL 21209759 1 0 1706826963
WALL 21209759 1 0 1706826964
WALL 21209759 1 0 1706826965
WALL 21209759 1 0 1706826966
WALL 21209759 1 0 1706826967
WALL 21209759 1 0 1706826968
WALL 21209759 1 0 1706826969
WALL 21209759 1 0 1706826970
WALL 21209759 1 0 1706826971
WALL 21209759 1 0 1706826972
WALL 21209759 1 0 1706826973
WALL 21209759 1 0 1706826974
WALL 21209759 1 0 1706826975
WALL 21209759 1 0 1706826976
WALL 21209759 1 0 1706826977
WALL 21209759 1 0 1706826978
WALL 21209759 1 0 1706826979
WALL 21209759 1 0 1706826980
WALL 21209759 1 0 1706826981
WALL 21209759 1 0 1706826982
WALL 21209759 1 0 1706826983
WALL 21209759 1 0 1706826984
WALL 21209759 1 0 1706826985
WALL 21209759 1 0 1706826986
WALL 21209759 1 0 1706826987
WALL 21209759 1 0 1706826988
WALL 21209759 1 0 1706826989
WALL 21209759 1 0 1706826990
WALL 21209759 1 0 1706826991
WALL 21209759 1 0 1706826992
WALL 21209759 1 0 1706826993
WALL 21209759 1 0 1706826994
received SIGCONT 1706826994
WALL 21209759 1 0 1706826994
slurmstepd: error: *** STEP 21209759.0 ON nid200059 CANCELLED AT 2024-02-01T22:36:34 ***
received SIGTERM 1706826994
WALL 21209759 1 0 1706826994
WALL 21209759 1 0 1706826995
WALL 21209759 1 0 1706826996
WALL 21209759 1 0 1706826997
WALL 21209759 1 0 1706826998
WALL 21209759 1 0 1706826999
WALL 21209759 1 0 1706827000
WALL 21209759 1 0 1706827001
WALL 21209759 1 0 1706827002
WALL 21209759 1 0 1706827003
WALL 21209759 1 0 1706827004
WALL 21209759 1 0 1706827005
WALL 21209759 1 0 1706827006
WALL 21209759 1 0 1706827007
WALL 21209759 1 0 1706827008
WALL 21209759 1 0 1706827009
WALL 21209759 1 0 1706827010
WALL 21209759 1 0 1706827011
WALL 21209759 1 0 1706827012
WALL 21209759 1 0 1706827013
WALL 21209759 1 0 1706827014
WALL 21209759 1 0 1706827015
WALL 21209759 1 0 1706827016
WALL 21209759 1 0 1706827017
WALL 21209759 1 0 1706827018
WALL 21209759 1 0 1706827019
WALL 21209759 1 0 1706827020
WALL 21209759 1 0 1706827021
WALL 21209759 1 0 1706827022
WALL 21209759 1 0 1706827023
WALL 21209759 1 0 1706827024
WALL 21209759 1 0 1706827025
WALL 21209759 1 0 1706827026
WALL 21209759 1 0 1706827027
WALL 21209759 1 0 1706827028
WALL 21209759 1 0 1706827029
WALL 21209759 1 0 1706827030
WALL 21209759 1 0 1706827031
WALL 21209759 1 0 1706827032
WALL 21209759 1 0 1706827033
WALL 21209759 1 0 1706827034
WALL 21209759 1 0 1706827035
WALL 21209759 1 0 1706827036
WALL 21209759 1 0 1706827037
WALL 21209759 1 0 1706827038
WALL 21209759 1 0 1706827039
WALL 21209759 1 0 1706827040
WALL 21209759 1 0 1706827041
WALL 21209759 1 0 1706827042
WALL 21209759 1 0 1706827043
WALL 21209759 1 0 1706827044
WALL 21209759 1 0 1706827045
WALL 21209759 1 0 1706827046
WALL 21209759 1 0 1706827047
WALL 21209759 1 0 1706827048
WALL 21209759 1 0 1706827049
WALL 21209759 1 0 1706827050
WALL 21209759 1 0 1706827051
WALL 21209759 1 0 1706827052
WALL 21209759 1 0 1706827053
WALL 21209759 1 0 1706827054
WALL 21209759 1 0 1706827055
WALL 21209759 1 0 1706827056
WALL 21209759 1 0 1706827057
WALL 21209759 1 0 1706827058
WALL 21209759 1 0 1706827059
WALL 21209759 1 0 1706827060
WALL 21209759 1 0 1706827061
WALL 21209759 1 0 1706827062
WALL 21209759 1 0 1706827063
WALL 21209759 1 0 1706827064
slurmstepd: error: *** JOB 21209759 ON nid200059 CANCELLED AT 2024-02-01T22:37:45 DUE TO PREEMPTION ***
received SIGTERM 1706827065
WALL 21209759 1 0 1706827065
received SIGCONT 1706827065
WALL 21209759 1 0 1706827065
received SIGTERM 1706827065
WALL 21209759 1 0 1706827065
