WALL 21199036 1 0 1706816007
WALL 21199036 1 0 1706816008
WALL 21199036 1 0 1706816009
WALL 21199036 1 0 1706816010
WALL 21199036 1 0 1706816011
WALL 21199036 1 0 1706816012
WALL 21199036 1 0 1706816013
WALL 21199036 1 0 1706816014
WALL 21199036 1 0 1706816015
WALL 21199036 1 0 1706816016
WALL 21199036 1 0 1706816017
WALL 21199036 1 0 1706816018
WALL 21199036 1 0 1706816019
WALL 21199036 1 0 1706816020
WALL 21199036 1 0 1706816021
WALL 21199036 1 0 1706816022
WALL 21199036 1 0 1706816023
WALL 21199036 1 0 1706816024
WALL 21199036 1 0 1706816025
WALL 21199036 1 0 1706816026
WALL 21199036 1 0 1706816027
WALL 21199036 1 0 1706816028
WALL 21199036 1 0 1706816029
WALL 21199036 1 0 1706816030
WALL 21199036 1 0 1706816031
WALL 21199036 1 0 1706816032
WALL 21199036 1 0 1706816033
WALL 21199036 1 0 1706816034
WALL 21199036 1 0 1706816035
WALL 21199036 1 0 1706816036
WALL 21199036 1 0 1706816037
WALL 21199036 1 0 1706816038
WALL 21199036 1 0 1706816039
received SIGCONT 1706816040
WALL 21199036 1 0 1706816040
slurmstepd: error: *** STEP 21199036.0 ON nid200141 CANCELLED AT 2024-02-01T19:34:00 ***
received SIGTERM 1706816040
WALL 21199036 1 0 1706816040
WALL 21199036 1 0 1706816041
WALL 21199036 1 0 1706816042
WALL 21199036 1 0 1706816043
WALL 21199036 1 0 1706816044
WALL 21199036 1 0 1706816045
WALL 21199036 1 0 1706816046
WALL 21199036 1 0 1706816047
WALL 21199036 1 0 1706816048
WALL 21199036 1 0 1706816049
WALL 21199036 1 0 1706816050
WALL 21199036 1 0 1706816051
WALL 21199036 1 0 1706816052
WALL 21199036 1 0 1706816053
WALL 21199036 1 0 1706816054
WALL 21199036 1 0 1706816055
WALL 21199036 1 0 1706816056
WALL 21199036 1 0 1706816057
WALL 21199036 1 0 1706816058
WALL 21199036 1 0 1706816059
WALL 21199036 1 0 1706816060
WALL 21199036 1 0 1706816061
WALL 21199036 1 0 1706816062
WALL 21199036 1 0 1706816063
WALL 21199036 1 0 1706816064
WALL 21199036 1 0 1706816065
WALL 21199036 1 0 1706816066
WALL 21199036 1 0 1706816067
WALL 21199036 1 0 1706816068
WALL 21199036 1 0 1706816069
WALL 21199036 1 0 1706816070
WALL 21199036 1 0 1706816071
WALL 21199036 1 0 1706816072
WALL 21199036 1 0 1706816073
WALL 21199036 1 0 1706816074
WALL 21199036 1 0 1706816075
WALL 21199036 1 0 1706816076
WALL 21199036 1 0 1706816077
WALL 21199036 1 0 1706816078
WALL 21199036 1 0 1706816079
WALL 21199036 1 0 1706816080
WALL 21199036 1 0 1706816081
WALL 21199036 1 0 1706816082
WALL 21199036 1 0 1706816083
WALL 21199036 1 0 1706816084
WALL 21199036 1 0 1706816085
WALL 21199036 1 0 1706816086
WALL 21199036 1 0 1706816087
WALL 21199036 1 0 1706816088
WALL 21199036 1 0 1706816089
WALL 21199036 1 0 1706816090
WALL 21199036 1 0 1706816091
WALL 21199036 1 0 1706816092
WALL 21199036 1 0 1706816093
WALL 21199036 1 0 1706816094
WALL 21199036 1 0 1706816095
WALL 21199036 1 0 1706816096
WALL 21199036 1 0 1706816097
WALL 21199036 1 0 1706816098
WALL 21199036 1 0 1706816099
WALL 21199036 1 0 1706816100
WALL 21199036 1 0 1706816101
WALL 21199036 1 0 1706816102
slurmstepd: error: *** JOB 21199036 ON nid200141 CANCELLED AT 2024-02-01T19:35:03 DUE TO PREEMPTION ***
received SIGTERM 1706816103
WALL 21199036 1 0 1706816103
received SIGCONT 1706816103
WALL 21199036 1 0 1706816103
received SIGTERM 1706816103
WALL 21199036 1 0 1706816103
