WALL 21089163 1 0 1706661835
WALL 21089163 1 0 1706661836
WALL 21089163 1 0 1706661837
WALL 21089163 1 0 1706661838
WALL 21089163 1 0 1706661839
WALL 21089163 1 0 1706661840
WALL 21089163 1 0 1706661841
WALL 21089163 1 0 1706661842
WALL 21089163 1 0 1706661843
WALL 21089163 1 0 1706661844
WALL 21089163 1 0 1706661845
WALL 21089163 1 0 1706661846
WALL 21089163 1 0 1706661847
WALL 21089163 1 0 1706661848
WALL 21089163 1 0 1706661849
WALL 21089163 1 0 1706661850
received SIGCONT 1706661850
WALL 21089163 1 0 1706661850
slurmstepd: error: *** STEP 21089163.0 ON nid200197 CANCELLED AT 2024-01-31T00:44:10 ***
received SIGTERM 1706661850
WALL 21089163 1 0 1706661850
WALL 21089163 1 0 1706661851
WALL 21089163 1 0 1706661852
WALL 21089163 1 0 1706661853
WALL 21089163 1 0 1706661854
WALL 21089163 1 0 1706661855
WALL 21089163 1 0 1706661856
WALL 21089163 1 0 1706661857
WALL 21089163 1 0 1706661858
WALL 21089163 1 0 1706661859
WALL 21089163 1 0 1706661860
WALL 21089163 1 0 1706661861
WALL 21089163 1 0 1706661862
WALL 21089163 1 0 1706661863
WALL 21089163 1 0 1706661864
WALL 21089163 1 0 1706661865
WALL 21089163 1 0 1706661866
WALL 21089163 1 0 1706661867
WALL 21089163 1 0 1706661868
WALL 21089163 1 0 1706661869
WALL 21089163 1 0 1706661870
WALL 21089163 1 0 1706661871
WALL 21089163 1 0 1706661872
WALL 21089163 1 0 1706661873
WALL 21089163 1 0 1706661874
WALL 21089163 1 0 1706661875
WALL 21089163 1 0 1706661876
WALL 21089163 1 0 1706661877
WALL 21089163 1 0 1706661878
WALL 21089163 1 0 1706661879
WALL 21089163 1 0 1706661880
WALL 21089163 1 0 1706661881
WALL 21089163 1 0 1706661882
WALL 21089163 1 0 1706661883
WALL 21089163 1 0 1706661884
WALL 21089163 1 0 1706661885
WALL 21089163 1 0 1706661886
WALL 21089163 1 0 1706661887
WALL 21089163 1 0 1706661888
WALL 21089163 1 0 1706661889
WALL 21089163 1 0 1706661890
WALL 21089163 1 0 1706661891
WALL 21089163 1 0 1706661892
WALL 21089163 1 0 1706661893
WALL 21089163 1 0 1706661894
WALL 21089163 1 0 1706661895
WALL 21089163 1 0 1706661896
WALL 21089163 1 0 1706661897
WALL 21089163 1 0 1706661898
WALL 21089163 1 0 1706661899
WALL 21089163 1 0 1706661900
WALL 21089163 1 0 1706661901
WALL 21089163 1 0 1706661902
WALL 21089163 1 0 1706661903
WALL 21089163 1 0 1706661904
WALL 21089163 1 0 1706661905
WALL 21089163 1 0 1706661906
WALL 21089163 1 0 1706661907
WALL 21089163 1 0 1706661908
WALL 21089163 1 0 1706661909
WALL 21089163 1 0 1706661910
WALL 21089163 1 0 1706661911
WALL 21089163 1 0 1706661912
WALL 21089163 1 0 1706661913
WALL 21089163 1 0 1706661914
WALL 21089163 1 0 1706661915
WALL 21089163 1 0 1706661916
WALL 21089163 1 0 1706661917
WALL 21089163 1 0 1706661918
WALL 21089163 1 0 1706661919
slurmstepd: error: *** JOB 21089163 ON nid200197 CANCELLED AT 2024-01-31T00:45:20 DUE TO PREEMPTION ***
received SIGTERM 1706661920
WALL 21089163 1 0 1706661920
received SIGCONT 1706661920
WALL 21089163 1 0 1706661920
received SIGTERM 1706661920
WALL 21089163 1 0 1706661920
