srun: warning: can't run 1 processes on 4 nodes, setting nnodes to 1
WALL 21245744 1 0 1706913840
WALL 21245744 1 0 1706913841
WALL 21245744 1 0 1706913842
WALL 21245744 1 0 1706913843
WALL 21245744 1 0 1706913844
WALL 21245744 1 0 1706913845
WALL 21245744 1 0 1706913846
WALL 21245744 1 0 1706913847
WALL 21245744 1 0 1706913848
WALL 21245744 1 0 1706913849
WALL 21245744 1 0 1706913850
WALL 21245744 1 0 1706913851
WALL 21245744 1 0 1706913852
WALL 21245744 1 0 1706913853
WALL 21245744 1 0 1706913854
WALL 21245744 1 0 1706913855
WALL 21245744 1 0 1706913856
WALL 21245744 1 0 1706913857
WALL 21245744 1 0 1706913858
WALL 21245744 1 0 1706913859
WALL 21245744 1 0 1706913860
WALL 21245744 1 0 1706913861
WALL 21245744 1 0 1706913862
WALL 21245744 1 0 1706913863
WALL 21245744 1 0 1706913864
WALL 21245744 1 0 1706913865
slurmstepd: error: *** STEP 21245744.0 ON nid200049 CANCELLED AT 2024-02-02T22:44:25 ***
received SIGCONT 1706913865
WALL 21245744 1 0 1706913865
received SIGTERM 1706913865
WALL 21245744 1 0 1706913865
WALL 21245744 1 0 1706913866
WALL 21245744 1 0 1706913867
WALL 21245744 1 0 1706913868
WALL 21245744 1 0 1706913869
WALL 21245744 1 0 1706913870
WALL 21245744 1 0 1706913871
WALL 21245744 1 0 1706913872
WALL 21245744 1 0 1706913873
WALL 21245744 1 0 1706913874
WALL 21245744 1 0 1706913875
WALL 21245744 1 0 1706913876
WALL 21245744 1 0 1706913877
WALL 21245744 1 0 1706913878
WALL 21245744 1 0 1706913879
WALL 21245744 1 0 1706913880
WALL 21245744 1 0 1706913881
WALL 21245744 1 0 1706913882
WALL 21245744 1 0 1706913883
WALL 21245744 1 0 1706913884
WALL 21245744 1 0 1706913885
WALL 21245744 1 0 1706913886
WALL 21245744 1 0 1706913887
WALL 21245744 1 0 1706913888
WALL 21245744 1 0 1706913889
WALL 21245744 1 0 1706913890
WALL 21245744 1 0 1706913891
WALL 21245744 1 0 1706913892
WALL 21245744 1 0 1706913893
WALL 21245744 1 0 1706913894
WALL 21245744 1 0 1706913895
WALL 21245744 1 0 1706913896
WALL 21245744 1 0 1706913897
WALL 21245744 1 0 1706913898
WALL 21245744 1 0 1706913899
WALL 21245744 1 0 1706913900
WALL 21245744 1 0 1706913901
WALL 21245744 1 0 1706913902
WALL 21245744 1 0 1706913903
WALL 21245744 1 0 1706913904
WALL 21245744 1 0 1706913905
WALL 21245744 1 0 1706913906
WALL 21245744 1 0 1706913907
WALL 21245744 1 0 1706913908
WALL 21245744 1 0 1706913909
WALL 21245744 1 0 1706913910
WALL 21245744 1 0 1706913911
WALL 21245744 1 0 1706913912
WALL 21245744 1 0 1706913913
WALL 21245744 1 0 1706913914
WALL 21245744 1 0 1706913915
WALL 21245744 1 0 1706913916
WALL 21245744 1 0 1706913917
WALL 21245744 1 0 1706913918
WALL 21245744 1 0 1706913919
WALL 21245744 1 0 1706913920
WALL 21245744 1 0 1706913921
WALL 21245744 1 0 1706913922
WALL 21245744 1 0 1706913923
WALL 21245744 1 0 1706913924
WALL 21245744 1 0 1706913925
WALL 21245744 1 0 1706913926
WALL 21245744 1 0 1706913927
WALL 21245744 1 0 1706913928
WALL 21245744 1 0 1706913929
WALL 21245744 1 0 1706913930
WALL 21245744 1 0 1706913931
WALL 21245744 1 0 1706913932
WALL 21245744 1 0 1706913933
WALL 21245744 1 0 1706913934
WALL 21245744 1 0 1706913935
WALL 21245744 1 0 1706913936
WALL 21245744 1 0 1706913937
WALL 21245744 1 0 1706913938
WALL 21245744 1 0 1706913939
WALL 21245744 1 0 1706913940
WALL 21245744 1 0 1706913941
WALL 21245744 1 0 1706913942
WALL 21245744 1 0 1706913943
WALL 21245744 1 0 1706913944
WALL 21245744 1 0 1706913945
WALL 21245744 1 0 1706913946
WALL 21245744 1 0 1706913947
WALL 21245744 1 0 1706913948
WALL 21245744 1 0 1706913949
WALL 21245744 1 0 1706913950
WALL 21245744 1 0 1706913951
WALL 21245744 1 0 1706913952
WALL 21245744 1 0 1706913953
WALL 21245744 1 0 1706913954
WALL 21245744 1 0 1706913955
WALL 21245744 1 0 1706913956
WALL 21245744 1 0 1706913957
WALL 21245744 1 0 1706913958
WALL 21245744 1 0 1706913959
WALL 21245744 1 0 1706913960
WALL 21245744 1 0 1706913961
WALL 21245744 1 0 1706913962
WALL 21245744 1 0 1706913963
WALL 21245744 1 0 1706913964
WALL 21245744 1 0 1706913965
WALL 21245744 1 0 1706913966
WALL 21245744 1 0 1706913967
WALL 21245744 1 0 1706913968
WALL 21245744 1 0 1706913969
WALL 21245744 1 0 1706913970
WALL 21245744 1 0 1706913971
WALL 21245744 1 0 1706913972
WALL 21245744 1 0 1706913973
WALL 21245744 1 0 1706913974
WALL 21245744 1 0 1706913975
WALL 21245744 1 0 1706913976
WALL 21245744 1 0 1706913977
WALL 21245744 1 0 1706913978
WALL 21245744 1 0 1706913979
WALL 21245744 1 0 1706913980
WALL 21245744 1 0 1706913981
WALL 21245744 1 0 1706913982
WALL 21245744 1 0 1706913983
WALL 21245744 1 0 1706913984
WALL 21245744 1 0 1706913985
WALL 21245744 1 0 1706913986
WALL 21245744 1 0 1706913987
WALL 21245744 1 0 1706913988
WALL 21245744 1 0 1706913989
WALL 21245744 1 0 1706913990
WALL 21245744 1 0 1706913991
WALL 21245744 1 0 1706913992
WALL 21245744 1 0 1706913993
WALL 21245744 1 0 1706913994
WALL 21245744 1 0 1706913995
WALL 21245744 1 0 1706913996
WALL 21245744 1 0 1706913997
WALL 21245744 1 0 1706913998
WALL 21245744 1 0 1706913999
WALL 21245744 1 0 1706914000
WALL 21245744 1 0 1706914001
WALL 21245744 1 0 1706914002
WALL 21245744 1 0 1706914003
WALL 21245744 1 0 1706914004
WALL 21245744 1 0 1706914005
WALL 21245744 1 0 1706914006
WALL 21245744 1 0 1706914007
WALL 21245744 1 0 1706914008
WALL 21245744 1 0 1706914009
slurmstepd: error: *** JOB 21245744 ON nid200049 CANCELLED AT 2024-02-02T22:46:50 DUE TO PREEMPTION ***
received SIGTERM 1706914010
WALL 21245744 1 0 1706914010
received SIGCONT 1706914010
WALL 21245744 1 0 1706914010
received SIGTERM 1706914010
