WALL 21152537 1 0 1706740830
WALL 21152537 1 0 1706740831
WALL 21152537 1 0 1706740832
received SIGCONT 1706740833
WALL 21152537 1 0 1706740833
slurmstepd: error: *** STEP 21152537.0 ON nid200030 CANCELLED AT 2024-01-31T22:40:33 ***
received SIGTERM 1706740833
WALL 21152537 1 0 1706740833
WALL 21152537 1 0 1706740834
WALL 21152537 1 0 1706740835
WALL 21152537 1 0 1706740836
WALL 21152537 1 0 1706740837
WALL 21152537 1 0 1706740838
WALL 21152537 1 0 1706740839
WALL 21152537 1 0 1706740840
WALL 21152537 1 0 1706740841
WALL 21152537 1 0 1706740842
WALL 21152537 1 0 1706740843
WALL 21152537 1 0 1706740844
WALL 21152537 1 0 1706740845
WALL 21152537 1 0 1706740846
WALL 21152537 1 0 1706740847
WALL 21152537 1 0 1706740848
WALL 21152537 1 0 1706740849
WALL 21152537 1 0 1706740850
WALL 21152537 1 0 1706740851
WALL 21152537 1 0 1706740852
WALL 21152537 1 0 1706740853
WALL 21152537 1 0 1706740854
WALL 21152537 1 0 1706740855
WALL 21152537 1 0 1706740856
WALL 21152537 1 0 1706740857
WALL 21152537 1 0 1706740858
WALL 21152537 1 0 1706740859
WALL 21152537 1 0 1706740860
WALL 21152537 1 0 1706740861
WALL 21152537 1 0 1706740862
WALL 21152537 1 0 1706740863
WALL 21152537 1 0 1706740864
WALL 21152537 1 0 1706740865
WALL 21152537 1 0 1706740866
WALL 21152537 1 0 1706740867
WALL 21152537 1 0 1706740868
WALL 21152537 1 0 1706740869
WALL 21152537 1 0 1706740870
WALL 21152537 1 0 1706740871
WALL 21152537 1 0 1706740872
WALL 21152537 1 0 1706740873
WALL 21152537 1 0 1706740874
WALL 21152537 1 0 1706740875
WALL 21152537 1 0 1706740876
WALL 21152537 1 0 1706740877
WALL 21152537 1 0 1706740878
WALL 21152537 1 0 1706740879
WALL 21152537 1 0 1706740880
WALL 21152537 1 0 1706740881
WALL 21152537 1 0 1706740882
WALL 21152537 1 0 1706740883
WALL 21152537 1 0 1706740884
WALL 21152537 1 0 1706740885
WALL 21152537 1 0 1706740886
WALL 21152537 1 0 1706740887
WALL 21152537 1 0 1706740888
WALL 21152537 1 0 1706740889
WALL 21152537 1 0 1706740890
WALL 21152537 1 0 1706740891
WALL 21152537 1 0 1706740892
WALL 21152537 1 0 1706740893
WALL 21152537 1 0 1706740894
WALL 21152537 1 0 1706740895
WALL 21152537 1 0 1706740896
WALL 21152537 1 0 1706740897
WALL 21152537 1 0 1706740898
WALL 21152537 1 0 1706740899
WALL 21152537 1 0 1706740900
WALL 21152537 1 0 1706740901
WALL 21152537 1 0 1706740902
slurmstepd: error: *** JOB 21152537 ON nid200030 CANCELLED AT 2024-01-31T22:41:42 DUE TO PREEMPTION ***
received SIGTERM 1706740902
WALL 21152537 1 0 1706740902
received SIGCONT 1706740902
WALL 21152537 1 0 1706740902
received SIGTERM 1706740902
WALL 21152537 1 0 1706740902
