srun: warning: can't run 1 processes on 4 nodes, setting nnodes to 1
WALL 21232216 1 0 1706901450
WALL 21232216 1 0 1706901451
WALL 21232216 1 0 1706901452
WALL 21232216 1 0 1706901453
WALL 21232216 1 0 1706901454
WALL 21232216 1 0 1706901455
WALL 21232216 1 0 1706901456
WALL 21232216 1 0 1706901457
WALL 21232216 1 0 1706901458
WALL 21232216 1 0 1706901459
WALL 21232216 1 0 1706901460
WALL 21232216 1 0 1706901461
WALL 21232216 1 0 1706901462
WALL 21232216 1 0 1706901463
WALL 21232216 1 0 1706901464
WALL 21232216 1 0 1706901465
WALL 21232216 1 0 1706901466
WALL 21232216 1 0 1706901467
WALL 21232216 1 0 1706901468
WALL 21232216 1 0 1706901469
WALL 21232216 1 0 1706901470
WALL 21232216 1 0 1706901471
WALL 21232216 1 0 1706901472
WALL 21232216 1 0 1706901473
WALL 21232216 1 0 1706901474
WALL 21232216 1 0 1706901475
WALL 21232216 1 0 1706901476
WALL 21232216 1 0 1706901477
WALL 21232216 1 0 1706901478
WALL 21232216 1 0 1706901479
WALL 21232216 1 0 1706901480
WALL 21232216 1 0 1706901481
WALL 21232216 1 0 1706901482
WALL 21232216 1 0 1706901483
WALL 21232216 1 0 1706901484
WALL 21232216 1 0 1706901485
WALL 21232216 1 0 1706901486
WALL 21232216 1 0 1706901487
WALL 21232216 1 0 1706901488
WALL 21232216 1 0 1706901489
WALL 21232216 1 0 1706901490
WALL 21232216 1 0 1706901491
WALL 21232216 1 0 1706901492
WALL 21232216 1 0 1706901493
WALL 21232216 1 0 1706901494
WALL 21232216 1 0 1706901495
WALL 21232216 1 0 1706901496
WALL 21232216 1 0 1706901497
WALL 21232216 1 0 1706901498
WALL 21232216 1 0 1706901499
WALL 21232216 1 0 1706901500
WALL 21232216 1 0 1706901501
WALL 21232216 1 0 1706901502
WALL 21232216 1 0 1706901503
WALL 21232216 1 0 1706901504
WALL 21232216 1 0 1706901505
WALL 21232216 1 0 1706901506
WALL 21232216 1 0 1706901507
WALL 21232216 1 0 1706901508
WALL 21232216 1 0 1706901509
WALL 21232216 1 0 1706901510
WALL 21232216 1 0 1706901511
WALL 21232216 1 0 1706901512
WALL 21232216 1 0 1706901513
WALL 21232216 1 0 1706901514
WALL 21232216 1 0 1706901515
WALL 21232216 1 0 1706901516
WALL 21232216 1 0 1706901517
WALL 21232216 1 0 1706901518
WALL 21232216 1 0 1706901519
WALL 21232216 1 0 1706901520
WALL 21232216 1 0 1706901521
WALL 21232216 1 0 1706901522
WALL 21232216 1 0 1706901523
WALL 21232216 1 0 1706901524
WALL 21232216 1 0 1706901525
WALL 21232216 1 0 1706901526
WALL 21232216 1 0 1706901527
WALL 21232216 1 0 1706901528
WALL 21232216 1 0 1706901529
WALL 21232216 1 0 1706901530
WALL 21232216 1 0 1706901531
WALL 21232216 1 0 1706901532
WALL 21232216 1 0 1706901533
WALL 21232216 1 0 1706901534
WALL 21232216 1 0 1706901535
WALL 21232216 1 0 1706901536
WALL 21232216 1 0 1706901537
WALL 21232216 1 0 1706901538
WALL 21232216 1 0 1706901539
WALL 21232216 1 0 1706901540
WALL 21232216 1 0 1706901541
WALL 21232216 1 0 1706901542
WALL 21232216 1 0 1706901543
WALL 21232216 1 0 1706901544
WALL 21232216 1 0 1706901545
WALL 21232216 1 0 1706901546
WALL 21232216 1 0 1706901547
WALL 21232216 1 0 1706901548
WALL 21232216 1 0 1706901549
WALL 21232216 1 0 1706901550
WALL 21232216 1 0 1706901551
WALL 21232216 1 0 1706901552
WALL 21232216 1 0 1706901553
WALL 21232216 1 0 1706901554
WALL 21232216 1 0 1706901555
WALL 21232216 1 0 1706901556
WALL 21232216 1 0 1706901557
WALL 21232216 1 0 1706901558
WALL 21232216 1 0 1706901559
WALL 21232216 1 0 1706901560
WALL 21232216 1 0 1706901561
WALL 21232216 1 0 1706901562
WALL 21232216 1 0 1706901563
WALL 21232216 1 0 1706901564
WALL 21232216 1 0 1706901565
WALL 21232216 1 0 1706901566
WALL 21232216 1 0 1706901567
WALL 21232216 1 0 1706901568
WALL 21232216 1 0 1706901569
WALL 21232216 1 0 1706901570
WALL 21232216 1 0 1706901571
WALL 21232216 1 0 1706901572
WALL 21232216 1 0 1706901573
WALL 21232216 1 0 1706901574
WALL 21232216 1 0 1706901575
WALL 21232216 1 0 1706901576
WALL 21232216 1 0 1706901577
WALL 21232216 1 0 1706901578
WALL 21232216 1 0 1706901579
WALL 21232216 1 0 1706901580
WALL 21232216 1 0 1706901581
WALL 21232216 1 0 1706901582
WALL 21232216 1 0 1706901583
WALL 21232216 1 0 1706901584
WALL 21232216 1 0 1706901585
WALL 21232216 1 0 1706901586
WALL 21232216 1 0 1706901587
WALL 21232216 1 0 1706901588
WALL 21232216 1 0 1706901589
WALL 21232216 1 0 1706901590
WALL 21232216 1 0 1706901591
WALL 21232216 1 0 1706901592
WALL 21232216 1 0 1706901593
WALL 21232216 1 0 1706901594
WALL 21232216 1 0 1706901595
WALL 21232216 1 0 1706901596
WALL 21232216 1 0 1706901597
WALL 21232216 1 0 1706901598
WALL 21232216 1 0 1706901599
WALL 21232216 1 0 1706901600
WALL 21232216 1 0 1706901601
WALL 21232216 1 0 1706901602
WALL 21232216 1 0 1706901603
WALL 21232216 1 0 1706901604
WALL 21232216 1 0 1706901605
WALL 21232216 1 0 1706901606
WALL 21232216 1 0 1706901607
WALL 21232216 1 0 1706901608
WALL 21232216 1 0 1706901609
WALL 21232216 1 0 1706901610
WALL 21232216 1 0 1706901611
WALL 21232216 1 0 1706901612
WALL 21232216 1 0 1706901613
WALL 21232216 1 0 1706901614
WALL 21232216 1 0 1706901615
WALL 21232216 1 0 1706901616
WALL 21232216 1 0 1706901617
WALL 21232216 1 0 1706901618
WALL 21232216 1 0 1706901619
WALL 21232216 1 0 1706901620
WALL 21232216 1 0 1706901621
WALL 21232216 1 0 1706901622
WALL 21232216 1 0 1706901623
WALL 21232216 1 0 1706901624
WALL 21232216 1 0 1706901625
WALL 21232216 1 0 1706901626
WALL 21232216 1 0 1706901627
WALL 21232216 1 0 1706901628
WALL 21232216 1 0 1706901629
WALL 21232216 1 0 1706901630
WALL 21232216 1 0 1706901631
WALL 21232216 1 0 1706901632
WALL 21232216 1 0 1706901633
WALL 21232216 1 0 1706901634
WALL 21232216 1 0 1706901635
WALL 21232216 1 0 1706901636
WALL 21232216 1 0 1706901637
WALL 21232216 1 0 1706901638
WALL 21232216 1 0 1706901639
WALL 21232216 1 0 1706901640
WALL 21232216 1 0 1706901641
WALL 21232216 1 0 1706901642
WALL 21232216 1 0 1706901643
WALL 21232216 1 0 1706901644
WALL 21232216 1 0 1706901645
WALL 21232216 1 0 1706901646
WALL 21232216 1 0 1706901647
WALL 21232216 1 0 1706901648
WALL 21232216 1 0 1706901649
WALL 21232216 1 0 1706901650
WALL 21232216 1 0 1706901651
WALL 21232216 1 0 1706901652
WALL 21232216 1 0 1706901653
WALL 21232216 1 0 1706901654
WALL 21232216 1 0 1706901655
WALL 21232216 1 0 1706901656
WALL 21232216 1 0 1706901657
WALL 21232216 1 0 1706901658
WALL 21232216 1 0 1706901659
WALL 21232216 1 0 1706901660
WALL 21232216 1 0 1706901661
WALL 21232216 1 0 1706901662
WALL 21232216 1 0 1706901663
WALL 21232216 1 0 1706901664
WALL 21232216 1 0 1706901665
WALL 21232216 1 0 1706901666
WALL 21232216 1 0 1706901667
WALL 21232216 1 0 1706901668
WALL 21232216 1 0 1706901669
WALL 21232216 1 0 1706901670
WALL 21232216 1 0 1706901671
WALL 21232216 1 0 1706901672
WALL 21232216 1 0 1706901673
WALL 21232216 1 0 1706901674
WALL 21232216 1 0 1706901675
WALL 21232216 1 0 1706901676
WALL 21232216 1 0 1706901677
WALL 21232216 1 0 1706901678
WALL 21232216 1 0 1706901679
WALL 21232216 1 0 1706901680
WALL 21232216 1 0 1706901681
WALL 21232216 1 0 1706901682
WALL 21232216 1 0 1706901683
WALL 21232216 1 0 1706901684
WALL 21232216 1 0 1706901685
WALL 21232216 1 0 1706901686
WALL 21232216 1 0 1706901687
WALL 21232216 1 0 1706901688
WALL 21232216 1 0 1706901689
WALL 21232216 1 0 1706901690
WALL 21232216 1 0 1706901691
WALL 21232216 1 0 1706901692
WALL 21232216 1 0 1706901693
WALL 21232216 1 0 1706901694
WALL 21232216 1 0 1706901695
WALL 21232216 1 0 1706901696
WALL 21232216 1 0 1706901697
WALL 21232216 1 0 1706901698
WALL 21232216 1 0 1706901699
WALL 21232216 1 0 1706901700
WALL 21232216 1 0 1706901701
WALL 21232216 1 0 1706901702
WALL 21232216 1 0 1706901703
WALL 21232216 1 0 1706901704
WALL 21232216 1 0 1706901705
WALL 21232216 1 0 1706901706
WALL 21232216 1 0 1706901707
WALL 21232216 1 0 1706901708
WALL 21232216 1 0 1706901709
WALL 21232216 1 0 1706901710
WALL 21232216 1 0 1706901711
WALL 21232216 1 0 1706901712
WALL 21232216 1 0 1706901713
WALL 21232216 1 0 1706901714
WALL 21232216 1 0 1706901715
WALL 21232216 1 0 1706901716
WALL 21232216 1 0 1706901717
WALL 21232216 1 0 1706901718
WALL 21232216 1 0 1706901719
WALL 21232216 1 0 1706901720
WALL 21232216 1 0 1706901721
WALL 21232216 1 0 1706901722
WALL 21232216 1 0 1706901723
WALL 21232216 1 0 1706901724
WALL 21232216 1 0 1706901725
WALL 21232216 1 0 1706901726
WALL 21232216 1 0 1706901727
WALL 21232216 1 0 1706901728
received SIGCONT 1706901728
WALL 21232216 1 0 1706901728
slurmstepd: error: *** STEP 21232216.0 ON nid200030 CANCELLED AT 2024-02-02T19:22:08 ***
received SIGTERM 1706901728
WALL 21232216 1 0 1706901728
WALL 21232216 1 0 1706901729
WALL 21232216 1 0 1706901730
WALL 21232216 1 0 1706901731
WALL 21232216 1 0 1706901732
WALL 21232216 1 0 1706901733
WALL 21232216 1 0 1706901734
WALL 21232216 1 0 1706901735
WALL 21232216 1 0 1706901736
WALL 21232216 1 0 1706901737
WALL 21232216 1 0 1706901738
WALL 21232216 1 0 1706901739
WALL 21232216 1 0 1706901740
WALL 21232216 1 0 1706901741
WALL 21232216 1 0 1706901742
WALL 21232216 1 0 1706901743
WALL 21232216 1 0 1706901744
WALL 21232216 1 0 1706901745
WALL 21232216 1 0 1706901746
WALL 21232216 1 0 1706901747
WALL 21232216 1 0 1706901748
WALL 21232216 1 0 1706901749
WALL 21232216 1 0 1706901750
WALL 21232216 1 0 1706901751
WALL 21232216 1 0 1706901752
WALL 21232216 1 0 1706901753
WALL 21232216 1 0 1706901754
WALL 21232216 1 0 1706901755
WALL 21232216 1 0 1706901756
WALL 21232216 1 0 1706901757
WALL 21232216 1 0 1706901758
WALL 21232216 1 0 1706901759
WALL 21232216 1 0 1706901760
WALL 21232216 1 0 1706901761
WALL 21232216 1 0 1706901762
WALL 21232216 1 0 1706901763
WALL 21232216 1 0 1706901764
WALL 21232216 1 0 1706901765
WALL 21232216 1 0 1706901766
WALL 21232216 1 0 1706901767
WALL 21232216 1 0 1706901768
WALL 21232216 1 0 1706901769
WALL 21232216 1 0 1706901770
WALL 21232216 1 0 1706901771
WALL 21232216 1 0 1706901772
WALL 21232216 1 0 1706901773
WALL 21232216 1 0 1706901774
WALL 21232216 1 0 1706901775
WALL 21232216 1 0 1706901776
WALL 21232216 1 0 1706901777
WALL 21232216 1 0 1706901778
WALL 21232216 1 0 1706901779
WALL 21232216 1 0 1706901780
WALL 21232216 1 0 1706901781
WALL 21232216 1 0 1706901782
WALL 21232216 1 0 1706901783
WALL 21232216 1 0 1706901784
WALL 21232216 1 0 1706901785
WALL 21232216 1 0 1706901786
WALL 21232216 1 0 1706901787
WALL 21232216 1 0 1706901788
WALL 21232216 1 0 1706901789
WALL 21232216 1 0 1706901790
WALL 21232216 1 0 1706901791
WALL 21232216 1 0 1706901792
WALL 21232216 1 0 1706901793
WALL 21232216 1 0 1706901794
WALL 21232216 1 0 1706901795
WALL 21232216 1 0 1706901796
WALL 21232216 1 0 1706901797
WALL 21232216 1 0 1706901798
WALL 21232216 1 0 1706901799
WALL 21232216 1 0 1706901800
WALL 21232216 1 0 1706901801
WALL 21232216 1 0 1706901802
WALL 21232216 1 0 1706901803
WALL 21232216 1 0 1706901804
WALL 21232216 1 0 1706901805
WALL 21232216 1 0 1706901806
WALL 21232216 1 0 1706901807
WALL 21232216 1 0 1706901808
WALL 21232216 1 0 1706901809
WALL 21232216 1 0 1706901810
WALL 21232216 1 0 1706901811
WALL 21232216 1 0 1706901812
WALL 21232216 1 0 1706901813
WALL 21232216 1 0 1706901814
WALL 21232216 1 0 1706901815
WALL 21232216 1 0 1706901816
WALL 21232216 1 0 1706901817
WALL 21232216 1 0 1706901818
WALL 21232216 1 0 1706901819
WALL 21232216 1 0 1706901820
WALL 21232216 1 0 1706901821
WALL 21232216 1 0 1706901822
WALL 21232216 1 0 1706901823
WALL 21232216 1 0 1706901824
WALL 21232216 1 0 1706901825
WALL 21232216 1 0 1706901826
WALL 21232216 1 0 1706901827
WALL 21232216 1 0 1706901828
WALL 21232216 1 0 1706901829
WALL 21232216 1 0 1706901830
WALL 21232216 1 0 1706901831
WALL 21232216 1 0 1706901832
WALL 21232216 1 0 1706901833
WALL 21232216 1 0 1706901834
WALL 21232216 1 0 1706901835
WALL 21232216 1 0 1706901836
WALL 21232216 1 0 1706901837
WALL 21232216 1 0 1706901838
WALL 21232216 1 0 1706901839
WALL 21232216 1 0 1706901840
WALL 21232216 1 0 1706901841
WALL 21232216 1 0 1706901842
WALL 21232216 1 0 1706901843
WALL 21232216 1 0 1706901844
WALL 21232216 1 0 1706901845
WALL 21232216 1 0 1706901846
WALL 21232216 1 0 1706901847
WALL 21232216 1 0 1706901848
WALL 21232216 1 0 1706901849
WALL 21232216 1 0 1706901850
WALL 21232216 1 0 1706901851
WALL 21232216 1 0 1706901852
WALL 21232216 1 0 1706901853
WALL 21232216 1 0 1706901854
WALL 21232216 1 0 1706901855
WALL 21232216 1 0 1706901856
WALL 21232216 1 0 1706901857
WALL 21232216 1 0 1706901858
WALL 21232216 1 0 1706901859
WALL 21232216 1 0 1706901860
WALL 21232216 1 0 1706901861
WALL 21232216 1 0 1706901862
WALL 21232216 1 0 1706901863
WALL 21232216 1 0 1706901864
WALL 21232216 1 0 1706901865
WALL 21232216 1 0 1706901866
WALL 21232216 1 0 1706901867
WALL 21232216 1 0 1706901868
WALL 21232216 1 0 1706901869
WALL 21232216 1 0 1706901870
WALL 21232216 1 0 1706901871
WALL 21232216 1 0 1706901872
WALL 21232216 1 0 1706901873
WALL 21232216 1 0 1706901874
slurmstepd: error: *** JOB 21232216 ON nid200030 CANCELLED AT 2024-02-02T19:24:34 DUE TO PREEMPTION ***
received SIGTERM 1706901874
WALL 21232216 1 0 1706901874
received SIGCONT 1706901874
WALL 21232216 1 0 1706901874
received SIGTERM 1706901874
WALL 21232216 1 0 1706901874
