srun: warning: can't run 1 processes on 4 nodes, setting nnodes to 1
WALL 21206420 1 0 1706820300
WALL 21206420 1 0 1706820301
WALL 21206420 1 0 1706820302
WALL 21206420 1 0 1706820303
WALL 21206420 1 0 1706820304
WALL 21206420 1 0 1706820305
WALL 21206420 1 0 1706820306
WALL 21206420 1 0 1706820307
WALL 21206420 1 0 1706820308
WALL 21206420 1 0 1706820309
WALL 21206420 1 0 1706820310
WALL 21206420 1 0 1706820311
WALL 21206420 1 0 1706820312
WALL 21206420 1 0 1706820313
WALL 21206420 1 0 1706820314
WALL 21206420 1 0 1706820315
WALL 21206420 1 0 1706820316
WALL 21206420 1 0 1706820317
WALL 21206420 1 0 1706820318
WALL 21206420 1 0 1706820319
WALL 21206420 1 0 1706820320
WALL 21206420 1 0 1706820321
WALL 21206420 1 0 1706820322
WALL 21206420 1 0 1706820323
WALL 21206420 1 0 1706820324
WALL 21206420 1 0 1706820325
WALL 21206420 1 0 1706820326
WALL 21206420 1 0 1706820327
WALL 21206420 1 0 1706820328
WALL 21206420 1 0 1706820329
WALL 21206420 1 0 1706820330
WALL 21206420 1 0 1706820331
WALL 21206420 1 0 1706820332
WALL 21206420 1 0 1706820333
WALL 21206420 1 0 1706820334
WALL 21206420 1 0 1706820335
WALL 21206420 1 0 1706820336
WALL 21206420 1 0 1706820337
WALL 21206420 1 0 1706820338
WALL 21206420 1 0 1706820339
WALL 21206420 1 0 1706820340
WALL 21206420 1 0 1706820341
WALL 21206420 1 0 1706820342
WALL 21206420 1 0 1706820343
WALL 21206420 1 0 1706820344
WALL 21206420 1 0 1706820345
WALL 21206420 1 0 1706820346
WALL 21206420 1 0 1706820347
WALL 21206420 1 0 1706820348
WALL 21206420 1 0 1706820349
WALL 21206420 1 0 1706820350
WALL 21206420 1 0 1706820351
WALL 21206420 1 0 1706820352
WALL 21206420 1 0 1706820353
WALL 21206420 1 0 1706820354
WALL 21206420 1 0 1706820355
WALL 21206420 1 0 1706820356
WALL 21206420 1 0 1706820357
WALL 21206420 1 0 1706820358
WALL 21206420 1 0 1706820359
WALL 21206420 1 0 1706820360
WALL 21206420 1 0 1706820361
WALL 21206420 1 0 1706820362
WALL 21206420 1 0 1706820363
WALL 21206420 1 0 1706820364
WALL 21206420 1 0 1706820365
WALL 21206420 1 0 1706820366
WALL 21206420 1 0 1706820367
WALL 21206420 1 0 1706820368
WALL 21206420 1 0 1706820369
WALL 21206420 1 0 1706820370
WALL 21206420 1 0 1706820371
WALL 21206420 1 0 1706820372
WALL 21206420 1 0 1706820373
WALL 21206420 1 0 1706820374
WALL 21206420 1 0 1706820375
WALL 21206420 1 0 1706820376
WALL 21206420 1 0 1706820377
WALL 21206420 1 0 1706820378
WALL 21206420 1 0 1706820379
WALL 21206420 1 0 1706820380
WALL 21206420 1 0 1706820381
WALL 21206420 1 0 1706820382
WALL 21206420 1 0 1706820383
WALL 21206420 1 0 1706820384
WALL 21206420 1 0 1706820385
WALL 21206420 1 0 1706820386
WALL 21206420 1 0 1706820387
WALL 21206420 1 0 1706820388
WALL 21206420 1 0 1706820389
WALL 21206420 1 0 1706820390
WALL 21206420 1 0 1706820391
WALL 21206420 1 0 1706820392
WALL 21206420 1 0 1706820393
WALL 21206420 1 0 1706820394
WALL 21206420 1 0 1706820395
WALL 21206420 1 0 1706820396
WALL 21206420 1 0 1706820397
WALL 21206420 1 0 1706820398
WALL 21206420 1 0 1706820399
WALL 21206420 1 0 1706820400
WALL 21206420 1 0 1706820401
WALL 21206420 1 0 1706820402
WALL 21206420 1 0 1706820403
WALL 21206420 1 0 1706820404
WALL 21206420 1 0 1706820405
WALL 21206420 1 0 1706820406
WALL 21206420 1 0 1706820407
WALL 21206420 1 0 1706820408
WALL 21206420 1 0 1706820409
WALL 21206420 1 0 1706820410
WALL 21206420 1 0 1706820411
WALL 21206420 1 0 1706820412
WALL 21206420 1 0 1706820413
WALL 21206420 1 0 1706820414
WALL 21206420 1 0 1706820415
WALL 21206420 1 0 1706820416
WALL 21206420 1 0 1706820417
WALL 21206420 1 0 1706820418
WALL 21206420 1 0 1706820419
WALL 21206420 1 0 1706820420
WALL 21206420 1 0 1706820421
WALL 21206420 1 0 1706820422
WALL 21206420 1 0 1706820423
WALL 21206420 1 0 1706820424
WALL 21206420 1 0 1706820425
WALL 21206420 1 0 1706820426
WALL 21206420 1 0 1706820427
WALL 21206420 1 0 1706820428
WALL 21206420 1 0 1706820429
WALL 21206420 1 0 1706820430
WALL 21206420 1 0 1706820431
WALL 21206420 1 0 1706820432
WALL 21206420 1 0 1706820433
WALL 21206420 1 0 1706820434
WALL 21206420 1 0 1706820435
WALL 21206420 1 0 1706820436
WALL 21206420 1 0 1706820437
WALL 21206420 1 0 1706820438
WALL 21206420 1 0 1706820439
WALL 21206420 1 0 1706820440
WALL 21206420 1 0 1706820441
WALL 21206420 1 0 1706820442
WALL 21206420 1 0 1706820443
WALL 21206420 1 0 1706820444
WALL 21206420 1 0 1706820445
WALL 21206420 1 0 1706820446
WALL 21206420 1 0 1706820447
WALL 21206420 1 0 1706820448
WALL 21206420 1 0 1706820449
WALL 21206420 1 0 1706820450
WALL 21206420 1 0 1706820451
WALL 21206420 1 0 1706820452
WALL 21206420 1 0 1706820453
WALL 21206420 1 0 1706820454
WALL 21206420 1 0 1706820455
WALL 21206420 1 0 1706820456
WALL 21206420 1 0 1706820457
WALL 21206420 1 0 1706820458
WALL 21206420 1 0 1706820459
WALL 21206420 1 0 1706820460
WALL 21206420 1 0 1706820461
WALL 21206420 1 0 1706820462
WALL 21206420 1 0 1706820463
WALL 21206420 1 0 1706820464
WALL 21206420 1 0 1706820465
WALL 21206420 1 0 1706820466
WALL 21206420 1 0 1706820467
WALL 21206420 1 0 1706820468
WALL 21206420 1 0 1706820469
WALL 21206420 1 0 1706820470
WALL 21206420 1 0 1706820471
WALL 21206420 1 0 1706820472
WALL 21206420 1 0 1706820473
WALL 21206420 1 0 1706820474
WALL 21206420 1 0 1706820475
WALL 21206420 1 0 1706820476
WALL 21206420 1 0 1706820477
WALL 21206420 1 0 1706820478
WALL 21206420 1 0 1706820479
WALL 21206420 1 0 1706820480
WALL 21206420 1 0 1706820481
WALL 21206420 1 0 1706820482
WALL 21206420 1 0 1706820483
WALL 21206420 1 0 1706820484
WALL 21206420 1 0 1706820485
WALL 21206420 1 0 1706820486
WALL 21206420 1 0 1706820487
WALL 21206420 1 0 1706820488
WALL 21206420 1 0 1706820489
WALL 21206420 1 0 1706820490
WALL 21206420 1 0 1706820491
WALL 21206420 1 0 1706820492
WALL 21206420 1 0 1706820493
WALL 21206420 1 0 1706820494
WALL 21206420 1 0 1706820495
WALL 21206420 1 0 1706820496
WALL 21206420 1 0 1706820497
WALL 21206420 1 0 1706820498
WALL 21206420 1 0 1706820499
WALL 21206420 1 0 1706820500
WALL 21206420 1 0 1706820501
WALL 21206420 1 0 1706820502
WALL 21206420 1 0 1706820503
WALL 21206420 1 0 1706820504
WALL 21206420 1 0 1706820505
WALL 21206420 1 0 1706820506
WALL 21206420 1 0 1706820507
WALL 21206420 1 0 1706820508
WALL 21206420 1 0 1706820509
WALL 21206420 1 0 1706820510
WALL 21206420 1 0 1706820511
WALL 21206420 1 0 1706820512
WALL 21206420 1 0 1706820513
WALL 21206420 1 0 1706820514
WALL 21206420 1 0 1706820515
WALL 21206420 1 0 1706820516
WALL 21206420 1 0 1706820517
WALL 21206420 1 0 1706820518
WALL 21206420 1 0 1706820519
WALL 21206420 1 0 1706820520
WALL 21206420 1 0 1706820521
WALL 21206420 1 0 1706820522
WALL 21206420 1 0 1706820523
WALL 21206420 1 0 1706820524
WALL 21206420 1 0 1706820525
WALL 21206420 1 0 1706820526
WALL 21206420 1 0 1706820527
WALL 21206420 1 0 1706820528
WALL 21206420 1 0 1706820529
WALL 21206420 1 0 1706820530
WALL 21206420 1 0 1706820531
WALL 21206420 1 0 1706820532
WALL 21206420 1 0 1706820533
WALL 21206420 1 0 1706820534
WALL 21206420 1 0 1706820535
WALL 21206420 1 0 1706820536
WALL 21206420 1 0 1706820537
WALL 21206420 1 0 1706820538
WALL 21206420 1 0 1706820539
WALL 21206420 1 0 1706820540
WALL 21206420 1 0 1706820541
WALL 21206420 1 0 1706820542
WALL 21206420 1 0 1706820543
WALL 21206420 1 0 1706820544
WALL 21206420 1 0 1706820545
WALL 21206420 1 0 1706820546
WALL 21206420 1 0 1706820547
WALL 21206420 1 0 1706820548
WALL 21206420 1 0 1706820549
WALL 21206420 1 0 1706820550
WALL 21206420 1 0 1706820551
WALL 21206420 1 0 1706820552
WALL 21206420 1 0 1706820553
WALL 21206420 1 0 1706820554
WALL 21206420 1 0 1706820555
WALL 21206420 1 0 1706820556
WALL 21206420 1 0 1706820557
WALL 21206420 1 0 1706820558
WALL 21206420 1 0 1706820559
WALL 21206420 1 0 1706820560
WALL 21206420 1 0 1706820561
WALL 21206420 1 0 1706820562
WALL 21206420 1 0 1706820563
WALL 21206420 1 0 1706820564
WALL 21206420 1 0 1706820565
WALL 21206420 1 0 1706820566
WALL 21206420 1 0 1706820567
WALL 21206420 1 0 1706820568
WALL 21206420 1 0 1706820569
WALL 21206420 1 0 1706820570
WALL 21206420 1 0 1706820571
WALL 21206420 1 0 1706820572
WALL 21206420 1 0 1706820573
WALL 21206420 1 0 1706820574
WALL 21206420 1 0 1706820575
WALL 21206420 1 0 1706820576
WALL 21206420 1 0 1706820577
WALL 21206420 1 0 1706820578
WALL 21206420 1 0 1706820579
WALL 21206420 1 0 1706820580
WALL 21206420 1 0 1706820581
WALL 21206420 1 0 1706820582
WALL 21206420 1 0 1706820583
WALL 21206420 1 0 1706820584
WALL 21206420 1 0 1706820585
WALL 21206420 1 0 1706820586
WALL 21206420 1 0 1706820587
WALL 21206420 1 0 1706820588
WALL 21206420 1 0 1706820589
WALL 21206420 1 0 1706820590
WALL 21206420 1 0 1706820591
WALL 21206420 1 0 1706820592
WALL 21206420 1 0 1706820593
WALL 21206420 1 0 1706820594
WALL 21206420 1 0 1706820595
WALL 21206420 1 0 1706820596
WALL 21206420 1 0 1706820597
WALL 21206420 1 0 1706820598
WALL 21206420 1 0 1706820599
WALL 21206420 1 0 1706820600
WALL 21206420 1 0 1706820601
WALL 21206420 1 0 1706820602
WALL 21206420 1 0 1706820603
WALL 21206420 1 0 1706820604
WALL 21206420 1 0 1706820605
WALL 21206420 1 0 1706820606
WALL 21206420 1 0 1706820607
WALL 21206420 1 0 1706820608
WALL 21206420 1 0 1706820609
WALL 21206420 1 0 1706820610
WALL 21206420 1 0 1706820611
WALL 21206420 1 0 1706820612
WALL 21206420 1 0 1706820613
WALL 21206420 1 0 1706820614
WALL 21206420 1 0 1706820615
WALL 21206420 1 0 1706820616
WALL 21206420 1 0 1706820617
WALL 21206420 1 0 1706820618
WALL 21206420 1 0 1706820619
WALL 21206420 1 0 1706820620
WALL 21206420 1 0 1706820621
WALL 21206420 1 0 1706820622
WALL 21206420 1 0 1706820623
WALL 21206420 1 0 1706820624
WALL 21206420 1 0 1706820625
WALL 21206420 1 0 1706820626
WALL 21206420 1 0 1706820627
WALL 21206420 1 0 1706820628
WALL 21206420 1 0 1706820629
WALL 21206420 1 0 1706820630
WALL 21206420 1 0 1706820631
WALL 21206420 1 0 1706820632
WALL 21206420 1 0 1706820633
WALL 21206420 1 0 1706820634
WALL 21206420 1 0 1706820635
WALL 21206420 1 0 1706820636
WALL 21206420 1 0 1706820637
WALL 21206420 1 0 1706820638
WALL 21206420 1 0 1706820639
WALL 21206420 1 0 1706820640
WALL 21206420 1 0 1706820641
WALL 21206420 1 0 1706820642
WALL 21206420 1 0 1706820643
WALL 21206420 1 0 1706820644
WALL 21206420 1 0 1706820645
WALL 21206420 1 0 1706820646
WALL 21206420 1 0 1706820647
WALL 21206420 1 0 1706820648
WALL 21206420 1 0 1706820649
WALL 21206420 1 0 1706820650
WALL 21206420 1 0 1706820651
WALL 21206420 1 0 1706820652
WALL 21206420 1 0 1706820653
WALL 21206420 1 0 1706820654
WALL 21206420 1 0 1706820655
WALL 21206420 1 0 1706820656
WALL 21206420 1 0 1706820657
WALL 21206420 1 0 1706820658
WALL 21206420 1 0 1706820659
WALL 21206420 1 0 1706820660
WALL 21206420 1 0 1706820661
WALL 21206420 1 0 1706820662
WALL 21206420 1 0 1706820663
WALL 21206420 1 0 1706820664
WALL 21206420 1 0 1706820665
WALL 21206420 1 0 1706820666
WALL 21206420 1 0 1706820667
WALL 21206420 1 0 1706820668
WALL 21206420 1 0 1706820669
WALL 21206420 1 0 1706820670
WALL 21206420 1 0 1706820671
WALL 21206420 1 0 1706820672
WALL 21206420 1 0 1706820673
WALL 21206420 1 0 1706820674
WALL 21206420 1 0 1706820675
WALL 21206420 1 0 1706820676
WALL 21206420 1 0 1706820677
WALL 21206420 1 0 1706820678
WALL 21206420 1 0 1706820679
WALL 21206420 1 0 1706820680
WALL 21206420 1 0 1706820681
WALL 21206420 1 0 1706820682
WALL 21206420 1 0 1706820683
WALL 21206420 1 0 1706820684
WALL 21206420 1 0 1706820685
WALL 21206420 1 0 1706820686
WALL 21206420 1 0 1706820687
WALL 21206420 1 0 1706820688
WALL 21206420 1 0 1706820689
WALL 21206420 1 0 1706820690
WALL 21206420 1 0 1706820691
WALL 21206420 1 0 1706820692
WALL 21206420 1 0 1706820693
WALL 21206420 1 0 1706820694
WALL 21206420 1 0 1706820695
WALL 21206420 1 0 1706820696
WALL 21206420 1 0 1706820697
WALL 21206420 1 0 1706820698
WALL 21206420 1 0 1706820699
WALL 21206420 1 0 1706820700
WALL 21206420 1 0 1706820701
WALL 21206420 1 0 1706820702
WALL 21206420 1 0 1706820703
WALL 21206420 1 0 1706820704
WALL 21206420 1 0 1706820705
WALL 21206420 1 0 1706820706
WALL 21206420 1 0 1706820707
WALL 21206420 1 0 1706820708
WALL 21206420 1 0 1706820709
WALL 21206420 1 0 1706820710
WALL 21206420 1 0 1706820711
WALL 21206420 1 0 1706820712
WALL 21206420 1 0 1706820713
WALL 21206420 1 0 1706820714
WALL 21206420 1 0 1706820715
WALL 21206420 1 0 1706820716
WALL 21206420 1 0 1706820717
WALL 21206420 1 0 1706820718
WALL 21206420 1 0 1706820719
WALL 21206420 1 0 1706820720
WALL 21206420 1 0 1706820721
WALL 21206420 1 0 1706820722
WALL 21206420 1 0 1706820723
WALL 21206420 1 0 1706820724
received SIGCONT 1706820724
WALL 21206420 1 0 1706820724
slurmstepd: error: *** STEP 21206420.0 ON nid200004 CANCELLED AT 2024-02-01T20:52:04 ***
received SIGTERM 1706820724
WALL 21206420 1 0 1706820724
WALL 21206420 1 0 1706820725
WALL 21206420 1 0 1706820726
WALL 21206420 1 0 1706820727
WALL 21206420 1 0 1706820728
WALL 21206420 1 0 1706820729
WALL 21206420 1 0 1706820730
WALL 21206420 1 0 1706820731
WALL 21206420 1 0 1706820732
WALL 21206420 1 0 1706820733
WALL 21206420 1 0 1706820734
WALL 21206420 1 0 1706820735
WALL 21206420 1 0 1706820736
WALL 21206420 1 0 1706820737
WALL 21206420 1 0 1706820738
WALL 21206420 1 0 1706820739
WALL 21206420 1 0 1706820740
WALL 21206420 1 0 1706820741
WALL 21206420 1 0 1706820742
WALL 21206420 1 0 1706820743
WALL 21206420 1 0 1706820744
WALL 21206420 1 0 1706820745
WALL 21206420 1 0 1706820746
WALL 21206420 1 0 1706820747
WALL 21206420 1 0 1706820748
WALL 21206420 1 0 1706820749
WALL 21206420 1 0 1706820750
WALL 21206420 1 0 1706820751
WALL 21206420 1 0 1706820752
WALL 21206420 1 0 1706820753
WALL 21206420 1 0 1706820754
WALL 21206420 1 0 1706820755
WALL 21206420 1 0 1706820756
WALL 21206420 1 0 1706820757
WALL 21206420 1 0 1706820758
WALL 21206420 1 0 1706820759
WALL 21206420 1 0 1706820760
WALL 21206420 1 0 1706820761
WALL 21206420 1 0 1706820762
WALL 21206420 1 0 1706820763
WALL 21206420 1 0 1706820764
WALL 21206420 1 0 1706820765
WALL 21206420 1 0 1706820766
WALL 21206420 1 0 1706820767
WALL 21206420 1 0 1706820768
WALL 21206420 1 0 1706820769
WALL 21206420 1 0 1706820770
WALL 21206420 1 0 1706820771
WALL 21206420 1 0 1706820772
WALL 21206420 1 0 1706820773
WALL 21206420 1 0 1706820774
WALL 21206420 1 0 1706820775
WALL 21206420 1 0 1706820776
WALL 21206420 1 0 1706820777
WALL 21206420 1 0 1706820778
WALL 21206420 1 0 1706820779
WALL 21206420 1 0 1706820780
WALL 21206420 1 0 1706820781
WALL 21206420 1 0 1706820782
WALL 21206420 1 0 1706820783
WALL 21206420 1 0 1706820784
WALL 21206420 1 0 1706820785
slurmstepd: error: *** JOB 21206420 ON nid200004 CANCELLED AT 2024-02-01T20:53:06 DUE TO PREEMPTION ***
received SIGTERM 1706820786
WALL 21206420 1 0 1706820786
received SIGCONT 1706820786
WALL 21206420 1 0 1706820786
received SIGTERM 1706820786
WALL 21206420 1 0 1706820786
