WALL 21209613 1 0 1706827129
WALL 21209613 1 0 1706827130
WALL 21209613 1 0 1706827131
WALL 21209613 1 0 1706827132
WALL 21209613 1 0 1706827133
WALL 21209613 1 0 1706827134
WALL 21209613 1 0 1706827135
WALL 21209613 1 0 1706827136
WALL 21209613 1 0 1706827137
WALL 21209613 1 0 1706827138
WALL 21209613 1 0 1706827139
WALL 21209613 1 0 1706827140
WALL 21209613 1 0 1706827141
WALL 21209613 1 0 1706827142
WALL 21209613 1 0 1706827143
WALL 21209613 1 0 1706827144
WALL 21209613 1 0 1706827145
WALL 21209613 1 0 1706827146
WALL 21209613 1 0 1706827147
WALL 21209613 1 0 1706827148
WALL 21209613 1 0 1706827149
WALL 21209613 1 0 1706827150
WALL 21209613 1 0 1706827151
WALL 21209613 1 0 1706827152
WALL 21209613 1 0 1706827153
WALL 21209613 1 0 1706827154
WALL 21209613 1 0 1706827155
WALL 21209613 1 0 1706827156
WALL 21209613 1 0 1706827157
WALL 21209613 1 0 1706827158
WALL 21209613 1 0 1706827159
WALL 21209613 1 0 1706827160
WALL 21209613 1 0 1706827161
WALL 21209613 1 0 1706827162
WALL 21209613 1 0 1706827163
WALL 21209613 1 0 1706827164
WALL 21209613 1 0 1706827165
WALL 21209613 1 0 1706827166
WALL 21209613 1 0 1706827167
WALL 21209613 1 0 1706827168
WALL 21209613 1 0 1706827169
WALL 21209613 1 0 1706827170
WALL 21209613 1 0 1706827171
WALL 21209613 1 0 1706827172
WALL 21209613 1 0 1706827173
WALL 21209613 1 0 1706827174
WALL 21209613 1 0 1706827175
WALL 21209613 1 0 1706827176
slurmstepd: error: *** STEP 21209613.0 ON nid200000 CANCELLED AT 2024-02-01T22:39:36 ***
received SIGTERM 1706827176
WALL 21209613 1 0 1706827176
received SIGCONT 1706827176
WALL 21209613 1 0 1706827176
WALL 21209613 1 0 1706827177
WALL 21209613 1 0 1706827178
WALL 21209613 1 0 1706827179
WALL 21209613 1 0 1706827180
WALL 21209613 1 0 1706827181
WALL 21209613 1 0 1706827182
WALL 21209613 1 0 1706827183
WALL 21209613 1 0 1706827184
WALL 21209613 1 0 1706827185
WALL 21209613 1 0 1706827186
WALL 21209613 1 0 1706827187
WALL 21209613 1 0 1706827188
WALL 21209613 1 0 1706827189
WALL 21209613 1 0 1706827190
WALL 21209613 1 0 1706827191
WALL 21209613 1 0 1706827192
WALL 21209613 1 0 1706827193
WALL 21209613 1 0 1706827194
WALL 21209613 1 0 1706827195
WALL 21209613 1 0 1706827196
WALL 21209613 1 0 1706827197
WALL 21209613 1 0 1706827198
WALL 21209613 1 0 1706827199
WALL 21209613 1 0 1706827200
WALL 21209613 1 0 1706827201
WALL 21209613 1 0 1706827202
WALL 21209613 1 0 1706827203
WALL 21209613 1 0 1706827204
WALL 21209613 1 0 1706827205
WALL 21209613 1 0 1706827206
WALL 21209613 1 0 1706827207
WALL 21209613 1 0 1706827208
WALL 21209613 1 0 1706827209
WALL 21209613 1 0 1706827210
WALL 21209613 1 0 1706827211
WALL 21209613 1 0 1706827212
WALL 21209613 1 0 1706827213
WALL 21209613 1 0 1706827214
WALL 21209613 1 0 1706827215
WALL 21209613 1 0 1706827216
WALL 21209613 1 0 1706827217
WALL 21209613 1 0 1706827218
WALL 21209613 1 0 1706827219
WALL 21209613 1 0 1706827220
WALL 21209613 1 0 1706827221
WALL 21209613 1 0 1706827222
WALL 21209613 1 0 1706827223
WALL 21209613 1 0 1706827224
WALL 21209613 1 0 1706827225
WALL 21209613 1 0 1706827226
WALL 21209613 1 0 1706827227
WALL 21209613 1 0 1706827228
WALL 21209613 1 0 1706827229
WALL 21209613 1 0 1706827230
WALL 21209613 1 0 1706827231
WALL 21209613 1 0 1706827232
WALL 21209613 1 0 1706827233
WALL 21209613 1 0 1706827234
WALL 21209613 1 0 1706827235
WALL 21209613 1 0 1706827236
WALL 21209613 1 0 1706827237
WALL 21209613 1 0 1706827238
WALL 21209613 1 0 1706827239
WALL 21209613 1 0 1706827240
WALL 21209613 1 0 1706827241
WALL 21209613 1 0 1706827242
WALL 21209613 1 0 1706827243
WALL 21209613 1 0 1706827244
WALL 21209613 1 0 1706827245
WALL 21209613 1 0 1706827246
WALL 21209613 1 0 1706827247
WALL 21209613 1 0 1706827248
WALL 21209613 1 0 1706827249
slurmstepd: error: *** JOB 21209613 ON nid200000 CANCELLED AT 2024-02-01T22:40:49 DUE TO PREEMPTION ***
received SIGTERM 1706827249
WALL 21209613 1 0 1706827249
received SIGCONT 1706827249
WALL 21209613 1 0 1706827249
received SIGTERM 1706827249
WALL 21209613 1 0 1706827249
