WALL 21086525 1 0 1706654783
WALL 21086525 1 0 1706654784
WALL 21086525 1 0 1706654785
WALL 21086525 1 0 1706654786
WALL 21086525 1 0 1706654787
WALL 21086525 1 0 1706654788
WALL 21086525 1 0 1706654789
WALL 21086525 1 0 1706654790
WALL 21086525 1 0 1706654791
WALL 21086525 1 0 1706654792
WALL 21086525 1 0 1706654793
WALL 21086525 1 0 1706654794
WALL 21086525 1 0 1706654795
WALL 21086525 1 0 1706654796
WALL 21086525 1 0 1706654797
WALL 21086525 1 0 1706654798
WALL 21086525 1 0 1706654799
WALL 21086525 1 0 1706654800
WALL 21086525 1 0 1706654801
WALL 21086525 1 0 1706654802
WALL 21086525 1 0 1706654803
WALL 21086525 1 0 1706654804
WALL 21086525 1 0 1706654805
WALL 21086525 1 0 1706654806
WALL 21086525 1 0 1706654807
WALL 21086525 1 0 1706654808
WALL 21086525 1 0 1706654809
WALL 21086525 1 0 1706654810
WALL 21086525 1 0 1706654811
WALL 21086525 1 0 1706654812
WALL 21086525 1 0 1706654813
WALL 21086525 1 0 1706654814
WALL 21086525 1 0 1706654815
WALL 21086525 1 0 1706654816
WALL 21086525 1 0 1706654817
WALL 21086525 1 0 1706654818
WALL 21086525 1 0 1706654819
WALL 21086525 1 0 1706654820
WALL 21086525 1 0 1706654821
received SIGCONT 1706654821
WALL 21086525 1 0 1706654821
slurmstepd: error: *** STEP 21086525.0 ON nid200195 CANCELLED AT 2024-01-30T22:47:01 ***
received SIGTERM 1706654821
WALL 21086525 1 0 1706654821
WALL 21086525 1 0 1706654822
WALL 21086525 1 0 1706654823
WALL 21086525 1 0 1706654824
WALL 21086525 1 0 1706654825
WALL 21086525 1 0 1706654826
WALL 21086525 1 0 1706654827
WALL 21086525 1 0 1706654828
WALL 21086525 1 0 1706654829
WALL 21086525 1 0 1706654830
WALL 21086525 1 0 1706654831
WALL 21086525 1 0 1706654832
WALL 21086525 1 0 1706654833
WALL 21086525 1 0 1706654834
WALL 21086525 1 0 1706654835
WALL 21086525 1 0 1706654836
WALL 21086525 1 0 1706654837
WALL 21086525 1 0 1706654838
WALL 21086525 1 0 1706654839
WALL 21086525 1 0 1706654840
WALL 21086525 1 0 1706654841
WALL 21086525 1 0 1706654842
WALL 21086525 1 0 1706654843
WALL 21086525 1 0 1706654844
WALL 21086525 1 0 1706654845
WALL 21086525 1 0 1706654846
WALL 21086525 1 0 1706654847
WALL 21086525 1 0 1706654848
WALL 21086525 1 0 1706654849
WALL 21086525 1 0 1706654850
WALL 21086525 1 0 1706654851
WALL 21086525 1 0 1706654852
WALL 21086525 1 0 1706654853
WALL 21086525 1 0 1706654854
WALL 21086525 1 0 1706654855
WALL 21086525 1 0 1706654856
WALL 21086525 1 0 1706654857
WALL 21086525 1 0 1706654858
WALL 21086525 1 0 1706654859
WALL 21086525 1 0 1706654860
WALL 21086525 1 0 1706654861
WALL 21086525 1 0 1706654862
WALL 21086525 1 0 1706654863
WALL 21086525 1 0 1706654864
WALL 21086525 1 0 1706654865
WALL 21086525 1 0 1706654866
WALL 21086525 1 0 1706654867
WALL 21086525 1 0 1706654868
WALL 21086525 1 0 1706654869
WALL 21086525 1 0 1706654870
WALL 21086525 1 0 1706654871
WALL 21086525 1 0 1706654872
WALL 21086525 1 0 1706654873
WALL 21086525 1 0 1706654874
WALL 21086525 1 0 1706654875
WALL 21086525 1 0 1706654876
WALL 21086525 1 0 1706654877
WALL 21086525 1 0 1706654878
WALL 21086525 1 0 1706654879
WALL 21086525 1 0 1706654880
WALL 21086525 1 0 1706654881
WALL 21086525 1 0 1706654882
WALL 21086525 1 0 1706654883
WALL 21086525 1 0 1706654884
WALL 21086525 1 0 1706654885
WALL 21086525 1 0 1706654886
WALL 21086525 1 0 1706654887
WALL 21086525 1 0 1706654888
WALL 21086525 1 0 1706654889
WALL 21086525 1 0 1706654890
WALL 21086525 1 0 1706654891
WALL 21086525 1 0 1706654892
WALL 21086525 1 0 1706654893
WALL 21086525 1 0 1706654894
WALL 21086525 1 0 1706654895
WALL 21086525 1 0 1706654896
WALL 21086525 1 0 1706654897
WALL 21086525 1 0 1706654898
WALL 21086525 1 0 1706654899
WALL 21086525 1 0 1706654900
WALL 21086525 1 0 1706654901
WALL 21086525 1 0 1706654902
WALL 21086525 1 0 1706654903
WALL 21086525 1 0 1706654904
WALL 21086525 1 0 1706654905
WALL 21086525 1 0 1706654906
slurmstepd: error: *** JOB 21086525 ON nid200195 CANCELLED AT 2024-01-30T22:48:27 DUE TO PREEMPTION ***
received SIGTERM 1706654907
WALL 21086525 1 0 1706654907
received SIGCONT 1706654907
WALL 21086525 1 0 1706654907
received SIGTERM 1706654907
WALL 21086525 1 0 1706654907
