WALL 21149275 1 0 1706736654
WALL 21149275 1 0 1706736655
WALL 21149275 1 0 1706736656
WALL 21149275 1 0 1706736657
WALL 21149275 1 0 1706736658
WALL 21149275 1 0 1706736659
WALL 21149275 1 0 1706736660
WALL 21149275 1 0 1706736661
WALL 21149275 1 0 1706736662
WALL 21149275 1 0 1706736663
WALL 21149275 1 0 1706736664
WALL 21149275 1 0 1706736665
WALL 21149275 1 0 1706736666
slurmstepd: error: *** STEP 21149275.0 ON nid200030 CANCELLED AT 2024-01-31T21:31:07 ***
received SIGCONT 1706736667
WALL 21149275 1 0 1706736667
received SIGTERM 1706736667
WALL 21149275 1 0 1706736667
WALL 21149275 1 0 1706736668
WALL 21149275 1 0 1706736669
WALL 21149275 1 0 1706736670
WALL 21149275 1 0 1706736671
WALL 21149275 1 0 1706736672
WALL 21149275 1 0 1706736673
WALL 21149275 1 0 1706736674
WALL 21149275 1 0 1706736675
WALL 21149275 1 0 1706736676
WALL 21149275 1 0 1706736677
WALL 21149275 1 0 1706736678
WALL 21149275 1 0 1706736679
WALL 21149275 1 0 1706736680
WALL 21149275 1 0 1706736681
WALL 21149275 1 0 1706736682
WALL 21149275 1 0 1706736683
WALL 21149275 1 0 1706736684
WALL 21149275 1 0 1706736685
WALL 21149275 1 0 1706736686
WALL 21149275 1 0 1706736687
WALL 21149275 1 0 1706736688
WALL 21149275 1 0 1706736689
WALL 21149275 1 0 1706736690
WALL 21149275 1 0 1706736691
WALL 21149275 1 0 1706736692
WALL 21149275 1 0 1706736693
WALL 21149275 1 0 1706736694
WALL 21149275 1 0 1706736695
WALL 21149275 1 0 1706736696
WALL 21149275 1 0 1706736697
WALL 21149275 1 0 1706736698
WALL 21149275 1 0 1706736699
WALL 21149275 1 0 1706736700
WALL 21149275 1 0 1706736701
WALL 21149275 1 0 1706736702
WALL 21149275 1 0 1706736703
WALL 21149275 1 0 1706736704
WALL 21149275 1 0 1706736705
WALL 21149275 1 0 1706736706
WALL 21149275 1 0 1706736707
WALL 21149275 1 0 1706736708
WALL 21149275 1 0 1706736709
WALL 21149275 1 0 1706736710
WALL 21149275 1 0 1706736711
WALL 21149275 1 0 1706736712
WALL 21149275 1 0 1706736713
WALL 21149275 1 0 1706736714
WALL 21149275 1 0 1706736715
WALL 21149275 1 0 1706736716
WALL 21149275 1 0 1706736717
WALL 21149275 1 0 1706736718
WALL 21149275 1 0 1706736719
WALL 21149275 1 0 1706736720
WALL 21149275 1 0 1706736721
WALL 21149275 1 0 1706736722
WALL 21149275 1 0 1706736723
WALL 21149275 1 0 1706736724
WALL 21149275 1 0 1706736725
WALL 21149275 1 0 1706736726
WALL 21149275 1 0 1706736727
WALL 21149275 1 0 1706736728
WALL 21149275 1 0 1706736729
WALL 21149275 1 0 1706736730
WALL 21149275 1 0 1706736731
WALL 21149275 1 0 1706736732
WALL 21149275 1 0 1706736733
WALL 21149275 1 0 1706736734
slurmstepd: error: *** JOB 21149275 ON nid200030 CANCELLED AT 2024-01-31T21:32:14 DUE TO PREEMPTION ***
received SIGTERM 1706736734
WALL 21149275 1 0 1706736734
received SIGCONT 1706736734
WALL 21149275 1 0 1706736734
received SIGTERM 1706736734
WALL 21149275 1 0 1706736734
