WALL 21200576 1 0 1706816683
WALL 21200576 1 0 1706816684
WALL 21200576 1 0 1706816685
WALL 21200576 1 0 1706816686
WALL 21200576 1 0 1706816687
WALL 21200576 1 0 1706816688
WALL 21200576 1 0 1706816689
WALL 21200576 1 0 1706816690
WALL 21200576 1 0 1706816691
WALL 21200576 1 0 1706816692
WALL 21200576 1 0 1706816693
WALL 21200576 1 0 1706816694
WALL 21200576 1 0 1706816695
WALL 21200576 1 0 1706816696
WALL 21200576 1 0 1706816697
WALL 21200576 1 0 1706816698
WALL 21200576 1 0 1706816699
WALL 21200576 1 0 1706816700
WALL 21200576 1 0 1706816701
WALL 21200576 1 0 1706816702
WALL 21200576 1 0 1706816703
WALL 21200576 1 0 1706816704
WALL 21200576 1 0 1706816705
WALL 21200576 1 0 1706816706
WALL 21200576 1 0 1706816707
WALL 21200576 1 0 1706816708
WALL 21200576 1 0 1706816709
slurmstepd: error: *** STEP 21200576.0 ON nid200000 CANCELLED AT 2024-02-01T19:45:10 ***
received SIGTERM 1706816710
WALL 21200576 1 0 1706816710
received SIGCONT 1706816710
WALL 21200576 1 0 1706816710
WALL 21200576 1 0 1706816711
WALL 21200576 1 0 1706816712
WALL 21200576 1 0 1706816713
WALL 21200576 1 0 1706816714
WALL 21200576 1 0 1706816715
WALL 21200576 1 0 1706816716
WALL 21200576 1 0 1706816717
WALL 21200576 1 0 1706816718
WALL 21200576 1 0 1706816719
WALL 21200576 1 0 1706816720
WALL 21200576 1 0 1706816721
WALL 21200576 1 0 1706816722
WALL 21200576 1 0 1706816723
WALL 21200576 1 0 1706816724
WALL 21200576 1 0 1706816725
WALL 21200576 1 0 1706816726
WALL 21200576 1 0 1706816727
WALL 21200576 1 0 1706816728
WALL 21200576 1 0 1706816729
WALL 21200576 1 0 1706816730
WALL 21200576 1 0 1706816731
WALL 21200576 1 0 1706816732
WALL 21200576 1 0 1706816733
WALL 21200576 1 0 1706816734
WALL 21200576 1 0 1706816735
WALL 21200576 1 0 1706816736
WALL 21200576 1 0 1706816737
WALL 21200576 1 0 1706816738
WALL 21200576 1 0 1706816739
WALL 21200576 1 0 1706816740
WALL 21200576 1 0 1706816741
WALL 21200576 1 0 1706816742
WALL 21200576 1 0 1706816743
WALL 21200576 1 0 1706816744
WALL 21200576 1 0 1706816745
WALL 21200576 1 0 1706816746
WALL 21200576 1 0 1706816747
WALL 21200576 1 0 1706816748
WALL 21200576 1 0 1706816749
WALL 21200576 1 0 1706816750
WALL 21200576 1 0 1706816751
WALL 21200576 1 0 1706816752
WALL 21200576 1 0 1706816753
WALL 21200576 1 0 1706816754
WALL 21200576 1 0 1706816755
WALL 21200576 1 0 1706816756
WALL 21200576 1 0 1706816757
WALL 21200576 1 0 1706816758
WALL 21200576 1 0 1706816759
WALL 21200576 1 0 1706816760
WALL 21200576 1 0 1706816761
WALL 21200576 1 0 1706816762
WALL 21200576 1 0 1706816763
WALL 21200576 1 0 1706816764
WALL 21200576 1 0 1706816765
WALL 21200576 1 0 1706816766
WALL 21200576 1 0 1706816767
WALL 21200576 1 0 1706816768
WALL 21200576 1 0 1706816769
WALL 21200576 1 0 1706816770
WALL 21200576 1 0 1706816771
WALL 21200576 1 0 1706816772
WALL 21200576 1 0 1706816773
WALL 21200576 1 0 1706816774
WALL 21200576 1 0 1706816775
WALL 21200576 1 0 1706816776
WALL 21200576 1 0 1706816777
WALL 21200576 1 0 1706816778
WALL 21200576 1 0 1706816779
WALL 21200576 1 0 1706816780
WALL 21200576 1 0 1706816781
WALL 21200576 1 0 1706816782
WALL 21200576 1 0 1706816783
WALL 21200576 1 0 1706816784
WALL 21200576 1 0 1706816785
WALL 21200576 1 0 1706816786
WALL 21200576 1 0 1706816787
WALL 21200576 1 0 1706816788
WALL 21200576 1 0 1706816789
WALL 21200576 1 0 1706816790
WALL 21200576 1 0 1706816791
WALL 21200576 1 0 1706816792
slurmstepd: error: *** JOB 21200576 ON nid200000 CANCELLED AT 2024-02-01T19:46:32 DUE TO PREEMPTION ***
received SIGTERM 1706816792
WALL 21200576 1 0 1706816792
received SIGCONT 1706816792
WALL 21200576 1 0 1706816792
received SIGTERM 1706816792
WALL 21200576 1 0 1706816792
