WALL 21155108 1 0 1706745315
WALL 21155108 1 0 1706745316
WALL 21155108 1 0 1706745317
WALL 21155108 1 0 1706745318
WALL 21155108 1 0 1706745319
WALL 21155108 1 0 1706745320
WALL 21155108 1 0 1706745321
WALL 21155108 1 0 1706745322
WALL 21155108 1 0 1706745323
WALL 21155108 1 0 1706745324
WALL 21155108 1 0 1706745325
WALL 21155108 1 0 1706745326
WALL 21155108 1 0 1706745327
WALL 21155108 1 0 1706745328
WALL 21155108 1 0 1706745329
WALL 21155108 1 0 1706745330
WALL 21155108 1 0 1706745331
WALL 21155108 1 0 1706745332
WALL 21155108 1 0 1706745333
WALL 21155108 1 0 1706745334
WALL 21155108 1 0 1706745335
WALL 21155108 1 0 1706745336
WALL 21155108 1 0 1706745337
WALL 21155108 1 0 1706745338
WALL 21155108 1 0 1706745339
WALL 21155108 1 0 1706745340
WALL 21155108 1 0 1706745341
WALL 21155108 1 0 1706745342
WALL 21155108 1 0 1706745343
WALL 21155108 1 0 1706745344
WALL 21155108 1 0 1706745345
WALL 21155108 1 0 1706745346
WALL 21155108 1 0 1706745347
WALL 21155108 1 0 1706745348
WALL 21155108 1 0 1706745349
WALL 21155108 1 0 1706745350
WALL 21155108 1 0 1706745351
WALL 21155108 1 0 1706745352
WALL 21155108 1 0 1706745353
WALL 21155108 1 0 1706745354
WALL 21155108 1 0 1706745355
WALL 21155108 1 0 1706745356
WALL 21155108 1 0 1706745357
WALL 21155108 1 0 1706745358
WALL 21155108 1 0 1706745359
WALL 21155108 1 0 1706745360
WALL 21155108 1 0 1706745361
WALL 21155108 1 0 1706745362
WALL 21155108 1 0 1706745363
WALL 21155108 1 0 1706745364
WALL 21155108 1 0 1706745365
WALL 21155108 1 0 1706745366
WALL 21155108 1 0 1706745367
WALL 21155108 1 0 1706745368
WALL 21155108 1 0 1706745369
WALL 21155108 1 0 1706745370
WALL 21155108 1 0 1706745371
WALL 21155108 1 0 1706745372
WALL 21155108 1 0 1706745373
WALL 21155108 1 0 1706745374
WALL 21155108 1 0 1706745375
WALL 21155108 1 0 1706745376
WALL 21155108 1 0 1706745377
WALL 21155108 1 0 1706745378
WALL 21155108 1 0 1706745379
WALL 21155108 1 0 1706745380
WALL 21155108 1 0 1706745381
WALL 21155108 1 0 1706745382
WALL 21155108 1 0 1706745383
WALL 21155108 1 0 1706745384
WALL 21155108 1 0 1706745385
WALL 21155108 1 0 1706745386
WALL 21155108 1 0 1706745387
slurmstepd: error: *** STEP 21155108.0 ON nid200000 CANCELLED AT 2024-01-31T23:56:28 ***
received SIGTERM 1706745388
WALL 21155108 1 0 1706745388
received SIGCONT 1706745388
WALL 21155108 1 0 1706745388
WALL 21155108 1 0 1706745389
WALL 21155108 1 0 1706745390
WALL 21155108 1 0 1706745391
WALL 21155108 1 0 1706745392
WALL 21155108 1 0 1706745393
WALL 21155108 1 0 1706745394
WALL 21155108 1 0 1706745395
WALL 21155108 1 0 1706745396
WALL 21155108 1 0 1706745397
WALL 21155108 1 0 1706745398
WALL 21155108 1 0 1706745399
WALL 21155108 1 0 1706745400
WALL 21155108 1 0 1706745401
WALL 21155108 1 0 1706745402
WALL 21155108 1 0 1706745403
WALL 21155108 1 0 1706745404
WALL 21155108 1 0 1706745405
WALL 21155108 1 0 1706745406
WALL 21155108 1 0 1706745407
WALL 21155108 1 0 1706745408
WALL 21155108 1 0 1706745409
WALL 21155108 1 0 1706745410
WALL 21155108 1 0 1706745411
WALL 21155108 1 0 1706745412
WALL 21155108 1 0 1706745413
WALL 21155108 1 0 1706745414
WALL 21155108 1 0 1706745415
WALL 21155108 1 0 1706745416
WALL 21155108 1 0 1706745417
WALL 21155108 1 0 1706745418
WALL 21155108 1 0 1706745419
WALL 21155108 1 0 1706745420
WALL 21155108 1 0 1706745421
WALL 21155108 1 0 1706745422
WALL 21155108 1 0 1706745423
WALL 21155108 1 0 1706745424
WALL 21155108 1 0 1706745425
WALL 21155108 1 0 1706745426
WALL 21155108 1 0 1706745427
WALL 21155108 1 0 1706745428
WALL 21155108 1 0 1706745429
WALL 21155108 1 0 1706745430
WALL 21155108 1 0 1706745431
WALL 21155108 1 0 1706745432
WALL 21155108 1 0 1706745433
WALL 21155108 1 0 1706745434
WALL 21155108 1 0 1706745435
WALL 21155108 1 0 1706745436
WALL 21155108 1 0 1706745437
WALL 21155108 1 0 1706745438
WALL 21155108 1 0 1706745439
WALL 21155108 1 0 1706745440
WALL 21155108 1 0 1706745441
WALL 21155108 1 0 1706745442
WALL 21155108 1 0 1706745443
WALL 21155108 1 0 1706745444
WALL 21155108 1 0 1706745445
WALL 21155108 1 0 1706745446
WALL 21155108 1 0 1706745447
WALL 21155108 1 0 1706745448
WALL 21155108 1 0 1706745449
WALL 21155108 1 0 1706745450
WALL 21155108 1 0 1706745451
WALL 21155108 1 0 1706745452
WALL 21155108 1 0 1706745453
WALL 21155108 1 0 1706745454
WALL 21155108 1 0 1706745455
WALL 21155108 1 0 1706745456
slurmstepd: error: *** JOB 21155108 ON nid200000 CANCELLED AT 2024-01-31T23:57:36 DUE TO PREEMPTION ***
received SIGTERM 1706745456
WALL 21155108 1 0 1706745456
received SIGCONT 1706745456
WALL 21155108 1 0 1706745456
received SIGTERM 1706745456
WALL 21155108 1 0 1706745456
