WALL 21238922 1 0 1706909458
WALL 21238922 1 0 1706909459
WALL 21238922 1 0 1706909460
WALL 21238922 1 0 1706909461
WALL 21238922 1 0 1706909462
WALL 21238922 1 0 1706909463
WALL 21238922 1 0 1706909464
WALL 21238922 1 0 1706909465
WALL 21238922 1 0 1706909466
WALL 21238922 1 0 1706909467
WALL 21238922 1 0 1706909468
WALL 21238922 1 0 1706909469
WALL 21238922 1 0 1706909470
WALL 21238922 1 0 1706909471
WALL 21238922 1 0 1706909472
WALL 21238922 1 0 1706909473
WALL 21238922 1 0 1706909474
WALL 21238922 1 0 1706909475
WALL 21238922 1 0 1706909476
WALL 21238922 1 0 1706909477
WALL 21238922 1 0 1706909478
WALL 21238922 1 0 1706909479
WALL 21238922 1 0 1706909480
WALL 21238922 1 0 1706909481
WALL 21238922 1 0 1706909482
WALL 21238922 1 0 1706909483
WALL 21238922 1 0 1706909484
WALL 21238922 1 0 1706909485
WALL 21238922 1 0 1706909486
WALL 21238922 1 0 1706909487
WALL 21238922 1 0 1706909488
WALL 21238922 1 0 1706909489
WALL 21238922 1 0 1706909490
WALL 21238922 1 0 1706909491
WALL 21238922 1 0 1706909492
WALL 21238922 1 0 1706909493
WALL 21238922 1 0 1706909494
WALL 21238922 1 0 1706909495
WALL 21238922 1 0 1706909496
WALL 21238922 1 0 1706909497
WALL 21238922 1 0 1706909498
WALL 21238922 1 0 1706909499
WALL 21238922 1 0 1706909500
WALL 21238922 1 0 1706909501
WALL 21238922 1 0 1706909502
WALL 21238922 1 0 1706909503
WALL 21238922 1 0 1706909504
WALL 21238922 1 0 1706909505
WALL 21238922 1 0 1706909506
WALL 21238922 1 0 1706909507
WALL 21238922 1 0 1706909508
WALL 21238922 1 0 1706909509
WALL 21238922 1 0 1706909510
WALL 21238922 1 0 1706909511
WALL 21238922 1 0 1706909512
WALL 21238922 1 0 1706909513
WALL 21238922 1 0 1706909514
WALL 21238922 1 0 1706909515
WALL 21238922 1 0 1706909516
WALL 21238922 1 0 1706909517
WALL 21238922 1 0 1706909518
WALL 21238922 1 0 1706909519
WALL 21238922 1 0 1706909520
WALL 21238922 1 0 1706909521
WALL 21238922 1 0 1706909522
WALL 21238922 1 0 1706909523
WALL 21238922 1 0 1706909524
WALL 21238922 1 0 1706909525
WALL 21238922 1 0 1706909526
WALL 21238922 1 0 1706909527
WALL 21238922 1 0 1706909528
WALL 21238922 1 0 1706909529
WALL 21238922 1 0 1706909530
WALL 21238922 1 0 1706909531
WALL 21238922 1 0 1706909532
WALL 21238922 1 0 1706909533
WALL 21238922 1 0 1706909534
WALL 21238922 1 0 1706909535
WALL 21238922 1 0 1706909536
WALL 21238922 1 0 1706909537
WALL 21238922 1 0 1706909538
WALL 21238922 1 0 1706909539
WALL 21238922 1 0 1706909540
WALL 21238922 1 0 1706909541
WALL 21238922 1 0 1706909542
WALL 21238922 1 0 1706909543
WALL 21238922 1 0 1706909544
WALL 21238922 1 0 1706909545
WALL 21238922 1 0 1706909546
WALL 21238922 1 0 1706909547
WALL 21238922 1 0 1706909548
WALL 21238922 1 0 1706909549
WALL 21238922 1 0 1706909550
WALL 21238922 1 0 1706909551
WALL 21238922 1 0 1706909552
WALL 21238922 1 0 1706909553
WALL 21238922 1 0 1706909554
WALL 21238922 1 0 1706909555
WALL 21238922 1 0 1706909556
WALL 21238922 1 0 1706909557
WALL 21238922 1 0 1706909558
WALL 21238922 1 0 1706909559
WALL 21238922 1 0 1706909560
WALL 21238922 1 0 1706909561
WALL 21238922 1 0 1706909562
WALL 21238922 1 0 1706909563
WALL 21238922 1 0 1706909564
WALL 21238922 1 0 1706909565
WALL 21238922 1 0 1706909566
WALL 21238922 1 0 1706909567
WALL 21238922 1 0 1706909568
WALL 21238922 1 0 1706909569
WALL 21238922 1 0 1706909570
WALL 21238922 1 0 1706909571
WALL 21238922 1 0 1706909572
WALL 21238922 1 0 1706909573
WALL 21238922 1 0 1706909574
WALL 21238922 1 0 1706909575
WALL 21238922 1 0 1706909576
WALL 21238922 1 0 1706909577
WALL 21238922 1 0 1706909578
WALL 21238922 1 0 1706909579
WALL 21238922 1 0 1706909580
WALL 21238922 1 0 1706909581
WALL 21238922 1 0 1706909582
WALL 21238922 1 0 1706909583
WALL 21238922 1 0 1706909584
WALL 21238922 1 0 1706909585
WALL 21238922 1 0 1706909586
WALL 21238922 1 0 1706909587
WALL 21238922 1 0 1706909588
WALL 21238922 1 0 1706909589
WALL 21238922 1 0 1706909590
WALL 21238922 1 0 1706909591
WALL 21238922 1 0 1706909592
WALL 21238922 1 0 1706909593
WALL 21238922 1 0 1706909594
WALL 21238922 1 0 1706909595
WALL 21238922 1 0 1706909596
WALL 21238922 1 0 1706909597
WALL 21238922 1 0 1706909598
WALL 21238922 1 0 1706909599
WALL 21238922 1 0 1706909600
WALL 21238922 1 0 1706909601
WALL 21238922 1 0 1706909602
WALL 21238922 1 0 1706909603
WALL 21238922 1 0 1706909604
WALL 21238922 1 0 1706909605
WALL 21238922 1 0 1706909606
WALL 21238922 1 0 1706909607
WALL 21238922 1 0 1706909608
WALL 21238922 1 0 1706909609
WALL 21238922 1 0 1706909610
WALL 21238922 1 0 1706909611
WALL 21238922 1 0 1706909612
WALL 21238922 1 0 1706909613
WALL 21238922 1 0 1706909614
WALL 21238922 1 0 1706909615
WALL 21238922 1 0 1706909616
WALL 21238922 1 0 1706909617
WALL 21238922 1 0 1706909618
WALL 21238922 1 0 1706909619
WALL 21238922 1 0 1706909620
WALL 21238922 1 0 1706909621
WALL 21238922 1 0 1706909622
WALL 21238922 1 0 1706909623
WALL 21238922 1 0 1706909624
WALL 21238922 1 0 1706909625
WALL 21238922 1 0 1706909626
WALL 21238922 1 0 1706909627
WALL 21238922 1 0 1706909628
WALL 21238922 1 0 1706909629
WALL 21238922 1 0 1706909630
WALL 21238922 1 0 1706909631
WALL 21238922 1 0 1706909632
WALL 21238922 1 0 1706909633
WALL 21238922 1 0 1706909634
WALL 21238922 1 0 1706909635
WALL 21238922 1 0 1706909636
WALL 21238922 1 0 1706909637
WALL 21238922 1 0 1706909638
WALL 21238922 1 0 1706909639
WALL 21238922 1 0 1706909640
WALL 21238922 1 0 1706909641
WALL 21238922 1 0 1706909642
WALL 21238922 1 0 1706909643
WALL 21238922 1 0 1706909644
WALL 21238922 1 0 1706909645
WALL 21238922 1 0 1706909646
WALL 21238922 1 0 1706909647
WALL 21238922 1 0 1706909648
WALL 21238922 1 0 1706909649
WALL 21238922 1 0 1706909650
WALL 21238922 1 0 1706909651
WALL 21238922 1 0 1706909652
WALL 21238922 1 0 1706909653
WALL 21238922 1 0 1706909654
WALL 21238922 1 0 1706909655
WALL 21238922 1 0 1706909656
WALL 21238922 1 0 1706909657
WALL 21238922 1 0 1706909658
WALL 21238922 1 0 1706909659
WALL 21238922 1 0 1706909660
WALL 21238922 1 0 1706909661
WALL 21238922 1 0 1706909662
WALL 21238922 1 0 1706909663
WALL 21238922 1 0 1706909664
WALL 21238922 1 0 1706909665
WALL 21238922 1 0 1706909666
WALL 21238922 1 0 1706909667
WALL 21238922 1 0 1706909668
WALL 21238922 1 0 1706909669
WALL 21238922 1 0 1706909670
WALL 21238922 1 0 1706909671
WALL 21238922 1 0 1706909672
WALL 21238922 1 0 1706909673
WALL 21238922 1 0 1706909674
WALL 21238922 1 0 1706909675
WALL 21238922 1 0 1706909676
WALL 21238922 1 0 1706909677
WALL 21238922 1 0 1706909678
WALL 21238922 1 0 1706909679
WALL 21238922 1 0 1706909680
WALL 21238922 1 0 1706909681
WALL 21238922 1 0 1706909682
WALL 21238922 1 0 1706909683
WALL 21238922 1 0 1706909684
WALL 21238922 1 0 1706909685
WALL 21238922 1 0 1706909686
WALL 21238922 1 0 1706909687
WALL 21238922 1 0 1706909688
WALL 21238922 1 0 1706909689
WALL 21238922 1 0 1706909690
WALL 21238922 1 0 1706909691
WALL 21238922 1 0 1706909692
WALL 21238922 1 0 1706909693
WALL 21238922 1 0 1706909694
WALL 21238922 1 0 1706909695
WALL 21238922 1 0 1706909696
WALL 21238922 1 0 1706909697
WALL 21238922 1 0 1706909698
WALL 21238922 1 0 1706909699
WALL 21238922 1 0 1706909700
WALL 21238922 1 0 1706909701
WALL 21238922 1 0 1706909702
WALL 21238922 1 0 1706909703
WALL 21238922 1 0 1706909704
WALL 21238922 1 0 1706909705
WALL 21238922 1 0 1706909706
WALL 21238922 1 0 1706909707
WALL 21238922 1 0 1706909708
WALL 21238922 1 0 1706909709
WALL 21238922 1 0 1706909710
WALL 21238922 1 0 1706909711
WALL 21238922 1 0 1706909712
WALL 21238922 1 0 1706909713
WALL 21238922 1 0 1706909714
WALL 21238922 1 0 1706909715
WALL 21238922 1 0 1706909716
WALL 21238922 1 0 1706909717
WALL 21238922 1 0 1706909718
WALL 21238922 1 0 1706909719
WALL 21238922 1 0 1706909720
WALL 21238922 1 0 1706909721
WALL 21238922 1 0 1706909722
WALL 21238922 1 0 1706909723
WALL 21238922 1 0 1706909724
WALL 21238922 1 0 1706909725
WALL 21238922 1 0 1706909726
WALL 21238922 1 0 1706909727
WALL 21238922 1 0 1706909728
WALL 21238922 1 0 1706909729
WALL 21238922 1 0 1706909730
WALL 21238922 1 0 1706909731
WALL 21238922 1 0 1706909732
WALL 21238922 1 0 1706909733
WALL 21238922 1 0 1706909734
WALL 21238922 1 0 1706909735
WALL 21238922 1 0 1706909736
WALL 21238922 1 0 1706909737
WALL 21238922 1 0 1706909738
WALL 21238922 1 0 1706909739
WALL 21238922 1 0 1706909740
WALL 21238922 1 0 1706909741
WALL 21238922 1 0 1706909742
WALL 21238922 1 0 1706909743
WALL 21238922 1 0 1706909744
WALL 21238922 1 0 1706909745
WALL 21238922 1 0 1706909746
WALL 21238922 1 0 1706909747
WALL 21238922 1 0 1706909748
WALL 21238922 1 0 1706909749
WALL 21238922 1 0 1706909750
WALL 21238922 1 0 1706909751
WALL 21238922 1 0 1706909752
WALL 21238922 1 0 1706909753
WALL 21238922 1 0 1706909754
WALL 21238922 1 0 1706909755
WALL 21238922 1 0 1706909756
WALL 21238922 1 0 1706909757
WALL 21238922 1 0 1706909758
WALL 21238922 1 0 1706909759
WALL 21238922 1 0 1706909760
WALL 21238922 1 0 1706909761
WALL 21238922 1 0 1706909762
WALL 21238922 1 0 1706909763
WALL 21238922 1 0 1706909764
WALL 21238922 1 0 1706909765
WALL 21238922 1 0 1706909766
WALL 21238922 1 0 1706909767
WALL 21238922 1 0 1706909768
WALL 21238922 1 0 1706909769
WALL 21238922 1 0 1706909770
WALL 21238922 1 0 1706909771
WALL 21238922 1 0 1706909772
WALL 21238922 1 0 1706909773
WALL 21238922 1 0 1706909774
WALL 21238922 1 0 1706909775
WALL 21238922 1 0 1706909776
WALL 21238922 1 0 1706909777
WALL 21238922 1 0 1706909778
WALL 21238922 1 0 1706909779
WALL 21238922 1 0 1706909780
WALL 21238922 1 0 1706909781
WALL 21238922 1 0 1706909782
WALL 21238922 1 0 1706909783
WALL 21238922 1 0 1706909784
WALL 21238922 1 0 1706909785
WALL 21238922 1 0 1706909786
WALL 21238922 1 0 1706909787
WALL 21238922 1 0 1706909788
WALL 21238922 1 0 1706909789
WALL 21238922 1 0 1706909790
WALL 21238922 1 0 1706909791
WALL 21238922 1 0 1706909792
WALL 21238922 1 0 1706909793
WALL 21238922 1 0 1706909794
WALL 21238922 1 0 1706909795
WALL 21238922 1 0 1706909796
WALL 21238922 1 0 1706909797
WALL 21238922 1 0 1706909798
WALL 21238922 1 0 1706909799
WALL 21238922 1 0 1706909800
WALL 21238922 1 0 1706909801
WALL 21238922 1 0 1706909802
WALL 21238922 1 0 1706909803
WALL 21238922 1 0 1706909804
WALL 21238922 1 0 1706909805
WALL 21238922 1 0 1706909806
WALL 21238922 1 0 1706909807
WALL 21238922 1 0 1706909808
WALL 21238922 1 0 1706909809
WALL 21238922 1 0 1706909810
WALL 21238922 1 0 1706909811
WALL 21238922 1 0 1706909812
WALL 21238922 1 0 1706909813
WALL 21238922 1 0 1706909814
WALL 21238922 1 0 1706909815
WALL 21238922 1 0 1706909816
WALL 21238922 1 0 1706909817
WALL 21238922 1 0 1706909818
WALL 21238922 1 0 1706909819
WALL 21238922 1 0 1706909820
WALL 21238922 1 0 1706909821
WALL 21238922 1 0 1706909822
WALL 21238922 1 0 1706909823
WALL 21238922 1 0 1706909824
WALL 21238922 1 0 1706909825
WALL 21238922 1 0 1706909826
WALL 21238922 1 0 1706909827
WALL 21238922 1 0 1706909828
WALL 21238922 1 0 1706909829
WALL 21238922 1 0 1706909830
WALL 21238922 1 0 1706909831
WALL 21238922 1 0 1706909832
WALL 21238922 1 0 1706909833
WALL 21238922 1 0 1706909834
WALL 21238922 1 0 1706909835
WALL 21238922 1 0 1706909836
WALL 21238922 1 0 1706909837
WALL 21238922 1 0 1706909838
WALL 21238922 1 0 1706909839
WALL 21238922 1 0 1706909840
WALL 21238922 1 0 1706909841
WALL 21238922 1 0 1706909842
WALL 21238922 1 0 1706909843
WALL 21238922 1 0 1706909844
WALL 21238922 1 0 1706909845
WALL 21238922 1 0 1706909846
WALL 21238922 1 0 1706909847
WALL 21238922 1 0 1706909848
WALL 21238922 1 0 1706909849
WALL 21238922 1 0 1706909850
WALL 21238922 1 0 1706909851
WALL 21238922 1 0 1706909852
WALL 21238922 1 0 1706909853
WALL 21238922 1 0 1706909854
WALL 21238922 1 0 1706909855
WALL 21238922 1 0 1706909856
WALL 21238922 1 0 1706909857
WALL 21238922 1 0 1706909858
WALL 21238922 1 0 1706909859
WALL 21238922 1 0 1706909860
WALL 21238922 1 0 1706909861
WALL 21238922 1 0 1706909862
WALL 21238922 1 0 1706909863
WALL 21238922 1 0 1706909864
WALL 21238922 1 0 1706909865
WALL 21238922 1 0 1706909866
WALL 21238922 1 0 1706909867
WALL 21238922 1 0 1706909868
WALL 21238922 1 0 1706909869
WALL 21238922 1 0 1706909870
WALL 21238922 1 0 1706909871
WALL 21238922 1 0 1706909872
WALL 21238922 1 0 1706909873
WALL 21238922 1 0 1706909874
WALL 21238922 1 0 1706909875
WALL 21238922 1 0 1706909876
WALL 21238922 1 0 1706909877
WALL 21238922 1 0 1706909878
WALL 21238922 1 0 1706909879
WALL 21238922 1 0 1706909880
WALL 21238922 1 0 1706909881
WALL 21238922 1 0 1706909882
WALL 21238922 1 0 1706909883
WALL 21238922 1 0 1706909884
WALL 21238922 1 0 1706909885
WALL 21238922 1 0 1706909886
WALL 21238922 1 0 1706909887
WALL 21238922 1 0 1706909888
WALL 21238922 1 0 1706909889
WALL 21238922 1 0 1706909890
WALL 21238922 1 0 1706909891
WALL 21238922 1 0 1706909892
WALL 21238922 1 0 1706909893
WALL 21238922 1 0 1706909894
WALL 21238922 1 0 1706909895
WALL 21238922 1 0 1706909896
WALL 21238922 1 0 1706909897
WALL 21238922 1 0 1706909898
WALL 21238922 1 0 1706909899
WALL 21238922 1 0 1706909900
WALL 21238922 1 0 1706909901
WALL 21238922 1 0 1706909902
WALL 21238922 1 0 1706909903
WALL 21238922 1 0 1706909904
WALL 21238922 1 0 1706909905
WALL 21238922 1 0 1706909906
WALL 21238922 1 0 1706909907
WALL 21238922 1 0 1706909908
WALL 21238922 1 0 1706909909
WALL 21238922 1 0 1706909910
WALL 21238922 1 0 1706909911
WALL 21238922 1 0 1706909912
WALL 21238922 1 0 1706909913
WALL 21238922 1 0 1706909914
WALL 21238922 1 0 1706909915
WALL 21238922 1 0 1706909916
WALL 21238922 1 0 1706909917
WALL 21238922 1 0 1706909918
WALL 21238922 1 0 1706909919
WALL 21238922 1 0 1706909920
WALL 21238922 1 0 1706909921
WALL 21238922 1 0 1706909922
WALL 21238922 1 0 1706909923
WALL 21238922 1 0 1706909924
WALL 21238922 1 0 1706909925
WALL 21238922 1 0 1706909926
WALL 21238922 1 0 1706909927
WALL 21238922 1 0 1706909928
WALL 21238922 1 0 1706909929
WALL 21238922 1 0 1706909930
WALL 21238922 1 0 1706909931
WALL 21238922 1 0 1706909932
WALL 21238922 1 0 1706909933
WALL 21238922 1 0 1706909934
WALL 21238922 1 0 1706909935
WALL 21238922 1 0 1706909936
WALL 21238922 1 0 1706909937
WALL 21238922 1 0 1706909938
WALL 21238922 1 0 1706909939
WALL 21238922 1 0 1706909940
WALL 21238922 1 0 1706909941
WALL 21238922 1 0 1706909942
WALL 21238922 1 0 1706909943
WALL 21238922 1 0 1706909944
WALL 21238922 1 0 1706909945
WALL 21238922 1 0 1706909946
WALL 21238922 1 0 1706909947
WALL 21238922 1 0 1706909948
WALL 21238922 1 0 1706909949
WALL 21238922 1 0 1706909950
WALL 21238922 1 0 1706909951
WALL 21238922 1 0 1706909952
WALL 21238922 1 0 1706909953
WALL 21238922 1 0 1706909954
WALL 21238922 1 0 1706909955
WALL 21238922 1 0 1706909956
WALL 21238922 1 0 1706909957
WALL 21238922 1 0 1706909958
WALL 21238922 1 0 1706909959
WALL 21238922 1 0 1706909960
WALL 21238922 1 0 1706909961
WALL 21238922 1 0 1706909962
WALL 21238922 1 0 1706909963
WALL 21238922 1 0 1706909964
WALL 21238922 1 0 1706909965
WALL 21238922 1 0 1706909966
WALL 21238922 1 0 1706909967
WALL 21238922 1 0 1706909968
WALL 21238922 1 0 1706909969
WALL 21238922 1 0 1706909970
WALL 21238922 1 0 1706909971
WALL 21238922 1 0 1706909972
WALL 21238922 1 0 1706909973
WALL 21238922 1 0 1706909974
WALL 21238922 1 0 1706909975
WALL 21238922 1 0 1706909976
WALL 21238922 1 0 1706909977
slurmstepd: error: *** STEP 21238922.0 ON nid200003 CANCELLED AT 2024-02-02T21:39:38 ***
received SIGCONT 1706909978
WALL 21238922 1 0 1706909978
received SIGTERM 1706909978
WALL 21238922 1 0 1706909978
WALL 21238922 1 0 1706909979
WALL 21238922 1 0 1706909980
WALL 21238922 1 0 1706909981
WALL 21238922 1 0 1706909982
WALL 21238922 1 0 1706909983
WALL 21238922 1 0 1706909984
WALL 21238922 1 0 1706909985
WALL 21238922 1 0 1706909986
WALL 21238922 1 0 1706909987
WALL 21238922 1 0 1706909988
WALL 21238922 1 0 1706909989
WALL 21238922 1 0 1706909990
WALL 21238922 1 0 1706909991
WALL 21238922 1 0 1706909992
WALL 21238922 1 0 1706909993
WALL 21238922 1 0 1706909994
WALL 21238922 1 0 1706909995
WALL 21238922 1 0 1706909996
WALL 21238922 1 0 1706909997
WALL 21238922 1 0 1706909998
WALL 21238922 1 0 1706909999
WALL 21238922 1 0 1706910000
WALL 21238922 1 0 1706910001
WALL 21238922 1 0 1706910002
WALL 21238922 1 0 1706910003
WALL 21238922 1 0 1706910004
WALL 21238922 1 0 1706910005
WALL 21238922 1 0 1706910006
WALL 21238922 1 0 1706910007
WALL 21238922 1 0 1706910008
WALL 21238922 1 0 1706910009
WALL 21238922 1 0 1706910010
WALL 21238922 1 0 1706910011
WALL 21238922 1 0 1706910012
WALL 21238922 1 0 1706910013
WALL 21238922 1 0 1706910014
WALL 21238922 1 0 1706910015
WALL 21238922 1 0 1706910016
WALL 21238922 1 0 1706910017
WALL 21238922 1 0 1706910018
WALL 21238922 1 0 1706910019
WALL 21238922 1 0 1706910020
WALL 21238922 1 0 1706910021
WALL 21238922 1 0 1706910022
WALL 21238922 1 0 1706910023
WALL 21238922 1 0 1706910024
WALL 21238922 1 0 1706910025
WALL 21238922 1 0 1706910026
WALL 21238922 1 0 1706910027
WALL 21238922 1 0 1706910028
WALL 21238922 1 0 1706910029
WALL 21238922 1 0 1706910030
WALL 21238922 1 0 1706910031
WALL 21238922 1 0 1706910032
WALL 21238922 1 0 1706910033
WALL 21238922 1 0 1706910034
WALL 21238922 1 0 1706910035
WALL 21238922 1 0 1706910036
WALL 21238922 1 0 1706910037
WALL 21238922 1 0 1706910038
WALL 21238922 1 0 1706910039
WALL 21238922 1 0 1706910040
WALL 21238922 1 0 1706910041
WALL 21238922 1 0 1706910042
WALL 21238922 1 0 1706910043
WALL 21238922 1 0 1706910044
WALL 21238922 1 0 1706910045
WALL 21238922 1 0 1706910046
WALL 21238922 1 0 1706910047
WALL 21238922 1 0 1706910048
WALL 21238922 1 0 1706910049
WALL 21238922 1 0 1706910050
WALL 21238922 1 0 1706910051
WALL 21238922 1 0 1706910052
WALL 21238922 1 0 1706910053
WALL 21238922 1 0 1706910054
WALL 21238922 1 0 1706910055
WALL 21238922 1 0 1706910056
WALL 21238922 1 0 1706910057
WALL 21238922 1 0 1706910058
WALL 21238922 1 0 1706910059
WALL 21238922 1 0 1706910060
WALL 21238922 1 0 1706910061
WALL 21238922 1 0 1706910062
WALL 21238922 1 0 1706910063
WALL 21238922 1 0 1706910064
WALL 21238922 1 0 1706910065
WALL 21238922 1 0 1706910066
WALL 21238922 1 0 1706910067
WALL 21238922 1 0 1706910068
WALL 21238922 1 0 1706910069
WALL 21238922 1 0 1706910070
WALL 21238922 1 0 1706910071
WALL 21238922 1 0 1706910072
WALL 21238922 1 0 1706910073
WALL 21238922 1 0 1706910074
WALL 21238922 1 0 1706910075
WALL 21238922 1 0 1706910076
WALL 21238922 1 0 1706910077
WALL 21238922 1 0 1706910078
WALL 21238922 1 0 1706910079
WALL 21238922 1 0 1706910080
WALL 21238922 1 0 1706910081
WALL 21238922 1 0 1706910082
WALL 21238922 1 0 1706910083
WALL 21238922 1 0 1706910084
WALL 21238922 1 0 1706910085
WALL 21238922 1 0 1706910086
WALL 21238922 1 0 1706910087
WALL 21238922 1 0 1706910088
WALL 21238922 1 0 1706910089
WALL 21238922 1 0 1706910090
WALL 21238922 1 0 1706910091
WALL 21238922 1 0 1706910092
WALL 21238922 1 0 1706910093
WALL 21238922 1 0 1706910094
WALL 21238922 1 0 1706910095
WALL 21238922 1 0 1706910096
WALL 21238922 1 0 1706910097
WALL 21238922 1 0 1706910098
WALL 21238922 1 0 1706910099
WALL 21238922 1 0 1706910100
WALL 21238922 1 0 1706910101
WALL 21238922 1 0 1706910102
WALL 21238922 1 0 1706910103
WALL 21238922 1 0 1706910104
WALL 21238922 1 0 1706910105
WALL 21238922 1 0 1706910106
WALL 21238922 1 0 1706910107
slurmstepd: error: *** JOB 21238922 ON nid200003 CANCELLED AT 2024-02-02T21:41:48 DUE TO PREEMPTION ***
received SIGTERM 1706910108
WALL 21238922 1 0 1706910108
received SIGCONT 1706910108
WALL 21238922 1 0 1706910108
received SIGTERM 1706910108
WALL 21238922 1 0 1706910108
