WALL 21198931 1 0 1706815771
WALL 21198931 1 0 1706815772
WALL 21198931 1 0 1706815773
WALL 21198931 1 0 1706815774
WALL 21198931 1 0 1706815775
WALL 21198931 1 0 1706815776
WALL 21198931 1 0 1706815777
WALL 21198931 1 0 1706815778
WALL 21198931 1 0 1706815779
WALL 21198931 1 0 1706815780
WALL 21198931 1 0 1706815781
WALL 21198931 1 0 1706815782
WALL 21198931 1 0 1706815783
WALL 21198931 1 0 1706815784
WALL 21198931 1 0 1706815785
WALL 21198931 1 0 1706815786
WALL 21198931 1 0 1706815787
WALL 21198931 1 0 1706815788
WALL 21198931 1 0 1706815789
WALL 21198931 1 0 1706815790
WALL 21198931 1 0 1706815791
WALL 21198931 1 0 1706815792
WALL 21198931 1 0 1706815793
WALL 21198931 1 0 1706815794
WALL 21198931 1 0 1706815795
WALL 21198931 1 0 1706815796
WALL 21198931 1 0 1706815797
WALL 21198931 1 0 1706815798
WALL 21198931 1 0 1706815799
WALL 21198931 1 0 1706815800
WALL 21198931 1 0 1706815801
WALL 21198931 1 0 1706815802
WALL 21198931 1 0 1706815803
WALL 21198931 1 0 1706815804
WALL 21198931 1 0 1706815805
WALL 21198931 1 0 1706815806
WALL 21198931 1 0 1706815807
WALL 21198931 1 0 1706815808
WALL 21198931 1 0 1706815809
WALL 21198931 1 0 1706815810
WALL 21198931 1 0 1706815811
WALL 21198931 1 0 1706815812
WALL 21198931 1 0 1706815813
WALL 21198931 1 0 1706815814
WALL 21198931 1 0 1706815815
WALL 21198931 1 0 1706815816
WALL 21198931 1 0 1706815817
WALL 21198931 1 0 1706815818
WALL 21198931 1 0 1706815819
WALL 21198931 1 0 1706815820
WALL 21198931 1 0 1706815821
WALL 21198931 1 0 1706815822
WALL 21198931 1 0 1706815823
WALL 21198931 1 0 1706815824
WALL 21198931 1 0 1706815825
WALL 21198931 1 0 1706815826
WALL 21198931 1 0 1706815827
WALL 21198931 1 0 1706815828
slurmstepd: error: *** STEP 21198931.0 ON nid200141 CANCELLED AT 2024-02-01T19:30:28 ***
received SIGCONT 1706815828
WALL 21198931 1 0 1706815828
received SIGTERM 1706815828
WALL 21198931 1 0 1706815828
WALL 21198931 1 0 1706815829
WALL 21198931 1 0 1706815830
WALL 21198931 1 0 1706815831
WALL 21198931 1 0 1706815832
WALL 21198931 1 0 1706815833
WALL 21198931 1 0 1706815834
WALL 21198931 1 0 1706815835
WALL 21198931 1 0 1706815836
WALL 21198931 1 0 1706815837
WALL 21198931 1 0 1706815838
WALL 21198931 1 0 1706815839
WALL 21198931 1 0 1706815840
WALL 21198931 1 0 1706815841
WALL 21198931 1 0 1706815842
WALL 21198931 1 0 1706815843
WALL 21198931 1 0 1706815844
WALL 21198931 1 0 1706815845
WALL 21198931 1 0 1706815846
WALL 21198931 1 0 1706815847
WALL 21198931 1 0 1706815848
WALL 21198931 1 0 1706815849
WALL 21198931 1 0 1706815850
WALL 21198931 1 0 1706815851
WALL 21198931 1 0 1706815852
WALL 21198931 1 0 1706815853
WALL 21198931 1 0 1706815854
WALL 21198931 1 0 1706815855
WALL 21198931 1 0 1706815856
WALL 21198931 1 0 1706815857
WALL 21198931 1 0 1706815858
WALL 21198931 1 0 1706815859
WALL 21198931 1 0 1706815860
WALL 21198931 1 0 1706815861
WALL 21198931 1 0 1706815862
WALL 21198931 1 0 1706815863
WALL 21198931 1 0 1706815864
WALL 21198931 1 0 1706815865
WALL 21198931 1 0 1706815866
WALL 21198931 1 0 1706815867
WALL 21198931 1 0 1706815868
WALL 21198931 1 0 1706815869
WALL 21198931 1 0 1706815870
WALL 21198931 1 0 1706815871
WALL 21198931 1 0 1706815872
WALL 21198931 1 0 1706815873
WALL 21198931 1 0 1706815874
WALL 21198931 1 0 1706815875
WALL 21198931 1 0 1706815876
WALL 21198931 1 0 1706815877
WALL 21198931 1 0 1706815878
WALL 21198931 1 0 1706815879
WALL 21198931 1 0 1706815880
WALL 21198931 1 0 1706815881
WALL 21198931 1 0 1706815882
WALL 21198931 1 0 1706815883
WALL 21198931 1 0 1706815884
WALL 21198931 1 0 1706815885
WALL 21198931 1 0 1706815886
WALL 21198931 1 0 1706815887
WALL 21198931 1 0 1706815888
WALL 21198931 1 0 1706815889
WALL 21198931 1 0 1706815890
slurmstepd: error: *** JOB 21198931 ON nid200141 CANCELLED AT 2024-02-01T19:31:31 DUE TO PREEMPTION ***
received SIGTERM 1706815891
WALL 21198931 1 0 1706815891
received SIGCONT 1706815891
WALL 21198931 1 0 1706815891
received SIGTERM 1706815891
WALL 21198931 1 0 1706815891
