WALL 21149583 1 0 1706737663
WALL 21149583 1 0 1706737664
WALL 21149583 1 0 1706737665
WALL 21149583 1 0 1706737666
WALL 21149583 1 0 1706737667
WALL 21149583 1 0 1706737668
WALL 21149583 1 0 1706737669
WALL 21149583 1 0 1706737670
WALL 21149583 1 0 1706737671
WALL 21149583 1 0 1706737672
WALL 21149583 1 0 1706737673
WALL 21149583 1 0 1706737674
WALL 21149583 1 0 1706737675
WALL 21149583 1 0 1706737676
WALL 21149583 1 0 1706737677
WALL 21149583 1 0 1706737678
WALL 21149583 1 0 1706737679
WALL 21149583 1 0 1706737680
WALL 21149583 1 0 1706737681
WALL 21149583 1 0 1706737682
WALL 21149583 1 0 1706737683
WALL 21149583 1 0 1706737684
WALL 21149583 1 0 1706737685
WALL 21149583 1 0 1706737686
WALL 21149583 1 0 1706737687
WALL 21149583 1 0 1706737688
WALL 21149583 1 0 1706737689
WALL 21149583 1 0 1706737690
WALL 21149583 1 0 1706737691
WALL 21149583 1 0 1706737692
WALL 21149583 1 0 1706737693
WALL 21149583 1 0 1706737694
WALL 21149583 1 0 1706737695
WALL 21149583 1 0 1706737696
WALL 21149583 1 0 1706737697
WALL 21149583 1 0 1706737698
WALL 21149583 1 0 1706737699
WALL 21149583 1 0 1706737700
WALL 21149583 1 0 1706737701
WALL 21149583 1 0 1706737702
WALL 21149583 1 0 1706737703
WALL 21149583 1 0 1706737704
WALL 21149583 1 0 1706737705
WALL 21149583 1 0 1706737706
WALL 21149583 1 0 1706737707
WALL 21149583 1 0 1706737708
WALL 21149583 1 0 1706737709
WALL 21149583 1 0 1706737710
WALL 21149583 1 0 1706737711
WALL 21149583 1 0 1706737712
WALL 21149583 1 0 1706737713
WALL 21149583 1 0 1706737714
WALL 21149583 1 0 1706737715
WALL 21149583 1 0 1706737716
WALL 21149583 1 0 1706737717
WALL 21149583 1 0 1706737718
WALL 21149583 1 0 1706737719
WALL 21149583 1 0 1706737720
WALL 21149583 1 0 1706737721
WALL 21149583 1 0 1706737722
WALL 21149583 1 0 1706737723
WALL 21149583 1 0 1706737724
WALL 21149583 1 0 1706737725
WALL 21149583 1 0 1706737726
WALL 21149583 1 0 1706737727
WALL 21149583 1 0 1706737728
WALL 21149583 1 0 1706737729
WALL 21149583 1 0 1706737730
WALL 21149583 1 0 1706737731
WALL 21149583 1 0 1706737732
WALL 21149583 1 0 1706737733
WALL 21149583 1 0 1706737734
WALL 21149583 1 0 1706737735
WALL 21149583 1 0 1706737736
WALL 21149583 1 0 1706737737
WALL 21149583 1 0 1706737738
WALL 21149583 1 0 1706737739
WALL 21149583 1 0 1706737740
WALL 21149583 1 0 1706737741
received SIGCONT 1706737742
WALL 21149583 1 0 1706737742
slurmstepd: error: *** STEP 21149583.0 ON nid200028 CANCELLED AT 2024-01-31T21:49:02 ***
received SIGTERM 1706737742
WALL 21149583 1 0 1706737742
WALL 21149583 1 0 1706737743
WALL 21149583 1 0 1706737744
WALL 21149583 1 0 1706737745
WALL 21149583 1 0 1706737746
WALL 21149583 1 0 1706737747
WALL 21149583 1 0 1706737748
WALL 21149583 1 0 1706737749
WALL 21149583 1 0 1706737750
WALL 21149583 1 0 1706737751
WALL 21149583 1 0 1706737752
WALL 21149583 1 0 1706737753
WALL 21149583 1 0 1706737754
WALL 21149583 1 0 1706737755
WALL 21149583 1 0 1706737756
WALL 21149583 1 0 1706737757
WALL 21149583 1 0 1706737758
WALL 21149583 1 0 1706737759
WALL 21149583 1 0 1706737760
WALL 21149583 1 0 1706737761
WALL 21149583 1 0 1706737762
WALL 21149583 1 0 1706737763
WALL 21149583 1 0 1706737764
WALL 21149583 1 0 1706737765
WALL 21149583 1 0 1706737766
WALL 21149583 1 0 1706737767
WALL 21149583 1 0 1706737768
WALL 21149583 1 0 1706737769
WALL 21149583 1 0 1706737770
WALL 21149583 1 0 1706737771
WALL 21149583 1 0 1706737772
WALL 21149583 1 0 1706737773
WALL 21149583 1 0 1706737774
WALL 21149583 1 0 1706737775
WALL 21149583 1 0 1706737776
WALL 21149583 1 0 1706737777
WALL 21149583 1 0 1706737778
WALL 21149583 1 0 1706737779
WALL 21149583 1 0 1706737780
WALL 21149583 1 0 1706737781
WALL 21149583 1 0 1706737782
WALL 21149583 1 0 1706737783
WALL 21149583 1 0 1706737784
WALL 21149583 1 0 1706737785
WALL 21149583 1 0 1706737786
WALL 21149583 1 0 1706737787
WALL 21149583 1 0 1706737788
WALL 21149583 1 0 1706737789
WALL 21149583 1 0 1706737790
WALL 21149583 1 0 1706737791
WALL 21149583 1 0 1706737792
WALL 21149583 1 0 1706737793
WALL 21149583 1 0 1706737794
WALL 21149583 1 0 1706737795
WALL 21149583 1 0 1706737796
WALL 21149583 1 0 1706737797
WALL 21149583 1 0 1706737798
WALL 21149583 1 0 1706737799
WALL 21149583 1 0 1706737800
WALL 21149583 1 0 1706737801
WALL 21149583 1 0 1706737802
WALL 21149583 1 0 1706737803
WALL 21149583 1 0 1706737804
WALL 21149583 1 0 1706737805
WALL 21149583 1 0 1706737806
WALL 21149583 1 0 1706737807
WALL 21149583 1 0 1706737808
WALL 21149583 1 0 1706737809
WALL 21149583 1 0 1706737810
WALL 21149583 1 0 1706737811
WALL 21149583 1 0 1706737812
WALL 21149583 1 0 1706737813
WALL 21149583 1 0 1706737814
WALL 21149583 1 0 1706737815
WALL 21149583 1 0 1706737816
WALL 21149583 1 0 1706737817
WALL 21149583 1 0 1706737818
WALL 21149583 1 0 1706737819
WALL 21149583 1 0 1706737820
WALL 21149583 1 0 1706737821
WALL 21149583 1 0 1706737822
WALL 21149583 1 0 1706737823
WALL 21149583 1 0 1706737824
WALL 21149583 1 0 1706737825
WALL 21149583 1 0 1706737826
WALL 21149583 1 0 1706737827
WALL 21149583 1 0 1706737828
WALL 21149583 1 0 1706737829
WALL 21149583 1 0 1706737830
WALL 21149583 1 0 1706737831
slurmstepd: error: *** JOB 21149583 ON nid200028 CANCELLED AT 2024-01-31T21:50:31 DUE TO PREEMPTION ***
received SIGTERM 1706737831
WALL 21149583 1 0 1706737831
received SIGCONT 1706737831
WALL 21149583 1 0 1706737831
received SIGTERM 1706737831
WALL 21149583 1 0 1706737831
