WALL 21087114 1 0 1706657577
received SIGCONT 1706657578
WALL 21087114 1 0 1706657578
slurmstepd: error: *** STEP 21087114.0 ON nid200046 CANCELLED AT 2024-01-30T23:32:58 ***
received SIGTERM 1706657578
WALL 21087114 1 0 1706657578
WALL 21087114 1 0 1706657579
WALL 21087114 1 0 1706657580
WALL 21087114 1 0 1706657581
WALL 21087114 1 0 1706657582
WALL 21087114 1 0 1706657583
WALL 21087114 1 0 1706657584
WALL 21087114 1 0 1706657585
WALL 21087114 1 0 1706657586
WALL 21087114 1 0 1706657587
WALL 21087114 1 0 1706657588
WALL 21087114 1 0 1706657589
WALL 21087114 1 0 1706657590
WALL 21087114 1 0 1706657591
WALL 21087114 1 0 1706657592
WALL 21087114 1 0 1706657593
WALL 21087114 1 0 1706657594
WALL 21087114 1 0 1706657595
WALL 21087114 1 0 1706657596
WALL 21087114 1 0 1706657597
WALL 21087114 1 0 1706657598
WALL 21087114 1 0 1706657599
WALL 21087114 1 0 1706657600
WALL 21087114 1 0 1706657601
WALL 21087114 1 0 1706657602
WALL 21087114 1 0 1706657603
WALL 21087114 1 0 1706657604
WALL 21087114 1 0 1706657605
WALL 21087114 1 0 1706657606
WALL 21087114 1 0 1706657607
WALL 21087114 1 0 1706657608
WALL 21087114 1 0 1706657609
WALL 21087114 1 0 1706657610
WALL 21087114 1 0 1706657611
WALL 21087114 1 0 1706657612
WALL 21087114 1 0 1706657613
WALL 21087114 1 0 1706657614
WALL 21087114 1 0 1706657615
WALL 21087114 1 0 1706657616
WALL 21087114 1 0 1706657617
WALL 21087114 1 0 1706657618
WALL 21087114 1 0 1706657619
WALL 21087114 1 0 1706657620
WALL 21087114 1 0 1706657621
WALL 21087114 1 0 1706657622
WALL 21087114 1 0 1706657623
WALL 21087114 1 0 1706657624
WALL 21087114 1 0 1706657625
WALL 21087114 1 0 1706657626
WALL 21087114 1 0 1706657627
WALL 21087114 1 0 1706657628
WALL 21087114 1 0 1706657629
WALL 21087114 1 0 1706657630
WALL 21087114 1 0 1706657631
WALL 21087114 1 0 1706657632
WALL 21087114 1 0 1706657633
WALL 21087114 1 0 1706657634
WALL 21087114 1 0 1706657635
WALL 21087114 1 0 1706657636
WALL 21087114 1 0 1706657637
WALL 21087114 1 0 1706657638
WALL 21087114 1 0 1706657639
WALL 21087114 1 0 1706657640
WALL 21087114 1 0 1706657641
WALL 21087114 1 0 1706657642
WALL 21087114 1 0 1706657643
WALL 21087114 1 0 1706657644
WALL 21087114 1 0 1706657645
WALL 21087114 1 0 1706657646
WALL 21087114 1 0 1706657647
WALL 21087114 1 0 1706657648
WALL 21087114 1 0 1706657649
slurmstepd: error: *** JOB 21087114 ON nid200046 CANCELLED AT 2024-01-30T23:34:09 DUE TO PREEMPTION ***
received SIGTERM 1706657649
WALL 21087114 1 0 1706657649
received SIGCONT 1706657649
WALL 21087114 1 0 1706657649
received SIGTERM 1706657649
WALL 21087114 1 0 1706657649
