srun: warning: can't run 1 processes on 2 nodes, setting nnodes to 1
WALL 21198706 1 0 1706815658
WALL 21198706 1 0 1706815659
WALL 21198706 1 0 1706815660
WALL 21198706 1 0 1706815661
WALL 21198706 1 0 1706815662
WALL 21198706 1 0 1706815663
WALL 21198706 1 0 1706815664
WALL 21198706 1 0 1706815665
WALL 21198706 1 0 1706815666
WALL 21198706 1 0 1706815667
WALL 21198706 1 0 1706815668
WALL 21198706 1 0 1706815669
WALL 21198706 1 0 1706815670
WALL 21198706 1 0 1706815671
WALL 21198706 1 0 1706815672
WALL 21198706 1 0 1706815673
WALL 21198706 1 0 1706815674
WALL 21198706 1 0 1706815675
WALL 21198706 1 0 1706815676
WALL 21198706 1 0 1706815677
WALL 21198706 1 0 1706815678
WALL 21198706 1 0 1706815679
WALL 21198706 1 0 1706815680
received SIGCONT 1706815681
WALL 21198706 1 0 1706815681
slurmstepd: error: *** STEP 21198706.0 ON nid200016 CANCELLED AT 2024-02-01T19:28:01 ***
received SIGTERM 1706815681
WALL 21198706 1 0 1706815681
WALL 21198706 1 0 1706815682
WALL 21198706 1 0 1706815683
WALL 21198706 1 0 1706815684
WALL 21198706 1 0 1706815685
WALL 21198706 1 0 1706815686
WALL 21198706 1 0 1706815687
WALL 21198706 1 0 1706815688
WALL 21198706 1 0 1706815689
WALL 21198706 1 0 1706815690
WALL 21198706 1 0 1706815691
WALL 21198706 1 0 1706815692
WALL 21198706 1 0 1706815693
WALL 21198706 1 0 1706815694
WALL 21198706 1 0 1706815695
WALL 21198706 1 0 1706815696
WALL 21198706 1 0 1706815697
WALL 21198706 1 0 1706815698
WALL 21198706 1 0 1706815699
WALL 21198706 1 0 1706815700
WALL 21198706 1 0 1706815701
WALL 21198706 1 0 1706815702
WALL 21198706 1 0 1706815703
WALL 21198706 1 0 1706815704
WALL 21198706 1 0 1706815705
WALL 21198706 1 0 1706815706
WALL 21198706 1 0 1706815707
WALL 21198706 1 0 1706815708
WALL 21198706 1 0 1706815709
WALL 21198706 1 0 1706815710
WALL 21198706 1 0 1706815711
WALL 21198706 1 0 1706815712
WALL 21198706 1 0 1706815713
WALL 21198706 1 0 1706815714
WALL 21198706 1 0 1706815715
WALL 21198706 1 0 1706815716
WALL 21198706 1 0 1706815717
WALL 21198706 1 0 1706815718
WALL 21198706 1 0 1706815719
WALL 21198706 1 0 1706815720
WALL 21198706 1 0 1706815721
WALL 21198706 1 0 1706815722
WALL 21198706 1 0 1706815723
WALL 21198706 1 0 1706815724
WALL 21198706 1 0 1706815725
WALL 21198706 1 0 1706815726
WALL 21198706 1 0 1706815727
WALL 21198706 1 0 1706815728
WALL 21198706 1 0 1706815729
WALL 21198706 1 0 1706815730
WALL 21198706 1 0 1706815731
WALL 21198706 1 0 1706815732
WALL 21198706 1 0 1706815733
WALL 21198706 1 0 1706815734
WALL 21198706 1 0 1706815735
WALL 21198706 1 0 1706815736
WALL 21198706 1 0 1706815737
WALL 21198706 1 0 1706815738
WALL 21198706 1 0 1706815739
WALL 21198706 1 0 1706815740
WALL 21198706 1 0 1706815741
WALL 21198706 1 0 1706815742
WALL 21198706 1 0 1706815743
WALL 21198706 1 0 1706815744
WALL 21198706 1 0 1706815745
WALL 21198706 1 0 1706815746
WALL 21198706 1 0 1706815747
WALL 21198706 1 0 1706815748
WALL 21198706 1 0 1706815749
WALL 21198706 1 0 1706815750
WALL 21198706 1 0 1706815751
WALL 21198706 1 0 1706815752
WALL 21198706 1 0 1706815753
WALL 21198706 1 0 1706815754
WALL 21198706 1 0 1706815755
WALL 21198706 1 0 1706815756
WALL 21198706 1 0 1706815757
WALL 21198706 1 0 1706815758
WALL 21198706 1 0 1706815759
WALL 21198706 1 0 1706815760
WALL 21198706 1 0 1706815761
WALL 21198706 1 0 1706815762
WALL 21198706 1 0 1706815763
WALL 21198706 1 0 1706815764
WALL 21198706 1 0 1706815765
slurmstepd: error: *** JOB 21198706 ON nid200016 CANCELLED AT 2024-02-01T19:29:25 DUE TO PREEMPTION ***
received SIGTERM 1706815765
WALL 21198706 1 0 1706815765
received SIGCONT 1706815765
WALL 21198706 1 0 1706815765
received SIGTERM 1706815765
WALL 21198706 1 0 1706815765
