WALL 21209588 1 0 1706826709
WALL 21209588 1 0 1706826710
WALL 21209588 1 0 1706826711
WALL 21209588 1 0 1706826712
WALL 21209588 1 0 1706826713
WALL 21209588 1 0 1706826714
WALL 21209588 1 0 1706826715
WALL 21209588 1 0 1706826716
WALL 21209588 1 0 1706826717
WALL 21209588 1 0 1706826718
WALL 21209588 1 0 1706826719
WALL 21209588 1 0 1706826720
WALL 21209588 1 0 1706826721
WALL 21209588 1 0 1706826722
WALL 21209588 1 0 1706826723
WALL 21209588 1 0 1706826724
WALL 21209588 1 0 1706826725
WALL 21209588 1 0 1706826726
WALL 21209588 1 0 1706826727
WALL 21209588 1 0 1706826728
WALL 21209588 1 0 1706826729
WALL 21209588 1 0 1706826730
WALL 21209588 1 0 1706826731
WALL 21209588 1 0 1706826732
received SIGCONT 1706826733
WALL 21209588 1 0 1706826733
slurmstepd: error: *** STEP 21209588.0 ON nid200209 CANCELLED AT 2024-02-01T22:32:13 ***
received SIGTERM 1706826733
WALL 21209588 1 0 1706826733
WALL 21209588 1 0 1706826734
WALL 21209588 1 0 1706826735
WALL 21209588 1 0 1706826736
WALL 21209588 1 0 1706826737
WALL 21209588 1 0 1706826738
WALL 21209588 1 0 1706826739
WALL 21209588 1 0 1706826740
WALL 21209588 1 0 1706826741
WALL 21209588 1 0 1706826742
WALL 21209588 1 0 1706826743
WALL 21209588 1 0 1706826744
WALL 21209588 1 0 1706826745
WALL 21209588 1 0 1706826746
WALL 21209588 1 0 1706826747
WALL 21209588 1 0 1706826748
WALL 21209588 1 0 1706826749
WALL 21209588 1 0 1706826750
WALL 21209588 1 0 1706826751
WALL 21209588 1 0 1706826752
WALL 21209588 1 0 1706826753
WALL 21209588 1 0 1706826754
WALL 21209588 1 0 1706826755
WALL 21209588 1 0 1706826756
WALL 21209588 1 0 1706826757
WALL 21209588 1 0 1706826758
WALL 21209588 1 0 1706826759
WALL 21209588 1 0 1706826760
WALL 21209588 1 0 1706826761
WALL 21209588 1 0 1706826762
WALL 21209588 1 0 1706826763
WALL 21209588 1 0 1706826764
WALL 21209588 1 0 1706826765
WALL 21209588 1 0 1706826766
WALL 21209588 1 0 1706826767
WALL 21209588 1 0 1706826768
WALL 21209588 1 0 1706826769
WALL 21209588 1 0 1706826770
WALL 21209588 1 0 1706826771
WALL 21209588 1 0 1706826772
WALL 21209588 1 0 1706826773
WALL 21209588 1 0 1706826774
WALL 21209588 1 0 1706826775
WALL 21209588 1 0 1706826776
WALL 21209588 1 0 1706826777
WALL 21209588 1 0 1706826778
WALL 21209588 1 0 1706826779
WALL 21209588 1 0 1706826780
WALL 21209588 1 0 1706826781
WALL 21209588 1 0 1706826782
WALL 21209588 1 0 1706826783
WALL 21209588 1 0 1706826784
WALL 21209588 1 0 1706826785
WALL 21209588 1 0 1706826786
WALL 21209588 1 0 1706826787
WALL 21209588 1 0 1706826788
WALL 21209588 1 0 1706826789
WALL 21209588 1 0 1706826790
WALL 21209588 1 0 1706826791
WALL 21209588 1 0 1706826792
WALL 21209588 1 0 1706826793
WALL 21209588 1 0 1706826794
WALL 21209588 1 0 1706826795
WALL 21209588 1 0 1706826796
WALL 21209588 1 0 1706826797
WALL 21209588 1 0 1706826798
WALL 21209588 1 0 1706826799
WALL 21209588 1 0 1706826800
WALL 21209588 1 0 1706826801
WALL 21209588 1 0 1706826802
WALL 21209588 1 0 1706826803
WALL 21209588 1 0 1706826804
WALL 21209588 1 0 1706826805
WALL 21209588 1 0 1706826806
WALL 21209588 1 0 1706826807
WALL 21209588 1 0 1706826808
WALL 21209588 1 0 1706826809
WALL 21209588 1 0 1706826810
WALL 21209588 1 0 1706826811
WALL 21209588 1 0 1706826812
WALL 21209588 1 0 1706826813
WALL 21209588 1 0 1706826814
WALL 21209588 1 0 1706826815
WALL 21209588 1 0 1706826816
slurmstepd: error: *** JOB 21209588 ON nid200209 CANCELLED AT 2024-02-01T22:33:37 DUE TO PREEMPTION ***
received SIGTERM 1706826817
WALL 21209588 1 0 1706826817
received SIGCONT 1706826817
WALL 21209588 1 0 1706826817
received SIGTERM 1706826817
WALL 21209588 1 0 1706826817
