WALL 21088887 1 0 1706661105
WALL 21088887 1 0 1706661106
WALL 21088887 1 0 1706661107
WALL 21088887 1 0 1706661108
WALL 21088887 1 0 1706661109
WALL 21088887 1 0 1706661110
WALL 21088887 1 0 1706661111
WALL 21088887 1 0 1706661112
WALL 21088887 1 0 1706661113
WALL 21088887 1 0 1706661114
WALL 21088887 1 0 1706661115
WALL 21088887 1 0 1706661116
WALL 21088887 1 0 1706661117
WALL 21088887 1 0 1706661118
WALL 21088887 1 0 1706661119
WALL 21088887 1 0 1706661120
WALL 21088887 1 0 1706661121
WALL 21088887 1 0 1706661122
WALL 21088887 1 0 1706661123
WALL 21088887 1 0 1706661124
WALL 21088887 1 0 1706661125
WALL 21088887 1 0 1706661126
WALL 21088887 1 0 1706661127
WALL 21088887 1 0 1706661128
WALL 21088887 1 0 1706661129
WALL 21088887 1 0 1706661130
WALL 21088887 1 0 1706661131
WALL 21088887 1 0 1706661132
WALL 21088887 1 0 1706661133
WALL 21088887 1 0 1706661134
WALL 21088887 1 0 1706661135
WALL 21088887 1 0 1706661136
WALL 21088887 1 0 1706661137
WALL 21088887 1 0 1706661138
WALL 21088887 1 0 1706661139
WALL 21088887 1 0 1706661140
WALL 21088887 1 0 1706661141
WALL 21088887 1 0 1706661142
WALL 21088887 1 0 1706661143
WALL 21088887 1 0 1706661144
WALL 21088887 1 0 1706661145
WALL 21088887 1 0 1706661146
WALL 21088887 1 0 1706661147
WALL 21088887 1 0 1706661148
WALL 21088887 1 0 1706661149
WALL 21088887 1 0 1706661150
WALL 21088887 1 0 1706661151
WALL 21088887 1 0 1706661152
WALL 21088887 1 0 1706661153
WALL 21088887 1 0 1706661154
WALL 21088887 1 0 1706661155
WALL 21088887 1 0 1706661156
WALL 21088887 1 0 1706661157
WALL 21088887 1 0 1706661158
WALL 21088887 1 0 1706661159
WALL 21088887 1 0 1706661160
WALL 21088887 1 0 1706661161
WALL 21088887 1 0 1706661162
WALL 21088887 1 0 1706661163
WALL 21088887 1 0 1706661164
WALL 21088887 1 0 1706661165
WALL 21088887 1 0 1706661166
WALL 21088887 1 0 1706661167
WALL 21088887 1 0 1706661168
WALL 21088887 1 0 1706661169
WALL 21088887 1 0 1706661170
WALL 21088887 1 0 1706661171
WALL 21088887 1 0 1706661172
WALL 21088887 1 0 1706661173
WALL 21088887 1 0 1706661174
WALL 21088887 1 0 1706661175
WALL 21088887 1 0 1706661176
WALL 21088887 1 0 1706661177
WALL 21088887 1 0 1706661178
WALL 21088887 1 0 1706661179
WALL 21088887 1 0 1706661180
WALL 21088887 1 0 1706661181
WALL 21088887 1 0 1706661182
WALL 21088887 1 0 1706661183
WALL 21088887 1 0 1706661184
WALL 21088887 1 0 1706661185
WALL 21088887 1 0 1706661186
WALL 21088887 1 0 1706661187
WALL 21088887 1 0 1706661188
WALL 21088887 1 0 1706661189
WALL 21088887 1 0 1706661190
WALL 21088887 1 0 1706661191
WALL 21088887 1 0 1706661192
WALL 21088887 1 0 1706661193
WALL 21088887 1 0 1706661194
WALL 21088887 1 0 1706661195
WALL 21088887 1 0 1706661196
WALL 21088887 1 0 1706661197
WALL 21088887 1 0 1706661198
WALL 21088887 1 0 1706661199
WALL 21088887 1 0 1706661200
WALL 21088887 1 0 1706661201
WALL 21088887 1 0 1706661202
WALL 21088887 1 0 1706661203
WALL 21088887 1 0 1706661204
WALL 21088887 1 0 1706661205
WALL 21088887 1 0 1706661206
WALL 21088887 1 0 1706661207
WALL 21088887 1 0 1706661208
WALL 21088887 1 0 1706661209
WALL 21088887 1 0 1706661210
WALL 21088887 1 0 1706661211
WALL 21088887 1 0 1706661212
WALL 21088887 1 0 1706661213
WALL 21088887 1 0 1706661214
WALL 21088887 1 0 1706661215
WALL 21088887 1 0 1706661216
WALL 21088887 1 0 1706661217
WALL 21088887 1 0 1706661218
WALL 21088887 1 0 1706661219
WALL 21088887 1 0 1706661220
WALL 21088887 1 0 1706661221
WALL 21088887 1 0 1706661222
WALL 21088887 1 0 1706661223
WALL 21088887 1 0 1706661224
WALL 21088887 1 0 1706661225
WALL 21088887 1 0 1706661226
WALL 21088887 1 0 1706661227
WALL 21088887 1 0 1706661228
WALL 21088887 1 0 1706661229
WALL 21088887 1 0 1706661230
WALL 21088887 1 0 1706661231
WALL 21088887 1 0 1706661232
WALL 21088887 1 0 1706661233
WALL 21088887 1 0 1706661234
WALL 21088887 1 0 1706661235
WALL 21088887 1 0 1706661236
WALL 21088887 1 0 1706661237
WALL 21088887 1 0 1706661238
WALL 21088887 1 0 1706661239
WALL 21088887 1 0 1706661240
WALL 21088887 1 0 1706661241
WALL 21088887 1 0 1706661242
WALL 21088887 1 0 1706661243
WALL 21088887 1 0 1706661244
WALL 21088887 1 0 1706661245
WALL 21088887 1 0 1706661246
WALL 21088887 1 0 1706661247
WALL 21088887 1 0 1706661248
WALL 21088887 1 0 1706661249
WALL 21088887 1 0 1706661250
WALL 21088887 1 0 1706661251
WALL 21088887 1 0 1706661252
WALL 21088887 1 0 1706661253
WALL 21088887 1 0 1706661254
WALL 21088887 1 0 1706661255
WALL 21088887 1 0 1706661256
WALL 21088887 1 0 1706661257
WALL 21088887 1 0 1706661258
WALL 21088887 1 0 1706661259
WALL 21088887 1 0 1706661260
WALL 21088887 1 0 1706661261
WALL 21088887 1 0 1706661262
WALL 21088887 1 0 1706661263
WALL 21088887 1 0 1706661264
WALL 21088887 1 0 1706661265
WALL 21088887 1 0 1706661266
WALL 21088887 1 0 1706661267
WALL 21088887 1 0 1706661268
WALL 21088887 1 0 1706661269
WALL 21088887 1 0 1706661270
WALL 21088887 1 0 1706661271
WALL 21088887 1 0 1706661272
WALL 21088887 1 0 1706661273
WALL 21088887 1 0 1706661274
WALL 21088887 1 0 1706661275
WALL 21088887 1 0 1706661276
WALL 21088887 1 0 1706661277
WALL 21088887 1 0 1706661278
WALL 21088887 1 0 1706661279
WALL 21088887 1 0 1706661280
WALL 21088887 1 0 1706661281
WALL 21088887 1 0 1706661282
WALL 21088887 1 0 1706661283
WALL 21088887 1 0 1706661284
WALL 21088887 1 0 1706661285
WALL 21088887 1 0 1706661286
WALL 21088887 1 0 1706661287
WALL 21088887 1 0 1706661288
WALL 21088887 1 0 1706661289
WALL 21088887 1 0 1706661290
WALL 21088887 1 0 1706661291
WALL 21088887 1 0 1706661292
WALL 21088887 1 0 1706661293
WALL 21088887 1 0 1706661294
WALL 21088887 1 0 1706661295
WALL 21088887 1 0 1706661296
WALL 21088887 1 0 1706661297
WALL 21088887 1 0 1706661298
WALL 21088887 1 0 1706661299
WALL 21088887 1 0 1706661300
WALL 21088887 1 0 1706661301
WALL 21088887 1 0 1706661302
WALL 21088887 1 0 1706661303
WALL 21088887 1 0 1706661304
WALL 21088887 1 0 1706661305
WALL 21088887 1 0 1706661306
WALL 21088887 1 0 1706661307
WALL 21088887 1 0 1706661308
WALL 21088887 1 0 1706661309
WALL 21088887 1 0 1706661310
WALL 21088887 1 0 1706661311
WALL 21088887 1 0 1706661312
WALL 21088887 1 0 1706661313
slurmstepd: error: *** STEP 21088887.0 ON nid200196 CANCELLED AT 2024-01-31T00:35:13 ***
received SIGTERM 1706661313
WALL 21088887 1 0 1706661313
received SIGCONT 1706661313
WALL 21088887 1 0 1706661313
WALL 21088887 1 0 1706661314
WALL 21088887 1 0 1706661315
WALL 21088887 1 0 1706661316
WALL 21088887 1 0 1706661317
WALL 21088887 1 0 1706661318
WALL 21088887 1 0 1706661319
WALL 21088887 1 0 1706661320
WALL 21088887 1 0 1706661321
WALL 21088887 1 0 1706661322
WALL 21088887 1 0 1706661323
WALL 21088887 1 0 1706661324
WALL 21088887 1 0 1706661325
WALL 21088887 1 0 1706661326
WALL 21088887 1 0 1706661327
WALL 21088887 1 0 1706661328
WALL 21088887 1 0 1706661329
WALL 21088887 1 0 1706661330
WALL 21088887 1 0 1706661331
WALL 21088887 1 0 1706661332
WALL 21088887 1 0 1706661333
WALL 21088887 1 0 1706661334
WALL 21088887 1 0 1706661335
WALL 21088887 1 0 1706661336
WALL 21088887 1 0 1706661337
WALL 21088887 1 0 1706661338
WALL 21088887 1 0 1706661339
WALL 21088887 1 0 1706661340
WALL 21088887 1 0 1706661341
WALL 21088887 1 0 1706661342
WALL 21088887 1 0 1706661343
WALL 21088887 1 0 1706661344
WALL 21088887 1 0 1706661345
WALL 21088887 1 0 1706661346
WALL 21088887 1 0 1706661347
WALL 21088887 1 0 1706661348
WALL 21088887 1 0 1706661349
WALL 21088887 1 0 1706661350
WALL 21088887 1 0 1706661351
WALL 21088887 1 0 1706661352
WALL 21088887 1 0 1706661353
WALL 21088887 1 0 1706661354
WALL 21088887 1 0 1706661355
WALL 21088887 1 0 1706661356
WALL 21088887 1 0 1706661357
WALL 21088887 1 0 1706661358
WALL 21088887 1 0 1706661359
WALL 21088887 1 0 1706661360
WALL 21088887 1 0 1706661361
WALL 21088887 1 0 1706661362
WALL 21088887 1 0 1706661363
WALL 21088887 1 0 1706661364
WALL 21088887 1 0 1706661365
WALL 21088887 1 0 1706661366
WALL 21088887 1 0 1706661367
WALL 21088887 1 0 1706661368
WALL 21088887 1 0 1706661369
WALL 21088887 1 0 1706661370
WALL 21088887 1 0 1706661371
WALL 21088887 1 0 1706661372
slurmstepd: error: *** JOB 21088887 ON nid200196 CANCELLED AT 2024-01-31T00:36:13 DUE TO PREEMPTION ***
received SIGTERM 1706661373
WALL 21088887 1 0 1706661373
received SIGCONT 1706661373
WALL 21088887 1 0 1706661373
received SIGTERM 1706661373
WALL 21088887 1 0 1706661373
