WALL 21149247 1 0 1706736553
WALL 21149247 1 0 1706736554
WALL 21149247 1 0 1706736555
WALL 21149247 1 0 1706736556
WALL 21149247 1 0 1706736557
WALL 21149247 1 0 1706736558
WALL 21149247 1 0 1706736559
WALL 21149247 1 0 1706736560
WALL 21149247 1 0 1706736561
WALL 21149247 1 0 1706736562
WALL 21149247 1 0 1706736563
WALL 21149247 1 0 1706736564
WALL 21149247 1 0 1706736565
WALL 21149247 1 0 1706736566
WALL 21149247 1 0 1706736567
WALL 21149247 1 0 1706736568
WALL 21149247 1 0 1706736569
WALL 21149247 1 0 1706736570
WALL 21149247 1 0 1706736571
WALL 21149247 1 0 1706736572
WALL 21149247 1 0 1706736573
WALL 21149247 1 0 1706736574
WALL 21149247 1 0 1706736575
WALL 21149247 1 0 1706736576
WALL 21149247 1 0 1706736577
WALL 21149247 1 0 1706736578
WALL 21149247 1 0 1706736579
WALL 21149247 1 0 1706736580
WALL 21149247 1 0 1706736581
WALL 21149247 1 0 1706736582
WALL 21149247 1 0 1706736583
WALL 21149247 1 0 1706736584
WALL 21149247 1 0 1706736585
WALL 21149247 1 0 1706736586
WALL 21149247 1 0 1706736587
WALL 21149247 1 0 1706736588
WALL 21149247 1 0 1706736589
WALL 21149247 1 0 1706736590
WALL 21149247 1 0 1706736591
WALL 21149247 1 0 1706736592
WALL 21149247 1 0 1706736593
WALL 21149247 1 0 1706736594
WALL 21149247 1 0 1706736595
WALL 21149247 1 0 1706736596
WALL 21149247 1 0 1706736597
WALL 21149247 1 0 1706736598
WALL 21149247 1 0 1706736599
WALL 21149247 1 0 1706736600
WALL 21149247 1 0 1706736601
WALL 21149247 1 0 1706736602
WALL 21149247 1 0 1706736603
WALL 21149247 1 0 1706736604
WALL 21149247 1 0 1706736605
WALL 21149247 1 0 1706736606
WALL 21149247 1 0 1706736607
WALL 21149247 1 0 1706736608
WALL 21149247 1 0 1706736609
WALL 21149247 1 0 1706736610
WALL 21149247 1 0 1706736611
WALL 21149247 1 0 1706736612
WALL 21149247 1 0 1706736613
WALL 21149247 1 0 1706736614
WALL 21149247 1 0 1706736615
WALL 21149247 1 0 1706736616
WALL 21149247 1 0 1706736617
WALL 21149247 1 0 1706736618
WALL 21149247 1 0 1706736619
WALL 21149247 1 0 1706736620
WALL 21149247 1 0 1706736621
WALL 21149247 1 0 1706736622
WALL 21149247 1 0 1706736623
WALL 21149247 1 0 1706736624
WALL 21149247 1 0 1706736625
WALL 21149247 1 0 1706736626
WALL 21149247 1 0 1706736627
WALL 21149247 1 0 1706736628
WALL 21149247 1 0 1706736629
WALL 21149247 1 0 1706736630
WALL 21149247 1 0 1706736631
WALL 21149247 1 0 1706736632
WALL 21149247 1 0 1706736633
WALL 21149247 1 0 1706736634
WALL 21149247 1 0 1706736635
WALL 21149247 1 0 1706736636
WALL 21149247 1 0 1706736637
WALL 21149247 1 0 1706736638
WALL 21149247 1 0 1706736639
WALL 21149247 1 0 1706736640
WALL 21149247 1 0 1706736641
WALL 21149247 1 0 1706736642
WALL 21149247 1 0 1706736643
WALL 21149247 1 0 1706736644
WALL 21149247 1 0 1706736645
WALL 21149247 1 0 1706736646
WALL 21149247 1 0 1706736647
WALL 21149247 1 0 1706736648
WALL 21149247 1 0 1706736649
WALL 21149247 1 0 1706736650
WALL 21149247 1 0 1706736651
WALL 21149247 1 0 1706736652
WALL 21149247 1 0 1706736653
WALL 21149247 1 0 1706736654
WALL 21149247 1 0 1706736655
WALL 21149247 1 0 1706736656
WALL 21149247 1 0 1706736657
WALL 21149247 1 0 1706736658
WALL 21149247 1 0 1706736659
WALL 21149247 1 0 1706736660
WALL 21149247 1 0 1706736661
WALL 21149247 1 0 1706736662
WALL 21149247 1 0 1706736663
WALL 21149247 1 0 1706736664
WALL 21149247 1 0 1706736665
WALL 21149247 1 0 1706736666
WALL 21149247 1 0 1706736667
WALL 21149247 1 0 1706736668
WALL 21149247 1 0 1706736669
WALL 21149247 1 0 1706736670
WALL 21149247 1 0 1706736671
WALL 21149247 1 0 1706736672
WALL 21149247 1 0 1706736673
WALL 21149247 1 0 1706736674
WALL 21149247 1 0 1706736675
WALL 21149247 1 0 1706736676
WALL 21149247 1 0 1706736677
WALL 21149247 1 0 1706736678
WALL 21149247 1 0 1706736679
WALL 21149247 1 0 1706736680
WALL 21149247 1 0 1706736681
WALL 21149247 1 0 1706736682
WALL 21149247 1 0 1706736683
WALL 21149247 1 0 1706736684
WALL 21149247 1 0 1706736685
WALL 21149247 1 0 1706736686
WALL 21149247 1 0 1706736687
WALL 21149247 1 0 1706736688
WALL 21149247 1 0 1706736689
WALL 21149247 1 0 1706736690
WALL 21149247 1 0 1706736691
WALL 21149247 1 0 1706736692
WALL 21149247 1 0 1706736693
WALL 21149247 1 0 1706736694
WALL 21149247 1 0 1706736695
WALL 21149247 1 0 1706736696
WALL 21149247 1 0 1706736697
WALL 21149247 1 0 1706736698
WALL 21149247 1 0 1706736699
WALL 21149247 1 0 1706736700
WALL 21149247 1 0 1706736701
WALL 21149247 1 0 1706736702
WALL 21149247 1 0 1706736703
WALL 21149247 1 0 1706736704
WALL 21149247 1 0 1706736705
WALL 21149247 1 0 1706736706
WALL 21149247 1 0 1706736707
WALL 21149247 1 0 1706736708
WALL 21149247 1 0 1706736709
WALL 21149247 1 0 1706736710
WALL 21149247 1 0 1706736711
WALL 21149247 1 0 1706736712
WALL 21149247 1 0 1706736713
WALL 21149247 1 0 1706736714
WALL 21149247 1 0 1706736715
WALL 21149247 1 0 1706736716
WALL 21149247 1 0 1706736717
WALL 21149247 1 0 1706736718
WALL 21149247 1 0 1706736719
WALL 21149247 1 0 1706736720
WALL 21149247 1 0 1706736721
WALL 21149247 1 0 1706736722
WALL 21149247 1 0 1706736723
WALL 21149247 1 0 1706736724
WALL 21149247 1 0 1706736725
WALL 21149247 1 0 1706736726
WALL 21149247 1 0 1706736727
WALL 21149247 1 0 1706736728
WALL 21149247 1 0 1706736729
WALL 21149247 1 0 1706736730
WALL 21149247 1 0 1706736731
WALL 21149247 1 0 1706736732
WALL 21149247 1 0 1706736733
WALL 21149247 1 0 1706736734
WALL 21149247 1 0 1706736735
WALL 21149247 1 0 1706736736
WALL 21149247 1 0 1706736737
WALL 21149247 1 0 1706736738
WALL 21149247 1 0 1706736739
WALL 21149247 1 0 1706736740
WALL 21149247 1 0 1706736741
WALL 21149247 1 0 1706736742
WALL 21149247 1 0 1706736743
WALL 21149247 1 0 1706736744
WALL 21149247 1 0 1706736745
WALL 21149247 1 0 1706736746
WALL 21149247 1 0 1706736747
WALL 21149247 1 0 1706736748
WALL 21149247 1 0 1706736749
WALL 21149247 1 0 1706736750
WALL 21149247 1 0 1706736751
WALL 21149247 1 0 1706736752
WALL 21149247 1 0 1706736753
WALL 21149247 1 0 1706736754
WALL 21149247 1 0 1706736755
WALL 21149247 1 0 1706736756
WALL 21149247 1 0 1706736757
WALL 21149247 1 0 1706736758
WALL 21149247 1 0 1706736759
WALL 21149247 1 0 1706736760
WALL 21149247 1 0 1706736761
WALL 21149247 1 0 1706736762
WALL 21149247 1 0 1706736763
WALL 21149247 1 0 1706736764
WALL 21149247 1 0 1706736765
WALL 21149247 1 0 1706736766
WALL 21149247 1 0 1706736767
WALL 21149247 1 0 1706736768
WALL 21149247 1 0 1706736769
WALL 21149247 1 0 1706736770
WALL 21149247 1 0 1706736771
WALL 21149247 1 0 1706736772
WALL 21149247 1 0 1706736773
WALL 21149247 1 0 1706736774
WALL 21149247 1 0 1706736775
WALL 21149247 1 0 1706736776
WALL 21149247 1 0 1706736777
WALL 21149247 1 0 1706736778
WALL 21149247 1 0 1706736779
WALL 21149247 1 0 1706736780
WALL 21149247 1 0 1706736781
WALL 21149247 1 0 1706736782
WALL 21149247 1 0 1706736783
WALL 21149247 1 0 1706736784
WALL 21149247 1 0 1706736785
WALL 21149247 1 0 1706736786
WALL 21149247 1 0 1706736787
WALL 21149247 1 0 1706736788
WALL 21149247 1 0 1706736789
WALL 21149247 1 0 1706736790
WALL 21149247 1 0 1706736791
WALL 21149247 1 0 1706736792
WALL 21149247 1 0 1706736793
WALL 21149247 1 0 1706736794
WALL 21149247 1 0 1706736795
WALL 21149247 1 0 1706736796
WALL 21149247 1 0 1706736797
WALL 21149247 1 0 1706736798
WALL 21149247 1 0 1706736799
WALL 21149247 1 0 1706736800
WALL 21149247 1 0 1706736801
WALL 21149247 1 0 1706736802
WALL 21149247 1 0 1706736803
WALL 21149247 1 0 1706736804
WALL 21149247 1 0 1706736805
WALL 21149247 1 0 1706736806
WALL 21149247 1 0 1706736807
WALL 21149247 1 0 1706736808
WALL 21149247 1 0 1706736809
WALL 21149247 1 0 1706736810
WALL 21149247 1 0 1706736811
WALL 21149247 1 0 1706736812
WALL 21149247 1 0 1706736813
WALL 21149247 1 0 1706736814
WALL 21149247 1 0 1706736815
WALL 21149247 1 0 1706736816
WALL 21149247 1 0 1706736817
WALL 21149247 1 0 1706736818
WALL 21149247 1 0 1706736819
WALL 21149247 1 0 1706736820
WALL 21149247 1 0 1706736821
WALL 21149247 1 0 1706736822
WALL 21149247 1 0 1706736823
WALL 21149247 1 0 1706736824
WALL 21149247 1 0 1706736825
WALL 21149247 1 0 1706736826
WALL 21149247 1 0 1706736827
WALL 21149247 1 0 1706736828
WALL 21149247 1 0 1706736829
WALL 21149247 1 0 1706736830
WALL 21149247 1 0 1706736831
WALL 21149247 1 0 1706736832
WALL 21149247 1 0 1706736833
WALL 21149247 1 0 1706736834
WALL 21149247 1 0 1706736835
WALL 21149247 1 0 1706736836
WALL 21149247 1 0 1706736837
WALL 21149247 1 0 1706736838
WALL 21149247 1 0 1706736839
WALL 21149247 1 0 1706736840
WALL 21149247 1 0 1706736841
WALL 21149247 1 0 1706736842
WALL 21149247 1 0 1706736843
WALL 21149247 1 0 1706736844
WALL 21149247 1 0 1706736845
WALL 21149247 1 0 1706736846
WALL 21149247 1 0 1706736847
WALL 21149247 1 0 1706736848
WALL 21149247 1 0 1706736849
WALL 21149247 1 0 1706736850
WALL 21149247 1 0 1706736851
WALL 21149247 1 0 1706736852
WALL 21149247 1 0 1706736853
WALL 21149247 1 0 1706736854
WALL 21149247 1 0 1706736855
WALL 21149247 1 0 1706736856
WALL 21149247 1 0 1706736857
WALL 21149247 1 0 1706736858
WALL 21149247 1 0 1706736859
WALL 21149247 1 0 1706736860
WALL 21149247 1 0 1706736861
WALL 21149247 1 0 1706736862
WALL 21149247 1 0 1706736863
WALL 21149247 1 0 1706736864
WALL 21149247 1 0 1706736865
WALL 21149247 1 0 1706736866
WALL 21149247 1 0 1706736867
WALL 21149247 1 0 1706736868
WALL 21149247 1 0 1706736869
WALL 21149247 1 0 1706736870
WALL 21149247 1 0 1706736871
WALL 21149247 1 0 1706736872
WALL 21149247 1 0 1706736873
WALL 21149247 1 0 1706736874
WALL 21149247 1 0 1706736875
WALL 21149247 1 0 1706736876
WALL 21149247 1 0 1706736877
WALL 21149247 1 0 1706736878
WALL 21149247 1 0 1706736879
WALL 21149247 1 0 1706736880
WALL 21149247 1 0 1706736881
WALL 21149247 1 0 1706736882
WALL 21149247 1 0 1706736883
WALL 21149247 1 0 1706736884
WALL 21149247 1 0 1706736885
WALL 21149247 1 0 1706736886
WALL 21149247 1 0 1706736887
WALL 21149247 1 0 1706736888
WALL 21149247 1 0 1706736889
WALL 21149247 1 0 1706736890
WALL 21149247 1 0 1706736891
WALL 21149247 1 0 1706736892
WALL 21149247 1 0 1706736893
WALL 21149247 1 0 1706736894
WALL 21149247 1 0 1706736895
WALL 21149247 1 0 1706736896
WALL 21149247 1 0 1706736897
WALL 21149247 1 0 1706736898
WALL 21149247 1 0 1706736899
WALL 21149247 1 0 1706736900
WALL 21149247 1 0 1706736901
WALL 21149247 1 0 1706736902
WALL 21149247 1 0 1706736903
WALL 21149247 1 0 1706736904
WALL 21149247 1 0 1706736905
WALL 21149247 1 0 1706736906
WALL 21149247 1 0 1706736907
WALL 21149247 1 0 1706736908
WALL 21149247 1 0 1706736909
WALL 21149247 1 0 1706736910
WALL 21149247 1 0 1706736911
WALL 21149247 1 0 1706736912
WALL 21149247 1 0 1706736913
WALL 21149247 1 0 1706736914
WALL 21149247 1 0 1706736915
WALL 21149247 1 0 1706736916
WALL 21149247 1 0 1706736917
WALL 21149247 1 0 1706736918
WALL 21149247 1 0 1706736919
WALL 21149247 1 0 1706736920
WALL 21149247 1 0 1706736921
WALL 21149247 1 0 1706736922
WALL 21149247 1 0 1706736923
WALL 21149247 1 0 1706736924
WALL 21149247 1 0 1706736925
WALL 21149247 1 0 1706736926
WALL 21149247 1 0 1706736927
WALL 21149247 1 0 1706736928
WALL 21149247 1 0 1706736929
WALL 21149247 1 0 1706736930
WALL 21149247 1 0 1706736931
WALL 21149247 1 0 1706736932
WALL 21149247 1 0 1706736933
WALL 21149247 1 0 1706736934
WALL 21149247 1 0 1706736935
WALL 21149247 1 0 1706736936
WALL 21149247 1 0 1706736937
WALL 21149247 1 0 1706736938
WALL 21149247 1 0 1706736939
WALL 21149247 1 0 1706736940
WALL 21149247 1 0 1706736941
WALL 21149247 1 0 1706736942
WALL 21149247 1 0 1706736943
WALL 21149247 1 0 1706736944
WALL 21149247 1 0 1706736945
WALL 21149247 1 0 1706736946
WALL 21149247 1 0 1706736947
WALL 21149247 1 0 1706736948
WALL 21149247 1 0 1706736949
WALL 21149247 1 0 1706736950
WALL 21149247 1 0 1706736951
WALL 21149247 1 0 1706736952
WALL 21149247 1 0 1706736953
WALL 21149247 1 0 1706736954
WALL 21149247 1 0 1706736955
WALL 21149247 1 0 1706736956
WALL 21149247 1 0 1706736957
WALL 21149247 1 0 1706736958
WALL 21149247 1 0 1706736959
WALL 21149247 1 0 1706736960
WALL 21149247 1 0 1706736961
WALL 21149247 1 0 1706736962
WALL 21149247 1 0 1706736963
WALL 21149247 1 0 1706736964
WALL 21149247 1 0 1706736965
WALL 21149247 1 0 1706736966
WALL 21149247 1 0 1706736967
WALL 21149247 1 0 1706736968
WALL 21149247 1 0 1706736969
WALL 21149247 1 0 1706736970
WALL 21149247 1 0 1706736971
WALL 21149247 1 0 1706736972
WALL 21149247 1 0 1706736973
WALL 21149247 1 0 1706736974
WALL 21149247 1 0 1706736975
WALL 21149247 1 0 1706736976
WALL 21149247 1 0 1706736977
WALL 21149247 1 0 1706736978
WALL 21149247 1 0 1706736979
WALL 21149247 1 0 1706736980
WALL 21149247 1 0 1706736981
WALL 21149247 1 0 1706736982
WALL 21149247 1 0 1706736983
WALL 21149247 1 0 1706736984
WALL 21149247 1 0 1706736985
WALL 21149247 1 0 1706736986
WALL 21149247 1 0 1706736987
WALL 21149247 1 0 1706736988
WALL 21149247 1 0 1706736989
WALL 21149247 1 0 1706736990
WALL 21149247 1 0 1706736991
WALL 21149247 1 0 1706736992
WALL 21149247 1 0 1706736993
WALL 21149247 1 0 1706736994
WALL 21149247 1 0 1706736995
WALL 21149247 1 0 1706736996
WALL 21149247 1 0 1706736997
WALL 21149247 1 0 1706736998
WALL 21149247 1 0 1706736999
WALL 21149247 1 0 1706737000
WALL 21149247 1 0 1706737001
WALL 21149247 1 0 1706737002
WALL 21149247 1 0 1706737003
WALL 21149247 1 0 1706737004
WALL 21149247 1 0 1706737005
WALL 21149247 1 0 1706737006
WALL 21149247 1 0 1706737007
WALL 21149247 1 0 1706737008
WALL 21149247 1 0 1706737009
WALL 21149247 1 0 1706737010
WALL 21149247 1 0 1706737011
WALL 21149247 1 0 1706737012
WALL 21149247 1 0 1706737013
WALL 21149247 1 0 1706737014
WALL 21149247 1 0 1706737015
WALL 21149247 1 0 1706737016
WALL 21149247 1 0 1706737017
WALL 21149247 1 0 1706737018
WALL 21149247 1 0 1706737019
WALL 21149247 1 0 1706737020
WALL 21149247 1 0 1706737021
WALL 21149247 1 0 1706737022
WALL 21149247 1 0 1706737023
WALL 21149247 1 0 1706737024
WALL 21149247 1 0 1706737025
WALL 21149247 1 0 1706737026
WALL 21149247 1 0 1706737027
WALL 21149247 1 0 1706737028
WALL 21149247 1 0 1706737029
WALL 21149247 1 0 1706737030
WALL 21149247 1 0 1706737031
WALL 21149247 1 0 1706737032
WALL 21149247 1 0 1706737033
WALL 21149247 1 0 1706737034
WALL 21149247 1 0 1706737035
WALL 21149247 1 0 1706737036
WALL 21149247 1 0 1706737037
WALL 21149247 1 0 1706737038
WALL 21149247 1 0 1706737039
WALL 21149247 1 0 1706737040
WALL 21149247 1 0 1706737041
WALL 21149247 1 0 1706737042
WALL 21149247 1 0 1706737043
WALL 21149247 1 0 1706737044
WALL 21149247 1 0 1706737045
WALL 21149247 1 0 1706737046
WALL 21149247 1 0 1706737047
WALL 21149247 1 0 1706737048
WALL 21149247 1 0 1706737049
WALL 21149247 1 0 1706737050
WALL 21149247 1 0 1706737051
WALL 21149247 1 0 1706737052
WALL 21149247 1 0 1706737053
WALL 21149247 1 0 1706737054
WALL 21149247 1 0 1706737055
WALL 21149247 1 0 1706737056
WALL 21149247 1 0 1706737057
WALL 21149247 1 0 1706737058
WALL 21149247 1 0 1706737059
WALL 21149247 1 0 1706737060
WALL 21149247 1 0 1706737061
WALL 21149247 1 0 1706737062
WALL 21149247 1 0 1706737063
WALL 21149247 1 0 1706737064
WALL 21149247 1 0 1706737065
WALL 21149247 1 0 1706737066
WALL 21149247 1 0 1706737067
WALL 21149247 1 0 1706737068
WALL 21149247 1 0 1706737069
WALL 21149247 1 0 1706737070
WALL 21149247 1 0 1706737071
WALL 21149247 1 0 1706737072
WALL 21149247 1 0 1706737073
WALL 21149247 1 0 1706737074
WALL 21149247 1 0 1706737075
WALL 21149247 1 0 1706737076
WALL 21149247 1 0 1706737077
WALL 21149247 1 0 1706737078
WALL 21149247 1 0 1706737079
WALL 21149247 1 0 1706737080
WALL 21149247 1 0 1706737081
WALL 21149247 1 0 1706737082
WALL 21149247 1 0 1706737083
WALL 21149247 1 0 1706737084
WALL 21149247 1 0 1706737085
WALL 21149247 1 0 1706737086
WALL 21149247 1 0 1706737087
WALL 21149247 1 0 1706737088
WALL 21149247 1 0 1706737089
WALL 21149247 1 0 1706737090
WALL 21149247 1 0 1706737091
WALL 21149247 1 0 1706737092
WALL 21149247 1 0 1706737093
WALL 21149247 1 0 1706737094
WALL 21149247 1 0 1706737095
WALL 21149247 1 0 1706737096
WALL 21149247 1 0 1706737097
WALL 21149247 1 0 1706737098
WALL 21149247 1 0 1706737099
WALL 21149247 1 0 1706737100
WALL 21149247 1 0 1706737101
WALL 21149247 1 0 1706737102
WALL 21149247 1 0 1706737103
WALL 21149247 1 0 1706737104
WALL 21149247 1 0 1706737105
WALL 21149247 1 0 1706737106
WALL 21149247 1 0 1706737107
WALL 21149247 1 0 1706737108
WALL 21149247 1 0 1706737109
WALL 21149247 1 0 1706737110
WALL 21149247 1 0 1706737111
WALL 21149247 1 0 1706737112
WALL 21149247 1 0 1706737113
WALL 21149247 1 0 1706737114
WALL 21149247 1 0 1706737115
WALL 21149247 1 0 1706737116
WALL 21149247 1 0 1706737117
WALL 21149247 1 0 1706737118
WALL 21149247 1 0 1706737119
WALL 21149247 1 0 1706737120
WALL 21149247 1 0 1706737121
WALL 21149247 1 0 1706737122
WALL 21149247 1 0 1706737123
WALL 21149247 1 0 1706737124
WALL 21149247 1 0 1706737125
WALL 21149247 1 0 1706737126
WALL 21149247 1 0 1706737127
WALL 21149247 1 0 1706737128
WALL 21149247 1 0 1706737129
WALL 21149247 1 0 1706737130
WALL 21149247 1 0 1706737131
WALL 21149247 1 0 1706737132
WALL 21149247 1 0 1706737133
WALL 21149247 1 0 1706737134
WALL 21149247 1 0 1706737135
WALL 21149247 1 0 1706737136
WALL 21149247 1 0 1706737137
WALL 21149247 1 0 1706737138
WALL 21149247 1 0 1706737139
WALL 21149247 1 0 1706737140
WALL 21149247 1 0 1706737141
WALL 21149247 1 0 1706737142
WALL 21149247 1 0 1706737143
WALL 21149247 1 0 1706737144
WALL 21149247 1 0 1706737145
WALL 21149247 1 0 1706737146
WALL 21149247 1 0 1706737147
WALL 21149247 1 0 1706737148
WALL 21149247 1 0 1706737149
WALL 21149247 1 0 1706737150
WALL 21149247 1 0 1706737151
WALL 21149247 1 0 1706737152
WALL 21149247 1 0 1706737153
WALL 21149247 1 0 1706737154
WALL 21149247 1 0 1706737155
WALL 21149247 1 0 1706737156
WALL 21149247 1 0 1706737157
WALL 21149247 1 0 1706737158
WALL 21149247 1 0 1706737159
WALL 21149247 1 0 1706737160
WALL 21149247 1 0 1706737161
WALL 21149247 1 0 1706737162
WALL 21149247 1 0 1706737163
WALL 21149247 1 0 1706737164
WALL 21149247 1 0 1706737165
WALL 21149247 1 0 1706737166
WALL 21149247 1 0 1706737167
WALL 21149247 1 0 1706737168
WALL 21149247 1 0 1706737169
WALL 21149247 1 0 1706737170
WALL 21149247 1 0 1706737171
WALL 21149247 1 0 1706737172
WALL 21149247 1 0 1706737173
WALL 21149247 1 0 1706737174
WALL 21149247 1 0 1706737175
WALL 21149247 1 0 1706737176
WALL 21149247 1 0 1706737177
WALL 21149247 1 0 1706737178
WALL 21149247 1 0 1706737179
WALL 21149247 1 0 1706737180
WALL 21149247 1 0 1706737181
WALL 21149247 1 0 1706737182
WALL 21149247 1 0 1706737183
WALL 21149247 1 0 1706737184
WALL 21149247 1 0 1706737185
WALL 21149247 1 0 1706737186
WALL 21149247 1 0 1706737187
WALL 21149247 1 0 1706737188
WALL 21149247 1 0 1706737189
WALL 21149247 1 0 1706737190
WALL 21149247 1 0 1706737191
WALL 21149247 1 0 1706737192
WALL 21149247 1 0 1706737193
WALL 21149247 1 0 1706737194
WALL 21149247 1 0 1706737195
WALL 21149247 1 0 1706737196
WALL 21149247 1 0 1706737197
WALL 21149247 1 0 1706737198
WALL 21149247 1 0 1706737199
WALL 21149247 1 0 1706737200
WALL 21149247 1 0 1706737201
WALL 21149247 1 0 1706737202
WALL 21149247 1 0 1706737203
WALL 21149247 1 0 1706737204
WALL 21149247 1 0 1706737205
WALL 21149247 1 0 1706737206
WALL 21149247 1 0 1706737207
WALL 21149247 1 0 1706737208
WALL 21149247 1 0 1706737209
WALL 21149247 1 0 1706737210
WALL 21149247 1 0 1706737211
WALL 21149247 1 0 1706737212
WALL 21149247 1 0 1706737213
WALL 21149247 1 0 1706737214
WALL 21149247 1 0 1706737215
WALL 21149247 1 0 1706737216
WALL 21149247 1 0 1706737217
WALL 21149247 1 0 1706737218
WALL 21149247 1 0 1706737219
WALL 21149247 1 0 1706737220
WALL 21149247 1 0 1706737221
WALL 21149247 1 0 1706737222
WALL 21149247 1 0 1706737223
WALL 21149247 1 0 1706737224
WALL 21149247 1 0 1706737225
WALL 21149247 1 0 1706737226
WALL 21149247 1 0 1706737227
WALL 21149247 1 0 1706737228
WALL 21149247 1 0 1706737229
WALL 21149247 1 0 1706737230
WALL 21149247 1 0 1706737231
WALL 21149247 1 0 1706737232
WALL 21149247 1 0 1706737233
WALL 21149247 1 0 1706737234
WALL 21149247 1 0 1706737235
WALL 21149247 1 0 1706737236
WALL 21149247 1 0 1706737237
WALL 21149247 1 0 1706737238
WALL 21149247 1 0 1706737239
WALL 21149247 1 0 1706737240
WALL 21149247 1 0 1706737241
WALL 21149247 1 0 1706737242
WALL 21149247 1 0 1706737243
WALL 21149247 1 0 1706737244
WALL 21149247 1 0 1706737245
WALL 21149247 1 0 1706737246
WALL 21149247 1 0 1706737247
WALL 21149247 1 0 1706737248
WALL 21149247 1 0 1706737249
WALL 21149247 1 0 1706737250
WALL 21149247 1 0 1706737251
WALL 21149247 1 0 1706737252
WALL 21149247 1 0 1706737253
WALL 21149247 1 0 1706737254
WALL 21149247 1 0 1706737255
WALL 21149247 1 0 1706737256
WALL 21149247 1 0 1706737257
WALL 21149247 1 0 1706737258
WALL 21149247 1 0 1706737259
WALL 21149247 1 0 1706737260
WALL 21149247 1 0 1706737261
WALL 21149247 1 0 1706737262
WALL 21149247 1 0 1706737263
WALL 21149247 1 0 1706737264
WALL 21149247 1 0 1706737265
WALL 21149247 1 0 1706737266
WALL 21149247 1 0 1706737267
WALL 21149247 1 0 1706737268
WALL 21149247 1 0 1706737269
WALL 21149247 1 0 1706737270
WALL 21149247 1 0 1706737271
WALL 21149247 1 0 1706737272
WALL 21149247 1 0 1706737273
WALL 21149247 1 0 1706737274
WALL 21149247 1 0 1706737275
WALL 21149247 1 0 1706737276
WALL 21149247 1 0 1706737277
WALL 21149247 1 0 1706737278
WALL 21149247 1 0 1706737279
WALL 21149247 1 0 1706737280
WALL 21149247 1 0 1706737281
WALL 21149247 1 0 1706737282
WALL 21149247 1 0 1706737283
WALL 21149247 1 0 1706737284
WALL 21149247 1 0 1706737285
WALL 21149247 1 0 1706737286
WALL 21149247 1 0 1706737287
WALL 21149247 1 0 1706737288
WALL 21149247 1 0 1706737289
WALL 21149247 1 0 1706737290
WALL 21149247 1 0 1706737291
WALL 21149247 1 0 1706737292
WALL 21149247 1 0 1706737293
WALL 21149247 1 0 1706737294
WALL 21149247 1 0 1706737295
WALL 21149247 1 0 1706737296
WALL 21149247 1 0 1706737297
WALL 21149247 1 0 1706737298
WALL 21149247 1 0 1706737299
WALL 21149247 1 0 1706737300
WALL 21149247 1 0 1706737301
WALL 21149247 1 0 1706737302
WALL 21149247 1 0 1706737303
WALL 21149247 1 0 1706737304
WALL 21149247 1 0 1706737305
WALL 21149247 1 0 1706737306
WALL 21149247 1 0 1706737307
WALL 21149247 1 0 1706737308
WALL 21149247 1 0 1706737309
WALL 21149247 1 0 1706737310
WALL 21149247 1 0 1706737311
WALL 21149247 1 0 1706737312
WALL 21149247 1 0 1706737313
WALL 21149247 1 0 1706737314
WALL 21149247 1 0 1706737315
WALL 21149247 1 0 1706737316
WALL 21149247 1 0 1706737317
WALL 21149247 1 0 1706737318
WALL 21149247 1 0 1706737319
WALL 21149247 1 0 1706737320
WALL 21149247 1 0 1706737321
WALL 21149247 1 0 1706737322
WALL 21149247 1 0 1706737323
WALL 21149247 1 0 1706737324
WALL 21149247 1 0 1706737325
WALL 21149247 1 0 1706737326
WALL 21149247 1 0 1706737327
WALL 21149247 1 0 1706737328
WALL 21149247 1 0 1706737329
WALL 21149247 1 0 1706737330
WALL 21149247 1 0 1706737331
WALL 21149247 1 0 1706737332
WALL 21149247 1 0 1706737333
WALL 21149247 1 0 1706737334
WALL 21149247 1 0 1706737335
WALL 21149247 1 0 1706737336
WALL 21149247 1 0 1706737337
WALL 21149247 1 0 1706737338
WALL 21149247 1 0 1706737339
WALL 21149247 1 0 1706737340
WALL 21149247 1 0 1706737341
WALL 21149247 1 0 1706737342
WALL 21149247 1 0 1706737343
WALL 21149247 1 0 1706737344
WALL 21149247 1 0 1706737345
WALL 21149247 1 0 1706737346
WALL 21149247 1 0 1706737347
WALL 21149247 1 0 1706737348
WALL 21149247 1 0 1706737349
WALL 21149247 1 0 1706737350
WALL 21149247 1 0 1706737351
WALL 21149247 1 0 1706737352
WALL 21149247 1 0 1706737353
WALL 21149247 1 0 1706737354
WALL 21149247 1 0 1706737355
WALL 21149247 1 0 1706737356
WALL 21149247 1 0 1706737357
WALL 21149247 1 0 1706737358
WALL 21149247 1 0 1706737359
WALL 21149247 1 0 1706737360
WALL 21149247 1 0 1706737361
WALL 21149247 1 0 1706737362
WALL 21149247 1 0 1706737363
WALL 21149247 1 0 1706737364
WALL 21149247 1 0 1706737365
WALL 21149247 1 0 1706737366
WALL 21149247 1 0 1706737367
WALL 21149247 1 0 1706737368
WALL 21149247 1 0 1706737369
WALL 21149247 1 0 1706737370
WALL 21149247 1 0 1706737371
WALL 21149247 1 0 1706737372
WALL 21149247 1 0 1706737373
WALL 21149247 1 0 1706737374
WALL 21149247 1 0 1706737375
WALL 21149247 1 0 1706737376
WALL 21149247 1 0 1706737377
WALL 21149247 1 0 1706737378
WALL 21149247 1 0 1706737379
WALL 21149247 1 0 1706737380
WALL 21149247 1 0 1706737381
WALL 21149247 1 0 1706737382
WALL 21149247 1 0 1706737383
WALL 21149247 1 0 1706737384
WALL 21149247 1 0 1706737385
WALL 21149247 1 0 1706737386
WALL 21149247 1 0 1706737387
WALL 21149247 1 0 1706737388
WALL 21149247 1 0 1706737389
WALL 21149247 1 0 1706737390
WALL 21149247 1 0 1706737391
WALL 21149247 1 0 1706737392
WALL 21149247 1 0 1706737393
WALL 21149247 1 0 1706737394
WALL 21149247 1 0 1706737395
WALL 21149247 1 0 1706737396
WALL 21149247 1 0 1706737397
WALL 21149247 1 0 1706737398
WALL 21149247 1 0 1706737399
WALL 21149247 1 0 1706737400
WALL 21149247 1 0 1706737401
WALL 21149247 1 0 1706737402
WALL 21149247 1 0 1706737403
WALL 21149247 1 0 1706737404
WALL 21149247 1 0 1706737405
WALL 21149247 1 0 1706737406
WALL 21149247 1 0 1706737407
WALL 21149247 1 0 1706737408
WALL 21149247 1 0 1706737409
WALL 21149247 1 0 1706737410
WALL 21149247 1 0 1706737411
WALL 21149247 1 0 1706737412
WALL 21149247 1 0 1706737413
WALL 21149247 1 0 1706737414
WALL 21149247 1 0 1706737415
WALL 21149247 1 0 1706737416
WALL 21149247 1 0 1706737417
WALL 21149247 1 0 1706737418
WALL 21149247 1 0 1706737419
WALL 21149247 1 0 1706737420
WALL 21149247 1 0 1706737421
WALL 21149247 1 0 1706737422
WALL 21149247 1 0 1706737423
WALL 21149247 1 0 1706737424
WALL 21149247 1 0 1706737425
WALL 21149247 1 0 1706737426
WALL 21149247 1 0 1706737427
WALL 21149247 1 0 1706737428
WALL 21149247 1 0 1706737429
WALL 21149247 1 0 1706737430
WALL 21149247 1 0 1706737431
WALL 21149247 1 0 1706737432
WALL 21149247 1 0 1706737433
WALL 21149247 1 0 1706737434
WALL 21149247 1 0 1706737435
WALL 21149247 1 0 1706737436
WALL 21149247 1 0 1706737437
WALL 21149247 1 0 1706737438
WALL 21149247 1 0 1706737439
WALL 21149247 1 0 1706737440
WALL 21149247 1 0 1706737441
WALL 21149247 1 0 1706737442
WALL 21149247 1 0 1706737443
WALL 21149247 1 0 1706737444
WALL 21149247 1 0 1706737445
WALL 21149247 1 0 1706737446
WALL 21149247 1 0 1706737447
WALL 21149247 1 0 1706737448
WALL 21149247 1 0 1706737449
WALL 21149247 1 0 1706737450
WALL 21149247 1 0 1706737451
WALL 21149247 1 0 1706737452
WALL 21149247 1 0 1706737453
WALL 21149247 1 0 1706737454
WALL 21149247 1 0 1706737455
WALL 21149247 1 0 1706737456
WALL 21149247 1 0 1706737457
WALL 21149247 1 0 1706737458
WALL 21149247 1 0 1706737459
WALL 21149247 1 0 1706737460
WALL 21149247 1 0 1706737461
WALL 21149247 1 0 1706737462
WALL 21149247 1 0 1706737463
WALL 21149247 1 0 1706737464
WALL 21149247 1 0 1706737465
WALL 21149247 1 0 1706737466
WALL 21149247 1 0 1706737467
WALL 21149247 1 0 1706737468
WALL 21149247 1 0 1706737469
WALL 21149247 1 0 1706737470
WALL 21149247 1 0 1706737471
WALL 21149247 1 0 1706737472
WALL 21149247 1 0 1706737473
WALL 21149247 1 0 1706737474
WALL 21149247 1 0 1706737475
WALL 21149247 1 0 1706737476
WALL 21149247 1 0 1706737477
WALL 21149247 1 0 1706737478
WALL 21149247 1 0 1706737479
WALL 21149247 1 0 1706737480
WALL 21149247 1 0 1706737481
WALL 21149247 1 0 1706737482
WALL 21149247 1 0 1706737483
WALL 21149247 1 0 1706737484
WALL 21149247 1 0 1706737485
WALL 21149247 1 0 1706737486
WALL 21149247 1 0 1706737487
WALL 21149247 1 0 1706737488
WALL 21149247 1 0 1706737489
WALL 21149247 1 0 1706737490
WALL 21149247 1 0 1706737491
WALL 21149247 1 0 1706737492
WALL 21149247 1 0 1706737493
WALL 21149247 1 0 1706737494
WALL 21149247 1 0 1706737495
WALL 21149247 1 0 1706737496
WALL 21149247 1 0 1706737497
WALL 21149247 1 0 1706737498
WALL 21149247 1 0 1706737499
WALL 21149247 1 0 1706737500
WALL 21149247 1 0 1706737501
WALL 21149247 1 0 1706737502
WALL 21149247 1 0 1706737503
WALL 21149247 1 0 1706737504
WALL 21149247 1 0 1706737505
WALL 21149247 1 0 1706737506
WALL 21149247 1 0 1706737507
WALL 21149247 1 0 1706737508
WALL 21149247 1 0 1706737509
WALL 21149247 1 0 1706737510
WALL 21149247 1 0 1706737511
WALL 21149247 1 0 1706737512
WALL 21149247 1 0 1706737513
WALL 21149247 1 0 1706737514
WALL 21149247 1 0 1706737515
WALL 21149247 1 0 1706737516
WALL 21149247 1 0 1706737517
WALL 21149247 1 0 1706737518
WALL 21149247 1 0 1706737519
WALL 21149247 1 0 1706737520
WALL 21149247 1 0 1706737521
WALL 21149247 1 0 1706737522
WALL 21149247 1 0 1706737523
WALL 21149247 1 0 1706737524
WALL 21149247 1 0 1706737525
WALL 21149247 1 0 1706737526
WALL 21149247 1 0 1706737527
WALL 21149247 1 0 1706737528
WALL 21149247 1 0 1706737529
WALL 21149247 1 0 1706737530
WALL 21149247 1 0 1706737531
WALL 21149247 1 0 1706737532
WALL 21149247 1 0 1706737533
WALL 21149247 1 0 1706737534
WALL 21149247 1 0 1706737535
WALL 21149247 1 0 1706737536
WALL 21149247 1 0 1706737537
WALL 21149247 1 0 1706737538
WALL 21149247 1 0 1706737539
WALL 21149247 1 0 1706737540
WALL 21149247 1 0 1706737541
WALL 21149247 1 0 1706737542
WALL 21149247 1 0 1706737543
WALL 21149247 1 0 1706737544
WALL 21149247 1 0 1706737545
WALL 21149247 1 0 1706737546
WALL 21149247 1 0 1706737547
WALL 21149247 1 0 1706737548
WALL 21149247 1 0 1706737549
WALL 21149247 1 0 1706737550
WALL 21149247 1 0 1706737551
WALL 21149247 1 0 1706737552
WALL 21149247 1 0 1706737553
WALL 21149247 1 0 1706737554
WALL 21149247 1 0 1706737555
WALL 21149247 1 0 1706737556
WALL 21149247 1 0 1706737557
WALL 21149247 1 0 1706737558
WALL 21149247 1 0 1706737559
WALL 21149247 1 0 1706737560
WALL 21149247 1 0 1706737561
WALL 21149247 1 0 1706737562
WALL 21149247 1 0 1706737563
WALL 21149247 1 0 1706737564
WALL 21149247 1 0 1706737565
WALL 21149247 1 0 1706737566
WALL 21149247 1 0 1706737567
WALL 21149247 1 0 1706737568
WALL 21149247 1 0 1706737569
WALL 21149247 1 0 1706737570
WALL 21149247 1 0 1706737571
WALL 21149247 1 0 1706737572
WALL 21149247 1 0 1706737573
WALL 21149247 1 0 1706737574
WALL 21149247 1 0 1706737575
WALL 21149247 1 0 1706737576
WALL 21149247 1 0 1706737577
WALL 21149247 1 0 1706737578
WALL 21149247 1 0 1706737579
WALL 21149247 1 0 1706737580
WALL 21149247 1 0 1706737581
WALL 21149247 1 0 1706737582
WALL 21149247 1 0 1706737583
WALL 21149247 1 0 1706737584
WALL 21149247 1 0 1706737585
WALL 21149247 1 0 1706737586
WALL 21149247 1 0 1706737587
WALL 21149247 1 0 1706737588
WALL 21149247 1 0 1706737589
WALL 21149247 1 0 1706737590
WALL 21149247 1 0 1706737591
WALL 21149247 1 0 1706737592
WALL 21149247 1 0 1706737593
WALL 21149247 1 0 1706737594
WALL 21149247 1 0 1706737595
WALL 21149247 1 0 1706737596
WALL 21149247 1 0 1706737597
WALL 21149247 1 0 1706737598
WALL 21149247 1 0 1706737599
WALL 21149247 1 0 1706737600
WALL 21149247 1 0 1706737601
WALL 21149247 1 0 1706737602
WALL 21149247 1 0 1706737603
WALL 21149247 1 0 1706737604
WALL 21149247 1 0 1706737605
WALL 21149247 1 0 1706737606
WALL 21149247 1 0 1706737607
WALL 21149247 1 0 1706737608
WALL 21149247 1 0 1706737609
WALL 21149247 1 0 1706737610
WALL 21149247 1 0 1706737611
WALL 21149247 1 0 1706737612
WALL 21149247 1 0 1706737613
WALL 21149247 1 0 1706737614
WALL 21149247 1 0 1706737615
WALL 21149247 1 0 1706737616
WALL 21149247 1 0 1706737617
WALL 21149247 1 0 1706737618
WALL 21149247 1 0 1706737619
WALL 21149247 1 0 1706737620
WALL 21149247 1 0 1706737621
WALL 21149247 1 0 1706737622
WALL 21149247 1 0 1706737623
WALL 21149247 1 0 1706737624
WALL 21149247 1 0 1706737625
WALL 21149247 1 0 1706737626
WALL 21149247 1 0 1706737627
WALL 21149247 1 0 1706737628
WALL 21149247 1 0 1706737629
WALL 21149247 1 0 1706737630
WALL 21149247 1 0 1706737631
WALL 21149247 1 0 1706737632
WALL 21149247 1 0 1706737633
WALL 21149247 1 0 1706737634
WALL 21149247 1 0 1706737635
WALL 21149247 1 0 1706737636
WALL 21149247 1 0 1706737637
WALL 21149247 1 0 1706737638
WALL 21149247 1 0 1706737639
WALL 21149247 1 0 1706737640
WALL 21149247 1 0 1706737641
WALL 21149247 1 0 1706737642
WALL 21149247 1 0 1706737643
WALL 21149247 1 0 1706737644
WALL 21149247 1 0 1706737645
WALL 21149247 1 0 1706737646
WALL 21149247 1 0 1706737647
WALL 21149247 1 0 1706737648
WALL 21149247 1 0 1706737649
WALL 21149247 1 0 1706737650
WALL 21149247 1 0 1706737651
WALL 21149247 1 0 1706737652
WALL 21149247 1 0 1706737653
WALL 21149247 1 0 1706737654
WALL 21149247 1 0 1706737655
WALL 21149247 1 0 1706737656
WALL 21149247 1 0 1706737657
WALL 21149247 1 0 1706737658
WALL 21149247 1 0 1706737659
WALL 21149247 1 0 1706737660
WALL 21149247 1 0 1706737661
WALL 21149247 1 0 1706737662
WALL 21149247 1 0 1706737663
WALL 21149247 1 0 1706737664
WALL 21149247 1 0 1706737665
WALL 21149247 1 0 1706737666
WALL 21149247 1 0 1706737667
WALL 21149247 1 0 1706737668
WALL 21149247 1 0 1706737669
WALL 21149247 1 0 1706737670
WALL 21149247 1 0 1706737671
WALL 21149247 1 0 1706737672
WALL 21149247 1 0 1706737673
WALL 21149247 1 0 1706737674
WALL 21149247 1 0 1706737675
WALL 21149247 1 0 1706737676
WALL 21149247 1 0 1706737677
WALL 21149247 1 0 1706737678
WALL 21149247 1 0 1706737679
WALL 21149247 1 0 1706737680
WALL 21149247 1 0 1706737681
WALL 21149247 1 0 1706737682
WALL 21149247 1 0 1706737683
WALL 21149247 1 0 1706737684
WALL 21149247 1 0 1706737685
WALL 21149247 1 0 1706737686
WALL 21149247 1 0 1706737687
WALL 21149247 1 0 1706737688
WALL 21149247 1 0 1706737689
WALL 21149247 1 0 1706737690
WALL 21149247 1 0 1706737691
WALL 21149247 1 0 1706737692
WALL 21149247 1 0 1706737693
WALL 21149247 1 0 1706737694
WALL 21149247 1 0 1706737695
WALL 21149247 1 0 1706737696
WALL 21149247 1 0 1706737697
WALL 21149247 1 0 1706737698
WALL 21149247 1 0 1706737699
WALL 21149247 1 0 1706737700
WALL 21149247 1 0 1706737701
WALL 21149247 1 0 1706737702
WALL 21149247 1 0 1706737703
WALL 21149247 1 0 1706737704
WALL 21149247 1 0 1706737705
WALL 21149247 1 0 1706737706
WALL 21149247 1 0 1706737707
WALL 21149247 1 0 1706737708
WALL 21149247 1 0 1706737709
WALL 21149247 1 0 1706737710
WALL 21149247 1 0 1706737711
WALL 21149247 1 0 1706737712
WALL 21149247 1 0 1706737713
WALL 21149247 1 0 1706737714
WALL 21149247 1 0 1706737715
WALL 21149247 1 0 1706737716
WALL 21149247 1 0 1706737717
WALL 21149247 1 0 1706737718
WALL 21149247 1 0 1706737719
WALL 21149247 1 0 1706737720
WALL 21149247 1 0 1706737721
WALL 21149247 1 0 1706737722
WALL 21149247 1 0 1706737723
WALL 21149247 1 0 1706737724
WALL 21149247 1 0 1706737725
WALL 21149247 1 0 1706737726
WALL 21149247 1 0 1706737727
WALL 21149247 1 0 1706737728
WALL 21149247 1 0 1706737729
WALL 21149247 1 0 1706737730
WALL 21149247 1 0 1706737731
WALL 21149247 1 0 1706737732
WALL 21149247 1 0 1706737733
WALL 21149247 1 0 1706737734
WALL 21149247 1 0 1706737735
WALL 21149247 1 0 1706737736
WALL 21149247 1 0 1706737737
WALL 21149247 1 0 1706737738
WALL 21149247 1 0 1706737739
slurmstepd: error: *** STEP 21149247.0 ON nid200016 CANCELLED AT 2024-01-31T21:49:00 ***
received SIGTERM 1706737740
WALL 21149247 1 0 1706737740
received SIGCONT 1706737740
WALL 21149247 1 0 1706737740
WALL 21149247 1 0 1706737741
WALL 21149247 1 0 1706737742
WALL 21149247 1 0 1706737743
WALL 21149247 1 0 1706737744
WALL 21149247 1 0 1706737745
WALL 21149247 1 0 1706737746
WALL 21149247 1 0 1706737747
WALL 21149247 1 0 1706737748
WALL 21149247 1 0 1706737749
WALL 21149247 1 0 1706737750
WALL 21149247 1 0 1706737751
WALL 21149247 1 0 1706737752
WALL 21149247 1 0 1706737753
WALL 21149247 1 0 1706737754
WALL 21149247 1 0 1706737755
WALL 21149247 1 0 1706737756
WALL 21149247 1 0 1706737757
WALL 21149247 1 0 1706737758
WALL 21149247 1 0 1706737759
WALL 21149247 1 0 1706737760
WALL 21149247 1 0 1706737761
WALL 21149247 1 0 1706737762
WALL 21149247 1 0 1706737763
WALL 21149247 1 0 1706737764
WALL 21149247 1 0 1706737765
WALL 21149247 1 0 1706737766
WALL 21149247 1 0 1706737767
WALL 21149247 1 0 1706737768
WALL 21149247 1 0 1706737769
WALL 21149247 1 0 1706737770
WALL 21149247 1 0 1706737771
WALL 21149247 1 0 1706737772
WALL 21149247 1 0 1706737773
WALL 21149247 1 0 1706737774
WALL 21149247 1 0 1706737775
WALL 21149247 1 0 1706737776
WALL 21149247 1 0 1706737777
WALL 21149247 1 0 1706737778
WALL 21149247 1 0 1706737779
WALL 21149247 1 0 1706737780
WALL 21149247 1 0 1706737781
WALL 21149247 1 0 1706737782
WALL 21149247 1 0 1706737783
WALL 21149247 1 0 1706737784
WALL 21149247 1 0 1706737785
WALL 21149247 1 0 1706737786
WALL 21149247 1 0 1706737787
WALL 21149247 1 0 1706737788
WALL 21149247 1 0 1706737789
WALL 21149247 1 0 1706737790
WALL 21149247 1 0 1706737791
WALL 21149247 1 0 1706737792
WALL 21149247 1 0 1706737793
WALL 21149247 1 0 1706737794
WALL 21149247 1 0 1706737795
WALL 21149247 1 0 1706737796
WALL 21149247 1 0 1706737797
WALL 21149247 1 0 1706737798
WALL 21149247 1 0 1706737799
WALL 21149247 1 0 1706737800
slurmstepd: error: *** JOB 21149247 ON nid200016 CANCELLED AT 2024-01-31T21:50:01 DUE TO PREEMPTION ***
received SIGTERM 1706737801
WALL 21149247 1 0 1706737801
received SIGCONT 1706737801
WALL 21149247 1 0 1706737801
received SIGTERM 1706737801
WALL 21149247 1 0 1706737801
