WALL 21155140 1 0 1706747428
WALL 21155140 1 0 1706747429
WALL 21155140 1 0 1706747430
WALL 21155140 1 0 1706747431
WALL 21155140 1 0 1706747432
WALL 21155140 1 0 1706747433
WALL 21155140 1 0 1706747434
WALL 21155140 1 0 1706747435
WALL 21155140 1 0 1706747436
WALL 21155140 1 0 1706747437
WALL 21155140 1 0 1706747438
WALL 21155140 1 0 1706747439
WALL 21155140 1 0 1706747440
WALL 21155140 1 0 1706747441
WALL 21155140 1 0 1706747442
WALL 21155140 1 0 1706747443
WALL 21155140 1 0 1706747444
WALL 21155140 1 0 1706747445
WALL 21155140 1 0 1706747446
WALL 21155140 1 0 1706747447
WALL 21155140 1 0 1706747448
WALL 21155140 1 0 1706747449
WALL 21155140 1 0 1706747450
WALL 21155140 1 0 1706747451
WALL 21155140 1 0 1706747452
WALL 21155140 1 0 1706747453
WALL 21155140 1 0 1706747454
WALL 21155140 1 0 1706747455
WALL 21155140 1 0 1706747456
WALL 21155140 1 0 1706747457
WALL 21155140 1 0 1706747458
WALL 21155140 1 0 1706747459
WALL 21155140 1 0 1706747460
WALL 21155140 1 0 1706747461
WALL 21155140 1 0 1706747462
WALL 21155140 1 0 1706747463
WALL 21155140 1 0 1706747464
WALL 21155140 1 0 1706747465
WALL 21155140 1 0 1706747466
WALL 21155140 1 0 1706747467
WALL 21155140 1 0 1706747468
WALL 21155140 1 0 1706747469
WALL 21155140 1 0 1706747470
WALL 21155140 1 0 1706747471
WALL 21155140 1 0 1706747472
WALL 21155140 1 0 1706747473
WALL 21155140 1 0 1706747474
WALL 21155140 1 0 1706747475
WALL 21155140 1 0 1706747476
WALL 21155140 1 0 1706747477
WALL 21155140 1 0 1706747478
WALL 21155140 1 0 1706747479
WALL 21155140 1 0 1706747480
WALL 21155140 1 0 1706747481
WALL 21155140 1 0 1706747482
WALL 21155140 1 0 1706747483
WALL 21155140 1 0 1706747484
WALL 21155140 1 0 1706747485
WALL 21155140 1 0 1706747486
WALL 21155140 1 0 1706747487
WALL 21155140 1 0 1706747488
WALL 21155140 1 0 1706747489
WALL 21155140 1 0 1706747490
WALL 21155140 1 0 1706747491
WALL 21155140 1 0 1706747492
WALL 21155140 1 0 1706747493
WALL 21155140 1 0 1706747494
WALL 21155140 1 0 1706747495
WALL 21155140 1 0 1706747496
WALL 21155140 1 0 1706747497
WALL 21155140 1 0 1706747498
WALL 21155140 1 0 1706747499
WALL 21155140 1 0 1706747500
WALL 21155140 1 0 1706747501
WALL 21155140 1 0 1706747502
WALL 21155140 1 0 1706747503
WALL 21155140 1 0 1706747504
WALL 21155140 1 0 1706747505
WALL 21155140 1 0 1706747506
WALL 21155140 1 0 1706747507
WALL 21155140 1 0 1706747508
WALL 21155140 1 0 1706747509
WALL 21155140 1 0 1706747510
WALL 21155140 1 0 1706747511
WALL 21155140 1 0 1706747512
WALL 21155140 1 0 1706747513
WALL 21155140 1 0 1706747514
WALL 21155140 1 0 1706747515
WALL 21155140 1 0 1706747516
WALL 21155140 1 0 1706747517
WALL 21155140 1 0 1706747518
WALL 21155140 1 0 1706747519
WALL 21155140 1 0 1706747520
received SIGCONT 1706747520
WALL 21155140 1 0 1706747520
slurmstepd: error: *** STEP 21155140.0 ON nid200000 CANCELLED AT 2024-02-01T00:32:00 ***
received SIGTERM 1706747520
WALL 21155140 1 0 1706747520
WALL 21155140 1 0 1706747521
WALL 21155140 1 0 1706747522
WALL 21155140 1 0 1706747523
WALL 21155140 1 0 1706747524
WALL 21155140 1 0 1706747525
WALL 21155140 1 0 1706747526
WALL 21155140 1 0 1706747527
WALL 21155140 1 0 1706747528
WALL 21155140 1 0 1706747529
WALL 21155140 1 0 1706747530
WALL 21155140 1 0 1706747531
WALL 21155140 1 0 1706747532
WALL 21155140 1 0 1706747533
WALL 21155140 1 0 1706747534
WALL 21155140 1 0 1706747535
WALL 21155140 1 0 1706747536
WALL 21155140 1 0 1706747537
WALL 21155140 1 0 1706747538
WALL 21155140 1 0 1706747539
WALL 21155140 1 0 1706747540
WALL 21155140 1 0 1706747541
WALL 21155140 1 0 1706747542
WALL 21155140 1 0 1706747543
WALL 21155140 1 0 1706747544
WALL 21155140 1 0 1706747545
WALL 21155140 1 0 1706747546
WALL 21155140 1 0 1706747547
WALL 21155140 1 0 1706747548
WALL 21155140 1 0 1706747549
WALL 21155140 1 0 1706747550
WALL 21155140 1 0 1706747551
WALL 21155140 1 0 1706747552
WALL 21155140 1 0 1706747553
WALL 21155140 1 0 1706747554
WALL 21155140 1 0 1706747555
WALL 21155140 1 0 1706747556
WALL 21155140 1 0 1706747557
WALL 21155140 1 0 1706747558
WALL 21155140 1 0 1706747559
WALL 21155140 1 0 1706747560
WALL 21155140 1 0 1706747561
WALL 21155140 1 0 1706747562
WALL 21155140 1 0 1706747563
WALL 21155140 1 0 1706747564
WALL 21155140 1 0 1706747565
WALL 21155140 1 0 1706747566
WALL 21155140 1 0 1706747567
WALL 21155140 1 0 1706747568
WALL 21155140 1 0 1706747569
WALL 21155140 1 0 1706747570
WALL 21155140 1 0 1706747571
WALL 21155140 1 0 1706747572
WALL 21155140 1 0 1706747573
WALL 21155140 1 0 1706747574
WALL 21155140 1 0 1706747575
WALL 21155140 1 0 1706747576
WALL 21155140 1 0 1706747577
WALL 21155140 1 0 1706747578
WALL 21155140 1 0 1706747579
WALL 21155140 1 0 1706747580
WALL 21155140 1 0 1706747581
WALL 21155140 1 0 1706747582
WALL 21155140 1 0 1706747583
WALL 21155140 1 0 1706747584
WALL 21155140 1 0 1706747585
WALL 21155140 1 0 1706747586
WALL 21155140 1 0 1706747587
WALL 21155140 1 0 1706747588
WALL 21155140 1 0 1706747589
WALL 21155140 1 0 1706747590
WALL 21155140 1 0 1706747591
WALL 21155140 1 0 1706747592
WALL 21155140 1 0 1706747593
WALL 21155140 1 0 1706747594
WALL 21155140 1 0 1706747595
WALL 21155140 1 0 1706747596
WALL 21155140 1 0 1706747597
WALL 21155140 1 0 1706747598
WALL 21155140 1 0 1706747599
WALL 21155140 1 0 1706747600
WALL 21155140 1 0 1706747601
WALL 21155140 1 0 1706747602
WALL 21155140 1 0 1706747603
WALL 21155140 1 0 1706747604
slurmstepd: error: *** JOB 21155140 ON nid200000 CANCELLED AT 2024-02-01T00:33:25 DUE TO PREEMPTION ***
received SIGTERM 1706747605
WALL 21155140 1 0 1706747605
received SIGCONT 1706747605
WALL 21155140 1 0 1706747605
received SIGTERM 1706747605
WALL 21155140 1 0 1706747605
