srun: warning: can't run 1 processes on 2 nodes, setting nnodes to 1
WALL 21203498 1 0 1706818014
WALL 21203498 1 0 1706818015
WALL 21203498 1 0 1706818016
WALL 21203498 1 0 1706818017
WALL 21203498 1 0 1706818018
WALL 21203498 1 0 1706818019
WALL 21203498 1 0 1706818020
WALL 21203498 1 0 1706818021
WALL 21203498 1 0 1706818022
WALL 21203498 1 0 1706818023
WALL 21203498 1 0 1706818024
WALL 21203498 1 0 1706818025
WALL 21203498 1 0 1706818026
WALL 21203498 1 0 1706818027
WALL 21203498 1 0 1706818028
WALL 21203498 1 0 1706818029
WALL 21203498 1 0 1706818030
WALL 21203498 1 0 1706818031
WALL 21203498 1 0 1706818032
WALL 21203498 1 0 1706818033
WALL 21203498 1 0 1706818034
WALL 21203498 1 0 1706818035
WALL 21203498 1 0 1706818036
WALL 21203498 1 0 1706818037
WALL 21203498 1 0 1706818038
WALL 21203498 1 0 1706818039
WALL 21203498 1 0 1706818040
WALL 21203498 1 0 1706818041
WALL 21203498 1 0 1706818042
WALL 21203498 1 0 1706818043
WALL 21203498 1 0 1706818044
WALL 21203498 1 0 1706818045
WALL 21203498 1 0 1706818046
WALL 21203498 1 0 1706818047
WALL 21203498 1 0 1706818048
WALL 21203498 1 0 1706818049
WALL 21203498 1 0 1706818050
WALL 21203498 1 0 1706818051
WALL 21203498 1 0 1706818052
WALL 21203498 1 0 1706818053
WALL 21203498 1 0 1706818054
WALL 21203498 1 0 1706818055
WALL 21203498 1 0 1706818056
WALL 21203498 1 0 1706818057
WALL 21203498 1 0 1706818058
WALL 21203498 1 0 1706818059
WALL 21203498 1 0 1706818060
WALL 21203498 1 0 1706818061
WALL 21203498 1 0 1706818062
WALL 21203498 1 0 1706818063
WALL 21203498 1 0 1706818064
WALL 21203498 1 0 1706818065
WALL 21203498 1 0 1706818066
WALL 21203498 1 0 1706818067
WALL 21203498 1 0 1706818068
WALL 21203498 1 0 1706818069
WALL 21203498 1 0 1706818070
WALL 21203498 1 0 1706818071
WALL 21203498 1 0 1706818072
WALL 21203498 1 0 1706818073
WALL 21203498 1 0 1706818074
WALL 21203498 1 0 1706818075
WALL 21203498 1 0 1706818076
WALL 21203498 1 0 1706818077
WALL 21203498 1 0 1706818078
WALL 21203498 1 0 1706818079
WALL 21203498 1 0 1706818080
WALL 21203498 1 0 1706818081
WALL 21203498 1 0 1706818082
WALL 21203498 1 0 1706818083
WALL 21203498 1 0 1706818084
WALL 21203498 1 0 1706818085
WALL 21203498 1 0 1706818086
WALL 21203498 1 0 1706818087
WALL 21203498 1 0 1706818088
WALL 21203498 1 0 1706818089
WALL 21203498 1 0 1706818090
WALL 21203498 1 0 1706818091
WALL 21203498 1 0 1706818092
WALL 21203498 1 0 1706818093
WALL 21203498 1 0 1706818094
WALL 21203498 1 0 1706818095
WALL 21203498 1 0 1706818096
WALL 21203498 1 0 1706818097
WALL 21203498 1 0 1706818098
WALL 21203498 1 0 1706818099
WALL 21203498 1 0 1706818100
WALL 21203498 1 0 1706818101
WALL 21203498 1 0 1706818102
WALL 21203498 1 0 1706818103
WALL 21203498 1 0 1706818104
WALL 21203498 1 0 1706818105
WALL 21203498 1 0 1706818106
WALL 21203498 1 0 1706818107
WALL 21203498 1 0 1706818108
WALL 21203498 1 0 1706818109
WALL 21203498 1 0 1706818110
WALL 21203498 1 0 1706818111
WALL 21203498 1 0 1706818112
WALL 21203498 1 0 1706818113
WALL 21203498 1 0 1706818114
WALL 21203498 1 0 1706818115
WALL 21203498 1 0 1706818116
WALL 21203498 1 0 1706818117
WALL 21203498 1 0 1706818118
WALL 21203498 1 0 1706818119
WALL 21203498 1 0 1706818120
WALL 21203498 1 0 1706818121
WALL 21203498 1 0 1706818122
WALL 21203498 1 0 1706818123
WALL 21203498 1 0 1706818124
WALL 21203498 1 0 1706818125
WALL 21203498 1 0 1706818126
WALL 21203498 1 0 1706818127
WALL 21203498 1 0 1706818128
WALL 21203498 1 0 1706818129
WALL 21203498 1 0 1706818130
WALL 21203498 1 0 1706818131
WALL 21203498 1 0 1706818132
WALL 21203498 1 0 1706818133
WALL 21203498 1 0 1706818134
WALL 21203498 1 0 1706818135
WALL 21203498 1 0 1706818136
WALL 21203498 1 0 1706818137
WALL 21203498 1 0 1706818138
WALL 21203498 1 0 1706818139
WALL 21203498 1 0 1706818140
WALL 21203498 1 0 1706818141
WALL 21203498 1 0 1706818142
WALL 21203498 1 0 1706818143
WALL 21203498 1 0 1706818144
WALL 21203498 1 0 1706818145
WALL 21203498 1 0 1706818146
WALL 21203498 1 0 1706818147
WALL 21203498 1 0 1706818148
WALL 21203498 1 0 1706818149
WALL 21203498 1 0 1706818150
WALL 21203498 1 0 1706818151
WALL 21203498 1 0 1706818152
WALL 21203498 1 0 1706818153
WALL 21203498 1 0 1706818154
WALL 21203498 1 0 1706818155
WALL 21203498 1 0 1706818156
WALL 21203498 1 0 1706818157
WALL 21203498 1 0 1706818158
WALL 21203498 1 0 1706818159
WALL 21203498 1 0 1706818160
WALL 21203498 1 0 1706818161
WALL 21203498 1 0 1706818162
WALL 21203498 1 0 1706818163
WALL 21203498 1 0 1706818164
WALL 21203498 1 0 1706818165
WALL 21203498 1 0 1706818166
WALL 21203498 1 0 1706818167
WALL 21203498 1 0 1706818168
WALL 21203498 1 0 1706818169
WALL 21203498 1 0 1706818170
WALL 21203498 1 0 1706818171
WALL 21203498 1 0 1706818172
WALL 21203498 1 0 1706818173
WALL 21203498 1 0 1706818174
WALL 21203498 1 0 1706818175
WALL 21203498 1 0 1706818176
WALL 21203498 1 0 1706818177
WALL 21203498 1 0 1706818178
WALL 21203498 1 0 1706818179
WALL 21203498 1 0 1706818180
WALL 21203498 1 0 1706818181
WALL 21203498 1 0 1706818182
WALL 21203498 1 0 1706818183
WALL 21203498 1 0 1706818184
WALL 21203498 1 0 1706818185
WALL 21203498 1 0 1706818186
WALL 21203498 1 0 1706818187
WALL 21203498 1 0 1706818188
WALL 21203498 1 0 1706818189
WALL 21203498 1 0 1706818190
WALL 21203498 1 0 1706818191
WALL 21203498 1 0 1706818192
WALL 21203498 1 0 1706818193
WALL 21203498 1 0 1706818194
WALL 21203498 1 0 1706818195
WALL 21203498 1 0 1706818196
WALL 21203498 1 0 1706818197
WALL 21203498 1 0 1706818198
WALL 21203498 1 0 1706818199
WALL 21203498 1 0 1706818200
WALL 21203498 1 0 1706818201
WALL 21203498 1 0 1706818202
WALL 21203498 1 0 1706818203
WALL 21203498 1 0 1706818204
WALL 21203498 1 0 1706818205
WALL 21203498 1 0 1706818206
WALL 21203498 1 0 1706818207
WALL 21203498 1 0 1706818208
WALL 21203498 1 0 1706818209
WALL 21203498 1 0 1706818210
WALL 21203498 1 0 1706818211
WALL 21203498 1 0 1706818212
WALL 21203498 1 0 1706818213
WALL 21203498 1 0 1706818214
WALL 21203498 1 0 1706818215
WALL 21203498 1 0 1706818216
WALL 21203498 1 0 1706818217
WALL 21203498 1 0 1706818218
WALL 21203498 1 0 1706818219
WALL 21203498 1 0 1706818220
WALL 21203498 1 0 1706818221
WALL 21203498 1 0 1706818222
WALL 21203498 1 0 1706818223
WALL 21203498 1 0 1706818224
WALL 21203498 1 0 1706818225
WALL 21203498 1 0 1706818226
WALL 21203498 1 0 1706818227
WALL 21203498 1 0 1706818228
WALL 21203498 1 0 1706818229
WALL 21203498 1 0 1706818230
WALL 21203498 1 0 1706818231
WALL 21203498 1 0 1706818232
WALL 21203498 1 0 1706818233
WALL 21203498 1 0 1706818234
WALL 21203498 1 0 1706818235
WALL 21203498 1 0 1706818236
WALL 21203498 1 0 1706818237
WALL 21203498 1 0 1706818238
WALL 21203498 1 0 1706818239
WALL 21203498 1 0 1706818240
WALL 21203498 1 0 1706818241
WALL 21203498 1 0 1706818242
WALL 21203498 1 0 1706818243
WALL 21203498 1 0 1706818244
WALL 21203498 1 0 1706818245
WALL 21203498 1 0 1706818246
WALL 21203498 1 0 1706818247
WALL 21203498 1 0 1706818248
WALL 21203498 1 0 1706818249
WALL 21203498 1 0 1706818250
WALL 21203498 1 0 1706818251
WALL 21203498 1 0 1706818252
WALL 21203498 1 0 1706818253
WALL 21203498 1 0 1706818254
WALL 21203498 1 0 1706818255
WALL 21203498 1 0 1706818256
WALL 21203498 1 0 1706818257
WALL 21203498 1 0 1706818258
WALL 21203498 1 0 1706818259
WALL 21203498 1 0 1706818260
WALL 21203498 1 0 1706818261
WALL 21203498 1 0 1706818262
WALL 21203498 1 0 1706818263
WALL 21203498 1 0 1706818264
WALL 21203498 1 0 1706818265
WALL 21203498 1 0 1706818266
WALL 21203498 1 0 1706818267
WALL 21203498 1 0 1706818268
WALL 21203498 1 0 1706818269
WALL 21203498 1 0 1706818270
WALL 21203498 1 0 1706818271
WALL 21203498 1 0 1706818272
WALL 21203498 1 0 1706818273
WALL 21203498 1 0 1706818274
WALL 21203498 1 0 1706818275
WALL 21203498 1 0 1706818276
WALL 21203498 1 0 1706818277
WALL 21203498 1 0 1706818278
WALL 21203498 1 0 1706818279
WALL 21203498 1 0 1706818280
WALL 21203498 1 0 1706818281
WALL 21203498 1 0 1706818282
WALL 21203498 1 0 1706818283
WALL 21203498 1 0 1706818284
WALL 21203498 1 0 1706818285
WALL 21203498 1 0 1706818286
WALL 21203498 1 0 1706818287
WALL 21203498 1 0 1706818288
WALL 21203498 1 0 1706818289
WALL 21203498 1 0 1706818290
WALL 21203498 1 0 1706818291
WALL 21203498 1 0 1706818292
WALL 21203498 1 0 1706818293
WALL 21203498 1 0 1706818294
WALL 21203498 1 0 1706818295
WALL 21203498 1 0 1706818296
WALL 21203498 1 0 1706818297
WALL 21203498 1 0 1706818298
WALL 21203498 1 0 1706818299
WALL 21203498 1 0 1706818300
WALL 21203498 1 0 1706818301
WALL 21203498 1 0 1706818302
WALL 21203498 1 0 1706818303
WALL 21203498 1 0 1706818304
WALL 21203498 1 0 1706818305
WALL 21203498 1 0 1706818306
WALL 21203498 1 0 1706818307
WALL 21203498 1 0 1706818308
WALL 21203498 1 0 1706818309
WALL 21203498 1 0 1706818310
WALL 21203498 1 0 1706818311
WALL 21203498 1 0 1706818312
WALL 21203498 1 0 1706818313
WALL 21203498 1 0 1706818314
WALL 21203498 1 0 1706818315
WALL 21203498 1 0 1706818316
WALL 21203498 1 0 1706818317
WALL 21203498 1 0 1706818318
WALL 21203498 1 0 1706818319
WALL 21203498 1 0 1706818320
WALL 21203498 1 0 1706818321
WALL 21203498 1 0 1706818322
WALL 21203498 1 0 1706818323
WALL 21203498 1 0 1706818324
WALL 21203498 1 0 1706818325
WALL 21203498 1 0 1706818326
WALL 21203498 1 0 1706818327
WALL 21203498 1 0 1706818328
WALL 21203498 1 0 1706818329
WALL 21203498 1 0 1706818330
WALL 21203498 1 0 1706818331
WALL 21203498 1 0 1706818332
WALL 21203498 1 0 1706818333
WALL 21203498 1 0 1706818334
WALL 21203498 1 0 1706818335
WALL 21203498 1 0 1706818336
WALL 21203498 1 0 1706818337
WALL 21203498 1 0 1706818338
WALL 21203498 1 0 1706818339
WALL 21203498 1 0 1706818340
WALL 21203498 1 0 1706818341
WALL 21203498 1 0 1706818342
WALL 21203498 1 0 1706818343
WALL 21203498 1 0 1706818344
WALL 21203498 1 0 1706818345
WALL 21203498 1 0 1706818346
WALL 21203498 1 0 1706818347
WALL 21203498 1 0 1706818348
WALL 21203498 1 0 1706818349
WALL 21203498 1 0 1706818350
WALL 21203498 1 0 1706818351
WALL 21203498 1 0 1706818352
WALL 21203498 1 0 1706818353
WALL 21203498 1 0 1706818354
WALL 21203498 1 0 1706818355
WALL 21203498 1 0 1706818356
WALL 21203498 1 0 1706818357
WALL 21203498 1 0 1706818358
WALL 21203498 1 0 1706818359
WALL 21203498 1 0 1706818360
WALL 21203498 1 0 1706818361
WALL 21203498 1 0 1706818362
WALL 21203498 1 0 1706818363
WALL 21203498 1 0 1706818364
WALL 21203498 1 0 1706818365
WALL 21203498 1 0 1706818366
WALL 21203498 1 0 1706818367
WALL 21203498 1 0 1706818368
WALL 21203498 1 0 1706818369
WALL 21203498 1 0 1706818370
WALL 21203498 1 0 1706818371
WALL 21203498 1 0 1706818372
WALL 21203498 1 0 1706818373
WALL 21203498 1 0 1706818374
WALL 21203498 1 0 1706818375
WALL 21203498 1 0 1706818376
WALL 21203498 1 0 1706818377
WALL 21203498 1 0 1706818378
WALL 21203498 1 0 1706818379
WALL 21203498 1 0 1706818380
WALL 21203498 1 0 1706818381
WALL 21203498 1 0 1706818382
WALL 21203498 1 0 1706818383
WALL 21203498 1 0 1706818384
WALL 21203498 1 0 1706818385
WALL 21203498 1 0 1706818386
WALL 21203498 1 0 1706818387
WALL 21203498 1 0 1706818388
WALL 21203498 1 0 1706818389
WALL 21203498 1 0 1706818390
WALL 21203498 1 0 1706818391
WALL 21203498 1 0 1706818392
WALL 21203498 1 0 1706818393
WALL 21203498 1 0 1706818394
WALL 21203498 1 0 1706818395
WALL 21203498 1 0 1706818396
WALL 21203498 1 0 1706818397
WALL 21203498 1 0 1706818398
WALL 21203498 1 0 1706818399
WALL 21203498 1 0 1706818400
WALL 21203498 1 0 1706818401
WALL 21203498 1 0 1706818402
WALL 21203498 1 0 1706818403
WALL 21203498 1 0 1706818404
WALL 21203498 1 0 1706818405
WALL 21203498 1 0 1706818406
WALL 21203498 1 0 1706818407
WALL 21203498 1 0 1706818408
WALL 21203498 1 0 1706818409
WALL 21203498 1 0 1706818410
WALL 21203498 1 0 1706818411
WALL 21203498 1 0 1706818412
WALL 21203498 1 0 1706818413
WALL 21203498 1 0 1706818414
WALL 21203498 1 0 1706818415
WALL 21203498 1 0 1706818416
WALL 21203498 1 0 1706818417
WALL 21203498 1 0 1706818418
WALL 21203498 1 0 1706818419
WALL 21203498 1 0 1706818420
WALL 21203498 1 0 1706818421
WALL 21203498 1 0 1706818422
WALL 21203498 1 0 1706818423
WALL 21203498 1 0 1706818424
WALL 21203498 1 0 1706818425
WALL 21203498 1 0 1706818426
WALL 21203498 1 0 1706818427
WALL 21203498 1 0 1706818428
WALL 21203498 1 0 1706818429
WALL 21203498 1 0 1706818430
WALL 21203498 1 0 1706818431
WALL 21203498 1 0 1706818432
WALL 21203498 1 0 1706818433
WALL 21203498 1 0 1706818434
WALL 21203498 1 0 1706818435
WALL 21203498 1 0 1706818436
WALL 21203498 1 0 1706818437
WALL 21203498 1 0 1706818438
WALL 21203498 1 0 1706818439
WALL 21203498 1 0 1706818440
WALL 21203498 1 0 1706818441
WALL 21203498 1 0 1706818442
WALL 21203498 1 0 1706818443
WALL 21203498 1 0 1706818444
WALL 21203498 1 0 1706818445
WALL 21203498 1 0 1706818446
WALL 21203498 1 0 1706818447
WALL 21203498 1 0 1706818448
WALL 21203498 1 0 1706818449
WALL 21203498 1 0 1706818450
WALL 21203498 1 0 1706818451
WALL 21203498 1 0 1706818452
WALL 21203498 1 0 1706818453
WALL 21203498 1 0 1706818454
WALL 21203498 1 0 1706818455
WALL 21203498 1 0 1706818456
WALL 21203498 1 0 1706818457
WALL 21203498 1 0 1706818458
WALL 21203498 1 0 1706818459
WALL 21203498 1 0 1706818460
WALL 21203498 1 0 1706818461
WALL 21203498 1 0 1706818462
WALL 21203498 1 0 1706818463
WALL 21203498 1 0 1706818464
WALL 21203498 1 0 1706818465
WALL 21203498 1 0 1706818466
WALL 21203498 1 0 1706818467
WALL 21203498 1 0 1706818468
WALL 21203498 1 0 1706818469
WALL 21203498 1 0 1706818470
WALL 21203498 1 0 1706818471
WALL 21203498 1 0 1706818472
WALL 21203498 1 0 1706818473
WALL 21203498 1 0 1706818474
WALL 21203498 1 0 1706818475
WALL 21203498 1 0 1706818476
WALL 21203498 1 0 1706818477
WALL 21203498 1 0 1706818478
WALL 21203498 1 0 1706818479
WALL 21203498 1 0 1706818480
WALL 21203498 1 0 1706818481
WALL 21203498 1 0 1706818482
WALL 21203498 1 0 1706818483
WALL 21203498 1 0 1706818484
WALL 21203498 1 0 1706818485
WALL 21203498 1 0 1706818486
WALL 21203498 1 0 1706818487
WALL 21203498 1 0 1706818488
WALL 21203498 1 0 1706818489
WALL 21203498 1 0 1706818490
WALL 21203498 1 0 1706818491
WALL 21203498 1 0 1706818492
WALL 21203498 1 0 1706818493
WALL 21203498 1 0 1706818494
WALL 21203498 1 0 1706818495
WALL 21203498 1 0 1706818496
WALL 21203498 1 0 1706818497
WALL 21203498 1 0 1706818498
WALL 21203498 1 0 1706818499
WALL 21203498 1 0 1706818500
WALL 21203498 1 0 1706818501
WALL 21203498 1 0 1706818502
WALL 21203498 1 0 1706818503
WALL 21203498 1 0 1706818504
WALL 21203498 1 0 1706818505
WALL 21203498 1 0 1706818506
WALL 21203498 1 0 1706818507
WALL 21203498 1 0 1706818508
WALL 21203498 1 0 1706818509
WALL 21203498 1 0 1706818510
WALL 21203498 1 0 1706818511
WALL 21203498 1 0 1706818512
WALL 21203498 1 0 1706818513
WALL 21203498 1 0 1706818514
WALL 21203498 1 0 1706818515
WALL 21203498 1 0 1706818516
WALL 21203498 1 0 1706818517
WALL 21203498 1 0 1706818518
WALL 21203498 1 0 1706818519
WALL 21203498 1 0 1706818520
WALL 21203498 1 0 1706818521
WALL 21203498 1 0 1706818522
WALL 21203498 1 0 1706818523
WALL 21203498 1 0 1706818524
WALL 21203498 1 0 1706818525
WALL 21203498 1 0 1706818526
WALL 21203498 1 0 1706818527
WALL 21203498 1 0 1706818528
WALL 21203498 1 0 1706818529
WALL 21203498 1 0 1706818530
WALL 21203498 1 0 1706818531
WALL 21203498 1 0 1706818532
WALL 21203498 1 0 1706818533
WALL 21203498 1 0 1706818534
WALL 21203498 1 0 1706818535
WALL 21203498 1 0 1706818536
WALL 21203498 1 0 1706818537
WALL 21203498 1 0 1706818538
WALL 21203498 1 0 1706818539
WALL 21203498 1 0 1706818540
WALL 21203498 1 0 1706818541
WALL 21203498 1 0 1706818542
WALL 21203498 1 0 1706818543
WALL 21203498 1 0 1706818544
WALL 21203498 1 0 1706818545
WALL 21203498 1 0 1706818546
WALL 21203498 1 0 1706818547
WALL 21203498 1 0 1706818548
WALL 21203498 1 0 1706818549
WALL 21203498 1 0 1706818550
WALL 21203498 1 0 1706818551
WALL 21203498 1 0 1706818552
WALL 21203498 1 0 1706818553
WALL 21203498 1 0 1706818554
WALL 21203498 1 0 1706818555
WALL 21203498 1 0 1706818556
WALL 21203498 1 0 1706818557
WALL 21203498 1 0 1706818558
WALL 21203498 1 0 1706818559
WALL 21203498 1 0 1706818560
WALL 21203498 1 0 1706818561
WALL 21203498 1 0 1706818562
WALL 21203498 1 0 1706818563
WALL 21203498 1 0 1706818564
WALL 21203498 1 0 1706818565
WALL 21203498 1 0 1706818566
WALL 21203498 1 0 1706818567
WALL 21203498 1 0 1706818568
WALL 21203498 1 0 1706818569
WALL 21203498 1 0 1706818570
WALL 21203498 1 0 1706818571
WALL 21203498 1 0 1706818572
WALL 21203498 1 0 1706818573
WALL 21203498 1 0 1706818574
WALL 21203498 1 0 1706818575
WALL 21203498 1 0 1706818576
WALL 21203498 1 0 1706818577
WALL 21203498 1 0 1706818578
WALL 21203498 1 0 1706818579
WALL 21203498 1 0 1706818580
WALL 21203498 1 0 1706818581
WALL 21203498 1 0 1706818582
WALL 21203498 1 0 1706818583
WALL 21203498 1 0 1706818584
WALL 21203498 1 0 1706818585
WALL 21203498 1 0 1706818586
WALL 21203498 1 0 1706818587
WALL 21203498 1 0 1706818588
WALL 21203498 1 0 1706818589
WALL 21203498 1 0 1706818590
WALL 21203498 1 0 1706818591
WALL 21203498 1 0 1706818592
WALL 21203498 1 0 1706818593
WALL 21203498 1 0 1706818594
WALL 21203498 1 0 1706818595
WALL 21203498 1 0 1706818596
WALL 21203498 1 0 1706818597
WALL 21203498 1 0 1706818598
WALL 21203498 1 0 1706818599
WALL 21203498 1 0 1706818600
WALL 21203498 1 0 1706818601
WALL 21203498 1 0 1706818602
WALL 21203498 1 0 1706818603
WALL 21203498 1 0 1706818604
WALL 21203498 1 0 1706818605
WALL 21203498 1 0 1706818606
WALL 21203498 1 0 1706818607
WALL 21203498 1 0 1706818608
WALL 21203498 1 0 1706818609
WALL 21203498 1 0 1706818610
WALL 21203498 1 0 1706818611
WALL 21203498 1 0 1706818612
WALL 21203498 1 0 1706818613
WALL 21203498 1 0 1706818614
WALL 21203498 1 0 1706818615
WALL 21203498 1 0 1706818616
WALL 21203498 1 0 1706818617
WALL 21203498 1 0 1706818618
WALL 21203498 1 0 1706818619
WALL 21203498 1 0 1706818620
WALL 21203498 1 0 1706818621
WALL 21203498 1 0 1706818622
WALL 21203498 1 0 1706818623
WALL 21203498 1 0 1706818624
WALL 21203498 1 0 1706818625
WALL 21203498 1 0 1706818626
WALL 21203498 1 0 1706818627
WALL 21203498 1 0 1706818628
WALL 21203498 1 0 1706818629
WALL 21203498 1 0 1706818630
WALL 21203498 1 0 1706818631
WALL 21203498 1 0 1706818632
WALL 21203498 1 0 1706818633
WALL 21203498 1 0 1706818634
WALL 21203498 1 0 1706818635
WALL 21203498 1 0 1706818636
WALL 21203498 1 0 1706818637
WALL 21203498 1 0 1706818638
WALL 21203498 1 0 1706818639
WALL 21203498 1 0 1706818640
WALL 21203498 1 0 1706818641
WALL 21203498 1 0 1706818642
WALL 21203498 1 0 1706818643
WALL 21203498 1 0 1706818644
WALL 21203498 1 0 1706818645
WALL 21203498 1 0 1706818646
WALL 21203498 1 0 1706818647
WALL 21203498 1 0 1706818648
WALL 21203498 1 0 1706818649
WALL 21203498 1 0 1706818650
WALL 21203498 1 0 1706818651
WALL 21203498 1 0 1706818652
WALL 21203498 1 0 1706818653
WALL 21203498 1 0 1706818654
WALL 21203498 1 0 1706818655
WALL 21203498 1 0 1706818656
WALL 21203498 1 0 1706818657
WALL 21203498 1 0 1706818658
WALL 21203498 1 0 1706818659
WALL 21203498 1 0 1706818660
WALL 21203498 1 0 1706818661
WALL 21203498 1 0 1706818662
WALL 21203498 1 0 1706818663
WALL 21203498 1 0 1706818664
WALL 21203498 1 0 1706818665
WALL 21203498 1 0 1706818666
WALL 21203498 1 0 1706818667
WALL 21203498 1 0 1706818668
WALL 21203498 1 0 1706818669
WALL 21203498 1 0 1706818670
WALL 21203498 1 0 1706818671
WALL 21203498 1 0 1706818672
WALL 21203498 1 0 1706818673
WALL 21203498 1 0 1706818674
WALL 21203498 1 0 1706818675
WALL 21203498 1 0 1706818676
WALL 21203498 1 0 1706818677
WALL 21203498 1 0 1706818678
WALL 21203498 1 0 1706818679
WALL 21203498 1 0 1706818680
WALL 21203498 1 0 1706818681
WALL 21203498 1 0 1706818682
WALL 21203498 1 0 1706818683
WALL 21203498 1 0 1706818684
WALL 21203498 1 0 1706818685
WALL 21203498 1 0 1706818686
WALL 21203498 1 0 1706818687
WALL 21203498 1 0 1706818688
WALL 21203498 1 0 1706818689
WALL 21203498 1 0 1706818690
WALL 21203498 1 0 1706818691
WALL 21203498 1 0 1706818692
WALL 21203498 1 0 1706818693
WALL 21203498 1 0 1706818694
WALL 21203498 1 0 1706818695
WALL 21203498 1 0 1706818696
WALL 21203498 1 0 1706818697
WALL 21203498 1 0 1706818698
WALL 21203498 1 0 1706818699
WALL 21203498 1 0 1706818700
WALL 21203498 1 0 1706818701
WALL 21203498 1 0 1706818702
WALL 21203498 1 0 1706818703
WALL 21203498 1 0 1706818704
slurmstepd: error: *** STEP 21203498.0 ON nid200015 CANCELLED AT 2024-02-01T20:18:25 ***
received SIGTERM 1706818705
WALL 21203498 1 0 1706818705
received SIGCONT 1706818705
WALL 21203498 1 0 1706818705
WALL 21203498 1 0 1706818706
WALL 21203498 1 0 1706818707
WALL 21203498 1 0 1706818708
WALL 21203498 1 0 1706818709
WALL 21203498 1 0 1706818710
WALL 21203498 1 0 1706818711
WALL 21203498 1 0 1706818712
WALL 21203498 1 0 1706818713
WALL 21203498 1 0 1706818714
WALL 21203498 1 0 1706818715
WALL 21203498 1 0 1706818716
WALL 21203498 1 0 1706818717
WALL 21203498 1 0 1706818718
WALL 21203498 1 0 1706818719
WALL 21203498 1 0 1706818720
WALL 21203498 1 0 1706818721
WALL 21203498 1 0 1706818722
WALL 21203498 1 0 1706818723
WALL 21203498 1 0 1706818724
WALL 21203498 1 0 1706818725
WALL 21203498 1 0 1706818726
WALL 21203498 1 0 1706818727
WALL 21203498 1 0 1706818728
WALL 21203498 1 0 1706818729
WALL 21203498 1 0 1706818730
WALL 21203498 1 0 1706818731
WALL 21203498 1 0 1706818732
WALL 21203498 1 0 1706818733
WALL 21203498 1 0 1706818734
WALL 21203498 1 0 1706818735
WALL 21203498 1 0 1706818736
WALL 21203498 1 0 1706818737
WALL 21203498 1 0 1706818738
WALL 21203498 1 0 1706818739
WALL 21203498 1 0 1706818740
WALL 21203498 1 0 1706818741
WALL 21203498 1 0 1706818742
WALL 21203498 1 0 1706818743
WALL 21203498 1 0 1706818744
WALL 21203498 1 0 1706818745
WALL 21203498 1 0 1706818746
WALL 21203498 1 0 1706818747
WALL 21203498 1 0 1706818748
WALL 21203498 1 0 1706818749
WALL 21203498 1 0 1706818750
WALL 21203498 1 0 1706818751
WALL 21203498 1 0 1706818752
WALL 21203498 1 0 1706818753
WALL 21203498 1 0 1706818754
WALL 21203498 1 0 1706818755
WALL 21203498 1 0 1706818756
WALL 21203498 1 0 1706818757
WALL 21203498 1 0 1706818758
WALL 21203498 1 0 1706818759
WALL 21203498 1 0 1706818760
WALL 21203498 1 0 1706818761
WALL 21203498 1 0 1706818762
WALL 21203498 1 0 1706818763
WALL 21203498 1 0 1706818764
WALL 21203498 1 0 1706818765
WALL 21203498 1 0 1706818766
WALL 21203498 1 0 1706818767
WALL 21203498 1 0 1706818768
WALL 21203498 1 0 1706818769
WALL 21203498 1 0 1706818770
WALL 21203498 1 0 1706818771
WALL 21203498 1 0 1706818772
WALL 21203498 1 0 1706818773
WALL 21203498 1 0 1706818774
WALL 21203498 1 0 1706818775
WALL 21203498 1 0 1706818776
WALL 21203498 1 0 1706818777
WALL 21203498 1 0 1706818778
WALL 21203498 1 0 1706818779
WALL 21203498 1 0 1706818780
WALL 21203498 1 0 1706818781
WALL 21203498 1 0 1706818782
WALL 21203498 1 0 1706818783
WALL 21203498 1 0 1706818784
WALL 21203498 1 0 1706818785
WALL 21203498 1 0 1706818786
WALL 21203498 1 0 1706818787
WALL 21203498 1 0 1706818788
WALL 21203498 1 0 1706818789
WALL 21203498 1 0 1706818790
WALL 21203498 1 0 1706818791
WALL 21203498 1 0 1706818792
WALL 21203498 1 0 1706818793
WALL 21203498 1 0 1706818794
slurmstepd: error: *** JOB 21203498 ON nid200015 CANCELLED AT 2024-02-01T20:19:54 DUE TO PREEMPTION ***
received SIGTERM 1706818794
WALL 21203498 1 0 1706818794
received SIGCONT 1706818794
WALL 21203498 1 0 1706818794
received SIGTERM 1706818794
WALL 21203498 1 0 1706818794
