WALL 21154921 1 0 1706744769
WALL 21154921 1 0 1706744770
WALL 21154921 1 0 1706744771
WALL 21154921 1 0 1706744772
WALL 21154921 1 0 1706744773
WALL 21154921 1 0 1706744774
WALL 21154921 1 0 1706744775
WALL 21154921 1 0 1706744776
WALL 21154921 1 0 1706744777
WALL 21154921 1 0 1706744778
WALL 21154921 1 0 1706744779
WALL 21154921 1 0 1706744780
WALL 21154921 1 0 1706744781
WALL 21154921 1 0 1706744782
WALL 21154921 1 0 1706744783
WALL 21154921 1 0 1706744784
WALL 21154921 1 0 1706744785
WALL 21154921 1 0 1706744786
WALL 21154921 1 0 1706744787
WALL 21154921 1 0 1706744788
WALL 21154921 1 0 1706744789
WALL 21154921 1 0 1706744790
WALL 21154921 1 0 1706744791
WALL 21154921 1 0 1706744792
WALL 21154921 1 0 1706744793
WALL 21154921 1 0 1706744794
WALL 21154921 1 0 1706744795
WALL 21154921 1 0 1706744796
WALL 21154921 1 0 1706744797
WALL 21154921 1 0 1706744798
WALL 21154921 1 0 1706744799
WALL 21154921 1 0 1706744800
WALL 21154921 1 0 1706744801
WALL 21154921 1 0 1706744802
WALL 21154921 1 0 1706744803
WALL 21154921 1 0 1706744804
WALL 21154921 1 0 1706744805
WALL 21154921 1 0 1706744806
WALL 21154921 1 0 1706744807
WALL 21154921 1 0 1706744808
WALL 21154921 1 0 1706744809
WALL 21154921 1 0 1706744810
WALL 21154921 1 0 1706744811
WALL 21154921 1 0 1706744812
WALL 21154921 1 0 1706744813
WALL 21154921 1 0 1706744814
WALL 21154921 1 0 1706744815
WALL 21154921 1 0 1706744816
WALL 21154921 1 0 1706744817
WALL 21154921 1 0 1706744818
WALL 21154921 1 0 1706744819
WALL 21154921 1 0 1706744820
WALL 21154921 1 0 1706744821
WALL 21154921 1 0 1706744822
WALL 21154921 1 0 1706744823
WALL 21154921 1 0 1706744824
WALL 21154921 1 0 1706744825
WALL 21154921 1 0 1706744826
WALL 21154921 1 0 1706744827
WALL 21154921 1 0 1706744828
WALL 21154921 1 0 1706744829
WALL 21154921 1 0 1706744830
WALL 21154921 1 0 1706744831
WALL 21154921 1 0 1706744832
WALL 21154921 1 0 1706744833
WALL 21154921 1 0 1706744834
WALL 21154921 1 0 1706744835
WALL 21154921 1 0 1706744836
WALL 21154921 1 0 1706744837
WALL 21154921 1 0 1706744838
WALL 21154921 1 0 1706744839
WALL 21154921 1 0 1706744840
WALL 21154921 1 0 1706744841
WALL 21154921 1 0 1706744842
WALL 21154921 1 0 1706744843
WALL 21154921 1 0 1706744844
WALL 21154921 1 0 1706744845
WALL 21154921 1 0 1706744846
WALL 21154921 1 0 1706744847
WALL 21154921 1 0 1706744848
WALL 21154921 1 0 1706744849
WALL 21154921 1 0 1706744850
WALL 21154921 1 0 1706744851
WALL 21154921 1 0 1706744852
WALL 21154921 1 0 1706744853
WALL 21154921 1 0 1706744854
WALL 21154921 1 0 1706744855
WALL 21154921 1 0 1706744856
WALL 21154921 1 0 1706744857
WALL 21154921 1 0 1706744858
WALL 21154921 1 0 1706744859
WALL 21154921 1 0 1706744860
WALL 21154921 1 0 1706744861
WALL 21154921 1 0 1706744862
WALL 21154921 1 0 1706744863
WALL 21154921 1 0 1706744864
WALL 21154921 1 0 1706744865
WALL 21154921 1 0 1706744866
WALL 21154921 1 0 1706744867
WALL 21154921 1 0 1706744868
WALL 21154921 1 0 1706744869
WALL 21154921 1 0 1706744870
WALL 21154921 1 0 1706744871
WALL 21154921 1 0 1706744872
WALL 21154921 1 0 1706744873
WALL 21154921 1 0 1706744874
WALL 21154921 1 0 1706744875
WALL 21154921 1 0 1706744876
WALL 21154921 1 0 1706744877
WALL 21154921 1 0 1706744878
WALL 21154921 1 0 1706744879
WALL 21154921 1 0 1706744880
WALL 21154921 1 0 1706744881
WALL 21154921 1 0 1706744882
WALL 21154921 1 0 1706744883
WALL 21154921 1 0 1706744884
WALL 21154921 1 0 1706744885
WALL 21154921 1 0 1706744886
WALL 21154921 1 0 1706744887
WALL 21154921 1 0 1706744888
WALL 21154921 1 0 1706744889
WALL 21154921 1 0 1706744890
WALL 21154921 1 0 1706744891
WALL 21154921 1 0 1706744892
WALL 21154921 1 0 1706744893
WALL 21154921 1 0 1706744894
WALL 21154921 1 0 1706744895
WALL 21154921 1 0 1706744896
WALL 21154921 1 0 1706744897
WALL 21154921 1 0 1706744898
WALL 21154921 1 0 1706744899
WALL 21154921 1 0 1706744900
WALL 21154921 1 0 1706744901
WALL 21154921 1 0 1706744902
WALL 21154921 1 0 1706744903
WALL 21154921 1 0 1706744904
WALL 21154921 1 0 1706744905
WALL 21154921 1 0 1706744906
WALL 21154921 1 0 1706744907
WALL 21154921 1 0 1706744908
WALL 21154921 1 0 1706744909
WALL 21154921 1 0 1706744910
WALL 21154921 1 0 1706744911
WALL 21154921 1 0 1706744912
WALL 21154921 1 0 1706744913
WALL 21154921 1 0 1706744914
WALL 21154921 1 0 1706744915
WALL 21154921 1 0 1706744916
WALL 21154921 1 0 1706744917
WALL 21154921 1 0 1706744918
WALL 21154921 1 0 1706744919
WALL 21154921 1 0 1706744920
WALL 21154921 1 0 1706744921
WALL 21154921 1 0 1706744922
WALL 21154921 1 0 1706744923
WALL 21154921 1 0 1706744924
WALL 21154921 1 0 1706744925
WALL 21154921 1 0 1706744926
WALL 21154921 1 0 1706744927
WALL 21154921 1 0 1706744928
WALL 21154921 1 0 1706744929
WALL 21154921 1 0 1706744930
WALL 21154921 1 0 1706744931
WALL 21154921 1 0 1706744932
WALL 21154921 1 0 1706744933
WALL 21154921 1 0 1706744934
WALL 21154921 1 0 1706744935
WALL 21154921 1 0 1706744936
WALL 21154921 1 0 1706744937
WALL 21154921 1 0 1706744938
WALL 21154921 1 0 1706744939
WALL 21154921 1 0 1706744940
WALL 21154921 1 0 1706744941
WALL 21154921 1 0 1706744942
WALL 21154921 1 0 1706744943
WALL 21154921 1 0 1706744944
WALL 21154921 1 0 1706744945
WALL 21154921 1 0 1706744946
WALL 21154921 1 0 1706744947
WALL 21154921 1 0 1706744948
WALL 21154921 1 0 1706744949
WALL 21154921 1 0 1706744950
WALL 21154921 1 0 1706744951
WALL 21154921 1 0 1706744952
WALL 21154921 1 0 1706744953
WALL 21154921 1 0 1706744954
WALL 21154921 1 0 1706744955
WALL 21154921 1 0 1706744956
WALL 21154921 1 0 1706744957
WALL 21154921 1 0 1706744958
WALL 21154921 1 0 1706744959
WALL 21154921 1 0 1706744960
WALL 21154921 1 0 1706744961
WALL 21154921 1 0 1706744962
WALL 21154921 1 0 1706744963
WALL 21154921 1 0 1706744964
WALL 21154921 1 0 1706744965
slurmstepd: error: *** STEP 21154921.0 ON nid200029 CANCELLED AT 2024-01-31T23:49:25 ***
received SIGTERM 1706744965
WALL 21154921 1 0 1706744965
received SIGCONT 1706744965
WALL 21154921 1 0 1706744965
WALL 21154921 1 0 1706744966
WALL 21154921 1 0 1706744967
WALL 21154921 1 0 1706744968
WALL 21154921 1 0 1706744969
WALL 21154921 1 0 1706744970
WALL 21154921 1 0 1706744971
WALL 21154921 1 0 1706744972
WALL 21154921 1 0 1706744973
WALL 21154921 1 0 1706744974
WALL 21154921 1 0 1706744975
WALL 21154921 1 0 1706744976
WALL 21154921 1 0 1706744977
WALL 21154921 1 0 1706744978
WALL 21154921 1 0 1706744979
WALL 21154921 1 0 1706744980
WALL 21154921 1 0 1706744981
WALL 21154921 1 0 1706744982
WALL 21154921 1 0 1706744983
WALL 21154921 1 0 1706744984
WALL 21154921 1 0 1706744985
WALL 21154921 1 0 1706744986
WALL 21154921 1 0 1706744987
WALL 21154921 1 0 1706744988
WALL 21154921 1 0 1706744989
WALL 21154921 1 0 1706744990
WALL 21154921 1 0 1706744991
WALL 21154921 1 0 1706744992
WALL 21154921 1 0 1706744993
WALL 21154921 1 0 1706744994
WALL 21154921 1 0 1706744995
WALL 21154921 1 0 1706744996
WALL 21154921 1 0 1706744997
WALL 21154921 1 0 1706744998
WALL 21154921 1 0 1706744999
WALL 21154921 1 0 1706745000
WALL 21154921 1 0 1706745001
WALL 21154921 1 0 1706745002
WALL 21154921 1 0 1706745003
WALL 21154921 1 0 1706745004
WALL 21154921 1 0 1706745005
WALL 21154921 1 0 1706745006
WALL 21154921 1 0 1706745007
WALL 21154921 1 0 1706745008
WALL 21154921 1 0 1706745009
WALL 21154921 1 0 1706745010
WALL 21154921 1 0 1706745011
WALL 21154921 1 0 1706745012
WALL 21154921 1 0 1706745013
WALL 21154921 1 0 1706745014
WALL 21154921 1 0 1706745015
WALL 21154921 1 0 1706745016
WALL 21154921 1 0 1706745017
WALL 21154921 1 0 1706745018
WALL 21154921 1 0 1706745019
WALL 21154921 1 0 1706745020
WALL 21154921 1 0 1706745021
WALL 21154921 1 0 1706745022
WALL 21154921 1 0 1706745023
WALL 21154921 1 0 1706745024
WALL 21154921 1 0 1706745025
WALL 21154921 1 0 1706745026
WALL 21154921 1 0 1706745027
WALL 21154921 1 0 1706745028
WALL 21154921 1 0 1706745029
WALL 21154921 1 0 1706745030
WALL 21154921 1 0 1706745031
WALL 21154921 1 0 1706745032
WALL 21154921 1 0 1706745033
WALL 21154921 1 0 1706745034
WALL 21154921 1 0 1706745035
WALL 21154921 1 0 1706745036
WALL 21154921 1 0 1706745037
WALL 21154921 1 0 1706745038
WALL 21154921 1 0 1706745039
WALL 21154921 1 0 1706745040
WALL 21154921 1 0 1706745041
WALL 21154921 1 0 1706745042
slurmstepd: error: *** JOB 21154921 ON nid200029 CANCELLED AT 2024-01-31T23:50:42 DUE TO PREEMPTION ***
received SIGTERM 1706745042
WALL 21154921 1 0 1706745042
received SIGCONT 1706745042
WALL 21154921 1 0 1706745042
received SIGTERM 1706745042
WALL 21154921 1 0 1706745042
