srun: warning: can't run 1 processes on 16 nodes, setting nnodes to 1
WALL 21206644 1 0 1706820783
WALL 21206644 1 0 1706820784
WALL 21206644 1 0 1706820785
WALL 21206644 1 0 1706820786
WALL 21206644 1 0 1706820787
WALL 21206644 1 0 1706820788
WALL 21206644 1 0 1706820789
WALL 21206644 1 0 1706820790
WALL 21206644 1 0 1706820791
WALL 21206644 1 0 1706820792
WALL 21206644 1 0 1706820793
WALL 21206644 1 0 1706820794
WALL 21206644 1 0 1706820795
WALL 21206644 1 0 1706820796
WALL 21206644 1 0 1706820797
WALL 21206644 1 0 1706820798
WALL 21206644 1 0 1706820799
WALL 21206644 1 0 1706820800
WALL 21206644 1 0 1706820801
WALL 21206644 1 0 1706820802
WALL 21206644 1 0 1706820803
WALL 21206644 1 0 1706820804
WALL 21206644 1 0 1706820805
WALL 21206644 1 0 1706820806
WALL 21206644 1 0 1706820807
WALL 21206644 1 0 1706820808
WALL 21206644 1 0 1706820809
WALL 21206644 1 0 1706820810
WALL 21206644 1 0 1706820811
WALL 21206644 1 0 1706820812
WALL 21206644 1 0 1706820813
WALL 21206644 1 0 1706820814
WALL 21206644 1 0 1706820815
WALL 21206644 1 0 1706820816
WALL 21206644 1 0 1706820817
WALL 21206644 1 0 1706820818
WALL 21206644 1 0 1706820819
WALL 21206644 1 0 1706820820
WALL 21206644 1 0 1706820821
WALL 21206644 1 0 1706820822
WALL 21206644 1 0 1706820823
WALL 21206644 1 0 1706820824
WALL 21206644 1 0 1706820825
WALL 21206644 1 0 1706820826
WALL 21206644 1 0 1706820827
WALL 21206644 1 0 1706820828
WALL 21206644 1 0 1706820829
WALL 21206644 1 0 1706820830
WALL 21206644 1 0 1706820831
WALL 21206644 1 0 1706820832
WALL 21206644 1 0 1706820833
WALL 21206644 1 0 1706820834
WALL 21206644 1 0 1706820835
WALL 21206644 1 0 1706820836
WALL 21206644 1 0 1706820837
WALL 21206644 1 0 1706820838
WALL 21206644 1 0 1706820839
WALL 21206644 1 0 1706820840
WALL 21206644 1 0 1706820841
WALL 21206644 1 0 1706820842
WALL 21206644 1 0 1706820843
WALL 21206644 1 0 1706820844
WALL 21206644 1 0 1706820845
WALL 21206644 1 0 1706820846
WALL 21206644 1 0 1706820847
WALL 21206644 1 0 1706820848
WALL 21206644 1 0 1706820849
WALL 21206644 1 0 1706820850
WALL 21206644 1 0 1706820851
WALL 21206644 1 0 1706820852
WALL 21206644 1 0 1706820853
WALL 21206644 1 0 1706820854
WALL 21206644 1 0 1706820855
WALL 21206644 1 0 1706820856
WALL 21206644 1 0 1706820857
WALL 21206644 1 0 1706820858
WALL 21206644 1 0 1706820859
WALL 21206644 1 0 1706820860
WALL 21206644 1 0 1706820861
WALL 21206644 1 0 1706820862
WALL 21206644 1 0 1706820863
WALL 21206644 1 0 1706820864
WALL 21206644 1 0 1706820865
WALL 21206644 1 0 1706820866
WALL 21206644 1 0 1706820867
WALL 21206644 1 0 1706820868
WALL 21206644 1 0 1706820869
WALL 21206644 1 0 1706820870
WALL 21206644 1 0 1706820871
WALL 21206644 1 0 1706820872
WALL 21206644 1 0 1706820873
WALL 21206644 1 0 1706820874
WALL 21206644 1 0 1706820875
WALL 21206644 1 0 1706820876
WALL 21206644 1 0 1706820877
WALL 21206644 1 0 1706820878
WALL 21206644 1 0 1706820879
WALL 21206644 1 0 1706820880
WALL 21206644 1 0 1706820881
WALL 21206644 1 0 1706820882
WALL 21206644 1 0 1706820883
WALL 21206644 1 0 1706820884
WALL 21206644 1 0 1706820885
WALL 21206644 1 0 1706820886
WALL 21206644 1 0 1706820887
WALL 21206644 1 0 1706820888
WALL 21206644 1 0 1706820889
WALL 21206644 1 0 1706820890
WALL 21206644 1 0 1706820891
WALL 21206644 1 0 1706820892
WALL 21206644 1 0 1706820893
WALL 21206644 1 0 1706820894
WALL 21206644 1 0 1706820895
WALL 21206644 1 0 1706820896
WALL 21206644 1 0 1706820897
WALL 21206644 1 0 1706820898
WALL 21206644 1 0 1706820899
WALL 21206644 1 0 1706820900
WALL 21206644 1 0 1706820901
WALL 21206644 1 0 1706820902
WALL 21206644 1 0 1706820903
WALL 21206644 1 0 1706820904
WALL 21206644 1 0 1706820905
WALL 21206644 1 0 1706820906
WALL 21206644 1 0 1706820907
WALL 21206644 1 0 1706820908
WALL 21206644 1 0 1706820909
WALL 21206644 1 0 1706820910
WALL 21206644 1 0 1706820911
WALL 21206644 1 0 1706820912
WALL 21206644 1 0 1706820913
WALL 21206644 1 0 1706820914
WALL 21206644 1 0 1706820915
WALL 21206644 1 0 1706820916
WALL 21206644 1 0 1706820917
WALL 21206644 1 0 1706820918
WALL 21206644 1 0 1706820919
WALL 21206644 1 0 1706820920
WALL 21206644 1 0 1706820921
WALL 21206644 1 0 1706820922
WALL 21206644 1 0 1706820923
WALL 21206644 1 0 1706820924
WALL 21206644 1 0 1706820925
WALL 21206644 1 0 1706820926
WALL 21206644 1 0 1706820927
WALL 21206644 1 0 1706820928
WALL 21206644 1 0 1706820929
WALL 21206644 1 0 1706820930
WALL 21206644 1 0 1706820931
WALL 21206644 1 0 1706820932
WALL 21206644 1 0 1706820933
WALL 21206644 1 0 1706820934
WALL 21206644 1 0 1706820935
WALL 21206644 1 0 1706820936
WALL 21206644 1 0 1706820937
WALL 21206644 1 0 1706820938
WALL 21206644 1 0 1706820939
WALL 21206644 1 0 1706820940
WALL 21206644 1 0 1706820941
WALL 21206644 1 0 1706820942
WALL 21206644 1 0 1706820943
WALL 21206644 1 0 1706820944
WALL 21206644 1 0 1706820945
WALL 21206644 1 0 1706820946
WALL 21206644 1 0 1706820947
WALL 21206644 1 0 1706820948
WALL 21206644 1 0 1706820949
WALL 21206644 1 0 1706820950
WALL 21206644 1 0 1706820951
WALL 21206644 1 0 1706820952
WALL 21206644 1 0 1706820953
WALL 21206644 1 0 1706820954
WALL 21206644 1 0 1706820955
WALL 21206644 1 0 1706820956
WALL 21206644 1 0 1706820957
WALL 21206644 1 0 1706820958
WALL 21206644 1 0 1706820959
WALL 21206644 1 0 1706820960
WALL 21206644 1 0 1706820961
WALL 21206644 1 0 1706820962
WALL 21206644 1 0 1706820963
WALL 21206644 1 0 1706820964
WALL 21206644 1 0 1706820965
WALL 21206644 1 0 1706820966
WALL 21206644 1 0 1706820967
WALL 21206644 1 0 1706820968
WALL 21206644 1 0 1706820969
WALL 21206644 1 0 1706820970
WALL 21206644 1 0 1706820971
WALL 21206644 1 0 1706820972
WALL 21206644 1 0 1706820973
WALL 21206644 1 0 1706820974
WALL 21206644 1 0 1706820975
WALL 21206644 1 0 1706820976
WALL 21206644 1 0 1706820977
WALL 21206644 1 0 1706820978
WALL 21206644 1 0 1706820979
WALL 21206644 1 0 1706820980
WALL 21206644 1 0 1706820981
WALL 21206644 1 0 1706820982
WALL 21206644 1 0 1706820983
WALL 21206644 1 0 1706820984
WALL 21206644 1 0 1706820985
WALL 21206644 1 0 1706820986
WALL 21206644 1 0 1706820987
WALL 21206644 1 0 1706820988
WALL 21206644 1 0 1706820989
WALL 21206644 1 0 1706820990
WALL 21206644 1 0 1706820991
WALL 21206644 1 0 1706820992
WALL 21206644 1 0 1706820993
WALL 21206644 1 0 1706820994
WALL 21206644 1 0 1706820995
WALL 21206644 1 0 1706820996
WALL 21206644 1 0 1706820997
WALL 21206644 1 0 1706820998
WALL 21206644 1 0 1706820999
WALL 21206644 1 0 1706821000
WALL 21206644 1 0 1706821001
WALL 21206644 1 0 1706821002
WALL 21206644 1 0 1706821003
WALL 21206644 1 0 1706821004
WALL 21206644 1 0 1706821005
WALL 21206644 1 0 1706821006
WALL 21206644 1 0 1706821007
WALL 21206644 1 0 1706821008
WALL 21206644 1 0 1706821009
WALL 21206644 1 0 1706821010
WALL 21206644 1 0 1706821011
WALL 21206644 1 0 1706821012
WALL 21206644 1 0 1706821013
WALL 21206644 1 0 1706821014
WALL 21206644 1 0 1706821015
WALL 21206644 1 0 1706821016
WALL 21206644 1 0 1706821017
WALL 21206644 1 0 1706821018
WALL 21206644 1 0 1706821019
WALL 21206644 1 0 1706821020
WALL 21206644 1 0 1706821021
WALL 21206644 1 0 1706821022
WALL 21206644 1 0 1706821023
WALL 21206644 1 0 1706821024
WALL 21206644 1 0 1706821025
WALL 21206644 1 0 1706821026
WALL 21206644 1 0 1706821027
WALL 21206644 1 0 1706821028
WALL 21206644 1 0 1706821029
WALL 21206644 1 0 1706821030
WALL 21206644 1 0 1706821031
WALL 21206644 1 0 1706821032
WALL 21206644 1 0 1706821033
WALL 21206644 1 0 1706821034
WALL 21206644 1 0 1706821035
WALL 21206644 1 0 1706821036
WALL 21206644 1 0 1706821037
WALL 21206644 1 0 1706821038
WALL 21206644 1 0 1706821039
WALL 21206644 1 0 1706821040
WALL 21206644 1 0 1706821041
WALL 21206644 1 0 1706821042
WALL 21206644 1 0 1706821043
WALL 21206644 1 0 1706821044
WALL 21206644 1 0 1706821045
WALL 21206644 1 0 1706821046
WALL 21206644 1 0 1706821047
WALL 21206644 1 0 1706821048
WALL 21206644 1 0 1706821049
WALL 21206644 1 0 1706821050
WALL 21206644 1 0 1706821051
WALL 21206644 1 0 1706821052
WALL 21206644 1 0 1706821053
WALL 21206644 1 0 1706821054
WALL 21206644 1 0 1706821055
WALL 21206644 1 0 1706821056
WALL 21206644 1 0 1706821057
WALL 21206644 1 0 1706821058
WALL 21206644 1 0 1706821059
WALL 21206644 1 0 1706821060
WALL 21206644 1 0 1706821061
WALL 21206644 1 0 1706821062
WALL 21206644 1 0 1706821063
WALL 21206644 1 0 1706821064
WALL 21206644 1 0 1706821065
WALL 21206644 1 0 1706821066
WALL 21206644 1 0 1706821067
WALL 21206644 1 0 1706821068
WALL 21206644 1 0 1706821069
WALL 21206644 1 0 1706821070
WALL 21206644 1 0 1706821071
WALL 21206644 1 0 1706821072
WALL 21206644 1 0 1706821073
WALL 21206644 1 0 1706821074
WALL 21206644 1 0 1706821075
WALL 21206644 1 0 1706821076
WALL 21206644 1 0 1706821077
WALL 21206644 1 0 1706821078
WALL 21206644 1 0 1706821079
WALL 21206644 1 0 1706821080
WALL 21206644 1 0 1706821081
WALL 21206644 1 0 1706821082
WALL 21206644 1 0 1706821083
WALL 21206644 1 0 1706821084
WALL 21206644 1 0 1706821085
WALL 21206644 1 0 1706821086
WALL 21206644 1 0 1706821087
WALL 21206644 1 0 1706821088
WALL 21206644 1 0 1706821089
WALL 21206644 1 0 1706821090
WALL 21206644 1 0 1706821091
WALL 21206644 1 0 1706821092
WALL 21206644 1 0 1706821093
WALL 21206644 1 0 1706821094
WALL 21206644 1 0 1706821095
WALL 21206644 1 0 1706821096
WALL 21206644 1 0 1706821097
WALL 21206644 1 0 1706821098
WALL 21206644 1 0 1706821099
WALL 21206644 1 0 1706821100
WALL 21206644 1 0 1706821101
WALL 21206644 1 0 1706821102
WALL 21206644 1 0 1706821103
WALL 21206644 1 0 1706821104
WALL 21206644 1 0 1706821105
WALL 21206644 1 0 1706821106
WALL 21206644 1 0 1706821107
WALL 21206644 1 0 1706821108
WALL 21206644 1 0 1706821109
WALL 21206644 1 0 1706821110
WALL 21206644 1 0 1706821111
WALL 21206644 1 0 1706821112
WALL 21206644 1 0 1706821113
WALL 21206644 1 0 1706821114
WALL 21206644 1 0 1706821115
WALL 21206644 1 0 1706821116
WALL 21206644 1 0 1706821117
WALL 21206644 1 0 1706821118
WALL 21206644 1 0 1706821119
WALL 21206644 1 0 1706821120
WALL 21206644 1 0 1706821121
WALL 21206644 1 0 1706821122
WALL 21206644 1 0 1706821123
WALL 21206644 1 0 1706821124
WALL 21206644 1 0 1706821125
WALL 21206644 1 0 1706821126
WALL 21206644 1 0 1706821127
WALL 21206644 1 0 1706821128
WALL 21206644 1 0 1706821129
WALL 21206644 1 0 1706821130
WALL 21206644 1 0 1706821131
WALL 21206644 1 0 1706821132
WALL 21206644 1 0 1706821133
WALL 21206644 1 0 1706821134
WALL 21206644 1 0 1706821135
WALL 21206644 1 0 1706821136
WALL 21206644 1 0 1706821137
WALL 21206644 1 0 1706821138
WALL 21206644 1 0 1706821139
WALL 21206644 1 0 1706821140
WALL 21206644 1 0 1706821141
WALL 21206644 1 0 1706821142
WALL 21206644 1 0 1706821143
WALL 21206644 1 0 1706821144
WALL 21206644 1 0 1706821145
WALL 21206644 1 0 1706821146
WALL 21206644 1 0 1706821147
WALL 21206644 1 0 1706821148
WALL 21206644 1 0 1706821149
WALL 21206644 1 0 1706821150
WALL 21206644 1 0 1706821151
WALL 21206644 1 0 1706821152
WALL 21206644 1 0 1706821153
WALL 21206644 1 0 1706821154
WALL 21206644 1 0 1706821155
WALL 21206644 1 0 1706821156
WALL 21206644 1 0 1706821157
WALL 21206644 1 0 1706821158
WALL 21206644 1 0 1706821159
WALL 21206644 1 0 1706821160
WALL 21206644 1 0 1706821161
WALL 21206644 1 0 1706821162
WALL 21206644 1 0 1706821163
WALL 21206644 1 0 1706821164
WALL 21206644 1 0 1706821165
WALL 21206644 1 0 1706821166
WALL 21206644 1 0 1706821167
WALL 21206644 1 0 1706821168
WALL 21206644 1 0 1706821169
WALL 21206644 1 0 1706821170
WALL 21206644 1 0 1706821171
WALL 21206644 1 0 1706821172
WALL 21206644 1 0 1706821173
WALL 21206644 1 0 1706821174
WALL 21206644 1 0 1706821175
WALL 21206644 1 0 1706821176
WALL 21206644 1 0 1706821177
WALL 21206644 1 0 1706821178
WALL 21206644 1 0 1706821179
WALL 21206644 1 0 1706821180
WALL 21206644 1 0 1706821181
WALL 21206644 1 0 1706821182
WALL 21206644 1 0 1706821183
WALL 21206644 1 0 1706821184
WALL 21206644 1 0 1706821185
WALL 21206644 1 0 1706821186
WALL 21206644 1 0 1706821187
WALL 21206644 1 0 1706821188
WALL 21206644 1 0 1706821189
WALL 21206644 1 0 1706821190
WALL 21206644 1 0 1706821191
WALL 21206644 1 0 1706821192
WALL 21206644 1 0 1706821193
WALL 21206644 1 0 1706821194
WALL 21206644 1 0 1706821195
WALL 21206644 1 0 1706821196
WALL 21206644 1 0 1706821197
WALL 21206644 1 0 1706821198
WALL 21206644 1 0 1706821199
WALL 21206644 1 0 1706821200
WALL 21206644 1 0 1706821201
WALL 21206644 1 0 1706821202
WALL 21206644 1 0 1706821203
WALL 21206644 1 0 1706821204
WALL 21206644 1 0 1706821205
WALL 21206644 1 0 1706821206
WALL 21206644 1 0 1706821207
WALL 21206644 1 0 1706821208
WALL 21206644 1 0 1706821209
WALL 21206644 1 0 1706821210
WALL 21206644 1 0 1706821211
WALL 21206644 1 0 1706821212
WALL 21206644 1 0 1706821213
WALL 21206644 1 0 1706821214
WALL 21206644 1 0 1706821215
WALL 21206644 1 0 1706821216
WALL 21206644 1 0 1706821217
WALL 21206644 1 0 1706821218
WALL 21206644 1 0 1706821219
WALL 21206644 1 0 1706821220
WALL 21206644 1 0 1706821221
WALL 21206644 1 0 1706821222
WALL 21206644 1 0 1706821223
WALL 21206644 1 0 1706821224
WALL 21206644 1 0 1706821225
WALL 21206644 1 0 1706821226
WALL 21206644 1 0 1706821227
WALL 21206644 1 0 1706821228
WALL 21206644 1 0 1706821229
WALL 21206644 1 0 1706821230
WALL 21206644 1 0 1706821231
WALL 21206644 1 0 1706821232
WALL 21206644 1 0 1706821233
WALL 21206644 1 0 1706821234
WALL 21206644 1 0 1706821235
WALL 21206644 1 0 1706821236
WALL 21206644 1 0 1706821237
WALL 21206644 1 0 1706821238
WALL 21206644 1 0 1706821239
WALL 21206644 1 0 1706821240
WALL 21206644 1 0 1706821241
WALL 21206644 1 0 1706821242
WALL 21206644 1 0 1706821243
WALL 21206644 1 0 1706821244
WALL 21206644 1 0 1706821245
WALL 21206644 1 0 1706821246
WALL 21206644 1 0 1706821247
WALL 21206644 1 0 1706821248
WALL 21206644 1 0 1706821249
WALL 21206644 1 0 1706821250
WALL 21206644 1 0 1706821251
WALL 21206644 1 0 1706821252
WALL 21206644 1 0 1706821253
WALL 21206644 1 0 1706821254
WALL 21206644 1 0 1706821255
WALL 21206644 1 0 1706821256
WALL 21206644 1 0 1706821257
WALL 21206644 1 0 1706821258
WALL 21206644 1 0 1706821259
WALL 21206644 1 0 1706821260
WALL 21206644 1 0 1706821261
WALL 21206644 1 0 1706821262
WALL 21206644 1 0 1706821263
WALL 21206644 1 0 1706821264
WALL 21206644 1 0 1706821265
WALL 21206644 1 0 1706821266
WALL 21206644 1 0 1706821267
WALL 21206644 1 0 1706821268
WALL 21206644 1 0 1706821269
WALL 21206644 1 0 1706821270
WALL 21206644 1 0 1706821271
WALL 21206644 1 0 1706821272
WALL 21206644 1 0 1706821273
WALL 21206644 1 0 1706821274
WALL 21206644 1 0 1706821275
WALL 21206644 1 0 1706821276
WALL 21206644 1 0 1706821277
WALL 21206644 1 0 1706821278
WALL 21206644 1 0 1706821279
WALL 21206644 1 0 1706821280
WALL 21206644 1 0 1706821281
WALL 21206644 1 0 1706821282
WALL 21206644 1 0 1706821283
WALL 21206644 1 0 1706821284
WALL 21206644 1 0 1706821285
WALL 21206644 1 0 1706821286
WALL 21206644 1 0 1706821287
WALL 21206644 1 0 1706821288
WALL 21206644 1 0 1706821289
WALL 21206644 1 0 1706821290
WALL 21206644 1 0 1706821291
WALL 21206644 1 0 1706821292
WALL 21206644 1 0 1706821293
WALL 21206644 1 0 1706821294
WALL 21206644 1 0 1706821295
WALL 21206644 1 0 1706821296
WALL 21206644 1 0 1706821297
WALL 21206644 1 0 1706821298
WALL 21206644 1 0 1706821299
WALL 21206644 1 0 1706821300
WALL 21206644 1 0 1706821301
WALL 21206644 1 0 1706821302
WALL 21206644 1 0 1706821303
WALL 21206644 1 0 1706821304
WALL 21206644 1 0 1706821305
WALL 21206644 1 0 1706821306
WALL 21206644 1 0 1706821307
WALL 21206644 1 0 1706821308
WALL 21206644 1 0 1706821309
WALL 21206644 1 0 1706821310
WALL 21206644 1 0 1706821311
WALL 21206644 1 0 1706821312
WALL 21206644 1 0 1706821313
WALL 21206644 1 0 1706821314
WALL 21206644 1 0 1706821315
WALL 21206644 1 0 1706821316
WALL 21206644 1 0 1706821317
WALL 21206644 1 0 1706821318
WALL 21206644 1 0 1706821319
WALL 21206644 1 0 1706821320
WALL 21206644 1 0 1706821321
WALL 21206644 1 0 1706821322
WALL 21206644 1 0 1706821323
WALL 21206644 1 0 1706821324
WALL 21206644 1 0 1706821325
WALL 21206644 1 0 1706821326
WALL 21206644 1 0 1706821327
WALL 21206644 1 0 1706821328
WALL 21206644 1 0 1706821329
WALL 21206644 1 0 1706821330
WALL 21206644 1 0 1706821331
WALL 21206644 1 0 1706821332
WALL 21206644 1 0 1706821333
WALL 21206644 1 0 1706821334
WALL 21206644 1 0 1706821335
WALL 21206644 1 0 1706821336
WALL 21206644 1 0 1706821337
WALL 21206644 1 0 1706821338
WALL 21206644 1 0 1706821339
WALL 21206644 1 0 1706821340
WALL 21206644 1 0 1706821341
WALL 21206644 1 0 1706821342
WALL 21206644 1 0 1706821343
WALL 21206644 1 0 1706821344
WALL 21206644 1 0 1706821345
WALL 21206644 1 0 1706821346
WALL 21206644 1 0 1706821347
WALL 21206644 1 0 1706821348
WALL 21206644 1 0 1706821349
WALL 21206644 1 0 1706821350
WALL 21206644 1 0 1706821351
WALL 21206644 1 0 1706821352
WALL 21206644 1 0 1706821353
WALL 21206644 1 0 1706821354
WALL 21206644 1 0 1706821355
WALL 21206644 1 0 1706821356
WALL 21206644 1 0 1706821357
WALL 21206644 1 0 1706821358
WALL 21206644 1 0 1706821359
WALL 21206644 1 0 1706821360
WALL 21206644 1 0 1706821361
WALL 21206644 1 0 1706821362
WALL 21206644 1 0 1706821363
WALL 21206644 1 0 1706821364
WALL 21206644 1 0 1706821365
WALL 21206644 1 0 1706821366
WALL 21206644 1 0 1706821367
WALL 21206644 1 0 1706821368
WALL 21206644 1 0 1706821369
WALL 21206644 1 0 1706821370
WALL 21206644 1 0 1706821371
WALL 21206644 1 0 1706821372
WALL 21206644 1 0 1706821373
WALL 21206644 1 0 1706821374
WALL 21206644 1 0 1706821375
WALL 21206644 1 0 1706821376
WALL 21206644 1 0 1706821377
WALL 21206644 1 0 1706821378
WALL 21206644 1 0 1706821379
WALL 21206644 1 0 1706821380
WALL 21206644 1 0 1706821381
WALL 21206644 1 0 1706821382
WALL 21206644 1 0 1706821383
WALL 21206644 1 0 1706821384
WALL 21206644 1 0 1706821385
WALL 21206644 1 0 1706821386
WALL 21206644 1 0 1706821387
WALL 21206644 1 0 1706821388
WALL 21206644 1 0 1706821389
WALL 21206644 1 0 1706821390
WALL 21206644 1 0 1706821391
WALL 21206644 1 0 1706821392
WALL 21206644 1 0 1706821393
WALL 21206644 1 0 1706821394
WALL 21206644 1 0 1706821395
WALL 21206644 1 0 1706821396
WALL 21206644 1 0 1706821397
WALL 21206644 1 0 1706821398
WALL 21206644 1 0 1706821399
WALL 21206644 1 0 1706821400
WALL 21206644 1 0 1706821401
WALL 21206644 1 0 1706821402
WALL 21206644 1 0 1706821403
WALL 21206644 1 0 1706821404
WALL 21206644 1 0 1706821405
WALL 21206644 1 0 1706821406
WALL 21206644 1 0 1706821407
WALL 21206644 1 0 1706821408
WALL 21206644 1 0 1706821409
WALL 21206644 1 0 1706821410
WALL 21206644 1 0 1706821411
WALL 21206644 1 0 1706821412
WALL 21206644 1 0 1706821413
WALL 21206644 1 0 1706821414
WALL 21206644 1 0 1706821415
WALL 21206644 1 0 1706821416
WALL 21206644 1 0 1706821417
WALL 21206644 1 0 1706821418
WALL 21206644 1 0 1706821419
WALL 21206644 1 0 1706821420
WALL 21206644 1 0 1706821421
WALL 21206644 1 0 1706821422
WALL 21206644 1 0 1706821423
WALL 21206644 1 0 1706821424
WALL 21206644 1 0 1706821425
WALL 21206644 1 0 1706821426
WALL 21206644 1 0 1706821427
WALL 21206644 1 0 1706821428
WALL 21206644 1 0 1706821429
WALL 21206644 1 0 1706821430
WALL 21206644 1 0 1706821431
WALL 21206644 1 0 1706821432
WALL 21206644 1 0 1706821433
WALL 21206644 1 0 1706821434
WALL 21206644 1 0 1706821435
WALL 21206644 1 0 1706821436
WALL 21206644 1 0 1706821437
WALL 21206644 1 0 1706821438
WALL 21206644 1 0 1706821439
WALL 21206644 1 0 1706821440
WALL 21206644 1 0 1706821441
WALL 21206644 1 0 1706821442
WALL 21206644 1 0 1706821443
WALL 21206644 1 0 1706821444
WALL 21206644 1 0 1706821445
WALL 21206644 1 0 1706821446
WALL 21206644 1 0 1706821447
WALL 21206644 1 0 1706821448
WALL 21206644 1 0 1706821449
WALL 21206644 1 0 1706821450
WALL 21206644 1 0 1706821451
WALL 21206644 1 0 1706821452
WALL 21206644 1 0 1706821453
WALL 21206644 1 0 1706821454
WALL 21206644 1 0 1706821455
WALL 21206644 1 0 1706821456
WALL 21206644 1 0 1706821457
WALL 21206644 1 0 1706821458
WALL 21206644 1 0 1706821459
WALL 21206644 1 0 1706821460
WALL 21206644 1 0 1706821461
WALL 21206644 1 0 1706821462
WALL 21206644 1 0 1706821463
WALL 21206644 1 0 1706821464
WALL 21206644 1 0 1706821465
WALL 21206644 1 0 1706821466
WALL 21206644 1 0 1706821467
WALL 21206644 1 0 1706821468
WALL 21206644 1 0 1706821469
WALL 21206644 1 0 1706821470
WALL 21206644 1 0 1706821471
WALL 21206644 1 0 1706821472
WALL 21206644 1 0 1706821473
WALL 21206644 1 0 1706821474
WALL 21206644 1 0 1706821475
WALL 21206644 1 0 1706821476
WALL 21206644 1 0 1706821477
WALL 21206644 1 0 1706821478
WALL 21206644 1 0 1706821479
WALL 21206644 1 0 1706821480
WALL 21206644 1 0 1706821481
WALL 21206644 1 0 1706821482
WALL 21206644 1 0 1706821483
WALL 21206644 1 0 1706821484
WALL 21206644 1 0 1706821485
WALL 21206644 1 0 1706821486
WALL 21206644 1 0 1706821487
WALL 21206644 1 0 1706821488
WALL 21206644 1 0 1706821489
WALL 21206644 1 0 1706821490
WALL 21206644 1 0 1706821491
WALL 21206644 1 0 1706821492
WALL 21206644 1 0 1706821493
WALL 21206644 1 0 1706821494
WALL 21206644 1 0 1706821495
WALL 21206644 1 0 1706821496
WALL 21206644 1 0 1706821497
WALL 21206644 1 0 1706821498
WALL 21206644 1 0 1706821499
WALL 21206644 1 0 1706821500
WALL 21206644 1 0 1706821501
WALL 21206644 1 0 1706821502
WALL 21206644 1 0 1706821503
WALL 21206644 1 0 1706821504
WALL 21206644 1 0 1706821505
WALL 21206644 1 0 1706821506
WALL 21206644 1 0 1706821507
WALL 21206644 1 0 1706821508
WALL 21206644 1 0 1706821509
WALL 21206644 1 0 1706821510
WALL 21206644 1 0 1706821511
WALL 21206644 1 0 1706821512
WALL 21206644 1 0 1706821513
WALL 21206644 1 0 1706821514
WALL 21206644 1 0 1706821515
WALL 21206644 1 0 1706821516
WALL 21206644 1 0 1706821517
WALL 21206644 1 0 1706821518
WALL 21206644 1 0 1706821519
WALL 21206644 1 0 1706821520
WALL 21206644 1 0 1706821521
WALL 21206644 1 0 1706821522
WALL 21206644 1 0 1706821523
WALL 21206644 1 0 1706821524
WALL 21206644 1 0 1706821525
WALL 21206644 1 0 1706821526
WALL 21206644 1 0 1706821527
WALL 21206644 1 0 1706821528
WALL 21206644 1 0 1706821529
WALL 21206644 1 0 1706821530
WALL 21206644 1 0 1706821531
WALL 21206644 1 0 1706821532
WALL 21206644 1 0 1706821533
WALL 21206644 1 0 1706821534
WALL 21206644 1 0 1706821535
WALL 21206644 1 0 1706821536
WALL 21206644 1 0 1706821537
WALL 21206644 1 0 1706821538
WALL 21206644 1 0 1706821539
WALL 21206644 1 0 1706821540
WALL 21206644 1 0 1706821541
WALL 21206644 1 0 1706821542
WALL 21206644 1 0 1706821543
WALL 21206644 1 0 1706821544
WALL 21206644 1 0 1706821545
WALL 21206644 1 0 1706821546
WALL 21206644 1 0 1706821547
WALL 21206644 1 0 1706821548
WALL 21206644 1 0 1706821549
WALL 21206644 1 0 1706821550
WALL 21206644 1 0 1706821551
WALL 21206644 1 0 1706821552
WALL 21206644 1 0 1706821553
WALL 21206644 1 0 1706821554
WALL 21206644 1 0 1706821555
WALL 21206644 1 0 1706821556
WALL 21206644 1 0 1706821557
WALL 21206644 1 0 1706821558
WALL 21206644 1 0 1706821559
WALL 21206644 1 0 1706821560
WALL 21206644 1 0 1706821561
WALL 21206644 1 0 1706821562
WALL 21206644 1 0 1706821563
WALL 21206644 1 0 1706821564
WALL 21206644 1 0 1706821565
WALL 21206644 1 0 1706821566
WALL 21206644 1 0 1706821567
WALL 21206644 1 0 1706821568
WALL 21206644 1 0 1706821569
WALL 21206644 1 0 1706821570
WALL 21206644 1 0 1706821571
WALL 21206644 1 0 1706821572
WALL 21206644 1 0 1706821573
WALL 21206644 1 0 1706821574
WALL 21206644 1 0 1706821575
WALL 21206644 1 0 1706821576
WALL 21206644 1 0 1706821577
WALL 21206644 1 0 1706821578
WALL 21206644 1 0 1706821579
WALL 21206644 1 0 1706821580
WALL 21206644 1 0 1706821581
WALL 21206644 1 0 1706821582
WALL 21206644 1 0 1706821583
WALL 21206644 1 0 1706821584
WALL 21206644 1 0 1706821585
WALL 21206644 1 0 1706821586
WALL 21206644 1 0 1706821587
WALL 21206644 1 0 1706821588
WALL 21206644 1 0 1706821589
WALL 21206644 1 0 1706821590
WALL 21206644 1 0 1706821591
WALL 21206644 1 0 1706821592
WALL 21206644 1 0 1706821593
WALL 21206644 1 0 1706821594
WALL 21206644 1 0 1706821595
WALL 21206644 1 0 1706821596
WALL 21206644 1 0 1706821597
WALL 21206644 1 0 1706821598
WALL 21206644 1 0 1706821599
WALL 21206644 1 0 1706821600
WALL 21206644 1 0 1706821601
WALL 21206644 1 0 1706821602
WALL 21206644 1 0 1706821603
WALL 21206644 1 0 1706821604
WALL 21206644 1 0 1706821605
WALL 21206644 1 0 1706821606
WALL 21206644 1 0 1706821607
WALL 21206644 1 0 1706821608
WALL 21206644 1 0 1706821609
WALL 21206644 1 0 1706821610
WALL 21206644 1 0 1706821611
WALL 21206644 1 0 1706821612
WALL 21206644 1 0 1706821613
WALL 21206644 1 0 1706821614
WALL 21206644 1 0 1706821615
WALL 21206644 1 0 1706821616
WALL 21206644 1 0 1706821617
WALL 21206644 1 0 1706821618
WALL 21206644 1 0 1706821619
WALL 21206644 1 0 1706821620
WALL 21206644 1 0 1706821621
WALL 21206644 1 0 1706821622
WALL 21206644 1 0 1706821623
WALL 21206644 1 0 1706821624
WALL 21206644 1 0 1706821625
WALL 21206644 1 0 1706821626
WALL 21206644 1 0 1706821627
WALL 21206644 1 0 1706821628
WALL 21206644 1 0 1706821629
WALL 21206644 1 0 1706821630
WALL 21206644 1 0 1706821631
WALL 21206644 1 0 1706821632
WALL 21206644 1 0 1706821633
WALL 21206644 1 0 1706821634
WALL 21206644 1 0 1706821635
WALL 21206644 1 0 1706821636
WALL 21206644 1 0 1706821637
WALL 21206644 1 0 1706821638
WALL 21206644 1 0 1706821639
WALL 21206644 1 0 1706821640
WALL 21206644 1 0 1706821641
WALL 21206644 1 0 1706821642
WALL 21206644 1 0 1706821643
WALL 21206644 1 0 1706821644
WALL 21206644 1 0 1706821645
WALL 21206644 1 0 1706821646
WALL 21206644 1 0 1706821647
WALL 21206644 1 0 1706821648
WALL 21206644 1 0 1706821649
WALL 21206644 1 0 1706821650
WALL 21206644 1 0 1706821651
WALL 21206644 1 0 1706821652
WALL 21206644 1 0 1706821653
WALL 21206644 1 0 1706821654
WALL 21206644 1 0 1706821655
WALL 21206644 1 0 1706821656
WALL 21206644 1 0 1706821657
WALL 21206644 1 0 1706821658
WALL 21206644 1 0 1706821659
WALL 21206644 1 0 1706821660
WALL 21206644 1 0 1706821661
WALL 21206644 1 0 1706821662
WALL 21206644 1 0 1706821663
WALL 21206644 1 0 1706821664
WALL 21206644 1 0 1706821665
WALL 21206644 1 0 1706821666
WALL 21206644 1 0 1706821667
WALL 21206644 1 0 1706821668
WALL 21206644 1 0 1706821669
WALL 21206644 1 0 1706821670
WALL 21206644 1 0 1706821671
WALL 21206644 1 0 1706821672
WALL 21206644 1 0 1706821673
WALL 21206644 1 0 1706821674
WALL 21206644 1 0 1706821675
WALL 21206644 1 0 1706821676
WALL 21206644 1 0 1706821677
WALL 21206644 1 0 1706821678
WALL 21206644 1 0 1706821679
WALL 21206644 1 0 1706821680
WALL 21206644 1 0 1706821681
WALL 21206644 1 0 1706821682
WALL 21206644 1 0 1706821683
WALL 21206644 1 0 1706821684
WALL 21206644 1 0 1706821685
WALL 21206644 1 0 1706821686
WALL 21206644 1 0 1706821687
WALL 21206644 1 0 1706821688
WALL 21206644 1 0 1706821689
WALL 21206644 1 0 1706821690
WALL 21206644 1 0 1706821691
WALL 21206644 1 0 1706821692
WALL 21206644 1 0 1706821693
WALL 21206644 1 0 1706821694
WALL 21206644 1 0 1706821695
WALL 21206644 1 0 1706821696
WALL 21206644 1 0 1706821697
WALL 21206644 1 0 1706821698
WALL 21206644 1 0 1706821699
WALL 21206644 1 0 1706821700
WALL 21206644 1 0 1706821701
WALL 21206644 1 0 1706821702
WALL 21206644 1 0 1706821703
WALL 21206644 1 0 1706821704
WALL 21206644 1 0 1706821705
WALL 21206644 1 0 1706821706
WALL 21206644 1 0 1706821707
WALL 21206644 1 0 1706821708
WALL 21206644 1 0 1706821709
WALL 21206644 1 0 1706821710
WALL 21206644 1 0 1706821711
WALL 21206644 1 0 1706821712
WALL 21206644 1 0 1706821713
WALL 21206644 1 0 1706821714
WALL 21206644 1 0 1706821715
WALL 21206644 1 0 1706821716
WALL 21206644 1 0 1706821717
WALL 21206644 1 0 1706821718
WALL 21206644 1 0 1706821719
WALL 21206644 1 0 1706821720
WALL 21206644 1 0 1706821721
WALL 21206644 1 0 1706821722
WALL 21206644 1 0 1706821723
WALL 21206644 1 0 1706821724
WALL 21206644 1 0 1706821725
WALL 21206644 1 0 1706821726
WALL 21206644 1 0 1706821727
WALL 21206644 1 0 1706821728
WALL 21206644 1 0 1706821729
WALL 21206644 1 0 1706821730
WALL 21206644 1 0 1706821731
WALL 21206644 1 0 1706821732
WALL 21206644 1 0 1706821733
WALL 21206644 1 0 1706821734
WALL 21206644 1 0 1706821735
WALL 21206644 1 0 1706821736
WALL 21206644 1 0 1706821737
WALL 21206644 1 0 1706821738
WALL 21206644 1 0 1706821739
WALL 21206644 1 0 1706821740
WALL 21206644 1 0 1706821741
WALL 21206644 1 0 1706821742
WALL 21206644 1 0 1706821743
WALL 21206644 1 0 1706821744
WALL 21206644 1 0 1706821745
WALL 21206644 1 0 1706821746
WALL 21206644 1 0 1706821747
WALL 21206644 1 0 1706821748
WALL 21206644 1 0 1706821749
WALL 21206644 1 0 1706821750
WALL 21206644 1 0 1706821751
WALL 21206644 1 0 1706821752
WALL 21206644 1 0 1706821753
WALL 21206644 1 0 1706821754
WALL 21206644 1 0 1706821755
WALL 21206644 1 0 1706821756
WALL 21206644 1 0 1706821757
WALL 21206644 1 0 1706821758
WALL 21206644 1 0 1706821759
WALL 21206644 1 0 1706821760
WALL 21206644 1 0 1706821761
WALL 21206644 1 0 1706821762
WALL 21206644 1 0 1706821763
WALL 21206644 1 0 1706821764
WALL 21206644 1 0 1706821765
WALL 21206644 1 0 1706821766
WALL 21206644 1 0 1706821767
WALL 21206644 1 0 1706821768
WALL 21206644 1 0 1706821769
WALL 21206644 1 0 1706821770
WALL 21206644 1 0 1706821771
WALL 21206644 1 0 1706821772
WALL 21206644 1 0 1706821773
WALL 21206644 1 0 1706821774
WALL 21206644 1 0 1706821775
WALL 21206644 1 0 1706821776
WALL 21206644 1 0 1706821777
WALL 21206644 1 0 1706821778
WALL 21206644 1 0 1706821779
WALL 21206644 1 0 1706821780
WALL 21206644 1 0 1706821781
WALL 21206644 1 0 1706821782
WALL 21206644 1 0 1706821783
WALL 21206644 1 0 1706821784
WALL 21206644 1 0 1706821785
WALL 21206644 1 0 1706821786
WALL 21206644 1 0 1706821787
WALL 21206644 1 0 1706821788
WALL 21206644 1 0 1706821789
WALL 21206644 1 0 1706821790
WALL 21206644 1 0 1706821791
WALL 21206644 1 0 1706821792
WALL 21206644 1 0 1706821793
WALL 21206644 1 0 1706821794
WALL 21206644 1 0 1706821795
WALL 21206644 1 0 1706821796
WALL 21206644 1 0 1706821797
WALL 21206644 1 0 1706821798
WALL 21206644 1 0 1706821799
WALL 21206644 1 0 1706821800
WALL 21206644 1 0 1706821801
WALL 21206644 1 0 1706821802
WALL 21206644 1 0 1706821803
WALL 21206644 1 0 1706821804
WALL 21206644 1 0 1706821805
WALL 21206644 1 0 1706821806
WALL 21206644 1 0 1706821807
WALL 21206644 1 0 1706821808
WALL 21206644 1 0 1706821809
WALL 21206644 1 0 1706821810
WALL 21206644 1 0 1706821811
WALL 21206644 1 0 1706821812
WALL 21206644 1 0 1706821813
WALL 21206644 1 0 1706821814
WALL 21206644 1 0 1706821815
WALL 21206644 1 0 1706821816
WALL 21206644 1 0 1706821817
WALL 21206644 1 0 1706821818
WALL 21206644 1 0 1706821819
WALL 21206644 1 0 1706821820
WALL 21206644 1 0 1706821821
WALL 21206644 1 0 1706821822
WALL 21206644 1 0 1706821823
WALL 21206644 1 0 1706821824
WALL 21206644 1 0 1706821825
WALL 21206644 1 0 1706821826
WALL 21206644 1 0 1706821827
WALL 21206644 1 0 1706821828
WALL 21206644 1 0 1706821829
WALL 21206644 1 0 1706821830
WALL 21206644 1 0 1706821831
WALL 21206644 1 0 1706821832
WALL 21206644 1 0 1706821833
WALL 21206644 1 0 1706821834
WALL 21206644 1 0 1706821835
WALL 21206644 1 0 1706821836
WALL 21206644 1 0 1706821837
WALL 21206644 1 0 1706821838
WALL 21206644 1 0 1706821839
WALL 21206644 1 0 1706821840
WALL 21206644 1 0 1706821841
WALL 21206644 1 0 1706821842
WALL 21206644 1 0 1706821843
WALL 21206644 1 0 1706821844
WALL 21206644 1 0 1706821845
WALL 21206644 1 0 1706821846
WALL 21206644 1 0 1706821847
WALL 21206644 1 0 1706821848
WALL 21206644 1 0 1706821849
WALL 21206644 1 0 1706821850
WALL 21206644 1 0 1706821851
WALL 21206644 1 0 1706821852
WALL 21206644 1 0 1706821853
WALL 21206644 1 0 1706821854
WALL 21206644 1 0 1706821855
WALL 21206644 1 0 1706821856
WALL 21206644 1 0 1706821857
WALL 21206644 1 0 1706821858
WALL 21206644 1 0 1706821859
WALL 21206644 1 0 1706821860
WALL 21206644 1 0 1706821861
WALL 21206644 1 0 1706821862
WALL 21206644 1 0 1706821863
WALL 21206644 1 0 1706821864
WALL 21206644 1 0 1706821865
WALL 21206644 1 0 1706821866
WALL 21206644 1 0 1706821867
WALL 21206644 1 0 1706821868
WALL 21206644 1 0 1706821869
WALL 21206644 1 0 1706821870
WALL 21206644 1 0 1706821871
WALL 21206644 1 0 1706821872
WALL 21206644 1 0 1706821873
WALL 21206644 1 0 1706821874
WALL 21206644 1 0 1706821875
WALL 21206644 1 0 1706821876
WALL 21206644 1 0 1706821877
WALL 21206644 1 0 1706821878
WALL 21206644 1 0 1706821879
WALL 21206644 1 0 1706821880
WALL 21206644 1 0 1706821881
WALL 21206644 1 0 1706821882
WALL 21206644 1 0 1706821883
WALL 21206644 1 0 1706821884
WALL 21206644 1 0 1706821885
WALL 21206644 1 0 1706821886
WALL 21206644 1 0 1706821887
WALL 21206644 1 0 1706821888
WALL 21206644 1 0 1706821889
WALL 21206644 1 0 1706821890
WALL 21206644 1 0 1706821891
WALL 21206644 1 0 1706821892
WALL 21206644 1 0 1706821893
WALL 21206644 1 0 1706821894
WALL 21206644 1 0 1706821895
WALL 21206644 1 0 1706821896
WALL 21206644 1 0 1706821897
WALL 21206644 1 0 1706821898
WALL 21206644 1 0 1706821899
WALL 21206644 1 0 1706821900
WALL 21206644 1 0 1706821901
WALL 21206644 1 0 1706821902
WALL 21206644 1 0 1706821903
WALL 21206644 1 0 1706821904
WALL 21206644 1 0 1706821905
WALL 21206644 1 0 1706821906
WALL 21206644 1 0 1706821907
WALL 21206644 1 0 1706821908
WALL 21206644 1 0 1706821909
WALL 21206644 1 0 1706821910
WALL 21206644 1 0 1706821911
WALL 21206644 1 0 1706821912
WALL 21206644 1 0 1706821913
WALL 21206644 1 0 1706821914
WALL 21206644 1 0 1706821915
WALL 21206644 1 0 1706821916
WALL 21206644 1 0 1706821917
WALL 21206644 1 0 1706821918
WALL 21206644 1 0 1706821919
WALL 21206644 1 0 1706821920
WALL 21206644 1 0 1706821921
WALL 21206644 1 0 1706821922
WALL 21206644 1 0 1706821923
WALL 21206644 1 0 1706821924
WALL 21206644 1 0 1706821925
WALL 21206644 1 0 1706821926
WALL 21206644 1 0 1706821927
WALL 21206644 1 0 1706821928
WALL 21206644 1 0 1706821929
WALL 21206644 1 0 1706821930
WALL 21206644 1 0 1706821931
WALL 21206644 1 0 1706821932
WALL 21206644 1 0 1706821933
WALL 21206644 1 0 1706821934
WALL 21206644 1 0 1706821935
WALL 21206644 1 0 1706821936
WALL 21206644 1 0 1706821937
WALL 21206644 1 0 1706821938
WALL 21206644 1 0 1706821939
WALL 21206644 1 0 1706821940
WALL 21206644 1 0 1706821941
WALL 21206644 1 0 1706821942
WALL 21206644 1 0 1706821943
WALL 21206644 1 0 1706821944
WALL 21206644 1 0 1706821945
WALL 21206644 1 0 1706821946
WALL 21206644 1 0 1706821947
WALL 21206644 1 0 1706821948
WALL 21206644 1 0 1706821949
WALL 21206644 1 0 1706821950
WALL 21206644 1 0 1706821951
WALL 21206644 1 0 1706821952
WALL 21206644 1 0 1706821953
WALL 21206644 1 0 1706821954
WALL 21206644 1 0 1706821955
WALL 21206644 1 0 1706821956
WALL 21206644 1 0 1706821957
WALL 21206644 1 0 1706821958
WALL 21206644 1 0 1706821959
WALL 21206644 1 0 1706821960
WALL 21206644 1 0 1706821961
WALL 21206644 1 0 1706821962
WALL 21206644 1 0 1706821963
WALL 21206644 1 0 1706821964
WALL 21206644 1 0 1706821965
WALL 21206644 1 0 1706821966
WALL 21206644 1 0 1706821967
WALL 21206644 1 0 1706821968
WALL 21206644 1 0 1706821969
WALL 21206644 1 0 1706821970
WALL 21206644 1 0 1706821971
WALL 21206644 1 0 1706821972
WALL 21206644 1 0 1706821973
WALL 21206644 1 0 1706821974
WALL 21206644 1 0 1706821975
WALL 21206644 1 0 1706821976
WALL 21206644 1 0 1706821977
WALL 21206644 1 0 1706821978
WALL 21206644 1 0 1706821979
WALL 21206644 1 0 1706821980
WALL 21206644 1 0 1706821981
WALL 21206644 1 0 1706821982
WALL 21206644 1 0 1706821983
WALL 21206644 1 0 1706821984
WALL 21206644 1 0 1706821985
WALL 21206644 1 0 1706821986
WALL 21206644 1 0 1706821987
WALL 21206644 1 0 1706821988
WALL 21206644 1 0 1706821989
WALL 21206644 1 0 1706821990
WALL 21206644 1 0 1706821991
WALL 21206644 1 0 1706821992
WALL 21206644 1 0 1706821993
WALL 21206644 1 0 1706821994
WALL 21206644 1 0 1706821995
WALL 21206644 1 0 1706821996
WALL 21206644 1 0 1706821997
WALL 21206644 1 0 1706821998
WALL 21206644 1 0 1706821999
WALL 21206644 1 0 1706822000
WALL 21206644 1 0 1706822001
WALL 21206644 1 0 1706822002
WALL 21206644 1 0 1706822003
WALL 21206644 1 0 1706822004
WALL 21206644 1 0 1706822005
WALL 21206644 1 0 1706822006
WALL 21206644 1 0 1706822007
WALL 21206644 1 0 1706822008
WALL 21206644 1 0 1706822009
WALL 21206644 1 0 1706822010
WALL 21206644 1 0 1706822011
WALL 21206644 1 0 1706822012
WALL 21206644 1 0 1706822013
WALL 21206644 1 0 1706822014
WALL 21206644 1 0 1706822015
WALL 21206644 1 0 1706822016
WALL 21206644 1 0 1706822017
WALL 21206644 1 0 1706822018
WALL 21206644 1 0 1706822019
WALL 21206644 1 0 1706822020
WALL 21206644 1 0 1706822021
WALL 21206644 1 0 1706822022
WALL 21206644 1 0 1706822023
WALL 21206644 1 0 1706822024
WALL 21206644 1 0 1706822025
WALL 21206644 1 0 1706822026
WALL 21206644 1 0 1706822027
WALL 21206644 1 0 1706822028
WALL 21206644 1 0 1706822029
WALL 21206644 1 0 1706822030
WALL 21206644 1 0 1706822031
WALL 21206644 1 0 1706822032
WALL 21206644 1 0 1706822033
WALL 21206644 1 0 1706822034
WALL 21206644 1 0 1706822035
WALL 21206644 1 0 1706822036
WALL 21206644 1 0 1706822037
WALL 21206644 1 0 1706822038
WALL 21206644 1 0 1706822039
WALL 21206644 1 0 1706822040
WALL 21206644 1 0 1706822041
WALL 21206644 1 0 1706822042
WALL 21206644 1 0 1706822043
WALL 21206644 1 0 1706822044
WALL 21206644 1 0 1706822045
WALL 21206644 1 0 1706822046
WALL 21206644 1 0 1706822047
WALL 21206644 1 0 1706822048
WALL 21206644 1 0 1706822049
WALL 21206644 1 0 1706822050
WALL 21206644 1 0 1706822051
WALL 21206644 1 0 1706822052
WALL 21206644 1 0 1706822053
WALL 21206644 1 0 1706822054
WALL 21206644 1 0 1706822055
WALL 21206644 1 0 1706822056
WALL 21206644 1 0 1706822057
WALL 21206644 1 0 1706822058
WALL 21206644 1 0 1706822059
WALL 21206644 1 0 1706822060
WALL 21206644 1 0 1706822061
WALL 21206644 1 0 1706822062
WALL 21206644 1 0 1706822063
WALL 21206644 1 0 1706822064
WALL 21206644 1 0 1706822065
WALL 21206644 1 0 1706822066
WALL 21206644 1 0 1706822067
WALL 21206644 1 0 1706822068
WALL 21206644 1 0 1706822069
WALL 21206644 1 0 1706822070
WALL 21206644 1 0 1706822071
WALL 21206644 1 0 1706822072
WALL 21206644 1 0 1706822073
WALL 21206644 1 0 1706822074
WALL 21206644 1 0 1706822075
WALL 21206644 1 0 1706822076
WALL 21206644 1 0 1706822077
WALL 21206644 1 0 1706822078
WALL 21206644 1 0 1706822079
WALL 21206644 1 0 1706822080
WALL 21206644 1 0 1706822081
WALL 21206644 1 0 1706822082
WALL 21206644 1 0 1706822083
WALL 21206644 1 0 1706822084
WALL 21206644 1 0 1706822085
WALL 21206644 1 0 1706822086
WALL 21206644 1 0 1706822087
WALL 21206644 1 0 1706822088
WALL 21206644 1 0 1706822089
WALL 21206644 1 0 1706822090
WALL 21206644 1 0 1706822091
WALL 21206644 1 0 1706822092
WALL 21206644 1 0 1706822093
WALL 21206644 1 0 1706822094
WALL 21206644 1 0 1706822095
WALL 21206644 1 0 1706822096
WALL 21206644 1 0 1706822097
WALL 21206644 1 0 1706822098
WALL 21206644 1 0 1706822099
WALL 21206644 1 0 1706822100
WALL 21206644 1 0 1706822101
WALL 21206644 1 0 1706822102
WALL 21206644 1 0 1706822103
WALL 21206644 1 0 1706822104
WALL 21206644 1 0 1706822105
WALL 21206644 1 0 1706822106
WALL 21206644 1 0 1706822107
WALL 21206644 1 0 1706822108
WALL 21206644 1 0 1706822109
WALL 21206644 1 0 1706822110
WALL 21206644 1 0 1706822111
WALL 21206644 1 0 1706822112
WALL 21206644 1 0 1706822113
WALL 21206644 1 0 1706822114
WALL 21206644 1 0 1706822115
WALL 21206644 1 0 1706822116
WALL 21206644 1 0 1706822117
WALL 21206644 1 0 1706822118
WALL 21206644 1 0 1706822119
WALL 21206644 1 0 1706822120
WALL 21206644 1 0 1706822121
WALL 21206644 1 0 1706822122
WALL 21206644 1 0 1706822123
WALL 21206644 1 0 1706822124
WALL 21206644 1 0 1706822125
WALL 21206644 1 0 1706822126
WALL 21206644 1 0 1706822127
WALL 21206644 1 0 1706822128
WALL 21206644 1 0 1706822129
WALL 21206644 1 0 1706822130
WALL 21206644 1 0 1706822131
WALL 21206644 1 0 1706822132
WALL 21206644 1 0 1706822133
WALL 21206644 1 0 1706822134
WALL 21206644 1 0 1706822135
WALL 21206644 1 0 1706822136
WALL 21206644 1 0 1706822137
WALL 21206644 1 0 1706822138
WALL 21206644 1 0 1706822139
WALL 21206644 1 0 1706822140
WALL 21206644 1 0 1706822141
WALL 21206644 1 0 1706822142
WALL 21206644 1 0 1706822143
WALL 21206644 1 0 1706822144
WALL 21206644 1 0 1706822145
WALL 21206644 1 0 1706822146
WALL 21206644 1 0 1706822147
WALL 21206644 1 0 1706822148
WALL 21206644 1 0 1706822149
WALL 21206644 1 0 1706822150
WALL 21206644 1 0 1706822151
WALL 21206644 1 0 1706822152
WALL 21206644 1 0 1706822153
WALL 21206644 1 0 1706822154
WALL 21206644 1 0 1706822155
WALL 21206644 1 0 1706822156
WALL 21206644 1 0 1706822157
WALL 21206644 1 0 1706822158
WALL 21206644 1 0 1706822159
WALL 21206644 1 0 1706822160
WALL 21206644 1 0 1706822161
WALL 21206644 1 0 1706822162
WALL 21206644 1 0 1706822163
WALL 21206644 1 0 1706822164
WALL 21206644 1 0 1706822165
WALL 21206644 1 0 1706822166
WALL 21206644 1 0 1706822167
WALL 21206644 1 0 1706822168
WALL 21206644 1 0 1706822169
WALL 21206644 1 0 1706822170
WALL 21206644 1 0 1706822171
WALL 21206644 1 0 1706822172
WALL 21206644 1 0 1706822173
WALL 21206644 1 0 1706822174
WALL 21206644 1 0 1706822175
WALL 21206644 1 0 1706822176
WALL 21206644 1 0 1706822177
WALL 21206644 1 0 1706822178
WALL 21206644 1 0 1706822179
WALL 21206644 1 0 1706822180
WALL 21206644 1 0 1706822181
WALL 21206644 1 0 1706822182
WALL 21206644 1 0 1706822183
WALL 21206644 1 0 1706822184
WALL 21206644 1 0 1706822185
WALL 21206644 1 0 1706822186
WALL 21206644 1 0 1706822187
WALL 21206644 1 0 1706822188
WALL 21206644 1 0 1706822189
WALL 21206644 1 0 1706822190
WALL 21206644 1 0 1706822191
WALL 21206644 1 0 1706822192
WALL 21206644 1 0 1706822193
WALL 21206644 1 0 1706822194
WALL 21206644 1 0 1706822195
WALL 21206644 1 0 1706822196
WALL 21206644 1 0 1706822197
WALL 21206644 1 0 1706822198
WALL 21206644 1 0 1706822199
WALL 21206644 1 0 1706822200
WALL 21206644 1 0 1706822201
WALL 21206644 1 0 1706822202
WALL 21206644 1 0 1706822203
WALL 21206644 1 0 1706822204
WALL 21206644 1 0 1706822205
WALL 21206644 1 0 1706822206
WALL 21206644 1 0 1706822207
WALL 21206644 1 0 1706822208
WALL 21206644 1 0 1706822209
WALL 21206644 1 0 1706822210
WALL 21206644 1 0 1706822211
WALL 21206644 1 0 1706822212
WALL 21206644 1 0 1706822213
WALL 21206644 1 0 1706822214
WALL 21206644 1 0 1706822215
WALL 21206644 1 0 1706822216
WALL 21206644 1 0 1706822217
WALL 21206644 1 0 1706822218
WALL 21206644 1 0 1706822219
WALL 21206644 1 0 1706822220
WALL 21206644 1 0 1706822221
WALL 21206644 1 0 1706822222
WALL 21206644 1 0 1706822223
WALL 21206644 1 0 1706822224
WALL 21206644 1 0 1706822225
WALL 21206644 1 0 1706822226
WALL 21206644 1 0 1706822227
WALL 21206644 1 0 1706822228
WALL 21206644 1 0 1706822229
WALL 21206644 1 0 1706822230
WALL 21206644 1 0 1706822231
WALL 21206644 1 0 1706822232
WALL 21206644 1 0 1706822233
WALL 21206644 1 0 1706822234
WALL 21206644 1 0 1706822235
WALL 21206644 1 0 1706822236
WALL 21206644 1 0 1706822237
WALL 21206644 1 0 1706822238
WALL 21206644 1 0 1706822239
WALL 21206644 1 0 1706822240
WALL 21206644 1 0 1706822241
WALL 21206644 1 0 1706822242
WALL 21206644 1 0 1706822243
WALL 21206644 1 0 1706822244
WALL 21206644 1 0 1706822245
WALL 21206644 1 0 1706822246
WALL 21206644 1 0 1706822247
WALL 21206644 1 0 1706822248
WALL 21206644 1 0 1706822249
WALL 21206644 1 0 1706822250
WALL 21206644 1 0 1706822251
WALL 21206644 1 0 1706822252
WALL 21206644 1 0 1706822253
WALL 21206644 1 0 1706822254
WALL 21206644 1 0 1706822255
WALL 21206644 1 0 1706822256
WALL 21206644 1 0 1706822257
WALL 21206644 1 0 1706822258
WALL 21206644 1 0 1706822259
WALL 21206644 1 0 1706822260
WALL 21206644 1 0 1706822261
WALL 21206644 1 0 1706822262
WALL 21206644 1 0 1706822263
WALL 21206644 1 0 1706822264
WALL 21206644 1 0 1706822265
WALL 21206644 1 0 1706822266
WALL 21206644 1 0 1706822267
WALL 21206644 1 0 1706822268
WALL 21206644 1 0 1706822269
WALL 21206644 1 0 1706822270
WALL 21206644 1 0 1706822271
WALL 21206644 1 0 1706822272
WALL 21206644 1 0 1706822273
WALL 21206644 1 0 1706822274
WALL 21206644 1 0 1706822275
WALL 21206644 1 0 1706822276
WALL 21206644 1 0 1706822277
WALL 21206644 1 0 1706822278
WALL 21206644 1 0 1706822279
WALL 21206644 1 0 1706822280
WALL 21206644 1 0 1706822281
WALL 21206644 1 0 1706822282
WALL 21206644 1 0 1706822283
WALL 21206644 1 0 1706822284
WALL 21206644 1 0 1706822285
WALL 21206644 1 0 1706822286
WALL 21206644 1 0 1706822287
WALL 21206644 1 0 1706822288
WALL 21206644 1 0 1706822289
WALL 21206644 1 0 1706822290
WALL 21206644 1 0 1706822291
WALL 21206644 1 0 1706822292
WALL 21206644 1 0 1706822293
WALL 21206644 1 0 1706822294
WALL 21206644 1 0 1706822295
WALL 21206644 1 0 1706822296
WALL 21206644 1 0 1706822297
WALL 21206644 1 0 1706822298
WALL 21206644 1 0 1706822299
WALL 21206644 1 0 1706822300
WALL 21206644 1 0 1706822301
WALL 21206644 1 0 1706822302
WALL 21206644 1 0 1706822303
WALL 21206644 1 0 1706822304
WALL 21206644 1 0 1706822305
WALL 21206644 1 0 1706822306
WALL 21206644 1 0 1706822307
WALL 21206644 1 0 1706822308
WALL 21206644 1 0 1706822309
WALL 21206644 1 0 1706822310
WALL 21206644 1 0 1706822311
WALL 21206644 1 0 1706822312
WALL 21206644 1 0 1706822313
WALL 21206644 1 0 1706822314
WALL 21206644 1 0 1706822315
WALL 21206644 1 0 1706822316
WALL 21206644 1 0 1706822317
WALL 21206644 1 0 1706822318
WALL 21206644 1 0 1706822319
WALL 21206644 1 0 1706822320
WALL 21206644 1 0 1706822321
WALL 21206644 1 0 1706822322
WALL 21206644 1 0 1706822323
WALL 21206644 1 0 1706822324
WALL 21206644 1 0 1706822325
WALL 21206644 1 0 1706822326
WALL 21206644 1 0 1706822327
WALL 21206644 1 0 1706822328
WALL 21206644 1 0 1706822329
WALL 21206644 1 0 1706822330
WALL 21206644 1 0 1706822331
WALL 21206644 1 0 1706822332
WALL 21206644 1 0 1706822333
WALL 21206644 1 0 1706822334
WALL 21206644 1 0 1706822335
WALL 21206644 1 0 1706822336
WALL 21206644 1 0 1706822337
WALL 21206644 1 0 1706822338
WALL 21206644 1 0 1706822339
WALL 21206644 1 0 1706822340
WALL 21206644 1 0 1706822341
WALL 21206644 1 0 1706822342
WALL 21206644 1 0 1706822343
WALL 21206644 1 0 1706822344
WALL 21206644 1 0 1706822345
WALL 21206644 1 0 1706822346
WALL 21206644 1 0 1706822347
WALL 21206644 1 0 1706822348
WALL 21206644 1 0 1706822349
WALL 21206644 1 0 1706822350
WALL 21206644 1 0 1706822351
WALL 21206644 1 0 1706822352
WALL 21206644 1 0 1706822353
WALL 21206644 1 0 1706822354
WALL 21206644 1 0 1706822355
WALL 21206644 1 0 1706822356
WALL 21206644 1 0 1706822357
WALL 21206644 1 0 1706822358
WALL 21206644 1 0 1706822359
WALL 21206644 1 0 1706822360
WALL 21206644 1 0 1706822361
WALL 21206644 1 0 1706822362
WALL 21206644 1 0 1706822363
WALL 21206644 1 0 1706822364
WALL 21206644 1 0 1706822365
WALL 21206644 1 0 1706822366
WALL 21206644 1 0 1706822367
WALL 21206644 1 0 1706822368
WALL 21206644 1 0 1706822369
WALL 21206644 1 0 1706822370
WALL 21206644 1 0 1706822371
WALL 21206644 1 0 1706822372
WALL 21206644 1 0 1706822373
WALL 21206644 1 0 1706822374
WALL 21206644 1 0 1706822375
WALL 21206644 1 0 1706822376
WALL 21206644 1 0 1706822377
WALL 21206644 1 0 1706822378
WALL 21206644 1 0 1706822379
WALL 21206644 1 0 1706822380
WALL 21206644 1 0 1706822381
WALL 21206644 1 0 1706822382
WALL 21206644 1 0 1706822383
WALL 21206644 1 0 1706822384
WALL 21206644 1 0 1706822385
WALL 21206644 1 0 1706822386
WALL 21206644 1 0 1706822387
WALL 21206644 1 0 1706822388
WALL 21206644 1 0 1706822389
WALL 21206644 1 0 1706822390
WALL 21206644 1 0 1706822391
WALL 21206644 1 0 1706822392
WALL 21206644 1 0 1706822393
WALL 21206644 1 0 1706822394
WALL 21206644 1 0 1706822395
WALL 21206644 1 0 1706822396
WALL 21206644 1 0 1706822397
WALL 21206644 1 0 1706822398
WALL 21206644 1 0 1706822399
WALL 21206644 1 0 1706822400
WALL 21206644 1 0 1706822401
WALL 21206644 1 0 1706822402
WALL 21206644 1 0 1706822403
WALL 21206644 1 0 1706822404
WALL 21206644 1 0 1706822405
WALL 21206644 1 0 1706822406
WALL 21206644 1 0 1706822407
WALL 21206644 1 0 1706822408
WALL 21206644 1 0 1706822409
WALL 21206644 1 0 1706822410
WALL 21206644 1 0 1706822411
WALL 21206644 1 0 1706822412
WALL 21206644 1 0 1706822413
WALL 21206644 1 0 1706822414
WALL 21206644 1 0 1706822415
WALL 21206644 1 0 1706822416
WALL 21206644 1 0 1706822417
WALL 21206644 1 0 1706822418
WALL 21206644 1 0 1706822419
WALL 21206644 1 0 1706822420
WALL 21206644 1 0 1706822421
WALL 21206644 1 0 1706822422
WALL 21206644 1 0 1706822423
WALL 21206644 1 0 1706822424
WALL 21206644 1 0 1706822425
WALL 21206644 1 0 1706822426
WALL 21206644 1 0 1706822427
WALL 21206644 1 0 1706822428
WALL 21206644 1 0 1706822429
WALL 21206644 1 0 1706822430
WALL 21206644 1 0 1706822431
WALL 21206644 1 0 1706822432
WALL 21206644 1 0 1706822433
WALL 21206644 1 0 1706822434
WALL 21206644 1 0 1706822435
WALL 21206644 1 0 1706822436
WALL 21206644 1 0 1706822437
WALL 21206644 1 0 1706822438
WALL 21206644 1 0 1706822439
WALL 21206644 1 0 1706822440
WALL 21206644 1 0 1706822441
WALL 21206644 1 0 1706822442
WALL 21206644 1 0 1706822443
WALL 21206644 1 0 1706822444
WALL 21206644 1 0 1706822445
WALL 21206644 1 0 1706822446
WALL 21206644 1 0 1706822447
WALL 21206644 1 0 1706822448
WALL 21206644 1 0 1706822449
WALL 21206644 1 0 1706822450
WALL 21206644 1 0 1706822451
WALL 21206644 1 0 1706822452
WALL 21206644 1 0 1706822453
WALL 21206644 1 0 1706822454
WALL 21206644 1 0 1706822455
WALL 21206644 1 0 1706822456
WALL 21206644 1 0 1706822457
WALL 21206644 1 0 1706822458
WALL 21206644 1 0 1706822459
WALL 21206644 1 0 1706822460
WALL 21206644 1 0 1706822461
WALL 21206644 1 0 1706822462
WALL 21206644 1 0 1706822463
WALL 21206644 1 0 1706822464
WALL 21206644 1 0 1706822465
WALL 21206644 1 0 1706822466
WALL 21206644 1 0 1706822467
WALL 21206644 1 0 1706822468
WALL 21206644 1 0 1706822469
WALL 21206644 1 0 1706822470
WALL 21206644 1 0 1706822471
WALL 21206644 1 0 1706822472
WALL 21206644 1 0 1706822473
WALL 21206644 1 0 1706822474
WALL 21206644 1 0 1706822475
WALL 21206644 1 0 1706822476
WALL 21206644 1 0 1706822477
WALL 21206644 1 0 1706822478
WALL 21206644 1 0 1706822479
WALL 21206644 1 0 1706822480
WALL 21206644 1 0 1706822481
WALL 21206644 1 0 1706822482
WALL 21206644 1 0 1706822483
WALL 21206644 1 0 1706822484
WALL 21206644 1 0 1706822485
WALL 21206644 1 0 1706822486
WALL 21206644 1 0 1706822487
WALL 21206644 1 0 1706822488
WALL 21206644 1 0 1706822489
WALL 21206644 1 0 1706822490
WALL 21206644 1 0 1706822491
WALL 21206644 1 0 1706822492
WALL 21206644 1 0 1706822493
WALL 21206644 1 0 1706822494
WALL 21206644 1 0 1706822495
WALL 21206644 1 0 1706822496
WALL 21206644 1 0 1706822497
WALL 21206644 1 0 1706822498
WALL 21206644 1 0 1706822499
WALL 21206644 1 0 1706822500
WALL 21206644 1 0 1706822501
WALL 21206644 1 0 1706822502
WALL 21206644 1 0 1706822503
WALL 21206644 1 0 1706822504
WALL 21206644 1 0 1706822505
WALL 21206644 1 0 1706822506
WALL 21206644 1 0 1706822507
WALL 21206644 1 0 1706822508
WALL 21206644 1 0 1706822509
WALL 21206644 1 0 1706822510
WALL 21206644 1 0 1706822511
WALL 21206644 1 0 1706822512
WALL 21206644 1 0 1706822513
WALL 21206644 1 0 1706822514
WALL 21206644 1 0 1706822515
WALL 21206644 1 0 1706822516
WALL 21206644 1 0 1706822517
WALL 21206644 1 0 1706822518
WALL 21206644 1 0 1706822519
WALL 21206644 1 0 1706822520
WALL 21206644 1 0 1706822521
WALL 21206644 1 0 1706822522
WALL 21206644 1 0 1706822523
WALL 21206644 1 0 1706822524
WALL 21206644 1 0 1706822525
WALL 21206644 1 0 1706822526
WALL 21206644 1 0 1706822527
WALL 21206644 1 0 1706822528
WALL 21206644 1 0 1706822529
WALL 21206644 1 0 1706822530
WALL 21206644 1 0 1706822531
WALL 21206644 1 0 1706822532
WALL 21206644 1 0 1706822533
WALL 21206644 1 0 1706822534
WALL 21206644 1 0 1706822535
WALL 21206644 1 0 1706822536
WALL 21206644 1 0 1706822537
WALL 21206644 1 0 1706822538
WALL 21206644 1 0 1706822539
WALL 21206644 1 0 1706822540
WALL 21206644 1 0 1706822541
WALL 21206644 1 0 1706822542
WALL 21206644 1 0 1706822543
WALL 21206644 1 0 1706822544
WALL 21206644 1 0 1706822545
WALL 21206644 1 0 1706822546
WALL 21206644 1 0 1706822547
WALL 21206644 1 0 1706822548
WALL 21206644 1 0 1706822549
WALL 21206644 1 0 1706822550
WALL 21206644 1 0 1706822551
WALL 21206644 1 0 1706822552
WALL 21206644 1 0 1706822553
WALL 21206644 1 0 1706822554
WALL 21206644 1 0 1706822555
WALL 21206644 1 0 1706822556
WALL 21206644 1 0 1706822557
WALL 21206644 1 0 1706822558
WALL 21206644 1 0 1706822559
WALL 21206644 1 0 1706822560
WALL 21206644 1 0 1706822561
WALL 21206644 1 0 1706822562
WALL 21206644 1 0 1706822563
WALL 21206644 1 0 1706822564
WALL 21206644 1 0 1706822565
WALL 21206644 1 0 1706822566
WALL 21206644 1 0 1706822567
WALL 21206644 1 0 1706822568
WALL 21206644 1 0 1706822569
WALL 21206644 1 0 1706822570
WALL 21206644 1 0 1706822571
WALL 21206644 1 0 1706822572
WALL 21206644 1 0 1706822573
WALL 21206644 1 0 1706822574
WALL 21206644 1 0 1706822575
WALL 21206644 1 0 1706822576
WALL 21206644 1 0 1706822577
WALL 21206644 1 0 1706822578
WALL 21206644 1 0 1706822579
WALL 21206644 1 0 1706822580
WALL 21206644 1 0 1706822581
WALL 21206644 1 0 1706822582
WALL 21206644 1 0 1706822583
WALL 21206644 1 0 1706822584
WALL 21206644 1 0 1706822585
WALL 21206644 1 0 1706822586
WALL 21206644 1 0 1706822587
WALL 21206644 1 0 1706822588
WALL 21206644 1 0 1706822589
WALL 21206644 1 0 1706822590
WALL 21206644 1 0 1706822591
WALL 21206644 1 0 1706822592
WALL 21206644 1 0 1706822593
WALL 21206644 1 0 1706822594
WALL 21206644 1 0 1706822595
WALL 21206644 1 0 1706822596
WALL 21206644 1 0 1706822597
WALL 21206644 1 0 1706822598
WALL 21206644 1 0 1706822599
WALL 21206644 1 0 1706822600
WALL 21206644 1 0 1706822601
WALL 21206644 1 0 1706822602
WALL 21206644 1 0 1706822603
WALL 21206644 1 0 1706822604
WALL 21206644 1 0 1706822605
WALL 21206644 1 0 1706822606
WALL 21206644 1 0 1706822607
WALL 21206644 1 0 1706822608
WALL 21206644 1 0 1706822609
WALL 21206644 1 0 1706822610
WALL 21206644 1 0 1706822611
WALL 21206644 1 0 1706822612
WALL 21206644 1 0 1706822613
WALL 21206644 1 0 1706822614
WALL 21206644 1 0 1706822615
WALL 21206644 1 0 1706822616
WALL 21206644 1 0 1706822617
WALL 21206644 1 0 1706822618
WALL 21206644 1 0 1706822619
WALL 21206644 1 0 1706822620
WALL 21206644 1 0 1706822621
WALL 21206644 1 0 1706822622
WALL 21206644 1 0 1706822623
WALL 21206644 1 0 1706822624
WALL 21206644 1 0 1706822625
WALL 21206644 1 0 1706822626
WALL 21206644 1 0 1706822627
WALL 21206644 1 0 1706822628
WALL 21206644 1 0 1706822629
WALL 21206644 1 0 1706822630
WALL 21206644 1 0 1706822631
WALL 21206644 1 0 1706822632
WALL 21206644 1 0 1706822633
WALL 21206644 1 0 1706822634
WALL 21206644 1 0 1706822635
WALL 21206644 1 0 1706822636
WALL 21206644 1 0 1706822637
WALL 21206644 1 0 1706822638
WALL 21206644 1 0 1706822639
WALL 21206644 1 0 1706822640
WALL 21206644 1 0 1706822641
WALL 21206644 1 0 1706822642
WALL 21206644 1 0 1706822643
WALL 21206644 1 0 1706822644
WALL 21206644 1 0 1706822645
WALL 21206644 1 0 1706822646
WALL 21206644 1 0 1706822647
WALL 21206644 1 0 1706822648
WALL 21206644 1 0 1706822649
WALL 21206644 1 0 1706822650
WALL 21206644 1 0 1706822651
WALL 21206644 1 0 1706822652
WALL 21206644 1 0 1706822653
WALL 21206644 1 0 1706822654
WALL 21206644 1 0 1706822655
WALL 21206644 1 0 1706822656
WALL 21206644 1 0 1706822657
WALL 21206644 1 0 1706822658
WALL 21206644 1 0 1706822659
WALL 21206644 1 0 1706822660
WALL 21206644 1 0 1706822661
WALL 21206644 1 0 1706822662
WALL 21206644 1 0 1706822663
WALL 21206644 1 0 1706822664
WALL 21206644 1 0 1706822665
WALL 21206644 1 0 1706822666
WALL 21206644 1 0 1706822667
WALL 21206644 1 0 1706822668
WALL 21206644 1 0 1706822669
WALL 21206644 1 0 1706822670
WALL 21206644 1 0 1706822671
WALL 21206644 1 0 1706822672
WALL 21206644 1 0 1706822673
WALL 21206644 1 0 1706822674
WALL 21206644 1 0 1706822675
WALL 21206644 1 0 1706822676
WALL 21206644 1 0 1706822677
WALL 21206644 1 0 1706822678
WALL 21206644 1 0 1706822679
WALL 21206644 1 0 1706822680
WALL 21206644 1 0 1706822681
WALL 21206644 1 0 1706822682
WALL 21206644 1 0 1706822683
WALL 21206644 1 0 1706822684
WALL 21206644 1 0 1706822685
WALL 21206644 1 0 1706822686
WALL 21206644 1 0 1706822687
WALL 21206644 1 0 1706822688
WALL 21206644 1 0 1706822689
WALL 21206644 1 0 1706822690
WALL 21206644 1 0 1706822691
WALL 21206644 1 0 1706822692
WALL 21206644 1 0 1706822693
WALL 21206644 1 0 1706822694
WALL 21206644 1 0 1706822695
WALL 21206644 1 0 1706822696
WALL 21206644 1 0 1706822697
WALL 21206644 1 0 1706822698
WALL 21206644 1 0 1706822699
WALL 21206644 1 0 1706822700
WALL 21206644 1 0 1706822701
WALL 21206644 1 0 1706822702
WALL 21206644 1 0 1706822703
WALL 21206644 1 0 1706822704
WALL 21206644 1 0 1706822705
WALL 21206644 1 0 1706822706
WALL 21206644 1 0 1706822707
WALL 21206644 1 0 1706822708
WALL 21206644 1 0 1706822709
WALL 21206644 1 0 1706822710
WALL 21206644 1 0 1706822711
WALL 21206644 1 0 1706822712
WALL 21206644 1 0 1706822713
WALL 21206644 1 0 1706822714
WALL 21206644 1 0 1706822715
WALL 21206644 1 0 1706822716
WALL 21206644 1 0 1706822717
WALL 21206644 1 0 1706822718
WALL 21206644 1 0 1706822719
WALL 21206644 1 0 1706822720
WALL 21206644 1 0 1706822721
WALL 21206644 1 0 1706822722
WALL 21206644 1 0 1706822723
WALL 21206644 1 0 1706822724
WALL 21206644 1 0 1706822725
WALL 21206644 1 0 1706822726
WALL 21206644 1 0 1706822727
WALL 21206644 1 0 1706822728
WALL 21206644 1 0 1706822729
WALL 21206644 1 0 1706822730
WALL 21206644 1 0 1706822731
WALL 21206644 1 0 1706822732
WALL 21206644 1 0 1706822733
WALL 21206644 1 0 1706822734
WALL 21206644 1 0 1706822735
WALL 21206644 1 0 1706822736
WALL 21206644 1 0 1706822737
WALL 21206644 1 0 1706822738
WALL 21206644 1 0 1706822739
WALL 21206644 1 0 1706822740
WALL 21206644 1 0 1706822741
WALL 21206644 1 0 1706822742
WALL 21206644 1 0 1706822743
WALL 21206644 1 0 1706822744
WALL 21206644 1 0 1706822745
WALL 21206644 1 0 1706822746
WALL 21206644 1 0 1706822747
WALL 21206644 1 0 1706822748
WALL 21206644 1 0 1706822749
WALL 21206644 1 0 1706822750
WALL 21206644 1 0 1706822751
WALL 21206644 1 0 1706822752
WALL 21206644 1 0 1706822753
WALL 21206644 1 0 1706822754
WALL 21206644 1 0 1706822755
WALL 21206644 1 0 1706822756
WALL 21206644 1 0 1706822757
WALL 21206644 1 0 1706822758
WALL 21206644 1 0 1706822759
WALL 21206644 1 0 1706822760
WALL 21206644 1 0 1706822761
WALL 21206644 1 0 1706822762
WALL 21206644 1 0 1706822763
WALL 21206644 1 0 1706822764
WALL 21206644 1 0 1706822765
WALL 21206644 1 0 1706822766
WALL 21206644 1 0 1706822767
WALL 21206644 1 0 1706822768
WALL 21206644 1 0 1706822769
WALL 21206644 1 0 1706822770
WALL 21206644 1 0 1706822771
WALL 21206644 1 0 1706822772
WALL 21206644 1 0 1706822773
WALL 21206644 1 0 1706822774
WALL 21206644 1 0 1706822775
WALL 21206644 1 0 1706822776
WALL 21206644 1 0 1706822777
WALL 21206644 1 0 1706822778
WALL 21206644 1 0 1706822779
WALL 21206644 1 0 1706822780
WALL 21206644 1 0 1706822781
WALL 21206644 1 0 1706822782
WALL 21206644 1 0 1706822783
WALL 21206644 1 0 1706822784
WALL 21206644 1 0 1706822785
WALL 21206644 1 0 1706822786
WALL 21206644 1 0 1706822787
WALL 21206644 1 0 1706822788
WALL 21206644 1 0 1706822789
WALL 21206644 1 0 1706822790
WALL 21206644 1 0 1706822791
WALL 21206644 1 0 1706822792
WALL 21206644 1 0 1706822793
WALL 21206644 1 0 1706822794
WALL 21206644 1 0 1706822795
WALL 21206644 1 0 1706822796
WALL 21206644 1 0 1706822797
WALL 21206644 1 0 1706822798
WALL 21206644 1 0 1706822799
WALL 21206644 1 0 1706822800
WALL 21206644 1 0 1706822801
WALL 21206644 1 0 1706822802
WALL 21206644 1 0 1706822803
WALL 21206644 1 0 1706822804
WALL 21206644 1 0 1706822805
WALL 21206644 1 0 1706822806
WALL 21206644 1 0 1706822807
WALL 21206644 1 0 1706822808
WALL 21206644 1 0 1706822809
WALL 21206644 1 0 1706822810
WALL 21206644 1 0 1706822811
WALL 21206644 1 0 1706822812
WALL 21206644 1 0 1706822813
WALL 21206644 1 0 1706822814
WALL 21206644 1 0 1706822815
WALL 21206644 1 0 1706822816
WALL 21206644 1 0 1706822817
WALL 21206644 1 0 1706822818
WALL 21206644 1 0 1706822819
WALL 21206644 1 0 1706822820
WALL 21206644 1 0 1706822821
WALL 21206644 1 0 1706822822
WALL 21206644 1 0 1706822823
WALL 21206644 1 0 1706822824
WALL 21206644 1 0 1706822825
WALL 21206644 1 0 1706822826
WALL 21206644 1 0 1706822827
WALL 21206644 1 0 1706822828
WALL 21206644 1 0 1706822829
WALL 21206644 1 0 1706822830
WALL 21206644 1 0 1706822831
WALL 21206644 1 0 1706822832
WALL 21206644 1 0 1706822833
WALL 21206644 1 0 1706822834
WALL 21206644 1 0 1706822835
WALL 21206644 1 0 1706822836
WALL 21206644 1 0 1706822837
WALL 21206644 1 0 1706822838
WALL 21206644 1 0 1706822839
WALL 21206644 1 0 1706822840
WALL 21206644 1 0 1706822841
WALL 21206644 1 0 1706822842
WALL 21206644 1 0 1706822843
WALL 21206644 1 0 1706822844
WALL 21206644 1 0 1706822845
WALL 21206644 1 0 1706822846
WALL 21206644 1 0 1706822847
WALL 21206644 1 0 1706822848
WALL 21206644 1 0 1706822849
WALL 21206644 1 0 1706822850
WALL 21206644 1 0 1706822851
WALL 21206644 1 0 1706822852
WALL 21206644 1 0 1706822853
WALL 21206644 1 0 1706822854
WALL 21206644 1 0 1706822855
WALL 21206644 1 0 1706822856
WALL 21206644 1 0 1706822857
WALL 21206644 1 0 1706822858
WALL 21206644 1 0 1706822859
WALL 21206644 1 0 1706822860
WALL 21206644 1 0 1706822861
WALL 21206644 1 0 1706822862
WALL 21206644 1 0 1706822863
WALL 21206644 1 0 1706822864
WALL 21206644 1 0 1706822865
WALL 21206644 1 0 1706822866
WALL 21206644 1 0 1706822867
WALL 21206644 1 0 1706822868
WALL 21206644 1 0 1706822869
WALL 21206644 1 0 1706822870
WALL 21206644 1 0 1706822871
WALL 21206644 1 0 1706822872
WALL 21206644 1 0 1706822873
WALL 21206644 1 0 1706822874
WALL 21206644 1 0 1706822875
WALL 21206644 1 0 1706822876
WALL 21206644 1 0 1706822877
WALL 21206644 1 0 1706822878
WALL 21206644 1 0 1706822879
WALL 21206644 1 0 1706822880
WALL 21206644 1 0 1706822881
WALL 21206644 1 0 1706822882
WALL 21206644 1 0 1706822883
WALL 21206644 1 0 1706822884
WALL 21206644 1 0 1706822885
WALL 21206644 1 0 1706822886
WALL 21206644 1 0 1706822887
WALL 21206644 1 0 1706822888
WALL 21206644 1 0 1706822889
WALL 21206644 1 0 1706822890
WALL 21206644 1 0 1706822891
WALL 21206644 1 0 1706822892
WALL 21206644 1 0 1706822893
WALL 21206644 1 0 1706822894
WALL 21206644 1 0 1706822895
WALL 21206644 1 0 1706822896
WALL 21206644 1 0 1706822897
WALL 21206644 1 0 1706822898
WALL 21206644 1 0 1706822899
WALL 21206644 1 0 1706822900
WALL 21206644 1 0 1706822901
WALL 21206644 1 0 1706822902
WALL 21206644 1 0 1706822903
WALL 21206644 1 0 1706822904
WALL 21206644 1 0 1706822905
WALL 21206644 1 0 1706822906
WALL 21206644 1 0 1706822907
WALL 21206644 1 0 1706822908
WALL 21206644 1 0 1706822909
WALL 21206644 1 0 1706822910
WALL 21206644 1 0 1706822911
WALL 21206644 1 0 1706822912
WALL 21206644 1 0 1706822913
WALL 21206644 1 0 1706822914
WALL 21206644 1 0 1706822915
WALL 21206644 1 0 1706822916
WALL 21206644 1 0 1706822917
WALL 21206644 1 0 1706822918
WALL 21206644 1 0 1706822919
WALL 21206644 1 0 1706822920
WALL 21206644 1 0 1706822921
WALL 21206644 1 0 1706822922
WALL 21206644 1 0 1706822923
WALL 21206644 1 0 1706822924
WALL 21206644 1 0 1706822925
WALL 21206644 1 0 1706822926
WALL 21206644 1 0 1706822927
WALL 21206644 1 0 1706822928
WALL 21206644 1 0 1706822929
WALL 21206644 1 0 1706822930
WALL 21206644 1 0 1706822931
WALL 21206644 1 0 1706822932
WALL 21206644 1 0 1706822933
WALL 21206644 1 0 1706822934
WALL 21206644 1 0 1706822935
WALL 21206644 1 0 1706822936
WALL 21206644 1 0 1706822937
WALL 21206644 1 0 1706822938
WALL 21206644 1 0 1706822939
WALL 21206644 1 0 1706822940
WALL 21206644 1 0 1706822941
WALL 21206644 1 0 1706822942
WALL 21206644 1 0 1706822943
WALL 21206644 1 0 1706822944
WALL 21206644 1 0 1706822945
WALL 21206644 1 0 1706822946
WALL 21206644 1 0 1706822947
WALL 21206644 1 0 1706822948
WALL 21206644 1 0 1706822949
WALL 21206644 1 0 1706822950
WALL 21206644 1 0 1706822951
WALL 21206644 1 0 1706822952
WALL 21206644 1 0 1706822953
WALL 21206644 1 0 1706822954
WALL 21206644 1 0 1706822955
WALL 21206644 1 0 1706822956
WALL 21206644 1 0 1706822957
WALL 21206644 1 0 1706822958
WALL 21206644 1 0 1706822959
WALL 21206644 1 0 1706822960
WALL 21206644 1 0 1706822961
WALL 21206644 1 0 1706822962
WALL 21206644 1 0 1706822963
WALL 21206644 1 0 1706822964
WALL 21206644 1 0 1706822965
WALL 21206644 1 0 1706822966
WALL 21206644 1 0 1706822967
WALL 21206644 1 0 1706822968
WALL 21206644 1 0 1706822969
WALL 21206644 1 0 1706822970
WALL 21206644 1 0 1706822971
WALL 21206644 1 0 1706822972
WALL 21206644 1 0 1706822973
WALL 21206644 1 0 1706822974
WALL 21206644 1 0 1706822975
WALL 21206644 1 0 1706822976
WALL 21206644 1 0 1706822977
WALL 21206644 1 0 1706822978
WALL 21206644 1 0 1706822979
WALL 21206644 1 0 1706822980
WALL 21206644 1 0 1706822981
WALL 21206644 1 0 1706822982
WALL 21206644 1 0 1706822983
WALL 21206644 1 0 1706822984
WALL 21206644 1 0 1706822985
WALL 21206644 1 0 1706822986
WALL 21206644 1 0 1706822987
WALL 21206644 1 0 1706822988
WALL 21206644 1 0 1706822989
WALL 21206644 1 0 1706822990
WALL 21206644 1 0 1706822991
WALL 21206644 1 0 1706822992
WALL 21206644 1 0 1706822993
received SIGCONT 1706822994
WALL 21206644 1 0 1706822994
slurmstepd: error: *** STEP 21206644.0 ON nid200003 CANCELLED AT 2024-02-01T21:29:54 ***
received SIGTERM 1706822994
WALL 21206644 1 0 1706822994
WALL 21206644 1 0 1706822995
WALL 21206644 1 0 1706822996
WALL 21206644 1 0 1706822997
WALL 21206644 1 0 1706822998
WALL 21206644 1 0 1706822999
WALL 21206644 1 0 1706823000
WALL 21206644 1 0 1706823001
WALL 21206644 1 0 1706823002
WALL 21206644 1 0 1706823003
WALL 21206644 1 0 1706823004
WALL 21206644 1 0 1706823005
WALL 21206644 1 0 1706823006
WALL 21206644 1 0 1706823007
WALL 21206644 1 0 1706823008
WALL 21206644 1 0 1706823009
WALL 21206644 1 0 1706823010
WALL 21206644 1 0 1706823011
WALL 21206644 1 0 1706823012
WALL 21206644 1 0 1706823013
WALL 21206644 1 0 1706823014
WALL 21206644 1 0 1706823015
WALL 21206644 1 0 1706823016
WALL 21206644 1 0 1706823017
WALL 21206644 1 0 1706823018
WALL 21206644 1 0 1706823019
WALL 21206644 1 0 1706823020
WALL 21206644 1 0 1706823021
WALL 21206644 1 0 1706823022
WALL 21206644 1 0 1706823023
WALL 21206644 1 0 1706823024
WALL 21206644 1 0 1706823025
WALL 21206644 1 0 1706823026
WALL 21206644 1 0 1706823027
WALL 21206644 1 0 1706823028
WALL 21206644 1 0 1706823029
WALL 21206644 1 0 1706823030
WALL 21206644 1 0 1706823031
WALL 21206644 1 0 1706823032
WALL 21206644 1 0 1706823033
WALL 21206644 1 0 1706823034
WALL 21206644 1 0 1706823035
WALL 21206644 1 0 1706823036
WALL 21206644 1 0 1706823037
WALL 21206644 1 0 1706823038
WALL 21206644 1 0 1706823039
WALL 21206644 1 0 1706823040
WALL 21206644 1 0 1706823041
WALL 21206644 1 0 1706823042
WALL 21206644 1 0 1706823043
WALL 21206644 1 0 1706823044
WALL 21206644 1 0 1706823045
WALL 21206644 1 0 1706823046
WALL 21206644 1 0 1706823047
WALL 21206644 1 0 1706823048
WALL 21206644 1 0 1706823049
WALL 21206644 1 0 1706823050
WALL 21206644 1 0 1706823051
WALL 21206644 1 0 1706823052
WALL 21206644 1 0 1706823053
WALL 21206644 1 0 1706823054
WALL 21206644 1 0 1706823055
WALL 21206644 1 0 1706823056
WALL 21206644 1 0 1706823057
WALL 21206644 1 0 1706823058
WALL 21206644 1 0 1706823059
WALL 21206644 1 0 1706823060
WALL 21206644 1 0 1706823061
WALL 21206644 1 0 1706823062
WALL 21206644 1 0 1706823063
WALL 21206644 1 0 1706823064
WALL 21206644 1 0 1706823065
slurmstepd: error: *** JOB 21206644 ON nid200003 CANCELLED AT 2024-02-01T21:31:06 DUE TO PREEMPTION ***
received SIGTERM 1706823066
WALL 21206644 1 0 1706823066
received SIGCONT 1706823066
WALL 21206644 1 0 1706823066
received SIGTERM 1706823066
WALL 21206644 1 0 1706823066
