WALL 21245755 1 0 1706914039
WALL 21245755 1 0 1706914040
WALL 21245755 1 0 1706914041
WALL 21245755 1 0 1706914042
WALL 21245755 1 0 1706914043
WALL 21245755 1 0 1706914044
WALL 21245755 1 0 1706914045
WALL 21245755 1 0 1706914046
WALL 21245755 1 0 1706914047
WALL 21245755 1 0 1706914048
WALL 21245755 1 0 1706914049
WALL 21245755 1 0 1706914050
WALL 21245755 1 0 1706914051
WALL 21245755 1 0 1706914052
WALL 21245755 1 0 1706914053
WALL 21245755 1 0 1706914054
WALL 21245755 1 0 1706914055
WALL 21245755 1 0 1706914056
WALL 21245755 1 0 1706914057
WALL 21245755 1 0 1706914058
WALL 21245755 1 0 1706914059
WALL 21245755 1 0 1706914060
WALL 21245755 1 0 1706914061
WALL 21245755 1 0 1706914062
WALL 21245755 1 0 1706914063
WALL 21245755 1 0 1706914064
WALL 21245755 1 0 1706914065
WALL 21245755 1 0 1706914066
WALL 21245755 1 0 1706914067
WALL 21245755 1 0 1706914068
WALL 21245755 1 0 1706914069
WALL 21245755 1 0 1706914070
WALL 21245755 1 0 1706914071
WALL 21245755 1 0 1706914072
WALL 21245755 1 0 1706914073
WALL 21245755 1 0 1706914074
WALL 21245755 1 0 1706914075
WALL 21245755 1 0 1706914076
WALL 21245755 1 0 1706914077
WALL 21245755 1 0 1706914078
WALL 21245755 1 0 1706914079
WALL 21245755 1 0 1706914080
WALL 21245755 1 0 1706914081
WALL 21245755 1 0 1706914082
WALL 21245755 1 0 1706914083
WALL 21245755 1 0 1706914084
WALL 21245755 1 0 1706914085
WALL 21245755 1 0 1706914086
WALL 21245755 1 0 1706914087
WALL 21245755 1 0 1706914088
WALL 21245755 1 0 1706914089
WALL 21245755 1 0 1706914090
WALL 21245755 1 0 1706914091
WALL 21245755 1 0 1706914092
WALL 21245755 1 0 1706914093
WALL 21245755 1 0 1706914094
WALL 21245755 1 0 1706914095
WALL 21245755 1 0 1706914096
WALL 21245755 1 0 1706914097
WALL 21245755 1 0 1706914098
WALL 21245755 1 0 1706914099
WALL 21245755 1 0 1706914100
WALL 21245755 1 0 1706914101
WALL 21245755 1 0 1706914102
WALL 21245755 1 0 1706914103
WALL 21245755 1 0 1706914104
WALL 21245755 1 0 1706914105
WALL 21245755 1 0 1706914106
slurmstepd: error: *** STEP 21245755.0 ON nid200060 CANCELLED AT 2024-02-02T22:48:27 ***
received SIGTERM 1706914107
WALL 21245755 1 0 1706914107
received SIGCONT 1706914107
WALL 21245755 1 0 1706914107
WALL 21245755 1 0 1706914108
WALL 21245755 1 0 1706914109
WALL 21245755 1 0 1706914110
WALL 21245755 1 0 1706914111
WALL 21245755 1 0 1706914112
WALL 21245755 1 0 1706914113
WALL 21245755 1 0 1706914114
WALL 21245755 1 0 1706914115
WALL 21245755 1 0 1706914116
WALL 21245755 1 0 1706914117
WALL 21245755 1 0 1706914118
WALL 21245755 1 0 1706914119
WALL 21245755 1 0 1706914120
WALL 21245755 1 0 1706914121
WALL 21245755 1 0 1706914122
WALL 21245755 1 0 1706914123
WALL 21245755 1 0 1706914124
WALL 21245755 1 0 1706914125
WALL 21245755 1 0 1706914126
WALL 21245755 1 0 1706914127
WALL 21245755 1 0 1706914128
WALL 21245755 1 0 1706914129
WALL 21245755 1 0 1706914130
WALL 21245755 1 0 1706914131
WALL 21245755 1 0 1706914132
WALL 21245755 1 0 1706914133
WALL 21245755 1 0 1706914134
WALL 21245755 1 0 1706914135
WALL 21245755 1 0 1706914136
WALL 21245755 1 0 1706914137
WALL 21245755 1 0 1706914138
WALL 21245755 1 0 1706914139
WALL 21245755 1 0 1706914140
WALL 21245755 1 0 1706914141
WALL 21245755 1 0 1706914142
WALL 21245755 1 0 1706914143
WALL 21245755 1 0 1706914144
WALL 21245755 1 0 1706914145
WALL 21245755 1 0 1706914146
WALL 21245755 1 0 1706914147
WALL 21245755 1 0 1706914148
WALL 21245755 1 0 1706914149
WALL 21245755 1 0 1706914150
WALL 21245755 1 0 1706914151
WALL 21245755 1 0 1706914152
WALL 21245755 1 0 1706914153
WALL 21245755 1 0 1706914154
WALL 21245755 1 0 1706914155
WALL 21245755 1 0 1706914156
WALL 21245755 1 0 1706914157
WALL 21245755 1 0 1706914158
WALL 21245755 1 0 1706914159
WALL 21245755 1 0 1706914160
WALL 21245755 1 0 1706914161
WALL 21245755 1 0 1706914162
WALL 21245755 1 0 1706914163
WALL 21245755 1 0 1706914164
WALL 21245755 1 0 1706914165
WALL 21245755 1 0 1706914166
WALL 21245755 1 0 1706914167
WALL 21245755 1 0 1706914168
WALL 21245755 1 0 1706914169
WALL 21245755 1 0 1706914170
WALL 21245755 1 0 1706914171
WALL 21245755 1 0 1706914172
WALL 21245755 1 0 1706914173
WALL 21245755 1 0 1706914174
WALL 21245755 1 0 1706914175
WALL 21245755 1 0 1706914176
WALL 21245755 1 0 1706914177
WALL 21245755 1 0 1706914178
WALL 21245755 1 0 1706914179
WALL 21245755 1 0 1706914180
WALL 21245755 1 0 1706914181
WALL 21245755 1 0 1706914182
WALL 21245755 1 0 1706914183
WALL 21245755 1 0 1706914184
WALL 21245755 1 0 1706914185
WALL 21245755 1 0 1706914186
WALL 21245755 1 0 1706914187
WALL 21245755 1 0 1706914188
WALL 21245755 1 0 1706914189
WALL 21245755 1 0 1706914190
WALL 21245755 1 0 1706914191
WALL 21245755 1 0 1706914192
WALL 21245755 1 0 1706914193
WALL 21245755 1 0 1706914194
WALL 21245755 1 0 1706914195
WALL 21245755 1 0 1706914196
WALL 21245755 1 0 1706914197
WALL 21245755 1 0 1706914198
WALL 21245755 1 0 1706914199
WALL 21245755 1 0 1706914200
WALL 21245755 1 0 1706914201
WALL 21245755 1 0 1706914202
WALL 21245755 1 0 1706914203
WALL 21245755 1 0 1706914204
WALL 21245755 1 0 1706914205
WALL 21245755 1 0 1706914206
WALL 21245755 1 0 1706914207
WALL 21245755 1 0 1706914208
WALL 21245755 1 0 1706914209
WALL 21245755 1 0 1706914210
WALL 21245755 1 0 1706914211
WALL 21245755 1 0 1706914212
WALL 21245755 1 0 1706914213
WALL 21245755 1 0 1706914214
WALL 21245755 1 0 1706914215
WALL 21245755 1 0 1706914216
WALL 21245755 1 0 1706914217
WALL 21245755 1 0 1706914218
WALL 21245755 1 0 1706914219
WALL 21245755 1 0 1706914220
WALL 21245755 1 0 1706914221
WALL 21245755 1 0 1706914222
WALL 21245755 1 0 1706914223
WALL 21245755 1 0 1706914224
WALL 21245755 1 0 1706914225
WALL 21245755 1 0 1706914226
WALL 21245755 1 0 1706914227
WALL 21245755 1 0 1706914228
WALL 21245755 1 0 1706914229
WALL 21245755 1 0 1706914230
WALL 21245755 1 0 1706914231
WALL 21245755 1 0 1706914232
WALL 21245755 1 0 1706914233
WALL 21245755 1 0 1706914234
WALL 21245755 1 0 1706914235
WALL 21245755 1 0 1706914236
WALL 21245755 1 0 1706914237
WALL 21245755 1 0 1706914238
WALL 21245755 1 0 1706914239
WALL 21245755 1 0 1706914240
WALL 21245755 1 0 1706914241
WALL 21245755 1 0 1706914242
WALL 21245755 1 0 1706914243
WALL 21245755 1 0 1706914244
WALL 21245755 1 0 1706914245
WALL 21245755 1 0 1706914246
WALL 21245755 1 0 1706914247
WALL 21245755 1 0 1706914248
WALL 21245755 1 0 1706914249
WALL 21245755 1 0 1706914250
WALL 21245755 1 0 1706914251
slurmstepd: error: *** JOB 21245755 ON nid200060 CANCELLED AT 2024-02-02T22:50:51 DUE TO PREEMPTION ***
received SIGTERM 1706914251
WALL 21245755 1 0 1706914251
received SIGCONT 1706914251
WALL 21245755 1 0 1706914251
received SIGTERM 1706914251
WALL 21245755 1 0 1706914251
