srun: warning: can't run 1 processes on 2 nodes, setting nnodes to 1
WALL 21206416 1 0 1706820268
WALL 21206416 1 0 1706820269
WALL 21206416 1 0 1706820270
WALL 21206416 1 0 1706820271
WALL 21206416 1 0 1706820272
WALL 21206416 1 0 1706820273
WALL 21206416 1 0 1706820274
WALL 21206416 1 0 1706820275
WALL 21206416 1 0 1706820276
WALL 21206416 1 0 1706820277
WALL 21206416 1 0 1706820278
WALL 21206416 1 0 1706820279
WALL 21206416 1 0 1706820280
WALL 21206416 1 0 1706820281
WALL 21206416 1 0 1706820282
WALL 21206416 1 0 1706820283
WALL 21206416 1 0 1706820284
WALL 21206416 1 0 1706820285
WALL 21206416 1 0 1706820286
WALL 21206416 1 0 1706820287
WALL 21206416 1 0 1706820288
WALL 21206416 1 0 1706820289
WALL 21206416 1 0 1706820290
WALL 21206416 1 0 1706820291
WALL 21206416 1 0 1706820292
WALL 21206416 1 0 1706820293
WALL 21206416 1 0 1706820294
WALL 21206416 1 0 1706820295
WALL 21206416 1 0 1706820296
WALL 21206416 1 0 1706820297
WALL 21206416 1 0 1706820298
WALL 21206416 1 0 1706820299
WALL 21206416 1 0 1706820300
WALL 21206416 1 0 1706820301
WALL 21206416 1 0 1706820302
WALL 21206416 1 0 1706820303
WALL 21206416 1 0 1706820304
WALL 21206416 1 0 1706820305
WALL 21206416 1 0 1706820306
WALL 21206416 1 0 1706820307
WALL 21206416 1 0 1706820308
WALL 21206416 1 0 1706820309
WALL 21206416 1 0 1706820310
WALL 21206416 1 0 1706820311
WALL 21206416 1 0 1706820312
WALL 21206416 1 0 1706820313
WALL 21206416 1 0 1706820314
WALL 21206416 1 0 1706820315
WALL 21206416 1 0 1706820316
WALL 21206416 1 0 1706820317
WALL 21206416 1 0 1706820318
WALL 21206416 1 0 1706820319
WALL 21206416 1 0 1706820320
WALL 21206416 1 0 1706820321
WALL 21206416 1 0 1706820322
WALL 21206416 1 0 1706820323
WALL 21206416 1 0 1706820324
WALL 21206416 1 0 1706820325
WALL 21206416 1 0 1706820326
WALL 21206416 1 0 1706820327
WALL 21206416 1 0 1706820328
WALL 21206416 1 0 1706820329
WALL 21206416 1 0 1706820330
WALL 21206416 1 0 1706820331
WALL 21206416 1 0 1706820332
WALL 21206416 1 0 1706820333
WALL 21206416 1 0 1706820334
WALL 21206416 1 0 1706820335
WALL 21206416 1 0 1706820336
WALL 21206416 1 0 1706820337
WALL 21206416 1 0 1706820338
WALL 21206416 1 0 1706820339
WALL 21206416 1 0 1706820340
WALL 21206416 1 0 1706820341
WALL 21206416 1 0 1706820342
WALL 21206416 1 0 1706820343
WALL 21206416 1 0 1706820344
WALL 21206416 1 0 1706820345
WALL 21206416 1 0 1706820346
WALL 21206416 1 0 1706820347
WALL 21206416 1 0 1706820348
WALL 21206416 1 0 1706820349
WALL 21206416 1 0 1706820350
WALL 21206416 1 0 1706820351
WALL 21206416 1 0 1706820352
WALL 21206416 1 0 1706820353
WALL 21206416 1 0 1706820354
WALL 21206416 1 0 1706820355
WALL 21206416 1 0 1706820356
WALL 21206416 1 0 1706820357
WALL 21206416 1 0 1706820358
WALL 21206416 1 0 1706820359
WALL 21206416 1 0 1706820360
WALL 21206416 1 0 1706820361
WALL 21206416 1 0 1706820362
WALL 21206416 1 0 1706820363
WALL 21206416 1 0 1706820364
WALL 21206416 1 0 1706820365
WALL 21206416 1 0 1706820366
WALL 21206416 1 0 1706820367
WALL 21206416 1 0 1706820368
WALL 21206416 1 0 1706820369
WALL 21206416 1 0 1706820370
WALL 21206416 1 0 1706820371
WALL 21206416 1 0 1706820372
WALL 21206416 1 0 1706820373
received SIGCONT 1706820374
WALL 21206416 1 0 1706820374
slurmstepd: error: *** STEP 21206416.0 ON nid200039 CANCELLED AT 2024-02-01T20:46:14 ***
received SIGTERM 1706820374
WALL 21206416 1 0 1706820374
WALL 21206416 1 0 1706820375
WALL 21206416 1 0 1706820376
WALL 21206416 1 0 1706820377
WALL 21206416 1 0 1706820378
WALL 21206416 1 0 1706820379
WALL 21206416 1 0 1706820380
WALL 21206416 1 0 1706820381
WALL 21206416 1 0 1706820382
WALL 21206416 1 0 1706820383
WALL 21206416 1 0 1706820384
WALL 21206416 1 0 1706820385
WALL 21206416 1 0 1706820386
WALL 21206416 1 0 1706820387
WALL 21206416 1 0 1706820388
WALL 21206416 1 0 1706820389
WALL 21206416 1 0 1706820390
WALL 21206416 1 0 1706820391
WALL 21206416 1 0 1706820392
WALL 21206416 1 0 1706820393
WALL 21206416 1 0 1706820394
WALL 21206416 1 0 1706820395
WALL 21206416 1 0 1706820396
WALL 21206416 1 0 1706820397
WALL 21206416 1 0 1706820398
WALL 21206416 1 0 1706820399
WALL 21206416 1 0 1706820400
WALL 21206416 1 0 1706820401
WALL 21206416 1 0 1706820402
WALL 21206416 1 0 1706820403
WALL 21206416 1 0 1706820404
WALL 21206416 1 0 1706820405
WALL 21206416 1 0 1706820406
WALL 21206416 1 0 1706820407
WALL 21206416 1 0 1706820408
WALL 21206416 1 0 1706820409
WALL 21206416 1 0 1706820410
WALL 21206416 1 0 1706820411
WALL 21206416 1 0 1706820412
WALL 21206416 1 0 1706820413
WALL 21206416 1 0 1706820414
WALL 21206416 1 0 1706820415
WALL 21206416 1 0 1706820416
WALL 21206416 1 0 1706820417
WALL 21206416 1 0 1706820418
WALL 21206416 1 0 1706820419
WALL 21206416 1 0 1706820420
WALL 21206416 1 0 1706820421
WALL 21206416 1 0 1706820422
WALL 21206416 1 0 1706820423
WALL 21206416 1 0 1706820424
WALL 21206416 1 0 1706820425
WALL 21206416 1 0 1706820426
WALL 21206416 1 0 1706820427
WALL 21206416 1 0 1706820428
WALL 21206416 1 0 1706820429
WALL 21206416 1 0 1706820430
WALL 21206416 1 0 1706820431
WALL 21206416 1 0 1706820432
WALL 21206416 1 0 1706820433
WALL 21206416 1 0 1706820434
WALL 21206416 1 0 1706820435
WALL 21206416 1 0 1706820436
WALL 21206416 1 0 1706820437
slurmstepd: error: *** JOB 21206416 ON nid200039 CANCELLED AT 2024-02-01T20:47:17 DUE TO PREEMPTION ***
received SIGTERM 1706820437
WALL 21206416 1 0 1706820437
received SIGCONT 1706820437
WALL 21206416 1 0 1706820437
received SIGTERM 1706820437
WALL 21206416 1 0 1706820437
