srun: warning: can't run 1 processes on 4 nodes, setting nnodes to 1
WALL 21249012 1 0 1706919997
WALL 21249012 1 0 1706919998
WALL 21249012 1 0 1706919999
WALL 21249012 1 0 1706920000
WALL 21249012 1 0 1706920001
WALL 21249012 1 0 1706920002
WALL 21249012 1 0 1706920003
WALL 21249012 1 0 1706920004
WALL 21249012 1 0 1706920005
WALL 21249012 1 0 1706920006
WALL 21249012 1 0 1706920007
WALL 21249012 1 0 1706920008
WALL 21249012 1 0 1706920009
WALL 21249012 1 0 1706920010
WALL 21249012 1 0 1706920011
WALL 21249012 1 0 1706920012
WALL 21249012 1 0 1706920013
WALL 21249012 1 0 1706920014
WALL 21249012 1 0 1706920015
WALL 21249012 1 0 1706920016
WALL 21249012 1 0 1706920017
WALL 21249012 1 0 1706920018
WALL 21249012 1 0 1706920019
WALL 21249012 1 0 1706920020
WALL 21249012 1 0 1706920021
WALL 21249012 1 0 1706920022
WALL 21249012 1 0 1706920023
WALL 21249012 1 0 1706920024
WALL 21249012 1 0 1706920025
WALL 21249012 1 0 1706920026
WALL 21249012 1 0 1706920027
WALL 21249012 1 0 1706920028
WALL 21249012 1 0 1706920029
WALL 21249012 1 0 1706920030
WALL 21249012 1 0 1706920031
WALL 21249012 1 0 1706920032
WALL 21249012 1 0 1706920033
WALL 21249012 1 0 1706920034
WALL 21249012 1 0 1706920035
WALL 21249012 1 0 1706920036
WALL 21249012 1 0 1706920037
WALL 21249012 1 0 1706920038
WALL 21249012 1 0 1706920039
WALL 21249012 1 0 1706920040
WALL 21249012 1 0 1706920041
WALL 21249012 1 0 1706920042
WALL 21249012 1 0 1706920043
WALL 21249012 1 0 1706920044
WALL 21249012 1 0 1706920045
WALL 21249012 1 0 1706920046
WALL 21249012 1 0 1706920047
WALL 21249012 1 0 1706920048
WALL 21249012 1 0 1706920049
WALL 21249012 1 0 1706920050
WALL 21249012 1 0 1706920051
WALL 21249012 1 0 1706920052
WALL 21249012 1 0 1706920053
WALL 21249012 1 0 1706920054
WALL 21249012 1 0 1706920055
WALL 21249012 1 0 1706920056
WALL 21249012 1 0 1706920057
WALL 21249012 1 0 1706920058
WALL 21249012 1 0 1706920059
WALL 21249012 1 0 1706920060
WALL 21249012 1 0 1706920061
WALL 21249012 1 0 1706920062
WALL 21249012 1 0 1706920063
WALL 21249012 1 0 1706920064
WALL 21249012 1 0 1706920065
WALL 21249012 1 0 1706920066
WALL 21249012 1 0 1706920067
WALL 21249012 1 0 1706920068
WALL 21249012 1 0 1706920069
WALL 21249012 1 0 1706920070
WALL 21249012 1 0 1706920071
WALL 21249012 1 0 1706920072
WALL 21249012 1 0 1706920073
WALL 21249012 1 0 1706920074
WALL 21249012 1 0 1706920075
WALL 21249012 1 0 1706920076
WALL 21249012 1 0 1706920077
WALL 21249012 1 0 1706920078
WALL 21249012 1 0 1706920079
WALL 21249012 1 0 1706920080
WALL 21249012 1 0 1706920081
WALL 21249012 1 0 1706920082
WALL 21249012 1 0 1706920083
WALL 21249012 1 0 1706920084
WALL 21249012 1 0 1706920085
WALL 21249012 1 0 1706920086
WALL 21249012 1 0 1706920087
WALL 21249012 1 0 1706920088
received SIGCONT 1706920089
WALL 21249012 1 0 1706920089
slurmstepd: error: *** STEP 21249012.0 ON nid200030 CANCELLED AT 2024-02-03T00:28:09 ***
received SIGTERM 1706920089
WALL 21249012 1 0 1706920089
WALL 21249012 1 0 1706920090
WALL 21249012 1 0 1706920091
WALL 21249012 1 0 1706920092
WALL 21249012 1 0 1706920093
WALL 21249012 1 0 1706920094
WALL 21249012 1 0 1706920095
WALL 21249012 1 0 1706920096
WALL 21249012 1 0 1706920097
WALL 21249012 1 0 1706920098
WALL 21249012 1 0 1706920099
WALL 21249012 1 0 1706920100
WALL 21249012 1 0 1706920101
WALL 21249012 1 0 1706920102
WALL 21249012 1 0 1706920103
WALL 21249012 1 0 1706920104
WALL 21249012 1 0 1706920105
WALL 21249012 1 0 1706920106
WALL 21249012 1 0 1706920107
WALL 21249012 1 0 1706920108
WALL 21249012 1 0 1706920109
WALL 21249012 1 0 1706920110
WALL 21249012 1 0 1706920111
WALL 21249012 1 0 1706920112
WALL 21249012 1 0 1706920113
WALL 21249012 1 0 1706920114
WALL 21249012 1 0 1706920115
WALL 21249012 1 0 1706920116
WALL 21249012 1 0 1706920117
WALL 21249012 1 0 1706920118
WALL 21249012 1 0 1706920119
WALL 21249012 1 0 1706920120
WALL 21249012 1 0 1706920121
WALL 21249012 1 0 1706920122
WALL 21249012 1 0 1706920123
WALL 21249012 1 0 1706920124
WALL 21249012 1 0 1706920125
WALL 21249012 1 0 1706920126
WALL 21249012 1 0 1706920127
WALL 21249012 1 0 1706920128
WALL 21249012 1 0 1706920129
WALL 21249012 1 0 1706920130
WALL 21249012 1 0 1706920131
WALL 21249012 1 0 1706920132
WALL 21249012 1 0 1706920133
WALL 21249012 1 0 1706920134
WALL 21249012 1 0 1706920135
WALL 21249012 1 0 1706920136
WALL 21249012 1 0 1706920137
WALL 21249012 1 0 1706920138
WALL 21249012 1 0 1706920139
WALL 21249012 1 0 1706920140
WALL 21249012 1 0 1706920141
WALL 21249012 1 0 1706920142
WALL 21249012 1 0 1706920143
WALL 21249012 1 0 1706920144
WALL 21249012 1 0 1706920145
WALL 21249012 1 0 1706920146
WALL 21249012 1 0 1706920147
WALL 21249012 1 0 1706920148
WALL 21249012 1 0 1706920149
WALL 21249012 1 0 1706920150
WALL 21249012 1 0 1706920151
WALL 21249012 1 0 1706920152
WALL 21249012 1 0 1706920153
WALL 21249012 1 0 1706920154
WALL 21249012 1 0 1706920155
WALL 21249012 1 0 1706920156
WALL 21249012 1 0 1706920157
WALL 21249012 1 0 1706920158
WALL 21249012 1 0 1706920159
WALL 21249012 1 0 1706920160
WALL 21249012 1 0 1706920161
WALL 21249012 1 0 1706920162
WALL 21249012 1 0 1706920163
WALL 21249012 1 0 1706920164
WALL 21249012 1 0 1706920165
WALL 21249012 1 0 1706920166
WALL 21249012 1 0 1706920167
WALL 21249012 1 0 1706920168
WALL 21249012 1 0 1706920169
WALL 21249012 1 0 1706920170
WALL 21249012 1 0 1706920171
WALL 21249012 1 0 1706920172
WALL 21249012 1 0 1706920173
WALL 21249012 1 0 1706920174
WALL 21249012 1 0 1706920175
WALL 21249012 1 0 1706920176
WALL 21249012 1 0 1706920177
WALL 21249012 1 0 1706920178
WALL 21249012 1 0 1706920179
WALL 21249012 1 0 1706920180
WALL 21249012 1 0 1706920181
WALL 21249012 1 0 1706920182
WALL 21249012 1 0 1706920183
WALL 21249012 1 0 1706920184
WALL 21249012 1 0 1706920185
WALL 21249012 1 0 1706920186
WALL 21249012 1 0 1706920187
WALL 21249012 1 0 1706920188
WALL 21249012 1 0 1706920189
WALL 21249012 1 0 1706920190
WALL 21249012 1 0 1706920191
WALL 21249012 1 0 1706920192
WALL 21249012 1 0 1706920193
WALL 21249012 1 0 1706920194
WALL 21249012 1 0 1706920195
WALL 21249012 1 0 1706920196
WALL 21249012 1 0 1706920197
WALL 21249012 1 0 1706920198
WALL 21249012 1 0 1706920199
WALL 21249012 1 0 1706920200
WALL 21249012 1 0 1706920201
WALL 21249012 1 0 1706920202
WALL 21249012 1 0 1706920203
WALL 21249012 1 0 1706920204
WALL 21249012 1 0 1706920205
WALL 21249012 1 0 1706920206
WALL 21249012 1 0 1706920207
WALL 21249012 1 0 1706920208
WALL 21249012 1 0 1706920209
WALL 21249012 1 0 1706920210
WALL 21249012 1 0 1706920211
WALL 21249012 1 0 1706920212
WALL 21249012 1 0 1706920213
WALL 21249012 1 0 1706920214
WALL 21249012 1 0 1706920215
WALL 21249012 1 0 1706920216
WALL 21249012 1 0 1706920217
WALL 21249012 1 0 1706920218
WALL 21249012 1 0 1706920219
slurmstepd: error: *** JOB 21249012 ON nid200030 CANCELLED AT 2024-02-03T00:30:20 DUE TO PREEMPTION ***
received SIGTERM 1706920220
WALL 21249012 1 0 1706920220
received SIGCONT 1706920220
WALL 21249012 1 0 1706920220
received SIGTERM 1706920220
WALL 21249012 1 0 1706920220
