WALL 21086937 1 0 1706656270
WALL 21086937 1 0 1706656271
WALL 21086937 1 0 1706656272
WALL 21086937 1 0 1706656273
WALL 21086937 1 0 1706656274
WALL 21086937 1 0 1706656275
WALL 21086937 1 0 1706656276
WALL 21086937 1 0 1706656277
WALL 21086937 1 0 1706656278
WALL 21086937 1 0 1706656279
WALL 21086937 1 0 1706656280
WALL 21086937 1 0 1706656281
WALL 21086937 1 0 1706656282
WALL 21086937 1 0 1706656283
WALL 21086937 1 0 1706656284
WALL 21086937 1 0 1706656285
WALL 21086937 1 0 1706656286
WALL 21086937 1 0 1706656287
WALL 21086937 1 0 1706656288
WALL 21086937 1 0 1706656289
WALL 21086937 1 0 1706656290
WALL 21086937 1 0 1706656291
WALL 21086937 1 0 1706656292
WALL 21086937 1 0 1706656293
WALL 21086937 1 0 1706656294
WALL 21086937 1 0 1706656295
WALL 21086937 1 0 1706656296
WALL 21086937 1 0 1706656297
WALL 21086937 1 0 1706656298
WALL 21086937 1 0 1706656299
WALL 21086937 1 0 1706656300
WALL 21086937 1 0 1706656301
WALL 21086937 1 0 1706656302
received SIGCONT 1706656303
WALL 21086937 1 0 1706656303
slurmstepd: error: *** STEP 21086937.0 ON nid200197 CANCELLED AT 2024-01-30T23:11:43 ***
received SIGTERM 1706656303
WALL 21086937 1 0 1706656303
WALL 21086937 1 0 1706656304
WALL 21086937 1 0 1706656305
WALL 21086937 1 0 1706656306
WALL 21086937 1 0 1706656307
WALL 21086937 1 0 1706656308
WALL 21086937 1 0 1706656309
WALL 21086937 1 0 1706656310
WALL 21086937 1 0 1706656311
WALL 21086937 1 0 1706656312
WALL 21086937 1 0 1706656313
WALL 21086937 1 0 1706656314
WALL 21086937 1 0 1706656315
WALL 21086937 1 0 1706656316
WALL 21086937 1 0 1706656317
WALL 21086937 1 0 1706656318
WALL 21086937 1 0 1706656319
WALL 21086937 1 0 1706656320
WALL 21086937 1 0 1706656321
WALL 21086937 1 0 1706656322
WALL 21086937 1 0 1706656323
WALL 21086937 1 0 1706656324
WALL 21086937 1 0 1706656325
WALL 21086937 1 0 1706656326
WALL 21086937 1 0 1706656327
WALL 21086937 1 0 1706656328
WALL 21086937 1 0 1706656329
WALL 21086937 1 0 1706656330
WALL 21086937 1 0 1706656331
WALL 21086937 1 0 1706656332
WALL 21086937 1 0 1706656333
WALL 21086937 1 0 1706656334
WALL 21086937 1 0 1706656335
WALL 21086937 1 0 1706656336
WALL 21086937 1 0 1706656337
WALL 21086937 1 0 1706656338
WALL 21086937 1 0 1706656339
WALL 21086937 1 0 1706656340
WALL 21086937 1 0 1706656341
WALL 21086937 1 0 1706656342
WALL 21086937 1 0 1706656343
WALL 21086937 1 0 1706656344
WALL 21086937 1 0 1706656345
WALL 21086937 1 0 1706656346
WALL 21086937 1 0 1706656347
WALL 21086937 1 0 1706656348
WALL 21086937 1 0 1706656349
WALL 21086937 1 0 1706656350
WALL 21086937 1 0 1706656351
WALL 21086937 1 0 1706656352
WALL 21086937 1 0 1706656353
WALL 21086937 1 0 1706656354
WALL 21086937 1 0 1706656355
WALL 21086937 1 0 1706656356
WALL 21086937 1 0 1706656357
WALL 21086937 1 0 1706656358
WALL 21086937 1 0 1706656359
WALL 21086937 1 0 1706656360
WALL 21086937 1 0 1706656361
WALL 21086937 1 0 1706656362
WALL 21086937 1 0 1706656363
WALL 21086937 1 0 1706656364
WALL 21086937 1 0 1706656365
WALL 21086937 1 0 1706656366
WALL 21086937 1 0 1706656367
WALL 21086937 1 0 1706656368
WALL 21086937 1 0 1706656369
WALL 21086937 1 0 1706656370
WALL 21086937 1 0 1706656371
WALL 21086937 1 0 1706656372
WALL 21086937 1 0 1706656373
WALL 21086937 1 0 1706656374
WALL 21086937 1 0 1706656375
WALL 21086937 1 0 1706656376
WALL 21086937 1 0 1706656377
WALL 21086937 1 0 1706656378
WALL 21086937 1 0 1706656379
WALL 21086937 1 0 1706656380
WALL 21086937 1 0 1706656381
srun: Job step aborted: Waiting up to 32 seconds for job step to finish.
slurmstepd: error: *** JOB 21086937 ON nid200197 CANCELLED AT 2024-01-30T23:13:01 DUE TO PREEMPTION ***
received SIGTERM 1706656381
WALL 21086937 1 0 1706656381
received SIGCONT 1706656381
WALL 21086937 1 0 1706656381
received SIGTERM 1706656381
WALL 21086937 1 0 1706656381
