WALL 21207927 1 0 1706822017
WALL 21207927 1 0 1706822018
WALL 21207927 1 0 1706822019
WALL 21207927 1 0 1706822020
WALL 21207927 1 0 1706822021
WALL 21207927 1 0 1706822022
WALL 21207927 1 0 1706822023
WALL 21207927 1 0 1706822024
WALL 21207927 1 0 1706822025
WALL 21207927 1 0 1706822026
WALL 21207927 1 0 1706822027
WALL 21207927 1 0 1706822028
WALL 21207927 1 0 1706822029
WALL 21207927 1 0 1706822030
WALL 21207927 1 0 1706822031
WALL 21207927 1 0 1706822032
WALL 21207927 1 0 1706822033
WALL 21207927 1 0 1706822034
WALL 21207927 1 0 1706822035
WALL 21207927 1 0 1706822036
WALL 21207927 1 0 1706822037
WALL 21207927 1 0 1706822038
WALL 21207927 1 0 1706822039
WALL 21207927 1 0 1706822040
WALL 21207927 1 0 1706822041
WALL 21207927 1 0 1706822042
WALL 21207927 1 0 1706822043
WALL 21207927 1 0 1706822044
WALL 21207927 1 0 1706822045
WALL 21207927 1 0 1706822046
WALL 21207927 1 0 1706822047
WALL 21207927 1 0 1706822048
WALL 21207927 1 0 1706822049
WALL 21207927 1 0 1706822050
WALL 21207927 1 0 1706822051
WALL 21207927 1 0 1706822052
WALL 21207927 1 0 1706822053
WALL 21207927 1 0 1706822054
WALL 21207927 1 0 1706822055
WALL 21207927 1 0 1706822056
WALL 21207927 1 0 1706822057
WALL 21207927 1 0 1706822058
WALL 21207927 1 0 1706822059
WALL 21207927 1 0 1706822060
WALL 21207927 1 0 1706822061
WALL 21207927 1 0 1706822062
WALL 21207927 1 0 1706822063
WALL 21207927 1 0 1706822064
WALL 21207927 1 0 1706822065
WALL 21207927 1 0 1706822066
WALL 21207927 1 0 1706822067
WALL 21207927 1 0 1706822068
WALL 21207927 1 0 1706822069
WALL 21207927 1 0 1706822070
WALL 21207927 1 0 1706822071
WALL 21207927 1 0 1706822072
WALL 21207927 1 0 1706822074
WALL 21207927 1 0 1706822075
WALL 21207927 1 0 1706822076
WALL 21207927 1 0 1706822077
WALL 21207927 1 0 1706822078
WALL 21207927 1 0 1706822079
WALL 21207927 1 0 1706822080
slurmstepd: error: *** STEP 21207927.0 ON nid200183 CANCELLED AT 2024-02-01T21:14:40 ***
received SIGCONT 1706822080
WALL 21207927 1 0 1706822080
received SIGTERM 1706822080
WALL 21207927 1 0 1706822080
WALL 21207927 1 0 1706822081
WALL 21207927 1 0 1706822082
WALL 21207927 1 0 1706822083
WALL 21207927 1 0 1706822084
WALL 21207927 1 0 1706822085
WALL 21207927 1 0 1706822086
WALL 21207927 1 0 1706822087
WALL 21207927 1 0 1706822088
WALL 21207927 1 0 1706822089
WALL 21207927 1 0 1706822090
WALL 21207927 1 0 1706822091
WALL 21207927 1 0 1706822092
WALL 21207927 1 0 1706822093
WALL 21207927 1 0 1706822094
WALL 21207927 1 0 1706822095
WALL 21207927 1 0 1706822096
WALL 21207927 1 0 1706822097
WALL 21207927 1 0 1706822098
WALL 21207927 1 0 1706822099
WALL 21207927 1 0 1706822100
WALL 21207927 1 0 1706822101
WALL 21207927 1 0 1706822102
WALL 21207927 1 0 1706822103
WALL 21207927 1 0 1706822104
WALL 21207927 1 0 1706822105
WALL 21207927 1 0 1706822106
WALL 21207927 1 0 1706822107
WALL 21207927 1 0 1706822108
WALL 21207927 1 0 1706822109
WALL 21207927 1 0 1706822110
WALL 21207927 1 0 1706822111
WALL 21207927 1 0 1706822112
WALL 21207927 1 0 1706822113
WALL 21207927 1 0 1706822114
WALL 21207927 1 0 1706822115
WALL 21207927 1 0 1706822116
WALL 21207927 1 0 1706822117
WALL 21207927 1 0 1706822118
WALL 21207927 1 0 1706822119
WALL 21207927 1 0 1706822120
WALL 21207927 1 0 1706822121
WALL 21207927 1 0 1706822122
WALL 21207927 1 0 1706822123
WALL 21207927 1 0 1706822124
WALL 21207927 1 0 1706822125
WALL 21207927 1 0 1706822126
WALL 21207927 1 0 1706822127
WALL 21207927 1 0 1706822128
WALL 21207927 1 0 1706822129
WALL 21207927 1 0 1706822130
WALL 21207927 1 0 1706822131
WALL 21207927 1 0 1706822132
WALL 21207927 1 0 1706822133
WALL 21207927 1 0 1706822134
WALL 21207927 1 0 1706822135
WALL 21207927 1 0 1706822136
WALL 21207927 1 0 1706822137
WALL 21207927 1 0 1706822138
WALL 21207927 1 0 1706822139
WALL 21207927 1 0 1706822140
WALL 21207927 1 0 1706822141
WALL 21207927 1 0 1706822142
WALL 21207927 1 0 1706822143
WALL 21207927 1 0 1706822144
WALL 21207927 1 0 1706822145
slurmstepd: error: *** JOB 21207927 ON nid200183 CANCELLED AT 2024-02-01T21:15:46 DUE TO PREEMPTION ***
received SIGTERM 1706822146
WALL 21207927 1 0 1706822146
received SIGCONT 1706822146
WALL 21207927 1 0 1706822146
received SIGTERM 1706822146
WALL 21207927 1 0 1706822146
