srun: warning: can't run 1 processes on 2 nodes, setting nnodes to 1
WALL 21204259 1 0 1706818715
WALL 21204259 1 0 1706818716
WALL 21204259 1 0 1706818717
WALL 21204259 1 0 1706818718
WALL 21204259 1 0 1706818719
WALL 21204259 1 0 1706818720
WALL 21204259 1 0 1706818721
WALL 21204259 1 0 1706818722
WALL 21204259 1 0 1706818723
WALL 21204259 1 0 1706818724
WALL 21204259 1 0 1706818725
WALL 21204259 1 0 1706818726
WALL 21204259 1 0 1706818727
WALL 21204259 1 0 1706818728
WALL 21204259 1 0 1706818729
WALL 21204259 1 0 1706818730
WALL 21204259 1 0 1706818731
WALL 21204259 1 0 1706818732
WALL 21204259 1 0 1706818733
WALL 21204259 1 0 1706818734
WALL 21204259 1 0 1706818735
WALL 21204259 1 0 1706818736
WALL 21204259 1 0 1706818737
WALL 21204259 1 0 1706818738
WALL 21204259 1 0 1706818739
WALL 21204259 1 0 1706818740
WALL 21204259 1 0 1706818741
WALL 21204259 1 0 1706818742
WALL 21204259 1 0 1706818743
WALL 21204259 1 0 1706818744
WALL 21204259 1 0 1706818745
WALL 21204259 1 0 1706818746
WALL 21204259 1 0 1706818747
WALL 21204259 1 0 1706818748
WALL 21204259 1 0 1706818749
WALL 21204259 1 0 1706818750
WALL 21204259 1 0 1706818751
WALL 21204259 1 0 1706818752
WALL 21204259 1 0 1706818753
WALL 21204259 1 0 1706818754
WALL 21204259 1 0 1706818755
WALL 21204259 1 0 1706818756
WALL 21204259 1 0 1706818757
WALL 21204259 1 0 1706818758
WALL 21204259 1 0 1706818759
WALL 21204259 1 0 1706818760
WALL 21204259 1 0 1706818761
WALL 21204259 1 0 1706818762
WALL 21204259 1 0 1706818763
WALL 21204259 1 0 1706818764
WALL 21204259 1 0 1706818765
WALL 21204259 1 0 1706818766
WALL 21204259 1 0 1706818767
WALL 21204259 1 0 1706818768
WALL 21204259 1 0 1706818769
WALL 21204259 1 0 1706818770
WALL 21204259 1 0 1706818771
WALL 21204259 1 0 1706818772
WALL 21204259 1 0 1706818773
WALL 21204259 1 0 1706818774
WALL 21204259 1 0 1706818775
WALL 21204259 1 0 1706818776
WALL 21204259 1 0 1706818777
WALL 21204259 1 0 1706818778
WALL 21204259 1 0 1706818779
WALL 21204259 1 0 1706818780
WALL 21204259 1 0 1706818781
WALL 21204259 1 0 1706818782
WALL 21204259 1 0 1706818783
WALL 21204259 1 0 1706818784
WALL 21204259 1 0 1706818785
WALL 21204259 1 0 1706818786
WALL 21204259 1 0 1706818787
WALL 21204259 1 0 1706818788
WALL 21204259 1 0 1706818789
WALL 21204259 1 0 1706818790
WALL 21204259 1 0 1706818791
WALL 21204259 1 0 1706818792
WALL 21204259 1 0 1706818793
WALL 21204259 1 0 1706818794
WALL 21204259 1 0 1706818795
WALL 21204259 1 0 1706818796
WALL 21204259 1 0 1706818797
WALL 21204259 1 0 1706818798
WALL 21204259 1 0 1706818799
WALL 21204259 1 0 1706818800
WALL 21204259 1 0 1706818801
WALL 21204259 1 0 1706818802
WALL 21204259 1 0 1706818803
WALL 21204259 1 0 1706818804
WALL 21204259 1 0 1706818805
WALL 21204259 1 0 1706818806
WALL 21204259 1 0 1706818807
WALL 21204259 1 0 1706818808
WALL 21204259 1 0 1706818809
WALL 21204259 1 0 1706818810
WALL 21204259 1 0 1706818811
WALL 21204259 1 0 1706818812
WALL 21204259 1 0 1706818813
WALL 21204259 1 0 1706818814
WALL 21204259 1 0 1706818815
WALL 21204259 1 0 1706818816
WALL 21204259 1 0 1706818817
WALL 21204259 1 0 1706818818
WALL 21204259 1 0 1706818819
WALL 21204259 1 0 1706818820
WALL 21204259 1 0 1706818821
WALL 21204259 1 0 1706818822
WALL 21204259 1 0 1706818823
WALL 21204259 1 0 1706818824
WALL 21204259 1 0 1706818825
WALL 21204259 1 0 1706818826
WALL 21204259 1 0 1706818827
WALL 21204259 1 0 1706818828
WALL 21204259 1 0 1706818829
WALL 21204259 1 0 1706818830
WALL 21204259 1 0 1706818831
WALL 21204259 1 0 1706818832
WALL 21204259 1 0 1706818833
WALL 21204259 1 0 1706818834
WALL 21204259 1 0 1706818835
WALL 21204259 1 0 1706818836
WALL 21204259 1 0 1706818837
WALL 21204259 1 0 1706818838
WALL 21204259 1 0 1706818839
WALL 21204259 1 0 1706818840
WALL 21204259 1 0 1706818841
WALL 21204259 1 0 1706818842
WALL 21204259 1 0 1706818843
WALL 21204259 1 0 1706818844
WALL 21204259 1 0 1706818845
WALL 21204259 1 0 1706818846
WALL 21204259 1 0 1706818847
WALL 21204259 1 0 1706818848
WALL 21204259 1 0 1706818849
WALL 21204259 1 0 1706818850
WALL 21204259 1 0 1706818851
WALL 21204259 1 0 1706818852
WALL 21204259 1 0 1706818853
WALL 21204259 1 0 1706818854
WALL 21204259 1 0 1706818855
WALL 21204259 1 0 1706818856
WALL 21204259 1 0 1706818857
WALL 21204259 1 0 1706818858
WALL 21204259 1 0 1706818859
WALL 21204259 1 0 1706818860
WALL 21204259 1 0 1706818861
WALL 21204259 1 0 1706818862
WALL 21204259 1 0 1706818863
WALL 21204259 1 0 1706818864
WALL 21204259 1 0 1706818865
WALL 21204259 1 0 1706818866
received SIGCONT 1706818867
WALL 21204259 1 0 1706818867
slurmstepd: error: *** STEP 21204259.0 ON nid200054 CANCELLED AT 2024-02-01T20:21:07 ***
received SIGTERM 1706818867
WALL 21204259 1 0 1706818867
WALL 21204259 1 0 1706818868
WALL 21204259 1 0 1706818869
WALL 21204259 1 0 1706818870
WALL 21204259 1 0 1706818871
WALL 21204259 1 0 1706818872
WALL 21204259 1 0 1706818873
WALL 21204259 1 0 1706818874
WALL 21204259 1 0 1706818875
WALL 21204259 1 0 1706818876
WALL 21204259 1 0 1706818877
WALL 21204259 1 0 1706818878
WALL 21204259 1 0 1706818879
WALL 21204259 1 0 1706818880
WALL 21204259 1 0 1706818881
WALL 21204259 1 0 1706818882
WALL 21204259 1 0 1706818883
WALL 21204259 1 0 1706818884
WALL 21204259 1 0 1706818885
WALL 21204259 1 0 1706818886
WALL 21204259 1 0 1706818887
WALL 21204259 1 0 1706818888
WALL 21204259 1 0 1706818889
WALL 21204259 1 0 1706818890
WALL 21204259 1 0 1706818891
WALL 21204259 1 0 1706818892
WALL 21204259 1 0 1706818893
WALL 21204259 1 0 1706818894
WALL 21204259 1 0 1706818895
WALL 21204259 1 0 1706818896
WALL 21204259 1 0 1706818897
WALL 21204259 1 0 1706818898
WALL 21204259 1 0 1706818899
WALL 21204259 1 0 1706818900
WALL 21204259 1 0 1706818901
WALL 21204259 1 0 1706818902
WALL 21204259 1 0 1706818903
WALL 21204259 1 0 1706818904
WALL 21204259 1 0 1706818905
WALL 21204259 1 0 1706818906
WALL 21204259 1 0 1706818907
WALL 21204259 1 0 1706818908
WALL 21204259 1 0 1706818909
WALL 21204259 1 0 1706818910
WALL 21204259 1 0 1706818911
WALL 21204259 1 0 1706818912
WALL 21204259 1 0 1706818913
WALL 21204259 1 0 1706818914
WALL 21204259 1 0 1706818915
WALL 21204259 1 0 1706818916
WALL 21204259 1 0 1706818917
WALL 21204259 1 0 1706818918
WALL 21204259 1 0 1706818919
WALL 21204259 1 0 1706818920
WALL 21204259 1 0 1706818921
WALL 21204259 1 0 1706818922
WALL 21204259 1 0 1706818923
WALL 21204259 1 0 1706818924
WALL 21204259 1 0 1706818925
WALL 21204259 1 0 1706818926
WALL 21204259 1 0 1706818927
WALL 21204259 1 0 1706818928
WALL 21204259 1 0 1706818929
WALL 21204259 1 0 1706818930
WALL 21204259 1 0 1706818931
WALL 21204259 1 0 1706818932
WALL 21204259 1 0 1706818933
WALL 21204259 1 0 1706818934
WALL 21204259 1 0 1706818935
WALL 21204259 1 0 1706818936
WALL 21204259 1 0 1706818937
WALL 21204259 1 0 1706818938
WALL 21204259 1 0 1706818939
WALL 21204259 1 0 1706818940
WALL 21204259 1 0 1706818941
WALL 21204259 1 0 1706818942
WALL 21204259 1 0 1706818943
WALL 21204259 1 0 1706818944
WALL 21204259 1 0 1706818945
WALL 21204259 1 0 1706818946
WALL 21204259 1 0 1706818947
WALL 21204259 1 0 1706818948
WALL 21204259 1 0 1706818949
WALL 21204259 1 0 1706818950
WALL 21204259 1 0 1706818951
WALL 21204259 1 0 1706818952
slurmstepd: error: *** JOB 21204259 ON nid200054 CANCELLED AT 2024-02-01T20:22:32 DUE TO PREEMPTION ***
received SIGTERM 1706818952
WALL 21204259 1 0 1706818952
received SIGCONT 1706818952
WALL 21204259 1 0 1706818952
received SIGTERM 1706818952
WALL 21204259 1 0 1706818952
