WALL 21232227 1 0 1706901622
WALL 21232227 1 0 1706901623
WALL 21232227 1 0 1706901624
WALL 21232227 1 0 1706901625
WALL 21232227 1 0 1706901626
WALL 21232227 1 0 1706901627
WALL 21232227 1 0 1706901628
WALL 21232227 1 0 1706901629
WALL 21232227 1 0 1706901630
WALL 21232227 1 0 1706901631
WALL 21232227 1 0 1706901632
WALL 21232227 1 0 1706901633
WALL 21232227 1 0 1706901634
WALL 21232227 1 0 1706901635
WALL 21232227 1 0 1706901636
WALL 21232227 1 0 1706901637
WALL 21232227 1 0 1706901638
WALL 21232227 1 0 1706901639
WALL 21232227 1 0 1706901640
WALL 21232227 1 0 1706901641
WALL 21232227 1 0 1706901642
WALL 21232227 1 0 1706901643
WALL 21232227 1 0 1706901644
WALL 21232227 1 0 1706901645
WALL 21232227 1 0 1706901646
WALL 21232227 1 0 1706901647
WALL 21232227 1 0 1706901648
WALL 21232227 1 0 1706901649
WALL 21232227 1 0 1706901650
WALL 21232227 1 0 1706901651
WALL 21232227 1 0 1706901652
WALL 21232227 1 0 1706901653
WALL 21232227 1 0 1706901654
WALL 21232227 1 0 1706901655
WALL 21232227 1 0 1706901656
WALL 21232227 1 0 1706901657
WALL 21232227 1 0 1706901658
WALL 21232227 1 0 1706901659
WALL 21232227 1 0 1706901660
WALL 21232227 1 0 1706901661
WALL 21232227 1 0 1706901662
WALL 21232227 1 0 1706901663
WALL 21232227 1 0 1706901664
WALL 21232227 1 0 1706901665
WALL 21232227 1 0 1706901666
WALL 21232227 1 0 1706901667
WALL 21232227 1 0 1706901668
WALL 21232227 1 0 1706901669
WALL 21232227 1 0 1706901670
WALL 21232227 1 0 1706901671
WALL 21232227 1 0 1706901672
WALL 21232227 1 0 1706901673
WALL 21232227 1 0 1706901674
WALL 21232227 1 0 1706901675
WALL 21232227 1 0 1706901676
WALL 21232227 1 0 1706901677
WALL 21232227 1 0 1706901678
WALL 21232227 1 0 1706901679
WALL 21232227 1 0 1706901680
WALL 21232227 1 0 1706901681
WALL 21232227 1 0 1706901682
WALL 21232227 1 0 1706901683
WALL 21232227 1 0 1706901684
WALL 21232227 1 0 1706901685
WALL 21232227 1 0 1706901686
WALL 21232227 1 0 1706901687
WALL 21232227 1 0 1706901688
WALL 21232227 1 0 1706901689
WALL 21232227 1 0 1706901690
slurmstepd: error: *** STEP 21232227.0 ON nid200034 CANCELLED AT 2024-02-02T19:21:31 ***
received SIGTERM 1706901691
WALL 21232227 1 0 1706901691
received SIGCONT 1706901691
WALL 21232227 1 0 1706901691
WALL 21232227 1 0 1706901692
WALL 21232227 1 0 1706901693
WALL 21232227 1 0 1706901694
WALL 21232227 1 0 1706901695
WALL 21232227 1 0 1706901696
WALL 21232227 1 0 1706901697
WALL 21232227 1 0 1706901698
WALL 21232227 1 0 1706901699
WALL 21232227 1 0 1706901700
WALL 21232227 1 0 1706901701
WALL 21232227 1 0 1706901702
WALL 21232227 1 0 1706901703
WALL 21232227 1 0 1706901704
WALL 21232227 1 0 1706901705
WALL 21232227 1 0 1706901706
WALL 21232227 1 0 1706901707
WALL 21232227 1 0 1706901708
WALL 21232227 1 0 1706901709
WALL 21232227 1 0 1706901710
WALL 21232227 1 0 1706901711
WALL 21232227 1 0 1706901712
WALL 21232227 1 0 1706901713
WALL 21232227 1 0 1706901714
WALL 21232227 1 0 1706901715
WALL 21232227 1 0 1706901716
WALL 21232227 1 0 1706901717
WALL 21232227 1 0 1706901718
WALL 21232227 1 0 1706901719
WALL 21232227 1 0 1706901720
WALL 21232227 1 0 1706901721
WALL 21232227 1 0 1706901722
WALL 21232227 1 0 1706901723
WALL 21232227 1 0 1706901724
WALL 21232227 1 0 1706901725
WALL 21232227 1 0 1706901726
WALL 21232227 1 0 1706901727
WALL 21232227 1 0 1706901728
WALL 21232227 1 0 1706901729
WALL 21232227 1 0 1706901730
WALL 21232227 1 0 1706901731
WALL 21232227 1 0 1706901732
WALL 21232227 1 0 1706901733
WALL 21232227 1 0 1706901734
WALL 21232227 1 0 1706901735
WALL 21232227 1 0 1706901736
WALL 21232227 1 0 1706901737
WALL 21232227 1 0 1706901738
WALL 21232227 1 0 1706901739
WALL 21232227 1 0 1706901740
WALL 21232227 1 0 1706901741
WALL 21232227 1 0 1706901742
WALL 21232227 1 0 1706901743
WALL 21232227 1 0 1706901744
WALL 21232227 1 0 1706901745
WALL 21232227 1 0 1706901746
WALL 21232227 1 0 1706901747
WALL 21232227 1 0 1706901748
WALL 21232227 1 0 1706901749
WALL 21232227 1 0 1706901750
WALL 21232227 1 0 1706901751
WALL 21232227 1 0 1706901752
WALL 21232227 1 0 1706901753
WALL 21232227 1 0 1706901754
WALL 21232227 1 0 1706901755
WALL 21232227 1 0 1706901756
WALL 21232227 1 0 1706901757
WALL 21232227 1 0 1706901758
WALL 21232227 1 0 1706901759
WALL 21232227 1 0 1706901760
WALL 21232227 1 0 1706901761
WALL 21232227 1 0 1706901762
WALL 21232227 1 0 1706901763
WALL 21232227 1 0 1706901764
WALL 21232227 1 0 1706901765
WALL 21232227 1 0 1706901766
WALL 21232227 1 0 1706901767
WALL 21232227 1 0 1706901768
WALL 21232227 1 0 1706901769
WALL 21232227 1 0 1706901770
WALL 21232227 1 0 1706901771
WALL 21232227 1 0 1706901772
WALL 21232227 1 0 1706901773
WALL 21232227 1 0 1706901774
WALL 21232227 1 0 1706901775
WALL 21232227 1 0 1706901776
WALL 21232227 1 0 1706901777
WALL 21232227 1 0 1706901778
WALL 21232227 1 0 1706901779
WALL 21232227 1 0 1706901780
WALL 21232227 1 0 1706901781
WALL 21232227 1 0 1706901782
WALL 21232227 1 0 1706901783
WALL 21232227 1 0 1706901784
WALL 21232227 1 0 1706901785
WALL 21232227 1 0 1706901786
WALL 21232227 1 0 1706901787
WALL 21232227 1 0 1706901788
WALL 21232227 1 0 1706901789
WALL 21232227 1 0 1706901790
WALL 21232227 1 0 1706901791
WALL 21232227 1 0 1706901792
WALL 21232227 1 0 1706901793
WALL 21232227 1 0 1706901794
WALL 21232227 1 0 1706901795
WALL 21232227 1 0 1706901796
WALL 21232227 1 0 1706901797
WALL 21232227 1 0 1706901798
WALL 21232227 1 0 1706901799
WALL 21232227 1 0 1706901800
WALL 21232227 1 0 1706901801
WALL 21232227 1 0 1706901802
WALL 21232227 1 0 1706901803
WALL 21232227 1 0 1706901804
WALL 21232227 1 0 1706901805
WALL 21232227 1 0 1706901806
WALL 21232227 1 0 1706901807
WALL 21232227 1 0 1706901808
WALL 21232227 1 0 1706901809
WALL 21232227 1 0 1706901810
WALL 21232227 1 0 1706901811
WALL 21232227 1 0 1706901812
slurmstepd: error: *** JOB 21232227 ON nid200034 CANCELLED AT 2024-02-02T19:23:32 DUE TO PREEMPTION ***
received SIGTERM 1706901812
WALL 21232227 1 0 1706901812
received SIGCONT 1706901812
WALL 21232227 1 0 1706901812
received SIGTERM 1706901812
srun: Job step aborted: Waiting up to 32 seconds for job step to finish.
WALL 21232227 1 0 1706901812
