WALL 21150687 1 0 1706739066
WALL 21150687 1 0 1706739067
WALL 21150687 1 0 1706739068
WALL 21150687 1 0 1706739069
WALL 21150687 1 0 1706739070
WALL 21150687 1 0 1706739071
WALL 21150687 1 0 1706739072
WALL 21150687 1 0 1706739073
WALL 21150687 1 0 1706739074
WALL 21150687 1 0 1706739075
WALL 21150687 1 0 1706739076
WALL 21150687 1 0 1706739077
WALL 21150687 1 0 1706739078
WALL 21150687 1 0 1706739079
WALL 21150687 1 0 1706739080
WALL 21150687 1 0 1706739081
WALL 21150687 1 0 1706739082
WALL 21150687 1 0 1706739083
WALL 21150687 1 0 1706739084
WALL 21150687 1 0 1706739085
WALL 21150687 1 0 1706739086
WALL 21150687 1 0 1706739087
WALL 21150687 1 0 1706739088
WALL 21150687 1 0 1706739089
WALL 21150687 1 0 1706739090
WALL 21150687 1 0 1706739091
WALL 21150687 1 0 1706739092
WALL 21150687 1 0 1706739093
WALL 21150687 1 0 1706739094
WALL 21150687 1 0 1706739095
WALL 21150687 1 0 1706739096
WALL 21150687 1 0 1706739097
WALL 21150687 1 0 1706739098
WALL 21150687 1 0 1706739099
WALL 21150687 1 0 1706739100
WALL 21150687 1 0 1706739101
WALL 21150687 1 0 1706739102
WALL 21150687 1 0 1706739103
WALL 21150687 1 0 1706739104
WALL 21150687 1 0 1706739105
WALL 21150687 1 0 1706739106
WALL 21150687 1 0 1706739107
WALL 21150687 1 0 1706739108
WALL 21150687 1 0 1706739109
WALL 21150687 1 0 1706739110
WALL 21150687 1 0 1706739111
WALL 21150687 1 0 1706739112
WALL 21150687 1 0 1706739113
WALL 21150687 1 0 1706739114
WALL 21150687 1 0 1706739115
WALL 21150687 1 0 1706739116
WALL 21150687 1 0 1706739117
WALL 21150687 1 0 1706739118
WALL 21150687 1 0 1706739119
WALL 21150687 1 0 1706739120
WALL 21150687 1 0 1706739121
WALL 21150687 1 0 1706739122
WALL 21150687 1 0 1706739123
WALL 21150687 1 0 1706739124
WALL 21150687 1 0 1706739125
WALL 21150687 1 0 1706739126
WALL 21150687 1 0 1706739127
WALL 21150687 1 0 1706739128
WALL 21150687 1 0 1706739129
WALL 21150687 1 0 1706739130
WALL 21150687 1 0 1706739131
WALL 21150687 1 0 1706739132
WALL 21150687 1 0 1706739133
WALL 21150687 1 0 1706739134
WALL 21150687 1 0 1706739135
WALL 21150687 1 0 1706739136
WALL 21150687 1 0 1706739137
WALL 21150687 1 0 1706739138
WALL 21150687 1 0 1706739139
WALL 21150687 1 0 1706739140
WALL 21150687 1 0 1706739141
WALL 21150687 1 0 1706739142
WALL 21150687 1 0 1706739143
WALL 21150687 1 0 1706739144
WALL 21150687 1 0 1706739145
WALL 21150687 1 0 1706739146
WALL 21150687 1 0 1706739147
WALL 21150687 1 0 1706739148
WALL 21150687 1 0 1706739149
WALL 21150687 1 0 1706739150
WALL 21150687 1 0 1706739151
WALL 21150687 1 0 1706739152
WALL 21150687 1 0 1706739153
WALL 21150687 1 0 1706739154
WALL 21150687 1 0 1706739155
WALL 21150687 1 0 1706739156
WALL 21150687 1 0 1706739157
WALL 21150687 1 0 1706739158
WALL 21150687 1 0 1706739159
WALL 21150687 1 0 1706739160
WALL 21150687 1 0 1706739161
WALL 21150687 1 0 1706739162
WALL 21150687 1 0 1706739163
WALL 21150687 1 0 1706739164
WALL 21150687 1 0 1706739165
WALL 21150687 1 0 1706739166
WALL 21150687 1 0 1706739167
WALL 21150687 1 0 1706739168
WALL 21150687 1 0 1706739169
WALL 21150687 1 0 1706739170
WALL 21150687 1 0 1706739171
WALL 21150687 1 0 1706739172
WALL 21150687 1 0 1706739173
WALL 21150687 1 0 1706739174
WALL 21150687 1 0 1706739175
WALL 21150687 1 0 1706739176
WALL 21150687 1 0 1706739177
WALL 21150687 1 0 1706739178
WALL 21150687 1 0 1706739179
WALL 21150687 1 0 1706739180
WALL 21150687 1 0 1706739181
WALL 21150687 1 0 1706739182
WALL 21150687 1 0 1706739183
WALL 21150687 1 0 1706739184
WALL 21150687 1 0 1706739185
WALL 21150687 1 0 1706739186
WALL 21150687 1 0 1706739187
WALL 21150687 1 0 1706739188
WALL 21150687 1 0 1706739189
WALL 21150687 1 0 1706739190
WALL 21150687 1 0 1706739191
WALL 21150687 1 0 1706739192
WALL 21150687 1 0 1706739193
WALL 21150687 1 0 1706739194
WALL 21150687 1 0 1706739195
WALL 21150687 1 0 1706739196
WALL 21150687 1 0 1706739197
WALL 21150687 1 0 1706739198
WALL 21150687 1 0 1706739199
WALL 21150687 1 0 1706739200
WALL 21150687 1 0 1706739201
WALL 21150687 1 0 1706739202
WALL 21150687 1 0 1706739203
WALL 21150687 1 0 1706739204
WALL 21150687 1 0 1706739205
WALL 21150687 1 0 1706739206
WALL 21150687 1 0 1706739207
WALL 21150687 1 0 1706739208
WALL 21150687 1 0 1706739209
WALL 21150687 1 0 1706739210
WALL 21150687 1 0 1706739211
WALL 21150687 1 0 1706739212
WALL 21150687 1 0 1706739213
WALL 21150687 1 0 1706739214
WALL 21150687 1 0 1706739215
WALL 21150687 1 0 1706739216
WALL 21150687 1 0 1706739217
WALL 21150687 1 0 1706739218
WALL 21150687 1 0 1706739219
WALL 21150687 1 0 1706739220
WALL 21150687 1 0 1706739221
WALL 21150687 1 0 1706739222
WALL 21150687 1 0 1706739223
WALL 21150687 1 0 1706739224
WALL 21150687 1 0 1706739225
WALL 21150687 1 0 1706739226
WALL 21150687 1 0 1706739227
WALL 21150687 1 0 1706739228
WALL 21150687 1 0 1706739229
WALL 21150687 1 0 1706739230
WALL 21150687 1 0 1706739231
WALL 21150687 1 0 1706739232
WALL 21150687 1 0 1706739233
WALL 21150687 1 0 1706739234
WALL 21150687 1 0 1706739235
WALL 21150687 1 0 1706739236
WALL 21150687 1 0 1706739237
WALL 21150687 1 0 1706739238
WALL 21150687 1 0 1706739239
WALL 21150687 1 0 1706739240
WALL 21150687 1 0 1706739241
WALL 21150687 1 0 1706739242
WALL 21150687 1 0 1706739243
WALL 21150687 1 0 1706739244
WALL 21150687 1 0 1706739245
WALL 21150687 1 0 1706739246
WALL 21150687 1 0 1706739247
WALL 21150687 1 0 1706739248
WALL 21150687 1 0 1706739249
WALL 21150687 1 0 1706739250
WALL 21150687 1 0 1706739251
WALL 21150687 1 0 1706739252
WALL 21150687 1 0 1706739253
WALL 21150687 1 0 1706739254
WALL 21150687 1 0 1706739255
WALL 21150687 1 0 1706739256
WALL 21150687 1 0 1706739257
WALL 21150687 1 0 1706739258
WALL 21150687 1 0 1706739259
WALL 21150687 1 0 1706739260
WALL 21150687 1 0 1706739261
WALL 21150687 1 0 1706739262
WALL 21150687 1 0 1706739263
WALL 21150687 1 0 1706739264
WALL 21150687 1 0 1706739265
WALL 21150687 1 0 1706739266
WALL 21150687 1 0 1706739267
WALL 21150687 1 0 1706739268
WALL 21150687 1 0 1706739269
WALL 21150687 1 0 1706739270
WALL 21150687 1 0 1706739271
WALL 21150687 1 0 1706739272
WALL 21150687 1 0 1706739273
WALL 21150687 1 0 1706739274
WALL 21150687 1 0 1706739275
WALL 21150687 1 0 1706739276
WALL 21150687 1 0 1706739277
WALL 21150687 1 0 1706739278
WALL 21150687 1 0 1706739279
WALL 21150687 1 0 1706739280
WALL 21150687 1 0 1706739281
WALL 21150687 1 0 1706739282
WALL 21150687 1 0 1706739283
WALL 21150687 1 0 1706739284
WALL 21150687 1 0 1706739285
WALL 21150687 1 0 1706739286
WALL 21150687 1 0 1706739287
WALL 21150687 1 0 1706739288
WALL 21150687 1 0 1706739289
WALL 21150687 1 0 1706739290
WALL 21150687 1 0 1706739291
WALL 21150687 1 0 1706739292
received SIGCONT 1706739293
WALL 21150687 1 0 1706739293
slurmstepd: error: *** STEP 21150687.0 ON nid200029 CANCELLED AT 2024-01-31T22:14:53 ***
received SIGTERM 1706739293
WALL 21150687 1 0 1706739293
WALL 21150687 1 0 1706739294
WALL 21150687 1 0 1706739295
WALL 21150687 1 0 1706739296
WALL 21150687 1 0 1706739297
WALL 21150687 1 0 1706739298
WALL 21150687 1 0 1706739299
WALL 21150687 1 0 1706739300
WALL 21150687 1 0 1706739301
WALL 21150687 1 0 1706739302
WALL 21150687 1 0 1706739303
WALL 21150687 1 0 1706739304
WALL 21150687 1 0 1706739305
WALL 21150687 1 0 1706739306
WALL 21150687 1 0 1706739307
WALL 21150687 1 0 1706739308
WALL 21150687 1 0 1706739309
WALL 21150687 1 0 1706739310
WALL 21150687 1 0 1706739311
WALL 21150687 1 0 1706739312
WALL 21150687 1 0 1706739313
WALL 21150687 1 0 1706739314
WALL 21150687 1 0 1706739315
WALL 21150687 1 0 1706739316
WALL 21150687 1 0 1706739317
WALL 21150687 1 0 1706739318
WALL 21150687 1 0 1706739319
WALL 21150687 1 0 1706739320
WALL 21150687 1 0 1706739321
WALL 21150687 1 0 1706739322
WALL 21150687 1 0 1706739323
WALL 21150687 1 0 1706739324
WALL 21150687 1 0 1706739325
WALL 21150687 1 0 1706739326
WALL 21150687 1 0 1706739327
WALL 21150687 1 0 1706739328
WALL 21150687 1 0 1706739329
WALL 21150687 1 0 1706739330
WALL 21150687 1 0 1706739331
WALL 21150687 1 0 1706739332
WALL 21150687 1 0 1706739333
WALL 21150687 1 0 1706739334
WALL 21150687 1 0 1706739335
WALL 21150687 1 0 1706739336
WALL 21150687 1 0 1706739337
WALL 21150687 1 0 1706739338
WALL 21150687 1 0 1706739339
WALL 21150687 1 0 1706739340
WALL 21150687 1 0 1706739341
WALL 21150687 1 0 1706739342
WALL 21150687 1 0 1706739343
WALL 21150687 1 0 1706739344
WALL 21150687 1 0 1706739345
WALL 21150687 1 0 1706739346
WALL 21150687 1 0 1706739347
WALL 21150687 1 0 1706739348
WALL 21150687 1 0 1706739349
WALL 21150687 1 0 1706739350
WALL 21150687 1 0 1706739351
WALL 21150687 1 0 1706739352
WALL 21150687 1 0 1706739353
WALL 21150687 1 0 1706739354
WALL 21150687 1 0 1706739355
WALL 21150687 1 0 1706739356
WALL 21150687 1 0 1706739357
WALL 21150687 1 0 1706739358
WALL 21150687 1 0 1706739359
WALL 21150687 1 0 1706739360
WALL 21150687 1 0 1706739361
WALL 21150687 1 0 1706739362
WALL 21150687 1 0 1706739363
WALL 21150687 1 0 1706739364
WALL 21150687 1 0 1706739365
WALL 21150687 1 0 1706739366
WALL 21150687 1 0 1706739367
WALL 21150687 1 0 1706739368
WALL 21150687 1 0 1706739369
WALL 21150687 1 0 1706739370
WALL 21150687 1 0 1706739371
WALL 21150687 1 0 1706739372
WALL 21150687 1 0 1706739373
slurmstepd: error: *** JOB 21150687 ON nid200029 CANCELLED AT 2024-01-31T22:16:14 DUE TO PREEMPTION ***
received SIGTERM 1706739374
WALL 21150687 1 0 1706739374
received SIGCONT 1706739374
WALL 21150687 1 0 1706739374
received SIGTERM 1706739374
WALL 21150687 1 0 1706739374
