WALL 21208247 1 0 1706822628
WALL 21208247 1 0 1706822629
WALL 21208247 1 0 1706822630
WALL 21208247 1 0 1706822631
WALL 21208247 1 0 1706822632
WALL 21208247 1 0 1706822633
WALL 21208247 1 0 1706822634
WALL 21208247 1 0 1706822635
WALL 21208247 1 0 1706822636
WALL 21208247 1 0 1706822637
WALL 21208247 1 0 1706822638
WALL 21208247 1 0 1706822639
WALL 21208247 1 0 1706822640
WALL 21208247 1 0 1706822641
WALL 21208247 1 0 1706822642
WALL 21208247 1 0 1706822643
WALL 21208247 1 0 1706822644
WALL 21208247 1 0 1706822645
WALL 21208247 1 0 1706822646
WALL 21208247 1 0 1706822647
WALL 21208247 1 0 1706822648
WALL 21208247 1 0 1706822649
WALL 21208247 1 0 1706822650
WALL 21208247 1 0 1706822651
WALL 21208247 1 0 1706822652
WALL 21208247 1 0 1706822653
WALL 21208247 1 0 1706822654
WALL 21208247 1 0 1706822655
WALL 21208247 1 0 1706822656
WALL 21208247 1 0 1706822657
WALL 21208247 1 0 1706822658
WALL 21208247 1 0 1706822659
WALL 21208247 1 0 1706822660
WALL 21208247 1 0 1706822661
WALL 21208247 1 0 1706822662
WALL 21208247 1 0 1706822663
WALL 21208247 1 0 1706822664
WALL 21208247 1 0 1706822665
WALL 21208247 1 0 1706822666
WALL 21208247 1 0 1706822667
WALL 21208247 1 0 1706822668
WALL 21208247 1 0 1706822669
WALL 21208247 1 0 1706822670
WALL 21208247 1 0 1706822671
WALL 21208247 1 0 1706822672
WALL 21208247 1 0 1706822673
WALL 21208247 1 0 1706822674
WALL 21208247 1 0 1706822675
WALL 21208247 1 0 1706822676
WALL 21208247 1 0 1706822677
WALL 21208247 1 0 1706822678
WALL 21208247 1 0 1706822679
WALL 21208247 1 0 1706822680
WALL 21208247 1 0 1706822681
WALL 21208247 1 0 1706822682
WALL 21208247 1 0 1706822683
WALL 21208247 1 0 1706822684
WALL 21208247 1 0 1706822685
WALL 21208247 1 0 1706822686
WALL 21208247 1 0 1706822687
WALL 21208247 1 0 1706822688
WALL 21208247 1 0 1706822689
WALL 21208247 1 0 1706822690
WALL 21208247 1 0 1706822691
WALL 21208247 1 0 1706822692
WALL 21208247 1 0 1706822693
WALL 21208247 1 0 1706822694
WALL 21208247 1 0 1706822695
WALL 21208247 1 0 1706822696
WALL 21208247 1 0 1706822697
WALL 21208247 1 0 1706822698
WALL 21208247 1 0 1706822699
WALL 21208247 1 0 1706822700
WALL 21208247 1 0 1706822701
WALL 21208247 1 0 1706822702
WALL 21208247 1 0 1706822703
WALL 21208247 1 0 1706822704
WALL 21208247 1 0 1706822705
WALL 21208247 1 0 1706822706
WALL 21208247 1 0 1706822707
WALL 21208247 1 0 1706822708
WALL 21208247 1 0 1706822709
WALL 21208247 1 0 1706822710
WALL 21208247 1 0 1706822711
WALL 21208247 1 0 1706822712
WALL 21208247 1 0 1706822713
WALL 21208247 1 0 1706822714
WALL 21208247 1 0 1706822715
WALL 21208247 1 0 1706822716
WALL 21208247 1 0 1706822717
WALL 21208247 1 0 1706822718
WALL 21208247 1 0 1706822719
WALL 21208247 1 0 1706822720
WALL 21208247 1 0 1706822721
WALL 21208247 1 0 1706822722
WALL 21208247 1 0 1706822723
WALL 21208247 1 0 1706822724
WALL 21208247 1 0 1706822725
received SIGCONT 1706822726
WALL 21208247 1 0 1706822726
slurmstepd: error: *** STEP 21208247.0 ON nid200202 CANCELLED AT 2024-02-01T21:25:26 ***
received SIGTERM 1706822726
WALL 21208247 1 0 1706822726
WALL 21208247 1 0 1706822727
WALL 21208247 1 0 1706822728
WALL 21208247 1 0 1706822729
WALL 21208247 1 0 1706822730
WALL 21208247 1 0 1706822731
WALL 21208247 1 0 1706822732
WALL 21208247 1 0 1706822733
WALL 21208247 1 0 1706822734
WALL 21208247 1 0 1706822735
WALL 21208247 1 0 1706822736
WALL 21208247 1 0 1706822737
WALL 21208247 1 0 1706822738
WALL 21208247 1 0 1706822739
WALL 21208247 1 0 1706822740
WALL 21208247 1 0 1706822741
WALL 21208247 1 0 1706822742
WALL 21208247 1 0 1706822743
WALL 21208247 1 0 1706822744
WALL 21208247 1 0 1706822745
WALL 21208247 1 0 1706822746
WALL 21208247 1 0 1706822747
WALL 21208247 1 0 1706822748
WALL 21208247 1 0 1706822749
WALL 21208247 1 0 1706822750
WALL 21208247 1 0 1706822751
WALL 21208247 1 0 1706822752
WALL 21208247 1 0 1706822753
WALL 21208247 1 0 1706822754
WALL 21208247 1 0 1706822755
WALL 21208247 1 0 1706822756
WALL 21208247 1 0 1706822757
WALL 21208247 1 0 1706822758
WALL 21208247 1 0 1706822759
WALL 21208247 1 0 1706822760
WALL 21208247 1 0 1706822761
WALL 21208247 1 0 1706822762
WALL 21208247 1 0 1706822763
WALL 21208247 1 0 1706822764
WALL 21208247 1 0 1706822765
WALL 21208247 1 0 1706822766
WALL 21208247 1 0 1706822767
WALL 21208247 1 0 1706822768
WALL 21208247 1 0 1706822769
WALL 21208247 1 0 1706822770
WALL 21208247 1 0 1706822771
WALL 21208247 1 0 1706822772
WALL 21208247 1 0 1706822773
WALL 21208247 1 0 1706822774
WALL 21208247 1 0 1706822775
WALL 21208247 1 0 1706822776
WALL 21208247 1 0 1706822777
WALL 21208247 1 0 1706822778
WALL 21208247 1 0 1706822779
WALL 21208247 1 0 1706822780
WALL 21208247 1 0 1706822781
WALL 21208247 1 0 1706822782
WALL 21208247 1 0 1706822783
WALL 21208247 1 0 1706822784
WALL 21208247 1 0 1706822785
WALL 21208247 1 0 1706822786
WALL 21208247 1 0 1706822787
WALL 21208247 1 0 1706822788
WALL 21208247 1 0 1706822789
WALL 21208247 1 0 1706822790
WALL 21208247 1 0 1706822791
WALL 21208247 1 0 1706822792
WALL 21208247 1 0 1706822793
WALL 21208247 1 0 1706822794
slurmstepd: error: *** JOB 21208247 ON nid200202 CANCELLED AT 2024-02-01T21:26:35 DUE TO PREEMPTION ***
received SIGTERM 1706822795
WALL 21208247 1 0 1706822795
received SIGCONT 1706822795
WALL 21208247 1 0 1706822795
received SIGTERM 1706822795
WALL 21208247 1 0 1706822795
