srun: warning: can't run 1 processes on 2 nodes, setting nnodes to 1
WALL 21248719 1 0 1706919035
WALL 21248719 1 0 1706919036
WALL 21248719 1 0 1706919037
WALL 21248719 1 0 1706919038
WALL 21248719 1 0 1706919039
WALL 21248719 1 0 1706919040
WALL 21248719 1 0 1706919041
WALL 21248719 1 0 1706919042
WALL 21248719 1 0 1706919043
WALL 21248719 1 0 1706919044
WALL 21248719 1 0 1706919045
WALL 21248719 1 0 1706919046
WALL 21248719 1 0 1706919047
WALL 21248719 1 0 1706919048
WALL 21248719 1 0 1706919049
WALL 21248719 1 0 1706919050
WALL 21248719 1 0 1706919051
WALL 21248719 1 0 1706919052
WALL 21248719 1 0 1706919053
WALL 21248719 1 0 1706919054
WALL 21248719 1 0 1706919055
WALL 21248719 1 0 1706919056
WALL 21248719 1 0 1706919057
WALL 21248719 1 0 1706919058
WALL 21248719 1 0 1706919059
WALL 21248719 1 0 1706919060
WALL 21248719 1 0 1706919061
WALL 21248719 1 0 1706919062
WALL 21248719 1 0 1706919063
WALL 21248719 1 0 1706919064
WALL 21248719 1 0 1706919065
WALL 21248719 1 0 1706919066
WALL 21248719 1 0 1706919067
WALL 21248719 1 0 1706919068
WALL 21248719 1 0 1706919069
WALL 21248719 1 0 1706919070
WALL 21248719 1 0 1706919071
WALL 21248719 1 0 1706919072
WALL 21248719 1 0 1706919073
WALL 21248719 1 0 1706919074
WALL 21248719 1 0 1706919075
WALL 21248719 1 0 1706919076
WALL 21248719 1 0 1706919077
WALL 21248719 1 0 1706919078
WALL 21248719 1 0 1706919079
WALL 21248719 1 0 1706919080
WALL 21248719 1 0 1706919081
WALL 21248719 1 0 1706919082
WALL 21248719 1 0 1706919083
WALL 21248719 1 0 1706919084
WALL 21248719 1 0 1706919085
WALL 21248719 1 0 1706919086
WALL 21248719 1 0 1706919087
WALL 21248719 1 0 1706919088
WALL 21248719 1 0 1706919089
WALL 21248719 1 0 1706919090
WALL 21248719 1 0 1706919091
received SIGCONT 1706919092
WALL 21248719 1 0 1706919092
slurmstepd: error: *** STEP 21248719.0 ON nid200018 CANCELLED AT 2024-02-03T00:11:32 ***
received SIGTERM 1706919092
WALL 21248719 1 0 1706919092
WALL 21248719 1 0 1706919093
WALL 21248719 1 0 1706919094
WALL 21248719 1 0 1706919095
WALL 21248719 1 0 1706919096
WALL 21248719 1 0 1706919097
WALL 21248719 1 0 1706919098
WALL 21248719 1 0 1706919099
WALL 21248719 1 0 1706919100
WALL 21248719 1 0 1706919101
WALL 21248719 1 0 1706919102
WALL 21248719 1 0 1706919103
WALL 21248719 1 0 1706919104
WALL 21248719 1 0 1706919105
WALL 21248719 1 0 1706919106
WALL 21248719 1 0 1706919107
WALL 21248719 1 0 1706919108
WALL 21248719 1 0 1706919109
WALL 21248719 1 0 1706919110
WALL 21248719 1 0 1706919111
WALL 21248719 1 0 1706919112
WALL 21248719 1 0 1706919113
WALL 21248719 1 0 1706919114
WALL 21248719 1 0 1706919115
WALL 21248719 1 0 1706919116
WALL 21248719 1 0 1706919117
WALL 21248719 1 0 1706919118
WALL 21248719 1 0 1706919119
WALL 21248719 1 0 1706919120
WALL 21248719 1 0 1706919121
WALL 21248719 1 0 1706919122
WALL 21248719 1 0 1706919123
WALL 21248719 1 0 1706919124
WALL 21248719 1 0 1706919125
WALL 21248719 1 0 1706919126
WALL 21248719 1 0 1706919127
WALL 21248719 1 0 1706919128
WALL 21248719 1 0 1706919129
WALL 21248719 1 0 1706919130
WALL 21248719 1 0 1706919131
WALL 21248719 1 0 1706919132
WALL 21248719 1 0 1706919133
WALL 21248719 1 0 1706919134
WALL 21248719 1 0 1706919135
WALL 21248719 1 0 1706919136
WALL 21248719 1 0 1706919137
WALL 21248719 1 0 1706919138
WALL 21248719 1 0 1706919139
WALL 21248719 1 0 1706919140
WALL 21248719 1 0 1706919141
WALL 21248719 1 0 1706919142
WALL 21248719 1 0 1706919143
WALL 21248719 1 0 1706919144
WALL 21248719 1 0 1706919145
WALL 21248719 1 0 1706919146
WALL 21248719 1 0 1706919147
WALL 21248719 1 0 1706919148
WALL 21248719 1 0 1706919149
WALL 21248719 1 0 1706919150
WALL 21248719 1 0 1706919151
WALL 21248719 1 0 1706919152
WALL 21248719 1 0 1706919153
WALL 21248719 1 0 1706919154
WALL 21248719 1 0 1706919155
WALL 21248719 1 0 1706919156
WALL 21248719 1 0 1706919157
WALL 21248719 1 0 1706919158
WALL 21248719 1 0 1706919159
WALL 21248719 1 0 1706919160
WALL 21248719 1 0 1706919161
WALL 21248719 1 0 1706919162
WALL 21248719 1 0 1706919163
WALL 21248719 1 0 1706919164
WALL 21248719 1 0 1706919165
WALL 21248719 1 0 1706919166
WALL 21248719 1 0 1706919167
WALL 21248719 1 0 1706919168
WALL 21248719 1 0 1706919169
WALL 21248719 1 0 1706919170
WALL 21248719 1 0 1706919171
WALL 21248719 1 0 1706919172
WALL 21248719 1 0 1706919173
WALL 21248719 1 0 1706919174
WALL 21248719 1 0 1706919175
WALL 21248719 1 0 1706919176
WALL 21248719 1 0 1706919177
WALL 21248719 1 0 1706919178
WALL 21248719 1 0 1706919179
WALL 21248719 1 0 1706919180
WALL 21248719 1 0 1706919181
WALL 21248719 1 0 1706919182
WALL 21248719 1 0 1706919183
WALL 21248719 1 0 1706919184
WALL 21248719 1 0 1706919185
WALL 21248719 1 0 1706919186
WALL 21248719 1 0 1706919187
WALL 21248719 1 0 1706919188
WALL 21248719 1 0 1706919189
WALL 21248719 1 0 1706919190
WALL 21248719 1 0 1706919191
WALL 21248719 1 0 1706919192
WALL 21248719 1 0 1706919193
WALL 21248719 1 0 1706919194
WALL 21248719 1 0 1706919195
WALL 21248719 1 0 1706919196
WALL 21248719 1 0 1706919197
WALL 21248719 1 0 1706919198
WALL 21248719 1 0 1706919199
WALL 21248719 1 0 1706919200
WALL 21248719 1 0 1706919201
WALL 21248719 1 0 1706919202
WALL 21248719 1 0 1706919203
WALL 21248719 1 0 1706919204
WALL 21248719 1 0 1706919205
WALL 21248719 1 0 1706919206
WALL 21248719 1 0 1706919207
WALL 21248719 1 0 1706919208
WALL 21248719 1 0 1706919209
WALL 21248719 1 0 1706919210
WALL 21248719 1 0 1706919211
WALL 21248719 1 0 1706919212
WALL 21248719 1 0 1706919213
WALL 21248719 1 0 1706919214
WALL 21248719 1 0 1706919215
WALL 21248719 1 0 1706919216
WALL 21248719 1 0 1706919217
WALL 21248719 1 0 1706919218
WALL 21248719 1 0 1706919219
WALL 21248719 1 0 1706919220
WALL 21248719 1 0 1706919221
WALL 21248719 1 0 1706919222
WALL 21248719 1 0 1706919223
WALL 21248719 1 0 1706919224
WALL 21248719 1 0 1706919225
WALL 21248719 1 0 1706919226
WALL 21248719 1 0 1706919227
WALL 21248719 1 0 1706919228
WALL 21248719 1 0 1706919229
WALL 21248719 1 0 1706919230
WALL 21248719 1 0 1706919231
WALL 21248719 1 0 1706919232
WALL 21248719 1 0 1706919233
WALL 21248719 1 0 1706919234
WALL 21248719 1 0 1706919235
WALL 21248719 1 0 1706919236
WALL 21248719 1 0 1706919237
WALL 21248719 1 0 1706919238
slurmstepd: error: *** JOB 21248719 ON nid200018 CANCELLED AT 2024-02-03T00:13:59 DUE TO PREEMPTION ***
received SIGTERM 1706919239
WALL 21248719 1 0 1706919239
received SIGCONT 1706919239
WALL 21248719 1 0 1706919239
received SIGTERM 1706919239
WALL 21248719 1 0 1706919239
