srun: warning: can't run 1 processes on 2 nodes, setting nnodes to 1
WALL 21211883 1 0 1706831487
WALL 21211883 1 0 1706831488
WALL 21211883 1 0 1706831489
WALL 21211883 1 0 1706831490
WALL 21211883 1 0 1706831491
WALL 21211883 1 0 1706831492
WALL 21211883 1 0 1706831493
WALL 21211883 1 0 1706831494
WALL 21211883 1 0 1706831495
WALL 21211883 1 0 1706831496
WALL 21211883 1 0 1706831497
WALL 21211883 1 0 1706831498
WALL 21211883 1 0 1706831499
WALL 21211883 1 0 1706831500
WALL 21211883 1 0 1706831501
WALL 21211883 1 0 1706831502
WALL 21211883 1 0 1706831503
WALL 21211883 1 0 1706831504
WALL 21211883 1 0 1706831505
WALL 21211883 1 0 1706831506
WALL 21211883 1 0 1706831507
WALL 21211883 1 0 1706831508
WALL 21211883 1 0 1706831509
WALL 21211883 1 0 1706831510
WALL 21211883 1 0 1706831511
WALL 21211883 1 0 1706831512
WALL 21211883 1 0 1706831513
WALL 21211883 1 0 1706831514
WALL 21211883 1 0 1706831515
WALL 21211883 1 0 1706831516
WALL 21211883 1 0 1706831517
WALL 21211883 1 0 1706831518
WALL 21211883 1 0 1706831519
WALL 21211883 1 0 1706831520
WALL 21211883 1 0 1706831521
WALL 21211883 1 0 1706831522
WALL 21211883 1 0 1706831523
WALL 21211883 1 0 1706831524
WALL 21211883 1 0 1706831525
WALL 21211883 1 0 1706831526
WALL 21211883 1 0 1706831527
WALL 21211883 1 0 1706831528
WALL 21211883 1 0 1706831529
WALL 21211883 1 0 1706831530
WALL 21211883 1 0 1706831531
WALL 21211883 1 0 1706831532
WALL 21211883 1 0 1706831533
WALL 21211883 1 0 1706831534
WALL 21211883 1 0 1706831535
WALL 21211883 1 0 1706831536
WALL 21211883 1 0 1706831537
WALL 21211883 1 0 1706831538
WALL 21211883 1 0 1706831539
WALL 21211883 1 0 1706831540
WALL 21211883 1 0 1706831541
WALL 21211883 1 0 1706831542
WALL 21211883 1 0 1706831543
WALL 21211883 1 0 1706831544
WALL 21211883 1 0 1706831545
WALL 21211883 1 0 1706831546
WALL 21211883 1 0 1706831547
WALL 21211883 1 0 1706831548
WALL 21211883 1 0 1706831549
WALL 21211883 1 0 1706831550
WALL 21211883 1 0 1706831551
WALL 21211883 1 0 1706831552
WALL 21211883 1 0 1706831553
WALL 21211883 1 0 1706831554
WALL 21211883 1 0 1706831555
WALL 21211883 1 0 1706831556
WALL 21211883 1 0 1706831557
WALL 21211883 1 0 1706831558
WALL 21211883 1 0 1706831559
WALL 21211883 1 0 1706831560
WALL 21211883 1 0 1706831561
WALL 21211883 1 0 1706831562
WALL 21211883 1 0 1706831563
WALL 21211883 1 0 1706831564
WALL 21211883 1 0 1706831565
WALL 21211883 1 0 1706831566
WALL 21211883 1 0 1706831567
WALL 21211883 1 0 1706831568
WALL 21211883 1 0 1706831569
WALL 21211883 1 0 1706831570
WALL 21211883 1 0 1706831571
WALL 21211883 1 0 1706831572
WALL 21211883 1 0 1706831573
WALL 21211883 1 0 1706831574
WALL 21211883 1 0 1706831575
WALL 21211883 1 0 1706831576
WALL 21211883 1 0 1706831577
WALL 21211883 1 0 1706831578
WALL 21211883 1 0 1706831579
WALL 21211883 1 0 1706831580
WALL 21211883 1 0 1706831581
WALL 21211883 1 0 1706831582
WALL 21211883 1 0 1706831583
WALL 21211883 1 0 1706831584
WALL 21211883 1 0 1706831585
WALL 21211883 1 0 1706831586
WALL 21211883 1 0 1706831587
WALL 21211883 1 0 1706831588
WALL 21211883 1 0 1706831589
WALL 21211883 1 0 1706831590
WALL 21211883 1 0 1706831591
WALL 21211883 1 0 1706831592
WALL 21211883 1 0 1706831593
WALL 21211883 1 0 1706831594
WALL 21211883 1 0 1706831595
WALL 21211883 1 0 1706831596
WALL 21211883 1 0 1706831597
WALL 21211883 1 0 1706831598
WALL 21211883 1 0 1706831599
received SIGCONT 1706831600
WALL 21211883 1 0 1706831600
slurmstepd: error: *** STEP 21211883.0 ON nid200202 CANCELLED AT 2024-02-01T23:53:20 ***
received SIGTERM 1706831600
WALL 21211883 1 0 1706831600
WALL 21211883 1 0 1706831601
WALL 21211883 1 0 1706831602
WALL 21211883 1 0 1706831603
WALL 21211883 1 0 1706831604
WALL 21211883 1 0 1706831605
WALL 21211883 1 0 1706831606
WALL 21211883 1 0 1706831607
WALL 21211883 1 0 1706831608
WALL 21211883 1 0 1706831609
WALL 21211883 1 0 1706831610
WALL 21211883 1 0 1706831611
WALL 21211883 1 0 1706831612
WALL 21211883 1 0 1706831613
WALL 21211883 1 0 1706831614
WALL 21211883 1 0 1706831615
WALL 21211883 1 0 1706831616
WALL 21211883 1 0 1706831617
WALL 21211883 1 0 1706831618
WALL 21211883 1 0 1706831619
WALL 21211883 1 0 1706831620
WALL 21211883 1 0 1706831621
WALL 21211883 1 0 1706831622
WALL 21211883 1 0 1706831623
WALL 21211883 1 0 1706831624
WALL 21211883 1 0 1706831625
WALL 21211883 1 0 1706831626
WALL 21211883 1 0 1706831627
WALL 21211883 1 0 1706831628
WALL 21211883 1 0 1706831629
WALL 21211883 1 0 1706831630
WALL 21211883 1 0 1706831631
WALL 21211883 1 0 1706831632
WALL 21211883 1 0 1706831633
WALL 21211883 1 0 1706831634
WALL 21211883 1 0 1706831635
WALL 21211883 1 0 1706831636
WALL 21211883 1 0 1706831637
WALL 21211883 1 0 1706831638
WALL 21211883 1 0 1706831639
WALL 21211883 1 0 1706831640
WALL 21211883 1 0 1706831641
WALL 21211883 1 0 1706831642
WALL 21211883 1 0 1706831643
WALL 21211883 1 0 1706831644
WALL 21211883 1 0 1706831645
WALL 21211883 1 0 1706831646
WALL 21211883 1 0 1706831647
WALL 21211883 1 0 1706831648
WALL 21211883 1 0 1706831649
WALL 21211883 1 0 1706831650
WALL 21211883 1 0 1706831651
WALL 21211883 1 0 1706831652
WALL 21211883 1 0 1706831653
WALL 21211883 1 0 1706831654
WALL 21211883 1 0 1706831655
WALL 21211883 1 0 1706831656
WALL 21211883 1 0 1706831657
WALL 21211883 1 0 1706831658
WALL 21211883 1 0 1706831659
WALL 21211883 1 0 1706831660
WALL 21211883 1 0 1706831661
WALL 21211883 1 0 1706831662
WALL 21211883 1 0 1706831663
WALL 21211883 1 0 1706831664
WALL 21211883 1 0 1706831665
WALL 21211883 1 0 1706831666
WALL 21211883 1 0 1706831667
WALL 21211883 1 0 1706831668
WALL 21211883 1 0 1706831669
WALL 21211883 1 0 1706831670
WALL 21211883 1 0 1706831671
WALL 21211883 1 0 1706831672
WALL 21211883 1 0 1706831673
WALL 21211883 1 0 1706831674
WALL 21211883 1 0 1706831675
WALL 21211883 1 0 1706831676
WALL 21211883 1 0 1706831677
WALL 21211883 1 0 1706831678
WALL 21211883 1 0 1706831679
WALL 21211883 1 0 1706831680
WALL 21211883 1 0 1706831681
WALL 21211883 1 0 1706831682
WALL 21211883 1 0 1706831683
WALL 21211883 1 0 1706831684
slurmstepd: error: *** JOB 21211883 ON nid200202 CANCELLED AT 2024-02-01T23:54:45 DUE TO PREEMPTION ***
received SIGTERM 1706831685
WALL 21211883 1 0 1706831685
received SIGCONT 1706831685
WALL 21211883 1 0 1706831685
received SIGTERM 1706831685
WALL 21211883 1 0 1706831685
