srun: warning: can't run 1 processes on 2 nodes, setting nnodes to 1
WALL 21203673 1 0 1706818014
WALL 21203673 1 0 1706818015
WALL 21203673 1 0 1706818016
WALL 21203673 1 0 1706818017
WALL 21203673 1 0 1706818018
WALL 21203673 1 0 1706818019
WALL 21203673 1 0 1706818020
WALL 21203673 1 0 1706818021
WALL 21203673 1 0 1706818022
WALL 21203673 1 0 1706818023
WALL 21203673 1 0 1706818024
WALL 21203673 1 0 1706818025
WALL 21203673 1 0 1706818026
WALL 21203673 1 0 1706818027
WALL 21203673 1 0 1706818028
WALL 21203673 1 0 1706818029
WALL 21203673 1 0 1706818030
WALL 21203673 1 0 1706818031
WALL 21203673 1 0 1706818032
WALL 21203673 1 0 1706818033
WALL 21203673 1 0 1706818034
WALL 21203673 1 0 1706818035
WALL 21203673 1 0 1706818036
WALL 21203673 1 0 1706818037
WALL 21203673 1 0 1706818038
WALL 21203673 1 0 1706818039
WALL 21203673 1 0 1706818040
WALL 21203673 1 0 1706818041
WALL 21203673 1 0 1706818042
WALL 21203673 1 0 1706818043
WALL 21203673 1 0 1706818044
WALL 21203673 1 0 1706818045
WALL 21203673 1 0 1706818046
WALL 21203673 1 0 1706818047
WALL 21203673 1 0 1706818048
WALL 21203673 1 0 1706818049
WALL 21203673 1 0 1706818050
WALL 21203673 1 0 1706818051
WALL 21203673 1 0 1706818052
WALL 21203673 1 0 1706818053
WALL 21203673 1 0 1706818054
WALL 21203673 1 0 1706818055
WALL 21203673 1 0 1706818056
WALL 21203673 1 0 1706818057
WALL 21203673 1 0 1706818058
WALL 21203673 1 0 1706818059
WALL 21203673 1 0 1706818060
WALL 21203673 1 0 1706818061
WALL 21203673 1 0 1706818062
WALL 21203673 1 0 1706818063
WALL 21203673 1 0 1706818064
WALL 21203673 1 0 1706818065
WALL 21203673 1 0 1706818066
WALL 21203673 1 0 1706818067
WALL 21203673 1 0 1706818068
WALL 21203673 1 0 1706818069
WALL 21203673 1 0 1706818070
WALL 21203673 1 0 1706818071
WALL 21203673 1 0 1706818072
WALL 21203673 1 0 1706818073
WALL 21203673 1 0 1706818074
WALL 21203673 1 0 1706818075
WALL 21203673 1 0 1706818076
WALL 21203673 1 0 1706818077
WALL 21203673 1 0 1706818078
WALL 21203673 1 0 1706818079
WALL 21203673 1 0 1706818080
WALL 21203673 1 0 1706818081
WALL 21203673 1 0 1706818082
WALL 21203673 1 0 1706818083
WALL 21203673 1 0 1706818084
WALL 21203673 1 0 1706818085
WALL 21203673 1 0 1706818086
WALL 21203673 1 0 1706818087
WALL 21203673 1 0 1706818088
WALL 21203673 1 0 1706818089
WALL 21203673 1 0 1706818090
WALL 21203673 1 0 1706818091
WALL 21203673 1 0 1706818092
WALL 21203673 1 0 1706818093
WALL 21203673 1 0 1706818094
WALL 21203673 1 0 1706818095
WALL 21203673 1 0 1706818096
WALL 21203673 1 0 1706818097
WALL 21203673 1 0 1706818098
WALL 21203673 1 0 1706818099
WALL 21203673 1 0 1706818100
WALL 21203673 1 0 1706818101
WALL 21203673 1 0 1706818102
WALL 21203673 1 0 1706818103
WALL 21203673 1 0 1706818104
WALL 21203673 1 0 1706818105
WALL 21203673 1 0 1706818106
WALL 21203673 1 0 1706818107
WALL 21203673 1 0 1706818108
WALL 21203673 1 0 1706818109
WALL 21203673 1 0 1706818110
WALL 21203673 1 0 1706818111
WALL 21203673 1 0 1706818112
WALL 21203673 1 0 1706818113
WALL 21203673 1 0 1706818114
WALL 21203673 1 0 1706818115
WALL 21203673 1 0 1706818116
WALL 21203673 1 0 1706818117
WALL 21203673 1 0 1706818118
WALL 21203673 1 0 1706818119
WALL 21203673 1 0 1706818120
WALL 21203673 1 0 1706818121
WALL 21203673 1 0 1706818122
WALL 21203673 1 0 1706818123
WALL 21203673 1 0 1706818124
WALL 21203673 1 0 1706818125
WALL 21203673 1 0 1706818126
WALL 21203673 1 0 1706818127
WALL 21203673 1 0 1706818128
WALL 21203673 1 0 1706818129
WALL 21203673 1 0 1706818130
WALL 21203673 1 0 1706818131
WALL 21203673 1 0 1706818132
WALL 21203673 1 0 1706818133
WALL 21203673 1 0 1706818134
WALL 21203673 1 0 1706818135
WALL 21203673 1 0 1706818136
WALL 21203673 1 0 1706818137
WALL 21203673 1 0 1706818138
WALL 21203673 1 0 1706818139
WALL 21203673 1 0 1706818140
WALL 21203673 1 0 1706818141
WALL 21203673 1 0 1706818142
WALL 21203673 1 0 1706818143
WALL 21203673 1 0 1706818144
WALL 21203673 1 0 1706818145
WALL 21203673 1 0 1706818146
WALL 21203673 1 0 1706818147
WALL 21203673 1 0 1706818148
WALL 21203673 1 0 1706818149
WALL 21203673 1 0 1706818150
WALL 21203673 1 0 1706818151
WALL 21203673 1 0 1706818152
WALL 21203673 1 0 1706818153
WALL 21203673 1 0 1706818154
WALL 21203673 1 0 1706818155
WALL 21203673 1 0 1706818156
WALL 21203673 1 0 1706818157
WALL 21203673 1 0 1706818158
WALL 21203673 1 0 1706818159
WALL 21203673 1 0 1706818160
WALL 21203673 1 0 1706818161
WALL 21203673 1 0 1706818162
WALL 21203673 1 0 1706818163
WALL 21203673 1 0 1706818164
WALL 21203673 1 0 1706818165
WALL 21203673 1 0 1706818166
WALL 21203673 1 0 1706818167
WALL 21203673 1 0 1706818168
WALL 21203673 1 0 1706818169
WALL 21203673 1 0 1706818170
WALL 21203673 1 0 1706818171
WALL 21203673 1 0 1706818172
WALL 21203673 1 0 1706818173
WALL 21203673 1 0 1706818174
WALL 21203673 1 0 1706818175
WALL 21203673 1 0 1706818176
WALL 21203673 1 0 1706818177
WALL 21203673 1 0 1706818178
WALL 21203673 1 0 1706818179
WALL 21203673 1 0 1706818180
WALL 21203673 1 0 1706818181
WALL 21203673 1 0 1706818182
WALL 21203673 1 0 1706818183
WALL 21203673 1 0 1706818184
WALL 21203673 1 0 1706818185
WALL 21203673 1 0 1706818186
WALL 21203673 1 0 1706818187
WALL 21203673 1 0 1706818188
WALL 21203673 1 0 1706818189
WALL 21203673 1 0 1706818190
WALL 21203673 1 0 1706818191
WALL 21203673 1 0 1706818192
WALL 21203673 1 0 1706818193
WALL 21203673 1 0 1706818194
WALL 21203673 1 0 1706818195
WALL 21203673 1 0 1706818196
WALL 21203673 1 0 1706818197
WALL 21203673 1 0 1706818198
WALL 21203673 1 0 1706818199
WALL 21203673 1 0 1706818200
WALL 21203673 1 0 1706818201
WALL 21203673 1 0 1706818202
WALL 21203673 1 0 1706818203
WALL 21203673 1 0 1706818204
WALL 21203673 1 0 1706818205
WALL 21203673 1 0 1706818206
WALL 21203673 1 0 1706818207
WALL 21203673 1 0 1706818208
WALL 21203673 1 0 1706818209
WALL 21203673 1 0 1706818210
WALL 21203673 1 0 1706818211
WALL 21203673 1 0 1706818212
WALL 21203673 1 0 1706818213
WALL 21203673 1 0 1706818214
WALL 21203673 1 0 1706818215
WALL 21203673 1 0 1706818216
WALL 21203673 1 0 1706818217
WALL 21203673 1 0 1706818218
WALL 21203673 1 0 1706818219
WALL 21203673 1 0 1706818220
WALL 21203673 1 0 1706818221
WALL 21203673 1 0 1706818222
WALL 21203673 1 0 1706818223
WALL 21203673 1 0 1706818224
WALL 21203673 1 0 1706818225
WALL 21203673 1 0 1706818226
WALL 21203673 1 0 1706818227
WALL 21203673 1 0 1706818228
WALL 21203673 1 0 1706818229
WALL 21203673 1 0 1706818230
WALL 21203673 1 0 1706818231
WALL 21203673 1 0 1706818232
WALL 21203673 1 0 1706818233
WALL 21203673 1 0 1706818234
WALL 21203673 1 0 1706818235
WALL 21203673 1 0 1706818236
WALL 21203673 1 0 1706818237
WALL 21203673 1 0 1706818238
WALL 21203673 1 0 1706818239
WALL 21203673 1 0 1706818240
WALL 21203673 1 0 1706818241
WALL 21203673 1 0 1706818242
WALL 21203673 1 0 1706818243
WALL 21203673 1 0 1706818244
WALL 21203673 1 0 1706818245
WALL 21203673 1 0 1706818246
WALL 21203673 1 0 1706818247
WALL 21203673 1 0 1706818248
WALL 21203673 1 0 1706818249
WALL 21203673 1 0 1706818250
WALL 21203673 1 0 1706818251
WALL 21203673 1 0 1706818252
WALL 21203673 1 0 1706818253
WALL 21203673 1 0 1706818254
WALL 21203673 1 0 1706818255
WALL 21203673 1 0 1706818256
WALL 21203673 1 0 1706818257
WALL 21203673 1 0 1706818258
WALL 21203673 1 0 1706818259
WALL 21203673 1 0 1706818260
WALL 21203673 1 0 1706818261
received SIGCONT 1706818262
WALL 21203673 1 0 1706818262
slurmstepd: error: *** STEP 21203673.0 ON nid200175 CANCELLED AT 2024-02-01T20:11:02 ***
received SIGTERM 1706818262
WALL 21203673 1 0 1706818262
WALL 21203673 1 0 1706818263
WALL 21203673 1 0 1706818264
WALL 21203673 1 0 1706818265
WALL 21203673 1 0 1706818266
WALL 21203673 1 0 1706818267
WALL 21203673 1 0 1706818268
WALL 21203673 1 0 1706818269
WALL 21203673 1 0 1706818270
WALL 21203673 1 0 1706818271
WALL 21203673 1 0 1706818272
WALL 21203673 1 0 1706818273
WALL 21203673 1 0 1706818274
WALL 21203673 1 0 1706818275
WALL 21203673 1 0 1706818276
WALL 21203673 1 0 1706818277
WALL 21203673 1 0 1706818278
WALL 21203673 1 0 1706818279
WALL 21203673 1 0 1706818280
WALL 21203673 1 0 1706818281
WALL 21203673 1 0 1706818282
WALL 21203673 1 0 1706818283
WALL 21203673 1 0 1706818284
WALL 21203673 1 0 1706818285
WALL 21203673 1 0 1706818286
WALL 21203673 1 0 1706818287
WALL 21203673 1 0 1706818288
WALL 21203673 1 0 1706818289
WALL 21203673 1 0 1706818290
WALL 21203673 1 0 1706818291
WALL 21203673 1 0 1706818292
WALL 21203673 1 0 1706818293
WALL 21203673 1 0 1706818294
WALL 21203673 1 0 1706818295
WALL 21203673 1 0 1706818296
WALL 21203673 1 0 1706818297
WALL 21203673 1 0 1706818298
WALL 21203673 1 0 1706818299
WALL 21203673 1 0 1706818300
WALL 21203673 1 0 1706818301
WALL 21203673 1 0 1706818302
WALL 21203673 1 0 1706818303
WALL 21203673 1 0 1706818304
WALL 21203673 1 0 1706818305
WALL 21203673 1 0 1706818306
WALL 21203673 1 0 1706818307
WALL 21203673 1 0 1706818308
WALL 21203673 1 0 1706818309
WALL 21203673 1 0 1706818310
WALL 21203673 1 0 1706818311
WALL 21203673 1 0 1706818312
WALL 21203673 1 0 1706818313
WALL 21203673 1 0 1706818314
WALL 21203673 1 0 1706818315
WALL 21203673 1 0 1706818316
WALL 21203673 1 0 1706818317
WALL 21203673 1 0 1706818318
WALL 21203673 1 0 1706818319
WALL 21203673 1 0 1706818320
WALL 21203673 1 0 1706818321
WALL 21203673 1 0 1706818322
WALL 21203673 1 0 1706818323
WALL 21203673 1 0 1706818324
WALL 21203673 1 0 1706818325
WALL 21203673 1 0 1706818326
WALL 21203673 1 0 1706818327
WALL 21203673 1 0 1706818328
WALL 21203673 1 0 1706818329
WALL 21203673 1 0 1706818330
WALL 21203673 1 0 1706818331
WALL 21203673 1 0 1706818332
WALL 21203673 1 0 1706818333
WALL 21203673 1 0 1706818334
WALL 21203673 1 0 1706818335
WALL 21203673 1 0 1706818336
WALL 21203673 1 0 1706818337
WALL 21203673 1 0 1706818338
WALL 21203673 1 0 1706818339
WALL 21203673 1 0 1706818340
WALL 21203673 1 0 1706818341
WALL 21203673 1 0 1706818342
WALL 21203673 1 0 1706818343
WALL 21203673 1 0 1706818344
WALL 21203673 1 0 1706818345
WALL 21203673 1 0 1706818346
WALL 21203673 1 0 1706818347
slurmstepd: error: *** JOB 21203673 ON nid200175 CANCELLED AT 2024-02-01T20:12:28 DUE TO PREEMPTION ***
received SIGTERM 1706818348
WALL 21203673 1 0 1706818348
received SIGCONT 1706818348
WALL 21203673 1 0 1706818348
received SIGTERM 1706818348
WALL 21203673 1 0 1706818348
