WALL 21212086 1 0 1706832597
WALL 21212086 1 0 1706832598
WALL 21212086 1 0 1706832599
WALL 21212086 1 0 1706832600
WALL 21212086 1 0 1706832601
WALL 21212086 1 0 1706832602
WALL 21212086 1 0 1706832603
WALL 21212086 1 0 1706832604
WALL 21212086 1 0 1706832605
WALL 21212086 1 0 1706832606
WALL 21212086 1 0 1706832607
WALL 21212086 1 0 1706832608
WALL 21212086 1 0 1706832609
WALL 21212086 1 0 1706832610
WALL 21212086 1 0 1706832611
WALL 21212086 1 0 1706832612
WALL 21212086 1 0 1706832613
WALL 21212086 1 0 1706832614
WALL 21212086 1 0 1706832615
WALL 21212086 1 0 1706832616
WALL 21212086 1 0 1706832617
WALL 21212086 1 0 1706832618
WALL 21212086 1 0 1706832619
WALL 21212086 1 0 1706832620
WALL 21212086 1 0 1706832621
WALL 21212086 1 0 1706832622
WALL 21212086 1 0 1706832623
WALL 21212086 1 0 1706832624
WALL 21212086 1 0 1706832625
WALL 21212086 1 0 1706832626
WALL 21212086 1 0 1706832627
WALL 21212086 1 0 1706832628
WALL 21212086 1 0 1706832629
WALL 21212086 1 0 1706832630
WALL 21212086 1 0 1706832631
WALL 21212086 1 0 1706832632
WALL 21212086 1 0 1706832633
WALL 21212086 1 0 1706832634
WALL 21212086 1 0 1706832635
WALL 21212086 1 0 1706832636
WALL 21212086 1 0 1706832637
WALL 21212086 1 0 1706832638
WALL 21212086 1 0 1706832639
WALL 21212086 1 0 1706832640
WALL 21212086 1 0 1706832641
WALL 21212086 1 0 1706832642
WALL 21212086 1 0 1706832643
WALL 21212086 1 0 1706832644
WALL 21212086 1 0 1706832645
WALL 21212086 1 0 1706832646
WALL 21212086 1 0 1706832647
WALL 21212086 1 0 1706832648
WALL 21212086 1 0 1706832649
WALL 21212086 1 0 1706832650
WALL 21212086 1 0 1706832651
WALL 21212086 1 0 1706832652
WALL 21212086 1 0 1706832653
WALL 21212086 1 0 1706832654
WALL 21212086 1 0 1706832655
WALL 21212086 1 0 1706832656
WALL 21212086 1 0 1706832657
WALL 21212086 1 0 1706832658
slurmstepd: error: *** STEP 21212086.0 ON nid200043 CANCELLED AT 2024-02-02T00:10:59 ***
received SIGTERM 1706832659
WALL 21212086 1 0 1706832659
received SIGCONT 1706832659
WALL 21212086 1 0 1706832659
WALL 21212086 1 0 1706832660
WALL 21212086 1 0 1706832661
WALL 21212086 1 0 1706832662
WALL 21212086 1 0 1706832663
WALL 21212086 1 0 1706832664
WALL 21212086 1 0 1706832665
WALL 21212086 1 0 1706832666
WALL 21212086 1 0 1706832667
WALL 21212086 1 0 1706832668
WALL 21212086 1 0 1706832669
WALL 21212086 1 0 1706832670
WALL 21212086 1 0 1706832671
WALL 21212086 1 0 1706832672
WALL 21212086 1 0 1706832673
WALL 21212086 1 0 1706832674
WALL 21212086 1 0 1706832675
WALL 21212086 1 0 1706832676
WALL 21212086 1 0 1706832677
WALL 21212086 1 0 1706832678
WALL 21212086 1 0 1706832679
WALL 21212086 1 0 1706832680
WALL 21212086 1 0 1706832681
WALL 21212086 1 0 1706832682
WALL 21212086 1 0 1706832683
WALL 21212086 1 0 1706832684
WALL 21212086 1 0 1706832685
WALL 21212086 1 0 1706832686
WALL 21212086 1 0 1706832687
WALL 21212086 1 0 1706832688
WALL 21212086 1 0 1706832689
WALL 21212086 1 0 1706832690
WALL 21212086 1 0 1706832691
WALL 21212086 1 0 1706832692
WALL 21212086 1 0 1706832693
WALL 21212086 1 0 1706832694
WALL 21212086 1 0 1706832695
WALL 21212086 1 0 1706832696
WALL 21212086 1 0 1706832697
WALL 21212086 1 0 1706832698
WALL 21212086 1 0 1706832699
WALL 21212086 1 0 1706832700
WALL 21212086 1 0 1706832701
WALL 21212086 1 0 1706832702
WALL 21212086 1 0 1706832703
WALL 21212086 1 0 1706832704
WALL 21212086 1 0 1706832705
WALL 21212086 1 0 1706832706
WALL 21212086 1 0 1706832707
WALL 21212086 1 0 1706832708
WALL 21212086 1 0 1706832709
WALL 21212086 1 0 1706832710
WALL 21212086 1 0 1706832711
WALL 21212086 1 0 1706832712
WALL 21212086 1 0 1706832713
WALL 21212086 1 0 1706832714
WALL 21212086 1 0 1706832715
WALL 21212086 1 0 1706832716
WALL 21212086 1 0 1706832717
WALL 21212086 1 0 1706832718
WALL 21212086 1 0 1706832719
WALL 21212086 1 0 1706832720
WALL 21212086 1 0 1706832721
WALL 21212086 1 0 1706832722
WALL 21212086 1 0 1706832723
WALL 21212086 1 0 1706832724
slurmstepd: error: *** JOB 21212086 ON nid200043 CANCELLED AT 2024-02-02T00:12:04 DUE TO PREEMPTION ***
received SIGTERM 1706832724
WALL 21212086 1 0 1706832724
received SIGCONT 1706832724
WALL 21212086 1 0 1706832724
received SIGTERM 1706832724
WALL 21212086 1 0 1706832724
