WALL 21197244 1 0 1706814437
WALL 21197244 1 0 1706814438
WALL 21197244 1 0 1706814439
WALL 21197244 1 0 1706814440
WALL 21197244 1 0 1706814441
WALL 21197244 1 0 1706814442
WALL 21197244 1 0 1706814443
WALL 21197244 1 0 1706814444
WALL 21197244 1 0 1706814445
WALL 21197244 1 0 1706814446
WALL 21197244 1 0 1706814447
WALL 21197244 1 0 1706814448
WALL 21197244 1 0 1706814449
WALL 21197244 1 0 1706814450
WALL 21197244 1 0 1706814451
WALL 21197244 1 0 1706814452
WALL 21197244 1 0 1706814453
WALL 21197244 1 0 1706814454
WALL 21197244 1 0 1706814455
WALL 21197244 1 0 1706814456
WALL 21197244 1 0 1706814457
WALL 21197244 1 0 1706814458
WALL 21197244 1 0 1706814459
WALL 21197244 1 0 1706814460
WALL 21197244 1 0 1706814461
WALL 21197244 1 0 1706814462
WALL 21197244 1 0 1706814463
WALL 21197244 1 0 1706814464
WALL 21197244 1 0 1706814465
WALL 21197244 1 0 1706814466
WALL 21197244 1 0 1706814467
WALL 21197244 1 0 1706814468
WALL 21197244 1 0 1706814469
WALL 21197244 1 0 1706814470
WALL 21197244 1 0 1706814471
WALL 21197244 1 0 1706814472
WALL 21197244 1 0 1706814473
WALL 21197244 1 0 1706814474
WALL 21197244 1 0 1706814475
WALL 21197244 1 0 1706814476
WALL 21197244 1 0 1706814477
WALL 21197244 1 0 1706814478
WALL 21197244 1 0 1706814479
WALL 21197244 1 0 1706814480
WALL 21197244 1 0 1706814481
WALL 21197244 1 0 1706814482
WALL 21197244 1 0 1706814483
WALL 21197244 1 0 1706814484
WALL 21197244 1 0 1706814485
WALL 21197244 1 0 1706814486
WALL 21197244 1 0 1706814487
WALL 21197244 1 0 1706814488
WALL 21197244 1 0 1706814489
slurmstepd: error: *** STEP 21197244.0 ON nid200089 CANCELLED AT 2024-02-01T19:08:09 ***
received SIGTERM 1706814489
WALL 21197244 1 0 1706814489
received SIGCONT 1706814489
WALL 21197244 1 0 1706814489
WALL 21197244 1 0 1706814490
WALL 21197244 1 0 1706814491
WALL 21197244 1 0 1706814492
WALL 21197244 1 0 1706814493
WALL 21197244 1 0 1706814494
WALL 21197244 1 0 1706814495
WALL 21197244 1 0 1706814496
WALL 21197244 1 0 1706814497
WALL 21197244 1 0 1706814498
WALL 21197244 1 0 1706814499
WALL 21197244 1 0 1706814500
WALL 21197244 1 0 1706814501
WALL 21197244 1 0 1706814502
WALL 21197244 1 0 1706814503
WALL 21197244 1 0 1706814504
WALL 21197244 1 0 1706814505
WALL 21197244 1 0 1706814506
WALL 21197244 1 0 1706814507
WALL 21197244 1 0 1706814508
WALL 21197244 1 0 1706814509
WALL 21197244 1 0 1706814510
WALL 21197244 1 0 1706814511
WALL 21197244 1 0 1706814512
WALL 21197244 1 0 1706814513
WALL 21197244 1 0 1706814514
WALL 21197244 1 0 1706814515
WALL 21197244 1 0 1706814516
WALL 21197244 1 0 1706814517
WALL 21197244 1 0 1706814518
WALL 21197244 1 0 1706814519
WALL 21197244 1 0 1706814520
WALL 21197244 1 0 1706814521
WALL 21197244 1 0 1706814522
WALL 21197244 1 0 1706814523
WALL 21197244 1 0 1706814524
WALL 21197244 1 0 1706814525
WALL 21197244 1 0 1706814526
WALL 21197244 1 0 1706814527
WALL 21197244 1 0 1706814528
WALL 21197244 1 0 1706814529
WALL 21197244 1 0 1706814530
WALL 21197244 1 0 1706814531
WALL 21197244 1 0 1706814532
WALL 21197244 1 0 1706814533
WALL 21197244 1 0 1706814534
WALL 21197244 1 0 1706814535
WALL 21197244 1 0 1706814536
WALL 21197244 1 0 1706814537
WALL 21197244 1 0 1706814538
WALL 21197244 1 0 1706814539
WALL 21197244 1 0 1706814540
WALL 21197244 1 0 1706814541
WALL 21197244 1 0 1706814542
WALL 21197244 1 0 1706814543
WALL 21197244 1 0 1706814544
WALL 21197244 1 0 1706814545
WALL 21197244 1 0 1706814546
WALL 21197244 1 0 1706814547
WALL 21197244 1 0 1706814548
WALL 21197244 1 0 1706814549
WALL 21197244 1 0 1706814550
WALL 21197244 1 0 1706814551
WALL 21197244 1 0 1706814552
WALL 21197244 1 0 1706814553
WALL 21197244 1 0 1706814554
WALL 21197244 1 0 1706814555
WALL 21197244 1 0 1706814556
WALL 21197244 1 0 1706814557
slurmstepd: error: *** JOB 21197244 ON nid200089 CANCELLED AT 2024-02-01T19:09:18 DUE TO PREEMPTION ***
received SIGTERM 1706814558
WALL 21197244 1 0 1706814558
received SIGCONT 1706814558
WALL 21197244 1 0 1706814558
received SIGTERM 1706814558
WALL 21197244 1 0 1706814558
