srun: warning: can't run 1 processes on 2 nodes, setting nnodes to 1
WALL 21196801 1 0 1706814159
WALL 21196801 1 0 1706814160
WALL 21196801 1 0 1706814161
WALL 21196801 1 0 1706814162
WALL 21196801 1 0 1706814163
WALL 21196801 1 0 1706814164
WALL 21196801 1 0 1706814165
WALL 21196801 1 0 1706814166
WALL 21196801 1 0 1706814167
WALL 21196801 1 0 1706814168
WALL 21196801 1 0 1706814169
WALL 21196801 1 0 1706814170
WALL 21196801 1 0 1706814171
WALL 21196801 1 0 1706814172
WALL 21196801 1 0 1706814173
WALL 21196801 1 0 1706814174
WALL 21196801 1 0 1706814175
WALL 21196801 1 0 1706814176
WALL 21196801 1 0 1706814177
WALL 21196801 1 0 1706814178
WALL 21196801 1 0 1706814179
WALL 21196801 1 0 1706814180
WALL 21196801 1 0 1706814181
WALL 21196801 1 0 1706814182
WALL 21196801 1 0 1706814183
WALL 21196801 1 0 1706814184
WALL 21196801 1 0 1706814185
WALL 21196801 1 0 1706814186
WALL 21196801 1 0 1706814187
WALL 21196801 1 0 1706814188
WALL 21196801 1 0 1706814189
WALL 21196801 1 0 1706814190
WALL 21196801 1 0 1706814191
WALL 21196801 1 0 1706814192
WALL 21196801 1 0 1706814193
WALL 21196801 1 0 1706814194
WALL 21196801 1 0 1706814195
WALL 21196801 1 0 1706814196
WALL 21196801 1 0 1706814197
WALL 21196801 1 0 1706814198
WALL 21196801 1 0 1706814199
WALL 21196801 1 0 1706814200
WALL 21196801 1 0 1706814201
WALL 21196801 1 0 1706814202
WALL 21196801 1 0 1706814203
WALL 21196801 1 0 1706814204
WALL 21196801 1 0 1706814205
WALL 21196801 1 0 1706814206
WALL 21196801 1 0 1706814207
WALL 21196801 1 0 1706814208
WALL 21196801 1 0 1706814209
WALL 21196801 1 0 1706814210
WALL 21196801 1 0 1706814211
WALL 21196801 1 0 1706814212
WALL 21196801 1 0 1706814213
WALL 21196801 1 0 1706814214
WALL 21196801 1 0 1706814215
WALL 21196801 1 0 1706814216
WALL 21196801 1 0 1706814217
WALL 21196801 1 0 1706814218
WALL 21196801 1 0 1706814219
WALL 21196801 1 0 1706814220
WALL 21196801 1 0 1706814221
WALL 21196801 1 0 1706814222
WALL 21196801 1 0 1706814223
WALL 21196801 1 0 1706814224
WALL 21196801 1 0 1706814225
WALL 21196801 1 0 1706814226
WALL 21196801 1 0 1706814227
WALL 21196801 1 0 1706814228
WALL 21196801 1 0 1706814229
WALL 21196801 1 0 1706814230
WALL 21196801 1 0 1706814231
WALL 21196801 1 0 1706814232
WALL 21196801 1 0 1706814233
WALL 21196801 1 0 1706814234
WALL 21196801 1 0 1706814235
WALL 21196801 1 0 1706814236
WALL 21196801 1 0 1706814237
WALL 21196801 1 0 1706814238
WALL 21196801 1 0 1706814239
WALL 21196801 1 0 1706814240
WALL 21196801 1 0 1706814241
WALL 21196801 1 0 1706814242
WALL 21196801 1 0 1706814243
WALL 21196801 1 0 1706814244
WALL 21196801 1 0 1706814245
WALL 21196801 1 0 1706814246
WALL 21196801 1 0 1706814247
WALL 21196801 1 0 1706814248
WALL 21196801 1 0 1706814249
WALL 21196801 1 0 1706814250
WALL 21196801 1 0 1706814251
WALL 21196801 1 0 1706814252
WALL 21196801 1 0 1706814253
WALL 21196801 1 0 1706814254
WALL 21196801 1 0 1706814255
WALL 21196801 1 0 1706814256
WALL 21196801 1 0 1706814257
WALL 21196801 1 0 1706814258
WALL 21196801 1 0 1706814259
WALL 21196801 1 0 1706814260
WALL 21196801 1 0 1706814261
WALL 21196801 1 0 1706814262
WALL 21196801 1 0 1706814263
WALL 21196801 1 0 1706814264
WALL 21196801 1 0 1706814265
WALL 21196801 1 0 1706814266
WALL 21196801 1 0 1706814267
WALL 21196801 1 0 1706814268
WALL 21196801 1 0 1706814269
WALL 21196801 1 0 1706814270
WALL 21196801 1 0 1706814271
WALL 21196801 1 0 1706814272
WALL 21196801 1 0 1706814273
WALL 21196801 1 0 1706814274
WALL 21196801 1 0 1706814275
WALL 21196801 1 0 1706814276
WALL 21196801 1 0 1706814277
WALL 21196801 1 0 1706814278
WALL 21196801 1 0 1706814279
WALL 21196801 1 0 1706814280
WALL 21196801 1 0 1706814281
WALL 21196801 1 0 1706814282
WALL 21196801 1 0 1706814283
WALL 21196801 1 0 1706814284
WALL 21196801 1 0 1706814285
WALL 21196801 1 0 1706814286
WALL 21196801 1 0 1706814287
WALL 21196801 1 0 1706814288
WALL 21196801 1 0 1706814289
WALL 21196801 1 0 1706814290
WALL 21196801 1 0 1706814291
WALL 21196801 1 0 1706814292
WALL 21196801 1 0 1706814293
WALL 21196801 1 0 1706814294
WALL 21196801 1 0 1706814295
WALL 21196801 1 0 1706814296
WALL 21196801 1 0 1706814297
WALL 21196801 1 0 1706814298
WALL 21196801 1 0 1706814299
WALL 21196801 1 0 1706814300
WALL 21196801 1 0 1706814301
WALL 21196801 1 0 1706814302
WALL 21196801 1 0 1706814303
WALL 21196801 1 0 1706814304
WALL 21196801 1 0 1706814305
WALL 21196801 1 0 1706814306
WALL 21196801 1 0 1706814307
WALL 21196801 1 0 1706814308
WALL 21196801 1 0 1706814309
WALL 21196801 1 0 1706814310
WALL 21196801 1 0 1706814311
WALL 21196801 1 0 1706814312
WALL 21196801 1 0 1706814313
WALL 21196801 1 0 1706814314
WALL 21196801 1 0 1706814315
WALL 21196801 1 0 1706814316
WALL 21196801 1 0 1706814317
WALL 21196801 1 0 1706814318
WALL 21196801 1 0 1706814319
WALL 21196801 1 0 1706814320
WALL 21196801 1 0 1706814321
WALL 21196801 1 0 1706814322
WALL 21196801 1 0 1706814323
WALL 21196801 1 0 1706814324
WALL 21196801 1 0 1706814325
WALL 21196801 1 0 1706814326
WALL 21196801 1 0 1706814327
WALL 21196801 1 0 1706814328
WALL 21196801 1 0 1706814329
WALL 21196801 1 0 1706814330
WALL 21196801 1 0 1706814331
WALL 21196801 1 0 1706814332
WALL 21196801 1 0 1706814333
WALL 21196801 1 0 1706814334
WALL 21196801 1 0 1706814335
WALL 21196801 1 0 1706814336
WALL 21196801 1 0 1706814337
WALL 21196801 1 0 1706814338
WALL 21196801 1 0 1706814339
WALL 21196801 1 0 1706814340
WALL 21196801 1 0 1706814341
WALL 21196801 1 0 1706814342
WALL 21196801 1 0 1706814343
WALL 21196801 1 0 1706814344
WALL 21196801 1 0 1706814345
WALL 21196801 1 0 1706814346
WALL 21196801 1 0 1706814347
WALL 21196801 1 0 1706814348
WALL 21196801 1 0 1706814349
WALL 21196801 1 0 1706814350
WALL 21196801 1 0 1706814351
WALL 21196801 1 0 1706814352
WALL 21196801 1 0 1706814353
WALL 21196801 1 0 1706814354
WALL 21196801 1 0 1706814355
WALL 21196801 1 0 1706814356
WALL 21196801 1 0 1706814357
WALL 21196801 1 0 1706814358
WALL 21196801 1 0 1706814359
WALL 21196801 1 0 1706814360
WALL 21196801 1 0 1706814361
WALL 21196801 1 0 1706814362
WALL 21196801 1 0 1706814363
WALL 21196801 1 0 1706814364
WALL 21196801 1 0 1706814365
WALL 21196801 1 0 1706814366
WALL 21196801 1 0 1706814367
WALL 21196801 1 0 1706814368
WALL 21196801 1 0 1706814369
WALL 21196801 1 0 1706814370
WALL 21196801 1 0 1706814371
WALL 21196801 1 0 1706814372
WALL 21196801 1 0 1706814373
WALL 21196801 1 0 1706814374
WALL 21196801 1 0 1706814375
WALL 21196801 1 0 1706814376
WALL 21196801 1 0 1706814377
WALL 21196801 1 0 1706814378
WALL 21196801 1 0 1706814379
WALL 21196801 1 0 1706814380
WALL 21196801 1 0 1706814381
WALL 21196801 1 0 1706814382
WALL 21196801 1 0 1706814383
WALL 21196801 1 0 1706814384
WALL 21196801 1 0 1706814385
WALL 21196801 1 0 1706814386
WALL 21196801 1 0 1706814387
WALL 21196801 1 0 1706814388
WALL 21196801 1 0 1706814389
WALL 21196801 1 0 1706814390
WALL 21196801 1 0 1706814391
WALL 21196801 1 0 1706814392
WALL 21196801 1 0 1706814393
WALL 21196801 1 0 1706814394
WALL 21196801 1 0 1706814395
WALL 21196801 1 0 1706814396
WALL 21196801 1 0 1706814397
WALL 21196801 1 0 1706814398
WALL 21196801 1 0 1706814399
WALL 21196801 1 0 1706814400
WALL 21196801 1 0 1706814401
WALL 21196801 1 0 1706814402
WALL 21196801 1 0 1706814403
WALL 21196801 1 0 1706814404
WALL 21196801 1 0 1706814405
WALL 21196801 1 0 1706814406
WALL 21196801 1 0 1706814407
WALL 21196801 1 0 1706814408
WALL 21196801 1 0 1706814409
WALL 21196801 1 0 1706814410
WALL 21196801 1 0 1706814411
WALL 21196801 1 0 1706814412
WALL 21196801 1 0 1706814413
WALL 21196801 1 0 1706814414
WALL 21196801 1 0 1706814415
WALL 21196801 1 0 1706814416
WALL 21196801 1 0 1706814417
WALL 21196801 1 0 1706814418
WALL 21196801 1 0 1706814419
WALL 21196801 1 0 1706814420
WALL 21196801 1 0 1706814421
WALL 21196801 1 0 1706814422
WALL 21196801 1 0 1706814423
WALL 21196801 1 0 1706814424
WALL 21196801 1 0 1706814425
WALL 21196801 1 0 1706814426
WALL 21196801 1 0 1706814427
WALL 21196801 1 0 1706814428
WALL 21196801 1 0 1706814429
WALL 21196801 1 0 1706814430
WALL 21196801 1 0 1706814431
WALL 21196801 1 0 1706814432
WALL 21196801 1 0 1706814433
WALL 21196801 1 0 1706814434
WALL 21196801 1 0 1706814435
WALL 21196801 1 0 1706814436
WALL 21196801 1 0 1706814437
WALL 21196801 1 0 1706814438
WALL 21196801 1 0 1706814439
WALL 21196801 1 0 1706814440
WALL 21196801 1 0 1706814441
WALL 21196801 1 0 1706814442
WALL 21196801 1 0 1706814443
WALL 21196801 1 0 1706814444
WALL 21196801 1 0 1706814445
WALL 21196801 1 0 1706814446
WALL 21196801 1 0 1706814447
WALL 21196801 1 0 1706814448
WALL 21196801 1 0 1706814449
WALL 21196801 1 0 1706814450
WALL 21196801 1 0 1706814451
WALL 21196801 1 0 1706814452
WALL 21196801 1 0 1706814453
WALL 21196801 1 0 1706814454
WALL 21196801 1 0 1706814455
WALL 21196801 1 0 1706814456
WALL 21196801 1 0 1706814457
WALL 21196801 1 0 1706814458
WALL 21196801 1 0 1706814459
WALL 21196801 1 0 1706814460
WALL 21196801 1 0 1706814461
WALL 21196801 1 0 1706814462
WALL 21196801 1 0 1706814463
WALL 21196801 1 0 1706814464
WALL 21196801 1 0 1706814465
WALL 21196801 1 0 1706814466
WALL 21196801 1 0 1706814467
WALL 21196801 1 0 1706814468
WALL 21196801 1 0 1706814469
WALL 21196801 1 0 1706814470
WALL 21196801 1 0 1706814471
WALL 21196801 1 0 1706814472
WALL 21196801 1 0 1706814473
WALL 21196801 1 0 1706814474
WALL 21196801 1 0 1706814475
WALL 21196801 1 0 1706814476
WALL 21196801 1 0 1706814477
WALL 21196801 1 0 1706814478
WALL 21196801 1 0 1706814479
WALL 21196801 1 0 1706814480
WALL 21196801 1 0 1706814481
WALL 21196801 1 0 1706814482
WALL 21196801 1 0 1706814483
WALL 21196801 1 0 1706814484
WALL 21196801 1 0 1706814485
WALL 21196801 1 0 1706814486
WALL 21196801 1 0 1706814487
WALL 21196801 1 0 1706814488
slurmstepd: error: *** STEP 21196801.0 ON nid200063 CANCELLED AT 2024-02-01T19:08:09 ***
received SIGCONT 1706814489
WALL 21196801 1 0 1706814489
received SIGTERM 1706814489
WALL 21196801 1 0 1706814489
WALL 21196801 1 0 1706814490
WALL 21196801 1 0 1706814491
WALL 21196801 1 0 1706814492
WALL 21196801 1 0 1706814493
WALL 21196801 1 0 1706814494
WALL 21196801 1 0 1706814495
WALL 21196801 1 0 1706814496
WALL 21196801 1 0 1706814497
WALL 21196801 1 0 1706814498
WALL 21196801 1 0 1706814499
WALL 21196801 1 0 1706814500
WALL 21196801 1 0 1706814501
WALL 21196801 1 0 1706814502
WALL 21196801 1 0 1706814503
WALL 21196801 1 0 1706814504
WALL 21196801 1 0 1706814505
WALL 21196801 1 0 1706814506
WALL 21196801 1 0 1706814507
WALL 21196801 1 0 1706814508
WALL 21196801 1 0 1706814509
WALL 21196801 1 0 1706814510
WALL 21196801 1 0 1706814511
WALL 21196801 1 0 1706814512
WALL 21196801 1 0 1706814513
WALL 21196801 1 0 1706814514
WALL 21196801 1 0 1706814515
WALL 21196801 1 0 1706814516
WALL 21196801 1 0 1706814517
WALL 21196801 1 0 1706814518
WALL 21196801 1 0 1706814519
WALL 21196801 1 0 1706814520
WALL 21196801 1 0 1706814521
WALL 21196801 1 0 1706814522
WALL 21196801 1 0 1706814523
WALL 21196801 1 0 1706814524
WALL 21196801 1 0 1706814525
WALL 21196801 1 0 1706814526
WALL 21196801 1 0 1706814527
WALL 21196801 1 0 1706814528
WALL 21196801 1 0 1706814529
WALL 21196801 1 0 1706814530
WALL 21196801 1 0 1706814531
WALL 21196801 1 0 1706814532
WALL 21196801 1 0 1706814533
WALL 21196801 1 0 1706814534
WALL 21196801 1 0 1706814535
WALL 21196801 1 0 1706814536
WALL 21196801 1 0 1706814537
WALL 21196801 1 0 1706814538
WALL 21196801 1 0 1706814539
WALL 21196801 1 0 1706814540
WALL 21196801 1 0 1706814541
WALL 21196801 1 0 1706814542
WALL 21196801 1 0 1706814543
WALL 21196801 1 0 1706814544
WALL 21196801 1 0 1706814545
WALL 21196801 1 0 1706814546
WALL 21196801 1 0 1706814547
WALL 21196801 1 0 1706814548
WALL 21196801 1 0 1706814549
WALL 21196801 1 0 1706814550
WALL 21196801 1 0 1706814551
WALL 21196801 1 0 1706814552
WALL 21196801 1 0 1706814553
WALL 21196801 1 0 1706814554
WALL 21196801 1 0 1706814555
WALL 21196801 1 0 1706814556
WALL 21196801 1 0 1706814557
WALL 21196801 1 0 1706814558
WALL 21196801 1 0 1706814559
WALL 21196801 1 0 1706814560
WALL 21196801 1 0 1706814561
WALL 21196801 1 0 1706814562
WALL 21196801 1 0 1706814563
WALL 21196801 1 0 1706814564
WALL 21196801 1 0 1706814565
WALL 21196801 1 0 1706814566
WALL 21196801 1 0 1706814567
WALL 21196801 1 0 1706814568
WALL 21196801 1 0 1706814569
WALL 21196801 1 0 1706814570
WALL 21196801 1 0 1706814571
WALL 21196801 1 0 1706814572
WALL 21196801 1 0 1706814573
WALL 21196801 1 0 1706814574
slurmstepd: error: *** JOB 21196801 ON nid200063 CANCELLED AT 2024-02-01T19:09:35 DUE TO PREEMPTION ***
received SIGTERM 1706814575
WALL 21196801 1 0 1706814575
received SIGCONT 1706814575
WALL 21196801 1 0 1706814575
received SIGTERM 1706814575
WALL 21196801 1 0 1706814575
