WALL 21149489 1 0 1706737367
WALL 21149489 1 0 1706737368
WALL 21149489 1 0 1706737369
WALL 21149489 1 0 1706737370
WALL 21149489 1 0 1706737371
WALL 21149489 1 0 1706737372
WALL 21149489 1 0 1706737373
WALL 21149489 1 0 1706737374
WALL 21149489 1 0 1706737375
WALL 21149489 1 0 1706737376
WALL 21149489 1 0 1706737377
WALL 21149489 1 0 1706737378
WALL 21149489 1 0 1706737379
WALL 21149489 1 0 1706737380
WALL 21149489 1 0 1706737381
WALL 21149489 1 0 1706737382
WALL 21149489 1 0 1706737383
WALL 21149489 1 0 1706737384
WALL 21149489 1 0 1706737385
WALL 21149489 1 0 1706737386
WALL 21149489 1 0 1706737387
WALL 21149489 1 0 1706737388
WALL 21149489 1 0 1706737389
WALL 21149489 1 0 1706737390
WALL 21149489 1 0 1706737391
WALL 21149489 1 0 1706737392
WALL 21149489 1 0 1706737393
WALL 21149489 1 0 1706737394
WALL 21149489 1 0 1706737395
WALL 21149489 1 0 1706737396
WALL 21149489 1 0 1706737397
WALL 21149489 1 0 1706737398
WALL 21149489 1 0 1706737399
WALL 21149489 1 0 1706737400
WALL 21149489 1 0 1706737401
WALL 21149489 1 0 1706737402
WALL 21149489 1 0 1706737403
WALL 21149489 1 0 1706737404
WALL 21149489 1 0 1706737405
WALL 21149489 1 0 1706737406
WALL 21149489 1 0 1706737407
WALL 21149489 1 0 1706737408
WALL 21149489 1 0 1706737409
WALL 21149489 1 0 1706737410
WALL 21149489 1 0 1706737411
WALL 21149489 1 0 1706737412
WALL 21149489 1 0 1706737413
WALL 21149489 1 0 1706737414
WALL 21149489 1 0 1706737415
WALL 21149489 1 0 1706737416
WALL 21149489 1 0 1706737417
WALL 21149489 1 0 1706737418
WALL 21149489 1 0 1706737419
WALL 21149489 1 0 1706737420
WALL 21149489 1 0 1706737421
WALL 21149489 1 0 1706737422
WALL 21149489 1 0 1706737423
WALL 21149489 1 0 1706737424
WALL 21149489 1 0 1706737425
WALL 21149489 1 0 1706737426
WALL 21149489 1 0 1706737427
WALL 21149489 1 0 1706737428
WALL 21149489 1 0 1706737429
WALL 21149489 1 0 1706737430
WALL 21149489 1 0 1706737431
WALL 21149489 1 0 1706737432
WALL 21149489 1 0 1706737433
WALL 21149489 1 0 1706737434
WALL 21149489 1 0 1706737435
WALL 21149489 1 0 1706737436
WALL 21149489 1 0 1706737437
WALL 21149489 1 0 1706737438
WALL 21149489 1 0 1706737439
WALL 21149489 1 0 1706737440
WALL 21149489 1 0 1706737441
WALL 21149489 1 0 1706737442
WALL 21149489 1 0 1706737443
WALL 21149489 1 0 1706737444
WALL 21149489 1 0 1706737445
WALL 21149489 1 0 1706737446
WALL 21149489 1 0 1706737447
WALL 21149489 1 0 1706737448
WALL 21149489 1 0 1706737449
WALL 21149489 1 0 1706737450
WALL 21149489 1 0 1706737451
WALL 21149489 1 0 1706737452
WALL 21149489 1 0 1706737453
WALL 21149489 1 0 1706737454
WALL 21149489 1 0 1706737455
WALL 21149489 1 0 1706737456
WALL 21149489 1 0 1706737457
WALL 21149489 1 0 1706737458
WALL 21149489 1 0 1706737459
WALL 21149489 1 0 1706737460
WALL 21149489 1 0 1706737461
WALL 21149489 1 0 1706737462
WALL 21149489 1 0 1706737463
WALL 21149489 1 0 1706737464
WALL 21149489 1 0 1706737465
WALL 21149489 1 0 1706737466
WALL 21149489 1 0 1706737467
WALL 21149489 1 0 1706737468
WALL 21149489 1 0 1706737469
WALL 21149489 1 0 1706737470
WALL 21149489 1 0 1706737471
WALL 21149489 1 0 1706737472
WALL 21149489 1 0 1706737473
WALL 21149489 1 0 1706737474
WALL 21149489 1 0 1706737475
WALL 21149489 1 0 1706737476
WALL 21149489 1 0 1706737477
WALL 21149489 1 0 1706737478
WALL 21149489 1 0 1706737479
WALL 21149489 1 0 1706737480
WALL 21149489 1 0 1706737481
WALL 21149489 1 0 1706737482
WALL 21149489 1 0 1706737483
WALL 21149489 1 0 1706737484
WALL 21149489 1 0 1706737485
WALL 21149489 1 0 1706737486
WALL 21149489 1 0 1706737487
WALL 21149489 1 0 1706737488
WALL 21149489 1 0 1706737489
WALL 21149489 1 0 1706737490
WALL 21149489 1 0 1706737491
WALL 21149489 1 0 1706737492
WALL 21149489 1 0 1706737493
WALL 21149489 1 0 1706737494
WALL 21149489 1 0 1706737495
WALL 21149489 1 0 1706737496
WALL 21149489 1 0 1706737497
WALL 21149489 1 0 1706737498
WALL 21149489 1 0 1706737499
WALL 21149489 1 0 1706737500
WALL 21149489 1 0 1706737501
WALL 21149489 1 0 1706737502
WALL 21149489 1 0 1706737503
WALL 21149489 1 0 1706737504
WALL 21149489 1 0 1706737505
WALL 21149489 1 0 1706737506
WALL 21149489 1 0 1706737507
WALL 21149489 1 0 1706737508
WALL 21149489 1 0 1706737509
WALL 21149489 1 0 1706737510
WALL 21149489 1 0 1706737511
WALL 21149489 1 0 1706737512
WALL 21149489 1 0 1706737513
WALL 21149489 1 0 1706737514
WALL 21149489 1 0 1706737515
WALL 21149489 1 0 1706737516
WALL 21149489 1 0 1706737517
WALL 21149489 1 0 1706737518
WALL 21149489 1 0 1706737519
WALL 21149489 1 0 1706737520
WALL 21149489 1 0 1706737521
WALL 21149489 1 0 1706737522
WALL 21149489 1 0 1706737523
WALL 21149489 1 0 1706737524
WALL 21149489 1 0 1706737525
WALL 21149489 1 0 1706737526
WALL 21149489 1 0 1706737527
WALL 21149489 1 0 1706737528
WALL 21149489 1 0 1706737529
WALL 21149489 1 0 1706737530
WALL 21149489 1 0 1706737531
WALL 21149489 1 0 1706737532
WALL 21149489 1 0 1706737533
WALL 21149489 1 0 1706737534
WALL 21149489 1 0 1706737535
WALL 21149489 1 0 1706737536
WALL 21149489 1 0 1706737537
WALL 21149489 1 0 1706737538
WALL 21149489 1 0 1706737539
WALL 21149489 1 0 1706737540
WALL 21149489 1 0 1706737541
WALL 21149489 1 0 1706737542
WALL 21149489 1 0 1706737543
WALL 21149489 1 0 1706737544
WALL 21149489 1 0 1706737545
WALL 21149489 1 0 1706737546
WALL 21149489 1 0 1706737547
WALL 21149489 1 0 1706737548
WALL 21149489 1 0 1706737549
WALL 21149489 1 0 1706737550
WALL 21149489 1 0 1706737551
WALL 21149489 1 0 1706737552
WALL 21149489 1 0 1706737553
WALL 21149489 1 0 1706737554
WALL 21149489 1 0 1706737555
WALL 21149489 1 0 1706737556
WALL 21149489 1 0 1706737557
WALL 21149489 1 0 1706737558
WALL 21149489 1 0 1706737559
WALL 21149489 1 0 1706737560
WALL 21149489 1 0 1706737561
WALL 21149489 1 0 1706737562
WALL 21149489 1 0 1706737563
WALL 21149489 1 0 1706737564
WALL 21149489 1 0 1706737565
WALL 21149489 1 0 1706737566
WALL 21149489 1 0 1706737567
WALL 21149489 1 0 1706737568
WALL 21149489 1 0 1706737569
WALL 21149489 1 0 1706737570
WALL 21149489 1 0 1706737571
WALL 21149489 1 0 1706737572
WALL 21149489 1 0 1706737573
WALL 21149489 1 0 1706737574
WALL 21149489 1 0 1706737575
WALL 21149489 1 0 1706737576
WALL 21149489 1 0 1706737577
WALL 21149489 1 0 1706737578
WALL 21149489 1 0 1706737579
WALL 21149489 1 0 1706737580
WALL 21149489 1 0 1706737581
WALL 21149489 1 0 1706737582
WALL 21149489 1 0 1706737583
WALL 21149489 1 0 1706737584
WALL 21149489 1 0 1706737585
WALL 21149489 1 0 1706737586
WALL 21149489 1 0 1706737587
WALL 21149489 1 0 1706737588
WALL 21149489 1 0 1706737589
WALL 21149489 1 0 1706737590
WALL 21149489 1 0 1706737591
WALL 21149489 1 0 1706737592
WALL 21149489 1 0 1706737593
WALL 21149489 1 0 1706737594
WALL 21149489 1 0 1706737595
WALL 21149489 1 0 1706737596
WALL 21149489 1 0 1706737597
WALL 21149489 1 0 1706737598
WALL 21149489 1 0 1706737599
WALL 21149489 1 0 1706737600
WALL 21149489 1 0 1706737601
WALL 21149489 1 0 1706737602
WALL 21149489 1 0 1706737603
WALL 21149489 1 0 1706737604
WALL 21149489 1 0 1706737605
WALL 21149489 1 0 1706737606
WALL 21149489 1 0 1706737607
WALL 21149489 1 0 1706737608
WALL 21149489 1 0 1706737609
WALL 21149489 1 0 1706737610
WALL 21149489 1 0 1706737611
WALL 21149489 1 0 1706737612
WALL 21149489 1 0 1706737613
WALL 21149489 1 0 1706737614
WALL 21149489 1 0 1706737615
WALL 21149489 1 0 1706737616
WALL 21149489 1 0 1706737617
WALL 21149489 1 0 1706737618
WALL 21149489 1 0 1706737619
WALL 21149489 1 0 1706737620
WALL 21149489 1 0 1706737621
WALL 21149489 1 0 1706737622
WALL 21149489 1 0 1706737623
WALL 21149489 1 0 1706737624
WALL 21149489 1 0 1706737625
WALL 21149489 1 0 1706737626
WALL 21149489 1 0 1706737627
WALL 21149489 1 0 1706737628
WALL 21149489 1 0 1706737629
WALL 21149489 1 0 1706737630
WALL 21149489 1 0 1706737631
WALL 21149489 1 0 1706737632
WALL 21149489 1 0 1706737633
WALL 21149489 1 0 1706737634
WALL 21149489 1 0 1706737635
WALL 21149489 1 0 1706737636
WALL 21149489 1 0 1706737637
WALL 21149489 1 0 1706737638
WALL 21149489 1 0 1706737639
WALL 21149489 1 0 1706737640
WALL 21149489 1 0 1706737641
WALL 21149489 1 0 1706737642
WALL 21149489 1 0 1706737643
WALL 21149489 1 0 1706737644
WALL 21149489 1 0 1706737645
WALL 21149489 1 0 1706737646
WALL 21149489 1 0 1706737647
WALL 21149489 1 0 1706737648
WALL 21149489 1 0 1706737649
WALL 21149489 1 0 1706737650
WALL 21149489 1 0 1706737651
WALL 21149489 1 0 1706737652
WALL 21149489 1 0 1706737653
WALL 21149489 1 0 1706737654
WALL 21149489 1 0 1706737655
WALL 21149489 1 0 1706737656
WALL 21149489 1 0 1706737657
WALL 21149489 1 0 1706737658
WALL 21149489 1 0 1706737659
WALL 21149489 1 0 1706737660
WALL 21149489 1 0 1706737661
WALL 21149489 1 0 1706737662
WALL 21149489 1 0 1706737663
WALL 21149489 1 0 1706737664
WALL 21149489 1 0 1706737665
WALL 21149489 1 0 1706737666
WALL 21149489 1 0 1706737667
WALL 21149489 1 0 1706737668
WALL 21149489 1 0 1706737669
WALL 21149489 1 0 1706737670
WALL 21149489 1 0 1706737671
WALL 21149489 1 0 1706737672
WALL 21149489 1 0 1706737673
WALL 21149489 1 0 1706737674
WALL 21149489 1 0 1706737675
WALL 21149489 1 0 1706737676
WALL 21149489 1 0 1706737677
WALL 21149489 1 0 1706737678
WALL 21149489 1 0 1706737679
WALL 21149489 1 0 1706737680
WALL 21149489 1 0 1706737681
WALL 21149489 1 0 1706737682
WALL 21149489 1 0 1706737683
WALL 21149489 1 0 1706737684
WALL 21149489 1 0 1706737685
WALL 21149489 1 0 1706737686
WALL 21149489 1 0 1706737687
WALL 21149489 1 0 1706737688
WALL 21149489 1 0 1706737689
WALL 21149489 1 0 1706737690
WALL 21149489 1 0 1706737691
WALL 21149489 1 0 1706737692
WALL 21149489 1 0 1706737693
WALL 21149489 1 0 1706737694
WALL 21149489 1 0 1706737695
WALL 21149489 1 0 1706737696
WALL 21149489 1 0 1706737697
WALL 21149489 1 0 1706737698
WALL 21149489 1 0 1706737699
WALL 21149489 1 0 1706737700
WALL 21149489 1 0 1706737701
WALL 21149489 1 0 1706737702
WALL 21149489 1 0 1706737703
WALL 21149489 1 0 1706737704
WALL 21149489 1 0 1706737705
WALL 21149489 1 0 1706737706
WALL 21149489 1 0 1706737707
WALL 21149489 1 0 1706737708
WALL 21149489 1 0 1706737709
WALL 21149489 1 0 1706737710
WALL 21149489 1 0 1706737711
WALL 21149489 1 0 1706737712
WALL 21149489 1 0 1706737713
WALL 21149489 1 0 1706737714
WALL 21149489 1 0 1706737715
WALL 21149489 1 0 1706737716
WALL 21149489 1 0 1706737717
WALL 21149489 1 0 1706737718
WALL 21149489 1 0 1706737719
WALL 21149489 1 0 1706737720
WALL 21149489 1 0 1706737721
WALL 21149489 1 0 1706737722
WALL 21149489 1 0 1706737723
WALL 21149489 1 0 1706737724
WALL 21149489 1 0 1706737725
WALL 21149489 1 0 1706737726
WALL 21149489 1 0 1706737727
WALL 21149489 1 0 1706737728
WALL 21149489 1 0 1706737729
WALL 21149489 1 0 1706737730
WALL 21149489 1 0 1706737731
WALL 21149489 1 0 1706737732
WALL 21149489 1 0 1706737733
WALL 21149489 1 0 1706737734
WALL 21149489 1 0 1706737735
WALL 21149489 1 0 1706737736
WALL 21149489 1 0 1706737737
WALL 21149489 1 0 1706737738
WALL 21149489 1 0 1706737739
WALL 21149489 1 0 1706737740
WALL 21149489 1 0 1706737741
slurmstepd: error: *** STEP 21149489.0 ON nid200027 CANCELLED AT 2024-01-31T21:49:01 ***
received SIGCONT 1706737741
WALL 21149489 1 0 1706737741
received SIGTERM 1706737741
WALL 21149489 1 0 1706737741
WALL 21149489 1 0 1706737742
WALL 21149489 1 0 1706737743
WALL 21149489 1 0 1706737744
WALL 21149489 1 0 1706737745
WALL 21149489 1 0 1706737746
WALL 21149489 1 0 1706737747
WALL 21149489 1 0 1706737748
WALL 21149489 1 0 1706737749
WALL 21149489 1 0 1706737750
WALL 21149489 1 0 1706737751
WALL 21149489 1 0 1706737752
WALL 21149489 1 0 1706737753
WALL 21149489 1 0 1706737754
WALL 21149489 1 0 1706737755
WALL 21149489 1 0 1706737756
WALL 21149489 1 0 1706737757
WALL 21149489 1 0 1706737758
WALL 21149489 1 0 1706737759
WALL 21149489 1 0 1706737760
WALL 21149489 1 0 1706737761
WALL 21149489 1 0 1706737762
WALL 21149489 1 0 1706737763
WALL 21149489 1 0 1706737764
WALL 21149489 1 0 1706737765
WALL 21149489 1 0 1706737766
WALL 21149489 1 0 1706737767
WALL 21149489 1 0 1706737768
WALL 21149489 1 0 1706737769
WALL 21149489 1 0 1706737770
WALL 21149489 1 0 1706737771
WALL 21149489 1 0 1706737772
WALL 21149489 1 0 1706737773
WALL 21149489 1 0 1706737774
WALL 21149489 1 0 1706737775
WALL 21149489 1 0 1706737776
WALL 21149489 1 0 1706737777
WALL 21149489 1 0 1706737778
WALL 21149489 1 0 1706737779
WALL 21149489 1 0 1706737780
WALL 21149489 1 0 1706737781
WALL 21149489 1 0 1706737782
WALL 21149489 1 0 1706737783
WALL 21149489 1 0 1706737784
WALL 21149489 1 0 1706737785
WALL 21149489 1 0 1706737786
WALL 21149489 1 0 1706737787
WALL 21149489 1 0 1706737788
WALL 21149489 1 0 1706737789
WALL 21149489 1 0 1706737790
WALL 21149489 1 0 1706737791
WALL 21149489 1 0 1706737792
WALL 21149489 1 0 1706737793
WALL 21149489 1 0 1706737794
WALL 21149489 1 0 1706737795
WALL 21149489 1 0 1706737796
WALL 21149489 1 0 1706737797
WALL 21149489 1 0 1706737798
WALL 21149489 1 0 1706737799
WALL 21149489 1 0 1706737800
slurmstepd: error: *** JOB 21149489 ON nid200027 CANCELLED AT 2024-01-31T21:50:01 DUE TO PREEMPTION ***
received SIGTERM 1706737801
WALL 21149489 1 0 1706737801
received SIGCONT 1706737801
WALL 21149489 1 0 1706737801
received SIGTERM 1706737801
WALL 21149489 1 0 1706737801
