WALL 21201150 1 0 1706816895
WALL 21201150 1 0 1706816896
WALL 21201150 1 0 1706816897
WALL 21201150 1 0 1706816898
WALL 21201150 1 0 1706816899
WALL 21201150 1 0 1706816900
WALL 21201150 1 0 1706816901
WALL 21201150 1 0 1706816902
WALL 21201150 1 0 1706816903
WALL 21201150 1 0 1706816904
WALL 21201150 1 0 1706816905
WALL 21201150 1 0 1706816906
WALL 21201150 1 0 1706816907
WALL 21201150 1 0 1706816908
WALL 21201150 1 0 1706816909
WALL 21201150 1 0 1706816910
WALL 21201150 1 0 1706816911
WALL 21201150 1 0 1706816912
WALL 21201150 1 0 1706816913
WALL 21201150 1 0 1706816914
WALL 21201150 1 0 1706816915
WALL 21201150 1 0 1706816916
WALL 21201150 1 0 1706816917
WALL 21201150 1 0 1706816918
WALL 21201150 1 0 1706816919
WALL 21201150 1 0 1706816920
WALL 21201150 1 0 1706816921
WALL 21201150 1 0 1706816922
WALL 21201150 1 0 1706816923
WALL 21201150 1 0 1706816924
WALL 21201150 1 0 1706816925
WALL 21201150 1 0 1706816926
WALL 21201150 1 0 1706816927
WALL 21201150 1 0 1706816928
WALL 21201150 1 0 1706816929
WALL 21201150 1 0 1706816930
slurmstepd: error: *** STEP 21201150.0 ON nid200010 CANCELLED AT 2024-02-01T19:48:50 ***
received SIGCONT 1706816930
WALL 21201150 1 0 1706816930
received SIGTERM 1706816930
WALL 21201150 1 0 1706816930
WALL 21201150 1 0 1706816931
WALL 21201150 1 0 1706816932
WALL 21201150 1 0 1706816933
WALL 21201150 1 0 1706816934
WALL 21201150 1 0 1706816935
WALL 21201150 1 0 1706816936
WALL 21201150 1 0 1706816937
WALL 21201150 1 0 1706816938
WALL 21201150 1 0 1706816939
WALL 21201150 1 0 1706816940
WALL 21201150 1 0 1706816941
WALL 21201150 1 0 1706816942
WALL 21201150 1 0 1706816943
WALL 21201150 1 0 1706816944
WALL 21201150 1 0 1706816945
WALL 21201150 1 0 1706816946
WALL 21201150 1 0 1706816947
WALL 21201150 1 0 1706816948
WALL 21201150 1 0 1706816949
WALL 21201150 1 0 1706816950
WALL 21201150 1 0 1706816951
WALL 21201150 1 0 1706816952
WALL 21201150 1 0 1706816953
WALL 21201150 1 0 1706816954
WALL 21201150 1 0 1706816955
WALL 21201150 1 0 1706816956
WALL 21201150 1 0 1706816957
WALL 21201150 1 0 1706816958
WALL 21201150 1 0 1706816959
WALL 21201150 1 0 1706816960
WALL 21201150 1 0 1706816961
WALL 21201150 1 0 1706816962
WALL 21201150 1 0 1706816963
WALL 21201150 1 0 1706816964
WALL 21201150 1 0 1706816965
WALL 21201150 1 0 1706816966
WALL 21201150 1 0 1706816967
WALL 21201150 1 0 1706816968
WALL 21201150 1 0 1706816969
WALL 21201150 1 0 1706816970
WALL 21201150 1 0 1706816971
WALL 21201150 1 0 1706816972
WALL 21201150 1 0 1706816973
WALL 21201150 1 0 1706816974
WALL 21201150 1 0 1706816975
WALL 21201150 1 0 1706816976
WALL 21201150 1 0 1706816977
WALL 21201150 1 0 1706816978
WALL 21201150 1 0 1706816979
WALL 21201150 1 0 1706816980
WALL 21201150 1 0 1706816981
WALL 21201150 1 0 1706816982
WALL 21201150 1 0 1706816983
WALL 21201150 1 0 1706816984
WALL 21201150 1 0 1706816985
WALL 21201150 1 0 1706816986
WALL 21201150 1 0 1706816987
WALL 21201150 1 0 1706816988
WALL 21201150 1 0 1706816989
WALL 21201150 1 0 1706816990
WALL 21201150 1 0 1706816991
WALL 21201150 1 0 1706816992
WALL 21201150 1 0 1706816993
WALL 21201150 1 0 1706816994
WALL 21201150 1 0 1706816995
WALL 21201150 1 0 1706816996
WALL 21201150 1 0 1706816997
WALL 21201150 1 0 1706816998
WALL 21201150 1 0 1706816999
WALL 21201150 1 0 1706817000
WALL 21201150 1 0 1706817001
WALL 21201150 1 0 1706817002
WALL 21201150 1 0 1706817003
WALL 21201150 1 0 1706817004
WALL 21201150 1 0 1706817005
WALL 21201150 1 0 1706817006
WALL 21201150 1 0 1706817007
WALL 21201150 1 0 1706817008
WALL 21201150 1 0 1706817009
WALL 21201150 1 0 1706817010
WALL 21201150 1 0 1706817011
WALL 21201150 1 0 1706817012
WALL 21201150 1 0 1706817013
WALL 21201150 1 0 1706817014
WALL 21201150 1 0 1706817015
WALL 21201150 1 0 1706817016
WALL 21201150 1 0 1706817017
slurmstepd: error: *** JOB 21201150 ON nid200010 CANCELLED AT 2024-02-01T19:50:18 DUE TO PREEMPTION ***
received SIGTERM 1706817018
WALL 21201150 1 0 1706817018
received SIGCONT 1706817018
WALL 21201150 1 0 1706817018
received SIGTERM 1706817018
WALL 21201150 1 0 1706817018
