WALL 21149138 1 0 1706736301
WALL 21149138 1 0 1706736302
WALL 21149138 1 0 1706736303
WALL 21149138 1 0 1706736304
WALL 21149138 1 0 1706736305
WALL 21149138 1 0 1706736306
WALL 21149138 1 0 1706736307
WALL 21149138 1 0 1706736308
WALL 21149138 1 0 1706736309
WALL 21149138 1 0 1706736310
WALL 21149138 1 0 1706736311
WALL 21149138 1 0 1706736312
WALL 21149138 1 0 1706736313
WALL 21149138 1 0 1706736314
WALL 21149138 1 0 1706736315
WALL 21149138 1 0 1706736316
WALL 21149138 1 0 1706736317
WALL 21149138 1 0 1706736318
WALL 21149138 1 0 1706736319
WALL 21149138 1 0 1706736320
WALL 21149138 1 0 1706736321
WALL 21149138 1 0 1706736322
WALL 21149138 1 0 1706736323
WALL 21149138 1 0 1706736324
WALL 21149138 1 0 1706736325
WALL 21149138 1 0 1706736326
WALL 21149138 1 0 1706736327
WALL 21149138 1 0 1706736328
WALL 21149138 1 0 1706736329
WALL 21149138 1 0 1706736330
WALL 21149138 1 0 1706736331
WALL 21149138 1 0 1706736332
WALL 21149138 1 0 1706736333
WALL 21149138 1 0 1706736334
WALL 21149138 1 0 1706736335
WALL 21149138 1 0 1706736336
WALL 21149138 1 0 1706736337
slurmstepd: error: *** STEP 21149138.0 ON nid200029 CANCELLED AT 2024-01-31T21:25:37 ***
received SIGTERM 1706736337
WALL 21149138 1 0 1706736337
received SIGCONT 1706736337
WALL 21149138 1 0 1706736337
WALL 21149138 1 0 1706736338
WALL 21149138 1 0 1706736339
WALL 21149138 1 0 1706736340
WALL 21149138 1 0 1706736341
WALL 21149138 1 0 1706736342
WALL 21149138 1 0 1706736343
WALL 21149138 1 0 1706736344
WALL 21149138 1 0 1706736345
WALL 21149138 1 0 1706736346
WALL 21149138 1 0 1706736347
WALL 21149138 1 0 1706736348
WALL 21149138 1 0 1706736349
WALL 21149138 1 0 1706736350
WALL 21149138 1 0 1706736351
WALL 21149138 1 0 1706736352
WALL 21149138 1 0 1706736353
WALL 21149138 1 0 1706736354
WALL 21149138 1 0 1706736355
WALL 21149138 1 0 1706736356
WALL 21149138 1 0 1706736357
WALL 21149138 1 0 1706736358
WALL 21149138 1 0 1706736359
WALL 21149138 1 0 1706736360
WALL 21149138 1 0 1706736361
WALL 21149138 1 0 1706736362
WALL 21149138 1 0 1706736363
WALL 21149138 1 0 1706736364
WALL 21149138 1 0 1706736365
WALL 21149138 1 0 1706736366
WALL 21149138 1 0 1706736367
WALL 21149138 1 0 1706736368
WALL 21149138 1 0 1706736369
WALL 21149138 1 0 1706736370
WALL 21149138 1 0 1706736371
WALL 21149138 1 0 1706736372
WALL 21149138 1 0 1706736373
WALL 21149138 1 0 1706736374
WALL 21149138 1 0 1706736375
WALL 21149138 1 0 1706736376
WALL 21149138 1 0 1706736377
WALL 21149138 1 0 1706736378
WALL 21149138 1 0 1706736379
WALL 21149138 1 0 1706736380
WALL 21149138 1 0 1706736381
WALL 21149138 1 0 1706736382
WALL 21149138 1 0 1706736383
WALL 21149138 1 0 1706736384
WALL 21149138 1 0 1706736385
WALL 21149138 1 0 1706736386
WALL 21149138 1 0 1706736387
WALL 21149138 1 0 1706736388
WALL 21149138 1 0 1706736389
WALL 21149138 1 0 1706736390
WALL 21149138 1 0 1706736391
WALL 21149138 1 0 1706736392
WALL 21149138 1 0 1706736393
WALL 21149138 1 0 1706736394
WALL 21149138 1 0 1706736395
WALL 21149138 1 0 1706736396
WALL 21149138 1 0 1706736397
WALL 21149138 1 0 1706736398
WALL 21149138 1 0 1706736399
WALL 21149138 1 0 1706736400
WALL 21149138 1 0 1706736401
WALL 21149138 1 0 1706736402
WALL 21149138 1 0 1706736403
WALL 21149138 1 0 1706736404
WALL 21149138 1 0 1706736405
WALL 21149138 1 0 1706736406
WALL 21149138 1 0 1706736407
WALL 21149138 1 0 1706736408
WALL 21149138 1 0 1706736409
WALL 21149138 1 0 1706736410
WALL 21149138 1 0 1706736411
WALL 21149138 1 0 1706736412
WALL 21149138 1 0 1706736413
WALL 21149138 1 0 1706736414
WALL 21149138 1 0 1706736415
WALL 21149138 1 0 1706736416
WALL 21149138 1 0 1706736417
WALL 21149138 1 0 1706736418
WALL 21149138 1 0 1706736419
WALL 21149138 1 0 1706736420
WALL 21149138 1 0 1706736421
WALL 21149138 1 0 1706736422
WALL 21149138 1 0 1706736423
slurmstepd: error: *** JOB 21149138 ON nid200029 CANCELLED AT 2024-01-31T21:27:04 DUE TO PREEMPTION ***
received SIGTERM 1706736424
WALL 21149138 1 0 1706736424
received SIGCONT 1706736424
WALL 21149138 1 0 1706736424
received SIGTERM 1706736424
WALL 21149138 1 0 1706736424
