WALL 21204810 1 0 1706819542
WALL 21204810 1 0 1706819543
WALL 21204810 1 0 1706819544
WALL 21204810 1 0 1706819545
WALL 21204810 1 0 1706819546
WALL 21204810 1 0 1706819547
WALL 21204810 1 0 1706819548
WALL 21204810 1 0 1706819549
WALL 21204810 1 0 1706819550
WALL 21204810 1 0 1706819551
WALL 21204810 1 0 1706819552
WALL 21204810 1 0 1706819553
WALL 21204810 1 0 1706819554
slurmstepd: error: *** STEP 21204810.0 ON nid200044 CANCELLED AT 2024-02-01T20:32:35 ***
received SIGTERM 1706819555
WALL 21204810 1 0 1706819555
received SIGCONT 1706819555
WALL 21204810 1 0 1706819555
WALL 21204810 1 0 1706819556
WALL 21204810 1 0 1706819557
WALL 21204810 1 0 1706819558
WALL 21204810 1 0 1706819559
WALL 21204810 1 0 1706819560
WALL 21204810 1 0 1706819561
WALL 21204810 1 0 1706819562
WALL 21204810 1 0 1706819563
WALL 21204810 1 0 1706819564
WALL 21204810 1 0 1706819565
WALL 21204810 1 0 1706819566
WALL 21204810 1 0 1706819567
WALL 21204810 1 0 1706819568
WALL 21204810 1 0 1706819569
WALL 21204810 1 0 1706819570
WALL 21204810 1 0 1706819571
WALL 21204810 1 0 1706819572
WALL 21204810 1 0 1706819573
WALL 21204810 1 0 1706819574
WALL 21204810 1 0 1706819575
WALL 21204810 1 0 1706819576
WALL 21204810 1 0 1706819577
WALL 21204810 1 0 1706819578
WALL 21204810 1 0 1706819579
WALL 21204810 1 0 1706819580
WALL 21204810 1 0 1706819581
WALL 21204810 1 0 1706819582
WALL 21204810 1 0 1706819583
WALL 21204810 1 0 1706819584
WALL 21204810 1 0 1706819585
WALL 21204810 1 0 1706819586
WALL 21204810 1 0 1706819587
WALL 21204810 1 0 1706819588
WALL 21204810 1 0 1706819589
WALL 21204810 1 0 1706819590
WALL 21204810 1 0 1706819591
WALL 21204810 1 0 1706819592
WALL 21204810 1 0 1706819593
WALL 21204810 1 0 1706819594
WALL 21204810 1 0 1706819595
WALL 21204810 1 0 1706819596
WALL 21204810 1 0 1706819597
WALL 21204810 1 0 1706819598
WALL 21204810 1 0 1706819599
WALL 21204810 1 0 1706819600
WALL 21204810 1 0 1706819601
WALL 21204810 1 0 1706819602
WALL 21204810 1 0 1706819603
WALL 21204810 1 0 1706819604
WALL 21204810 1 0 1706819605
WALL 21204810 1 0 1706819606
WALL 21204810 1 0 1706819607
WALL 21204810 1 0 1706819608
WALL 21204810 1 0 1706819609
WALL 21204810 1 0 1706819610
WALL 21204810 1 0 1706819611
WALL 21204810 1 0 1706819612
WALL 21204810 1 0 1706819613
WALL 21204810 1 0 1706819614
WALL 21204810 1 0 1706819615
WALL 21204810 1 0 1706819616
WALL 21204810 1 0 1706819617
WALL 21204810 1 0 1706819618
WALL 21204810 1 0 1706819619
WALL 21204810 1 0 1706819620
WALL 21204810 1 0 1706819621
WALL 21204810 1 0 1706819622
slurmstepd: error: *** JOB 21204810 ON nid200044 CANCELLED AT 2024-02-01T20:33:42 DUE TO PREEMPTION ***
received SIGTERM 1706819622
WALL 21204810 1 0 1706819622
received SIGCONT 1706819622
WALL 21204810 1 0 1706819622
received SIGTERM 1706819622
WALL 21204810 1 0 1706819622
