WALL 21208756 1 0 1706823470
WALL 21208756 1 0 1706823471
WALL 21208756 1 0 1706823472
WALL 21208756 1 0 1706823473
WALL 21208756 1 0 1706823474
WALL 21208756 1 0 1706823475
WALL 21208756 1 0 1706823476
WALL 21208756 1 0 1706823477
WALL 21208756 1 0 1706823478
WALL 21208756 1 0 1706823479
WALL 21208756 1 0 1706823480
WALL 21208756 1 0 1706823481
WALL 21208756 1 0 1706823482
WALL 21208756 1 0 1706823483
WALL 21208756 1 0 1706823484
WALL 21208756 1 0 1706823485
WALL 21208756 1 0 1706823486
WALL 21208756 1 0 1706823487
WALL 21208756 1 0 1706823488
WALL 21208756 1 0 1706823489
WALL 21208756 1 0 1706823490
WALL 21208756 1 0 1706823491
WALL 21208756 1 0 1706823492
WALL 21208756 1 0 1706823493
WALL 21208756 1 0 1706823494
WALL 21208756 1 0 1706823495
WALL 21208756 1 0 1706823496
WALL 21208756 1 0 1706823497
WALL 21208756 1 0 1706823498
WALL 21208756 1 0 1706823499
WALL 21208756 1 0 1706823500
WALL 21208756 1 0 1706823501
WALL 21208756 1 0 1706823502
WALL 21208756 1 0 1706823503
WALL 21208756 1 0 1706823504
WALL 21208756 1 0 1706823505
WALL 21208756 1 0 1706823506
WALL 21208756 1 0 1706823507
WALL 21208756 1 0 1706823508
WALL 21208756 1 0 1706823509
WALL 21208756 1 0 1706823510
WALL 21208756 1 0 1706823511
WALL 21208756 1 0 1706823512
WALL 21208756 1 0 1706823513
WALL 21208756 1 0 1706823514
WALL 21208756 1 0 1706823515
WALL 21208756 1 0 1706823516
WALL 21208756 1 0 1706823517
WALL 21208756 1 0 1706823518
WALL 21208756 1 0 1706823519
WALL 21208756 1 0 1706823520
WALL 21208756 1 0 1706823521
WALL 21208756 1 0 1706823522
WALL 21208756 1 0 1706823523
WALL 21208756 1 0 1706823524
WALL 21208756 1 0 1706823525
WALL 21208756 1 0 1706823526
WALL 21208756 1 0 1706823527
WALL 21208756 1 0 1706823528
WALL 21208756 1 0 1706823529
WALL 21208756 1 0 1706823530
WALL 21208756 1 0 1706823531
WALL 21208756 1 0 1706823532
WALL 21208756 1 0 1706823533
WALL 21208756 1 0 1706823534
WALL 21208756 1 0 1706823535
WALL 21208756 1 0 1706823536
WALL 21208756 1 0 1706823537
WALL 21208756 1 0 1706823538
WALL 21208756 1 0 1706823539
WALL 21208756 1 0 1706823540
WALL 21208756 1 0 1706823541
WALL 21208756 1 0 1706823542
WALL 21208756 1 0 1706823543
WALL 21208756 1 0 1706823544
WALL 21208756 1 0 1706823545
WALL 21208756 1 0 1706823546
WALL 21208756 1 0 1706823547
WALL 21208756 1 0 1706823548
WALL 21208756 1 0 1706823549
WALL 21208756 1 0 1706823550
WALL 21208756 1 0 1706823551
WALL 21208756 1 0 1706823552
WALL 21208756 1 0 1706823553
WALL 21208756 1 0 1706823554
WALL 21208756 1 0 1706823555
WALL 21208756 1 0 1706823556
WALL 21208756 1 0 1706823557
WALL 21208756 1 0 1706823558
WALL 21208756 1 0 1706823559
WALL 21208756 1 0 1706823560
WALL 21208756 1 0 1706823561
WALL 21208756 1 0 1706823562
WALL 21208756 1 0 1706823563
WALL 21208756 1 0 1706823564
WALL 21208756 1 0 1706823565
WALL 21208756 1 0 1706823566
WALL 21208756 1 0 1706823567
WALL 21208756 1 0 1706823568
WALL 21208756 1 0 1706823569
WALL 21208756 1 0 1706823570
WALL 21208756 1 0 1706823571
WALL 21208756 1 0 1706823572
WALL 21208756 1 0 1706823573
WALL 21208756 1 0 1706823574
WALL 21208756 1 0 1706823575
WALL 21208756 1 0 1706823576
WALL 21208756 1 0 1706823577
WALL 21208756 1 0 1706823578
WALL 21208756 1 0 1706823579
WALL 21208756 1 0 1706823580
WALL 21208756 1 0 1706823581
WALL 21208756 1 0 1706823582
WALL 21208756 1 0 1706823583
WALL 21208756 1 0 1706823584
WALL 21208756 1 0 1706823585
WALL 21208756 1 0 1706823586
WALL 21208756 1 0 1706823587
WALL 21208756 1 0 1706823588
WALL 21208756 1 0 1706823589
WALL 21208756 1 0 1706823590
WALL 21208756 1 0 1706823591
WALL 21208756 1 0 1706823592
WALL 21208756 1 0 1706823593
WALL 21208756 1 0 1706823594
WALL 21208756 1 0 1706823595
WALL 21208756 1 0 1706823596
WALL 21208756 1 0 1706823597
WALL 21208756 1 0 1706823598
WALL 21208756 1 0 1706823599
WALL 21208756 1 0 1706823600
slurmstepd: error: *** STEP 21208756.0 ON nid200161 CANCELLED AT 2024-02-01T21:40:01 ***
received SIGTERM 1706823601
WALL 21208756 1 0 1706823601
received SIGCONT 1706823601
WALL 21208756 1 0 1706823601
WALL 21208756 1 0 1706823602
WALL 21208756 1 0 1706823603
WALL 21208756 1 0 1706823604
WALL 21208756 1 0 1706823605
WALL 21208756 1 0 1706823606
WALL 21208756 1 0 1706823607
WALL 21208756 1 0 1706823608
WALL 21208756 1 0 1706823609
WALL 21208756 1 0 1706823610
WALL 21208756 1 0 1706823611
WALL 21208756 1 0 1706823612
WALL 21208756 1 0 1706823613
WALL 21208756 1 0 1706823614
WALL 21208756 1 0 1706823615
WALL 21208756 1 0 1706823616
WALL 21208756 1 0 1706823617
WALL 21208756 1 0 1706823618
WALL 21208756 1 0 1706823619
WALL 21208756 1 0 1706823620
WALL 21208756 1 0 1706823621
WALL 21208756 1 0 1706823622
WALL 21208756 1 0 1706823623
WALL 21208756 1 0 1706823624
WALL 21208756 1 0 1706823625
WALL 21208756 1 0 1706823626
WALL 21208756 1 0 1706823627
WALL 21208756 1 0 1706823628
WALL 21208756 1 0 1706823629
WALL 21208756 1 0 1706823630
WALL 21208756 1 0 1706823631
WALL 21208756 1 0 1706823632
WALL 21208756 1 0 1706823633
WALL 21208756 1 0 1706823634
WALL 21208756 1 0 1706823635
WALL 21208756 1 0 1706823636
WALL 21208756 1 0 1706823637
WALL 21208756 1 0 1706823638
WALL 21208756 1 0 1706823639
WALL 21208756 1 0 1706823640
WALL 21208756 1 0 1706823641
WALL 21208756 1 0 1706823642
WALL 21208756 1 0 1706823643
WALL 21208756 1 0 1706823644
WALL 21208756 1 0 1706823645
WALL 21208756 1 0 1706823646
WALL 21208756 1 0 1706823647
WALL 21208756 1 0 1706823648
WALL 21208756 1 0 1706823649
WALL 21208756 1 0 1706823650
WALL 21208756 1 0 1706823651
WALL 21208756 1 0 1706823652
WALL 21208756 1 0 1706823653
WALL 21208756 1 0 1706823654
WALL 21208756 1 0 1706823655
WALL 21208756 1 0 1706823656
WALL 21208756 1 0 1706823657
WALL 21208756 1 0 1706823658
WALL 21208756 1 0 1706823659
WALL 21208756 1 0 1706823660
slurmstepd: error: *** JOB 21208756 ON nid200161 CANCELLED AT 2024-02-01T21:41:01 DUE TO PREEMPTION ***
received SIGTERM 1706823661
WALL 21208756 1 0 1706823661
received SIGCONT 1706823661
WALL 21208756 1 0 1706823661
received SIGTERM 1706823661
WALL 21208756 1 0 1706823661
