srun: warning: can't run 1 processes on 4 nodes, setting nnodes to 1
WALL 21208013 1 0 1706822210
WALL 21208013 1 0 1706822211
WALL 21208013 1 0 1706822212
WALL 21208013 1 0 1706822213
WALL 21208013 1 0 1706822214
WALL 21208013 1 0 1706822215
WALL 21208013 1 0 1706822216
WALL 21208013 1 0 1706822217
WALL 21208013 1 0 1706822218
WALL 21208013 1 0 1706822219
WALL 21208013 1 0 1706822220
WALL 21208013 1 0 1706822221
WALL 21208013 1 0 1706822222
WALL 21208013 1 0 1706822223
WALL 21208013 1 0 1706822224
WALL 21208013 1 0 1706822225
WALL 21208013 1 0 1706822226
WALL 21208013 1 0 1706822227
WALL 21208013 1 0 1706822228
WALL 21208013 1 0 1706822229
WALL 21208013 1 0 1706822230
WALL 21208013 1 0 1706822231
WALL 21208013 1 0 1706822232
WALL 21208013 1 0 1706822233
WALL 21208013 1 0 1706822234
WALL 21208013 1 0 1706822235
WALL 21208013 1 0 1706822236
WALL 21208013 1 0 1706822237
WALL 21208013 1 0 1706822238
WALL 21208013 1 0 1706822239
WALL 21208013 1 0 1706822240
WALL 21208013 1 0 1706822241
WALL 21208013 1 0 1706822242
WALL 21208013 1 0 1706822243
WALL 21208013 1 0 1706822244
WALL 21208013 1 0 1706822245
WALL 21208013 1 0 1706822246
WALL 21208013 1 0 1706822247
WALL 21208013 1 0 1706822248
WALL 21208013 1 0 1706822249
WALL 21208013 1 0 1706822250
WALL 21208013 1 0 1706822251
WALL 21208013 1 0 1706822252
WALL 21208013 1 0 1706822253
WALL 21208013 1 0 1706822254
WALL 21208013 1 0 1706822255
WALL 21208013 1 0 1706822256
WALL 21208013 1 0 1706822257
WALL 21208013 1 0 1706822258
WALL 21208013 1 0 1706822259
WALL 21208013 1 0 1706822260
WALL 21208013 1 0 1706822261
WALL 21208013 1 0 1706822262
WALL 21208013 1 0 1706822263
WALL 21208013 1 0 1706822264
WALL 21208013 1 0 1706822265
WALL 21208013 1 0 1706822266
WALL 21208013 1 0 1706822267
WALL 21208013 1 0 1706822268
WALL 21208013 1 0 1706822269
WALL 21208013 1 0 1706822270
WALL 21208013 1 0 1706822271
WALL 21208013 1 0 1706822272
WALL 21208013 1 0 1706822273
WALL 21208013 1 0 1706822274
WALL 21208013 1 0 1706822275
WALL 21208013 1 0 1706822276
WALL 21208013 1 0 1706822277
WALL 21208013 1 0 1706822278
WALL 21208013 1 0 1706822279
WALL 21208013 1 0 1706822280
WALL 21208013 1 0 1706822281
WALL 21208013 1 0 1706822282
WALL 21208013 1 0 1706822283
WALL 21208013 1 0 1706822284
WALL 21208013 1 0 1706822285
WALL 21208013 1 0 1706822286
WALL 21208013 1 0 1706822287
WALL 21208013 1 0 1706822288
WALL 21208013 1 0 1706822289
WALL 21208013 1 0 1706822290
WALL 21208013 1 0 1706822291
WALL 21208013 1 0 1706822292
WALL 21208013 1 0 1706822293
WALL 21208013 1 0 1706822294
WALL 21208013 1 0 1706822295
WALL 21208013 1 0 1706822296
WALL 21208013 1 0 1706822297
WALL 21208013 1 0 1706822298
WALL 21208013 1 0 1706822299
WALL 21208013 1 0 1706822300
WALL 21208013 1 0 1706822301
WALL 21208013 1 0 1706822302
WALL 21208013 1 0 1706822303
WALL 21208013 1 0 1706822304
WALL 21208013 1 0 1706822305
WALL 21208013 1 0 1706822306
WALL 21208013 1 0 1706822307
WALL 21208013 1 0 1706822308
WALL 21208013 1 0 1706822309
WALL 21208013 1 0 1706822310
WALL 21208013 1 0 1706822311
WALL 21208013 1 0 1706822312
WALL 21208013 1 0 1706822313
WALL 21208013 1 0 1706822314
WALL 21208013 1 0 1706822315
WALL 21208013 1 0 1706822316
WALL 21208013 1 0 1706822317
WALL 21208013 1 0 1706822318
WALL 21208013 1 0 1706822319
WALL 21208013 1 0 1706822320
WALL 21208013 1 0 1706822321
WALL 21208013 1 0 1706822322
WALL 21208013 1 0 1706822323
WALL 21208013 1 0 1706822324
WALL 21208013 1 0 1706822325
WALL 21208013 1 0 1706822326
WALL 21208013 1 0 1706822327
WALL 21208013 1 0 1706822328
WALL 21208013 1 0 1706822329
WALL 21208013 1 0 1706822330
WALL 21208013 1 0 1706822331
WALL 21208013 1 0 1706822332
WALL 21208013 1 0 1706822333
WALL 21208013 1 0 1706822334
WALL 21208013 1 0 1706822335
WALL 21208013 1 0 1706822336
WALL 21208013 1 0 1706822337
WALL 21208013 1 0 1706822338
WALL 21208013 1 0 1706822339
WALL 21208013 1 0 1706822340
WALL 21208013 1 0 1706822341
WALL 21208013 1 0 1706822342
WALL 21208013 1 0 1706822343
WALL 21208013 1 0 1706822344
WALL 21208013 1 0 1706822345
WALL 21208013 1 0 1706822346
WALL 21208013 1 0 1706822347
WALL 21208013 1 0 1706822348
WALL 21208013 1 0 1706822349
WALL 21208013 1 0 1706822350
WALL 21208013 1 0 1706822351
WALL 21208013 1 0 1706822352
WALL 21208013 1 0 1706822353
WALL 21208013 1 0 1706822354
WALL 21208013 1 0 1706822355
WALL 21208013 1 0 1706822356
WALL 21208013 1 0 1706822357
WALL 21208013 1 0 1706822358
WALL 21208013 1 0 1706822359
WALL 21208013 1 0 1706822360
WALL 21208013 1 0 1706822361
WALL 21208013 1 0 1706822362
WALL 21208013 1 0 1706822363
WALL 21208013 1 0 1706822364
WALL 21208013 1 0 1706822365
WALL 21208013 1 0 1706822366
WALL 21208013 1 0 1706822367
slurmstepd: error: *** STEP 21208013.0 ON nid200051 CANCELLED AT 2024-02-01T21:19:28 ***
received SIGCONT 1706822368
WALL 21208013 1 0 1706822368
received SIGTERM 1706822368
WALL 21208013 1 0 1706822368
WALL 21208013 1 0 1706822369
WALL 21208013 1 0 1706822370
WALL 21208013 1 0 1706822371
WALL 21208013 1 0 1706822372
WALL 21208013 1 0 1706822373
WALL 21208013 1 0 1706822374
WALL 21208013 1 0 1706822375
WALL 21208013 1 0 1706822376
WALL 21208013 1 0 1706822377
WALL 21208013 1 0 1706822378
WALL 21208013 1 0 1706822379
WALL 21208013 1 0 1706822380
WALL 21208013 1 0 1706822381
WALL 21208013 1 0 1706822382
WALL 21208013 1 0 1706822383
WALL 21208013 1 0 1706822384
WALL 21208013 1 0 1706822385
WALL 21208013 1 0 1706822386
WALL 21208013 1 0 1706822387
WALL 21208013 1 0 1706822388
WALL 21208013 1 0 1706822389
WALL 21208013 1 0 1706822390
WALL 21208013 1 0 1706822391
WALL 21208013 1 0 1706822392
WALL 21208013 1 0 1706822393
WALL 21208013 1 0 1706822394
WALL 21208013 1 0 1706822395
WALL 21208013 1 0 1706822396
WALL 21208013 1 0 1706822397
WALL 21208013 1 0 1706822398
WALL 21208013 1 0 1706822399
WALL 21208013 1 0 1706822400
WALL 21208013 1 0 1706822401
WALL 21208013 1 0 1706822402
WALL 21208013 1 0 1706822403
WALL 21208013 1 0 1706822404
WALL 21208013 1 0 1706822405
WALL 21208013 1 0 1706822406
WALL 21208013 1 0 1706822407
WALL 21208013 1 0 1706822408
WALL 21208013 1 0 1706822409
WALL 21208013 1 0 1706822410
WALL 21208013 1 0 1706822411
WALL 21208013 1 0 1706822412
WALL 21208013 1 0 1706822413
WALL 21208013 1 0 1706822414
WALL 21208013 1 0 1706822415
WALL 21208013 1 0 1706822416
WALL 21208013 1 0 1706822417
WALL 21208013 1 0 1706822418
WALL 21208013 1 0 1706822419
WALL 21208013 1 0 1706822420
WALL 21208013 1 0 1706822421
WALL 21208013 1 0 1706822422
WALL 21208013 1 0 1706822423
WALL 21208013 1 0 1706822424
WALL 21208013 1 0 1706822425
WALL 21208013 1 0 1706822426
WALL 21208013 1 0 1706822427
slurmstepd: error: *** JOB 21208013 ON nid200051 CANCELLED AT 2024-02-01T21:20:27 DUE TO PREEMPTION ***
received SIGTERM 1706822427
WALL 21208013 1 0 1706822427
received SIGCONT 1706822427
WALL 21208013 1 0 1706822427
received SIGTERM 1706822427
WALL 21208013 1 0 1706822427
