WALL 21248330 1 0 1706917787
WALL 21248330 1 0 1706917788
WALL 21248330 1 0 1706917789
WALL 21248330 1 0 1706917790
WALL 21248330 1 0 1706917791
WALL 21248330 1 0 1706917792
WALL 21248330 1 0 1706917793
WALL 21248330 1 0 1706917794
WALL 21248330 1 0 1706917795
WALL 21248330 1 0 1706917796
WALL 21248330 1 0 1706917797
WALL 21248330 1 0 1706917798
WALL 21248330 1 0 1706917799
WALL 21248330 1 0 1706917800
WALL 21248330 1 0 1706917801
WALL 21248330 1 0 1706917802
WALL 21248330 1 0 1706917803
WALL 21248330 1 0 1706917804
WALL 21248330 1 0 1706917805
WALL 21248330 1 0 1706917806
WALL 21248330 1 0 1706917807
WALL 21248330 1 0 1706917808
WALL 21248330 1 0 1706917809
WALL 21248330 1 0 1706917810
WALL 21248330 1 0 1706917811
WALL 21248330 1 0 1706917812
WALL 21248330 1 0 1706917813
WALL 21248330 1 0 1706917814
WALL 21248330 1 0 1706917815
WALL 21248330 1 0 1706917816
WALL 21248330 1 0 1706917817
WALL 21248330 1 0 1706917818
WALL 21248330 1 0 1706917819
WALL 21248330 1 0 1706917820
WALL 21248330 1 0 1706917821
WALL 21248330 1 0 1706917822
WALL 21248330 1 0 1706917823
WALL 21248330 1 0 1706917824
WALL 21248330 1 0 1706917825
WALL 21248330 1 0 1706917826
WALL 21248330 1 0 1706917827
WALL 21248330 1 0 1706917828
WALL 21248330 1 0 1706917829
WALL 21248330 1 0 1706917830
WALL 21248330 1 0 1706917831
WALL 21248330 1 0 1706917832
WALL 21248330 1 0 1706917833
WALL 21248330 1 0 1706917834
WALL 21248330 1 0 1706917835
WALL 21248330 1 0 1706917836
WALL 21248330 1 0 1706917837
WALL 21248330 1 0 1706917838
WALL 21248330 1 0 1706917839
WALL 21248330 1 0 1706917840
WALL 21248330 1 0 1706917841
WALL 21248330 1 0 1706917842
WALL 21248330 1 0 1706917843
WALL 21248330 1 0 1706917844
WALL 21248330 1 0 1706917845
WALL 21248330 1 0 1706917846
WALL 21248330 1 0 1706917847
WALL 21248330 1 0 1706917848
WALL 21248330 1 0 1706917849
WALL 21248330 1 0 1706917850
WALL 21248330 1 0 1706917851
WALL 21248330 1 0 1706917852
WALL 21248330 1 0 1706917853
WALL 21248330 1 0 1706917854
WALL 21248330 1 0 1706917855
WALL 21248330 1 0 1706917856
WALL 21248330 1 0 1706917857
WALL 21248330 1 0 1706917858
WALL 21248330 1 0 1706917859
WALL 21248330 1 0 1706917860
WALL 21248330 1 0 1706917861
WALL 21248330 1 0 1706917862
received SIGCONT 1706917862
WALL 21248330 1 0 1706917862
slurmstepd: error: *** STEP 21248330.0 ON nid200066 CANCELLED AT 2024-02-02T23:51:02 ***
received SIGTERM 1706917862
WALL 21248330 1 0 1706917862
WALL 21248330 1 0 1706917863
WALL 21248330 1 0 1706917864
WALL 21248330 1 0 1706917865
WALL 21248330 1 0 1706917866
WALL 21248330 1 0 1706917867
WALL 21248330 1 0 1706917868
WALL 21248330 1 0 1706917869
WALL 21248330 1 0 1706917870
WALL 21248330 1 0 1706917871
WALL 21248330 1 0 1706917872
WALL 21248330 1 0 1706917873
WALL 21248330 1 0 1706917874
WALL 21248330 1 0 1706917875
WALL 21248330 1 0 1706917876
WALL 21248330 1 0 1706917877
WALL 21248330 1 0 1706917878
WALL 21248330 1 0 1706917879
WALL 21248330 1 0 1706917880
WALL 21248330 1 0 1706917881
WALL 21248330 1 0 1706917882
WALL 21248330 1 0 1706917883
WALL 21248330 1 0 1706917884
WALL 21248330 1 0 1706917885
WALL 21248330 1 0 1706917886
WALL 21248330 1 0 1706917887
WALL 21248330 1 0 1706917888
WALL 21248330 1 0 1706917889
WALL 21248330 1 0 1706917890
WALL 21248330 1 0 1706917891
WALL 21248330 1 0 1706917892
WALL 21248330 1 0 1706917893
WALL 21248330 1 0 1706917894
WALL 21248330 1 0 1706917895
WALL 21248330 1 0 1706917896
WALL 21248330 1 0 1706917897
WALL 21248330 1 0 1706917898
WALL 21248330 1 0 1706917899
WALL 21248330 1 0 1706917900
WALL 21248330 1 0 1706917901
WALL 21248330 1 0 1706917902
WALL 21248330 1 0 1706917903
WALL 21248330 1 0 1706917904
WALL 21248330 1 0 1706917905
WALL 21248330 1 0 1706917906
WALL 21248330 1 0 1706917907
WALL 21248330 1 0 1706917908
WALL 21248330 1 0 1706917909
WALL 21248330 1 0 1706917910
WALL 21248330 1 0 1706917911
WALL 21248330 1 0 1706917912
WALL 21248330 1 0 1706917913
WALL 21248330 1 0 1706917914
WALL 21248330 1 0 1706917915
WALL 21248330 1 0 1706917916
WALL 21248330 1 0 1706917917
WALL 21248330 1 0 1706917918
WALL 21248330 1 0 1706917919
WALL 21248330 1 0 1706917920
WALL 21248330 1 0 1706917921
WALL 21248330 1 0 1706917922
WALL 21248330 1 0 1706917923
WALL 21248330 1 0 1706917924
WALL 21248330 1 0 1706917925
WALL 21248330 1 0 1706917926
WALL 21248330 1 0 1706917927
WALL 21248330 1 0 1706917928
WALL 21248330 1 0 1706917929
WALL 21248330 1 0 1706917930
WALL 21248330 1 0 1706917931
WALL 21248330 1 0 1706917932
WALL 21248330 1 0 1706917933
WALL 21248330 1 0 1706917934
WALL 21248330 1 0 1706917935
WALL 21248330 1 0 1706917936
WALL 21248330 1 0 1706917937
WALL 21248330 1 0 1706917938
WALL 21248330 1 0 1706917939
WALL 21248330 1 0 1706917940
WALL 21248330 1 0 1706917941
WALL 21248330 1 0 1706917942
WALL 21248330 1 0 1706917943
WALL 21248330 1 0 1706917944
WALL 21248330 1 0 1706917945
WALL 21248330 1 0 1706917946
WALL 21248330 1 0 1706917947
WALL 21248330 1 0 1706917948
WALL 21248330 1 0 1706917949
WALL 21248330 1 0 1706917950
WALL 21248330 1 0 1706917951
WALL 21248330 1 0 1706917952
WALL 21248330 1 0 1706917953
WALL 21248330 1 0 1706917954
WALL 21248330 1 0 1706917955
WALL 21248330 1 0 1706917956
WALL 21248330 1 0 1706917957
WALL 21248330 1 0 1706917958
WALL 21248330 1 0 1706917959
WALL 21248330 1 0 1706917960
WALL 21248330 1 0 1706917961
WALL 21248330 1 0 1706917962
WALL 21248330 1 0 1706917963
WALL 21248330 1 0 1706917964
WALL 21248330 1 0 1706917965
WALL 21248330 1 0 1706917966
WALL 21248330 1 0 1706917967
WALL 21248330 1 0 1706917968
WALL 21248330 1 0 1706917969
WALL 21248330 1 0 1706917970
WALL 21248330 1 0 1706917971
WALL 21248330 1 0 1706917972
WALL 21248330 1 0 1706917973
WALL 21248330 1 0 1706917974
WALL 21248330 1 0 1706917975
WALL 21248330 1 0 1706917976
WALL 21248330 1 0 1706917977
WALL 21248330 1 0 1706917978
WALL 21248330 1 0 1706917979
WALL 21248330 1 0 1706917980
WALL 21248330 1 0 1706917981
WALL 21248330 1 0 1706917982
WALL 21248330 1 0 1706917983
WALL 21248330 1 0 1706917984
WALL 21248330 1 0 1706917985
WALL 21248330 1 0 1706917986
WALL 21248330 1 0 1706917987
WALL 21248330 1 0 1706917988
WALL 21248330 1 0 1706917989
WALL 21248330 1 0 1706917990
WALL 21248330 1 0 1706917991
WALL 21248330 1 0 1706917992
WALL 21248330 1 0 1706917993
WALL 21248330 1 0 1706917994
slurmstepd: error: *** JOB 21248330 ON nid200066 CANCELLED AT 2024-02-02T23:53:15 DUE TO PREEMPTION ***
received SIGTERM 1706917995
WALL 21248330 1 0 1706917995
received SIGCONT 1706917995
WALL 21248330 1 0 1706917995
received SIGTERM 1706917995
WALL 21248330 1 0 1706917995
