WALL 21089130 1 0 1706661712
WALL 21089130 1 0 1706661713
WALL 21089130 1 0 1706661714
WALL 21089130 1 0 1706661715
WALL 21089130 1 0 1706661716
WALL 21089130 1 0 1706661717
WALL 21089130 1 0 1706661718
WALL 21089130 1 0 1706661719
WALL 21089130 1 0 1706661720
WALL 21089130 1 0 1706661721
WALL 21089130 1 0 1706661722
WALL 21089130 1 0 1706661723
WALL 21089130 1 0 1706661724
WALL 21089130 1 0 1706661725
WALL 21089130 1 0 1706661726
WALL 21089130 1 0 1706661727
WALL 21089130 1 0 1706661728
WALL 21089130 1 0 1706661729
WALL 21089130 1 0 1706661730
WALL 21089130 1 0 1706661731
WALL 21089130 1 0 1706661732
WALL 21089130 1 0 1706661733
WALL 21089130 1 0 1706661734
WALL 21089130 1 0 1706661735
WALL 21089130 1 0 1706661736
WALL 21089130 1 0 1706661737
slurmstepd: error: *** STEP 21089130.0 ON nid200196 CANCELLED AT 2024-01-31T00:42:18 ***
received SIGCONT 1706661738
WALL 21089130 1 0 1706661738
received SIGTERM 1706661738
WALL 21089130 1 0 1706661738
WALL 21089130 1 0 1706661739
WALL 21089130 1 0 1706661740
WALL 21089130 1 0 1706661741
WALL 21089130 1 0 1706661742
WALL 21089130 1 0 1706661743
WALL 21089130 1 0 1706661744
WALL 21089130 1 0 1706661745
WALL 21089130 1 0 1706661746
WALL 21089130 1 0 1706661747
WALL 21089130 1 0 1706661748
WALL 21089130 1 0 1706661749
WALL 21089130 1 0 1706661750
WALL 21089130 1 0 1706661751
WALL 21089130 1 0 1706661752
WALL 21089130 1 0 1706661753
WALL 21089130 1 0 1706661754
WALL 21089130 1 0 1706661755
WALL 21089130 1 0 1706661756
WALL 21089130 1 0 1706661757
WALL 21089130 1 0 1706661758
WALL 21089130 1 0 1706661759
WALL 21089130 1 0 1706661760
WALL 21089130 1 0 1706661761
WALL 21089130 1 0 1706661762
WALL 21089130 1 0 1706661763
WALL 21089130 1 0 1706661764
WALL 21089130 1 0 1706661765
WALL 21089130 1 0 1706661766
WALL 21089130 1 0 1706661767
WALL 21089130 1 0 1706661768
WALL 21089130 1 0 1706661769
WALL 21089130 1 0 1706661770
WALL 21089130 1 0 1706661771
WALL 21089130 1 0 1706661772
WALL 21089130 1 0 1706661773
WALL 21089130 1 0 1706661774
WALL 21089130 1 0 1706661775
WALL 21089130 1 0 1706661776
WALL 21089130 1 0 1706661777
WALL 21089130 1 0 1706661778
WALL 21089130 1 0 1706661779
WALL 21089130 1 0 1706661780
WALL 21089130 1 0 1706661781
WALL 21089130 1 0 1706661782
WALL 21089130 1 0 1706661783
WALL 21089130 1 0 1706661784
WALL 21089130 1 0 1706661785
WALL 21089130 1 0 1706661786
WALL 21089130 1 0 1706661787
WALL 21089130 1 0 1706661788
WALL 21089130 1 0 1706661789
WALL 21089130 1 0 1706661790
WALL 21089130 1 0 1706661791
WALL 21089130 1 0 1706661792
WALL 21089130 1 0 1706661793
WALL 21089130 1 0 1706661794
WALL 21089130 1 0 1706661795
WALL 21089130 1 0 1706661796
WALL 21089130 1 0 1706661797
WALL 21089130 1 0 1706661798
WALL 21089130 1 0 1706661799
slurmstepd: error: *** JOB 21089130 ON nid200196 CANCELLED AT 2024-01-31T00:43:19 DUE TO PREEMPTION ***
received SIGTERM 1706661799
WALL 21089130 1 0 1706661799
received SIGCONT 1706661799
WALL 21089130 1 0 1706661799
received SIGTERM 1706661799
WALL 21089130 1 0 1706661799
