srun: warning: can't run 1 processes on 4 nodes, setting nnodes to 1
WALL 21195377 1 0 1706813388
WALL 21195377 1 0 1706813389
WALL 21195377 1 0 1706813390
WALL 21195377 1 0 1706813391
WALL 21195377 1 0 1706813392
WALL 21195377 1 0 1706813393
WALL 21195377 1 0 1706813394
WALL 21195377 1 0 1706813395
WALL 21195377 1 0 1706813396
WALL 21195377 1 0 1706813397
WALL 21195377 1 0 1706813398
WALL 21195377 1 0 1706813399
WALL 21195377 1 0 1706813400
WALL 21195377 1 0 1706813401
WALL 21195377 1 0 1706813402
WALL 21195377 1 0 1706813403
WALL 21195377 1 0 1706813404
WALL 21195377 1 0 1706813405
WALL 21195377 1 0 1706813406
WALL 21195377 1 0 1706813407
WALL 21195377 1 0 1706813408
WALL 21195377 1 0 1706813409
WALL 21195377 1 0 1706813410
WALL 21195377 1 0 1706813411
WALL 21195377 1 0 1706813412
WALL 21195377 1 0 1706813413
slurmstepd: error: *** STEP 21195377.0 ON nid200039 CANCELLED AT 2024-02-01T18:50:14 ***
received SIGTERM 1706813414
WALL 21195377 1 0 1706813414
received SIGCONT 1706813414
WALL 21195377 1 0 1706813414
WALL 21195377 1 0 1706813415
WALL 21195377 1 0 1706813416
WALL 21195377 1 0 1706813417
WALL 21195377 1 0 1706813418
WALL 21195377 1 0 1706813419
WALL 21195377 1 0 1706813420
WALL 21195377 1 0 1706813421
WALL 21195377 1 0 1706813422
WALL 21195377 1 0 1706813423
WALL 21195377 1 0 1706813424
WALL 21195377 1 0 1706813425
WALL 21195377 1 0 1706813426
WALL 21195377 1 0 1706813427
WALL 21195377 1 0 1706813428
WALL 21195377 1 0 1706813429
WALL 21195377 1 0 1706813430
WALL 21195377 1 0 1706813431
WALL 21195377 1 0 1706813432
WALL 21195377 1 0 1706813433
WALL 21195377 1 0 1706813434
WALL 21195377 1 0 1706813435
WALL 21195377 1 0 1706813436
WALL 21195377 1 0 1706813437
WALL 21195377 1 0 1706813438
WALL 21195377 1 0 1706813439
WALL 21195377 1 0 1706813440
WALL 21195377 1 0 1706813441
WALL 21195377 1 0 1706813442
WALL 21195377 1 0 1706813443
WALL 21195377 1 0 1706813444
WALL 21195377 1 0 1706813445
WALL 21195377 1 0 1706813446
WALL 21195377 1 0 1706813447
WALL 21195377 1 0 1706813448
WALL 21195377 1 0 1706813449
WALL 21195377 1 0 1706813450
WALL 21195377 1 0 1706813451
WALL 21195377 1 0 1706813452
WALL 21195377 1 0 1706813453
WALL 21195377 1 0 1706813454
WALL 21195377 1 0 1706813455
WALL 21195377 1 0 1706813456
WALL 21195377 1 0 1706813457
WALL 21195377 1 0 1706813458
WALL 21195377 1 0 1706813459
WALL 21195377 1 0 1706813460
WALL 21195377 1 0 1706813461
WALL 21195377 1 0 1706813462
WALL 21195377 1 0 1706813463
WALL 21195377 1 0 1706813464
WALL 21195377 1 0 1706813465
WALL 21195377 1 0 1706813466
WALL 21195377 1 0 1706813467
WALL 21195377 1 0 1706813468
WALL 21195377 1 0 1706813469
WALL 21195377 1 0 1706813470
WALL 21195377 1 0 1706813471
WALL 21195377 1 0 1706813472
WALL 21195377 1 0 1706813473
srun: Job step aborted: Waiting up to 32 seconds for job step to finish.
slurmstepd: error: *** JOB 21195377 ON nid200039 CANCELLED AT 2024-02-01T18:51:14 DUE TO PREEMPTION ***
received SIGTERM 1706813474
WALL 21195377 1 0 1706813474
received SIGCONT 1706813474
WALL 21195377 1 0 1706813474
received SIGTERM 1706813474
WALL 21195377 1 0 1706813474
