WALL 21238057 1 0 1706908822
WALL 21238057 1 0 1706908823
WALL 21238057 1 0 1706908824
WALL 21238057 1 0 1706908825
WALL 21238057 1 0 1706908826
WALL 21238057 1 0 1706908827
WALL 21238057 1 0 1706908828
WALL 21238057 1 0 1706908829
WALL 21238057 1 0 1706908830
WALL 21238057 1 0 1706908831
WALL 21238057 1 0 1706908832
WALL 21238057 1 0 1706908833
WALL 21238057 1 0 1706908834
WALL 21238057 1 0 1706908835
WALL 21238057 1 0 1706908836
WALL 21238057 1 0 1706908837
WALL 21238057 1 0 1706908838
WALL 21238057 1 0 1706908839
WALL 21238057 1 0 1706908840
WALL 21238057 1 0 1706908841
WALL 21238057 1 0 1706908842
WALL 21238057 1 0 1706908843
WALL 21238057 1 0 1706908844
WALL 21238057 1 0 1706908845
WALL 21238057 1 0 1706908846
WALL 21238057 1 0 1706908847
WALL 21238057 1 0 1706908848
WALL 21238057 1 0 1706908849
WALL 21238057 1 0 1706908850
WALL 21238057 1 0 1706908851
WALL 21238057 1 0 1706908852
WALL 21238057 1 0 1706908853
WALL 21238057 1 0 1706908854
WALL 21238057 1 0 1706908855
WALL 21238057 1 0 1706908856
WALL 21238057 1 0 1706908857
WALL 21238057 1 0 1706908858
WALL 21238057 1 0 1706908859
WALL 21238057 1 0 1706908860
WALL 21238057 1 0 1706908861
WALL 21238057 1 0 1706908862
WALL 21238057 1 0 1706908863
WALL 21238057 1 0 1706908864
WALL 21238057 1 0 1706908865
WALL 21238057 1 0 1706908866
WALL 21238057 1 0 1706908867
WALL 21238057 1 0 1706908868
WALL 21238057 1 0 1706908869
WALL 21238057 1 0 1706908870
WALL 21238057 1 0 1706908871
WALL 21238057 1 0 1706908872
WALL 21238057 1 0 1706908873
WALL 21238057 1 0 1706908874
WALL 21238057 1 0 1706908875
WALL 21238057 1 0 1706908876
WALL 21238057 1 0 1706908877
WALL 21238057 1 0 1706908878
WALL 21238057 1 0 1706908879
WALL 21238057 1 0 1706908880
WALL 21238057 1 0 1706908881
WALL 21238057 1 0 1706908882
WALL 21238057 1 0 1706908883
WALL 21238057 1 0 1706908884
WALL 21238057 1 0 1706908885
WALL 21238057 1 0 1706908886
WALL 21238057 1 0 1706908887
WALL 21238057 1 0 1706908888
WALL 21238057 1 0 1706908889
WALL 21238057 1 0 1706908890
WALL 21238057 1 0 1706908891
WALL 21238057 1 0 1706908892
WALL 21238057 1 0 1706908893
WALL 21238057 1 0 1706908894
WALL 21238057 1 0 1706908895
WALL 21238057 1 0 1706908896
WALL 21238057 1 0 1706908897
WALL 21238057 1 0 1706908898
WALL 21238057 1 0 1706908899
WALL 21238057 1 0 1706908900
WALL 21238057 1 0 1706908901
WALL 21238057 1 0 1706908902
WALL 21238057 1 0 1706908903
WALL 21238057 1 0 1706908904
WALL 21238057 1 0 1706908905
WALL 21238057 1 0 1706908906
WALL 21238057 1 0 1706908907
WALL 21238057 1 0 1706908908
WALL 21238057 1 0 1706908909
WALL 21238057 1 0 1706908910
WALL 21238057 1 0 1706908911
WALL 21238057 1 0 1706908912
WALL 21238057 1 0 1706908913
WALL 21238057 1 0 1706908914
WALL 21238057 1 0 1706908915
WALL 21238057 1 0 1706908916
WALL 21238057 1 0 1706908917
WALL 21238057 1 0 1706908918
WALL 21238057 1 0 1706908919
WALL 21238057 1 0 1706908920
WALL 21238057 1 0 1706908921
WALL 21238057 1 0 1706908922
WALL 21238057 1 0 1706908923
WALL 21238057 1 0 1706908924
WALL 21238057 1 0 1706908925
WALL 21238057 1 0 1706908926
WALL 21238057 1 0 1706908927
WALL 21238057 1 0 1706908928
WALL 21238057 1 0 1706908929
WALL 21238057 1 0 1706908930
WALL 21238057 1 0 1706908931
WALL 21238057 1 0 1706908932
WALL 21238057 1 0 1706908933
WALL 21238057 1 0 1706908934
WALL 21238057 1 0 1706908935
WALL 21238057 1 0 1706908936
WALL 21238057 1 0 1706908937
WALL 21238057 1 0 1706908938
WALL 21238057 1 0 1706908939
WALL 21238057 1 0 1706908940
WALL 21238057 1 0 1706908941
WALL 21238057 1 0 1706908942
WALL 21238057 1 0 1706908943
WALL 21238057 1 0 1706908944
WALL 21238057 1 0 1706908945
WALL 21238057 1 0 1706908946
WALL 21238057 1 0 1706908947
WALL 21238057 1 0 1706908948
WALL 21238057 1 0 1706908949
WALL 21238057 1 0 1706908950
WALL 21238057 1 0 1706908951
WALL 21238057 1 0 1706908952
WALL 21238057 1 0 1706908953
WALL 21238057 1 0 1706908954
WALL 21238057 1 0 1706908955
WALL 21238057 1 0 1706908956
WALL 21238057 1 0 1706908957
WALL 21238057 1 0 1706908958
WALL 21238057 1 0 1706908959
WALL 21238057 1 0 1706908960
WALL 21238057 1 0 1706908961
WALL 21238057 1 0 1706908962
WALL 21238057 1 0 1706908963
WALL 21238057 1 0 1706908964
WALL 21238057 1 0 1706908965
WALL 21238057 1 0 1706908966
WALL 21238057 1 0 1706908967
WALL 21238057 1 0 1706908968
WALL 21238057 1 0 1706908969
WALL 21238057 1 0 1706908970
WALL 21238057 1 0 1706908971
WALL 21238057 1 0 1706908972
WALL 21238057 1 0 1706908973
WALL 21238057 1 0 1706908974
WALL 21238057 1 0 1706908975
WALL 21238057 1 0 1706908976
WALL 21238057 1 0 1706908977
WALL 21238057 1 0 1706908978
WALL 21238057 1 0 1706908979
WALL 21238057 1 0 1706908980
WALL 21238057 1 0 1706908981
WALL 21238057 1 0 1706908982
WALL 21238057 1 0 1706908983
WALL 21238057 1 0 1706908984
WALL 21238057 1 0 1706908985
WALL 21238057 1 0 1706908986
WALL 21238057 1 0 1706908987
WALL 21238057 1 0 1706908988
WALL 21238057 1 0 1706908989
WALL 21238057 1 0 1706908990
WALL 21238057 1 0 1706908991
WALL 21238057 1 0 1706908992
WALL 21238057 1 0 1706908993
WALL 21238057 1 0 1706908994
WALL 21238057 1 0 1706908995
WALL 21238057 1 0 1706908996
WALL 21238057 1 0 1706908997
WALL 21238057 1 0 1706908998
WALL 21238057 1 0 1706908999
WALL 21238057 1 0 1706909000
WALL 21238057 1 0 1706909001
WALL 21238057 1 0 1706909002
WALL 21238057 1 0 1706909003
WALL 21238057 1 0 1706909004
WALL 21238057 1 0 1706909005
WALL 21238057 1 0 1706909006
WALL 21238057 1 0 1706909007
WALL 21238057 1 0 1706909008
WALL 21238057 1 0 1706909009
WALL 21238057 1 0 1706909010
WALL 21238057 1 0 1706909011
WALL 21238057 1 0 1706909012
WALL 21238057 1 0 1706909013
WALL 21238057 1 0 1706909014
WALL 21238057 1 0 1706909015
WALL 21238057 1 0 1706909016
WALL 21238057 1 0 1706909017
WALL 21238057 1 0 1706909018
WALL 21238057 1 0 1706909019
WALL 21238057 1 0 1706909020
WALL 21238057 1 0 1706909021
WALL 21238057 1 0 1706909022
WALL 21238057 1 0 1706909023
WALL 21238057 1 0 1706909024
WALL 21238057 1 0 1706909025
WALL 21238057 1 0 1706909026
WALL 21238057 1 0 1706909027
WALL 21238057 1 0 1706909028
WALL 21238057 1 0 1706909029
WALL 21238057 1 0 1706909030
WALL 21238057 1 0 1706909031
WALL 21238057 1 0 1706909032
WALL 21238057 1 0 1706909033
WALL 21238057 1 0 1706909034
WALL 21238057 1 0 1706909035
WALL 21238057 1 0 1706909036
WALL 21238057 1 0 1706909037
WALL 21238057 1 0 1706909038
WALL 21238057 1 0 1706909039
WALL 21238057 1 0 1706909040
WALL 21238057 1 0 1706909041
WALL 21238057 1 0 1706909042
WALL 21238057 1 0 1706909043
WALL 21238057 1 0 1706909044
WALL 21238057 1 0 1706909045
WALL 21238057 1 0 1706909046
WALL 21238057 1 0 1706909047
WALL 21238057 1 0 1706909048
WALL 21238057 1 0 1706909049
WALL 21238057 1 0 1706909050
WALL 21238057 1 0 1706909051
WALL 21238057 1 0 1706909052
WALL 21238057 1 0 1706909053
WALL 21238057 1 0 1706909054
WALL 21238057 1 0 1706909055
WALL 21238057 1 0 1706909056
WALL 21238057 1 0 1706909057
WALL 21238057 1 0 1706909058
WALL 21238057 1 0 1706909059
WALL 21238057 1 0 1706909060
WALL 21238057 1 0 1706909061
WALL 21238057 1 0 1706909062
WALL 21238057 1 0 1706909063
WALL 21238057 1 0 1706909064
WALL 21238057 1 0 1706909065
WALL 21238057 1 0 1706909066
WALL 21238057 1 0 1706909067
WALL 21238057 1 0 1706909068
WALL 21238057 1 0 1706909069
WALL 21238057 1 0 1706909070
WALL 21238057 1 0 1706909071
WALL 21238057 1 0 1706909072
WALL 21238057 1 0 1706909073
WALL 21238057 1 0 1706909074
WALL 21238057 1 0 1706909075
WALL 21238057 1 0 1706909076
WALL 21238057 1 0 1706909077
WALL 21238057 1 0 1706909078
WALL 21238057 1 0 1706909079
WALL 21238057 1 0 1706909080
WALL 21238057 1 0 1706909081
WALL 21238057 1 0 1706909082
WALL 21238057 1 0 1706909083
WALL 21238057 1 0 1706909084
WALL 21238057 1 0 1706909085
WALL 21238057 1 0 1706909086
WALL 21238057 1 0 1706909087
WALL 21238057 1 0 1706909088
WALL 21238057 1 0 1706909089
WALL 21238057 1 0 1706909090
WALL 21238057 1 0 1706909091
WALL 21238057 1 0 1706909092
WALL 21238057 1 0 1706909093
WALL 21238057 1 0 1706909094
WALL 21238057 1 0 1706909095
WALL 21238057 1 0 1706909096
WALL 21238057 1 0 1706909097
WALL 21238057 1 0 1706909098
WALL 21238057 1 0 1706909099
WALL 21238057 1 0 1706909100
WALL 21238057 1 0 1706909101
WALL 21238057 1 0 1706909102
WALL 21238057 1 0 1706909103
WALL 21238057 1 0 1706909104
WALL 21238057 1 0 1706909105
WALL 21238057 1 0 1706909106
WALL 21238057 1 0 1706909107
WALL 21238057 1 0 1706909108
WALL 21238057 1 0 1706909109
WALL 21238057 1 0 1706909110
WALL 21238057 1 0 1706909111
WALL 21238057 1 0 1706909112
WALL 21238057 1 0 1706909113
WALL 21238057 1 0 1706909114
WALL 21238057 1 0 1706909115
WALL 21238057 1 0 1706909116
WALL 21238057 1 0 1706909117
WALL 21238057 1 0 1706909118
WALL 21238057 1 0 1706909119
WALL 21238057 1 0 1706909120
WALL 21238057 1 0 1706909121
WALL 21238057 1 0 1706909122
WALL 21238057 1 0 1706909123
WALL 21238057 1 0 1706909124
WALL 21238057 1 0 1706909125
WALL 21238057 1 0 1706909126
WALL 21238057 1 0 1706909127
WALL 21238057 1 0 1706909128
WALL 21238057 1 0 1706909129
WALL 21238057 1 0 1706909130
WALL 21238057 1 0 1706909131
WALL 21238057 1 0 1706909132
WALL 21238057 1 0 1706909133
WALL 21238057 1 0 1706909134
WALL 21238057 1 0 1706909135
WALL 21238057 1 0 1706909136
WALL 21238057 1 0 1706909137
WALL 21238057 1 0 1706909138
WALL 21238057 1 0 1706909139
WALL 21238057 1 0 1706909140
WALL 21238057 1 0 1706909141
WALL 21238057 1 0 1706909142
WALL 21238057 1 0 1706909143
WALL 21238057 1 0 1706909144
WALL 21238057 1 0 1706909145
WALL 21238057 1 0 1706909146
WALL 21238057 1 0 1706909147
WALL 21238057 1 0 1706909148
WALL 21238057 1 0 1706909149
WALL 21238057 1 0 1706909150
WALL 21238057 1 0 1706909151
WALL 21238057 1 0 1706909152
WALL 21238057 1 0 1706909153
WALL 21238057 1 0 1706909154
WALL 21238057 1 0 1706909155
WALL 21238057 1 0 1706909156
WALL 21238057 1 0 1706909157
WALL 21238057 1 0 1706909158
WALL 21238057 1 0 1706909159
WALL 21238057 1 0 1706909160
WALL 21238057 1 0 1706909161
WALL 21238057 1 0 1706909162
WALL 21238057 1 0 1706909163
WALL 21238057 1 0 1706909164
WALL 21238057 1 0 1706909165
WALL 21238057 1 0 1706909166
WALL 21238057 1 0 1706909167
WALL 21238057 1 0 1706909168
WALL 21238057 1 0 1706909169
WALL 21238057 1 0 1706909170
WALL 21238057 1 0 1706909171
WALL 21238057 1 0 1706909172
WALL 21238057 1 0 1706909173
WALL 21238057 1 0 1706909174
WALL 21238057 1 0 1706909175
WALL 21238057 1 0 1706909176
WALL 21238057 1 0 1706909177
WALL 21238057 1 0 1706909178
WALL 21238057 1 0 1706909179
WALL 21238057 1 0 1706909180
WALL 21238057 1 0 1706909181
WALL 21238057 1 0 1706909182
WALL 21238057 1 0 1706909183
WALL 21238057 1 0 1706909184
WALL 21238057 1 0 1706909185
WALL 21238057 1 0 1706909186
WALL 21238057 1 0 1706909187
WALL 21238057 1 0 1706909188
WALL 21238057 1 0 1706909189
WALL 21238057 1 0 1706909190
WALL 21238057 1 0 1706909191
WALL 21238057 1 0 1706909192
WALL 21238057 1 0 1706909193
WALL 21238057 1 0 1706909194
WALL 21238057 1 0 1706909195
WALL 21238057 1 0 1706909196
WALL 21238057 1 0 1706909197
WALL 21238057 1 0 1706909198
WALL 21238057 1 0 1706909199
WALL 21238057 1 0 1706909200
WALL 21238057 1 0 1706909201
WALL 21238057 1 0 1706909202
WALL 21238057 1 0 1706909203
WALL 21238057 1 0 1706909204
WALL 21238057 1 0 1706909205
WALL 21238057 1 0 1706909206
WALL 21238057 1 0 1706909207
WALL 21238057 1 0 1706909208
WALL 21238057 1 0 1706909209
WALL 21238057 1 0 1706909210
WALL 21238057 1 0 1706909211
WALL 21238057 1 0 1706909212
WALL 21238057 1 0 1706909213
WALL 21238057 1 0 1706909214
WALL 21238057 1 0 1706909215
WALL 21238057 1 0 1706909216
WALL 21238057 1 0 1706909217
WALL 21238057 1 0 1706909218
WALL 21238057 1 0 1706909219
WALL 21238057 1 0 1706909220
WALL 21238057 1 0 1706909221
WALL 21238057 1 0 1706909222
WALL 21238057 1 0 1706909223
WALL 21238057 1 0 1706909224
WALL 21238057 1 0 1706909225
WALL 21238057 1 0 1706909226
WALL 21238057 1 0 1706909227
WALL 21238057 1 0 1706909228
WALL 21238057 1 0 1706909229
WALL 21238057 1 0 1706909230
WALL 21238057 1 0 1706909231
WALL 21238057 1 0 1706909232
WALL 21238057 1 0 1706909233
WALL 21238057 1 0 1706909234
WALL 21238057 1 0 1706909235
WALL 21238057 1 0 1706909236
WALL 21238057 1 0 1706909237
WALL 21238057 1 0 1706909238
WALL 21238057 1 0 1706909239
WALL 21238057 1 0 1706909240
WALL 21238057 1 0 1706909241
WALL 21238057 1 0 1706909242
WALL 21238057 1 0 1706909243
WALL 21238057 1 0 1706909244
WALL 21238057 1 0 1706909245
WALL 21238057 1 0 1706909246
WALL 21238057 1 0 1706909247
WALL 21238057 1 0 1706909248
WALL 21238057 1 0 1706909249
WALL 21238057 1 0 1706909250
WALL 21238057 1 0 1706909251
WALL 21238057 1 0 1706909252
WALL 21238057 1 0 1706909253
WALL 21238057 1 0 1706909254
WALL 21238057 1 0 1706909255
WALL 21238057 1 0 1706909256
WALL 21238057 1 0 1706909257
WALL 21238057 1 0 1706909258
WALL 21238057 1 0 1706909259
WALL 21238057 1 0 1706909260
WALL 21238057 1 0 1706909261
WALL 21238057 1 0 1706909262
WALL 21238057 1 0 1706909263
WALL 21238057 1 0 1706909264
WALL 21238057 1 0 1706909265
WALL 21238057 1 0 1706909266
WALL 21238057 1 0 1706909267
WALL 21238057 1 0 1706909268
WALL 21238057 1 0 1706909269
WALL 21238057 1 0 1706909270
WALL 21238057 1 0 1706909271
WALL 21238057 1 0 1706909272
WALL 21238057 1 0 1706909273
WALL 21238057 1 0 1706909274
WALL 21238057 1 0 1706909275
WALL 21238057 1 0 1706909276
WALL 21238057 1 0 1706909277
WALL 21238057 1 0 1706909278
WALL 21238057 1 0 1706909279
WALL 21238057 1 0 1706909280
WALL 21238057 1 0 1706909281
WALL 21238057 1 0 1706909282
WALL 21238057 1 0 1706909283
WALL 21238057 1 0 1706909284
WALL 21238057 1 0 1706909285
WALL 21238057 1 0 1706909286
WALL 21238057 1 0 1706909287
WALL 21238057 1 0 1706909288
WALL 21238057 1 0 1706909289
WALL 21238057 1 0 1706909290
WALL 21238057 1 0 1706909291
WALL 21238057 1 0 1706909292
WALL 21238057 1 0 1706909293
WALL 21238057 1 0 1706909294
WALL 21238057 1 0 1706909295
WALL 21238057 1 0 1706909296
WALL 21238057 1 0 1706909297
WALL 21238057 1 0 1706909298
WALL 21238057 1 0 1706909299
WALL 21238057 1 0 1706909300
WALL 21238057 1 0 1706909301
WALL 21238057 1 0 1706909302
WALL 21238057 1 0 1706909303
WALL 21238057 1 0 1706909304
WALL 21238057 1 0 1706909305
WALL 21238057 1 0 1706909306
WALL 21238057 1 0 1706909307
WALL 21238057 1 0 1706909308
WALL 21238057 1 0 1706909309
WALL 21238057 1 0 1706909310
WALL 21238057 1 0 1706909311
WALL 21238057 1 0 1706909312
WALL 21238057 1 0 1706909313
WALL 21238057 1 0 1706909314
WALL 21238057 1 0 1706909315
WALL 21238057 1 0 1706909316
WALL 21238057 1 0 1706909317
WALL 21238057 1 0 1706909318
WALL 21238057 1 0 1706909319
WALL 21238057 1 0 1706909320
WALL 21238057 1 0 1706909321
WALL 21238057 1 0 1706909322
WALL 21238057 1 0 1706909323
WALL 21238057 1 0 1706909324
WALL 21238057 1 0 1706909325
WALL 21238057 1 0 1706909326
WALL 21238057 1 0 1706909327
WALL 21238057 1 0 1706909328
WALL 21238057 1 0 1706909329
WALL 21238057 1 0 1706909330
WALL 21238057 1 0 1706909331
WALL 21238057 1 0 1706909332
WALL 21238057 1 0 1706909333
WALL 21238057 1 0 1706909334
WALL 21238057 1 0 1706909335
WALL 21238057 1 0 1706909336
WALL 21238057 1 0 1706909337
WALL 21238057 1 0 1706909338
WALL 21238057 1 0 1706909339
WALL 21238057 1 0 1706909340
WALL 21238057 1 0 1706909341
WALL 21238057 1 0 1706909342
WALL 21238057 1 0 1706909343
WALL 21238057 1 0 1706909344
WALL 21238057 1 0 1706909345
WALL 21238057 1 0 1706909346
WALL 21238057 1 0 1706909347
WALL 21238057 1 0 1706909348
WALL 21238057 1 0 1706909349
WALL 21238057 1 0 1706909350
WALL 21238057 1 0 1706909351
WALL 21238057 1 0 1706909352
WALL 21238057 1 0 1706909353
WALL 21238057 1 0 1706909354
WALL 21238057 1 0 1706909355
WALL 21238057 1 0 1706909356
WALL 21238057 1 0 1706909357
WALL 21238057 1 0 1706909358
WALL 21238057 1 0 1706909359
WALL 21238057 1 0 1706909360
WALL 21238057 1 0 1706909361
WALL 21238057 1 0 1706909362
WALL 21238057 1 0 1706909363
WALL 21238057 1 0 1706909364
WALL 21238057 1 0 1706909365
WALL 21238057 1 0 1706909366
WALL 21238057 1 0 1706909367
WALL 21238057 1 0 1706909368
WALL 21238057 1 0 1706909369
WALL 21238057 1 0 1706909370
WALL 21238057 1 0 1706909371
WALL 21238057 1 0 1706909372
WALL 21238057 1 0 1706909373
WALL 21238057 1 0 1706909374
WALL 21238057 1 0 1706909375
WALL 21238057 1 0 1706909376
WALL 21238057 1 0 1706909377
WALL 21238057 1 0 1706909378
WALL 21238057 1 0 1706909379
WALL 21238057 1 0 1706909380
WALL 21238057 1 0 1706909381
WALL 21238057 1 0 1706909382
WALL 21238057 1 0 1706909383
WALL 21238057 1 0 1706909384
WALL 21238057 1 0 1706909385
WALL 21238057 1 0 1706909386
WALL 21238057 1 0 1706909387
WALL 21238057 1 0 1706909388
WALL 21238057 1 0 1706909389
WALL 21238057 1 0 1706909390
WALL 21238057 1 0 1706909391
WALL 21238057 1 0 1706909392
WALL 21238057 1 0 1706909393
WALL 21238057 1 0 1706909394
WALL 21238057 1 0 1706909395
WALL 21238057 1 0 1706909396
WALL 21238057 1 0 1706909397
WALL 21238057 1 0 1706909398
WALL 21238057 1 0 1706909399
WALL 21238057 1 0 1706909400
WALL 21238057 1 0 1706909401
WALL 21238057 1 0 1706909402
WALL 21238057 1 0 1706909403
WALL 21238057 1 0 1706909404
WALL 21238057 1 0 1706909405
WALL 21238057 1 0 1706909406
WALL 21238057 1 0 1706909407
WALL 21238057 1 0 1706909408
WALL 21238057 1 0 1706909409
WALL 21238057 1 0 1706909410
WALL 21238057 1 0 1706909411
WALL 21238057 1 0 1706909412
WALL 21238057 1 0 1706909413
WALL 21238057 1 0 1706909414
WALL 21238057 1 0 1706909415
WALL 21238057 1 0 1706909416
WALL 21238057 1 0 1706909417
WALL 21238057 1 0 1706909418
WALL 21238057 1 0 1706909419
WALL 21238057 1 0 1706909420
WALL 21238057 1 0 1706909421
WALL 21238057 1 0 1706909422
WALL 21238057 1 0 1706909423
WALL 21238057 1 0 1706909424
WALL 21238057 1 0 1706909425
WALL 21238057 1 0 1706909426
WALL 21238057 1 0 1706909427
WALL 21238057 1 0 1706909428
WALL 21238057 1 0 1706909429
WALL 21238057 1 0 1706909430
WALL 21238057 1 0 1706909431
WALL 21238057 1 0 1706909432
WALL 21238057 1 0 1706909433
WALL 21238057 1 0 1706909434
WALL 21238057 1 0 1706909435
WALL 21238057 1 0 1706909436
WALL 21238057 1 0 1706909437
WALL 21238057 1 0 1706909438
WALL 21238057 1 0 1706909439
WALL 21238057 1 0 1706909440
WALL 21238057 1 0 1706909441
WALL 21238057 1 0 1706909442
WALL 21238057 1 0 1706909443
WALL 21238057 1 0 1706909444
WALL 21238057 1 0 1706909445
WALL 21238057 1 0 1706909446
WALL 21238057 1 0 1706909447
WALL 21238057 1 0 1706909448
WALL 21238057 1 0 1706909449
WALL 21238057 1 0 1706909450
WALL 21238057 1 0 1706909451
WALL 21238057 1 0 1706909452
WALL 21238057 1 0 1706909453
WALL 21238057 1 0 1706909454
WALL 21238057 1 0 1706909455
WALL 21238057 1 0 1706909456
WALL 21238057 1 0 1706909457
WALL 21238057 1 0 1706909458
WALL 21238057 1 0 1706909459
WALL 21238057 1 0 1706909460
WALL 21238057 1 0 1706909461
WALL 21238057 1 0 1706909462
WALL 21238057 1 0 1706909463
WALL 21238057 1 0 1706909464
WALL 21238057 1 0 1706909465
WALL 21238057 1 0 1706909466
WALL 21238057 1 0 1706909467
WALL 21238057 1 0 1706909468
WALL 21238057 1 0 1706909469
WALL 21238057 1 0 1706909470
WALL 21238057 1 0 1706909471
WALL 21238057 1 0 1706909472
WALL 21238057 1 0 1706909473
WALL 21238057 1 0 1706909474
WALL 21238057 1 0 1706909475
WALL 21238057 1 0 1706909476
WALL 21238057 1 0 1706909477
WALL 21238057 1 0 1706909478
WALL 21238057 1 0 1706909479
WALL 21238057 1 0 1706909480
WALL 21238057 1 0 1706909481
WALL 21238057 1 0 1706909482
WALL 21238057 1 0 1706909483
WALL 21238057 1 0 1706909484
WALL 21238057 1 0 1706909485
WALL 21238057 1 0 1706909486
WALL 21238057 1 0 1706909487
WALL 21238057 1 0 1706909488
WALL 21238057 1 0 1706909489
WALL 21238057 1 0 1706909490
WALL 21238057 1 0 1706909491
WALL 21238057 1 0 1706909492
WALL 21238057 1 0 1706909493
WALL 21238057 1 0 1706909494
WALL 21238057 1 0 1706909495
WALL 21238057 1 0 1706909496
WALL 21238057 1 0 1706909497
WALL 21238057 1 0 1706909498
WALL 21238057 1 0 1706909499
WALL 21238057 1 0 1706909500
WALL 21238057 1 0 1706909501
WALL 21238057 1 0 1706909502
WALL 21238057 1 0 1706909503
WALL 21238057 1 0 1706909504
WALL 21238057 1 0 1706909505
WALL 21238057 1 0 1706909506
WALL 21238057 1 0 1706909507
WALL 21238057 1 0 1706909508
WALL 21238057 1 0 1706909509
WALL 21238057 1 0 1706909510
WALL 21238057 1 0 1706909511
WALL 21238057 1 0 1706909512
WALL 21238057 1 0 1706909513
WALL 21238057 1 0 1706909514
WALL 21238057 1 0 1706909515
WALL 21238057 1 0 1706909516
WALL 21238057 1 0 1706909517
WALL 21238057 1 0 1706909518
WALL 21238057 1 0 1706909519
WALL 21238057 1 0 1706909520
WALL 21238057 1 0 1706909521
WALL 21238057 1 0 1706909522
WALL 21238057 1 0 1706909523
WALL 21238057 1 0 1706909524
WALL 21238057 1 0 1706909525
WALL 21238057 1 0 1706909526
WALL 21238057 1 0 1706909527
WALL 21238057 1 0 1706909528
WALL 21238057 1 0 1706909529
WALL 21238057 1 0 1706909530
WALL 21238057 1 0 1706909531
WALL 21238057 1 0 1706909532
WALL 21238057 1 0 1706909533
WALL 21238057 1 0 1706909534
WALL 21238057 1 0 1706909535
WALL 21238057 1 0 1706909536
WALL 21238057 1 0 1706909537
WALL 21238057 1 0 1706909538
WALL 21238057 1 0 1706909539
WALL 21238057 1 0 1706909540
WALL 21238057 1 0 1706909541
WALL 21238057 1 0 1706909542
WALL 21238057 1 0 1706909543
WALL 21238057 1 0 1706909544
WALL 21238057 1 0 1706909545
WALL 21238057 1 0 1706909546
WALL 21238057 1 0 1706909547
WALL 21238057 1 0 1706909548
WALL 21238057 1 0 1706909549
WALL 21238057 1 0 1706909550
WALL 21238057 1 0 1706909551
WALL 21238057 1 0 1706909552
WALL 21238057 1 0 1706909553
WALL 21238057 1 0 1706909554
WALL 21238057 1 0 1706909555
WALL 21238057 1 0 1706909556
WALL 21238057 1 0 1706909557
WALL 21238057 1 0 1706909558
WALL 21238057 1 0 1706909559
WALL 21238057 1 0 1706909560
WALL 21238057 1 0 1706909561
WALL 21238057 1 0 1706909562
WALL 21238057 1 0 1706909563
WALL 21238057 1 0 1706909564
WALL 21238057 1 0 1706909565
WALL 21238057 1 0 1706909566
WALL 21238057 1 0 1706909567
WALL 21238057 1 0 1706909568
WALL 21238057 1 0 1706909569
WALL 21238057 1 0 1706909570
WALL 21238057 1 0 1706909571
WALL 21238057 1 0 1706909572
WALL 21238057 1 0 1706909573
WALL 21238057 1 0 1706909574
WALL 21238057 1 0 1706909575
WALL 21238057 1 0 1706909576
WALL 21238057 1 0 1706909577
WALL 21238057 1 0 1706909578
WALL 21238057 1 0 1706909579
WALL 21238057 1 0 1706909580
WALL 21238057 1 0 1706909581
WALL 21238057 1 0 1706909582
WALL 21238057 1 0 1706909583
WALL 21238057 1 0 1706909584
WALL 21238057 1 0 1706909585
WALL 21238057 1 0 1706909586
WALL 21238057 1 0 1706909587
WALL 21238057 1 0 1706909588
WALL 21238057 1 0 1706909589
WALL 21238057 1 0 1706909590
WALL 21238057 1 0 1706909591
WALL 21238057 1 0 1706909592
WALL 21238057 1 0 1706909593
WALL 21238057 1 0 1706909594
WALL 21238057 1 0 1706909595
WALL 21238057 1 0 1706909596
WALL 21238057 1 0 1706909597
WALL 21238057 1 0 1706909598
WALL 21238057 1 0 1706909599
WALL 21238057 1 0 1706909600
WALL 21238057 1 0 1706909601
WALL 21238057 1 0 1706909602
WALL 21238057 1 0 1706909603
WALL 21238057 1 0 1706909604
WALL 21238057 1 0 1706909605
WALL 21238057 1 0 1706909606
WALL 21238057 1 0 1706909607
WALL 21238057 1 0 1706909608
WALL 21238057 1 0 1706909609
WALL 21238057 1 0 1706909610
WALL 21238057 1 0 1706909611
WALL 21238057 1 0 1706909612
WALL 21238057 1 0 1706909613
WALL 21238057 1 0 1706909614
WALL 21238057 1 0 1706909615
WALL 21238057 1 0 1706909616
WALL 21238057 1 0 1706909617
WALL 21238057 1 0 1706909618
WALL 21238057 1 0 1706909619
WALL 21238057 1 0 1706909620
WALL 21238057 1 0 1706909621
WALL 21238057 1 0 1706909622
WALL 21238057 1 0 1706909623
WALL 21238057 1 0 1706909624
WALL 21238057 1 0 1706909625
WALL 21238057 1 0 1706909626
WALL 21238057 1 0 1706909627
WALL 21238057 1 0 1706909628
WALL 21238057 1 0 1706909629
WALL 21238057 1 0 1706909630
WALL 21238057 1 0 1706909631
WALL 21238057 1 0 1706909632
WALL 21238057 1 0 1706909633
WALL 21238057 1 0 1706909634
WALL 21238057 1 0 1706909635
WALL 21238057 1 0 1706909636
WALL 21238057 1 0 1706909637
WALL 21238057 1 0 1706909638
WALL 21238057 1 0 1706909639
WALL 21238057 1 0 1706909640
WALL 21238057 1 0 1706909641
WALL 21238057 1 0 1706909642
WALL 21238057 1 0 1706909643
WALL 21238057 1 0 1706909644
WALL 21238057 1 0 1706909645
WALL 21238057 1 0 1706909646
WALL 21238057 1 0 1706909647
WALL 21238057 1 0 1706909648
WALL 21238057 1 0 1706909649
WALL 21238057 1 0 1706909650
WALL 21238057 1 0 1706909651
WALL 21238057 1 0 1706909652
WALL 21238057 1 0 1706909653
WALL 21238057 1 0 1706909654
WALL 21238057 1 0 1706909655
WALL 21238057 1 0 1706909656
WALL 21238057 1 0 1706909657
WALL 21238057 1 0 1706909658
WALL 21238057 1 0 1706909659
WALL 21238057 1 0 1706909660
WALL 21238057 1 0 1706909661
WALL 21238057 1 0 1706909662
WALL 21238057 1 0 1706909663
WALL 21238057 1 0 1706909664
WALL 21238057 1 0 1706909665
WALL 21238057 1 0 1706909666
WALL 21238057 1 0 1706909667
WALL 21238057 1 0 1706909668
WALL 21238057 1 0 1706909669
WALL 21238057 1 0 1706909670
WALL 21238057 1 0 1706909671
WALL 21238057 1 0 1706909672
WALL 21238057 1 0 1706909673
WALL 21238057 1 0 1706909674
WALL 21238057 1 0 1706909675
WALL 21238057 1 0 1706909676
WALL 21238057 1 0 1706909677
WALL 21238057 1 0 1706909678
WALL 21238057 1 0 1706909679
WALL 21238057 1 0 1706909680
WALL 21238057 1 0 1706909681
WALL 21238057 1 0 1706909682
WALL 21238057 1 0 1706909683
WALL 21238057 1 0 1706909684
WALL 21238057 1 0 1706909685
WALL 21238057 1 0 1706909686
WALL 21238057 1 0 1706909687
WALL 21238057 1 0 1706909688
WALL 21238057 1 0 1706909689
WALL 21238057 1 0 1706909690
WALL 21238057 1 0 1706909691
WALL 21238057 1 0 1706909692
WALL 21238057 1 0 1706909693
WALL 21238057 1 0 1706909694
WALL 21238057 1 0 1706909695
WALL 21238057 1 0 1706909696
WALL 21238057 1 0 1706909697
WALL 21238057 1 0 1706909698
WALL 21238057 1 0 1706909699
WALL 21238057 1 0 1706909700
WALL 21238057 1 0 1706909701
WALL 21238057 1 0 1706909702
WALL 21238057 1 0 1706909703
WALL 21238057 1 0 1706909704
WALL 21238057 1 0 1706909705
WALL 21238057 1 0 1706909706
WALL 21238057 1 0 1706909707
WALL 21238057 1 0 1706909708
WALL 21238057 1 0 1706909709
WALL 21238057 1 0 1706909710
WALL 21238057 1 0 1706909711
WALL 21238057 1 0 1706909712
WALL 21238057 1 0 1706909713
WALL 21238057 1 0 1706909714
WALL 21238057 1 0 1706909715
WALL 21238057 1 0 1706909716
WALL 21238057 1 0 1706909717
WALL 21238057 1 0 1706909718
WALL 21238057 1 0 1706909719
WALL 21238057 1 0 1706909720
WALL 21238057 1 0 1706909721
WALL 21238057 1 0 1706909722
WALL 21238057 1 0 1706909723
WALL 21238057 1 0 1706909724
WALL 21238057 1 0 1706909725
WALL 21238057 1 0 1706909726
WALL 21238057 1 0 1706909727
WALL 21238057 1 0 1706909728
WALL 21238057 1 0 1706909729
WALL 21238057 1 0 1706909730
WALL 21238057 1 0 1706909731
WALL 21238057 1 0 1706909732
WALL 21238057 1 0 1706909733
WALL 21238057 1 0 1706909734
WALL 21238057 1 0 1706909735
WALL 21238057 1 0 1706909736
WALL 21238057 1 0 1706909737
WALL 21238057 1 0 1706909738
WALL 21238057 1 0 1706909739
WALL 21238057 1 0 1706909740
WALL 21238057 1 0 1706909741
WALL 21238057 1 0 1706909742
WALL 21238057 1 0 1706909743
WALL 21238057 1 0 1706909744
WALL 21238057 1 0 1706909745
WALL 21238057 1 0 1706909746
WALL 21238057 1 0 1706909747
WALL 21238057 1 0 1706909748
WALL 21238057 1 0 1706909749
WALL 21238057 1 0 1706909750
WALL 21238057 1 0 1706909751
WALL 21238057 1 0 1706909752
WALL 21238057 1 0 1706909753
WALL 21238057 1 0 1706909754
WALL 21238057 1 0 1706909755
WALL 21238057 1 0 1706909756
WALL 21238057 1 0 1706909757
WALL 21238057 1 0 1706909758
WALL 21238057 1 0 1706909759
WALL 21238057 1 0 1706909760
WALL 21238057 1 0 1706909761
WALL 21238057 1 0 1706909762
WALL 21238057 1 0 1706909763
WALL 21238057 1 0 1706909764
WALL 21238057 1 0 1706909765
WALL 21238057 1 0 1706909766
WALL 21238057 1 0 1706909767
WALL 21238057 1 0 1706909768
WALL 21238057 1 0 1706909769
WALL 21238057 1 0 1706909770
WALL 21238057 1 0 1706909771
WALL 21238057 1 0 1706909772
WALL 21238057 1 0 1706909773
WALL 21238057 1 0 1706909774
WALL 21238057 1 0 1706909775
WALL 21238057 1 0 1706909776
WALL 21238057 1 0 1706909777
WALL 21238057 1 0 1706909778
WALL 21238057 1 0 1706909779
WALL 21238057 1 0 1706909780
WALL 21238057 1 0 1706909781
WALL 21238057 1 0 1706909782
WALL 21238057 1 0 1706909783
WALL 21238057 1 0 1706909784
WALL 21238057 1 0 1706909785
WALL 21238057 1 0 1706909786
WALL 21238057 1 0 1706909787
WALL 21238057 1 0 1706909788
WALL 21238057 1 0 1706909789
WALL 21238057 1 0 1706909790
WALL 21238057 1 0 1706909791
WALL 21238057 1 0 1706909792
WALL 21238057 1 0 1706909793
WALL 21238057 1 0 1706909794
WALL 21238057 1 0 1706909795
WALL 21238057 1 0 1706909796
WALL 21238057 1 0 1706909797
WALL 21238057 1 0 1706909798
WALL 21238057 1 0 1706909799
WALL 21238057 1 0 1706909800
WALL 21238057 1 0 1706909801
WALL 21238057 1 0 1706909802
WALL 21238057 1 0 1706909803
WALL 21238057 1 0 1706909804
WALL 21238057 1 0 1706909805
WALL 21238057 1 0 1706909806
WALL 21238057 1 0 1706909807
WALL 21238057 1 0 1706909808
WALL 21238057 1 0 1706909809
WALL 21238057 1 0 1706909810
WALL 21238057 1 0 1706909811
WALL 21238057 1 0 1706909812
WALL 21238057 1 0 1706909813
WALL 21238057 1 0 1706909814
WALL 21238057 1 0 1706909815
WALL 21238057 1 0 1706909816
WALL 21238057 1 0 1706909817
WALL 21238057 1 0 1706909818
WALL 21238057 1 0 1706909819
WALL 21238057 1 0 1706909820
WALL 21238057 1 0 1706909821
WALL 21238057 1 0 1706909822
WALL 21238057 1 0 1706909823
WALL 21238057 1 0 1706909824
WALL 21238057 1 0 1706909825
WALL 21238057 1 0 1706909826
WALL 21238057 1 0 1706909827
WALL 21238057 1 0 1706909828
WALL 21238057 1 0 1706909829
WALL 21238057 1 0 1706909830
WALL 21238057 1 0 1706909831
WALL 21238057 1 0 1706909832
WALL 21238057 1 0 1706909833
WALL 21238057 1 0 1706909834
WALL 21238057 1 0 1706909835
WALL 21238057 1 0 1706909836
WALL 21238057 1 0 1706909837
WALL 21238057 1 0 1706909838
WALL 21238057 1 0 1706909839
WALL 21238057 1 0 1706909840
WALL 21238057 1 0 1706909841
WALL 21238057 1 0 1706909842
WALL 21238057 1 0 1706909843
WALL 21238057 1 0 1706909844
WALL 21238057 1 0 1706909845
WALL 21238057 1 0 1706909846
WALL 21238057 1 0 1706909847
WALL 21238057 1 0 1706909848
WALL 21238057 1 0 1706909849
WALL 21238057 1 0 1706909850
WALL 21238057 1 0 1706909851
WALL 21238057 1 0 1706909852
WALL 21238057 1 0 1706909853
WALL 21238057 1 0 1706909854
WALL 21238057 1 0 1706909855
WALL 21238057 1 0 1706909856
WALL 21238057 1 0 1706909857
WALL 21238057 1 0 1706909858
WALL 21238057 1 0 1706909859
WALL 21238057 1 0 1706909860
WALL 21238057 1 0 1706909861
WALL 21238057 1 0 1706909862
WALL 21238057 1 0 1706909863
WALL 21238057 1 0 1706909864
WALL 21238057 1 0 1706909865
WALL 21238057 1 0 1706909866
WALL 21238057 1 0 1706909867
WALL 21238057 1 0 1706909868
WALL 21238057 1 0 1706909869
WALL 21238057 1 0 1706909870
WALL 21238057 1 0 1706909871
WALL 21238057 1 0 1706909872
WALL 21238057 1 0 1706909873
WALL 21238057 1 0 1706909874
WALL 21238057 1 0 1706909875
WALL 21238057 1 0 1706909876
WALL 21238057 1 0 1706909877
WALL 21238057 1 0 1706909878
WALL 21238057 1 0 1706909879
WALL 21238057 1 0 1706909880
WALL 21238057 1 0 1706909881
WALL 21238057 1 0 1706909882
WALL 21238057 1 0 1706909883
WALL 21238057 1 0 1706909884
WALL 21238057 1 0 1706909885
WALL 21238057 1 0 1706909886
WALL 21238057 1 0 1706909887
WALL 21238057 1 0 1706909888
WALL 21238057 1 0 1706909889
WALL 21238057 1 0 1706909890
WALL 21238057 1 0 1706909891
WALL 21238057 1 0 1706909892
WALL 21238057 1 0 1706909893
WALL 21238057 1 0 1706909894
WALL 21238057 1 0 1706909895
WALL 21238057 1 0 1706909896
WALL 21238057 1 0 1706909897
WALL 21238057 1 0 1706909898
WALL 21238057 1 0 1706909899
WALL 21238057 1 0 1706909900
WALL 21238057 1 0 1706909901
WALL 21238057 1 0 1706909902
WALL 21238057 1 0 1706909903
WALL 21238057 1 0 1706909904
WALL 21238057 1 0 1706909905
WALL 21238057 1 0 1706909906
WALL 21238057 1 0 1706909907
WALL 21238057 1 0 1706909908
WALL 21238057 1 0 1706909909
WALL 21238057 1 0 1706909910
WALL 21238057 1 0 1706909911
WALL 21238057 1 0 1706909912
WALL 21238057 1 0 1706909913
WALL 21238057 1 0 1706909914
WALL 21238057 1 0 1706909915
WALL 21238057 1 0 1706909916
WALL 21238057 1 0 1706909917
WALL 21238057 1 0 1706909918
WALL 21238057 1 0 1706909919
WALL 21238057 1 0 1706909920
WALL 21238057 1 0 1706909921
received SIGCONT 1706909921
WALL 21238057 1 0 1706909921
slurmstepd: error: *** STEP 21238057.0 ON nid200000 CANCELLED AT 2024-02-02T21:38:41 ***
received SIGTERM 1706909921
WALL 21238057 1 0 1706909921
WALL 21238057 1 0 1706909922
WALL 21238057 1 0 1706909923
WALL 21238057 1 0 1706909924
WALL 21238057 1 0 1706909925
WALL 21238057 1 0 1706909926
WALL 21238057 1 0 1706909927
WALL 21238057 1 0 1706909928
WALL 21238057 1 0 1706909929
WALL 21238057 1 0 1706909930
WALL 21238057 1 0 1706909931
WALL 21238057 1 0 1706909932
WALL 21238057 1 0 1706909933
WALL 21238057 1 0 1706909934
WALL 21238057 1 0 1706909935
WALL 21238057 1 0 1706909936
WALL 21238057 1 0 1706909937
WALL 21238057 1 0 1706909938
WALL 21238057 1 0 1706909939
WALL 21238057 1 0 1706909940
WALL 21238057 1 0 1706909941
WALL 21238057 1 0 1706909942
WALL 21238057 1 0 1706909943
WALL 21238057 1 0 1706909944
WALL 21238057 1 0 1706909945
WALL 21238057 1 0 1706909946
WALL 21238057 1 0 1706909947
WALL 21238057 1 0 1706909948
WALL 21238057 1 0 1706909949
WALL 21238057 1 0 1706909950
WALL 21238057 1 0 1706909951
WALL 21238057 1 0 1706909952
WALL 21238057 1 0 1706909953
WALL 21238057 1 0 1706909954
WALL 21238057 1 0 1706909955
WALL 21238057 1 0 1706909956
WALL 21238057 1 0 1706909957
WALL 21238057 1 0 1706909958
WALL 21238057 1 0 1706909959
WALL 21238057 1 0 1706909960
WALL 21238057 1 0 1706909961
WALL 21238057 1 0 1706909962
WALL 21238057 1 0 1706909963
WALL 21238057 1 0 1706909964
WALL 21238057 1 0 1706909965
WALL 21238057 1 0 1706909966
WALL 21238057 1 0 1706909967
WALL 21238057 1 0 1706909968
WALL 21238057 1 0 1706909969
WALL 21238057 1 0 1706909970
WALL 21238057 1 0 1706909971
WALL 21238057 1 0 1706909972
WALL 21238057 1 0 1706909973
WALL 21238057 1 0 1706909974
WALL 21238057 1 0 1706909975
WALL 21238057 1 0 1706909976
WALL 21238057 1 0 1706909977
WALL 21238057 1 0 1706909978
WALL 21238057 1 0 1706909979
WALL 21238057 1 0 1706909980
WALL 21238057 1 0 1706909981
WALL 21238057 1 0 1706909982
WALL 21238057 1 0 1706909983
WALL 21238057 1 0 1706909984
WALL 21238057 1 0 1706909985
WALL 21238057 1 0 1706909986
WALL 21238057 1 0 1706909987
WALL 21238057 1 0 1706909988
WALL 21238057 1 0 1706909989
WALL 21238057 1 0 1706909990
WALL 21238057 1 0 1706909991
WALL 21238057 1 0 1706909992
WALL 21238057 1 0 1706909993
WALL 21238057 1 0 1706909994
WALL 21238057 1 0 1706909995
WALL 21238057 1 0 1706909996
WALL 21238057 1 0 1706909997
WALL 21238057 1 0 1706909998
WALL 21238057 1 0 1706909999
WALL 21238057 1 0 1706910000
WALL 21238057 1 0 1706910001
WALL 21238057 1 0 1706910002
WALL 21238057 1 0 1706910003
WALL 21238057 1 0 1706910004
WALL 21238057 1 0 1706910005
WALL 21238057 1 0 1706910006
WALL 21238057 1 0 1706910007
WALL 21238057 1 0 1706910008
WALL 21238057 1 0 1706910009
WALL 21238057 1 0 1706910010
WALL 21238057 1 0 1706910011
WALL 21238057 1 0 1706910012
WALL 21238057 1 0 1706910013
WALL 21238057 1 0 1706910014
WALL 21238057 1 0 1706910015
WALL 21238057 1 0 1706910016
WALL 21238057 1 0 1706910017
WALL 21238057 1 0 1706910018
WALL 21238057 1 0 1706910019
WALL 21238057 1 0 1706910020
WALL 21238057 1 0 1706910021
WALL 21238057 1 0 1706910022
WALL 21238057 1 0 1706910023
WALL 21238057 1 0 1706910024
WALL 21238057 1 0 1706910025
WALL 21238057 1 0 1706910026
WALL 21238057 1 0 1706910027
WALL 21238057 1 0 1706910028
WALL 21238057 1 0 1706910029
WALL 21238057 1 0 1706910030
WALL 21238057 1 0 1706910031
WALL 21238057 1 0 1706910032
WALL 21238057 1 0 1706910033
WALL 21238057 1 0 1706910034
WALL 21238057 1 0 1706910035
WALL 21238057 1 0 1706910036
WALL 21238057 1 0 1706910037
WALL 21238057 1 0 1706910038
WALL 21238057 1 0 1706910039
WALL 21238057 1 0 1706910040
WALL 21238057 1 0 1706910041
slurmstepd: error: *** JOB 21238057 ON nid200000 CANCELLED AT 2024-02-02T21:40:41 DUE TO PREEMPTION ***
received SIGTERM 1706910041
WALL 21238057 1 0 1706910041
received SIGCONT 1706910041
WALL 21238057 1 0 1706910041
received SIGTERM 1706910041
WALL 21238057 1 0 1706910041
