WALL 21154841 1 0 1706744563
WALL 21154841 1 0 1706744564
WALL 21154841 1 0 1706744565
WALL 21154841 1 0 1706744566
WALL 21154841 1 0 1706744567
WALL 21154841 1 0 1706744568
WALL 21154841 1 0 1706744569
WALL 21154841 1 0 1706744570
WALL 21154841 1 0 1706744571
WALL 21154841 1 0 1706744572
WALL 21154841 1 0 1706744573
WALL 21154841 1 0 1706744574
WALL 21154841 1 0 1706744575
WALL 21154841 1 0 1706744576
WALL 21154841 1 0 1706744577
WALL 21154841 1 0 1706744578
WALL 21154841 1 0 1706744579
WALL 21154841 1 0 1706744580
WALL 21154841 1 0 1706744581
WALL 21154841 1 0 1706744582
WALL 21154841 1 0 1706744583
WALL 21154841 1 0 1706744584
WALL 21154841 1 0 1706744585
WALL 21154841 1 0 1706744586
WALL 21154841 1 0 1706744587
WALL 21154841 1 0 1706744588
WALL 21154841 1 0 1706744589
WALL 21154841 1 0 1706744590
WALL 21154841 1 0 1706744591
WALL 21154841 1 0 1706744592
WALL 21154841 1 0 1706744593
WALL 21154841 1 0 1706744594
WALL 21154841 1 0 1706744595
WALL 21154841 1 0 1706744596
WALL 21154841 1 0 1706744597
WALL 21154841 1 0 1706744598
WALL 21154841 1 0 1706744599
WALL 21154841 1 0 1706744600
WALL 21154841 1 0 1706744601
WALL 21154841 1 0 1706744602
WALL 21154841 1 0 1706744603
WALL 21154841 1 0 1706744604
WALL 21154841 1 0 1706744605
WALL 21154841 1 0 1706744606
WALL 21154841 1 0 1706744607
WALL 21154841 1 0 1706744608
WALL 21154841 1 0 1706744609
WALL 21154841 1 0 1706744610
WALL 21154841 1 0 1706744611
WALL 21154841 1 0 1706744612
WALL 21154841 1 0 1706744613
WALL 21154841 1 0 1706744614
WALL 21154841 1 0 1706744615
WALL 21154841 1 0 1706744616
WALL 21154841 1 0 1706744617
WALL 21154841 1 0 1706744618
WALL 21154841 1 0 1706744619
WALL 21154841 1 0 1706744620
WALL 21154841 1 0 1706744621
WALL 21154841 1 0 1706744622
WALL 21154841 1 0 1706744623
WALL 21154841 1 0 1706744624
WALL 21154841 1 0 1706744625
WALL 21154841 1 0 1706744626
WALL 21154841 1 0 1706744627
WALL 21154841 1 0 1706744628
WALL 21154841 1 0 1706744629
WALL 21154841 1 0 1706744630
WALL 21154841 1 0 1706744631
WALL 21154841 1 0 1706744632
WALL 21154841 1 0 1706744633
WALL 21154841 1 0 1706744634
WALL 21154841 1 0 1706744635
WALL 21154841 1 0 1706744636
WALL 21154841 1 0 1706744637
WALL 21154841 1 0 1706744638
WALL 21154841 1 0 1706744639
WALL 21154841 1 0 1706744640
WALL 21154841 1 0 1706744641
WALL 21154841 1 0 1706744642
WALL 21154841 1 0 1706744643
WALL 21154841 1 0 1706744644
WALL 21154841 1 0 1706744645
WALL 21154841 1 0 1706744646
WALL 21154841 1 0 1706744647
WALL 21154841 1 0 1706744648
WALL 21154841 1 0 1706744649
WALL 21154841 1 0 1706744650
WALL 21154841 1 0 1706744651
WALL 21154841 1 0 1706744652
WALL 21154841 1 0 1706744653
WALL 21154841 1 0 1706744654
WALL 21154841 1 0 1706744655
WALL 21154841 1 0 1706744656
WALL 21154841 1 0 1706744657
WALL 21154841 1 0 1706744658
WALL 21154841 1 0 1706744659
WALL 21154841 1 0 1706744660
WALL 21154841 1 0 1706744661
WALL 21154841 1 0 1706744662
WALL 21154841 1 0 1706744663
WALL 21154841 1 0 1706744664
WALL 21154841 1 0 1706744665
WALL 21154841 1 0 1706744666
WALL 21154841 1 0 1706744667
WALL 21154841 1 0 1706744668
WALL 21154841 1 0 1706744669
WALL 21154841 1 0 1706744670
WALL 21154841 1 0 1706744671
WALL 21154841 1 0 1706744672
WALL 21154841 1 0 1706744673
WALL 21154841 1 0 1706744674
WALL 21154841 1 0 1706744675
WALL 21154841 1 0 1706744676
WALL 21154841 1 0 1706744677
WALL 21154841 1 0 1706744678
WALL 21154841 1 0 1706744679
WALL 21154841 1 0 1706744680
WALL 21154841 1 0 1706744681
WALL 21154841 1 0 1706744682
WALL 21154841 1 0 1706744683
WALL 21154841 1 0 1706744684
WALL 21154841 1 0 1706744685
WALL 21154841 1 0 1706744686
WALL 21154841 1 0 1706744687
WALL 21154841 1 0 1706744688
WALL 21154841 1 0 1706744689
WALL 21154841 1 0 1706744690
WALL 21154841 1 0 1706744691
WALL 21154841 1 0 1706744692
WALL 21154841 1 0 1706744693
WALL 21154841 1 0 1706744694
WALL 21154841 1 0 1706744695
WALL 21154841 1 0 1706744696
WALL 21154841 1 0 1706744697
WALL 21154841 1 0 1706744698
WALL 21154841 1 0 1706744699
WALL 21154841 1 0 1706744700
WALL 21154841 1 0 1706744701
WALL 21154841 1 0 1706744702
WALL 21154841 1 0 1706744703
WALL 21154841 1 0 1706744704
WALL 21154841 1 0 1706744705
WALL 21154841 1 0 1706744706
WALL 21154841 1 0 1706744707
WALL 21154841 1 0 1706744708
WALL 21154841 1 0 1706744709
WALL 21154841 1 0 1706744710
WALL 21154841 1 0 1706744711
WALL 21154841 1 0 1706744712
WALL 21154841 1 0 1706744713
WALL 21154841 1 0 1706744714
WALL 21154841 1 0 1706744715
WALL 21154841 1 0 1706744716
received SIGCONT 1706744717
WALL 21154841 1 0 1706744717
slurmstepd: error: *** STEP 21154841.0 ON nid200043 CANCELLED AT 2024-01-31T23:45:17 ***
received SIGTERM 1706744717
WALL 21154841 1 0 1706744717
WALL 21154841 1 0 1706744718
WALL 21154841 1 0 1706744719
WALL 21154841 1 0 1706744720
WALL 21154841 1 0 1706744721
WALL 21154841 1 0 1706744722
WALL 21154841 1 0 1706744723
WALL 21154841 1 0 1706744724
WALL 21154841 1 0 1706744725
WALL 21154841 1 0 1706744726
WALL 21154841 1 0 1706744727
WALL 21154841 1 0 1706744728
WALL 21154841 1 0 1706744729
WALL 21154841 1 0 1706744730
WALL 21154841 1 0 1706744731
WALL 21154841 1 0 1706744732
WALL 21154841 1 0 1706744733
WALL 21154841 1 0 1706744734
WALL 21154841 1 0 1706744735
WALL 21154841 1 0 1706744736
WALL 21154841 1 0 1706744737
WALL 21154841 1 0 1706744738
WALL 21154841 1 0 1706744739
WALL 21154841 1 0 1706744740
WALL 21154841 1 0 1706744741
WALL 21154841 1 0 1706744742
WALL 21154841 1 0 1706744743
WALL 21154841 1 0 1706744744
WALL 21154841 1 0 1706744745
WALL 21154841 1 0 1706744746
WALL 21154841 1 0 1706744747
WALL 21154841 1 0 1706744748
WALL 21154841 1 0 1706744749
WALL 21154841 1 0 1706744750
WALL 21154841 1 0 1706744751
WALL 21154841 1 0 1706744752
WALL 21154841 1 0 1706744753
WALL 21154841 1 0 1706744754
WALL 21154841 1 0 1706744755
WALL 21154841 1 0 1706744756
WALL 21154841 1 0 1706744757
WALL 21154841 1 0 1706744758
WALL 21154841 1 0 1706744759
WALL 21154841 1 0 1706744760
WALL 21154841 1 0 1706744761
WALL 21154841 1 0 1706744762
WALL 21154841 1 0 1706744763
WALL 21154841 1 0 1706744764
WALL 21154841 1 0 1706744765
WALL 21154841 1 0 1706744766
WALL 21154841 1 0 1706744767
WALL 21154841 1 0 1706744768
WALL 21154841 1 0 1706744769
WALL 21154841 1 0 1706744770
WALL 21154841 1 0 1706744771
WALL 21154841 1 0 1706744772
WALL 21154841 1 0 1706744773
WALL 21154841 1 0 1706744774
WALL 21154841 1 0 1706744775
WALL 21154841 1 0 1706744776
WALL 21154841 1 0 1706744777
WALL 21154841 1 0 1706744778
WALL 21154841 1 0 1706744779
WALL 21154841 1 0 1706744780
WALL 21154841 1 0 1706744781
WALL 21154841 1 0 1706744782
WALL 21154841 1 0 1706744783
WALL 21154841 1 0 1706744784
WALL 21154841 1 0 1706744785
WALL 21154841 1 0 1706744786
WALL 21154841 1 0 1706744787
WALL 21154841 1 0 1706744788
WALL 21154841 1 0 1706744789
WALL 21154841 1 0 1706744790
slurmstepd: error: *** JOB 21154841 ON nid200043 CANCELLED AT 2024-01-31T23:46:30 DUE TO PREEMPTION ***
srun: Job step aborted: Waiting up to 32 seconds for job step to finish.
received SIGTERM 1706744790
WALL 21154841 1 0 1706744790
received SIGCONT 1706744790
WALL 21154841 1 0 1706744790
received SIGTERM 1706744790
WALL 21154841 1 0 1706744790
