WALL 21088978 1 0 1706661287
WALL 21088978 1 0 1706661288
WALL 21088978 1 0 1706661289
WALL 21088978 1 0 1706661290
WALL 21088978 1 0 1706661291
WALL 21088978 1 0 1706661292
WALL 21088978 1 0 1706661293
WALL 21088978 1 0 1706661294
WALL 21088978 1 0 1706661295
WALL 21088978 1 0 1706661296
WALL 21088978 1 0 1706661297
WALL 21088978 1 0 1706661298
WALL 21088978 1 0 1706661299
WALL 21088978 1 0 1706661300
WALL 21088978 1 0 1706661301
WALL 21088978 1 0 1706661302
WALL 21088978 1 0 1706661303
WALL 21088978 1 0 1706661304
WALL 21088978 1 0 1706661305
WALL 21088978 1 0 1706661306
WALL 21088978 1 0 1706661307
WALL 21088978 1 0 1706661308
WALL 21088978 1 0 1706661309
WALL 21088978 1 0 1706661310
WALL 21088978 1 0 1706661311
WALL 21088978 1 0 1706661312
WALL 21088978 1 0 1706661313
WALL 21088978 1 0 1706661314
WALL 21088978 1 0 1706661315
WALL 21088978 1 0 1706661316
WALL 21088978 1 0 1706661317
WALL 21088978 1 0 1706661318
WALL 21088978 1 0 1706661319
WALL 21088978 1 0 1706661320
WALL 21088978 1 0 1706661321
WALL 21088978 1 0 1706661322
WALL 21088978 1 0 1706661323
WALL 21088978 1 0 1706661324
WALL 21088978 1 0 1706661325
WALL 21088978 1 0 1706661326
WALL 21088978 1 0 1706661327
WALL 21088978 1 0 1706661328
WALL 21088978 1 0 1706661329
WALL 21088978 1 0 1706661330
WALL 21088978 1 0 1706661331
WALL 21088978 1 0 1706661332
WALL 21088978 1 0 1706661333
WALL 21088978 1 0 1706661334
WALL 21088978 1 0 1706661335
WALL 21088978 1 0 1706661336
WALL 21088978 1 0 1706661337
WALL 21088978 1 0 1706661338
WALL 21088978 1 0 1706661339
WALL 21088978 1 0 1706661340
WALL 21088978 1 0 1706661341
WALL 21088978 1 0 1706661342
WALL 21088978 1 0 1706661343
WALL 21088978 1 0 1706661344
WALL 21088978 1 0 1706661345
WALL 21088978 1 0 1706661346
WALL 21088978 1 0 1706661347
WALL 21088978 1 0 1706661348
WALL 21088978 1 0 1706661349
WALL 21088978 1 0 1706661350
WALL 21088978 1 0 1706661351
WALL 21088978 1 0 1706661352
WALL 21088978 1 0 1706661353
WALL 21088978 1 0 1706661354
WALL 21088978 1 0 1706661355
WALL 21088978 1 0 1706661356
WALL 21088978 1 0 1706661357
WALL 21088978 1 0 1706661358
WALL 21088978 1 0 1706661359
WALL 21088978 1 0 1706661360
WALL 21088978 1 0 1706661361
WALL 21088978 1 0 1706661362
WALL 21088978 1 0 1706661363
WALL 21088978 1 0 1706661364
WALL 21088978 1 0 1706661365
WALL 21088978 1 0 1706661366
WALL 21088978 1 0 1706661367
WALL 21088978 1 0 1706661368
WALL 21088978 1 0 1706661369
WALL 21088978 1 0 1706661370
WALL 21088978 1 0 1706661371
WALL 21088978 1 0 1706661372
WALL 21088978 1 0 1706661373
WALL 21088978 1 0 1706661374
WALL 21088978 1 0 1706661375
WALL 21088978 1 0 1706661376
WALL 21088978 1 0 1706661377
WALL 21088978 1 0 1706661378
WALL 21088978 1 0 1706661379
WALL 21088978 1 0 1706661380
WALL 21088978 1 0 1706661381
WALL 21088978 1 0 1706661382
WALL 21088978 1 0 1706661383
WALL 21088978 1 0 1706661384
WALL 21088978 1 0 1706661385
WALL 21088978 1 0 1706661386
WALL 21088978 1 0 1706661387
WALL 21088978 1 0 1706661388
WALL 21088978 1 0 1706661389
WALL 21088978 1 0 1706661390
WALL 21088978 1 0 1706661391
WALL 21088978 1 0 1706661392
WALL 21088978 1 0 1706661393
WALL 21088978 1 0 1706661394
WALL 21088978 1 0 1706661395
WALL 21088978 1 0 1706661396
WALL 21088978 1 0 1706661397
WALL 21088978 1 0 1706661398
WALL 21088978 1 0 1706661399
WALL 21088978 1 0 1706661400
WALL 21088978 1 0 1706661401
WALL 21088978 1 0 1706661402
WALL 21088978 1 0 1706661403
WALL 21088978 1 0 1706661404
WALL 21088978 1 0 1706661405
WALL 21088978 1 0 1706661406
WALL 21088978 1 0 1706661407
WALL 21088978 1 0 1706661408
WALL 21088978 1 0 1706661409
WALL 21088978 1 0 1706661410
WALL 21088978 1 0 1706661411
WALL 21088978 1 0 1706661412
WALL 21088978 1 0 1706661413
WALL 21088978 1 0 1706661414
WALL 21088978 1 0 1706661415
WALL 21088978 1 0 1706661416
WALL 21088978 1 0 1706661417
slurmstepd: error: *** STEP 21088978.0 ON nid200195 CANCELLED AT 2024-01-31T00:36:57 ***
received SIGTERM 1706661417
WALL 21088978 1 0 1706661417
received SIGCONT 1706661417
WALL 21088978 1 0 1706661417
WALL 21088978 1 0 1706661418
WALL 21088978 1 0 1706661419
WALL 21088978 1 0 1706661420
WALL 21088978 1 0 1706661421
WALL 21088978 1 0 1706661422
WALL 21088978 1 0 1706661423
WALL 21088978 1 0 1706661424
WALL 21088978 1 0 1706661425
WALL 21088978 1 0 1706661426
WALL 21088978 1 0 1706661427
WALL 21088978 1 0 1706661428
WALL 21088978 1 0 1706661429
WALL 21088978 1 0 1706661430
WALL 21088978 1 0 1706661431
WALL 21088978 1 0 1706661432
WALL 21088978 1 0 1706661433
WALL 21088978 1 0 1706661434
WALL 21088978 1 0 1706661435
WALL 21088978 1 0 1706661436
WALL 21088978 1 0 1706661437
WALL 21088978 1 0 1706661438
WALL 21088978 1 0 1706661439
WALL 21088978 1 0 1706661440
WALL 21088978 1 0 1706661441
WALL 21088978 1 0 1706661442
WALL 21088978 1 0 1706661443
WALL 21088978 1 0 1706661444
WALL 21088978 1 0 1706661445
WALL 21088978 1 0 1706661446
WALL 21088978 1 0 1706661447
WALL 21088978 1 0 1706661448
WALL 21088978 1 0 1706661449
WALL 21088978 1 0 1706661450
WALL 21088978 1 0 1706661451
WALL 21088978 1 0 1706661452
WALL 21088978 1 0 1706661453
WALL 21088978 1 0 1706661454
WALL 21088978 1 0 1706661455
WALL 21088978 1 0 1706661456
WALL 21088978 1 0 1706661457
WALL 21088978 1 0 1706661458
WALL 21088978 1 0 1706661459
WALL 21088978 1 0 1706661460
WALL 21088978 1 0 1706661461
WALL 21088978 1 0 1706661462
WALL 21088978 1 0 1706661463
WALL 21088978 1 0 1706661464
WALL 21088978 1 0 1706661465
WALL 21088978 1 0 1706661466
WALL 21088978 1 0 1706661467
WALL 21088978 1 0 1706661468
WALL 21088978 1 0 1706661469
WALL 21088978 1 0 1706661470
WALL 21088978 1 0 1706661471
WALL 21088978 1 0 1706661472
WALL 21088978 1 0 1706661473
WALL 21088978 1 0 1706661474
WALL 21088978 1 0 1706661475
WALL 21088978 1 0 1706661476
WALL 21088978 1 0 1706661477
WALL 21088978 1 0 1706661478
WALL 21088978 1 0 1706661479
WALL 21088978 1 0 1706661480
WALL 21088978 1 0 1706661481
WALL 21088978 1 0 1706661482
WALL 21088978 1 0 1706661483
WALL 21088978 1 0 1706661484
WALL 21088978 1 0 1706661485
WALL 21088978 1 0 1706661486
WALL 21088978 1 0 1706661487
WALL 21088978 1 0 1706661488
WALL 21088978 1 0 1706661489
WALL 21088978 1 0 1706661490
WALL 21088978 1 0 1706661491
WALL 21088978 1 0 1706661492
WALL 21088978 1 0 1706661493
WALL 21088978 1 0 1706661494
slurmstepd: error: *** JOB 21088978 ON nid200195 CANCELLED AT 2024-01-31T00:38:15 DUE TO PREEMPTION ***
received SIGTERM 1706661495
WALL 21088978 1 0 1706661495
received SIGCONT 1706661495
WALL 21088978 1 0 1706661495
received SIGTERM 1706661495
WALL 21088978 1 0 1706661495
