WALL 21203950 1 0 1706818216
WALL 21203950 1 0 1706818217
WALL 21203950 1 0 1706818218
WALL 21203950 1 0 1706818219
WALL 21203950 1 0 1706818220
WALL 21203950 1 0 1706818221
WALL 21203950 1 0 1706818222
WALL 21203950 1 0 1706818223
WALL 21203950 1 0 1706818224
WALL 21203950 1 0 1706818225
WALL 21203950 1 0 1706818226
WALL 21203950 1 0 1706818227
WALL 21203950 1 0 1706818228
WALL 21203950 1 0 1706818229
WALL 21203950 1 0 1706818230
WALL 21203950 1 0 1706818231
WALL 21203950 1 0 1706818232
WALL 21203950 1 0 1706818233
WALL 21203950 1 0 1706818234
WALL 21203950 1 0 1706818235
WALL 21203950 1 0 1706818236
WALL 21203950 1 0 1706818237
WALL 21203950 1 0 1706818238
WALL 21203950 1 0 1706818239
WALL 21203950 1 0 1706818240
WALL 21203950 1 0 1706818241
WALL 21203950 1 0 1706818242
WALL 21203950 1 0 1706818243
WALL 21203950 1 0 1706818244
WALL 21203950 1 0 1706818245
WALL 21203950 1 0 1706818246
WALL 21203950 1 0 1706818247
WALL 21203950 1 0 1706818248
WALL 21203950 1 0 1706818249
WALL 21203950 1 0 1706818250
WALL 21203950 1 0 1706818251
WALL 21203950 1 0 1706818252
WALL 21203950 1 0 1706818253
WALL 21203950 1 0 1706818254
WALL 21203950 1 0 1706818255
WALL 21203950 1 0 1706818256
WALL 21203950 1 0 1706818257
WALL 21203950 1 0 1706818258
WALL 21203950 1 0 1706818259
WALL 21203950 1 0 1706818260
WALL 21203950 1 0 1706818261
received SIGCONT 1706818262
WALL 21203950 1 0 1706818262
slurmstepd: error: *** STEP 21203950.0 ON nid200209 CANCELLED AT 2024-02-01T20:11:02 ***
received SIGTERM 1706818262
WALL 21203950 1 0 1706818262
WALL 21203950 1 0 1706818263
WALL 21203950 1 0 1706818264
WALL 21203950 1 0 1706818265
WALL 21203950 1 0 1706818266
WALL 21203950 1 0 1706818267
WALL 21203950 1 0 1706818268
WALL 21203950 1 0 1706818269
WALL 21203950 1 0 1706818270
WALL 21203950 1 0 1706818271
WALL 21203950 1 0 1706818272
WALL 21203950 1 0 1706818273
WALL 21203950 1 0 1706818274
WALL 21203950 1 0 1706818275
WALL 21203950 1 0 1706818276
WALL 21203950 1 0 1706818277
WALL 21203950 1 0 1706818278
WALL 21203950 1 0 1706818279
WALL 21203950 1 0 1706818280
WALL 21203950 1 0 1706818281
WALL 21203950 1 0 1706818282
WALL 21203950 1 0 1706818283
WALL 21203950 1 0 1706818284
WALL 21203950 1 0 1706818285
WALL 21203950 1 0 1706818286
WALL 21203950 1 0 1706818287
WALL 21203950 1 0 1706818288
WALL 21203950 1 0 1706818289
WALL 21203950 1 0 1706818290
WALL 21203950 1 0 1706818291
WALL 21203950 1 0 1706818292
WALL 21203950 1 0 1706818293
WALL 21203950 1 0 1706818294
WALL 21203950 1 0 1706818295
WALL 21203950 1 0 1706818296
WALL 21203950 1 0 1706818297
WALL 21203950 1 0 1706818298
WALL 21203950 1 0 1706818299
WALL 21203950 1 0 1706818300
WALL 21203950 1 0 1706818301
WALL 21203950 1 0 1706818302
WALL 21203950 1 0 1706818303
WALL 21203950 1 0 1706818304
WALL 21203950 1 0 1706818305
WALL 21203950 1 0 1706818306
WALL 21203950 1 0 1706818307
WALL 21203950 1 0 1706818308
WALL 21203950 1 0 1706818309
WALL 21203950 1 0 1706818310
WALL 21203950 1 0 1706818311
WALL 21203950 1 0 1706818312
WALL 21203950 1 0 1706818313
WALL 21203950 1 0 1706818314
WALL 21203950 1 0 1706818315
WALL 21203950 1 0 1706818316
WALL 21203950 1 0 1706818317
WALL 21203950 1 0 1706818318
WALL 21203950 1 0 1706818319
WALL 21203950 1 0 1706818320
WALL 21203950 1 0 1706818321
WALL 21203950 1 0 1706818322
WALL 21203950 1 0 1706818323
WALL 21203950 1 0 1706818324
WALL 21203950 1 0 1706818325
WALL 21203950 1 0 1706818326
WALL 21203950 1 0 1706818327
WALL 21203950 1 0 1706818328
WALL 21203950 1 0 1706818329
WALL 21203950 1 0 1706818330
WALL 21203950 1 0 1706818331
slurmstepd: error: *** JOB 21203950 ON nid200209 CANCELLED AT 2024-02-01T20:12:11 DUE TO PREEMPTION ***
received SIGTERM 1706818331
WALL 21203950 1 0 1706818331
received SIGCONT 1706818331
WALL 21203950 1 0 1706818331
received SIGTERM 1706818331
WALL 21203950 1 0 1706818331
