WALL 21086768 1 0 1706655783
WALL 21086768 1 0 1706655784
slurmstepd: error: *** STEP 21086768.0 ON nid200079 CANCELLED AT 2024-01-30T23:03:05 ***
received SIGCONT 1706655785
WALL 21086768 1 0 1706655785
received SIGTERM 1706655785
WALL 21086768 1 0 1706655785
WALL 21086768 1 0 1706655786
WALL 21086768 1 0 1706655787
WALL 21086768 1 0 1706655788
WALL 21086768 1 0 1706655789
WALL 21086768 1 0 1706655790
WALL 21086768 1 0 1706655791
WALL 21086768 1 0 1706655792
WALL 21086768 1 0 1706655793
WALL 21086768 1 0 1706655794
WALL 21086768 1 0 1706655795
WALL 21086768 1 0 1706655796
WALL 21086768 1 0 1706655797
WALL 21086768 1 0 1706655798
WALL 21086768 1 0 1706655799
WALL 21086768 1 0 1706655800
WALL 21086768 1 0 1706655801
WALL 21086768 1 0 1706655802
WALL 21086768 1 0 1706655803
WALL 21086768 1 0 1706655804
WALL 21086768 1 0 1706655805
WALL 21086768 1 0 1706655806
WALL 21086768 1 0 1706655807
WALL 21086768 1 0 1706655808
WALL 21086768 1 0 1706655809
WALL 21086768 1 0 1706655810
WALL 21086768 1 0 1706655811
WALL 21086768 1 0 1706655812
WALL 21086768 1 0 1706655813
WALL 21086768 1 0 1706655814
WALL 21086768 1 0 1706655815
WALL 21086768 1 0 1706655816
WALL 21086768 1 0 1706655817
WALL 21086768 1 0 1706655818
WALL 21086768 1 0 1706655819
WALL 21086768 1 0 1706655820
WALL 21086768 1 0 1706655821
WALL 21086768 1 0 1706655822
WALL 21086768 1 0 1706655823
WALL 21086768 1 0 1706655824
WALL 21086768 1 0 1706655825
WALL 21086768 1 0 1706655826
WALL 21086768 1 0 1706655827
WALL 21086768 1 0 1706655828
WALL 21086768 1 0 1706655829
WALL 21086768 1 0 1706655830
WALL 21086768 1 0 1706655831
WALL 21086768 1 0 1706655832
WALL 21086768 1 0 1706655833
WALL 21086768 1 0 1706655834
WALL 21086768 1 0 1706655835
WALL 21086768 1 0 1706655836
WALL 21086768 1 0 1706655837
WALL 21086768 1 0 1706655838
WALL 21086768 1 0 1706655839
WALL 21086768 1 0 1706655840
WALL 21086768 1 0 1706655841
WALL 21086768 1 0 1706655842
WALL 21086768 1 0 1706655843
WALL 21086768 1 0 1706655844
WALL 21086768 1 0 1706655845
WALL 21086768 1 0 1706655846
WALL 21086768 1 0 1706655847
WALL 21086768 1 0 1706655848
WALL 21086768 1 0 1706655849
WALL 21086768 1 0 1706655850
WALL 21086768 1 0 1706655851
WALL 21086768 1 0 1706655852
WALL 21086768 1 0 1706655853
WALL 21086768 1 0 1706655854
WALL 21086768 1 0 1706655855
WALL 21086768 1 0 1706655856
WALL 21086768 1 0 1706655857
WALL 21086768 1 0 1706655858
WALL 21086768 1 0 1706655859
WALL 21086768 1 0 1706655860
WALL 21086768 1 0 1706655861
WALL 21086768 1 0 1706655862
WALL 21086768 1 0 1706655863
WALL 21086768 1 0 1706655864
WALL 21086768 1 0 1706655865
WALL 21086768 1 0 1706655866
WALL 21086768 1 0 1706655867
WALL 21086768 1 0 1706655868
WALL 21086768 1 0 1706655869
WALL 21086768 1 0 1706655870
slurmstepd: error: *** JOB 21086768 ON nid200079 CANCELLED AT 2024-01-30T23:04:31 DUE TO PREEMPTION ***
received SIGTERM 1706655871
WALL 21086768 1 0 1706655871
srun: Job step aborted: Waiting up to 32 seconds for job step to finish.
received SIGCONT 1706655871
WALL 21086768 1 0 1706655871
received SIGTERM 1706655871
WALL 21086768 1 0 1706655871
