WALL 21202397 1 0 1706817213
WALL 21202397 1 0 1706817214
WALL 21202397 1 0 1706817215
WALL 21202397 1 0 1706817216
WALL 21202397 1 0 1706817217
WALL 21202397 1 0 1706817218
WALL 21202397 1 0 1706817219
WALL 21202397 1 0 1706817220
WALL 21202397 1 0 1706817221
WALL 21202397 1 0 1706817222
WALL 21202397 1 0 1706817223
WALL 21202397 1 0 1706817224
WALL 21202397 1 0 1706817225
WALL 21202397 1 0 1706817226
WALL 21202397 1 0 1706817227
WALL 21202397 1 0 1706817228
WALL 21202397 1 0 1706817229
WALL 21202397 1 0 1706817230
WALL 21202397 1 0 1706817231
WALL 21202397 1 0 1706817232
WALL 21202397 1 0 1706817233
WALL 21202397 1 0 1706817234
WALL 21202397 1 0 1706817235
WALL 21202397 1 0 1706817236
WALL 21202397 1 0 1706817237
WALL 21202397 1 0 1706817238
WALL 21202397 1 0 1706817239
WALL 21202397 1 0 1706817240
WALL 21202397 1 0 1706817241
WALL 21202397 1 0 1706817242
WALL 21202397 1 0 1706817243
WALL 21202397 1 0 1706817244
WALL 21202397 1 0 1706817245
WALL 21202397 1 0 1706817246
WALL 21202397 1 0 1706817247
WALL 21202397 1 0 1706817248
WALL 21202397 1 0 1706817249
WALL 21202397 1 0 1706817250
WALL 21202397 1 0 1706817251
WALL 21202397 1 0 1706817252
WALL 21202397 1 0 1706817253
WALL 21202397 1 0 1706817254
WALL 21202397 1 0 1706817255
WALL 21202397 1 0 1706817256
WALL 21202397 1 0 1706817257
WALL 21202397 1 0 1706817258
WALL 21202397 1 0 1706817259
WALL 21202397 1 0 1706817260
WALL 21202397 1 0 1706817261
WALL 21202397 1 0 1706817262
WALL 21202397 1 0 1706817263
WALL 21202397 1 0 1706817264
WALL 21202397 1 0 1706817265
WALL 21202397 1 0 1706817266
WALL 21202397 1 0 1706817267
WALL 21202397 1 0 1706817268
slurmstepd: error: *** STEP 21202397.0 ON nid200183 CANCELLED AT 2024-02-01T19:54:28 DUE TO PREEMPTION ***
slurmstepd: error: *** JOB 21202397 ON nid200183 CANCELLED AT 2024-02-01T19:54:28 DUE TO PREEMPTION ***
received SIGTERM 1706817268
WALL 21202397 1 0 1706817268
received SIGCONT 1706817268
WALL 21202397 1 0 1706817268
received SIGTERM 1706817268
WALL 21202397 1 0 1706817268
