WALL 21089038 1 0 1706661408
WALL 21089038 1 0 1706661409
WALL 21089038 1 0 1706661410
WALL 21089038 1 0 1706661411
WALL 21089038 1 0 1706661412
WALL 21089038 1 0 1706661413
WALL 21089038 1 0 1706661414
WALL 21089038 1 0 1706661415
WALL 21089038 1 0 1706661416
WALL 21089038 1 0 1706661417
WALL 21089038 1 0 1706661418
WALL 21089038 1 0 1706661419
WALL 21089038 1 0 1706661420
WALL 21089038 1 0 1706661421
WALL 21089038 1 0 1706661422
WALL 21089038 1 0 1706661423
WALL 21089038 1 0 1706661424
WALL 21089038 1 0 1706661425
WALL 21089038 1 0 1706661426
WALL 21089038 1 0 1706661427
WALL 21089038 1 0 1706661428
WALL 21089038 1 0 1706661429
WALL 21089038 1 0 1706661430
WALL 21089038 1 0 1706661431
WALL 21089038 1 0 1706661432
WALL 21089038 1 0 1706661433
WALL 21089038 1 0 1706661434
WALL 21089038 1 0 1706661435
WALL 21089038 1 0 1706661436
WALL 21089038 1 0 1706661437
WALL 21089038 1 0 1706661438
WALL 21089038 1 0 1706661439
WALL 21089038 1 0 1706661440
WALL 21089038 1 0 1706661441
WALL 21089038 1 0 1706661442
WALL 21089038 1 0 1706661443
WALL 21089038 1 0 1706661444
WALL 21089038 1 0 1706661445
WALL 21089038 1 0 1706661446
WALL 21089038 1 0 1706661447
WALL 21089038 1 0 1706661448
WALL 21089038 1 0 1706661449
WALL 21089038 1 0 1706661450
WALL 21089038 1 0 1706661451
WALL 21089038 1 0 1706661452
WALL 21089038 1 0 1706661453
WALL 21089038 1 0 1706661454
WALL 21089038 1 0 1706661455
WALL 21089038 1 0 1706661456
WALL 21089038 1 0 1706661457
WALL 21089038 1 0 1706661458
WALL 21089038 1 0 1706661459
WALL 21089038 1 0 1706661460
WALL 21089038 1 0 1706661461
WALL 21089038 1 0 1706661462
WALL 21089038 1 0 1706661463
WALL 21089038 1 0 1706661464
WALL 21089038 1 0 1706661465
WALL 21089038 1 0 1706661466
WALL 21089038 1 0 1706661467
WALL 21089038 1 0 1706661468
WALL 21089038 1 0 1706661469
WALL 21089038 1 0 1706661470
WALL 21089038 1 0 1706661471
WALL 21089038 1 0 1706661472
WALL 21089038 1 0 1706661473
WALL 21089038 1 0 1706661474
WALL 21089038 1 0 1706661475
WALL 21089038 1 0 1706661476
WALL 21089038 1 0 1706661477
WALL 21089038 1 0 1706661478
WALL 21089038 1 0 1706661479
WALL 21089038 1 0 1706661480
WALL 21089038 1 0 1706661481
WALL 21089038 1 0 1706661482
WALL 21089038 1 0 1706661483
WALL 21089038 1 0 1706661484
WALL 21089038 1 0 1706661485
WALL 21089038 1 0 1706661486
WALL 21089038 1 0 1706661487
WALL 21089038 1 0 1706661488
WALL 21089038 1 0 1706661489
WALL 21089038 1 0 1706661490
WALL 21089038 1 0 1706661491
WALL 21089038 1 0 1706661492
WALL 21089038 1 0 1706661493
WALL 21089038 1 0 1706661494
WALL 21089038 1 0 1706661495
WALL 21089038 1 0 1706661496
WALL 21089038 1 0 1706661497
WALL 21089038 1 0 1706661498
WALL 21089038 1 0 1706661499
WALL 21089038 1 0 1706661500
WALL 21089038 1 0 1706661501
WALL 21089038 1 0 1706661502
WALL 21089038 1 0 1706661503
WALL 21089038 1 0 1706661504
WALL 21089038 1 0 1706661505
WALL 21089038 1 0 1706661506
WALL 21089038 1 0 1706661507
WALL 21089038 1 0 1706661508
WALL 21089038 1 0 1706661509
WALL 21089038 1 0 1706661510
WALL 21089038 1 0 1706661511
WALL 21089038 1 0 1706661512
WALL 21089038 1 0 1706661513
WALL 21089038 1 0 1706661514
WALL 21089038 1 0 1706661515
WALL 21089038 1 0 1706661516
WALL 21089038 1 0 1706661517
WALL 21089038 1 0 1706661518
WALL 21089038 1 0 1706661519
WALL 21089038 1 0 1706661520
WALL 21089038 1 0 1706661521
WALL 21089038 1 0 1706661522
WALL 21089038 1 0 1706661523
WALL 21089038 1 0 1706661524
WALL 21089038 1 0 1706661525
WALL 21089038 1 0 1706661526
WALL 21089038 1 0 1706661527
WALL 21089038 1 0 1706661528
WALL 21089038 1 0 1706661529
WALL 21089038 1 0 1706661530
WALL 21089038 1 0 1706661531
WALL 21089038 1 0 1706661532
WALL 21089038 1 0 1706661533
WALL 21089038 1 0 1706661534
WALL 21089038 1 0 1706661535
WALL 21089038 1 0 1706661536
WALL 21089038 1 0 1706661537
WALL 21089038 1 0 1706661538
WALL 21089038 1 0 1706661539
WALL 21089038 1 0 1706661540
WALL 21089038 1 0 1706661541
WALL 21089038 1 0 1706661542
WALL 21089038 1 0 1706661543
WALL 21089038 1 0 1706661544
WALL 21089038 1 0 1706661545
WALL 21089038 1 0 1706661546
WALL 21089038 1 0 1706661547
WALL 21089038 1 0 1706661548
WALL 21089038 1 0 1706661549
WALL 21089038 1 0 1706661550
WALL 21089038 1 0 1706661551
WALL 21089038 1 0 1706661552
WALL 21089038 1 0 1706661553
WALL 21089038 1 0 1706661554
WALL 21089038 1 0 1706661555
WALL 21089038 1 0 1706661556
WALL 21089038 1 0 1706661557
WALL 21089038 1 0 1706661558
WALL 21089038 1 0 1706661559
WALL 21089038 1 0 1706661560
WALL 21089038 1 0 1706661561
WALL 21089038 1 0 1706661562
WALL 21089038 1 0 1706661563
WALL 21089038 1 0 1706661564
WALL 21089038 1 0 1706661565
WALL 21089038 1 0 1706661566
WALL 21089038 1 0 1706661567
WALL 21089038 1 0 1706661568
WALL 21089038 1 0 1706661569
WALL 21089038 1 0 1706661570
WALL 21089038 1 0 1706661571
WALL 21089038 1 0 1706661572
WALL 21089038 1 0 1706661573
WALL 21089038 1 0 1706661574
WALL 21089038 1 0 1706661575
WALL 21089038 1 0 1706661576
WALL 21089038 1 0 1706661577
WALL 21089038 1 0 1706661578
WALL 21089038 1 0 1706661579
WALL 21089038 1 0 1706661580
WALL 21089038 1 0 1706661581
WALL 21089038 1 0 1706661582
WALL 21089038 1 0 1706661583
WALL 21089038 1 0 1706661584
WALL 21089038 1 0 1706661585
WALL 21089038 1 0 1706661586
WALL 21089038 1 0 1706661587
WALL 21089038 1 0 1706661588
WALL 21089038 1 0 1706661589
WALL 21089038 1 0 1706661590
WALL 21089038 1 0 1706661591
WALL 21089038 1 0 1706661592
WALL 21089038 1 0 1706661593
WALL 21089038 1 0 1706661594
WALL 21089038 1 0 1706661595
WALL 21089038 1 0 1706661596
slurmstepd: error: *** STEP 21089038.0 ON nid200196 CANCELLED AT 2024-01-31T00:39:57 ***
received SIGCONT 1706661597
WALL 21089038 1 0 1706661597
received SIGTERM 1706661597
WALL 21089038 1 0 1706661597
WALL 21089038 1 0 1706661598
WALL 21089038 1 0 1706661599
WALL 21089038 1 0 1706661600
WALL 21089038 1 0 1706661601
WALL 21089038 1 0 1706661602
WALL 21089038 1 0 1706661603
WALL 21089038 1 0 1706661604
WALL 21089038 1 0 1706661605
WALL 21089038 1 0 1706661606
WALL 21089038 1 0 1706661607
WALL 21089038 1 0 1706661608
WALL 21089038 1 0 1706661609
WALL 21089038 1 0 1706661610
WALL 21089038 1 0 1706661611
WALL 21089038 1 0 1706661612
WALL 21089038 1 0 1706661613
WALL 21089038 1 0 1706661614
WALL 21089038 1 0 1706661615
WALL 21089038 1 0 1706661616
WALL 21089038 1 0 1706661617
WALL 21089038 1 0 1706661618
WALL 21089038 1 0 1706661619
WALL 21089038 1 0 1706661620
WALL 21089038 1 0 1706661621
WALL 21089038 1 0 1706661622
WALL 21089038 1 0 1706661623
WALL 21089038 1 0 1706661624
WALL 21089038 1 0 1706661625
WALL 21089038 1 0 1706661626
WALL 21089038 1 0 1706661627
WALL 21089038 1 0 1706661628
WALL 21089038 1 0 1706661629
WALL 21089038 1 0 1706661630
WALL 21089038 1 0 1706661631
WALL 21089038 1 0 1706661632
WALL 21089038 1 0 1706661633
WALL 21089038 1 0 1706661634
WALL 21089038 1 0 1706661635
WALL 21089038 1 0 1706661636
WALL 21089038 1 0 1706661637
WALL 21089038 1 0 1706661638
WALL 21089038 1 0 1706661639
WALL 21089038 1 0 1706661640
WALL 21089038 1 0 1706661641
WALL 21089038 1 0 1706661642
WALL 21089038 1 0 1706661643
WALL 21089038 1 0 1706661644
WALL 21089038 1 0 1706661645
WALL 21089038 1 0 1706661646
WALL 21089038 1 0 1706661647
WALL 21089038 1 0 1706661648
WALL 21089038 1 0 1706661649
WALL 21089038 1 0 1706661650
WALL 21089038 1 0 1706661651
WALL 21089038 1 0 1706661652
WALL 21089038 1 0 1706661653
WALL 21089038 1 0 1706661654
WALL 21089038 1 0 1706661655
WALL 21089038 1 0 1706661656
WALL 21089038 1 0 1706661657
WALL 21089038 1 0 1706661658
WALL 21089038 1 0 1706661659
WALL 21089038 1 0 1706661660
WALL 21089038 1 0 1706661661
WALL 21089038 1 0 1706661662
WALL 21089038 1 0 1706661663
WALL 21089038 1 0 1706661664
WALL 21089038 1 0 1706661665
WALL 21089038 1 0 1706661666
WALL 21089038 1 0 1706661667
WALL 21089038 1 0 1706661668
WALL 21089038 1 0 1706661669
WALL 21089038 1 0 1706661670
WALL 21089038 1 0 1706661671
WALL 21089038 1 0 1706661672
WALL 21089038 1 0 1706661673
WALL 21089038 1 0 1706661674
WALL 21089038 1 0 1706661675
WALL 21089038 1 0 1706661676
slurmstepd: error: *** JOB 21089038 ON nid200196 CANCELLED AT 2024-01-31T00:41:17 DUE TO PREEMPTION ***
received SIGTERM 1706661677
WALL 21089038 1 0 1706661677
received SIGCONT 1706661677
WALL 21089038 1 0 1706661677
received SIGTERM 1706661677
WALL 21089038 1 0 1706661677
