WALL 21151210 1 0 1706739744
WALL 21151210 1 0 1706739745
WALL 21151210 1 0 1706739746
WALL 21151210 1 0 1706739747
WALL 21151210 1 0 1706739748
WALL 21151210 1 0 1706739749
WALL 21151210 1 0 1706739750
WALL 21151210 1 0 1706739751
WALL 21151210 1 0 1706739752
WALL 21151210 1 0 1706739753
WALL 21151210 1 0 1706739754
WALL 21151210 1 0 1706739755
WALL 21151210 1 0 1706739756
WALL 21151210 1 0 1706739757
WALL 21151210 1 0 1706739758
WALL 21151210 1 0 1706739759
WALL 21151210 1 0 1706739760
WALL 21151210 1 0 1706739761
WALL 21151210 1 0 1706739762
WALL 21151210 1 0 1706739763
WALL 21151210 1 0 1706739764
WALL 21151210 1 0 1706739765
WALL 21151210 1 0 1706739766
WALL 21151210 1 0 1706739767
WALL 21151210 1 0 1706739768
WALL 21151210 1 0 1706739769
WALL 21151210 1 0 1706739770
WALL 21151210 1 0 1706739771
WALL 21151210 1 0 1706739772
WALL 21151210 1 0 1706739773
WALL 21151210 1 0 1706739774
WALL 21151210 1 0 1706739775
WALL 21151210 1 0 1706739776
WALL 21151210 1 0 1706739777
WALL 21151210 1 0 1706739778
WALL 21151210 1 0 1706739779
WALL 21151210 1 0 1706739780
WALL 21151210 1 0 1706739781
WALL 21151210 1 0 1706739782
WALL 21151210 1 0 1706739783
WALL 21151210 1 0 1706739784
WALL 21151210 1 0 1706739785
WALL 21151210 1 0 1706739786
WALL 21151210 1 0 1706739787
WALL 21151210 1 0 1706739788
WALL 21151210 1 0 1706739789
WALL 21151210 1 0 1706739790
WALL 21151210 1 0 1706739791
WALL 21151210 1 0 1706739792
WALL 21151210 1 0 1706739793
WALL 21151210 1 0 1706739794
WALL 21151210 1 0 1706739795
WALL 21151210 1 0 1706739796
WALL 21151210 1 0 1706739797
WALL 21151210 1 0 1706739798
WALL 21151210 1 0 1706739799
WALL 21151210 1 0 1706739800
WALL 21151210 1 0 1706739801
WALL 21151210 1 0 1706739802
WALL 21151210 1 0 1706739803
WALL 21151210 1 0 1706739804
WALL 21151210 1 0 1706739805
WALL 21151210 1 0 1706739806
WALL 21151210 1 0 1706739807
WALL 21151210 1 0 1706739808
WALL 21151210 1 0 1706739809
WALL 21151210 1 0 1706739810
WALL 21151210 1 0 1706739811
WALL 21151210 1 0 1706739812
WALL 21151210 1 0 1706739813
WALL 21151210 1 0 1706739814
WALL 21151210 1 0 1706739815
WALL 21151210 1 0 1706739816
WALL 21151210 1 0 1706739817
WALL 21151210 1 0 1706739818
WALL 21151210 1 0 1706739819
WALL 21151210 1 0 1706739820
WALL 21151210 1 0 1706739821
WALL 21151210 1 0 1706739822
WALL 21151210 1 0 1706739823
WALL 21151210 1 0 1706739824
WALL 21151210 1 0 1706739825
WALL 21151210 1 0 1706739826
WALL 21151210 1 0 1706739827
WALL 21151210 1 0 1706739828
WALL 21151210 1 0 1706739829
WALL 21151210 1 0 1706739830
WALL 21151210 1 0 1706739831
WALL 21151210 1 0 1706739832
WALL 21151210 1 0 1706739833
WALL 21151210 1 0 1706739834
WALL 21151210 1 0 1706739835
WALL 21151210 1 0 1706739836
WALL 21151210 1 0 1706739837
WALL 21151210 1 0 1706739838
WALL 21151210 1 0 1706739839
WALL 21151210 1 0 1706739840
WALL 21151210 1 0 1706739841
received SIGCONT 1706739842
WALL 21151210 1 0 1706739842
slurmstepd: error: *** STEP 21151210.0 ON nid200030 CANCELLED AT 2024-01-31T22:24:02 ***
received SIGTERM 1706739842
WALL 21151210 1 0 1706739842
WALL 21151210 1 0 1706739843
WALL 21151210 1 0 1706739844
WALL 21151210 1 0 1706739845
WALL 21151210 1 0 1706739846
WALL 21151210 1 0 1706739847
WALL 21151210 1 0 1706739848
WALL 21151210 1 0 1706739849
WALL 21151210 1 0 1706739850
WALL 21151210 1 0 1706739851
WALL 21151210 1 0 1706739852
WALL 21151210 1 0 1706739853
WALL 21151210 1 0 1706739854
WALL 21151210 1 0 1706739855
WALL 21151210 1 0 1706739856
WALL 21151210 1 0 1706739857
WALL 21151210 1 0 1706739858
WALL 21151210 1 0 1706739859
WALL 21151210 1 0 1706739860
WALL 21151210 1 0 1706739861
WALL 21151210 1 0 1706739862
WALL 21151210 1 0 1706739863
WALL 21151210 1 0 1706739864
WALL 21151210 1 0 1706739865
WALL 21151210 1 0 1706739866
WALL 21151210 1 0 1706739867
WALL 21151210 1 0 1706739868
WALL 21151210 1 0 1706739869
WALL 21151210 1 0 1706739870
WALL 21151210 1 0 1706739871
WALL 21151210 1 0 1706739872
WALL 21151210 1 0 1706739873
WALL 21151210 1 0 1706739874
WALL 21151210 1 0 1706739875
WALL 21151210 1 0 1706739876
WALL 21151210 1 0 1706739877
WALL 21151210 1 0 1706739878
WALL 21151210 1 0 1706739879
WALL 21151210 1 0 1706739880
WALL 21151210 1 0 1706739881
WALL 21151210 1 0 1706739882
WALL 21151210 1 0 1706739883
WALL 21151210 1 0 1706739884
WALL 21151210 1 0 1706739885
WALL 21151210 1 0 1706739886
WALL 21151210 1 0 1706739887
WALL 21151210 1 0 1706739888
WALL 21151210 1 0 1706739889
WALL 21151210 1 0 1706739890
WALL 21151210 1 0 1706739891
WALL 21151210 1 0 1706739892
WALL 21151210 1 0 1706739893
WALL 21151210 1 0 1706739894
WALL 21151210 1 0 1706739895
WALL 21151210 1 0 1706739896
WALL 21151210 1 0 1706739897
WALL 21151210 1 0 1706739898
WALL 21151210 1 0 1706739899
WALL 21151210 1 0 1706739900
WALL 21151210 1 0 1706739901
WALL 21151210 1 0 1706739902
WALL 21151210 1 0 1706739903
WALL 21151210 1 0 1706739904
WALL 21151210 1 0 1706739905
WALL 21151210 1 0 1706739906
WALL 21151210 1 0 1706739907
WALL 21151210 1 0 1706739908
WALL 21151210 1 0 1706739909
WALL 21151210 1 0 1706739910
WALL 21151210 1 0 1706739911
slurmstepd: error: *** JOB 21151210 ON nid200030 CANCELLED AT 2024-01-31T22:25:12 DUE TO PREEMPTION ***
received SIGTERM 1706739912
WALL 21151210 1 0 1706739912
received SIGCONT 1706739912
WALL 21151210 1 0 1706739912
received SIGTERM 1706739912
WALL 21151210 1 0 1706739912
