WALL 21086766 1 0 1706655521
WALL 21086766 1 0 1706655522
WALL 21086766 1 0 1706655523
WALL 21086766 1 0 1706655524
WALL 21086766 1 0 1706655525
WALL 21086766 1 0 1706655526
WALL 21086766 1 0 1706655527
WALL 21086766 1 0 1706655528
WALL 21086766 1 0 1706655529
WALL 21086766 1 0 1706655530
WALL 21086766 1 0 1706655531
WALL 21086766 1 0 1706655532
WALL 21086766 1 0 1706655533
WALL 21086766 1 0 1706655534
WALL 21086766 1 0 1706655535
WALL 21086766 1 0 1706655536
WALL 21086766 1 0 1706655537
WALL 21086766 1 0 1706655538
WALL 21086766 1 0 1706655539
WALL 21086766 1 0 1706655540
WALL 21086766 1 0 1706655541
WALL 21086766 1 0 1706655542
WALL 21086766 1 0 1706655543
WALL 21086766 1 0 1706655544
WALL 21086766 1 0 1706655545
WALL 21086766 1 0 1706655546
WALL 21086766 1 0 1706655547
WALL 21086766 1 0 1706655548
WALL 21086766 1 0 1706655549
WALL 21086766 1 0 1706655550
WALL 21086766 1 0 1706655551
WALL 21086766 1 0 1706655552
WALL 21086766 1 0 1706655553
WALL 21086766 1 0 1706655554
WALL 21086766 1 0 1706655555
WALL 21086766 1 0 1706655556
WALL 21086766 1 0 1706655557
WALL 21086766 1 0 1706655558
WALL 21086766 1 0 1706655559
WALL 21086766 1 0 1706655560
WALL 21086766 1 0 1706655561
WALL 21086766 1 0 1706655562
WALL 21086766 1 0 1706655563
WALL 21086766 1 0 1706655564
WALL 21086766 1 0 1706655565
WALL 21086766 1 0 1706655566
WALL 21086766 1 0 1706655567
WALL 21086766 1 0 1706655568
WALL 21086766 1 0 1706655569
WALL 21086766 1 0 1706655570
WALL 21086766 1 0 1706655571
WALL 21086766 1 0 1706655572
WALL 21086766 1 0 1706655573
WALL 21086766 1 0 1706655574
WALL 21086766 1 0 1706655575
WALL 21086766 1 0 1706655576
WALL 21086766 1 0 1706655577
WALL 21086766 1 0 1706655578
WALL 21086766 1 0 1706655579
WALL 21086766 1 0 1706655580
WALL 21086766 1 0 1706655581
WALL 21086766 1 0 1706655582
WALL 21086766 1 0 1706655583
WALL 21086766 1 0 1706655584
WALL 21086766 1 0 1706655585
WALL 21086766 1 0 1706655586
WALL 21086766 1 0 1706655587
WALL 21086766 1 0 1706655588
WALL 21086766 1 0 1706655589
WALL 21086766 1 0 1706655590
WALL 21086766 1 0 1706655591
WALL 21086766 1 0 1706655592
WALL 21086766 1 0 1706655593
WALL 21086766 1 0 1706655594
WALL 21086766 1 0 1706655595
WALL 21086766 1 0 1706655596
WALL 21086766 1 0 1706655597
WALL 21086766 1 0 1706655598
WALL 21086766 1 0 1706655599
WALL 21086766 1 0 1706655600
WALL 21086766 1 0 1706655601
slurmstepd: error: *** STEP 21086766.0 ON nid200037 CANCELLED AT 2024-01-30T23:00:01 ***
received SIGCONT 1706655601
WALL 21086766 1 0 1706655601
received SIGTERM 1706655601
WALL 21086766 1 0 1706655601
WALL 21086766 1 0 1706655602
WALL 21086766 1 0 1706655603
WALL 21086766 1 0 1706655604
WALL 21086766 1 0 1706655605
WALL 21086766 1 0 1706655606
WALL 21086766 1 0 1706655607
WALL 21086766 1 0 1706655608
WALL 21086766 1 0 1706655609
WALL 21086766 1 0 1706655610
WALL 21086766 1 0 1706655611
WALL 21086766 1 0 1706655612
WALL 21086766 1 0 1706655613
WALL 21086766 1 0 1706655614
WALL 21086766 1 0 1706655615
WALL 21086766 1 0 1706655616
WALL 21086766 1 0 1706655617
WALL 21086766 1 0 1706655618
WALL 21086766 1 0 1706655619
WALL 21086766 1 0 1706655620
WALL 21086766 1 0 1706655621
WALL 21086766 1 0 1706655622
WALL 21086766 1 0 1706655623
WALL 21086766 1 0 1706655624
WALL 21086766 1 0 1706655625
WALL 21086766 1 0 1706655626
WALL 21086766 1 0 1706655627
WALL 21086766 1 0 1706655628
WALL 21086766 1 0 1706655629
WALL 21086766 1 0 1706655630
WALL 21086766 1 0 1706655631
WALL 21086766 1 0 1706655632
WALL 21086766 1 0 1706655633
WALL 21086766 1 0 1706655634
WALL 21086766 1 0 1706655635
WALL 21086766 1 0 1706655636
WALL 21086766 1 0 1706655637
WALL 21086766 1 0 1706655638
WALL 21086766 1 0 1706655639
WALL 21086766 1 0 1706655640
WALL 21086766 1 0 1706655641
WALL 21086766 1 0 1706655642
WALL 21086766 1 0 1706655643
WALL 21086766 1 0 1706655644
WALL 21086766 1 0 1706655645
WALL 21086766 1 0 1706655646
WALL 21086766 1 0 1706655647
WALL 21086766 1 0 1706655648
WALL 21086766 1 0 1706655649
WALL 21086766 1 0 1706655650
WALL 21086766 1 0 1706655651
WALL 21086766 1 0 1706655652
WALL 21086766 1 0 1706655653
WALL 21086766 1 0 1706655654
WALL 21086766 1 0 1706655655
WALL 21086766 1 0 1706655656
WALL 21086766 1 0 1706655657
WALL 21086766 1 0 1706655658
WALL 21086766 1 0 1706655659
WALL 21086766 1 0 1706655660
WALL 21086766 1 0 1706655661
WALL 21086766 1 0 1706655662
WALL 21086766 1 0 1706655663
WALL 21086766 1 0 1706655664
WALL 21086766 1 0 1706655665
WALL 21086766 1 0 1706655666
WALL 21086766 1 0 1706655667
WALL 21086766 1 0 1706655668
WALL 21086766 1 0 1706655669
WALL 21086766 1 0 1706655670
WALL 21086766 1 0 1706655671
WALL 21086766 1 0 1706655672
WALL 21086766 1 0 1706655673
WALL 21086766 1 0 1706655674
WALL 21086766 1 0 1706655675
WALL 21086766 1 0 1706655676
WALL 21086766 1 0 1706655677
WALL 21086766 1 0 1706655678
WALL 21086766 1 0 1706655679
WALL 21086766 1 0 1706655680
WALL 21086766 1 0 1706655681
WALL 21086766 1 0 1706655682
WALL 21086766 1 0 1706655683
WALL 21086766 1 0 1706655684
WALL 21086766 1 0 1706655685
slurmstepd: error: *** JOB 21086766 ON nid200037 CANCELLED AT 2024-01-30T23:01:26 DUE TO PREEMPTION ***
received SIGTERM 1706655686
WALL 21086766 1 0 1706655686
received SIGCONT 1706655686
WALL 21086766 1 0 1706655686
received SIGTERM 1706655686
WALL 21086766 1 0 1706655686
