srun: warning: can't run 1 processes on 2 nodes, setting nnodes to 1
WALL 21195379 1 0 1706813451
WALL 21195379 1 0 1706813452
WALL 21195379 1 0 1706813453
WALL 21195379 1 0 1706813454
WALL 21195379 1 0 1706813455
WALL 21195379 1 0 1706813456
WALL 21195379 1 0 1706813457
WALL 21195379 1 0 1706813458
WALL 21195379 1 0 1706813459
WALL 21195379 1 0 1706813460
WALL 21195379 1 0 1706813461
WALL 21195379 1 0 1706813462
WALL 21195379 1 0 1706813463
WALL 21195379 1 0 1706813464
WALL 21195379 1 0 1706813465
WALL 21195379 1 0 1706813466
WALL 21195379 1 0 1706813467
WALL 21195379 1 0 1706813468
WALL 21195379 1 0 1706813469
WALL 21195379 1 0 1706813470
WALL 21195379 1 0 1706813471
WALL 21195379 1 0 1706813472
WALL 21195379 1 0 1706813473
WALL 21195379 1 0 1706813474
WALL 21195379 1 0 1706813475
WALL 21195379 1 0 1706813476
WALL 21195379 1 0 1706813477
WALL 21195379 1 0 1706813478
WALL 21195379 1 0 1706813479
WALL 21195379 1 0 1706813480
WALL 21195379 1 0 1706813481
WALL 21195379 1 0 1706813482
WALL 21195379 1 0 1706813483
WALL 21195379 1 0 1706813484
WALL 21195379 1 0 1706813485
WALL 21195379 1 0 1706813486
WALL 21195379 1 0 1706813487
WALL 21195379 1 0 1706813488
WALL 21195379 1 0 1706813489
WALL 21195379 1 0 1706813490
WALL 21195379 1 0 1706813491
WALL 21195379 1 0 1706813492
WALL 21195379 1 0 1706813493
WALL 21195379 1 0 1706813494
WALL 21195379 1 0 1706813495
WALL 21195379 1 0 1706813496
WALL 21195379 1 0 1706813497
WALL 21195379 1 0 1706813498
WALL 21195379 1 0 1706813499
WALL 21195379 1 0 1706813500
WALL 21195379 1 0 1706813501
WALL 21195379 1 0 1706813502
WALL 21195379 1 0 1706813503
WALL 21195379 1 0 1706813504
WALL 21195379 1 0 1706813505
WALL 21195379 1 0 1706813506
WALL 21195379 1 0 1706813507
WALL 21195379 1 0 1706813508
WALL 21195379 1 0 1706813509
WALL 21195379 1 0 1706813510
WALL 21195379 1 0 1706813511
slurmstepd: error: *** STEP 21195379.0 ON nid200143 CANCELLED AT 2024-02-01T18:51:51 ***
received SIGTERM 1706813511
WALL 21195379 1 0 1706813511
received SIGCONT 1706813511
WALL 21195379 1 0 1706813511
WALL 21195379 1 0 1706813512
WALL 21195379 1 0 1706813513
WALL 21195379 1 0 1706813514
WALL 21195379 1 0 1706813515
WALL 21195379 1 0 1706813516
WALL 21195379 1 0 1706813517
WALL 21195379 1 0 1706813518
WALL 21195379 1 0 1706813519
WALL 21195379 1 0 1706813520
WALL 21195379 1 0 1706813521
WALL 21195379 1 0 1706813522
WALL 21195379 1 0 1706813523
WALL 21195379 1 0 1706813524
WALL 21195379 1 0 1706813525
WALL 21195379 1 0 1706813526
WALL 21195379 1 0 1706813527
WALL 21195379 1 0 1706813528
WALL 21195379 1 0 1706813529
WALL 21195379 1 0 1706813530
WALL 21195379 1 0 1706813531
WALL 21195379 1 0 1706813532
WALL 21195379 1 0 1706813533
WALL 21195379 1 0 1706813534
WALL 21195379 1 0 1706813535
WALL 21195379 1 0 1706813536
WALL 21195379 1 0 1706813537
WALL 21195379 1 0 1706813538
WALL 21195379 1 0 1706813539
WALL 21195379 1 0 1706813540
WALL 21195379 1 0 1706813541
WALL 21195379 1 0 1706813542
WALL 21195379 1 0 1706813543
WALL 21195379 1 0 1706813544
WALL 21195379 1 0 1706813545
WALL 21195379 1 0 1706813546
WALL 21195379 1 0 1706813547
WALL 21195379 1 0 1706813548
WALL 21195379 1 0 1706813549
WALL 21195379 1 0 1706813550
WALL 21195379 1 0 1706813551
WALL 21195379 1 0 1706813552
WALL 21195379 1 0 1706813553
WALL 21195379 1 0 1706813554
WALL 21195379 1 0 1706813555
WALL 21195379 1 0 1706813556
WALL 21195379 1 0 1706813557
WALL 21195379 1 0 1706813558
WALL 21195379 1 0 1706813559
WALL 21195379 1 0 1706813560
WALL 21195379 1 0 1706813561
WALL 21195379 1 0 1706813562
WALL 21195379 1 0 1706813563
WALL 21195379 1 0 1706813564
WALL 21195379 1 0 1706813565
WALL 21195379 1 0 1706813566
WALL 21195379 1 0 1706813567
WALL 21195379 1 0 1706813568
WALL 21195379 1 0 1706813569
WALL 21195379 1 0 1706813570
WALL 21195379 1 0 1706813571
WALL 21195379 1 0 1706813572
WALL 21195379 1 0 1706813573
WALL 21195379 1 0 1706813574
WALL 21195379 1 0 1706813575
WALL 21195379 1 0 1706813576
WALL 21195379 1 0 1706813577
WALL 21195379 1 0 1706813578
WALL 21195379 1 0 1706813579
WALL 21195379 1 0 1706813580
WALL 21195379 1 0 1706813581
WALL 21195379 1 0 1706813582
WALL 21195379 1 0 1706813583
WALL 21195379 1 0 1706813584
WALL 21195379 1 0 1706813585
WALL 21195379 1 0 1706813586
WALL 21195379 1 0 1706813587
WALL 21195379 1 0 1706813588
WALL 21195379 1 0 1706813589
WALL 21195379 1 0 1706813590
WALL 21195379 1 0 1706813591
WALL 21195379 1 0 1706813592
WALL 21195379 1 0 1706813593
WALL 21195379 1 0 1706813594
slurmstepd: error: *** JOB 21195379 ON nid200143 CANCELLED AT 2024-02-01T18:53:15 DUE TO PREEMPTION ***
received SIGTERM 1706813595
WALL 21195379 1 0 1706813595
received SIGCONT 1706813595
WALL 21195379 1 0 1706813595
received SIGTERM 1706813595
WALL 21195379 1 0 1706813595
