WALL 21088156 1 0 1706658545
WALL 21088156 1 0 1706658546
WALL 21088156 1 0 1706658547
WALL 21088156 1 0 1706658548
WALL 21088156 1 0 1706658549
WALL 21088156 1 0 1706658550
WALL 21088156 1 0 1706658551
WALL 21088156 1 0 1706658552
WALL 21088156 1 0 1706658553
WALL 21088156 1 0 1706658554
WALL 21088156 1 0 1706658555
WALL 21088156 1 0 1706658556
WALL 21088156 1 0 1706658557
WALL 21088156 1 0 1706658558
WALL 21088156 1 0 1706658559
WALL 21088156 1 0 1706658560
WALL 21088156 1 0 1706658561
WALL 21088156 1 0 1706658562
WALL 21088156 1 0 1706658563
WALL 21088156 1 0 1706658564
WALL 21088156 1 0 1706658565
WALL 21088156 1 0 1706658566
WALL 21088156 1 0 1706658567
WALL 21088156 1 0 1706658568
WALL 21088156 1 0 1706658569
WALL 21088156 1 0 1706658570
WALL 21088156 1 0 1706658571
WALL 21088156 1 0 1706658572
WALL 21088156 1 0 1706658573
WALL 21088156 1 0 1706658574
WALL 21088156 1 0 1706658575
WALL 21088156 1 0 1706658576
WALL 21088156 1 0 1706658577
WALL 21088156 1 0 1706658578
WALL 21088156 1 0 1706658579
WALL 21088156 1 0 1706658580
WALL 21088156 1 0 1706658581
WALL 21088156 1 0 1706658582
WALL 21088156 1 0 1706658583
WALL 21088156 1 0 1706658584
WALL 21088156 1 0 1706658585
WALL 21088156 1 0 1706658586
WALL 21088156 1 0 1706658587
WALL 21088156 1 0 1706658588
WALL 21088156 1 0 1706658589
WALL 21088156 1 0 1706658590
WALL 21088156 1 0 1706658591
WALL 21088156 1 0 1706658592
WALL 21088156 1 0 1706658593
WALL 21088156 1 0 1706658594
WALL 21088156 1 0 1706658595
WALL 21088156 1 0 1706658596
WALL 21088156 1 0 1706658597
WALL 21088156 1 0 1706658598
WALL 21088156 1 0 1706658599
WALL 21088156 1 0 1706658600
WALL 21088156 1 0 1706658601
WALL 21088156 1 0 1706658602
WALL 21088156 1 0 1706658603
WALL 21088156 1 0 1706658604
WALL 21088156 1 0 1706658605
WALL 21088156 1 0 1706658606
WALL 21088156 1 0 1706658607
WALL 21088156 1 0 1706658608
WALL 21088156 1 0 1706658609
WALL 21088156 1 0 1706658610
WALL 21088156 1 0 1706658611
WALL 21088156 1 0 1706658612
WALL 21088156 1 0 1706658613
WALL 21088156 1 0 1706658614
WALL 21088156 1 0 1706658615
WALL 21088156 1 0 1706658616
WALL 21088156 1 0 1706658617
WALL 21088156 1 0 1706658618
WALL 21088156 1 0 1706658619
WALL 21088156 1 0 1706658620
WALL 21088156 1 0 1706658621
WALL 21088156 1 0 1706658622
WALL 21088156 1 0 1706658623
WALL 21088156 1 0 1706658624
WALL 21088156 1 0 1706658625
WALL 21088156 1 0 1706658626
WALL 21088156 1 0 1706658627
WALL 21088156 1 0 1706658628
WALL 21088156 1 0 1706658629
WALL 21088156 1 0 1706658630
WALL 21088156 1 0 1706658631
WALL 21088156 1 0 1706658632
WALL 21088156 1 0 1706658633
WALL 21088156 1 0 1706658634
WALL 21088156 1 0 1706658635
WALL 21088156 1 0 1706658636
WALL 21088156 1 0 1706658637
WALL 21088156 1 0 1706658638
WALL 21088156 1 0 1706658639
WALL 21088156 1 0 1706658640
WALL 21088156 1 0 1706658641
WALL 21088156 1 0 1706658642
WALL 21088156 1 0 1706658643
WALL 21088156 1 0 1706658644
WALL 21088156 1 0 1706658645
WALL 21088156 1 0 1706658646
WALL 21088156 1 0 1706658647
WALL 21088156 1 0 1706658648
WALL 21088156 1 0 1706658649
WALL 21088156 1 0 1706658650
WALL 21088156 1 0 1706658651
WALL 21088156 1 0 1706658652
WALL 21088156 1 0 1706658653
WALL 21088156 1 0 1706658654
WALL 21088156 1 0 1706658655
WALL 21088156 1 0 1706658656
WALL 21088156 1 0 1706658657
WALL 21088156 1 0 1706658658
WALL 21088156 1 0 1706658659
WALL 21088156 1 0 1706658660
WALL 21088156 1 0 1706658661
WALL 21088156 1 0 1706658662
WALL 21088156 1 0 1706658663
WALL 21088156 1 0 1706658664
WALL 21088156 1 0 1706658665
WALL 21088156 1 0 1706658666
WALL 21088156 1 0 1706658667
WALL 21088156 1 0 1706658668
WALL 21088156 1 0 1706658669
WALL 21088156 1 0 1706658670
WALL 21088156 1 0 1706658671
WALL 21088156 1 0 1706658672
WALL 21088156 1 0 1706658673
WALL 21088156 1 0 1706658674
WALL 21088156 1 0 1706658675
WALL 21088156 1 0 1706658676
WALL 21088156 1 0 1706658677
WALL 21088156 1 0 1706658678
WALL 21088156 1 0 1706658679
WALL 21088156 1 0 1706658680
WALL 21088156 1 0 1706658681
WALL 21088156 1 0 1706658682
WALL 21088156 1 0 1706658683
WALL 21088156 1 0 1706658684
WALL 21088156 1 0 1706658685
WALL 21088156 1 0 1706658686
WALL 21088156 1 0 1706658687
WALL 21088156 1 0 1706658688
WALL 21088156 1 0 1706658689
WALL 21088156 1 0 1706658690
WALL 21088156 1 0 1706658691
WALL 21088156 1 0 1706658692
WALL 21088156 1 0 1706658693
WALL 21088156 1 0 1706658694
WALL 21088156 1 0 1706658695
WALL 21088156 1 0 1706658696
WALL 21088156 1 0 1706658697
WALL 21088156 1 0 1706658698
WALL 21088156 1 0 1706658699
WALL 21088156 1 0 1706658700
WALL 21088156 1 0 1706658701
WALL 21088156 1 0 1706658702
WALL 21088156 1 0 1706658703
WALL 21088156 1 0 1706658704
WALL 21088156 1 0 1706658705
WALL 21088156 1 0 1706658706
WALL 21088156 1 0 1706658707
WALL 21088156 1 0 1706658708
WALL 21088156 1 0 1706658709
WALL 21088156 1 0 1706658710
WALL 21088156 1 0 1706658711
WALL 21088156 1 0 1706658712
WALL 21088156 1 0 1706658713
WALL 21088156 1 0 1706658714
WALL 21088156 1 0 1706658715
WALL 21088156 1 0 1706658716
WALL 21088156 1 0 1706658717
WALL 21088156 1 0 1706658718
WALL 21088156 1 0 1706658719
WALL 21088156 1 0 1706658720
WALL 21088156 1 0 1706658721
WALL 21088156 1 0 1706658722
WALL 21088156 1 0 1706658723
WALL 21088156 1 0 1706658724
WALL 21088156 1 0 1706658725
WALL 21088156 1 0 1706658726
WALL 21088156 1 0 1706658727
WALL 21088156 1 0 1706658728
WALL 21088156 1 0 1706658729
WALL 21088156 1 0 1706658730
WALL 21088156 1 0 1706658731
WALL 21088156 1 0 1706658732
WALL 21088156 1 0 1706658733
WALL 21088156 1 0 1706658734
WALL 21088156 1 0 1706658735
WALL 21088156 1 0 1706658736
WALL 21088156 1 0 1706658737
WALL 21088156 1 0 1706658738
WALL 21088156 1 0 1706658739
WALL 21088156 1 0 1706658740
WALL 21088156 1 0 1706658741
WALL 21088156 1 0 1706658742
WALL 21088156 1 0 1706658743
WALL 21088156 1 0 1706658744
WALL 21088156 1 0 1706658745
WALL 21088156 1 0 1706658746
WALL 21088156 1 0 1706658747
WALL 21088156 1 0 1706658748
WALL 21088156 1 0 1706658749
WALL 21088156 1 0 1706658750
WALL 21088156 1 0 1706658751
WALL 21088156 1 0 1706658752
WALL 21088156 1 0 1706658753
WALL 21088156 1 0 1706658754
WALL 21088156 1 0 1706658755
WALL 21088156 1 0 1706658756
WALL 21088156 1 0 1706658757
WALL 21088156 1 0 1706658758
WALL 21088156 1 0 1706658759
WALL 21088156 1 0 1706658760
WALL 21088156 1 0 1706658761
WALL 21088156 1 0 1706658762
WALL 21088156 1 0 1706658763
WALL 21088156 1 0 1706658764
WALL 21088156 1 0 1706658765
WALL 21088156 1 0 1706658766
WALL 21088156 1 0 1706658767
WALL 21088156 1 0 1706658768
WALL 21088156 1 0 1706658769
WALL 21088156 1 0 1706658770
WALL 21088156 1 0 1706658771
WALL 21088156 1 0 1706658772
WALL 21088156 1 0 1706658773
WALL 21088156 1 0 1706658774
WALL 21088156 1 0 1706658775
WALL 21088156 1 0 1706658776
WALL 21088156 1 0 1706658777
WALL 21088156 1 0 1706658778
WALL 21088156 1 0 1706658779
WALL 21088156 1 0 1706658780
WALL 21088156 1 0 1706658781
WALL 21088156 1 0 1706658782
WALL 21088156 1 0 1706658783
WALL 21088156 1 0 1706658784
WALL 21088156 1 0 1706658785
WALL 21088156 1 0 1706658786
WALL 21088156 1 0 1706658787
WALL 21088156 1 0 1706658788
WALL 21088156 1 0 1706658789
WALL 21088156 1 0 1706658790
WALL 21088156 1 0 1706658791
WALL 21088156 1 0 1706658792
WALL 21088156 1 0 1706658793
WALL 21088156 1 0 1706658794
WALL 21088156 1 0 1706658795
WALL 21088156 1 0 1706658796
WALL 21088156 1 0 1706658797
WALL 21088156 1 0 1706658798
WALL 21088156 1 0 1706658799
WALL 21088156 1 0 1706658800
WALL 21088156 1 0 1706658801
WALL 21088156 1 0 1706658802
WALL 21088156 1 0 1706658803
WALL 21088156 1 0 1706658804
WALL 21088156 1 0 1706658805
WALL 21088156 1 0 1706658806
WALL 21088156 1 0 1706658807
WALL 21088156 1 0 1706658808
WALL 21088156 1 0 1706658809
WALL 21088156 1 0 1706658810
WALL 21088156 1 0 1706658811
WALL 21088156 1 0 1706658812
WALL 21088156 1 0 1706658813
WALL 21088156 1 0 1706658814
WALL 21088156 1 0 1706658815
WALL 21088156 1 0 1706658816
WALL 21088156 1 0 1706658817
WALL 21088156 1 0 1706658818
WALL 21088156 1 0 1706658819
WALL 21088156 1 0 1706658820
WALL 21088156 1 0 1706658821
WALL 21088156 1 0 1706658822
WALL 21088156 1 0 1706658823
WALL 21088156 1 0 1706658824
WALL 21088156 1 0 1706658825
WALL 21088156 1 0 1706658826
WALL 21088156 1 0 1706658827
WALL 21088156 1 0 1706658828
WALL 21088156 1 0 1706658829
WALL 21088156 1 0 1706658830
WALL 21088156 1 0 1706658831
WALL 21088156 1 0 1706658832
received SIGCONT 1706658832
WALL 21088156 1 0 1706658832
slurmstepd: error: *** STEP 21088156.0 ON nid200039 CANCELLED AT 2024-01-30T23:53:52 ***
received SIGTERM 1706658832
WALL 21088156 1 0 1706658832
WALL 21088156 1 0 1706658833
WALL 21088156 1 0 1706658834
WALL 21088156 1 0 1706658835
WALL 21088156 1 0 1706658836
WALL 21088156 1 0 1706658837
WALL 21088156 1 0 1706658838
WALL 21088156 1 0 1706658839
WALL 21088156 1 0 1706658840
WALL 21088156 1 0 1706658841
WALL 21088156 1 0 1706658842
WALL 21088156 1 0 1706658843
WALL 21088156 1 0 1706658844
WALL 21088156 1 0 1706658845
WALL 21088156 1 0 1706658846
WALL 21088156 1 0 1706658847
WALL 21088156 1 0 1706658848
WALL 21088156 1 0 1706658849
WALL 21088156 1 0 1706658850
WALL 21088156 1 0 1706658851
WALL 21088156 1 0 1706658852
WALL 21088156 1 0 1706658853
WALL 21088156 1 0 1706658854
WALL 21088156 1 0 1706658855
WALL 21088156 1 0 1706658856
WALL 21088156 1 0 1706658857
WALL 21088156 1 0 1706658858
WALL 21088156 1 0 1706658859
WALL 21088156 1 0 1706658860
WALL 21088156 1 0 1706658861
WALL 21088156 1 0 1706658862
WALL 21088156 1 0 1706658863
WALL 21088156 1 0 1706658864
WALL 21088156 1 0 1706658865
WALL 21088156 1 0 1706658866
WALL 21088156 1 0 1706658867
WALL 21088156 1 0 1706658868
WALL 21088156 1 0 1706658869
WALL 21088156 1 0 1706658870
WALL 21088156 1 0 1706658871
WALL 21088156 1 0 1706658872
WALL 21088156 1 0 1706658873
WALL 21088156 1 0 1706658874
WALL 21088156 1 0 1706658875
WALL 21088156 1 0 1706658876
WALL 21088156 1 0 1706658877
WALL 21088156 1 0 1706658878
WALL 21088156 1 0 1706658879
WALL 21088156 1 0 1706658880
WALL 21088156 1 0 1706658881
WALL 21088156 1 0 1706658882
WALL 21088156 1 0 1706658883
WALL 21088156 1 0 1706658884
WALL 21088156 1 0 1706658885
WALL 21088156 1 0 1706658886
WALL 21088156 1 0 1706658887
WALL 21088156 1 0 1706658888
WALL 21088156 1 0 1706658889
WALL 21088156 1 0 1706658890
WALL 21088156 1 0 1706658891
WALL 21088156 1 0 1706658892
WALL 21088156 1 0 1706658893
WALL 21088156 1 0 1706658894
WALL 21088156 1 0 1706658895
WALL 21088156 1 0 1706658896
WALL 21088156 1 0 1706658897
WALL 21088156 1 0 1706658898
WALL 21088156 1 0 1706658899
WALL 21088156 1 0 1706658900
WALL 21088156 1 0 1706658901
WALL 21088156 1 0 1706658902
WALL 21088156 1 0 1706658903
WALL 21088156 1 0 1706658904
WALL 21088156 1 0 1706658905
WALL 21088156 1 0 1706658906
WALL 21088156 1 0 1706658907
WALL 21088156 1 0 1706658908
WALL 21088156 1 0 1706658909
WALL 21088156 1 0 1706658910
WALL 21088156 1 0 1706658911
WALL 21088156 1 0 1706658912
WALL 21088156 1 0 1706658913
WALL 21088156 1 0 1706658914
WALL 21088156 1 0 1706658915
WALL 21088156 1 0 1706658916
WALL 21088156 1 0 1706658917
slurmstepd: error: *** JOB 21088156 ON nid200039 CANCELLED AT 2024-01-30T23:55:18 DUE TO PREEMPTION ***
received SIGTERM 1706658918
WALL 21088156 1 0 1706658918
received SIGCONT 1706658918
WALL 21088156 1 0 1706658918
received SIGTERM 1706658918
WALL 21088156 1 0 1706658918
