WALL 21198192 1 0 1706815185
WALL 21198192 1 0 1706815186
WALL 21198192 1 0 1706815187
WALL 21198192 1 0 1706815188
WALL 21198192 1 0 1706815189
WALL 21198192 1 0 1706815190
WALL 21198192 1 0 1706815191
WALL 21198192 1 0 1706815192
WALL 21198192 1 0 1706815193
WALL 21198192 1 0 1706815194
WALL 21198192 1 0 1706815195
WALL 21198192 1 0 1706815196
WALL 21198192 1 0 1706815197
WALL 21198192 1 0 1706815198
WALL 21198192 1 0 1706815199
WALL 21198192 1 0 1706815200
WALL 21198192 1 0 1706815201
WALL 21198192 1 0 1706815202
WALL 21198192 1 0 1706815203
WALL 21198192 1 0 1706815204
WALL 21198192 1 0 1706815205
WALL 21198192 1 0 1706815206
WALL 21198192 1 0 1706815207
WALL 21198192 1 0 1706815208
WALL 21198192 1 0 1706815209
WALL 21198192 1 0 1706815210
WALL 21198192 1 0 1706815211
WALL 21198192 1 0 1706815212
WALL 21198192 1 0 1706815213
WALL 21198192 1 0 1706815214
WALL 21198192 1 0 1706815215
WALL 21198192 1 0 1706815216
WALL 21198192 1 0 1706815217
WALL 21198192 1 0 1706815218
WALL 21198192 1 0 1706815219
WALL 21198192 1 0 1706815220
WALL 21198192 1 0 1706815221
WALL 21198192 1 0 1706815222
WALL 21198192 1 0 1706815223
WALL 21198192 1 0 1706815224
WALL 21198192 1 0 1706815225
WALL 21198192 1 0 1706815226
WALL 21198192 1 0 1706815227
WALL 21198192 1 0 1706815228
WALL 21198192 1 0 1706815229
WALL 21198192 1 0 1706815230
WALL 21198192 1 0 1706815231
WALL 21198192 1 0 1706815232
WALL 21198192 1 0 1706815233
WALL 21198192 1 0 1706815234
WALL 21198192 1 0 1706815235
WALL 21198192 1 0 1706815236
WALL 21198192 1 0 1706815237
WALL 21198192 1 0 1706815238
WALL 21198192 1 0 1706815239
WALL 21198192 1 0 1706815240
WALL 21198192 1 0 1706815241
WALL 21198192 1 0 1706815242
slurmstepd: error: *** STEP 21198192.0 ON nid200202 CANCELLED AT 2024-02-01T19:20:43 DUE TO PREEMPTION ***
slurmstepd: error: *** JOB 21198192 ON nid200202 CANCELLED AT 2024-02-01T19:20:43 DUE TO PREEMPTION ***
received SIGTERM 1706815243
WALL 21198192 1 0 1706815243
received SIGCONT 1706815243
WALL 21198192 1 0 1706815243
received SIGTERM 1706815243
WALL 21198192 1 0 1706815243
