WALL 21212776 1 0 1706835059
WALL 21212776 1 0 1706835060
WALL 21212776 1 0 1706835061
WALL 21212776 1 0 1706835062
WALL 21212776 1 0 1706835063
WALL 21212776 1 0 1706835064
WALL 21212776 1 0 1706835065
WALL 21212776 1 0 1706835066
WALL 21212776 1 0 1706835067
WALL 21212776 1 0 1706835068
WALL 21212776 1 0 1706835069
WALL 21212776 1 0 1706835070
WALL 21212776 1 0 1706835071
WALL 21212776 1 0 1706835072
WALL 21212776 1 0 1706835073
WALL 21212776 1 0 1706835074
WALL 21212776 1 0 1706835075
WALL 21212776 1 0 1706835076
WALL 21212776 1 0 1706835077
WALL 21212776 1 0 1706835078
WALL 21212776 1 0 1706835079
WALL 21212776 1 0 1706835080
WALL 21212776 1 0 1706835081
WALL 21212776 1 0 1706835082
WALL 21212776 1 0 1706835083
WALL 21212776 1 0 1706835084
WALL 21212776 1 0 1706835085
WALL 21212776 1 0 1706835086
WALL 21212776 1 0 1706835087
WALL 21212776 1 0 1706835088
WALL 21212776 1 0 1706835089
WALL 21212776 1 0 1706835090
WALL 21212776 1 0 1706835091
WALL 21212776 1 0 1706835092
WALL 21212776 1 0 1706835093
WALL 21212776 1 0 1706835094
WALL 21212776 1 0 1706835095
WALL 21212776 1 0 1706835096
WALL 21212776 1 0 1706835097
WALL 21212776 1 0 1706835098
WALL 21212776 1 0 1706835099
WALL 21212776 1 0 1706835100
WALL 21212776 1 0 1706835101
WALL 21212776 1 0 1706835102
WALL 21212776 1 0 1706835103
WALL 21212776 1 0 1706835104
WALL 21212776 1 0 1706835105
WALL 21212776 1 0 1706835106
WALL 21212776 1 0 1706835107
WALL 21212776 1 0 1706835108
WALL 21212776 1 0 1706835109
WALL 21212776 1 0 1706835110
WALL 21212776 1 0 1706835111
WALL 21212776 1 0 1706835112
WALL 21212776 1 0 1706835113
WALL 21212776 1 0 1706835114
WALL 21212776 1 0 1706835115
WALL 21212776 1 0 1706835116
WALL 21212776 1 0 1706835117
WALL 21212776 1 0 1706835118
WALL 21212776 1 0 1706835119
WALL 21212776 1 0 1706835120
WALL 21212776 1 0 1706835121
WALL 21212776 1 0 1706835122
WALL 21212776 1 0 1706835123
WALL 21212776 1 0 1706835124
WALL 21212776 1 0 1706835125
WALL 21212776 1 0 1706835126
WALL 21212776 1 0 1706835127
WALL 21212776 1 0 1706835128
WALL 21212776 1 0 1706835129
WALL 21212776 1 0 1706835130
WALL 21212776 1 0 1706835131
WALL 21212776 1 0 1706835132
WALL 21212776 1 0 1706835133
WALL 21212776 1 0 1706835134
WALL 21212776 1 0 1706835135
WALL 21212776 1 0 1706835136
WALL 21212776 1 0 1706835137
WALL 21212776 1 0 1706835138
WALL 21212776 1 0 1706835139
WALL 21212776 1 0 1706835140
WALL 21212776 1 0 1706835141
WALL 21212776 1 0 1706835142
WALL 21212776 1 0 1706835143
WALL 21212776 1 0 1706835144
WALL 21212776 1 0 1706835145
WALL 21212776 1 0 1706835146
WALL 21212776 1 0 1706835147
WALL 21212776 1 0 1706835148
WALL 21212776 1 0 1706835149
WALL 21212776 1 0 1706835150
WALL 21212776 1 0 1706835151
WALL 21212776 1 0 1706835152
WALL 21212776 1 0 1706835153
WALL 21212776 1 0 1706835154
WALL 21212776 1 0 1706835155
WALL 21212776 1 0 1706835156
WALL 21212776 1 0 1706835157
WALL 21212776 1 0 1706835158
WALL 21212776 1 0 1706835159
WALL 21212776 1 0 1706835160
WALL 21212776 1 0 1706835161
WALL 21212776 1 0 1706835162
WALL 21212776 1 0 1706835163
WALL 21212776 1 0 1706835164
WALL 21212776 1 0 1706835165
WALL 21212776 1 0 1706835166
WALL 21212776 1 0 1706835167
WALL 21212776 1 0 1706835168
WALL 21212776 1 0 1706835169
WALL 21212776 1 0 1706835170
WALL 21212776 1 0 1706835171
WALL 21212776 1 0 1706835172
WALL 21212776 1 0 1706835173
WALL 21212776 1 0 1706835174
WALL 21212776 1 0 1706835175
WALL 21212776 1 0 1706835176
WALL 21212776 1 0 1706835177
WALL 21212776 1 0 1706835178
WALL 21212776 1 0 1706835179
WALL 21212776 1 0 1706835180
WALL 21212776 1 0 1706835181
WALL 21212776 1 0 1706835182
WALL 21212776 1 0 1706835183
WALL 21212776 1 0 1706835184
WALL 21212776 1 0 1706835185
WALL 21212776 1 0 1706835186
WALL 21212776 1 0 1706835187
WALL 21212776 1 0 1706835188
WALL 21212776 1 0 1706835189
WALL 21212776 1 0 1706835190
WALL 21212776 1 0 1706835191
WALL 21212776 1 0 1706835192
WALL 21212776 1 0 1706835193
WALL 21212776 1 0 1706835194
WALL 21212776 1 0 1706835195
WALL 21212776 1 0 1706835196
WALL 21212776 1 0 1706835197
WALL 21212776 1 0 1706835198
WALL 21212776 1 0 1706835199
WALL 21212776 1 0 1706835200
WALL 21212776 1 0 1706835201
WALL 21212776 1 0 1706835202
WALL 21212776 1 0 1706835203
WALL 21212776 1 0 1706835204
WALL 21212776 1 0 1706835205
WALL 21212776 1 0 1706835206
WALL 21212776 1 0 1706835207
WALL 21212776 1 0 1706835208
WALL 21212776 1 0 1706835209
WALL 21212776 1 0 1706835210
WALL 21212776 1 0 1706835211
WALL 21212776 1 0 1706835212
WALL 21212776 1 0 1706835213
WALL 21212776 1 0 1706835214
WALL 21212776 1 0 1706835215
WALL 21212776 1 0 1706835216
WALL 21212776 1 0 1706835217
WALL 21212776 1 0 1706835218
WALL 21212776 1 0 1706835219
WALL 21212776 1 0 1706835220
WALL 21212776 1 0 1706835221
WALL 21212776 1 0 1706835222
WALL 21212776 1 0 1706835223
WALL 21212776 1 0 1706835224
WALL 21212776 1 0 1706835225
WALL 21212776 1 0 1706835226
WALL 21212776 1 0 1706835227
WALL 21212776 1 0 1706835228
WALL 21212776 1 0 1706835229
WALL 21212776 1 0 1706835230
WALL 21212776 1 0 1706835231
WALL 21212776 1 0 1706835232
WALL 21212776 1 0 1706835233
WALL 21212776 1 0 1706835234
WALL 21212776 1 0 1706835235
WALL 21212776 1 0 1706835236
WALL 21212776 1 0 1706835237
WALL 21212776 1 0 1706835238
WALL 21212776 1 0 1706835239
WALL 21212776 1 0 1706835240
WALL 21212776 1 0 1706835241
WALL 21212776 1 0 1706835242
WALL 21212776 1 0 1706835243
WALL 21212776 1 0 1706835244
WALL 21212776 1 0 1706835245
WALL 21212776 1 0 1706835246
WALL 21212776 1 0 1706835247
WALL 21212776 1 0 1706835248
WALL 21212776 1 0 1706835249
WALL 21212776 1 0 1706835250
WALL 21212776 1 0 1706835251
WALL 21212776 1 0 1706835252
WALL 21212776 1 0 1706835253
WALL 21212776 1 0 1706835254
WALL 21212776 1 0 1706835255
WALL 21212776 1 0 1706835256
WALL 21212776 1 0 1706835257
WALL 21212776 1 0 1706835258
WALL 21212776 1 0 1706835259
WALL 21212776 1 0 1706835260
WALL 21212776 1 0 1706835261
WALL 21212776 1 0 1706835262
WALL 21212776 1 0 1706835263
WALL 21212776 1 0 1706835264
WALL 21212776 1 0 1706835265
WALL 21212776 1 0 1706835266
WALL 21212776 1 0 1706835267
WALL 21212776 1 0 1706835268
WALL 21212776 1 0 1706835269
WALL 21212776 1 0 1706835270
WALL 21212776 1 0 1706835271
WALL 21212776 1 0 1706835272
WALL 21212776 1 0 1706835273
WALL 21212776 1 0 1706835274
WALL 21212776 1 0 1706835275
WALL 21212776 1 0 1706835276
WALL 21212776 1 0 1706835277
WALL 21212776 1 0 1706835278
WALL 21212776 1 0 1706835279
WALL 21212776 1 0 1706835280
WALL 21212776 1 0 1706835281
WALL 21212776 1 0 1706835282
WALL 21212776 1 0 1706835283
WALL 21212776 1 0 1706835284
WALL 21212776 1 0 1706835285
WALL 21212776 1 0 1706835286
WALL 21212776 1 0 1706835287
WALL 21212776 1 0 1706835288
WALL 21212776 1 0 1706835289
WALL 21212776 1 0 1706835290
WALL 21212776 1 0 1706835291
WALL 21212776 1 0 1706835292
WALL 21212776 1 0 1706835293
WALL 21212776 1 0 1706835294
WALL 21212776 1 0 1706835295
WALL 21212776 1 0 1706835296
WALL 21212776 1 0 1706835297
WALL 21212776 1 0 1706835298
WALL 21212776 1 0 1706835299
WALL 21212776 1 0 1706835300
WALL 21212776 1 0 1706835301
WALL 21212776 1 0 1706835302
WALL 21212776 1 0 1706835303
WALL 21212776 1 0 1706835304
WALL 21212776 1 0 1706835305
WALL 21212776 1 0 1706835306
WALL 21212776 1 0 1706835307
WALL 21212776 1 0 1706835308
WALL 21212776 1 0 1706835309
WALL 21212776 1 0 1706835310
WALL 21212776 1 0 1706835311
WALL 21212776 1 0 1706835312
WALL 21212776 1 0 1706835313
WALL 21212776 1 0 1706835314
WALL 21212776 1 0 1706835315
WALL 21212776 1 0 1706835316
WALL 21212776 1 0 1706835317
WALL 21212776 1 0 1706835318
WALL 21212776 1 0 1706835319
WALL 21212776 1 0 1706835320
WALL 21212776 1 0 1706835321
WALL 21212776 1 0 1706835322
WALL 21212776 1 0 1706835323
WALL 21212776 1 0 1706835324
WALL 21212776 1 0 1706835325
WALL 21212776 1 0 1706835326
WALL 21212776 1 0 1706835327
WALL 21212776 1 0 1706835328
WALL 21212776 1 0 1706835329
WALL 21212776 1 0 1706835330
WALL 21212776 1 0 1706835331
WALL 21212776 1 0 1706835332
WALL 21212776 1 0 1706835333
WALL 21212776 1 0 1706835334
WALL 21212776 1 0 1706835335
WALL 21212776 1 0 1706835336
WALL 21212776 1 0 1706835337
WALL 21212776 1 0 1706835338
WALL 21212776 1 0 1706835339
WALL 21212776 1 0 1706835340
WALL 21212776 1 0 1706835341
WALL 21212776 1 0 1706835342
WALL 21212776 1 0 1706835343
WALL 21212776 1 0 1706835344
WALL 21212776 1 0 1706835345
WALL 21212776 1 0 1706835346
WALL 21212776 1 0 1706835347
WALL 21212776 1 0 1706835348
WALL 21212776 1 0 1706835349
WALL 21212776 1 0 1706835350
WALL 21212776 1 0 1706835351
WALL 21212776 1 0 1706835352
WALL 21212776 1 0 1706835353
WALL 21212776 1 0 1706835354
WALL 21212776 1 0 1706835355
WALL 21212776 1 0 1706835356
WALL 21212776 1 0 1706835357
WALL 21212776 1 0 1706835358
WALL 21212776 1 0 1706835359
WALL 21212776 1 0 1706835360
WALL 21212776 1 0 1706835361
WALL 21212776 1 0 1706835362
WALL 21212776 1 0 1706835363
WALL 21212776 1 0 1706835364
WALL 21212776 1 0 1706835365
WALL 21212776 1 0 1706835366
WALL 21212776 1 0 1706835367
WALL 21212776 1 0 1706835368
WALL 21212776 1 0 1706835369
WALL 21212776 1 0 1706835370
WALL 21212776 1 0 1706835371
WALL 21212776 1 0 1706835372
WALL 21212776 1 0 1706835373
WALL 21212776 1 0 1706835374
WALL 21212776 1 0 1706835375
WALL 21212776 1 0 1706835376
WALL 21212776 1 0 1706835377
WALL 21212776 1 0 1706835378
WALL 21212776 1 0 1706835379
WALL 21212776 1 0 1706835380
WALL 21212776 1 0 1706835381
WALL 21212776 1 0 1706835382
WALL 21212776 1 0 1706835383
WALL 21212776 1 0 1706835384
WALL 21212776 1 0 1706835385
WALL 21212776 1 0 1706835386
WALL 21212776 1 0 1706835387
WALL 21212776 1 0 1706835388
WALL 21212776 1 0 1706835389
WALL 21212776 1 0 1706835390
WALL 21212776 1 0 1706835391
WALL 21212776 1 0 1706835392
WALL 21212776 1 0 1706835393
WALL 21212776 1 0 1706835394
WALL 21212776 1 0 1706835395
WALL 21212776 1 0 1706835396
WALL 21212776 1 0 1706835397
WALL 21212776 1 0 1706835398
WALL 21212776 1 0 1706835399
WALL 21212776 1 0 1706835400
WALL 21212776 1 0 1706835401
WALL 21212776 1 0 1706835402
WALL 21212776 1 0 1706835403
WALL 21212776 1 0 1706835404
WALL 21212776 1 0 1706835405
WALL 21212776 1 0 1706835406
WALL 21212776 1 0 1706835407
WALL 21212776 1 0 1706835408
WALL 21212776 1 0 1706835409
WALL 21212776 1 0 1706835410
WALL 21212776 1 0 1706835411
WALL 21212776 1 0 1706835412
WALL 21212776 1 0 1706835413
WALL 21212776 1 0 1706835414
WALL 21212776 1 0 1706835415
WALL 21212776 1 0 1706835416
WALL 21212776 1 0 1706835417
WALL 21212776 1 0 1706835418
WALL 21212776 1 0 1706835419
WALL 21212776 1 0 1706835420
WALL 21212776 1 0 1706835421
WALL 21212776 1 0 1706835422
WALL 21212776 1 0 1706835423
WALL 21212776 1 0 1706835424
WALL 21212776 1 0 1706835425
WALL 21212776 1 0 1706835426
WALL 21212776 1 0 1706835427
WALL 21212776 1 0 1706835428
WALL 21212776 1 0 1706835429
WALL 21212776 1 0 1706835430
WALL 21212776 1 0 1706835431
WALL 21212776 1 0 1706835432
WALL 21212776 1 0 1706835433
WALL 21212776 1 0 1706835434
WALL 21212776 1 0 1706835435
WALL 21212776 1 0 1706835436
WALL 21212776 1 0 1706835437
WALL 21212776 1 0 1706835438
WALL 21212776 1 0 1706835439
WALL 21212776 1 0 1706835440
WALL 21212776 1 0 1706835441
WALL 21212776 1 0 1706835442
WALL 21212776 1 0 1706835443
WALL 21212776 1 0 1706835444
WALL 21212776 1 0 1706835445
WALL 21212776 1 0 1706835446
WALL 21212776 1 0 1706835447
WALL 21212776 1 0 1706835448
WALL 21212776 1 0 1706835449
WALL 21212776 1 0 1706835450
WALL 21212776 1 0 1706835451
WALL 21212776 1 0 1706835452
WALL 21212776 1 0 1706835453
WALL 21212776 1 0 1706835454
WALL 21212776 1 0 1706835455
WALL 21212776 1 0 1706835456
WALL 21212776 1 0 1706835457
WALL 21212776 1 0 1706835458
WALL 21212776 1 0 1706835459
WALL 21212776 1 0 1706835460
WALL 21212776 1 0 1706835461
WALL 21212776 1 0 1706835462
WALL 21212776 1 0 1706835463
WALL 21212776 1 0 1706835464
WALL 21212776 1 0 1706835465
WALL 21212776 1 0 1706835466
WALL 21212776 1 0 1706835467
WALL 21212776 1 0 1706835468
WALL 21212776 1 0 1706835469
WALL 21212776 1 0 1706835470
WALL 21212776 1 0 1706835471
WALL 21212776 1 0 1706835472
WALL 21212776 1 0 1706835473
WALL 21212776 1 0 1706835474
WALL 21212776 1 0 1706835475
WALL 21212776 1 0 1706835476
WALL 21212776 1 0 1706835477
WALL 21212776 1 0 1706835478
WALL 21212776 1 0 1706835479
WALL 21212776 1 0 1706835480
WALL 21212776 1 0 1706835481
WALL 21212776 1 0 1706835482
WALL 21212776 1 0 1706835483
WALL 21212776 1 0 1706835484
WALL 21212776 1 0 1706835485
WALL 21212776 1 0 1706835486
WALL 21212776 1 0 1706835487
WALL 21212776 1 0 1706835488
WALL 21212776 1 0 1706835489
WALL 21212776 1 0 1706835490
WALL 21212776 1 0 1706835491
WALL 21212776 1 0 1706835492
WALL 21212776 1 0 1706835493
WALL 21212776 1 0 1706835494
WALL 21212776 1 0 1706835495
WALL 21212776 1 0 1706835496
WALL 21212776 1 0 1706835497
WALL 21212776 1 0 1706835498
WALL 21212776 1 0 1706835499
WALL 21212776 1 0 1706835500
WALL 21212776 1 0 1706835501
WALL 21212776 1 0 1706835502
WALL 21212776 1 0 1706835503
WALL 21212776 1 0 1706835504
WALL 21212776 1 0 1706835505
WALL 21212776 1 0 1706835506
WALL 21212776 1 0 1706835507
WALL 21212776 1 0 1706835508
WALL 21212776 1 0 1706835509
WALL 21212776 1 0 1706835510
WALL 21212776 1 0 1706835511
WALL 21212776 1 0 1706835512
WALL 21212776 1 0 1706835513
WALL 21212776 1 0 1706835514
WALL 21212776 1 0 1706835515
WALL 21212776 1 0 1706835516
WALL 21212776 1 0 1706835517
WALL 21212776 1 0 1706835518
WALL 21212776 1 0 1706835519
WALL 21212776 1 0 1706835520
WALL 21212776 1 0 1706835521
WALL 21212776 1 0 1706835522
WALL 21212776 1 0 1706835523
WALL 21212776 1 0 1706835524
WALL 21212776 1 0 1706835525
WALL 21212776 1 0 1706835526
WALL 21212776 1 0 1706835527
WALL 21212776 1 0 1706835528
WALL 21212776 1 0 1706835529
WALL 21212776 1 0 1706835530
WALL 21212776 1 0 1706835531
WALL 21212776 1 0 1706835532
WALL 21212776 1 0 1706835533
WALL 21212776 1 0 1706835534
WALL 21212776 1 0 1706835535
WALL 21212776 1 0 1706835536
WALL 21212776 1 0 1706835537
WALL 21212776 1 0 1706835538
WALL 21212776 1 0 1706835539
WALL 21212776 1 0 1706835540
WALL 21212776 1 0 1706835541
WALL 21212776 1 0 1706835542
WALL 21212776 1 0 1706835543
WALL 21212776 1 0 1706835544
WALL 21212776 1 0 1706835545
WALL 21212776 1 0 1706835546
WALL 21212776 1 0 1706835547
WALL 21212776 1 0 1706835548
WALL 21212776 1 0 1706835549
WALL 21212776 1 0 1706835550
WALL 21212776 1 0 1706835551
WALL 21212776 1 0 1706835552
WALL 21212776 1 0 1706835553
WALL 21212776 1 0 1706835554
WALL 21212776 1 0 1706835555
WALL 21212776 1 0 1706835556
WALL 21212776 1 0 1706835557
WALL 21212776 1 0 1706835558
WALL 21212776 1 0 1706835559
WALL 21212776 1 0 1706835560
WALL 21212776 1 0 1706835561
WALL 21212776 1 0 1706835562
WALL 21212776 1 0 1706835563
WALL 21212776 1 0 1706835564
WALL 21212776 1 0 1706835565
WALL 21212776 1 0 1706835566
WALL 21212776 1 0 1706835567
WALL 21212776 1 0 1706835568
WALL 21212776 1 0 1706835569
WALL 21212776 1 0 1706835570
WALL 21212776 1 0 1706835571
WALL 21212776 1 0 1706835572
WALL 21212776 1 0 1706835573
WALL 21212776 1 0 1706835574
WALL 21212776 1 0 1706835575
WALL 21212776 1 0 1706835576
WALL 21212776 1 0 1706835577
WALL 21212776 1 0 1706835578
WALL 21212776 1 0 1706835579
WALL 21212776 1 0 1706835580
WALL 21212776 1 0 1706835581
WALL 21212776 1 0 1706835582
WALL 21212776 1 0 1706835583
WALL 21212776 1 0 1706835584
WALL 21212776 1 0 1706835585
WALL 21212776 1 0 1706835586
WALL 21212776 1 0 1706835587
WALL 21212776 1 0 1706835588
WALL 21212776 1 0 1706835589
WALL 21212776 1 0 1706835590
WALL 21212776 1 0 1706835591
WALL 21212776 1 0 1706835592
WALL 21212776 1 0 1706835593
WALL 21212776 1 0 1706835594
WALL 21212776 1 0 1706835595
WALL 21212776 1 0 1706835596
WALL 21212776 1 0 1706835597
WALL 21212776 1 0 1706835598
WALL 21212776 1 0 1706835599
WALL 21212776 1 0 1706835600
WALL 21212776 1 0 1706835601
WALL 21212776 1 0 1706835602
WALL 21212776 1 0 1706835603
WALL 21212776 1 0 1706835604
WALL 21212776 1 0 1706835605
WALL 21212776 1 0 1706835606
WALL 21212776 1 0 1706835607
WALL 21212776 1 0 1706835608
WALL 21212776 1 0 1706835609
WALL 21212776 1 0 1706835610
WALL 21212776 1 0 1706835611
WALL 21212776 1 0 1706835612
WALL 21212776 1 0 1706835613
WALL 21212776 1 0 1706835614
WALL 21212776 1 0 1706835615
WALL 21212776 1 0 1706835616
WALL 21212776 1 0 1706835617
WALL 21212776 1 0 1706835618
WALL 21212776 1 0 1706835619
WALL 21212776 1 0 1706835620
WALL 21212776 1 0 1706835621
WALL 21212776 1 0 1706835622
WALL 21212776 1 0 1706835623
WALL 21212776 1 0 1706835624
WALL 21212776 1 0 1706835625
WALL 21212776 1 0 1706835626
WALL 21212776 1 0 1706835627
WALL 21212776 1 0 1706835628
WALL 21212776 1 0 1706835629
WALL 21212776 1 0 1706835630
WALL 21212776 1 0 1706835631
WALL 21212776 1 0 1706835632
WALL 21212776 1 0 1706835633
WALL 21212776 1 0 1706835634
WALL 21212776 1 0 1706835635
WALL 21212776 1 0 1706835636
WALL 21212776 1 0 1706835637
WALL 21212776 1 0 1706835638
WALL 21212776 1 0 1706835639
WALL 21212776 1 0 1706835640
WALL 21212776 1 0 1706835641
WALL 21212776 1 0 1706835642
WALL 21212776 1 0 1706835643
WALL 21212776 1 0 1706835644
WALL 21212776 1 0 1706835645
WALL 21212776 1 0 1706835646
WALL 21212776 1 0 1706835647
WALL 21212776 1 0 1706835648
WALL 21212776 1 0 1706835649
WALL 21212776 1 0 1706835650
WALL 21212776 1 0 1706835651
WALL 21212776 1 0 1706835652
WALL 21212776 1 0 1706835653
WALL 21212776 1 0 1706835654
WALL 21212776 1 0 1706835655
WALL 21212776 1 0 1706835656
WALL 21212776 1 0 1706835657
WALL 21212776 1 0 1706835658
WALL 21212776 1 0 1706835659
WALL 21212776 1 0 1706835660
WALL 21212776 1 0 1706835661
WALL 21212776 1 0 1706835662
WALL 21212776 1 0 1706835663
WALL 21212776 1 0 1706835664
WALL 21212776 1 0 1706835665
WALL 21212776 1 0 1706835666
WALL 21212776 1 0 1706835667
WALL 21212776 1 0 1706835668
WALL 21212776 1 0 1706835669
WALL 21212776 1 0 1706835670
WALL 21212776 1 0 1706835671
WALL 21212776 1 0 1706835672
WALL 21212776 1 0 1706835673
WALL 21212776 1 0 1706835674
WALL 21212776 1 0 1706835675
WALL 21212776 1 0 1706835676
WALL 21212776 1 0 1706835677
WALL 21212776 1 0 1706835678
WALL 21212776 1 0 1706835679
WALL 21212776 1 0 1706835680
WALL 21212776 1 0 1706835681
WALL 21212776 1 0 1706835682
WALL 21212776 1 0 1706835683
WALL 21212776 1 0 1706835684
WALL 21212776 1 0 1706835685
WALL 21212776 1 0 1706835686
WALL 21212776 1 0 1706835687
WALL 21212776 1 0 1706835688
WALL 21212776 1 0 1706835689
WALL 21212776 1 0 1706835690
WALL 21212776 1 0 1706835691
WALL 21212776 1 0 1706835692
WALL 21212776 1 0 1706835693
WALL 21212776 1 0 1706835694
WALL 21212776 1 0 1706835695
WALL 21212776 1 0 1706835696
WALL 21212776 1 0 1706835697
WALL 21212776 1 0 1706835698
WALL 21212776 1 0 1706835699
WALL 21212776 1 0 1706835700
WALL 21212776 1 0 1706835701
WALL 21212776 1 0 1706835702
WALL 21212776 1 0 1706835703
WALL 21212776 1 0 1706835704
WALL 21212776 1 0 1706835705
WALL 21212776 1 0 1706835706
WALL 21212776 1 0 1706835707
WALL 21212776 1 0 1706835708
WALL 21212776 1 0 1706835709
WALL 21212776 1 0 1706835710
WALL 21212776 1 0 1706835711
WALL 21212776 1 0 1706835712
WALL 21212776 1 0 1706835713
WALL 21212776 1 0 1706835714
WALL 21212776 1 0 1706835715
WALL 21212776 1 0 1706835716
WALL 21212776 1 0 1706835717
WALL 21212776 1 0 1706835718
WALL 21212776 1 0 1706835719
WALL 21212776 1 0 1706835720
WALL 21212776 1 0 1706835721
WALL 21212776 1 0 1706835722
WALL 21212776 1 0 1706835723
WALL 21212776 1 0 1706835724
WALL 21212776 1 0 1706835725
WALL 21212776 1 0 1706835726
WALL 21212776 1 0 1706835727
WALL 21212776 1 0 1706835728
WALL 21212776 1 0 1706835729
WALL 21212776 1 0 1706835730
WALL 21212776 1 0 1706835731
WALL 21212776 1 0 1706835732
WALL 21212776 1 0 1706835733
WALL 21212776 1 0 1706835734
WALL 21212776 1 0 1706835735
WALL 21212776 1 0 1706835736
WALL 21212776 1 0 1706835737
WALL 21212776 1 0 1706835738
WALL 21212776 1 0 1706835739
WALL 21212776 1 0 1706835740
WALL 21212776 1 0 1706835741
WALL 21212776 1 0 1706835742
WALL 21212776 1 0 1706835743
WALL 21212776 1 0 1706835744
WALL 21212776 1 0 1706835745
WALL 21212776 1 0 1706835746
WALL 21212776 1 0 1706835747
WALL 21212776 1 0 1706835748
WALL 21212776 1 0 1706835749
WALL 21212776 1 0 1706835750
WALL 21212776 1 0 1706835751
WALL 21212776 1 0 1706835752
WALL 21212776 1 0 1706835753
WALL 21212776 1 0 1706835754
WALL 21212776 1 0 1706835755
WALL 21212776 1 0 1706835756
WALL 21212776 1 0 1706835757
WALL 21212776 1 0 1706835758
WALL 21212776 1 0 1706835759
WALL 21212776 1 0 1706835760
srun: Job step aborted: Waiting up to 32 seconds for job step to finish.
received SIGCONT 1706835761
WALL 21212776 1 0 1706835761
slurmstepd: error: *** STEP 21212776.0 ON nid200209 CANCELLED AT 2024-02-02T01:02:41 ***
slurmstepd: error: *** JOB 21212776 ON nid200209 CANCELLED AT 2024-02-02T01:02:41 ***
received SIGTERM 1706835761
WALL 21212776 1 0 1706835761
