WALL 21149674 1 0 1706737966
WALL 21149674 1 0 1706737967
WALL 21149674 1 0 1706737968
WALL 21149674 1 0 1706737969
WALL 21149674 1 0 1706737970
WALL 21149674 1 0 1706737971
WALL 21149674 1 0 1706737972
WALL 21149674 1 0 1706737973
WALL 21149674 1 0 1706737974
WALL 21149674 1 0 1706737975
WALL 21149674 1 0 1706737976
WALL 21149674 1 0 1706737977
WALL 21149674 1 0 1706737978
WALL 21149674 1 0 1706737979
WALL 21149674 1 0 1706737980
WALL 21149674 1 0 1706737981
WALL 21149674 1 0 1706737982
WALL 21149674 1 0 1706737983
WALL 21149674 1 0 1706737984
WALL 21149674 1 0 1706737985
WALL 21149674 1 0 1706737986
WALL 21149674 1 0 1706737987
WALL 21149674 1 0 1706737988
WALL 21149674 1 0 1706737989
WALL 21149674 1 0 1706737990
WALL 21149674 1 0 1706737991
WALL 21149674 1 0 1706737992
WALL 21149674 1 0 1706737993
WALL 21149674 1 0 1706737994
WALL 21149674 1 0 1706737995
WALL 21149674 1 0 1706737996
WALL 21149674 1 0 1706737997
WALL 21149674 1 0 1706737998
WALL 21149674 1 0 1706737999
WALL 21149674 1 0 1706738000
WALL 21149674 1 0 1706738001
WALL 21149674 1 0 1706738002
WALL 21149674 1 0 1706738003
WALL 21149674 1 0 1706738004
WALL 21149674 1 0 1706738005
WALL 21149674 1 0 1706738006
WALL 21149674 1 0 1706738007
WALL 21149674 1 0 1706738008
WALL 21149674 1 0 1706738009
WALL 21149674 1 0 1706738010
WALL 21149674 1 0 1706738011
WALL 21149674 1 0 1706738012
WALL 21149674 1 0 1706738013
WALL 21149674 1 0 1706738014
WALL 21149674 1 0 1706738015
WALL 21149674 1 0 1706738016
WALL 21149674 1 0 1706738017
WALL 21149674 1 0 1706738018
WALL 21149674 1 0 1706738019
WALL 21149674 1 0 1706738020
WALL 21149674 1 0 1706738021
WALL 21149674 1 0 1706738022
WALL 21149674 1 0 1706738023
WALL 21149674 1 0 1706738024
WALL 21149674 1 0 1706738025
WALL 21149674 1 0 1706738026
WALL 21149674 1 0 1706738027
WALL 21149674 1 0 1706738028
WALL 21149674 1 0 1706738029
WALL 21149674 1 0 1706738030
WALL 21149674 1 0 1706738031
WALL 21149674 1 0 1706738032
WALL 21149674 1 0 1706738033
WALL 21149674 1 0 1706738034
WALL 21149674 1 0 1706738035
WALL 21149674 1 0 1706738036
WALL 21149674 1 0 1706738037
WALL 21149674 1 0 1706738038
WALL 21149674 1 0 1706738039
WALL 21149674 1 0 1706738040
WALL 21149674 1 0 1706738041
WALL 21149674 1 0 1706738042
WALL 21149674 1 0 1706738043
WALL 21149674 1 0 1706738044
WALL 21149674 1 0 1706738045
WALL 21149674 1 0 1706738046
WALL 21149674 1 0 1706738047
WALL 21149674 1 0 1706738048
WALL 21149674 1 0 1706738049
WALL 21149674 1 0 1706738050
WALL 21149674 1 0 1706738051
WALL 21149674 1 0 1706738052
WALL 21149674 1 0 1706738053
WALL 21149674 1 0 1706738054
WALL 21149674 1 0 1706738055
WALL 21149674 1 0 1706738056
WALL 21149674 1 0 1706738057
WALL 21149674 1 0 1706738058
WALL 21149674 1 0 1706738059
WALL 21149674 1 0 1706738060
WALL 21149674 1 0 1706738061
WALL 21149674 1 0 1706738062
WALL 21149674 1 0 1706738063
WALL 21149674 1 0 1706738064
WALL 21149674 1 0 1706738065
WALL 21149674 1 0 1706738066
WALL 21149674 1 0 1706738067
WALL 21149674 1 0 1706738068
WALL 21149674 1 0 1706738069
WALL 21149674 1 0 1706738070
WALL 21149674 1 0 1706738071
WALL 21149674 1 0 1706738072
WALL 21149674 1 0 1706738073
WALL 21149674 1 0 1706738074
WALL 21149674 1 0 1706738075
WALL 21149674 1 0 1706738076
WALL 21149674 1 0 1706738077
WALL 21149674 1 0 1706738078
WALL 21149674 1 0 1706738079
WALL 21149674 1 0 1706738080
WALL 21149674 1 0 1706738081
WALL 21149674 1 0 1706738082
WALL 21149674 1 0 1706738083
WALL 21149674 1 0 1706738084
WALL 21149674 1 0 1706738085
WALL 21149674 1 0 1706738086
WALL 21149674 1 0 1706738087
WALL 21149674 1 0 1706738088
WALL 21149674 1 0 1706738089
WALL 21149674 1 0 1706738090
WALL 21149674 1 0 1706738091
WALL 21149674 1 0 1706738092
WALL 21149674 1 0 1706738093
WALL 21149674 1 0 1706738094
WALL 21149674 1 0 1706738095
WALL 21149674 1 0 1706738096
WALL 21149674 1 0 1706738097
WALL 21149674 1 0 1706738098
WALL 21149674 1 0 1706738099
WALL 21149674 1 0 1706738100
WALL 21149674 1 0 1706738101
WALL 21149674 1 0 1706738102
WALL 21149674 1 0 1706738103
WALL 21149674 1 0 1706738104
WALL 21149674 1 0 1706738105
WALL 21149674 1 0 1706738106
WALL 21149674 1 0 1706738107
WALL 21149674 1 0 1706738108
WALL 21149674 1 0 1706738109
WALL 21149674 1 0 1706738110
WALL 21149674 1 0 1706738111
WALL 21149674 1 0 1706738112
WALL 21149674 1 0 1706738113
WALL 21149674 1 0 1706738114
WALL 21149674 1 0 1706738115
WALL 21149674 1 0 1706738116
WALL 21149674 1 0 1706738117
WALL 21149674 1 0 1706738118
WALL 21149674 1 0 1706738119
WALL 21149674 1 0 1706738120
WALL 21149674 1 0 1706738121
WALL 21149674 1 0 1706738122
WALL 21149674 1 0 1706738123
WALL 21149674 1 0 1706738124
WALL 21149674 1 0 1706738125
WALL 21149674 1 0 1706738126
WALL 21149674 1 0 1706738127
WALL 21149674 1 0 1706738128
WALL 21149674 1 0 1706738129
WALL 21149674 1 0 1706738130
WALL 21149674 1 0 1706738131
WALL 21149674 1 0 1706738132
WALL 21149674 1 0 1706738133
WALL 21149674 1 0 1706738134
WALL 21149674 1 0 1706738135
WALL 21149674 1 0 1706738136
WALL 21149674 1 0 1706738137
WALL 21149674 1 0 1706738138
WALL 21149674 1 0 1706738139
WALL 21149674 1 0 1706738140
WALL 21149674 1 0 1706738141
WALL 21149674 1 0 1706738142
WALL 21149674 1 0 1706738143
WALL 21149674 1 0 1706738144
WALL 21149674 1 0 1706738145
WALL 21149674 1 0 1706738146
WALL 21149674 1 0 1706738147
WALL 21149674 1 0 1706738148
WALL 21149674 1 0 1706738149
WALL 21149674 1 0 1706738150
WALL 21149674 1 0 1706738151
WALL 21149674 1 0 1706738152
WALL 21149674 1 0 1706738153
WALL 21149674 1 0 1706738154
WALL 21149674 1 0 1706738155
WALL 21149674 1 0 1706738156
WALL 21149674 1 0 1706738157
WALL 21149674 1 0 1706738158
WALL 21149674 1 0 1706738159
WALL 21149674 1 0 1706738160
WALL 21149674 1 0 1706738161
WALL 21149674 1 0 1706738162
WALL 21149674 1 0 1706738163
WALL 21149674 1 0 1706738164
WALL 21149674 1 0 1706738165
WALL 21149674 1 0 1706738166
WALL 21149674 1 0 1706738167
WALL 21149674 1 0 1706738168
WALL 21149674 1 0 1706738169
WALL 21149674 1 0 1706738170
WALL 21149674 1 0 1706738171
WALL 21149674 1 0 1706738172
WALL 21149674 1 0 1706738173
WALL 21149674 1 0 1706738174
WALL 21149674 1 0 1706738175
WALL 21149674 1 0 1706738176
WALL 21149674 1 0 1706738177
WALL 21149674 1 0 1706738178
WALL 21149674 1 0 1706738179
WALL 21149674 1 0 1706738180
WALL 21149674 1 0 1706738181
WALL 21149674 1 0 1706738182
WALL 21149674 1 0 1706738183
WALL 21149674 1 0 1706738184
WALL 21149674 1 0 1706738185
WALL 21149674 1 0 1706738186
WALL 21149674 1 0 1706738187
WALL 21149674 1 0 1706738188
WALL 21149674 1 0 1706738189
WALL 21149674 1 0 1706738190
WALL 21149674 1 0 1706738191
WALL 21149674 1 0 1706738192
WALL 21149674 1 0 1706738193
WALL 21149674 1 0 1706738194
WALL 21149674 1 0 1706738195
WALL 21149674 1 0 1706738196
WALL 21149674 1 0 1706738197
WALL 21149674 1 0 1706738198
WALL 21149674 1 0 1706738199
WALL 21149674 1 0 1706738200
WALL 21149674 1 0 1706738201
WALL 21149674 1 0 1706738202
WALL 21149674 1 0 1706738203
WALL 21149674 1 0 1706738204
WALL 21149674 1 0 1706738205
WALL 21149674 1 0 1706738206
WALL 21149674 1 0 1706738207
WALL 21149674 1 0 1706738208
WALL 21149674 1 0 1706738209
WALL 21149674 1 0 1706738210
WALL 21149674 1 0 1706738211
WALL 21149674 1 0 1706738212
WALL 21149674 1 0 1706738213
WALL 21149674 1 0 1706738214
WALL 21149674 1 0 1706738215
WALL 21149674 1 0 1706738216
WALL 21149674 1 0 1706738217
WALL 21149674 1 0 1706738218
WALL 21149674 1 0 1706738219
WALL 21149674 1 0 1706738220
WALL 21149674 1 0 1706738221
WALL 21149674 1 0 1706738222
WALL 21149674 1 0 1706738223
WALL 21149674 1 0 1706738224
WALL 21149674 1 0 1706738225
WALL 21149674 1 0 1706738226
WALL 21149674 1 0 1706738227
WALL 21149674 1 0 1706738228
WALL 21149674 1 0 1706738229
WALL 21149674 1 0 1706738230
WALL 21149674 1 0 1706738231
WALL 21149674 1 0 1706738232
WALL 21149674 1 0 1706738233
WALL 21149674 1 0 1706738234
WALL 21149674 1 0 1706738235
WALL 21149674 1 0 1706738236
WALL 21149674 1 0 1706738237
WALL 21149674 1 0 1706738238
WALL 21149674 1 0 1706738239
WALL 21149674 1 0 1706738240
WALL 21149674 1 0 1706738241
WALL 21149674 1 0 1706738242
WALL 21149674 1 0 1706738243
WALL 21149674 1 0 1706738244
WALL 21149674 1 0 1706738245
WALL 21149674 1 0 1706738246
WALL 21149674 1 0 1706738247
WALL 21149674 1 0 1706738248
WALL 21149674 1 0 1706738249
WALL 21149674 1 0 1706738250
WALL 21149674 1 0 1706738251
WALL 21149674 1 0 1706738252
WALL 21149674 1 0 1706738253
WALL 21149674 1 0 1706738254
WALL 21149674 1 0 1706738255
WALL 21149674 1 0 1706738256
WALL 21149674 1 0 1706738257
WALL 21149674 1 0 1706738258
WALL 21149674 1 0 1706738259
WALL 21149674 1 0 1706738260
WALL 21149674 1 0 1706738261
WALL 21149674 1 0 1706738262
WALL 21149674 1 0 1706738263
WALL 21149674 1 0 1706738264
WALL 21149674 1 0 1706738265
WALL 21149674 1 0 1706738266
WALL 21149674 1 0 1706738267
WALL 21149674 1 0 1706738268
WALL 21149674 1 0 1706738269
WALL 21149674 1 0 1706738270
WALL 21149674 1 0 1706738271
WALL 21149674 1 0 1706738272
WALL 21149674 1 0 1706738273
WALL 21149674 1 0 1706738274
WALL 21149674 1 0 1706738275
WALL 21149674 1 0 1706738276
WALL 21149674 1 0 1706738277
WALL 21149674 1 0 1706738278
WALL 21149674 1 0 1706738279
WALL 21149674 1 0 1706738280
WALL 21149674 1 0 1706738281
WALL 21149674 1 0 1706738282
WALL 21149674 1 0 1706738283
WALL 21149674 1 0 1706738284
WALL 21149674 1 0 1706738285
WALL 21149674 1 0 1706738286
WALL 21149674 1 0 1706738287
WALL 21149674 1 0 1706738288
WALL 21149674 1 0 1706738289
WALL 21149674 1 0 1706738290
WALL 21149674 1 0 1706738291
WALL 21149674 1 0 1706738292
WALL 21149674 1 0 1706738293
WALL 21149674 1 0 1706738294
WALL 21149674 1 0 1706738295
WALL 21149674 1 0 1706738296
WALL 21149674 1 0 1706738297
WALL 21149674 1 0 1706738298
WALL 21149674 1 0 1706738299
WALL 21149674 1 0 1706738300
WALL 21149674 1 0 1706738301
WALL 21149674 1 0 1706738302
WALL 21149674 1 0 1706738303
WALL 21149674 1 0 1706738304
WALL 21149674 1 0 1706738305
WALL 21149674 1 0 1706738306
WALL 21149674 1 0 1706738307
WALL 21149674 1 0 1706738308
WALL 21149674 1 0 1706738309
WALL 21149674 1 0 1706738310
WALL 21149674 1 0 1706738311
WALL 21149674 1 0 1706738312
WALL 21149674 1 0 1706738313
WALL 21149674 1 0 1706738314
WALL 21149674 1 0 1706738315
WALL 21149674 1 0 1706738316
WALL 21149674 1 0 1706738317
WALL 21149674 1 0 1706738318
WALL 21149674 1 0 1706738319
WALL 21149674 1 0 1706738320
WALL 21149674 1 0 1706738321
WALL 21149674 1 0 1706738322
WALL 21149674 1 0 1706738323
WALL 21149674 1 0 1706738324
WALL 21149674 1 0 1706738325
WALL 21149674 1 0 1706738326
WALL 21149674 1 0 1706738327
WALL 21149674 1 0 1706738328
WALL 21149674 1 0 1706738329
WALL 21149674 1 0 1706738330
WALL 21149674 1 0 1706738331
WALL 21149674 1 0 1706738332
WALL 21149674 1 0 1706738333
WALL 21149674 1 0 1706738334
WALL 21149674 1 0 1706738335
WALL 21149674 1 0 1706738336
WALL 21149674 1 0 1706738337
WALL 21149674 1 0 1706738338
WALL 21149674 1 0 1706738339
WALL 21149674 1 0 1706738340
WALL 21149674 1 0 1706738341
WALL 21149674 1 0 1706738342
WALL 21149674 1 0 1706738343
WALL 21149674 1 0 1706738344
WALL 21149674 1 0 1706738345
WALL 21149674 1 0 1706738346
WALL 21149674 1 0 1706738347
WALL 21149674 1 0 1706738348
WALL 21149674 1 0 1706738349
WALL 21149674 1 0 1706738350
WALL 21149674 1 0 1706738351
WALL 21149674 1 0 1706738352
WALL 21149674 1 0 1706738353
WALL 21149674 1 0 1706738354
WALL 21149674 1 0 1706738355
WALL 21149674 1 0 1706738356
WALL 21149674 1 0 1706738357
WALL 21149674 1 0 1706738358
WALL 21149674 1 0 1706738359
WALL 21149674 1 0 1706738360
WALL 21149674 1 0 1706738361
WALL 21149674 1 0 1706738362
WALL 21149674 1 0 1706738363
WALL 21149674 1 0 1706738364
WALL 21149674 1 0 1706738365
WALL 21149674 1 0 1706738366
WALL 21149674 1 0 1706738367
WALL 21149674 1 0 1706738368
WALL 21149674 1 0 1706738369
WALL 21149674 1 0 1706738370
WALL 21149674 1 0 1706738371
WALL 21149674 1 0 1706738372
WALL 21149674 1 0 1706738373
WALL 21149674 1 0 1706738374
WALL 21149674 1 0 1706738375
WALL 21149674 1 0 1706738376
WALL 21149674 1 0 1706738377
WALL 21149674 1 0 1706738378
WALL 21149674 1 0 1706738379
WALL 21149674 1 0 1706738380
WALL 21149674 1 0 1706738381
WALL 21149674 1 0 1706738382
WALL 21149674 1 0 1706738383
WALL 21149674 1 0 1706738384
WALL 21149674 1 0 1706738385
WALL 21149674 1 0 1706738386
WALL 21149674 1 0 1706738387
WALL 21149674 1 0 1706738388
WALL 21149674 1 0 1706738389
WALL 21149674 1 0 1706738390
WALL 21149674 1 0 1706738391
WALL 21149674 1 0 1706738392
WALL 21149674 1 0 1706738393
WALL 21149674 1 0 1706738394
WALL 21149674 1 0 1706738395
WALL 21149674 1 0 1706738396
WALL 21149674 1 0 1706738397
WALL 21149674 1 0 1706738398
WALL 21149674 1 0 1706738399
WALL 21149674 1 0 1706738400
WALL 21149674 1 0 1706738401
WALL 21149674 1 0 1706738402
WALL 21149674 1 0 1706738403
WALL 21149674 1 0 1706738404
WALL 21149674 1 0 1706738405
WALL 21149674 1 0 1706738406
WALL 21149674 1 0 1706738407
WALL 21149674 1 0 1706738408
WALL 21149674 1 0 1706738409
WALL 21149674 1 0 1706738410
WALL 21149674 1 0 1706738411
WALL 21149674 1 0 1706738412
WALL 21149674 1 0 1706738413
WALL 21149674 1 0 1706738414
WALL 21149674 1 0 1706738415
WALL 21149674 1 0 1706738416
WALL 21149674 1 0 1706738417
WALL 21149674 1 0 1706738418
WALL 21149674 1 0 1706738419
WALL 21149674 1 0 1706738420
WALL 21149674 1 0 1706738421
WALL 21149674 1 0 1706738422
WALL 21149674 1 0 1706738423
WALL 21149674 1 0 1706738424
WALL 21149674 1 0 1706738425
WALL 21149674 1 0 1706738426
WALL 21149674 1 0 1706738427
WALL 21149674 1 0 1706738428
WALL 21149674 1 0 1706738429
WALL 21149674 1 0 1706738430
WALL 21149674 1 0 1706738431
WALL 21149674 1 0 1706738432
WALL 21149674 1 0 1706738433
WALL 21149674 1 0 1706738434
WALL 21149674 1 0 1706738435
WALL 21149674 1 0 1706738436
WALL 21149674 1 0 1706738437
WALL 21149674 1 0 1706738438
WALL 21149674 1 0 1706738439
WALL 21149674 1 0 1706738440
WALL 21149674 1 0 1706738441
WALL 21149674 1 0 1706738442
WALL 21149674 1 0 1706738443
WALL 21149674 1 0 1706738444
WALL 21149674 1 0 1706738445
WALL 21149674 1 0 1706738446
WALL 21149674 1 0 1706738447
WALL 21149674 1 0 1706738448
WALL 21149674 1 0 1706738449
WALL 21149674 1 0 1706738450
WALL 21149674 1 0 1706738451
WALL 21149674 1 0 1706738452
WALL 21149674 1 0 1706738453
WALL 21149674 1 0 1706738454
WALL 21149674 1 0 1706738455
WALL 21149674 1 0 1706738456
WALL 21149674 1 0 1706738457
WALL 21149674 1 0 1706738458
WALL 21149674 1 0 1706738459
WALL 21149674 1 0 1706738460
WALL 21149674 1 0 1706738461
WALL 21149674 1 0 1706738462
WALL 21149674 1 0 1706738463
WALL 21149674 1 0 1706738464
WALL 21149674 1 0 1706738465
WALL 21149674 1 0 1706738466
WALL 21149674 1 0 1706738467
WALL 21149674 1 0 1706738468
WALL 21149674 1 0 1706738469
WALL 21149674 1 0 1706738470
WALL 21149674 1 0 1706738471
WALL 21149674 1 0 1706738472
WALL 21149674 1 0 1706738473
WALL 21149674 1 0 1706738474
WALL 21149674 1 0 1706738475
WALL 21149674 1 0 1706738476
WALL 21149674 1 0 1706738477
WALL 21149674 1 0 1706738478
WALL 21149674 1 0 1706738479
WALL 21149674 1 0 1706738480
WALL 21149674 1 0 1706738481
WALL 21149674 1 0 1706738482
WALL 21149674 1 0 1706738483
WALL 21149674 1 0 1706738484
WALL 21149674 1 0 1706738485
WALL 21149674 1 0 1706738486
WALL 21149674 1 0 1706738487
WALL 21149674 1 0 1706738488
WALL 21149674 1 0 1706738489
WALL 21149674 1 0 1706738490
WALL 21149674 1 0 1706738491
WALL 21149674 1 0 1706738492
WALL 21149674 1 0 1706738493
WALL 21149674 1 0 1706738494
WALL 21149674 1 0 1706738495
WALL 21149674 1 0 1706738496
WALL 21149674 1 0 1706738497
WALL 21149674 1 0 1706738498
WALL 21149674 1 0 1706738499
WALL 21149674 1 0 1706738500
WALL 21149674 1 0 1706738501
WALL 21149674 1 0 1706738502
WALL 21149674 1 0 1706738503
WALL 21149674 1 0 1706738504
WALL 21149674 1 0 1706738505
WALL 21149674 1 0 1706738506
WALL 21149674 1 0 1706738507
WALL 21149674 1 0 1706738508
WALL 21149674 1 0 1706738509
WALL 21149674 1 0 1706738510
WALL 21149674 1 0 1706738511
WALL 21149674 1 0 1706738512
WALL 21149674 1 0 1706738513
WALL 21149674 1 0 1706738514
WALL 21149674 1 0 1706738515
WALL 21149674 1 0 1706738516
WALL 21149674 1 0 1706738517
WALL 21149674 1 0 1706738518
WALL 21149674 1 0 1706738519
WALL 21149674 1 0 1706738520
WALL 21149674 1 0 1706738521
WALL 21149674 1 0 1706738522
WALL 21149674 1 0 1706738523
WALL 21149674 1 0 1706738524
WALL 21149674 1 0 1706738525
WALL 21149674 1 0 1706738526
WALL 21149674 1 0 1706738527
WALL 21149674 1 0 1706738528
WALL 21149674 1 0 1706738529
WALL 21149674 1 0 1706738530
WALL 21149674 1 0 1706738531
WALL 21149674 1 0 1706738532
WALL 21149674 1 0 1706738533
WALL 21149674 1 0 1706738534
WALL 21149674 1 0 1706738535
WALL 21149674 1 0 1706738536
WALL 21149674 1 0 1706738537
WALL 21149674 1 0 1706738538
WALL 21149674 1 0 1706738539
WALL 21149674 1 0 1706738540
WALL 21149674 1 0 1706738541
WALL 21149674 1 0 1706738542
WALL 21149674 1 0 1706738543
WALL 21149674 1 0 1706738544
WALL 21149674 1 0 1706738545
WALL 21149674 1 0 1706738546
WALL 21149674 1 0 1706738547
WALL 21149674 1 0 1706738548
WALL 21149674 1 0 1706738549
WALL 21149674 1 0 1706738550
WALL 21149674 1 0 1706738551
WALL 21149674 1 0 1706738552
WALL 21149674 1 0 1706738553
WALL 21149674 1 0 1706738554
WALL 21149674 1 0 1706738555
WALL 21149674 1 0 1706738556
WALL 21149674 1 0 1706738557
WALL 21149674 1 0 1706738558
WALL 21149674 1 0 1706738559
WALL 21149674 1 0 1706738560
WALL 21149674 1 0 1706738561
WALL 21149674 1 0 1706738562
WALL 21149674 1 0 1706738563
WALL 21149674 1 0 1706738564
WALL 21149674 1 0 1706738565
WALL 21149674 1 0 1706738566
WALL 21149674 1 0 1706738567
WALL 21149674 1 0 1706738568
WALL 21149674 1 0 1706738569
WALL 21149674 1 0 1706738570
WALL 21149674 1 0 1706738571
WALL 21149674 1 0 1706738572
WALL 21149674 1 0 1706738573
WALL 21149674 1 0 1706738574
WALL 21149674 1 0 1706738575
WALL 21149674 1 0 1706738576
WALL 21149674 1 0 1706738577
WALL 21149674 1 0 1706738578
WALL 21149674 1 0 1706738579
WALL 21149674 1 0 1706738580
WALL 21149674 1 0 1706738581
WALL 21149674 1 0 1706738582
WALL 21149674 1 0 1706738583
WALL 21149674 1 0 1706738584
WALL 21149674 1 0 1706738585
WALL 21149674 1 0 1706738586
WALL 21149674 1 0 1706738587
WALL 21149674 1 0 1706738588
WALL 21149674 1 0 1706738589
WALL 21149674 1 0 1706738590
WALL 21149674 1 0 1706738591
WALL 21149674 1 0 1706738592
WALL 21149674 1 0 1706738593
WALL 21149674 1 0 1706738594
WALL 21149674 1 0 1706738595
WALL 21149674 1 0 1706738596
WALL 21149674 1 0 1706738597
WALL 21149674 1 0 1706738598
WALL 21149674 1 0 1706738599
WALL 21149674 1 0 1706738600
WALL 21149674 1 0 1706738601
WALL 21149674 1 0 1706738602
WALL 21149674 1 0 1706738603
WALL 21149674 1 0 1706738604
WALL 21149674 1 0 1706738605
WALL 21149674 1 0 1706738606
WALL 21149674 1 0 1706738607
WALL 21149674 1 0 1706738608
WALL 21149674 1 0 1706738609
WALL 21149674 1 0 1706738610
WALL 21149674 1 0 1706738611
WALL 21149674 1 0 1706738612
WALL 21149674 1 0 1706738613
WALL 21149674 1 0 1706738614
WALL 21149674 1 0 1706738615
WALL 21149674 1 0 1706738616
WALL 21149674 1 0 1706738617
WALL 21149674 1 0 1706738618
WALL 21149674 1 0 1706738619
WALL 21149674 1 0 1706738620
WALL 21149674 1 0 1706738621
WALL 21149674 1 0 1706738622
WALL 21149674 1 0 1706738623
WALL 21149674 1 0 1706738624
WALL 21149674 1 0 1706738625
WALL 21149674 1 0 1706738626
WALL 21149674 1 0 1706738627
WALL 21149674 1 0 1706738628
WALL 21149674 1 0 1706738629
WALL 21149674 1 0 1706738630
WALL 21149674 1 0 1706738631
WALL 21149674 1 0 1706738632
WALL 21149674 1 0 1706738633
WALL 21149674 1 0 1706738634
WALL 21149674 1 0 1706738635
WALL 21149674 1 0 1706738636
WALL 21149674 1 0 1706738637
WALL 21149674 1 0 1706738638
WALL 21149674 1 0 1706738639
WALL 21149674 1 0 1706738640
WALL 21149674 1 0 1706738641
WALL 21149674 1 0 1706738642
WALL 21149674 1 0 1706738643
WALL 21149674 1 0 1706738644
WALL 21149674 1 0 1706738645
WALL 21149674 1 0 1706738646
WALL 21149674 1 0 1706738647
WALL 21149674 1 0 1706738648
WALL 21149674 1 0 1706738649
WALL 21149674 1 0 1706738650
WALL 21149674 1 0 1706738651
WALL 21149674 1 0 1706738652
WALL 21149674 1 0 1706738653
WALL 21149674 1 0 1706738654
WALL 21149674 1 0 1706738655
WALL 21149674 1 0 1706738656
WALL 21149674 1 0 1706738657
WALL 21149674 1 0 1706738658
WALL 21149674 1 0 1706738659
WALL 21149674 1 0 1706738660
WALL 21149674 1 0 1706738661
WALL 21149674 1 0 1706738662
WALL 21149674 1 0 1706738663
WALL 21149674 1 0 1706738664
WALL 21149674 1 0 1706738665
WALL 21149674 1 0 1706738666
WALL 21149674 1 0 1706738667
WALL 21149674 1 0 1706738668
WALL 21149674 1 0 1706738669
WALL 21149674 1 0 1706738670
WALL 21149674 1 0 1706738671
WALL 21149674 1 0 1706738672
WALL 21149674 1 0 1706738673
WALL 21149674 1 0 1706738674
WALL 21149674 1 0 1706738675
WALL 21149674 1 0 1706738676
WALL 21149674 1 0 1706738677
WALL 21149674 1 0 1706738678
WALL 21149674 1 0 1706738679
WALL 21149674 1 0 1706738680
WALL 21149674 1 0 1706738681
WALL 21149674 1 0 1706738682
WALL 21149674 1 0 1706738683
WALL 21149674 1 0 1706738684
WALL 21149674 1 0 1706738685
WALL 21149674 1 0 1706738686
WALL 21149674 1 0 1706738687
WALL 21149674 1 0 1706738688
WALL 21149674 1 0 1706738689
WALL 21149674 1 0 1706738690
WALL 21149674 1 0 1706738691
WALL 21149674 1 0 1706738692
WALL 21149674 1 0 1706738693
WALL 21149674 1 0 1706738694
WALL 21149674 1 0 1706738695
WALL 21149674 1 0 1706738696
WALL 21149674 1 0 1706738697
WALL 21149674 1 0 1706738698
WALL 21149674 1 0 1706738699
WALL 21149674 1 0 1706738700
WALL 21149674 1 0 1706738701
WALL 21149674 1 0 1706738702
WALL 21149674 1 0 1706738703
WALL 21149674 1 0 1706738704
WALL 21149674 1 0 1706738705
WALL 21149674 1 0 1706738706
WALL 21149674 1 0 1706738707
WALL 21149674 1 0 1706738708
WALL 21149674 1 0 1706738709
WALL 21149674 1 0 1706738710
WALL 21149674 1 0 1706738711
WALL 21149674 1 0 1706738712
WALL 21149674 1 0 1706738713
WALL 21149674 1 0 1706738714
WALL 21149674 1 0 1706738715
WALL 21149674 1 0 1706738716
WALL 21149674 1 0 1706738717
WALL 21149674 1 0 1706738718
WALL 21149674 1 0 1706738719
WALL 21149674 1 0 1706738720
WALL 21149674 1 0 1706738721
WALL 21149674 1 0 1706738722
WALL 21149674 1 0 1706738723
WALL 21149674 1 0 1706738724
WALL 21149674 1 0 1706738725
WALL 21149674 1 0 1706738726
WALL 21149674 1 0 1706738727
WALL 21149674 1 0 1706738728
WALL 21149674 1 0 1706738729
WALL 21149674 1 0 1706738730
WALL 21149674 1 0 1706738731
WALL 21149674 1 0 1706738732
WALL 21149674 1 0 1706738733
WALL 21149674 1 0 1706738734
WALL 21149674 1 0 1706738735
WALL 21149674 1 0 1706738736
WALL 21149674 1 0 1706738737
WALL 21149674 1 0 1706738738
WALL 21149674 1 0 1706738739
WALL 21149674 1 0 1706738740
WALL 21149674 1 0 1706738741
WALL 21149674 1 0 1706738742
WALL 21149674 1 0 1706738743
WALL 21149674 1 0 1706738744
WALL 21149674 1 0 1706738745
WALL 21149674 1 0 1706738746
WALL 21149674 1 0 1706738747
WALL 21149674 1 0 1706738748
WALL 21149674 1 0 1706738749
WALL 21149674 1 0 1706738750
WALL 21149674 1 0 1706738751
WALL 21149674 1 0 1706738752
WALL 21149674 1 0 1706738753
WALL 21149674 1 0 1706738754
WALL 21149674 1 0 1706738755
WALL 21149674 1 0 1706738756
WALL 21149674 1 0 1706738757
WALL 21149674 1 0 1706738758
WALL 21149674 1 0 1706738759
WALL 21149674 1 0 1706738760
WALL 21149674 1 0 1706738761
WALL 21149674 1 0 1706738762
WALL 21149674 1 0 1706738763
WALL 21149674 1 0 1706738764
WALL 21149674 1 0 1706738765
WALL 21149674 1 0 1706738766
WALL 21149674 1 0 1706738767
WALL 21149674 1 0 1706738768
WALL 21149674 1 0 1706738769
WALL 21149674 1 0 1706738770
WALL 21149674 1 0 1706738771
WALL 21149674 1 0 1706738772
WALL 21149674 1 0 1706738773
WALL 21149674 1 0 1706738774
WALL 21149674 1 0 1706738775
WALL 21149674 1 0 1706738776
WALL 21149674 1 0 1706738777
WALL 21149674 1 0 1706738778
WALL 21149674 1 0 1706738779
WALL 21149674 1 0 1706738780
WALL 21149674 1 0 1706738781
WALL 21149674 1 0 1706738782
WALL 21149674 1 0 1706738783
WALL 21149674 1 0 1706738784
WALL 21149674 1 0 1706738785
WALL 21149674 1 0 1706738786
WALL 21149674 1 0 1706738787
WALL 21149674 1 0 1706738788
WALL 21149674 1 0 1706738789
WALL 21149674 1 0 1706738790
WALL 21149674 1 0 1706738791
WALL 21149674 1 0 1706738792
WALL 21149674 1 0 1706738793
WALL 21149674 1 0 1706738794
WALL 21149674 1 0 1706738795
WALL 21149674 1 0 1706738796
WALL 21149674 1 0 1706738797
WALL 21149674 1 0 1706738798
WALL 21149674 1 0 1706738799
WALL 21149674 1 0 1706738800
WALL 21149674 1 0 1706738801
WALL 21149674 1 0 1706738802
WALL 21149674 1 0 1706738803
WALL 21149674 1 0 1706738804
WALL 21149674 1 0 1706738805
WALL 21149674 1 0 1706738806
WALL 21149674 1 0 1706738807
WALL 21149674 1 0 1706738808
WALL 21149674 1 0 1706738809
WALL 21149674 1 0 1706738810
WALL 21149674 1 0 1706738811
WALL 21149674 1 0 1706738812
WALL 21149674 1 0 1706738813
WALL 21149674 1 0 1706738814
WALL 21149674 1 0 1706738815
WALL 21149674 1 0 1706738816
WALL 21149674 1 0 1706738817
WALL 21149674 1 0 1706738818
WALL 21149674 1 0 1706738819
WALL 21149674 1 0 1706738820
WALL 21149674 1 0 1706738821
WALL 21149674 1 0 1706738822
WALL 21149674 1 0 1706738823
WALL 21149674 1 0 1706738824
WALL 21149674 1 0 1706738825
WALL 21149674 1 0 1706738826
WALL 21149674 1 0 1706738827
WALL 21149674 1 0 1706738828
WALL 21149674 1 0 1706738829
WALL 21149674 1 0 1706738830
WALL 21149674 1 0 1706738831
WALL 21149674 1 0 1706738832
WALL 21149674 1 0 1706738833
WALL 21149674 1 0 1706738834
WALL 21149674 1 0 1706738835
WALL 21149674 1 0 1706738836
WALL 21149674 1 0 1706738837
WALL 21149674 1 0 1706738838
WALL 21149674 1 0 1706738839
WALL 21149674 1 0 1706738840
WALL 21149674 1 0 1706738841
WALL 21149674 1 0 1706738842
WALL 21149674 1 0 1706738843
WALL 21149674 1 0 1706738844
WALL 21149674 1 0 1706738845
WALL 21149674 1 0 1706738846
WALL 21149674 1 0 1706738847
WALL 21149674 1 0 1706738848
WALL 21149674 1 0 1706738849
WALL 21149674 1 0 1706738850
WALL 21149674 1 0 1706738851
WALL 21149674 1 0 1706738852
WALL 21149674 1 0 1706738853
WALL 21149674 1 0 1706738854
WALL 21149674 1 0 1706738855
WALL 21149674 1 0 1706738856
WALL 21149674 1 0 1706738857
WALL 21149674 1 0 1706738858
WALL 21149674 1 0 1706738859
WALL 21149674 1 0 1706738860
slurmstepd: error: *** STEP 21149674.0 ON nid200209 CANCELLED AT 2024-01-31T22:07:40 ***
received SIGCONT 1706738860
WALL 21149674 1 0 1706738860
received SIGTERM 1706738860
WALL 21149674 1 0 1706738860
WALL 21149674 1 0 1706738861
WALL 21149674 1 0 1706738862
WALL 21149674 1 0 1706738863
WALL 21149674 1 0 1706738864
WALL 21149674 1 0 1706738865
WALL 21149674 1 0 1706738866
WALL 21149674 1 0 1706738867
WALL 21149674 1 0 1706738868
WALL 21149674 1 0 1706738869
WALL 21149674 1 0 1706738870
WALL 21149674 1 0 1706738871
WALL 21149674 1 0 1706738872
WALL 21149674 1 0 1706738873
WALL 21149674 1 0 1706738874
WALL 21149674 1 0 1706738875
WALL 21149674 1 0 1706738876
WALL 21149674 1 0 1706738877
WALL 21149674 1 0 1706738878
WALL 21149674 1 0 1706738879
WALL 21149674 1 0 1706738880
WALL 21149674 1 0 1706738881
WALL 21149674 1 0 1706738882
WALL 21149674 1 0 1706738883
WALL 21149674 1 0 1706738884
WALL 21149674 1 0 1706738885
WALL 21149674 1 0 1706738886
WALL 21149674 1 0 1706738887
WALL 21149674 1 0 1706738888
WALL 21149674 1 0 1706738889
WALL 21149674 1 0 1706738890
WALL 21149674 1 0 1706738891
WALL 21149674 1 0 1706738892
WALL 21149674 1 0 1706738893
WALL 21149674 1 0 1706738894
WALL 21149674 1 0 1706738895
WALL 21149674 1 0 1706738896
WALL 21149674 1 0 1706738897
WALL 21149674 1 0 1706738898
WALL 21149674 1 0 1706738899
WALL 21149674 1 0 1706738900
WALL 21149674 1 0 1706738901
WALL 21149674 1 0 1706738902
WALL 21149674 1 0 1706738903
WALL 21149674 1 0 1706738904
WALL 21149674 1 0 1706738905
WALL 21149674 1 0 1706738906
WALL 21149674 1 0 1706738907
WALL 21149674 1 0 1706738908
WALL 21149674 1 0 1706738909
WALL 21149674 1 0 1706738910
WALL 21149674 1 0 1706738911
WALL 21149674 1 0 1706738912
WALL 21149674 1 0 1706738913
WALL 21149674 1 0 1706738914
WALL 21149674 1 0 1706738915
WALL 21149674 1 0 1706738916
WALL 21149674 1 0 1706738917
WALL 21149674 1 0 1706738918
WALL 21149674 1 0 1706738919
WALL 21149674 1 0 1706738920
slurmstepd: error: *** JOB 21149674 ON nid200209 CANCELLED AT 2024-01-31T22:08:40 DUE TO PREEMPTION ***
received SIGTERM 1706738920
WALL 21149674 1 0 1706738920
received SIGCONT 1706738920
