WALL 21149198 1 0 1706736429
WALL 21149198 1 0 1706736430
WALL 21149198 1 0 1706736431
WALL 21149198 1 0 1706736432
WALL 21149198 1 0 1706736433
WALL 21149198 1 0 1706736434
WALL 21149198 1 0 1706736435
WALL 21149198 1 0 1706736436
WALL 21149198 1 0 1706736437
WALL 21149198 1 0 1706736438
WALL 21149198 1 0 1706736439
WALL 21149198 1 0 1706736440
WALL 21149198 1 0 1706736441
WALL 21149198 1 0 1706736442
WALL 21149198 1 0 1706736443
WALL 21149198 1 0 1706736444
WALL 21149198 1 0 1706736445
WALL 21149198 1 0 1706736446
WALL 21149198 1 0 1706736447
WALL 21149198 1 0 1706736448
WALL 21149198 1 0 1706736449
WALL 21149198 1 0 1706736450
WALL 21149198 1 0 1706736451
WALL 21149198 1 0 1706736452
WALL 21149198 1 0 1706736453
WALL 21149198 1 0 1706736454
WALL 21149198 1 0 1706736455
WALL 21149198 1 0 1706736456
WALL 21149198 1 0 1706736457
WALL 21149198 1 0 1706736458
WALL 21149198 1 0 1706736459
WALL 21149198 1 0 1706736460
WALL 21149198 1 0 1706736461
WALL 21149198 1 0 1706736462
WALL 21149198 1 0 1706736463
WALL 21149198 1 0 1706736464
WALL 21149198 1 0 1706736465
WALL 21149198 1 0 1706736466
WALL 21149198 1 0 1706736467
WALL 21149198 1 0 1706736468
WALL 21149198 1 0 1706736469
WALL 21149198 1 0 1706736470
WALL 21149198 1 0 1706736471
WALL 21149198 1 0 1706736472
WALL 21149198 1 0 1706736473
WALL 21149198 1 0 1706736474
WALL 21149198 1 0 1706736475
WALL 21149198 1 0 1706736476
WALL 21149198 1 0 1706736477
WALL 21149198 1 0 1706736478
WALL 21149198 1 0 1706736479
WALL 21149198 1 0 1706736480
WALL 21149198 1 0 1706736481
WALL 21149198 1 0 1706736482
WALL 21149198 1 0 1706736483
WALL 21149198 1 0 1706736484
WALL 21149198 1 0 1706736485
WALL 21149198 1 0 1706736486
WALL 21149198 1 0 1706736487
WALL 21149198 1 0 1706736488
WALL 21149198 1 0 1706736489
WALL 21149198 1 0 1706736490
WALL 21149198 1 0 1706736491
WALL 21149198 1 0 1706736492
WALL 21149198 1 0 1706736493
WALL 21149198 1 0 1706736494
WALL 21149198 1 0 1706736495
WALL 21149198 1 0 1706736496
WALL 21149198 1 0 1706736497
WALL 21149198 1 0 1706736498
WALL 21149198 1 0 1706736499
WALL 21149198 1 0 1706736500
WALL 21149198 1 0 1706736501
WALL 21149198 1 0 1706736502
WALL 21149198 1 0 1706736503
WALL 21149198 1 0 1706736504
WALL 21149198 1 0 1706736505
WALL 21149198 1 0 1706736506
WALL 21149198 1 0 1706736507
WALL 21149198 1 0 1706736508
WALL 21149198 1 0 1706736509
WALL 21149198 1 0 1706736510
WALL 21149198 1 0 1706736511
WALL 21149198 1 0 1706736512
WALL 21149198 1 0 1706736513
WALL 21149198 1 0 1706736514
WALL 21149198 1 0 1706736515
WALL 21149198 1 0 1706736516
WALL 21149198 1 0 1706736517
WALL 21149198 1 0 1706736518
WALL 21149198 1 0 1706736519
WALL 21149198 1 0 1706736520
WALL 21149198 1 0 1706736521
WALL 21149198 1 0 1706736522
WALL 21149198 1 0 1706736523
WALL 21149198 1 0 1706736524
WALL 21149198 1 0 1706736525
WALL 21149198 1 0 1706736526
WALL 21149198 1 0 1706736527
slurmstepd: error: *** STEP 21149198.0 ON nid200028 CANCELLED AT 2024-01-31T21:28:47 ***
received SIGCONT 1706736527
WALL 21149198 1 0 1706736527
received SIGTERM 1706736527
WALL 21149198 1 0 1706736527
WALL 21149198 1 0 1706736528
WALL 21149198 1 0 1706736529
WALL 21149198 1 0 1706736530
WALL 21149198 1 0 1706736531
WALL 21149198 1 0 1706736532
WALL 21149198 1 0 1706736533
WALL 21149198 1 0 1706736534
WALL 21149198 1 0 1706736535
WALL 21149198 1 0 1706736536
WALL 21149198 1 0 1706736537
WALL 21149198 1 0 1706736538
WALL 21149198 1 0 1706736539
WALL 21149198 1 0 1706736540
WALL 21149198 1 0 1706736541
WALL 21149198 1 0 1706736542
WALL 21149198 1 0 1706736543
WALL 21149198 1 0 1706736544
WALL 21149198 1 0 1706736545
WALL 21149198 1 0 1706736546
WALL 21149198 1 0 1706736547
WALL 21149198 1 0 1706736548
WALL 21149198 1 0 1706736549
WALL 21149198 1 0 1706736550
WALL 21149198 1 0 1706736551
WALL 21149198 1 0 1706736552
WALL 21149198 1 0 1706736553
WALL 21149198 1 0 1706736554
WALL 21149198 1 0 1706736555
WALL 21149198 1 0 1706736556
WALL 21149198 1 0 1706736557
WALL 21149198 1 0 1706736558
WALL 21149198 1 0 1706736559
WALL 21149198 1 0 1706736560
WALL 21149198 1 0 1706736561
WALL 21149198 1 0 1706736562
WALL 21149198 1 0 1706736563
WALL 21149198 1 0 1706736564
WALL 21149198 1 0 1706736565
WALL 21149198 1 0 1706736566
WALL 21149198 1 0 1706736567
WALL 21149198 1 0 1706736568
WALL 21149198 1 0 1706736569
WALL 21149198 1 0 1706736570
WALL 21149198 1 0 1706736571
WALL 21149198 1 0 1706736572
WALL 21149198 1 0 1706736573
WALL 21149198 1 0 1706736574
WALL 21149198 1 0 1706736575
WALL 21149198 1 0 1706736576
WALL 21149198 1 0 1706736577
WALL 21149198 1 0 1706736578
WALL 21149198 1 0 1706736579
WALL 21149198 1 0 1706736580
WALL 21149198 1 0 1706736581
WALL 21149198 1 0 1706736582
WALL 21149198 1 0 1706736583
WALL 21149198 1 0 1706736584
WALL 21149198 1 0 1706736585
WALL 21149198 1 0 1706736586
WALL 21149198 1 0 1706736587
WALL 21149198 1 0 1706736588
WALL 21149198 1 0 1706736589
WALL 21149198 1 0 1706736590
WALL 21149198 1 0 1706736591
WALL 21149198 1 0 1706736592
WALL 21149198 1 0 1706736593
WALL 21149198 1 0 1706736594
WALL 21149198 1 0 1706736595
WALL 21149198 1 0 1706736596
WALL 21149198 1 0 1706736597
WALL 21149198 1 0 1706736598
WALL 21149198 1 0 1706736599
WALL 21149198 1 0 1706736600
WALL 21149198 1 0 1706736601
WALL 21149198 1 0 1706736602
WALL 21149198 1 0 1706736603
WALL 21149198 1 0 1706736604
WALL 21149198 1 0 1706736605
WALL 21149198 1 0 1706736606
WALL 21149198 1 0 1706736607
WALL 21149198 1 0 1706736608
slurmstepd: error: *** JOB 21149198 ON nid200028 CANCELLED AT 2024-01-31T21:30:09 DUE TO PREEMPTION ***
received SIGTERM 1706736609
WALL 21149198 1 0 1706736609
received SIGCONT 1706736609
WALL 21149198 1 0 1706736609
received SIGTERM 1706736609
WALL 21149198 1 0 1706736609
