WALL 21212302 1 0 1706834110
WALL 21212302 1 0 1706834111
WALL 21212302 1 0 1706834112
WALL 21212302 1 0 1706834113
WALL 21212302 1 0 1706834114
WALL 21212302 1 0 1706834115
WALL 21212302 1 0 1706834116
WALL 21212302 1 0 1706834117
WALL 21212302 1 0 1706834118
WALL 21212302 1 0 1706834119
WALL 21212302 1 0 1706834120
WALL 21212302 1 0 1706834121
WALL 21212302 1 0 1706834122
WALL 21212302 1 0 1706834123
WALL 21212302 1 0 1706834124
WALL 21212302 1 0 1706834125
WALL 21212302 1 0 1706834126
WALL 21212302 1 0 1706834127
WALL 21212302 1 0 1706834128
WALL 21212302 1 0 1706834129
WALL 21212302 1 0 1706834130
WALL 21212302 1 0 1706834131
WALL 21212302 1 0 1706834132
WALL 21212302 1 0 1706834133
WALL 21212302 1 0 1706834134
WALL 21212302 1 0 1706834135
WALL 21212302 1 0 1706834136
WALL 21212302 1 0 1706834137
WALL 21212302 1 0 1706834138
WALL 21212302 1 0 1706834139
WALL 21212302 1 0 1706834140
WALL 21212302 1 0 1706834141
WALL 21212302 1 0 1706834142
WALL 21212302 1 0 1706834143
WALL 21212302 1 0 1706834144
WALL 21212302 1 0 1706834145
WALL 21212302 1 0 1706834146
WALL 21212302 1 0 1706834147
WALL 21212302 1 0 1706834148
WALL 21212302 1 0 1706834149
WALL 21212302 1 0 1706834150
WALL 21212302 1 0 1706834151
WALL 21212302 1 0 1706834152
WALL 21212302 1 0 1706834153
WALL 21212302 1 0 1706834154
WALL 21212302 1 0 1706834155
WALL 21212302 1 0 1706834156
WALL 21212302 1 0 1706834157
WALL 21212302 1 0 1706834158
WALL 21212302 1 0 1706834159
WALL 21212302 1 0 1706834160
WALL 21212302 1 0 1706834161
WALL 21212302 1 0 1706834162
WALL 21212302 1 0 1706834163
WALL 21212302 1 0 1706834164
WALL 21212302 1 0 1706834165
WALL 21212302 1 0 1706834166
WALL 21212302 1 0 1706834167
WALL 21212302 1 0 1706834168
WALL 21212302 1 0 1706834169
WALL 21212302 1 0 1706834170
WALL 21212302 1 0 1706834171
WALL 21212302 1 0 1706834172
WALL 21212302 1 0 1706834173
WALL 21212302 1 0 1706834174
WALL 21212302 1 0 1706834175
WALL 21212302 1 0 1706834176
WALL 21212302 1 0 1706834177
WALL 21212302 1 0 1706834178
WALL 21212302 1 0 1706834179
WALL 21212302 1 0 1706834180
WALL 21212302 1 0 1706834181
WALL 21212302 1 0 1706834182
WALL 21212302 1 0 1706834183
WALL 21212302 1 0 1706834184
WALL 21212302 1 0 1706834185
WALL 21212302 1 0 1706834186
WALL 21212302 1 0 1706834187
WALL 21212302 1 0 1706834188
WALL 21212302 1 0 1706834189
WALL 21212302 1 0 1706834190
WALL 21212302 1 0 1706834191
WALL 21212302 1 0 1706834192
WALL 21212302 1 0 1706834193
WALL 21212302 1 0 1706834194
WALL 21212302 1 0 1706834195
WALL 21212302 1 0 1706834196
WALL 21212302 1 0 1706834197
WALL 21212302 1 0 1706834198
WALL 21212302 1 0 1706834199
WALL 21212302 1 0 1706834200
WALL 21212302 1 0 1706834201
WALL 21212302 1 0 1706834202
WALL 21212302 1 0 1706834203
WALL 21212302 1 0 1706834204
WALL 21212302 1 0 1706834205
WALL 21212302 1 0 1706834206
WALL 21212302 1 0 1706834207
WALL 21212302 1 0 1706834208
WALL 21212302 1 0 1706834209
WALL 21212302 1 0 1706834210
WALL 21212302 1 0 1706834211
WALL 21212302 1 0 1706834212
WALL 21212302 1 0 1706834213
WALL 21212302 1 0 1706834214
WALL 21212302 1 0 1706834215
WALL 21212302 1 0 1706834216
WALL 21212302 1 0 1706834217
WALL 21212302 1 0 1706834218
WALL 21212302 1 0 1706834219
WALL 21212302 1 0 1706834220
WALL 21212302 1 0 1706834221
WALL 21212302 1 0 1706834222
WALL 21212302 1 0 1706834223
WALL 21212302 1 0 1706834224
WALL 21212302 1 0 1706834225
WALL 21212302 1 0 1706834226
WALL 21212302 1 0 1706834227
WALL 21212302 1 0 1706834228
WALL 21212302 1 0 1706834229
WALL 21212302 1 0 1706834230
WALL 21212302 1 0 1706834231
WALL 21212302 1 0 1706834232
WALL 21212302 1 0 1706834233
WALL 21212302 1 0 1706834234
WALL 21212302 1 0 1706834235
WALL 21212302 1 0 1706834236
WALL 21212302 1 0 1706834237
WALL 21212302 1 0 1706834238
WALL 21212302 1 0 1706834239
WALL 21212302 1 0 1706834240
WALL 21212302 1 0 1706834241
WALL 21212302 1 0 1706834242
WALL 21212302 1 0 1706834243
WALL 21212302 1 0 1706834244
WALL 21212302 1 0 1706834245
WALL 21212302 1 0 1706834246
WALL 21212302 1 0 1706834247
WALL 21212302 1 0 1706834248
WALL 21212302 1 0 1706834249
WALL 21212302 1 0 1706834250
WALL 21212302 1 0 1706834251
WALL 21212302 1 0 1706834252
WALL 21212302 1 0 1706834253
WALL 21212302 1 0 1706834254
WALL 21212302 1 0 1706834255
WALL 21212302 1 0 1706834256
WALL 21212302 1 0 1706834257
WALL 21212302 1 0 1706834258
WALL 21212302 1 0 1706834259
WALL 21212302 1 0 1706834260
WALL 21212302 1 0 1706834261
WALL 21212302 1 0 1706834262
WALL 21212302 1 0 1706834263
WALL 21212302 1 0 1706834264
WALL 21212302 1 0 1706834265
WALL 21212302 1 0 1706834266
WALL 21212302 1 0 1706834267
WALL 21212302 1 0 1706834268
WALL 21212302 1 0 1706834269
WALL 21212302 1 0 1706834270
WALL 21212302 1 0 1706834271
WALL 21212302 1 0 1706834272
WALL 21212302 1 0 1706834273
WALL 21212302 1 0 1706834274
WALL 21212302 1 0 1706834275
WALL 21212302 1 0 1706834276
WALL 21212302 1 0 1706834277
WALL 21212302 1 0 1706834278
WALL 21212302 1 0 1706834279
WALL 21212302 1 0 1706834280
WALL 21212302 1 0 1706834281
WALL 21212302 1 0 1706834282
WALL 21212302 1 0 1706834283
WALL 21212302 1 0 1706834284
WALL 21212302 1 0 1706834285
WALL 21212302 1 0 1706834286
WALL 21212302 1 0 1706834287
WALL 21212302 1 0 1706834288
WALL 21212302 1 0 1706834289
WALL 21212302 1 0 1706834290
WALL 21212302 1 0 1706834291
WALL 21212302 1 0 1706834292
WALL 21212302 1 0 1706834293
WALL 21212302 1 0 1706834294
WALL 21212302 1 0 1706834295
WALL 21212302 1 0 1706834296
WALL 21212302 1 0 1706834297
WALL 21212302 1 0 1706834298
WALL 21212302 1 0 1706834299
WALL 21212302 1 0 1706834300
WALL 21212302 1 0 1706834301
WALL 21212302 1 0 1706834302
WALL 21212302 1 0 1706834303
WALL 21212302 1 0 1706834304
WALL 21212302 1 0 1706834305
WALL 21212302 1 0 1706834306
WALL 21212302 1 0 1706834307
WALL 21212302 1 0 1706834308
WALL 21212302 1 0 1706834309
WALL 21212302 1 0 1706834310
WALL 21212302 1 0 1706834311
WALL 21212302 1 0 1706834312
WALL 21212302 1 0 1706834313
WALL 21212302 1 0 1706834314
WALL 21212302 1 0 1706834315
WALL 21212302 1 0 1706834316
WALL 21212302 1 0 1706834317
WALL 21212302 1 0 1706834318
WALL 21212302 1 0 1706834319
WALL 21212302 1 0 1706834320
WALL 21212302 1 0 1706834321
WALL 21212302 1 0 1706834322
WALL 21212302 1 0 1706834323
WALL 21212302 1 0 1706834324
WALL 21212302 1 0 1706834325
WALL 21212302 1 0 1706834326
WALL 21212302 1 0 1706834327
WALL 21212302 1 0 1706834328
WALL 21212302 1 0 1706834329
WALL 21212302 1 0 1706834330
WALL 21212302 1 0 1706834331
WALL 21212302 1 0 1706834332
WALL 21212302 1 0 1706834333
WALL 21212302 1 0 1706834334
WALL 21212302 1 0 1706834335
WALL 21212302 1 0 1706834336
WALL 21212302 1 0 1706834337
WALL 21212302 1 0 1706834338
WALL 21212302 1 0 1706834339
WALL 21212302 1 0 1706834340
WALL 21212302 1 0 1706834341
WALL 21212302 1 0 1706834342
WALL 21212302 1 0 1706834343
WALL 21212302 1 0 1706834344
WALL 21212302 1 0 1706834345
WALL 21212302 1 0 1706834346
WALL 21212302 1 0 1706834347
WALL 21212302 1 0 1706834348
WALL 21212302 1 0 1706834349
received SIGCONT 1706834350
WALL 21212302 1 0 1706834350
slurmstepd: error: *** STEP 21212302.0 ON nid200135 CANCELLED AT 2024-02-02T00:39:10 ***
received SIGTERM 1706834350
WALL 21212302 1 0 1706834350
WALL 21212302 1 0 1706834351
WALL 21212302 1 0 1706834352
WALL 21212302 1 0 1706834353
WALL 21212302 1 0 1706834354
WALL 21212302 1 0 1706834355
WALL 21212302 1 0 1706834356
WALL 21212302 1 0 1706834357
WALL 21212302 1 0 1706834358
WALL 21212302 1 0 1706834359
WALL 21212302 1 0 1706834360
WALL 21212302 1 0 1706834361
WALL 21212302 1 0 1706834362
WALL 21212302 1 0 1706834363
WALL 21212302 1 0 1706834364
WALL 21212302 1 0 1706834365
WALL 21212302 1 0 1706834366
WALL 21212302 1 0 1706834367
WALL 21212302 1 0 1706834368
WALL 21212302 1 0 1706834369
WALL 21212302 1 0 1706834370
WALL 21212302 1 0 1706834371
WALL 21212302 1 0 1706834372
WALL 21212302 1 0 1706834373
WALL 21212302 1 0 1706834374
WALL 21212302 1 0 1706834375
WALL 21212302 1 0 1706834376
WALL 21212302 1 0 1706834377
WALL 21212302 1 0 1706834378
WALL 21212302 1 0 1706834379
WALL 21212302 1 0 1706834380
WALL 21212302 1 0 1706834381
WALL 21212302 1 0 1706834382
WALL 21212302 1 0 1706834383
WALL 21212302 1 0 1706834384
WALL 21212302 1 0 1706834385
WALL 21212302 1 0 1706834386
WALL 21212302 1 0 1706834387
WALL 21212302 1 0 1706834388
WALL 21212302 1 0 1706834389
WALL 21212302 1 0 1706834390
WALL 21212302 1 0 1706834391
WALL 21212302 1 0 1706834392
WALL 21212302 1 0 1706834393
WALL 21212302 1 0 1706834394
WALL 21212302 1 0 1706834395
WALL 21212302 1 0 1706834396
WALL 21212302 1 0 1706834397
WALL 21212302 1 0 1706834398
WALL 21212302 1 0 1706834399
WALL 21212302 1 0 1706834400
WALL 21212302 1 0 1706834401
WALL 21212302 1 0 1706834402
WALL 21212302 1 0 1706834403
WALL 21212302 1 0 1706834404
WALL 21212302 1 0 1706834405
WALL 21212302 1 0 1706834406
WALL 21212302 1 0 1706834407
WALL 21212302 1 0 1706834408
WALL 21212302 1 0 1706834409
WALL 21212302 1 0 1706834410
WALL 21212302 1 0 1706834411
WALL 21212302 1 0 1706834412
WALL 21212302 1 0 1706834413
WALL 21212302 1 0 1706834414
WALL 21212302 1 0 1706834415
WALL 21212302 1 0 1706834416
WALL 21212302 1 0 1706834417
WALL 21212302 1 0 1706834418
WALL 21212302 1 0 1706834419
WALL 21212302 1 0 1706834420
WALL 21212302 1 0 1706834421
WALL 21212302 1 0 1706834422
WALL 21212302 1 0 1706834423
WALL 21212302 1 0 1706834424
WALL 21212302 1 0 1706834425
WALL 21212302 1 0 1706834426
WALL 21212302 1 0 1706834427
WALL 21212302 1 0 1706834428
WALL 21212302 1 0 1706834429
WALL 21212302 1 0 1706834430
WALL 21212302 1 0 1706834431
slurmstepd: error: *** JOB 21212302 ON nid200135 CANCELLED AT 2024-02-02T00:40:32 DUE TO PREEMPTION ***
received SIGTERM 1706834432
WALL 21212302 1 0 1706834432
received SIGCONT 1706834432
WALL 21212302 1 0 1706834432
received SIGTERM 1706834432
WALL 21212302 1 0 1706834432
