srun: warning: can't run 1 processes on 2 nodes, setting nnodes to 1
WALL 21233483 1 0 1706903249
WALL 21233483 1 0 1706903250
WALL 21233483 1 0 1706903251
WALL 21233483 1 0 1706903252
WALL 21233483 1 0 1706903253
WALL 21233483 1 0 1706903254
WALL 21233483 1 0 1706903255
WALL 21233483 1 0 1706903256
WALL 21233483 1 0 1706903257
WALL 21233483 1 0 1706903258
WALL 21233483 1 0 1706903259
WALL 21233483 1 0 1706903260
WALL 21233483 1 0 1706903261
WALL 21233483 1 0 1706903262
WALL 21233483 1 0 1706903263
WALL 21233483 1 0 1706903264
WALL 21233483 1 0 1706903265
WALL 21233483 1 0 1706903266
WALL 21233483 1 0 1706903267
WALL 21233483 1 0 1706903268
WALL 21233483 1 0 1706903269
WALL 21233483 1 0 1706903270
WALL 21233483 1 0 1706903271
WALL 21233483 1 0 1706903272
WALL 21233483 1 0 1706903273
WALL 21233483 1 0 1706903274
WALL 21233483 1 0 1706903275
WALL 21233483 1 0 1706903276
WALL 21233483 1 0 1706903277
WALL 21233483 1 0 1706903278
WALL 21233483 1 0 1706903279
WALL 21233483 1 0 1706903280
WALL 21233483 1 0 1706903281
WALL 21233483 1 0 1706903282
WALL 21233483 1 0 1706903283
WALL 21233483 1 0 1706903284
WALL 21233483 1 0 1706903285
WALL 21233483 1 0 1706903286
WALL 21233483 1 0 1706903287
WALL 21233483 1 0 1706903288
WALL 21233483 1 0 1706903289
WALL 21233483 1 0 1706903290
WALL 21233483 1 0 1706903291
WALL 21233483 1 0 1706903292
WALL 21233483 1 0 1706903293
WALL 21233483 1 0 1706903294
WALL 21233483 1 0 1706903295
WALL 21233483 1 0 1706903296
WALL 21233483 1 0 1706903297
WALL 21233483 1 0 1706903298
WALL 21233483 1 0 1706903299
WALL 21233483 1 0 1706903300
WALL 21233483 1 0 1706903301
WALL 21233483 1 0 1706903302
WALL 21233483 1 0 1706903303
WALL 21233483 1 0 1706903304
WALL 21233483 1 0 1706903305
WALL 21233483 1 0 1706903306
WALL 21233483 1 0 1706903307
WALL 21233483 1 0 1706903308
WALL 21233483 1 0 1706903309
WALL 21233483 1 0 1706903310
WALL 21233483 1 0 1706903311
WALL 21233483 1 0 1706903312
WALL 21233483 1 0 1706903313
WALL 21233483 1 0 1706903314
WALL 21233483 1 0 1706903315
WALL 21233483 1 0 1706903316
WALL 21233483 1 0 1706903317
WALL 21233483 1 0 1706903318
WALL 21233483 1 0 1706903319
WALL 21233483 1 0 1706903320
WALL 21233483 1 0 1706903321
WALL 21233483 1 0 1706903322
WALL 21233483 1 0 1706903323
WALL 21233483 1 0 1706903324
WALL 21233483 1 0 1706903325
WALL 21233483 1 0 1706903326
WALL 21233483 1 0 1706903327
WALL 21233483 1 0 1706903328
WALL 21233483 1 0 1706903329
WALL 21233483 1 0 1706903330
WALL 21233483 1 0 1706903331
WALL 21233483 1 0 1706903332
WALL 21233483 1 0 1706903333
WALL 21233483 1 0 1706903334
WALL 21233483 1 0 1706903335
WALL 21233483 1 0 1706903336
WALL 21233483 1 0 1706903337
WALL 21233483 1 0 1706903338
WALL 21233483 1 0 1706903339
WALL 21233483 1 0 1706903340
WALL 21233483 1 0 1706903341
WALL 21233483 1 0 1706903342
WALL 21233483 1 0 1706903343
WALL 21233483 1 0 1706903344
WALL 21233483 1 0 1706903345
WALL 21233483 1 0 1706903346
WALL 21233483 1 0 1706903347
WALL 21233483 1 0 1706903348
WALL 21233483 1 0 1706903349
WALL 21233483 1 0 1706903350
WALL 21233483 1 0 1706903351
WALL 21233483 1 0 1706903352
WALL 21233483 1 0 1706903353
WALL 21233483 1 0 1706903354
WALL 21233483 1 0 1706903355
WALL 21233483 1 0 1706903356
WALL 21233483 1 0 1706903357
WALL 21233483 1 0 1706903358
WALL 21233483 1 0 1706903359
WALL 21233483 1 0 1706903360
WALL 21233483 1 0 1706903361
WALL 21233483 1 0 1706903362
WALL 21233483 1 0 1706903363
WALL 21233483 1 0 1706903364
WALL 21233483 1 0 1706903365
WALL 21233483 1 0 1706903366
WALL 21233483 1 0 1706903367
WALL 21233483 1 0 1706903368
WALL 21233483 1 0 1706903369
WALL 21233483 1 0 1706903370
WALL 21233483 1 0 1706903371
WALL 21233483 1 0 1706903372
WALL 21233483 1 0 1706903373
WALL 21233483 1 0 1706903374
WALL 21233483 1 0 1706903375
WALL 21233483 1 0 1706903376
WALL 21233483 1 0 1706903377
WALL 21233483 1 0 1706903378
WALL 21233483 1 0 1706903379
WALL 21233483 1 0 1706903380
WALL 21233483 1 0 1706903381
WALL 21233483 1 0 1706903382
WALL 21233483 1 0 1706903383
WALL 21233483 1 0 1706903384
WALL 21233483 1 0 1706903385
WALL 21233483 1 0 1706903386
WALL 21233483 1 0 1706903387
WALL 21233483 1 0 1706903388
WALL 21233483 1 0 1706903389
WALL 21233483 1 0 1706903390
WALL 21233483 1 0 1706903391
WALL 21233483 1 0 1706903392
WALL 21233483 1 0 1706903393
WALL 21233483 1 0 1706903394
WALL 21233483 1 0 1706903395
WALL 21233483 1 0 1706903396
WALL 21233483 1 0 1706903397
WALL 21233483 1 0 1706903398
WALL 21233483 1 0 1706903399
WALL 21233483 1 0 1706903400
WALL 21233483 1 0 1706903401
WALL 21233483 1 0 1706903402
WALL 21233483 1 0 1706903403
WALL 21233483 1 0 1706903404
WALL 21233483 1 0 1706903405
WALL 21233483 1 0 1706903406
WALL 21233483 1 0 1706903407
WALL 21233483 1 0 1706903408
WALL 21233483 1 0 1706903409
WALL 21233483 1 0 1706903410
WALL 21233483 1 0 1706903411
WALL 21233483 1 0 1706903412
WALL 21233483 1 0 1706903413
WALL 21233483 1 0 1706903414
WALL 21233483 1 0 1706903415
WALL 21233483 1 0 1706903416
WALL 21233483 1 0 1706903417
WALL 21233483 1 0 1706903418
WALL 21233483 1 0 1706903419
WALL 21233483 1 0 1706903420
WALL 21233483 1 0 1706903421
WALL 21233483 1 0 1706903422
WALL 21233483 1 0 1706903423
WALL 21233483 1 0 1706903424
WALL 21233483 1 0 1706903425
WALL 21233483 1 0 1706903426
WALL 21233483 1 0 1706903427
WALL 21233483 1 0 1706903428
WALL 21233483 1 0 1706903429
WALL 21233483 1 0 1706903430
WALL 21233483 1 0 1706903431
WALL 21233483 1 0 1706903432
WALL 21233483 1 0 1706903433
WALL 21233483 1 0 1706903434
WALL 21233483 1 0 1706903435
WALL 21233483 1 0 1706903436
WALL 21233483 1 0 1706903437
WALL 21233483 1 0 1706903438
WALL 21233483 1 0 1706903439
WALL 21233483 1 0 1706903440
WALL 21233483 1 0 1706903441
WALL 21233483 1 0 1706903442
WALL 21233483 1 0 1706903443
WALL 21233483 1 0 1706903444
WALL 21233483 1 0 1706903445
WALL 21233483 1 0 1706903446
WALL 21233483 1 0 1706903447
WALL 21233483 1 0 1706903448
WALL 21233483 1 0 1706903449
WALL 21233483 1 0 1706903450
WALL 21233483 1 0 1706903451
WALL 21233483 1 0 1706903452
WALL 21233483 1 0 1706903453
WALL 21233483 1 0 1706903454
WALL 21233483 1 0 1706903455
WALL 21233483 1 0 1706903456
WALL 21233483 1 0 1706903457
WALL 21233483 1 0 1706903458
WALL 21233483 1 0 1706903459
WALL 21233483 1 0 1706903460
WALL 21233483 1 0 1706903461
WALL 21233483 1 0 1706903462
WALL 21233483 1 0 1706903463
WALL 21233483 1 0 1706903464
WALL 21233483 1 0 1706903465
WALL 21233483 1 0 1706903466
WALL 21233483 1 0 1706903467
WALL 21233483 1 0 1706903468
WALL 21233483 1 0 1706903469
WALL 21233483 1 0 1706903470
WALL 21233483 1 0 1706903471
WALL 21233483 1 0 1706903472
WALL 21233483 1 0 1706903473
WALL 21233483 1 0 1706903474
WALL 21233483 1 0 1706903475
WALL 21233483 1 0 1706903476
WALL 21233483 1 0 1706903477
WALL 21233483 1 0 1706903478
WALL 21233483 1 0 1706903479
WALL 21233483 1 0 1706903480
WALL 21233483 1 0 1706903481
WALL 21233483 1 0 1706903482
WALL 21233483 1 0 1706903483
WALL 21233483 1 0 1706903484
WALL 21233483 1 0 1706903485
WALL 21233483 1 0 1706903486
WALL 21233483 1 0 1706903487
WALL 21233483 1 0 1706903488
WALL 21233483 1 0 1706903489
WALL 21233483 1 0 1706903490
WALL 21233483 1 0 1706903491
WALL 21233483 1 0 1706903492
WALL 21233483 1 0 1706903493
WALL 21233483 1 0 1706903494
WALL 21233483 1 0 1706903495
WALL 21233483 1 0 1706903496
WALL 21233483 1 0 1706903497
WALL 21233483 1 0 1706903498
WALL 21233483 1 0 1706903499
WALL 21233483 1 0 1706903500
WALL 21233483 1 0 1706903501
WALL 21233483 1 0 1706903502
WALL 21233483 1 0 1706903503
WALL 21233483 1 0 1706903504
WALL 21233483 1 0 1706903505
WALL 21233483 1 0 1706903506
WALL 21233483 1 0 1706903507
WALL 21233483 1 0 1706903508
WALL 21233483 1 0 1706903509
WALL 21233483 1 0 1706903510
WALL 21233483 1 0 1706903511
WALL 21233483 1 0 1706903512
WALL 21233483 1 0 1706903513
WALL 21233483 1 0 1706903514
WALL 21233483 1 0 1706903515
WALL 21233483 1 0 1706903516
WALL 21233483 1 0 1706903517
WALL 21233483 1 0 1706903518
WALL 21233483 1 0 1706903519
WALL 21233483 1 0 1706903520
WALL 21233483 1 0 1706903521
WALL 21233483 1 0 1706903522
WALL 21233483 1 0 1706903523
WALL 21233483 1 0 1706903524
WALL 21233483 1 0 1706903525
WALL 21233483 1 0 1706903526
WALL 21233483 1 0 1706903527
WALL 21233483 1 0 1706903528
WALL 21233483 1 0 1706903529
WALL 21233483 1 0 1706903530
WALL 21233483 1 0 1706903531
WALL 21233483 1 0 1706903532
WALL 21233483 1 0 1706903533
WALL 21233483 1 0 1706903534
WALL 21233483 1 0 1706903535
WALL 21233483 1 0 1706903536
WALL 21233483 1 0 1706903537
WALL 21233483 1 0 1706903538
WALL 21233483 1 0 1706903539
WALL 21233483 1 0 1706903540
WALL 21233483 1 0 1706903541
WALL 21233483 1 0 1706903542
WALL 21233483 1 0 1706903543
WALL 21233483 1 0 1706903544
WALL 21233483 1 0 1706903545
WALL 21233483 1 0 1706903546
WALL 21233483 1 0 1706903547
WALL 21233483 1 0 1706903548
WALL 21233483 1 0 1706903549
WALL 21233483 1 0 1706903550
WALL 21233483 1 0 1706903551
WALL 21233483 1 0 1706903552
WALL 21233483 1 0 1706903553
WALL 21233483 1 0 1706903554
WALL 21233483 1 0 1706903555
WALL 21233483 1 0 1706903556
WALL 21233483 1 0 1706903557
WALL 21233483 1 0 1706903558
WALL 21233483 1 0 1706903559
WALL 21233483 1 0 1706903560
WALL 21233483 1 0 1706903561
WALL 21233483 1 0 1706903562
WALL 21233483 1 0 1706903563
WALL 21233483 1 0 1706903564
WALL 21233483 1 0 1706903565
WALL 21233483 1 0 1706903566
WALL 21233483 1 0 1706903567
WALL 21233483 1 0 1706903568
WALL 21233483 1 0 1706903569
WALL 21233483 1 0 1706903570
WALL 21233483 1 0 1706903571
WALL 21233483 1 0 1706903572
WALL 21233483 1 0 1706903573
WALL 21233483 1 0 1706903574
WALL 21233483 1 0 1706903575
WALL 21233483 1 0 1706903576
WALL 21233483 1 0 1706903577
WALL 21233483 1 0 1706903578
WALL 21233483 1 0 1706903579
WALL 21233483 1 0 1706903580
WALL 21233483 1 0 1706903581
WALL 21233483 1 0 1706903582
WALL 21233483 1 0 1706903583
WALL 21233483 1 0 1706903584
received SIGCONT 1706903584
WALL 21233483 1 0 1706903584
slurmstepd: error: *** STEP 21233483.0 ON nid200034 CANCELLED AT 2024-02-02T19:53:04 ***
received SIGTERM 1706903584
WALL 21233483 1 0 1706903584
WALL 21233483 1 0 1706903585
WALL 21233483 1 0 1706903586
WALL 21233483 1 0 1706903587
WALL 21233483 1 0 1706903588
WALL 21233483 1 0 1706903589
WALL 21233483 1 0 1706903590
WALL 21233483 1 0 1706903591
WALL 21233483 1 0 1706903592
WALL 21233483 1 0 1706903593
WALL 21233483 1 0 1706903594
WALL 21233483 1 0 1706903595
WALL 21233483 1 0 1706903596
WALL 21233483 1 0 1706903597
WALL 21233483 1 0 1706903598
WALL 21233483 1 0 1706903599
WALL 21233483 1 0 1706903600
WALL 21233483 1 0 1706903601
WALL 21233483 1 0 1706903602
WALL 21233483 1 0 1706903603
WALL 21233483 1 0 1706903604
WALL 21233483 1 0 1706903605
WALL 21233483 1 0 1706903606
WALL 21233483 1 0 1706903607
WALL 21233483 1 0 1706903608
WALL 21233483 1 0 1706903609
WALL 21233483 1 0 1706903610
WALL 21233483 1 0 1706903611
WALL 21233483 1 0 1706903612
WALL 21233483 1 0 1706903613
WALL 21233483 1 0 1706903614
WALL 21233483 1 0 1706903615
WALL 21233483 1 0 1706903616
WALL 21233483 1 0 1706903617
WALL 21233483 1 0 1706903618
WALL 21233483 1 0 1706903619
WALL 21233483 1 0 1706903620
WALL 21233483 1 0 1706903621
WALL 21233483 1 0 1706903622
WALL 21233483 1 0 1706903623
WALL 21233483 1 0 1706903624
WALL 21233483 1 0 1706903625
WALL 21233483 1 0 1706903626
WALL 21233483 1 0 1706903627
WALL 21233483 1 0 1706903628
WALL 21233483 1 0 1706903629
WALL 21233483 1 0 1706903630
WALL 21233483 1 0 1706903631
WALL 21233483 1 0 1706903632
WALL 21233483 1 0 1706903633
WALL 21233483 1 0 1706903634
WALL 21233483 1 0 1706903635
WALL 21233483 1 0 1706903636
WALL 21233483 1 0 1706903637
WALL 21233483 1 0 1706903638
WALL 21233483 1 0 1706903639
WALL 21233483 1 0 1706903640
WALL 21233483 1 0 1706903641
WALL 21233483 1 0 1706903642
WALL 21233483 1 0 1706903643
WALL 21233483 1 0 1706903644
WALL 21233483 1 0 1706903645
WALL 21233483 1 0 1706903646
WALL 21233483 1 0 1706903647
WALL 21233483 1 0 1706903648
WALL 21233483 1 0 1706903649
WALL 21233483 1 0 1706903650
WALL 21233483 1 0 1706903651
WALL 21233483 1 0 1706903652
WALL 21233483 1 0 1706903653
WALL 21233483 1 0 1706903654
WALL 21233483 1 0 1706903655
WALL 21233483 1 0 1706903656
WALL 21233483 1 0 1706903657
WALL 21233483 1 0 1706903658
WALL 21233483 1 0 1706903659
WALL 21233483 1 0 1706903660
WALL 21233483 1 0 1706903661
WALL 21233483 1 0 1706903662
WALL 21233483 1 0 1706903663
WALL 21233483 1 0 1706903664
WALL 21233483 1 0 1706903665
WALL 21233483 1 0 1706903666
WALL 21233483 1 0 1706903667
WALL 21233483 1 0 1706903668
WALL 21233483 1 0 1706903669
WALL 21233483 1 0 1706903670
WALL 21233483 1 0 1706903671
WALL 21233483 1 0 1706903672
WALL 21233483 1 0 1706903673
WALL 21233483 1 0 1706903674
WALL 21233483 1 0 1706903675
WALL 21233483 1 0 1706903676
WALL 21233483 1 0 1706903677
WALL 21233483 1 0 1706903678
WALL 21233483 1 0 1706903679
WALL 21233483 1 0 1706903680
WALL 21233483 1 0 1706903681
WALL 21233483 1 0 1706903682
WALL 21233483 1 0 1706903683
WALL 21233483 1 0 1706903684
WALL 21233483 1 0 1706903685
WALL 21233483 1 0 1706903686
WALL 21233483 1 0 1706903687
WALL 21233483 1 0 1706903688
WALL 21233483 1 0 1706903689
WALL 21233483 1 0 1706903690
WALL 21233483 1 0 1706903691
WALL 21233483 1 0 1706903692
WALL 21233483 1 0 1706903693
WALL 21233483 1 0 1706903694
WALL 21233483 1 0 1706903695
WALL 21233483 1 0 1706903696
WALL 21233483 1 0 1706903697
WALL 21233483 1 0 1706903698
WALL 21233483 1 0 1706903699
WALL 21233483 1 0 1706903700
WALL 21233483 1 0 1706903701
WALL 21233483 1 0 1706903702
WALL 21233483 1 0 1706903703
WALL 21233483 1 0 1706903704
WALL 21233483 1 0 1706903705
WALL 21233483 1 0 1706903706
WALL 21233483 1 0 1706903707
WALL 21233483 1 0 1706903708
WALL 21233483 1 0 1706903709
WALL 21233483 1 0 1706903710
WALL 21233483 1 0 1706903711
WALL 21233483 1 0 1706903712
slurmstepd: error: *** JOB 21233483 ON nid200034 CANCELLED AT 2024-02-02T19:55:13 DUE TO PREEMPTION ***
received SIGTERM 1706903713
WALL 21233483 1 0 1706903713
received SIGCONT 1706903713
WALL 21233483 1 0 1706903713
received SIGTERM 1706903713
WALL 21233483 1 0 1706903713
