srun: warning: can't run 1 processes on 2 nodes, setting nnodes to 1
WALL 21241491 1 0 1706912085
WALL 21241491 1 0 1706912086
WALL 21241491 1 0 1706912087
WALL 21241491 1 0 1706912088
WALL 21241491 1 0 1706912089
WALL 21241491 1 0 1706912090
WALL 21241491 1 0 1706912091
WALL 21241491 1 0 1706912092
WALL 21241491 1 0 1706912093
WALL 21241491 1 0 1706912094
WALL 21241491 1 0 1706912095
WALL 21241491 1 0 1706912096
WALL 21241491 1 0 1706912097
WALL 21241491 1 0 1706912098
WALL 21241491 1 0 1706912099
WALL 21241491 1 0 1706912100
WALL 21241491 1 0 1706912101
WALL 21241491 1 0 1706912102
WALL 21241491 1 0 1706912103
WALL 21241491 1 0 1706912104
WALL 21241491 1 0 1706912105
WALL 21241491 1 0 1706912106
WALL 21241491 1 0 1706912107
WALL 21241491 1 0 1706912108
WALL 21241491 1 0 1706912109
WALL 21241491 1 0 1706912110
WALL 21241491 1 0 1706912111
slurmstepd: error: *** STEP 21241491.0 ON nid200063 CANCELLED AT 2024-02-02T22:15:11 ***
received SIGCONT 1706912111
WALL 21241491 1 0 1706912111
received SIGTERM 1706912111
WALL 21241491 1 0 1706912111
WALL 21241491 1 0 1706912112
WALL 21241491 1 0 1706912113
WALL 21241491 1 0 1706912114
WALL 21241491 1 0 1706912115
WALL 21241491 1 0 1706912116
WALL 21241491 1 0 1706912117
WALL 21241491 1 0 1706912118
WALL 21241491 1 0 1706912119
WALL 21241491 1 0 1706912120
WALL 21241491 1 0 1706912121
WALL 21241491 1 0 1706912122
WALL 21241491 1 0 1706912123
WALL 21241491 1 0 1706912124
WALL 21241491 1 0 1706912125
WALL 21241491 1 0 1706912126
WALL 21241491 1 0 1706912127
WALL 21241491 1 0 1706912128
WALL 21241491 1 0 1706912129
WALL 21241491 1 0 1706912130
WALL 21241491 1 0 1706912131
WALL 21241491 1 0 1706912132
WALL 21241491 1 0 1706912133
WALL 21241491 1 0 1706912134
WALL 21241491 1 0 1706912135
WALL 21241491 1 0 1706912136
WALL 21241491 1 0 1706912137
WALL 21241491 1 0 1706912138
WALL 21241491 1 0 1706912139
WALL 21241491 1 0 1706912140
WALL 21241491 1 0 1706912141
WALL 21241491 1 0 1706912142
WALL 21241491 1 0 1706912143
WALL 21241491 1 0 1706912144
WALL 21241491 1 0 1706912145
WALL 21241491 1 0 1706912146
WALL 21241491 1 0 1706912147
WALL 21241491 1 0 1706912148
WALL 21241491 1 0 1706912149
WALL 21241491 1 0 1706912150
WALL 21241491 1 0 1706912151
WALL 21241491 1 0 1706912152
WALL 21241491 1 0 1706912153
WALL 21241491 1 0 1706912154
WALL 21241491 1 0 1706912155
WALL 21241491 1 0 1706912156
WALL 21241491 1 0 1706912157
WALL 21241491 1 0 1706912158
WALL 21241491 1 0 1706912159
WALL 21241491 1 0 1706912160
WALL 21241491 1 0 1706912161
WALL 21241491 1 0 1706912162
WALL 21241491 1 0 1706912163
WALL 21241491 1 0 1706912164
WALL 21241491 1 0 1706912165
WALL 21241491 1 0 1706912166
WALL 21241491 1 0 1706912167
WALL 21241491 1 0 1706912168
WALL 21241491 1 0 1706912169
WALL 21241491 1 0 1706912170
WALL 21241491 1 0 1706912171
WALL 21241491 1 0 1706912172
WALL 21241491 1 0 1706912173
WALL 21241491 1 0 1706912174
WALL 21241491 1 0 1706912175
WALL 21241491 1 0 1706912176
WALL 21241491 1 0 1706912177
WALL 21241491 1 0 1706912178
WALL 21241491 1 0 1706912179
WALL 21241491 1 0 1706912180
WALL 21241491 1 0 1706912181
WALL 21241491 1 0 1706912182
WALL 21241491 1 0 1706912183
WALL 21241491 1 0 1706912184
WALL 21241491 1 0 1706912185
WALL 21241491 1 0 1706912186
WALL 21241491 1 0 1706912187
WALL 21241491 1 0 1706912188
WALL 21241491 1 0 1706912189
WALL 21241491 1 0 1706912190
WALL 21241491 1 0 1706912191
WALL 21241491 1 0 1706912192
WALL 21241491 1 0 1706912193
WALL 21241491 1 0 1706912194
WALL 21241491 1 0 1706912195
WALL 21241491 1 0 1706912196
WALL 21241491 1 0 1706912197
WALL 21241491 1 0 1706912198
WALL 21241491 1 0 1706912199
WALL 21241491 1 0 1706912200
WALL 21241491 1 0 1706912201
WALL 21241491 1 0 1706912202
WALL 21241491 1 0 1706912203
WALL 21241491 1 0 1706912204
WALL 21241491 1 0 1706912205
WALL 21241491 1 0 1706912206
WALL 21241491 1 0 1706912207
WALL 21241491 1 0 1706912208
WALL 21241491 1 0 1706912209
WALL 21241491 1 0 1706912210
WALL 21241491 1 0 1706912211
WALL 21241491 1 0 1706912212
WALL 21241491 1 0 1706912213
WALL 21241491 1 0 1706912214
WALL 21241491 1 0 1706912215
WALL 21241491 1 0 1706912216
WALL 21241491 1 0 1706912217
WALL 21241491 1 0 1706912218
WALL 21241491 1 0 1706912219
WALL 21241491 1 0 1706912220
WALL 21241491 1 0 1706912221
WALL 21241491 1 0 1706912222
WALL 21241491 1 0 1706912223
WALL 21241491 1 0 1706912224
WALL 21241491 1 0 1706912225
WALL 21241491 1 0 1706912226
WALL 21241491 1 0 1706912227
WALL 21241491 1 0 1706912228
WALL 21241491 1 0 1706912229
WALL 21241491 1 0 1706912230
WALL 21241491 1 0 1706912231
WALL 21241491 1 0 1706912232
WALL 21241491 1 0 1706912233
WALL 21241491 1 0 1706912234
WALL 21241491 1 0 1706912235
WALL 21241491 1 0 1706912236
WALL 21241491 1 0 1706912237
WALL 21241491 1 0 1706912238
WALL 21241491 1 0 1706912239
WALL 21241491 1 0 1706912240
WALL 21241491 1 0 1706912241
WALL 21241491 1 0 1706912242
WALL 21241491 1 0 1706912243
WALL 21241491 1 0 1706912244
WALL 21241491 1 0 1706912245
WALL 21241491 1 0 1706912246
WALL 21241491 1 0 1706912247
WALL 21241491 1 0 1706912248
WALL 21241491 1 0 1706912249
WALL 21241491 1 0 1706912250
WALL 21241491 1 0 1706912251
WALL 21241491 1 0 1706912252
WALL 21241491 1 0 1706912253
WALL 21241491 1 0 1706912254
WALL 21241491 1 0 1706912255
WALL 21241491 1 0 1706912256
WALL 21241491 1 0 1706912257
WALL 21241491 1 0 1706912258
WALL 21241491 1 0 1706912259
slurmstepd: error: *** JOB 21241491 ON nid200063 CANCELLED AT 2024-02-02T22:17:39 DUE TO PREEMPTION ***
received SIGTERM 1706912259
WALL 21241491 1 0 1706912259
received SIGCONT 1706912259
WALL 21241491 1 0 1706912259
received SIGTERM 1706912259
WALL 21241491 1 0 1706912259
