WALL 21086967 1 0 1706656746
WALL 21086967 1 0 1706656747
WALL 21086967 1 0 1706656748
WALL 21086967 1 0 1706656749
WALL 21086967 1 0 1706656750
WALL 21086967 1 0 1706656751
WALL 21086967 1 0 1706656752
WALL 21086967 1 0 1706656753
WALL 21086967 1 0 1706656754
WALL 21086967 1 0 1706656755
WALL 21086967 1 0 1706656756
WALL 21086967 1 0 1706656757
WALL 21086967 1 0 1706656758
WALL 21086967 1 0 1706656759
WALL 21086967 1 0 1706656760
WALL 21086967 1 0 1706656761
WALL 21086967 1 0 1706656762
WALL 21086967 1 0 1706656763
WALL 21086967 1 0 1706656764
WALL 21086967 1 0 1706656765
WALL 21086967 1 0 1706656766
WALL 21086967 1 0 1706656767
WALL 21086967 1 0 1706656768
WALL 21086967 1 0 1706656769
WALL 21086967 1 0 1706656770
WALL 21086967 1 0 1706656771
WALL 21086967 1 0 1706656772
WALL 21086967 1 0 1706656773
WALL 21086967 1 0 1706656774
WALL 21086967 1 0 1706656775
WALL 21086967 1 0 1706656776
WALL 21086967 1 0 1706656777
WALL 21086967 1 0 1706656778
WALL 21086967 1 0 1706656779
WALL 21086967 1 0 1706656780
WALL 21086967 1 0 1706656781
WALL 21086967 1 0 1706656782
WALL 21086967 1 0 1706656783
WALL 21086967 1 0 1706656784
WALL 21086967 1 0 1706656785
WALL 21086967 1 0 1706656786
WALL 21086967 1 0 1706656787
WALL 21086967 1 0 1706656788
WALL 21086967 1 0 1706656789
WALL 21086967 1 0 1706656790
WALL 21086967 1 0 1706656791
WALL 21086967 1 0 1706656792
WALL 21086967 1 0 1706656793
WALL 21086967 1 0 1706656794
WALL 21086967 1 0 1706656795
WALL 21086967 1 0 1706656796
WALL 21086967 1 0 1706656797
WALL 21086967 1 0 1706656798
WALL 21086967 1 0 1706656799
WALL 21086967 1 0 1706656800
WALL 21086967 1 0 1706656801
WALL 21086967 1 0 1706656802
WALL 21086967 1 0 1706656803
WALL 21086967 1 0 1706656804
WALL 21086967 1 0 1706656805
WALL 21086967 1 0 1706656806
WALL 21086967 1 0 1706656807
WALL 21086967 1 0 1706656808
WALL 21086967 1 0 1706656809
WALL 21086967 1 0 1706656810
WALL 21086967 1 0 1706656811
WALL 21086967 1 0 1706656812
WALL 21086967 1 0 1706656813
WALL 21086967 1 0 1706656814
WALL 21086967 1 0 1706656815
WALL 21086967 1 0 1706656816
WALL 21086967 1 0 1706656817
WALL 21086967 1 0 1706656818
WALL 21086967 1 0 1706656819
WALL 21086967 1 0 1706656820
WALL 21086967 1 0 1706656821
WALL 21086967 1 0 1706656822
WALL 21086967 1 0 1706656823
WALL 21086967 1 0 1706656824
WALL 21086967 1 0 1706656825
WALL 21086967 1 0 1706656826
WALL 21086967 1 0 1706656827
WALL 21086967 1 0 1706656828
WALL 21086967 1 0 1706656829
WALL 21086967 1 0 1706656830
WALL 21086967 1 0 1706656831
WALL 21086967 1 0 1706656832
WALL 21086967 1 0 1706656833
WALL 21086967 1 0 1706656834
WALL 21086967 1 0 1706656835
WALL 21086967 1 0 1706656836
WALL 21086967 1 0 1706656837
WALL 21086967 1 0 1706656838
WALL 21086967 1 0 1706656839
WALL 21086967 1 0 1706656840
WALL 21086967 1 0 1706656841
WALL 21086967 1 0 1706656842
WALL 21086967 1 0 1706656843
WALL 21086967 1 0 1706656844
WALL 21086967 1 0 1706656845
WALL 21086967 1 0 1706656846
WALL 21086967 1 0 1706656847
WALL 21086967 1 0 1706656848
WALL 21086967 1 0 1706656849
WALL 21086967 1 0 1706656850
WALL 21086967 1 0 1706656851
WALL 21086967 1 0 1706656852
WALL 21086967 1 0 1706656853
WALL 21086967 1 0 1706656854
WALL 21086967 1 0 1706656855
WALL 21086967 1 0 1706656856
WALL 21086967 1 0 1706656857
WALL 21086967 1 0 1706656858
WALL 21086967 1 0 1706656859
WALL 21086967 1 0 1706656860
WALL 21086967 1 0 1706656861
WALL 21086967 1 0 1706656862
WALL 21086967 1 0 1706656863
WALL 21086967 1 0 1706656864
WALL 21086967 1 0 1706656865
WALL 21086967 1 0 1706656866
WALL 21086967 1 0 1706656867
WALL 21086967 1 0 1706656868
WALL 21086967 1 0 1706656869
WALL 21086967 1 0 1706656870
WALL 21086967 1 0 1706656871
WALL 21086967 1 0 1706656872
WALL 21086967 1 0 1706656873
WALL 21086967 1 0 1706656874
WALL 21086967 1 0 1706656875
WALL 21086967 1 0 1706656876
WALL 21086967 1 0 1706656877
WALL 21086967 1 0 1706656878
WALL 21086967 1 0 1706656879
WALL 21086967 1 0 1706656880
WALL 21086967 1 0 1706656881
WALL 21086967 1 0 1706656882
WALL 21086967 1 0 1706656883
WALL 21086967 1 0 1706656884
WALL 21086967 1 0 1706656885
WALL 21086967 1 0 1706656886
WALL 21086967 1 0 1706656887
WALL 21086967 1 0 1706656888
WALL 21086967 1 0 1706656889
WALL 21086967 1 0 1706656890
WALL 21086967 1 0 1706656891
WALL 21086967 1 0 1706656892
WALL 21086967 1 0 1706656893
WALL 21086967 1 0 1706656894
WALL 21086967 1 0 1706656895
WALL 21086967 1 0 1706656896
WALL 21086967 1 0 1706656897
WALL 21086967 1 0 1706656898
WALL 21086967 1 0 1706656899
WALL 21086967 1 0 1706656900
WALL 21086967 1 0 1706656901
WALL 21086967 1 0 1706656902
WALL 21086967 1 0 1706656903
WALL 21086967 1 0 1706656904
WALL 21086967 1 0 1706656905
WALL 21086967 1 0 1706656906
WALL 21086967 1 0 1706656907
WALL 21086967 1 0 1706656908
WALL 21086967 1 0 1706656909
WALL 21086967 1 0 1706656910
WALL 21086967 1 0 1706656911
WALL 21086967 1 0 1706656912
WALL 21086967 1 0 1706656913
WALL 21086967 1 0 1706656914
WALL 21086967 1 0 1706656915
WALL 21086967 1 0 1706656916
WALL 21086967 1 0 1706656917
WALL 21086967 1 0 1706656918
WALL 21086967 1 0 1706656919
WALL 21086967 1 0 1706656920
WALL 21086967 1 0 1706656921
WALL 21086967 1 0 1706656922
WALL 21086967 1 0 1706656923
WALL 21086967 1 0 1706656924
WALL 21086967 1 0 1706656925
WALL 21086967 1 0 1706656926
WALL 21086967 1 0 1706656927
WALL 21086967 1 0 1706656928
WALL 21086967 1 0 1706656929
WALL 21086967 1 0 1706656930
WALL 21086967 1 0 1706656931
WALL 21086967 1 0 1706656932
WALL 21086967 1 0 1706656933
WALL 21086967 1 0 1706656934
WALL 21086967 1 0 1706656935
WALL 21086967 1 0 1706656936
WALL 21086967 1 0 1706656937
WALL 21086967 1 0 1706656938
WALL 21086967 1 0 1706656939
WALL 21086967 1 0 1706656940
WALL 21086967 1 0 1706656941
WALL 21086967 1 0 1706656942
WALL 21086967 1 0 1706656943
WALL 21086967 1 0 1706656944
WALL 21086967 1 0 1706656945
WALL 21086967 1 0 1706656946
WALL 21086967 1 0 1706656947
WALL 21086967 1 0 1706656948
WALL 21086967 1 0 1706656949
WALL 21086967 1 0 1706656950
received SIGCONT 1706656950
WALL 21086967 1 0 1706656950
slurmstepd: error: *** STEP 21086967.0 ON nid200195 CANCELLED AT 2024-01-30T23:22:30 ***
received SIGTERM 1706656950
WALL 21086967 1 0 1706656950
WALL 21086967 1 0 1706656951
WALL 21086967 1 0 1706656952
WALL 21086967 1 0 1706656953
WALL 21086967 1 0 1706656954
WALL 21086967 1 0 1706656955
WALL 21086967 1 0 1706656956
WALL 21086967 1 0 1706656957
WALL 21086967 1 0 1706656958
WALL 21086967 1 0 1706656959
WALL 21086967 1 0 1706656960
WALL 21086967 1 0 1706656961
WALL 21086967 1 0 1706656962
WALL 21086967 1 0 1706656963
WALL 21086967 1 0 1706656964
WALL 21086967 1 0 1706656965
WALL 21086967 1 0 1706656966
WALL 21086967 1 0 1706656967
WALL 21086967 1 0 1706656968
WALL 21086967 1 0 1706656969
WALL 21086967 1 0 1706656970
WALL 21086967 1 0 1706656971
WALL 21086967 1 0 1706656972
WALL 21086967 1 0 1706656973
WALL 21086967 1 0 1706656974
WALL 21086967 1 0 1706656975
WALL 21086967 1 0 1706656976
WALL 21086967 1 0 1706656977
WALL 21086967 1 0 1706656978
WALL 21086967 1 0 1706656979
WALL 21086967 1 0 1706656980
WALL 21086967 1 0 1706656981
WALL 21086967 1 0 1706656982
WALL 21086967 1 0 1706656983
WALL 21086967 1 0 1706656984
WALL 21086967 1 0 1706656985
WALL 21086967 1 0 1706656986
WALL 21086967 1 0 1706656987
WALL 21086967 1 0 1706656988
WALL 21086967 1 0 1706656989
WALL 21086967 1 0 1706656990
WALL 21086967 1 0 1706656991
WALL 21086967 1 0 1706656992
WALL 21086967 1 0 1706656993
WALL 21086967 1 0 1706656994
WALL 21086967 1 0 1706656995
WALL 21086967 1 0 1706656996
WALL 21086967 1 0 1706656997
WALL 21086967 1 0 1706656998
WALL 21086967 1 0 1706656999
WALL 21086967 1 0 1706657000
WALL 21086967 1 0 1706657001
WALL 21086967 1 0 1706657002
WALL 21086967 1 0 1706657003
WALL 21086967 1 0 1706657004
WALL 21086967 1 0 1706657005
WALL 21086967 1 0 1706657006
WALL 21086967 1 0 1706657007
WALL 21086967 1 0 1706657008
WALL 21086967 1 0 1706657009
WALL 21086967 1 0 1706657010
WALL 21086967 1 0 1706657011
WALL 21086967 1 0 1706657012
WALL 21086967 1 0 1706657013
WALL 21086967 1 0 1706657014
WALL 21086967 1 0 1706657015
slurmstepd: error: *** JOB 21086967 ON nid200195 CANCELLED AT 2024-01-30T23:23:36 DUE TO PREEMPTION ***
received SIGTERM 1706657016
WALL 21086967 1 0 1706657016
received SIGCONT 1706657016
WALL 21086967 1 0 1706657016
srun: Job step aborted: Waiting up to 32 seconds for job step to finish.
received SIGTERM 1706657016
WALL 21086967 1 0 1706657016
