srun: warning: can't run 1 processes on 8 nodes, setting nnodes to 1
WALL 21210878 1 0 1706829216
WALL 21210878 1 0 1706829217
WALL 21210878 1 0 1706829218
WALL 21210878 1 0 1706829219
WALL 21210878 1 0 1706829220
WALL 21210878 1 0 1706829221
WALL 21210878 1 0 1706829222
WALL 21210878 1 0 1706829223
WALL 21210878 1 0 1706829224
WALL 21210878 1 0 1706829225
WALL 21210878 1 0 1706829226
WALL 21210878 1 0 1706829227
WALL 21210878 1 0 1706829228
WALL 21210878 1 0 1706829229
WALL 21210878 1 0 1706829230
WALL 21210878 1 0 1706829231
WALL 21210878 1 0 1706829232
WALL 21210878 1 0 1706829233
WALL 21210878 1 0 1706829234
WALL 21210878 1 0 1706829235
WALL 21210878 1 0 1706829236
WALL 21210878 1 0 1706829237
WALL 21210878 1 0 1706829238
WALL 21210878 1 0 1706829239
WALL 21210878 1 0 1706829240
WALL 21210878 1 0 1706829241
WALL 21210878 1 0 1706829242
WALL 21210878 1 0 1706829243
WALL 21210878 1 0 1706829244
WALL 21210878 1 0 1706829245
WALL 21210878 1 0 1706829246
WALL 21210878 1 0 1706829247
WALL 21210878 1 0 1706829248
WALL 21210878 1 0 1706829249
WALL 21210878 1 0 1706829250
WALL 21210878 1 0 1706829251
WALL 21210878 1 0 1706829252
WALL 21210878 1 0 1706829253
WALL 21210878 1 0 1706829254
WALL 21210878 1 0 1706829255
WALL 21210878 1 0 1706829256
WALL 21210878 1 0 1706829257
WALL 21210878 1 0 1706829258
WALL 21210878 1 0 1706829259
WALL 21210878 1 0 1706829260
WALL 21210878 1 0 1706829261
WALL 21210878 1 0 1706829262
WALL 21210878 1 0 1706829263
WALL 21210878 1 0 1706829264
WALL 21210878 1 0 1706829265
WALL 21210878 1 0 1706829266
WALL 21210878 1 0 1706829267
WALL 21210878 1 0 1706829268
WALL 21210878 1 0 1706829269
WALL 21210878 1 0 1706829270
WALL 21210878 1 0 1706829271
WALL 21210878 1 0 1706829272
WALL 21210878 1 0 1706829273
WALL 21210878 1 0 1706829274
WALL 21210878 1 0 1706829275
WALL 21210878 1 0 1706829276
WALL 21210878 1 0 1706829277
WALL 21210878 1 0 1706829278
WALL 21210878 1 0 1706829279
WALL 21210878 1 0 1706829280
WALL 21210878 1 0 1706829281
WALL 21210878 1 0 1706829282
WALL 21210878 1 0 1706829283
received SIGCONT 1706829283
WALL 21210878 1 0 1706829283
slurmstepd: error: *** STEP 21210878.0 ON nid200022 CANCELLED AT 2024-02-01T23:14:43 ***
received SIGTERM 1706829283
WALL 21210878 1 0 1706829283
WALL 21210878 1 0 1706829284
WALL 21210878 1 0 1706829285
WALL 21210878 1 0 1706829286
WALL 21210878 1 0 1706829287
WALL 21210878 1 0 1706829288
WALL 21210878 1 0 1706829289
WALL 21210878 1 0 1706829290
WALL 21210878 1 0 1706829291
WALL 21210878 1 0 1706829292
WALL 21210878 1 0 1706829293
WALL 21210878 1 0 1706829294
WALL 21210878 1 0 1706829295
WALL 21210878 1 0 1706829296
WALL 21210878 1 0 1706829297
WALL 21210878 1 0 1706829298
WALL 21210878 1 0 1706829299
WALL 21210878 1 0 1706829300
WALL 21210878 1 0 1706829301
WALL 21210878 1 0 1706829302
WALL 21210878 1 0 1706829303
WALL 21210878 1 0 1706829304
WALL 21210878 1 0 1706829305
WALL 21210878 1 0 1706829306
WALL 21210878 1 0 1706829307
WALL 21210878 1 0 1706829308
WALL 21210878 1 0 1706829309
WALL 21210878 1 0 1706829310
WALL 21210878 1 0 1706829311
WALL 21210878 1 0 1706829312
WALL 21210878 1 0 1706829313
WALL 21210878 1 0 1706829314
WALL 21210878 1 0 1706829315
WALL 21210878 1 0 1706829316
WALL 21210878 1 0 1706829317
WALL 21210878 1 0 1706829318
WALL 21210878 1 0 1706829319
WALL 21210878 1 0 1706829320
WALL 21210878 1 0 1706829321
WALL 21210878 1 0 1706829322
WALL 21210878 1 0 1706829323
WALL 21210878 1 0 1706829324
WALL 21210878 1 0 1706829325
WALL 21210878 1 0 1706829326
WALL 21210878 1 0 1706829327
WALL 21210878 1 0 1706829328
WALL 21210878 1 0 1706829329
WALL 21210878 1 0 1706829330
WALL 21210878 1 0 1706829331
WALL 21210878 1 0 1706829332
WALL 21210878 1 0 1706829333
WALL 21210878 1 0 1706829334
WALL 21210878 1 0 1706829335
WALL 21210878 1 0 1706829336
WALL 21210878 1 0 1706829337
WALL 21210878 1 0 1706829338
WALL 21210878 1 0 1706829339
WALL 21210878 1 0 1706829340
WALL 21210878 1 0 1706829341
WALL 21210878 1 0 1706829342
WALL 21210878 1 0 1706829343
WALL 21210878 1 0 1706829344
WALL 21210878 1 0 1706829345
WALL 21210878 1 0 1706829346
WALL 21210878 1 0 1706829347
WALL 21210878 1 0 1706829348
WALL 21210878 1 0 1706829349
WALL 21210878 1 0 1706829350
WALL 21210878 1 0 1706829351
WALL 21210878 1 0 1706829352
WALL 21210878 1 0 1706829353
WALL 21210878 1 0 1706829354
WALL 21210878 1 0 1706829355
WALL 21210878 1 0 1706829356
WALL 21210878 1 0 1706829357
WALL 21210878 1 0 1706829358
WALL 21210878 1 0 1706829359
WALL 21210878 1 0 1706829360
WALL 21210878 1 0 1706829361
WALL 21210878 1 0 1706829362
WALL 21210878 1 0 1706829363
WALL 21210878 1 0 1706829364
WALL 21210878 1 0 1706829365
WALL 21210878 1 0 1706829366
WALL 21210878 1 0 1706829367
WALL 21210878 1 0 1706829368
WALL 21210878 1 0 1706829369
slurmstepd: error: *** JOB 21210878 ON nid200022 CANCELLED AT 2024-02-01T23:16:10 DUE TO PREEMPTION ***
received SIGTERM 1706829370
WALL 21210878 1 0 1706829370
received SIGCONT 1706829370
WALL 21210878 1 0 1706829370
received SIGTERM 1706829370
WALL 21210878 1 0 1706829370
