srun: warning: can't run 1 processes on 2 nodes, setting nnodes to 1
WALL 21197432 1 0 1706814728
WALL 21197432 1 0 1706814729
WALL 21197432 1 0 1706814730
WALL 21197432 1 0 1706814731
WALL 21197432 1 0 1706814732
WALL 21197432 1 0 1706814733
WALL 21197432 1 0 1706814734
WALL 21197432 1 0 1706814735
WALL 21197432 1 0 1706814736
WALL 21197432 1 0 1706814737
WALL 21197432 1 0 1706814738
WALL 21197432 1 0 1706814739
WALL 21197432 1 0 1706814740
WALL 21197432 1 0 1706814741
WALL 21197432 1 0 1706814742
WALL 21197432 1 0 1706814743
WALL 21197432 1 0 1706814744
WALL 21197432 1 0 1706814745
received SIGCONT 1706814745
WALL 21197432 1 0 1706814745
slurmstepd: error: *** STEP 21197432.0 ON nid200022 CANCELLED AT 2024-02-01T19:12:25 ***
received SIGTERM 1706814745
WALL 21197432 1 0 1706814745
WALL 21197432 1 0 1706814746
WALL 21197432 1 0 1706814747
WALL 21197432 1 0 1706814748
WALL 21197432 1 0 1706814749
WALL 21197432 1 0 1706814750
WALL 21197432 1 0 1706814751
WALL 21197432 1 0 1706814752
WALL 21197432 1 0 1706814753
WALL 21197432 1 0 1706814754
WALL 21197432 1 0 1706814755
WALL 21197432 1 0 1706814756
WALL 21197432 1 0 1706814757
WALL 21197432 1 0 1706814758
WALL 21197432 1 0 1706814759
WALL 21197432 1 0 1706814760
WALL 21197432 1 0 1706814761
WALL 21197432 1 0 1706814762
WALL 21197432 1 0 1706814763
WALL 21197432 1 0 1706814764
WALL 21197432 1 0 1706814765
WALL 21197432 1 0 1706814766
WALL 21197432 1 0 1706814767
WALL 21197432 1 0 1706814768
WALL 21197432 1 0 1706814769
WALL 21197432 1 0 1706814770
WALL 21197432 1 0 1706814771
WALL 21197432 1 0 1706814772
WALL 21197432 1 0 1706814773
WALL 21197432 1 0 1706814774
WALL 21197432 1 0 1706814775
WALL 21197432 1 0 1706814776
WALL 21197432 1 0 1706814777
WALL 21197432 1 0 1706814778
WALL 21197432 1 0 1706814779
WALL 21197432 1 0 1706814780
WALL 21197432 1 0 1706814781
WALL 21197432 1 0 1706814782
WALL 21197432 1 0 1706814783
WALL 21197432 1 0 1706814784
WALL 21197432 1 0 1706814785
WALL 21197432 1 0 1706814786
WALL 21197432 1 0 1706814787
WALL 21197432 1 0 1706814788
WALL 21197432 1 0 1706814789
WALL 21197432 1 0 1706814790
WALL 21197432 1 0 1706814791
WALL 21197432 1 0 1706814792
WALL 21197432 1 0 1706814793
WALL 21197432 1 0 1706814794
WALL 21197432 1 0 1706814795
WALL 21197432 1 0 1706814796
WALL 21197432 1 0 1706814797
WALL 21197432 1 0 1706814798
WALL 21197432 1 0 1706814799
WALL 21197432 1 0 1706814800
WALL 21197432 1 0 1706814801
WALL 21197432 1 0 1706814802
WALL 21197432 1 0 1706814803
WALL 21197432 1 0 1706814804
WALL 21197432 1 0 1706814805
WALL 21197432 1 0 1706814806
WALL 21197432 1 0 1706814807
WALL 21197432 1 0 1706814808
WALL 21197432 1 0 1706814809
WALL 21197432 1 0 1706814810
WALL 21197432 1 0 1706814811
WALL 21197432 1 0 1706814812
WALL 21197432 1 0 1706814813
WALL 21197432 1 0 1706814814
WALL 21197432 1 0 1706814815
WALL 21197432 1 0 1706814816
WALL 21197432 1 0 1706814817
WALL 21197432 1 0 1706814818
WALL 21197432 1 0 1706814819
WALL 21197432 1 0 1706814820
WALL 21197432 1 0 1706814821
WALL 21197432 1 0 1706814822
WALL 21197432 1 0 1706814823
slurmstepd: error: *** JOB 21197432 ON nid200022 CANCELLED AT 2024-02-01T19:13:44 DUE TO PREEMPTION ***
received SIGTERM 1706814824
WALL 21197432 1 0 1706814824
received SIGCONT 1706814824
WALL 21197432 1 0 1706814824
received SIGTERM 1706814824
WALL 21197432 1 0 1706814824
