srun: warning: can't run 1 processes on 2 nodes, setting nnodes to 1
WALL 21195399 1 0 1706813516
WALL 21195399 1 0 1706813517
WALL 21195399 1 0 1706813518
WALL 21195399 1 0 1706813519
WALL 21195399 1 0 1706813520
WALL 21195399 1 0 1706813521
WALL 21195399 1 0 1706813522
WALL 21195399 1 0 1706813523
WALL 21195399 1 0 1706813524
WALL 21195399 1 0 1706813525
WALL 21195399 1 0 1706813526
WALL 21195399 1 0 1706813527
WALL 21195399 1 0 1706813528
WALL 21195399 1 0 1706813529
WALL 21195399 1 0 1706813530
WALL 21195399 1 0 1706813531
WALL 21195399 1 0 1706813532
WALL 21195399 1 0 1706813533
WALL 21195399 1 0 1706813534
WALL 21195399 1 0 1706813535
WALL 21195399 1 0 1706813536
WALL 21195399 1 0 1706813537
WALL 21195399 1 0 1706813538
WALL 21195399 1 0 1706813539
WALL 21195399 1 0 1706813540
WALL 21195399 1 0 1706813541
WALL 21195399 1 0 1706813542
WALL 21195399 1 0 1706813543
WALL 21195399 1 0 1706813544
WALL 21195399 1 0 1706813545
WALL 21195399 1 0 1706813546
WALL 21195399 1 0 1706813547
WALL 21195399 1 0 1706813548
WALL 21195399 1 0 1706813549
WALL 21195399 1 0 1706813550
WALL 21195399 1 0 1706813551
WALL 21195399 1 0 1706813552
WALL 21195399 1 0 1706813553
WALL 21195399 1 0 1706813554
WALL 21195399 1 0 1706813555
WALL 21195399 1 0 1706813556
WALL 21195399 1 0 1706813557
WALL 21195399 1 0 1706813558
WALL 21195399 1 0 1706813559
WALL 21195399 1 0 1706813560
WALL 21195399 1 0 1706813561
WALL 21195399 1 0 1706813562
WALL 21195399 1 0 1706813563
WALL 21195399 1 0 1706813564
WALL 21195399 1 0 1706813565
WALL 21195399 1 0 1706813566
WALL 21195399 1 0 1706813567
WALL 21195399 1 0 1706813568
WALL 21195399 1 0 1706813569
WALL 21195399 1 0 1706813570
WALL 21195399 1 0 1706813571
WALL 21195399 1 0 1706813572
WALL 21195399 1 0 1706813573
WALL 21195399 1 0 1706813574
WALL 21195399 1 0 1706813575
WALL 21195399 1 0 1706813576
WALL 21195399 1 0 1706813577
WALL 21195399 1 0 1706813578
WALL 21195399 1 0 1706813579
WALL 21195399 1 0 1706813580
WALL 21195399 1 0 1706813581
WALL 21195399 1 0 1706813582
WALL 21195399 1 0 1706813583
WALL 21195399 1 0 1706813584
WALL 21195399 1 0 1706813585
WALL 21195399 1 0 1706813586
WALL 21195399 1 0 1706813587
WALL 21195399 1 0 1706813588
WALL 21195399 1 0 1706813589
WALL 21195399 1 0 1706813590
WALL 21195399 1 0 1706813591
WALL 21195399 1 0 1706813592
WALL 21195399 1 0 1706813593
WALL 21195399 1 0 1706813594
WALL 21195399 1 0 1706813595
WALL 21195399 1 0 1706813596
WALL 21195399 1 0 1706813597
WALL 21195399 1 0 1706813598
WALL 21195399 1 0 1706813599
WALL 21195399 1 0 1706813600
WALL 21195399 1 0 1706813601
WALL 21195399 1 0 1706813602
WALL 21195399 1 0 1706813603
WALL 21195399 1 0 1706813604
WALL 21195399 1 0 1706813605
WALL 21195399 1 0 1706813606
WALL 21195399 1 0 1706813607
received SIGCONT 1706813608
WALL 21195399 1 0 1706813608
slurmstepd: error: *** STEP 21195399.0 ON nid200183 CANCELLED AT 2024-02-01T18:53:28 ***
received SIGTERM 1706813608
WALL 21195399 1 0 1706813608
WALL 21195399 1 0 1706813609
WALL 21195399 1 0 1706813610
WALL 21195399 1 0 1706813611
WALL 21195399 1 0 1706813612
WALL 21195399 1 0 1706813613
WALL 21195399 1 0 1706813614
WALL 21195399 1 0 1706813615
WALL 21195399 1 0 1706813616
WALL 21195399 1 0 1706813617
WALL 21195399 1 0 1706813618
WALL 21195399 1 0 1706813619
WALL 21195399 1 0 1706813620
WALL 21195399 1 0 1706813621
WALL 21195399 1 0 1706813622
WALL 21195399 1 0 1706813623
WALL 21195399 1 0 1706813624
WALL 21195399 1 0 1706813625
WALL 21195399 1 0 1706813626
WALL 21195399 1 0 1706813627
WALL 21195399 1 0 1706813628
WALL 21195399 1 0 1706813629
WALL 21195399 1 0 1706813630
WALL 21195399 1 0 1706813631
WALL 21195399 1 0 1706813632
WALL 21195399 1 0 1706813633
WALL 21195399 1 0 1706813634
WALL 21195399 1 0 1706813635
WALL 21195399 1 0 1706813636
WALL 21195399 1 0 1706813637
WALL 21195399 1 0 1706813638
WALL 21195399 1 0 1706813639
WALL 21195399 1 0 1706813640
WALL 21195399 1 0 1706813641
WALL 21195399 1 0 1706813642
WALL 21195399 1 0 1706813643
WALL 21195399 1 0 1706813644
WALL 21195399 1 0 1706813645
WALL 21195399 1 0 1706813646
WALL 21195399 1 0 1706813647
WALL 21195399 1 0 1706813648
WALL 21195399 1 0 1706813649
WALL 21195399 1 0 1706813650
WALL 21195399 1 0 1706813651
WALL 21195399 1 0 1706813652
WALL 21195399 1 0 1706813653
WALL 21195399 1 0 1706813654
WALL 21195399 1 0 1706813655
WALL 21195399 1 0 1706813656
WALL 21195399 1 0 1706813657
WALL 21195399 1 0 1706813658
WALL 21195399 1 0 1706813659
WALL 21195399 1 0 1706813660
WALL 21195399 1 0 1706813661
WALL 21195399 1 0 1706813662
WALL 21195399 1 0 1706813663
WALL 21195399 1 0 1706813664
WALL 21195399 1 0 1706813665
WALL 21195399 1 0 1706813666
WALL 21195399 1 0 1706813667
WALL 21195399 1 0 1706813668
WALL 21195399 1 0 1706813669
WALL 21195399 1 0 1706813670
WALL 21195399 1 0 1706813671
WALL 21195399 1 0 1706813672
WALL 21195399 1 0 1706813673
WALL 21195399 1 0 1706813674
WALL 21195399 1 0 1706813675
WALL 21195399 1 0 1706813676
WALL 21195399 1 0 1706813677
WALL 21195399 1 0 1706813678
WALL 21195399 1 0 1706813679
WALL 21195399 1 0 1706813680
WALL 21195399 1 0 1706813681
WALL 21195399 1 0 1706813682
WALL 21195399 1 0 1706813683
WALL 21195399 1 0 1706813684
WALL 21195399 1 0 1706813685
slurmstepd: error: *** JOB 21195399 ON nid200183 CANCELLED AT 2024-02-01T18:54:46 DUE TO PREEMPTION ***
received SIGTERM 1706813686
WALL 21195399 1 0 1706813686
received SIGCONT 1706813686
WALL 21195399 1 0 1706813686
received SIGTERM 1706813686
WALL 21195399 1 0 1706813686
