WALL 21199491 1 0 1706816203
WALL 21199491 1 0 1706816204
WALL 21199491 1 0 1706816205
WALL 21199491 1 0 1706816206
WALL 21199491 1 0 1706816207
WALL 21199491 1 0 1706816208
WALL 21199491 1 0 1706816209
WALL 21199491 1 0 1706816210
WALL 21199491 1 0 1706816211
WALL 21199491 1 0 1706816212
WALL 21199491 1 0 1706816213
WALL 21199491 1 0 1706816214
WALL 21199491 1 0 1706816215
WALL 21199491 1 0 1706816216
WALL 21199491 1 0 1706816217
WALL 21199491 1 0 1706816218
WALL 21199491 1 0 1706816219
slurmstepd: error: *** STEP 21199491.0 ON nid200021 CANCELLED AT 2024-02-01T19:37:00 ***
received SIGTERM 1706816220
WALL 21199491 1 0 1706816220
received SIGCONT 1706816220
WALL 21199491 1 0 1706816220
WALL 21199491 1 0 1706816221
WALL 21199491 1 0 1706816222
WALL 21199491 1 0 1706816223
WALL 21199491 1 0 1706816224
WALL 21199491 1 0 1706816225
WALL 21199491 1 0 1706816226
WALL 21199491 1 0 1706816227
WALL 21199491 1 0 1706816228
WALL 21199491 1 0 1706816229
WALL 21199491 1 0 1706816230
WALL 21199491 1 0 1706816231
WALL 21199491 1 0 1706816232
WALL 21199491 1 0 1706816233
WALL 21199491 1 0 1706816234
WALL 21199491 1 0 1706816235
WALL 21199491 1 0 1706816236
WALL 21199491 1 0 1706816237
WALL 21199491 1 0 1706816238
WALL 21199491 1 0 1706816239
WALL 21199491 1 0 1706816240
WALL 21199491 1 0 1706816241
WALL 21199491 1 0 1706816242
WALL 21199491 1 0 1706816243
WALL 21199491 1 0 1706816244
WALL 21199491 1 0 1706816245
WALL 21199491 1 0 1706816246
WALL 21199491 1 0 1706816247
WALL 21199491 1 0 1706816248
WALL 21199491 1 0 1706816249
WALL 21199491 1 0 1706816250
WALL 21199491 1 0 1706816251
WALL 21199491 1 0 1706816252
WALL 21199491 1 0 1706816253
WALL 21199491 1 0 1706816254
WALL 21199491 1 0 1706816255
WALL 21199491 1 0 1706816256
WALL 21199491 1 0 1706816257
WALL 21199491 1 0 1706816258
WALL 21199491 1 0 1706816259
WALL 21199491 1 0 1706816260
WALL 21199491 1 0 1706816261
WALL 21199491 1 0 1706816262
WALL 21199491 1 0 1706816263
WALL 21199491 1 0 1706816264
WALL 21199491 1 0 1706816265
WALL 21199491 1 0 1706816266
WALL 21199491 1 0 1706816267
WALL 21199491 1 0 1706816268
WALL 21199491 1 0 1706816269
WALL 21199491 1 0 1706816270
WALL 21199491 1 0 1706816271
WALL 21199491 1 0 1706816272
WALL 21199491 1 0 1706816273
WALL 21199491 1 0 1706816274
WALL 21199491 1 0 1706816275
WALL 21199491 1 0 1706816276
WALL 21199491 1 0 1706816277
WALL 21199491 1 0 1706816278
WALL 21199491 1 0 1706816279
WALL 21199491 1 0 1706816280
WALL 21199491 1 0 1706816281
WALL 21199491 1 0 1706816282
WALL 21199491 1 0 1706816283
WALL 21199491 1 0 1706816284
WALL 21199491 1 0 1706816285
WALL 21199491 1 0 1706816286
WALL 21199491 1 0 1706816287
WALL 21199491 1 0 1706816288
WALL 21199491 1 0 1706816289
WALL 21199491 1 0 1706816290
slurmstepd: error: *** JOB 21199491 ON nid200021 CANCELLED AT 2024-02-01T19:38:11 DUE TO PREEMPTION ***
received SIGTERM 1706816291
WALL 21199491 1 0 1706816291
received SIGCONT 1706816291
WALL 21199491 1 0 1706816291
received SIGTERM 1706816291
WALL 21199491 1 0 1706816291
