srun: warning: can't run 1 processes on 8 nodes, setting nnodes to 1
WALL 21200823 1 0 1706816855
WALL 21200823 1 0 1706816856
WALL 21200823 1 0 1706816857
WALL 21200823 1 0 1706816858
WALL 21200823 1 0 1706816859
WALL 21200823 1 0 1706816860
WALL 21200823 1 0 1706816861
WALL 21200823 1 0 1706816862
WALL 21200823 1 0 1706816863
WALL 21200823 1 0 1706816864
WALL 21200823 1 0 1706816865
WALL 21200823 1 0 1706816866
WALL 21200823 1 0 1706816867
WALL 21200823 1 0 1706816868
WALL 21200823 1 0 1706816869
WALL 21200823 1 0 1706816870
WALL 21200823 1 0 1706816871
WALL 21200823 1 0 1706816872
WALL 21200823 1 0 1706816873
WALL 21200823 1 0 1706816874
WALL 21200823 1 0 1706816875
WALL 21200823 1 0 1706816876
WALL 21200823 1 0 1706816877
WALL 21200823 1 0 1706816878
WALL 21200823 1 0 1706816879
WALL 21200823 1 0 1706816880
WALL 21200823 1 0 1706816881
WALL 21200823 1 0 1706816882
WALL 21200823 1 0 1706816883
WALL 21200823 1 0 1706816884
WALL 21200823 1 0 1706816885
WALL 21200823 1 0 1706816886
WALL 21200823 1 0 1706816887
WALL 21200823 1 0 1706816888
WALL 21200823 1 0 1706816889
WALL 21200823 1 0 1706816890
WALL 21200823 1 0 1706816891
WALL 21200823 1 0 1706816892
WALL 21200823 1 0 1706816893
WALL 21200823 1 0 1706816894
WALL 21200823 1 0 1706816895
WALL 21200823 1 0 1706816896
WALL 21200823 1 0 1706816897
WALL 21200823 1 0 1706816898
WALL 21200823 1 0 1706816899
WALL 21200823 1 0 1706816900
WALL 21200823 1 0 1706816901
WALL 21200823 1 0 1706816902
WALL 21200823 1 0 1706816903
WALL 21200823 1 0 1706816904
WALL 21200823 1 0 1706816905
WALL 21200823 1 0 1706816906
WALL 21200823 1 0 1706816907
WALL 21200823 1 0 1706816908
WALL 21200823 1 0 1706816909
WALL 21200823 1 0 1706816910
WALL 21200823 1 0 1706816911
WALL 21200823 1 0 1706816912
WALL 21200823 1 0 1706816913
WALL 21200823 1 0 1706816914
WALL 21200823 1 0 1706816915
WALL 21200823 1 0 1706816916
WALL 21200823 1 0 1706816917
WALL 21200823 1 0 1706816918
WALL 21200823 1 0 1706816919
WALL 21200823 1 0 1706816920
WALL 21200823 1 0 1706816921
WALL 21200823 1 0 1706816922
WALL 21200823 1 0 1706816923
WALL 21200823 1 0 1706816924
WALL 21200823 1 0 1706816925
WALL 21200823 1 0 1706816926
WALL 21200823 1 0 1706816927
WALL 21200823 1 0 1706816928
WALL 21200823 1 0 1706816929
WALL 21200823 1 0 1706816930
WALL 21200823 1 0 1706816931
WALL 21200823 1 0 1706816932
WALL 21200823 1 0 1706816933
WALL 21200823 1 0 1706816934
WALL 21200823 1 0 1706816935
WALL 21200823 1 0 1706816936
WALL 21200823 1 0 1706816937
WALL 21200823 1 0 1706816938
WALL 21200823 1 0 1706816939
WALL 21200823 1 0 1706816940
WALL 21200823 1 0 1706816941
WALL 21200823 1 0 1706816942
WALL 21200823 1 0 1706816943
WALL 21200823 1 0 1706816944
WALL 21200823 1 0 1706816945
WALL 21200823 1 0 1706816946
WALL 21200823 1 0 1706816947
WALL 21200823 1 0 1706816948
WALL 21200823 1 0 1706816949
WALL 21200823 1 0 1706816950
WALL 21200823 1 0 1706816951
WALL 21200823 1 0 1706816952
WALL 21200823 1 0 1706816953
WALL 21200823 1 0 1706816954
WALL 21200823 1 0 1706816955
WALL 21200823 1 0 1706816956
WALL 21200823 1 0 1706816957
WALL 21200823 1 0 1706816958
WALL 21200823 1 0 1706816959
WALL 21200823 1 0 1706816960
WALL 21200823 1 0 1706816961
WALL 21200823 1 0 1706816962
WALL 21200823 1 0 1706816963
WALL 21200823 1 0 1706816964
WALL 21200823 1 0 1706816965
WALL 21200823 1 0 1706816966
WALL 21200823 1 0 1706816967
WALL 21200823 1 0 1706816968
WALL 21200823 1 0 1706816969
WALL 21200823 1 0 1706816970
WALL 21200823 1 0 1706816971
WALL 21200823 1 0 1706816972
WALL 21200823 1 0 1706816973
WALL 21200823 1 0 1706816974
WALL 21200823 1 0 1706816975
WALL 21200823 1 0 1706816976
WALL 21200823 1 0 1706816977
WALL 21200823 1 0 1706816978
WALL 21200823 1 0 1706816979
WALL 21200823 1 0 1706816980
WALL 21200823 1 0 1706816981
WALL 21200823 1 0 1706816982
WALL 21200823 1 0 1706816983
WALL 21200823 1 0 1706816984
WALL 21200823 1 0 1706816985
WALL 21200823 1 0 1706816986
WALL 21200823 1 0 1706816987
WALL 21200823 1 0 1706816988
WALL 21200823 1 0 1706816989
WALL 21200823 1 0 1706816990
WALL 21200823 1 0 1706816991
WALL 21200823 1 0 1706816992
WALL 21200823 1 0 1706816993
WALL 21200823 1 0 1706816994
WALL 21200823 1 0 1706816995
WALL 21200823 1 0 1706816996
WALL 21200823 1 0 1706816997
WALL 21200823 1 0 1706816998
WALL 21200823 1 0 1706816999
WALL 21200823 1 0 1706817000
WALL 21200823 1 0 1706817001
WALL 21200823 1 0 1706817002
WALL 21200823 1 0 1706817003
WALL 21200823 1 0 1706817004
WALL 21200823 1 0 1706817005
WALL 21200823 1 0 1706817006
WALL 21200823 1 0 1706817007
WALL 21200823 1 0 1706817008
WALL 21200823 1 0 1706817009
WALL 21200823 1 0 1706817010
WALL 21200823 1 0 1706817011
WALL 21200823 1 0 1706817012
WALL 21200823 1 0 1706817013
WALL 21200823 1 0 1706817014
WALL 21200823 1 0 1706817015
WALL 21200823 1 0 1706817016
WALL 21200823 1 0 1706817017
WALL 21200823 1 0 1706817018
WALL 21200823 1 0 1706817019
WALL 21200823 1 0 1706817020
WALL 21200823 1 0 1706817021
WALL 21200823 1 0 1706817022
WALL 21200823 1 0 1706817023
WALL 21200823 1 0 1706817024
WALL 21200823 1 0 1706817025
WALL 21200823 1 0 1706817026
WALL 21200823 1 0 1706817027
WALL 21200823 1 0 1706817028
WALL 21200823 1 0 1706817029
WALL 21200823 1 0 1706817030
WALL 21200823 1 0 1706817031
WALL 21200823 1 0 1706817032
WALL 21200823 1 0 1706817033
WALL 21200823 1 0 1706817034
WALL 21200823 1 0 1706817035
WALL 21200823 1 0 1706817036
WALL 21200823 1 0 1706817037
WALL 21200823 1 0 1706817038
WALL 21200823 1 0 1706817039
WALL 21200823 1 0 1706817040
WALL 21200823 1 0 1706817041
WALL 21200823 1 0 1706817042
WALL 21200823 1 0 1706817043
WALL 21200823 1 0 1706817044
WALL 21200823 1 0 1706817045
WALL 21200823 1 0 1706817046
WALL 21200823 1 0 1706817047
WALL 21200823 1 0 1706817048
WALL 21200823 1 0 1706817049
WALL 21200823 1 0 1706817050
WALL 21200823 1 0 1706817051
WALL 21200823 1 0 1706817052
WALL 21200823 1 0 1706817053
WALL 21200823 1 0 1706817054
WALL 21200823 1 0 1706817055
WALL 21200823 1 0 1706817056
WALL 21200823 1 0 1706817057
WALL 21200823 1 0 1706817058
WALL 21200823 1 0 1706817059
WALL 21200823 1 0 1706817060
WALL 21200823 1 0 1706817061
WALL 21200823 1 0 1706817062
WALL 21200823 1 0 1706817063
WALL 21200823 1 0 1706817064
WALL 21200823 1 0 1706817065
WALL 21200823 1 0 1706817066
WALL 21200823 1 0 1706817067
WALL 21200823 1 0 1706817068
WALL 21200823 1 0 1706817069
WALL 21200823 1 0 1706817070
WALL 21200823 1 0 1706817071
WALL 21200823 1 0 1706817072
WALL 21200823 1 0 1706817073
WALL 21200823 1 0 1706817074
WALL 21200823 1 0 1706817075
WALL 21200823 1 0 1706817076
WALL 21200823 1 0 1706817077
WALL 21200823 1 0 1706817078
WALL 21200823 1 0 1706817079
WALL 21200823 1 0 1706817080
WALL 21200823 1 0 1706817081
WALL 21200823 1 0 1706817082
WALL 21200823 1 0 1706817083
WALL 21200823 1 0 1706817084
WALL 21200823 1 0 1706817085
WALL 21200823 1 0 1706817086
WALL 21200823 1 0 1706817087
WALL 21200823 1 0 1706817088
WALL 21200823 1 0 1706817089
WALL 21200823 1 0 1706817090
WALL 21200823 1 0 1706817091
WALL 21200823 1 0 1706817092
WALL 21200823 1 0 1706817093
WALL 21200823 1 0 1706817094
WALL 21200823 1 0 1706817095
WALL 21200823 1 0 1706817096
WALL 21200823 1 0 1706817097
WALL 21200823 1 0 1706817098
WALL 21200823 1 0 1706817099
WALL 21200823 1 0 1706817100
WALL 21200823 1 0 1706817101
WALL 21200823 1 0 1706817102
WALL 21200823 1 0 1706817103
WALL 21200823 1 0 1706817104
WALL 21200823 1 0 1706817105
WALL 21200823 1 0 1706817106
WALL 21200823 1 0 1706817107
WALL 21200823 1 0 1706817108
WALL 21200823 1 0 1706817109
WALL 21200823 1 0 1706817110
WALL 21200823 1 0 1706817111
WALL 21200823 1 0 1706817112
WALL 21200823 1 0 1706817113
WALL 21200823 1 0 1706817114
WALL 21200823 1 0 1706817115
WALL 21200823 1 0 1706817116
WALL 21200823 1 0 1706817117
WALL 21200823 1 0 1706817118
WALL 21200823 1 0 1706817119
WALL 21200823 1 0 1706817120
WALL 21200823 1 0 1706817121
WALL 21200823 1 0 1706817122
WALL 21200823 1 0 1706817123
WALL 21200823 1 0 1706817124
WALL 21200823 1 0 1706817125
WALL 21200823 1 0 1706817126
WALL 21200823 1 0 1706817127
WALL 21200823 1 0 1706817128
WALL 21200823 1 0 1706817129
WALL 21200823 1 0 1706817130
WALL 21200823 1 0 1706817131
WALL 21200823 1 0 1706817132
WALL 21200823 1 0 1706817133
WALL 21200823 1 0 1706817134
WALL 21200823 1 0 1706817135
WALL 21200823 1 0 1706817136
WALL 21200823 1 0 1706817137
WALL 21200823 1 0 1706817138
WALL 21200823 1 0 1706817139
WALL 21200823 1 0 1706817140
WALL 21200823 1 0 1706817141
WALL 21200823 1 0 1706817142
WALL 21200823 1 0 1706817143
WALL 21200823 1 0 1706817144
WALL 21200823 1 0 1706817145
WALL 21200823 1 0 1706817146
WALL 21200823 1 0 1706817147
WALL 21200823 1 0 1706817148
WALL 21200823 1 0 1706817149
WALL 21200823 1 0 1706817150
WALL 21200823 1 0 1706817151
WALL 21200823 1 0 1706817152
WALL 21200823 1 0 1706817153
WALL 21200823 1 0 1706817154
WALL 21200823 1 0 1706817155
WALL 21200823 1 0 1706817156
WALL 21200823 1 0 1706817157
WALL 21200823 1 0 1706817158
WALL 21200823 1 0 1706817159
WALL 21200823 1 0 1706817160
WALL 21200823 1 0 1706817161
WALL 21200823 1 0 1706817162
WALL 21200823 1 0 1706817163
WALL 21200823 1 0 1706817164
WALL 21200823 1 0 1706817165
WALL 21200823 1 0 1706817166
WALL 21200823 1 0 1706817167
WALL 21200823 1 0 1706817168
WALL 21200823 1 0 1706817169
WALL 21200823 1 0 1706817170
WALL 21200823 1 0 1706817171
WALL 21200823 1 0 1706817172
WALL 21200823 1 0 1706817173
WALL 21200823 1 0 1706817174
WALL 21200823 1 0 1706817175
WALL 21200823 1 0 1706817176
WALL 21200823 1 0 1706817177
WALL 21200823 1 0 1706817178
WALL 21200823 1 0 1706817179
WALL 21200823 1 0 1706817180
WALL 21200823 1 0 1706817181
WALL 21200823 1 0 1706817182
WALL 21200823 1 0 1706817183
WALL 21200823 1 0 1706817184
WALL 21200823 1 0 1706817185
WALL 21200823 1 0 1706817186
WALL 21200823 1 0 1706817187
WALL 21200823 1 0 1706817188
WALL 21200823 1 0 1706817189
WALL 21200823 1 0 1706817190
WALL 21200823 1 0 1706817191
WALL 21200823 1 0 1706817192
WALL 21200823 1 0 1706817193
WALL 21200823 1 0 1706817194
WALL 21200823 1 0 1706817195
WALL 21200823 1 0 1706817196
WALL 21200823 1 0 1706817197
WALL 21200823 1 0 1706817198
WALL 21200823 1 0 1706817199
WALL 21200823 1 0 1706817200
WALL 21200823 1 0 1706817201
WALL 21200823 1 0 1706817202
WALL 21200823 1 0 1706817203
WALL 21200823 1 0 1706817204
WALL 21200823 1 0 1706817205
WALL 21200823 1 0 1706817206
WALL 21200823 1 0 1706817207
WALL 21200823 1 0 1706817208
WALL 21200823 1 0 1706817209
WALL 21200823 1 0 1706817210
WALL 21200823 1 0 1706817211
WALL 21200823 1 0 1706817212
WALL 21200823 1 0 1706817213
WALL 21200823 1 0 1706817214
WALL 21200823 1 0 1706817215
WALL 21200823 1 0 1706817216
WALL 21200823 1 0 1706817217
WALL 21200823 1 0 1706817218
WALL 21200823 1 0 1706817219
WALL 21200823 1 0 1706817220
WALL 21200823 1 0 1706817221
WALL 21200823 1 0 1706817222
WALL 21200823 1 0 1706817223
WALL 21200823 1 0 1706817224
WALL 21200823 1 0 1706817225
WALL 21200823 1 0 1706817226
WALL 21200823 1 0 1706817227
WALL 21200823 1 0 1706817228
WALL 21200823 1 0 1706817229
WALL 21200823 1 0 1706817230
WALL 21200823 1 0 1706817231
WALL 21200823 1 0 1706817232
WALL 21200823 1 0 1706817233
WALL 21200823 1 0 1706817234
WALL 21200823 1 0 1706817235
WALL 21200823 1 0 1706817236
WALL 21200823 1 0 1706817237
WALL 21200823 1 0 1706817238
WALL 21200823 1 0 1706817239
WALL 21200823 1 0 1706817240
WALL 21200823 1 0 1706817241
WALL 21200823 1 0 1706817242
WALL 21200823 1 0 1706817243
WALL 21200823 1 0 1706817244
WALL 21200823 1 0 1706817245
WALL 21200823 1 0 1706817246
WALL 21200823 1 0 1706817247
WALL 21200823 1 0 1706817248
WALL 21200823 1 0 1706817249
WALL 21200823 1 0 1706817250
WALL 21200823 1 0 1706817251
WALL 21200823 1 0 1706817252
WALL 21200823 1 0 1706817253
WALL 21200823 1 0 1706817254
WALL 21200823 1 0 1706817255
WALL 21200823 1 0 1706817256
WALL 21200823 1 0 1706817257
WALL 21200823 1 0 1706817258
WALL 21200823 1 0 1706817259
WALL 21200823 1 0 1706817260
WALL 21200823 1 0 1706817261
WALL 21200823 1 0 1706817262
WALL 21200823 1 0 1706817263
WALL 21200823 1 0 1706817264
WALL 21200823 1 0 1706817265
WALL 21200823 1 0 1706817266
WALL 21200823 1 0 1706817267
WALL 21200823 1 0 1706817268
WALL 21200823 1 0 1706817269
WALL 21200823 1 0 1706817270
WALL 21200823 1 0 1706817271
WALL 21200823 1 0 1706817272
WALL 21200823 1 0 1706817273
WALL 21200823 1 0 1706817274
WALL 21200823 1 0 1706817275
WALL 21200823 1 0 1706817276
WALL 21200823 1 0 1706817277
WALL 21200823 1 0 1706817278
WALL 21200823 1 0 1706817279
WALL 21200823 1 0 1706817280
WALL 21200823 1 0 1706817281
WALL 21200823 1 0 1706817282
WALL 21200823 1 0 1706817283
WALL 21200823 1 0 1706817284
WALL 21200823 1 0 1706817285
WALL 21200823 1 0 1706817286
WALL 21200823 1 0 1706817287
WALL 21200823 1 0 1706817288
WALL 21200823 1 0 1706817289
WALL 21200823 1 0 1706817290
WALL 21200823 1 0 1706817291
WALL 21200823 1 0 1706817292
WALL 21200823 1 0 1706817293
WALL 21200823 1 0 1706817294
WALL 21200823 1 0 1706817295
WALL 21200823 1 0 1706817296
WALL 21200823 1 0 1706817297
WALL 21200823 1 0 1706817298
WALL 21200823 1 0 1706817299
WALL 21200823 1 0 1706817300
WALL 21200823 1 0 1706817301
WALL 21200823 1 0 1706817302
WALL 21200823 1 0 1706817303
WALL 21200823 1 0 1706817304
WALL 21200823 1 0 1706817305
WALL 21200823 1 0 1706817306
WALL 21200823 1 0 1706817307
WALL 21200823 1 0 1706817308
WALL 21200823 1 0 1706817309
WALL 21200823 1 0 1706817310
WALL 21200823 1 0 1706817311
WALL 21200823 1 0 1706817312
WALL 21200823 1 0 1706817313
WALL 21200823 1 0 1706817314
WALL 21200823 1 0 1706817315
WALL 21200823 1 0 1706817316
WALL 21200823 1 0 1706817317
WALL 21200823 1 0 1706817318
WALL 21200823 1 0 1706817319
WALL 21200823 1 0 1706817320
WALL 21200823 1 0 1706817321
WALL 21200823 1 0 1706817322
WALL 21200823 1 0 1706817323
WALL 21200823 1 0 1706817324
WALL 21200823 1 0 1706817325
WALL 21200823 1 0 1706817326
WALL 21200823 1 0 1706817327
WALL 21200823 1 0 1706817328
WALL 21200823 1 0 1706817329
WALL 21200823 1 0 1706817330
WALL 21200823 1 0 1706817331
WALL 21200823 1 0 1706817332
WALL 21200823 1 0 1706817333
WALL 21200823 1 0 1706817334
WALL 21200823 1 0 1706817335
WALL 21200823 1 0 1706817336
WALL 21200823 1 0 1706817337
WALL 21200823 1 0 1706817338
WALL 21200823 1 0 1706817339
WALL 21200823 1 0 1706817340
WALL 21200823 1 0 1706817341
WALL 21200823 1 0 1706817342
WALL 21200823 1 0 1706817343
WALL 21200823 1 0 1706817344
WALL 21200823 1 0 1706817345
WALL 21200823 1 0 1706817346
WALL 21200823 1 0 1706817347
WALL 21200823 1 0 1706817348
WALL 21200823 1 0 1706817349
WALL 21200823 1 0 1706817350
WALL 21200823 1 0 1706817351
WALL 21200823 1 0 1706817352
WALL 21200823 1 0 1706817353
WALL 21200823 1 0 1706817354
WALL 21200823 1 0 1706817355
WALL 21200823 1 0 1706817356
WALL 21200823 1 0 1706817357
WALL 21200823 1 0 1706817358
WALL 21200823 1 0 1706817359
WALL 21200823 1 0 1706817360
WALL 21200823 1 0 1706817361
WALL 21200823 1 0 1706817362
WALL 21200823 1 0 1706817363
WALL 21200823 1 0 1706817364
WALL 21200823 1 0 1706817365
WALL 21200823 1 0 1706817366
WALL 21200823 1 0 1706817367
WALL 21200823 1 0 1706817368
WALL 21200823 1 0 1706817369
WALL 21200823 1 0 1706817370
WALL 21200823 1 0 1706817371
WALL 21200823 1 0 1706817372
WALL 21200823 1 0 1706817373
WALL 21200823 1 0 1706817374
WALL 21200823 1 0 1706817375
WALL 21200823 1 0 1706817376
WALL 21200823 1 0 1706817377
WALL 21200823 1 0 1706817378
WALL 21200823 1 0 1706817379
WALL 21200823 1 0 1706817380
WALL 21200823 1 0 1706817381
WALL 21200823 1 0 1706817382
WALL 21200823 1 0 1706817383
WALL 21200823 1 0 1706817384
WALL 21200823 1 0 1706817385
WALL 21200823 1 0 1706817386
WALL 21200823 1 0 1706817387
WALL 21200823 1 0 1706817388
WALL 21200823 1 0 1706817389
WALL 21200823 1 0 1706817390
WALL 21200823 1 0 1706817391
WALL 21200823 1 0 1706817392
WALL 21200823 1 0 1706817393
WALL 21200823 1 0 1706817394
WALL 21200823 1 0 1706817395
WALL 21200823 1 0 1706817396
WALL 21200823 1 0 1706817397
WALL 21200823 1 0 1706817398
WALL 21200823 1 0 1706817399
WALL 21200823 1 0 1706817400
WALL 21200823 1 0 1706817401
WALL 21200823 1 0 1706817402
WALL 21200823 1 0 1706817403
WALL 21200823 1 0 1706817404
WALL 21200823 1 0 1706817405
WALL 21200823 1 0 1706817406
WALL 21200823 1 0 1706817407
WALL 21200823 1 0 1706817408
WALL 21200823 1 0 1706817409
WALL 21200823 1 0 1706817410
WALL 21200823 1 0 1706817411
WALL 21200823 1 0 1706817412
WALL 21200823 1 0 1706817413
WALL 21200823 1 0 1706817414
WALL 21200823 1 0 1706817415
WALL 21200823 1 0 1706817416
WALL 21200823 1 0 1706817417
WALL 21200823 1 0 1706817418
WALL 21200823 1 0 1706817419
WALL 21200823 1 0 1706817420
WALL 21200823 1 0 1706817421
WALL 21200823 1 0 1706817422
WALL 21200823 1 0 1706817423
WALL 21200823 1 0 1706817424
WALL 21200823 1 0 1706817425
WALL 21200823 1 0 1706817426
WALL 21200823 1 0 1706817427
WALL 21200823 1 0 1706817428
WALL 21200823 1 0 1706817429
WALL 21200823 1 0 1706817430
WALL 21200823 1 0 1706817431
WALL 21200823 1 0 1706817432
WALL 21200823 1 0 1706817433
WALL 21200823 1 0 1706817434
WALL 21200823 1 0 1706817435
WALL 21200823 1 0 1706817436
WALL 21200823 1 0 1706817437
WALL 21200823 1 0 1706817438
WALL 21200823 1 0 1706817439
WALL 21200823 1 0 1706817440
WALL 21200823 1 0 1706817441
WALL 21200823 1 0 1706817442
WALL 21200823 1 0 1706817443
WALL 21200823 1 0 1706817444
WALL 21200823 1 0 1706817445
WALL 21200823 1 0 1706817446
WALL 21200823 1 0 1706817447
WALL 21200823 1 0 1706817448
WALL 21200823 1 0 1706817449
WALL 21200823 1 0 1706817450
WALL 21200823 1 0 1706817451
WALL 21200823 1 0 1706817452
WALL 21200823 1 0 1706817453
WALL 21200823 1 0 1706817454
WALL 21200823 1 0 1706817455
WALL 21200823 1 0 1706817456
WALL 21200823 1 0 1706817457
WALL 21200823 1 0 1706817458
WALL 21200823 1 0 1706817459
WALL 21200823 1 0 1706817460
WALL 21200823 1 0 1706817461
WALL 21200823 1 0 1706817462
WALL 21200823 1 0 1706817463
WALL 21200823 1 0 1706817464
WALL 21200823 1 0 1706817465
WALL 21200823 1 0 1706817466
WALL 21200823 1 0 1706817467
WALL 21200823 1 0 1706817468
WALL 21200823 1 0 1706817469
WALL 21200823 1 0 1706817470
WALL 21200823 1 0 1706817471
WALL 21200823 1 0 1706817472
WALL 21200823 1 0 1706817473
WALL 21200823 1 0 1706817474
WALL 21200823 1 0 1706817475
WALL 21200823 1 0 1706817476
WALL 21200823 1 0 1706817477
WALL 21200823 1 0 1706817478
WALL 21200823 1 0 1706817479
WALL 21200823 1 0 1706817480
WALL 21200823 1 0 1706817481
WALL 21200823 1 0 1706817482
WALL 21200823 1 0 1706817483
WALL 21200823 1 0 1706817484
WALL 21200823 1 0 1706817485
WALL 21200823 1 0 1706817486
WALL 21200823 1 0 1706817487
WALL 21200823 1 0 1706817488
WALL 21200823 1 0 1706817489
WALL 21200823 1 0 1706817490
WALL 21200823 1 0 1706817491
WALL 21200823 1 0 1706817492
WALL 21200823 1 0 1706817493
WALL 21200823 1 0 1706817494
WALL 21200823 1 0 1706817495
WALL 21200823 1 0 1706817496
WALL 21200823 1 0 1706817497
WALL 21200823 1 0 1706817498
WALL 21200823 1 0 1706817499
WALL 21200823 1 0 1706817500
WALL 21200823 1 0 1706817501
WALL 21200823 1 0 1706817502
WALL 21200823 1 0 1706817503
WALL 21200823 1 0 1706817504
WALL 21200823 1 0 1706817505
WALL 21200823 1 0 1706817506
WALL 21200823 1 0 1706817507
WALL 21200823 1 0 1706817508
WALL 21200823 1 0 1706817509
WALL 21200823 1 0 1706817510
WALL 21200823 1 0 1706817511
WALL 21200823 1 0 1706817512
WALL 21200823 1 0 1706817513
WALL 21200823 1 0 1706817514
WALL 21200823 1 0 1706817515
WALL 21200823 1 0 1706817516
WALL 21200823 1 0 1706817517
WALL 21200823 1 0 1706817518
WALL 21200823 1 0 1706817519
WALL 21200823 1 0 1706817520
WALL 21200823 1 0 1706817521
WALL 21200823 1 0 1706817522
WALL 21200823 1 0 1706817523
WALL 21200823 1 0 1706817524
WALL 21200823 1 0 1706817525
WALL 21200823 1 0 1706817526
WALL 21200823 1 0 1706817527
WALL 21200823 1 0 1706817528
WALL 21200823 1 0 1706817529
WALL 21200823 1 0 1706817530
WALL 21200823 1 0 1706817531
WALL 21200823 1 0 1706817532
WALL 21200823 1 0 1706817533
WALL 21200823 1 0 1706817534
WALL 21200823 1 0 1706817535
WALL 21200823 1 0 1706817536
WALL 21200823 1 0 1706817537
WALL 21200823 1 0 1706817538
WALL 21200823 1 0 1706817539
WALL 21200823 1 0 1706817540
WALL 21200823 1 0 1706817541
WALL 21200823 1 0 1706817542
WALL 21200823 1 0 1706817543
WALL 21200823 1 0 1706817544
WALL 21200823 1 0 1706817545
WALL 21200823 1 0 1706817546
WALL 21200823 1 0 1706817547
WALL 21200823 1 0 1706817548
WALL 21200823 1 0 1706817549
WALL 21200823 1 0 1706817550
WALL 21200823 1 0 1706817551
WALL 21200823 1 0 1706817552
WALL 21200823 1 0 1706817553
WALL 21200823 1 0 1706817554
WALL 21200823 1 0 1706817555
WALL 21200823 1 0 1706817556
WALL 21200823 1 0 1706817557
WALL 21200823 1 0 1706817558
WALL 21200823 1 0 1706817559
WALL 21200823 1 0 1706817560
WALL 21200823 1 0 1706817561
WALL 21200823 1 0 1706817562
WALL 21200823 1 0 1706817563
WALL 21200823 1 0 1706817564
WALL 21200823 1 0 1706817565
WALL 21200823 1 0 1706817566
WALL 21200823 1 0 1706817567
WALL 21200823 1 0 1706817568
WALL 21200823 1 0 1706817569
WALL 21200823 1 0 1706817570
WALL 21200823 1 0 1706817571
WALL 21200823 1 0 1706817572
WALL 21200823 1 0 1706817573
WALL 21200823 1 0 1706817574
WALL 21200823 1 0 1706817575
WALL 21200823 1 0 1706817576
WALL 21200823 1 0 1706817577
WALL 21200823 1 0 1706817578
WALL 21200823 1 0 1706817579
WALL 21200823 1 0 1706817580
WALL 21200823 1 0 1706817581
WALL 21200823 1 0 1706817582
WALL 21200823 1 0 1706817583
WALL 21200823 1 0 1706817584
WALL 21200823 1 0 1706817585
WALL 21200823 1 0 1706817586
WALL 21200823 1 0 1706817587
WALL 21200823 1 0 1706817588
WALL 21200823 1 0 1706817589
WALL 21200823 1 0 1706817590
WALL 21200823 1 0 1706817591
WALL 21200823 1 0 1706817592
WALL 21200823 1 0 1706817593
WALL 21200823 1 0 1706817594
WALL 21200823 1 0 1706817595
WALL 21200823 1 0 1706817596
WALL 21200823 1 0 1706817597
WALL 21200823 1 0 1706817598
WALL 21200823 1 0 1706817599
WALL 21200823 1 0 1706817600
WALL 21200823 1 0 1706817601
WALL 21200823 1 0 1706817602
WALL 21200823 1 0 1706817603
WALL 21200823 1 0 1706817604
WALL 21200823 1 0 1706817605
WALL 21200823 1 0 1706817606
WALL 21200823 1 0 1706817607
WALL 21200823 1 0 1706817608
WALL 21200823 1 0 1706817609
WALL 21200823 1 0 1706817610
WALL 21200823 1 0 1706817611
WALL 21200823 1 0 1706817612
WALL 21200823 1 0 1706817613
WALL 21200823 1 0 1706817614
WALL 21200823 1 0 1706817615
WALL 21200823 1 0 1706817616
WALL 21200823 1 0 1706817617
WALL 21200823 1 0 1706817618
WALL 21200823 1 0 1706817619
WALL 21200823 1 0 1706817620
WALL 21200823 1 0 1706817621
WALL 21200823 1 0 1706817622
WALL 21200823 1 0 1706817623
WALL 21200823 1 0 1706817624
WALL 21200823 1 0 1706817625
WALL 21200823 1 0 1706817626
WALL 21200823 1 0 1706817627
WALL 21200823 1 0 1706817628
WALL 21200823 1 0 1706817629
WALL 21200823 1 0 1706817630
WALL 21200823 1 0 1706817631
WALL 21200823 1 0 1706817632
WALL 21200823 1 0 1706817633
WALL 21200823 1 0 1706817634
WALL 21200823 1 0 1706817635
WALL 21200823 1 0 1706817636
WALL 21200823 1 0 1706817637
WALL 21200823 1 0 1706817638
WALL 21200823 1 0 1706817639
WALL 21200823 1 0 1706817640
WALL 21200823 1 0 1706817641
WALL 21200823 1 0 1706817642
WALL 21200823 1 0 1706817643
WALL 21200823 1 0 1706817644
WALL 21200823 1 0 1706817645
WALL 21200823 1 0 1706817646
WALL 21200823 1 0 1706817647
WALL 21200823 1 0 1706817648
WALL 21200823 1 0 1706817649
WALL 21200823 1 0 1706817650
WALL 21200823 1 0 1706817651
WALL 21200823 1 0 1706817652
WALL 21200823 1 0 1706817653
WALL 21200823 1 0 1706817654
WALL 21200823 1 0 1706817655
WALL 21200823 1 0 1706817656
WALL 21200823 1 0 1706817657
WALL 21200823 1 0 1706817658
WALL 21200823 1 0 1706817659
WALL 21200823 1 0 1706817660
WALL 21200823 1 0 1706817661
WALL 21200823 1 0 1706817662
WALL 21200823 1 0 1706817663
WALL 21200823 1 0 1706817664
WALL 21200823 1 0 1706817665
WALL 21200823 1 0 1706817666
WALL 21200823 1 0 1706817667
WALL 21200823 1 0 1706817668
WALL 21200823 1 0 1706817669
WALL 21200823 1 0 1706817670
WALL 21200823 1 0 1706817671
WALL 21200823 1 0 1706817672
WALL 21200823 1 0 1706817673
WALL 21200823 1 0 1706817674
WALL 21200823 1 0 1706817675
WALL 21200823 1 0 1706817676
WALL 21200823 1 0 1706817677
WALL 21200823 1 0 1706817678
WALL 21200823 1 0 1706817679
WALL 21200823 1 0 1706817680
WALL 21200823 1 0 1706817681
WALL 21200823 1 0 1706817682
WALL 21200823 1 0 1706817683
WALL 21200823 1 0 1706817684
WALL 21200823 1 0 1706817685
WALL 21200823 1 0 1706817686
WALL 21200823 1 0 1706817687
WALL 21200823 1 0 1706817688
WALL 21200823 1 0 1706817689
WALL 21200823 1 0 1706817690
WALL 21200823 1 0 1706817691
WALL 21200823 1 0 1706817692
WALL 21200823 1 0 1706817693
WALL 21200823 1 0 1706817694
WALL 21200823 1 0 1706817695
WALL 21200823 1 0 1706817696
WALL 21200823 1 0 1706817697
WALL 21200823 1 0 1706817698
WALL 21200823 1 0 1706817699
WALL 21200823 1 0 1706817700
WALL 21200823 1 0 1706817701
WALL 21200823 1 0 1706817702
WALL 21200823 1 0 1706817703
WALL 21200823 1 0 1706817704
WALL 21200823 1 0 1706817705
WALL 21200823 1 0 1706817706
WALL 21200823 1 0 1706817707
WALL 21200823 1 0 1706817708
WALL 21200823 1 0 1706817709
WALL 21200823 1 0 1706817710
WALL 21200823 1 0 1706817711
WALL 21200823 1 0 1706817712
WALL 21200823 1 0 1706817713
WALL 21200823 1 0 1706817714
WALL 21200823 1 0 1706817715
WALL 21200823 1 0 1706817716
WALL 21200823 1 0 1706817717
WALL 21200823 1 0 1706817718
WALL 21200823 1 0 1706817719
WALL 21200823 1 0 1706817720
WALL 21200823 1 0 1706817721
WALL 21200823 1 0 1706817722
WALL 21200823 1 0 1706817723
WALL 21200823 1 0 1706817724
WALL 21200823 1 0 1706817725
WALL 21200823 1 0 1706817726
WALL 21200823 1 0 1706817727
WALL 21200823 1 0 1706817728
WALL 21200823 1 0 1706817729
WALL 21200823 1 0 1706817730
WALL 21200823 1 0 1706817731
WALL 21200823 1 0 1706817732
WALL 21200823 1 0 1706817733
WALL 21200823 1 0 1706817734
WALL 21200823 1 0 1706817735
WALL 21200823 1 0 1706817736
WALL 21200823 1 0 1706817737
WALL 21200823 1 0 1706817738
WALL 21200823 1 0 1706817739
WALL 21200823 1 0 1706817740
WALL 21200823 1 0 1706817741
WALL 21200823 1 0 1706817742
WALL 21200823 1 0 1706817743
WALL 21200823 1 0 1706817744
WALL 21200823 1 0 1706817745
WALL 21200823 1 0 1706817746
WALL 21200823 1 0 1706817747
WALL 21200823 1 0 1706817748
WALL 21200823 1 0 1706817749
WALL 21200823 1 0 1706817750
WALL 21200823 1 0 1706817751
WALL 21200823 1 0 1706817752
WALL 21200823 1 0 1706817753
WALL 21200823 1 0 1706817754
WALL 21200823 1 0 1706817755
WALL 21200823 1 0 1706817756
WALL 21200823 1 0 1706817757
WALL 21200823 1 0 1706817758
WALL 21200823 1 0 1706817759
WALL 21200823 1 0 1706817760
WALL 21200823 1 0 1706817761
WALL 21200823 1 0 1706817762
WALL 21200823 1 0 1706817763
WALL 21200823 1 0 1706817764
WALL 21200823 1 0 1706817765
WALL 21200823 1 0 1706817766
WALL 21200823 1 0 1706817767
WALL 21200823 1 0 1706817768
WALL 21200823 1 0 1706817769
WALL 21200823 1 0 1706817770
WALL 21200823 1 0 1706817771
WALL 21200823 1 0 1706817772
WALL 21200823 1 0 1706817773
WALL 21200823 1 0 1706817774
WALL 21200823 1 0 1706817775
WALL 21200823 1 0 1706817776
WALL 21200823 1 0 1706817777
WALL 21200823 1 0 1706817778
WALL 21200823 1 0 1706817779
WALL 21200823 1 0 1706817780
WALL 21200823 1 0 1706817781
WALL 21200823 1 0 1706817782
WALL 21200823 1 0 1706817783
WALL 21200823 1 0 1706817784
WALL 21200823 1 0 1706817785
WALL 21200823 1 0 1706817786
WALL 21200823 1 0 1706817787
WALL 21200823 1 0 1706817788
WALL 21200823 1 0 1706817789
WALL 21200823 1 0 1706817790
WALL 21200823 1 0 1706817791
WALL 21200823 1 0 1706817792
WALL 21200823 1 0 1706817793
WALL 21200823 1 0 1706817794
WALL 21200823 1 0 1706817795
WALL 21200823 1 0 1706817796
WALL 21200823 1 0 1706817797
WALL 21200823 1 0 1706817798
WALL 21200823 1 0 1706817799
WALL 21200823 1 0 1706817800
WALL 21200823 1 0 1706817801
WALL 21200823 1 0 1706817802
WALL 21200823 1 0 1706817803
WALL 21200823 1 0 1706817804
WALL 21200823 1 0 1706817805
WALL 21200823 1 0 1706817806
WALL 21200823 1 0 1706817807
WALL 21200823 1 0 1706817808
WALL 21200823 1 0 1706817809
WALL 21200823 1 0 1706817810
WALL 21200823 1 0 1706817811
WALL 21200823 1 0 1706817812
WALL 21200823 1 0 1706817813
WALL 21200823 1 0 1706817814
WALL 21200823 1 0 1706817815
WALL 21200823 1 0 1706817816
WALL 21200823 1 0 1706817817
WALL 21200823 1 0 1706817818
WALL 21200823 1 0 1706817819
WALL 21200823 1 0 1706817820
WALL 21200823 1 0 1706817821
WALL 21200823 1 0 1706817822
WALL 21200823 1 0 1706817823
WALL 21200823 1 0 1706817824
WALL 21200823 1 0 1706817825
WALL 21200823 1 0 1706817826
WALL 21200823 1 0 1706817827
WALL 21200823 1 0 1706817828
WALL 21200823 1 0 1706817829
WALL 21200823 1 0 1706817830
WALL 21200823 1 0 1706817831
WALL 21200823 1 0 1706817832
WALL 21200823 1 0 1706817833
WALL 21200823 1 0 1706817834
WALL 21200823 1 0 1706817835
WALL 21200823 1 0 1706817836
WALL 21200823 1 0 1706817837
WALL 21200823 1 0 1706817838
WALL 21200823 1 0 1706817839
WALL 21200823 1 0 1706817840
WALL 21200823 1 0 1706817841
WALL 21200823 1 0 1706817842
WALL 21200823 1 0 1706817843
WALL 21200823 1 0 1706817844
WALL 21200823 1 0 1706817845
WALL 21200823 1 0 1706817846
WALL 21200823 1 0 1706817847
WALL 21200823 1 0 1706817848
WALL 21200823 1 0 1706817849
WALL 21200823 1 0 1706817850
WALL 21200823 1 0 1706817851
WALL 21200823 1 0 1706817852
WALL 21200823 1 0 1706817853
WALL 21200823 1 0 1706817854
WALL 21200823 1 0 1706817855
WALL 21200823 1 0 1706817856
WALL 21200823 1 0 1706817857
WALL 21200823 1 0 1706817858
WALL 21200823 1 0 1706817859
WALL 21200823 1 0 1706817860
WALL 21200823 1 0 1706817861
WALL 21200823 1 0 1706817862
WALL 21200823 1 0 1706817863
WALL 21200823 1 0 1706817864
WALL 21200823 1 0 1706817865
WALL 21200823 1 0 1706817866
WALL 21200823 1 0 1706817867
WALL 21200823 1 0 1706817868
WALL 21200823 1 0 1706817869
WALL 21200823 1 0 1706817870
WALL 21200823 1 0 1706817871
WALL 21200823 1 0 1706817872
WALL 21200823 1 0 1706817873
WALL 21200823 1 0 1706817874
WALL 21200823 1 0 1706817875
WALL 21200823 1 0 1706817876
WALL 21200823 1 0 1706817877
WALL 21200823 1 0 1706817878
WALL 21200823 1 0 1706817879
WALL 21200823 1 0 1706817880
WALL 21200823 1 0 1706817881
WALL 21200823 1 0 1706817882
WALL 21200823 1 0 1706817883
WALL 21200823 1 0 1706817884
WALL 21200823 1 0 1706817885
WALL 21200823 1 0 1706817886
WALL 21200823 1 0 1706817887
WALL 21200823 1 0 1706817888
WALL 21200823 1 0 1706817889
WALL 21200823 1 0 1706817890
WALL 21200823 1 0 1706817891
WALL 21200823 1 0 1706817892
WALL 21200823 1 0 1706817893
WALL 21200823 1 0 1706817894
WALL 21200823 1 0 1706817895
WALL 21200823 1 0 1706817896
WALL 21200823 1 0 1706817897
WALL 21200823 1 0 1706817898
WALL 21200823 1 0 1706817899
WALL 21200823 1 0 1706817900
WALL 21200823 1 0 1706817901
WALL 21200823 1 0 1706817902
WALL 21200823 1 0 1706817903
WALL 21200823 1 0 1706817904
WALL 21200823 1 0 1706817905
WALL 21200823 1 0 1706817906
WALL 21200823 1 0 1706817907
WALL 21200823 1 0 1706817908
WALL 21200823 1 0 1706817909
WALL 21200823 1 0 1706817910
WALL 21200823 1 0 1706817911
WALL 21200823 1 0 1706817912
WALL 21200823 1 0 1706817913
WALL 21200823 1 0 1706817914
WALL 21200823 1 0 1706817915
WALL 21200823 1 0 1706817916
WALL 21200823 1 0 1706817917
WALL 21200823 1 0 1706817918
WALL 21200823 1 0 1706817919
WALL 21200823 1 0 1706817920
WALL 21200823 1 0 1706817921
WALL 21200823 1 0 1706817922
WALL 21200823 1 0 1706817923
WALL 21200823 1 0 1706817924
WALL 21200823 1 0 1706817925
WALL 21200823 1 0 1706817926
WALL 21200823 1 0 1706817927
WALL 21200823 1 0 1706817928
WALL 21200823 1 0 1706817929
WALL 21200823 1 0 1706817930
WALL 21200823 1 0 1706817931
WALL 21200823 1 0 1706817932
WALL 21200823 1 0 1706817933
WALL 21200823 1 0 1706817934
WALL 21200823 1 0 1706817935
WALL 21200823 1 0 1706817936
WALL 21200823 1 0 1706817937
WALL 21200823 1 0 1706817938
WALL 21200823 1 0 1706817939
WALL 21200823 1 0 1706817940
WALL 21200823 1 0 1706817941
WALL 21200823 1 0 1706817942
WALL 21200823 1 0 1706817943
WALL 21200823 1 0 1706817944
WALL 21200823 1 0 1706817945
WALL 21200823 1 0 1706817946
WALL 21200823 1 0 1706817947
WALL 21200823 1 0 1706817948
WALL 21200823 1 0 1706817949
WALL 21200823 1 0 1706817950
WALL 21200823 1 0 1706817951
WALL 21200823 1 0 1706817952
WALL 21200823 1 0 1706817953
WALL 21200823 1 0 1706817954
WALL 21200823 1 0 1706817955
WALL 21200823 1 0 1706817956
WALL 21200823 1 0 1706817957
WALL 21200823 1 0 1706817958
WALL 21200823 1 0 1706817959
WALL 21200823 1 0 1706817960
WALL 21200823 1 0 1706817961
WALL 21200823 1 0 1706817962
WALL 21200823 1 0 1706817963
WALL 21200823 1 0 1706817964
WALL 21200823 1 0 1706817965
WALL 21200823 1 0 1706817966
WALL 21200823 1 0 1706817967
WALL 21200823 1 0 1706817968
WALL 21200823 1 0 1706817969
WALL 21200823 1 0 1706817970
WALL 21200823 1 0 1706817971
WALL 21200823 1 0 1706817972
WALL 21200823 1 0 1706817973
WALL 21200823 1 0 1706817974
WALL 21200823 1 0 1706817975
WALL 21200823 1 0 1706817976
WALL 21200823 1 0 1706817977
WALL 21200823 1 0 1706817978
WALL 21200823 1 0 1706817979
WALL 21200823 1 0 1706817980
WALL 21200823 1 0 1706817981
WALL 21200823 1 0 1706817982
WALL 21200823 1 0 1706817983
WALL 21200823 1 0 1706817984
WALL 21200823 1 0 1706817985
WALL 21200823 1 0 1706817986
WALL 21200823 1 0 1706817987
WALL 21200823 1 0 1706817988
WALL 21200823 1 0 1706817989
WALL 21200823 1 0 1706817990
WALL 21200823 1 0 1706817991
WALL 21200823 1 0 1706817992
WALL 21200823 1 0 1706817993
WALL 21200823 1 0 1706817994
WALL 21200823 1 0 1706817995
WALL 21200823 1 0 1706817996
WALL 21200823 1 0 1706817997
WALL 21200823 1 0 1706817998
WALL 21200823 1 0 1706817999
WALL 21200823 1 0 1706818000
WALL 21200823 1 0 1706818001
WALL 21200823 1 0 1706818002
WALL 21200823 1 0 1706818003
WALL 21200823 1 0 1706818004
WALL 21200823 1 0 1706818005
WALL 21200823 1 0 1706818006
WALL 21200823 1 0 1706818007
WALL 21200823 1 0 1706818008
WALL 21200823 1 0 1706818009
WALL 21200823 1 0 1706818010
WALL 21200823 1 0 1706818011
WALL 21200823 1 0 1706818012
WALL 21200823 1 0 1706818013
WALL 21200823 1 0 1706818014
WALL 21200823 1 0 1706818015
WALL 21200823 1 0 1706818016
WALL 21200823 1 0 1706818017
WALL 21200823 1 0 1706818018
WALL 21200823 1 0 1706818019
WALL 21200823 1 0 1706818020
WALL 21200823 1 0 1706818021
WALL 21200823 1 0 1706818022
WALL 21200823 1 0 1706818023
WALL 21200823 1 0 1706818024
WALL 21200823 1 0 1706818025
WALL 21200823 1 0 1706818026
WALL 21200823 1 0 1706818027
WALL 21200823 1 0 1706818028
WALL 21200823 1 0 1706818029
WALL 21200823 1 0 1706818030
WALL 21200823 1 0 1706818031
WALL 21200823 1 0 1706818032
WALL 21200823 1 0 1706818033
WALL 21200823 1 0 1706818034
WALL 21200823 1 0 1706818035
WALL 21200823 1 0 1706818036
WALL 21200823 1 0 1706818037
WALL 21200823 1 0 1706818038
WALL 21200823 1 0 1706818039
WALL 21200823 1 0 1706818040
WALL 21200823 1 0 1706818041
WALL 21200823 1 0 1706818042
WALL 21200823 1 0 1706818043
WALL 21200823 1 0 1706818044
WALL 21200823 1 0 1706818045
WALL 21200823 1 0 1706818046
WALL 21200823 1 0 1706818047
WALL 21200823 1 0 1706818048
WALL 21200823 1 0 1706818049
WALL 21200823 1 0 1706818050
WALL 21200823 1 0 1706818051
WALL 21200823 1 0 1706818052
WALL 21200823 1 0 1706818053
WALL 21200823 1 0 1706818054
WALL 21200823 1 0 1706818055
WALL 21200823 1 0 1706818056
WALL 21200823 1 0 1706818057
WALL 21200823 1 0 1706818058
WALL 21200823 1 0 1706818059
WALL 21200823 1 0 1706818060
WALL 21200823 1 0 1706818061
WALL 21200823 1 0 1706818062
WALL 21200823 1 0 1706818063
WALL 21200823 1 0 1706818064
WALL 21200823 1 0 1706818065
WALL 21200823 1 0 1706818066
WALL 21200823 1 0 1706818067
WALL 21200823 1 0 1706818068
WALL 21200823 1 0 1706818069
WALL 21200823 1 0 1706818070
WALL 21200823 1 0 1706818071
WALL 21200823 1 0 1706818072
WALL 21200823 1 0 1706818073
WALL 21200823 1 0 1706818074
WALL 21200823 1 0 1706818075
WALL 21200823 1 0 1706818076
WALL 21200823 1 0 1706818077
WALL 21200823 1 0 1706818078
WALL 21200823 1 0 1706818079
WALL 21200823 1 0 1706818080
WALL 21200823 1 0 1706818081
WALL 21200823 1 0 1706818082
WALL 21200823 1 0 1706818083
WALL 21200823 1 0 1706818084
WALL 21200823 1 0 1706818085
WALL 21200823 1 0 1706818086
WALL 21200823 1 0 1706818087
WALL 21200823 1 0 1706818088
WALL 21200823 1 0 1706818089
WALL 21200823 1 0 1706818090
WALL 21200823 1 0 1706818091
WALL 21200823 1 0 1706818092
WALL 21200823 1 0 1706818093
WALL 21200823 1 0 1706818094
WALL 21200823 1 0 1706818095
WALL 21200823 1 0 1706818096
WALL 21200823 1 0 1706818097
WALL 21200823 1 0 1706818098
WALL 21200823 1 0 1706818099
WALL 21200823 1 0 1706818100
WALL 21200823 1 0 1706818101
WALL 21200823 1 0 1706818102
WALL 21200823 1 0 1706818103
WALL 21200823 1 0 1706818104
WALL 21200823 1 0 1706818105
WALL 21200823 1 0 1706818106
WALL 21200823 1 0 1706818107
WALL 21200823 1 0 1706818108
WALL 21200823 1 0 1706818109
WALL 21200823 1 0 1706818110
WALL 21200823 1 0 1706818111
WALL 21200823 1 0 1706818112
WALL 21200823 1 0 1706818113
WALL 21200823 1 0 1706818114
WALL 21200823 1 0 1706818115
WALL 21200823 1 0 1706818116
WALL 21200823 1 0 1706818117
WALL 21200823 1 0 1706818118
WALL 21200823 1 0 1706818119
WALL 21200823 1 0 1706818120
WALL 21200823 1 0 1706818121
WALL 21200823 1 0 1706818122
WALL 21200823 1 0 1706818123
WALL 21200823 1 0 1706818124
WALL 21200823 1 0 1706818125
WALL 21200823 1 0 1706818126
WALL 21200823 1 0 1706818127
WALL 21200823 1 0 1706818128
WALL 21200823 1 0 1706818129
WALL 21200823 1 0 1706818130
WALL 21200823 1 0 1706818131
WALL 21200823 1 0 1706818132
WALL 21200823 1 0 1706818133
WALL 21200823 1 0 1706818134
WALL 21200823 1 0 1706818135
WALL 21200823 1 0 1706818136
WALL 21200823 1 0 1706818137
WALL 21200823 1 0 1706818138
WALL 21200823 1 0 1706818139
WALL 21200823 1 0 1706818140
WALL 21200823 1 0 1706818141
WALL 21200823 1 0 1706818142
WALL 21200823 1 0 1706818143
WALL 21200823 1 0 1706818144
WALL 21200823 1 0 1706818145
WALL 21200823 1 0 1706818146
WALL 21200823 1 0 1706818147
WALL 21200823 1 0 1706818148
WALL 21200823 1 0 1706818149
WALL 21200823 1 0 1706818150
WALL 21200823 1 0 1706818151
WALL 21200823 1 0 1706818152
WALL 21200823 1 0 1706818153
WALL 21200823 1 0 1706818154
WALL 21200823 1 0 1706818155
WALL 21200823 1 0 1706818156
WALL 21200823 1 0 1706818157
WALL 21200823 1 0 1706818158
WALL 21200823 1 0 1706818159
WALL 21200823 1 0 1706818160
WALL 21200823 1 0 1706818161
WALL 21200823 1 0 1706818162
WALL 21200823 1 0 1706818163
WALL 21200823 1 0 1706818164
WALL 21200823 1 0 1706818165
WALL 21200823 1 0 1706818166
WALL 21200823 1 0 1706818167
WALL 21200823 1 0 1706818168
WALL 21200823 1 0 1706818169
WALL 21200823 1 0 1706818170
WALL 21200823 1 0 1706818171
WALL 21200823 1 0 1706818172
WALL 21200823 1 0 1706818173
WALL 21200823 1 0 1706818174
WALL 21200823 1 0 1706818175
WALL 21200823 1 0 1706818176
WALL 21200823 1 0 1706818177
WALL 21200823 1 0 1706818178
WALL 21200823 1 0 1706818179
WALL 21200823 1 0 1706818180
WALL 21200823 1 0 1706818181
WALL 21200823 1 0 1706818182
WALL 21200823 1 0 1706818183
WALL 21200823 1 0 1706818184
WALL 21200823 1 0 1706818185
WALL 21200823 1 0 1706818186
WALL 21200823 1 0 1706818187
WALL 21200823 1 0 1706818188
WALL 21200823 1 0 1706818189
WALL 21200823 1 0 1706818190
WALL 21200823 1 0 1706818191
WALL 21200823 1 0 1706818192
WALL 21200823 1 0 1706818193
WALL 21200823 1 0 1706818194
WALL 21200823 1 0 1706818195
WALL 21200823 1 0 1706818196
WALL 21200823 1 0 1706818197
WALL 21200823 1 0 1706818198
WALL 21200823 1 0 1706818199
WALL 21200823 1 0 1706818200
WALL 21200823 1 0 1706818201
WALL 21200823 1 0 1706818202
WALL 21200823 1 0 1706818203
WALL 21200823 1 0 1706818204
WALL 21200823 1 0 1706818205
WALL 21200823 1 0 1706818206
WALL 21200823 1 0 1706818207
WALL 21200823 1 0 1706818208
WALL 21200823 1 0 1706818209
received SIGCONT 1706818210
WALL 21200823 1 0 1706818210
slurmstepd: error: *** STEP 21200823.0 ON nid200000 CANCELLED AT 2024-02-01T20:10:10 ***
received SIGTERM 1706818210
WALL 21200823 1 0 1706818210
WALL 21200823 1 0 1706818211
WALL 21200823 1 0 1706818212
WALL 21200823 1 0 1706818213
WALL 21200823 1 0 1706818214
WALL 21200823 1 0 1706818215
WALL 21200823 1 0 1706818216
WALL 21200823 1 0 1706818217
WALL 21200823 1 0 1706818218
WALL 21200823 1 0 1706818219
WALL 21200823 1 0 1706818220
WALL 21200823 1 0 1706818221
WALL 21200823 1 0 1706818222
WALL 21200823 1 0 1706818223
WALL 21200823 1 0 1706818224
WALL 21200823 1 0 1706818225
WALL 21200823 1 0 1706818226
WALL 21200823 1 0 1706818227
WALL 21200823 1 0 1706818228
WALL 21200823 1 0 1706818229
WALL 21200823 1 0 1706818230
WALL 21200823 1 0 1706818231
WALL 21200823 1 0 1706818232
WALL 21200823 1 0 1706818233
WALL 21200823 1 0 1706818234
WALL 21200823 1 0 1706818235
WALL 21200823 1 0 1706818236
WALL 21200823 1 0 1706818237
WALL 21200823 1 0 1706818238
WALL 21200823 1 0 1706818239
WALL 21200823 1 0 1706818240
WALL 21200823 1 0 1706818241
WALL 21200823 1 0 1706818242
WALL 21200823 1 0 1706818243
WALL 21200823 1 0 1706818244
WALL 21200823 1 0 1706818245
WALL 21200823 1 0 1706818246
WALL 21200823 1 0 1706818247
WALL 21200823 1 0 1706818248
WALL 21200823 1 0 1706818249
WALL 21200823 1 0 1706818250
WALL 21200823 1 0 1706818251
WALL 21200823 1 0 1706818252
WALL 21200823 1 0 1706818253
WALL 21200823 1 0 1706818254
WALL 21200823 1 0 1706818255
WALL 21200823 1 0 1706818256
WALL 21200823 1 0 1706818257
WALL 21200823 1 0 1706818258
WALL 21200823 1 0 1706818259
WALL 21200823 1 0 1706818260
WALL 21200823 1 0 1706818261
WALL 21200823 1 0 1706818262
WALL 21200823 1 0 1706818263
WALL 21200823 1 0 1706818264
WALL 21200823 1 0 1706818265
WALL 21200823 1 0 1706818266
WALL 21200823 1 0 1706818267
WALL 21200823 1 0 1706818268
WALL 21200823 1 0 1706818269
WALL 21200823 1 0 1706818270
WALL 21200823 1 0 1706818271
WALL 21200823 1 0 1706818272
WALL 21200823 1 0 1706818273
WALL 21200823 1 0 1706818274
WALL 21200823 1 0 1706818275
WALL 21200823 1 0 1706818276
WALL 21200823 1 0 1706818277
WALL 21200823 1 0 1706818278
WALL 21200823 1 0 1706818279
WALL 21200823 1 0 1706818280
WALL 21200823 1 0 1706818281
WALL 21200823 1 0 1706818282
WALL 21200823 1 0 1706818283
WALL 21200823 1 0 1706818284
WALL 21200823 1 0 1706818285
WALL 21200823 1 0 1706818286
WALL 21200823 1 0 1706818287
slurmstepd: error: *** JOB 21200823 ON nid200000 CANCELLED AT 2024-02-01T20:11:27 DUE TO PREEMPTION ***
received SIGTERM 1706818287
WALL 21200823 1 0 1706818287
received SIGCONT 1706818287
WALL 21200823 1 0 1706818287
received SIGTERM 1706818287
