srun: warning: can't run 1 processes on 16 nodes, setting nnodes to 1
WALL 21209554 1 0 1706824533
WALL 21209554 1 0 1706824534
WALL 21209554 1 0 1706824535
WALL 21209554 1 0 1706824536
WALL 21209554 1 0 1706824537
WALL 21209554 1 0 1706824538
WALL 21209554 1 0 1706824539
WALL 21209554 1 0 1706824540
WALL 21209554 1 0 1706824541
WALL 21209554 1 0 1706824542
WALL 21209554 1 0 1706824543
WALL 21209554 1 0 1706824544
WALL 21209554 1 0 1706824545
WALL 21209554 1 0 1706824546
WALL 21209554 1 0 1706824547
WALL 21209554 1 0 1706824548
WALL 21209554 1 0 1706824549
WALL 21209554 1 0 1706824550
WALL 21209554 1 0 1706824551
WALL 21209554 1 0 1706824552
WALL 21209554 1 0 1706824553
WALL 21209554 1 0 1706824554
WALL 21209554 1 0 1706824555
WALL 21209554 1 0 1706824556
WALL 21209554 1 0 1706824557
WALL 21209554 1 0 1706824558
WALL 21209554 1 0 1706824559
WALL 21209554 1 0 1706824560
WALL 21209554 1 0 1706824561
WALL 21209554 1 0 1706824562
WALL 21209554 1 0 1706824563
WALL 21209554 1 0 1706824564
WALL 21209554 1 0 1706824565
WALL 21209554 1 0 1706824566
WALL 21209554 1 0 1706824567
WALL 21209554 1 0 1706824568
WALL 21209554 1 0 1706824569
WALL 21209554 1 0 1706824570
WALL 21209554 1 0 1706824571
WALL 21209554 1 0 1706824572
WALL 21209554 1 0 1706824573
WALL 21209554 1 0 1706824574
WALL 21209554 1 0 1706824575
WALL 21209554 1 0 1706824576
WALL 21209554 1 0 1706824577
WALL 21209554 1 0 1706824578
WALL 21209554 1 0 1706824579
WALL 21209554 1 0 1706824580
WALL 21209554 1 0 1706824581
WALL 21209554 1 0 1706824582
WALL 21209554 1 0 1706824583
WALL 21209554 1 0 1706824584
WALL 21209554 1 0 1706824585
WALL 21209554 1 0 1706824586
WALL 21209554 1 0 1706824587
WALL 21209554 1 0 1706824588
WALL 21209554 1 0 1706824589
WALL 21209554 1 0 1706824590
WALL 21209554 1 0 1706824591
WALL 21209554 1 0 1706824592
WALL 21209554 1 0 1706824593
WALL 21209554 1 0 1706824594
WALL 21209554 1 0 1706824595
WALL 21209554 1 0 1706824596
WALL 21209554 1 0 1706824597
WALL 21209554 1 0 1706824598
WALL 21209554 1 0 1706824599
WALL 21209554 1 0 1706824600
WALL 21209554 1 0 1706824601
WALL 21209554 1 0 1706824602
WALL 21209554 1 0 1706824603
WALL 21209554 1 0 1706824604
WALL 21209554 1 0 1706824605
WALL 21209554 1 0 1706824606
WALL 21209554 1 0 1706824607
WALL 21209554 1 0 1706824608
WALL 21209554 1 0 1706824609
WALL 21209554 1 0 1706824610
WALL 21209554 1 0 1706824611
WALL 21209554 1 0 1706824612
WALL 21209554 1 0 1706824613
WALL 21209554 1 0 1706824614
WALL 21209554 1 0 1706824615
WALL 21209554 1 0 1706824616
WALL 21209554 1 0 1706824617
WALL 21209554 1 0 1706824618
WALL 21209554 1 0 1706824619
WALL 21209554 1 0 1706824620
WALL 21209554 1 0 1706824621
WALL 21209554 1 0 1706824622
WALL 21209554 1 0 1706824623
WALL 21209554 1 0 1706824624
WALL 21209554 1 0 1706824625
WALL 21209554 1 0 1706824626
WALL 21209554 1 0 1706824627
WALL 21209554 1 0 1706824628
WALL 21209554 1 0 1706824629
WALL 21209554 1 0 1706824630
WALL 21209554 1 0 1706824631
WALL 21209554 1 0 1706824632
WALL 21209554 1 0 1706824633
WALL 21209554 1 0 1706824634
WALL 21209554 1 0 1706824635
WALL 21209554 1 0 1706824636
WALL 21209554 1 0 1706824637
WALL 21209554 1 0 1706824638
WALL 21209554 1 0 1706824639
WALL 21209554 1 0 1706824640
WALL 21209554 1 0 1706824641
WALL 21209554 1 0 1706824642
WALL 21209554 1 0 1706824643
WALL 21209554 1 0 1706824644
WALL 21209554 1 0 1706824645
WALL 21209554 1 0 1706824646
WALL 21209554 1 0 1706824647
WALL 21209554 1 0 1706824648
WALL 21209554 1 0 1706824649
WALL 21209554 1 0 1706824650
WALL 21209554 1 0 1706824651
WALL 21209554 1 0 1706824652
WALL 21209554 1 0 1706824653
WALL 21209554 1 0 1706824654
WALL 21209554 1 0 1706824655
WALL 21209554 1 0 1706824656
WALL 21209554 1 0 1706824657
WALL 21209554 1 0 1706824658
WALL 21209554 1 0 1706824659
WALL 21209554 1 0 1706824660
WALL 21209554 1 0 1706824661
WALL 21209554 1 0 1706824662
WALL 21209554 1 0 1706824663
WALL 21209554 1 0 1706824664
WALL 21209554 1 0 1706824665
WALL 21209554 1 0 1706824666
WALL 21209554 1 0 1706824667
WALL 21209554 1 0 1706824668
WALL 21209554 1 0 1706824669
WALL 21209554 1 0 1706824670
WALL 21209554 1 0 1706824671
WALL 21209554 1 0 1706824672
WALL 21209554 1 0 1706824673
WALL 21209554 1 0 1706824674
WALL 21209554 1 0 1706824675
WALL 21209554 1 0 1706824676
WALL 21209554 1 0 1706824677
WALL 21209554 1 0 1706824678
WALL 21209554 1 0 1706824679
WALL 21209554 1 0 1706824680
WALL 21209554 1 0 1706824681
WALL 21209554 1 0 1706824682
WALL 21209554 1 0 1706824683
WALL 21209554 1 0 1706824684
WALL 21209554 1 0 1706824685
WALL 21209554 1 0 1706824686
WALL 21209554 1 0 1706824687
WALL 21209554 1 0 1706824688
WALL 21209554 1 0 1706824689
WALL 21209554 1 0 1706824690
WALL 21209554 1 0 1706824691
WALL 21209554 1 0 1706824692
WALL 21209554 1 0 1706824693
WALL 21209554 1 0 1706824694
WALL 21209554 1 0 1706824695
WALL 21209554 1 0 1706824696
WALL 21209554 1 0 1706824697
WALL 21209554 1 0 1706824698
WALL 21209554 1 0 1706824699
WALL 21209554 1 0 1706824700
WALL 21209554 1 0 1706824701
WALL 21209554 1 0 1706824702
WALL 21209554 1 0 1706824703
WALL 21209554 1 0 1706824704
WALL 21209554 1 0 1706824705
WALL 21209554 1 0 1706824706
WALL 21209554 1 0 1706824707
WALL 21209554 1 0 1706824708
WALL 21209554 1 0 1706824709
WALL 21209554 1 0 1706824710
WALL 21209554 1 0 1706824711
WALL 21209554 1 0 1706824712
WALL 21209554 1 0 1706824713
WALL 21209554 1 0 1706824714
WALL 21209554 1 0 1706824715
WALL 21209554 1 0 1706824716
WALL 21209554 1 0 1706824717
WALL 21209554 1 0 1706824718
WALL 21209554 1 0 1706824719
WALL 21209554 1 0 1706824720
WALL 21209554 1 0 1706824721
WALL 21209554 1 0 1706824722
WALL 21209554 1 0 1706824723
WALL 21209554 1 0 1706824724
WALL 21209554 1 0 1706824725
WALL 21209554 1 0 1706824726
WALL 21209554 1 0 1706824727
WALL 21209554 1 0 1706824728
WALL 21209554 1 0 1706824729
WALL 21209554 1 0 1706824730
WALL 21209554 1 0 1706824731
WALL 21209554 1 0 1706824732
WALL 21209554 1 0 1706824733
WALL 21209554 1 0 1706824734
WALL 21209554 1 0 1706824735
WALL 21209554 1 0 1706824736
WALL 21209554 1 0 1706824737
WALL 21209554 1 0 1706824738
WALL 21209554 1 0 1706824739
WALL 21209554 1 0 1706824740
WALL 21209554 1 0 1706824741
WALL 21209554 1 0 1706824742
WALL 21209554 1 0 1706824743
WALL 21209554 1 0 1706824744
WALL 21209554 1 0 1706824745
WALL 21209554 1 0 1706824746
WALL 21209554 1 0 1706824747
WALL 21209554 1 0 1706824748
WALL 21209554 1 0 1706824749
WALL 21209554 1 0 1706824750
WALL 21209554 1 0 1706824751
WALL 21209554 1 0 1706824752
WALL 21209554 1 0 1706824753
WALL 21209554 1 0 1706824754
WALL 21209554 1 0 1706824755
WALL 21209554 1 0 1706824756
WALL 21209554 1 0 1706824757
WALL 21209554 1 0 1706824758
WALL 21209554 1 0 1706824759
WALL 21209554 1 0 1706824760
WALL 21209554 1 0 1706824761
WALL 21209554 1 0 1706824762
WALL 21209554 1 0 1706824763
WALL 21209554 1 0 1706824764
WALL 21209554 1 0 1706824765
WALL 21209554 1 0 1706824766
WALL 21209554 1 0 1706824767
WALL 21209554 1 0 1706824768
WALL 21209554 1 0 1706824769
WALL 21209554 1 0 1706824770
WALL 21209554 1 0 1706824771
WALL 21209554 1 0 1706824772
WALL 21209554 1 0 1706824773
WALL 21209554 1 0 1706824774
WALL 21209554 1 0 1706824775
WALL 21209554 1 0 1706824776
WALL 21209554 1 0 1706824777
WALL 21209554 1 0 1706824778
WALL 21209554 1 0 1706824779
WALL 21209554 1 0 1706824780
WALL 21209554 1 0 1706824781
WALL 21209554 1 0 1706824782
WALL 21209554 1 0 1706824783
WALL 21209554 1 0 1706824784
WALL 21209554 1 0 1706824785
WALL 21209554 1 0 1706824786
WALL 21209554 1 0 1706824787
WALL 21209554 1 0 1706824788
WALL 21209554 1 0 1706824789
WALL 21209554 1 0 1706824790
WALL 21209554 1 0 1706824791
WALL 21209554 1 0 1706824792
WALL 21209554 1 0 1706824793
WALL 21209554 1 0 1706824794
WALL 21209554 1 0 1706824795
WALL 21209554 1 0 1706824796
WALL 21209554 1 0 1706824797
WALL 21209554 1 0 1706824798
WALL 21209554 1 0 1706824799
WALL 21209554 1 0 1706824800
WALL 21209554 1 0 1706824801
WALL 21209554 1 0 1706824802
WALL 21209554 1 0 1706824803
WALL 21209554 1 0 1706824804
WALL 21209554 1 0 1706824805
WALL 21209554 1 0 1706824806
WALL 21209554 1 0 1706824807
WALL 21209554 1 0 1706824808
WALL 21209554 1 0 1706824809
WALL 21209554 1 0 1706824810
WALL 21209554 1 0 1706824811
WALL 21209554 1 0 1706824812
WALL 21209554 1 0 1706824813
WALL 21209554 1 0 1706824814
WALL 21209554 1 0 1706824815
WALL 21209554 1 0 1706824816
WALL 21209554 1 0 1706824817
WALL 21209554 1 0 1706824818
WALL 21209554 1 0 1706824819
WALL 21209554 1 0 1706824820
WALL 21209554 1 0 1706824821
WALL 21209554 1 0 1706824822
WALL 21209554 1 0 1706824823
WALL 21209554 1 0 1706824824
WALL 21209554 1 0 1706824825
WALL 21209554 1 0 1706824826
WALL 21209554 1 0 1706824827
WALL 21209554 1 0 1706824828
WALL 21209554 1 0 1706824829
WALL 21209554 1 0 1706824830
WALL 21209554 1 0 1706824831
WALL 21209554 1 0 1706824832
WALL 21209554 1 0 1706824833
WALL 21209554 1 0 1706824834
WALL 21209554 1 0 1706824835
WALL 21209554 1 0 1706824836
WALL 21209554 1 0 1706824837
WALL 21209554 1 0 1706824838
WALL 21209554 1 0 1706824839
WALL 21209554 1 0 1706824840
WALL 21209554 1 0 1706824841
WALL 21209554 1 0 1706824842
WALL 21209554 1 0 1706824843
WALL 21209554 1 0 1706824844
WALL 21209554 1 0 1706824845
WALL 21209554 1 0 1706824846
WALL 21209554 1 0 1706824847
WALL 21209554 1 0 1706824848
WALL 21209554 1 0 1706824849
WALL 21209554 1 0 1706824850
WALL 21209554 1 0 1706824851
WALL 21209554 1 0 1706824852
WALL 21209554 1 0 1706824853
WALL 21209554 1 0 1706824854
WALL 21209554 1 0 1706824855
WALL 21209554 1 0 1706824856
WALL 21209554 1 0 1706824857
WALL 21209554 1 0 1706824858
WALL 21209554 1 0 1706824859
WALL 21209554 1 0 1706824860
WALL 21209554 1 0 1706824861
WALL 21209554 1 0 1706824862
WALL 21209554 1 0 1706824863
WALL 21209554 1 0 1706824864
WALL 21209554 1 0 1706824865
WALL 21209554 1 0 1706824866
WALL 21209554 1 0 1706824867
WALL 21209554 1 0 1706824868
WALL 21209554 1 0 1706824869
WALL 21209554 1 0 1706824870
WALL 21209554 1 0 1706824871
WALL 21209554 1 0 1706824872
WALL 21209554 1 0 1706824873
WALL 21209554 1 0 1706824874
WALL 21209554 1 0 1706824875
WALL 21209554 1 0 1706824876
WALL 21209554 1 0 1706824877
WALL 21209554 1 0 1706824878
WALL 21209554 1 0 1706824879
WALL 21209554 1 0 1706824880
WALL 21209554 1 0 1706824881
WALL 21209554 1 0 1706824882
WALL 21209554 1 0 1706824883
WALL 21209554 1 0 1706824884
WALL 21209554 1 0 1706824885
WALL 21209554 1 0 1706824886
WALL 21209554 1 0 1706824887
WALL 21209554 1 0 1706824888
WALL 21209554 1 0 1706824889
WALL 21209554 1 0 1706824890
WALL 21209554 1 0 1706824891
WALL 21209554 1 0 1706824892
WALL 21209554 1 0 1706824893
WALL 21209554 1 0 1706824894
WALL 21209554 1 0 1706824895
WALL 21209554 1 0 1706824896
WALL 21209554 1 0 1706824897
WALL 21209554 1 0 1706824898
WALL 21209554 1 0 1706824899
WALL 21209554 1 0 1706824900
WALL 21209554 1 0 1706824901
WALL 21209554 1 0 1706824902
WALL 21209554 1 0 1706824903
WALL 21209554 1 0 1706824904
WALL 21209554 1 0 1706824905
WALL 21209554 1 0 1706824906
WALL 21209554 1 0 1706824907
WALL 21209554 1 0 1706824908
WALL 21209554 1 0 1706824909
WALL 21209554 1 0 1706824910
WALL 21209554 1 0 1706824911
WALL 21209554 1 0 1706824912
WALL 21209554 1 0 1706824913
WALL 21209554 1 0 1706824914
WALL 21209554 1 0 1706824915
WALL 21209554 1 0 1706824916
WALL 21209554 1 0 1706824917
WALL 21209554 1 0 1706824918
WALL 21209554 1 0 1706824919
WALL 21209554 1 0 1706824920
WALL 21209554 1 0 1706824921
WALL 21209554 1 0 1706824922
WALL 21209554 1 0 1706824923
WALL 21209554 1 0 1706824924
WALL 21209554 1 0 1706824925
WALL 21209554 1 0 1706824926
WALL 21209554 1 0 1706824927
WALL 21209554 1 0 1706824928
WALL 21209554 1 0 1706824929
WALL 21209554 1 0 1706824930
WALL 21209554 1 0 1706824931
WALL 21209554 1 0 1706824932
WALL 21209554 1 0 1706824933
WALL 21209554 1 0 1706824934
WALL 21209554 1 0 1706824935
WALL 21209554 1 0 1706824936
WALL 21209554 1 0 1706824937
WALL 21209554 1 0 1706824938
WALL 21209554 1 0 1706824939
WALL 21209554 1 0 1706824940
WALL 21209554 1 0 1706824941
WALL 21209554 1 0 1706824942
WALL 21209554 1 0 1706824943
WALL 21209554 1 0 1706824944
WALL 21209554 1 0 1706824945
WALL 21209554 1 0 1706824946
WALL 21209554 1 0 1706824947
WALL 21209554 1 0 1706824948
WALL 21209554 1 0 1706824949
WALL 21209554 1 0 1706824950
WALL 21209554 1 0 1706824951
WALL 21209554 1 0 1706824952
WALL 21209554 1 0 1706824953
WALL 21209554 1 0 1706824954
WALL 21209554 1 0 1706824955
WALL 21209554 1 0 1706824956
WALL 21209554 1 0 1706824957
WALL 21209554 1 0 1706824958
WALL 21209554 1 0 1706824959
WALL 21209554 1 0 1706824960
WALL 21209554 1 0 1706824961
WALL 21209554 1 0 1706824962
WALL 21209554 1 0 1706824963
WALL 21209554 1 0 1706824964
WALL 21209554 1 0 1706824965
WALL 21209554 1 0 1706824966
WALL 21209554 1 0 1706824967
WALL 21209554 1 0 1706824968
WALL 21209554 1 0 1706824969
WALL 21209554 1 0 1706824970
WALL 21209554 1 0 1706824971
WALL 21209554 1 0 1706824972
WALL 21209554 1 0 1706824973
WALL 21209554 1 0 1706824974
WALL 21209554 1 0 1706824975
WALL 21209554 1 0 1706824976
WALL 21209554 1 0 1706824977
WALL 21209554 1 0 1706824978
WALL 21209554 1 0 1706824979
WALL 21209554 1 0 1706824980
WALL 21209554 1 0 1706824981
WALL 21209554 1 0 1706824982
WALL 21209554 1 0 1706824983
WALL 21209554 1 0 1706824984
WALL 21209554 1 0 1706824985
WALL 21209554 1 0 1706824986
WALL 21209554 1 0 1706824987
WALL 21209554 1 0 1706824988
WALL 21209554 1 0 1706824989
WALL 21209554 1 0 1706824990
WALL 21209554 1 0 1706824991
WALL 21209554 1 0 1706824992
WALL 21209554 1 0 1706824993
WALL 21209554 1 0 1706824994
WALL 21209554 1 0 1706824995
WALL 21209554 1 0 1706824996
WALL 21209554 1 0 1706824997
WALL 21209554 1 0 1706824998
WALL 21209554 1 0 1706824999
WALL 21209554 1 0 1706825000
WALL 21209554 1 0 1706825001
WALL 21209554 1 0 1706825002
WALL 21209554 1 0 1706825003
WALL 21209554 1 0 1706825004
WALL 21209554 1 0 1706825005
WALL 21209554 1 0 1706825006
WALL 21209554 1 0 1706825007
WALL 21209554 1 0 1706825008
WALL 21209554 1 0 1706825009
WALL 21209554 1 0 1706825010
WALL 21209554 1 0 1706825011
WALL 21209554 1 0 1706825012
WALL 21209554 1 0 1706825013
WALL 21209554 1 0 1706825014
WALL 21209554 1 0 1706825015
WALL 21209554 1 0 1706825016
WALL 21209554 1 0 1706825017
WALL 21209554 1 0 1706825018
WALL 21209554 1 0 1706825019
WALL 21209554 1 0 1706825020
WALL 21209554 1 0 1706825021
WALL 21209554 1 0 1706825022
WALL 21209554 1 0 1706825023
WALL 21209554 1 0 1706825024
WALL 21209554 1 0 1706825025
WALL 21209554 1 0 1706825026
WALL 21209554 1 0 1706825027
WALL 21209554 1 0 1706825028
WALL 21209554 1 0 1706825029
WALL 21209554 1 0 1706825030
WALL 21209554 1 0 1706825031
WALL 21209554 1 0 1706825032
WALL 21209554 1 0 1706825033
WALL 21209554 1 0 1706825034
WALL 21209554 1 0 1706825035
WALL 21209554 1 0 1706825036
WALL 21209554 1 0 1706825037
WALL 21209554 1 0 1706825038
WALL 21209554 1 0 1706825039
WALL 21209554 1 0 1706825040
WALL 21209554 1 0 1706825041
WALL 21209554 1 0 1706825042
WALL 21209554 1 0 1706825043
WALL 21209554 1 0 1706825044
WALL 21209554 1 0 1706825045
WALL 21209554 1 0 1706825046
WALL 21209554 1 0 1706825047
WALL 21209554 1 0 1706825048
WALL 21209554 1 0 1706825049
WALL 21209554 1 0 1706825050
WALL 21209554 1 0 1706825051
WALL 21209554 1 0 1706825052
WALL 21209554 1 0 1706825053
WALL 21209554 1 0 1706825054
WALL 21209554 1 0 1706825055
WALL 21209554 1 0 1706825056
WALL 21209554 1 0 1706825057
WALL 21209554 1 0 1706825058
WALL 21209554 1 0 1706825059
WALL 21209554 1 0 1706825060
WALL 21209554 1 0 1706825061
WALL 21209554 1 0 1706825062
WALL 21209554 1 0 1706825063
WALL 21209554 1 0 1706825064
WALL 21209554 1 0 1706825065
WALL 21209554 1 0 1706825066
WALL 21209554 1 0 1706825067
WALL 21209554 1 0 1706825068
WALL 21209554 1 0 1706825069
WALL 21209554 1 0 1706825070
WALL 21209554 1 0 1706825071
WALL 21209554 1 0 1706825072
WALL 21209554 1 0 1706825073
WALL 21209554 1 0 1706825074
WALL 21209554 1 0 1706825075
WALL 21209554 1 0 1706825076
WALL 21209554 1 0 1706825077
WALL 21209554 1 0 1706825078
WALL 21209554 1 0 1706825079
WALL 21209554 1 0 1706825080
WALL 21209554 1 0 1706825081
WALL 21209554 1 0 1706825082
WALL 21209554 1 0 1706825083
WALL 21209554 1 0 1706825084
WALL 21209554 1 0 1706825085
WALL 21209554 1 0 1706825086
WALL 21209554 1 0 1706825087
WALL 21209554 1 0 1706825088
WALL 21209554 1 0 1706825089
WALL 21209554 1 0 1706825090
WALL 21209554 1 0 1706825091
WALL 21209554 1 0 1706825092
WALL 21209554 1 0 1706825093
WALL 21209554 1 0 1706825094
WALL 21209554 1 0 1706825095
WALL 21209554 1 0 1706825096
WALL 21209554 1 0 1706825097
WALL 21209554 1 0 1706825098
WALL 21209554 1 0 1706825099
WALL 21209554 1 0 1706825100
WALL 21209554 1 0 1706825101
WALL 21209554 1 0 1706825102
WALL 21209554 1 0 1706825103
WALL 21209554 1 0 1706825104
WALL 21209554 1 0 1706825105
WALL 21209554 1 0 1706825106
WALL 21209554 1 0 1706825107
WALL 21209554 1 0 1706825108
WALL 21209554 1 0 1706825109
WALL 21209554 1 0 1706825110
WALL 21209554 1 0 1706825111
WALL 21209554 1 0 1706825112
WALL 21209554 1 0 1706825113
WALL 21209554 1 0 1706825114
WALL 21209554 1 0 1706825115
WALL 21209554 1 0 1706825116
WALL 21209554 1 0 1706825117
WALL 21209554 1 0 1706825118
WALL 21209554 1 0 1706825119
WALL 21209554 1 0 1706825120
WALL 21209554 1 0 1706825121
WALL 21209554 1 0 1706825122
WALL 21209554 1 0 1706825123
WALL 21209554 1 0 1706825124
WALL 21209554 1 0 1706825125
WALL 21209554 1 0 1706825126
WALL 21209554 1 0 1706825127
WALL 21209554 1 0 1706825128
WALL 21209554 1 0 1706825129
WALL 21209554 1 0 1706825130
WALL 21209554 1 0 1706825131
WALL 21209554 1 0 1706825132
WALL 21209554 1 0 1706825133
WALL 21209554 1 0 1706825134
WALL 21209554 1 0 1706825135
WALL 21209554 1 0 1706825136
WALL 21209554 1 0 1706825137
WALL 21209554 1 0 1706825138
WALL 21209554 1 0 1706825139
WALL 21209554 1 0 1706825140
WALL 21209554 1 0 1706825141
WALL 21209554 1 0 1706825142
WALL 21209554 1 0 1706825143
WALL 21209554 1 0 1706825144
WALL 21209554 1 0 1706825145
WALL 21209554 1 0 1706825146
WALL 21209554 1 0 1706825147
WALL 21209554 1 0 1706825148
WALL 21209554 1 0 1706825149
WALL 21209554 1 0 1706825150
WALL 21209554 1 0 1706825151
WALL 21209554 1 0 1706825152
WALL 21209554 1 0 1706825153
WALL 21209554 1 0 1706825154
WALL 21209554 1 0 1706825155
WALL 21209554 1 0 1706825156
WALL 21209554 1 0 1706825157
WALL 21209554 1 0 1706825158
WALL 21209554 1 0 1706825159
WALL 21209554 1 0 1706825160
WALL 21209554 1 0 1706825161
WALL 21209554 1 0 1706825162
WALL 21209554 1 0 1706825163
WALL 21209554 1 0 1706825164
WALL 21209554 1 0 1706825165
WALL 21209554 1 0 1706825166
WALL 21209554 1 0 1706825167
WALL 21209554 1 0 1706825168
WALL 21209554 1 0 1706825169
WALL 21209554 1 0 1706825170
WALL 21209554 1 0 1706825171
WALL 21209554 1 0 1706825172
WALL 21209554 1 0 1706825173
WALL 21209554 1 0 1706825174
WALL 21209554 1 0 1706825175
WALL 21209554 1 0 1706825176
WALL 21209554 1 0 1706825177
WALL 21209554 1 0 1706825178
WALL 21209554 1 0 1706825179
WALL 21209554 1 0 1706825180
WALL 21209554 1 0 1706825181
WALL 21209554 1 0 1706825182
WALL 21209554 1 0 1706825183
WALL 21209554 1 0 1706825184
WALL 21209554 1 0 1706825185
WALL 21209554 1 0 1706825186
WALL 21209554 1 0 1706825187
WALL 21209554 1 0 1706825188
WALL 21209554 1 0 1706825189
WALL 21209554 1 0 1706825190
WALL 21209554 1 0 1706825191
WALL 21209554 1 0 1706825192
WALL 21209554 1 0 1706825193
WALL 21209554 1 0 1706825194
WALL 21209554 1 0 1706825195
WALL 21209554 1 0 1706825196
WALL 21209554 1 0 1706825197
WALL 21209554 1 0 1706825198
WALL 21209554 1 0 1706825199
WALL 21209554 1 0 1706825200
WALL 21209554 1 0 1706825201
WALL 21209554 1 0 1706825202
WALL 21209554 1 0 1706825203
WALL 21209554 1 0 1706825204
WALL 21209554 1 0 1706825205
WALL 21209554 1 0 1706825206
WALL 21209554 1 0 1706825207
WALL 21209554 1 0 1706825208
WALL 21209554 1 0 1706825209
WALL 21209554 1 0 1706825210
WALL 21209554 1 0 1706825211
WALL 21209554 1 0 1706825212
WALL 21209554 1 0 1706825213
WALL 21209554 1 0 1706825214
WALL 21209554 1 0 1706825215
WALL 21209554 1 0 1706825216
WALL 21209554 1 0 1706825217
WALL 21209554 1 0 1706825218
WALL 21209554 1 0 1706825219
WALL 21209554 1 0 1706825220
WALL 21209554 1 0 1706825221
WALL 21209554 1 0 1706825222
WALL 21209554 1 0 1706825223
WALL 21209554 1 0 1706825224
WALL 21209554 1 0 1706825225
WALL 21209554 1 0 1706825226
WALL 21209554 1 0 1706825227
WALL 21209554 1 0 1706825228
WALL 21209554 1 0 1706825229
WALL 21209554 1 0 1706825230
WALL 21209554 1 0 1706825231
WALL 21209554 1 0 1706825232
WALL 21209554 1 0 1706825233
WALL 21209554 1 0 1706825234
WALL 21209554 1 0 1706825235
WALL 21209554 1 0 1706825236
WALL 21209554 1 0 1706825237
WALL 21209554 1 0 1706825238
WALL 21209554 1 0 1706825239
WALL 21209554 1 0 1706825240
WALL 21209554 1 0 1706825241
WALL 21209554 1 0 1706825242
WALL 21209554 1 0 1706825243
WALL 21209554 1 0 1706825244
WALL 21209554 1 0 1706825245
WALL 21209554 1 0 1706825246
WALL 21209554 1 0 1706825247
WALL 21209554 1 0 1706825248
WALL 21209554 1 0 1706825249
WALL 21209554 1 0 1706825250
WALL 21209554 1 0 1706825251
WALL 21209554 1 0 1706825252
WALL 21209554 1 0 1706825253
WALL 21209554 1 0 1706825254
WALL 21209554 1 0 1706825255
WALL 21209554 1 0 1706825256
WALL 21209554 1 0 1706825257
WALL 21209554 1 0 1706825258
WALL 21209554 1 0 1706825259
WALL 21209554 1 0 1706825260
WALL 21209554 1 0 1706825261
WALL 21209554 1 0 1706825262
WALL 21209554 1 0 1706825263
WALL 21209554 1 0 1706825264
WALL 21209554 1 0 1706825265
WALL 21209554 1 0 1706825266
WALL 21209554 1 0 1706825267
WALL 21209554 1 0 1706825268
WALL 21209554 1 0 1706825269
WALL 21209554 1 0 1706825270
WALL 21209554 1 0 1706825271
WALL 21209554 1 0 1706825272
WALL 21209554 1 0 1706825273
WALL 21209554 1 0 1706825274
WALL 21209554 1 0 1706825275
WALL 21209554 1 0 1706825276
WALL 21209554 1 0 1706825277
WALL 21209554 1 0 1706825278
WALL 21209554 1 0 1706825279
WALL 21209554 1 0 1706825280
WALL 21209554 1 0 1706825281
WALL 21209554 1 0 1706825282
WALL 21209554 1 0 1706825283
WALL 21209554 1 0 1706825284
WALL 21209554 1 0 1706825285
WALL 21209554 1 0 1706825286
WALL 21209554 1 0 1706825287
WALL 21209554 1 0 1706825288
WALL 21209554 1 0 1706825289
WALL 21209554 1 0 1706825290
WALL 21209554 1 0 1706825291
WALL 21209554 1 0 1706825292
WALL 21209554 1 0 1706825293
WALL 21209554 1 0 1706825294
WALL 21209554 1 0 1706825295
WALL 21209554 1 0 1706825296
WALL 21209554 1 0 1706825297
WALL 21209554 1 0 1706825298
WALL 21209554 1 0 1706825299
WALL 21209554 1 0 1706825300
WALL 21209554 1 0 1706825301
WALL 21209554 1 0 1706825302
WALL 21209554 1 0 1706825303
WALL 21209554 1 0 1706825304
WALL 21209554 1 0 1706825305
WALL 21209554 1 0 1706825306
WALL 21209554 1 0 1706825307
WALL 21209554 1 0 1706825308
WALL 21209554 1 0 1706825309
WALL 21209554 1 0 1706825310
WALL 21209554 1 0 1706825311
WALL 21209554 1 0 1706825312
WALL 21209554 1 0 1706825313
WALL 21209554 1 0 1706825314
WALL 21209554 1 0 1706825315
WALL 21209554 1 0 1706825316
WALL 21209554 1 0 1706825317
WALL 21209554 1 0 1706825318
WALL 21209554 1 0 1706825319
WALL 21209554 1 0 1706825320
WALL 21209554 1 0 1706825321
WALL 21209554 1 0 1706825322
WALL 21209554 1 0 1706825323
WALL 21209554 1 0 1706825324
WALL 21209554 1 0 1706825325
WALL 21209554 1 0 1706825326
WALL 21209554 1 0 1706825327
WALL 21209554 1 0 1706825328
WALL 21209554 1 0 1706825329
WALL 21209554 1 0 1706825330
WALL 21209554 1 0 1706825331
WALL 21209554 1 0 1706825332
WALL 21209554 1 0 1706825333
WALL 21209554 1 0 1706825334
WALL 21209554 1 0 1706825335
WALL 21209554 1 0 1706825336
WALL 21209554 1 0 1706825337
WALL 21209554 1 0 1706825338
WALL 21209554 1 0 1706825339
WALL 21209554 1 0 1706825340
WALL 21209554 1 0 1706825341
WALL 21209554 1 0 1706825342
WALL 21209554 1 0 1706825343
WALL 21209554 1 0 1706825344
WALL 21209554 1 0 1706825345
WALL 21209554 1 0 1706825346
WALL 21209554 1 0 1706825347
WALL 21209554 1 0 1706825348
WALL 21209554 1 0 1706825349
WALL 21209554 1 0 1706825350
WALL 21209554 1 0 1706825351
WALL 21209554 1 0 1706825352
WALL 21209554 1 0 1706825353
WALL 21209554 1 0 1706825354
WALL 21209554 1 0 1706825355
WALL 21209554 1 0 1706825356
WALL 21209554 1 0 1706825357
WALL 21209554 1 0 1706825358
WALL 21209554 1 0 1706825359
WALL 21209554 1 0 1706825360
WALL 21209554 1 0 1706825361
WALL 21209554 1 0 1706825362
WALL 21209554 1 0 1706825363
WALL 21209554 1 0 1706825364
WALL 21209554 1 0 1706825365
WALL 21209554 1 0 1706825366
WALL 21209554 1 0 1706825367
WALL 21209554 1 0 1706825368
WALL 21209554 1 0 1706825369
WALL 21209554 1 0 1706825370
WALL 21209554 1 0 1706825371
WALL 21209554 1 0 1706825372
WALL 21209554 1 0 1706825373
WALL 21209554 1 0 1706825374
WALL 21209554 1 0 1706825375
WALL 21209554 1 0 1706825376
WALL 21209554 1 0 1706825377
WALL 21209554 1 0 1706825378
WALL 21209554 1 0 1706825379
WALL 21209554 1 0 1706825380
WALL 21209554 1 0 1706825381
WALL 21209554 1 0 1706825382
WALL 21209554 1 0 1706825383
WALL 21209554 1 0 1706825384
WALL 21209554 1 0 1706825385
WALL 21209554 1 0 1706825386
WALL 21209554 1 0 1706825387
WALL 21209554 1 0 1706825388
WALL 21209554 1 0 1706825389
WALL 21209554 1 0 1706825390
WALL 21209554 1 0 1706825391
WALL 21209554 1 0 1706825392
WALL 21209554 1 0 1706825393
WALL 21209554 1 0 1706825394
WALL 21209554 1 0 1706825395
WALL 21209554 1 0 1706825396
WALL 21209554 1 0 1706825397
WALL 21209554 1 0 1706825398
WALL 21209554 1 0 1706825399
WALL 21209554 1 0 1706825400
WALL 21209554 1 0 1706825401
WALL 21209554 1 0 1706825402
WALL 21209554 1 0 1706825403
WALL 21209554 1 0 1706825404
WALL 21209554 1 0 1706825405
WALL 21209554 1 0 1706825406
WALL 21209554 1 0 1706825407
WALL 21209554 1 0 1706825408
WALL 21209554 1 0 1706825409
WALL 21209554 1 0 1706825410
WALL 21209554 1 0 1706825411
WALL 21209554 1 0 1706825412
WALL 21209554 1 0 1706825413
WALL 21209554 1 0 1706825414
WALL 21209554 1 0 1706825415
WALL 21209554 1 0 1706825416
WALL 21209554 1 0 1706825417
WALL 21209554 1 0 1706825418
WALL 21209554 1 0 1706825419
WALL 21209554 1 0 1706825420
WALL 21209554 1 0 1706825421
WALL 21209554 1 0 1706825422
WALL 21209554 1 0 1706825423
WALL 21209554 1 0 1706825424
WALL 21209554 1 0 1706825425
WALL 21209554 1 0 1706825426
WALL 21209554 1 0 1706825427
WALL 21209554 1 0 1706825428
WALL 21209554 1 0 1706825429
WALL 21209554 1 0 1706825430
WALL 21209554 1 0 1706825431
WALL 21209554 1 0 1706825432
WALL 21209554 1 0 1706825433
WALL 21209554 1 0 1706825434
WALL 21209554 1 0 1706825435
WALL 21209554 1 0 1706825436
WALL 21209554 1 0 1706825437
WALL 21209554 1 0 1706825438
WALL 21209554 1 0 1706825439
WALL 21209554 1 0 1706825440
WALL 21209554 1 0 1706825441
WALL 21209554 1 0 1706825442
WALL 21209554 1 0 1706825443
WALL 21209554 1 0 1706825444
WALL 21209554 1 0 1706825445
WALL 21209554 1 0 1706825446
WALL 21209554 1 0 1706825447
WALL 21209554 1 0 1706825448
WALL 21209554 1 0 1706825449
WALL 21209554 1 0 1706825450
WALL 21209554 1 0 1706825451
WALL 21209554 1 0 1706825452
WALL 21209554 1 0 1706825453
WALL 21209554 1 0 1706825454
WALL 21209554 1 0 1706825455
WALL 21209554 1 0 1706825456
WALL 21209554 1 0 1706825457
WALL 21209554 1 0 1706825458
WALL 21209554 1 0 1706825459
WALL 21209554 1 0 1706825460
WALL 21209554 1 0 1706825461
WALL 21209554 1 0 1706825462
WALL 21209554 1 0 1706825463
WALL 21209554 1 0 1706825464
WALL 21209554 1 0 1706825465
WALL 21209554 1 0 1706825466
WALL 21209554 1 0 1706825467
WALL 21209554 1 0 1706825468
WALL 21209554 1 0 1706825469
WALL 21209554 1 0 1706825470
WALL 21209554 1 0 1706825471
WALL 21209554 1 0 1706825472
WALL 21209554 1 0 1706825473
WALL 21209554 1 0 1706825474
WALL 21209554 1 0 1706825475
WALL 21209554 1 0 1706825476
WALL 21209554 1 0 1706825477
WALL 21209554 1 0 1706825478
WALL 21209554 1 0 1706825479
WALL 21209554 1 0 1706825480
WALL 21209554 1 0 1706825481
WALL 21209554 1 0 1706825482
WALL 21209554 1 0 1706825483
WALL 21209554 1 0 1706825484
WALL 21209554 1 0 1706825485
WALL 21209554 1 0 1706825486
WALL 21209554 1 0 1706825487
WALL 21209554 1 0 1706825488
WALL 21209554 1 0 1706825489
WALL 21209554 1 0 1706825490
WALL 21209554 1 0 1706825491
WALL 21209554 1 0 1706825492
WALL 21209554 1 0 1706825493
WALL 21209554 1 0 1706825494
WALL 21209554 1 0 1706825495
WALL 21209554 1 0 1706825496
WALL 21209554 1 0 1706825497
WALL 21209554 1 0 1706825498
WALL 21209554 1 0 1706825499
WALL 21209554 1 0 1706825500
WALL 21209554 1 0 1706825501
WALL 21209554 1 0 1706825502
WALL 21209554 1 0 1706825503
WALL 21209554 1 0 1706825504
WALL 21209554 1 0 1706825505
WALL 21209554 1 0 1706825506
WALL 21209554 1 0 1706825507
WALL 21209554 1 0 1706825508
WALL 21209554 1 0 1706825509
WALL 21209554 1 0 1706825510
WALL 21209554 1 0 1706825511
WALL 21209554 1 0 1706825512
WALL 21209554 1 0 1706825513
WALL 21209554 1 0 1706825514
WALL 21209554 1 0 1706825515
WALL 21209554 1 0 1706825516
WALL 21209554 1 0 1706825517
WALL 21209554 1 0 1706825518
WALL 21209554 1 0 1706825519
WALL 21209554 1 0 1706825520
WALL 21209554 1 0 1706825521
WALL 21209554 1 0 1706825522
WALL 21209554 1 0 1706825523
WALL 21209554 1 0 1706825524
WALL 21209554 1 0 1706825525
WALL 21209554 1 0 1706825526
WALL 21209554 1 0 1706825527
WALL 21209554 1 0 1706825528
WALL 21209554 1 0 1706825529
WALL 21209554 1 0 1706825530
WALL 21209554 1 0 1706825531
WALL 21209554 1 0 1706825532
WALL 21209554 1 0 1706825533
WALL 21209554 1 0 1706825534
WALL 21209554 1 0 1706825535
WALL 21209554 1 0 1706825536
WALL 21209554 1 0 1706825537
WALL 21209554 1 0 1706825538
WALL 21209554 1 0 1706825539
WALL 21209554 1 0 1706825540
WALL 21209554 1 0 1706825541
WALL 21209554 1 0 1706825542
WALL 21209554 1 0 1706825543
WALL 21209554 1 0 1706825544
WALL 21209554 1 0 1706825545
WALL 21209554 1 0 1706825546
WALL 21209554 1 0 1706825547
WALL 21209554 1 0 1706825548
WALL 21209554 1 0 1706825549
WALL 21209554 1 0 1706825550
WALL 21209554 1 0 1706825551
WALL 21209554 1 0 1706825552
WALL 21209554 1 0 1706825553
WALL 21209554 1 0 1706825554
WALL 21209554 1 0 1706825555
WALL 21209554 1 0 1706825556
WALL 21209554 1 0 1706825557
WALL 21209554 1 0 1706825558
WALL 21209554 1 0 1706825559
WALL 21209554 1 0 1706825560
WALL 21209554 1 0 1706825561
WALL 21209554 1 0 1706825562
WALL 21209554 1 0 1706825563
WALL 21209554 1 0 1706825564
WALL 21209554 1 0 1706825565
WALL 21209554 1 0 1706825566
WALL 21209554 1 0 1706825567
WALL 21209554 1 0 1706825568
WALL 21209554 1 0 1706825569
WALL 21209554 1 0 1706825570
WALL 21209554 1 0 1706825571
WALL 21209554 1 0 1706825572
WALL 21209554 1 0 1706825573
WALL 21209554 1 0 1706825574
WALL 21209554 1 0 1706825575
WALL 21209554 1 0 1706825576
WALL 21209554 1 0 1706825577
WALL 21209554 1 0 1706825578
WALL 21209554 1 0 1706825579
WALL 21209554 1 0 1706825580
WALL 21209554 1 0 1706825581
WALL 21209554 1 0 1706825582
WALL 21209554 1 0 1706825583
WALL 21209554 1 0 1706825584
WALL 21209554 1 0 1706825585
WALL 21209554 1 0 1706825586
WALL 21209554 1 0 1706825587
WALL 21209554 1 0 1706825588
WALL 21209554 1 0 1706825589
WALL 21209554 1 0 1706825590
WALL 21209554 1 0 1706825591
WALL 21209554 1 0 1706825592
WALL 21209554 1 0 1706825593
WALL 21209554 1 0 1706825594
WALL 21209554 1 0 1706825595
WALL 21209554 1 0 1706825596
WALL 21209554 1 0 1706825597
WALL 21209554 1 0 1706825598
WALL 21209554 1 0 1706825599
WALL 21209554 1 0 1706825600
WALL 21209554 1 0 1706825601
WALL 21209554 1 0 1706825602
WALL 21209554 1 0 1706825603
WALL 21209554 1 0 1706825604
WALL 21209554 1 0 1706825605
WALL 21209554 1 0 1706825606
WALL 21209554 1 0 1706825607
WALL 21209554 1 0 1706825608
WALL 21209554 1 0 1706825609
WALL 21209554 1 0 1706825610
WALL 21209554 1 0 1706825611
WALL 21209554 1 0 1706825612
WALL 21209554 1 0 1706825613
WALL 21209554 1 0 1706825614
WALL 21209554 1 0 1706825615
WALL 21209554 1 0 1706825616
WALL 21209554 1 0 1706825617
WALL 21209554 1 0 1706825618
WALL 21209554 1 0 1706825619
WALL 21209554 1 0 1706825620
WALL 21209554 1 0 1706825621
WALL 21209554 1 0 1706825622
WALL 21209554 1 0 1706825623
WALL 21209554 1 0 1706825624
WALL 21209554 1 0 1706825625
WALL 21209554 1 0 1706825626
WALL 21209554 1 0 1706825627
WALL 21209554 1 0 1706825628
WALL 21209554 1 0 1706825629
WALL 21209554 1 0 1706825630
WALL 21209554 1 0 1706825631
WALL 21209554 1 0 1706825632
WALL 21209554 1 0 1706825633
WALL 21209554 1 0 1706825634
WALL 21209554 1 0 1706825635
WALL 21209554 1 0 1706825636
WALL 21209554 1 0 1706825637
WALL 21209554 1 0 1706825638
WALL 21209554 1 0 1706825639
WALL 21209554 1 0 1706825640
WALL 21209554 1 0 1706825641
WALL 21209554 1 0 1706825642
WALL 21209554 1 0 1706825643
WALL 21209554 1 0 1706825644
WALL 21209554 1 0 1706825645
WALL 21209554 1 0 1706825646
WALL 21209554 1 0 1706825647
WALL 21209554 1 0 1706825648
WALL 21209554 1 0 1706825649
WALL 21209554 1 0 1706825650
WALL 21209554 1 0 1706825651
WALL 21209554 1 0 1706825652
WALL 21209554 1 0 1706825653
WALL 21209554 1 0 1706825654
WALL 21209554 1 0 1706825655
WALL 21209554 1 0 1706825656
WALL 21209554 1 0 1706825657
WALL 21209554 1 0 1706825658
WALL 21209554 1 0 1706825659
WALL 21209554 1 0 1706825660
WALL 21209554 1 0 1706825661
WALL 21209554 1 0 1706825662
WALL 21209554 1 0 1706825663
WALL 21209554 1 0 1706825664
WALL 21209554 1 0 1706825665
WALL 21209554 1 0 1706825666
WALL 21209554 1 0 1706825667
WALL 21209554 1 0 1706825668
WALL 21209554 1 0 1706825669
WALL 21209554 1 0 1706825670
WALL 21209554 1 0 1706825671
WALL 21209554 1 0 1706825672
WALL 21209554 1 0 1706825673
WALL 21209554 1 0 1706825674
WALL 21209554 1 0 1706825675
WALL 21209554 1 0 1706825676
WALL 21209554 1 0 1706825677
WALL 21209554 1 0 1706825678
WALL 21209554 1 0 1706825679
WALL 21209554 1 0 1706825680
WALL 21209554 1 0 1706825681
WALL 21209554 1 0 1706825682
WALL 21209554 1 0 1706825683
WALL 21209554 1 0 1706825684
WALL 21209554 1 0 1706825685
WALL 21209554 1 0 1706825686
WALL 21209554 1 0 1706825687
WALL 21209554 1 0 1706825688
WALL 21209554 1 0 1706825689
WALL 21209554 1 0 1706825690
WALL 21209554 1 0 1706825691
WALL 21209554 1 0 1706825692
WALL 21209554 1 0 1706825693
WALL 21209554 1 0 1706825694
WALL 21209554 1 0 1706825695
WALL 21209554 1 0 1706825696
WALL 21209554 1 0 1706825697
WALL 21209554 1 0 1706825698
WALL 21209554 1 0 1706825699
WALL 21209554 1 0 1706825700
WALL 21209554 1 0 1706825701
WALL 21209554 1 0 1706825702
WALL 21209554 1 0 1706825703
WALL 21209554 1 0 1706825704
WALL 21209554 1 0 1706825705
WALL 21209554 1 0 1706825706
WALL 21209554 1 0 1706825707
WALL 21209554 1 0 1706825708
WALL 21209554 1 0 1706825709
WALL 21209554 1 0 1706825710
WALL 21209554 1 0 1706825711
WALL 21209554 1 0 1706825712
WALL 21209554 1 0 1706825713
WALL 21209554 1 0 1706825714
WALL 21209554 1 0 1706825715
WALL 21209554 1 0 1706825716
WALL 21209554 1 0 1706825717
WALL 21209554 1 0 1706825718
WALL 21209554 1 0 1706825719
WALL 21209554 1 0 1706825720
WALL 21209554 1 0 1706825721
WALL 21209554 1 0 1706825722
WALL 21209554 1 0 1706825723
WALL 21209554 1 0 1706825724
WALL 21209554 1 0 1706825725
WALL 21209554 1 0 1706825726
WALL 21209554 1 0 1706825727
WALL 21209554 1 0 1706825728
WALL 21209554 1 0 1706825729
WALL 21209554 1 0 1706825730
WALL 21209554 1 0 1706825731
WALL 21209554 1 0 1706825732
WALL 21209554 1 0 1706825733
WALL 21209554 1 0 1706825734
WALL 21209554 1 0 1706825735
WALL 21209554 1 0 1706825736
WALL 21209554 1 0 1706825737
WALL 21209554 1 0 1706825738
WALL 21209554 1 0 1706825739
WALL 21209554 1 0 1706825740
WALL 21209554 1 0 1706825741
WALL 21209554 1 0 1706825742
WALL 21209554 1 0 1706825743
WALL 21209554 1 0 1706825744
WALL 21209554 1 0 1706825745
WALL 21209554 1 0 1706825746
WALL 21209554 1 0 1706825747
WALL 21209554 1 0 1706825748
WALL 21209554 1 0 1706825749
WALL 21209554 1 0 1706825750
WALL 21209554 1 0 1706825751
WALL 21209554 1 0 1706825752
WALL 21209554 1 0 1706825753
WALL 21209554 1 0 1706825754
WALL 21209554 1 0 1706825755
WALL 21209554 1 0 1706825756
WALL 21209554 1 0 1706825757
WALL 21209554 1 0 1706825758
WALL 21209554 1 0 1706825759
WALL 21209554 1 0 1706825760
WALL 21209554 1 0 1706825761
WALL 21209554 1 0 1706825762
WALL 21209554 1 0 1706825763
WALL 21209554 1 0 1706825764
WALL 21209554 1 0 1706825765
WALL 21209554 1 0 1706825766
WALL 21209554 1 0 1706825767
WALL 21209554 1 0 1706825768
WALL 21209554 1 0 1706825769
WALL 21209554 1 0 1706825770
WALL 21209554 1 0 1706825771
WALL 21209554 1 0 1706825772
WALL 21209554 1 0 1706825773
WALL 21209554 1 0 1706825774
WALL 21209554 1 0 1706825775
WALL 21209554 1 0 1706825776
WALL 21209554 1 0 1706825777
WALL 21209554 1 0 1706825778
WALL 21209554 1 0 1706825779
WALL 21209554 1 0 1706825780
WALL 21209554 1 0 1706825781
WALL 21209554 1 0 1706825782
WALL 21209554 1 0 1706825783
WALL 21209554 1 0 1706825784
WALL 21209554 1 0 1706825785
WALL 21209554 1 0 1706825786
WALL 21209554 1 0 1706825787
WALL 21209554 1 0 1706825788
WALL 21209554 1 0 1706825789
WALL 21209554 1 0 1706825790
WALL 21209554 1 0 1706825791
WALL 21209554 1 0 1706825792
WALL 21209554 1 0 1706825793
WALL 21209554 1 0 1706825794
WALL 21209554 1 0 1706825795
WALL 21209554 1 0 1706825796
WALL 21209554 1 0 1706825797
WALL 21209554 1 0 1706825798
WALL 21209554 1 0 1706825799
WALL 21209554 1 0 1706825800
WALL 21209554 1 0 1706825801
WALL 21209554 1 0 1706825802
WALL 21209554 1 0 1706825803
WALL 21209554 1 0 1706825804
WALL 21209554 1 0 1706825805
WALL 21209554 1 0 1706825806
WALL 21209554 1 0 1706825807
WALL 21209554 1 0 1706825808
WALL 21209554 1 0 1706825809
WALL 21209554 1 0 1706825810
WALL 21209554 1 0 1706825811
WALL 21209554 1 0 1706825812
WALL 21209554 1 0 1706825813
WALL 21209554 1 0 1706825814
WALL 21209554 1 0 1706825815
WALL 21209554 1 0 1706825816
WALL 21209554 1 0 1706825817
WALL 21209554 1 0 1706825818
WALL 21209554 1 0 1706825819
WALL 21209554 1 0 1706825820
WALL 21209554 1 0 1706825821
WALL 21209554 1 0 1706825822
WALL 21209554 1 0 1706825823
WALL 21209554 1 0 1706825824
WALL 21209554 1 0 1706825825
WALL 21209554 1 0 1706825826
WALL 21209554 1 0 1706825827
WALL 21209554 1 0 1706825828
WALL 21209554 1 0 1706825829
WALL 21209554 1 0 1706825830
WALL 21209554 1 0 1706825831
WALL 21209554 1 0 1706825832
WALL 21209554 1 0 1706825833
WALL 21209554 1 0 1706825834
WALL 21209554 1 0 1706825835
WALL 21209554 1 0 1706825836
WALL 21209554 1 0 1706825837
WALL 21209554 1 0 1706825838
WALL 21209554 1 0 1706825839
WALL 21209554 1 0 1706825840
WALL 21209554 1 0 1706825841
WALL 21209554 1 0 1706825842
WALL 21209554 1 0 1706825843
WALL 21209554 1 0 1706825844
WALL 21209554 1 0 1706825845
WALL 21209554 1 0 1706825846
WALL 21209554 1 0 1706825847
WALL 21209554 1 0 1706825848
WALL 21209554 1 0 1706825849
WALL 21209554 1 0 1706825850
WALL 21209554 1 0 1706825851
WALL 21209554 1 0 1706825852
WALL 21209554 1 0 1706825853
WALL 21209554 1 0 1706825854
WALL 21209554 1 0 1706825855
WALL 21209554 1 0 1706825856
WALL 21209554 1 0 1706825857
WALL 21209554 1 0 1706825858
WALL 21209554 1 0 1706825859
WALL 21209554 1 0 1706825860
WALL 21209554 1 0 1706825861
WALL 21209554 1 0 1706825862
WALL 21209554 1 0 1706825863
WALL 21209554 1 0 1706825864
WALL 21209554 1 0 1706825865
WALL 21209554 1 0 1706825866
WALL 21209554 1 0 1706825867
WALL 21209554 1 0 1706825868
WALL 21209554 1 0 1706825869
WALL 21209554 1 0 1706825870
WALL 21209554 1 0 1706825871
WALL 21209554 1 0 1706825872
WALL 21209554 1 0 1706825873
WALL 21209554 1 0 1706825874
WALL 21209554 1 0 1706825875
WALL 21209554 1 0 1706825876
WALL 21209554 1 0 1706825877
WALL 21209554 1 0 1706825878
WALL 21209554 1 0 1706825879
WALL 21209554 1 0 1706825880
WALL 21209554 1 0 1706825881
WALL 21209554 1 0 1706825882
WALL 21209554 1 0 1706825883
WALL 21209554 1 0 1706825884
WALL 21209554 1 0 1706825885
WALL 21209554 1 0 1706825886
WALL 21209554 1 0 1706825887
WALL 21209554 1 0 1706825888
WALL 21209554 1 0 1706825889
WALL 21209554 1 0 1706825890
WALL 21209554 1 0 1706825891
WALL 21209554 1 0 1706825892
WALL 21209554 1 0 1706825893
WALL 21209554 1 0 1706825894
WALL 21209554 1 0 1706825895
WALL 21209554 1 0 1706825896
WALL 21209554 1 0 1706825897
WALL 21209554 1 0 1706825898
WALL 21209554 1 0 1706825899
WALL 21209554 1 0 1706825900
WALL 21209554 1 0 1706825901
WALL 21209554 1 0 1706825902
WALL 21209554 1 0 1706825903
WALL 21209554 1 0 1706825904
WALL 21209554 1 0 1706825905
WALL 21209554 1 0 1706825906
WALL 21209554 1 0 1706825907
WALL 21209554 1 0 1706825908
WALL 21209554 1 0 1706825909
WALL 21209554 1 0 1706825910
WALL 21209554 1 0 1706825911
WALL 21209554 1 0 1706825912
WALL 21209554 1 0 1706825913
WALL 21209554 1 0 1706825914
WALL 21209554 1 0 1706825915
WALL 21209554 1 0 1706825916
WALL 21209554 1 0 1706825917
WALL 21209554 1 0 1706825918
WALL 21209554 1 0 1706825919
WALL 21209554 1 0 1706825920
WALL 21209554 1 0 1706825921
WALL 21209554 1 0 1706825922
WALL 21209554 1 0 1706825923
WALL 21209554 1 0 1706825924
WALL 21209554 1 0 1706825925
WALL 21209554 1 0 1706825926
WALL 21209554 1 0 1706825927
WALL 21209554 1 0 1706825928
WALL 21209554 1 0 1706825929
WALL 21209554 1 0 1706825930
WALL 21209554 1 0 1706825931
WALL 21209554 1 0 1706825932
WALL 21209554 1 0 1706825933
WALL 21209554 1 0 1706825934
WALL 21209554 1 0 1706825935
WALL 21209554 1 0 1706825936
WALL 21209554 1 0 1706825937
WALL 21209554 1 0 1706825938
WALL 21209554 1 0 1706825939
WALL 21209554 1 0 1706825940
WALL 21209554 1 0 1706825941
WALL 21209554 1 0 1706825942
WALL 21209554 1 0 1706825943
WALL 21209554 1 0 1706825944
WALL 21209554 1 0 1706825945
WALL 21209554 1 0 1706825946
WALL 21209554 1 0 1706825947
WALL 21209554 1 0 1706825948
WALL 21209554 1 0 1706825949
WALL 21209554 1 0 1706825950
WALL 21209554 1 0 1706825951
WALL 21209554 1 0 1706825952
WALL 21209554 1 0 1706825953
WALL 21209554 1 0 1706825954
WALL 21209554 1 0 1706825955
WALL 21209554 1 0 1706825956
WALL 21209554 1 0 1706825957
WALL 21209554 1 0 1706825958
WALL 21209554 1 0 1706825959
WALL 21209554 1 0 1706825960
WALL 21209554 1 0 1706825961
WALL 21209554 1 0 1706825962
WALL 21209554 1 0 1706825963
WALL 21209554 1 0 1706825964
WALL 21209554 1 0 1706825965
WALL 21209554 1 0 1706825966
WALL 21209554 1 0 1706825967
WALL 21209554 1 0 1706825968
WALL 21209554 1 0 1706825969
WALL 21209554 1 0 1706825970
WALL 21209554 1 0 1706825971
WALL 21209554 1 0 1706825972
WALL 21209554 1 0 1706825973
WALL 21209554 1 0 1706825974
WALL 21209554 1 0 1706825975
WALL 21209554 1 0 1706825976
WALL 21209554 1 0 1706825977
WALL 21209554 1 0 1706825978
WALL 21209554 1 0 1706825979
WALL 21209554 1 0 1706825980
WALL 21209554 1 0 1706825981
WALL 21209554 1 0 1706825982
WALL 21209554 1 0 1706825983
WALL 21209554 1 0 1706825984
WALL 21209554 1 0 1706825985
WALL 21209554 1 0 1706825986
WALL 21209554 1 0 1706825987
WALL 21209554 1 0 1706825988
WALL 21209554 1 0 1706825989
WALL 21209554 1 0 1706825990
WALL 21209554 1 0 1706825991
WALL 21209554 1 0 1706825992
WALL 21209554 1 0 1706825993
WALL 21209554 1 0 1706825994
WALL 21209554 1 0 1706825995
WALL 21209554 1 0 1706825996
WALL 21209554 1 0 1706825997
WALL 21209554 1 0 1706825998
WALL 21209554 1 0 1706825999
WALL 21209554 1 0 1706826000
WALL 21209554 1 0 1706826001
WALL 21209554 1 0 1706826002
WALL 21209554 1 0 1706826003
WALL 21209554 1 0 1706826004
WALL 21209554 1 0 1706826005
WALL 21209554 1 0 1706826006
WALL 21209554 1 0 1706826007
WALL 21209554 1 0 1706826008
WALL 21209554 1 0 1706826009
WALL 21209554 1 0 1706826010
WALL 21209554 1 0 1706826011
WALL 21209554 1 0 1706826012
WALL 21209554 1 0 1706826013
WALL 21209554 1 0 1706826014
WALL 21209554 1 0 1706826015
WALL 21209554 1 0 1706826016
WALL 21209554 1 0 1706826017
WALL 21209554 1 0 1706826018
WALL 21209554 1 0 1706826019
WALL 21209554 1 0 1706826020
WALL 21209554 1 0 1706826021
WALL 21209554 1 0 1706826022
WALL 21209554 1 0 1706826023
WALL 21209554 1 0 1706826024
WALL 21209554 1 0 1706826025
WALL 21209554 1 0 1706826026
WALL 21209554 1 0 1706826027
WALL 21209554 1 0 1706826028
WALL 21209554 1 0 1706826029
WALL 21209554 1 0 1706826030
WALL 21209554 1 0 1706826031
WALL 21209554 1 0 1706826032
WALL 21209554 1 0 1706826033
WALL 21209554 1 0 1706826034
WALL 21209554 1 0 1706826035
WALL 21209554 1 0 1706826036
WALL 21209554 1 0 1706826037
WALL 21209554 1 0 1706826038
WALL 21209554 1 0 1706826039
WALL 21209554 1 0 1706826040
WALL 21209554 1 0 1706826041
WALL 21209554 1 0 1706826042
WALL 21209554 1 0 1706826043
WALL 21209554 1 0 1706826044
WALL 21209554 1 0 1706826045
WALL 21209554 1 0 1706826046
WALL 21209554 1 0 1706826047
WALL 21209554 1 0 1706826048
WALL 21209554 1 0 1706826049
WALL 21209554 1 0 1706826050
WALL 21209554 1 0 1706826051
WALL 21209554 1 0 1706826052
WALL 21209554 1 0 1706826053
WALL 21209554 1 0 1706826054
WALL 21209554 1 0 1706826055
WALL 21209554 1 0 1706826056
WALL 21209554 1 0 1706826057
WALL 21209554 1 0 1706826058
WALL 21209554 1 0 1706826059
WALL 21209554 1 0 1706826060
WALL 21209554 1 0 1706826061
WALL 21209554 1 0 1706826062
WALL 21209554 1 0 1706826063
WALL 21209554 1 0 1706826064
WALL 21209554 1 0 1706826065
WALL 21209554 1 0 1706826066
WALL 21209554 1 0 1706826067
WALL 21209554 1 0 1706826068
WALL 21209554 1 0 1706826069
WALL 21209554 1 0 1706826070
WALL 21209554 1 0 1706826071
WALL 21209554 1 0 1706826072
WALL 21209554 1 0 1706826073
WALL 21209554 1 0 1706826074
WALL 21209554 1 0 1706826075
WALL 21209554 1 0 1706826076
WALL 21209554 1 0 1706826077
WALL 21209554 1 0 1706826078
WALL 21209554 1 0 1706826079
WALL 21209554 1 0 1706826080
WALL 21209554 1 0 1706826081
WALL 21209554 1 0 1706826082
WALL 21209554 1 0 1706826083
WALL 21209554 1 0 1706826084
WALL 21209554 1 0 1706826085
WALL 21209554 1 0 1706826086
WALL 21209554 1 0 1706826087
WALL 21209554 1 0 1706826088
WALL 21209554 1 0 1706826089
WALL 21209554 1 0 1706826090
WALL 21209554 1 0 1706826091
WALL 21209554 1 0 1706826092
WALL 21209554 1 0 1706826093
WALL 21209554 1 0 1706826094
WALL 21209554 1 0 1706826095
WALL 21209554 1 0 1706826096
WALL 21209554 1 0 1706826097
WALL 21209554 1 0 1706826098
WALL 21209554 1 0 1706826099
WALL 21209554 1 0 1706826100
WALL 21209554 1 0 1706826101
WALL 21209554 1 0 1706826102
WALL 21209554 1 0 1706826103
WALL 21209554 1 0 1706826104
WALL 21209554 1 0 1706826105
WALL 21209554 1 0 1706826106
WALL 21209554 1 0 1706826107
WALL 21209554 1 0 1706826108
WALL 21209554 1 0 1706826109
WALL 21209554 1 0 1706826110
WALL 21209554 1 0 1706826111
WALL 21209554 1 0 1706826112
WALL 21209554 1 0 1706826113
WALL 21209554 1 0 1706826114
WALL 21209554 1 0 1706826115
WALL 21209554 1 0 1706826116
WALL 21209554 1 0 1706826117
WALL 21209554 1 0 1706826118
WALL 21209554 1 0 1706826119
WALL 21209554 1 0 1706826120
WALL 21209554 1 0 1706826121
WALL 21209554 1 0 1706826122
WALL 21209554 1 0 1706826123
WALL 21209554 1 0 1706826124
WALL 21209554 1 0 1706826125
WALL 21209554 1 0 1706826126
WALL 21209554 1 0 1706826127
WALL 21209554 1 0 1706826128
WALL 21209554 1 0 1706826129
WALL 21209554 1 0 1706826130
WALL 21209554 1 0 1706826131
WALL 21209554 1 0 1706826132
WALL 21209554 1 0 1706826133
WALL 21209554 1 0 1706826134
WALL 21209554 1 0 1706826135
WALL 21209554 1 0 1706826136
WALL 21209554 1 0 1706826137
WALL 21209554 1 0 1706826138
WALL 21209554 1 0 1706826139
WALL 21209554 1 0 1706826140
WALL 21209554 1 0 1706826141
WALL 21209554 1 0 1706826142
WALL 21209554 1 0 1706826143
WALL 21209554 1 0 1706826144
WALL 21209554 1 0 1706826145
WALL 21209554 1 0 1706826146
WALL 21209554 1 0 1706826147
WALL 21209554 1 0 1706826148
WALL 21209554 1 0 1706826149
WALL 21209554 1 0 1706826150
WALL 21209554 1 0 1706826151
WALL 21209554 1 0 1706826152
WALL 21209554 1 0 1706826153
WALL 21209554 1 0 1706826154
WALL 21209554 1 0 1706826155
WALL 21209554 1 0 1706826156
WALL 21209554 1 0 1706826157
WALL 21209554 1 0 1706826158
WALL 21209554 1 0 1706826159
WALL 21209554 1 0 1706826160
WALL 21209554 1 0 1706826161
WALL 21209554 1 0 1706826162
WALL 21209554 1 0 1706826163
WALL 21209554 1 0 1706826164
WALL 21209554 1 0 1706826165
WALL 21209554 1 0 1706826166
WALL 21209554 1 0 1706826167
WALL 21209554 1 0 1706826168
WALL 21209554 1 0 1706826169
WALL 21209554 1 0 1706826170
WALL 21209554 1 0 1706826171
WALL 21209554 1 0 1706826172
WALL 21209554 1 0 1706826173
WALL 21209554 1 0 1706826174
WALL 21209554 1 0 1706826175
WALL 21209554 1 0 1706826176
WALL 21209554 1 0 1706826177
WALL 21209554 1 0 1706826178
WALL 21209554 1 0 1706826179
WALL 21209554 1 0 1706826180
WALL 21209554 1 0 1706826181
WALL 21209554 1 0 1706826182
WALL 21209554 1 0 1706826183
WALL 21209554 1 0 1706826184
WALL 21209554 1 0 1706826185
WALL 21209554 1 0 1706826186
WALL 21209554 1 0 1706826187
WALL 21209554 1 0 1706826188
WALL 21209554 1 0 1706826189
WALL 21209554 1 0 1706826190
WALL 21209554 1 0 1706826191
WALL 21209554 1 0 1706826192
WALL 21209554 1 0 1706826193
WALL 21209554 1 0 1706826194
WALL 21209554 1 0 1706826195
WALL 21209554 1 0 1706826196
WALL 21209554 1 0 1706826197
WALL 21209554 1 0 1706826198
WALL 21209554 1 0 1706826199
WALL 21209554 1 0 1706826200
WALL 21209554 1 0 1706826201
WALL 21209554 1 0 1706826202
WALL 21209554 1 0 1706826203
WALL 21209554 1 0 1706826204
WALL 21209554 1 0 1706826205
WALL 21209554 1 0 1706826206
WALL 21209554 1 0 1706826207
WALL 21209554 1 0 1706826208
WALL 21209554 1 0 1706826209
WALL 21209554 1 0 1706826210
WALL 21209554 1 0 1706826211
WALL 21209554 1 0 1706826212
WALL 21209554 1 0 1706826213
WALL 21209554 1 0 1706826214
WALL 21209554 1 0 1706826215
WALL 21209554 1 0 1706826216
WALL 21209554 1 0 1706826217
WALL 21209554 1 0 1706826218
WALL 21209554 1 0 1706826219
WALL 21209554 1 0 1706826220
WALL 21209554 1 0 1706826221
WALL 21209554 1 0 1706826222
WALL 21209554 1 0 1706826223
WALL 21209554 1 0 1706826224
WALL 21209554 1 0 1706826225
WALL 21209554 1 0 1706826226
WALL 21209554 1 0 1706826227
WALL 21209554 1 0 1706826228
WALL 21209554 1 0 1706826229
WALL 21209554 1 0 1706826230
WALL 21209554 1 0 1706826231
WALL 21209554 1 0 1706826232
WALL 21209554 1 0 1706826233
WALL 21209554 1 0 1706826234
WALL 21209554 1 0 1706826235
WALL 21209554 1 0 1706826236
WALL 21209554 1 0 1706826237
WALL 21209554 1 0 1706826238
WALL 21209554 1 0 1706826239
WALL 21209554 1 0 1706826240
WALL 21209554 1 0 1706826241
WALL 21209554 1 0 1706826242
WALL 21209554 1 0 1706826243
WALL 21209554 1 0 1706826244
WALL 21209554 1 0 1706826245
WALL 21209554 1 0 1706826246
WALL 21209554 1 0 1706826247
WALL 21209554 1 0 1706826248
WALL 21209554 1 0 1706826249
WALL 21209554 1 0 1706826250
WALL 21209554 1 0 1706826251
WALL 21209554 1 0 1706826252
WALL 21209554 1 0 1706826253
WALL 21209554 1 0 1706826254
WALL 21209554 1 0 1706826255
WALL 21209554 1 0 1706826256
WALL 21209554 1 0 1706826257
WALL 21209554 1 0 1706826258
WALL 21209554 1 0 1706826259
WALL 21209554 1 0 1706826260
WALL 21209554 1 0 1706826261
WALL 21209554 1 0 1706826262
WALL 21209554 1 0 1706826263
WALL 21209554 1 0 1706826264
WALL 21209554 1 0 1706826265
WALL 21209554 1 0 1706826266
WALL 21209554 1 0 1706826267
WALL 21209554 1 0 1706826268
WALL 21209554 1 0 1706826269
WALL 21209554 1 0 1706826270
WALL 21209554 1 0 1706826271
WALL 21209554 1 0 1706826272
WALL 21209554 1 0 1706826273
WALL 21209554 1 0 1706826274
WALL 21209554 1 0 1706826275
WALL 21209554 1 0 1706826276
WALL 21209554 1 0 1706826277
WALL 21209554 1 0 1706826278
WALL 21209554 1 0 1706826279
WALL 21209554 1 0 1706826280
WALL 21209554 1 0 1706826281
WALL 21209554 1 0 1706826282
WALL 21209554 1 0 1706826283
WALL 21209554 1 0 1706826284
WALL 21209554 1 0 1706826285
WALL 21209554 1 0 1706826286
WALL 21209554 1 0 1706826287
WALL 21209554 1 0 1706826288
WALL 21209554 1 0 1706826289
WALL 21209554 1 0 1706826290
WALL 21209554 1 0 1706826291
WALL 21209554 1 0 1706826292
WALL 21209554 1 0 1706826293
WALL 21209554 1 0 1706826294
WALL 21209554 1 0 1706826295
WALL 21209554 1 0 1706826296
WALL 21209554 1 0 1706826297
WALL 21209554 1 0 1706826298
WALL 21209554 1 0 1706826299
WALL 21209554 1 0 1706826300
WALL 21209554 1 0 1706826301
WALL 21209554 1 0 1706826302
WALL 21209554 1 0 1706826303
WALL 21209554 1 0 1706826304
WALL 21209554 1 0 1706826305
WALL 21209554 1 0 1706826306
WALL 21209554 1 0 1706826307
WALL 21209554 1 0 1706826308
WALL 21209554 1 0 1706826309
WALL 21209554 1 0 1706826310
WALL 21209554 1 0 1706826311
WALL 21209554 1 0 1706826312
WALL 21209554 1 0 1706826313
WALL 21209554 1 0 1706826314
WALL 21209554 1 0 1706826315
WALL 21209554 1 0 1706826316
WALL 21209554 1 0 1706826317
WALL 21209554 1 0 1706826318
WALL 21209554 1 0 1706826319
WALL 21209554 1 0 1706826320
WALL 21209554 1 0 1706826321
WALL 21209554 1 0 1706826322
WALL 21209554 1 0 1706826323
WALL 21209554 1 0 1706826324
WALL 21209554 1 0 1706826325
WALL 21209554 1 0 1706826326
WALL 21209554 1 0 1706826327
WALL 21209554 1 0 1706826328
WALL 21209554 1 0 1706826329
WALL 21209554 1 0 1706826330
WALL 21209554 1 0 1706826331
WALL 21209554 1 0 1706826332
WALL 21209554 1 0 1706826333
WALL 21209554 1 0 1706826334
WALL 21209554 1 0 1706826335
WALL 21209554 1 0 1706826336
WALL 21209554 1 0 1706826337
WALL 21209554 1 0 1706826338
WALL 21209554 1 0 1706826339
WALL 21209554 1 0 1706826340
WALL 21209554 1 0 1706826341
WALL 21209554 1 0 1706826342
WALL 21209554 1 0 1706826343
WALL 21209554 1 0 1706826344
WALL 21209554 1 0 1706826345
WALL 21209554 1 0 1706826346
WALL 21209554 1 0 1706826347
WALL 21209554 1 0 1706826348
WALL 21209554 1 0 1706826349
WALL 21209554 1 0 1706826350
WALL 21209554 1 0 1706826351
WALL 21209554 1 0 1706826352
WALL 21209554 1 0 1706826353
WALL 21209554 1 0 1706826354
WALL 21209554 1 0 1706826355
WALL 21209554 1 0 1706826356
WALL 21209554 1 0 1706826357
WALL 21209554 1 0 1706826358
WALL 21209554 1 0 1706826359
WALL 21209554 1 0 1706826360
WALL 21209554 1 0 1706826361
WALL 21209554 1 0 1706826362
WALL 21209554 1 0 1706826363
WALL 21209554 1 0 1706826364
WALL 21209554 1 0 1706826365
WALL 21209554 1 0 1706826366
WALL 21209554 1 0 1706826367
WALL 21209554 1 0 1706826368
WALL 21209554 1 0 1706826369
WALL 21209554 1 0 1706826370
WALL 21209554 1 0 1706826371
WALL 21209554 1 0 1706826372
WALL 21209554 1 0 1706826373
WALL 21209554 1 0 1706826374
WALL 21209554 1 0 1706826375
WALL 21209554 1 0 1706826376
WALL 21209554 1 0 1706826377
WALL 21209554 1 0 1706826378
WALL 21209554 1 0 1706826379
WALL 21209554 1 0 1706826380
WALL 21209554 1 0 1706826381
WALL 21209554 1 0 1706826382
WALL 21209554 1 0 1706826383
WALL 21209554 1 0 1706826384
WALL 21209554 1 0 1706826385
WALL 21209554 1 0 1706826386
WALL 21209554 1 0 1706826387
WALL 21209554 1 0 1706826388
WALL 21209554 1 0 1706826389
WALL 21209554 1 0 1706826390
WALL 21209554 1 0 1706826391
WALL 21209554 1 0 1706826392
WALL 21209554 1 0 1706826393
WALL 21209554 1 0 1706826394
WALL 21209554 1 0 1706826395
WALL 21209554 1 0 1706826396
WALL 21209554 1 0 1706826397
WALL 21209554 1 0 1706826398
WALL 21209554 1 0 1706826399
WALL 21209554 1 0 1706826400
WALL 21209554 1 0 1706826401
WALL 21209554 1 0 1706826402
WALL 21209554 1 0 1706826403
WALL 21209554 1 0 1706826404
WALL 21209554 1 0 1706826405
WALL 21209554 1 0 1706826406
WALL 21209554 1 0 1706826407
WALL 21209554 1 0 1706826408
WALL 21209554 1 0 1706826409
WALL 21209554 1 0 1706826410
WALL 21209554 1 0 1706826411
WALL 21209554 1 0 1706826412
WALL 21209554 1 0 1706826413
WALL 21209554 1 0 1706826414
WALL 21209554 1 0 1706826415
WALL 21209554 1 0 1706826416
WALL 21209554 1 0 1706826417
WALL 21209554 1 0 1706826418
WALL 21209554 1 0 1706826419
WALL 21209554 1 0 1706826420
WALL 21209554 1 0 1706826421
WALL 21209554 1 0 1706826422
WALL 21209554 1 0 1706826423
WALL 21209554 1 0 1706826424
WALL 21209554 1 0 1706826425
WALL 21209554 1 0 1706826426
WALL 21209554 1 0 1706826427
WALL 21209554 1 0 1706826428
WALL 21209554 1 0 1706826429
WALL 21209554 1 0 1706826430
WALL 21209554 1 0 1706826431
WALL 21209554 1 0 1706826432
WALL 21209554 1 0 1706826433
WALL 21209554 1 0 1706826434
WALL 21209554 1 0 1706826435
WALL 21209554 1 0 1706826436
WALL 21209554 1 0 1706826437
WALL 21209554 1 0 1706826438
WALL 21209554 1 0 1706826439
WALL 21209554 1 0 1706826440
WALL 21209554 1 0 1706826441
WALL 21209554 1 0 1706826442
WALL 21209554 1 0 1706826443
WALL 21209554 1 0 1706826444
WALL 21209554 1 0 1706826445
WALL 21209554 1 0 1706826446
WALL 21209554 1 0 1706826447
WALL 21209554 1 0 1706826448
WALL 21209554 1 0 1706826449
WALL 21209554 1 0 1706826450
WALL 21209554 1 0 1706826451
WALL 21209554 1 0 1706826452
WALL 21209554 1 0 1706826453
WALL 21209554 1 0 1706826454
WALL 21209554 1 0 1706826455
WALL 21209554 1 0 1706826456
WALL 21209554 1 0 1706826457
WALL 21209554 1 0 1706826458
WALL 21209554 1 0 1706826459
WALL 21209554 1 0 1706826460
WALL 21209554 1 0 1706826461
WALL 21209554 1 0 1706826462
WALL 21209554 1 0 1706826463
WALL 21209554 1 0 1706826464
WALL 21209554 1 0 1706826465
WALL 21209554 1 0 1706826466
WALL 21209554 1 0 1706826467
WALL 21209554 1 0 1706826468
WALL 21209554 1 0 1706826469
WALL 21209554 1 0 1706826470
WALL 21209554 1 0 1706826471
WALL 21209554 1 0 1706826472
WALL 21209554 1 0 1706826473
WALL 21209554 1 0 1706826474
WALL 21209554 1 0 1706826475
WALL 21209554 1 0 1706826476
WALL 21209554 1 0 1706826477
WALL 21209554 1 0 1706826478
WALL 21209554 1 0 1706826479
WALL 21209554 1 0 1706826480
WALL 21209554 1 0 1706826481
WALL 21209554 1 0 1706826482
WALL 21209554 1 0 1706826483
WALL 21209554 1 0 1706826484
WALL 21209554 1 0 1706826485
WALL 21209554 1 0 1706826486
WALL 21209554 1 0 1706826487
WALL 21209554 1 0 1706826488
WALL 21209554 1 0 1706826489
WALL 21209554 1 0 1706826490
WALL 21209554 1 0 1706826491
WALL 21209554 1 0 1706826492
WALL 21209554 1 0 1706826493
WALL 21209554 1 0 1706826494
WALL 21209554 1 0 1706826495
WALL 21209554 1 0 1706826496
WALL 21209554 1 0 1706826497
WALL 21209554 1 0 1706826498
WALL 21209554 1 0 1706826499
WALL 21209554 1 0 1706826500
WALL 21209554 1 0 1706826501
WALL 21209554 1 0 1706826502
WALL 21209554 1 0 1706826503
WALL 21209554 1 0 1706826504
WALL 21209554 1 0 1706826505
WALL 21209554 1 0 1706826506
WALL 21209554 1 0 1706826507
WALL 21209554 1 0 1706826508
WALL 21209554 1 0 1706826509
WALL 21209554 1 0 1706826510
WALL 21209554 1 0 1706826511
WALL 21209554 1 0 1706826512
WALL 21209554 1 0 1706826513
WALL 21209554 1 0 1706826514
WALL 21209554 1 0 1706826515
WALL 21209554 1 0 1706826516
WALL 21209554 1 0 1706826517
WALL 21209554 1 0 1706826518
WALL 21209554 1 0 1706826519
WALL 21209554 1 0 1706826520
WALL 21209554 1 0 1706826521
WALL 21209554 1 0 1706826522
WALL 21209554 1 0 1706826523
WALL 21209554 1 0 1706826524
WALL 21209554 1 0 1706826525
WALL 21209554 1 0 1706826526
WALL 21209554 1 0 1706826527
WALL 21209554 1 0 1706826528
WALL 21209554 1 0 1706826529
WALL 21209554 1 0 1706826530
WALL 21209554 1 0 1706826531
WALL 21209554 1 0 1706826532
WALL 21209554 1 0 1706826533
WALL 21209554 1 0 1706826534
WALL 21209554 1 0 1706826535
WALL 21209554 1 0 1706826536
WALL 21209554 1 0 1706826537
WALL 21209554 1 0 1706826538
WALL 21209554 1 0 1706826539
WALL 21209554 1 0 1706826540
WALL 21209554 1 0 1706826541
WALL 21209554 1 0 1706826542
WALL 21209554 1 0 1706826543
WALL 21209554 1 0 1706826544
WALL 21209554 1 0 1706826545
WALL 21209554 1 0 1706826546
WALL 21209554 1 0 1706826547
WALL 21209554 1 0 1706826548
WALL 21209554 1 0 1706826549
WALL 21209554 1 0 1706826550
WALL 21209554 1 0 1706826551
WALL 21209554 1 0 1706826552
WALL 21209554 1 0 1706826553
WALL 21209554 1 0 1706826554
WALL 21209554 1 0 1706826555
WALL 21209554 1 0 1706826556
WALL 21209554 1 0 1706826557
WALL 21209554 1 0 1706826558
WALL 21209554 1 0 1706826559
WALL 21209554 1 0 1706826560
WALL 21209554 1 0 1706826561
WALL 21209554 1 0 1706826562
WALL 21209554 1 0 1706826563
WALL 21209554 1 0 1706826564
WALL 21209554 1 0 1706826565
WALL 21209554 1 0 1706826566
WALL 21209554 1 0 1706826567
WALL 21209554 1 0 1706826568
WALL 21209554 1 0 1706826569
WALL 21209554 1 0 1706826570
WALL 21209554 1 0 1706826571
WALL 21209554 1 0 1706826572
WALL 21209554 1 0 1706826573
WALL 21209554 1 0 1706826574
WALL 21209554 1 0 1706826575
WALL 21209554 1 0 1706826576
WALL 21209554 1 0 1706826577
WALL 21209554 1 0 1706826578
WALL 21209554 1 0 1706826579
WALL 21209554 1 0 1706826580
WALL 21209554 1 0 1706826581
WALL 21209554 1 0 1706826582
WALL 21209554 1 0 1706826583
WALL 21209554 1 0 1706826584
WALL 21209554 1 0 1706826585
WALL 21209554 1 0 1706826586
WALL 21209554 1 0 1706826587
WALL 21209554 1 0 1706826588
WALL 21209554 1 0 1706826589
WALL 21209554 1 0 1706826590
WALL 21209554 1 0 1706826591
WALL 21209554 1 0 1706826592
WALL 21209554 1 0 1706826593
WALL 21209554 1 0 1706826594
WALL 21209554 1 0 1706826595
WALL 21209554 1 0 1706826596
WALL 21209554 1 0 1706826597
WALL 21209554 1 0 1706826598
WALL 21209554 1 0 1706826599
WALL 21209554 1 0 1706826600
WALL 21209554 1 0 1706826601
WALL 21209554 1 0 1706826602
WALL 21209554 1 0 1706826603
WALL 21209554 1 0 1706826604
WALL 21209554 1 0 1706826605
WALL 21209554 1 0 1706826606
WALL 21209554 1 0 1706826607
WALL 21209554 1 0 1706826608
WALL 21209554 1 0 1706826609
WALL 21209554 1 0 1706826610
WALL 21209554 1 0 1706826611
WALL 21209554 1 0 1706826612
WALL 21209554 1 0 1706826613
WALL 21209554 1 0 1706826614
WALL 21209554 1 0 1706826615
WALL 21209554 1 0 1706826616
WALL 21209554 1 0 1706826617
WALL 21209554 1 0 1706826618
WALL 21209554 1 0 1706826619
WALL 21209554 1 0 1706826620
WALL 21209554 1 0 1706826621
WALL 21209554 1 0 1706826622
WALL 21209554 1 0 1706826623
WALL 21209554 1 0 1706826624
WALL 21209554 1 0 1706826625
WALL 21209554 1 0 1706826626
WALL 21209554 1 0 1706826627
WALL 21209554 1 0 1706826628
WALL 21209554 1 0 1706826629
WALL 21209554 1 0 1706826630
WALL 21209554 1 0 1706826631
WALL 21209554 1 0 1706826632
WALL 21209554 1 0 1706826633
WALL 21209554 1 0 1706826634
WALL 21209554 1 0 1706826635
WALL 21209554 1 0 1706826636
WALL 21209554 1 0 1706826637
WALL 21209554 1 0 1706826638
WALL 21209554 1 0 1706826639
WALL 21209554 1 0 1706826640
WALL 21209554 1 0 1706826641
WALL 21209554 1 0 1706826642
WALL 21209554 1 0 1706826643
WALL 21209554 1 0 1706826644
WALL 21209554 1 0 1706826645
WALL 21209554 1 0 1706826646
WALL 21209554 1 0 1706826647
WALL 21209554 1 0 1706826648
WALL 21209554 1 0 1706826649
WALL 21209554 1 0 1706826650
WALL 21209554 1 0 1706826651
WALL 21209554 1 0 1706826652
WALL 21209554 1 0 1706826653
WALL 21209554 1 0 1706826654
WALL 21209554 1 0 1706826655
WALL 21209554 1 0 1706826656
WALL 21209554 1 0 1706826657
WALL 21209554 1 0 1706826658
WALL 21209554 1 0 1706826659
WALL 21209554 1 0 1706826660
WALL 21209554 1 0 1706826661
WALL 21209554 1 0 1706826662
WALL 21209554 1 0 1706826663
WALL 21209554 1 0 1706826664
WALL 21209554 1 0 1706826665
WALL 21209554 1 0 1706826666
WALL 21209554 1 0 1706826667
WALL 21209554 1 0 1706826668
WALL 21209554 1 0 1706826669
WALL 21209554 1 0 1706826670
WALL 21209554 1 0 1706826671
WALL 21209554 1 0 1706826672
WALL 21209554 1 0 1706826673
WALL 21209554 1 0 1706826674
WALL 21209554 1 0 1706826675
WALL 21209554 1 0 1706826676
WALL 21209554 1 0 1706826677
WALL 21209554 1 0 1706826678
WALL 21209554 1 0 1706826679
WALL 21209554 1 0 1706826680
WALL 21209554 1 0 1706826681
WALL 21209554 1 0 1706826682
WALL 21209554 1 0 1706826683
WALL 21209554 1 0 1706826684
WALL 21209554 1 0 1706826685
WALL 21209554 1 0 1706826686
WALL 21209554 1 0 1706826687
WALL 21209554 1 0 1706826688
WALL 21209554 1 0 1706826689
WALL 21209554 1 0 1706826690
WALL 21209554 1 0 1706826691
WALL 21209554 1 0 1706826692
WALL 21209554 1 0 1706826693
WALL 21209554 1 0 1706826694
WALL 21209554 1 0 1706826695
WALL 21209554 1 0 1706826696
WALL 21209554 1 0 1706826697
WALL 21209554 1 0 1706826698
WALL 21209554 1 0 1706826699
WALL 21209554 1 0 1706826700
WALL 21209554 1 0 1706826701
WALL 21209554 1 0 1706826702
WALL 21209554 1 0 1706826703
WALL 21209554 1 0 1706826704
WALL 21209554 1 0 1706826705
WALL 21209554 1 0 1706826706
WALL 21209554 1 0 1706826707
WALL 21209554 1 0 1706826708
WALL 21209554 1 0 1706826709
WALL 21209554 1 0 1706826710
WALL 21209554 1 0 1706826711
WALL 21209554 1 0 1706826712
WALL 21209554 1 0 1706826713
WALL 21209554 1 0 1706826714
WALL 21209554 1 0 1706826715
WALL 21209554 1 0 1706826716
WALL 21209554 1 0 1706826717
WALL 21209554 1 0 1706826718
WALL 21209554 1 0 1706826719
WALL 21209554 1 0 1706826720
WALL 21209554 1 0 1706826721
WALL 21209554 1 0 1706826722
WALL 21209554 1 0 1706826723
WALL 21209554 1 0 1706826724
WALL 21209554 1 0 1706826725
WALL 21209554 1 0 1706826726
WALL 21209554 1 0 1706826727
WALL 21209554 1 0 1706826728
WALL 21209554 1 0 1706826729
WALL 21209554 1 0 1706826730
WALL 21209554 1 0 1706826731
WALL 21209554 1 0 1706826732
WALL 21209554 1 0 1706826733
WALL 21209554 1 0 1706826734
WALL 21209554 1 0 1706826735
WALL 21209554 1 0 1706826736
WALL 21209554 1 0 1706826737
WALL 21209554 1 0 1706826738
WALL 21209554 1 0 1706826739
WALL 21209554 1 0 1706826740
WALL 21209554 1 0 1706826741
WALL 21209554 1 0 1706826742
WALL 21209554 1 0 1706826743
WALL 21209554 1 0 1706826744
WALL 21209554 1 0 1706826745
WALL 21209554 1 0 1706826746
WALL 21209554 1 0 1706826747
WALL 21209554 1 0 1706826748
WALL 21209554 1 0 1706826749
WALL 21209554 1 0 1706826750
WALL 21209554 1 0 1706826751
WALL 21209554 1 0 1706826752
WALL 21209554 1 0 1706826753
WALL 21209554 1 0 1706826754
WALL 21209554 1 0 1706826755
WALL 21209554 1 0 1706826756
WALL 21209554 1 0 1706826757
WALL 21209554 1 0 1706826758
WALL 21209554 1 0 1706826759
WALL 21209554 1 0 1706826760
WALL 21209554 1 0 1706826761
WALL 21209554 1 0 1706826762
WALL 21209554 1 0 1706826763
WALL 21209554 1 0 1706826764
WALL 21209554 1 0 1706826765
WALL 21209554 1 0 1706826766
WALL 21209554 1 0 1706826767
WALL 21209554 1 0 1706826768
WALL 21209554 1 0 1706826769
WALL 21209554 1 0 1706826770
WALL 21209554 1 0 1706826771
WALL 21209554 1 0 1706826772
WALL 21209554 1 0 1706826773
WALL 21209554 1 0 1706826774
WALL 21209554 1 0 1706826775
WALL 21209554 1 0 1706826776
WALL 21209554 1 0 1706826777
WALL 21209554 1 0 1706826778
WALL 21209554 1 0 1706826779
WALL 21209554 1 0 1706826780
WALL 21209554 1 0 1706826781
WALL 21209554 1 0 1706826782
WALL 21209554 1 0 1706826783
WALL 21209554 1 0 1706826784
WALL 21209554 1 0 1706826785
WALL 21209554 1 0 1706826786
WALL 21209554 1 0 1706826787
WALL 21209554 1 0 1706826788
WALL 21209554 1 0 1706826789
WALL 21209554 1 0 1706826790
WALL 21209554 1 0 1706826791
WALL 21209554 1 0 1706826792
WALL 21209554 1 0 1706826793
WALL 21209554 1 0 1706826794
WALL 21209554 1 0 1706826795
WALL 21209554 1 0 1706826796
WALL 21209554 1 0 1706826797
WALL 21209554 1 0 1706826798
WALL 21209554 1 0 1706826799
WALL 21209554 1 0 1706826800
WALL 21209554 1 0 1706826801
WALL 21209554 1 0 1706826802
WALL 21209554 1 0 1706826803
WALL 21209554 1 0 1706826804
WALL 21209554 1 0 1706826805
WALL 21209554 1 0 1706826806
WALL 21209554 1 0 1706826807
WALL 21209554 1 0 1706826808
WALL 21209554 1 0 1706826809
WALL 21209554 1 0 1706826810
WALL 21209554 1 0 1706826811
WALL 21209554 1 0 1706826812
WALL 21209554 1 0 1706826813
WALL 21209554 1 0 1706826814
WALL 21209554 1 0 1706826815
WALL 21209554 1 0 1706826816
WALL 21209554 1 0 1706826817
WALL 21209554 1 0 1706826818
WALL 21209554 1 0 1706826819
WALL 21209554 1 0 1706826820
WALL 21209554 1 0 1706826821
WALL 21209554 1 0 1706826822
WALL 21209554 1 0 1706826823
WALL 21209554 1 0 1706826824
WALL 21209554 1 0 1706826825
WALL 21209554 1 0 1706826826
WALL 21209554 1 0 1706826827
WALL 21209554 1 0 1706826828
WALL 21209554 1 0 1706826829
WALL 21209554 1 0 1706826830
WALL 21209554 1 0 1706826831
WALL 21209554 1 0 1706826832
WALL 21209554 1 0 1706826833
WALL 21209554 1 0 1706826834
WALL 21209554 1 0 1706826835
WALL 21209554 1 0 1706826836
WALL 21209554 1 0 1706826837
WALL 21209554 1 0 1706826838
WALL 21209554 1 0 1706826839
WALL 21209554 1 0 1706826840
WALL 21209554 1 0 1706826841
WALL 21209554 1 0 1706826842
WALL 21209554 1 0 1706826843
WALL 21209554 1 0 1706826844
WALL 21209554 1 0 1706826845
WALL 21209554 1 0 1706826846
WALL 21209554 1 0 1706826847
WALL 21209554 1 0 1706826848
WALL 21209554 1 0 1706826849
WALL 21209554 1 0 1706826850
WALL 21209554 1 0 1706826851
WALL 21209554 1 0 1706826852
WALL 21209554 1 0 1706826853
WALL 21209554 1 0 1706826854
WALL 21209554 1 0 1706826855
WALL 21209554 1 0 1706826856
WALL 21209554 1 0 1706826857
WALL 21209554 1 0 1706826858
WALL 21209554 1 0 1706826859
WALL 21209554 1 0 1706826860
WALL 21209554 1 0 1706826861
WALL 21209554 1 0 1706826862
WALL 21209554 1 0 1706826863
WALL 21209554 1 0 1706826864
WALL 21209554 1 0 1706826865
WALL 21209554 1 0 1706826866
WALL 21209554 1 0 1706826867
WALL 21209554 1 0 1706826868
WALL 21209554 1 0 1706826869
WALL 21209554 1 0 1706826870
WALL 21209554 1 0 1706826871
WALL 21209554 1 0 1706826872
WALL 21209554 1 0 1706826873
WALL 21209554 1 0 1706826874
WALL 21209554 1 0 1706826875
WALL 21209554 1 0 1706826876
WALL 21209554 1 0 1706826877
WALL 21209554 1 0 1706826878
WALL 21209554 1 0 1706826879
WALL 21209554 1 0 1706826880
WALL 21209554 1 0 1706826881
WALL 21209554 1 0 1706826882
WALL 21209554 1 0 1706826883
WALL 21209554 1 0 1706826884
WALL 21209554 1 0 1706826885
WALL 21209554 1 0 1706826886
WALL 21209554 1 0 1706826887
WALL 21209554 1 0 1706826888
WALL 21209554 1 0 1706826889
WALL 21209554 1 0 1706826890
WALL 21209554 1 0 1706826891
WALL 21209554 1 0 1706826892
WALL 21209554 1 0 1706826893
WALL 21209554 1 0 1706826894
WALL 21209554 1 0 1706826895
WALL 21209554 1 0 1706826896
WALL 21209554 1 0 1706826897
WALL 21209554 1 0 1706826898
WALL 21209554 1 0 1706826899
WALL 21209554 1 0 1706826900
WALL 21209554 1 0 1706826901
WALL 21209554 1 0 1706826902
WALL 21209554 1 0 1706826903
WALL 21209554 1 0 1706826904
WALL 21209554 1 0 1706826905
WALL 21209554 1 0 1706826906
WALL 21209554 1 0 1706826907
WALL 21209554 1 0 1706826908
WALL 21209554 1 0 1706826909
WALL 21209554 1 0 1706826910
WALL 21209554 1 0 1706826911
WALL 21209554 1 0 1706826912
WALL 21209554 1 0 1706826913
WALL 21209554 1 0 1706826914
WALL 21209554 1 0 1706826915
WALL 21209554 1 0 1706826916
WALL 21209554 1 0 1706826917
WALL 21209554 1 0 1706826918
WALL 21209554 1 0 1706826919
WALL 21209554 1 0 1706826920
WALL 21209554 1 0 1706826921
WALL 21209554 1 0 1706826922
WALL 21209554 1 0 1706826923
WALL 21209554 1 0 1706826924
WALL 21209554 1 0 1706826925
WALL 21209554 1 0 1706826926
WALL 21209554 1 0 1706826927
WALL 21209554 1 0 1706826928
WALL 21209554 1 0 1706826929
WALL 21209554 1 0 1706826930
WALL 21209554 1 0 1706826931
WALL 21209554 1 0 1706826932
WALL 21209554 1 0 1706826933
WALL 21209554 1 0 1706826934
WALL 21209554 1 0 1706826935
WALL 21209554 1 0 1706826936
WALL 21209554 1 0 1706826937
WALL 21209554 1 0 1706826938
WALL 21209554 1 0 1706826939
WALL 21209554 1 0 1706826940
WALL 21209554 1 0 1706826941
WALL 21209554 1 0 1706826942
WALL 21209554 1 0 1706826943
WALL 21209554 1 0 1706826944
WALL 21209554 1 0 1706826945
WALL 21209554 1 0 1706826946
WALL 21209554 1 0 1706826947
WALL 21209554 1 0 1706826948
WALL 21209554 1 0 1706826949
WALL 21209554 1 0 1706826950
WALL 21209554 1 0 1706826951
WALL 21209554 1 0 1706826952
WALL 21209554 1 0 1706826953
WALL 21209554 1 0 1706826954
WALL 21209554 1 0 1706826955
WALL 21209554 1 0 1706826956
WALL 21209554 1 0 1706826957
WALL 21209554 1 0 1706826958
WALL 21209554 1 0 1706826959
WALL 21209554 1 0 1706826960
WALL 21209554 1 0 1706826961
WALL 21209554 1 0 1706826962
WALL 21209554 1 0 1706826963
WALL 21209554 1 0 1706826964
WALL 21209554 1 0 1706826965
WALL 21209554 1 0 1706826966
WALL 21209554 1 0 1706826967
WALL 21209554 1 0 1706826968
WALL 21209554 1 0 1706826969
WALL 21209554 1 0 1706826970
WALL 21209554 1 0 1706826971
WALL 21209554 1 0 1706826972
WALL 21209554 1 0 1706826973
WALL 21209554 1 0 1706826974
WALL 21209554 1 0 1706826975
WALL 21209554 1 0 1706826976
WALL 21209554 1 0 1706826977
WALL 21209554 1 0 1706826978
WALL 21209554 1 0 1706826979
WALL 21209554 1 0 1706826980
WALL 21209554 1 0 1706826981
WALL 21209554 1 0 1706826982
WALL 21209554 1 0 1706826983
WALL 21209554 1 0 1706826984
WALL 21209554 1 0 1706826985
WALL 21209554 1 0 1706826986
WALL 21209554 1 0 1706826987
WALL 21209554 1 0 1706826988
WALL 21209554 1 0 1706826989
WALL 21209554 1 0 1706826990
WALL 21209554 1 0 1706826991
WALL 21209554 1 0 1706826992
WALL 21209554 1 0 1706826993
WALL 21209554 1 0 1706826994
WALL 21209554 1 0 1706826995
WALL 21209554 1 0 1706826996
WALL 21209554 1 0 1706826997
WALL 21209554 1 0 1706826998
WALL 21209554 1 0 1706826999
WALL 21209554 1 0 1706827000
WALL 21209554 1 0 1706827001
WALL 21209554 1 0 1706827002
WALL 21209554 1 0 1706827003
WALL 21209554 1 0 1706827004
WALL 21209554 1 0 1706827005
WALL 21209554 1 0 1706827006
WALL 21209554 1 0 1706827007
WALL 21209554 1 0 1706827008
WALL 21209554 1 0 1706827009
WALL 21209554 1 0 1706827010
WALL 21209554 1 0 1706827011
WALL 21209554 1 0 1706827012
WALL 21209554 1 0 1706827013
WALL 21209554 1 0 1706827014
WALL 21209554 1 0 1706827015
WALL 21209554 1 0 1706827016
WALL 21209554 1 0 1706827017
WALL 21209554 1 0 1706827018
WALL 21209554 1 0 1706827019
WALL 21209554 1 0 1706827020
WALL 21209554 1 0 1706827021
WALL 21209554 1 0 1706827022
WALL 21209554 1 0 1706827023
WALL 21209554 1 0 1706827024
WALL 21209554 1 0 1706827025
WALL 21209554 1 0 1706827026
WALL 21209554 1 0 1706827027
WALL 21209554 1 0 1706827028
WALL 21209554 1 0 1706827029
WALL 21209554 1 0 1706827030
WALL 21209554 1 0 1706827031
WALL 21209554 1 0 1706827032
WALL 21209554 1 0 1706827033
WALL 21209554 1 0 1706827034
WALL 21209554 1 0 1706827035
WALL 21209554 1 0 1706827036
WALL 21209554 1 0 1706827037
WALL 21209554 1 0 1706827038
WALL 21209554 1 0 1706827039
WALL 21209554 1 0 1706827040
WALL 21209554 1 0 1706827041
WALL 21209554 1 0 1706827042
WALL 21209554 1 0 1706827043
WALL 21209554 1 0 1706827044
WALL 21209554 1 0 1706827045
WALL 21209554 1 0 1706827046
WALL 21209554 1 0 1706827047
WALL 21209554 1 0 1706827048
WALL 21209554 1 0 1706827049
WALL 21209554 1 0 1706827050
WALL 21209554 1 0 1706827051
WALL 21209554 1 0 1706827052
WALL 21209554 1 0 1706827053
WALL 21209554 1 0 1706827054
WALL 21209554 1 0 1706827055
WALL 21209554 1 0 1706827056
WALL 21209554 1 0 1706827057
WALL 21209554 1 0 1706827058
WALL 21209554 1 0 1706827059
WALL 21209554 1 0 1706827060
WALL 21209554 1 0 1706827061
WALL 21209554 1 0 1706827062
WALL 21209554 1 0 1706827063
WALL 21209554 1 0 1706827064
WALL 21209554 1 0 1706827065
WALL 21209554 1 0 1706827066
WALL 21209554 1 0 1706827067
WALL 21209554 1 0 1706827068
WALL 21209554 1 0 1706827069
WALL 21209554 1 0 1706827070
WALL 21209554 1 0 1706827071
WALL 21209554 1 0 1706827072
WALL 21209554 1 0 1706827073
WALL 21209554 1 0 1706827074
WALL 21209554 1 0 1706827075
WALL 21209554 1 0 1706827076
WALL 21209554 1 0 1706827077
WALL 21209554 1 0 1706827078
WALL 21209554 1 0 1706827079
WALL 21209554 1 0 1706827080
WALL 21209554 1 0 1706827081
WALL 21209554 1 0 1706827082
WALL 21209554 1 0 1706827083
WALL 21209554 1 0 1706827084
WALL 21209554 1 0 1706827085
WALL 21209554 1 0 1706827086
WALL 21209554 1 0 1706827087
WALL 21209554 1 0 1706827088
WALL 21209554 1 0 1706827089
WALL 21209554 1 0 1706827090
WALL 21209554 1 0 1706827091
WALL 21209554 1 0 1706827092
WALL 21209554 1 0 1706827093
WALL 21209554 1 0 1706827094
WALL 21209554 1 0 1706827095
WALL 21209554 1 0 1706827096
WALL 21209554 1 0 1706827097
WALL 21209554 1 0 1706827098
WALL 21209554 1 0 1706827099
WALL 21209554 1 0 1706827100
WALL 21209554 1 0 1706827101
WALL 21209554 1 0 1706827102
WALL 21209554 1 0 1706827103
WALL 21209554 1 0 1706827104
WALL 21209554 1 0 1706827105
WALL 21209554 1 0 1706827106
WALL 21209554 1 0 1706827107
WALL 21209554 1 0 1706827108
WALL 21209554 1 0 1706827109
WALL 21209554 1 0 1706827110
WALL 21209554 1 0 1706827111
WALL 21209554 1 0 1706827112
WALL 21209554 1 0 1706827113
WALL 21209554 1 0 1706827114
WALL 21209554 1 0 1706827115
WALL 21209554 1 0 1706827116
WALL 21209554 1 0 1706827117
WALL 21209554 1 0 1706827118
WALL 21209554 1 0 1706827119
WALL 21209554 1 0 1706827120
WALL 21209554 1 0 1706827121
WALL 21209554 1 0 1706827122
WALL 21209554 1 0 1706827123
WALL 21209554 1 0 1706827124
WALL 21209554 1 0 1706827125
WALL 21209554 1 0 1706827126
WALL 21209554 1 0 1706827127
WALL 21209554 1 0 1706827128
WALL 21209554 1 0 1706827129
WALL 21209554 1 0 1706827130
WALL 21209554 1 0 1706827131
WALL 21209554 1 0 1706827132
WALL 21209554 1 0 1706827133
WALL 21209554 1 0 1706827134
WALL 21209554 1 0 1706827135
WALL 21209554 1 0 1706827136
WALL 21209554 1 0 1706827137
WALL 21209554 1 0 1706827138
WALL 21209554 1 0 1706827139
WALL 21209554 1 0 1706827140
WALL 21209554 1 0 1706827141
WALL 21209554 1 0 1706827142
WALL 21209554 1 0 1706827143
WALL 21209554 1 0 1706827144
WALL 21209554 1 0 1706827145
WALL 21209554 1 0 1706827146
WALL 21209554 1 0 1706827147
WALL 21209554 1 0 1706827148
WALL 21209554 1 0 1706827149
WALL 21209554 1 0 1706827150
WALL 21209554 1 0 1706827151
WALL 21209554 1 0 1706827152
WALL 21209554 1 0 1706827153
WALL 21209554 1 0 1706827154
WALL 21209554 1 0 1706827155
WALL 21209554 1 0 1706827156
WALL 21209554 1 0 1706827157
WALL 21209554 1 0 1706827158
WALL 21209554 1 0 1706827159
WALL 21209554 1 0 1706827160
WALL 21209554 1 0 1706827161
WALL 21209554 1 0 1706827162
WALL 21209554 1 0 1706827163
WALL 21209554 1 0 1706827164
WALL 21209554 1 0 1706827165
WALL 21209554 1 0 1706827166
WALL 21209554 1 0 1706827167
WALL 21209554 1 0 1706827168
WALL 21209554 1 0 1706827169
WALL 21209554 1 0 1706827170
WALL 21209554 1 0 1706827171
WALL 21209554 1 0 1706827172
WALL 21209554 1 0 1706827173
WALL 21209554 1 0 1706827174
WALL 21209554 1 0 1706827175
slurmstepd: error: *** STEP 21209554.0 ON nid200003 CANCELLED AT 2024-02-01T22:39:36 ***
received SIGTERM 1706827176
WALL 21209554 1 0 1706827176
received SIGCONT 1706827176
WALL 21209554 1 0 1706827176
WALL 21209554 1 0 1706827177
WALL 21209554 1 0 1706827178
WALL 21209554 1 0 1706827179
WALL 21209554 1 0 1706827180
WALL 21209554 1 0 1706827181
WALL 21209554 1 0 1706827182
WALL 21209554 1 0 1706827183
WALL 21209554 1 0 1706827184
WALL 21209554 1 0 1706827185
WALL 21209554 1 0 1706827186
WALL 21209554 1 0 1706827187
WALL 21209554 1 0 1706827188
WALL 21209554 1 0 1706827189
WALL 21209554 1 0 1706827190
WALL 21209554 1 0 1706827191
WALL 21209554 1 0 1706827192
WALL 21209554 1 0 1706827193
WALL 21209554 1 0 1706827194
WALL 21209554 1 0 1706827195
WALL 21209554 1 0 1706827196
WALL 21209554 1 0 1706827197
WALL 21209554 1 0 1706827198
WALL 21209554 1 0 1706827199
WALL 21209554 1 0 1706827200
WALL 21209554 1 0 1706827201
WALL 21209554 1 0 1706827202
WALL 21209554 1 0 1706827203
WALL 21209554 1 0 1706827204
WALL 21209554 1 0 1706827205
WALL 21209554 1 0 1706827206
WALL 21209554 1 0 1706827207
WALL 21209554 1 0 1706827208
WALL 21209554 1 0 1706827209
WALL 21209554 1 0 1706827210
WALL 21209554 1 0 1706827211
WALL 21209554 1 0 1706827212
WALL 21209554 1 0 1706827213
WALL 21209554 1 0 1706827214
WALL 21209554 1 0 1706827215
WALL 21209554 1 0 1706827216
WALL 21209554 1 0 1706827217
WALL 21209554 1 0 1706827218
WALL 21209554 1 0 1706827219
WALL 21209554 1 0 1706827220
WALL 21209554 1 0 1706827221
WALL 21209554 1 0 1706827222
WALL 21209554 1 0 1706827223
WALL 21209554 1 0 1706827224
WALL 21209554 1 0 1706827225
WALL 21209554 1 0 1706827226
WALL 21209554 1 0 1706827227
WALL 21209554 1 0 1706827228
WALL 21209554 1 0 1706827229
WALL 21209554 1 0 1706827230
WALL 21209554 1 0 1706827231
WALL 21209554 1 0 1706827232
WALL 21209554 1 0 1706827233
WALL 21209554 1 0 1706827234
WALL 21209554 1 0 1706827235
WALL 21209554 1 0 1706827236
WALL 21209554 1 0 1706827237
WALL 21209554 1 0 1706827238
WALL 21209554 1 0 1706827239
WALL 21209554 1 0 1706827240
WALL 21209554 1 0 1706827241
WALL 21209554 1 0 1706827242
WALL 21209554 1 0 1706827243
WALL 21209554 1 0 1706827244
WALL 21209554 1 0 1706827245
WALL 21209554 1 0 1706827246
WALL 21209554 1 0 1706827247
WALL 21209554 1 0 1706827248
WALL 21209554 1 0 1706827249
slurmstepd: error: *** JOB 21209554 ON nid200003 CANCELLED AT 2024-02-01T22:40:49 DUE TO PREEMPTION ***
received SIGTERM 1706827249
WALL 21209554 1 0 1706827249
received SIGCONT 1706827249
WALL 21209554 1 0 1706827249
received SIGTERM 1706827249
WALL 21209554 1 0 1706827249
