WALL 21153713 1 0 1706742899
WALL 21153713 1 0 1706742900
WALL 21153713 1 0 1706742901
WALL 21153713 1 0 1706742902
WALL 21153713 1 0 1706742903
WALL 21153713 1 0 1706742904
WALL 21153713 1 0 1706742905
WALL 21153713 1 0 1706742906
WALL 21153713 1 0 1706742907
WALL 21153713 1 0 1706742908
WALL 21153713 1 0 1706742909
WALL 21153713 1 0 1706742910
WALL 21153713 1 0 1706742911
WALL 21153713 1 0 1706742912
WALL 21153713 1 0 1706742913
WALL 21153713 1 0 1706742914
WALL 21153713 1 0 1706742915
WALL 21153713 1 0 1706742916
WALL 21153713 1 0 1706742917
WALL 21153713 1 0 1706742918
WALL 21153713 1 0 1706742919
WALL 21153713 1 0 1706742920
WALL 21153713 1 0 1706742921
WALL 21153713 1 0 1706742922
WALL 21153713 1 0 1706742923
WALL 21153713 1 0 1706742924
WALL 21153713 1 0 1706742925
WALL 21153713 1 0 1706742926
WALL 21153713 1 0 1706742927
WALL 21153713 1 0 1706742928
WALL 21153713 1 0 1706742929
WALL 21153713 1 0 1706742930
WALL 21153713 1 0 1706742931
WALL 21153713 1 0 1706742932
WALL 21153713 1 0 1706742933
WALL 21153713 1 0 1706742934
WALL 21153713 1 0 1706742935
WALL 21153713 1 0 1706742936
WALL 21153713 1 0 1706742937
WALL 21153713 1 0 1706742938
WALL 21153713 1 0 1706742939
WALL 21153713 1 0 1706742940
WALL 21153713 1 0 1706742941
WALL 21153713 1 0 1706742942
WALL 21153713 1 0 1706742943
WALL 21153713 1 0 1706742944
WALL 21153713 1 0 1706742945
WALL 21153713 1 0 1706742946
WALL 21153713 1 0 1706742947
WALL 21153713 1 0 1706742948
WALL 21153713 1 0 1706742949
WALL 21153713 1 0 1706742950
slurmstepd: error: *** STEP 21153713.0 ON nid200030 CANCELLED AT 2024-01-31T23:15:50 ***
received SIGCONT 1706742950
WALL 21153713 1 0 1706742950
received SIGTERM 1706742950
WALL 21153713 1 0 1706742950
WALL 21153713 1 0 1706742951
WALL 21153713 1 0 1706742952
WALL 21153713 1 0 1706742953
WALL 21153713 1 0 1706742954
WALL 21153713 1 0 1706742955
WALL 21153713 1 0 1706742956
WALL 21153713 1 0 1706742957
WALL 21153713 1 0 1706742958
WALL 21153713 1 0 1706742959
WALL 21153713 1 0 1706742960
WALL 21153713 1 0 1706742961
WALL 21153713 1 0 1706742962
WALL 21153713 1 0 1706742963
WALL 21153713 1 0 1706742964
WALL 21153713 1 0 1706742965
WALL 21153713 1 0 1706742966
WALL 21153713 1 0 1706742967
WALL 21153713 1 0 1706742968
WALL 21153713 1 0 1706742969
WALL 21153713 1 0 1706742970
WALL 21153713 1 0 1706742971
WALL 21153713 1 0 1706742972
WALL 21153713 1 0 1706742973
WALL 21153713 1 0 1706742974
WALL 21153713 1 0 1706742975
WALL 21153713 1 0 1706742976
WALL 21153713 1 0 1706742977
WALL 21153713 1 0 1706742978
WALL 21153713 1 0 1706742979
WALL 21153713 1 0 1706742980
WALL 21153713 1 0 1706742981
WALL 21153713 1 0 1706742982
WALL 21153713 1 0 1706742983
WALL 21153713 1 0 1706742984
WALL 21153713 1 0 1706742985
WALL 21153713 1 0 1706742986
WALL 21153713 1 0 1706742987
WALL 21153713 1 0 1706742988
WALL 21153713 1 0 1706742989
WALL 21153713 1 0 1706742990
WALL 21153713 1 0 1706742991
WALL 21153713 1 0 1706742992
WALL 21153713 1 0 1706742993
WALL 21153713 1 0 1706742994
WALL 21153713 1 0 1706742995
WALL 21153713 1 0 1706742996
WALL 21153713 1 0 1706742997
WALL 21153713 1 0 1706742998
WALL 21153713 1 0 1706742999
WALL 21153713 1 0 1706743000
WALL 21153713 1 0 1706743001
WALL 21153713 1 0 1706743002
WALL 21153713 1 0 1706743003
WALL 21153713 1 0 1706743004
WALL 21153713 1 0 1706743005
WALL 21153713 1 0 1706743006
WALL 21153713 1 0 1706743007
WALL 21153713 1 0 1706743008
WALL 21153713 1 0 1706743009
WALL 21153713 1 0 1706743010
WALL 21153713 1 0 1706743011
WALL 21153713 1 0 1706743012
WALL 21153713 1 0 1706743013
WALL 21153713 1 0 1706743014
WALL 21153713 1 0 1706743015
WALL 21153713 1 0 1706743016
WALL 21153713 1 0 1706743017
WALL 21153713 1 0 1706743018
WALL 21153713 1 0 1706743019
WALL 21153713 1 0 1706743020
slurmstepd: error: *** JOB 21153713 ON nid200030 CANCELLED AT 2024-01-31T23:17:01 DUE TO PREEMPTION ***
received SIGTERM 1706743021
WALL 21153713 1 0 1706743021
received SIGCONT 1706743021
WALL 21153713 1 0 1706743021
received SIGTERM 1706743021
WALL 21153713 1 0 1706743021
