WALL 21207325 1 0 1706821211
WALL 21207325 1 0 1706821212
WALL 21207325 1 0 1706821213
WALL 21207325 1 0 1706821214
WALL 21207325 1 0 1706821215
WALL 21207325 1 0 1706821216
WALL 21207325 1 0 1706821217
WALL 21207325 1 0 1706821218
WALL 21207325 1 0 1706821219
WALL 21207325 1 0 1706821220
WALL 21207325 1 0 1706821221
WALL 21207325 1 0 1706821222
WALL 21207325 1 0 1706821223
WALL 21207325 1 0 1706821224
WALL 21207325 1 0 1706821225
WALL 21207325 1 0 1706821226
WALL 21207325 1 0 1706821227
WALL 21207325 1 0 1706821228
WALL 21207325 1 0 1706821229
WALL 21207325 1 0 1706821230
WALL 21207325 1 0 1706821231
WALL 21207325 1 0 1706821232
WALL 21207325 1 0 1706821233
WALL 21207325 1 0 1706821234
WALL 21207325 1 0 1706821235
WALL 21207325 1 0 1706821236
WALL 21207325 1 0 1706821237
WALL 21207325 1 0 1706821238
WALL 21207325 1 0 1706821239
WALL 21207325 1 0 1706821240
WALL 21207325 1 0 1706821241
WALL 21207325 1 0 1706821242
WALL 21207325 1 0 1706821243
WALL 21207325 1 0 1706821244
WALL 21207325 1 0 1706821245
WALL 21207325 1 0 1706821246
WALL 21207325 1 0 1706821247
WALL 21207325 1 0 1706821248
WALL 21207325 1 0 1706821249
WALL 21207325 1 0 1706821250
WALL 21207325 1 0 1706821251
WALL 21207325 1 0 1706821252
WALL 21207325 1 0 1706821253
WALL 21207325 1 0 1706821254
WALL 21207325 1 0 1706821255
WALL 21207325 1 0 1706821256
WALL 21207325 1 0 1706821257
WALL 21207325 1 0 1706821258
WALL 21207325 1 0 1706821259
WALL 21207325 1 0 1706821260
WALL 21207325 1 0 1706821261
WALL 21207325 1 0 1706821262
WALL 21207325 1 0 1706821263
WALL 21207325 1 0 1706821264
WALL 21207325 1 0 1706821265
WALL 21207325 1 0 1706821266
WALL 21207325 1 0 1706821267
WALL 21207325 1 0 1706821268
WALL 21207325 1 0 1706821269
WALL 21207325 1 0 1706821270
WALL 21207325 1 0 1706821271
WALL 21207325 1 0 1706821272
WALL 21207325 1 0 1706821273
WALL 21207325 1 0 1706821274
WALL 21207325 1 0 1706821275
WALL 21207325 1 0 1706821276
WALL 21207325 1 0 1706821277
WALL 21207325 1 0 1706821278
WALL 21207325 1 0 1706821279
WALL 21207325 1 0 1706821280
WALL 21207325 1 0 1706821281
WALL 21207325 1 0 1706821282
WALL 21207325 1 0 1706821283
WALL 21207325 1 0 1706821284
WALL 21207325 1 0 1706821285
WALL 21207325 1 0 1706821286
WALL 21207325 1 0 1706821287
WALL 21207325 1 0 1706821288
WALL 21207325 1 0 1706821289
WALL 21207325 1 0 1706821290
WALL 21207325 1 0 1706821291
WALL 21207325 1 0 1706821292
WALL 21207325 1 0 1706821293
WALL 21207325 1 0 1706821294
WALL 21207325 1 0 1706821295
WALL 21207325 1 0 1706821296
WALL 21207325 1 0 1706821297
WALL 21207325 1 0 1706821298
WALL 21207325 1 0 1706821299
WALL 21207325 1 0 1706821300
WALL 21207325 1 0 1706821301
WALL 21207325 1 0 1706821302
WALL 21207325 1 0 1706821303
WALL 21207325 1 0 1706821304
WALL 21207325 1 0 1706821305
WALL 21207325 1 0 1706821306
WALL 21207325 1 0 1706821307
WALL 21207325 1 0 1706821308
WALL 21207325 1 0 1706821309
WALL 21207325 1 0 1706821310
WALL 21207325 1 0 1706821311
WALL 21207325 1 0 1706821312
WALL 21207325 1 0 1706821313
WALL 21207325 1 0 1706821314
WALL 21207325 1 0 1706821315
WALL 21207325 1 0 1706821316
WALL 21207325 1 0 1706821317
WALL 21207325 1 0 1706821318
WALL 21207325 1 0 1706821319
WALL 21207325 1 0 1706821320
WALL 21207325 1 0 1706821321
WALL 21207325 1 0 1706821322
WALL 21207325 1 0 1706821323
WALL 21207325 1 0 1706821324
WALL 21207325 1 0 1706821325
WALL 21207325 1 0 1706821326
WALL 21207325 1 0 1706821327
WALL 21207325 1 0 1706821328
WALL 21207325 1 0 1706821329
WALL 21207325 1 0 1706821330
WALL 21207325 1 0 1706821331
WALL 21207325 1 0 1706821332
WALL 21207325 1 0 1706821333
WALL 21207325 1 0 1706821334
WALL 21207325 1 0 1706821335
WALL 21207325 1 0 1706821336
WALL 21207325 1 0 1706821337
WALL 21207325 1 0 1706821338
WALL 21207325 1 0 1706821339
WALL 21207325 1 0 1706821340
WALL 21207325 1 0 1706821341
WALL 21207325 1 0 1706821342
WALL 21207325 1 0 1706821343
WALL 21207325 1 0 1706821344
WALL 21207325 1 0 1706821345
WALL 21207325 1 0 1706821346
WALL 21207325 1 0 1706821347
WALL 21207325 1 0 1706821348
WALL 21207325 1 0 1706821349
WALL 21207325 1 0 1706821350
WALL 21207325 1 0 1706821351
WALL 21207325 1 0 1706821352
WALL 21207325 1 0 1706821353
WALL 21207325 1 0 1706821354
WALL 21207325 1 0 1706821355
WALL 21207325 1 0 1706821356
WALL 21207325 1 0 1706821357
WALL 21207325 1 0 1706821359
WALL 21207325 1 0 1706821360
WALL 21207325 1 0 1706821361
WALL 21207325 1 0 1706821362
WALL 21207325 1 0 1706821363
WALL 21207325 1 0 1706821364
WALL 21207325 1 0 1706821365
WALL 21207325 1 0 1706821366
WALL 21207325 1 0 1706821367
WALL 21207325 1 0 1706821368
WALL 21207325 1 0 1706821369
WALL 21207325 1 0 1706821370
WALL 21207325 1 0 1706821371
WALL 21207325 1 0 1706821372
WALL 21207325 1 0 1706821373
WALL 21207325 1 0 1706821374
WALL 21207325 1 0 1706821375
WALL 21207325 1 0 1706821376
WALL 21207325 1 0 1706821377
WALL 21207325 1 0 1706821378
WALL 21207325 1 0 1706821379
WALL 21207325 1 0 1706821380
WALL 21207325 1 0 1706821381
WALL 21207325 1 0 1706821382
WALL 21207325 1 0 1706821383
WALL 21207325 1 0 1706821384
WALL 21207325 1 0 1706821385
WALL 21207325 1 0 1706821386
WALL 21207325 1 0 1706821387
WALL 21207325 1 0 1706821388
WALL 21207325 1 0 1706821389
WALL 21207325 1 0 1706821390
WALL 21207325 1 0 1706821391
WALL 21207325 1 0 1706821392
WALL 21207325 1 0 1706821393
WALL 21207325 1 0 1706821394
WALL 21207325 1 0 1706821395
WALL 21207325 1 0 1706821396
WALL 21207325 1 0 1706821397
WALL 21207325 1 0 1706821398
WALL 21207325 1 0 1706821399
WALL 21207325 1 0 1706821400
WALL 21207325 1 0 1706821401
WALL 21207325 1 0 1706821402
WALL 21207325 1 0 1706821403
WALL 21207325 1 0 1706821404
WALL 21207325 1 0 1706821405
WALL 21207325 1 0 1706821406
WALL 21207325 1 0 1706821407
WALL 21207325 1 0 1706821408
WALL 21207325 1 0 1706821409
WALL 21207325 1 0 1706821410
WALL 21207325 1 0 1706821411
WALL 21207325 1 0 1706821412
WALL 21207325 1 0 1706821413
WALL 21207325 1 0 1706821414
WALL 21207325 1 0 1706821415
WALL 21207325 1 0 1706821416
WALL 21207325 1 0 1706821417
WALL 21207325 1 0 1706821418
WALL 21207325 1 0 1706821419
WALL 21207325 1 0 1706821420
WALL 21207325 1 0 1706821421
WALL 21207325 1 0 1706821422
WALL 21207325 1 0 1706821423
WALL 21207325 1 0 1706821424
WALL 21207325 1 0 1706821425
WALL 21207325 1 0 1706821426
WALL 21207325 1 0 1706821427
WALL 21207325 1 0 1706821428
WALL 21207325 1 0 1706821429
WALL 21207325 1 0 1706821430
WALL 21207325 1 0 1706821431
WALL 21207325 1 0 1706821432
WALL 21207325 1 0 1706821433
WALL 21207325 1 0 1706821434
WALL 21207325 1 0 1706821435
WALL 21207325 1 0 1706821436
WALL 21207325 1 0 1706821437
WALL 21207325 1 0 1706821438
WALL 21207325 1 0 1706821439
WALL 21207325 1 0 1706821440
WALL 21207325 1 0 1706821441
WALL 21207325 1 0 1706821442
WALL 21207325 1 0 1706821443
WALL 21207325 1 0 1706821444
WALL 21207325 1 0 1706821445
WALL 21207325 1 0 1706821446
WALL 21207325 1 0 1706821447
WALL 21207325 1 0 1706821448
WALL 21207325 1 0 1706821449
WALL 21207325 1 0 1706821450
WALL 21207325 1 0 1706821451
WALL 21207325 1 0 1706821452
WALL 21207325 1 0 1706821453
WALL 21207325 1 0 1706821454
WALL 21207325 1 0 1706821455
WALL 21207325 1 0 1706821456
WALL 21207325 1 0 1706821457
WALL 21207325 1 0 1706821458
WALL 21207325 1 0 1706821459
WALL 21207325 1 0 1706821460
WALL 21207325 1 0 1706821461
WALL 21207325 1 0 1706821462
WALL 21207325 1 0 1706821463
WALL 21207325 1 0 1706821464
WALL 21207325 1 0 1706821465
WALL 21207325 1 0 1706821466
WALL 21207325 1 0 1706821467
WALL 21207325 1 0 1706821468
WALL 21207325 1 0 1706821469
WALL 21207325 1 0 1706821470
WALL 21207325 1 0 1706821471
WALL 21207325 1 0 1706821472
WALL 21207325 1 0 1706821473
WALL 21207325 1 0 1706821474
WALL 21207325 1 0 1706821475
WALL 21207325 1 0 1706821476
WALL 21207325 1 0 1706821477
WALL 21207325 1 0 1706821478
WALL 21207325 1 0 1706821479
WALL 21207325 1 0 1706821480
WALL 21207325 1 0 1706821481
WALL 21207325 1 0 1706821482
WALL 21207325 1 0 1706821483
WALL 21207325 1 0 1706821484
WALL 21207325 1 0 1706821485
WALL 21207325 1 0 1706821486
WALL 21207325 1 0 1706821487
WALL 21207325 1 0 1706821488
WALL 21207325 1 0 1706821489
WALL 21207325 1 0 1706821490
WALL 21207325 1 0 1706821491
WALL 21207325 1 0 1706821492
WALL 21207325 1 0 1706821493
WALL 21207325 1 0 1706821494
WALL 21207325 1 0 1706821495
WALL 21207325 1 0 1706821496
WALL 21207325 1 0 1706821497
WALL 21207325 1 0 1706821498
WALL 21207325 1 0 1706821499
WALL 21207325 1 0 1706821500
WALL 21207325 1 0 1706821501
WALL 21207325 1 0 1706821502
WALL 21207325 1 0 1706821503
WALL 21207325 1 0 1706821504
WALL 21207325 1 0 1706821505
WALL 21207325 1 0 1706821506
WALL 21207325 1 0 1706821507
WALL 21207325 1 0 1706821508
WALL 21207325 1 0 1706821509
WALL 21207325 1 0 1706821510
WALL 21207325 1 0 1706821511
WALL 21207325 1 0 1706821512
WALL 21207325 1 0 1706821513
WALL 21207325 1 0 1706821514
WALL 21207325 1 0 1706821515
WALL 21207325 1 0 1706821516
WALL 21207325 1 0 1706821517
WALL 21207325 1 0 1706821518
WALL 21207325 1 0 1706821519
WALL 21207325 1 0 1706821520
WALL 21207325 1 0 1706821521
WALL 21207325 1 0 1706821522
WALL 21207325 1 0 1706821523
WALL 21207325 1 0 1706821524
WALL 21207325 1 0 1706821525
WALL 21207325 1 0 1706821526
WALL 21207325 1 0 1706821527
WALL 21207325 1 0 1706821528
WALL 21207325 1 0 1706821529
WALL 21207325 1 0 1706821530
WALL 21207325 1 0 1706821531
WALL 21207325 1 0 1706821532
WALL 21207325 1 0 1706821533
WALL 21207325 1 0 1706821534
WALL 21207325 1 0 1706821535
WALL 21207325 1 0 1706821536
WALL 21207325 1 0 1706821537
WALL 21207325 1 0 1706821538
WALL 21207325 1 0 1706821539
WALL 21207325 1 0 1706821540
WALL 21207325 1 0 1706821541
WALL 21207325 1 0 1706821542
WALL 21207325 1 0 1706821543
WALL 21207325 1 0 1706821544
WALL 21207325 1 0 1706821545
WALL 21207325 1 0 1706821546
WALL 21207325 1 0 1706821547
WALL 21207325 1 0 1706821548
WALL 21207325 1 0 1706821549
WALL 21207325 1 0 1706821550
WALL 21207325 1 0 1706821551
WALL 21207325 1 0 1706821552
WALL 21207325 1 0 1706821553
WALL 21207325 1 0 1706821554
WALL 21207325 1 0 1706821555
WALL 21207325 1 0 1706821556
WALL 21207325 1 0 1706821557
slurmstepd: error: *** STEP 21207325.0 ON nid200059 CANCELLED AT 2024-02-01T21:05:57 ***
received SIGTERM 1706821557
WALL 21207325 1 0 1706821557
received SIGCONT 1706821557
WALL 21207325 1 0 1706821557
WALL 21207325 1 0 1706821558
WALL 21207325 1 0 1706821559
WALL 21207325 1 0 1706821560
WALL 21207325 1 0 1706821561
WALL 21207325 1 0 1706821562
WALL 21207325 1 0 1706821563
WALL 21207325 1 0 1706821564
WALL 21207325 1 0 1706821565
WALL 21207325 1 0 1706821566
WALL 21207325 1 0 1706821567
WALL 21207325 1 0 1706821568
WALL 21207325 1 0 1706821569
WALL 21207325 1 0 1706821570
WALL 21207325 1 0 1706821571
WALL 21207325 1 0 1706821572
WALL 21207325 1 0 1706821573
WALL 21207325 1 0 1706821574
WALL 21207325 1 0 1706821575
WALL 21207325 1 0 1706821576
WALL 21207325 1 0 1706821577
WALL 21207325 1 0 1706821578
WALL 21207325 1 0 1706821579
WALL 21207325 1 0 1706821580
WALL 21207325 1 0 1706821581
WALL 21207325 1 0 1706821582
WALL 21207325 1 0 1706821583
WALL 21207325 1 0 1706821584
WALL 21207325 1 0 1706821585
WALL 21207325 1 0 1706821586
WALL 21207325 1 0 1706821587
WALL 21207325 1 0 1706821588
WALL 21207325 1 0 1706821589
WALL 21207325 1 0 1706821590
WALL 21207325 1 0 1706821591
WALL 21207325 1 0 1706821592
WALL 21207325 1 0 1706821593
WALL 21207325 1 0 1706821594
WALL 21207325 1 0 1706821595
WALL 21207325 1 0 1706821596
WALL 21207325 1 0 1706821597
WALL 21207325 1 0 1706821598
WALL 21207325 1 0 1706821599
WALL 21207325 1 0 1706821600
WALL 21207325 1 0 1706821601
WALL 21207325 1 0 1706821602
WALL 21207325 1 0 1706821603
WALL 21207325 1 0 1706821604
WALL 21207325 1 0 1706821605
WALL 21207325 1 0 1706821606
WALL 21207325 1 0 1706821607
WALL 21207325 1 0 1706821608
WALL 21207325 1 0 1706821609
WALL 21207325 1 0 1706821610
WALL 21207325 1 0 1706821611
WALL 21207325 1 0 1706821612
WALL 21207325 1 0 1706821613
WALL 21207325 1 0 1706821614
WALL 21207325 1 0 1706821615
WALL 21207325 1 0 1706821616
WALL 21207325 1 0 1706821617
WALL 21207325 1 0 1706821618
WALL 21207325 1 0 1706821619
WALL 21207325 1 0 1706821620
WALL 21207325 1 0 1706821621
WALL 21207325 1 0 1706821622
WALL 21207325 1 0 1706821623
WALL 21207325 1 0 1706821624
WALL 21207325 1 0 1706821625
WALL 21207325 1 0 1706821626
WALL 21207325 1 0 1706821627
WALL 21207325 1 0 1706821628
WALL 21207325 1 0 1706821629
WALL 21207325 1 0 1706821630
WALL 21207325 1 0 1706821631
WALL 21207325 1 0 1706821632
WALL 21207325 1 0 1706821633
WALL 21207325 1 0 1706821634
WALL 21207325 1 0 1706821635
WALL 21207325 1 0 1706821636
WALL 21207325 1 0 1706821637
WALL 21207325 1 0 1706821638
WALL 21207325 1 0 1706821639
WALL 21207325 1 0 1706821640
slurmstepd: error: *** JOB 21207325 ON nid200059 CANCELLED AT 2024-02-01T21:07:21 DUE TO PREEMPTION ***
received SIGTERM 1706821641
WALL 21207325 1 0 1706821641
received SIGCONT 1706821641
WALL 21207325 1 0 1706821641
received SIGTERM 1706821641
WALL 21207325 1 0 1706821641
