WALL 21153756 1 0 1706743509
WALL 21153756 1 0 1706743510
WALL 21153756 1 0 1706743511
WALL 21153756 1 0 1706743512
WALL 21153756 1 0 1706743513
WALL 21153756 1 0 1706743514
WALL 21153756 1 0 1706743515
WALL 21153756 1 0 1706743516
WALL 21153756 1 0 1706743517
WALL 21153756 1 0 1706743518
WALL 21153756 1 0 1706743519
WALL 21153756 1 0 1706743520
WALL 21153756 1 0 1706743521
WALL 21153756 1 0 1706743522
WALL 21153756 1 0 1706743523
WALL 21153756 1 0 1706743524
WALL 21153756 1 0 1706743525
WALL 21153756 1 0 1706743526
WALL 21153756 1 0 1706743527
WALL 21153756 1 0 1706743528
WALL 21153756 1 0 1706743529
WALL 21153756 1 0 1706743530
WALL 21153756 1 0 1706743531
WALL 21153756 1 0 1706743532
WALL 21153756 1 0 1706743533
WALL 21153756 1 0 1706743534
WALL 21153756 1 0 1706743535
WALL 21153756 1 0 1706743536
WALL 21153756 1 0 1706743537
WALL 21153756 1 0 1706743538
WALL 21153756 1 0 1706743539
WALL 21153756 1 0 1706743540
WALL 21153756 1 0 1706743541
WALL 21153756 1 0 1706743542
WALL 21153756 1 0 1706743543
WALL 21153756 1 0 1706743544
WALL 21153756 1 0 1706743545
WALL 21153756 1 0 1706743546
WALL 21153756 1 0 1706743547
WALL 21153756 1 0 1706743548
WALL 21153756 1 0 1706743549
WALL 21153756 1 0 1706743550
WALL 21153756 1 0 1706743551
WALL 21153756 1 0 1706743552
WALL 21153756 1 0 1706743553
WALL 21153756 1 0 1706743554
WALL 21153756 1 0 1706743555
WALL 21153756 1 0 1706743556
WALL 21153756 1 0 1706743557
WALL 21153756 1 0 1706743558
WALL 21153756 1 0 1706743559
WALL 21153756 1 0 1706743560
WALL 21153756 1 0 1706743561
WALL 21153756 1 0 1706743562
WALL 21153756 1 0 1706743563
WALL 21153756 1 0 1706743564
WALL 21153756 1 0 1706743565
WALL 21153756 1 0 1706743566
WALL 21153756 1 0 1706743567
WALL 21153756 1 0 1706743568
WALL 21153756 1 0 1706743569
WALL 21153756 1 0 1706743570
WALL 21153756 1 0 1706743571
WALL 21153756 1 0 1706743572
WALL 21153756 1 0 1706743573
WALL 21153756 1 0 1706743574
WALL 21153756 1 0 1706743575
WALL 21153756 1 0 1706743576
WALL 21153756 1 0 1706743577
WALL 21153756 1 0 1706743578
WALL 21153756 1 0 1706743579
WALL 21153756 1 0 1706743580
WALL 21153756 1 0 1706743581
WALL 21153756 1 0 1706743582
WALL 21153756 1 0 1706743583
WALL 21153756 1 0 1706743584
WALL 21153756 1 0 1706743585
WALL 21153756 1 0 1706743586
WALL 21153756 1 0 1706743587
WALL 21153756 1 0 1706743588
WALL 21153756 1 0 1706743589
WALL 21153756 1 0 1706743590
WALL 21153756 1 0 1706743591
WALL 21153756 1 0 1706743592
WALL 21153756 1 0 1706743593
WALL 21153756 1 0 1706743594
WALL 21153756 1 0 1706743595
WALL 21153756 1 0 1706743596
WALL 21153756 1 0 1706743597
WALL 21153756 1 0 1706743598
WALL 21153756 1 0 1706743599
WALL 21153756 1 0 1706743600
WALL 21153756 1 0 1706743601
WALL 21153756 1 0 1706743602
WALL 21153756 1 0 1706743603
WALL 21153756 1 0 1706743604
WALL 21153756 1 0 1706743605
WALL 21153756 1 0 1706743606
WALL 21153756 1 0 1706743607
WALL 21153756 1 0 1706743608
WALL 21153756 1 0 1706743609
WALL 21153756 1 0 1706743610
WALL 21153756 1 0 1706743611
WALL 21153756 1 0 1706743612
WALL 21153756 1 0 1706743613
WALL 21153756 1 0 1706743614
WALL 21153756 1 0 1706743615
WALL 21153756 1 0 1706743616
WALL 21153756 1 0 1706743617
WALL 21153756 1 0 1706743618
WALL 21153756 1 0 1706743619
WALL 21153756 1 0 1706743620
WALL 21153756 1 0 1706743621
WALL 21153756 1 0 1706743622
WALL 21153756 1 0 1706743623
WALL 21153756 1 0 1706743624
WALL 21153756 1 0 1706743625
WALL 21153756 1 0 1706743626
WALL 21153756 1 0 1706743627
WALL 21153756 1 0 1706743628
WALL 21153756 1 0 1706743629
WALL 21153756 1 0 1706743630
WALL 21153756 1 0 1706743631
WALL 21153756 1 0 1706743632
WALL 21153756 1 0 1706743633
WALL 21153756 1 0 1706743634
WALL 21153756 1 0 1706743635
WALL 21153756 1 0 1706743636
WALL 21153756 1 0 1706743637
WALL 21153756 1 0 1706743638
WALL 21153756 1 0 1706743639
WALL 21153756 1 0 1706743640
WALL 21153756 1 0 1706743641
WALL 21153756 1 0 1706743642
WALL 21153756 1 0 1706743643
WALL 21153756 1 0 1706743644
WALL 21153756 1 0 1706743645
WALL 21153756 1 0 1706743646
slurmstepd: error: *** STEP 21153756.0 ON nid200026 CANCELLED AT 2024-01-31T23:27:26 ***
received SIGTERM 1706743646
WALL 21153756 1 0 1706743646
received SIGCONT 1706743646
WALL 21153756 1 0 1706743646
WALL 21153756 1 0 1706743647
WALL 21153756 1 0 1706743648
WALL 21153756 1 0 1706743649
WALL 21153756 1 0 1706743650
WALL 21153756 1 0 1706743651
WALL 21153756 1 0 1706743652
WALL 21153756 1 0 1706743653
WALL 21153756 1 0 1706743654
WALL 21153756 1 0 1706743655
WALL 21153756 1 0 1706743656
WALL 21153756 1 0 1706743657
WALL 21153756 1 0 1706743658
WALL 21153756 1 0 1706743659
WALL 21153756 1 0 1706743660
WALL 21153756 1 0 1706743661
WALL 21153756 1 0 1706743662
WALL 21153756 1 0 1706743663
WALL 21153756 1 0 1706743664
WALL 21153756 1 0 1706743665
WALL 21153756 1 0 1706743666
WALL 21153756 1 0 1706743667
WALL 21153756 1 0 1706743668
WALL 21153756 1 0 1706743669
WALL 21153756 1 0 1706743670
WALL 21153756 1 0 1706743671
WALL 21153756 1 0 1706743672
WALL 21153756 1 0 1706743673
WALL 21153756 1 0 1706743674
WALL 21153756 1 0 1706743675
WALL 21153756 1 0 1706743676
WALL 21153756 1 0 1706743677
WALL 21153756 1 0 1706743678
WALL 21153756 1 0 1706743679
WALL 21153756 1 0 1706743680
WALL 21153756 1 0 1706743681
WALL 21153756 1 0 1706743682
WALL 21153756 1 0 1706743683
WALL 21153756 1 0 1706743684
WALL 21153756 1 0 1706743685
WALL 21153756 1 0 1706743686
WALL 21153756 1 0 1706743687
WALL 21153756 1 0 1706743688
WALL 21153756 1 0 1706743689
WALL 21153756 1 0 1706743690
WALL 21153756 1 0 1706743691
WALL 21153756 1 0 1706743692
WALL 21153756 1 0 1706743693
WALL 21153756 1 0 1706743694
WALL 21153756 1 0 1706743695
WALL 21153756 1 0 1706743696
WALL 21153756 1 0 1706743697
WALL 21153756 1 0 1706743698
WALL 21153756 1 0 1706743699
WALL 21153756 1 0 1706743700
WALL 21153756 1 0 1706743701
WALL 21153756 1 0 1706743702
WALL 21153756 1 0 1706743703
WALL 21153756 1 0 1706743704
WALL 21153756 1 0 1706743705
WALL 21153756 1 0 1706743706
WALL 21153756 1 0 1706743707
WALL 21153756 1 0 1706743708
WALL 21153756 1 0 1706743709
WALL 21153756 1 0 1706743710
WALL 21153756 1 0 1706743711
WALL 21153756 1 0 1706743712
WALL 21153756 1 0 1706743713
WALL 21153756 1 0 1706743714
WALL 21153756 1 0 1706743715
WALL 21153756 1 0 1706743716
WALL 21153756 1 0 1706743717
WALL 21153756 1 0 1706743718
WALL 21153756 1 0 1706743719
WALL 21153756 1 0 1706743720
WALL 21153756 1 0 1706743721
WALL 21153756 1 0 1706743722
WALL 21153756 1 0 1706743723
WALL 21153756 1 0 1706743724
WALL 21153756 1 0 1706743725
WALL 21153756 1 0 1706743726
WALL 21153756 1 0 1706743727
WALL 21153756 1 0 1706743728
WALL 21153756 1 0 1706743729
WALL 21153756 1 0 1706743730
WALL 21153756 1 0 1706743731
WALL 21153756 1 0 1706743732
WALL 21153756 1 0 1706743733
slurmstepd: error: *** JOB 21153756 ON nid200026 CANCELLED AT 2024-01-31T23:28:54 DUE TO PREEMPTION ***
received SIGTERM 1706743734
WALL 21153756 1 0 1706743734
received SIGCONT 1706743734
WALL 21153756 1 0 1706743734
received SIGTERM 1706743734
WALL 21153756 1 0 1706743734
