WALL 21155122 1 0 1706746378
WALL 21155122 1 0 1706746379
WALL 21155122 1 0 1706746380
WALL 21155122 1 0 1706746381
WALL 21155122 1 0 1706746382
WALL 21155122 1 0 1706746383
WALL 21155122 1 0 1706746384
WALL 21155122 1 0 1706746385
WALL 21155122 1 0 1706746386
WALL 21155122 1 0 1706746387
WALL 21155122 1 0 1706746388
WALL 21155122 1 0 1706746389
WALL 21155122 1 0 1706746390
WALL 21155122 1 0 1706746391
WALL 21155122 1 0 1706746392
WALL 21155122 1 0 1706746393
WALL 21155122 1 0 1706746394
WALL 21155122 1 0 1706746395
WALL 21155122 1 0 1706746396
WALL 21155122 1 0 1706746397
WALL 21155122 1 0 1706746398
WALL 21155122 1 0 1706746399
WALL 21155122 1 0 1706746400
WALL 21155122 1 0 1706746401
WALL 21155122 1 0 1706746402
WALL 21155122 1 0 1706746403
WALL 21155122 1 0 1706746404
WALL 21155122 1 0 1706746405
WALL 21155122 1 0 1706746406
WALL 21155122 1 0 1706746407
WALL 21155122 1 0 1706746408
WALL 21155122 1 0 1706746409
WALL 21155122 1 0 1706746410
WALL 21155122 1 0 1706746411
WALL 21155122 1 0 1706746412
WALL 21155122 1 0 1706746413
WALL 21155122 1 0 1706746414
WALL 21155122 1 0 1706746415
WALL 21155122 1 0 1706746416
WALL 21155122 1 0 1706746417
WALL 21155122 1 0 1706746418
WALL 21155122 1 0 1706746419
WALL 21155122 1 0 1706746420
WALL 21155122 1 0 1706746421
WALL 21155122 1 0 1706746422
WALL 21155122 1 0 1706746423
WALL 21155122 1 0 1706746424
WALL 21155122 1 0 1706746425
WALL 21155122 1 0 1706746426
WALL 21155122 1 0 1706746427
WALL 21155122 1 0 1706746428
WALL 21155122 1 0 1706746429
WALL 21155122 1 0 1706746430
WALL 21155122 1 0 1706746431
WALL 21155122 1 0 1706746432
WALL 21155122 1 0 1706746433
WALL 21155122 1 0 1706746434
WALL 21155122 1 0 1706746435
WALL 21155122 1 0 1706746436
WALL 21155122 1 0 1706746437
WALL 21155122 1 0 1706746438
WALL 21155122 1 0 1706746439
WALL 21155122 1 0 1706746440
WALL 21155122 1 0 1706746441
WALL 21155122 1 0 1706746442
WALL 21155122 1 0 1706746443
WALL 21155122 1 0 1706746444
WALL 21155122 1 0 1706746445
WALL 21155122 1 0 1706746446
WALL 21155122 1 0 1706746447
WALL 21155122 1 0 1706746448
WALL 21155122 1 0 1706746449
WALL 21155122 1 0 1706746450
WALL 21155122 1 0 1706746451
WALL 21155122 1 0 1706746452
WALL 21155122 1 0 1706746453
WALL 21155122 1 0 1706746454
WALL 21155122 1 0 1706746455
WALL 21155122 1 0 1706746456
WALL 21155122 1 0 1706746457
WALL 21155122 1 0 1706746458
WALL 21155122 1 0 1706746459
WALL 21155122 1 0 1706746460
WALL 21155122 1 0 1706746461
WALL 21155122 1 0 1706746462
WALL 21155122 1 0 1706746463
WALL 21155122 1 0 1706746464
WALL 21155122 1 0 1706746465
WALL 21155122 1 0 1706746466
received SIGCONT 1706746467
WALL 21155122 1 0 1706746467
slurmstepd: error: *** STEP 21155122.0 ON nid200001 CANCELLED AT 2024-02-01T00:14:27 ***
received SIGTERM 1706746467
WALL 21155122 1 0 1706746467
WALL 21155122 1 0 1706746468
WALL 21155122 1 0 1706746469
WALL 21155122 1 0 1706746470
WALL 21155122 1 0 1706746471
WALL 21155122 1 0 1706746472
WALL 21155122 1 0 1706746473
WALL 21155122 1 0 1706746474
WALL 21155122 1 0 1706746475
WALL 21155122 1 0 1706746476
WALL 21155122 1 0 1706746477
WALL 21155122 1 0 1706746478
WALL 21155122 1 0 1706746479
WALL 21155122 1 0 1706746480
WALL 21155122 1 0 1706746481
WALL 21155122 1 0 1706746482
WALL 21155122 1 0 1706746483
WALL 21155122 1 0 1706746484
WALL 21155122 1 0 1706746485
WALL 21155122 1 0 1706746486
WALL 21155122 1 0 1706746487
WALL 21155122 1 0 1706746488
WALL 21155122 1 0 1706746489
WALL 21155122 1 0 1706746490
WALL 21155122 1 0 1706746491
WALL 21155122 1 0 1706746492
WALL 21155122 1 0 1706746493
WALL 21155122 1 0 1706746494
WALL 21155122 1 0 1706746495
WALL 21155122 1 0 1706746496
WALL 21155122 1 0 1706746497
WALL 21155122 1 0 1706746498
WALL 21155122 1 0 1706746499
WALL 21155122 1 0 1706746500
WALL 21155122 1 0 1706746501
WALL 21155122 1 0 1706746502
WALL 21155122 1 0 1706746503
WALL 21155122 1 0 1706746504
WALL 21155122 1 0 1706746505
WALL 21155122 1 0 1706746506
WALL 21155122 1 0 1706746507
WALL 21155122 1 0 1706746508
WALL 21155122 1 0 1706746509
WALL 21155122 1 0 1706746510
WALL 21155122 1 0 1706746511
WALL 21155122 1 0 1706746512
WALL 21155122 1 0 1706746513
WALL 21155122 1 0 1706746514
WALL 21155122 1 0 1706746515
WALL 21155122 1 0 1706746516
WALL 21155122 1 0 1706746517
WALL 21155122 1 0 1706746518
WALL 21155122 1 0 1706746519
WALL 21155122 1 0 1706746520
WALL 21155122 1 0 1706746521
WALL 21155122 1 0 1706746522
WALL 21155122 1 0 1706746523
WALL 21155122 1 0 1706746524
WALL 21155122 1 0 1706746525
WALL 21155122 1 0 1706746526
WALL 21155122 1 0 1706746527
WALL 21155122 1 0 1706746528
WALL 21155122 1 0 1706746529
WALL 21155122 1 0 1706746530
WALL 21155122 1 0 1706746531
WALL 21155122 1 0 1706746532
WALL 21155122 1 0 1706746533
WALL 21155122 1 0 1706746534
WALL 21155122 1 0 1706746535
WALL 21155122 1 0 1706746536
WALL 21155122 1 0 1706746537
WALL 21155122 1 0 1706746538
WALL 21155122 1 0 1706746539
WALL 21155122 1 0 1706746540
WALL 21155122 1 0 1706746541
WALL 21155122 1 0 1706746542
WALL 21155122 1 0 1706746543
WALL 21155122 1 0 1706746544
WALL 21155122 1 0 1706746545
WALL 21155122 1 0 1706746546
WALL 21155122 1 0 1706746547
WALL 21155122 1 0 1706746548
WALL 21155122 1 0 1706746549
WALL 21155122 1 0 1706746550
WALL 21155122 1 0 1706746551
WALL 21155122 1 0 1706746552
WALL 21155122 1 0 1706746553
WALL 21155122 1 0 1706746554
WALL 21155122 1 0 1706746555
WALL 21155122 1 0 1706746556
WALL 21155122 1 0 1706746557
WALL 21155122 1 0 1706746558
WALL 21155122 1 0 1706746559
WALL 21155122 1 0 1706746560
WALL 21155122 1 0 1706746561
slurmstepd: error: *** JOB 21155122 ON nid200001 CANCELLED AT 2024-02-01T00:16:02 DUE TO PREEMPTION ***
received SIGTERM 1706746562
WALL 21155122 1 0 1706746562
received SIGCONT 1706746562
WALL 21155122 1 0 1706746562
received SIGTERM 1706746562
WALL 21155122 1 0 1706746562
