srun: warning: can't run 1 processes on 8 nodes, setting nnodes to 1
WALL 21208196 1 0 1706822636
WALL 21208196 1 0 1706822637
WALL 21208196 1 0 1706822638
WALL 21208196 1 0 1706822639
WALL 21208196 1 0 1706822640
WALL 21208196 1 0 1706822641
WALL 21208196 1 0 1706822642
WALL 21208196 1 0 1706822643
WALL 21208196 1 0 1706822644
WALL 21208196 1 0 1706822645
WALL 21208196 1 0 1706822646
WALL 21208196 1 0 1706822647
WALL 21208196 1 0 1706822648
WALL 21208196 1 0 1706822649
WALL 21208196 1 0 1706822650
WALL 21208196 1 0 1706822651
WALL 21208196 1 0 1706822652
WALL 21208196 1 0 1706822653
WALL 21208196 1 0 1706822654
WALL 21208196 1 0 1706822655
WALL 21208196 1 0 1706822656
WALL 21208196 1 0 1706822657
WALL 21208196 1 0 1706822658
WALL 21208196 1 0 1706822659
WALL 21208196 1 0 1706822660
WALL 21208196 1 0 1706822661
WALL 21208196 1 0 1706822662
WALL 21208196 1 0 1706822663
WALL 21208196 1 0 1706822664
WALL 21208196 1 0 1706822665
WALL 21208196 1 0 1706822666
WALL 21208196 1 0 1706822667
WALL 21208196 1 0 1706822668
WALL 21208196 1 0 1706822669
WALL 21208196 1 0 1706822670
WALL 21208196 1 0 1706822671
WALL 21208196 1 0 1706822672
WALL 21208196 1 0 1706822673
WALL 21208196 1 0 1706822674
WALL 21208196 1 0 1706822675
WALL 21208196 1 0 1706822676
WALL 21208196 1 0 1706822677
WALL 21208196 1 0 1706822678
WALL 21208196 1 0 1706822679
WALL 21208196 1 0 1706822680
WALL 21208196 1 0 1706822681
WALL 21208196 1 0 1706822682
WALL 21208196 1 0 1706822683
WALL 21208196 1 0 1706822684
WALL 21208196 1 0 1706822685
WALL 21208196 1 0 1706822686
WALL 21208196 1 0 1706822687
WALL 21208196 1 0 1706822688
WALL 21208196 1 0 1706822689
WALL 21208196 1 0 1706822690
WALL 21208196 1 0 1706822691
WALL 21208196 1 0 1706822692
WALL 21208196 1 0 1706822693
WALL 21208196 1 0 1706822694
WALL 21208196 1 0 1706822695
WALL 21208196 1 0 1706822696
WALL 21208196 1 0 1706822697
WALL 21208196 1 0 1706822698
WALL 21208196 1 0 1706822699
WALL 21208196 1 0 1706822700
WALL 21208196 1 0 1706822701
WALL 21208196 1 0 1706822702
WALL 21208196 1 0 1706822703
WALL 21208196 1 0 1706822704
WALL 21208196 1 0 1706822705
WALL 21208196 1 0 1706822706
WALL 21208196 1 0 1706822707
WALL 21208196 1 0 1706822708
WALL 21208196 1 0 1706822709
WALL 21208196 1 0 1706822710
WALL 21208196 1 0 1706822711
WALL 21208196 1 0 1706822712
WALL 21208196 1 0 1706822713
WALL 21208196 1 0 1706822714
WALL 21208196 1 0 1706822715
WALL 21208196 1 0 1706822716
WALL 21208196 1 0 1706822717
WALL 21208196 1 0 1706822718
WALL 21208196 1 0 1706822719
WALL 21208196 1 0 1706822720
WALL 21208196 1 0 1706822721
WALL 21208196 1 0 1706822722
WALL 21208196 1 0 1706822723
WALL 21208196 1 0 1706822724
WALL 21208196 1 0 1706822725
WALL 21208196 1 0 1706822726
WALL 21208196 1 0 1706822727
WALL 21208196 1 0 1706822728
WALL 21208196 1 0 1706822729
WALL 21208196 1 0 1706822730
WALL 21208196 1 0 1706822731
WALL 21208196 1 0 1706822732
WALL 21208196 1 0 1706822733
WALL 21208196 1 0 1706822734
WALL 21208196 1 0 1706822735
WALL 21208196 1 0 1706822736
WALL 21208196 1 0 1706822737
WALL 21208196 1 0 1706822738
WALL 21208196 1 0 1706822739
WALL 21208196 1 0 1706822740
WALL 21208196 1 0 1706822741
WALL 21208196 1 0 1706822742
WALL 21208196 1 0 1706822743
WALL 21208196 1 0 1706822744
WALL 21208196 1 0 1706822745
WALL 21208196 1 0 1706822746
WALL 21208196 1 0 1706822747
WALL 21208196 1 0 1706822748
WALL 21208196 1 0 1706822749
WALL 21208196 1 0 1706822750
WALL 21208196 1 0 1706822751
WALL 21208196 1 0 1706822752
WALL 21208196 1 0 1706822753
WALL 21208196 1 0 1706822754
WALL 21208196 1 0 1706822755
WALL 21208196 1 0 1706822756
WALL 21208196 1 0 1706822757
WALL 21208196 1 0 1706822758
WALL 21208196 1 0 1706822759
WALL 21208196 1 0 1706822760
WALL 21208196 1 0 1706822761
WALL 21208196 1 0 1706822762
WALL 21208196 1 0 1706822763
WALL 21208196 1 0 1706822764
WALL 21208196 1 0 1706822765
WALL 21208196 1 0 1706822766
WALL 21208196 1 0 1706822767
WALL 21208196 1 0 1706822768
WALL 21208196 1 0 1706822769
WALL 21208196 1 0 1706822770
WALL 21208196 1 0 1706822771
WALL 21208196 1 0 1706822772
WALL 21208196 1 0 1706822773
WALL 21208196 1 0 1706822774
WALL 21208196 1 0 1706822775
WALL 21208196 1 0 1706822776
WALL 21208196 1 0 1706822777
WALL 21208196 1 0 1706822778
WALL 21208196 1 0 1706822779
WALL 21208196 1 0 1706822780
WALL 21208196 1 0 1706822781
WALL 21208196 1 0 1706822782
WALL 21208196 1 0 1706822783
WALL 21208196 1 0 1706822784
WALL 21208196 1 0 1706822785
WALL 21208196 1 0 1706822786
WALL 21208196 1 0 1706822787
WALL 21208196 1 0 1706822788
WALL 21208196 1 0 1706822789
WALL 21208196 1 0 1706822790
WALL 21208196 1 0 1706822791
WALL 21208196 1 0 1706822792
WALL 21208196 1 0 1706822793
WALL 21208196 1 0 1706822794
WALL 21208196 1 0 1706822795
WALL 21208196 1 0 1706822796
WALL 21208196 1 0 1706822797
WALL 21208196 1 0 1706822798
WALL 21208196 1 0 1706822799
WALL 21208196 1 0 1706822800
WALL 21208196 1 0 1706822801
WALL 21208196 1 0 1706822802
WALL 21208196 1 0 1706822803
WALL 21208196 1 0 1706822804
WALL 21208196 1 0 1706822805
WALL 21208196 1 0 1706822806
WALL 21208196 1 0 1706822807
WALL 21208196 1 0 1706822808
WALL 21208196 1 0 1706822809
WALL 21208196 1 0 1706822810
WALL 21208196 1 0 1706822811
WALL 21208196 1 0 1706822812
WALL 21208196 1 0 1706822813
WALL 21208196 1 0 1706822814
WALL 21208196 1 0 1706822815
WALL 21208196 1 0 1706822816
WALL 21208196 1 0 1706822817
WALL 21208196 1 0 1706822818
WALL 21208196 1 0 1706822819
WALL 21208196 1 0 1706822820
WALL 21208196 1 0 1706822821
WALL 21208196 1 0 1706822822
WALL 21208196 1 0 1706822823
WALL 21208196 1 0 1706822824
WALL 21208196 1 0 1706822825
WALL 21208196 1 0 1706822826
WALL 21208196 1 0 1706822827
WALL 21208196 1 0 1706822828
WALL 21208196 1 0 1706822829
WALL 21208196 1 0 1706822830
WALL 21208196 1 0 1706822831
WALL 21208196 1 0 1706822832
WALL 21208196 1 0 1706822833
WALL 21208196 1 0 1706822834
WALL 21208196 1 0 1706822835
WALL 21208196 1 0 1706822836
WALL 21208196 1 0 1706822837
WALL 21208196 1 0 1706822838
WALL 21208196 1 0 1706822839
WALL 21208196 1 0 1706822840
WALL 21208196 1 0 1706822841
WALL 21208196 1 0 1706822842
WALL 21208196 1 0 1706822843
WALL 21208196 1 0 1706822844
WALL 21208196 1 0 1706822845
WALL 21208196 1 0 1706822846
WALL 21208196 1 0 1706822847
WALL 21208196 1 0 1706822848
WALL 21208196 1 0 1706822849
WALL 21208196 1 0 1706822850
WALL 21208196 1 0 1706822851
WALL 21208196 1 0 1706822852
WALL 21208196 1 0 1706822853
WALL 21208196 1 0 1706822854
WALL 21208196 1 0 1706822855
WALL 21208196 1 0 1706822856
WALL 21208196 1 0 1706822857
WALL 21208196 1 0 1706822858
slurmstepd: error: *** STEP 21208196.0 ON nid200113 CANCELLED AT 2024-02-01T21:27:39 ***
received SIGTERM 1706822859
WALL 21208196 1 0 1706822859
received SIGCONT 1706822859
WALL 21208196 1 0 1706822859
WALL 21208196 1 0 1706822860
WALL 21208196 1 0 1706822861
WALL 21208196 1 0 1706822862
WALL 21208196 1 0 1706822863
WALL 21208196 1 0 1706822864
WALL 21208196 1 0 1706822865
WALL 21208196 1 0 1706822866
WALL 21208196 1 0 1706822867
WALL 21208196 1 0 1706822868
WALL 21208196 1 0 1706822869
WALL 21208196 1 0 1706822870
WALL 21208196 1 0 1706822871
WALL 21208196 1 0 1706822872
WALL 21208196 1 0 1706822873
WALL 21208196 1 0 1706822874
WALL 21208196 1 0 1706822875
WALL 21208196 1 0 1706822876
WALL 21208196 1 0 1706822877
WALL 21208196 1 0 1706822878
WALL 21208196 1 0 1706822879
WALL 21208196 1 0 1706822880
WALL 21208196 1 0 1706822881
WALL 21208196 1 0 1706822882
WALL 21208196 1 0 1706822883
WALL 21208196 1 0 1706822884
WALL 21208196 1 0 1706822885
WALL 21208196 1 0 1706822886
WALL 21208196 1 0 1706822887
WALL 21208196 1 0 1706822888
WALL 21208196 1 0 1706822889
WALL 21208196 1 0 1706822890
WALL 21208196 1 0 1706822891
WALL 21208196 1 0 1706822892
WALL 21208196 1 0 1706822893
WALL 21208196 1 0 1706822894
WALL 21208196 1 0 1706822895
WALL 21208196 1 0 1706822896
WALL 21208196 1 0 1706822897
WALL 21208196 1 0 1706822898
WALL 21208196 1 0 1706822899
WALL 21208196 1 0 1706822900
WALL 21208196 1 0 1706822901
WALL 21208196 1 0 1706822902
WALL 21208196 1 0 1706822903
WALL 21208196 1 0 1706822904
WALL 21208196 1 0 1706822905
WALL 21208196 1 0 1706822906
WALL 21208196 1 0 1706822907
WALL 21208196 1 0 1706822908
WALL 21208196 1 0 1706822909
WALL 21208196 1 0 1706822910
WALL 21208196 1 0 1706822911
WALL 21208196 1 0 1706822912
WALL 21208196 1 0 1706822913
WALL 21208196 1 0 1706822914
WALL 21208196 1 0 1706822915
WALL 21208196 1 0 1706822916
WALL 21208196 1 0 1706822917
WALL 21208196 1 0 1706822918
WALL 21208196 1 0 1706822919
WALL 21208196 1 0 1706822920
WALL 21208196 1 0 1706822921
WALL 21208196 1 0 1706822922
WALL 21208196 1 0 1706822923
WALL 21208196 1 0 1706822924
WALL 21208196 1 0 1706822925
WALL 21208196 1 0 1706822926
WALL 21208196 1 0 1706822927
WALL 21208196 1 0 1706822928
WALL 21208196 1 0 1706822929
WALL 21208196 1 0 1706822930
WALL 21208196 1 0 1706822931
WALL 21208196 1 0 1706822932
WALL 21208196 1 0 1706822933
WALL 21208196 1 0 1706822934
WALL 21208196 1 0 1706822935
WALL 21208196 1 0 1706822936
WALL 21208196 1 0 1706822937
WALL 21208196 1 0 1706822938
WALL 21208196 1 0 1706822939
WALL 21208196 1 0 1706822940
WALL 21208196 1 0 1706822941
WALL 21208196 1 0 1706822942
WALL 21208196 1 0 1706822943
WALL 21208196 1 0 1706822944
WALL 21208196 1 0 1706822945
WALL 21208196 1 0 1706822946
slurmstepd: error: *** JOB 21208196 ON nid200113 CANCELLED AT 2024-02-01T21:29:06 DUE TO PREEMPTION ***
received SIGTERM 1706822946
WALL 21208196 1 0 1706822946
received SIGCONT 1706822946
WALL 21208196 1 0 1706822946
received SIGTERM 1706822946
WALL 21208196 1 0 1706822946
