WALL 21086960 1 0 1706656597
WALL 21086960 1 0 1706656598
WALL 21086960 1 0 1706656599
WALL 21086960 1 0 1706656600
WALL 21086960 1 0 1706656601
WALL 21086960 1 0 1706656602
WALL 21086960 1 0 1706656603
WALL 21086960 1 0 1706656604
WALL 21086960 1 0 1706656605
WALL 21086960 1 0 1706656606
WALL 21086960 1 0 1706656607
WALL 21086960 1 0 1706656608
WALL 21086960 1 0 1706656609
WALL 21086960 1 0 1706656610
WALL 21086960 1 0 1706656611
WALL 21086960 1 0 1706656612
WALL 21086960 1 0 1706656613
WALL 21086960 1 0 1706656614
WALL 21086960 1 0 1706656615
WALL 21086960 1 0 1706656616
WALL 21086960 1 0 1706656617
WALL 21086960 1 0 1706656618
WALL 21086960 1 0 1706656619
WALL 21086960 1 0 1706656620
WALL 21086960 1 0 1706656621
WALL 21086960 1 0 1706656622
WALL 21086960 1 0 1706656623
WALL 21086960 1 0 1706656624
WALL 21086960 1 0 1706656625
WALL 21086960 1 0 1706656626
WALL 21086960 1 0 1706656627
WALL 21086960 1 0 1706656628
WALL 21086960 1 0 1706656629
WALL 21086960 1 0 1706656630
WALL 21086960 1 0 1706656631
WALL 21086960 1 0 1706656632
WALL 21086960 1 0 1706656633
WALL 21086960 1 0 1706656634
WALL 21086960 1 0 1706656635
WALL 21086960 1 0 1706656636
WALL 21086960 1 0 1706656637
WALL 21086960 1 0 1706656638
WALL 21086960 1 0 1706656639
WALL 21086960 1 0 1706656640
WALL 21086960 1 0 1706656641
WALL 21086960 1 0 1706656642
WALL 21086960 1 0 1706656643
WALL 21086960 1 0 1706656644
WALL 21086960 1 0 1706656645
WALL 21086960 1 0 1706656646
WALL 21086960 1 0 1706656647
WALL 21086960 1 0 1706656648
WALL 21086960 1 0 1706656649
WALL 21086960 1 0 1706656650
WALL 21086960 1 0 1706656651
WALL 21086960 1 0 1706656652
WALL 21086960 1 0 1706656653
WALL 21086960 1 0 1706656654
WALL 21086960 1 0 1706656655
WALL 21086960 1 0 1706656656
WALL 21086960 1 0 1706656657
WALL 21086960 1 0 1706656658
WALL 21086960 1 0 1706656659
WALL 21086960 1 0 1706656660
WALL 21086960 1 0 1706656661
WALL 21086960 1 0 1706656662
WALL 21086960 1 0 1706656663
WALL 21086960 1 0 1706656664
WALL 21086960 1 0 1706656665
WALL 21086960 1 0 1706656666
WALL 21086960 1 0 1706656667
WALL 21086960 1 0 1706656668
WALL 21086960 1 0 1706656669
WALL 21086960 1 0 1706656670
WALL 21086960 1 0 1706656671
WALL 21086960 1 0 1706656672
WALL 21086960 1 0 1706656674
WALL 21086960 1 0 1706656675
WALL 21086960 1 0 1706656676
WALL 21086960 1 0 1706656677
WALL 21086960 1 0 1706656678
WALL 21086960 1 0 1706656679
WALL 21086960 1 0 1706656680
WALL 21086960 1 0 1706656681
WALL 21086960 1 0 1706656682
WALL 21086960 1 0 1706656683
WALL 21086960 1 0 1706656684
WALL 21086960 1 0 1706656685
WALL 21086960 1 0 1706656686
WALL 21086960 1 0 1706656687
WALL 21086960 1 0 1706656688
WALL 21086960 1 0 1706656689
WALL 21086960 1 0 1706656690
WALL 21086960 1 0 1706656691
WALL 21086960 1 0 1706656692
WALL 21086960 1 0 1706656693
WALL 21086960 1 0 1706656694
WALL 21086960 1 0 1706656695
WALL 21086960 1 0 1706656696
WALL 21086960 1 0 1706656697
WALL 21086960 1 0 1706656698
WALL 21086960 1 0 1706656699
WALL 21086960 1 0 1706656700
WALL 21086960 1 0 1706656701
WALL 21086960 1 0 1706656702
WALL 21086960 1 0 1706656703
WALL 21086960 1 0 1706656704
WALL 21086960 1 0 1706656705
WALL 21086960 1 0 1706656706
WALL 21086960 1 0 1706656707
WALL 21086960 1 0 1706656708
WALL 21086960 1 0 1706656709
WALL 21086960 1 0 1706656710
WALL 21086960 1 0 1706656711
WALL 21086960 1 0 1706656712
WALL 21086960 1 0 1706656713
WALL 21086960 1 0 1706656714
WALL 21086960 1 0 1706656715
WALL 21086960 1 0 1706656716
WALL 21086960 1 0 1706656717
WALL 21086960 1 0 1706656718
WALL 21086960 1 0 1706656719
WALL 21086960 1 0 1706656720
WALL 21086960 1 0 1706656721
WALL 21086960 1 0 1706656722
WALL 21086960 1 0 1706656723
WALL 21086960 1 0 1706656724
WALL 21086960 1 0 1706656725
WALL 21086960 1 0 1706656726
WALL 21086960 1 0 1706656727
WALL 21086960 1 0 1706656728
WALL 21086960 1 0 1706656729
WALL 21086960 1 0 1706656730
WALL 21086960 1 0 1706656731
WALL 21086960 1 0 1706656732
WALL 21086960 1 0 1706656733
WALL 21086960 1 0 1706656734
WALL 21086960 1 0 1706656735
WALL 21086960 1 0 1706656736
WALL 21086960 1 0 1706656737
WALL 21086960 1 0 1706656738
WALL 21086960 1 0 1706656739
WALL 21086960 1 0 1706656740
WALL 21086960 1 0 1706656741
WALL 21086960 1 0 1706656742
WALL 21086960 1 0 1706656743
WALL 21086960 1 0 1706656744
WALL 21086960 1 0 1706656745
WALL 21086960 1 0 1706656746
WALL 21086960 1 0 1706656747
WALL 21086960 1 0 1706656748
WALL 21086960 1 0 1706656749
WALL 21086960 1 0 1706656750
WALL 21086960 1 0 1706656751
WALL 21086960 1 0 1706656752
WALL 21086960 1 0 1706656753
WALL 21086960 1 0 1706656754
WALL 21086960 1 0 1706656755
WALL 21086960 1 0 1706656756
WALL 21086960 1 0 1706656757
WALL 21086960 1 0 1706656758
WALL 21086960 1 0 1706656759
WALL 21086960 1 0 1706656760
WALL 21086960 1 0 1706656761
WALL 21086960 1 0 1706656762
WALL 21086960 1 0 1706656763
WALL 21086960 1 0 1706656764
WALL 21086960 1 0 1706656765
WALL 21086960 1 0 1706656766
WALL 21086960 1 0 1706656767
WALL 21086960 1 0 1706656768
WALL 21086960 1 0 1706656769
WALL 21086960 1 0 1706656770
received SIGCONT 1706656770
WALL 21086960 1 0 1706656770
slurmstepd: error: *** STEP 21086960.0 ON nid200196 CANCELLED AT 2024-01-30T23:19:30 ***
received SIGTERM 1706656770
WALL 21086960 1 0 1706656770
WALL 21086960 1 0 1706656771
WALL 21086960 1 0 1706656772
WALL 21086960 1 0 1706656773
WALL 21086960 1 0 1706656774
WALL 21086960 1 0 1706656775
WALL 21086960 1 0 1706656776
WALL 21086960 1 0 1706656777
WALL 21086960 1 0 1706656778
WALL 21086960 1 0 1706656779
WALL 21086960 1 0 1706656780
WALL 21086960 1 0 1706656781
WALL 21086960 1 0 1706656782
WALL 21086960 1 0 1706656783
WALL 21086960 1 0 1706656784
WALL 21086960 1 0 1706656785
WALL 21086960 1 0 1706656786
WALL 21086960 1 0 1706656787
WALL 21086960 1 0 1706656788
WALL 21086960 1 0 1706656789
WALL 21086960 1 0 1706656790
WALL 21086960 1 0 1706656791
WALL 21086960 1 0 1706656792
WALL 21086960 1 0 1706656793
WALL 21086960 1 0 1706656794
WALL 21086960 1 0 1706656795
WALL 21086960 1 0 1706656796
WALL 21086960 1 0 1706656797
WALL 21086960 1 0 1706656798
WALL 21086960 1 0 1706656799
WALL 21086960 1 0 1706656800
WALL 21086960 1 0 1706656801
WALL 21086960 1 0 1706656802
WALL 21086960 1 0 1706656803
WALL 21086960 1 0 1706656804
WALL 21086960 1 0 1706656805
WALL 21086960 1 0 1706656806
WALL 21086960 1 0 1706656807
WALL 21086960 1 0 1706656808
WALL 21086960 1 0 1706656809
WALL 21086960 1 0 1706656810
WALL 21086960 1 0 1706656811
WALL 21086960 1 0 1706656812
WALL 21086960 1 0 1706656813
WALL 21086960 1 0 1706656814
WALL 21086960 1 0 1706656815
WALL 21086960 1 0 1706656816
WALL 21086960 1 0 1706656817
WALL 21086960 1 0 1706656818
WALL 21086960 1 0 1706656819
WALL 21086960 1 0 1706656820
WALL 21086960 1 0 1706656821
WALL 21086960 1 0 1706656822
WALL 21086960 1 0 1706656823
WALL 21086960 1 0 1706656824
WALL 21086960 1 0 1706656825
WALL 21086960 1 0 1706656826
WALL 21086960 1 0 1706656827
WALL 21086960 1 0 1706656828
WALL 21086960 1 0 1706656829
WALL 21086960 1 0 1706656830
WALL 21086960 1 0 1706656831
WALL 21086960 1 0 1706656832
WALL 21086960 1 0 1706656833
slurmstepd: error: *** JOB 21086960 ON nid200196 CANCELLED AT 2024-01-30T23:20:34 DUE TO PREEMPTION ***
received SIGTERM 1706656834
WALL 21086960 1 0 1706656834
received SIGCONT 1706656834
WALL 21086960 1 0 1706656834
received SIGTERM 1706656834
WALL 21086960 1 0 1706656834
