WALL 21148873 1 0 1706735698
WALL 21148873 1 0 1706735699
WALL 21148873 1 0 1706735700
WALL 21148873 1 0 1706735701
WALL 21148873 1 0 1706735702
WALL 21148873 1 0 1706735703
WALL 21148873 1 0 1706735704
WALL 21148873 1 0 1706735705
WALL 21148873 1 0 1706735706
WALL 21148873 1 0 1706735707
WALL 21148873 1 0 1706735708
WALL 21148873 1 0 1706735709
WALL 21148873 1 0 1706735710
WALL 21148873 1 0 1706735711
WALL 21148873 1 0 1706735712
WALL 21148873 1 0 1706735713
WALL 21148873 1 0 1706735714
WALL 21148873 1 0 1706735715
WALL 21148873 1 0 1706735716
WALL 21148873 1 0 1706735717
WALL 21148873 1 0 1706735718
WALL 21148873 1 0 1706735719
WALL 21148873 1 0 1706735720
WALL 21148873 1 0 1706735721
WALL 21148873 1 0 1706735722
WALL 21148873 1 0 1706735723
WALL 21148873 1 0 1706735724
WALL 21148873 1 0 1706735725
WALL 21148873 1 0 1706735726
WALL 21148873 1 0 1706735727
WALL 21148873 1 0 1706735728
WALL 21148873 1 0 1706735729
WALL 21148873 1 0 1706735730
WALL 21148873 1 0 1706735731
WALL 21148873 1 0 1706735732
WALL 21148873 1 0 1706735733
WALL 21148873 1 0 1706735734
WALL 21148873 1 0 1706735735
WALL 21148873 1 0 1706735736
WALL 21148873 1 0 1706735737
WALL 21148873 1 0 1706735738
WALL 21148873 1 0 1706735739
WALL 21148873 1 0 1706735740
WALL 21148873 1 0 1706735741
WALL 21148873 1 0 1706735742
WALL 21148873 1 0 1706735743
WALL 21148873 1 0 1706735744
WALL 21148873 1 0 1706735745
WALL 21148873 1 0 1706735746
WALL 21148873 1 0 1706735747
WALL 21148873 1 0 1706735748
WALL 21148873 1 0 1706735749
WALL 21148873 1 0 1706735750
WALL 21148873 1 0 1706735751
WALL 21148873 1 0 1706735752
WALL 21148873 1 0 1706735753
WALL 21148873 1 0 1706735754
WALL 21148873 1 0 1706735755
WALL 21148873 1 0 1706735756
WALL 21148873 1 0 1706735757
WALL 21148873 1 0 1706735758
WALL 21148873 1 0 1706735759
WALL 21148873 1 0 1706735760
WALL 21148873 1 0 1706735761
WALL 21148873 1 0 1706735762
WALL 21148873 1 0 1706735763
WALL 21148873 1 0 1706735764
WALL 21148873 1 0 1706735765
WALL 21148873 1 0 1706735766
WALL 21148873 1 0 1706735767
WALL 21148873 1 0 1706735768
WALL 21148873 1 0 1706735769
WALL 21148873 1 0 1706735770
WALL 21148873 1 0 1706735771
WALL 21148873 1 0 1706735772
WALL 21148873 1 0 1706735773
WALL 21148873 1 0 1706735774
WALL 21148873 1 0 1706735775
WALL 21148873 1 0 1706735776
WALL 21148873 1 0 1706735777
WALL 21148873 1 0 1706735778
WALL 21148873 1 0 1706735779
WALL 21148873 1 0 1706735780
WALL 21148873 1 0 1706735781
WALL 21148873 1 0 1706735782
WALL 21148873 1 0 1706735783
WALL 21148873 1 0 1706735784
WALL 21148873 1 0 1706735785
WALL 21148873 1 0 1706735786
WALL 21148873 1 0 1706735787
WALL 21148873 1 0 1706735788
WALL 21148873 1 0 1706735789
WALL 21148873 1 0 1706735790
WALL 21148873 1 0 1706735791
WALL 21148873 1 0 1706735792
WALL 21148873 1 0 1706735793
WALL 21148873 1 0 1706735794
WALL 21148873 1 0 1706735795
WALL 21148873 1 0 1706735796
WALL 21148873 1 0 1706735797
WALL 21148873 1 0 1706735798
WALL 21148873 1 0 1706735799
WALL 21148873 1 0 1706735800
WALL 21148873 1 0 1706735801
WALL 21148873 1 0 1706735802
WALL 21148873 1 0 1706735803
WALL 21148873 1 0 1706735804
WALL 21148873 1 0 1706735805
WALL 21148873 1 0 1706735806
WALL 21148873 1 0 1706735807
WALL 21148873 1 0 1706735808
WALL 21148873 1 0 1706735809
WALL 21148873 1 0 1706735810
WALL 21148873 1 0 1706735811
WALL 21148873 1 0 1706735812
WALL 21148873 1 0 1706735813
WALL 21148873 1 0 1706735814
WALL 21148873 1 0 1706735815
WALL 21148873 1 0 1706735816
WALL 21148873 1 0 1706735817
WALL 21148873 1 0 1706735818
WALL 21148873 1 0 1706735819
WALL 21148873 1 0 1706735820
WALL 21148873 1 0 1706735821
WALL 21148873 1 0 1706735822
WALL 21148873 1 0 1706735823
WALL 21148873 1 0 1706735824
WALL 21148873 1 0 1706735825
WALL 21148873 1 0 1706735826
WALL 21148873 1 0 1706735827
WALL 21148873 1 0 1706735828
WALL 21148873 1 0 1706735829
WALL 21148873 1 0 1706735830
WALL 21148873 1 0 1706735831
WALL 21148873 1 0 1706735832
WALL 21148873 1 0 1706735833
WALL 21148873 1 0 1706735834
WALL 21148873 1 0 1706735835
WALL 21148873 1 0 1706735836
WALL 21148873 1 0 1706735837
WALL 21148873 1 0 1706735838
WALL 21148873 1 0 1706735839
WALL 21148873 1 0 1706735840
WALL 21148873 1 0 1706735841
WALL 21148873 1 0 1706735842
WALL 21148873 1 0 1706735843
WALL 21148873 1 0 1706735844
WALL 21148873 1 0 1706735845
WALL 21148873 1 0 1706735846
WALL 21148873 1 0 1706735847
WALL 21148873 1 0 1706735848
WALL 21148873 1 0 1706735849
WALL 21148873 1 0 1706735850
WALL 21148873 1 0 1706735851
WALL 21148873 1 0 1706735852
WALL 21148873 1 0 1706735853
WALL 21148873 1 0 1706735854
WALL 21148873 1 0 1706735855
WALL 21148873 1 0 1706735856
WALL 21148873 1 0 1706735857
WALL 21148873 1 0 1706735858
WALL 21148873 1 0 1706735859
WALL 21148873 1 0 1706735860
WALL 21148873 1 0 1706735861
WALL 21148873 1 0 1706735862
WALL 21148873 1 0 1706735863
WALL 21148873 1 0 1706735864
WALL 21148873 1 0 1706735865
WALL 21148873 1 0 1706735866
WALL 21148873 1 0 1706735867
WALL 21148873 1 0 1706735868
WALL 21148873 1 0 1706735869
WALL 21148873 1 0 1706735870
WALL 21148873 1 0 1706735871
WALL 21148873 1 0 1706735872
WALL 21148873 1 0 1706735873
WALL 21148873 1 0 1706735874
WALL 21148873 1 0 1706735875
WALL 21148873 1 0 1706735876
WALL 21148873 1 0 1706735877
WALL 21148873 1 0 1706735878
WALL 21148873 1 0 1706735879
WALL 21148873 1 0 1706735880
WALL 21148873 1 0 1706735881
WALL 21148873 1 0 1706735882
WALL 21148873 1 0 1706735883
WALL 21148873 1 0 1706735884
WALL 21148873 1 0 1706735885
WALL 21148873 1 0 1706735886
WALL 21148873 1 0 1706735887
WALL 21148873 1 0 1706735888
WALL 21148873 1 0 1706735889
WALL 21148873 1 0 1706735890
WALL 21148873 1 0 1706735891
WALL 21148873 1 0 1706735892
WALL 21148873 1 0 1706735893
WALL 21148873 1 0 1706735894
WALL 21148873 1 0 1706735895
WALL 21148873 1 0 1706735896
WALL 21148873 1 0 1706735897
WALL 21148873 1 0 1706735898
WALL 21148873 1 0 1706735899
WALL 21148873 1 0 1706735900
WALL 21148873 1 0 1706735901
WALL 21148873 1 0 1706735902
WALL 21148873 1 0 1706735903
WALL 21148873 1 0 1706735904
WALL 21148873 1 0 1706735905
WALL 21148873 1 0 1706735906
WALL 21148873 1 0 1706735907
WALL 21148873 1 0 1706735908
WALL 21148873 1 0 1706735909
WALL 21148873 1 0 1706735910
WALL 21148873 1 0 1706735911
WALL 21148873 1 0 1706735912
WALL 21148873 1 0 1706735913
WALL 21148873 1 0 1706735914
WALL 21148873 1 0 1706735915
WALL 21148873 1 0 1706735916
WALL 21148873 1 0 1706735917
WALL 21148873 1 0 1706735918
WALL 21148873 1 0 1706735919
WALL 21148873 1 0 1706735920
WALL 21148873 1 0 1706735921
WALL 21148873 1 0 1706735922
WALL 21148873 1 0 1706735923
WALL 21148873 1 0 1706735924
WALL 21148873 1 0 1706735925
WALL 21148873 1 0 1706735926
WALL 21148873 1 0 1706735927
WALL 21148873 1 0 1706735928
WALL 21148873 1 0 1706735929
WALL 21148873 1 0 1706735930
WALL 21148873 1 0 1706735931
WALL 21148873 1 0 1706735932
WALL 21148873 1 0 1706735933
WALL 21148873 1 0 1706735934
WALL 21148873 1 0 1706735935
WALL 21148873 1 0 1706735936
WALL 21148873 1 0 1706735937
WALL 21148873 1 0 1706735938
WALL 21148873 1 0 1706735939
WALL 21148873 1 0 1706735940
WALL 21148873 1 0 1706735941
WALL 21148873 1 0 1706735942
WALL 21148873 1 0 1706735943
WALL 21148873 1 0 1706735944
WALL 21148873 1 0 1706735945
WALL 21148873 1 0 1706735946
WALL 21148873 1 0 1706735947
WALL 21148873 1 0 1706735948
WALL 21148873 1 0 1706735949
WALL 21148873 1 0 1706735950
WALL 21148873 1 0 1706735951
WALL 21148873 1 0 1706735952
WALL 21148873 1 0 1706735953
WALL 21148873 1 0 1706735954
WALL 21148873 1 0 1706735955
WALL 21148873 1 0 1706735956
WALL 21148873 1 0 1706735957
WALL 21148873 1 0 1706735958
WALL 21148873 1 0 1706735959
WALL 21148873 1 0 1706735960
WALL 21148873 1 0 1706735961
WALL 21148873 1 0 1706735962
WALL 21148873 1 0 1706735963
WALL 21148873 1 0 1706735964
WALL 21148873 1 0 1706735965
WALL 21148873 1 0 1706735966
WALL 21148873 1 0 1706735967
WALL 21148873 1 0 1706735968
WALL 21148873 1 0 1706735969
WALL 21148873 1 0 1706735970
WALL 21148873 1 0 1706735971
WALL 21148873 1 0 1706735972
WALL 21148873 1 0 1706735973
WALL 21148873 1 0 1706735974
WALL 21148873 1 0 1706735975
WALL 21148873 1 0 1706735976
WALL 21148873 1 0 1706735977
WALL 21148873 1 0 1706735978
WALL 21148873 1 0 1706735979
WALL 21148873 1 0 1706735980
WALL 21148873 1 0 1706735981
WALL 21148873 1 0 1706735982
WALL 21148873 1 0 1706735983
WALL 21148873 1 0 1706735984
WALL 21148873 1 0 1706735985
WALL 21148873 1 0 1706735986
WALL 21148873 1 0 1706735987
WALL 21148873 1 0 1706735988
WALL 21148873 1 0 1706735989
WALL 21148873 1 0 1706735990
WALL 21148873 1 0 1706735991
WALL 21148873 1 0 1706735992
WALL 21148873 1 0 1706735993
WALL 21148873 1 0 1706735994
WALL 21148873 1 0 1706735995
WALL 21148873 1 0 1706735996
WALL 21148873 1 0 1706735997
WALL 21148873 1 0 1706735998
WALL 21148873 1 0 1706735999
WALL 21148873 1 0 1706736000
WALL 21148873 1 0 1706736001
WALL 21148873 1 0 1706736002
WALL 21148873 1 0 1706736003
WALL 21148873 1 0 1706736004
WALL 21148873 1 0 1706736005
WALL 21148873 1 0 1706736006
WALL 21148873 1 0 1706736007
WALL 21148873 1 0 1706736008
WALL 21148873 1 0 1706736009
WALL 21148873 1 0 1706736010
WALL 21148873 1 0 1706736011
WALL 21148873 1 0 1706736012
WALL 21148873 1 0 1706736013
WALL 21148873 1 0 1706736014
WALL 21148873 1 0 1706736015
WALL 21148873 1 0 1706736016
WALL 21148873 1 0 1706736017
WALL 21148873 1 0 1706736018
WALL 21148873 1 0 1706736019
WALL 21148873 1 0 1706736020
WALL 21148873 1 0 1706736021
WALL 21148873 1 0 1706736022
WALL 21148873 1 0 1706736023
WALL 21148873 1 0 1706736024
WALL 21148873 1 0 1706736025
WALL 21148873 1 0 1706736026
WALL 21148873 1 0 1706736027
WALL 21148873 1 0 1706736028
WALL 21148873 1 0 1706736029
WALL 21148873 1 0 1706736030
WALL 21148873 1 0 1706736031
WALL 21148873 1 0 1706736032
WALL 21148873 1 0 1706736033
WALL 21148873 1 0 1706736034
WALL 21148873 1 0 1706736035
WALL 21148873 1 0 1706736036
WALL 21148873 1 0 1706736037
WALL 21148873 1 0 1706736038
WALL 21148873 1 0 1706736039
WALL 21148873 1 0 1706736040
WALL 21148873 1 0 1706736041
WALL 21148873 1 0 1706736042
WALL 21148873 1 0 1706736043
WALL 21148873 1 0 1706736044
WALL 21148873 1 0 1706736045
WALL 21148873 1 0 1706736046
WALL 21148873 1 0 1706736047
WALL 21148873 1 0 1706736048
WALL 21148873 1 0 1706736049
WALL 21148873 1 0 1706736050
WALL 21148873 1 0 1706736051
WALL 21148873 1 0 1706736052
WALL 21148873 1 0 1706736053
WALL 21148873 1 0 1706736054
WALL 21148873 1 0 1706736055
WALL 21148873 1 0 1706736056
WALL 21148873 1 0 1706736057
WALL 21148873 1 0 1706736058
WALL 21148873 1 0 1706736059
WALL 21148873 1 0 1706736060
WALL 21148873 1 0 1706736061
WALL 21148873 1 0 1706736062
WALL 21148873 1 0 1706736063
WALL 21148873 1 0 1706736064
WALL 21148873 1 0 1706736065
WALL 21148873 1 0 1706736066
WALL 21148873 1 0 1706736067
WALL 21148873 1 0 1706736068
WALL 21148873 1 0 1706736069
WALL 21148873 1 0 1706736070
WALL 21148873 1 0 1706736071
WALL 21148873 1 0 1706736072
WALL 21148873 1 0 1706736073
WALL 21148873 1 0 1706736074
WALL 21148873 1 0 1706736075
WALL 21148873 1 0 1706736076
WALL 21148873 1 0 1706736077
WALL 21148873 1 0 1706736078
WALL 21148873 1 0 1706736079
WALL 21148873 1 0 1706736080
WALL 21148873 1 0 1706736081
WALL 21148873 1 0 1706736082
WALL 21148873 1 0 1706736083
WALL 21148873 1 0 1706736084
WALL 21148873 1 0 1706736085
WALL 21148873 1 0 1706736086
WALL 21148873 1 0 1706736087
WALL 21148873 1 0 1706736088
WALL 21148873 1 0 1706736089
WALL 21148873 1 0 1706736090
WALL 21148873 1 0 1706736091
WALL 21148873 1 0 1706736092
WALL 21148873 1 0 1706736093
WALL 21148873 1 0 1706736094
WALL 21148873 1 0 1706736095
WALL 21148873 1 0 1706736096
WALL 21148873 1 0 1706736097
WALL 21148873 1 0 1706736098
WALL 21148873 1 0 1706736099
WALL 21148873 1 0 1706736100
WALL 21148873 1 0 1706736101
WALL 21148873 1 0 1706736102
WALL 21148873 1 0 1706736103
WALL 21148873 1 0 1706736104
WALL 21148873 1 0 1706736105
WALL 21148873 1 0 1706736106
WALL 21148873 1 0 1706736107
WALL 21148873 1 0 1706736108
WALL 21148873 1 0 1706736109
WALL 21148873 1 0 1706736110
WALL 21148873 1 0 1706736111
WALL 21148873 1 0 1706736112
WALL 21148873 1 0 1706736113
WALL 21148873 1 0 1706736114
WALL 21148873 1 0 1706736115
WALL 21148873 1 0 1706736116
WALL 21148873 1 0 1706736117
WALL 21148873 1 0 1706736118
WALL 21148873 1 0 1706736119
WALL 21148873 1 0 1706736120
WALL 21148873 1 0 1706736121
WALL 21148873 1 0 1706736122
WALL 21148873 1 0 1706736123
WALL 21148873 1 0 1706736124
WALL 21148873 1 0 1706736125
WALL 21148873 1 0 1706736126
WALL 21148873 1 0 1706736127
WALL 21148873 1 0 1706736128
WALL 21148873 1 0 1706736129
WALL 21148873 1 0 1706736130
WALL 21148873 1 0 1706736131
WALL 21148873 1 0 1706736132
WALL 21148873 1 0 1706736133
WALL 21148873 1 0 1706736134
WALL 21148873 1 0 1706736135
WALL 21148873 1 0 1706736136
WALL 21148873 1 0 1706736137
WALL 21148873 1 0 1706736138
WALL 21148873 1 0 1706736139
WALL 21148873 1 0 1706736140
WALL 21148873 1 0 1706736141
WALL 21148873 1 0 1706736142
WALL 21148873 1 0 1706736143
WALL 21148873 1 0 1706736144
WALL 21148873 1 0 1706736145
WALL 21148873 1 0 1706736146
WALL 21148873 1 0 1706736147
WALL 21148873 1 0 1706736148
WALL 21148873 1 0 1706736149
WALL 21148873 1 0 1706736150
WALL 21148873 1 0 1706736151
WALL 21148873 1 0 1706736152
WALL 21148873 1 0 1706736153
WALL 21148873 1 0 1706736154
WALL 21148873 1 0 1706736155
WALL 21148873 1 0 1706736156
received SIGCONT 1706736157
WALL 21148873 1 0 1706736157
slurmstepd: error: *** STEP 21148873.0 ON nid200070 CANCELLED AT 2024-01-31T21:22:37 ***
received SIGTERM 1706736157
WALL 21148873 1 0 1706736157
WALL 21148873 1 0 1706736158
WALL 21148873 1 0 1706736159
WALL 21148873 1 0 1706736160
WALL 21148873 1 0 1706736161
WALL 21148873 1 0 1706736162
WALL 21148873 1 0 1706736163
WALL 21148873 1 0 1706736164
WALL 21148873 1 0 1706736165
WALL 21148873 1 0 1706736166
WALL 21148873 1 0 1706736167
WALL 21148873 1 0 1706736168
WALL 21148873 1 0 1706736169
WALL 21148873 1 0 1706736170
WALL 21148873 1 0 1706736171
WALL 21148873 1 0 1706736172
WALL 21148873 1 0 1706736173
WALL 21148873 1 0 1706736174
WALL 21148873 1 0 1706736175
WALL 21148873 1 0 1706736176
WALL 21148873 1 0 1706736177
WALL 21148873 1 0 1706736178
WALL 21148873 1 0 1706736179
WALL 21148873 1 0 1706736180
WALL 21148873 1 0 1706736181
WALL 21148873 1 0 1706736182
WALL 21148873 1 0 1706736183
WALL 21148873 1 0 1706736184
WALL 21148873 1 0 1706736185
WALL 21148873 1 0 1706736186
WALL 21148873 1 0 1706736187
WALL 21148873 1 0 1706736188
WALL 21148873 1 0 1706736189
WALL 21148873 1 0 1706736190
WALL 21148873 1 0 1706736191
WALL 21148873 1 0 1706736192
WALL 21148873 1 0 1706736193
WALL 21148873 1 0 1706736194
WALL 21148873 1 0 1706736195
WALL 21148873 1 0 1706736196
WALL 21148873 1 0 1706736197
WALL 21148873 1 0 1706736198
WALL 21148873 1 0 1706736199
WALL 21148873 1 0 1706736200
WALL 21148873 1 0 1706736201
WALL 21148873 1 0 1706736202
WALL 21148873 1 0 1706736203
WALL 21148873 1 0 1706736204
WALL 21148873 1 0 1706736205
WALL 21148873 1 0 1706736206
WALL 21148873 1 0 1706736207
WALL 21148873 1 0 1706736208
WALL 21148873 1 0 1706736209
WALL 21148873 1 0 1706736210
WALL 21148873 1 0 1706736211
WALL 21148873 1 0 1706736212
WALL 21148873 1 0 1706736213
WALL 21148873 1 0 1706736214
WALL 21148873 1 0 1706736215
WALL 21148873 1 0 1706736216
WALL 21148873 1 0 1706736217
WALL 21148873 1 0 1706736218
WALL 21148873 1 0 1706736219
WALL 21148873 1 0 1706736220
WALL 21148873 1 0 1706736221
WALL 21148873 1 0 1706736222
WALL 21148873 1 0 1706736223
WALL 21148873 1 0 1706736224
WALL 21148873 1 0 1706736225
WALL 21148873 1 0 1706736226
WALL 21148873 1 0 1706736227
WALL 21148873 1 0 1706736228
WALL 21148873 1 0 1706736229
WALL 21148873 1 0 1706736230
WALL 21148873 1 0 1706736231
WALL 21148873 1 0 1706736232
WALL 21148873 1 0 1706736233
WALL 21148873 1 0 1706736234
WALL 21148873 1 0 1706736235
srun: Job step aborted: Waiting up to 32 seconds for job step to finish.
slurmstepd: error: *** JOB 21148873 ON nid200070 CANCELLED AT 2024-01-31T21:23:55 DUE TO PREEMPTION ***
received SIGTERM 1706736235
WALL 21148873 1 0 1706736235
received SIGCONT 1706736235
WALL 21148873 1 0 1706736235
received SIGTERM 1706736235
WALL 21148873 1 0 1706736235
