srun: warning: can't run 1 processes on 8 nodes, setting nnodes to 1
WALL 21206571 1 0 1706820632
WALL 21206571 1 0 1706820633
WALL 21206571 1 0 1706820634
WALL 21206571 1 0 1706820635
WALL 21206571 1 0 1706820636
WALL 21206571 1 0 1706820637
WALL 21206571 1 0 1706820638
WALL 21206571 1 0 1706820639
WALL 21206571 1 0 1706820640
WALL 21206571 1 0 1706820641
WALL 21206571 1 0 1706820642
WALL 21206571 1 0 1706820643
WALL 21206571 1 0 1706820644
WALL 21206571 1 0 1706820645
WALL 21206571 1 0 1706820646
WALL 21206571 1 0 1706820647
WALL 21206571 1 0 1706820648
WALL 21206571 1 0 1706820649
WALL 21206571 1 0 1706820650
WALL 21206571 1 0 1706820651
WALL 21206571 1 0 1706820652
WALL 21206571 1 0 1706820653
WALL 21206571 1 0 1706820654
WALL 21206571 1 0 1706820655
WALL 21206571 1 0 1706820656
WALL 21206571 1 0 1706820657
WALL 21206571 1 0 1706820658
WALL 21206571 1 0 1706820659
WALL 21206571 1 0 1706820660
WALL 21206571 1 0 1706820661
WALL 21206571 1 0 1706820662
WALL 21206571 1 0 1706820663
WALL 21206571 1 0 1706820664
WALL 21206571 1 0 1706820665
WALL 21206571 1 0 1706820666
WALL 21206571 1 0 1706820667
WALL 21206571 1 0 1706820668
WALL 21206571 1 0 1706820669
WALL 21206571 1 0 1706820670
WALL 21206571 1 0 1706820671
WALL 21206571 1 0 1706820672
WALL 21206571 1 0 1706820673
WALL 21206571 1 0 1706820674
WALL 21206571 1 0 1706820675
WALL 21206571 1 0 1706820676
WALL 21206571 1 0 1706820677
WALL 21206571 1 0 1706820678
WALL 21206571 1 0 1706820679
WALL 21206571 1 0 1706820680
WALL 21206571 1 0 1706820681
WALL 21206571 1 0 1706820682
WALL 21206571 1 0 1706820683
WALL 21206571 1 0 1706820684
WALL 21206571 1 0 1706820685
WALL 21206571 1 0 1706820686
WALL 21206571 1 0 1706820687
WALL 21206571 1 0 1706820688
WALL 21206571 1 0 1706820689
WALL 21206571 1 0 1706820690
WALL 21206571 1 0 1706820691
WALL 21206571 1 0 1706820692
WALL 21206571 1 0 1706820693
WALL 21206571 1 0 1706820694
WALL 21206571 1 0 1706820695
WALL 21206571 1 0 1706820696
WALL 21206571 1 0 1706820697
WALL 21206571 1 0 1706820698
WALL 21206571 1 0 1706820699
WALL 21206571 1 0 1706820700
WALL 21206571 1 0 1706820701
WALL 21206571 1 0 1706820702
WALL 21206571 1 0 1706820703
WALL 21206571 1 0 1706820704
WALL 21206571 1 0 1706820705
WALL 21206571 1 0 1706820706
WALL 21206571 1 0 1706820707
WALL 21206571 1 0 1706820708
WALL 21206571 1 0 1706820709
WALL 21206571 1 0 1706820710
WALL 21206571 1 0 1706820711
WALL 21206571 1 0 1706820712
WALL 21206571 1 0 1706820713
WALL 21206571 1 0 1706820714
WALL 21206571 1 0 1706820715
WALL 21206571 1 0 1706820716
WALL 21206571 1 0 1706820717
WALL 21206571 1 0 1706820718
WALL 21206571 1 0 1706820719
WALL 21206571 1 0 1706820720
WALL 21206571 1 0 1706820721
WALL 21206571 1 0 1706820722
WALL 21206571 1 0 1706820723
WALL 21206571 1 0 1706820724
WALL 21206571 1 0 1706820725
WALL 21206571 1 0 1706820726
WALL 21206571 1 0 1706820727
WALL 21206571 1 0 1706820728
WALL 21206571 1 0 1706820729
WALL 21206571 1 0 1706820730
WALL 21206571 1 0 1706820731
WALL 21206571 1 0 1706820732
WALL 21206571 1 0 1706820733
WALL 21206571 1 0 1706820734
WALL 21206571 1 0 1706820735
WALL 21206571 1 0 1706820736
WALL 21206571 1 0 1706820737
WALL 21206571 1 0 1706820738
WALL 21206571 1 0 1706820739
WALL 21206571 1 0 1706820740
WALL 21206571 1 0 1706820741
WALL 21206571 1 0 1706820742
WALL 21206571 1 0 1706820743
WALL 21206571 1 0 1706820744
WALL 21206571 1 0 1706820745
WALL 21206571 1 0 1706820746
WALL 21206571 1 0 1706820747
WALL 21206571 1 0 1706820748
WALL 21206571 1 0 1706820749
WALL 21206571 1 0 1706820750
WALL 21206571 1 0 1706820751
WALL 21206571 1 0 1706820752
WALL 21206571 1 0 1706820753
WALL 21206571 1 0 1706820754
WALL 21206571 1 0 1706820755
WALL 21206571 1 0 1706820756
WALL 21206571 1 0 1706820757
WALL 21206571 1 0 1706820758
WALL 21206571 1 0 1706820759
WALL 21206571 1 0 1706820760
WALL 21206571 1 0 1706820761
WALL 21206571 1 0 1706820762
WALL 21206571 1 0 1706820763
WALL 21206571 1 0 1706820764
WALL 21206571 1 0 1706820765
WALL 21206571 1 0 1706820766
WALL 21206571 1 0 1706820767
WALL 21206571 1 0 1706820768
WALL 21206571 1 0 1706820769
WALL 21206571 1 0 1706820770
WALL 21206571 1 0 1706820771
WALL 21206571 1 0 1706820772
WALL 21206571 1 0 1706820773
WALL 21206571 1 0 1706820774
WALL 21206571 1 0 1706820775
WALL 21206571 1 0 1706820776
WALL 21206571 1 0 1706820777
WALL 21206571 1 0 1706820778
WALL 21206571 1 0 1706820779
WALL 21206571 1 0 1706820780
WALL 21206571 1 0 1706820781
WALL 21206571 1 0 1706820782
WALL 21206571 1 0 1706820783
WALL 21206571 1 0 1706820784
WALL 21206571 1 0 1706820785
WALL 21206571 1 0 1706820786
WALL 21206571 1 0 1706820787
WALL 21206571 1 0 1706820788
WALL 21206571 1 0 1706820789
WALL 21206571 1 0 1706820790
WALL 21206571 1 0 1706820791
WALL 21206571 1 0 1706820792
WALL 21206571 1 0 1706820793
WALL 21206571 1 0 1706820794
WALL 21206571 1 0 1706820795
WALL 21206571 1 0 1706820796
WALL 21206571 1 0 1706820797
WALL 21206571 1 0 1706820798
WALL 21206571 1 0 1706820799
WALL 21206571 1 0 1706820800
WALL 21206571 1 0 1706820801
WALL 21206571 1 0 1706820802
WALL 21206571 1 0 1706820803
WALL 21206571 1 0 1706820804
WALL 21206571 1 0 1706820805
WALL 21206571 1 0 1706820806
WALL 21206571 1 0 1706820807
WALL 21206571 1 0 1706820808
WALL 21206571 1 0 1706820809
WALL 21206571 1 0 1706820810
WALL 21206571 1 0 1706820811
WALL 21206571 1 0 1706820812
WALL 21206571 1 0 1706820813
WALL 21206571 1 0 1706820814
WALL 21206571 1 0 1706820815
WALL 21206571 1 0 1706820816
WALL 21206571 1 0 1706820817
WALL 21206571 1 0 1706820818
WALL 21206571 1 0 1706820819
WALL 21206571 1 0 1706820820
WALL 21206571 1 0 1706820821
WALL 21206571 1 0 1706820822
WALL 21206571 1 0 1706820823
WALL 21206571 1 0 1706820824
WALL 21206571 1 0 1706820825
WALL 21206571 1 0 1706820826
WALL 21206571 1 0 1706820827
WALL 21206571 1 0 1706820828
WALL 21206571 1 0 1706820829
WALL 21206571 1 0 1706820830
WALL 21206571 1 0 1706820831
WALL 21206571 1 0 1706820832
WALL 21206571 1 0 1706820833
WALL 21206571 1 0 1706820834
WALL 21206571 1 0 1706820835
WALL 21206571 1 0 1706820836
WALL 21206571 1 0 1706820837
WALL 21206571 1 0 1706820838
WALL 21206571 1 0 1706820839
WALL 21206571 1 0 1706820840
WALL 21206571 1 0 1706820841
WALL 21206571 1 0 1706820842
WALL 21206571 1 0 1706820843
WALL 21206571 1 0 1706820844
WALL 21206571 1 0 1706820845
WALL 21206571 1 0 1706820846
WALL 21206571 1 0 1706820847
WALL 21206571 1 0 1706820848
WALL 21206571 1 0 1706820849
WALL 21206571 1 0 1706820850
WALL 21206571 1 0 1706820851
WALL 21206571 1 0 1706820852
WALL 21206571 1 0 1706820853
WALL 21206571 1 0 1706820854
WALL 21206571 1 0 1706820855
WALL 21206571 1 0 1706820856
WALL 21206571 1 0 1706820857
WALL 21206571 1 0 1706820858
WALL 21206571 1 0 1706820859
WALL 21206571 1 0 1706820860
WALL 21206571 1 0 1706820861
WALL 21206571 1 0 1706820862
WALL 21206571 1 0 1706820863
WALL 21206571 1 0 1706820864
WALL 21206571 1 0 1706820865
WALL 21206571 1 0 1706820866
WALL 21206571 1 0 1706820867
WALL 21206571 1 0 1706820868
WALL 21206571 1 0 1706820869
WALL 21206571 1 0 1706820870
WALL 21206571 1 0 1706820871
WALL 21206571 1 0 1706820872
WALL 21206571 1 0 1706820873
WALL 21206571 1 0 1706820874
WALL 21206571 1 0 1706820875
WALL 21206571 1 0 1706820876
WALL 21206571 1 0 1706820877
WALL 21206571 1 0 1706820878
WALL 21206571 1 0 1706820879
WALL 21206571 1 0 1706820880
WALL 21206571 1 0 1706820881
WALL 21206571 1 0 1706820882
WALL 21206571 1 0 1706820883
WALL 21206571 1 0 1706820884
WALL 21206571 1 0 1706820885
WALL 21206571 1 0 1706820886
WALL 21206571 1 0 1706820887
WALL 21206571 1 0 1706820888
WALL 21206571 1 0 1706820889
WALL 21206571 1 0 1706820890
WALL 21206571 1 0 1706820891
WALL 21206571 1 0 1706820892
WALL 21206571 1 0 1706820893
WALL 21206571 1 0 1706820894
WALL 21206571 1 0 1706820895
WALL 21206571 1 0 1706820896
WALL 21206571 1 0 1706820897
WALL 21206571 1 0 1706820898
WALL 21206571 1 0 1706820899
WALL 21206571 1 0 1706820900
WALL 21206571 1 0 1706820901
WALL 21206571 1 0 1706820902
WALL 21206571 1 0 1706820903
WALL 21206571 1 0 1706820904
WALL 21206571 1 0 1706820905
WALL 21206571 1 0 1706820906
WALL 21206571 1 0 1706820907
WALL 21206571 1 0 1706820908
WALL 21206571 1 0 1706820909
WALL 21206571 1 0 1706820910
WALL 21206571 1 0 1706820911
WALL 21206571 1 0 1706820912
WALL 21206571 1 0 1706820913
WALL 21206571 1 0 1706820914
WALL 21206571 1 0 1706820915
WALL 21206571 1 0 1706820916
WALL 21206571 1 0 1706820917
WALL 21206571 1 0 1706820918
WALL 21206571 1 0 1706820919
WALL 21206571 1 0 1706820920
WALL 21206571 1 0 1706820921
WALL 21206571 1 0 1706820922
WALL 21206571 1 0 1706820923
WALL 21206571 1 0 1706820924
WALL 21206571 1 0 1706820925
WALL 21206571 1 0 1706820926
WALL 21206571 1 0 1706820927
WALL 21206571 1 0 1706820928
WALL 21206571 1 0 1706820929
WALL 21206571 1 0 1706820930
WALL 21206571 1 0 1706820931
WALL 21206571 1 0 1706820932
WALL 21206571 1 0 1706820933
WALL 21206571 1 0 1706820934
WALL 21206571 1 0 1706820935
WALL 21206571 1 0 1706820936
WALL 21206571 1 0 1706820937
WALL 21206571 1 0 1706820938
WALL 21206571 1 0 1706820939
WALL 21206571 1 0 1706820940
WALL 21206571 1 0 1706820941
WALL 21206571 1 0 1706820942
WALL 21206571 1 0 1706820943
WALL 21206571 1 0 1706820944
WALL 21206571 1 0 1706820945
WALL 21206571 1 0 1706820946
WALL 21206571 1 0 1706820947
WALL 21206571 1 0 1706820948
WALL 21206571 1 0 1706820949
WALL 21206571 1 0 1706820950
WALL 21206571 1 0 1706820951
WALL 21206571 1 0 1706820952
WALL 21206571 1 0 1706820953
WALL 21206571 1 0 1706820954
WALL 21206571 1 0 1706820955
WALL 21206571 1 0 1706820956
WALL 21206571 1 0 1706820957
WALL 21206571 1 0 1706820958
WALL 21206571 1 0 1706820959
WALL 21206571 1 0 1706820960
WALL 21206571 1 0 1706820961
WALL 21206571 1 0 1706820962
WALL 21206571 1 0 1706820963
WALL 21206571 1 0 1706820964
WALL 21206571 1 0 1706820965
WALL 21206571 1 0 1706820966
WALL 21206571 1 0 1706820967
WALL 21206571 1 0 1706820968
WALL 21206571 1 0 1706820969
WALL 21206571 1 0 1706820970
WALL 21206571 1 0 1706820971
WALL 21206571 1 0 1706820972
WALL 21206571 1 0 1706820973
WALL 21206571 1 0 1706820974
WALL 21206571 1 0 1706820975
WALL 21206571 1 0 1706820976
WALL 21206571 1 0 1706820977
WALL 21206571 1 0 1706820978
WALL 21206571 1 0 1706820979
WALL 21206571 1 0 1706820980
WALL 21206571 1 0 1706820981
WALL 21206571 1 0 1706820982
WALL 21206571 1 0 1706820983
WALL 21206571 1 0 1706820984
WALL 21206571 1 0 1706820985
WALL 21206571 1 0 1706820986
WALL 21206571 1 0 1706820987
WALL 21206571 1 0 1706820988
received SIGTERM 1706820989
WALL 21206571 1 0 1706820989
slurmstepd: error: *** STEP 21206571.0 ON nid200020 CANCELLED AT 2024-02-01T20:56:29 ***
received SIGCONT 1706820989
WALL 21206571 1 0 1706820989
WALL 21206571 1 0 1706820990
WALL 21206571 1 0 1706820991
WALL 21206571 1 0 1706820992
WALL 21206571 1 0 1706820993
WALL 21206571 1 0 1706820994
WALL 21206571 1 0 1706820995
WALL 21206571 1 0 1706820996
WALL 21206571 1 0 1706820997
WALL 21206571 1 0 1706820998
WALL 21206571 1 0 1706820999
WALL 21206571 1 0 1706821000
WALL 21206571 1 0 1706821001
WALL 21206571 1 0 1706821002
WALL 21206571 1 0 1706821003
WALL 21206571 1 0 1706821004
WALL 21206571 1 0 1706821005
WALL 21206571 1 0 1706821006
WALL 21206571 1 0 1706821007
WALL 21206571 1 0 1706821008
WALL 21206571 1 0 1706821009
WALL 21206571 1 0 1706821010
WALL 21206571 1 0 1706821011
WALL 21206571 1 0 1706821012
WALL 21206571 1 0 1706821013
WALL 21206571 1 0 1706821014
WALL 21206571 1 0 1706821015
WALL 21206571 1 0 1706821016
WALL 21206571 1 0 1706821017
WALL 21206571 1 0 1706821018
WALL 21206571 1 0 1706821019
WALL 21206571 1 0 1706821020
WALL 21206571 1 0 1706821021
WALL 21206571 1 0 1706821022
WALL 21206571 1 0 1706821023
WALL 21206571 1 0 1706821024
WALL 21206571 1 0 1706821025
WALL 21206571 1 0 1706821026
WALL 21206571 1 0 1706821027
WALL 21206571 1 0 1706821028
WALL 21206571 1 0 1706821029
WALL 21206571 1 0 1706821030
WALL 21206571 1 0 1706821031
WALL 21206571 1 0 1706821032
WALL 21206571 1 0 1706821033
WALL 21206571 1 0 1706821034
WALL 21206571 1 0 1706821035
WALL 21206571 1 0 1706821036
WALL 21206571 1 0 1706821037
WALL 21206571 1 0 1706821038
WALL 21206571 1 0 1706821039
WALL 21206571 1 0 1706821040
WALL 21206571 1 0 1706821041
WALL 21206571 1 0 1706821042
WALL 21206571 1 0 1706821043
WALL 21206571 1 0 1706821044
WALL 21206571 1 0 1706821045
WALL 21206571 1 0 1706821046
WALL 21206571 1 0 1706821047
WALL 21206571 1 0 1706821048
WALL 21206571 1 0 1706821049
WALL 21206571 1 0 1706821050
WALL 21206571 1 0 1706821051
WALL 21206571 1 0 1706821052
WALL 21206571 1 0 1706821053
WALL 21206571 1 0 1706821054
WALL 21206571 1 0 1706821055
WALL 21206571 1 0 1706821056
WALL 21206571 1 0 1706821057
WALL 21206571 1 0 1706821058
WALL 21206571 1 0 1706821059
WALL 21206571 1 0 1706821060
WALL 21206571 1 0 1706821061
WALL 21206571 1 0 1706821062
WALL 21206571 1 0 1706821063
slurmstepd: error: *** JOB 21206571 ON nid200020 CANCELLED AT 2024-02-01T20:57:44 DUE TO PREEMPTION ***
WALL 21206571 1 0 1706821064
received SIGTERM 1706821064
WALL 21206571 1 0 1706821064
received SIGCONT 1706821064
WALL 21206571 1 0 1706821064
received SIGTERM 1706821064
WALL 21206571 1 0 1706821064
