WALL 21204824 1 0 1706819593
WALL 21204824 1 0 1706819594
WALL 21204824 1 0 1706819595
WALL 21204824 1 0 1706819596
WALL 21204824 1 0 1706819597
WALL 21204824 1 0 1706819598
WALL 21204824 1 0 1706819599
WALL 21204824 1 0 1706819600
WALL 21204824 1 0 1706819601
slurmstepd: error: *** STEP 21204824.0 ON nid200039 CANCELLED AT 2024-02-01T20:33:21 ***
received SIGTERM 1706819601
WALL 21204824 1 0 1706819601
received SIGCONT 1706819601
WALL 21204824 1 0 1706819601
WALL 21204824 1 0 1706819602
WALL 21204824 1 0 1706819603
WALL 21204824 1 0 1706819604
WALL 21204824 1 0 1706819605
WALL 21204824 1 0 1706819606
WALL 21204824 1 0 1706819607
WALL 21204824 1 0 1706819608
WALL 21204824 1 0 1706819609
WALL 21204824 1 0 1706819610
WALL 21204824 1 0 1706819611
WALL 21204824 1 0 1706819612
WALL 21204824 1 0 1706819613
WALL 21204824 1 0 1706819614
WALL 21204824 1 0 1706819615
WALL 21204824 1 0 1706819616
WALL 21204824 1 0 1706819617
WALL 21204824 1 0 1706819618
WALL 21204824 1 0 1706819619
WALL 21204824 1 0 1706819620
WALL 21204824 1 0 1706819621
WALL 21204824 1 0 1706819622
WALL 21204824 1 0 1706819623
WALL 21204824 1 0 1706819624
WALL 21204824 1 0 1706819625
WALL 21204824 1 0 1706819626
WALL 21204824 1 0 1706819627
WALL 21204824 1 0 1706819628
WALL 21204824 1 0 1706819629
WALL 21204824 1 0 1706819630
WALL 21204824 1 0 1706819631
WALL 21204824 1 0 1706819632
WALL 21204824 1 0 1706819633
WALL 21204824 1 0 1706819634
WALL 21204824 1 0 1706819635
WALL 21204824 1 0 1706819636
WALL 21204824 1 0 1706819637
WALL 21204824 1 0 1706819638
WALL 21204824 1 0 1706819639
WALL 21204824 1 0 1706819640
WALL 21204824 1 0 1706819641
WALL 21204824 1 0 1706819642
WALL 21204824 1 0 1706819643
WALL 21204824 1 0 1706819644
WALL 21204824 1 0 1706819645
WALL 21204824 1 0 1706819646
WALL 21204824 1 0 1706819647
WALL 21204824 1 0 1706819648
WALL 21204824 1 0 1706819649
WALL 21204824 1 0 1706819650
WALL 21204824 1 0 1706819651
WALL 21204824 1 0 1706819652
WALL 21204824 1 0 1706819653
WALL 21204824 1 0 1706819654
WALL 21204824 1 0 1706819655
WALL 21204824 1 0 1706819656
WALL 21204824 1 0 1706819657
WALL 21204824 1 0 1706819658
WALL 21204824 1 0 1706819659
WALL 21204824 1 0 1706819660
WALL 21204824 1 0 1706819661
WALL 21204824 1 0 1706819662
WALL 21204824 1 0 1706819663
WALL 21204824 1 0 1706819664
WALL 21204824 1 0 1706819665
WALL 21204824 1 0 1706819666
WALL 21204824 1 0 1706819667
WALL 21204824 1 0 1706819668
WALL 21204824 1 0 1706819669
WALL 21204824 1 0 1706819670
WALL 21204824 1 0 1706819671
WALL 21204824 1 0 1706819672
WALL 21204824 1 0 1706819673
WALL 21204824 1 0 1706819674
slurmstepd: error: *** JOB 21204824 ON nid200039 CANCELLED AT 2024-02-01T20:34:35 DUE TO PREEMPTION ***
received SIGTERM 1706819675
WALL 21204824 1 0 1706819675
received SIGCONT 1706819675
WALL 21204824 1 0 1706819675
received SIGTERM 1706819675
WALL 21204824 1 0 1706819675
