WALL 21086939 1 0 1706656271
WALL 21086939 1 0 1706656272
WALL 21086939 1 0 1706656273
WALL 21086939 1 0 1706656274
WALL 21086939 1 0 1706656275
WALL 21086939 1 0 1706656276
WALL 21086939 1 0 1706656277
WALL 21086939 1 0 1706656278
WALL 21086939 1 0 1706656279
WALL 21086939 1 0 1706656280
WALL 21086939 1 0 1706656281
WALL 21086939 1 0 1706656282
WALL 21086939 1 0 1706656283
WALL 21086939 1 0 1706656284
WALL 21086939 1 0 1706656285
WALL 21086939 1 0 1706656286
WALL 21086939 1 0 1706656287
WALL 21086939 1 0 1706656288
WALL 21086939 1 0 1706656289
WALL 21086939 1 0 1706656290
WALL 21086939 1 0 1706656291
WALL 21086939 1 0 1706656292
WALL 21086939 1 0 1706656293
WALL 21086939 1 0 1706656294
WALL 21086939 1 0 1706656295
WALL 21086939 1 0 1706656296
WALL 21086939 1 0 1706656297
WALL 21086939 1 0 1706656298
WALL 21086939 1 0 1706656299
WALL 21086939 1 0 1706656300
WALL 21086939 1 0 1706656301
WALL 21086939 1 0 1706656302
WALL 21086939 1 0 1706656303
WALL 21086939 1 0 1706656304
WALL 21086939 1 0 1706656305
WALL 21086939 1 0 1706656306
WALL 21086939 1 0 1706656307
WALL 21086939 1 0 1706656308
WALL 21086939 1 0 1706656309
WALL 21086939 1 0 1706656310
WALL 21086939 1 0 1706656311
WALL 21086939 1 0 1706656312
WALL 21086939 1 0 1706656313
WALL 21086939 1 0 1706656314
WALL 21086939 1 0 1706656315
WALL 21086939 1 0 1706656316
WALL 21086939 1 0 1706656317
WALL 21086939 1 0 1706656318
WALL 21086939 1 0 1706656319
WALL 21086939 1 0 1706656320
WALL 21086939 1 0 1706656321
WALL 21086939 1 0 1706656322
WALL 21086939 1 0 1706656323
WALL 21086939 1 0 1706656324
WALL 21086939 1 0 1706656325
WALL 21086939 1 0 1706656326
WALL 21086939 1 0 1706656327
WALL 21086939 1 0 1706656328
WALL 21086939 1 0 1706656329
WALL 21086939 1 0 1706656330
WALL 21086939 1 0 1706656331
WALL 21086939 1 0 1706656332
WALL 21086939 1 0 1706656333
WALL 21086939 1 0 1706656334
WALL 21086939 1 0 1706656335
WALL 21086939 1 0 1706656336
WALL 21086939 1 0 1706656337
WALL 21086939 1 0 1706656338
WALL 21086939 1 0 1706656339
WALL 21086939 1 0 1706656340
WALL 21086939 1 0 1706656341
WALL 21086939 1 0 1706656342
WALL 21086939 1 0 1706656343
WALL 21086939 1 0 1706656344
WALL 21086939 1 0 1706656345
WALL 21086939 1 0 1706656346
WALL 21086939 1 0 1706656347
WALL 21086939 1 0 1706656348
WALL 21086939 1 0 1706656349
WALL 21086939 1 0 1706656350
WALL 21086939 1 0 1706656351
WALL 21086939 1 0 1706656352
WALL 21086939 1 0 1706656353
WALL 21086939 1 0 1706656354
WALL 21086939 1 0 1706656355
WALL 21086939 1 0 1706656356
WALL 21086939 1 0 1706656357
WALL 21086939 1 0 1706656358
WALL 21086939 1 0 1706656359
WALL 21086939 1 0 1706656360
WALL 21086939 1 0 1706656361
WALL 21086939 1 0 1706656362
WALL 21086939 1 0 1706656363
WALL 21086939 1 0 1706656364
WALL 21086939 1 0 1706656365
WALL 21086939 1 0 1706656366
WALL 21086939 1 0 1706656367
WALL 21086939 1 0 1706656368
WALL 21086939 1 0 1706656369
WALL 21086939 1 0 1706656370
WALL 21086939 1 0 1706656371
WALL 21086939 1 0 1706656372
WALL 21086939 1 0 1706656373
WALL 21086939 1 0 1706656374
WALL 21086939 1 0 1706656375
WALL 21086939 1 0 1706656376
WALL 21086939 1 0 1706656377
WALL 21086939 1 0 1706656378
WALL 21086939 1 0 1706656379
WALL 21086939 1 0 1706656380
WALL 21086939 1 0 1706656381
WALL 21086939 1 0 1706656382
WALL 21086939 1 0 1706656383
WALL 21086939 1 0 1706656384
WALL 21086939 1 0 1706656385
WALL 21086939 1 0 1706656386
WALL 21086939 1 0 1706656387
WALL 21086939 1 0 1706656388
WALL 21086939 1 0 1706656389
WALL 21086939 1 0 1706656390
WALL 21086939 1 0 1706656391
WALL 21086939 1 0 1706656392
WALL 21086939 1 0 1706656393
WALL 21086939 1 0 1706656394
WALL 21086939 1 0 1706656395
WALL 21086939 1 0 1706656396
WALL 21086939 1 0 1706656397
WALL 21086939 1 0 1706656398
WALL 21086939 1 0 1706656399
WALL 21086939 1 0 1706656400
WALL 21086939 1 0 1706656401
WALL 21086939 1 0 1706656402
WALL 21086939 1 0 1706656403
WALL 21086939 1 0 1706656404
WALL 21086939 1 0 1706656405
WALL 21086939 1 0 1706656406
WALL 21086939 1 0 1706656407
WALL 21086939 1 0 1706656408
WALL 21086939 1 0 1706656409
WALL 21086939 1 0 1706656410
WALL 21086939 1 0 1706656411
WALL 21086939 1 0 1706656412
WALL 21086939 1 0 1706656413
WALL 21086939 1 0 1706656414
WALL 21086939 1 0 1706656415
WALL 21086939 1 0 1706656416
WALL 21086939 1 0 1706656417
WALL 21086939 1 0 1706656418
WALL 21086939 1 0 1706656419
WALL 21086939 1 0 1706656420
WALL 21086939 1 0 1706656421
WALL 21086939 1 0 1706656422
WALL 21086939 1 0 1706656423
WALL 21086939 1 0 1706656424
WALL 21086939 1 0 1706656425
WALL 21086939 1 0 1706656426
WALL 21086939 1 0 1706656427
WALL 21086939 1 0 1706656428
WALL 21086939 1 0 1706656429
WALL 21086939 1 0 1706656430
WALL 21086939 1 0 1706656431
WALL 21086939 1 0 1706656432
WALL 21086939 1 0 1706656433
WALL 21086939 1 0 1706656434
WALL 21086939 1 0 1706656435
WALL 21086939 1 0 1706656436
WALL 21086939 1 0 1706656437
WALL 21086939 1 0 1706656438
WALL 21086939 1 0 1706656439
WALL 21086939 1 0 1706656440
WALL 21086939 1 0 1706656441
WALL 21086939 1 0 1706656442
WALL 21086939 1 0 1706656443
WALL 21086939 1 0 1706656444
WALL 21086939 1 0 1706656445
WALL 21086939 1 0 1706656446
WALL 21086939 1 0 1706656447
WALL 21086939 1 0 1706656448
WALL 21086939 1 0 1706656449
WALL 21086939 1 0 1706656450
WALL 21086939 1 0 1706656451
WALL 21086939 1 0 1706656452
WALL 21086939 1 0 1706656453
WALL 21086939 1 0 1706656454
WALL 21086939 1 0 1706656455
WALL 21086939 1 0 1706656456
WALL 21086939 1 0 1706656457
WALL 21086939 1 0 1706656458
WALL 21086939 1 0 1706656459
WALL 21086939 1 0 1706656460
WALL 21086939 1 0 1706656461
WALL 21086939 1 0 1706656462
WALL 21086939 1 0 1706656463
WALL 21086939 1 0 1706656464
WALL 21086939 1 0 1706656465
WALL 21086939 1 0 1706656466
WALL 21086939 1 0 1706656467
WALL 21086939 1 0 1706656468
WALL 21086939 1 0 1706656469
WALL 21086939 1 0 1706656470
WALL 21086939 1 0 1706656471
WALL 21086939 1 0 1706656472
WALL 21086939 1 0 1706656473
WALL 21086939 1 0 1706656474
WALL 21086939 1 0 1706656475
WALL 21086939 1 0 1706656476
WALL 21086939 1 0 1706656477
WALL 21086939 1 0 1706656478
WALL 21086939 1 0 1706656479
WALL 21086939 1 0 1706656480
WALL 21086939 1 0 1706656481
WALL 21086939 1 0 1706656482
WALL 21086939 1 0 1706656483
WALL 21086939 1 0 1706656484
WALL 21086939 1 0 1706656485
WALL 21086939 1 0 1706656486
WALL 21086939 1 0 1706656487
WALL 21086939 1 0 1706656488
WALL 21086939 1 0 1706656489
WALL 21086939 1 0 1706656490
WALL 21086939 1 0 1706656491
WALL 21086939 1 0 1706656492
WALL 21086939 1 0 1706656493
WALL 21086939 1 0 1706656494
WALL 21086939 1 0 1706656495
WALL 21086939 1 0 1706656496
WALL 21086939 1 0 1706656497
WALL 21086939 1 0 1706656498
WALL 21086939 1 0 1706656499
WALL 21086939 1 0 1706656500
WALL 21086939 1 0 1706656501
WALL 21086939 1 0 1706656502
WALL 21086939 1 0 1706656503
WALL 21086939 1 0 1706656504
WALL 21086939 1 0 1706656505
WALL 21086939 1 0 1706656506
WALL 21086939 1 0 1706656507
WALL 21086939 1 0 1706656508
WALL 21086939 1 0 1706656509
WALL 21086939 1 0 1706656510
WALL 21086939 1 0 1706656511
WALL 21086939 1 0 1706656512
WALL 21086939 1 0 1706656513
WALL 21086939 1 0 1706656514
WALL 21086939 1 0 1706656515
WALL 21086939 1 0 1706656516
WALL 21086939 1 0 1706656517
WALL 21086939 1 0 1706656518
WALL 21086939 1 0 1706656519
WALL 21086939 1 0 1706656520
WALL 21086939 1 0 1706656521
WALL 21086939 1 0 1706656522
WALL 21086939 1 0 1706656523
WALL 21086939 1 0 1706656524
WALL 21086939 1 0 1706656525
WALL 21086939 1 0 1706656526
WALL 21086939 1 0 1706656527
WALL 21086939 1 0 1706656528
WALL 21086939 1 0 1706656529
WALL 21086939 1 0 1706656530
WALL 21086939 1 0 1706656531
WALL 21086939 1 0 1706656532
WALL 21086939 1 0 1706656533
WALL 21086939 1 0 1706656534
WALL 21086939 1 0 1706656535
WALL 21086939 1 0 1706656536
WALL 21086939 1 0 1706656537
WALL 21086939 1 0 1706656538
WALL 21086939 1 0 1706656539
WALL 21086939 1 0 1706656540
WALL 21086939 1 0 1706656541
WALL 21086939 1 0 1706656542
WALL 21086939 1 0 1706656543
WALL 21086939 1 0 1706656544
WALL 21086939 1 0 1706656545
WALL 21086939 1 0 1706656546
WALL 21086939 1 0 1706656547
WALL 21086939 1 0 1706656548
WALL 21086939 1 0 1706656549
WALL 21086939 1 0 1706656550
WALL 21086939 1 0 1706656551
WALL 21086939 1 0 1706656552
WALL 21086939 1 0 1706656553
WALL 21086939 1 0 1706656554
WALL 21086939 1 0 1706656555
WALL 21086939 1 0 1706656556
WALL 21086939 1 0 1706656557
WALL 21086939 1 0 1706656558
WALL 21086939 1 0 1706656559
WALL 21086939 1 0 1706656560
WALL 21086939 1 0 1706656561
WALL 21086939 1 0 1706656562
WALL 21086939 1 0 1706656563
WALL 21086939 1 0 1706656564
WALL 21086939 1 0 1706656565
WALL 21086939 1 0 1706656566
WALL 21086939 1 0 1706656567
WALL 21086939 1 0 1706656568
WALL 21086939 1 0 1706656569
WALL 21086939 1 0 1706656570
WALL 21086939 1 0 1706656571
WALL 21086939 1 0 1706656572
WALL 21086939 1 0 1706656573
WALL 21086939 1 0 1706656574
WALL 21086939 1 0 1706656575
WALL 21086939 1 0 1706656576
WALL 21086939 1 0 1706656577
WALL 21086939 1 0 1706656578
WALL 21086939 1 0 1706656579
WALL 21086939 1 0 1706656580
WALL 21086939 1 0 1706656581
WALL 21086939 1 0 1706656582
WALL 21086939 1 0 1706656583
WALL 21086939 1 0 1706656584
WALL 21086939 1 0 1706656585
WALL 21086939 1 0 1706656586
WALL 21086939 1 0 1706656587
WALL 21086939 1 0 1706656588
WALL 21086939 1 0 1706656589
WALL 21086939 1 0 1706656590
WALL 21086939 1 0 1706656591
WALL 21086939 1 0 1706656592
WALL 21086939 1 0 1706656593
WALL 21086939 1 0 1706656594
WALL 21086939 1 0 1706656595
WALL 21086939 1 0 1706656596
WALL 21086939 1 0 1706656597
WALL 21086939 1 0 1706656598
WALL 21086939 1 0 1706656599
WALL 21086939 1 0 1706656600
WALL 21086939 1 0 1706656601
WALL 21086939 1 0 1706656602
WALL 21086939 1 0 1706656603
WALL 21086939 1 0 1706656604
WALL 21086939 1 0 1706656605
WALL 21086939 1 0 1706656606
WALL 21086939 1 0 1706656607
WALL 21086939 1 0 1706656608
WALL 21086939 1 0 1706656609
WALL 21086939 1 0 1706656610
WALL 21086939 1 0 1706656611
WALL 21086939 1 0 1706656612
WALL 21086939 1 0 1706656613
WALL 21086939 1 0 1706656614
WALL 21086939 1 0 1706656615
WALL 21086939 1 0 1706656616
WALL 21086939 1 0 1706656617
WALL 21086939 1 0 1706656618
WALL 21086939 1 0 1706656619
WALL 21086939 1 0 1706656620
WALL 21086939 1 0 1706656621
WALL 21086939 1 0 1706656622
WALL 21086939 1 0 1706656623
WALL 21086939 1 0 1706656624
WALL 21086939 1 0 1706656625
WALL 21086939 1 0 1706656626
WALL 21086939 1 0 1706656627
WALL 21086939 1 0 1706656628
WALL 21086939 1 0 1706656629
WALL 21086939 1 0 1706656630
WALL 21086939 1 0 1706656631
WALL 21086939 1 0 1706656632
WALL 21086939 1 0 1706656633
WALL 21086939 1 0 1706656634
WALL 21086939 1 0 1706656635
WALL 21086939 1 0 1706656636
WALL 21086939 1 0 1706656637
WALL 21086939 1 0 1706656638
WALL 21086939 1 0 1706656639
WALL 21086939 1 0 1706656640
WALL 21086939 1 0 1706656641
WALL 21086939 1 0 1706656642
WALL 21086939 1 0 1706656643
WALL 21086939 1 0 1706656644
WALL 21086939 1 0 1706656645
WALL 21086939 1 0 1706656646
WALL 21086939 1 0 1706656647
WALL 21086939 1 0 1706656648
WALL 21086939 1 0 1706656649
WALL 21086939 1 0 1706656650
WALL 21086939 1 0 1706656651
WALL 21086939 1 0 1706656652
WALL 21086939 1 0 1706656653
WALL 21086939 1 0 1706656654
WALL 21086939 1 0 1706656655
WALL 21086939 1 0 1706656656
WALL 21086939 1 0 1706656657
WALL 21086939 1 0 1706656658
WALL 21086939 1 0 1706656659
WALL 21086939 1 0 1706656660
WALL 21086939 1 0 1706656661
WALL 21086939 1 0 1706656662
WALL 21086939 1 0 1706656663
WALL 21086939 1 0 1706656664
WALL 21086939 1 0 1706656665
WALL 21086939 1 0 1706656666
WALL 21086939 1 0 1706656667
WALL 21086939 1 0 1706656668
WALL 21086939 1 0 1706656669
WALL 21086939 1 0 1706656670
WALL 21086939 1 0 1706656671
WALL 21086939 1 0 1706656672
WALL 21086939 1 0 1706656673
WALL 21086939 1 0 1706656674
WALL 21086939 1 0 1706656675
WALL 21086939 1 0 1706656676
WALL 21086939 1 0 1706656677
WALL 21086939 1 0 1706656678
WALL 21086939 1 0 1706656679
WALL 21086939 1 0 1706656680
WALL 21086939 1 0 1706656681
WALL 21086939 1 0 1706656682
WALL 21086939 1 0 1706656683
WALL 21086939 1 0 1706656684
WALL 21086939 1 0 1706656685
WALL 21086939 1 0 1706656686
WALL 21086939 1 0 1706656687
WALL 21086939 1 0 1706656688
WALL 21086939 1 0 1706656689
WALL 21086939 1 0 1706656690
WALL 21086939 1 0 1706656691
WALL 21086939 1 0 1706656692
WALL 21086939 1 0 1706656693
WALL 21086939 1 0 1706656694
WALL 21086939 1 0 1706656695
WALL 21086939 1 0 1706656696
WALL 21086939 1 0 1706656697
WALL 21086939 1 0 1706656698
WALL 21086939 1 0 1706656699
WALL 21086939 1 0 1706656700
WALL 21086939 1 0 1706656701
WALL 21086939 1 0 1706656702
WALL 21086939 1 0 1706656703
WALL 21086939 1 0 1706656704
WALL 21086939 1 0 1706656705
WALL 21086939 1 0 1706656706
WALL 21086939 1 0 1706656707
WALL 21086939 1 0 1706656708
WALL 21086939 1 0 1706656709
WALL 21086939 1 0 1706656710
WALL 21086939 1 0 1706656711
WALL 21086939 1 0 1706656712
WALL 21086939 1 0 1706656713
WALL 21086939 1 0 1706656714
WALL 21086939 1 0 1706656715
WALL 21086939 1 0 1706656716
WALL 21086939 1 0 1706656717
WALL 21086939 1 0 1706656718
WALL 21086939 1 0 1706656719
WALL 21086939 1 0 1706656720
WALL 21086939 1 0 1706656721
WALL 21086939 1 0 1706656722
WALL 21086939 1 0 1706656723
WALL 21086939 1 0 1706656724
WALL 21086939 1 0 1706656725
WALL 21086939 1 0 1706656726
WALL 21086939 1 0 1706656727
WALL 21086939 1 0 1706656728
WALL 21086939 1 0 1706656729
WALL 21086939 1 0 1706656730
WALL 21086939 1 0 1706656731
WALL 21086939 1 0 1706656732
WALL 21086939 1 0 1706656733
WALL 21086939 1 0 1706656734
WALL 21086939 1 0 1706656735
WALL 21086939 1 0 1706656736
WALL 21086939 1 0 1706656737
WALL 21086939 1 0 1706656738
WALL 21086939 1 0 1706656739
WALL 21086939 1 0 1706656740
WALL 21086939 1 0 1706656741
WALL 21086939 1 0 1706656742
WALL 21086939 1 0 1706656743
WALL 21086939 1 0 1706656744
WALL 21086939 1 0 1706656745
WALL 21086939 1 0 1706656746
WALL 21086939 1 0 1706656747
WALL 21086939 1 0 1706656748
WALL 21086939 1 0 1706656749
WALL 21086939 1 0 1706656750
WALL 21086939 1 0 1706656751
WALL 21086939 1 0 1706656752
WALL 21086939 1 0 1706656753
WALL 21086939 1 0 1706656754
WALL 21086939 1 0 1706656755
WALL 21086939 1 0 1706656756
WALL 21086939 1 0 1706656757
WALL 21086939 1 0 1706656758
WALL 21086939 1 0 1706656759
WALL 21086939 1 0 1706656760
WALL 21086939 1 0 1706656761
WALL 21086939 1 0 1706656762
WALL 21086939 1 0 1706656763
WALL 21086939 1 0 1706656764
WALL 21086939 1 0 1706656765
WALL 21086939 1 0 1706656766
WALL 21086939 1 0 1706656767
WALL 21086939 1 0 1706656768
WALL 21086939 1 0 1706656769
WALL 21086939 1 0 1706656770
received SIGCONT 1706656770
WALL 21086939 1 0 1706656770
slurmstepd: error: *** STEP 21086939.0 ON nid200182 CANCELLED AT 2024-01-30T23:19:30 ***
received SIGTERM 1706656770
WALL 21086939 1 0 1706656770
WALL 21086939 1 0 1706656771
WALL 21086939 1 0 1706656772
WALL 21086939 1 0 1706656773
WALL 21086939 1 0 1706656774
WALL 21086939 1 0 1706656775
WALL 21086939 1 0 1706656776
WALL 21086939 1 0 1706656777
WALL 21086939 1 0 1706656778
WALL 21086939 1 0 1706656779
WALL 21086939 1 0 1706656780
WALL 21086939 1 0 1706656781
WALL 21086939 1 0 1706656782
WALL 21086939 1 0 1706656783
WALL 21086939 1 0 1706656784
WALL 21086939 1 0 1706656785
WALL 21086939 1 0 1706656786
WALL 21086939 1 0 1706656787
WALL 21086939 1 0 1706656788
WALL 21086939 1 0 1706656789
WALL 21086939 1 0 1706656790
WALL 21086939 1 0 1706656791
WALL 21086939 1 0 1706656792
WALL 21086939 1 0 1706656793
WALL 21086939 1 0 1706656794
WALL 21086939 1 0 1706656795
WALL 21086939 1 0 1706656796
WALL 21086939 1 0 1706656797
WALL 21086939 1 0 1706656798
WALL 21086939 1 0 1706656799
WALL 21086939 1 0 1706656800
WALL 21086939 1 0 1706656801
WALL 21086939 1 0 1706656802
WALL 21086939 1 0 1706656803
WALL 21086939 1 0 1706656804
WALL 21086939 1 0 1706656805
WALL 21086939 1 0 1706656806
WALL 21086939 1 0 1706656807
WALL 21086939 1 0 1706656808
WALL 21086939 1 0 1706656809
WALL 21086939 1 0 1706656810
WALL 21086939 1 0 1706656811
WALL 21086939 1 0 1706656812
WALL 21086939 1 0 1706656813
WALL 21086939 1 0 1706656814
WALL 21086939 1 0 1706656815
WALL 21086939 1 0 1706656816
WALL 21086939 1 0 1706656817
WALL 21086939 1 0 1706656818
WALL 21086939 1 0 1706656819
WALL 21086939 1 0 1706656820
WALL 21086939 1 0 1706656821
WALL 21086939 1 0 1706656822
WALL 21086939 1 0 1706656823
WALL 21086939 1 0 1706656824
WALL 21086939 1 0 1706656825
WALL 21086939 1 0 1706656826
WALL 21086939 1 0 1706656827
WALL 21086939 1 0 1706656828
WALL 21086939 1 0 1706656829
WALL 21086939 1 0 1706656830
WALL 21086939 1 0 1706656831
WALL 21086939 1 0 1706656832
WALL 21086939 1 0 1706656833
WALL 21086939 1 0 1706656834
slurmstepd: error: *** JOB 21086939 ON nid200182 CANCELLED AT 2024-01-30T23:20:34 DUE TO PREEMPTION ***
received SIGTERM 1706656834
WALL 21086939 1 0 1706656834
received SIGCONT 1706656834
WALL 21086939 1 0 1706656834
received SIGTERM 1706656834
WALL 21086939 1 0 1706656834
