WALL 21207887 1 0 1706821841
WALL 21207887 1 0 1706821842
WALL 21207887 1 0 1706821843
WALL 21207887 1 0 1706821844
WALL 21207887 1 0 1706821845
WALL 21207887 1 0 1706821846
WALL 21207887 1 0 1706821847
WALL 21207887 1 0 1706821848
WALL 21207887 1 0 1706821849
WALL 21207887 1 0 1706821850
WALL 21207887 1 0 1706821851
WALL 21207887 1 0 1706821852
WALL 21207887 1 0 1706821853
WALL 21207887 1 0 1706821854
WALL 21207887 1 0 1706821855
WALL 21207887 1 0 1706821856
WALL 21207887 1 0 1706821857
WALL 21207887 1 0 1706821858
WALL 21207887 1 0 1706821859
WALL 21207887 1 0 1706821860
WALL 21207887 1 0 1706821861
WALL 21207887 1 0 1706821862
WALL 21207887 1 0 1706821863
WALL 21207887 1 0 1706821864
WALL 21207887 1 0 1706821865
WALL 21207887 1 0 1706821866
WALL 21207887 1 0 1706821867
WALL 21207887 1 0 1706821868
WALL 21207887 1 0 1706821869
WALL 21207887 1 0 1706821870
WALL 21207887 1 0 1706821871
WALL 21207887 1 0 1706821872
WALL 21207887 1 0 1706821873
WALL 21207887 1 0 1706821874
WALL 21207887 1 0 1706821875
WALL 21207887 1 0 1706821876
WALL 21207887 1 0 1706821877
WALL 21207887 1 0 1706821878
WALL 21207887 1 0 1706821879
WALL 21207887 1 0 1706821880
WALL 21207887 1 0 1706821881
WALL 21207887 1 0 1706821882
WALL 21207887 1 0 1706821883
WALL 21207887 1 0 1706821884
WALL 21207887 1 0 1706821885
WALL 21207887 1 0 1706821886
WALL 21207887 1 0 1706821887
WALL 21207887 1 0 1706821888
WALL 21207887 1 0 1706821889
WALL 21207887 1 0 1706821890
WALL 21207887 1 0 1706821891
WALL 21207887 1 0 1706821892
WALL 21207887 1 0 1706821893
WALL 21207887 1 0 1706821894
WALL 21207887 1 0 1706821895
WALL 21207887 1 0 1706821896
WALL 21207887 1 0 1706821897
WALL 21207887 1 0 1706821898
WALL 21207887 1 0 1706821899
WALL 21207887 1 0 1706821900
WALL 21207887 1 0 1706821901
WALL 21207887 1 0 1706821902
WALL 21207887 1 0 1706821903
WALL 21207887 1 0 1706821904
WALL 21207887 1 0 1706821905
WALL 21207887 1 0 1706821906
WALL 21207887 1 0 1706821907
WALL 21207887 1 0 1706821908
WALL 21207887 1 0 1706821909
WALL 21207887 1 0 1706821910
WALL 21207887 1 0 1706821911
WALL 21207887 1 0 1706821912
WALL 21207887 1 0 1706821913
WALL 21207887 1 0 1706821914
WALL 21207887 1 0 1706821915
WALL 21207887 1 0 1706821916
WALL 21207887 1 0 1706821917
WALL 21207887 1 0 1706821918
WALL 21207887 1 0 1706821919
WALL 21207887 1 0 1706821920
WALL 21207887 1 0 1706821921
WALL 21207887 1 0 1706821922
WALL 21207887 1 0 1706821923
WALL 21207887 1 0 1706821924
WALL 21207887 1 0 1706821925
WALL 21207887 1 0 1706821926
WALL 21207887 1 0 1706821927
WALL 21207887 1 0 1706821928
WALL 21207887 1 0 1706821929
WALL 21207887 1 0 1706821930
WALL 21207887 1 0 1706821931
WALL 21207887 1 0 1706821932
WALL 21207887 1 0 1706821933
WALL 21207887 1 0 1706821934
slurmstepd: error: *** STEP 21207887.0 ON nid200187 CANCELLED AT 2024-02-01T21:12:14 ***
received SIGTERM 1706821934
WALL 21207887 1 0 1706821934
received SIGCONT 1706821934
WALL 21207887 1 0 1706821934
WALL 21207887 1 0 1706821935
WALL 21207887 1 0 1706821936
WALL 21207887 1 0 1706821937
WALL 21207887 1 0 1706821938
WALL 21207887 1 0 1706821939
WALL 21207887 1 0 1706821940
WALL 21207887 1 0 1706821941
WALL 21207887 1 0 1706821942
WALL 21207887 1 0 1706821943
WALL 21207887 1 0 1706821944
WALL 21207887 1 0 1706821945
WALL 21207887 1 0 1706821946
WALL 21207887 1 0 1706821947
WALL 21207887 1 0 1706821948
WALL 21207887 1 0 1706821949
WALL 21207887 1 0 1706821950
WALL 21207887 1 0 1706821951
WALL 21207887 1 0 1706821952
WALL 21207887 1 0 1706821953
WALL 21207887 1 0 1706821954
WALL 21207887 1 0 1706821955
WALL 21207887 1 0 1706821956
WALL 21207887 1 0 1706821957
WALL 21207887 1 0 1706821958
WALL 21207887 1 0 1706821959
WALL 21207887 1 0 1706821960
WALL 21207887 1 0 1706821961
WALL 21207887 1 0 1706821962
WALL 21207887 1 0 1706821963
WALL 21207887 1 0 1706821964
WALL 21207887 1 0 1706821965
WALL 21207887 1 0 1706821966
WALL 21207887 1 0 1706821967
WALL 21207887 1 0 1706821968
WALL 21207887 1 0 1706821969
WALL 21207887 1 0 1706821970
WALL 21207887 1 0 1706821971
WALL 21207887 1 0 1706821972
WALL 21207887 1 0 1706821973
WALL 21207887 1 0 1706821974
WALL 21207887 1 0 1706821975
WALL 21207887 1 0 1706821976
WALL 21207887 1 0 1706821977
WALL 21207887 1 0 1706821978
WALL 21207887 1 0 1706821979
WALL 21207887 1 0 1706821980
WALL 21207887 1 0 1706821981
WALL 21207887 1 0 1706821982
WALL 21207887 1 0 1706821983
WALL 21207887 1 0 1706821984
WALL 21207887 1 0 1706821985
WALL 21207887 1 0 1706821986
WALL 21207887 1 0 1706821987
WALL 21207887 1 0 1706821988
WALL 21207887 1 0 1706821989
WALL 21207887 1 0 1706821990
WALL 21207887 1 0 1706821991
WALL 21207887 1 0 1706821992
WALL 21207887 1 0 1706821993
WALL 21207887 1 0 1706821994
WALL 21207887 1 0 1706821995
WALL 21207887 1 0 1706821996
WALL 21207887 1 0 1706821997
WALL 21207887 1 0 1706821998
WALL 21207887 1 0 1706821999
WALL 21207887 1 0 1706822000
WALL 21207887 1 0 1706822001
WALL 21207887 1 0 1706822002
WALL 21207887 1 0 1706822003
WALL 21207887 1 0 1706822004
WALL 21207887 1 0 1706822005
WALL 21207887 1 0 1706822006
WALL 21207887 1 0 1706822007
WALL 21207887 1 0 1706822008
slurmstepd: error: *** JOB 21207887 ON nid200187 CANCELLED AT 2024-02-01T21:13:29 DUE TO PREEMPTION ***
received SIGTERM 1706822009
WALL 21207887 1 0 1706822009
received SIGCONT 1706822009
WALL 21207887 1 0 1706822009
received SIGTERM 1706822009
WALL 21207887 1 0 1706822009
