WALL 21209568 1 0 1706825552
WALL 21209568 1 0 1706825553
slurmstepd: error: *** STEP 21209568.0 ON nid200043 CANCELLED AT 2024-02-01T22:12:34 ***
received SIGTERM 1706825554
WALL 21209568 1 0 1706825554
received SIGCONT 1706825554
WALL 21209568 1 0 1706825554
WALL 21209568 1 0 1706825555
WALL 21209568 1 0 1706825556
WALL 21209568 1 0 1706825557
WALL 21209568 1 0 1706825558
WALL 21209568 1 0 1706825559
WALL 21209568 1 0 1706825560
WALL 21209568 1 0 1706825561
WALL 21209568 1 0 1706825562
WALL 21209568 1 0 1706825563
WALL 21209568 1 0 1706825564
WALL 21209568 1 0 1706825565
WALL 21209568 1 0 1706825566
WALL 21209568 1 0 1706825567
WALL 21209568 1 0 1706825568
WALL 21209568 1 0 1706825569
WALL 21209568 1 0 1706825570
WALL 21209568 1 0 1706825571
WALL 21209568 1 0 1706825572
WALL 21209568 1 0 1706825573
WALL 21209568 1 0 1706825574
WALL 21209568 1 0 1706825575
WALL 21209568 1 0 1706825576
WALL 21209568 1 0 1706825577
WALL 21209568 1 0 1706825578
WALL 21209568 1 0 1706825579
WALL 21209568 1 0 1706825580
WALL 21209568 1 0 1706825581
WALL 21209568 1 0 1706825582
WALL 21209568 1 0 1706825583
WALL 21209568 1 0 1706825584
WALL 21209568 1 0 1706825585
WALL 21209568 1 0 1706825586
WALL 21209568 1 0 1706825587
WALL 21209568 1 0 1706825588
WALL 21209568 1 0 1706825589
WALL 21209568 1 0 1706825590
WALL 21209568 1 0 1706825591
WALL 21209568 1 0 1706825592
WALL 21209568 1 0 1706825593
WALL 21209568 1 0 1706825594
WALL 21209568 1 0 1706825595
WALL 21209568 1 0 1706825596
WALL 21209568 1 0 1706825597
WALL 21209568 1 0 1706825598
WALL 21209568 1 0 1706825599
WALL 21209568 1 0 1706825600
WALL 21209568 1 0 1706825601
WALL 21209568 1 0 1706825602
WALL 21209568 1 0 1706825603
WALL 21209568 1 0 1706825604
WALL 21209568 1 0 1706825605
WALL 21209568 1 0 1706825606
WALL 21209568 1 0 1706825607
WALL 21209568 1 0 1706825608
WALL 21209568 1 0 1706825609
WALL 21209568 1 0 1706825610
WALL 21209568 1 0 1706825611
WALL 21209568 1 0 1706825612
WALL 21209568 1 0 1706825613
WALL 21209568 1 0 1706825614
WALL 21209568 1 0 1706825615
WALL 21209568 1 0 1706825616
WALL 21209568 1 0 1706825617
WALL 21209568 1 0 1706825618
WALL 21209568 1 0 1706825619
WALL 21209568 1 0 1706825620
WALL 21209568 1 0 1706825621
WALL 21209568 1 0 1706825622
WALL 21209568 1 0 1706825623
WALL 21209568 1 0 1706825624
WALL 21209568 1 0 1706825625
WALL 21209568 1 0 1706825626
WALL 21209568 1 0 1706825627
WALL 21209568 1 0 1706825628
WALL 21209568 1 0 1706825629
WALL 21209568 1 0 1706825630
WALL 21209568 1 0 1706825631
WALL 21209568 1 0 1706825632
WALL 21209568 1 0 1706825633
WALL 21209568 1 0 1706825634
WALL 21209568 1 0 1706825635
WALL 21209568 1 0 1706825636
WALL 21209568 1 0 1706825637
WALL 21209568 1 0 1706825638
WALL 21209568 1 0 1706825639
WALL 21209568 1 0 1706825640
WALL 21209568 1 0 1706825641
WALL 21209568 1 0 1706825642
WALL 21209568 1 0 1706825643
WALL 21209568 1 0 1706825644
slurmstepd: error: *** JOB 21209568 ON nid200043 CANCELLED AT 2024-02-01T22:14:04 DUE TO PREEMPTION ***
received SIGTERM 1706825644
WALL 21209568 1 0 1706825644
received SIGCONT 1706825644
WALL 21209568 1 0 1706825644
received SIGTERM 1706825644
WALL 21209568 1 0 1706825644
