WALL 21149288 1 0 1706736676
WALL 21149288 1 0 1706736677
WALL 21149288 1 0 1706736678
WALL 21149288 1 0 1706736679
WALL 21149288 1 0 1706736680
WALL 21149288 1 0 1706736681
WALL 21149288 1 0 1706736682
WALL 21149288 1 0 1706736683
WALL 21149288 1 0 1706736684
WALL 21149288 1 0 1706736685
WALL 21149288 1 0 1706736686
WALL 21149288 1 0 1706736687
WALL 21149288 1 0 1706736688
WALL 21149288 1 0 1706736689
WALL 21149288 1 0 1706736690
WALL 21149288 1 0 1706736691
WALL 21149288 1 0 1706736692
WALL 21149288 1 0 1706736693
WALL 21149288 1 0 1706736694
WALL 21149288 1 0 1706736695
WALL 21149288 1 0 1706736696
WALL 21149288 1 0 1706736697
WALL 21149288 1 0 1706736698
WALL 21149288 1 0 1706736699
WALL 21149288 1 0 1706736700
WALL 21149288 1 0 1706736701
WALL 21149288 1 0 1706736702
WALL 21149288 1 0 1706736703
WALL 21149288 1 0 1706736704
WALL 21149288 1 0 1706736705
WALL 21149288 1 0 1706736706
WALL 21149288 1 0 1706736707
WALL 21149288 1 0 1706736708
WALL 21149288 1 0 1706736709
WALL 21149288 1 0 1706736710
WALL 21149288 1 0 1706736711
WALL 21149288 1 0 1706736712
WALL 21149288 1 0 1706736713
WALL 21149288 1 0 1706736714
WALL 21149288 1 0 1706736715
WALL 21149288 1 0 1706736716
WALL 21149288 1 0 1706736717
WALL 21149288 1 0 1706736718
WALL 21149288 1 0 1706736719
WALL 21149288 1 0 1706736720
WALL 21149288 1 0 1706736721
WALL 21149288 1 0 1706736722
WALL 21149288 1 0 1706736723
WALL 21149288 1 0 1706736724
WALL 21149288 1 0 1706736725
WALL 21149288 1 0 1706736726
WALL 21149288 1 0 1706736727
WALL 21149288 1 0 1706736728
WALL 21149288 1 0 1706736729
WALL 21149288 1 0 1706736730
WALL 21149288 1 0 1706736731
WALL 21149288 1 0 1706736732
WALL 21149288 1 0 1706736733
WALL 21149288 1 0 1706736734
WALL 21149288 1 0 1706736735
WALL 21149288 1 0 1706736736
WALL 21149288 1 0 1706736737
WALL 21149288 1 0 1706736738
WALL 21149288 1 0 1706736739
WALL 21149288 1 0 1706736740
WALL 21149288 1 0 1706736741
WALL 21149288 1 0 1706736742
WALL 21149288 1 0 1706736743
WALL 21149288 1 0 1706736744
WALL 21149288 1 0 1706736745
WALL 21149288 1 0 1706736746
WALL 21149288 1 0 1706736747
WALL 21149288 1 0 1706736748
WALL 21149288 1 0 1706736749
WALL 21149288 1 0 1706736750
WALL 21149288 1 0 1706736751
WALL 21149288 1 0 1706736752
WALL 21149288 1 0 1706736753
WALL 21149288 1 0 1706736754
WALL 21149288 1 0 1706736755
WALL 21149288 1 0 1706736756
WALL 21149288 1 0 1706736757
WALL 21149288 1 0 1706736758
WALL 21149288 1 0 1706736759
WALL 21149288 1 0 1706736760
WALL 21149288 1 0 1706736761
WALL 21149288 1 0 1706736762
WALL 21149288 1 0 1706736763
WALL 21149288 1 0 1706736764
WALL 21149288 1 0 1706736765
WALL 21149288 1 0 1706736766
WALL 21149288 1 0 1706736767
WALL 21149288 1 0 1706736768
WALL 21149288 1 0 1706736769
slurmstepd: error: *** STEP 21149288.0 ON nid200027 CANCELLED AT 2024-01-31T21:32:49 ***
received SIGTERM 1706736769
WALL 21149288 1 0 1706736769
received SIGCONT 1706736769
WALL 21149288 1 0 1706736769
WALL 21149288 1 0 1706736770
WALL 21149288 1 0 1706736771
WALL 21149288 1 0 1706736772
WALL 21149288 1 0 1706736773
WALL 21149288 1 0 1706736774
WALL 21149288 1 0 1706736775
WALL 21149288 1 0 1706736776
WALL 21149288 1 0 1706736777
WALL 21149288 1 0 1706736778
WALL 21149288 1 0 1706736779
WALL 21149288 1 0 1706736780
WALL 21149288 1 0 1706736781
WALL 21149288 1 0 1706736782
WALL 21149288 1 0 1706736783
WALL 21149288 1 0 1706736784
WALL 21149288 1 0 1706736785
WALL 21149288 1 0 1706736786
WALL 21149288 1 0 1706736787
WALL 21149288 1 0 1706736788
WALL 21149288 1 0 1706736789
WALL 21149288 1 0 1706736790
WALL 21149288 1 0 1706736791
WALL 21149288 1 0 1706736792
WALL 21149288 1 0 1706736793
WALL 21149288 1 0 1706736794
WALL 21149288 1 0 1706736795
WALL 21149288 1 0 1706736796
WALL 21149288 1 0 1706736797
WALL 21149288 1 0 1706736798
WALL 21149288 1 0 1706736799
WALL 21149288 1 0 1706736800
WALL 21149288 1 0 1706736801
WALL 21149288 1 0 1706736802
WALL 21149288 1 0 1706736803
WALL 21149288 1 0 1706736804
WALL 21149288 1 0 1706736805
WALL 21149288 1 0 1706736806
WALL 21149288 1 0 1706736807
WALL 21149288 1 0 1706736808
WALL 21149288 1 0 1706736809
WALL 21149288 1 0 1706736810
WALL 21149288 1 0 1706736811
WALL 21149288 1 0 1706736812
WALL 21149288 1 0 1706736813
WALL 21149288 1 0 1706736814
WALL 21149288 1 0 1706736815
WALL 21149288 1 0 1706736816
WALL 21149288 1 0 1706736817
WALL 21149288 1 0 1706736818
WALL 21149288 1 0 1706736819
WALL 21149288 1 0 1706736820
WALL 21149288 1 0 1706736821
WALL 21149288 1 0 1706736822
WALL 21149288 1 0 1706736823
WALL 21149288 1 0 1706736824
WALL 21149288 1 0 1706736825
WALL 21149288 1 0 1706736826
WALL 21149288 1 0 1706736827
WALL 21149288 1 0 1706736828
slurmstepd: error: *** JOB 21149288 ON nid200027 CANCELLED AT 2024-01-31T21:33:49 DUE TO PREEMPTION ***
received SIGTERM 1706736829
WALL 21149288 1 0 1706736829
received SIGCONT 1706736829
WALL 21149288 1 0 1706736829
received SIGTERM 1706736829
WALL 21149288 1 0 1706736829
