WALL 21149032 1 0 1706735928
WALL 21149032 1 0 1706735929
WALL 21149032 1 0 1706735930
WALL 21149032 1 0 1706735931
WALL 21149032 1 0 1706735932
WALL 21149032 1 0 1706735933
WALL 21149032 1 0 1706735934
WALL 21149032 1 0 1706735935
WALL 21149032 1 0 1706735936
WALL 21149032 1 0 1706735937
WALL 21149032 1 0 1706735938
WALL 21149032 1 0 1706735939
WALL 21149032 1 0 1706735940
WALL 21149032 1 0 1706735941
WALL 21149032 1 0 1706735942
WALL 21149032 1 0 1706735943
WALL 21149032 1 0 1706735944
WALL 21149032 1 0 1706735945
WALL 21149032 1 0 1706735946
WALL 21149032 1 0 1706735947
WALL 21149032 1 0 1706735948
WALL 21149032 1 0 1706735949
WALL 21149032 1 0 1706735950
WALL 21149032 1 0 1706735951
WALL 21149032 1 0 1706735952
WALL 21149032 1 0 1706735953
WALL 21149032 1 0 1706735954
WALL 21149032 1 0 1706735955
WALL 21149032 1 0 1706735956
WALL 21149032 1 0 1706735957
WALL 21149032 1 0 1706735958
WALL 21149032 1 0 1706735959
WALL 21149032 1 0 1706735960
WALL 21149032 1 0 1706735961
WALL 21149032 1 0 1706735962
WALL 21149032 1 0 1706735963
WALL 21149032 1 0 1706735964
WALL 21149032 1 0 1706735965
WALL 21149032 1 0 1706735966
WALL 21149032 1 0 1706735967
WALL 21149032 1 0 1706735968
WALL 21149032 1 0 1706735969
WALL 21149032 1 0 1706735970
WALL 21149032 1 0 1706735971
WALL 21149032 1 0 1706735972
WALL 21149032 1 0 1706735973
WALL 21149032 1 0 1706735974
WALL 21149032 1 0 1706735975
WALL 21149032 1 0 1706735976
WALL 21149032 1 0 1706735977
WALL 21149032 1 0 1706735978
WALL 21149032 1 0 1706735979
WALL 21149032 1 0 1706735980
WALL 21149032 1 0 1706735981
WALL 21149032 1 0 1706735982
WALL 21149032 1 0 1706735983
WALL 21149032 1 0 1706735984
WALL 21149032 1 0 1706735985
WALL 21149032 1 0 1706735986
WALL 21149032 1 0 1706735987
WALL 21149032 1 0 1706735988
WALL 21149032 1 0 1706735989
WALL 21149032 1 0 1706735990
WALL 21149032 1 0 1706735991
WALL 21149032 1 0 1706735992
WALL 21149032 1 0 1706735993
WALL 21149032 1 0 1706735994
WALL 21149032 1 0 1706735995
WALL 21149032 1 0 1706735996
WALL 21149032 1 0 1706735997
WALL 21149032 1 0 1706735998
WALL 21149032 1 0 1706735999
WALL 21149032 1 0 1706736000
WALL 21149032 1 0 1706736001
WALL 21149032 1 0 1706736002
WALL 21149032 1 0 1706736003
WALL 21149032 1 0 1706736004
WALL 21149032 1 0 1706736005
WALL 21149032 1 0 1706736006
WALL 21149032 1 0 1706736007
WALL 21149032 1 0 1706736008
WALL 21149032 1 0 1706736009
WALL 21149032 1 0 1706736010
WALL 21149032 1 0 1706736011
WALL 21149032 1 0 1706736012
WALL 21149032 1 0 1706736013
WALL 21149032 1 0 1706736014
WALL 21149032 1 0 1706736015
WALL 21149032 1 0 1706736016
WALL 21149032 1 0 1706736017
WALL 21149032 1 0 1706736018
WALL 21149032 1 0 1706736019
WALL 21149032 1 0 1706736020
WALL 21149032 1 0 1706736021
WALL 21149032 1 0 1706736022
WALL 21149032 1 0 1706736023
WALL 21149032 1 0 1706736024
WALL 21149032 1 0 1706736025
WALL 21149032 1 0 1706736026
WALL 21149032 1 0 1706736027
WALL 21149032 1 0 1706736028
WALL 21149032 1 0 1706736029
WALL 21149032 1 0 1706736030
WALL 21149032 1 0 1706736031
WALL 21149032 1 0 1706736032
WALL 21149032 1 0 1706736033
WALL 21149032 1 0 1706736034
WALL 21149032 1 0 1706736035
WALL 21149032 1 0 1706736036
WALL 21149032 1 0 1706736037
WALL 21149032 1 0 1706736038
WALL 21149032 1 0 1706736039
WALL 21149032 1 0 1706736040
WALL 21149032 1 0 1706736041
WALL 21149032 1 0 1706736042
WALL 21149032 1 0 1706736043
WALL 21149032 1 0 1706736044
WALL 21149032 1 0 1706736045
WALL 21149032 1 0 1706736046
WALL 21149032 1 0 1706736047
WALL 21149032 1 0 1706736048
WALL 21149032 1 0 1706736049
WALL 21149032 1 0 1706736050
WALL 21149032 1 0 1706736051
WALL 21149032 1 0 1706736052
WALL 21149032 1 0 1706736053
WALL 21149032 1 0 1706736054
WALL 21149032 1 0 1706736055
WALL 21149032 1 0 1706736056
WALL 21149032 1 0 1706736057
WALL 21149032 1 0 1706736058
WALL 21149032 1 0 1706736059
WALL 21149032 1 0 1706736060
WALL 21149032 1 0 1706736061
WALL 21149032 1 0 1706736062
WALL 21149032 1 0 1706736063
WALL 21149032 1 0 1706736064
WALL 21149032 1 0 1706736065
WALL 21149032 1 0 1706736066
WALL 21149032 1 0 1706736067
WALL 21149032 1 0 1706736068
WALL 21149032 1 0 1706736069
WALL 21149032 1 0 1706736070
WALL 21149032 1 0 1706736071
WALL 21149032 1 0 1706736072
WALL 21149032 1 0 1706736073
WALL 21149032 1 0 1706736074
WALL 21149032 1 0 1706736075
WALL 21149032 1 0 1706736076
WALL 21149032 1 0 1706736077
WALL 21149032 1 0 1706736078
WALL 21149032 1 0 1706736079
WALL 21149032 1 0 1706736080
WALL 21149032 1 0 1706736081
WALL 21149032 1 0 1706736082
WALL 21149032 1 0 1706736083
WALL 21149032 1 0 1706736084
WALL 21149032 1 0 1706736085
WALL 21149032 1 0 1706736086
WALL 21149032 1 0 1706736087
WALL 21149032 1 0 1706736088
WALL 21149032 1 0 1706736089
WALL 21149032 1 0 1706736090
WALL 21149032 1 0 1706736091
WALL 21149032 1 0 1706736092
WALL 21149032 1 0 1706736093
WALL 21149032 1 0 1706736094
WALL 21149032 1 0 1706736095
WALL 21149032 1 0 1706736096
WALL 21149032 1 0 1706736097
WALL 21149032 1 0 1706736098
WALL 21149032 1 0 1706736099
WALL 21149032 1 0 1706736100
WALL 21149032 1 0 1706736101
WALL 21149032 1 0 1706736102
WALL 21149032 1 0 1706736103
WALL 21149032 1 0 1706736104
WALL 21149032 1 0 1706736105
WALL 21149032 1 0 1706736106
WALL 21149032 1 0 1706736107
WALL 21149032 1 0 1706736108
WALL 21149032 1 0 1706736109
WALL 21149032 1 0 1706736110
WALL 21149032 1 0 1706736111
WALL 21149032 1 0 1706736112
WALL 21149032 1 0 1706736113
WALL 21149032 1 0 1706736114
WALL 21149032 1 0 1706736115
WALL 21149032 1 0 1706736116
WALL 21149032 1 0 1706736117
WALL 21149032 1 0 1706736118
WALL 21149032 1 0 1706736119
WALL 21149032 1 0 1706736120
WALL 21149032 1 0 1706736121
WALL 21149032 1 0 1706736122
WALL 21149032 1 0 1706736123
WALL 21149032 1 0 1706736124
WALL 21149032 1 0 1706736125
WALL 21149032 1 0 1706736126
WALL 21149032 1 0 1706736127
WALL 21149032 1 0 1706736128
WALL 21149032 1 0 1706736129
WALL 21149032 1 0 1706736130
WALL 21149032 1 0 1706736131
WALL 21149032 1 0 1706736132
WALL 21149032 1 0 1706736133
WALL 21149032 1 0 1706736134
WALL 21149032 1 0 1706736135
WALL 21149032 1 0 1706736136
WALL 21149032 1 0 1706736137
WALL 21149032 1 0 1706736138
WALL 21149032 1 0 1706736139
WALL 21149032 1 0 1706736140
WALL 21149032 1 0 1706736141
WALL 21149032 1 0 1706736142
WALL 21149032 1 0 1706736143
WALL 21149032 1 0 1706736144
WALL 21149032 1 0 1706736145
WALL 21149032 1 0 1706736146
WALL 21149032 1 0 1706736147
WALL 21149032 1 0 1706736148
WALL 21149032 1 0 1706736149
WALL 21149032 1 0 1706736150
WALL 21149032 1 0 1706736151
WALL 21149032 1 0 1706736152
WALL 21149032 1 0 1706736153
WALL 21149032 1 0 1706736154
WALL 21149032 1 0 1706736155
WALL 21149032 1 0 1706736156
WALL 21149032 1 0 1706736157
WALL 21149032 1 0 1706736158
WALL 21149032 1 0 1706736159
WALL 21149032 1 0 1706736160
WALL 21149032 1 0 1706736161
WALL 21149032 1 0 1706736162
WALL 21149032 1 0 1706736163
WALL 21149032 1 0 1706736164
WALL 21149032 1 0 1706736165
WALL 21149032 1 0 1706736166
WALL 21149032 1 0 1706736167
WALL 21149032 1 0 1706736168
WALL 21149032 1 0 1706736169
WALL 21149032 1 0 1706736170
WALL 21149032 1 0 1706736171
WALL 21149032 1 0 1706736172
WALL 21149032 1 0 1706736173
WALL 21149032 1 0 1706736174
WALL 21149032 1 0 1706736175
WALL 21149032 1 0 1706736176
WALL 21149032 1 0 1706736177
WALL 21149032 1 0 1706736178
WALL 21149032 1 0 1706736179
WALL 21149032 1 0 1706736180
WALL 21149032 1 0 1706736181
WALL 21149032 1 0 1706736182
WALL 21149032 1 0 1706736183
WALL 21149032 1 0 1706736184
WALL 21149032 1 0 1706736185
WALL 21149032 1 0 1706736186
WALL 21149032 1 0 1706736187
WALL 21149032 1 0 1706736188
WALL 21149032 1 0 1706736189
WALL 21149032 1 0 1706736190
WALL 21149032 1 0 1706736191
WALL 21149032 1 0 1706736192
WALL 21149032 1 0 1706736193
WALL 21149032 1 0 1706736194
WALL 21149032 1 0 1706736195
WALL 21149032 1 0 1706736196
WALL 21149032 1 0 1706736197
WALL 21149032 1 0 1706736198
WALL 21149032 1 0 1706736199
WALL 21149032 1 0 1706736200
WALL 21149032 1 0 1706736201
WALL 21149032 1 0 1706736202
WALL 21149032 1 0 1706736203
WALL 21149032 1 0 1706736204
WALL 21149032 1 0 1706736205
WALL 21149032 1 0 1706736206
WALL 21149032 1 0 1706736207
WALL 21149032 1 0 1706736208
WALL 21149032 1 0 1706736209
WALL 21149032 1 0 1706736210
WALL 21149032 1 0 1706736211
WALL 21149032 1 0 1706736212
WALL 21149032 1 0 1706736213
WALL 21149032 1 0 1706736214
WALL 21149032 1 0 1706736215
WALL 21149032 1 0 1706736216
WALL 21149032 1 0 1706736217
WALL 21149032 1 0 1706736218
WALL 21149032 1 0 1706736219
WALL 21149032 1 0 1706736220
WALL 21149032 1 0 1706736221
WALL 21149032 1 0 1706736222
WALL 21149032 1 0 1706736223
WALL 21149032 1 0 1706736224
WALL 21149032 1 0 1706736225
WALL 21149032 1 0 1706736226
WALL 21149032 1 0 1706736227
WALL 21149032 1 0 1706736228
WALL 21149032 1 0 1706736229
WALL 21149032 1 0 1706736230
WALL 21149032 1 0 1706736231
WALL 21149032 1 0 1706736232
WALL 21149032 1 0 1706736233
WALL 21149032 1 0 1706736234
WALL 21149032 1 0 1706736235
WALL 21149032 1 0 1706736236
WALL 21149032 1 0 1706736237
WALL 21149032 1 0 1706736238
WALL 21149032 1 0 1706736239
WALL 21149032 1 0 1706736240
WALL 21149032 1 0 1706736241
WALL 21149032 1 0 1706736242
WALL 21149032 1 0 1706736243
WALL 21149032 1 0 1706736244
WALL 21149032 1 0 1706736245
WALL 21149032 1 0 1706736246
WALL 21149032 1 0 1706736247
WALL 21149032 1 0 1706736248
WALL 21149032 1 0 1706736249
WALL 21149032 1 0 1706736250
WALL 21149032 1 0 1706736251
WALL 21149032 1 0 1706736252
WALL 21149032 1 0 1706736253
WALL 21149032 1 0 1706736254
WALL 21149032 1 0 1706736255
WALL 21149032 1 0 1706736256
WALL 21149032 1 0 1706736257
WALL 21149032 1 0 1706736258
WALL 21149032 1 0 1706736259
WALL 21149032 1 0 1706736260
WALL 21149032 1 0 1706736261
WALL 21149032 1 0 1706736262
WALL 21149032 1 0 1706736263
WALL 21149032 1 0 1706736264
WALL 21149032 1 0 1706736265
WALL 21149032 1 0 1706736266
WALL 21149032 1 0 1706736267
WALL 21149032 1 0 1706736268
WALL 21149032 1 0 1706736269
WALL 21149032 1 0 1706736270
WALL 21149032 1 0 1706736271
WALL 21149032 1 0 1706736272
WALL 21149032 1 0 1706736273
WALL 21149032 1 0 1706736274
WALL 21149032 1 0 1706736275
WALL 21149032 1 0 1706736276
WALL 21149032 1 0 1706736277
WALL 21149032 1 0 1706736278
WALL 21149032 1 0 1706736279
WALL 21149032 1 0 1706736280
WALL 21149032 1 0 1706736281
WALL 21149032 1 0 1706736282
WALL 21149032 1 0 1706736283
WALL 21149032 1 0 1706736284
WALL 21149032 1 0 1706736285
WALL 21149032 1 0 1706736286
WALL 21149032 1 0 1706736287
WALL 21149032 1 0 1706736288
WALL 21149032 1 0 1706736289
WALL 21149032 1 0 1706736290
WALL 21149032 1 0 1706736291
WALL 21149032 1 0 1706736292
WALL 21149032 1 0 1706736293
WALL 21149032 1 0 1706736294
WALL 21149032 1 0 1706736295
WALL 21149032 1 0 1706736296
WALL 21149032 1 0 1706736297
WALL 21149032 1 0 1706736298
WALL 21149032 1 0 1706736299
WALL 21149032 1 0 1706736300
WALL 21149032 1 0 1706736301
WALL 21149032 1 0 1706736302
WALL 21149032 1 0 1706736303
WALL 21149032 1 0 1706736304
WALL 21149032 1 0 1706736305
WALL 21149032 1 0 1706736306
WALL 21149032 1 0 1706736307
WALL 21149032 1 0 1706736308
WALL 21149032 1 0 1706736309
WALL 21149032 1 0 1706736310
WALL 21149032 1 0 1706736311
WALL 21149032 1 0 1706736312
WALL 21149032 1 0 1706736313
WALL 21149032 1 0 1706736314
WALL 21149032 1 0 1706736315
WALL 21149032 1 0 1706736316
WALL 21149032 1 0 1706736317
WALL 21149032 1 0 1706736318
WALL 21149032 1 0 1706736319
WALL 21149032 1 0 1706736320
WALL 21149032 1 0 1706736321
WALL 21149032 1 0 1706736322
WALL 21149032 1 0 1706736323
WALL 21149032 1 0 1706736324
WALL 21149032 1 0 1706736325
WALL 21149032 1 0 1706736326
WALL 21149032 1 0 1706736327
WALL 21149032 1 0 1706736328
WALL 21149032 1 0 1706736329
WALL 21149032 1 0 1706736330
WALL 21149032 1 0 1706736331
WALL 21149032 1 0 1706736332
WALL 21149032 1 0 1706736333
WALL 21149032 1 0 1706736334
WALL 21149032 1 0 1706736335
WALL 21149032 1 0 1706736336
WALL 21149032 1 0 1706736337
WALL 21149032 1 0 1706736338
WALL 21149032 1 0 1706736339
WALL 21149032 1 0 1706736340
WALL 21149032 1 0 1706736341
WALL 21149032 1 0 1706736342
WALL 21149032 1 0 1706736343
WALL 21149032 1 0 1706736344
WALL 21149032 1 0 1706736345
WALL 21149032 1 0 1706736346
WALL 21149032 1 0 1706736347
WALL 21149032 1 0 1706736348
WALL 21149032 1 0 1706736349
WALL 21149032 1 0 1706736350
WALL 21149032 1 0 1706736351
WALL 21149032 1 0 1706736352
WALL 21149032 1 0 1706736353
WALL 21149032 1 0 1706736354
WALL 21149032 1 0 1706736355
WALL 21149032 1 0 1706736356
WALL 21149032 1 0 1706736357
WALL 21149032 1 0 1706736358
WALL 21149032 1 0 1706736359
WALL 21149032 1 0 1706736360
WALL 21149032 1 0 1706736361
WALL 21149032 1 0 1706736362
WALL 21149032 1 0 1706736363
WALL 21149032 1 0 1706736364
WALL 21149032 1 0 1706736365
WALL 21149032 1 0 1706736366
WALL 21149032 1 0 1706736367
WALL 21149032 1 0 1706736368
slurmstepd: error: *** STEP 21149032.0 ON nid200000 CANCELLED AT 2024-01-31T21:26:09 ***
received SIGTERM 1706736369
WALL 21149032 1 0 1706736369
received SIGCONT 1706736369
WALL 21149032 1 0 1706736369
WALL 21149032 1 0 1706736370
WALL 21149032 1 0 1706736371
WALL 21149032 1 0 1706736372
WALL 21149032 1 0 1706736373
WALL 21149032 1 0 1706736374
WALL 21149032 1 0 1706736375
WALL 21149032 1 0 1706736376
WALL 21149032 1 0 1706736377
WALL 21149032 1 0 1706736378
WALL 21149032 1 0 1706736379
WALL 21149032 1 0 1706736380
WALL 21149032 1 0 1706736381
WALL 21149032 1 0 1706736382
WALL 21149032 1 0 1706736383
WALL 21149032 1 0 1706736384
WALL 21149032 1 0 1706736385
WALL 21149032 1 0 1706736386
WALL 21149032 1 0 1706736387
WALL 21149032 1 0 1706736388
WALL 21149032 1 0 1706736389
WALL 21149032 1 0 1706736390
WALL 21149032 1 0 1706736391
WALL 21149032 1 0 1706736392
WALL 21149032 1 0 1706736393
WALL 21149032 1 0 1706736394
WALL 21149032 1 0 1706736395
WALL 21149032 1 0 1706736396
WALL 21149032 1 0 1706736397
WALL 21149032 1 0 1706736398
WALL 21149032 1 0 1706736399
WALL 21149032 1 0 1706736400
WALL 21149032 1 0 1706736401
WALL 21149032 1 0 1706736402
WALL 21149032 1 0 1706736403
WALL 21149032 1 0 1706736404
WALL 21149032 1 0 1706736405
WALL 21149032 1 0 1706736406
WALL 21149032 1 0 1706736407
WALL 21149032 1 0 1706736408
WALL 21149032 1 0 1706736409
WALL 21149032 1 0 1706736410
WALL 21149032 1 0 1706736411
WALL 21149032 1 0 1706736412
WALL 21149032 1 0 1706736413
WALL 21149032 1 0 1706736414
WALL 21149032 1 0 1706736415
WALL 21149032 1 0 1706736416
WALL 21149032 1 0 1706736417
WALL 21149032 1 0 1706736418
WALL 21149032 1 0 1706736419
WALL 21149032 1 0 1706736420
WALL 21149032 1 0 1706736421
WALL 21149032 1 0 1706736422
WALL 21149032 1 0 1706736423
WALL 21149032 1 0 1706736424
WALL 21149032 1 0 1706736425
WALL 21149032 1 0 1706736426
WALL 21149032 1 0 1706736427
WALL 21149032 1 0 1706736428
WALL 21149032 1 0 1706736429
WALL 21149032 1 0 1706736430
WALL 21149032 1 0 1706736431
WALL 21149032 1 0 1706736432
WALL 21149032 1 0 1706736433
WALL 21149032 1 0 1706736434
WALL 21149032 1 0 1706736435
WALL 21149032 1 0 1706736436
WALL 21149032 1 0 1706736437
WALL 21149032 1 0 1706736438
WALL 21149032 1 0 1706736439
WALL 21149032 1 0 1706736440
WALL 21149032 1 0 1706736441
WALL 21149032 1 0 1706736442
WALL 21149032 1 0 1706736443
WALL 21149032 1 0 1706736444
WALL 21149032 1 0 1706736445
WALL 21149032 1 0 1706736446
WALL 21149032 1 0 1706736447
WALL 21149032 1 0 1706736448
WALL 21149032 1 0 1706736449
WALL 21149032 1 0 1706736450
WALL 21149032 1 0 1706736451
WALL 21149032 1 0 1706736452
WALL 21149032 1 0 1706736453
WALL 21149032 1 0 1706736454
WALL 21149032 1 0 1706736455
slurmstepd: error: *** JOB 21149032 ON nid200000 CANCELLED AT 2024-01-31T21:27:35 DUE TO PREEMPTION ***
received SIGTERM 1706736455
WALL 21149032 1 0 1706736455
received SIGCONT 1706736455
WALL 21149032 1 0 1706736455
received SIGTERM 1706736455
WALL 21149032 1 0 1706736455
