srun: warning: can't run 1 processes on 4 nodes, setting nnodes to 1
WALL 21248782 1 0 1706919537
WALL 21248782 1 0 1706919538
WALL 21248782 1 0 1706919539
WALL 21248782 1 0 1706919540
WALL 21248782 1 0 1706919541
WALL 21248782 1 0 1706919542
WALL 21248782 1 0 1706919543
WALL 21248782 1 0 1706919544
WALL 21248782 1 0 1706919545
WALL 21248782 1 0 1706919546
WALL 21248782 1 0 1706919547
WALL 21248782 1 0 1706919548
WALL 21248782 1 0 1706919549
WALL 21248782 1 0 1706919550
WALL 21248782 1 0 1706919551
WALL 21248782 1 0 1706919552
WALL 21248782 1 0 1706919553
WALL 21248782 1 0 1706919554
WALL 21248782 1 0 1706919555
WALL 21248782 1 0 1706919556
WALL 21248782 1 0 1706919557
WALL 21248782 1 0 1706919558
WALL 21248782 1 0 1706919559
WALL 21248782 1 0 1706919560
WALL 21248782 1 0 1706919561
WALL 21248782 1 0 1706919562
WALL 21248782 1 0 1706919563
WALL 21248782 1 0 1706919564
WALL 21248782 1 0 1706919565
WALL 21248782 1 0 1706919566
WALL 21248782 1 0 1706919567
WALL 21248782 1 0 1706919568
WALL 21248782 1 0 1706919569
WALL 21248782 1 0 1706919570
WALL 21248782 1 0 1706919571
WALL 21248782 1 0 1706919572
WALL 21248782 1 0 1706919573
WALL 21248782 1 0 1706919574
WALL 21248782 1 0 1706919575
WALL 21248782 1 0 1706919576
WALL 21248782 1 0 1706919577
WALL 21248782 1 0 1706919578
WALL 21248782 1 0 1706919579
WALL 21248782 1 0 1706919580
WALL 21248782 1 0 1706919581
WALL 21248782 1 0 1706919582
WALL 21248782 1 0 1706919583
WALL 21248782 1 0 1706919584
WALL 21248782 1 0 1706919585
WALL 21248782 1 0 1706919586
WALL 21248782 1 0 1706919587
WALL 21248782 1 0 1706919588
WALL 21248782 1 0 1706919589
WALL 21248782 1 0 1706919590
WALL 21248782 1 0 1706919591
WALL 21248782 1 0 1706919592
WALL 21248782 1 0 1706919593
WALL 21248782 1 0 1706919594
WALL 21248782 1 0 1706919595
WALL 21248782 1 0 1706919596
WALL 21248782 1 0 1706919597
WALL 21248782 1 0 1706919598
WALL 21248782 1 0 1706919599
WALL 21248782 1 0 1706919600
WALL 21248782 1 0 1706919601
WALL 21248782 1 0 1706919602
WALL 21248782 1 0 1706919603
WALL 21248782 1 0 1706919604
WALL 21248782 1 0 1706919605
WALL 21248782 1 0 1706919606
WALL 21248782 1 0 1706919607
WALL 21248782 1 0 1706919608
WALL 21248782 1 0 1706919609
WALL 21248782 1 0 1706919610
WALL 21248782 1 0 1706919611
WALL 21248782 1 0 1706919612
WALL 21248782 1 0 1706919613
WALL 21248782 1 0 1706919614
WALL 21248782 1 0 1706919615
WALL 21248782 1 0 1706919616
WALL 21248782 1 0 1706919617
WALL 21248782 1 0 1706919618
WALL 21248782 1 0 1706919619
WALL 21248782 1 0 1706919620
WALL 21248782 1 0 1706919621
WALL 21248782 1 0 1706919622
WALL 21248782 1 0 1706919623
WALL 21248782 1 0 1706919624
received SIGCONT 1706919625
WALL 21248782 1 0 1706919625
slurmstepd: error: *** STEP 21248782.0 ON nid200021 CANCELLED AT 2024-02-03T00:20:25 ***
received SIGTERM 1706919625
WALL 21248782 1 0 1706919625
WALL 21248782 1 0 1706919626
WALL 21248782 1 0 1706919627
WALL 21248782 1 0 1706919628
WALL 21248782 1 0 1706919629
WALL 21248782 1 0 1706919630
WALL 21248782 1 0 1706919631
WALL 21248782 1 0 1706919632
WALL 21248782 1 0 1706919633
WALL 21248782 1 0 1706919634
WALL 21248782 1 0 1706919635
WALL 21248782 1 0 1706919636
WALL 21248782 1 0 1706919637
WALL 21248782 1 0 1706919638
WALL 21248782 1 0 1706919639
WALL 21248782 1 0 1706919640
WALL 21248782 1 0 1706919641
WALL 21248782 1 0 1706919642
WALL 21248782 1 0 1706919643
WALL 21248782 1 0 1706919644
WALL 21248782 1 0 1706919645
WALL 21248782 1 0 1706919646
WALL 21248782 1 0 1706919647
WALL 21248782 1 0 1706919648
WALL 21248782 1 0 1706919649
WALL 21248782 1 0 1706919650
WALL 21248782 1 0 1706919651
WALL 21248782 1 0 1706919652
WALL 21248782 1 0 1706919653
WALL 21248782 1 0 1706919654
WALL 21248782 1 0 1706919655
WALL 21248782 1 0 1706919656
WALL 21248782 1 0 1706919657
WALL 21248782 1 0 1706919658
WALL 21248782 1 0 1706919659
WALL 21248782 1 0 1706919660
WALL 21248782 1 0 1706919661
WALL 21248782 1 0 1706919662
WALL 21248782 1 0 1706919663
WALL 21248782 1 0 1706919664
WALL 21248782 1 0 1706919665
WALL 21248782 1 0 1706919666
WALL 21248782 1 0 1706919667
WALL 21248782 1 0 1706919668
WALL 21248782 1 0 1706919669
WALL 21248782 1 0 1706919670
WALL 21248782 1 0 1706919671
WALL 21248782 1 0 1706919672
WALL 21248782 1 0 1706919673
WALL 21248782 1 0 1706919674
WALL 21248782 1 0 1706919675
WALL 21248782 1 0 1706919676
WALL 21248782 1 0 1706919677
WALL 21248782 1 0 1706919678
WALL 21248782 1 0 1706919679
WALL 21248782 1 0 1706919680
WALL 21248782 1 0 1706919681
WALL 21248782 1 0 1706919682
WALL 21248782 1 0 1706919683
WALL 21248782 1 0 1706919684
WALL 21248782 1 0 1706919685
WALL 21248782 1 0 1706919686
WALL 21248782 1 0 1706919687
WALL 21248782 1 0 1706919688
WALL 21248782 1 0 1706919689
WALL 21248782 1 0 1706919690
WALL 21248782 1 0 1706919691
WALL 21248782 1 0 1706919692
WALL 21248782 1 0 1706919693
WALL 21248782 1 0 1706919694
WALL 21248782 1 0 1706919695
WALL 21248782 1 0 1706919696
WALL 21248782 1 0 1706919697
WALL 21248782 1 0 1706919698
WALL 21248782 1 0 1706919699
WALL 21248782 1 0 1706919700
WALL 21248782 1 0 1706919701
WALL 21248782 1 0 1706919702
WALL 21248782 1 0 1706919703
WALL 21248782 1 0 1706919704
WALL 21248782 1 0 1706919705
WALL 21248782 1 0 1706919706
WALL 21248782 1 0 1706919707
WALL 21248782 1 0 1706919708
WALL 21248782 1 0 1706919709
WALL 21248782 1 0 1706919710
WALL 21248782 1 0 1706919711
WALL 21248782 1 0 1706919712
WALL 21248782 1 0 1706919713
WALL 21248782 1 0 1706919714
WALL 21248782 1 0 1706919715
WALL 21248782 1 0 1706919716
WALL 21248782 1 0 1706919717
WALL 21248782 1 0 1706919718
WALL 21248782 1 0 1706919719
WALL 21248782 1 0 1706919720
WALL 21248782 1 0 1706919721
WALL 21248782 1 0 1706919722
WALL 21248782 1 0 1706919723
WALL 21248782 1 0 1706919724
WALL 21248782 1 0 1706919725
WALL 21248782 1 0 1706919726
WALL 21248782 1 0 1706919727
WALL 21248782 1 0 1706919728
WALL 21248782 1 0 1706919729
WALL 21248782 1 0 1706919730
WALL 21248782 1 0 1706919731
WALL 21248782 1 0 1706919732
WALL 21248782 1 0 1706919733
WALL 21248782 1 0 1706919734
WALL 21248782 1 0 1706919735
WALL 21248782 1 0 1706919736
WALL 21248782 1 0 1706919737
WALL 21248782 1 0 1706919738
WALL 21248782 1 0 1706919739
WALL 21248782 1 0 1706919740
WALL 21248782 1 0 1706919741
WALL 21248782 1 0 1706919742
WALL 21248782 1 0 1706919743
WALL 21248782 1 0 1706919744
WALL 21248782 1 0 1706919745
WALL 21248782 1 0 1706919746
WALL 21248782 1 0 1706919747
WALL 21248782 1 0 1706919748
WALL 21248782 1 0 1706919749
WALL 21248782 1 0 1706919750
WALL 21248782 1 0 1706919751
WALL 21248782 1 0 1706919752
WALL 21248782 1 0 1706919753
WALL 21248782 1 0 1706919754
WALL 21248782 1 0 1706919755
WALL 21248782 1 0 1706919756
WALL 21248782 1 0 1706919757
WALL 21248782 1 0 1706919758
WALL 21248782 1 0 1706919759
WALL 21248782 1 0 1706919760
WALL 21248782 1 0 1706919761
WALL 21248782 1 0 1706919762
WALL 21248782 1 0 1706919763
WALL 21248782 1 0 1706919764
WALL 21248782 1 0 1706919765
WALL 21248782 1 0 1706919766
WALL 21248782 1 0 1706919767
WALL 21248782 1 0 1706919768
WALL 21248782 1 0 1706919769
WALL 21248782 1 0 1706919770
WALL 21248782 1 0 1706919771
WALL 21248782 1 0 1706919772
WALL 21248782 1 0 1706919773
WALL 21248782 1 0 1706919774
WALL 21248782 1 0 1706919775
WALL 21248782 1 0 1706919776
slurmstepd: error: *** JOB 21248782 ON nid200021 CANCELLED AT 2024-02-03T00:22:56 DUE TO PREEMPTION ***
received SIGTERM 1706919776
WALL 21248782 1 0 1706919776
received SIGCONT 1706919776
WALL 21248782 1 0 1706919776
received SIGTERM 1706919776
WALL 21248782 1 0 1706919776
