WALL 21088477 1 0 1706659891
WALL 21088477 1 0 1706659892
WALL 21088477 1 0 1706659893
WALL 21088477 1 0 1706659894
WALL 21088477 1 0 1706659895
WALL 21088477 1 0 1706659896
WALL 21088477 1 0 1706659897
WALL 21088477 1 0 1706659898
WALL 21088477 1 0 1706659899
WALL 21088477 1 0 1706659900
WALL 21088477 1 0 1706659901
WALL 21088477 1 0 1706659902
WALL 21088477 1 0 1706659903
WALL 21088477 1 0 1706659904
WALL 21088477 1 0 1706659905
WALL 21088477 1 0 1706659906
WALL 21088477 1 0 1706659907
WALL 21088477 1 0 1706659908
WALL 21088477 1 0 1706659909
WALL 21088477 1 0 1706659910
WALL 21088477 1 0 1706659911
WALL 21088477 1 0 1706659912
WALL 21088477 1 0 1706659913
WALL 21088477 1 0 1706659914
WALL 21088477 1 0 1706659915
WALL 21088477 1 0 1706659916
WALL 21088477 1 0 1706659917
WALL 21088477 1 0 1706659918
WALL 21088477 1 0 1706659919
WALL 21088477 1 0 1706659920
WALL 21088477 1 0 1706659921
WALL 21088477 1 0 1706659922
WALL 21088477 1 0 1706659923
WALL 21088477 1 0 1706659924
WALL 21088477 1 0 1706659925
WALL 21088477 1 0 1706659926
WALL 21088477 1 0 1706659927
WALL 21088477 1 0 1706659928
WALL 21088477 1 0 1706659929
WALL 21088477 1 0 1706659930
WALL 21088477 1 0 1706659931
WALL 21088477 1 0 1706659932
WALL 21088477 1 0 1706659933
received SIGCONT 1706659934
WALL 21088477 1 0 1706659934
slurmstepd: error: *** STEP 21088477.0 ON nid200197 CANCELLED AT 2024-01-31T00:12:14 ***
received SIGTERM 1706659934
WALL 21088477 1 0 1706659934
WALL 21088477 1 0 1706659935
WALL 21088477 1 0 1706659936
WALL 21088477 1 0 1706659937
WALL 21088477 1 0 1706659938
WALL 21088477 1 0 1706659939
WALL 21088477 1 0 1706659940
WALL 21088477 1 0 1706659941
WALL 21088477 1 0 1706659942
WALL 21088477 1 0 1706659943
WALL 21088477 1 0 1706659944
WALL 21088477 1 0 1706659945
WALL 21088477 1 0 1706659946
WALL 21088477 1 0 1706659947
WALL 21088477 1 0 1706659948
WALL 21088477 1 0 1706659949
WALL 21088477 1 0 1706659950
WALL 21088477 1 0 1706659951
WALL 21088477 1 0 1706659952
WALL 21088477 1 0 1706659953
WALL 21088477 1 0 1706659954
WALL 21088477 1 0 1706659955
WALL 21088477 1 0 1706659956
WALL 21088477 1 0 1706659957
WALL 21088477 1 0 1706659958
WALL 21088477 1 0 1706659959
WALL 21088477 1 0 1706659960
WALL 21088477 1 0 1706659961
WALL 21088477 1 0 1706659962
WALL 21088477 1 0 1706659963
WALL 21088477 1 0 1706659964
WALL 21088477 1 0 1706659965
WALL 21088477 1 0 1706659966
WALL 21088477 1 0 1706659967
WALL 21088477 1 0 1706659968
WALL 21088477 1 0 1706659969
WALL 21088477 1 0 1706659970
WALL 21088477 1 0 1706659971
WALL 21088477 1 0 1706659972
WALL 21088477 1 0 1706659973
WALL 21088477 1 0 1706659974
WALL 21088477 1 0 1706659975
WALL 21088477 1 0 1706659976
WALL 21088477 1 0 1706659977
WALL 21088477 1 0 1706659978
WALL 21088477 1 0 1706659979
WALL 21088477 1 0 1706659980
WALL 21088477 1 0 1706659981
WALL 21088477 1 0 1706659982
WALL 21088477 1 0 1706659983
WALL 21088477 1 0 1706659984
WALL 21088477 1 0 1706659985
WALL 21088477 1 0 1706659986
WALL 21088477 1 0 1706659987
WALL 21088477 1 0 1706659988
WALL 21088477 1 0 1706659989
WALL 21088477 1 0 1706659990
WALL 21088477 1 0 1706659991
WALL 21088477 1 0 1706659992
WALL 21088477 1 0 1706659993
WALL 21088477 1 0 1706659994
WALL 21088477 1 0 1706659995
WALL 21088477 1 0 1706659996
WALL 21088477 1 0 1706659997
WALL 21088477 1 0 1706659998
WALL 21088477 1 0 1706659999
WALL 21088477 1 0 1706660000
WALL 21088477 1 0 1706660001
WALL 21088477 1 0 1706660002
WALL 21088477 1 0 1706660003
WALL 21088477 1 0 1706660004
WALL 21088477 1 0 1706660005
slurmstepd: error: *** JOB 21088477 ON nid200197 CANCELLED AT 2024-01-31T00:13:26 DUE TO PREEMPTION ***
received SIGTERM 1706660006
WALL 21088477 1 0 1706660006
received SIGCONT 1706660006
WALL 21088477 1 0 1706660006
received SIGTERM 1706660006
WALL 21088477 1 0 1706660006
