WALL 21088424 1 0 1706659619
WALL 21088424 1 0 1706659620
WALL 21088424 1 0 1706659621
WALL 21088424 1 0 1706659622
WALL 21088424 1 0 1706659623
WALL 21088424 1 0 1706659624
WALL 21088424 1 0 1706659625
WALL 21088424 1 0 1706659626
WALL 21088424 1 0 1706659627
WALL 21088424 1 0 1706659628
WALL 21088424 1 0 1706659629
WALL 21088424 1 0 1706659630
WALL 21088424 1 0 1706659631
WALL 21088424 1 0 1706659632
WALL 21088424 1 0 1706659633
WALL 21088424 1 0 1706659634
WALL 21088424 1 0 1706659635
WALL 21088424 1 0 1706659636
WALL 21088424 1 0 1706659637
WALL 21088424 1 0 1706659638
WALL 21088424 1 0 1706659639
WALL 21088424 1 0 1706659640
WALL 21088424 1 0 1706659641
WALL 21088424 1 0 1706659642
WALL 21088424 1 0 1706659643
WALL 21088424 1 0 1706659644
WALL 21088424 1 0 1706659645
WALL 21088424 1 0 1706659646
WALL 21088424 1 0 1706659647
WALL 21088424 1 0 1706659648
WALL 21088424 1 0 1706659649
WALL 21088424 1 0 1706659650
WALL 21088424 1 0 1706659651
WALL 21088424 1 0 1706659652
WALL 21088424 1 0 1706659653
WALL 21088424 1 0 1706659654
WALL 21088424 1 0 1706659655
WALL 21088424 1 0 1706659656
WALL 21088424 1 0 1706659657
WALL 21088424 1 0 1706659658
WALL 21088424 1 0 1706659659
WALL 21088424 1 0 1706659660
WALL 21088424 1 0 1706659661
WALL 21088424 1 0 1706659662
WALL 21088424 1 0 1706659663
WALL 21088424 1 0 1706659664
WALL 21088424 1 0 1706659665
WALL 21088424 1 0 1706659666
WALL 21088424 1 0 1706659667
WALL 21088424 1 0 1706659668
WALL 21088424 1 0 1706659669
WALL 21088424 1 0 1706659670
WALL 21088424 1 0 1706659671
WALL 21088424 1 0 1706659672
WALL 21088424 1 0 1706659673
WALL 21088424 1 0 1706659674
WALL 21088424 1 0 1706659675
WALL 21088424 1 0 1706659676
WALL 21088424 1 0 1706659677
WALL 21088424 1 0 1706659678
WALL 21088424 1 0 1706659679
WALL 21088424 1 0 1706659680
WALL 21088424 1 0 1706659681
WALL 21088424 1 0 1706659682
WALL 21088424 1 0 1706659683
WALL 21088424 1 0 1706659684
WALL 21088424 1 0 1706659685
WALL 21088424 1 0 1706659686
WALL 21088424 1 0 1706659687
WALL 21088424 1 0 1706659688
WALL 21088424 1 0 1706659689
WALL 21088424 1 0 1706659690
WALL 21088424 1 0 1706659691
WALL 21088424 1 0 1706659692
WALL 21088424 1 0 1706659693
WALL 21088424 1 0 1706659694
WALL 21088424 1 0 1706659695
WALL 21088424 1 0 1706659696
WALL 21088424 1 0 1706659697
WALL 21088424 1 0 1706659698
WALL 21088424 1 0 1706659699
WALL 21088424 1 0 1706659700
WALL 21088424 1 0 1706659701
WALL 21088424 1 0 1706659702
WALL 21088424 1 0 1706659703
WALL 21088424 1 0 1706659704
WALL 21088424 1 0 1706659705
WALL 21088424 1 0 1706659706
WALL 21088424 1 0 1706659707
WALL 21088424 1 0 1706659708
WALL 21088424 1 0 1706659709
WALL 21088424 1 0 1706659710
WALL 21088424 1 0 1706659711
WALL 21088424 1 0 1706659712
WALL 21088424 1 0 1706659713
WALL 21088424 1 0 1706659714
WALL 21088424 1 0 1706659715
WALL 21088424 1 0 1706659716
WALL 21088424 1 0 1706659717
WALL 21088424 1 0 1706659718
WALL 21088424 1 0 1706659719
WALL 21088424 1 0 1706659720
WALL 21088424 1 0 1706659721
WALL 21088424 1 0 1706659722
WALL 21088424 1 0 1706659723
WALL 21088424 1 0 1706659724
WALL 21088424 1 0 1706659725
WALL 21088424 1 0 1706659726
WALL 21088424 1 0 1706659727
WALL 21088424 1 0 1706659728
WALL 21088424 1 0 1706659729
WALL 21088424 1 0 1706659730
WALL 21088424 1 0 1706659731
WALL 21088424 1 0 1706659732
WALL 21088424 1 0 1706659733
WALL 21088424 1 0 1706659734
WALL 21088424 1 0 1706659735
WALL 21088424 1 0 1706659736
WALL 21088424 1 0 1706659737
WALL 21088424 1 0 1706659738
WALL 21088424 1 0 1706659739
WALL 21088424 1 0 1706659740
WALL 21088424 1 0 1706659741
WALL 21088424 1 0 1706659742
WALL 21088424 1 0 1706659743
WALL 21088424 1 0 1706659744
WALL 21088424 1 0 1706659745
WALL 21088424 1 0 1706659746
WALL 21088424 1 0 1706659747
WALL 21088424 1 0 1706659748
WALL 21088424 1 0 1706659749
WALL 21088424 1 0 1706659750
WALL 21088424 1 0 1706659751
WALL 21088424 1 0 1706659752
WALL 21088424 1 0 1706659753
WALL 21088424 1 0 1706659754
WALL 21088424 1 0 1706659755
WALL 21088424 1 0 1706659756
WALL 21088424 1 0 1706659757
WALL 21088424 1 0 1706659758
WALL 21088424 1 0 1706659759
WALL 21088424 1 0 1706659760
WALL 21088424 1 0 1706659761
WALL 21088424 1 0 1706659762
WALL 21088424 1 0 1706659763
WALL 21088424 1 0 1706659764
WALL 21088424 1 0 1706659765
WALL 21088424 1 0 1706659766
WALL 21088424 1 0 1706659767
WALL 21088424 1 0 1706659768
WALL 21088424 1 0 1706659769
WALL 21088424 1 0 1706659770
WALL 21088424 1 0 1706659771
WALL 21088424 1 0 1706659772
WALL 21088424 1 0 1706659773
WALL 21088424 1 0 1706659774
WALL 21088424 1 0 1706659775
WALL 21088424 1 0 1706659776
WALL 21088424 1 0 1706659777
WALL 21088424 1 0 1706659778
WALL 21088424 1 0 1706659779
WALL 21088424 1 0 1706659780
WALL 21088424 1 0 1706659781
WALL 21088424 1 0 1706659782
WALL 21088424 1 0 1706659783
WALL 21088424 1 0 1706659784
WALL 21088424 1 0 1706659785
WALL 21088424 1 0 1706659786
WALL 21088424 1 0 1706659787
WALL 21088424 1 0 1706659788
WALL 21088424 1 0 1706659789
WALL 21088424 1 0 1706659790
WALL 21088424 1 0 1706659791
received SIGCONT 1706659792
WALL 21088424 1 0 1706659792
slurmstepd: error: *** STEP 21088424.0 ON nid200197 CANCELLED AT 2024-01-31T00:09:52 ***
received SIGTERM 1706659792
WALL 21088424 1 0 1706659792
WALL 21088424 1 0 1706659793
WALL 21088424 1 0 1706659794
WALL 21088424 1 0 1706659795
WALL 21088424 1 0 1706659796
WALL 21088424 1 0 1706659797
WALL 21088424 1 0 1706659798
WALL 21088424 1 0 1706659799
WALL 21088424 1 0 1706659800
WALL 21088424 1 0 1706659801
WALL 21088424 1 0 1706659802
WALL 21088424 1 0 1706659803
WALL 21088424 1 0 1706659804
WALL 21088424 1 0 1706659805
WALL 21088424 1 0 1706659806
WALL 21088424 1 0 1706659807
WALL 21088424 1 0 1706659808
WALL 21088424 1 0 1706659809
WALL 21088424 1 0 1706659810
WALL 21088424 1 0 1706659811
WALL 21088424 1 0 1706659812
WALL 21088424 1 0 1706659813
WALL 21088424 1 0 1706659814
WALL 21088424 1 0 1706659815
WALL 21088424 1 0 1706659816
WALL 21088424 1 0 1706659817
WALL 21088424 1 0 1706659818
WALL 21088424 1 0 1706659819
WALL 21088424 1 0 1706659820
WALL 21088424 1 0 1706659821
WALL 21088424 1 0 1706659822
WALL 21088424 1 0 1706659823
WALL 21088424 1 0 1706659824
WALL 21088424 1 0 1706659825
WALL 21088424 1 0 1706659826
WALL 21088424 1 0 1706659827
WALL 21088424 1 0 1706659828
WALL 21088424 1 0 1706659829
WALL 21088424 1 0 1706659830
WALL 21088424 1 0 1706659831
WALL 21088424 1 0 1706659832
WALL 21088424 1 0 1706659833
WALL 21088424 1 0 1706659834
WALL 21088424 1 0 1706659835
WALL 21088424 1 0 1706659836
WALL 21088424 1 0 1706659837
WALL 21088424 1 0 1706659838
WALL 21088424 1 0 1706659839
WALL 21088424 1 0 1706659840
WALL 21088424 1 0 1706659841
WALL 21088424 1 0 1706659842
WALL 21088424 1 0 1706659843
WALL 21088424 1 0 1706659844
WALL 21088424 1 0 1706659845
WALL 21088424 1 0 1706659846
WALL 21088424 1 0 1706659847
WALL 21088424 1 0 1706659848
WALL 21088424 1 0 1706659849
WALL 21088424 1 0 1706659850
WALL 21088424 1 0 1706659851
WALL 21088424 1 0 1706659852
WALL 21088424 1 0 1706659853
WALL 21088424 1 0 1706659854
WALL 21088424 1 0 1706659855
WALL 21088424 1 0 1706659856
slurmstepd: error: *** JOB 21088424 ON nid200197 CANCELLED AT 2024-01-31T00:10:56 DUE TO PREEMPTION ***
received SIGTERM 1706659856
WALL 21088424 1 0 1706659856
received SIGCONT 1706659856
WALL 21088424 1 0 1706659856
received SIGTERM 1706659856
WALL 21088424 1 0 1706659856
