WALL 21207959 1 0 1706822056
WALL 21207959 1 0 1706822057
WALL 21207959 1 0 1706822058
WALL 21207959 1 0 1706822059
WALL 21207959 1 0 1706822060
WALL 21207959 1 0 1706822061
WALL 21207959 1 0 1706822062
WALL 21207959 1 0 1706822063
WALL 21207959 1 0 1706822064
WALL 21207959 1 0 1706822065
WALL 21207959 1 0 1706822066
WALL 21207959 1 0 1706822067
WALL 21207959 1 0 1706822068
WALL 21207959 1 0 1706822069
WALL 21207959 1 0 1706822070
WALL 21207959 1 0 1706822071
WALL 21207959 1 0 1706822072
WALL 21207959 1 0 1706822073
WALL 21207959 1 0 1706822074
WALL 21207959 1 0 1706822075
WALL 21207959 1 0 1706822076
WALL 21207959 1 0 1706822077
WALL 21207959 1 0 1706822078
WALL 21207959 1 0 1706822079
WALL 21207959 1 0 1706822080
WALL 21207959 1 0 1706822081
WALL 21207959 1 0 1706822082
WALL 21207959 1 0 1706822083
WALL 21207959 1 0 1706822084
WALL 21207959 1 0 1706822085
WALL 21207959 1 0 1706822086
WALL 21207959 1 0 1706822087
WALL 21207959 1 0 1706822088
WALL 21207959 1 0 1706822089
WALL 21207959 1 0 1706822090
WALL 21207959 1 0 1706822091
WALL 21207959 1 0 1706822092
WALL 21207959 1 0 1706822093
WALL 21207959 1 0 1706822094
WALL 21207959 1 0 1706822095
WALL 21207959 1 0 1706822096
WALL 21207959 1 0 1706822097
WALL 21207959 1 0 1706822098
WALL 21207959 1 0 1706822099
WALL 21207959 1 0 1706822100
WALL 21207959 1 0 1706822101
WALL 21207959 1 0 1706822102
WALL 21207959 1 0 1706822103
WALL 21207959 1 0 1706822104
WALL 21207959 1 0 1706822105
WALL 21207959 1 0 1706822106
WALL 21207959 1 0 1706822107
WALL 21207959 1 0 1706822108
WALL 21207959 1 0 1706822109
WALL 21207959 1 0 1706822110
WALL 21207959 1 0 1706822111
WALL 21207959 1 0 1706822112
WALL 21207959 1 0 1706822113
WALL 21207959 1 0 1706822114
WALL 21207959 1 0 1706822115
WALL 21207959 1 0 1706822116
WALL 21207959 1 0 1706822117
WALL 21207959 1 0 1706822118
WALL 21207959 1 0 1706822119
WALL 21207959 1 0 1706822120
WALL 21207959 1 0 1706822121
WALL 21207959 1 0 1706822122
WALL 21207959 1 0 1706822123
WALL 21207959 1 0 1706822124
WALL 21207959 1 0 1706822125
WALL 21207959 1 0 1706822126
WALL 21207959 1 0 1706822127
WALL 21207959 1 0 1706822128
WALL 21207959 1 0 1706822129
WALL 21207959 1 0 1706822130
WALL 21207959 1 0 1706822131
WALL 21207959 1 0 1706822132
WALL 21207959 1 0 1706822133
WALL 21207959 1 0 1706822134
WALL 21207959 1 0 1706822135
WALL 21207959 1 0 1706822136
WALL 21207959 1 0 1706822137
WALL 21207959 1 0 1706822138
WALL 21207959 1 0 1706822139
WALL 21207959 1 0 1706822140
WALL 21207959 1 0 1706822141
WALL 21207959 1 0 1706822142
WALL 21207959 1 0 1706822143
WALL 21207959 1 0 1706822144
WALL 21207959 1 0 1706822145
WALL 21207959 1 0 1706822146
WALL 21207959 1 0 1706822147
WALL 21207959 1 0 1706822148
WALL 21207959 1 0 1706822149
WALL 21207959 1 0 1706822150
WALL 21207959 1 0 1706822151
WALL 21207959 1 0 1706822152
WALL 21207959 1 0 1706822153
WALL 21207959 1 0 1706822154
WALL 21207959 1 0 1706822155
WALL 21207959 1 0 1706822156
WALL 21207959 1 0 1706822157
WALL 21207959 1 0 1706822158
WALL 21207959 1 0 1706822159
WALL 21207959 1 0 1706822160
WALL 21207959 1 0 1706822161
WALL 21207959 1 0 1706822162
WALL 21207959 1 0 1706822163
WALL 21207959 1 0 1706822164
WALL 21207959 1 0 1706822165
WALL 21207959 1 0 1706822166
WALL 21207959 1 0 1706822167
WALL 21207959 1 0 1706822168
WALL 21207959 1 0 1706822169
WALL 21207959 1 0 1706822170
WALL 21207959 1 0 1706822171
WALL 21207959 1 0 1706822172
WALL 21207959 1 0 1706822173
WALL 21207959 1 0 1706822174
WALL 21207959 1 0 1706822175
WALL 21207959 1 0 1706822176
WALL 21207959 1 0 1706822177
WALL 21207959 1 0 1706822178
WALL 21207959 1 0 1706822179
WALL 21207959 1 0 1706822180
WALL 21207959 1 0 1706822181
WALL 21207959 1 0 1706822182
WALL 21207959 1 0 1706822183
WALL 21207959 1 0 1706822184
WALL 21207959 1 0 1706822185
WALL 21207959 1 0 1706822186
WALL 21207959 1 0 1706822187
WALL 21207959 1 0 1706822188
WALL 21207959 1 0 1706822189
WALL 21207959 1 0 1706822190
WALL 21207959 1 0 1706822191
WALL 21207959 1 0 1706822192
WALL 21207959 1 0 1706822193
WALL 21207959 1 0 1706822194
WALL 21207959 1 0 1706822195
WALL 21207959 1 0 1706822196
WALL 21207959 1 0 1706822197
WALL 21207959 1 0 1706822198
WALL 21207959 1 0 1706822199
WALL 21207959 1 0 1706822200
WALL 21207959 1 0 1706822201
WALL 21207959 1 0 1706822202
WALL 21207959 1 0 1706822203
WALL 21207959 1 0 1706822204
WALL 21207959 1 0 1706822205
WALL 21207959 1 0 1706822206
WALL 21207959 1 0 1706822207
WALL 21207959 1 0 1706822208
WALL 21207959 1 0 1706822209
slurmstepd: error: *** STEP 21207959.0 ON nid200006 CANCELLED AT 2024-02-01T21:16:49 ***
received SIGTERM 1706822209
WALL 21207959 1 0 1706822209
received SIGCONT 1706822209
WALL 21207959 1 0 1706822209
WALL 21207959 1 0 1706822210
WALL 21207959 1 0 1706822211
WALL 21207959 1 0 1706822212
WALL 21207959 1 0 1706822213
WALL 21207959 1 0 1706822214
WALL 21207959 1 0 1706822215
WALL 21207959 1 0 1706822216
WALL 21207959 1 0 1706822217
WALL 21207959 1 0 1706822218
WALL 21207959 1 0 1706822219
WALL 21207959 1 0 1706822220
WALL 21207959 1 0 1706822221
WALL 21207959 1 0 1706822222
WALL 21207959 1 0 1706822223
WALL 21207959 1 0 1706822224
WALL 21207959 1 0 1706822225
WALL 21207959 1 0 1706822226
WALL 21207959 1 0 1706822227
WALL 21207959 1 0 1706822228
WALL 21207959 1 0 1706822229
WALL 21207959 1 0 1706822230
WALL 21207959 1 0 1706822231
WALL 21207959 1 0 1706822232
WALL 21207959 1 0 1706822233
WALL 21207959 1 0 1706822234
WALL 21207959 1 0 1706822235
WALL 21207959 1 0 1706822236
WALL 21207959 1 0 1706822237
WALL 21207959 1 0 1706822238
WALL 21207959 1 0 1706822239
WALL 21207959 1 0 1706822240
WALL 21207959 1 0 1706822241
WALL 21207959 1 0 1706822242
WALL 21207959 1 0 1706822243
WALL 21207959 1 0 1706822244
WALL 21207959 1 0 1706822245
WALL 21207959 1 0 1706822246
WALL 21207959 1 0 1706822247
WALL 21207959 1 0 1706822248
WALL 21207959 1 0 1706822249
WALL 21207959 1 0 1706822250
WALL 21207959 1 0 1706822251
WALL 21207959 1 0 1706822252
WALL 21207959 1 0 1706822253
WALL 21207959 1 0 1706822254
WALL 21207959 1 0 1706822255
WALL 21207959 1 0 1706822256
WALL 21207959 1 0 1706822257
WALL 21207959 1 0 1706822258
WALL 21207959 1 0 1706822259
WALL 21207959 1 0 1706822260
WALL 21207959 1 0 1706822261
WALL 21207959 1 0 1706822262
WALL 21207959 1 0 1706822263
WALL 21207959 1 0 1706822264
WALL 21207959 1 0 1706822265
WALL 21207959 1 0 1706822266
WALL 21207959 1 0 1706822267
WALL 21207959 1 0 1706822268
WALL 21207959 1 0 1706822269
WALL 21207959 1 0 1706822270
WALL 21207959 1 0 1706822271
WALL 21207959 1 0 1706822272
WALL 21207959 1 0 1706822273
WALL 21207959 1 0 1706822274
WALL 21207959 1 0 1706822275
WALL 21207959 1 0 1706822276
WALL 21207959 1 0 1706822277
WALL 21207959 1 0 1706822278
WALL 21207959 1 0 1706822279
WALL 21207959 1 0 1706822280
WALL 21207959 1 0 1706822281
WALL 21207959 1 0 1706822282
WALL 21207959 1 0 1706822283
WALL 21207959 1 0 1706822284
WALL 21207959 1 0 1706822285
WALL 21207959 1 0 1706822286
WALL 21207959 1 0 1706822287
WALL 21207959 1 0 1706822288
WALL 21207959 1 0 1706822289
WALL 21207959 1 0 1706822290
WALL 21207959 1 0 1706822291
WALL 21207959 1 0 1706822292
WALL 21207959 1 0 1706822293
WALL 21207959 1 0 1706822294
WALL 21207959 1 0 1706822295
WALL 21207959 1 0 1706822296
WALL 21207959 1 0 1706822297
WALL 21207959 1 0 1706822298
WALL 21207959 1 0 1706822299
WALL 21207959 1 0 1706822300
slurmstepd: error: *** JOB 21207959 ON nid200006 CANCELLED AT 2024-02-01T21:18:21 DUE TO PREEMPTION ***
received SIGTERM 1706822301
WALL 21207959 1 0 1706822301
received SIGCONT 1706822301
WALL 21207959 1 0 1706822301
received SIGTERM 1706822301
WALL 21207959 1 0 1706822301
