WALL 21211169 1 0 1706829648
WALL 21211169 1 0 1706829649
WALL 21211169 1 0 1706829650
WALL 21211169 1 0 1706829651
WALL 21211169 1 0 1706829652
WALL 21211169 1 0 1706829653
WALL 21211169 1 0 1706829654
WALL 21211169 1 0 1706829655
WALL 21211169 1 0 1706829656
WALL 21211169 1 0 1706829657
WALL 21211169 1 0 1706829658
WALL 21211169 1 0 1706829659
WALL 21211169 1 0 1706829660
WALL 21211169 1 0 1706829661
WALL 21211169 1 0 1706829662
WALL 21211169 1 0 1706829663
WALL 21211169 1 0 1706829664
WALL 21211169 1 0 1706829665
WALL 21211169 1 0 1706829666
WALL 21211169 1 0 1706829667
WALL 21211169 1 0 1706829668
WALL 21211169 1 0 1706829669
WALL 21211169 1 0 1706829670
WALL 21211169 1 0 1706829671
WALL 21211169 1 0 1706829672
WALL 21211169 1 0 1706829673
WALL 21211169 1 0 1706829674
WALL 21211169 1 0 1706829675
WALL 21211169 1 0 1706829676
WALL 21211169 1 0 1706829677
WALL 21211169 1 0 1706829678
WALL 21211169 1 0 1706829679
WALL 21211169 1 0 1706829680
WALL 21211169 1 0 1706829681
WALL 21211169 1 0 1706829682
WALL 21211169 1 0 1706829683
WALL 21211169 1 0 1706829684
WALL 21211169 1 0 1706829685
WALL 21211169 1 0 1706829686
WALL 21211169 1 0 1706829687
WALL 21211169 1 0 1706829688
WALL 21211169 1 0 1706829689
WALL 21211169 1 0 1706829690
WALL 21211169 1 0 1706829691
WALL 21211169 1 0 1706829692
WALL 21211169 1 0 1706829693
WALL 21211169 1 0 1706829694
WALL 21211169 1 0 1706829695
WALL 21211169 1 0 1706829696
WALL 21211169 1 0 1706829697
WALL 21211169 1 0 1706829698
WALL 21211169 1 0 1706829699
WALL 21211169 1 0 1706829700
WALL 21211169 1 0 1706829701
WALL 21211169 1 0 1706829702
WALL 21211169 1 0 1706829703
WALL 21211169 1 0 1706829704
received SIGCONT 1706829704
WALL 21211169 1 0 1706829704
slurmstepd: error: *** STEP 21211169.0 ON nid200059 CANCELLED AT 2024-02-01T23:21:44 ***
received SIGTERM 1706829704
WALL 21211169 1 0 1706829704
WALL 21211169 1 0 1706829705
WALL 21211169 1 0 1706829706
WALL 21211169 1 0 1706829707
WALL 21211169 1 0 1706829708
WALL 21211169 1 0 1706829709
WALL 21211169 1 0 1706829710
WALL 21211169 1 0 1706829711
WALL 21211169 1 0 1706829712
WALL 21211169 1 0 1706829713
WALL 21211169 1 0 1706829714
WALL 21211169 1 0 1706829715
WALL 21211169 1 0 1706829716
WALL 21211169 1 0 1706829717
WALL 21211169 1 0 1706829718
WALL 21211169 1 0 1706829719
WALL 21211169 1 0 1706829720
WALL 21211169 1 0 1706829721
WALL 21211169 1 0 1706829722
WALL 21211169 1 0 1706829723
WALL 21211169 1 0 1706829724
WALL 21211169 1 0 1706829725
WALL 21211169 1 0 1706829726
WALL 21211169 1 0 1706829727
WALL 21211169 1 0 1706829728
WALL 21211169 1 0 1706829729
WALL 21211169 1 0 1706829730
WALL 21211169 1 0 1706829731
WALL 21211169 1 0 1706829732
WALL 21211169 1 0 1706829733
WALL 21211169 1 0 1706829734
WALL 21211169 1 0 1706829735
WALL 21211169 1 0 1706829736
WALL 21211169 1 0 1706829737
WALL 21211169 1 0 1706829738
WALL 21211169 1 0 1706829739
WALL 21211169 1 0 1706829740
WALL 21211169 1 0 1706829741
WALL 21211169 1 0 1706829742
WALL 21211169 1 0 1706829743
WALL 21211169 1 0 1706829744
WALL 21211169 1 0 1706829745
WALL 21211169 1 0 1706829746
WALL 21211169 1 0 1706829747
WALL 21211169 1 0 1706829748
WALL 21211169 1 0 1706829749
WALL 21211169 1 0 1706829750
WALL 21211169 1 0 1706829751
WALL 21211169 1 0 1706829752
WALL 21211169 1 0 1706829753
WALL 21211169 1 0 1706829754
WALL 21211169 1 0 1706829755
WALL 21211169 1 0 1706829756
WALL 21211169 1 0 1706829757
WALL 21211169 1 0 1706829758
WALL 21211169 1 0 1706829759
WALL 21211169 1 0 1706829760
WALL 21211169 1 0 1706829761
WALL 21211169 1 0 1706829762
WALL 21211169 1 0 1706829763
WALL 21211169 1 0 1706829764
WALL 21211169 1 0 1706829765
WALL 21211169 1 0 1706829766
WALL 21211169 1 0 1706829767
WALL 21211169 1 0 1706829768
WALL 21211169 1 0 1706829769
WALL 21211169 1 0 1706829770
WALL 21211169 1 0 1706829771
WALL 21211169 1 0 1706829772
WALL 21211169 1 0 1706829773
WALL 21211169 1 0 1706829774
WALL 21211169 1 0 1706829775
WALL 21211169 1 0 1706829776
WALL 21211169 1 0 1706829777
WALL 21211169 1 0 1706829778
WALL 21211169 1 0 1706829779
WALL 21211169 1 0 1706829780
WALL 21211169 1 0 1706829781
WALL 21211169 1 0 1706829782
WALL 21211169 1 0 1706829783
WALL 21211169 1 0 1706829784
WALL 21211169 1 0 1706829785
WALL 21211169 1 0 1706829786
WALL 21211169 1 0 1706829787
WALL 21211169 1 0 1706829788
WALL 21211169 1 0 1706829789
slurmstepd: error: *** JOB 21211169 ON nid200059 CANCELLED AT 2024-02-01T23:23:10 DUE TO PREEMPTION ***
received SIGTERM 1706829790
WALL 21211169 1 0 1706829790
received SIGCONT 1706829790
WALL 21211169 1 0 1706829790
received SIGTERM 1706829790
WALL 21211169 1 0 1706829790
