WALL 21088698 1 0 1706660321
WALL 21088698 1 0 1706660322
WALL 21088698 1 0 1706660323
WALL 21088698 1 0 1706660324
WALL 21088698 1 0 1706660325
WALL 21088698 1 0 1706660326
WALL 21088698 1 0 1706660327
WALL 21088698 1 0 1706660328
WALL 21088698 1 0 1706660329
WALL 21088698 1 0 1706660330
WALL 21088698 1 0 1706660331
WALL 21088698 1 0 1706660332
WALL 21088698 1 0 1706660333
WALL 21088698 1 0 1706660334
WALL 21088698 1 0 1706660335
WALL 21088698 1 0 1706660336
WALL 21088698 1 0 1706660337
WALL 21088698 1 0 1706660338
WALL 21088698 1 0 1706660339
WALL 21088698 1 0 1706660340
WALL 21088698 1 0 1706660341
WALL 21088698 1 0 1706660342
WALL 21088698 1 0 1706660343
WALL 21088698 1 0 1706660344
WALL 21088698 1 0 1706660345
WALL 21088698 1 0 1706660346
WALL 21088698 1 0 1706660347
WALL 21088698 1 0 1706660348
WALL 21088698 1 0 1706660349
WALL 21088698 1 0 1706660350
WALL 21088698 1 0 1706660351
WALL 21088698 1 0 1706660352
WALL 21088698 1 0 1706660353
WALL 21088698 1 0 1706660354
WALL 21088698 1 0 1706660355
WALL 21088698 1 0 1706660356
WALL 21088698 1 0 1706660357
WALL 21088698 1 0 1706660358
WALL 21088698 1 0 1706660359
WALL 21088698 1 0 1706660360
WALL 21088698 1 0 1706660361
WALL 21088698 1 0 1706660362
WALL 21088698 1 0 1706660363
WALL 21088698 1 0 1706660364
WALL 21088698 1 0 1706660365
WALL 21088698 1 0 1706660366
WALL 21088698 1 0 1706660367
WALL 21088698 1 0 1706660368
WALL 21088698 1 0 1706660369
WALL 21088698 1 0 1706660370
WALL 21088698 1 0 1706660371
WALL 21088698 1 0 1706660372
WALL 21088698 1 0 1706660373
WALL 21088698 1 0 1706660374
WALL 21088698 1 0 1706660375
WALL 21088698 1 0 1706660376
WALL 21088698 1 0 1706660377
WALL 21088698 1 0 1706660378
WALL 21088698 1 0 1706660379
WALL 21088698 1 0 1706660380
WALL 21088698 1 0 1706660381
WALL 21088698 1 0 1706660382
WALL 21088698 1 0 1706660383
WALL 21088698 1 0 1706660384
slurmstepd: error: *** STEP 21088698.0 ON nid200197 CANCELLED AT 2024-01-31T00:19:45 ***
received SIGTERM 1706660385
WALL 21088698 1 0 1706660385
received SIGCONT 1706660385
WALL 21088698 1 0 1706660385
WALL 21088698 1 0 1706660386
WALL 21088698 1 0 1706660387
WALL 21088698 1 0 1706660388
WALL 21088698 1 0 1706660389
WALL 21088698 1 0 1706660390
WALL 21088698 1 0 1706660391
WALL 21088698 1 0 1706660392
WALL 21088698 1 0 1706660393
WALL 21088698 1 0 1706660394
WALL 21088698 1 0 1706660395
WALL 21088698 1 0 1706660396
WALL 21088698 1 0 1706660397
WALL 21088698 1 0 1706660398
WALL 21088698 1 0 1706660399
WALL 21088698 1 0 1706660400
WALL 21088698 1 0 1706660401
WALL 21088698 1 0 1706660402
WALL 21088698 1 0 1706660403
WALL 21088698 1 0 1706660404
WALL 21088698 1 0 1706660405
WALL 21088698 1 0 1706660406
WALL 21088698 1 0 1706660407
WALL 21088698 1 0 1706660408
WALL 21088698 1 0 1706660409
WALL 21088698 1 0 1706660410
WALL 21088698 1 0 1706660411
WALL 21088698 1 0 1706660412
WALL 21088698 1 0 1706660413
WALL 21088698 1 0 1706660414
WALL 21088698 1 0 1706660415
WALL 21088698 1 0 1706660416
WALL 21088698 1 0 1706660417
WALL 21088698 1 0 1706660418
WALL 21088698 1 0 1706660419
WALL 21088698 1 0 1706660420
WALL 21088698 1 0 1706660421
WALL 21088698 1 0 1706660422
WALL 21088698 1 0 1706660423
WALL 21088698 1 0 1706660424
WALL 21088698 1 0 1706660425
WALL 21088698 1 0 1706660426
WALL 21088698 1 0 1706660427
WALL 21088698 1 0 1706660428
WALL 21088698 1 0 1706660429
WALL 21088698 1 0 1706660430
WALL 21088698 1 0 1706660431
WALL 21088698 1 0 1706660432
WALL 21088698 1 0 1706660433
WALL 21088698 1 0 1706660434
WALL 21088698 1 0 1706660435
WALL 21088698 1 0 1706660436
WALL 21088698 1 0 1706660437
WALL 21088698 1 0 1706660438
WALL 21088698 1 0 1706660439
WALL 21088698 1 0 1706660440
WALL 21088698 1 0 1706660441
WALL 21088698 1 0 1706660442
WALL 21088698 1 0 1706660443
WALL 21088698 1 0 1706660444
WALL 21088698 1 0 1706660445
WALL 21088698 1 0 1706660446
WALL 21088698 1 0 1706660447
WALL 21088698 1 0 1706660448
WALL 21088698 1 0 1706660449
WALL 21088698 1 0 1706660450
WALL 21088698 1 0 1706660451
WALL 21088698 1 0 1706660452
WALL 21088698 1 0 1706660453
WALL 21088698 1 0 1706660454
WALL 21088698 1 0 1706660455
WALL 21088698 1 0 1706660456
WALL 21088698 1 0 1706660457
WALL 21088698 1 0 1706660458
WALL 21088698 1 0 1706660459
WALL 21088698 1 0 1706660460
WALL 21088698 1 0 1706660461
WALL 21088698 1 0 1706660462
WALL 21088698 1 0 1706660463
slurmstepd: error: *** JOB 21088698 ON nid200197 CANCELLED AT 2024-01-31T00:21:03 DUE TO PREEMPTION ***
received SIGTERM 1706660463
WALL 21088698 1 0 1706660463
received SIGCONT 1706660463
WALL 21088698 1 0 1706660463
received SIGTERM 1706660463
WALL 21088698 1 0 1706660463
