WALL 21195427 1 0 1706813815
WALL 21195427 1 0 1706813816
WALL 21195427 1 0 1706813817
WALL 21195427 1 0 1706813818
WALL 21195427 1 0 1706813819
WALL 21195427 1 0 1706813820
WALL 21195427 1 0 1706813821
WALL 21195427 1 0 1706813822
WALL 21195427 1 0 1706813823
WALL 21195427 1 0 1706813824
WALL 21195427 1 0 1706813825
WALL 21195427 1 0 1706813826
WALL 21195427 1 0 1706813827
WALL 21195427 1 0 1706813828
WALL 21195427 1 0 1706813829
WALL 21195427 1 0 1706813830
WALL 21195427 1 0 1706813831
WALL 21195427 1 0 1706813832
WALL 21195427 1 0 1706813833
WALL 21195427 1 0 1706813834
WALL 21195427 1 0 1706813835
WALL 21195427 1 0 1706813836
WALL 21195427 1 0 1706813837
WALL 21195427 1 0 1706813838
WALL 21195427 1 0 1706813839
WALL 21195427 1 0 1706813840
WALL 21195427 1 0 1706813841
WALL 21195427 1 0 1706813842
WALL 21195427 1 0 1706813843
WALL 21195427 1 0 1706813844
WALL 21195427 1 0 1706813845
WALL 21195427 1 0 1706813846
WALL 21195427 1 0 1706813847
WALL 21195427 1 0 1706813848
WALL 21195427 1 0 1706813849
WALL 21195427 1 0 1706813850
WALL 21195427 1 0 1706813851
WALL 21195427 1 0 1706813852
WALL 21195427 1 0 1706813853
WALL 21195427 1 0 1706813854
WALL 21195427 1 0 1706813855
WALL 21195427 1 0 1706813856
WALL 21195427 1 0 1706813857
WALL 21195427 1 0 1706813858
WALL 21195427 1 0 1706813859
WALL 21195427 1 0 1706813860
WALL 21195427 1 0 1706813861
WALL 21195427 1 0 1706813862
WALL 21195427 1 0 1706813863
WALL 21195427 1 0 1706813864
WALL 21195427 1 0 1706813865
WALL 21195427 1 0 1706813866
WALL 21195427 1 0 1706813867
WALL 21195427 1 0 1706813868
WALL 21195427 1 0 1706813869
WALL 21195427 1 0 1706813870
WALL 21195427 1 0 1706813871
WALL 21195427 1 0 1706813872
WALL 21195427 1 0 1706813873
WALL 21195427 1 0 1706813874
slurmstepd: error: *** STEP 21195427.0 ON nid200168 CANCELLED AT 2024-02-01T18:57:54 DUE TO PREEMPTION ***
slurmstepd: error: *** JOB 21195427 ON nid200168 CANCELLED AT 2024-02-01T18:57:54 DUE TO PREEMPTION ***
received SIGTERM 1706813874
WALL 21195427 1 0 1706813874
received SIGCONT 1706813874
WALL 21195427 1 0 1706813874
received SIGTERM 1706813874
WALL 21195427 1 0 1706813874
