WALL 21206798 1 0 1706820909
WALL 21206798 1 0 1706820910
WALL 21206798 1 0 1706820911
WALL 21206798 1 0 1706820912
WALL 21206798 1 0 1706820913
WALL 21206798 1 0 1706820914
WALL 21206798 1 0 1706820915
WALL 21206798 1 0 1706820916
WALL 21206798 1 0 1706820917
WALL 21206798 1 0 1706820918
WALL 21206798 1 0 1706820919
WALL 21206798 1 0 1706820920
WALL 21206798 1 0 1706820921
WALL 21206798 1 0 1706820922
WALL 21206798 1 0 1706820923
WALL 21206798 1 0 1706820924
WALL 21206798 1 0 1706820925
WALL 21206798 1 0 1706820926
WALL 21206798 1 0 1706820927
WALL 21206798 1 0 1706820928
WALL 21206798 1 0 1706820929
WALL 21206798 1 0 1706820930
WALL 21206798 1 0 1706820931
WALL 21206798 1 0 1706820932
WALL 21206798 1 0 1706820933
WALL 21206798 1 0 1706820934
WALL 21206798 1 0 1706820935
WALL 21206798 1 0 1706820936
WALL 21206798 1 0 1706820937
received SIGCONT 1706820937
WALL 21206798 1 0 1706820937
slurmstepd: error: *** STEP 21206798.0 ON nid200006 CANCELLED AT 2024-02-01T20:55:37 ***
received SIGTERM 1706820937
WALL 21206798 1 0 1706820937
WALL 21206798 1 0 1706820938
WALL 21206798 1 0 1706820939
WALL 21206798 1 0 1706820940
WALL 21206798 1 0 1706820941
WALL 21206798 1 0 1706820942
WALL 21206798 1 0 1706820943
WALL 21206798 1 0 1706820944
WALL 21206798 1 0 1706820945
WALL 21206798 1 0 1706820946
WALL 21206798 1 0 1706820947
WALL 21206798 1 0 1706820948
WALL 21206798 1 0 1706820949
WALL 21206798 1 0 1706820950
WALL 21206798 1 0 1706820951
WALL 21206798 1 0 1706820952
WALL 21206798 1 0 1706820953
WALL 21206798 1 0 1706820954
WALL 21206798 1 0 1706820955
WALL 21206798 1 0 1706820956
WALL 21206798 1 0 1706820957
WALL 21206798 1 0 1706820958
WALL 21206798 1 0 1706820959
WALL 21206798 1 0 1706820960
WALL 21206798 1 0 1706820961
WALL 21206798 1 0 1706820962
WALL 21206798 1 0 1706820963
WALL 21206798 1 0 1706820964
WALL 21206798 1 0 1706820965
WALL 21206798 1 0 1706820966
WALL 21206798 1 0 1706820967
WALL 21206798 1 0 1706820968
WALL 21206798 1 0 1706820969
WALL 21206798 1 0 1706820970
WALL 21206798 1 0 1706820971
WALL 21206798 1 0 1706820972
WALL 21206798 1 0 1706820973
WALL 21206798 1 0 1706820974
WALL 21206798 1 0 1706820975
WALL 21206798 1 0 1706820976
WALL 21206798 1 0 1706820977
WALL 21206798 1 0 1706820978
WALL 21206798 1 0 1706820979
WALL 21206798 1 0 1706820980
WALL 21206798 1 0 1706820981
WALL 21206798 1 0 1706820982
WALL 21206798 1 0 1706820983
WALL 21206798 1 0 1706820984
WALL 21206798 1 0 1706820985
WALL 21206798 1 0 1706820986
WALL 21206798 1 0 1706820987
WALL 21206798 1 0 1706820988
WALL 21206798 1 0 1706820989
WALL 21206798 1 0 1706820990
WALL 21206798 1 0 1706820991
WALL 21206798 1 0 1706820992
WALL 21206798 1 0 1706820993
WALL 21206798 1 0 1706820994
WALL 21206798 1 0 1706820995
WALL 21206798 1 0 1706820996
WALL 21206798 1 0 1706820997
WALL 21206798 1 0 1706820998
WALL 21206798 1 0 1706820999
WALL 21206798 1 0 1706821000
WALL 21206798 1 0 1706821001
WALL 21206798 1 0 1706821002
WALL 21206798 1 0 1706821003
WALL 21206798 1 0 1706821004
WALL 21206798 1 0 1706821005
WALL 21206798 1 0 1706821006
slurmstepd: error: *** JOB 21206798 ON nid200006 CANCELLED AT 2024-02-01T20:56:47 DUE TO PREEMPTION ***
received SIGTERM 1706821007
WALL 21206798 1 0 1706821007
received SIGCONT 1706821007
WALL 21206798 1 0 1706821007
received SIGTERM 1706821007
WALL 21206798 1 0 1706821007
