WALL 21198992 1 0 1706815971
WALL 21198992 1 0 1706815972
WALL 21198992 1 0 1706815973
WALL 21198992 1 0 1706815974
WALL 21198992 1 0 1706815975
WALL 21198992 1 0 1706815976
WALL 21198992 1 0 1706815977
WALL 21198992 1 0 1706815978
WALL 21198992 1 0 1706815979
WALL 21198992 1 0 1706815980
slurmstepd: error: *** STEP 21198992.0 ON nid200144 CANCELLED AT 2024-02-01T19:33:01 ***
received SIGCONT 1706815981
WALL 21198992 1 0 1706815981
received SIGTERM 1706815981
WALL 21198992 1 0 1706815981
WALL 21198992 1 0 1706815982
WALL 21198992 1 0 1706815983
WALL 21198992 1 0 1706815984
WALL 21198992 1 0 1706815985
WALL 21198992 1 0 1706815986
WALL 21198992 1 0 1706815987
WALL 21198992 1 0 1706815988
WALL 21198992 1 0 1706815989
WALL 21198992 1 0 1706815990
WALL 21198992 1 0 1706815991
WALL 21198992 1 0 1706815992
WALL 21198992 1 0 1706815993
WALL 21198992 1 0 1706815994
WALL 21198992 1 0 1706815995
WALL 21198992 1 0 1706815996
WALL 21198992 1 0 1706815997
WALL 21198992 1 0 1706815998
WALL 21198992 1 0 1706815999
WALL 21198992 1 0 1706816000
WALL 21198992 1 0 1706816001
WALL 21198992 1 0 1706816002
WALL 21198992 1 0 1706816003
WALL 21198992 1 0 1706816004
WALL 21198992 1 0 1706816005
WALL 21198992 1 0 1706816006
WALL 21198992 1 0 1706816007
WALL 21198992 1 0 1706816008
WALL 21198992 1 0 1706816009
WALL 21198992 1 0 1706816010
WALL 21198992 1 0 1706816011
WALL 21198992 1 0 1706816012
WALL 21198992 1 0 1706816013
WALL 21198992 1 0 1706816014
WALL 21198992 1 0 1706816015
WALL 21198992 1 0 1706816016
WALL 21198992 1 0 1706816017
WALL 21198992 1 0 1706816018
WALL 21198992 1 0 1706816019
WALL 21198992 1 0 1706816020
WALL 21198992 1 0 1706816021
WALL 21198992 1 0 1706816022
WALL 21198992 1 0 1706816023
WALL 21198992 1 0 1706816024
WALL 21198992 1 0 1706816025
WALL 21198992 1 0 1706816026
WALL 21198992 1 0 1706816027
WALL 21198992 1 0 1706816028
WALL 21198992 1 0 1706816029
WALL 21198992 1 0 1706816030
WALL 21198992 1 0 1706816031
WALL 21198992 1 0 1706816032
WALL 21198992 1 0 1706816033
WALL 21198992 1 0 1706816034
WALL 21198992 1 0 1706816035
WALL 21198992 1 0 1706816036
WALL 21198992 1 0 1706816037
WALL 21198992 1 0 1706816038
WALL 21198992 1 0 1706816039
WALL 21198992 1 0 1706816040
slurmstepd: error: *** JOB 21198992 ON nid200144 CANCELLED AT 2024-02-01T19:34:00 DUE TO PREEMPTION ***
received SIGTERM 1706816040
WALL 21198992 1 0 1706816040
received SIGCONT 1706816040
WALL 21198992 1 0 1706816040
received SIGTERM 1706816040
WALL 21198992 1 0 1706816040
