WALL 21210273 1 0 1706827438
WALL 21210273 1 0 1706827439
WALL 21210273 1 0 1706827440
WALL 21210273 1 0 1706827441
WALL 21210273 1 0 1706827442
WALL 21210273 1 0 1706827443
WALL 21210273 1 0 1706827444
WALL 21210273 1 0 1706827445
WALL 21210273 1 0 1706827446
WALL 21210273 1 0 1706827447
WALL 21210273 1 0 1706827448
WALL 21210273 1 0 1706827449
WALL 21210273 1 0 1706827450
WALL 21210273 1 0 1706827451
WALL 21210273 1 0 1706827452
WALL 21210273 1 0 1706827453
WALL 21210273 1 0 1706827454
WALL 21210273 1 0 1706827455
WALL 21210273 1 0 1706827456
WALL 21210273 1 0 1706827457
WALL 21210273 1 0 1706827458
WALL 21210273 1 0 1706827459
WALL 21210273 1 0 1706827460
WALL 21210273 1 0 1706827461
WALL 21210273 1 0 1706827462
WALL 21210273 1 0 1706827463
WALL 21210273 1 0 1706827464
WALL 21210273 1 0 1706827465
WALL 21210273 1 0 1706827466
WALL 21210273 1 0 1706827467
WALL 21210273 1 0 1706827468
WALL 21210273 1 0 1706827469
WALL 21210273 1 0 1706827470
WALL 21210273 1 0 1706827471
WALL 21210273 1 0 1706827472
WALL 21210273 1 0 1706827473
WALL 21210273 1 0 1706827474
WALL 21210273 1 0 1706827475
WALL 21210273 1 0 1706827476
WALL 21210273 1 0 1706827477
WALL 21210273 1 0 1706827478
WALL 21210273 1 0 1706827479
WALL 21210273 1 0 1706827480
WALL 21210273 1 0 1706827481
WALL 21210273 1 0 1706827482
WALL 21210273 1 0 1706827483
WALL 21210273 1 0 1706827484
WALL 21210273 1 0 1706827485
WALL 21210273 1 0 1706827486
WALL 21210273 1 0 1706827487
WALL 21210273 1 0 1706827488
WALL 21210273 1 0 1706827489
WALL 21210273 1 0 1706827490
WALL 21210273 1 0 1706827491
WALL 21210273 1 0 1706827492
WALL 21210273 1 0 1706827493
WALL 21210273 1 0 1706827494
WALL 21210273 1 0 1706827495
WALL 21210273 1 0 1706827496
WALL 21210273 1 0 1706827497
WALL 21210273 1 0 1706827498
WALL 21210273 1 0 1706827499
WALL 21210273 1 0 1706827500
WALL 21210273 1 0 1706827501
WALL 21210273 1 0 1706827502
WALL 21210273 1 0 1706827503
WALL 21210273 1 0 1706827504
WALL 21210273 1 0 1706827505
WALL 21210273 1 0 1706827506
WALL 21210273 1 0 1706827507
WALL 21210273 1 0 1706827508
WALL 21210273 1 0 1706827509
WALL 21210273 1 0 1706827510
WALL 21210273 1 0 1706827511
WALL 21210273 1 0 1706827512
WALL 21210273 1 0 1706827513
WALL 21210273 1 0 1706827514
WALL 21210273 1 0 1706827515
WALL 21210273 1 0 1706827516
WALL 21210273 1 0 1706827517
WALL 21210273 1 0 1706827518
WALL 21210273 1 0 1706827519
WALL 21210273 1 0 1706827520
WALL 21210273 1 0 1706827521
WALL 21210273 1 0 1706827522
WALL 21210273 1 0 1706827523
WALL 21210273 1 0 1706827524
WALL 21210273 1 0 1706827525
WALL 21210273 1 0 1706827526
WALL 21210273 1 0 1706827527
WALL 21210273 1 0 1706827528
WALL 21210273 1 0 1706827529
WALL 21210273 1 0 1706827530
WALL 21210273 1 0 1706827531
WALL 21210273 1 0 1706827532
WALL 21210273 1 0 1706827533
WALL 21210273 1 0 1706827534
WALL 21210273 1 0 1706827535
WALL 21210273 1 0 1706827536
WALL 21210273 1 0 1706827537
WALL 21210273 1 0 1706827538
WALL 21210273 1 0 1706827539
WALL 21210273 1 0 1706827540
WALL 21210273 1 0 1706827541
WALL 21210273 1 0 1706827542
WALL 21210273 1 0 1706827543
WALL 21210273 1 0 1706827544
WALL 21210273 1 0 1706827545
WALL 21210273 1 0 1706827546
WALL 21210273 1 0 1706827547
WALL 21210273 1 0 1706827548
WALL 21210273 1 0 1706827549
WALL 21210273 1 0 1706827550
WALL 21210273 1 0 1706827551
WALL 21210273 1 0 1706827552
WALL 21210273 1 0 1706827553
WALL 21210273 1 0 1706827554
WALL 21210273 1 0 1706827555
WALL 21210273 1 0 1706827556
WALL 21210273 1 0 1706827557
WALL 21210273 1 0 1706827558
WALL 21210273 1 0 1706827559
WALL 21210273 1 0 1706827560
WALL 21210273 1 0 1706827561
WALL 21210273 1 0 1706827562
WALL 21210273 1 0 1706827563
WALL 21210273 1 0 1706827564
WALL 21210273 1 0 1706827565
WALL 21210273 1 0 1706827566
WALL 21210273 1 0 1706827567
WALL 21210273 1 0 1706827568
WALL 21210273 1 0 1706827569
WALL 21210273 1 0 1706827570
WALL 21210273 1 0 1706827571
WALL 21210273 1 0 1706827572
WALL 21210273 1 0 1706827573
WALL 21210273 1 0 1706827574
WALL 21210273 1 0 1706827575
WALL 21210273 1 0 1706827576
WALL 21210273 1 0 1706827577
WALL 21210273 1 0 1706827578
WALL 21210273 1 0 1706827579
WALL 21210273 1 0 1706827580
WALL 21210273 1 0 1706827581
WALL 21210273 1 0 1706827582
WALL 21210273 1 0 1706827583
WALL 21210273 1 0 1706827584
WALL 21210273 1 0 1706827585
WALL 21210273 1 0 1706827586
WALL 21210273 1 0 1706827587
WALL 21210273 1 0 1706827588
WALL 21210273 1 0 1706827589
WALL 21210273 1 0 1706827590
WALL 21210273 1 0 1706827591
WALL 21210273 1 0 1706827592
WALL 21210273 1 0 1706827593
WALL 21210273 1 0 1706827594
WALL 21210273 1 0 1706827595
WALL 21210273 1 0 1706827596
WALL 21210273 1 0 1706827597
WALL 21210273 1 0 1706827598
WALL 21210273 1 0 1706827599
WALL 21210273 1 0 1706827600
WALL 21210273 1 0 1706827601
WALL 21210273 1 0 1706827602
WALL 21210273 1 0 1706827603
WALL 21210273 1 0 1706827604
WALL 21210273 1 0 1706827605
WALL 21210273 1 0 1706827606
WALL 21210273 1 0 1706827607
WALL 21210273 1 0 1706827608
WALL 21210273 1 0 1706827609
WALL 21210273 1 0 1706827610
WALL 21210273 1 0 1706827611
WALL 21210273 1 0 1706827612
WALL 21210273 1 0 1706827613
WALL 21210273 1 0 1706827614
WALL 21210273 1 0 1706827615
WALL 21210273 1 0 1706827616
WALL 21210273 1 0 1706827617
WALL 21210273 1 0 1706827618
WALL 21210273 1 0 1706827619
WALL 21210273 1 0 1706827620
WALL 21210273 1 0 1706827621
WALL 21210273 1 0 1706827622
WALL 21210273 1 0 1706827623
WALL 21210273 1 0 1706827624
WALL 21210273 1 0 1706827625
slurmstepd: error: *** STEP 21210273.0 ON nid200202 CANCELLED AT 2024-02-01T22:47:06 ***
received SIGTERM 1706827626
WALL 21210273 1 0 1706827626
received SIGCONT 1706827626
WALL 21210273 1 0 1706827626
WALL 21210273 1 0 1706827627
WALL 21210273 1 0 1706827628
WALL 21210273 1 0 1706827629
WALL 21210273 1 0 1706827630
WALL 21210273 1 0 1706827631
WALL 21210273 1 0 1706827632
WALL 21210273 1 0 1706827633
WALL 21210273 1 0 1706827634
WALL 21210273 1 0 1706827635
WALL 21210273 1 0 1706827636
WALL 21210273 1 0 1706827637
WALL 21210273 1 0 1706827638
WALL 21210273 1 0 1706827639
WALL 21210273 1 0 1706827640
WALL 21210273 1 0 1706827641
WALL 21210273 1 0 1706827642
WALL 21210273 1 0 1706827643
WALL 21210273 1 0 1706827644
WALL 21210273 1 0 1706827645
WALL 21210273 1 0 1706827646
WALL 21210273 1 0 1706827647
WALL 21210273 1 0 1706827648
WALL 21210273 1 0 1706827649
WALL 21210273 1 0 1706827650
WALL 21210273 1 0 1706827651
WALL 21210273 1 0 1706827652
WALL 21210273 1 0 1706827653
WALL 21210273 1 0 1706827654
WALL 21210273 1 0 1706827655
WALL 21210273 1 0 1706827656
WALL 21210273 1 0 1706827657
WALL 21210273 1 0 1706827658
WALL 21210273 1 0 1706827659
WALL 21210273 1 0 1706827660
WALL 21210273 1 0 1706827661
WALL 21210273 1 0 1706827662
WALL 21210273 1 0 1706827663
WALL 21210273 1 0 1706827664
WALL 21210273 1 0 1706827665
WALL 21210273 1 0 1706827666
WALL 21210273 1 0 1706827667
WALL 21210273 1 0 1706827668
WALL 21210273 1 0 1706827669
WALL 21210273 1 0 1706827670
WALL 21210273 1 0 1706827671
WALL 21210273 1 0 1706827672
WALL 21210273 1 0 1706827673
WALL 21210273 1 0 1706827674
WALL 21210273 1 0 1706827675
WALL 21210273 1 0 1706827676
WALL 21210273 1 0 1706827677
WALL 21210273 1 0 1706827678
WALL 21210273 1 0 1706827679
WALL 21210273 1 0 1706827680
WALL 21210273 1 0 1706827681
WALL 21210273 1 0 1706827682
WALL 21210273 1 0 1706827683
WALL 21210273 1 0 1706827684
WALL 21210273 1 0 1706827685
WALL 21210273 1 0 1706827686
WALL 21210273 1 0 1706827687
WALL 21210273 1 0 1706827688
WALL 21210273 1 0 1706827689
WALL 21210273 1 0 1706827690
WALL 21210273 1 0 1706827691
WALL 21210273 1 0 1706827692
WALL 21210273 1 0 1706827693
WALL 21210273 1 0 1706827694
slurmstepd: error: *** JOB 21210273 ON nid200202 CANCELLED AT 2024-02-01T22:48:15 DUE TO PREEMPTION ***
received SIGTERM 1706827695
WALL 21210273 1 0 1706827695
received SIGCONT 1706827695
WALL 21210273 1 0 1706827695
received SIGTERM 1706827695
WALL 21210273 1 0 1706827695
