WALL 21241711 1 0 1706912384
WALL 21241711 1 0 1706912385
WALL 21241711 1 0 1706912386
WALL 21241711 1 0 1706912387
WALL 21241711 1 0 1706912388
WALL 21241711 1 0 1706912389
WALL 21241711 1 0 1706912390
WALL 21241711 1 0 1706912391
WALL 21241711 1 0 1706912392
WALL 21241711 1 0 1706912393
WALL 21241711 1 0 1706912394
WALL 21241711 1 0 1706912395
WALL 21241711 1 0 1706912396
WALL 21241711 1 0 1706912397
WALL 21241711 1 0 1706912398
WALL 21241711 1 0 1706912399
WALL 21241711 1 0 1706912400
WALL 21241711 1 0 1706912401
WALL 21241711 1 0 1706912402
WALL 21241711 1 0 1706912403
WALL 21241711 1 0 1706912404
WALL 21241711 1 0 1706912405
WALL 21241711 1 0 1706912406
WALL 21241711 1 0 1706912407
WALL 21241711 1 0 1706912408
WALL 21241711 1 0 1706912409
WALL 21241711 1 0 1706912410
WALL 21241711 1 0 1706912411
WALL 21241711 1 0 1706912412
WALL 21241711 1 0 1706912413
WALL 21241711 1 0 1706912414
WALL 21241711 1 0 1706912415
WALL 21241711 1 0 1706912416
WALL 21241711 1 0 1706912417
WALL 21241711 1 0 1706912418
WALL 21241711 1 0 1706912419
WALL 21241711 1 0 1706912420
WALL 21241711 1 0 1706912421
WALL 21241711 1 0 1706912422
WALL 21241711 1 0 1706912423
WALL 21241711 1 0 1706912424
WALL 21241711 1 0 1706912425
WALL 21241711 1 0 1706912426
WALL 21241711 1 0 1706912427
WALL 21241711 1 0 1706912428
WALL 21241711 1 0 1706912429
WALL 21241711 1 0 1706912430
WALL 21241711 1 0 1706912431
WALL 21241711 1 0 1706912432
WALL 21241711 1 0 1706912433
WALL 21241711 1 0 1706912434
WALL 21241711 1 0 1706912435
WALL 21241711 1 0 1706912436
WALL 21241711 1 0 1706912437
WALL 21241711 1 0 1706912438
WALL 21241711 1 0 1706912439
WALL 21241711 1 0 1706912440
WALL 21241711 1 0 1706912441
WALL 21241711 1 0 1706912442
WALL 21241711 1 0 1706912443
WALL 21241711 1 0 1706912444
WALL 21241711 1 0 1706912445
WALL 21241711 1 0 1706912446
WALL 21241711 1 0 1706912447
WALL 21241711 1 0 1706912448
WALL 21241711 1 0 1706912449
WALL 21241711 1 0 1706912450
WALL 21241711 1 0 1706912451
WALL 21241711 1 0 1706912452
WALL 21241711 1 0 1706912453
WALL 21241711 1 0 1706912454
WALL 21241711 1 0 1706912455
WALL 21241711 1 0 1706912456
WALL 21241711 1 0 1706912457
WALL 21241711 1 0 1706912458
WALL 21241711 1 0 1706912459
WALL 21241711 1 0 1706912460
WALL 21241711 1 0 1706912461
WALL 21241711 1 0 1706912462
WALL 21241711 1 0 1706912463
WALL 21241711 1 0 1706912464
WALL 21241711 1 0 1706912465
WALL 21241711 1 0 1706912466
WALL 21241711 1 0 1706912467
WALL 21241711 1 0 1706912468
WALL 21241711 1 0 1706912469
WALL 21241711 1 0 1706912470
WALL 21241711 1 0 1706912471
WALL 21241711 1 0 1706912472
WALL 21241711 1 0 1706912473
WALL 21241711 1 0 1706912474
WALL 21241711 1 0 1706912475
WALL 21241711 1 0 1706912476
WALL 21241711 1 0 1706912477
WALL 21241711 1 0 1706912478
WALL 21241711 1 0 1706912479
WALL 21241711 1 0 1706912480
WALL 21241711 1 0 1706912481
WALL 21241711 1 0 1706912482
WALL 21241711 1 0 1706912483
WALL 21241711 1 0 1706912484
WALL 21241711 1 0 1706912485
WALL 21241711 1 0 1706912486
WALL 21241711 1 0 1706912487
WALL 21241711 1 0 1706912488
WALL 21241711 1 0 1706912489
WALL 21241711 1 0 1706912490
WALL 21241711 1 0 1706912491
WALL 21241711 1 0 1706912492
WALL 21241711 1 0 1706912493
WALL 21241711 1 0 1706912494
WALL 21241711 1 0 1706912495
WALL 21241711 1 0 1706912496
WALL 21241711 1 0 1706912497
WALL 21241711 1 0 1706912498
WALL 21241711 1 0 1706912499
WALL 21241711 1 0 1706912500
WALL 21241711 1 0 1706912501
WALL 21241711 1 0 1706912502
WALL 21241711 1 0 1706912503
WALL 21241711 1 0 1706912504
WALL 21241711 1 0 1706912505
WALL 21241711 1 0 1706912506
WALL 21241711 1 0 1706912507
WALL 21241711 1 0 1706912508
WALL 21241711 1 0 1706912509
WALL 21241711 1 0 1706912510
WALL 21241711 1 0 1706912511
WALL 21241711 1 0 1706912512
WALL 21241711 1 0 1706912513
WALL 21241711 1 0 1706912514
WALL 21241711 1 0 1706912515
WALL 21241711 1 0 1706912516
WALL 21241711 1 0 1706912517
WALL 21241711 1 0 1706912518
WALL 21241711 1 0 1706912519
WALL 21241711 1 0 1706912520
WALL 21241711 1 0 1706912521
WALL 21241711 1 0 1706912522
WALL 21241711 1 0 1706912523
WALL 21241711 1 0 1706912524
WALL 21241711 1 0 1706912525
WALL 21241711 1 0 1706912526
WALL 21241711 1 0 1706912527
WALL 21241711 1 0 1706912528
WALL 21241711 1 0 1706912529
WALL 21241711 1 0 1706912530
WALL 21241711 1 0 1706912531
WALL 21241711 1 0 1706912532
WALL 21241711 1 0 1706912533
WALL 21241711 1 0 1706912534
WALL 21241711 1 0 1706912535
WALL 21241711 1 0 1706912536
WALL 21241711 1 0 1706912537
WALL 21241711 1 0 1706912538
WALL 21241711 1 0 1706912539
WALL 21241711 1 0 1706912540
WALL 21241711 1 0 1706912541
WALL 21241711 1 0 1706912542
WALL 21241711 1 0 1706912543
WALL 21241711 1 0 1706912544
WALL 21241711 1 0 1706912545
WALL 21241711 1 0 1706912546
WALL 21241711 1 0 1706912547
WALL 21241711 1 0 1706912548
WALL 21241711 1 0 1706912549
WALL 21241711 1 0 1706912550
WALL 21241711 1 0 1706912551
WALL 21241711 1 0 1706912552
WALL 21241711 1 0 1706912553
WALL 21241711 1 0 1706912554
WALL 21241711 1 0 1706912555
WALL 21241711 1 0 1706912556
WALL 21241711 1 0 1706912557
WALL 21241711 1 0 1706912558
WALL 21241711 1 0 1706912559
WALL 21241711 1 0 1706912560
WALL 21241711 1 0 1706912561
WALL 21241711 1 0 1706912562
WALL 21241711 1 0 1706912563
WALL 21241711 1 0 1706912564
WALL 21241711 1 0 1706912565
WALL 21241711 1 0 1706912566
WALL 21241711 1 0 1706912567
WALL 21241711 1 0 1706912568
WALL 21241711 1 0 1706912569
WALL 21241711 1 0 1706912570
WALL 21241711 1 0 1706912571
WALL 21241711 1 0 1706912572
WALL 21241711 1 0 1706912573
WALL 21241711 1 0 1706912574
WALL 21241711 1 0 1706912575
WALL 21241711 1 0 1706912576
WALL 21241711 1 0 1706912577
WALL 21241711 1 0 1706912578
WALL 21241711 1 0 1706912579
WALL 21241711 1 0 1706912580
WALL 21241711 1 0 1706912581
WALL 21241711 1 0 1706912582
WALL 21241711 1 0 1706912583
WALL 21241711 1 0 1706912584
WALL 21241711 1 0 1706912585
WALL 21241711 1 0 1706912586
WALL 21241711 1 0 1706912587
WALL 21241711 1 0 1706912588
WALL 21241711 1 0 1706912589
WALL 21241711 1 0 1706912590
WALL 21241711 1 0 1706912591
WALL 21241711 1 0 1706912592
WALL 21241711 1 0 1706912593
WALL 21241711 1 0 1706912594
WALL 21241711 1 0 1706912595
WALL 21241711 1 0 1706912596
WALL 21241711 1 0 1706912597
WALL 21241711 1 0 1706912598
WALL 21241711 1 0 1706912599
WALL 21241711 1 0 1706912600
WALL 21241711 1 0 1706912601
WALL 21241711 1 0 1706912602
WALL 21241711 1 0 1706912603
WALL 21241711 1 0 1706912604
WALL 21241711 1 0 1706912605
WALL 21241711 1 0 1706912606
WALL 21241711 1 0 1706912607
WALL 21241711 1 0 1706912608
WALL 21241711 1 0 1706912609
WALL 21241711 1 0 1706912610
WALL 21241711 1 0 1706912611
WALL 21241711 1 0 1706912612
WALL 21241711 1 0 1706912613
WALL 21241711 1 0 1706912614
WALL 21241711 1 0 1706912615
WALL 21241711 1 0 1706912616
WALL 21241711 1 0 1706912617
WALL 21241711 1 0 1706912618
WALL 21241711 1 0 1706912619
WALL 21241711 1 0 1706912620
WALL 21241711 1 0 1706912621
WALL 21241711 1 0 1706912622
WALL 21241711 1 0 1706912623
WALL 21241711 1 0 1706912624
WALL 21241711 1 0 1706912625
WALL 21241711 1 0 1706912626
WALL 21241711 1 0 1706912627
WALL 21241711 1 0 1706912628
WALL 21241711 1 0 1706912629
WALL 21241711 1 0 1706912630
WALL 21241711 1 0 1706912631
WALL 21241711 1 0 1706912632
WALL 21241711 1 0 1706912633
WALL 21241711 1 0 1706912634
WALL 21241711 1 0 1706912635
WALL 21241711 1 0 1706912636
WALL 21241711 1 0 1706912637
WALL 21241711 1 0 1706912638
WALL 21241711 1 0 1706912639
WALL 21241711 1 0 1706912640
WALL 21241711 1 0 1706912641
WALL 21241711 1 0 1706912642
WALL 21241711 1 0 1706912643
WALL 21241711 1 0 1706912644
WALL 21241711 1 0 1706912645
WALL 21241711 1 0 1706912646
WALL 21241711 1 0 1706912647
WALL 21241711 1 0 1706912648
WALL 21241711 1 0 1706912649
WALL 21241711 1 0 1706912650
WALL 21241711 1 0 1706912651
WALL 21241711 1 0 1706912652
WALL 21241711 1 0 1706912653
WALL 21241711 1 0 1706912654
WALL 21241711 1 0 1706912655
WALL 21241711 1 0 1706912656
WALL 21241711 1 0 1706912657
WALL 21241711 1 0 1706912658
WALL 21241711 1 0 1706912659
WALL 21241711 1 0 1706912660
WALL 21241711 1 0 1706912661
WALL 21241711 1 0 1706912662
WALL 21241711 1 0 1706912663
WALL 21241711 1 0 1706912664
WALL 21241711 1 0 1706912665
WALL 21241711 1 0 1706912666
WALL 21241711 1 0 1706912667
WALL 21241711 1 0 1706912668
WALL 21241711 1 0 1706912669
WALL 21241711 1 0 1706912670
WALL 21241711 1 0 1706912671
WALL 21241711 1 0 1706912672
WALL 21241711 1 0 1706912673
WALL 21241711 1 0 1706912674
WALL 21241711 1 0 1706912675
WALL 21241711 1 0 1706912676
WALL 21241711 1 0 1706912677
WALL 21241711 1 0 1706912678
WALL 21241711 1 0 1706912679
WALL 21241711 1 0 1706912680
WALL 21241711 1 0 1706912681
WALL 21241711 1 0 1706912682
WALL 21241711 1 0 1706912683
WALL 21241711 1 0 1706912684
WALL 21241711 1 0 1706912685
WALL 21241711 1 0 1706912686
WALL 21241711 1 0 1706912687
WALL 21241711 1 0 1706912688
WALL 21241711 1 0 1706912689
WALL 21241711 1 0 1706912690
WALL 21241711 1 0 1706912691
WALL 21241711 1 0 1706912692
WALL 21241711 1 0 1706912693
WALL 21241711 1 0 1706912694
WALL 21241711 1 0 1706912695
WALL 21241711 1 0 1706912696
WALL 21241711 1 0 1706912697
WALL 21241711 1 0 1706912698
WALL 21241711 1 0 1706912699
WALL 21241711 1 0 1706912700
WALL 21241711 1 0 1706912701
WALL 21241711 1 0 1706912702
WALL 21241711 1 0 1706912703
WALL 21241711 1 0 1706912704
WALL 21241711 1 0 1706912705
WALL 21241711 1 0 1706912706
WALL 21241711 1 0 1706912707
WALL 21241711 1 0 1706912708
WALL 21241711 1 0 1706912709
WALL 21241711 1 0 1706912710
WALL 21241711 1 0 1706912711
WALL 21241711 1 0 1706912712
WALL 21241711 1 0 1706912713
WALL 21241711 1 0 1706912714
WALL 21241711 1 0 1706912715
WALL 21241711 1 0 1706912716
WALL 21241711 1 0 1706912717
WALL 21241711 1 0 1706912718
WALL 21241711 1 0 1706912719
WALL 21241711 1 0 1706912720
WALL 21241711 1 0 1706912721
WALL 21241711 1 0 1706912722
WALL 21241711 1 0 1706912723
WALL 21241711 1 0 1706912724
WALL 21241711 1 0 1706912725
WALL 21241711 1 0 1706912726
WALL 21241711 1 0 1706912727
WALL 21241711 1 0 1706912728
WALL 21241711 1 0 1706912729
WALL 21241711 1 0 1706912730
WALL 21241711 1 0 1706912731
WALL 21241711 1 0 1706912732
WALL 21241711 1 0 1706912733
WALL 21241711 1 0 1706912734
WALL 21241711 1 0 1706912735
WALL 21241711 1 0 1706912736
WALL 21241711 1 0 1706912737
WALL 21241711 1 0 1706912738
WALL 21241711 1 0 1706912739
WALL 21241711 1 0 1706912740
WALL 21241711 1 0 1706912741
WALL 21241711 1 0 1706912742
WALL 21241711 1 0 1706912743
WALL 21241711 1 0 1706912744
WALL 21241711 1 0 1706912745
WALL 21241711 1 0 1706912746
WALL 21241711 1 0 1706912747
WALL 21241711 1 0 1706912748
WALL 21241711 1 0 1706912749
WALL 21241711 1 0 1706912750
WALL 21241711 1 0 1706912751
WALL 21241711 1 0 1706912752
WALL 21241711 1 0 1706912753
WALL 21241711 1 0 1706912754
WALL 21241711 1 0 1706912755
WALL 21241711 1 0 1706912756
WALL 21241711 1 0 1706912757
WALL 21241711 1 0 1706912758
WALL 21241711 1 0 1706912759
WALL 21241711 1 0 1706912760
WALL 21241711 1 0 1706912761
WALL 21241711 1 0 1706912762
WALL 21241711 1 0 1706912763
WALL 21241711 1 0 1706912764
WALL 21241711 1 0 1706912765
WALL 21241711 1 0 1706912766
WALL 21241711 1 0 1706912767
WALL 21241711 1 0 1706912768
WALL 21241711 1 0 1706912769
WALL 21241711 1 0 1706912770
WALL 21241711 1 0 1706912771
WALL 21241711 1 0 1706912772
WALL 21241711 1 0 1706912773
WALL 21241711 1 0 1706912774
WALL 21241711 1 0 1706912775
WALL 21241711 1 0 1706912776
WALL 21241711 1 0 1706912777
WALL 21241711 1 0 1706912778
WALL 21241711 1 0 1706912779
WALL 21241711 1 0 1706912780
WALL 21241711 1 0 1706912781
WALL 21241711 1 0 1706912782
WALL 21241711 1 0 1706912783
WALL 21241711 1 0 1706912784
WALL 21241711 1 0 1706912785
WALL 21241711 1 0 1706912786
WALL 21241711 1 0 1706912787
WALL 21241711 1 0 1706912788
WALL 21241711 1 0 1706912789
WALL 21241711 1 0 1706912790
WALL 21241711 1 0 1706912791
WALL 21241711 1 0 1706912792
WALL 21241711 1 0 1706912793
WALL 21241711 1 0 1706912794
WALL 21241711 1 0 1706912795
WALL 21241711 1 0 1706912796
WALL 21241711 1 0 1706912797
WALL 21241711 1 0 1706912798
WALL 21241711 1 0 1706912799
WALL 21241711 1 0 1706912800
WALL 21241711 1 0 1706912801
WALL 21241711 1 0 1706912802
WALL 21241711 1 0 1706912803
WALL 21241711 1 0 1706912804
WALL 21241711 1 0 1706912805
WALL 21241711 1 0 1706912806
WALL 21241711 1 0 1706912807
WALL 21241711 1 0 1706912808
WALL 21241711 1 0 1706912809
WALL 21241711 1 0 1706912810
WALL 21241711 1 0 1706912811
WALL 21241711 1 0 1706912812
WALL 21241711 1 0 1706912813
WALL 21241711 1 0 1706912814
WALL 21241711 1 0 1706912815
WALL 21241711 1 0 1706912816
WALL 21241711 1 0 1706912817
WALL 21241711 1 0 1706912818
WALL 21241711 1 0 1706912819
WALL 21241711 1 0 1706912820
WALL 21241711 1 0 1706912821
WALL 21241711 1 0 1706912822
WALL 21241711 1 0 1706912823
WALL 21241711 1 0 1706912824
WALL 21241711 1 0 1706912825
WALL 21241711 1 0 1706912826
WALL 21241711 1 0 1706912827
WALL 21241711 1 0 1706912828
WALL 21241711 1 0 1706912829
WALL 21241711 1 0 1706912830
WALL 21241711 1 0 1706912831
WALL 21241711 1 0 1706912832
WALL 21241711 1 0 1706912833
WALL 21241711 1 0 1706912834
WALL 21241711 1 0 1706912835
WALL 21241711 1 0 1706912836
WALL 21241711 1 0 1706912837
WALL 21241711 1 0 1706912838
WALL 21241711 1 0 1706912839
WALL 21241711 1 0 1706912840
WALL 21241711 1 0 1706912841
WALL 21241711 1 0 1706912842
WALL 21241711 1 0 1706912843
WALL 21241711 1 0 1706912844
WALL 21241711 1 0 1706912845
WALL 21241711 1 0 1706912846
WALL 21241711 1 0 1706912847
WALL 21241711 1 0 1706912848
WALL 21241711 1 0 1706912849
WALL 21241711 1 0 1706912850
WALL 21241711 1 0 1706912851
WALL 21241711 1 0 1706912852
WALL 21241711 1 0 1706912853
WALL 21241711 1 0 1706912854
WALL 21241711 1 0 1706912855
WALL 21241711 1 0 1706912856
WALL 21241711 1 0 1706912857
WALL 21241711 1 0 1706912858
WALL 21241711 1 0 1706912859
WALL 21241711 1 0 1706912860
WALL 21241711 1 0 1706912861
WALL 21241711 1 0 1706912862
WALL 21241711 1 0 1706912863
WALL 21241711 1 0 1706912864
WALL 21241711 1 0 1706912865
WALL 21241711 1 0 1706912866
WALL 21241711 1 0 1706912867
WALL 21241711 1 0 1706912868
WALL 21241711 1 0 1706912869
WALL 21241711 1 0 1706912870
WALL 21241711 1 0 1706912871
WALL 21241711 1 0 1706912872
WALL 21241711 1 0 1706912873
WALL 21241711 1 0 1706912874
WALL 21241711 1 0 1706912875
WALL 21241711 1 0 1706912876
WALL 21241711 1 0 1706912877
WALL 21241711 1 0 1706912878
WALL 21241711 1 0 1706912879
WALL 21241711 1 0 1706912880
WALL 21241711 1 0 1706912881
WALL 21241711 1 0 1706912882
WALL 21241711 1 0 1706912883
WALL 21241711 1 0 1706912884
WALL 21241711 1 0 1706912885
WALL 21241711 1 0 1706912886
WALL 21241711 1 0 1706912887
WALL 21241711 1 0 1706912888
WALL 21241711 1 0 1706912889
WALL 21241711 1 0 1706912890
WALL 21241711 1 0 1706912891
WALL 21241711 1 0 1706912892
WALL 21241711 1 0 1706912893
WALL 21241711 1 0 1706912894
WALL 21241711 1 0 1706912895
WALL 21241711 1 0 1706912896
WALL 21241711 1 0 1706912897
WALL 21241711 1 0 1706912898
WALL 21241711 1 0 1706912899
WALL 21241711 1 0 1706912900
WALL 21241711 1 0 1706912901
WALL 21241711 1 0 1706912902
WALL 21241711 1 0 1706912903
WALL 21241711 1 0 1706912904
WALL 21241711 1 0 1706912905
WALL 21241711 1 0 1706912906
WALL 21241711 1 0 1706912907
WALL 21241711 1 0 1706912908
WALL 21241711 1 0 1706912909
WALL 21241711 1 0 1706912910
WALL 21241711 1 0 1706912911
WALL 21241711 1 0 1706912912
WALL 21241711 1 0 1706912913
WALL 21241711 1 0 1706912914
WALL 21241711 1 0 1706912915
WALL 21241711 1 0 1706912916
WALL 21241711 1 0 1706912917
WALL 21241711 1 0 1706912918
WALL 21241711 1 0 1706912919
WALL 21241711 1 0 1706912920
WALL 21241711 1 0 1706912921
WALL 21241711 1 0 1706912922
WALL 21241711 1 0 1706912923
WALL 21241711 1 0 1706912924
WALL 21241711 1 0 1706912925
WALL 21241711 1 0 1706912926
WALL 21241711 1 0 1706912927
WALL 21241711 1 0 1706912928
WALL 21241711 1 0 1706912929
WALL 21241711 1 0 1706912930
WALL 21241711 1 0 1706912931
WALL 21241711 1 0 1706912932
WALL 21241711 1 0 1706912933
WALL 21241711 1 0 1706912934
WALL 21241711 1 0 1706912935
WALL 21241711 1 0 1706912936
WALL 21241711 1 0 1706912937
WALL 21241711 1 0 1706912938
WALL 21241711 1 0 1706912939
WALL 21241711 1 0 1706912940
WALL 21241711 1 0 1706912941
WALL 21241711 1 0 1706912942
WALL 21241711 1 0 1706912943
WALL 21241711 1 0 1706912944
WALL 21241711 1 0 1706912945
WALL 21241711 1 0 1706912946
WALL 21241711 1 0 1706912947
WALL 21241711 1 0 1706912948
WALL 21241711 1 0 1706912949
WALL 21241711 1 0 1706912950
WALL 21241711 1 0 1706912951
WALL 21241711 1 0 1706912952
WALL 21241711 1 0 1706912953
WALL 21241711 1 0 1706912954
WALL 21241711 1 0 1706912955
WALL 21241711 1 0 1706912956
WALL 21241711 1 0 1706912957
WALL 21241711 1 0 1706912958
WALL 21241711 1 0 1706912959
WALL 21241711 1 0 1706912960
WALL 21241711 1 0 1706912961
WALL 21241711 1 0 1706912962
WALL 21241711 1 0 1706912963
WALL 21241711 1 0 1706912964
WALL 21241711 1 0 1706912965
WALL 21241711 1 0 1706912966
WALL 21241711 1 0 1706912967
WALL 21241711 1 0 1706912968
WALL 21241711 1 0 1706912969
WALL 21241711 1 0 1706912970
WALL 21241711 1 0 1706912971
WALL 21241711 1 0 1706912972
WALL 21241711 1 0 1706912973
WALL 21241711 1 0 1706912974
WALL 21241711 1 0 1706912975
WALL 21241711 1 0 1706912976
WALL 21241711 1 0 1706912977
WALL 21241711 1 0 1706912978
WALL 21241711 1 0 1706912979
WALL 21241711 1 0 1706912980
WALL 21241711 1 0 1706912981
WALL 21241711 1 0 1706912982
WALL 21241711 1 0 1706912983
WALL 21241711 1 0 1706912984
WALL 21241711 1 0 1706912985
WALL 21241711 1 0 1706912986
WALL 21241711 1 0 1706912987
WALL 21241711 1 0 1706912988
WALL 21241711 1 0 1706912989
WALL 21241711 1 0 1706912990
WALL 21241711 1 0 1706912991
WALL 21241711 1 0 1706912992
WALL 21241711 1 0 1706912993
WALL 21241711 1 0 1706912994
WALL 21241711 1 0 1706912995
WALL 21241711 1 0 1706912996
WALL 21241711 1 0 1706912997
WALL 21241711 1 0 1706912998
WALL 21241711 1 0 1706912999
WALL 21241711 1 0 1706913000
WALL 21241711 1 0 1706913001
WALL 21241711 1 0 1706913002
WALL 21241711 1 0 1706913003
WALL 21241711 1 0 1706913004
WALL 21241711 1 0 1706913005
WALL 21241711 1 0 1706913006
WALL 21241711 1 0 1706913007
WALL 21241711 1 0 1706913008
WALL 21241711 1 0 1706913009
WALL 21241711 1 0 1706913010
WALL 21241711 1 0 1706913011
WALL 21241711 1 0 1706913012
WALL 21241711 1 0 1706913014
WALL 21241711 1 0 1706913015
WALL 21241711 1 0 1706913016
WALL 21241711 1 0 1706913017
WALL 21241711 1 0 1706913018
WALL 21241711 1 0 1706913019
WALL 21241711 1 0 1706913020
WALL 21241711 1 0 1706913021
WALL 21241711 1 0 1706913022
WALL 21241711 1 0 1706913023
WALL 21241711 1 0 1706913024
WALL 21241711 1 0 1706913025
WALL 21241711 1 0 1706913026
WALL 21241711 1 0 1706913027
WALL 21241711 1 0 1706913028
WALL 21241711 1 0 1706913029
WALL 21241711 1 0 1706913030
WALL 21241711 1 0 1706913031
WALL 21241711 1 0 1706913032
WALL 21241711 1 0 1706913033
WALL 21241711 1 0 1706913034
WALL 21241711 1 0 1706913035
WALL 21241711 1 0 1706913036
WALL 21241711 1 0 1706913037
WALL 21241711 1 0 1706913038
WALL 21241711 1 0 1706913039
WALL 21241711 1 0 1706913040
WALL 21241711 1 0 1706913041
WALL 21241711 1 0 1706913042
WALL 21241711 1 0 1706913043
WALL 21241711 1 0 1706913044
WALL 21241711 1 0 1706913045
WALL 21241711 1 0 1706913046
WALL 21241711 1 0 1706913047
WALL 21241711 1 0 1706913048
WALL 21241711 1 0 1706913049
WALL 21241711 1 0 1706913050
WALL 21241711 1 0 1706913051
WALL 21241711 1 0 1706913052
WALL 21241711 1 0 1706913053
WALL 21241711 1 0 1706913054
WALL 21241711 1 0 1706913055
WALL 21241711 1 0 1706913056
WALL 21241711 1 0 1706913057
WALL 21241711 1 0 1706913058
WALL 21241711 1 0 1706913059
WALL 21241711 1 0 1706913060
WALL 21241711 1 0 1706913061
WALL 21241711 1 0 1706913062
WALL 21241711 1 0 1706913063
WALL 21241711 1 0 1706913064
WALL 21241711 1 0 1706913065
WALL 21241711 1 0 1706913066
WALL 21241711 1 0 1706913067
WALL 21241711 1 0 1706913068
WALL 21241711 1 0 1706913069
WALL 21241711 1 0 1706913070
WALL 21241711 1 0 1706913071
WALL 21241711 1 0 1706913072
WALL 21241711 1 0 1706913073
WALL 21241711 1 0 1706913074
WALL 21241711 1 0 1706913075
WALL 21241711 1 0 1706913076
WALL 21241711 1 0 1706913077
WALL 21241711 1 0 1706913078
WALL 21241711 1 0 1706913079
WALL 21241711 1 0 1706913080
WALL 21241711 1 0 1706913081
WALL 21241711 1 0 1706913082
WALL 21241711 1 0 1706913083
WALL 21241711 1 0 1706913084
WALL 21241711 1 0 1706913085
WALL 21241711 1 0 1706913086
WALL 21241711 1 0 1706913087
WALL 21241711 1 0 1706913088
WALL 21241711 1 0 1706913089
WALL 21241711 1 0 1706913090
WALL 21241711 1 0 1706913091
WALL 21241711 1 0 1706913092
WALL 21241711 1 0 1706913093
WALL 21241711 1 0 1706913094
WALL 21241711 1 0 1706913095
WALL 21241711 1 0 1706913096
WALL 21241711 1 0 1706913097
WALL 21241711 1 0 1706913098
WALL 21241711 1 0 1706913099
WALL 21241711 1 0 1706913100
WALL 21241711 1 0 1706913101
WALL 21241711 1 0 1706913102
WALL 21241711 1 0 1706913103
WALL 21241711 1 0 1706913104
WALL 21241711 1 0 1706913105
WALL 21241711 1 0 1706913106
WALL 21241711 1 0 1706913107
WALL 21241711 1 0 1706913108
WALL 21241711 1 0 1706913109
WALL 21241711 1 0 1706913110
WALL 21241711 1 0 1706913111
WALL 21241711 1 0 1706913112
WALL 21241711 1 0 1706913113
WALL 21241711 1 0 1706913114
WALL 21241711 1 0 1706913115
WALL 21241711 1 0 1706913116
WALL 21241711 1 0 1706913117
WALL 21241711 1 0 1706913118
WALL 21241711 1 0 1706913119
WALL 21241711 1 0 1706913120
WALL 21241711 1 0 1706913121
WALL 21241711 1 0 1706913122
WALL 21241711 1 0 1706913123
WALL 21241711 1 0 1706913124
WALL 21241711 1 0 1706913125
WALL 21241711 1 0 1706913126
WALL 21241711 1 0 1706913127
WALL 21241711 1 0 1706913128
WALL 21241711 1 0 1706913129
WALL 21241711 1 0 1706913130
WALL 21241711 1 0 1706913131
WALL 21241711 1 0 1706913132
WALL 21241711 1 0 1706913133
WALL 21241711 1 0 1706913134
WALL 21241711 1 0 1706913135
WALL 21241711 1 0 1706913136
WALL 21241711 1 0 1706913137
WALL 21241711 1 0 1706913138
WALL 21241711 1 0 1706913139
WALL 21241711 1 0 1706913140
WALL 21241711 1 0 1706913141
WALL 21241711 1 0 1706913142
WALL 21241711 1 0 1706913143
WALL 21241711 1 0 1706913144
WALL 21241711 1 0 1706913145
WALL 21241711 1 0 1706913146
WALL 21241711 1 0 1706913147
WALL 21241711 1 0 1706913148
WALL 21241711 1 0 1706913149
WALL 21241711 1 0 1706913150
WALL 21241711 1 0 1706913151
WALL 21241711 1 0 1706913152
WALL 21241711 1 0 1706913153
WALL 21241711 1 0 1706913154
WALL 21241711 1 0 1706913155
WALL 21241711 1 0 1706913156
WALL 21241711 1 0 1706913157
WALL 21241711 1 0 1706913158
WALL 21241711 1 0 1706913159
WALL 21241711 1 0 1706913160
WALL 21241711 1 0 1706913161
WALL 21241711 1 0 1706913162
WALL 21241711 1 0 1706913163
WALL 21241711 1 0 1706913164
WALL 21241711 1 0 1706913165
WALL 21241711 1 0 1706913166
WALL 21241711 1 0 1706913167
WALL 21241711 1 0 1706913168
WALL 21241711 1 0 1706913169
WALL 21241711 1 0 1706913170
WALL 21241711 1 0 1706913171
WALL 21241711 1 0 1706913172
WALL 21241711 1 0 1706913173
WALL 21241711 1 0 1706913174
WALL 21241711 1 0 1706913175
WALL 21241711 1 0 1706913176
WALL 21241711 1 0 1706913177
WALL 21241711 1 0 1706913178
WALL 21241711 1 0 1706913179
WALL 21241711 1 0 1706913180
WALL 21241711 1 0 1706913181
WALL 21241711 1 0 1706913182
WALL 21241711 1 0 1706913183
WALL 21241711 1 0 1706913184
WALL 21241711 1 0 1706913185
WALL 21241711 1 0 1706913186
WALL 21241711 1 0 1706913187
WALL 21241711 1 0 1706913188
WALL 21241711 1 0 1706913189
WALL 21241711 1 0 1706913190
WALL 21241711 1 0 1706913191
WALL 21241711 1 0 1706913192
WALL 21241711 1 0 1706913193
WALL 21241711 1 0 1706913194
WALL 21241711 1 0 1706913195
WALL 21241711 1 0 1706913196
WALL 21241711 1 0 1706913197
WALL 21241711 1 0 1706913198
WALL 21241711 1 0 1706913199
WALL 21241711 1 0 1706913200
WALL 21241711 1 0 1706913201
WALL 21241711 1 0 1706913202
WALL 21241711 1 0 1706913203
WALL 21241711 1 0 1706913204
WALL 21241711 1 0 1706913205
WALL 21241711 1 0 1706913206
WALL 21241711 1 0 1706913207
WALL 21241711 1 0 1706913208
WALL 21241711 1 0 1706913209
WALL 21241711 1 0 1706913210
WALL 21241711 1 0 1706913211
WALL 21241711 1 0 1706913212
WALL 21241711 1 0 1706913213
WALL 21241711 1 0 1706913214
WALL 21241711 1 0 1706913215
WALL 21241711 1 0 1706913216
WALL 21241711 1 0 1706913217
WALL 21241711 1 0 1706913218
WALL 21241711 1 0 1706913219
WALL 21241711 1 0 1706913220
WALL 21241711 1 0 1706913221
WALL 21241711 1 0 1706913222
WALL 21241711 1 0 1706913223
WALL 21241711 1 0 1706913224
WALL 21241711 1 0 1706913225
WALL 21241711 1 0 1706913226
WALL 21241711 1 0 1706913227
WALL 21241711 1 0 1706913228
WALL 21241711 1 0 1706913229
WALL 21241711 1 0 1706913230
WALL 21241711 1 0 1706913231
WALL 21241711 1 0 1706913232
WALL 21241711 1 0 1706913233
WALL 21241711 1 0 1706913234
WALL 21241711 1 0 1706913235
WALL 21241711 1 0 1706913236
WALL 21241711 1 0 1706913237
WALL 21241711 1 0 1706913238
WALL 21241711 1 0 1706913239
WALL 21241711 1 0 1706913240
WALL 21241711 1 0 1706913241
WALL 21241711 1 0 1706913242
WALL 21241711 1 0 1706913243
WALL 21241711 1 0 1706913244
WALL 21241711 1 0 1706913245
WALL 21241711 1 0 1706913246
WALL 21241711 1 0 1706913247
WALL 21241711 1 0 1706913248
WALL 21241711 1 0 1706913249
WALL 21241711 1 0 1706913250
WALL 21241711 1 0 1706913251
WALL 21241711 1 0 1706913252
WALL 21241711 1 0 1706913253
WALL 21241711 1 0 1706913254
WALL 21241711 1 0 1706913255
WALL 21241711 1 0 1706913256
WALL 21241711 1 0 1706913257
WALL 21241711 1 0 1706913258
WALL 21241711 1 0 1706913259
WALL 21241711 1 0 1706913260
WALL 21241711 1 0 1706913261
WALL 21241711 1 0 1706913262
WALL 21241711 1 0 1706913263
WALL 21241711 1 0 1706913264
WALL 21241711 1 0 1706913265
WALL 21241711 1 0 1706913266
WALL 21241711 1 0 1706913267
WALL 21241711 1 0 1706913268
WALL 21241711 1 0 1706913269
WALL 21241711 1 0 1706913270
WALL 21241711 1 0 1706913271
WALL 21241711 1 0 1706913272
WALL 21241711 1 0 1706913273
WALL 21241711 1 0 1706913274
WALL 21241711 1 0 1706913275
WALL 21241711 1 0 1706913276
WALL 21241711 1 0 1706913277
WALL 21241711 1 0 1706913278
WALL 21241711 1 0 1706913279
WALL 21241711 1 0 1706913280
WALL 21241711 1 0 1706913281
WALL 21241711 1 0 1706913282
WALL 21241711 1 0 1706913283
WALL 21241711 1 0 1706913284
WALL 21241711 1 0 1706913285
WALL 21241711 1 0 1706913286
WALL 21241711 1 0 1706913287
WALL 21241711 1 0 1706913288
WALL 21241711 1 0 1706913289
WALL 21241711 1 0 1706913290
WALL 21241711 1 0 1706913291
WALL 21241711 1 0 1706913292
WALL 21241711 1 0 1706913293
WALL 21241711 1 0 1706913294
WALL 21241711 1 0 1706913295
WALL 21241711 1 0 1706913296
WALL 21241711 1 0 1706913297
WALL 21241711 1 0 1706913298
WALL 21241711 1 0 1706913299
WALL 21241711 1 0 1706913300
WALL 21241711 1 0 1706913301
WALL 21241711 1 0 1706913302
WALL 21241711 1 0 1706913303
WALL 21241711 1 0 1706913304
WALL 21241711 1 0 1706913305
WALL 21241711 1 0 1706913306
WALL 21241711 1 0 1706913307
WALL 21241711 1 0 1706913308
WALL 21241711 1 0 1706913309
WALL 21241711 1 0 1706913310
WALL 21241711 1 0 1706913311
WALL 21241711 1 0 1706913312
WALL 21241711 1 0 1706913313
WALL 21241711 1 0 1706913314
WALL 21241711 1 0 1706913315
WALL 21241711 1 0 1706913316
WALL 21241711 1 0 1706913317
WALL 21241711 1 0 1706913318
WALL 21241711 1 0 1706913319
WALL 21241711 1 0 1706913320
WALL 21241711 1 0 1706913321
WALL 21241711 1 0 1706913322
WALL 21241711 1 0 1706913323
WALL 21241711 1 0 1706913324
WALL 21241711 1 0 1706913325
WALL 21241711 1 0 1706913326
WALL 21241711 1 0 1706913327
WALL 21241711 1 0 1706913328
WALL 21241711 1 0 1706913329
WALL 21241711 1 0 1706913330
WALL 21241711 1 0 1706913331
WALL 21241711 1 0 1706913332
WALL 21241711 1 0 1706913333
WALL 21241711 1 0 1706913334
WALL 21241711 1 0 1706913335
WALL 21241711 1 0 1706913336
WALL 21241711 1 0 1706913337
WALL 21241711 1 0 1706913338
WALL 21241711 1 0 1706913339
WALL 21241711 1 0 1706913340
WALL 21241711 1 0 1706913341
WALL 21241711 1 0 1706913342
WALL 21241711 1 0 1706913343
WALL 21241711 1 0 1706913344
WALL 21241711 1 0 1706913345
WALL 21241711 1 0 1706913346
WALL 21241711 1 0 1706913347
WALL 21241711 1 0 1706913348
WALL 21241711 1 0 1706913349
WALL 21241711 1 0 1706913350
WALL 21241711 1 0 1706913351
WALL 21241711 1 0 1706913352
WALL 21241711 1 0 1706913353
WALL 21241711 1 0 1706913354
WALL 21241711 1 0 1706913355
WALL 21241711 1 0 1706913356
WALL 21241711 1 0 1706913357
WALL 21241711 1 0 1706913358
WALL 21241711 1 0 1706913359
WALL 21241711 1 0 1706913360
WALL 21241711 1 0 1706913361
WALL 21241711 1 0 1706913362
WALL 21241711 1 0 1706913363
WALL 21241711 1 0 1706913364
WALL 21241711 1 0 1706913365
WALL 21241711 1 0 1706913366
WALL 21241711 1 0 1706913367
WALL 21241711 1 0 1706913368
WALL 21241711 1 0 1706913369
WALL 21241711 1 0 1706913370
WALL 21241711 1 0 1706913371
WALL 21241711 1 0 1706913372
WALL 21241711 1 0 1706913373
WALL 21241711 1 0 1706913374
WALL 21241711 1 0 1706913375
WALL 21241711 1 0 1706913376
WALL 21241711 1 0 1706913377
WALL 21241711 1 0 1706913378
WALL 21241711 1 0 1706913379
WALL 21241711 1 0 1706913380
WALL 21241711 1 0 1706913381
WALL 21241711 1 0 1706913382
WALL 21241711 1 0 1706913383
WALL 21241711 1 0 1706913384
WALL 21241711 1 0 1706913385
WALL 21241711 1 0 1706913386
WALL 21241711 1 0 1706913387
WALL 21241711 1 0 1706913388
WALL 21241711 1 0 1706913389
WALL 21241711 1 0 1706913390
WALL 21241711 1 0 1706913391
WALL 21241711 1 0 1706913392
WALL 21241711 1 0 1706913393
WALL 21241711 1 0 1706913394
WALL 21241711 1 0 1706913395
WALL 21241711 1 0 1706913396
WALL 21241711 1 0 1706913397
WALL 21241711 1 0 1706913398
WALL 21241711 1 0 1706913399
WALL 21241711 1 0 1706913400
WALL 21241711 1 0 1706913401
WALL 21241711 1 0 1706913402
WALL 21241711 1 0 1706913403
WALL 21241711 1 0 1706913404
WALL 21241711 1 0 1706913405
WALL 21241711 1 0 1706913406
WALL 21241711 1 0 1706913407
WALL 21241711 1 0 1706913408
WALL 21241711 1 0 1706913409
WALL 21241711 1 0 1706913410
WALL 21241711 1 0 1706913411
WALL 21241711 1 0 1706913412
WALL 21241711 1 0 1706913413
WALL 21241711 1 0 1706913414
WALL 21241711 1 0 1706913415
WALL 21241711 1 0 1706913416
WALL 21241711 1 0 1706913417
WALL 21241711 1 0 1706913418
WALL 21241711 1 0 1706913419
WALL 21241711 1 0 1706913420
WALL 21241711 1 0 1706913421
WALL 21241711 1 0 1706913422
WALL 21241711 1 0 1706913423
WALL 21241711 1 0 1706913424
WALL 21241711 1 0 1706913425
WALL 21241711 1 0 1706913426
WALL 21241711 1 0 1706913427
WALL 21241711 1 0 1706913428
WALL 21241711 1 0 1706913429
WALL 21241711 1 0 1706913430
WALL 21241711 1 0 1706913431
WALL 21241711 1 0 1706913432
WALL 21241711 1 0 1706913433
WALL 21241711 1 0 1706913434
WALL 21241711 1 0 1706913435
WALL 21241711 1 0 1706913436
WALL 21241711 1 0 1706913437
WALL 21241711 1 0 1706913438
WALL 21241711 1 0 1706913439
WALL 21241711 1 0 1706913440
WALL 21241711 1 0 1706913441
WALL 21241711 1 0 1706913442
WALL 21241711 1 0 1706913443
WALL 21241711 1 0 1706913444
WALL 21241711 1 0 1706913445
WALL 21241711 1 0 1706913446
WALL 21241711 1 0 1706913447
received SIGCONT 1706913447
WALL 21241711 1 0 1706913447
slurmstepd: error: *** STEP 21241711.0 ON nid200041 CANCELLED AT 2024-02-02T22:37:27 ***
received SIGTERM 1706913447
WALL 21241711 1 0 1706913447
WALL 21241711 1 0 1706913448
WALL 21241711 1 0 1706913449
WALL 21241711 1 0 1706913450
WALL 21241711 1 0 1706913451
WALL 21241711 1 0 1706913452
WALL 21241711 1 0 1706913453
WALL 21241711 1 0 1706913454
WALL 21241711 1 0 1706913455
WALL 21241711 1 0 1706913456
WALL 21241711 1 0 1706913457
WALL 21241711 1 0 1706913458
WALL 21241711 1 0 1706913459
WALL 21241711 1 0 1706913460
WALL 21241711 1 0 1706913461
WALL 21241711 1 0 1706913462
WALL 21241711 1 0 1706913463
WALL 21241711 1 0 1706913464
WALL 21241711 1 0 1706913465
WALL 21241711 1 0 1706913466
WALL 21241711 1 0 1706913467
WALL 21241711 1 0 1706913468
WALL 21241711 1 0 1706913469
WALL 21241711 1 0 1706913470
WALL 21241711 1 0 1706913471
WALL 21241711 1 0 1706913472
WALL 21241711 1 0 1706913473
WALL 21241711 1 0 1706913474
WALL 21241711 1 0 1706913475
WALL 21241711 1 0 1706913476
WALL 21241711 1 0 1706913477
WALL 21241711 1 0 1706913478
WALL 21241711 1 0 1706913479
WALL 21241711 1 0 1706913480
WALL 21241711 1 0 1706913481
WALL 21241711 1 0 1706913482
WALL 21241711 1 0 1706913483
WALL 21241711 1 0 1706913484
WALL 21241711 1 0 1706913485
WALL 21241711 1 0 1706913486
WALL 21241711 1 0 1706913487
WALL 21241711 1 0 1706913488
WALL 21241711 1 0 1706913489
WALL 21241711 1 0 1706913490
WALL 21241711 1 0 1706913491
WALL 21241711 1 0 1706913492
WALL 21241711 1 0 1706913493
WALL 21241711 1 0 1706913494
WALL 21241711 1 0 1706913495
WALL 21241711 1 0 1706913496
WALL 21241711 1 0 1706913497
WALL 21241711 1 0 1706913498
WALL 21241711 1 0 1706913499
WALL 21241711 1 0 1706913500
WALL 21241711 1 0 1706913501
WALL 21241711 1 0 1706913502
WALL 21241711 1 0 1706913503
WALL 21241711 1 0 1706913504
WALL 21241711 1 0 1706913505
WALL 21241711 1 0 1706913507
WALL 21241711 1 0 1706913508
WALL 21241711 1 0 1706913509
WALL 21241711 1 0 1706913510
WALL 21241711 1 0 1706913511
WALL 21241711 1 0 1706913512
WALL 21241711 1 0 1706913513
WALL 21241711 1 0 1706913514
WALL 21241711 1 0 1706913515
WALL 21241711 1 0 1706913516
WALL 21241711 1 0 1706913517
WALL 21241711 1 0 1706913518
WALL 21241711 1 0 1706913519
WALL 21241711 1 0 1706913520
WALL 21241711 1 0 1706913521
WALL 21241711 1 0 1706913522
WALL 21241711 1 0 1706913523
WALL 21241711 1 0 1706913524
WALL 21241711 1 0 1706913525
WALL 21241711 1 0 1706913526
WALL 21241711 1 0 1706913527
WALL 21241711 1 0 1706913528
WALL 21241711 1 0 1706913529
WALL 21241711 1 0 1706913530
WALL 21241711 1 0 1706913531
WALL 21241711 1 0 1706913532
WALL 21241711 1 0 1706913533
WALL 21241711 1 0 1706913534
WALL 21241711 1 0 1706913535
WALL 21241711 1 0 1706913536
WALL 21241711 1 0 1706913537
WALL 21241711 1 0 1706913538
WALL 21241711 1 0 1706913539
WALL 21241711 1 0 1706913540
WALL 21241711 1 0 1706913541
WALL 21241711 1 0 1706913542
WALL 21241711 1 0 1706913543
WALL 21241711 1 0 1706913544
WALL 21241711 1 0 1706913545
WALL 21241711 1 0 1706913546
WALL 21241711 1 0 1706913547
WALL 21241711 1 0 1706913548
WALL 21241711 1 0 1706913549
WALL 21241711 1 0 1706913550
WALL 21241711 1 0 1706913551
WALL 21241711 1 0 1706913552
WALL 21241711 1 0 1706913553
WALL 21241711 1 0 1706913554
WALL 21241711 1 0 1706913555
WALL 21241711 1 0 1706913556
WALL 21241711 1 0 1706913557
WALL 21241711 1 0 1706913558
WALL 21241711 1 0 1706913559
WALL 21241711 1 0 1706913560
WALL 21241711 1 0 1706913561
WALL 21241711 1 0 1706913562
WALL 21241711 1 0 1706913563
WALL 21241711 1 0 1706913564
WALL 21241711 1 0 1706913565
WALL 21241711 1 0 1706913566
WALL 21241711 1 0 1706913567
WALL 21241711 1 0 1706913568
WALL 21241711 1 0 1706913569
WALL 21241711 1 0 1706913570
WALL 21241711 1 0 1706913571
WALL 21241711 1 0 1706913572
WALL 21241711 1 0 1706913573
WALL 21241711 1 0 1706913574
WALL 21241711 1 0 1706913575
WALL 21241711 1 0 1706913576
WALL 21241711 1 0 1706913577
WALL 21241711 1 0 1706913578
WALL 21241711 1 0 1706913579
WALL 21241711 1 0 1706913580
WALL 21241711 1 0 1706913581
WALL 21241711 1 0 1706913582
WALL 21241711 1 0 1706913583
WALL 21241711 1 0 1706913584
WALL 21241711 1 0 1706913585
WALL 21241711 1 0 1706913586
WALL 21241711 1 0 1706913587
WALL 21241711 1 0 1706913588
slurmstepd: error: *** JOB 21241711 ON nid200041 CANCELLED AT 2024-02-02T22:39:48 DUE TO PREEMPTION ***
received SIGTERM 1706913588
WALL 21241711 1 0 1706913588
received SIGCONT 1706913588
WALL 21241711 1 0 1706913588
received SIGTERM 1706913588
WALL 21241711 1 0 1706913588
