WALL 21149501 1 0 1706737515
WALL 21149501 1 0 1706737516
WALL 21149501 1 0 1706737517
WALL 21149501 1 0 1706737518
WALL 21149501 1 0 1706737519
WALL 21149501 1 0 1706737520
WALL 21149501 1 0 1706737521
WALL 21149501 1 0 1706737522
WALL 21149501 1 0 1706737523
WALL 21149501 1 0 1706737524
WALL 21149501 1 0 1706737525
WALL 21149501 1 0 1706737526
WALL 21149501 1 0 1706737527
WALL 21149501 1 0 1706737528
WALL 21149501 1 0 1706737529
WALL 21149501 1 0 1706737530
WALL 21149501 1 0 1706737531
WALL 21149501 1 0 1706737532
WALL 21149501 1 0 1706737533
WALL 21149501 1 0 1706737534
WALL 21149501 1 0 1706737535
WALL 21149501 1 0 1706737536
WALL 21149501 1 0 1706737537
WALL 21149501 1 0 1706737538
WALL 21149501 1 0 1706737539
WALL 21149501 1 0 1706737540
WALL 21149501 1 0 1706737541
WALL 21149501 1 0 1706737542
WALL 21149501 1 0 1706737543
WALL 21149501 1 0 1706737544
WALL 21149501 1 0 1706737545
WALL 21149501 1 0 1706737546
WALL 21149501 1 0 1706737547
WALL 21149501 1 0 1706737548
WALL 21149501 1 0 1706737549
WALL 21149501 1 0 1706737550
WALL 21149501 1 0 1706737551
WALL 21149501 1 0 1706737552
WALL 21149501 1 0 1706737553
WALL 21149501 1 0 1706737554
WALL 21149501 1 0 1706737555
WALL 21149501 1 0 1706737556
WALL 21149501 1 0 1706737557
WALL 21149501 1 0 1706737558
WALL 21149501 1 0 1706737559
WALL 21149501 1 0 1706737560
WALL 21149501 1 0 1706737561
WALL 21149501 1 0 1706737562
WALL 21149501 1 0 1706737563
WALL 21149501 1 0 1706737564
WALL 21149501 1 0 1706737565
WALL 21149501 1 0 1706737566
WALL 21149501 1 0 1706737567
WALL 21149501 1 0 1706737568
WALL 21149501 1 0 1706737569
WALL 21149501 1 0 1706737570
WALL 21149501 1 0 1706737571
WALL 21149501 1 0 1706737572
WALL 21149501 1 0 1706737573
WALL 21149501 1 0 1706737574
WALL 21149501 1 0 1706737575
WALL 21149501 1 0 1706737576
WALL 21149501 1 0 1706737577
WALL 21149501 1 0 1706737578
WALL 21149501 1 0 1706737579
WALL 21149501 1 0 1706737580
WALL 21149501 1 0 1706737581
WALL 21149501 1 0 1706737582
WALL 21149501 1 0 1706737583
WALL 21149501 1 0 1706737584
WALL 21149501 1 0 1706737585
WALL 21149501 1 0 1706737586
WALL 21149501 1 0 1706737587
WALL 21149501 1 0 1706737588
WALL 21149501 1 0 1706737589
WALL 21149501 1 0 1706737590
WALL 21149501 1 0 1706737591
WALL 21149501 1 0 1706737592
WALL 21149501 1 0 1706737593
WALL 21149501 1 0 1706737594
WALL 21149501 1 0 1706737595
WALL 21149501 1 0 1706737596
WALL 21149501 1 0 1706737597
WALL 21149501 1 0 1706737598
WALL 21149501 1 0 1706737599
WALL 21149501 1 0 1706737600
WALL 21149501 1 0 1706737601
WALL 21149501 1 0 1706737602
WALL 21149501 1 0 1706737603
WALL 21149501 1 0 1706737604
WALL 21149501 1 0 1706737605
WALL 21149501 1 0 1706737606
WALL 21149501 1 0 1706737607
WALL 21149501 1 0 1706737608
WALL 21149501 1 0 1706737609
WALL 21149501 1 0 1706737610
WALL 21149501 1 0 1706737611
WALL 21149501 1 0 1706737612
WALL 21149501 1 0 1706737613
WALL 21149501 1 0 1706737614
WALL 21149501 1 0 1706737615
WALL 21149501 1 0 1706737616
WALL 21149501 1 0 1706737617
WALL 21149501 1 0 1706737618
WALL 21149501 1 0 1706737619
WALL 21149501 1 0 1706737620
WALL 21149501 1 0 1706737621
WALL 21149501 1 0 1706737622
WALL 21149501 1 0 1706737623
WALL 21149501 1 0 1706737624
WALL 21149501 1 0 1706737625
WALL 21149501 1 0 1706737626
WALL 21149501 1 0 1706737627
WALL 21149501 1 0 1706737628
WALL 21149501 1 0 1706737629
WALL 21149501 1 0 1706737630
WALL 21149501 1 0 1706737631
WALL 21149501 1 0 1706737632
WALL 21149501 1 0 1706737633
WALL 21149501 1 0 1706737634
WALL 21149501 1 0 1706737635
WALL 21149501 1 0 1706737636
WALL 21149501 1 0 1706737637
WALL 21149501 1 0 1706737638
WALL 21149501 1 0 1706737639
WALL 21149501 1 0 1706737640
WALL 21149501 1 0 1706737641
WALL 21149501 1 0 1706737642
WALL 21149501 1 0 1706737643
WALL 21149501 1 0 1706737644
WALL 21149501 1 0 1706737645
WALL 21149501 1 0 1706737646
WALL 21149501 1 0 1706737647
WALL 21149501 1 0 1706737648
WALL 21149501 1 0 1706737649
WALL 21149501 1 0 1706737650
WALL 21149501 1 0 1706737651
WALL 21149501 1 0 1706737652
WALL 21149501 1 0 1706737653
WALL 21149501 1 0 1706737654
WALL 21149501 1 0 1706737655
WALL 21149501 1 0 1706737656
WALL 21149501 1 0 1706737657
WALL 21149501 1 0 1706737658
WALL 21149501 1 0 1706737659
WALL 21149501 1 0 1706737660
WALL 21149501 1 0 1706737661
WALL 21149501 1 0 1706737662
WALL 21149501 1 0 1706737663
WALL 21149501 1 0 1706737664
WALL 21149501 1 0 1706737665
WALL 21149501 1 0 1706737666
WALL 21149501 1 0 1706737667
WALL 21149501 1 0 1706737668
WALL 21149501 1 0 1706737669
WALL 21149501 1 0 1706737670
WALL 21149501 1 0 1706737671
WALL 21149501 1 0 1706737672
WALL 21149501 1 0 1706737673
WALL 21149501 1 0 1706737674
WALL 21149501 1 0 1706737675
WALL 21149501 1 0 1706737676
WALL 21149501 1 0 1706737677
WALL 21149501 1 0 1706737678
WALL 21149501 1 0 1706737679
WALL 21149501 1 0 1706737680
WALL 21149501 1 0 1706737681
WALL 21149501 1 0 1706737682
WALL 21149501 1 0 1706737683
WALL 21149501 1 0 1706737684
WALL 21149501 1 0 1706737685
WALL 21149501 1 0 1706737686
WALL 21149501 1 0 1706737687
WALL 21149501 1 0 1706737688
WALL 21149501 1 0 1706737689
WALL 21149501 1 0 1706737690
WALL 21149501 1 0 1706737691
WALL 21149501 1 0 1706737692
WALL 21149501 1 0 1706737693
WALL 21149501 1 0 1706737694
WALL 21149501 1 0 1706737695
WALL 21149501 1 0 1706737696
WALL 21149501 1 0 1706737697
WALL 21149501 1 0 1706737698
WALL 21149501 1 0 1706737699
WALL 21149501 1 0 1706737700
WALL 21149501 1 0 1706737701
WALL 21149501 1 0 1706737702
WALL 21149501 1 0 1706737703
WALL 21149501 1 0 1706737704
WALL 21149501 1 0 1706737705
WALL 21149501 1 0 1706737706
WALL 21149501 1 0 1706737707
WALL 21149501 1 0 1706737708
WALL 21149501 1 0 1706737709
WALL 21149501 1 0 1706737710
WALL 21149501 1 0 1706737711
WALL 21149501 1 0 1706737712
WALL 21149501 1 0 1706737713
WALL 21149501 1 0 1706737714
WALL 21149501 1 0 1706737715
WALL 21149501 1 0 1706737716
WALL 21149501 1 0 1706737717
WALL 21149501 1 0 1706737718
WALL 21149501 1 0 1706737719
WALL 21149501 1 0 1706737720
WALL 21149501 1 0 1706737721
WALL 21149501 1 0 1706737722
WALL 21149501 1 0 1706737723
WALL 21149501 1 0 1706737724
WALL 21149501 1 0 1706737725
WALL 21149501 1 0 1706737726
WALL 21149501 1 0 1706737727
WALL 21149501 1 0 1706737728
WALL 21149501 1 0 1706737729
WALL 21149501 1 0 1706737730
WALL 21149501 1 0 1706737731
WALL 21149501 1 0 1706737732
WALL 21149501 1 0 1706737733
WALL 21149501 1 0 1706737734
WALL 21149501 1 0 1706737735
WALL 21149501 1 0 1706737736
WALL 21149501 1 0 1706737737
WALL 21149501 1 0 1706737738
WALL 21149501 1 0 1706737739
WALL 21149501 1 0 1706737740
WALL 21149501 1 0 1706737741
WALL 21149501 1 0 1706737742
WALL 21149501 1 0 1706737743
WALL 21149501 1 0 1706737744
WALL 21149501 1 0 1706737745
WALL 21149501 1 0 1706737746
WALL 21149501 1 0 1706737747
WALL 21149501 1 0 1706737748
WALL 21149501 1 0 1706737749
WALL 21149501 1 0 1706737750
WALL 21149501 1 0 1706737751
WALL 21149501 1 0 1706737752
WALL 21149501 1 0 1706737753
WALL 21149501 1 0 1706737754
WALL 21149501 1 0 1706737755
WALL 21149501 1 0 1706737756
WALL 21149501 1 0 1706737757
WALL 21149501 1 0 1706737758
WALL 21149501 1 0 1706737759
WALL 21149501 1 0 1706737760
WALL 21149501 1 0 1706737761
WALL 21149501 1 0 1706737762
WALL 21149501 1 0 1706737763
WALL 21149501 1 0 1706737764
WALL 21149501 1 0 1706737765
WALL 21149501 1 0 1706737766
WALL 21149501 1 0 1706737767
WALL 21149501 1 0 1706737768
WALL 21149501 1 0 1706737769
WALL 21149501 1 0 1706737770
WALL 21149501 1 0 1706737771
WALL 21149501 1 0 1706737772
WALL 21149501 1 0 1706737773
WALL 21149501 1 0 1706737774
WALL 21149501 1 0 1706737775
WALL 21149501 1 0 1706737776
WALL 21149501 1 0 1706737777
WALL 21149501 1 0 1706737778
WALL 21149501 1 0 1706737779
WALL 21149501 1 0 1706737780
WALL 21149501 1 0 1706737781
WALL 21149501 1 0 1706737782
WALL 21149501 1 0 1706737783
WALL 21149501 1 0 1706737784
WALL 21149501 1 0 1706737785
WALL 21149501 1 0 1706737786
WALL 21149501 1 0 1706737787
WALL 21149501 1 0 1706737788
WALL 21149501 1 0 1706737789
WALL 21149501 1 0 1706737790
WALL 21149501 1 0 1706737791
WALL 21149501 1 0 1706737792
WALL 21149501 1 0 1706737793
WALL 21149501 1 0 1706737794
WALL 21149501 1 0 1706737795
WALL 21149501 1 0 1706737796
WALL 21149501 1 0 1706737797
WALL 21149501 1 0 1706737798
WALL 21149501 1 0 1706737799
WALL 21149501 1 0 1706737800
WALL 21149501 1 0 1706737801
WALL 21149501 1 0 1706737802
WALL 21149501 1 0 1706737803
WALL 21149501 1 0 1706737804
WALL 21149501 1 0 1706737805
WALL 21149501 1 0 1706737806
WALL 21149501 1 0 1706737807
WALL 21149501 1 0 1706737808
WALL 21149501 1 0 1706737809
WALL 21149501 1 0 1706737810
WALL 21149501 1 0 1706737811
WALL 21149501 1 0 1706737812
WALL 21149501 1 0 1706737813
WALL 21149501 1 0 1706737814
WALL 21149501 1 0 1706737815
WALL 21149501 1 0 1706737816
WALL 21149501 1 0 1706737817
WALL 21149501 1 0 1706737818
WALL 21149501 1 0 1706737819
WALL 21149501 1 0 1706737820
WALL 21149501 1 0 1706737821
WALL 21149501 1 0 1706737822
WALL 21149501 1 0 1706737823
WALL 21149501 1 0 1706737824
WALL 21149501 1 0 1706737825
WALL 21149501 1 0 1706737826
WALL 21149501 1 0 1706737827
WALL 21149501 1 0 1706737828
WALL 21149501 1 0 1706737829
WALL 21149501 1 0 1706737830
WALL 21149501 1 0 1706737831
WALL 21149501 1 0 1706737832
WALL 21149501 1 0 1706737833
WALL 21149501 1 0 1706737834
WALL 21149501 1 0 1706737835
WALL 21149501 1 0 1706737836
WALL 21149501 1 0 1706737837
WALL 21149501 1 0 1706737838
WALL 21149501 1 0 1706737839
WALL 21149501 1 0 1706737840
WALL 21149501 1 0 1706737841
WALL 21149501 1 0 1706737842
WALL 21149501 1 0 1706737843
WALL 21149501 1 0 1706737844
WALL 21149501 1 0 1706737845
WALL 21149501 1 0 1706737846
WALL 21149501 1 0 1706737847
WALL 21149501 1 0 1706737848
WALL 21149501 1 0 1706737849
WALL 21149501 1 0 1706737850
WALL 21149501 1 0 1706737851
WALL 21149501 1 0 1706737852
WALL 21149501 1 0 1706737853
WALL 21149501 1 0 1706737854
WALL 21149501 1 0 1706737855
WALL 21149501 1 0 1706737856
WALL 21149501 1 0 1706737857
WALL 21149501 1 0 1706737858
WALL 21149501 1 0 1706737859
WALL 21149501 1 0 1706737860
WALL 21149501 1 0 1706737861
WALL 21149501 1 0 1706737862
WALL 21149501 1 0 1706737863
WALL 21149501 1 0 1706737864
WALL 21149501 1 0 1706737865
WALL 21149501 1 0 1706737866
WALL 21149501 1 0 1706737867
WALL 21149501 1 0 1706737868
WALL 21149501 1 0 1706737869
WALL 21149501 1 0 1706737870
WALL 21149501 1 0 1706737871
WALL 21149501 1 0 1706737872
WALL 21149501 1 0 1706737873
WALL 21149501 1 0 1706737874
WALL 21149501 1 0 1706737875
WALL 21149501 1 0 1706737876
WALL 21149501 1 0 1706737877
WALL 21149501 1 0 1706737878
slurmstepd: error: *** STEP 21149501.0 ON nid200026 CANCELLED AT 2024-01-31T21:51:18 ***
received SIGTERM 1706737878
WALL 21149501 1 0 1706737878
received SIGCONT 1706737878
WALL 21149501 1 0 1706737878
WALL 21149501 1 0 1706737879
WALL 21149501 1 0 1706737880
WALL 21149501 1 0 1706737881
WALL 21149501 1 0 1706737882
WALL 21149501 1 0 1706737883
WALL 21149501 1 0 1706737884
WALL 21149501 1 0 1706737885
WALL 21149501 1 0 1706737886
WALL 21149501 1 0 1706737887
WALL 21149501 1 0 1706737888
WALL 21149501 1 0 1706737889
WALL 21149501 1 0 1706737890
WALL 21149501 1 0 1706737891
WALL 21149501 1 0 1706737892
WALL 21149501 1 0 1706737893
WALL 21149501 1 0 1706737894
WALL 21149501 1 0 1706737895
WALL 21149501 1 0 1706737896
WALL 21149501 1 0 1706737897
WALL 21149501 1 0 1706737898
WALL 21149501 1 0 1706737899
WALL 21149501 1 0 1706737900
WALL 21149501 1 0 1706737901
WALL 21149501 1 0 1706737902
WALL 21149501 1 0 1706737903
WALL 21149501 1 0 1706737904
WALL 21149501 1 0 1706737905
WALL 21149501 1 0 1706737906
WALL 21149501 1 0 1706737907
WALL 21149501 1 0 1706737908
WALL 21149501 1 0 1706737909
WALL 21149501 1 0 1706737910
WALL 21149501 1 0 1706737911
WALL 21149501 1 0 1706737912
WALL 21149501 1 0 1706737913
WALL 21149501 1 0 1706737914
WALL 21149501 1 0 1706737915
WALL 21149501 1 0 1706737916
WALL 21149501 1 0 1706737917
WALL 21149501 1 0 1706737918
WALL 21149501 1 0 1706737919
WALL 21149501 1 0 1706737920
WALL 21149501 1 0 1706737921
WALL 21149501 1 0 1706737922
WALL 21149501 1 0 1706737923
WALL 21149501 1 0 1706737924
WALL 21149501 1 0 1706737925
WALL 21149501 1 0 1706737926
WALL 21149501 1 0 1706737927
WALL 21149501 1 0 1706737928
WALL 21149501 1 0 1706737929
WALL 21149501 1 0 1706737930
WALL 21149501 1 0 1706737931
WALL 21149501 1 0 1706737932
WALL 21149501 1 0 1706737933
WALL 21149501 1 0 1706737934
WALL 21149501 1 0 1706737935
WALL 21149501 1 0 1706737936
WALL 21149501 1 0 1706737937
WALL 21149501 1 0 1706737938
WALL 21149501 1 0 1706737939
WALL 21149501 1 0 1706737940
WALL 21149501 1 0 1706737941
WALL 21149501 1 0 1706737942
WALL 21149501 1 0 1706737943
WALL 21149501 1 0 1706737944
WALL 21149501 1 0 1706737945
WALL 21149501 1 0 1706737946
WALL 21149501 1 0 1706737947
WALL 21149501 1 0 1706737948
WALL 21149501 1 0 1706737949
WALL 21149501 1 0 1706737950
WALL 21149501 1 0 1706737951
WALL 21149501 1 0 1706737952
WALL 21149501 1 0 1706737953
WALL 21149501 1 0 1706737954
WALL 21149501 1 0 1706737955
WALL 21149501 1 0 1706737956
slurmstepd: error: *** JOB 21149501 ON nid200026 CANCELLED AT 2024-01-31T21:52:37 DUE TO PREEMPTION ***
received SIGTERM 1706737957
WALL 21149501 1 0 1706737957
received SIGCONT 1706737957
WALL 21149501 1 0 1706737957
received SIGTERM 1706737957
WALL 21149501 1 0 1706737957
srun: Job step aborted: Waiting up to 32 seconds for job step to finish.
