srun: warning: can't run 1 processes on 4 nodes, setting nnodes to 1
WALL 21211196 1 0 1706829891
WALL 21211196 1 0 1706829892
WALL 21211196 1 0 1706829893
WALL 21211196 1 0 1706829894
WALL 21211196 1 0 1706829895
WALL 21211196 1 0 1706829896
WALL 21211196 1 0 1706829897
WALL 21211196 1 0 1706829898
WALL 21211196 1 0 1706829899
WALL 21211196 1 0 1706829900
WALL 21211196 1 0 1706829901
WALL 21211196 1 0 1706829902
WALL 21211196 1 0 1706829903
WALL 21211196 1 0 1706829904
WALL 21211196 1 0 1706829905
WALL 21211196 1 0 1706829906
WALL 21211196 1 0 1706829907
WALL 21211196 1 0 1706829908
WALL 21211196 1 0 1706829909
WALL 21211196 1 0 1706829910
WALL 21211196 1 0 1706829911
WALL 21211196 1 0 1706829912
WALL 21211196 1 0 1706829913
WALL 21211196 1 0 1706829914
slurmstepd: error: *** STEP 21211196.0 ON nid200022 CANCELLED AT 2024-02-01T23:25:15 ***
received SIGTERM 1706829915
WALL 21211196 1 0 1706829915
received SIGCONT 1706829915
WALL 21211196 1 0 1706829915
WALL 21211196 1 0 1706829916
WALL 21211196 1 0 1706829917
WALL 21211196 1 0 1706829918
WALL 21211196 1 0 1706829919
WALL 21211196 1 0 1706829920
WALL 21211196 1 0 1706829921
WALL 21211196 1 0 1706829922
WALL 21211196 1 0 1706829923
WALL 21211196 1 0 1706829924
WALL 21211196 1 0 1706829925
WALL 21211196 1 0 1706829926
WALL 21211196 1 0 1706829927
WALL 21211196 1 0 1706829928
WALL 21211196 1 0 1706829929
WALL 21211196 1 0 1706829930
WALL 21211196 1 0 1706829931
WALL 21211196 1 0 1706829932
WALL 21211196 1 0 1706829933
WALL 21211196 1 0 1706829934
WALL 21211196 1 0 1706829935
WALL 21211196 1 0 1706829936
WALL 21211196 1 0 1706829937
WALL 21211196 1 0 1706829938
WALL 21211196 1 0 1706829939
WALL 21211196 1 0 1706829940
WALL 21211196 1 0 1706829941
WALL 21211196 1 0 1706829942
WALL 21211196 1 0 1706829943
WALL 21211196 1 0 1706829944
WALL 21211196 1 0 1706829945
WALL 21211196 1 0 1706829946
WALL 21211196 1 0 1706829947
WALL 21211196 1 0 1706829948
WALL 21211196 1 0 1706829949
WALL 21211196 1 0 1706829950
WALL 21211196 1 0 1706829951
WALL 21211196 1 0 1706829952
WALL 21211196 1 0 1706829953
WALL 21211196 1 0 1706829954
WALL 21211196 1 0 1706829955
WALL 21211196 1 0 1706829956
WALL 21211196 1 0 1706829957
WALL 21211196 1 0 1706829958
WALL 21211196 1 0 1706829959
WALL 21211196 1 0 1706829960
WALL 21211196 1 0 1706829961
WALL 21211196 1 0 1706829962
WALL 21211196 1 0 1706829963
WALL 21211196 1 0 1706829964
WALL 21211196 1 0 1706829965
WALL 21211196 1 0 1706829966
WALL 21211196 1 0 1706829967
WALL 21211196 1 0 1706829968
WALL 21211196 1 0 1706829969
WALL 21211196 1 0 1706829970
WALL 21211196 1 0 1706829971
WALL 21211196 1 0 1706829972
WALL 21211196 1 0 1706829973
WALL 21211196 1 0 1706829974
WALL 21211196 1 0 1706829975
WALL 21211196 1 0 1706829976
WALL 21211196 1 0 1706829977
WALL 21211196 1 0 1706829978
WALL 21211196 1 0 1706829979
WALL 21211196 1 0 1706829980
WALL 21211196 1 0 1706829981
WALL 21211196 1 0 1706829982
WALL 21211196 1 0 1706829983
WALL 21211196 1 0 1706829984
WALL 21211196 1 0 1706829985
WALL 21211196 1 0 1706829986
WALL 21211196 1 0 1706829987
WALL 21211196 1 0 1706829988
WALL 21211196 1 0 1706829989
WALL 21211196 1 0 1706829990
WALL 21211196 1 0 1706829991
slurmstepd: error: *** JOB 21211196 ON nid200022 CANCELLED AT 2024-02-01T23:26:31 DUE TO PREEMPTION ***
received SIGTERM 1706829991
WALL 21211196 1 0 1706829991
received SIGCONT 1706829991
WALL 21211196 1 0 1706829991
received SIGTERM 1706829991
WALL 21211196 1 0 1706829991
