WALL 21088357 1 0 1706659259
WALL 21088357 1 0 1706659260
WALL 21088357 1 0 1706659261
WALL 21088357 1 0 1706659262
WALL 21088357 1 0 1706659263
WALL 21088357 1 0 1706659264
WALL 21088357 1 0 1706659265
WALL 21088357 1 0 1706659266
WALL 21088357 1 0 1706659267
WALL 21088357 1 0 1706659268
WALL 21088357 1 0 1706659269
WALL 21088357 1 0 1706659270
WALL 21088357 1 0 1706659271
WALL 21088357 1 0 1706659272
WALL 21088357 1 0 1706659273
WALL 21088357 1 0 1706659274
WALL 21088357 1 0 1706659275
WALL 21088357 1 0 1706659276
WALL 21088357 1 0 1706659277
WALL 21088357 1 0 1706659278
WALL 21088357 1 0 1706659279
WALL 21088357 1 0 1706659280
WALL 21088357 1 0 1706659281
WALL 21088357 1 0 1706659282
WALL 21088357 1 0 1706659283
WALL 21088357 1 0 1706659284
WALL 21088357 1 0 1706659285
WALL 21088357 1 0 1706659286
WALL 21088357 1 0 1706659287
WALL 21088357 1 0 1706659288
WALL 21088357 1 0 1706659289
WALL 21088357 1 0 1706659290
WALL 21088357 1 0 1706659291
WALL 21088357 1 0 1706659292
WALL 21088357 1 0 1706659293
WALL 21088357 1 0 1706659294
WALL 21088357 1 0 1706659295
WALL 21088357 1 0 1706659296
WALL 21088357 1 0 1706659297
WALL 21088357 1 0 1706659298
WALL 21088357 1 0 1706659299
WALL 21088357 1 0 1706659300
WALL 21088357 1 0 1706659301
WALL 21088357 1 0 1706659302
WALL 21088357 1 0 1706659303
WALL 21088357 1 0 1706659304
WALL 21088357 1 0 1706659305
WALL 21088357 1 0 1706659306
WALL 21088357 1 0 1706659307
WALL 21088357 1 0 1706659308
WALL 21088357 1 0 1706659309
WALL 21088357 1 0 1706659310
WALL 21088357 1 0 1706659311
WALL 21088357 1 0 1706659312
WALL 21088357 1 0 1706659313
WALL 21088357 1 0 1706659314
WALL 21088357 1 0 1706659315
WALL 21088357 1 0 1706659316
WALL 21088357 1 0 1706659317
WALL 21088357 1 0 1706659318
WALL 21088357 1 0 1706659319
WALL 21088357 1 0 1706659320
WALL 21088357 1 0 1706659321
WALL 21088357 1 0 1706659322
WALL 21088357 1 0 1706659323
WALL 21088357 1 0 1706659324
WALL 21088357 1 0 1706659325
WALL 21088357 1 0 1706659326
WALL 21088357 1 0 1706659327
WALL 21088357 1 0 1706659328
WALL 21088357 1 0 1706659329
WALL 21088357 1 0 1706659330
WALL 21088357 1 0 1706659331
WALL 21088357 1 0 1706659332
WALL 21088357 1 0 1706659333
WALL 21088357 1 0 1706659334
WALL 21088357 1 0 1706659335
WALL 21088357 1 0 1706659336
WALL 21088357 1 0 1706659337
WALL 21088357 1 0 1706659338
WALL 21088357 1 0 1706659339
WALL 21088357 1 0 1706659340
WALL 21088357 1 0 1706659341
WALL 21088357 1 0 1706659342
WALL 21088357 1 0 1706659343
WALL 21088357 1 0 1706659344
WALL 21088357 1 0 1706659345
WALL 21088357 1 0 1706659346
WALL 21088357 1 0 1706659347
WALL 21088357 1 0 1706659348
WALL 21088357 1 0 1706659349
WALL 21088357 1 0 1706659350
WALL 21088357 1 0 1706659351
WALL 21088357 1 0 1706659352
WALL 21088357 1 0 1706659353
WALL 21088357 1 0 1706659354
WALL 21088357 1 0 1706659355
WALL 21088357 1 0 1706659356
WALL 21088357 1 0 1706659357
WALL 21088357 1 0 1706659358
WALL 21088357 1 0 1706659359
WALL 21088357 1 0 1706659360
WALL 21088357 1 0 1706659361
WALL 21088357 1 0 1706659362
WALL 21088357 1 0 1706659363
WALL 21088357 1 0 1706659364
WALL 21088357 1 0 1706659365
WALL 21088357 1 0 1706659366
WALL 21088357 1 0 1706659367
WALL 21088357 1 0 1706659368
WALL 21088357 1 0 1706659369
WALL 21088357 1 0 1706659370
WALL 21088357 1 0 1706659371
WALL 21088357 1 0 1706659372
WALL 21088357 1 0 1706659373
WALL 21088357 1 0 1706659374
WALL 21088357 1 0 1706659375
WALL 21088357 1 0 1706659376
WALL 21088357 1 0 1706659377
WALL 21088357 1 0 1706659378
WALL 21088357 1 0 1706659379
WALL 21088357 1 0 1706659380
WALL 21088357 1 0 1706659381
WALL 21088357 1 0 1706659382
WALL 21088357 1 0 1706659383
WALL 21088357 1 0 1706659384
WALL 21088357 1 0 1706659385
WALL 21088357 1 0 1706659386
WALL 21088357 1 0 1706659387
WALL 21088357 1 0 1706659388
WALL 21088357 1 0 1706659389
WALL 21088357 1 0 1706659390
WALL 21088357 1 0 1706659391
WALL 21088357 1 0 1706659392
WALL 21088357 1 0 1706659393
WALL 21088357 1 0 1706659394
WALL 21088357 1 0 1706659395
WALL 21088357 1 0 1706659396
WALL 21088357 1 0 1706659397
WALL 21088357 1 0 1706659398
WALL 21088357 1 0 1706659399
WALL 21088357 1 0 1706659400
WALL 21088357 1 0 1706659401
WALL 21088357 1 0 1706659402
WALL 21088357 1 0 1706659403
WALL 21088357 1 0 1706659404
WALL 21088357 1 0 1706659405
WALL 21088357 1 0 1706659406
WALL 21088357 1 0 1706659407
WALL 21088357 1 0 1706659408
WALL 21088357 1 0 1706659409
WALL 21088357 1 0 1706659410
WALL 21088357 1 0 1706659411
WALL 21088357 1 0 1706659412
WALL 21088357 1 0 1706659413
WALL 21088357 1 0 1706659414
WALL 21088357 1 0 1706659415
WALL 21088357 1 0 1706659416
WALL 21088357 1 0 1706659417
WALL 21088357 1 0 1706659418
WALL 21088357 1 0 1706659419
WALL 21088357 1 0 1706659420
WALL 21088357 1 0 1706659421
WALL 21088357 1 0 1706659422
WALL 21088357 1 0 1706659423
WALL 21088357 1 0 1706659424
WALL 21088357 1 0 1706659425
WALL 21088357 1 0 1706659426
WALL 21088357 1 0 1706659427
WALL 21088357 1 0 1706659428
WALL 21088357 1 0 1706659429
WALL 21088357 1 0 1706659430
WALL 21088357 1 0 1706659431
WALL 21088357 1 0 1706659432
WALL 21088357 1 0 1706659433
WALL 21088357 1 0 1706659434
WALL 21088357 1 0 1706659435
WALL 21088357 1 0 1706659436
WALL 21088357 1 0 1706659437
WALL 21088357 1 0 1706659438
WALL 21088357 1 0 1706659439
WALL 21088357 1 0 1706659440
WALL 21088357 1 0 1706659441
WALL 21088357 1 0 1706659442
WALL 21088357 1 0 1706659443
WALL 21088357 1 0 1706659444
WALL 21088357 1 0 1706659445
WALL 21088357 1 0 1706659446
WALL 21088357 1 0 1706659447
WALL 21088357 1 0 1706659448
WALL 21088357 1 0 1706659449
WALL 21088357 1 0 1706659450
WALL 21088357 1 0 1706659451
WALL 21088357 1 0 1706659452
WALL 21088357 1 0 1706659453
WALL 21088357 1 0 1706659454
WALL 21088357 1 0 1706659455
WALL 21088357 1 0 1706659456
WALL 21088357 1 0 1706659457
WALL 21088357 1 0 1706659458
WALL 21088357 1 0 1706659459
WALL 21088357 1 0 1706659460
WALL 21088357 1 0 1706659461
WALL 21088357 1 0 1706659462
WALL 21088357 1 0 1706659463
WALL 21088357 1 0 1706659464
WALL 21088357 1 0 1706659465
WALL 21088357 1 0 1706659466
WALL 21088357 1 0 1706659467
WALL 21088357 1 0 1706659468
WALL 21088357 1 0 1706659469
WALL 21088357 1 0 1706659470
WALL 21088357 1 0 1706659471
WALL 21088357 1 0 1706659472
WALL 21088357 1 0 1706659473
WALL 21088357 1 0 1706659474
WALL 21088357 1 0 1706659475
WALL 21088357 1 0 1706659476
WALL 21088357 1 0 1706659477
WALL 21088357 1 0 1706659478
WALL 21088357 1 0 1706659479
WALL 21088357 1 0 1706659480
WALL 21088357 1 0 1706659481
WALL 21088357 1 0 1706659482
WALL 21088357 1 0 1706659483
WALL 21088357 1 0 1706659484
WALL 21088357 1 0 1706659485
WALL 21088357 1 0 1706659486
WALL 21088357 1 0 1706659487
WALL 21088357 1 0 1706659488
WALL 21088357 1 0 1706659489
WALL 21088357 1 0 1706659490
WALL 21088357 1 0 1706659491
WALL 21088357 1 0 1706659492
WALL 21088357 1 0 1706659493
WALL 21088357 1 0 1706659494
WALL 21088357 1 0 1706659495
WALL 21088357 1 0 1706659496
WALL 21088357 1 0 1706659497
WALL 21088357 1 0 1706659498
WALL 21088357 1 0 1706659499
WALL 21088357 1 0 1706659500
WALL 21088357 1 0 1706659501
WALL 21088357 1 0 1706659502
WALL 21088357 1 0 1706659503
WALL 21088357 1 0 1706659504
WALL 21088357 1 0 1706659505
WALL 21088357 1 0 1706659506
WALL 21088357 1 0 1706659507
WALL 21088357 1 0 1706659508
WALL 21088357 1 0 1706659509
WALL 21088357 1 0 1706659510
WALL 21088357 1 0 1706659511
WALL 21088357 1 0 1706659512
WALL 21088357 1 0 1706659513
WALL 21088357 1 0 1706659514
WALL 21088357 1 0 1706659515
WALL 21088357 1 0 1706659516
WALL 21088357 1 0 1706659517
WALL 21088357 1 0 1706659518
WALL 21088357 1 0 1706659519
WALL 21088357 1 0 1706659520
WALL 21088357 1 0 1706659521
WALL 21088357 1 0 1706659522
WALL 21088357 1 0 1706659523
WALL 21088357 1 0 1706659524
WALL 21088357 1 0 1706659525
WALL 21088357 1 0 1706659526
WALL 21088357 1 0 1706659527
WALL 21088357 1 0 1706659528
WALL 21088357 1 0 1706659529
WALL 21088357 1 0 1706659530
WALL 21088357 1 0 1706659531
WALL 21088357 1 0 1706659532
WALL 21088357 1 0 1706659533
WALL 21088357 1 0 1706659534
WALL 21088357 1 0 1706659535
WALL 21088357 1 0 1706659536
WALL 21088357 1 0 1706659537
WALL 21088357 1 0 1706659538
WALL 21088357 1 0 1706659539
WALL 21088357 1 0 1706659540
WALL 21088357 1 0 1706659541
WALL 21088357 1 0 1706659542
WALL 21088357 1 0 1706659543
WALL 21088357 1 0 1706659544
WALL 21088357 1 0 1706659545
WALL 21088357 1 0 1706659546
WALL 21088357 1 0 1706659547
WALL 21088357 1 0 1706659548
WALL 21088357 1 0 1706659549
WALL 21088357 1 0 1706659550
WALL 21088357 1 0 1706659551
WALL 21088357 1 0 1706659552
WALL 21088357 1 0 1706659553
WALL 21088357 1 0 1706659554
WALL 21088357 1 0 1706659555
WALL 21088357 1 0 1706659556
WALL 21088357 1 0 1706659557
WALL 21088357 1 0 1706659558
WALL 21088357 1 0 1706659559
WALL 21088357 1 0 1706659560
WALL 21088357 1 0 1706659561
WALL 21088357 1 0 1706659562
WALL 21088357 1 0 1706659563
WALL 21088357 1 0 1706659564
WALL 21088357 1 0 1706659565
WALL 21088357 1 0 1706659566
WALL 21088357 1 0 1706659567
WALL 21088357 1 0 1706659568
WALL 21088357 1 0 1706659569
WALL 21088357 1 0 1706659570
WALL 21088357 1 0 1706659571
WALL 21088357 1 0 1706659572
WALL 21088357 1 0 1706659573
WALL 21088357 1 0 1706659574
WALL 21088357 1 0 1706659575
WALL 21088357 1 0 1706659576
WALL 21088357 1 0 1706659577
WALL 21088357 1 0 1706659578
WALL 21088357 1 0 1706659579
WALL 21088357 1 0 1706659580
WALL 21088357 1 0 1706659581
WALL 21088357 1 0 1706659582
WALL 21088357 1 0 1706659583
WALL 21088357 1 0 1706659584
WALL 21088357 1 0 1706659585
WALL 21088357 1 0 1706659586
WALL 21088357 1 0 1706659587
WALL 21088357 1 0 1706659588
WALL 21088357 1 0 1706659589
WALL 21088357 1 0 1706659590
WALL 21088357 1 0 1706659591
WALL 21088357 1 0 1706659592
WALL 21088357 1 0 1706659593
WALL 21088357 1 0 1706659594
WALL 21088357 1 0 1706659595
WALL 21088357 1 0 1706659596
WALL 21088357 1 0 1706659597
WALL 21088357 1 0 1706659598
WALL 21088357 1 0 1706659599
WALL 21088357 1 0 1706659600
WALL 21088357 1 0 1706659601
WALL 21088357 1 0 1706659602
WALL 21088357 1 0 1706659603
WALL 21088357 1 0 1706659604
WALL 21088357 1 0 1706659605
WALL 21088357 1 0 1706659606
WALL 21088357 1 0 1706659607
WALL 21088357 1 0 1706659608
WALL 21088357 1 0 1706659609
WALL 21088357 1 0 1706659610
WALL 21088357 1 0 1706659611
WALL 21088357 1 0 1706659612
WALL 21088357 1 0 1706659613
WALL 21088357 1 0 1706659614
WALL 21088357 1 0 1706659615
WALL 21088357 1 0 1706659616
WALL 21088357 1 0 1706659617
WALL 21088357 1 0 1706659618
WALL 21088357 1 0 1706659619
WALL 21088357 1 0 1706659620
WALL 21088357 1 0 1706659621
WALL 21088357 1 0 1706659622
WALL 21088357 1 0 1706659623
WALL 21088357 1 0 1706659624
WALL 21088357 1 0 1706659625
WALL 21088357 1 0 1706659626
WALL 21088357 1 0 1706659627
WALL 21088357 1 0 1706659628
WALL 21088357 1 0 1706659629
WALL 21088357 1 0 1706659630
WALL 21088357 1 0 1706659631
WALL 21088357 1 0 1706659632
WALL 21088357 1 0 1706659633
WALL 21088357 1 0 1706659634
WALL 21088357 1 0 1706659635
WALL 21088357 1 0 1706659636
WALL 21088357 1 0 1706659637
WALL 21088357 1 0 1706659638
WALL 21088357 1 0 1706659639
WALL 21088357 1 0 1706659640
WALL 21088357 1 0 1706659641
WALL 21088357 1 0 1706659642
WALL 21088357 1 0 1706659643
WALL 21088357 1 0 1706659644
WALL 21088357 1 0 1706659645
WALL 21088357 1 0 1706659646
WALL 21088357 1 0 1706659647
WALL 21088357 1 0 1706659648
WALL 21088357 1 0 1706659649
WALL 21088357 1 0 1706659650
WALL 21088357 1 0 1706659651
WALL 21088357 1 0 1706659652
WALL 21088357 1 0 1706659653
WALL 21088357 1 0 1706659654
WALL 21088357 1 0 1706659655
WALL 21088357 1 0 1706659656
WALL 21088357 1 0 1706659657
WALL 21088357 1 0 1706659658
WALL 21088357 1 0 1706659659
WALL 21088357 1 0 1706659660
WALL 21088357 1 0 1706659661
WALL 21088357 1 0 1706659662
WALL 21088357 1 0 1706659663
WALL 21088357 1 0 1706659664
WALL 21088357 1 0 1706659665
WALL 21088357 1 0 1706659666
WALL 21088357 1 0 1706659667
WALL 21088357 1 0 1706659668
WALL 21088357 1 0 1706659669
WALL 21088357 1 0 1706659670
WALL 21088357 1 0 1706659671
WALL 21088357 1 0 1706659672
WALL 21088357 1 0 1706659673
WALL 21088357 1 0 1706659674
WALL 21088357 1 0 1706659675
WALL 21088357 1 0 1706659676
WALL 21088357 1 0 1706659677
WALL 21088357 1 0 1706659678
WALL 21088357 1 0 1706659679
WALL 21088357 1 0 1706659680
WALL 21088357 1 0 1706659681
WALL 21088357 1 0 1706659682
WALL 21088357 1 0 1706659683
WALL 21088357 1 0 1706659684
WALL 21088357 1 0 1706659685
WALL 21088357 1 0 1706659686
WALL 21088357 1 0 1706659687
WALL 21088357 1 0 1706659688
WALL 21088357 1 0 1706659689
WALL 21088357 1 0 1706659690
WALL 21088357 1 0 1706659691
WALL 21088357 1 0 1706659692
WALL 21088357 1 0 1706659693
WALL 21088357 1 0 1706659694
WALL 21088357 1 0 1706659695
WALL 21088357 1 0 1706659696
WALL 21088357 1 0 1706659697
WALL 21088357 1 0 1706659698
WALL 21088357 1 0 1706659699
WALL 21088357 1 0 1706659700
WALL 21088357 1 0 1706659701
WALL 21088357 1 0 1706659702
WALL 21088357 1 0 1706659703
WALL 21088357 1 0 1706659704
WALL 21088357 1 0 1706659705
WALL 21088357 1 0 1706659706
WALL 21088357 1 0 1706659707
WALL 21088357 1 0 1706659708
WALL 21088357 1 0 1706659709
WALL 21088357 1 0 1706659710
WALL 21088357 1 0 1706659711
WALL 21088357 1 0 1706659712
WALL 21088357 1 0 1706659713
WALL 21088357 1 0 1706659714
WALL 21088357 1 0 1706659715
WALL 21088357 1 0 1706659716
WALL 21088357 1 0 1706659717
WALL 21088357 1 0 1706659718
WALL 21088357 1 0 1706659719
WALL 21088357 1 0 1706659720
WALL 21088357 1 0 1706659721
WALL 21088357 1 0 1706659722
WALL 21088357 1 0 1706659723
WALL 21088357 1 0 1706659724
WALL 21088357 1 0 1706659725
WALL 21088357 1 0 1706659726
WALL 21088357 1 0 1706659727
WALL 21088357 1 0 1706659728
WALL 21088357 1 0 1706659729
WALL 21088357 1 0 1706659730
WALL 21088357 1 0 1706659731
WALL 21088357 1 0 1706659732
WALL 21088357 1 0 1706659733
WALL 21088357 1 0 1706659734
WALL 21088357 1 0 1706659735
WALL 21088357 1 0 1706659736
WALL 21088357 1 0 1706659737
WALL 21088357 1 0 1706659738
WALL 21088357 1 0 1706659739
WALL 21088357 1 0 1706659740
WALL 21088357 1 0 1706659741
WALL 21088357 1 0 1706659742
WALL 21088357 1 0 1706659743
WALL 21088357 1 0 1706659744
WALL 21088357 1 0 1706659745
WALL 21088357 1 0 1706659746
WALL 21088357 1 0 1706659747
WALL 21088357 1 0 1706659748
WALL 21088357 1 0 1706659749
WALL 21088357 1 0 1706659750
WALL 21088357 1 0 1706659751
WALL 21088357 1 0 1706659752
WALL 21088357 1 0 1706659753
WALL 21088357 1 0 1706659754
WALL 21088357 1 0 1706659755
WALL 21088357 1 0 1706659756
WALL 21088357 1 0 1706659757
WALL 21088357 1 0 1706659758
WALL 21088357 1 0 1706659759
WALL 21088357 1 0 1706659760
WALL 21088357 1 0 1706659761
WALL 21088357 1 0 1706659762
WALL 21088357 1 0 1706659763
WALL 21088357 1 0 1706659764
WALL 21088357 1 0 1706659765
WALL 21088357 1 0 1706659766
WALL 21088357 1 0 1706659767
WALL 21088357 1 0 1706659768
WALL 21088357 1 0 1706659769
WALL 21088357 1 0 1706659770
WALL 21088357 1 0 1706659771
WALL 21088357 1 0 1706659772
WALL 21088357 1 0 1706659773
WALL 21088357 1 0 1706659774
WALL 21088357 1 0 1706659775
WALL 21088357 1 0 1706659776
WALL 21088357 1 0 1706659777
WALL 21088357 1 0 1706659778
WALL 21088357 1 0 1706659779
WALL 21088357 1 0 1706659780
WALL 21088357 1 0 1706659781
WALL 21088357 1 0 1706659782
WALL 21088357 1 0 1706659783
WALL 21088357 1 0 1706659784
WALL 21088357 1 0 1706659785
WALL 21088357 1 0 1706659786
WALL 21088357 1 0 1706659787
WALL 21088357 1 0 1706659788
WALL 21088357 1 0 1706659789
WALL 21088357 1 0 1706659790
WALL 21088357 1 0 1706659791
WALL 21088357 1 0 1706659792
WALL 21088357 1 0 1706659793
WALL 21088357 1 0 1706659794
WALL 21088357 1 0 1706659795
WALL 21088357 1 0 1706659796
WALL 21088357 1 0 1706659797
WALL 21088357 1 0 1706659798
WALL 21088357 1 0 1706659799
WALL 21088357 1 0 1706659800
WALL 21088357 1 0 1706659801
WALL 21088357 1 0 1706659802
WALL 21088357 1 0 1706659803
WALL 21088357 1 0 1706659804
WALL 21088357 1 0 1706659805
WALL 21088357 1 0 1706659806
WALL 21088357 1 0 1706659807
WALL 21088357 1 0 1706659808
WALL 21088357 1 0 1706659809
WALL 21088357 1 0 1706659810
WALL 21088357 1 0 1706659811
WALL 21088357 1 0 1706659812
WALL 21088357 1 0 1706659813
WALL 21088357 1 0 1706659814
WALL 21088357 1 0 1706659815
WALL 21088357 1 0 1706659816
WALL 21088357 1 0 1706659817
WALL 21088357 1 0 1706659818
WALL 21088357 1 0 1706659819
WALL 21088357 1 0 1706659820
WALL 21088357 1 0 1706659821
WALL 21088357 1 0 1706659822
WALL 21088357 1 0 1706659823
WALL 21088357 1 0 1706659824
WALL 21088357 1 0 1706659825
WALL 21088357 1 0 1706659826
WALL 21088357 1 0 1706659827
WALL 21088357 1 0 1706659828
WALL 21088357 1 0 1706659829
WALL 21088357 1 0 1706659830
WALL 21088357 1 0 1706659831
WALL 21088357 1 0 1706659832
WALL 21088357 1 0 1706659833
WALL 21088357 1 0 1706659834
WALL 21088357 1 0 1706659835
WALL 21088357 1 0 1706659836
WALL 21088357 1 0 1706659837
WALL 21088357 1 0 1706659838
WALL 21088357 1 0 1706659839
WALL 21088357 1 0 1706659840
WALL 21088357 1 0 1706659841
WALL 21088357 1 0 1706659842
WALL 21088357 1 0 1706659843
WALL 21088357 1 0 1706659844
WALL 21088357 1 0 1706659845
WALL 21088357 1 0 1706659846
WALL 21088357 1 0 1706659847
WALL 21088357 1 0 1706659848
WALL 21088357 1 0 1706659849
WALL 21088357 1 0 1706659850
WALL 21088357 1 0 1706659851
WALL 21088357 1 0 1706659852
WALL 21088357 1 0 1706659853
WALL 21088357 1 0 1706659854
WALL 21088357 1 0 1706659855
WALL 21088357 1 0 1706659856
WALL 21088357 1 0 1706659857
WALL 21088357 1 0 1706659858
WALL 21088357 1 0 1706659859
WALL 21088357 1 0 1706659860
WALL 21088357 1 0 1706659861
WALL 21088357 1 0 1706659862
WALL 21088357 1 0 1706659863
WALL 21088357 1 0 1706659864
WALL 21088357 1 0 1706659865
WALL 21088357 1 0 1706659866
WALL 21088357 1 0 1706659867
WALL 21088357 1 0 1706659868
WALL 21088357 1 0 1706659869
WALL 21088357 1 0 1706659870
WALL 21088357 1 0 1706659871
WALL 21088357 1 0 1706659872
WALL 21088357 1 0 1706659873
WALL 21088357 1 0 1706659874
WALL 21088357 1 0 1706659875
WALL 21088357 1 0 1706659876
WALL 21088357 1 0 1706659877
WALL 21088357 1 0 1706659878
WALL 21088357 1 0 1706659879
WALL 21088357 1 0 1706659880
WALL 21088357 1 0 1706659881
WALL 21088357 1 0 1706659882
WALL 21088357 1 0 1706659883
WALL 21088357 1 0 1706659884
WALL 21088357 1 0 1706659885
WALL 21088357 1 0 1706659886
WALL 21088357 1 0 1706659887
WALL 21088357 1 0 1706659888
WALL 21088357 1 0 1706659889
WALL 21088357 1 0 1706659890
WALL 21088357 1 0 1706659891
WALL 21088357 1 0 1706659892
WALL 21088357 1 0 1706659893
WALL 21088357 1 0 1706659894
WALL 21088357 1 0 1706659895
WALL 21088357 1 0 1706659896
WALL 21088357 1 0 1706659897
WALL 21088357 1 0 1706659898
WALL 21088357 1 0 1706659899
WALL 21088357 1 0 1706659900
WALL 21088357 1 0 1706659901
WALL 21088357 1 0 1706659902
WALL 21088357 1 0 1706659903
WALL 21088357 1 0 1706659904
WALL 21088357 1 0 1706659905
WALL 21088357 1 0 1706659906
WALL 21088357 1 0 1706659907
WALL 21088357 1 0 1706659908
WALL 21088357 1 0 1706659909
WALL 21088357 1 0 1706659910
WALL 21088357 1 0 1706659911
WALL 21088357 1 0 1706659912
WALL 21088357 1 0 1706659913
WALL 21088357 1 0 1706659914
WALL 21088357 1 0 1706659915
WALL 21088357 1 0 1706659916
WALL 21088357 1 0 1706659917
WALL 21088357 1 0 1706659918
WALL 21088357 1 0 1706659919
WALL 21088357 1 0 1706659920
WALL 21088357 1 0 1706659921
WALL 21088357 1 0 1706659922
WALL 21088357 1 0 1706659923
WALL 21088357 1 0 1706659924
WALL 21088357 1 0 1706659925
WALL 21088357 1 0 1706659926
WALL 21088357 1 0 1706659927
WALL 21088357 1 0 1706659928
WALL 21088357 1 0 1706659929
WALL 21088357 1 0 1706659930
WALL 21088357 1 0 1706659931
WALL 21088357 1 0 1706659932
WALL 21088357 1 0 1706659933
WALL 21088357 1 0 1706659934
WALL 21088357 1 0 1706659935
WALL 21088357 1 0 1706659936
WALL 21088357 1 0 1706659937
WALL 21088357 1 0 1706659938
WALL 21088357 1 0 1706659939
WALL 21088357 1 0 1706659940
WALL 21088357 1 0 1706659941
WALL 21088357 1 0 1706659942
WALL 21088357 1 0 1706659943
WALL 21088357 1 0 1706659944
WALL 21088357 1 0 1706659945
WALL 21088357 1 0 1706659946
WALL 21088357 1 0 1706659947
WALL 21088357 1 0 1706659948
WALL 21088357 1 0 1706659949
WALL 21088357 1 0 1706659950
WALL 21088357 1 0 1706659951
WALL 21088357 1 0 1706659952
WALL 21088357 1 0 1706659953
WALL 21088357 1 0 1706659954
WALL 21088357 1 0 1706659955
WALL 21088357 1 0 1706659956
WALL 21088357 1 0 1706659957
WALL 21088357 1 0 1706659958
WALL 21088357 1 0 1706659959
WALL 21088357 1 0 1706659960
WALL 21088357 1 0 1706659961
WALL 21088357 1 0 1706659962
WALL 21088357 1 0 1706659963
WALL 21088357 1 0 1706659964
WALL 21088357 1 0 1706659965
WALL 21088357 1 0 1706659966
WALL 21088357 1 0 1706659967
WALL 21088357 1 0 1706659968
WALL 21088357 1 0 1706659969
WALL 21088357 1 0 1706659970
WALL 21088357 1 0 1706659971
WALL 21088357 1 0 1706659972
WALL 21088357 1 0 1706659973
WALL 21088357 1 0 1706659974
WALL 21088357 1 0 1706659975
WALL 21088357 1 0 1706659976
WALL 21088357 1 0 1706659977
WALL 21088357 1 0 1706659978
WALL 21088357 1 0 1706659979
WALL 21088357 1 0 1706659980
WALL 21088357 1 0 1706659981
WALL 21088357 1 0 1706659982
WALL 21088357 1 0 1706659983
WALL 21088357 1 0 1706659984
WALL 21088357 1 0 1706659985
WALL 21088357 1 0 1706659986
WALL 21088357 1 0 1706659987
WALL 21088357 1 0 1706659988
WALL 21088357 1 0 1706659989
WALL 21088357 1 0 1706659990
WALL 21088357 1 0 1706659991
WALL 21088357 1 0 1706659992
WALL 21088357 1 0 1706659993
WALL 21088357 1 0 1706659994
WALL 21088357 1 0 1706659995
WALL 21088357 1 0 1706659996
WALL 21088357 1 0 1706659997
WALL 21088357 1 0 1706659998
WALL 21088357 1 0 1706659999
WALL 21088357 1 0 1706660000
WALL 21088357 1 0 1706660001
WALL 21088357 1 0 1706660002
WALL 21088357 1 0 1706660003
WALL 21088357 1 0 1706660004
WALL 21088357 1 0 1706660005
WALL 21088357 1 0 1706660006
WALL 21088357 1 0 1706660007
WALL 21088357 1 0 1706660008
WALL 21088357 1 0 1706660009
WALL 21088357 1 0 1706660010
WALL 21088357 1 0 1706660011
WALL 21088357 1 0 1706660012
WALL 21088357 1 0 1706660013
WALL 21088357 1 0 1706660014
WALL 21088357 1 0 1706660015
WALL 21088357 1 0 1706660016
WALL 21088357 1 0 1706660017
WALL 21088357 1 0 1706660018
WALL 21088357 1 0 1706660019
WALL 21088357 1 0 1706660020
WALL 21088357 1 0 1706660021
WALL 21088357 1 0 1706660022
WALL 21088357 1 0 1706660023
WALL 21088357 1 0 1706660024
WALL 21088357 1 0 1706660025
WALL 21088357 1 0 1706660026
WALL 21088357 1 0 1706660027
WALL 21088357 1 0 1706660028
WALL 21088357 1 0 1706660029
WALL 21088357 1 0 1706660030
WALL 21088357 1 0 1706660031
WALL 21088357 1 0 1706660032
WALL 21088357 1 0 1706660033
WALL 21088357 1 0 1706660034
WALL 21088357 1 0 1706660035
WALL 21088357 1 0 1706660036
WALL 21088357 1 0 1706660037
WALL 21088357 1 0 1706660038
WALL 21088357 1 0 1706660039
WALL 21088357 1 0 1706660040
WALL 21088357 1 0 1706660041
WALL 21088357 1 0 1706660042
WALL 21088357 1 0 1706660043
WALL 21088357 1 0 1706660044
WALL 21088357 1 0 1706660045
WALL 21088357 1 0 1706660046
WALL 21088357 1 0 1706660047
WALL 21088357 1 0 1706660048
WALL 21088357 1 0 1706660049
WALL 21088357 1 0 1706660050
WALL 21088357 1 0 1706660051
WALL 21088357 1 0 1706660052
WALL 21088357 1 0 1706660053
WALL 21088357 1 0 1706660054
WALL 21088357 1 0 1706660055
WALL 21088357 1 0 1706660056
WALL 21088357 1 0 1706660057
WALL 21088357 1 0 1706660058
WALL 21088357 1 0 1706660059
WALL 21088357 1 0 1706660060
WALL 21088357 1 0 1706660061
WALL 21088357 1 0 1706660062
WALL 21088357 1 0 1706660063
WALL 21088357 1 0 1706660064
WALL 21088357 1 0 1706660065
WALL 21088357 1 0 1706660066
WALL 21088357 1 0 1706660067
WALL 21088357 1 0 1706660068
WALL 21088357 1 0 1706660069
WALL 21088357 1 0 1706660070
WALL 21088357 1 0 1706660071
WALL 21088357 1 0 1706660072
WALL 21088357 1 0 1706660073
WALL 21088357 1 0 1706660074
WALL 21088357 1 0 1706660075
WALL 21088357 1 0 1706660076
WALL 21088357 1 0 1706660077
WALL 21088357 1 0 1706660078
WALL 21088357 1 0 1706660079
WALL 21088357 1 0 1706660080
WALL 21088357 1 0 1706660081
WALL 21088357 1 0 1706660082
WALL 21088357 1 0 1706660083
WALL 21088357 1 0 1706660084
WALL 21088357 1 0 1706660085
WALL 21088357 1 0 1706660086
WALL 21088357 1 0 1706660087
WALL 21088357 1 0 1706660088
WALL 21088357 1 0 1706660089
WALL 21088357 1 0 1706660090
WALL 21088357 1 0 1706660091
WALL 21088357 1 0 1706660092
WALL 21088357 1 0 1706660093
WALL 21088357 1 0 1706660094
WALL 21088357 1 0 1706660095
WALL 21088357 1 0 1706660096
WALL 21088357 1 0 1706660097
WALL 21088357 1 0 1706660098
WALL 21088357 1 0 1706660099
WALL 21088357 1 0 1706660100
WALL 21088357 1 0 1706660101
WALL 21088357 1 0 1706660102
WALL 21088357 1 0 1706660103
WALL 21088357 1 0 1706660104
WALL 21088357 1 0 1706660105
WALL 21088357 1 0 1706660106
WALL 21088357 1 0 1706660107
WALL 21088357 1 0 1706660108
WALL 21088357 1 0 1706660109
WALL 21088357 1 0 1706660110
WALL 21088357 1 0 1706660111
WALL 21088357 1 0 1706660112
WALL 21088357 1 0 1706660113
WALL 21088357 1 0 1706660114
WALL 21088357 1 0 1706660115
WALL 21088357 1 0 1706660116
WALL 21088357 1 0 1706660117
WALL 21088357 1 0 1706660118
WALL 21088357 1 0 1706660119
WALL 21088357 1 0 1706660120
WALL 21088357 1 0 1706660121
WALL 21088357 1 0 1706660122
WALL 21088357 1 0 1706660123
WALL 21088357 1 0 1706660124
WALL 21088357 1 0 1706660125
WALL 21088357 1 0 1706660126
WALL 21088357 1 0 1706660127
WALL 21088357 1 0 1706660128
WALL 21088357 1 0 1706660129
WALL 21088357 1 0 1706660130
WALL 21088357 1 0 1706660131
WALL 21088357 1 0 1706660132
WALL 21088357 1 0 1706660133
WALL 21088357 1 0 1706660134
WALL 21088357 1 0 1706660135
WALL 21088357 1 0 1706660136
WALL 21088357 1 0 1706660137
WALL 21088357 1 0 1706660138
WALL 21088357 1 0 1706660139
WALL 21088357 1 0 1706660140
WALL 21088357 1 0 1706660141
WALL 21088357 1 0 1706660142
WALL 21088357 1 0 1706660143
WALL 21088357 1 0 1706660144
WALL 21088357 1 0 1706660145
WALL 21088357 1 0 1706660146
WALL 21088357 1 0 1706660147
WALL 21088357 1 0 1706660148
WALL 21088357 1 0 1706660149
WALL 21088357 1 0 1706660150
WALL 21088357 1 0 1706660151
WALL 21088357 1 0 1706660152
WALL 21088357 1 0 1706660153
WALL 21088357 1 0 1706660154
WALL 21088357 1 0 1706660155
WALL 21088357 1 0 1706660156
WALL 21088357 1 0 1706660157
WALL 21088357 1 0 1706660158
WALL 21088357 1 0 1706660159
WALL 21088357 1 0 1706660160
WALL 21088357 1 0 1706660161
WALL 21088357 1 0 1706660162
WALL 21088357 1 0 1706660163
WALL 21088357 1 0 1706660164
WALL 21088357 1 0 1706660165
WALL 21088357 1 0 1706660166
WALL 21088357 1 0 1706660167
WALL 21088357 1 0 1706660168
WALL 21088357 1 0 1706660169
WALL 21088357 1 0 1706660170
WALL 21088357 1 0 1706660171
WALL 21088357 1 0 1706660172
WALL 21088357 1 0 1706660173
WALL 21088357 1 0 1706660174
WALL 21088357 1 0 1706660175
WALL 21088357 1 0 1706660176
WALL 21088357 1 0 1706660177
WALL 21088357 1 0 1706660178
WALL 21088357 1 0 1706660179
WALL 21088357 1 0 1706660180
WALL 21088357 1 0 1706660181
WALL 21088357 1 0 1706660182
WALL 21088357 1 0 1706660183
WALL 21088357 1 0 1706660184
WALL 21088357 1 0 1706660185
WALL 21088357 1 0 1706660186
WALL 21088357 1 0 1706660187
WALL 21088357 1 0 1706660188
WALL 21088357 1 0 1706660189
WALL 21088357 1 0 1706660190
WALL 21088357 1 0 1706660191
WALL 21088357 1 0 1706660192
WALL 21088357 1 0 1706660193
WALL 21088357 1 0 1706660194
WALL 21088357 1 0 1706660195
WALL 21088357 1 0 1706660196
WALL 21088357 1 0 1706660197
WALL 21088357 1 0 1706660198
WALL 21088357 1 0 1706660199
WALL 21088357 1 0 1706660200
WALL 21088357 1 0 1706660201
WALL 21088357 1 0 1706660202
WALL 21088357 1 0 1706660203
WALL 21088357 1 0 1706660204
WALL 21088357 1 0 1706660205
WALL 21088357 1 0 1706660206
WALL 21088357 1 0 1706660207
WALL 21088357 1 0 1706660208
WALL 21088357 1 0 1706660209
WALL 21088357 1 0 1706660210
WALL 21088357 1 0 1706660211
WALL 21088357 1 0 1706660212
WALL 21088357 1 0 1706660213
WALL 21088357 1 0 1706660214
WALL 21088357 1 0 1706660215
WALL 21088357 1 0 1706660216
WALL 21088357 1 0 1706660217
WALL 21088357 1 0 1706660218
WALL 21088357 1 0 1706660219
WALL 21088357 1 0 1706660220
WALL 21088357 1 0 1706660221
WALL 21088357 1 0 1706660222
WALL 21088357 1 0 1706660223
WALL 21088357 1 0 1706660224
WALL 21088357 1 0 1706660225
WALL 21088357 1 0 1706660226
WALL 21088357 1 0 1706660227
WALL 21088357 1 0 1706660228
WALL 21088357 1 0 1706660229
WALL 21088357 1 0 1706660230
WALL 21088357 1 0 1706660231
WALL 21088357 1 0 1706660232
WALL 21088357 1 0 1706660233
WALL 21088357 1 0 1706660234
WALL 21088357 1 0 1706660235
WALL 21088357 1 0 1706660236
WALL 21088357 1 0 1706660237
WALL 21088357 1 0 1706660238
WALL 21088357 1 0 1706660239
WALL 21088357 1 0 1706660240
WALL 21088357 1 0 1706660241
WALL 21088357 1 0 1706660242
WALL 21088357 1 0 1706660243
WALL 21088357 1 0 1706660244
WALL 21088357 1 0 1706660245
WALL 21088357 1 0 1706660246
WALL 21088357 1 0 1706660247
WALL 21088357 1 0 1706660248
WALL 21088357 1 0 1706660249
WALL 21088357 1 0 1706660250
WALL 21088357 1 0 1706660251
WALL 21088357 1 0 1706660252
WALL 21088357 1 0 1706660253
WALL 21088357 1 0 1706660254
WALL 21088357 1 0 1706660255
WALL 21088357 1 0 1706660256
WALL 21088357 1 0 1706660257
WALL 21088357 1 0 1706660258
WALL 21088357 1 0 1706660259
WALL 21088357 1 0 1706660260
WALL 21088357 1 0 1706660261
WALL 21088357 1 0 1706660262
WALL 21088357 1 0 1706660263
WALL 21088357 1 0 1706660264
WALL 21088357 1 0 1706660265
WALL 21088357 1 0 1706660266
WALL 21088357 1 0 1706660267
WALL 21088357 1 0 1706660268
WALL 21088357 1 0 1706660269
WALL 21088357 1 0 1706660270
WALL 21088357 1 0 1706660271
WALL 21088357 1 0 1706660272
WALL 21088357 1 0 1706660273
WALL 21088357 1 0 1706660274
WALL 21088357 1 0 1706660275
WALL 21088357 1 0 1706660276
WALL 21088357 1 0 1706660277
WALL 21088357 1 0 1706660278
WALL 21088357 1 0 1706660279
WALL 21088357 1 0 1706660280
WALL 21088357 1 0 1706660281
WALL 21088357 1 0 1706660282
WALL 21088357 1 0 1706660283
WALL 21088357 1 0 1706660284
WALL 21088357 1 0 1706660285
WALL 21088357 1 0 1706660286
WALL 21088357 1 0 1706660287
WALL 21088357 1 0 1706660288
WALL 21088357 1 0 1706660289
WALL 21088357 1 0 1706660290
WALL 21088357 1 0 1706660291
WALL 21088357 1 0 1706660292
WALL 21088357 1 0 1706660293
WALL 21088357 1 0 1706660294
WALL 21088357 1 0 1706660295
WALL 21088357 1 0 1706660296
WALL 21088357 1 0 1706660297
WALL 21088357 1 0 1706660298
WALL 21088357 1 0 1706660299
WALL 21088357 1 0 1706660300
WALL 21088357 1 0 1706660301
WALL 21088357 1 0 1706660302
WALL 21088357 1 0 1706660303
WALL 21088357 1 0 1706660304
WALL 21088357 1 0 1706660305
WALL 21088357 1 0 1706660306
WALL 21088357 1 0 1706660307
WALL 21088357 1 0 1706660308
WALL 21088357 1 0 1706660309
WALL 21088357 1 0 1706660310
WALL 21088357 1 0 1706660311
WALL 21088357 1 0 1706660312
WALL 21088357 1 0 1706660313
WALL 21088357 1 0 1706660314
WALL 21088357 1 0 1706660315
WALL 21088357 1 0 1706660316
WALL 21088357 1 0 1706660317
WALL 21088357 1 0 1706660318
WALL 21088357 1 0 1706660319
WALL 21088357 1 0 1706660320
WALL 21088357 1 0 1706660321
WALL 21088357 1 0 1706660322
WALL 21088357 1 0 1706660323
WALL 21088357 1 0 1706660324
WALL 21088357 1 0 1706660325
WALL 21088357 1 0 1706660326
WALL 21088357 1 0 1706660327
WALL 21088357 1 0 1706660328
WALL 21088357 1 0 1706660329
WALL 21088357 1 0 1706660330
WALL 21088357 1 0 1706660331
WALL 21088357 1 0 1706660332
WALL 21088357 1 0 1706660333
WALL 21088357 1 0 1706660334
WALL 21088357 1 0 1706660335
WALL 21088357 1 0 1706660336
WALL 21088357 1 0 1706660337
WALL 21088357 1 0 1706660338
WALL 21088357 1 0 1706660339
WALL 21088357 1 0 1706660340
WALL 21088357 1 0 1706660341
WALL 21088357 1 0 1706660342
WALL 21088357 1 0 1706660343
WALL 21088357 1 0 1706660344
WALL 21088357 1 0 1706660345
WALL 21088357 1 0 1706660346
WALL 21088357 1 0 1706660347
WALL 21088357 1 0 1706660348
WALL 21088357 1 0 1706660349
WALL 21088357 1 0 1706660350
WALL 21088357 1 0 1706660351
WALL 21088357 1 0 1706660352
WALL 21088357 1 0 1706660353
WALL 21088357 1 0 1706660354
WALL 21088357 1 0 1706660355
WALL 21088357 1 0 1706660356
WALL 21088357 1 0 1706660357
WALL 21088357 1 0 1706660358
WALL 21088357 1 0 1706660359
WALL 21088357 1 0 1706660360
WALL 21088357 1 0 1706660361
WALL 21088357 1 0 1706660362
WALL 21088357 1 0 1706660363
WALL 21088357 1 0 1706660364
WALL 21088357 1 0 1706660365
WALL 21088357 1 0 1706660366
WALL 21088357 1 0 1706660367
WALL 21088357 1 0 1706660368
WALL 21088357 1 0 1706660369
WALL 21088357 1 0 1706660370
WALL 21088357 1 0 1706660371
WALL 21088357 1 0 1706660372
WALL 21088357 1 0 1706660373
WALL 21088357 1 0 1706660374
WALL 21088357 1 0 1706660375
WALL 21088357 1 0 1706660376
WALL 21088357 1 0 1706660377
WALL 21088357 1 0 1706660378
WALL 21088357 1 0 1706660379
WALL 21088357 1 0 1706660380
WALL 21088357 1 0 1706660381
WALL 21088357 1 0 1706660382
WALL 21088357 1 0 1706660383
WALL 21088357 1 0 1706660384
WALL 21088357 1 0 1706660385
WALL 21088357 1 0 1706660386
WALL 21088357 1 0 1706660387
WALL 21088357 1 0 1706660388
WALL 21088357 1 0 1706660389
WALL 21088357 1 0 1706660390
WALL 21088357 1 0 1706660391
WALL 21088357 1 0 1706660392
WALL 21088357 1 0 1706660393
WALL 21088357 1 0 1706660394
WALL 21088357 1 0 1706660395
WALL 21088357 1 0 1706660396
WALL 21088357 1 0 1706660397
WALL 21088357 1 0 1706660398
WALL 21088357 1 0 1706660399
WALL 21088357 1 0 1706660400
WALL 21088357 1 0 1706660401
WALL 21088357 1 0 1706660402
WALL 21088357 1 0 1706660403
WALL 21088357 1 0 1706660404
WALL 21088357 1 0 1706660405
WALL 21088357 1 0 1706660406
WALL 21088357 1 0 1706660407
WALL 21088357 1 0 1706660408
WALL 21088357 1 0 1706660409
WALL 21088357 1 0 1706660410
WALL 21088357 1 0 1706660411
WALL 21088357 1 0 1706660412
WALL 21088357 1 0 1706660413
WALL 21088357 1 0 1706660414
WALL 21088357 1 0 1706660415
WALL 21088357 1 0 1706660416
WALL 21088357 1 0 1706660417
WALL 21088357 1 0 1706660418
WALL 21088357 1 0 1706660419
WALL 21088357 1 0 1706660420
WALL 21088357 1 0 1706660421
WALL 21088357 1 0 1706660422
WALL 21088357 1 0 1706660423
WALL 21088357 1 0 1706660424
WALL 21088357 1 0 1706660425
WALL 21088357 1 0 1706660426
WALL 21088357 1 0 1706660427
WALL 21088357 1 0 1706660428
WALL 21088357 1 0 1706660429
WALL 21088357 1 0 1706660430
WALL 21088357 1 0 1706660431
WALL 21088357 1 0 1706660432
WALL 21088357 1 0 1706660433
WALL 21088357 1 0 1706660434
WALL 21088357 1 0 1706660435
WALL 21088357 1 0 1706660436
WALL 21088357 1 0 1706660437
WALL 21088357 1 0 1706660438
WALL 21088357 1 0 1706660439
WALL 21088357 1 0 1706660440
WALL 21088357 1 0 1706660441
WALL 21088357 1 0 1706660442
WALL 21088357 1 0 1706660443
WALL 21088357 1 0 1706660444
WALL 21088357 1 0 1706660445
WALL 21088357 1 0 1706660446
WALL 21088357 1 0 1706660447
WALL 21088357 1 0 1706660448
WALL 21088357 1 0 1706660449
WALL 21088357 1 0 1706660450
WALL 21088357 1 0 1706660451
WALL 21088357 1 0 1706660452
WALL 21088357 1 0 1706660453
WALL 21088357 1 0 1706660454
WALL 21088357 1 0 1706660455
WALL 21088357 1 0 1706660456
WALL 21088357 1 0 1706660457
WALL 21088357 1 0 1706660458
WALL 21088357 1 0 1706660459
WALL 21088357 1 0 1706660460
WALL 21088357 1 0 1706660461
WALL 21088357 1 0 1706660462
WALL 21088357 1 0 1706660463
WALL 21088357 1 0 1706660464
WALL 21088357 1 0 1706660465
WALL 21088357 1 0 1706660466
WALL 21088357 1 0 1706660467
WALL 21088357 1 0 1706660468
WALL 21088357 1 0 1706660469
WALL 21088357 1 0 1706660470
WALL 21088357 1 0 1706660471
WALL 21088357 1 0 1706660472
WALL 21088357 1 0 1706660473
WALL 21088357 1 0 1706660474
WALL 21088357 1 0 1706660475
WALL 21088357 1 0 1706660476
WALL 21088357 1 0 1706660477
WALL 21088357 1 0 1706660478
WALL 21088357 1 0 1706660479
WALL 21088357 1 0 1706660480
WALL 21088357 1 0 1706660481
WALL 21088357 1 0 1706660482
WALL 21088357 1 0 1706660483
WALL 21088357 1 0 1706660484
WALL 21088357 1 0 1706660485
WALL 21088357 1 0 1706660486
WALL 21088357 1 0 1706660487
WALL 21088357 1 0 1706660488
WALL 21088357 1 0 1706660489
WALL 21088357 1 0 1706660490
WALL 21088357 1 0 1706660491
WALL 21088357 1 0 1706660492
received SIGCONT 1706660493
WALL 21088357 1 0 1706660493
slurmstepd: error: *** STEP 21088357.0 ON nid200050 CANCELLED AT 2024-01-31T00:21:33 ***
received SIGTERM 1706660493
WALL 21088357 1 0 1706660493
WALL 21088357 1 0 1706660494
WALL 21088357 1 0 1706660495
WALL 21088357 1 0 1706660496
WALL 21088357 1 0 1706660497
WALL 21088357 1 0 1706660498
WALL 21088357 1 0 1706660499
WALL 21088357 1 0 1706660500
WALL 21088357 1 0 1706660501
WALL 21088357 1 0 1706660502
WALL 21088357 1 0 1706660503
WALL 21088357 1 0 1706660504
WALL 21088357 1 0 1706660505
WALL 21088357 1 0 1706660506
WALL 21088357 1 0 1706660507
WALL 21088357 1 0 1706660508
WALL 21088357 1 0 1706660509
WALL 21088357 1 0 1706660510
WALL 21088357 1 0 1706660511
WALL 21088357 1 0 1706660512
WALL 21088357 1 0 1706660513
WALL 21088357 1 0 1706660514
WALL 21088357 1 0 1706660515
WALL 21088357 1 0 1706660516
WALL 21088357 1 0 1706660517
WALL 21088357 1 0 1706660518
WALL 21088357 1 0 1706660519
WALL 21088357 1 0 1706660520
WALL 21088357 1 0 1706660521
WALL 21088357 1 0 1706660522
WALL 21088357 1 0 1706660523
WALL 21088357 1 0 1706660524
WALL 21088357 1 0 1706660525
WALL 21088357 1 0 1706660526
WALL 21088357 1 0 1706660527
WALL 21088357 1 0 1706660528
WALL 21088357 1 0 1706660529
WALL 21088357 1 0 1706660530
WALL 21088357 1 0 1706660531
WALL 21088357 1 0 1706660532
WALL 21088357 1 0 1706660533
WALL 21088357 1 0 1706660534
WALL 21088357 1 0 1706660535
WALL 21088357 1 0 1706660536
WALL 21088357 1 0 1706660537
WALL 21088357 1 0 1706660538
WALL 21088357 1 0 1706660539
WALL 21088357 1 0 1706660540
WALL 21088357 1 0 1706660541
WALL 21088357 1 0 1706660542
WALL 21088357 1 0 1706660543
WALL 21088357 1 0 1706660544
WALL 21088357 1 0 1706660545
WALL 21088357 1 0 1706660546
WALL 21088357 1 0 1706660547
WALL 21088357 1 0 1706660548
WALL 21088357 1 0 1706660549
WALL 21088357 1 0 1706660550
WALL 21088357 1 0 1706660551
WALL 21088357 1 0 1706660552
WALL 21088357 1 0 1706660553
WALL 21088357 1 0 1706660554
WALL 21088357 1 0 1706660555
WALL 21088357 1 0 1706660556
WALL 21088357 1 0 1706660557
WALL 21088357 1 0 1706660558
WALL 21088357 1 0 1706660559
WALL 21088357 1 0 1706660560
WALL 21088357 1 0 1706660561
WALL 21088357 1 0 1706660562
WALL 21088357 1 0 1706660563
WALL 21088357 1 0 1706660564
WALL 21088357 1 0 1706660565
WALL 21088357 1 0 1706660566
WALL 21088357 1 0 1706660567
WALL 21088357 1 0 1706660568
WALL 21088357 1 0 1706660569
WALL 21088357 1 0 1706660570
WALL 21088357 1 0 1706660571
WALL 21088357 1 0 1706660572
WALL 21088357 1 0 1706660573
WALL 21088357 1 0 1706660574
WALL 21088357 1 0 1706660575
WALL 21088357 1 0 1706660576
WALL 21088357 1 0 1706660577
WALL 21088357 1 0 1706660578
WALL 21088357 1 0 1706660579
WALL 21088357 1 0 1706660580
WALL 21088357 1 0 1706660581
WALL 21088357 1 0 1706660582
slurmstepd: error: *** JOB 21088357 ON nid200050 CANCELLED AT 2024-01-31T00:23:02 DUE TO PREEMPTION ***
received SIGTERM 1706660582
WALL 21088357 1 0 1706660582
received SIGCONT 1706660582
WALL 21088357 1 0 1706660582
received SIGTERM 1706660582
WALL 21088357 1 0 1706660582
