WALL 21153576 1 0 1706742864
WALL 21153576 1 0 1706742865
WALL 21153576 1 0 1706742866
WALL 21153576 1 0 1706742867
WALL 21153576 1 0 1706742868
WALL 21153576 1 0 1706742869
WALL 21153576 1 0 1706742870
WALL 21153576 1 0 1706742871
WALL 21153576 1 0 1706742872
WALL 21153576 1 0 1706742873
WALL 21153576 1 0 1706742874
WALL 21153576 1 0 1706742875
WALL 21153576 1 0 1706742876
WALL 21153576 1 0 1706742877
WALL 21153576 1 0 1706742878
WALL 21153576 1 0 1706742879
WALL 21153576 1 0 1706742880
WALL 21153576 1 0 1706742881
WALL 21153576 1 0 1706742882
WALL 21153576 1 0 1706742883
WALL 21153576 1 0 1706742884
WALL 21153576 1 0 1706742885
WALL 21153576 1 0 1706742886
WALL 21153576 1 0 1706742887
WALL 21153576 1 0 1706742888
WALL 21153576 1 0 1706742889
WALL 21153576 1 0 1706742890
WALL 21153576 1 0 1706742891
WALL 21153576 1 0 1706742892
WALL 21153576 1 0 1706742893
WALL 21153576 1 0 1706742894
WALL 21153576 1 0 1706742895
WALL 21153576 1 0 1706742896
WALL 21153576 1 0 1706742897
WALL 21153576 1 0 1706742898
WALL 21153576 1 0 1706742899
WALL 21153576 1 0 1706742900
WALL 21153576 1 0 1706742901
WALL 21153576 1 0 1706742902
WALL 21153576 1 0 1706742903
WALL 21153576 1 0 1706742904
WALL 21153576 1 0 1706742905
WALL 21153576 1 0 1706742906
WALL 21153576 1 0 1706742907
WALL 21153576 1 0 1706742908
WALL 21153576 1 0 1706742909
WALL 21153576 1 0 1706742910
WALL 21153576 1 0 1706742911
WALL 21153576 1 0 1706742912
WALL 21153576 1 0 1706742913
WALL 21153576 1 0 1706742914
WALL 21153576 1 0 1706742915
WALL 21153576 1 0 1706742916
WALL 21153576 1 0 1706742917
WALL 21153576 1 0 1706742918
WALL 21153576 1 0 1706742919
WALL 21153576 1 0 1706742920
WALL 21153576 1 0 1706742921
WALL 21153576 1 0 1706742922
WALL 21153576 1 0 1706742923
WALL 21153576 1 0 1706742924
WALL 21153576 1 0 1706742925
WALL 21153576 1 0 1706742926
WALL 21153576 1 0 1706742927
WALL 21153576 1 0 1706742928
WALL 21153576 1 0 1706742929
WALL 21153576 1 0 1706742930
WALL 21153576 1 0 1706742931
WALL 21153576 1 0 1706742932
WALL 21153576 1 0 1706742933
WALL 21153576 1 0 1706742934
WALL 21153576 1 0 1706742935
WALL 21153576 1 0 1706742936
WALL 21153576 1 0 1706742937
WALL 21153576 1 0 1706742938
WALL 21153576 1 0 1706742939
WALL 21153576 1 0 1706742940
WALL 21153576 1 0 1706742941
WALL 21153576 1 0 1706742942
WALL 21153576 1 0 1706742943
WALL 21153576 1 0 1706742944
WALL 21153576 1 0 1706742945
WALL 21153576 1 0 1706742946
WALL 21153576 1 0 1706742947
WALL 21153576 1 0 1706742948
WALL 21153576 1 0 1706742949
WALL 21153576 1 0 1706742950
WALL 21153576 1 0 1706742951
WALL 21153576 1 0 1706742952
WALL 21153576 1 0 1706742953
WALL 21153576 1 0 1706742954
WALL 21153576 1 0 1706742955
WALL 21153576 1 0 1706742956
WALL 21153576 1 0 1706742957
WALL 21153576 1 0 1706742958
WALL 21153576 1 0 1706742959
WALL 21153576 1 0 1706742960
WALL 21153576 1 0 1706742961
WALL 21153576 1 0 1706742962
WALL 21153576 1 0 1706742963
WALL 21153576 1 0 1706742964
WALL 21153576 1 0 1706742965
WALL 21153576 1 0 1706742966
WALL 21153576 1 0 1706742967
WALL 21153576 1 0 1706742968
WALL 21153576 1 0 1706742969
WALL 21153576 1 0 1706742970
WALL 21153576 1 0 1706742971
WALL 21153576 1 0 1706742972
WALL 21153576 1 0 1706742973
WALL 21153576 1 0 1706742974
WALL 21153576 1 0 1706742975
WALL 21153576 1 0 1706742976
WALL 21153576 1 0 1706742977
WALL 21153576 1 0 1706742978
WALL 21153576 1 0 1706742979
WALL 21153576 1 0 1706742980
WALL 21153576 1 0 1706742981
WALL 21153576 1 0 1706742982
WALL 21153576 1 0 1706742983
WALL 21153576 1 0 1706742984
WALL 21153576 1 0 1706742985
WALL 21153576 1 0 1706742986
WALL 21153576 1 0 1706742987
WALL 21153576 1 0 1706742988
WALL 21153576 1 0 1706742989
WALL 21153576 1 0 1706742990
WALL 21153576 1 0 1706742991
WALL 21153576 1 0 1706742992
WALL 21153576 1 0 1706742993
WALL 21153576 1 0 1706742994
WALL 21153576 1 0 1706742995
WALL 21153576 1 0 1706742996
WALL 21153576 1 0 1706742997
WALL 21153576 1 0 1706742998
WALL 21153576 1 0 1706742999
WALL 21153576 1 0 1706743000
WALL 21153576 1 0 1706743001
WALL 21153576 1 0 1706743002
WALL 21153576 1 0 1706743003
WALL 21153576 1 0 1706743004
WALL 21153576 1 0 1706743005
WALL 21153576 1 0 1706743006
WALL 21153576 1 0 1706743007
WALL 21153576 1 0 1706743008
WALL 21153576 1 0 1706743009
WALL 21153576 1 0 1706743010
WALL 21153576 1 0 1706743011
WALL 21153576 1 0 1706743012
WALL 21153576 1 0 1706743013
WALL 21153576 1 0 1706743014
WALL 21153576 1 0 1706743015
WALL 21153576 1 0 1706743016
WALL 21153576 1 0 1706743017
WALL 21153576 1 0 1706743018
WALL 21153576 1 0 1706743019
WALL 21153576 1 0 1706743020
WALL 21153576 1 0 1706743021
WALL 21153576 1 0 1706743022
WALL 21153576 1 0 1706743023
WALL 21153576 1 0 1706743024
WALL 21153576 1 0 1706743025
WALL 21153576 1 0 1706743026
WALL 21153576 1 0 1706743027
WALL 21153576 1 0 1706743028
WALL 21153576 1 0 1706743029
WALL 21153576 1 0 1706743030
WALL 21153576 1 0 1706743031
WALL 21153576 1 0 1706743032
WALL 21153576 1 0 1706743033
WALL 21153576 1 0 1706743034
WALL 21153576 1 0 1706743035
WALL 21153576 1 0 1706743036
WALL 21153576 1 0 1706743037
WALL 21153576 1 0 1706743038
WALL 21153576 1 0 1706743039
WALL 21153576 1 0 1706743040
WALL 21153576 1 0 1706743041
WALL 21153576 1 0 1706743042
WALL 21153576 1 0 1706743043
WALL 21153576 1 0 1706743044
WALL 21153576 1 0 1706743045
WALL 21153576 1 0 1706743046
WALL 21153576 1 0 1706743047
WALL 21153576 1 0 1706743048
WALL 21153576 1 0 1706743049
WALL 21153576 1 0 1706743050
WALL 21153576 1 0 1706743051
WALL 21153576 1 0 1706743052
WALL 21153576 1 0 1706743053
WALL 21153576 1 0 1706743054
WALL 21153576 1 0 1706743055
WALL 21153576 1 0 1706743056
WALL 21153576 1 0 1706743057
WALL 21153576 1 0 1706743058
WALL 21153576 1 0 1706743059
WALL 21153576 1 0 1706743060
WALL 21153576 1 0 1706743061
WALL 21153576 1 0 1706743062
WALL 21153576 1 0 1706743063
WALL 21153576 1 0 1706743064
WALL 21153576 1 0 1706743065
WALL 21153576 1 0 1706743066
WALL 21153576 1 0 1706743067
WALL 21153576 1 0 1706743068
WALL 21153576 1 0 1706743069
WALL 21153576 1 0 1706743070
WALL 21153576 1 0 1706743071
WALL 21153576 1 0 1706743072
WALL 21153576 1 0 1706743073
WALL 21153576 1 0 1706743074
WALL 21153576 1 0 1706743075
WALL 21153576 1 0 1706743076
WALL 21153576 1 0 1706743077
WALL 21153576 1 0 1706743078
WALL 21153576 1 0 1706743079
WALL 21153576 1 0 1706743080
WALL 21153576 1 0 1706743081
WALL 21153576 1 0 1706743082
WALL 21153576 1 0 1706743083
WALL 21153576 1 0 1706743084
WALL 21153576 1 0 1706743085
WALL 21153576 1 0 1706743086
WALL 21153576 1 0 1706743087
WALL 21153576 1 0 1706743088
WALL 21153576 1 0 1706743089
WALL 21153576 1 0 1706743090
WALL 21153576 1 0 1706743091
WALL 21153576 1 0 1706743092
WALL 21153576 1 0 1706743093
received SIGCONT 1706743094
WALL 21153576 1 0 1706743094
slurmstepd: error: *** STEP 21153576.0 ON nid200024 CANCELLED AT 2024-01-31T23:18:14 ***
received SIGTERM 1706743094
WALL 21153576 1 0 1706743094
WALL 21153576 1 0 1706743095
WALL 21153576 1 0 1706743096
WALL 21153576 1 0 1706743097
WALL 21153576 1 0 1706743098
WALL 21153576 1 0 1706743099
WALL 21153576 1 0 1706743100
WALL 21153576 1 0 1706743101
WALL 21153576 1 0 1706743102
WALL 21153576 1 0 1706743103
WALL 21153576 1 0 1706743104
WALL 21153576 1 0 1706743105
WALL 21153576 1 0 1706743106
WALL 21153576 1 0 1706743107
WALL 21153576 1 0 1706743108
WALL 21153576 1 0 1706743109
WALL 21153576 1 0 1706743110
WALL 21153576 1 0 1706743111
WALL 21153576 1 0 1706743112
WALL 21153576 1 0 1706743113
WALL 21153576 1 0 1706743114
WALL 21153576 1 0 1706743115
WALL 21153576 1 0 1706743116
WALL 21153576 1 0 1706743117
WALL 21153576 1 0 1706743118
WALL 21153576 1 0 1706743119
WALL 21153576 1 0 1706743120
WALL 21153576 1 0 1706743121
WALL 21153576 1 0 1706743122
WALL 21153576 1 0 1706743123
WALL 21153576 1 0 1706743124
WALL 21153576 1 0 1706743125
WALL 21153576 1 0 1706743126
WALL 21153576 1 0 1706743127
WALL 21153576 1 0 1706743128
WALL 21153576 1 0 1706743129
WALL 21153576 1 0 1706743130
WALL 21153576 1 0 1706743131
WALL 21153576 1 0 1706743132
WALL 21153576 1 0 1706743133
WALL 21153576 1 0 1706743134
WALL 21153576 1 0 1706743135
WALL 21153576 1 0 1706743136
WALL 21153576 1 0 1706743137
WALL 21153576 1 0 1706743138
WALL 21153576 1 0 1706743139
WALL 21153576 1 0 1706743140
WALL 21153576 1 0 1706743141
WALL 21153576 1 0 1706743142
WALL 21153576 1 0 1706743143
WALL 21153576 1 0 1706743144
WALL 21153576 1 0 1706743145
WALL 21153576 1 0 1706743146
WALL 21153576 1 0 1706743147
WALL 21153576 1 0 1706743148
WALL 21153576 1 0 1706743149
WALL 21153576 1 0 1706743150
WALL 21153576 1 0 1706743151
WALL 21153576 1 0 1706743152
WALL 21153576 1 0 1706743153
WALL 21153576 1 0 1706743154
WALL 21153576 1 0 1706743155
WALL 21153576 1 0 1706743156
WALL 21153576 1 0 1706743157
WALL 21153576 1 0 1706743158
WALL 21153576 1 0 1706743159
WALL 21153576 1 0 1706743160
WALL 21153576 1 0 1706743161
WALL 21153576 1 0 1706743162
WALL 21153576 1 0 1706743163
WALL 21153576 1 0 1706743164
WALL 21153576 1 0 1706743165
WALL 21153576 1 0 1706743166
WALL 21153576 1 0 1706743167
WALL 21153576 1 0 1706743168
WALL 21153576 1 0 1706743169
WALL 21153576 1 0 1706743170
WALL 21153576 1 0 1706743171
WALL 21153576 1 0 1706743172
WALL 21153576 1 0 1706743173
WALL 21153576 1 0 1706743174
WALL 21153576 1 0 1706743175
slurmstepd: error: *** JOB 21153576 ON nid200024 CANCELLED AT 2024-01-31T23:19:35 DUE TO PREEMPTION ***
received SIGTERM 1706743175
WALL 21153576 1 0 1706743175
received SIGCONT 1706743175
WALL 21153576 1 0 1706743175
received SIGTERM 1706743175
WALL 21153576 1 0 1706743175
srun: Job step aborted: Waiting up to 32 seconds for job step to finish.
