WALL 21150837 1 0 1706739456
WALL 21150837 1 0 1706739457
WALL 21150837 1 0 1706739458
WALL 21150837 1 0 1706739459
WALL 21150837 1 0 1706739460
WALL 21150837 1 0 1706739461
WALL 21150837 1 0 1706739462
WALL 21150837 1 0 1706739463
WALL 21150837 1 0 1706739464
WALL 21150837 1 0 1706739465
WALL 21150837 1 0 1706739466
WALL 21150837 1 0 1706739467
WALL 21150837 1 0 1706739468
WALL 21150837 1 0 1706739469
WALL 21150837 1 0 1706739470
WALL 21150837 1 0 1706739471
WALL 21150837 1 0 1706739472
WALL 21150837 1 0 1706739473
WALL 21150837 1 0 1706739474
WALL 21150837 1 0 1706739475
WALL 21150837 1 0 1706739476
WALL 21150837 1 0 1706739477
WALL 21150837 1 0 1706739478
WALL 21150837 1 0 1706739479
WALL 21150837 1 0 1706739480
WALL 21150837 1 0 1706739481
WALL 21150837 1 0 1706739482
WALL 21150837 1 0 1706739483
WALL 21150837 1 0 1706739484
WALL 21150837 1 0 1706739485
WALL 21150837 1 0 1706739486
WALL 21150837 1 0 1706739487
WALL 21150837 1 0 1706739488
WALL 21150837 1 0 1706739489
WALL 21150837 1 0 1706739490
WALL 21150837 1 0 1706739491
WALL 21150837 1 0 1706739492
WALL 21150837 1 0 1706739493
WALL 21150837 1 0 1706739494
WALL 21150837 1 0 1706739495
WALL 21150837 1 0 1706739496
WALL 21150837 1 0 1706739497
WALL 21150837 1 0 1706739498
WALL 21150837 1 0 1706739499
WALL 21150837 1 0 1706739500
WALL 21150837 1 0 1706739501
WALL 21150837 1 0 1706739502
WALL 21150837 1 0 1706739503
WALL 21150837 1 0 1706739504
WALL 21150837 1 0 1706739505
WALL 21150837 1 0 1706739506
WALL 21150837 1 0 1706739507
WALL 21150837 1 0 1706739508
WALL 21150837 1 0 1706739509
WALL 21150837 1 0 1706739510
WALL 21150837 1 0 1706739511
WALL 21150837 1 0 1706739512
WALL 21150837 1 0 1706739513
WALL 21150837 1 0 1706739514
WALL 21150837 1 0 1706739515
WALL 21150837 1 0 1706739516
WALL 21150837 1 0 1706739517
WALL 21150837 1 0 1706739518
WALL 21150837 1 0 1706739519
WALL 21150837 1 0 1706739520
WALL 21150837 1 0 1706739521
WALL 21150837 1 0 1706739522
WALL 21150837 1 0 1706739523
WALL 21150837 1 0 1706739524
WALL 21150837 1 0 1706739525
WALL 21150837 1 0 1706739526
WALL 21150837 1 0 1706739527
WALL 21150837 1 0 1706739528
WALL 21150837 1 0 1706739529
WALL 21150837 1 0 1706739530
WALL 21150837 1 0 1706739531
WALL 21150837 1 0 1706739532
WALL 21150837 1 0 1706739533
WALL 21150837 1 0 1706739534
WALL 21150837 1 0 1706739535
WALL 21150837 1 0 1706739536
WALL 21150837 1 0 1706739537
WALL 21150837 1 0 1706739538
WALL 21150837 1 0 1706739539
WALL 21150837 1 0 1706739540
WALL 21150837 1 0 1706739541
WALL 21150837 1 0 1706739542
WALL 21150837 1 0 1706739543
WALL 21150837 1 0 1706739544
WALL 21150837 1 0 1706739545
WALL 21150837 1 0 1706739546
WALL 21150837 1 0 1706739547
WALL 21150837 1 0 1706739548
WALL 21150837 1 0 1706739549
WALL 21150837 1 0 1706739550
WALL 21150837 1 0 1706739551
WALL 21150837 1 0 1706739552
WALL 21150837 1 0 1706739553
WALL 21150837 1 0 1706739554
WALL 21150837 1 0 1706739555
WALL 21150837 1 0 1706739556
WALL 21150837 1 0 1706739557
WALL 21150837 1 0 1706739558
WALL 21150837 1 0 1706739559
WALL 21150837 1 0 1706739560
WALL 21150837 1 0 1706739561
WALL 21150837 1 0 1706739562
WALL 21150837 1 0 1706739563
WALL 21150837 1 0 1706739564
WALL 21150837 1 0 1706739565
WALL 21150837 1 0 1706739566
WALL 21150837 1 0 1706739567
WALL 21150837 1 0 1706739568
WALL 21150837 1 0 1706739569
WALL 21150837 1 0 1706739570
WALL 21150837 1 0 1706739571
WALL 21150837 1 0 1706739572
WALL 21150837 1 0 1706739573
WALL 21150837 1 0 1706739574
WALL 21150837 1 0 1706739575
WALL 21150837 1 0 1706739576
WALL 21150837 1 0 1706739577
WALL 21150837 1 0 1706739578
WALL 21150837 1 0 1706739579
WALL 21150837 1 0 1706739580
WALL 21150837 1 0 1706739581
WALL 21150837 1 0 1706739582
WALL 21150837 1 0 1706739583
WALL 21150837 1 0 1706739584
WALL 21150837 1 0 1706739585
WALL 21150837 1 0 1706739586
WALL 21150837 1 0 1706739587
WALL 21150837 1 0 1706739588
WALL 21150837 1 0 1706739589
WALL 21150837 1 0 1706739590
WALL 21150837 1 0 1706739591
WALL 21150837 1 0 1706739592
WALL 21150837 1 0 1706739593
WALL 21150837 1 0 1706739594
WALL 21150837 1 0 1706739595
WALL 21150837 1 0 1706739596
WALL 21150837 1 0 1706739597
WALL 21150837 1 0 1706739598
WALL 21150837 1 0 1706739599
WALL 21150837 1 0 1706739600
WALL 21150837 1 0 1706739601
WALL 21150837 1 0 1706739602
WALL 21150837 1 0 1706739603
WALL 21150837 1 0 1706739604
WALL 21150837 1 0 1706739605
WALL 21150837 1 0 1706739606
WALL 21150837 1 0 1706739607
WALL 21150837 1 0 1706739608
WALL 21150837 1 0 1706739609
WALL 21150837 1 0 1706739610
WALL 21150837 1 0 1706739611
WALL 21150837 1 0 1706739612
WALL 21150837 1 0 1706739613
WALL 21150837 1 0 1706739614
WALL 21150837 1 0 1706739615
received SIGCONT 1706739615
WALL 21150837 1 0 1706739615
slurmstepd: error: *** STEP 21150837.0 ON nid200027 CANCELLED AT 2024-01-31T22:20:15 ***
received SIGTERM 1706739615
WALL 21150837 1 0 1706739615
WALL 21150837 1 0 1706739616
WALL 21150837 1 0 1706739617
WALL 21150837 1 0 1706739618
WALL 21150837 1 0 1706739619
WALL 21150837 1 0 1706739620
WALL 21150837 1 0 1706739621
WALL 21150837 1 0 1706739622
WALL 21150837 1 0 1706739623
WALL 21150837 1 0 1706739624
WALL 21150837 1 0 1706739625
WALL 21150837 1 0 1706739626
WALL 21150837 1 0 1706739627
WALL 21150837 1 0 1706739628
WALL 21150837 1 0 1706739629
WALL 21150837 1 0 1706739630
WALL 21150837 1 0 1706739631
WALL 21150837 1 0 1706739632
WALL 21150837 1 0 1706739633
WALL 21150837 1 0 1706739634
WALL 21150837 1 0 1706739635
WALL 21150837 1 0 1706739636
WALL 21150837 1 0 1706739637
WALL 21150837 1 0 1706739638
WALL 21150837 1 0 1706739639
WALL 21150837 1 0 1706739640
WALL 21150837 1 0 1706739641
WALL 21150837 1 0 1706739642
WALL 21150837 1 0 1706739643
WALL 21150837 1 0 1706739644
WALL 21150837 1 0 1706739645
WALL 21150837 1 0 1706739646
WALL 21150837 1 0 1706739647
WALL 21150837 1 0 1706739648
WALL 21150837 1 0 1706739649
WALL 21150837 1 0 1706739650
WALL 21150837 1 0 1706739651
WALL 21150837 1 0 1706739652
WALL 21150837 1 0 1706739653
WALL 21150837 1 0 1706739654
WALL 21150837 1 0 1706739655
WALL 21150837 1 0 1706739656
WALL 21150837 1 0 1706739657
WALL 21150837 1 0 1706739658
WALL 21150837 1 0 1706739659
WALL 21150837 1 0 1706739660
WALL 21150837 1 0 1706739661
WALL 21150837 1 0 1706739662
WALL 21150837 1 0 1706739663
WALL 21150837 1 0 1706739664
WALL 21150837 1 0 1706739665
WALL 21150837 1 0 1706739666
WALL 21150837 1 0 1706739667
WALL 21150837 1 0 1706739668
WALL 21150837 1 0 1706739669
WALL 21150837 1 0 1706739670
WALL 21150837 1 0 1706739671
WALL 21150837 1 0 1706739672
WALL 21150837 1 0 1706739673
WALL 21150837 1 0 1706739674
WALL 21150837 1 0 1706739675
WALL 21150837 1 0 1706739676
WALL 21150837 1 0 1706739677
WALL 21150837 1 0 1706739678
WALL 21150837 1 0 1706739679
WALL 21150837 1 0 1706739680
WALL 21150837 1 0 1706739681
WALL 21150837 1 0 1706739682
WALL 21150837 1 0 1706739683
WALL 21150837 1 0 1706739684
WALL 21150837 1 0 1706739685
WALL 21150837 1 0 1706739686
WALL 21150837 1 0 1706739687
WALL 21150837 1 0 1706739688
WALL 21150837 1 0 1706739689
WALL 21150837 1 0 1706739690
WALL 21150837 1 0 1706739691
WALL 21150837 1 0 1706739692
WALL 21150837 1 0 1706739693
WALL 21150837 1 0 1706739694
WALL 21150837 1 0 1706739695
WALL 21150837 1 0 1706739696
WALL 21150837 1 0 1706739697
slurmstepd: error: *** JOB 21150837 ON nid200027 CANCELLED AT 2024-01-31T22:21:38 DUE TO PREEMPTION ***
received SIGTERM 1706739698
WALL 21150837 1 0 1706739698
received SIGCONT 1706739698
