srun: warning: can't run 1 processes on 2 nodes, setting nnodes to 1
WALL 21202783 1 0 1706817534
WALL 21202783 1 0 1706817535
WALL 21202783 1 0 1706817536
WALL 21202783 1 0 1706817537
WALL 21202783 1 0 1706817538
WALL 21202783 1 0 1706817539
WALL 21202783 1 0 1706817540
WALL 21202783 1 0 1706817541
WALL 21202783 1 0 1706817542
WALL 21202783 1 0 1706817543
WALL 21202783 1 0 1706817544
WALL 21202783 1 0 1706817545
WALL 21202783 1 0 1706817546
WALL 21202783 1 0 1706817547
WALL 21202783 1 0 1706817548
WALL 21202783 1 0 1706817549
WALL 21202783 1 0 1706817550
WALL 21202783 1 0 1706817551
WALL 21202783 1 0 1706817552
WALL 21202783 1 0 1706817553
WALL 21202783 1 0 1706817554
WALL 21202783 1 0 1706817555
WALL 21202783 1 0 1706817556
WALL 21202783 1 0 1706817557
WALL 21202783 1 0 1706817558
WALL 21202783 1 0 1706817559
WALL 21202783 1 0 1706817560
WALL 21202783 1 0 1706817561
WALL 21202783 1 0 1706817562
WALL 21202783 1 0 1706817563
WALL 21202783 1 0 1706817564
WALL 21202783 1 0 1706817565
WALL 21202783 1 0 1706817566
WALL 21202783 1 0 1706817567
WALL 21202783 1 0 1706817568
WALL 21202783 1 0 1706817569
WALL 21202783 1 0 1706817570
WALL 21202783 1 0 1706817571
WALL 21202783 1 0 1706817572
WALL 21202783 1 0 1706817573
WALL 21202783 1 0 1706817574
WALL 21202783 1 0 1706817575
WALL 21202783 1 0 1706817576
WALL 21202783 1 0 1706817577
WALL 21202783 1 0 1706817578
WALL 21202783 1 0 1706817579
WALL 21202783 1 0 1706817580
WALL 21202783 1 0 1706817581
WALL 21202783 1 0 1706817582
WALL 21202783 1 0 1706817583
WALL 21202783 1 0 1706817584
WALL 21202783 1 0 1706817585
WALL 21202783 1 0 1706817586
WALL 21202783 1 0 1706817587
WALL 21202783 1 0 1706817588
WALL 21202783 1 0 1706817589
WALL 21202783 1 0 1706817590
WALL 21202783 1 0 1706817591
WALL 21202783 1 0 1706817592
WALL 21202783 1 0 1706817593
WALL 21202783 1 0 1706817594
WALL 21202783 1 0 1706817595
WALL 21202783 1 0 1706817596
WALL 21202783 1 0 1706817597
WALL 21202783 1 0 1706817598
WALL 21202783 1 0 1706817599
WALL 21202783 1 0 1706817600
WALL 21202783 1 0 1706817601
WALL 21202783 1 0 1706817602
WALL 21202783 1 0 1706817603
WALL 21202783 1 0 1706817604
WALL 21202783 1 0 1706817605
WALL 21202783 1 0 1706817606
WALL 21202783 1 0 1706817607
slurmstepd: error: *** STEP 21202783.0 ON nid200010 CANCELLED AT 2024-02-01T20:00:07 DUE TO PREEMPTION ***
slurmstepd: error: *** JOB 21202783 ON nid200010 CANCELLED AT 2024-02-01T20:00:07 DUE TO PREEMPTION ***
received SIGTERM 1706817607
WALL 21202783 1 0 1706817607
received SIGCONT 1706817607
WALL 21202783 1 0 1706817607
received SIGTERM 1706817607
WALL 21202783 1 0 1706817607
