srun: warning: can't run 1 processes on 2 nodes, setting nnodes to 1
WALL 21209551 1 0 1706824525
WALL 21209551 1 0 1706824526
WALL 21209551 1 0 1706824527
WALL 21209551 1 0 1706824528
WALL 21209551 1 0 1706824529
WALL 21209551 1 0 1706824530
WALL 21209551 1 0 1706824531
WALL 21209551 1 0 1706824532
WALL 21209551 1 0 1706824533
WALL 21209551 1 0 1706824534
WALL 21209551 1 0 1706824535
WALL 21209551 1 0 1706824536
WALL 21209551 1 0 1706824537
WALL 21209551 1 0 1706824538
WALL 21209551 1 0 1706824539
WALL 21209551 1 0 1706824540
WALL 21209551 1 0 1706824541
WALL 21209551 1 0 1706824542
WALL 21209551 1 0 1706824543
WALL 21209551 1 0 1706824544
WALL 21209551 1 0 1706824545
WALL 21209551 1 0 1706824546
WALL 21209551 1 0 1706824547
WALL 21209551 1 0 1706824548
WALL 21209551 1 0 1706824549
WALL 21209551 1 0 1706824550
WALL 21209551 1 0 1706824551
WALL 21209551 1 0 1706824552
WALL 21209551 1 0 1706824553
WALL 21209551 1 0 1706824554
WALL 21209551 1 0 1706824555
WALL 21209551 1 0 1706824556
WALL 21209551 1 0 1706824557
WALL 21209551 1 0 1706824558
WALL 21209551 1 0 1706824559
WALL 21209551 1 0 1706824560
WALL 21209551 1 0 1706824561
WALL 21209551 1 0 1706824562
WALL 21209551 1 0 1706824563
WALL 21209551 1 0 1706824564
WALL 21209551 1 0 1706824565
WALL 21209551 1 0 1706824566
WALL 21209551 1 0 1706824567
WALL 21209551 1 0 1706824568
WALL 21209551 1 0 1706824569
WALL 21209551 1 0 1706824570
WALL 21209551 1 0 1706824571
WALL 21209551 1 0 1706824572
WALL 21209551 1 0 1706824573
WALL 21209551 1 0 1706824574
WALL 21209551 1 0 1706824575
WALL 21209551 1 0 1706824576
WALL 21209551 1 0 1706824577
WALL 21209551 1 0 1706824578
WALL 21209551 1 0 1706824579
WALL 21209551 1 0 1706824580
WALL 21209551 1 0 1706824581
WALL 21209551 1 0 1706824582
WALL 21209551 1 0 1706824583
WALL 21209551 1 0 1706824584
WALL 21209551 1 0 1706824585
WALL 21209551 1 0 1706824586
WALL 21209551 1 0 1706824587
WALL 21209551 1 0 1706824588
WALL 21209551 1 0 1706824589
WALL 21209551 1 0 1706824590
WALL 21209551 1 0 1706824591
WALL 21209551 1 0 1706824592
WALL 21209551 1 0 1706824593
WALL 21209551 1 0 1706824594
WALL 21209551 1 0 1706824595
WALL 21209551 1 0 1706824596
WALL 21209551 1 0 1706824597
WALL 21209551 1 0 1706824598
WALL 21209551 1 0 1706824599
WALL 21209551 1 0 1706824600
WALL 21209551 1 0 1706824601
WALL 21209551 1 0 1706824602
WALL 21209551 1 0 1706824603
WALL 21209551 1 0 1706824604
WALL 21209551 1 0 1706824605
WALL 21209551 1 0 1706824606
WALL 21209551 1 0 1706824607
WALL 21209551 1 0 1706824608
WALL 21209551 1 0 1706824609
WALL 21209551 1 0 1706824610
WALL 21209551 1 0 1706824611
WALL 21209551 1 0 1706824612
WALL 21209551 1 0 1706824613
WALL 21209551 1 0 1706824614
WALL 21209551 1 0 1706824615
WALL 21209551 1 0 1706824616
WALL 21209551 1 0 1706824617
WALL 21209551 1 0 1706824618
WALL 21209551 1 0 1706824619
WALL 21209551 1 0 1706824620
WALL 21209551 1 0 1706824621
WALL 21209551 1 0 1706824622
WALL 21209551 1 0 1706824623
WALL 21209551 1 0 1706824624
WALL 21209551 1 0 1706824625
WALL 21209551 1 0 1706824626
WALL 21209551 1 0 1706824627
WALL 21209551 1 0 1706824628
WALL 21209551 1 0 1706824629
WALL 21209551 1 0 1706824630
WALL 21209551 1 0 1706824631
WALL 21209551 1 0 1706824632
WALL 21209551 1 0 1706824633
WALL 21209551 1 0 1706824634
WALL 21209551 1 0 1706824635
WALL 21209551 1 0 1706824636
WALL 21209551 1 0 1706824637
WALL 21209551 1 0 1706824638
WALL 21209551 1 0 1706824639
WALL 21209551 1 0 1706824640
WALL 21209551 1 0 1706824641
WALL 21209551 1 0 1706824642
WALL 21209551 1 0 1706824643
WALL 21209551 1 0 1706824644
WALL 21209551 1 0 1706824645
WALL 21209551 1 0 1706824646
WALL 21209551 1 0 1706824647
WALL 21209551 1 0 1706824648
WALL 21209551 1 0 1706824649
WALL 21209551 1 0 1706824650
WALL 21209551 1 0 1706824651
WALL 21209551 1 0 1706824652
WALL 21209551 1 0 1706824653
WALL 21209551 1 0 1706824654
WALL 21209551 1 0 1706824655
WALL 21209551 1 0 1706824656
WALL 21209551 1 0 1706824657
WALL 21209551 1 0 1706824658
WALL 21209551 1 0 1706824659
WALL 21209551 1 0 1706824660
WALL 21209551 1 0 1706824661
WALL 21209551 1 0 1706824662
WALL 21209551 1 0 1706824663
WALL 21209551 1 0 1706824664
WALL 21209551 1 0 1706824665
WALL 21209551 1 0 1706824666
WALL 21209551 1 0 1706824667
WALL 21209551 1 0 1706824668
WALL 21209551 1 0 1706824669
WALL 21209551 1 0 1706824670
WALL 21209551 1 0 1706824671
WALL 21209551 1 0 1706824672
WALL 21209551 1 0 1706824673
WALL 21209551 1 0 1706824674
WALL 21209551 1 0 1706824675
WALL 21209551 1 0 1706824676
WALL 21209551 1 0 1706824677
WALL 21209551 1 0 1706824678
WALL 21209551 1 0 1706824679
WALL 21209551 1 0 1706824680
WALL 21209551 1 0 1706824681
WALL 21209551 1 0 1706824682
WALL 21209551 1 0 1706824683
WALL 21209551 1 0 1706824684
WALL 21209551 1 0 1706824685
WALL 21209551 1 0 1706824686
WALL 21209551 1 0 1706824687
WALL 21209551 1 0 1706824688
WALL 21209551 1 0 1706824689
WALL 21209551 1 0 1706824690
WALL 21209551 1 0 1706824691
WALL 21209551 1 0 1706824692
WALL 21209551 1 0 1706824693
WALL 21209551 1 0 1706824694
WALL 21209551 1 0 1706824695
WALL 21209551 1 0 1706824696
WALL 21209551 1 0 1706824697
WALL 21209551 1 0 1706824698
WALL 21209551 1 0 1706824699
WALL 21209551 1 0 1706824700
WALL 21209551 1 0 1706824701
WALL 21209551 1 0 1706824702
WALL 21209551 1 0 1706824703
WALL 21209551 1 0 1706824704
WALL 21209551 1 0 1706824705
WALL 21209551 1 0 1706824706
WALL 21209551 1 0 1706824707
WALL 21209551 1 0 1706824708
WALL 21209551 1 0 1706824709
WALL 21209551 1 0 1706824710
WALL 21209551 1 0 1706824711
WALL 21209551 1 0 1706824712
WALL 21209551 1 0 1706824713
WALL 21209551 1 0 1706824714
WALL 21209551 1 0 1706824715
WALL 21209551 1 0 1706824716
WALL 21209551 1 0 1706824717
WALL 21209551 1 0 1706824718
WALL 21209551 1 0 1706824719
WALL 21209551 1 0 1706824720
WALL 21209551 1 0 1706824721
WALL 21209551 1 0 1706824722
WALL 21209551 1 0 1706824723
WALL 21209551 1 0 1706824724
WALL 21209551 1 0 1706824725
WALL 21209551 1 0 1706824726
WALL 21209551 1 0 1706824727
WALL 21209551 1 0 1706824728
WALL 21209551 1 0 1706824729
WALL 21209551 1 0 1706824730
WALL 21209551 1 0 1706824731
WALL 21209551 1 0 1706824732
WALL 21209551 1 0 1706824733
WALL 21209551 1 0 1706824734
WALL 21209551 1 0 1706824735
WALL 21209551 1 0 1706824736
WALL 21209551 1 0 1706824737
WALL 21209551 1 0 1706824738
WALL 21209551 1 0 1706824739
WALL 21209551 1 0 1706824740
WALL 21209551 1 0 1706824741
WALL 21209551 1 0 1706824742
WALL 21209551 1 0 1706824743
WALL 21209551 1 0 1706824744
WALL 21209551 1 0 1706824745
WALL 21209551 1 0 1706824746
WALL 21209551 1 0 1706824747
WALL 21209551 1 0 1706824748
WALL 21209551 1 0 1706824749
WALL 21209551 1 0 1706824750
WALL 21209551 1 0 1706824751
WALL 21209551 1 0 1706824752
WALL 21209551 1 0 1706824753
WALL 21209551 1 0 1706824754
WALL 21209551 1 0 1706824755
WALL 21209551 1 0 1706824756
WALL 21209551 1 0 1706824757
WALL 21209551 1 0 1706824758
WALL 21209551 1 0 1706824759
WALL 21209551 1 0 1706824760
WALL 21209551 1 0 1706824761
WALL 21209551 1 0 1706824762
WALL 21209551 1 0 1706824763
WALL 21209551 1 0 1706824764
WALL 21209551 1 0 1706824765
WALL 21209551 1 0 1706824766
WALL 21209551 1 0 1706824767
WALL 21209551 1 0 1706824768
WALL 21209551 1 0 1706824769
WALL 21209551 1 0 1706824770
WALL 21209551 1 0 1706824771
WALL 21209551 1 0 1706824772
WALL 21209551 1 0 1706824773
WALL 21209551 1 0 1706824774
WALL 21209551 1 0 1706824775
WALL 21209551 1 0 1706824776
WALL 21209551 1 0 1706824777
WALL 21209551 1 0 1706824778
WALL 21209551 1 0 1706824779
WALL 21209551 1 0 1706824780
WALL 21209551 1 0 1706824781
WALL 21209551 1 0 1706824782
WALL 21209551 1 0 1706824783
WALL 21209551 1 0 1706824784
WALL 21209551 1 0 1706824785
WALL 21209551 1 0 1706824786
WALL 21209551 1 0 1706824787
WALL 21209551 1 0 1706824788
WALL 21209551 1 0 1706824789
WALL 21209551 1 0 1706824790
WALL 21209551 1 0 1706824791
WALL 21209551 1 0 1706824792
WALL 21209551 1 0 1706824793
WALL 21209551 1 0 1706824794
WALL 21209551 1 0 1706824795
WALL 21209551 1 0 1706824796
WALL 21209551 1 0 1706824797
WALL 21209551 1 0 1706824798
WALL 21209551 1 0 1706824799
WALL 21209551 1 0 1706824800
WALL 21209551 1 0 1706824801
WALL 21209551 1 0 1706824802
WALL 21209551 1 0 1706824803
WALL 21209551 1 0 1706824804
WALL 21209551 1 0 1706824805
WALL 21209551 1 0 1706824806
WALL 21209551 1 0 1706824807
WALL 21209551 1 0 1706824808
WALL 21209551 1 0 1706824809
WALL 21209551 1 0 1706824810
WALL 21209551 1 0 1706824811
WALL 21209551 1 0 1706824812
WALL 21209551 1 0 1706824813
WALL 21209551 1 0 1706824814
WALL 21209551 1 0 1706824815
WALL 21209551 1 0 1706824816
WALL 21209551 1 0 1706824817
WALL 21209551 1 0 1706824818
WALL 21209551 1 0 1706824819
WALL 21209551 1 0 1706824820
WALL 21209551 1 0 1706824821
WALL 21209551 1 0 1706824822
WALL 21209551 1 0 1706824823
WALL 21209551 1 0 1706824824
WALL 21209551 1 0 1706824825
WALL 21209551 1 0 1706824826
WALL 21209551 1 0 1706824827
WALL 21209551 1 0 1706824828
WALL 21209551 1 0 1706824829
WALL 21209551 1 0 1706824830
WALL 21209551 1 0 1706824831
WALL 21209551 1 0 1706824832
WALL 21209551 1 0 1706824833
WALL 21209551 1 0 1706824834
WALL 21209551 1 0 1706824835
WALL 21209551 1 0 1706824836
WALL 21209551 1 0 1706824837
WALL 21209551 1 0 1706824838
WALL 21209551 1 0 1706824839
WALL 21209551 1 0 1706824840
WALL 21209551 1 0 1706824841
WALL 21209551 1 0 1706824842
WALL 21209551 1 0 1706824843
WALL 21209551 1 0 1706824844
WALL 21209551 1 0 1706824845
WALL 21209551 1 0 1706824846
WALL 21209551 1 0 1706824847
WALL 21209551 1 0 1706824848
WALL 21209551 1 0 1706824849
WALL 21209551 1 0 1706824850
WALL 21209551 1 0 1706824851
WALL 21209551 1 0 1706824852
WALL 21209551 1 0 1706824853
WALL 21209551 1 0 1706824854
WALL 21209551 1 0 1706824855
WALL 21209551 1 0 1706824856
WALL 21209551 1 0 1706824857
WALL 21209551 1 0 1706824858
WALL 21209551 1 0 1706824859
WALL 21209551 1 0 1706824860
WALL 21209551 1 0 1706824861
WALL 21209551 1 0 1706824862
WALL 21209551 1 0 1706824863
WALL 21209551 1 0 1706824864
WALL 21209551 1 0 1706824865
WALL 21209551 1 0 1706824866
WALL 21209551 1 0 1706824867
WALL 21209551 1 0 1706824868
WALL 21209551 1 0 1706824869
WALL 21209551 1 0 1706824870
WALL 21209551 1 0 1706824871
WALL 21209551 1 0 1706824872
WALL 21209551 1 0 1706824873
WALL 21209551 1 0 1706824874
WALL 21209551 1 0 1706824875
WALL 21209551 1 0 1706824876
WALL 21209551 1 0 1706824877
WALL 21209551 1 0 1706824878
WALL 21209551 1 0 1706824879
WALL 21209551 1 0 1706824880
WALL 21209551 1 0 1706824881
WALL 21209551 1 0 1706824882
WALL 21209551 1 0 1706824883
WALL 21209551 1 0 1706824884
WALL 21209551 1 0 1706824885
WALL 21209551 1 0 1706824886
WALL 21209551 1 0 1706824887
WALL 21209551 1 0 1706824888
WALL 21209551 1 0 1706824889
WALL 21209551 1 0 1706824890
WALL 21209551 1 0 1706824891
WALL 21209551 1 0 1706824892
WALL 21209551 1 0 1706824893
WALL 21209551 1 0 1706824894
WALL 21209551 1 0 1706824895
WALL 21209551 1 0 1706824896
WALL 21209551 1 0 1706824897
WALL 21209551 1 0 1706824898
WALL 21209551 1 0 1706824899
WALL 21209551 1 0 1706824900
WALL 21209551 1 0 1706824901
WALL 21209551 1 0 1706824902
WALL 21209551 1 0 1706824903
WALL 21209551 1 0 1706824904
WALL 21209551 1 0 1706824905
WALL 21209551 1 0 1706824906
WALL 21209551 1 0 1706824907
WALL 21209551 1 0 1706824908
WALL 21209551 1 0 1706824909
WALL 21209551 1 0 1706824910
WALL 21209551 1 0 1706824911
WALL 21209551 1 0 1706824912
WALL 21209551 1 0 1706824913
WALL 21209551 1 0 1706824914
WALL 21209551 1 0 1706824915
WALL 21209551 1 0 1706824916
WALL 21209551 1 0 1706824917
WALL 21209551 1 0 1706824918
WALL 21209551 1 0 1706824919
WALL 21209551 1 0 1706824920
WALL 21209551 1 0 1706824921
WALL 21209551 1 0 1706824922
WALL 21209551 1 0 1706824923
WALL 21209551 1 0 1706824924
WALL 21209551 1 0 1706824925
WALL 21209551 1 0 1706824926
WALL 21209551 1 0 1706824927
WALL 21209551 1 0 1706824928
WALL 21209551 1 0 1706824929
WALL 21209551 1 0 1706824930
WALL 21209551 1 0 1706824931
WALL 21209551 1 0 1706824932
WALL 21209551 1 0 1706824933
WALL 21209551 1 0 1706824934
WALL 21209551 1 0 1706824935
WALL 21209551 1 0 1706824936
WALL 21209551 1 0 1706824937
WALL 21209551 1 0 1706824938
WALL 21209551 1 0 1706824939
WALL 21209551 1 0 1706824940
WALL 21209551 1 0 1706824941
WALL 21209551 1 0 1706824942
WALL 21209551 1 0 1706824943
WALL 21209551 1 0 1706824944
WALL 21209551 1 0 1706824945
WALL 21209551 1 0 1706824946
WALL 21209551 1 0 1706824947
WALL 21209551 1 0 1706824948
WALL 21209551 1 0 1706824949
WALL 21209551 1 0 1706824950
WALL 21209551 1 0 1706824951
WALL 21209551 1 0 1706824952
WALL 21209551 1 0 1706824953
WALL 21209551 1 0 1706824954
WALL 21209551 1 0 1706824955
WALL 21209551 1 0 1706824956
WALL 21209551 1 0 1706824957
WALL 21209551 1 0 1706824958
WALL 21209551 1 0 1706824959
WALL 21209551 1 0 1706824960
WALL 21209551 1 0 1706824961
WALL 21209551 1 0 1706824962
WALL 21209551 1 0 1706824963
WALL 21209551 1 0 1706824964
WALL 21209551 1 0 1706824965
WALL 21209551 1 0 1706824966
WALL 21209551 1 0 1706824967
WALL 21209551 1 0 1706824968
WALL 21209551 1 0 1706824969
WALL 21209551 1 0 1706824970
WALL 21209551 1 0 1706824971
WALL 21209551 1 0 1706824972
WALL 21209551 1 0 1706824973
WALL 21209551 1 0 1706824974
WALL 21209551 1 0 1706824975
WALL 21209551 1 0 1706824976
WALL 21209551 1 0 1706824977
WALL 21209551 1 0 1706824978
WALL 21209551 1 0 1706824979
WALL 21209551 1 0 1706824980
WALL 21209551 1 0 1706824981
WALL 21209551 1 0 1706824982
WALL 21209551 1 0 1706824983
WALL 21209551 1 0 1706824984
WALL 21209551 1 0 1706824985
WALL 21209551 1 0 1706824986
WALL 21209551 1 0 1706824987
WALL 21209551 1 0 1706824988
WALL 21209551 1 0 1706824989
WALL 21209551 1 0 1706824990
WALL 21209551 1 0 1706824991
WALL 21209551 1 0 1706824992
WALL 21209551 1 0 1706824993
WALL 21209551 1 0 1706824994
WALL 21209551 1 0 1706824995
WALL 21209551 1 0 1706824996
WALL 21209551 1 0 1706824997
WALL 21209551 1 0 1706824998
WALL 21209551 1 0 1706824999
WALL 21209551 1 0 1706825000
WALL 21209551 1 0 1706825001
WALL 21209551 1 0 1706825002
WALL 21209551 1 0 1706825003
WALL 21209551 1 0 1706825004
WALL 21209551 1 0 1706825005
WALL 21209551 1 0 1706825006
WALL 21209551 1 0 1706825007
WALL 21209551 1 0 1706825008
WALL 21209551 1 0 1706825009
WALL 21209551 1 0 1706825010
WALL 21209551 1 0 1706825011
WALL 21209551 1 0 1706825012
WALL 21209551 1 0 1706825013
WALL 21209551 1 0 1706825014
WALL 21209551 1 0 1706825015
WALL 21209551 1 0 1706825016
WALL 21209551 1 0 1706825017
WALL 21209551 1 0 1706825018
WALL 21209551 1 0 1706825019
WALL 21209551 1 0 1706825020
WALL 21209551 1 0 1706825021
WALL 21209551 1 0 1706825022
WALL 21209551 1 0 1706825023
WALL 21209551 1 0 1706825024
WALL 21209551 1 0 1706825025
WALL 21209551 1 0 1706825026
WALL 21209551 1 0 1706825027
WALL 21209551 1 0 1706825028
WALL 21209551 1 0 1706825029
WALL 21209551 1 0 1706825030
WALL 21209551 1 0 1706825031
WALL 21209551 1 0 1706825032
WALL 21209551 1 0 1706825033
WALL 21209551 1 0 1706825034
WALL 21209551 1 0 1706825035
WALL 21209551 1 0 1706825036
WALL 21209551 1 0 1706825037
WALL 21209551 1 0 1706825038
WALL 21209551 1 0 1706825039
WALL 21209551 1 0 1706825040
WALL 21209551 1 0 1706825041
WALL 21209551 1 0 1706825042
WALL 21209551 1 0 1706825043
WALL 21209551 1 0 1706825044
WALL 21209551 1 0 1706825045
WALL 21209551 1 0 1706825046
WALL 21209551 1 0 1706825047
WALL 21209551 1 0 1706825048
WALL 21209551 1 0 1706825049
WALL 21209551 1 0 1706825050
WALL 21209551 1 0 1706825051
WALL 21209551 1 0 1706825052
WALL 21209551 1 0 1706825053
WALL 21209551 1 0 1706825054
WALL 21209551 1 0 1706825055
WALL 21209551 1 0 1706825056
WALL 21209551 1 0 1706825057
WALL 21209551 1 0 1706825058
WALL 21209551 1 0 1706825059
WALL 21209551 1 0 1706825060
WALL 21209551 1 0 1706825061
WALL 21209551 1 0 1706825062
WALL 21209551 1 0 1706825063
WALL 21209551 1 0 1706825064
WALL 21209551 1 0 1706825065
WALL 21209551 1 0 1706825066
WALL 21209551 1 0 1706825067
WALL 21209551 1 0 1706825068
WALL 21209551 1 0 1706825069
WALL 21209551 1 0 1706825070
WALL 21209551 1 0 1706825071
WALL 21209551 1 0 1706825072
WALL 21209551 1 0 1706825073
WALL 21209551 1 0 1706825074
WALL 21209551 1 0 1706825075
WALL 21209551 1 0 1706825076
WALL 21209551 1 0 1706825077
WALL 21209551 1 0 1706825078
WALL 21209551 1 0 1706825079
WALL 21209551 1 0 1706825080
WALL 21209551 1 0 1706825081
WALL 21209551 1 0 1706825082
WALL 21209551 1 0 1706825083
WALL 21209551 1 0 1706825084
WALL 21209551 1 0 1706825085
WALL 21209551 1 0 1706825086
WALL 21209551 1 0 1706825087
WALL 21209551 1 0 1706825088
WALL 21209551 1 0 1706825089
WALL 21209551 1 0 1706825090
WALL 21209551 1 0 1706825091
WALL 21209551 1 0 1706825092
WALL 21209551 1 0 1706825093
WALL 21209551 1 0 1706825094
WALL 21209551 1 0 1706825095
WALL 21209551 1 0 1706825096
WALL 21209551 1 0 1706825097
WALL 21209551 1 0 1706825098
WALL 21209551 1 0 1706825099
WALL 21209551 1 0 1706825100
WALL 21209551 1 0 1706825101
WALL 21209551 1 0 1706825102
WALL 21209551 1 0 1706825103
WALL 21209551 1 0 1706825104
WALL 21209551 1 0 1706825105
WALL 21209551 1 0 1706825106
WALL 21209551 1 0 1706825107
WALL 21209551 1 0 1706825108
WALL 21209551 1 0 1706825109
WALL 21209551 1 0 1706825110
WALL 21209551 1 0 1706825111
WALL 21209551 1 0 1706825112
WALL 21209551 1 0 1706825113
WALL 21209551 1 0 1706825114
WALL 21209551 1 0 1706825115
WALL 21209551 1 0 1706825116
WALL 21209551 1 0 1706825117
WALL 21209551 1 0 1706825118
WALL 21209551 1 0 1706825119
WALL 21209551 1 0 1706825120
WALL 21209551 1 0 1706825121
WALL 21209551 1 0 1706825122
WALL 21209551 1 0 1706825123
WALL 21209551 1 0 1706825124
WALL 21209551 1 0 1706825125
WALL 21209551 1 0 1706825126
WALL 21209551 1 0 1706825127
WALL 21209551 1 0 1706825128
WALL 21209551 1 0 1706825129
WALL 21209551 1 0 1706825130
WALL 21209551 1 0 1706825131
WALL 21209551 1 0 1706825132
WALL 21209551 1 0 1706825133
WALL 21209551 1 0 1706825134
WALL 21209551 1 0 1706825135
received SIGCONT 1706825136
WALL 21209551 1 0 1706825136
slurmstepd: error: *** STEP 21209551.0 ON nid200000 CANCELLED AT 2024-02-01T22:05:36 ***
received SIGTERM 1706825136
WALL 21209551 1 0 1706825136
WALL 21209551 1 0 1706825137
WALL 21209551 1 0 1706825138
WALL 21209551 1 0 1706825139
WALL 21209551 1 0 1706825140
WALL 21209551 1 0 1706825141
WALL 21209551 1 0 1706825142
WALL 21209551 1 0 1706825143
WALL 21209551 1 0 1706825144
WALL 21209551 1 0 1706825145
WALL 21209551 1 0 1706825146
WALL 21209551 1 0 1706825147
WALL 21209551 1 0 1706825148
WALL 21209551 1 0 1706825149
WALL 21209551 1 0 1706825150
WALL 21209551 1 0 1706825151
WALL 21209551 1 0 1706825152
WALL 21209551 1 0 1706825153
WALL 21209551 1 0 1706825154
WALL 21209551 1 0 1706825155
WALL 21209551 1 0 1706825156
WALL 21209551 1 0 1706825157
WALL 21209551 1 0 1706825158
WALL 21209551 1 0 1706825159
WALL 21209551 1 0 1706825160
WALL 21209551 1 0 1706825161
WALL 21209551 1 0 1706825162
WALL 21209551 1 0 1706825163
WALL 21209551 1 0 1706825164
WALL 21209551 1 0 1706825165
WALL 21209551 1 0 1706825166
WALL 21209551 1 0 1706825167
WALL 21209551 1 0 1706825168
WALL 21209551 1 0 1706825169
WALL 21209551 1 0 1706825170
WALL 21209551 1 0 1706825171
WALL 21209551 1 0 1706825172
WALL 21209551 1 0 1706825173
WALL 21209551 1 0 1706825174
WALL 21209551 1 0 1706825175
WALL 21209551 1 0 1706825176
WALL 21209551 1 0 1706825177
WALL 21209551 1 0 1706825178
WALL 21209551 1 0 1706825179
WALL 21209551 1 0 1706825180
WALL 21209551 1 0 1706825181
WALL 21209551 1 0 1706825182
WALL 21209551 1 0 1706825183
WALL 21209551 1 0 1706825184
WALL 21209551 1 0 1706825185
WALL 21209551 1 0 1706825186
WALL 21209551 1 0 1706825187
WALL 21209551 1 0 1706825188
WALL 21209551 1 0 1706825189
WALL 21209551 1 0 1706825190
WALL 21209551 1 0 1706825191
WALL 21209551 1 0 1706825192
WALL 21209551 1 0 1706825193
WALL 21209551 1 0 1706825194
WALL 21209551 1 0 1706825195
WALL 21209551 1 0 1706825196
WALL 21209551 1 0 1706825197
slurmstepd: error: *** JOB 21209551 ON nid200000 CANCELLED AT 2024-02-01T22:06:38 DUE TO PREEMPTION ***
received SIGTERM 1706825198
WALL 21209551 1 0 1706825198
received SIGCONT 1706825198
WALL 21209551 1 0 1706825198
received SIGTERM 1706825198
WALL 21209551 1 0 1706825198
