srun: warning: can't run 1 processes on 2 nodes, setting nnodes to 1
WALL 21195361 1 0 1706813255
WALL 21195361 1 0 1706813256
WALL 21195361 1 0 1706813257
WALL 21195361 1 0 1706813258
WALL 21195361 1 0 1706813259
WALL 21195361 1 0 1706813260
WALL 21195361 1 0 1706813261
WALL 21195361 1 0 1706813262
WALL 21195361 1 0 1706813263
WALL 21195361 1 0 1706813264
WALL 21195361 1 0 1706813265
WALL 21195361 1 0 1706813266
WALL 21195361 1 0 1706813267
WALL 21195361 1 0 1706813268
WALL 21195361 1 0 1706813269
WALL 21195361 1 0 1706813270
WALL 21195361 1 0 1706813271
WALL 21195361 1 0 1706813272
WALL 21195361 1 0 1706813273
WALL 21195361 1 0 1706813274
WALL 21195361 1 0 1706813275
WALL 21195361 1 0 1706813276
WALL 21195361 1 0 1706813277
WALL 21195361 1 0 1706813278
WALL 21195361 1 0 1706813279
WALL 21195361 1 0 1706813280
WALL 21195361 1 0 1706813281
WALL 21195361 1 0 1706813282
WALL 21195361 1 0 1706813283
WALL 21195361 1 0 1706813284
slurmstepd: error: *** STEP 21195361.0 ON nid200039 CANCELLED AT 2024-02-01T18:48:04 ***
received SIGTERM 1706813284
WALL 21195361 1 0 1706813284
received SIGCONT 1706813284
WALL 21195361 1 0 1706813284
WALL 21195361 1 0 1706813285
WALL 21195361 1 0 1706813286
WALL 21195361 1 0 1706813287
WALL 21195361 1 0 1706813288
WALL 21195361 1 0 1706813289
WALL 21195361 1 0 1706813290
WALL 21195361 1 0 1706813291
WALL 21195361 1 0 1706813292
WALL 21195361 1 0 1706813293
WALL 21195361 1 0 1706813294
WALL 21195361 1 0 1706813295
WALL 21195361 1 0 1706813296
WALL 21195361 1 0 1706813297
WALL 21195361 1 0 1706813298
WALL 21195361 1 0 1706813299
WALL 21195361 1 0 1706813300
WALL 21195361 1 0 1706813301
WALL 21195361 1 0 1706813302
WALL 21195361 1 0 1706813303
WALL 21195361 1 0 1706813304
WALL 21195361 1 0 1706813305
WALL 21195361 1 0 1706813306
WALL 21195361 1 0 1706813307
WALL 21195361 1 0 1706813308
WALL 21195361 1 0 1706813309
WALL 21195361 1 0 1706813310
WALL 21195361 1 0 1706813311
WALL 21195361 1 0 1706813312
WALL 21195361 1 0 1706813313
WALL 21195361 1 0 1706813314
WALL 21195361 1 0 1706813315
WALL 21195361 1 0 1706813316
WALL 21195361 1 0 1706813317
WALL 21195361 1 0 1706813318
WALL 21195361 1 0 1706813319
WALL 21195361 1 0 1706813320
WALL 21195361 1 0 1706813321
WALL 21195361 1 0 1706813322
WALL 21195361 1 0 1706813323
WALL 21195361 1 0 1706813324
WALL 21195361 1 0 1706813325
WALL 21195361 1 0 1706813326
WALL 21195361 1 0 1706813327
WALL 21195361 1 0 1706813328
WALL 21195361 1 0 1706813329
WALL 21195361 1 0 1706813330
WALL 21195361 1 0 1706813331
WALL 21195361 1 0 1706813332
WALL 21195361 1 0 1706813333
WALL 21195361 1 0 1706813334
WALL 21195361 1 0 1706813335
WALL 21195361 1 0 1706813336
WALL 21195361 1 0 1706813337
WALL 21195361 1 0 1706813338
WALL 21195361 1 0 1706813339
WALL 21195361 1 0 1706813340
WALL 21195361 1 0 1706813341
WALL 21195361 1 0 1706813342
WALL 21195361 1 0 1706813343
WALL 21195361 1 0 1706813344
WALL 21195361 1 0 1706813345
WALL 21195361 1 0 1706813346
WALL 21195361 1 0 1706813347
WALL 21195361 1 0 1706813348
WALL 21195361 1 0 1706813349
WALL 21195361 1 0 1706813350
WALL 21195361 1 0 1706813351
WALL 21195361 1 0 1706813352
slurmstepd: error: *** JOB 21195361 ON nid200039 CANCELLED AT 2024-02-01T18:49:13 DUE TO PREEMPTION ***
received SIGTERM 1706813353
WALL 21195361 1 0 1706813353
received SIGCONT 1706813353
WALL 21195361 1 0 1706813353
received SIGTERM 1706813353
WALL 21195361 1 0 1706813353
