WALL 21088419 1 0 1706659565
WALL 21088419 1 0 1706659566
WALL 21088419 1 0 1706659567
WALL 21088419 1 0 1706659568
WALL 21088419 1 0 1706659569
WALL 21088419 1 0 1706659570
WALL 21088419 1 0 1706659571
WALL 21088419 1 0 1706659572
WALL 21088419 1 0 1706659573
WALL 21088419 1 0 1706659574
WALL 21088419 1 0 1706659575
WALL 21088419 1 0 1706659576
WALL 21088419 1 0 1706659577
WALL 21088419 1 0 1706659578
WALL 21088419 1 0 1706659579
WALL 21088419 1 0 1706659580
WALL 21088419 1 0 1706659581
WALL 21088419 1 0 1706659582
WALL 21088419 1 0 1706659583
WALL 21088419 1 0 1706659584
WALL 21088419 1 0 1706659585
WALL 21088419 1 0 1706659586
WALL 21088419 1 0 1706659587
WALL 21088419 1 0 1706659588
WALL 21088419 1 0 1706659589
WALL 21088419 1 0 1706659590
WALL 21088419 1 0 1706659591
WALL 21088419 1 0 1706659592
WALL 21088419 1 0 1706659593
WALL 21088419 1 0 1706659594
WALL 21088419 1 0 1706659595
WALL 21088419 1 0 1706659596
WALL 21088419 1 0 1706659597
WALL 21088419 1 0 1706659598
WALL 21088419 1 0 1706659599
WALL 21088419 1 0 1706659600
WALL 21088419 1 0 1706659601
WALL 21088419 1 0 1706659602
WALL 21088419 1 0 1706659603
WALL 21088419 1 0 1706659604
WALL 21088419 1 0 1706659605
WALL 21088419 1 0 1706659606
WALL 21088419 1 0 1706659607
WALL 21088419 1 0 1706659608
WALL 21088419 1 0 1706659609
WALL 21088419 1 0 1706659610
WALL 21088419 1 0 1706659611
WALL 21088419 1 0 1706659612
WALL 21088419 1 0 1706659613
WALL 21088419 1 0 1706659614
WALL 21088419 1 0 1706659615
WALL 21088419 1 0 1706659616
WALL 21088419 1 0 1706659617
WALL 21088419 1 0 1706659618
WALL 21088419 1 0 1706659619
WALL 21088419 1 0 1706659620
WALL 21088419 1 0 1706659621
WALL 21088419 1 0 1706659622
WALL 21088419 1 0 1706659623
WALL 21088419 1 0 1706659624
WALL 21088419 1 0 1706659625
WALL 21088419 1 0 1706659626
WALL 21088419 1 0 1706659627
WALL 21088419 1 0 1706659628
WALL 21088419 1 0 1706659629
WALL 21088419 1 0 1706659630
WALL 21088419 1 0 1706659631
WALL 21088419 1 0 1706659632
WALL 21088419 1 0 1706659633
WALL 21088419 1 0 1706659634
WALL 21088419 1 0 1706659635
WALL 21088419 1 0 1706659636
WALL 21088419 1 0 1706659637
WALL 21088419 1 0 1706659638
WALL 21088419 1 0 1706659639
WALL 21088419 1 0 1706659640
WALL 21088419 1 0 1706659641
WALL 21088419 1 0 1706659642
WALL 21088419 1 0 1706659643
WALL 21088419 1 0 1706659644
WALL 21088419 1 0 1706659645
WALL 21088419 1 0 1706659646
WALL 21088419 1 0 1706659647
WALL 21088419 1 0 1706659648
WALL 21088419 1 0 1706659649
WALL 21088419 1 0 1706659650
WALL 21088419 1 0 1706659651
WALL 21088419 1 0 1706659652
WALL 21088419 1 0 1706659653
WALL 21088419 1 0 1706659654
WALL 21088419 1 0 1706659655
WALL 21088419 1 0 1706659656
WALL 21088419 1 0 1706659657
WALL 21088419 1 0 1706659658
WALL 21088419 1 0 1706659659
WALL 21088419 1 0 1706659660
WALL 21088419 1 0 1706659661
WALL 21088419 1 0 1706659662
WALL 21088419 1 0 1706659663
WALL 21088419 1 0 1706659664
WALL 21088419 1 0 1706659665
WALL 21088419 1 0 1706659666
WALL 21088419 1 0 1706659667
WALL 21088419 1 0 1706659668
WALL 21088419 1 0 1706659669
WALL 21088419 1 0 1706659670
WALL 21088419 1 0 1706659671
WALL 21088419 1 0 1706659672
WALL 21088419 1 0 1706659673
WALL 21088419 1 0 1706659674
WALL 21088419 1 0 1706659675
WALL 21088419 1 0 1706659676
WALL 21088419 1 0 1706659677
WALL 21088419 1 0 1706659678
WALL 21088419 1 0 1706659679
WALL 21088419 1 0 1706659680
WALL 21088419 1 0 1706659681
WALL 21088419 1 0 1706659682
WALL 21088419 1 0 1706659683
WALL 21088419 1 0 1706659684
WALL 21088419 1 0 1706659685
WALL 21088419 1 0 1706659686
WALL 21088419 1 0 1706659687
WALL 21088419 1 0 1706659688
WALL 21088419 1 0 1706659689
WALL 21088419 1 0 1706659690
WALL 21088419 1 0 1706659691
WALL 21088419 1 0 1706659692
WALL 21088419 1 0 1706659693
WALL 21088419 1 0 1706659694
WALL 21088419 1 0 1706659695
WALL 21088419 1 0 1706659696
WALL 21088419 1 0 1706659697
WALL 21088419 1 0 1706659698
WALL 21088419 1 0 1706659699
WALL 21088419 1 0 1706659700
WALL 21088419 1 0 1706659701
WALL 21088419 1 0 1706659702
WALL 21088419 1 0 1706659703
WALL 21088419 1 0 1706659704
WALL 21088419 1 0 1706659705
WALL 21088419 1 0 1706659706
WALL 21088419 1 0 1706659707
WALL 21088419 1 0 1706659708
WALL 21088419 1 0 1706659709
WALL 21088419 1 0 1706659710
WALL 21088419 1 0 1706659711
WALL 21088419 1 0 1706659712
WALL 21088419 1 0 1706659713
WALL 21088419 1 0 1706659714
WALL 21088419 1 0 1706659715
WALL 21088419 1 0 1706659716
WALL 21088419 1 0 1706659717
WALL 21088419 1 0 1706659718
WALL 21088419 1 0 1706659719
WALL 21088419 1 0 1706659720
WALL 21088419 1 0 1706659721
WALL 21088419 1 0 1706659722
WALL 21088419 1 0 1706659723
WALL 21088419 1 0 1706659724
WALL 21088419 1 0 1706659725
WALL 21088419 1 0 1706659726
WALL 21088419 1 0 1706659727
WALL 21088419 1 0 1706659728
WALL 21088419 1 0 1706659729
WALL 21088419 1 0 1706659730
WALL 21088419 1 0 1706659731
WALL 21088419 1 0 1706659732
WALL 21088419 1 0 1706659733
WALL 21088419 1 0 1706659734
WALL 21088419 1 0 1706659735
WALL 21088419 1 0 1706659736
WALL 21088419 1 0 1706659737
WALL 21088419 1 0 1706659738
WALL 21088419 1 0 1706659739
WALL 21088419 1 0 1706659740
WALL 21088419 1 0 1706659741
WALL 21088419 1 0 1706659742
WALL 21088419 1 0 1706659743
WALL 21088419 1 0 1706659744
WALL 21088419 1 0 1706659745
WALL 21088419 1 0 1706659746
WALL 21088419 1 0 1706659747
WALL 21088419 1 0 1706659748
WALL 21088419 1 0 1706659749
WALL 21088419 1 0 1706659750
WALL 21088419 1 0 1706659751
WALL 21088419 1 0 1706659752
WALL 21088419 1 0 1706659753
WALL 21088419 1 0 1706659754
WALL 21088419 1 0 1706659755
WALL 21088419 1 0 1706659756
WALL 21088419 1 0 1706659757
WALL 21088419 1 0 1706659758
WALL 21088419 1 0 1706659759
WALL 21088419 1 0 1706659760
WALL 21088419 1 0 1706659761
WALL 21088419 1 0 1706659762
WALL 21088419 1 0 1706659763
WALL 21088419 1 0 1706659764
WALL 21088419 1 0 1706659765
WALL 21088419 1 0 1706659766
WALL 21088419 1 0 1706659767
WALL 21088419 1 0 1706659768
WALL 21088419 1 0 1706659769
WALL 21088419 1 0 1706659770
WALL 21088419 1 0 1706659771
WALL 21088419 1 0 1706659772
WALL 21088419 1 0 1706659773
WALL 21088419 1 0 1706659774
WALL 21088419 1 0 1706659775
WALL 21088419 1 0 1706659776
WALL 21088419 1 0 1706659777
WALL 21088419 1 0 1706659778
WALL 21088419 1 0 1706659779
WALL 21088419 1 0 1706659780
WALL 21088419 1 0 1706659781
WALL 21088419 1 0 1706659782
WALL 21088419 1 0 1706659783
WALL 21088419 1 0 1706659784
WALL 21088419 1 0 1706659785
WALL 21088419 1 0 1706659786
WALL 21088419 1 0 1706659787
WALL 21088419 1 0 1706659788
WALL 21088419 1 0 1706659789
WALL 21088419 1 0 1706659790
WALL 21088419 1 0 1706659791
WALL 21088419 1 0 1706659792
WALL 21088419 1 0 1706659793
WALL 21088419 1 0 1706659794
WALL 21088419 1 0 1706659795
WALL 21088419 1 0 1706659796
WALL 21088419 1 0 1706659797
WALL 21088419 1 0 1706659798
WALL 21088419 1 0 1706659799
WALL 21088419 1 0 1706659800
WALL 21088419 1 0 1706659801
WALL 21088419 1 0 1706659802
WALL 21088419 1 0 1706659803
WALL 21088419 1 0 1706659804
WALL 21088419 1 0 1706659805
WALL 21088419 1 0 1706659806
WALL 21088419 1 0 1706659807
WALL 21088419 1 0 1706659808
WALL 21088419 1 0 1706659809
WALL 21088419 1 0 1706659810
WALL 21088419 1 0 1706659811
WALL 21088419 1 0 1706659812
WALL 21088419 1 0 1706659813
WALL 21088419 1 0 1706659814
WALL 21088419 1 0 1706659815
WALL 21088419 1 0 1706659816
WALL 21088419 1 0 1706659817
WALL 21088419 1 0 1706659818
WALL 21088419 1 0 1706659819
WALL 21088419 1 0 1706659820
WALL 21088419 1 0 1706659821
WALL 21088419 1 0 1706659822
WALL 21088419 1 0 1706659823
WALL 21088419 1 0 1706659824
WALL 21088419 1 0 1706659825
WALL 21088419 1 0 1706659826
WALL 21088419 1 0 1706659827
WALL 21088419 1 0 1706659828
WALL 21088419 1 0 1706659829
WALL 21088419 1 0 1706659830
WALL 21088419 1 0 1706659831
WALL 21088419 1 0 1706659832
WALL 21088419 1 0 1706659833
WALL 21088419 1 0 1706659834
WALL 21088419 1 0 1706659835
WALL 21088419 1 0 1706659836
WALL 21088419 1 0 1706659837
WALL 21088419 1 0 1706659838
WALL 21088419 1 0 1706659839
WALL 21088419 1 0 1706659840
WALL 21088419 1 0 1706659841
WALL 21088419 1 0 1706659842
WALL 21088419 1 0 1706659843
WALL 21088419 1 0 1706659844
WALL 21088419 1 0 1706659845
WALL 21088419 1 0 1706659846
WALL 21088419 1 0 1706659847
WALL 21088419 1 0 1706659848
WALL 21088419 1 0 1706659849
WALL 21088419 1 0 1706659850
WALL 21088419 1 0 1706659851
WALL 21088419 1 0 1706659852
WALL 21088419 1 0 1706659853
WALL 21088419 1 0 1706659854
WALL 21088419 1 0 1706659855
WALL 21088419 1 0 1706659856
WALL 21088419 1 0 1706659857
WALL 21088419 1 0 1706659858
WALL 21088419 1 0 1706659859
WALL 21088419 1 0 1706659860
WALL 21088419 1 0 1706659861
WALL 21088419 1 0 1706659862
WALL 21088419 1 0 1706659863
WALL 21088419 1 0 1706659864
WALL 21088419 1 0 1706659865
WALL 21088419 1 0 1706659866
WALL 21088419 1 0 1706659867
WALL 21088419 1 0 1706659868
WALL 21088419 1 0 1706659869
WALL 21088419 1 0 1706659870
WALL 21088419 1 0 1706659871
WALL 21088419 1 0 1706659872
WALL 21088419 1 0 1706659873
WALL 21088419 1 0 1706659874
WALL 21088419 1 0 1706659875
WALL 21088419 1 0 1706659876
WALL 21088419 1 0 1706659877
WALL 21088419 1 0 1706659878
WALL 21088419 1 0 1706659879
WALL 21088419 1 0 1706659880
WALL 21088419 1 0 1706659881
WALL 21088419 1 0 1706659882
WALL 21088419 1 0 1706659883
WALL 21088419 1 0 1706659884
WALL 21088419 1 0 1706659885
WALL 21088419 1 0 1706659886
WALL 21088419 1 0 1706659887
WALL 21088419 1 0 1706659888
WALL 21088419 1 0 1706659889
WALL 21088419 1 0 1706659890
WALL 21088419 1 0 1706659891
WALL 21088419 1 0 1706659892
WALL 21088419 1 0 1706659893
WALL 21088419 1 0 1706659894
WALL 21088419 1 0 1706659895
WALL 21088419 1 0 1706659896
WALL 21088419 1 0 1706659897
WALL 21088419 1 0 1706659898
WALL 21088419 1 0 1706659899
WALL 21088419 1 0 1706659900
WALL 21088419 1 0 1706659901
WALL 21088419 1 0 1706659902
WALL 21088419 1 0 1706659903
WALL 21088419 1 0 1706659904
WALL 21088419 1 0 1706659905
WALL 21088419 1 0 1706659906
WALL 21088419 1 0 1706659907
WALL 21088419 1 0 1706659908
WALL 21088419 1 0 1706659909
WALL 21088419 1 0 1706659910
WALL 21088419 1 0 1706659911
WALL 21088419 1 0 1706659912
WALL 21088419 1 0 1706659913
WALL 21088419 1 0 1706659914
WALL 21088419 1 0 1706659915
WALL 21088419 1 0 1706659916
WALL 21088419 1 0 1706659917
WALL 21088419 1 0 1706659918
WALL 21088419 1 0 1706659919
WALL 21088419 1 0 1706659920
WALL 21088419 1 0 1706659921
WALL 21088419 1 0 1706659922
WALL 21088419 1 0 1706659923
WALL 21088419 1 0 1706659924
WALL 21088419 1 0 1706659925
WALL 21088419 1 0 1706659926
WALL 21088419 1 0 1706659927
WALL 21088419 1 0 1706659928
WALL 21088419 1 0 1706659929
WALL 21088419 1 0 1706659930
WALL 21088419 1 0 1706659931
WALL 21088419 1 0 1706659932
WALL 21088419 1 0 1706659933
WALL 21088419 1 0 1706659934
WALL 21088419 1 0 1706659935
WALL 21088419 1 0 1706659936
WALL 21088419 1 0 1706659937
WALL 21088419 1 0 1706659938
WALL 21088419 1 0 1706659939
WALL 21088419 1 0 1706659940
WALL 21088419 1 0 1706659941
WALL 21088419 1 0 1706659942
WALL 21088419 1 0 1706659943
WALL 21088419 1 0 1706659944
WALL 21088419 1 0 1706659945
WALL 21088419 1 0 1706659946
WALL 21088419 1 0 1706659947
WALL 21088419 1 0 1706659948
WALL 21088419 1 0 1706659949
WALL 21088419 1 0 1706659950
WALL 21088419 1 0 1706659951
WALL 21088419 1 0 1706659952
WALL 21088419 1 0 1706659953
WALL 21088419 1 0 1706659954
WALL 21088419 1 0 1706659955
WALL 21088419 1 0 1706659956
WALL 21088419 1 0 1706659957
WALL 21088419 1 0 1706659958
WALL 21088419 1 0 1706659959
WALL 21088419 1 0 1706659960
WALL 21088419 1 0 1706659961
WALL 21088419 1 0 1706659962
WALL 21088419 1 0 1706659963
WALL 21088419 1 0 1706659964
WALL 21088419 1 0 1706659965
WALL 21088419 1 0 1706659966
WALL 21088419 1 0 1706659967
WALL 21088419 1 0 1706659968
WALL 21088419 1 0 1706659969
WALL 21088419 1 0 1706659970
WALL 21088419 1 0 1706659971
WALL 21088419 1 0 1706659972
WALL 21088419 1 0 1706659973
WALL 21088419 1 0 1706659974
WALL 21088419 1 0 1706659975
WALL 21088419 1 0 1706659976
WALL 21088419 1 0 1706659977
WALL 21088419 1 0 1706659978
WALL 21088419 1 0 1706659979
WALL 21088419 1 0 1706659980
WALL 21088419 1 0 1706659981
WALL 21088419 1 0 1706659982
WALL 21088419 1 0 1706659983
WALL 21088419 1 0 1706659984
WALL 21088419 1 0 1706659985
WALL 21088419 1 0 1706659986
WALL 21088419 1 0 1706659987
WALL 21088419 1 0 1706659988
WALL 21088419 1 0 1706659989
WALL 21088419 1 0 1706659990
WALL 21088419 1 0 1706659991
WALL 21088419 1 0 1706659992
WALL 21088419 1 0 1706659993
WALL 21088419 1 0 1706659994
WALL 21088419 1 0 1706659995
WALL 21088419 1 0 1706659996
WALL 21088419 1 0 1706659997
WALL 21088419 1 0 1706659998
WALL 21088419 1 0 1706659999
WALL 21088419 1 0 1706660000
WALL 21088419 1 0 1706660001
WALL 21088419 1 0 1706660002
WALL 21088419 1 0 1706660003
WALL 21088419 1 0 1706660004
WALL 21088419 1 0 1706660005
WALL 21088419 1 0 1706660006
WALL 21088419 1 0 1706660007
WALL 21088419 1 0 1706660008
WALL 21088419 1 0 1706660009
WALL 21088419 1 0 1706660010
WALL 21088419 1 0 1706660011
WALL 21088419 1 0 1706660012
WALL 21088419 1 0 1706660013
WALL 21088419 1 0 1706660014
WALL 21088419 1 0 1706660015
WALL 21088419 1 0 1706660016
WALL 21088419 1 0 1706660017
WALL 21088419 1 0 1706660018
WALL 21088419 1 0 1706660019
WALL 21088419 1 0 1706660020
WALL 21088419 1 0 1706660021
WALL 21088419 1 0 1706660022
WALL 21088419 1 0 1706660023
WALL 21088419 1 0 1706660024
WALL 21088419 1 0 1706660025
WALL 21088419 1 0 1706660026
WALL 21088419 1 0 1706660027
WALL 21088419 1 0 1706660028
WALL 21088419 1 0 1706660029
WALL 21088419 1 0 1706660030
WALL 21088419 1 0 1706660031
WALL 21088419 1 0 1706660032
WALL 21088419 1 0 1706660033
WALL 21088419 1 0 1706660034
WALL 21088419 1 0 1706660035
WALL 21088419 1 0 1706660036
WALL 21088419 1 0 1706660037
WALL 21088419 1 0 1706660038
WALL 21088419 1 0 1706660039
WALL 21088419 1 0 1706660040
WALL 21088419 1 0 1706660041
WALL 21088419 1 0 1706660042
WALL 21088419 1 0 1706660043
WALL 21088419 1 0 1706660044
WALL 21088419 1 0 1706660045
WALL 21088419 1 0 1706660046
WALL 21088419 1 0 1706660047
WALL 21088419 1 0 1706660048
WALL 21088419 1 0 1706660049
WALL 21088419 1 0 1706660050
WALL 21088419 1 0 1706660051
WALL 21088419 1 0 1706660052
WALL 21088419 1 0 1706660053
WALL 21088419 1 0 1706660054
WALL 21088419 1 0 1706660055
WALL 21088419 1 0 1706660056
WALL 21088419 1 0 1706660057
WALL 21088419 1 0 1706660058
WALL 21088419 1 0 1706660059
WALL 21088419 1 0 1706660060
WALL 21088419 1 0 1706660061
WALL 21088419 1 0 1706660062
WALL 21088419 1 0 1706660063
WALL 21088419 1 0 1706660064
WALL 21088419 1 0 1706660065
WALL 21088419 1 0 1706660066
WALL 21088419 1 0 1706660067
WALL 21088419 1 0 1706660068
WALL 21088419 1 0 1706660069
WALL 21088419 1 0 1706660070
WALL 21088419 1 0 1706660071
WALL 21088419 1 0 1706660072
WALL 21088419 1 0 1706660073
WALL 21088419 1 0 1706660074
WALL 21088419 1 0 1706660075
WALL 21088419 1 0 1706660076
WALL 21088419 1 0 1706660077
WALL 21088419 1 0 1706660078
WALL 21088419 1 0 1706660079
WALL 21088419 1 0 1706660080
WALL 21088419 1 0 1706660081
WALL 21088419 1 0 1706660082
WALL 21088419 1 0 1706660083
WALL 21088419 1 0 1706660084
WALL 21088419 1 0 1706660085
WALL 21088419 1 0 1706660086
WALL 21088419 1 0 1706660087
WALL 21088419 1 0 1706660088
WALL 21088419 1 0 1706660089
WALL 21088419 1 0 1706660090
WALL 21088419 1 0 1706660091
WALL 21088419 1 0 1706660092
WALL 21088419 1 0 1706660093
WALL 21088419 1 0 1706660094
WALL 21088419 1 0 1706660095
WALL 21088419 1 0 1706660096
WALL 21088419 1 0 1706660097
WALL 21088419 1 0 1706660098
WALL 21088419 1 0 1706660099
WALL 21088419 1 0 1706660100
WALL 21088419 1 0 1706660101
WALL 21088419 1 0 1706660102
WALL 21088419 1 0 1706660103
WALL 21088419 1 0 1706660104
WALL 21088419 1 0 1706660105
WALL 21088419 1 0 1706660106
WALL 21088419 1 0 1706660107
WALL 21088419 1 0 1706660108
WALL 21088419 1 0 1706660109
WALL 21088419 1 0 1706660110
WALL 21088419 1 0 1706660111
WALL 21088419 1 0 1706660112
WALL 21088419 1 0 1706660113
WALL 21088419 1 0 1706660114
WALL 21088419 1 0 1706660115
WALL 21088419 1 0 1706660116
WALL 21088419 1 0 1706660117
WALL 21088419 1 0 1706660118
WALL 21088419 1 0 1706660119
WALL 21088419 1 0 1706660120
WALL 21088419 1 0 1706660121
WALL 21088419 1 0 1706660122
WALL 21088419 1 0 1706660123
WALL 21088419 1 0 1706660124
WALL 21088419 1 0 1706660125
WALL 21088419 1 0 1706660126
WALL 21088419 1 0 1706660127
WALL 21088419 1 0 1706660128
WALL 21088419 1 0 1706660129
WALL 21088419 1 0 1706660130
WALL 21088419 1 0 1706660131
WALL 21088419 1 0 1706660132
WALL 21088419 1 0 1706660133
WALL 21088419 1 0 1706660134
WALL 21088419 1 0 1706660135
WALL 21088419 1 0 1706660136
WALL 21088419 1 0 1706660137
WALL 21088419 1 0 1706660138
WALL 21088419 1 0 1706660139
WALL 21088419 1 0 1706660140
WALL 21088419 1 0 1706660141
WALL 21088419 1 0 1706660142
WALL 21088419 1 0 1706660143
WALL 21088419 1 0 1706660144
WALL 21088419 1 0 1706660145
WALL 21088419 1 0 1706660146
WALL 21088419 1 0 1706660147
WALL 21088419 1 0 1706660148
WALL 21088419 1 0 1706660149
WALL 21088419 1 0 1706660150
WALL 21088419 1 0 1706660151
WALL 21088419 1 0 1706660152
WALL 21088419 1 0 1706660153
WALL 21088419 1 0 1706660154
WALL 21088419 1 0 1706660155
WALL 21088419 1 0 1706660156
WALL 21088419 1 0 1706660157
WALL 21088419 1 0 1706660158
WALL 21088419 1 0 1706660159
WALL 21088419 1 0 1706660160
WALL 21088419 1 0 1706660161
WALL 21088419 1 0 1706660162
WALL 21088419 1 0 1706660163
WALL 21088419 1 0 1706660164
WALL 21088419 1 0 1706660165
WALL 21088419 1 0 1706660166
WALL 21088419 1 0 1706660167
WALL 21088419 1 0 1706660168
WALL 21088419 1 0 1706660169
WALL 21088419 1 0 1706660170
WALL 21088419 1 0 1706660171
WALL 21088419 1 0 1706660172
WALL 21088419 1 0 1706660173
WALL 21088419 1 0 1706660174
WALL 21088419 1 0 1706660175
WALL 21088419 1 0 1706660176
WALL 21088419 1 0 1706660177
WALL 21088419 1 0 1706660178
WALL 21088419 1 0 1706660179
WALL 21088419 1 0 1706660180
WALL 21088419 1 0 1706660181
WALL 21088419 1 0 1706660182
WALL 21088419 1 0 1706660183
WALL 21088419 1 0 1706660184
WALL 21088419 1 0 1706660185
WALL 21088419 1 0 1706660186
WALL 21088419 1 0 1706660187
WALL 21088419 1 0 1706660188
WALL 21088419 1 0 1706660189
WALL 21088419 1 0 1706660190
WALL 21088419 1 0 1706660191
WALL 21088419 1 0 1706660192
WALL 21088419 1 0 1706660193
WALL 21088419 1 0 1706660194
WALL 21088419 1 0 1706660195
WALL 21088419 1 0 1706660196
WALL 21088419 1 0 1706660197
WALL 21088419 1 0 1706660198
WALL 21088419 1 0 1706660199
WALL 21088419 1 0 1706660200
WALL 21088419 1 0 1706660201
WALL 21088419 1 0 1706660202
WALL 21088419 1 0 1706660203
WALL 21088419 1 0 1706660204
WALL 21088419 1 0 1706660205
WALL 21088419 1 0 1706660206
WALL 21088419 1 0 1706660207
WALL 21088419 1 0 1706660208
WALL 21088419 1 0 1706660209
WALL 21088419 1 0 1706660210
WALL 21088419 1 0 1706660211
WALL 21088419 1 0 1706660212
WALL 21088419 1 0 1706660213
WALL 21088419 1 0 1706660214
WALL 21088419 1 0 1706660215
WALL 21088419 1 0 1706660216
WALL 21088419 1 0 1706660217
WALL 21088419 1 0 1706660218
WALL 21088419 1 0 1706660219
WALL 21088419 1 0 1706660220
WALL 21088419 1 0 1706660221
WALL 21088419 1 0 1706660222
WALL 21088419 1 0 1706660223
WALL 21088419 1 0 1706660224
WALL 21088419 1 0 1706660225
WALL 21088419 1 0 1706660226
WALL 21088419 1 0 1706660227
WALL 21088419 1 0 1706660228
WALL 21088419 1 0 1706660229
WALL 21088419 1 0 1706660230
WALL 21088419 1 0 1706660231
WALL 21088419 1 0 1706660232
WALL 21088419 1 0 1706660233
WALL 21088419 1 0 1706660234
WALL 21088419 1 0 1706660235
WALL 21088419 1 0 1706660236
WALL 21088419 1 0 1706660237
WALL 21088419 1 0 1706660238
WALL 21088419 1 0 1706660239
WALL 21088419 1 0 1706660240
WALL 21088419 1 0 1706660241
WALL 21088419 1 0 1706660242
WALL 21088419 1 0 1706660243
WALL 21088419 1 0 1706660244
WALL 21088419 1 0 1706660245
WALL 21088419 1 0 1706660246
WALL 21088419 1 0 1706660247
WALL 21088419 1 0 1706660248
WALL 21088419 1 0 1706660249
WALL 21088419 1 0 1706660250
WALL 21088419 1 0 1706660251
WALL 21088419 1 0 1706660252
WALL 21088419 1 0 1706660253
WALL 21088419 1 0 1706660254
WALL 21088419 1 0 1706660255
WALL 21088419 1 0 1706660256
WALL 21088419 1 0 1706660257
WALL 21088419 1 0 1706660258
WALL 21088419 1 0 1706660259
WALL 21088419 1 0 1706660260
WALL 21088419 1 0 1706660261
WALL 21088419 1 0 1706660262
WALL 21088419 1 0 1706660263
WALL 21088419 1 0 1706660264
WALL 21088419 1 0 1706660265
WALL 21088419 1 0 1706660266
WALL 21088419 1 0 1706660267
WALL 21088419 1 0 1706660268
WALL 21088419 1 0 1706660269
WALL 21088419 1 0 1706660270
WALL 21088419 1 0 1706660271
WALL 21088419 1 0 1706660272
WALL 21088419 1 0 1706660273
WALL 21088419 1 0 1706660274
WALL 21088419 1 0 1706660275
WALL 21088419 1 0 1706660276
WALL 21088419 1 0 1706660277
WALL 21088419 1 0 1706660278
WALL 21088419 1 0 1706660279
WALL 21088419 1 0 1706660280
WALL 21088419 1 0 1706660281
WALL 21088419 1 0 1706660282
WALL 21088419 1 0 1706660283
WALL 21088419 1 0 1706660284
WALL 21088419 1 0 1706660285
WALL 21088419 1 0 1706660286
WALL 21088419 1 0 1706660287
WALL 21088419 1 0 1706660288
WALL 21088419 1 0 1706660289
WALL 21088419 1 0 1706660290
WALL 21088419 1 0 1706660291
WALL 21088419 1 0 1706660292
WALL 21088419 1 0 1706660293
WALL 21088419 1 0 1706660294
WALL 21088419 1 0 1706660295
WALL 21088419 1 0 1706660296
WALL 21088419 1 0 1706660297
WALL 21088419 1 0 1706660298
WALL 21088419 1 0 1706660299
WALL 21088419 1 0 1706660300
WALL 21088419 1 0 1706660301
WALL 21088419 1 0 1706660302
WALL 21088419 1 0 1706660303
WALL 21088419 1 0 1706660304
WALL 21088419 1 0 1706660305
WALL 21088419 1 0 1706660306
WALL 21088419 1 0 1706660307
WALL 21088419 1 0 1706660308
WALL 21088419 1 0 1706660309
WALL 21088419 1 0 1706660310
WALL 21088419 1 0 1706660311
WALL 21088419 1 0 1706660312
WALL 21088419 1 0 1706660313
WALL 21088419 1 0 1706660314
WALL 21088419 1 0 1706660315
WALL 21088419 1 0 1706660316
WALL 21088419 1 0 1706660317
WALL 21088419 1 0 1706660318
WALL 21088419 1 0 1706660319
WALL 21088419 1 0 1706660320
WALL 21088419 1 0 1706660321
WALL 21088419 1 0 1706660322
WALL 21088419 1 0 1706660323
WALL 21088419 1 0 1706660324
WALL 21088419 1 0 1706660325
WALL 21088419 1 0 1706660326
WALL 21088419 1 0 1706660327
WALL 21088419 1 0 1706660328
WALL 21088419 1 0 1706660329
WALL 21088419 1 0 1706660330
WALL 21088419 1 0 1706660331
WALL 21088419 1 0 1706660332
WALL 21088419 1 0 1706660333
WALL 21088419 1 0 1706660334
WALL 21088419 1 0 1706660335
WALL 21088419 1 0 1706660336
WALL 21088419 1 0 1706660337
WALL 21088419 1 0 1706660338
WALL 21088419 1 0 1706660339
WALL 21088419 1 0 1706660340
WALL 21088419 1 0 1706660341
WALL 21088419 1 0 1706660342
WALL 21088419 1 0 1706660343
WALL 21088419 1 0 1706660344
WALL 21088419 1 0 1706660345
WALL 21088419 1 0 1706660346
WALL 21088419 1 0 1706660347
WALL 21088419 1 0 1706660348
WALL 21088419 1 0 1706660349
WALL 21088419 1 0 1706660350
WALL 21088419 1 0 1706660351
WALL 21088419 1 0 1706660352
WALL 21088419 1 0 1706660353
WALL 21088419 1 0 1706660354
WALL 21088419 1 0 1706660355
WALL 21088419 1 0 1706660356
WALL 21088419 1 0 1706660357
WALL 21088419 1 0 1706660358
WALL 21088419 1 0 1706660359
WALL 21088419 1 0 1706660360
WALL 21088419 1 0 1706660361
WALL 21088419 1 0 1706660362
WALL 21088419 1 0 1706660363
WALL 21088419 1 0 1706660364
WALL 21088419 1 0 1706660365
WALL 21088419 1 0 1706660366
WALL 21088419 1 0 1706660367
WALL 21088419 1 0 1706660368
WALL 21088419 1 0 1706660369
WALL 21088419 1 0 1706660370
WALL 21088419 1 0 1706660371
WALL 21088419 1 0 1706660372
WALL 21088419 1 0 1706660373
WALL 21088419 1 0 1706660374
WALL 21088419 1 0 1706660375
WALL 21088419 1 0 1706660376
WALL 21088419 1 0 1706660377
WALL 21088419 1 0 1706660378
WALL 21088419 1 0 1706660379
WALL 21088419 1 0 1706660380
WALL 21088419 1 0 1706660381
WALL 21088419 1 0 1706660382
WALL 21088419 1 0 1706660383
WALL 21088419 1 0 1706660384
WALL 21088419 1 0 1706660385
WALL 21088419 1 0 1706660386
WALL 21088419 1 0 1706660387
WALL 21088419 1 0 1706660388
WALL 21088419 1 0 1706660389
WALL 21088419 1 0 1706660390
WALL 21088419 1 0 1706660391
WALL 21088419 1 0 1706660392
WALL 21088419 1 0 1706660393
WALL 21088419 1 0 1706660394
WALL 21088419 1 0 1706660395
WALL 21088419 1 0 1706660396
WALL 21088419 1 0 1706660397
WALL 21088419 1 0 1706660398
WALL 21088419 1 0 1706660399
WALL 21088419 1 0 1706660400
WALL 21088419 1 0 1706660401
WALL 21088419 1 0 1706660402
WALL 21088419 1 0 1706660403
WALL 21088419 1 0 1706660404
WALL 21088419 1 0 1706660405
WALL 21088419 1 0 1706660406
WALL 21088419 1 0 1706660407
WALL 21088419 1 0 1706660408
WALL 21088419 1 0 1706660409
WALL 21088419 1 0 1706660410
WALL 21088419 1 0 1706660411
WALL 21088419 1 0 1706660412
WALL 21088419 1 0 1706660413
WALL 21088419 1 0 1706660414
WALL 21088419 1 0 1706660415
WALL 21088419 1 0 1706660416
WALL 21088419 1 0 1706660417
WALL 21088419 1 0 1706660418
WALL 21088419 1 0 1706660419
WALL 21088419 1 0 1706660420
WALL 21088419 1 0 1706660421
WALL 21088419 1 0 1706660422
WALL 21088419 1 0 1706660423
WALL 21088419 1 0 1706660424
WALL 21088419 1 0 1706660425
WALL 21088419 1 0 1706660426
WALL 21088419 1 0 1706660427
WALL 21088419 1 0 1706660428
WALL 21088419 1 0 1706660429
WALL 21088419 1 0 1706660430
WALL 21088419 1 0 1706660431
WALL 21088419 1 0 1706660432
WALL 21088419 1 0 1706660433
WALL 21088419 1 0 1706660434
WALL 21088419 1 0 1706660435
WALL 21088419 1 0 1706660436
WALL 21088419 1 0 1706660437
WALL 21088419 1 0 1706660438
WALL 21088419 1 0 1706660439
WALL 21088419 1 0 1706660440
WALL 21088419 1 0 1706660441
WALL 21088419 1 0 1706660442
WALL 21088419 1 0 1706660443
WALL 21088419 1 0 1706660444
WALL 21088419 1 0 1706660445
WALL 21088419 1 0 1706660446
WALL 21088419 1 0 1706660447
WALL 21088419 1 0 1706660448
WALL 21088419 1 0 1706660449
WALL 21088419 1 0 1706660450
WALL 21088419 1 0 1706660451
WALL 21088419 1 0 1706660452
WALL 21088419 1 0 1706660453
WALL 21088419 1 0 1706660454
WALL 21088419 1 0 1706660455
WALL 21088419 1 0 1706660456
WALL 21088419 1 0 1706660457
WALL 21088419 1 0 1706660458
WALL 21088419 1 0 1706660459
WALL 21088419 1 0 1706660460
WALL 21088419 1 0 1706660461
WALL 21088419 1 0 1706660462
WALL 21088419 1 0 1706660463
WALL 21088419 1 0 1706660464
WALL 21088419 1 0 1706660465
WALL 21088419 1 0 1706660466
WALL 21088419 1 0 1706660467
WALL 21088419 1 0 1706660468
WALL 21088419 1 0 1706660469
WALL 21088419 1 0 1706660470
WALL 21088419 1 0 1706660471
WALL 21088419 1 0 1706660472
WALL 21088419 1 0 1706660473
WALL 21088419 1 0 1706660474
WALL 21088419 1 0 1706660475
WALL 21088419 1 0 1706660476
WALL 21088419 1 0 1706660477
WALL 21088419 1 0 1706660478
WALL 21088419 1 0 1706660479
WALL 21088419 1 0 1706660480
WALL 21088419 1 0 1706660481
WALL 21088419 1 0 1706660482
WALL 21088419 1 0 1706660483
WALL 21088419 1 0 1706660484
WALL 21088419 1 0 1706660485
WALL 21088419 1 0 1706660486
WALL 21088419 1 0 1706660487
WALL 21088419 1 0 1706660488
WALL 21088419 1 0 1706660489
WALL 21088419 1 0 1706660490
WALL 21088419 1 0 1706660491
WALL 21088419 1 0 1706660492
WALL 21088419 1 0 1706660493
WALL 21088419 1 0 1706660494
WALL 21088419 1 0 1706660495
WALL 21088419 1 0 1706660496
WALL 21088419 1 0 1706660497
WALL 21088419 1 0 1706660498
WALL 21088419 1 0 1706660499
WALL 21088419 1 0 1706660500
WALL 21088419 1 0 1706660501
WALL 21088419 1 0 1706660502
WALL 21088419 1 0 1706660503
WALL 21088419 1 0 1706660504
WALL 21088419 1 0 1706660505
WALL 21088419 1 0 1706660506
WALL 21088419 1 0 1706660507
WALL 21088419 1 0 1706660508
WALL 21088419 1 0 1706660509
WALL 21088419 1 0 1706660510
WALL 21088419 1 0 1706660511
WALL 21088419 1 0 1706660512
WALL 21088419 1 0 1706660513
WALL 21088419 1 0 1706660514
WALL 21088419 1 0 1706660515
WALL 21088419 1 0 1706660516
WALL 21088419 1 0 1706660517
WALL 21088419 1 0 1706660518
WALL 21088419 1 0 1706660519
WALL 21088419 1 0 1706660520
WALL 21088419 1 0 1706660521
WALL 21088419 1 0 1706660522
WALL 21088419 1 0 1706660523
WALL 21088419 1 0 1706660524
WALL 21088419 1 0 1706660525
WALL 21088419 1 0 1706660526
WALL 21088419 1 0 1706660527
WALL 21088419 1 0 1706660528
WALL 21088419 1 0 1706660529
WALL 21088419 1 0 1706660530
WALL 21088419 1 0 1706660531
WALL 21088419 1 0 1706660532
WALL 21088419 1 0 1706660533
WALL 21088419 1 0 1706660534
WALL 21088419 1 0 1706660535
WALL 21088419 1 0 1706660536
WALL 21088419 1 0 1706660537
WALL 21088419 1 0 1706660538
WALL 21088419 1 0 1706660539
WALL 21088419 1 0 1706660540
WALL 21088419 1 0 1706660541
WALL 21088419 1 0 1706660542
WALL 21088419 1 0 1706660543
WALL 21088419 1 0 1706660544
WALL 21088419 1 0 1706660545
WALL 21088419 1 0 1706660546
WALL 21088419 1 0 1706660547
WALL 21088419 1 0 1706660548
WALL 21088419 1 0 1706660549
WALL 21088419 1 0 1706660550
WALL 21088419 1 0 1706660551
WALL 21088419 1 0 1706660552
WALL 21088419 1 0 1706660553
WALL 21088419 1 0 1706660554
WALL 21088419 1 0 1706660555
WALL 21088419 1 0 1706660556
WALL 21088419 1 0 1706660557
WALL 21088419 1 0 1706660558
WALL 21088419 1 0 1706660559
WALL 21088419 1 0 1706660560
WALL 21088419 1 0 1706660561
WALL 21088419 1 0 1706660562
WALL 21088419 1 0 1706660563
WALL 21088419 1 0 1706660564
WALL 21088419 1 0 1706660565
WALL 21088419 1 0 1706660566
WALL 21088419 1 0 1706660567
WALL 21088419 1 0 1706660568
WALL 21088419 1 0 1706660569
WALL 21088419 1 0 1706660570
WALL 21088419 1 0 1706660571
WALL 21088419 1 0 1706660572
WALL 21088419 1 0 1706660573
WALL 21088419 1 0 1706660574
WALL 21088419 1 0 1706660575
WALL 21088419 1 0 1706660576
WALL 21088419 1 0 1706660577
WALL 21088419 1 0 1706660578
WALL 21088419 1 0 1706660579
WALL 21088419 1 0 1706660580
WALL 21088419 1 0 1706660581
WALL 21088419 1 0 1706660582
WALL 21088419 1 0 1706660583
WALL 21088419 1 0 1706660584
WALL 21088419 1 0 1706660585
WALL 21088419 1 0 1706660586
WALL 21088419 1 0 1706660587
WALL 21088419 1 0 1706660588
WALL 21088419 1 0 1706660589
WALL 21088419 1 0 1706660590
WALL 21088419 1 0 1706660591
WALL 21088419 1 0 1706660592
WALL 21088419 1 0 1706660593
WALL 21088419 1 0 1706660594
WALL 21088419 1 0 1706660595
WALL 21088419 1 0 1706660596
WALL 21088419 1 0 1706660597
WALL 21088419 1 0 1706660598
WALL 21088419 1 0 1706660599
WALL 21088419 1 0 1706660600
WALL 21088419 1 0 1706660601
WALL 21088419 1 0 1706660602
WALL 21088419 1 0 1706660603
WALL 21088419 1 0 1706660604
WALL 21088419 1 0 1706660605
WALL 21088419 1 0 1706660606
WALL 21088419 1 0 1706660607
WALL 21088419 1 0 1706660608
WALL 21088419 1 0 1706660609
WALL 21088419 1 0 1706660610
WALL 21088419 1 0 1706660611
WALL 21088419 1 0 1706660612
WALL 21088419 1 0 1706660613
WALL 21088419 1 0 1706660614
WALL 21088419 1 0 1706660615
WALL 21088419 1 0 1706660616
WALL 21088419 1 0 1706660617
WALL 21088419 1 0 1706660618
WALL 21088419 1 0 1706660619
WALL 21088419 1 0 1706660620
WALL 21088419 1 0 1706660621
WALL 21088419 1 0 1706660622
WALL 21088419 1 0 1706660623
WALL 21088419 1 0 1706660624
WALL 21088419 1 0 1706660625
WALL 21088419 1 0 1706660626
WALL 21088419 1 0 1706660627
WALL 21088419 1 0 1706660628
WALL 21088419 1 0 1706660629
WALL 21088419 1 0 1706660630
WALL 21088419 1 0 1706660631
WALL 21088419 1 0 1706660632
WALL 21088419 1 0 1706660633
WALL 21088419 1 0 1706660634
WALL 21088419 1 0 1706660635
WALL 21088419 1 0 1706660636
WALL 21088419 1 0 1706660637
WALL 21088419 1 0 1706660638
WALL 21088419 1 0 1706660639
WALL 21088419 1 0 1706660640
WALL 21088419 1 0 1706660641
WALL 21088419 1 0 1706660642
WALL 21088419 1 0 1706660643
WALL 21088419 1 0 1706660644
WALL 21088419 1 0 1706660645
WALL 21088419 1 0 1706660646
WALL 21088419 1 0 1706660647
WALL 21088419 1 0 1706660648
WALL 21088419 1 0 1706660649
WALL 21088419 1 0 1706660650
WALL 21088419 1 0 1706660651
WALL 21088419 1 0 1706660652
WALL 21088419 1 0 1706660653
WALL 21088419 1 0 1706660654
WALL 21088419 1 0 1706660655
WALL 21088419 1 0 1706660656
WALL 21088419 1 0 1706660657
WALL 21088419 1 0 1706660658
WALL 21088419 1 0 1706660659
WALL 21088419 1 0 1706660660
WALL 21088419 1 0 1706660661
WALL 21088419 1 0 1706660662
WALL 21088419 1 0 1706660663
WALL 21088419 1 0 1706660664
WALL 21088419 1 0 1706660665
WALL 21088419 1 0 1706660666
WALL 21088419 1 0 1706660667
WALL 21088419 1 0 1706660668
WALL 21088419 1 0 1706660669
WALL 21088419 1 0 1706660670
WALL 21088419 1 0 1706660671
WALL 21088419 1 0 1706660672
WALL 21088419 1 0 1706660673
WALL 21088419 1 0 1706660674
WALL 21088419 1 0 1706660675
WALL 21088419 1 0 1706660676
WALL 21088419 1 0 1706660677
WALL 21088419 1 0 1706660678
WALL 21088419 1 0 1706660679
WALL 21088419 1 0 1706660680
WALL 21088419 1 0 1706660681
WALL 21088419 1 0 1706660682
WALL 21088419 1 0 1706660683
WALL 21088419 1 0 1706660684
WALL 21088419 1 0 1706660685
WALL 21088419 1 0 1706660686
WALL 21088419 1 0 1706660687
WALL 21088419 1 0 1706660688
WALL 21088419 1 0 1706660689
WALL 21088419 1 0 1706660690
WALL 21088419 1 0 1706660691
WALL 21088419 1 0 1706660692
WALL 21088419 1 0 1706660693
WALL 21088419 1 0 1706660694
WALL 21088419 1 0 1706660695
WALL 21088419 1 0 1706660696
WALL 21088419 1 0 1706660697
WALL 21088419 1 0 1706660698
WALL 21088419 1 0 1706660699
WALL 21088419 1 0 1706660700
WALL 21088419 1 0 1706660701
WALL 21088419 1 0 1706660702
WALL 21088419 1 0 1706660703
WALL 21088419 1 0 1706660704
WALL 21088419 1 0 1706660705
WALL 21088419 1 0 1706660706
WALL 21088419 1 0 1706660707
WALL 21088419 1 0 1706660708
WALL 21088419 1 0 1706660709
WALL 21088419 1 0 1706660710
WALL 21088419 1 0 1706660711
WALL 21088419 1 0 1706660712
WALL 21088419 1 0 1706660713
WALL 21088419 1 0 1706660714
WALL 21088419 1 0 1706660715
WALL 21088419 1 0 1706660716
WALL 21088419 1 0 1706660717
WALL 21088419 1 0 1706660718
WALL 21088419 1 0 1706660719
WALL 21088419 1 0 1706660720
WALL 21088419 1 0 1706660721
WALL 21088419 1 0 1706660722
WALL 21088419 1 0 1706660723
WALL 21088419 1 0 1706660724
WALL 21088419 1 0 1706660725
WALL 21088419 1 0 1706660726
WALL 21088419 1 0 1706660727
WALL 21088419 1 0 1706660728
WALL 21088419 1 0 1706660729
WALL 21088419 1 0 1706660730
WALL 21088419 1 0 1706660731
WALL 21088419 1 0 1706660732
WALL 21088419 1 0 1706660733
WALL 21088419 1 0 1706660734
WALL 21088419 1 0 1706660735
WALL 21088419 1 0 1706660736
WALL 21088419 1 0 1706660737
WALL 21088419 1 0 1706660738
WALL 21088419 1 0 1706660739
WALL 21088419 1 0 1706660740
WALL 21088419 1 0 1706660741
WALL 21088419 1 0 1706660742
WALL 21088419 1 0 1706660743
WALL 21088419 1 0 1706660744
WALL 21088419 1 0 1706660745
WALL 21088419 1 0 1706660746
WALL 21088419 1 0 1706660747
WALL 21088419 1 0 1706660748
WALL 21088419 1 0 1706660749
WALL 21088419 1 0 1706660750
WALL 21088419 1 0 1706660751
WALL 21088419 1 0 1706660752
WALL 21088419 1 0 1706660753
WALL 21088419 1 0 1706660754
WALL 21088419 1 0 1706660755
WALL 21088419 1 0 1706660756
WALL 21088419 1 0 1706660757
WALL 21088419 1 0 1706660758
WALL 21088419 1 0 1706660759
WALL 21088419 1 0 1706660760
WALL 21088419 1 0 1706660761
WALL 21088419 1 0 1706660762
WALL 21088419 1 0 1706660763
WALL 21088419 1 0 1706660764
WALL 21088419 1 0 1706660765
WALL 21088419 1 0 1706660766
WALL 21088419 1 0 1706660767
WALL 21088419 1 0 1706660768
WALL 21088419 1 0 1706660769
WALL 21088419 1 0 1706660770
WALL 21088419 1 0 1706660771
WALL 21088419 1 0 1706660772
WALL 21088419 1 0 1706660773
WALL 21088419 1 0 1706660774
WALL 21088419 1 0 1706660775
WALL 21088419 1 0 1706660776
WALL 21088419 1 0 1706660777
WALL 21088419 1 0 1706660778
WALL 21088419 1 0 1706660779
WALL 21088419 1 0 1706660780
WALL 21088419 1 0 1706660781
WALL 21088419 1 0 1706660782
WALL 21088419 1 0 1706660783
WALL 21088419 1 0 1706660784
WALL 21088419 1 0 1706660785
WALL 21088419 1 0 1706660786
WALL 21088419 1 0 1706660787
WALL 21088419 1 0 1706660788
WALL 21088419 1 0 1706660789
WALL 21088419 1 0 1706660790
WALL 21088419 1 0 1706660791
WALL 21088419 1 0 1706660792
WALL 21088419 1 0 1706660793
WALL 21088419 1 0 1706660794
WALL 21088419 1 0 1706660795
WALL 21088419 1 0 1706660796
WALL 21088419 1 0 1706660797
WALL 21088419 1 0 1706660798
WALL 21088419 1 0 1706660799
WALL 21088419 1 0 1706660800
WALL 21088419 1 0 1706660801
WALL 21088419 1 0 1706660802
WALL 21088419 1 0 1706660803
WALL 21088419 1 0 1706660804
WALL 21088419 1 0 1706660805
WALL 21088419 1 0 1706660806
WALL 21088419 1 0 1706660807
WALL 21088419 1 0 1706660808
WALL 21088419 1 0 1706660809
WALL 21088419 1 0 1706660810
WALL 21088419 1 0 1706660811
WALL 21088419 1 0 1706660812
WALL 21088419 1 0 1706660813
WALL 21088419 1 0 1706660814
WALL 21088419 1 0 1706660815
WALL 21088419 1 0 1706660816
WALL 21088419 1 0 1706660817
WALL 21088419 1 0 1706660818
WALL 21088419 1 0 1706660819
WALL 21088419 1 0 1706660820
WALL 21088419 1 0 1706660821
WALL 21088419 1 0 1706660822
WALL 21088419 1 0 1706660823
WALL 21088419 1 0 1706660824
WALL 21088419 1 0 1706660825
WALL 21088419 1 0 1706660826
WALL 21088419 1 0 1706660827
WALL 21088419 1 0 1706660828
WALL 21088419 1 0 1706660829
WALL 21088419 1 0 1706660830
WALL 21088419 1 0 1706660831
WALL 21088419 1 0 1706660832
WALL 21088419 1 0 1706660833
WALL 21088419 1 0 1706660834
WALL 21088419 1 0 1706660835
WALL 21088419 1 0 1706660836
WALL 21088419 1 0 1706660837
WALL 21088419 1 0 1706660838
WALL 21088419 1 0 1706660839
WALL 21088419 1 0 1706660840
WALL 21088419 1 0 1706660841
WALL 21088419 1 0 1706660842
WALL 21088419 1 0 1706660843
WALL 21088419 1 0 1706660844
WALL 21088419 1 0 1706660845
WALL 21088419 1 0 1706660846
WALL 21088419 1 0 1706660847
WALL 21088419 1 0 1706660848
WALL 21088419 1 0 1706660849
WALL 21088419 1 0 1706660850
WALL 21088419 1 0 1706660851
WALL 21088419 1 0 1706660852
WALL 21088419 1 0 1706660853
WALL 21088419 1 0 1706660854
WALL 21088419 1 0 1706660855
WALL 21088419 1 0 1706660856
WALL 21088419 1 0 1706660857
WALL 21088419 1 0 1706660858
WALL 21088419 1 0 1706660859
WALL 21088419 1 0 1706660860
WALL 21088419 1 0 1706660861
WALL 21088419 1 0 1706660862
WALL 21088419 1 0 1706660863
WALL 21088419 1 0 1706660864
WALL 21088419 1 0 1706660865
WALL 21088419 1 0 1706660866
WALL 21088419 1 0 1706660867
WALL 21088419 1 0 1706660868
WALL 21088419 1 0 1706660869
WALL 21088419 1 0 1706660870
WALL 21088419 1 0 1706660871
WALL 21088419 1 0 1706660872
WALL 21088419 1 0 1706660873
WALL 21088419 1 0 1706660874
WALL 21088419 1 0 1706660875
WALL 21088419 1 0 1706660876
WALL 21088419 1 0 1706660877
WALL 21088419 1 0 1706660878
WALL 21088419 1 0 1706660879
WALL 21088419 1 0 1706660880
WALL 21088419 1 0 1706660881
WALL 21088419 1 0 1706660882
WALL 21088419 1 0 1706660883
WALL 21088419 1 0 1706660884
WALL 21088419 1 0 1706660885
WALL 21088419 1 0 1706660886
WALL 21088419 1 0 1706660887
WALL 21088419 1 0 1706660888
WALL 21088419 1 0 1706660889
WALL 21088419 1 0 1706660890
WALL 21088419 1 0 1706660891
WALL 21088419 1 0 1706660892
WALL 21088419 1 0 1706660893
WALL 21088419 1 0 1706660894
WALL 21088419 1 0 1706660895
WALL 21088419 1 0 1706660896
WALL 21088419 1 0 1706660897
WALL 21088419 1 0 1706660898
WALL 21088419 1 0 1706660899
WALL 21088419 1 0 1706660900
WALL 21088419 1 0 1706660901
WALL 21088419 1 0 1706660902
WALL 21088419 1 0 1706660903
WALL 21088419 1 0 1706660904
WALL 21088419 1 0 1706660905
WALL 21088419 1 0 1706660906
WALL 21088419 1 0 1706660907
WALL 21088419 1 0 1706660908
WALL 21088419 1 0 1706660909
WALL 21088419 1 0 1706660910
WALL 21088419 1 0 1706660911
WALL 21088419 1 0 1706660912
WALL 21088419 1 0 1706660913
WALL 21088419 1 0 1706660914
WALL 21088419 1 0 1706660915
WALL 21088419 1 0 1706660916
WALL 21088419 1 0 1706660917
WALL 21088419 1 0 1706660918
WALL 21088419 1 0 1706660919
WALL 21088419 1 0 1706660920
WALL 21088419 1 0 1706660921
WALL 21088419 1 0 1706660922
WALL 21088419 1 0 1706660923
WALL 21088419 1 0 1706660924
WALL 21088419 1 0 1706660925
WALL 21088419 1 0 1706660926
WALL 21088419 1 0 1706660927
WALL 21088419 1 0 1706660928
WALL 21088419 1 0 1706660929
WALL 21088419 1 0 1706660930
WALL 21088419 1 0 1706660931
WALL 21088419 1 0 1706660932
WALL 21088419 1 0 1706660933
WALL 21088419 1 0 1706660934
WALL 21088419 1 0 1706660935
WALL 21088419 1 0 1706660936
WALL 21088419 1 0 1706660937
WALL 21088419 1 0 1706660938
WALL 21088419 1 0 1706660939
WALL 21088419 1 0 1706660940
WALL 21088419 1 0 1706660941
WALL 21088419 1 0 1706660942
WALL 21088419 1 0 1706660943
WALL 21088419 1 0 1706660944
WALL 21088419 1 0 1706660945
WALL 21088419 1 0 1706660946
WALL 21088419 1 0 1706660947
WALL 21088419 1 0 1706660948
WALL 21088419 1 0 1706660949
WALL 21088419 1 0 1706660950
WALL 21088419 1 0 1706660951
WALL 21088419 1 0 1706660952
WALL 21088419 1 0 1706660953
WALL 21088419 1 0 1706660954
WALL 21088419 1 0 1706660955
WALL 21088419 1 0 1706660956
WALL 21088419 1 0 1706660957
WALL 21088419 1 0 1706660958
WALL 21088419 1 0 1706660959
WALL 21088419 1 0 1706660960
WALL 21088419 1 0 1706660961
WALL 21088419 1 0 1706660962
WALL 21088419 1 0 1706660963
WALL 21088419 1 0 1706660964
WALL 21088419 1 0 1706660965
WALL 21088419 1 0 1706660966
WALL 21088419 1 0 1706660967
WALL 21088419 1 0 1706660968
WALL 21088419 1 0 1706660969
WALL 21088419 1 0 1706660970
WALL 21088419 1 0 1706660971
WALL 21088419 1 0 1706660972
WALL 21088419 1 0 1706660973
WALL 21088419 1 0 1706660974
WALL 21088419 1 0 1706660975
WALL 21088419 1 0 1706660976
WALL 21088419 1 0 1706660977
WALL 21088419 1 0 1706660978
WALL 21088419 1 0 1706660979
WALL 21088419 1 0 1706660980
WALL 21088419 1 0 1706660981
WALL 21088419 1 0 1706660982
WALL 21088419 1 0 1706660983
WALL 21088419 1 0 1706660984
WALL 21088419 1 0 1706660985
WALL 21088419 1 0 1706660986
WALL 21088419 1 0 1706660987
WALL 21088419 1 0 1706660988
WALL 21088419 1 0 1706660989
WALL 21088419 1 0 1706660990
WALL 21088419 1 0 1706660991
WALL 21088419 1 0 1706660992
WALL 21088419 1 0 1706660993
WALL 21088419 1 0 1706660994
WALL 21088419 1 0 1706660995
WALL 21088419 1 0 1706660996
WALL 21088419 1 0 1706660997
WALL 21088419 1 0 1706660998
WALL 21088419 1 0 1706660999
WALL 21088419 1 0 1706661000
WALL 21088419 1 0 1706661001
WALL 21088419 1 0 1706661002
WALL 21088419 1 0 1706661003
WALL 21088419 1 0 1706661004
WALL 21088419 1 0 1706661005
WALL 21088419 1 0 1706661006
WALL 21088419 1 0 1706661007
WALL 21088419 1 0 1706661008
WALL 21088419 1 0 1706661009
WALL 21088419 1 0 1706661010
WALL 21088419 1 0 1706661011
WALL 21088419 1 0 1706661012
WALL 21088419 1 0 1706661013
WALL 21088419 1 0 1706661014
WALL 21088419 1 0 1706661015
WALL 21088419 1 0 1706661016
WALL 21088419 1 0 1706661017
WALL 21088419 1 0 1706661018
WALL 21088419 1 0 1706661019
WALL 21088419 1 0 1706661020
WALL 21088419 1 0 1706661021
WALL 21088419 1 0 1706661022
WALL 21088419 1 0 1706661023
WALL 21088419 1 0 1706661024
WALL 21088419 1 0 1706661025
WALL 21088419 1 0 1706661026
WALL 21088419 1 0 1706661027
WALL 21088419 1 0 1706661028
WALL 21088419 1 0 1706661029
WALL 21088419 1 0 1706661030
WALL 21088419 1 0 1706661031
WALL 21088419 1 0 1706661032
WALL 21088419 1 0 1706661033
WALL 21088419 1 0 1706661034
WALL 21088419 1 0 1706661035
WALL 21088419 1 0 1706661036
WALL 21088419 1 0 1706661037
WALL 21088419 1 0 1706661038
WALL 21088419 1 0 1706661039
WALL 21088419 1 0 1706661040
WALL 21088419 1 0 1706661041
WALL 21088419 1 0 1706661042
WALL 21088419 1 0 1706661043
WALL 21088419 1 0 1706661044
WALL 21088419 1 0 1706661045
WALL 21088419 1 0 1706661046
WALL 21088419 1 0 1706661047
WALL 21088419 1 0 1706661048
WALL 21088419 1 0 1706661049
WALL 21088419 1 0 1706661050
WALL 21088419 1 0 1706661051
WALL 21088419 1 0 1706661052
WALL 21088419 1 0 1706661053
WALL 21088419 1 0 1706661054
WALL 21088419 1 0 1706661055
WALL 21088419 1 0 1706661056
WALL 21088419 1 0 1706661057
WALL 21088419 1 0 1706661058
WALL 21088419 1 0 1706661059
WALL 21088419 1 0 1706661060
WALL 21088419 1 0 1706661061
WALL 21088419 1 0 1706661062
WALL 21088419 1 0 1706661063
WALL 21088419 1 0 1706661064
WALL 21088419 1 0 1706661065
WALL 21088419 1 0 1706661066
WALL 21088419 1 0 1706661067
WALL 21088419 1 0 1706661068
WALL 21088419 1 0 1706661069
WALL 21088419 1 0 1706661070
WALL 21088419 1 0 1706661071
WALL 21088419 1 0 1706661072
WALL 21088419 1 0 1706661073
WALL 21088419 1 0 1706661074
WALL 21088419 1 0 1706661075
WALL 21088419 1 0 1706661076
WALL 21088419 1 0 1706661077
WALL 21088419 1 0 1706661078
WALL 21088419 1 0 1706661079
WALL 21088419 1 0 1706661080
WALL 21088419 1 0 1706661081
WALL 21088419 1 0 1706661082
WALL 21088419 1 0 1706661083
WALL 21088419 1 0 1706661084
WALL 21088419 1 0 1706661085
WALL 21088419 1 0 1706661086
WALL 21088419 1 0 1706661087
WALL 21088419 1 0 1706661088
WALL 21088419 1 0 1706661089
WALL 21088419 1 0 1706661090
WALL 21088419 1 0 1706661091
WALL 21088419 1 0 1706661092
WALL 21088419 1 0 1706661093
WALL 21088419 1 0 1706661094
WALL 21088419 1 0 1706661095
WALL 21088419 1 0 1706661096
WALL 21088419 1 0 1706661097
WALL 21088419 1 0 1706661098
WALL 21088419 1 0 1706661099
WALL 21088419 1 0 1706661100
WALL 21088419 1 0 1706661101
WALL 21088419 1 0 1706661102
WALL 21088419 1 0 1706661103
WALL 21088419 1 0 1706661104
WALL 21088419 1 0 1706661105
WALL 21088419 1 0 1706661106
WALL 21088419 1 0 1706661107
WALL 21088419 1 0 1706661108
WALL 21088419 1 0 1706661109
WALL 21088419 1 0 1706661110
WALL 21088419 1 0 1706661111
WALL 21088419 1 0 1706661112
WALL 21088419 1 0 1706661113
WALL 21088419 1 0 1706661114
WALL 21088419 1 0 1706661115
WALL 21088419 1 0 1706661116
WALL 21088419 1 0 1706661117
WALL 21088419 1 0 1706661118
WALL 21088419 1 0 1706661119
WALL 21088419 1 0 1706661120
WALL 21088419 1 0 1706661121
WALL 21088419 1 0 1706661122
WALL 21088419 1 0 1706661123
WALL 21088419 1 0 1706661124
WALL 21088419 1 0 1706661125
WALL 21088419 1 0 1706661126
WALL 21088419 1 0 1706661127
WALL 21088419 1 0 1706661128
WALL 21088419 1 0 1706661129
WALL 21088419 1 0 1706661130
WALL 21088419 1 0 1706661131
WALL 21088419 1 0 1706661132
WALL 21088419 1 0 1706661133
WALL 21088419 1 0 1706661134
WALL 21088419 1 0 1706661135
WALL 21088419 1 0 1706661136
WALL 21088419 1 0 1706661137
WALL 21088419 1 0 1706661138
WALL 21088419 1 0 1706661139
WALL 21088419 1 0 1706661140
WALL 21088419 1 0 1706661141
WALL 21088419 1 0 1706661142
WALL 21088419 1 0 1706661143
WALL 21088419 1 0 1706661144
WALL 21088419 1 0 1706661145
WALL 21088419 1 0 1706661146
WALL 21088419 1 0 1706661147
WALL 21088419 1 0 1706661148
WALL 21088419 1 0 1706661149
WALL 21088419 1 0 1706661150
WALL 21088419 1 0 1706661151
WALL 21088419 1 0 1706661152
WALL 21088419 1 0 1706661153
WALL 21088419 1 0 1706661154
WALL 21088419 1 0 1706661155
WALL 21088419 1 0 1706661156
WALL 21088419 1 0 1706661157
WALL 21088419 1 0 1706661158
WALL 21088419 1 0 1706661159
WALL 21088419 1 0 1706661160
WALL 21088419 1 0 1706661161
WALL 21088419 1 0 1706661162
WALL 21088419 1 0 1706661163
WALL 21088419 1 0 1706661164
WALL 21088419 1 0 1706661165
WALL 21088419 1 0 1706661166
WALL 21088419 1 0 1706661167
WALL 21088419 1 0 1706661168
WALL 21088419 1 0 1706661169
WALL 21088419 1 0 1706661170
WALL 21088419 1 0 1706661171
WALL 21088419 1 0 1706661172
WALL 21088419 1 0 1706661173
WALL 21088419 1 0 1706661174
WALL 21088419 1 0 1706661175
WALL 21088419 1 0 1706661176
WALL 21088419 1 0 1706661177
WALL 21088419 1 0 1706661178
WALL 21088419 1 0 1706661179
WALL 21088419 1 0 1706661180
WALL 21088419 1 0 1706661181
WALL 21088419 1 0 1706661182
WALL 21088419 1 0 1706661183
WALL 21088419 1 0 1706661184
WALL 21088419 1 0 1706661185
WALL 21088419 1 0 1706661186
WALL 21088419 1 0 1706661187
WALL 21088419 1 0 1706661188
WALL 21088419 1 0 1706661189
WALL 21088419 1 0 1706661190
WALL 21088419 1 0 1706661191
WALL 21088419 1 0 1706661192
WALL 21088419 1 0 1706661193
WALL 21088419 1 0 1706661194
WALL 21088419 1 0 1706661195
WALL 21088419 1 0 1706661196
WALL 21088419 1 0 1706661197
WALL 21088419 1 0 1706661198
WALL 21088419 1 0 1706661199
WALL 21088419 1 0 1706661200
WALL 21088419 1 0 1706661201
WALL 21088419 1 0 1706661202
WALL 21088419 1 0 1706661203
WALL 21088419 1 0 1706661204
WALL 21088419 1 0 1706661205
WALL 21088419 1 0 1706661206
WALL 21088419 1 0 1706661207
WALL 21088419 1 0 1706661208
WALL 21088419 1 0 1706661209
WALL 21088419 1 0 1706661210
WALL 21088419 1 0 1706661211
WALL 21088419 1 0 1706661212
WALL 21088419 1 0 1706661213
WALL 21088419 1 0 1706661214
WALL 21088419 1 0 1706661215
WALL 21088419 1 0 1706661216
WALL 21088419 1 0 1706661217
WALL 21088419 1 0 1706661218
WALL 21088419 1 0 1706661219
WALL 21088419 1 0 1706661220
WALL 21088419 1 0 1706661221
WALL 21088419 1 0 1706661222
WALL 21088419 1 0 1706661223
WALL 21088419 1 0 1706661224
WALL 21088419 1 0 1706661225
WALL 21088419 1 0 1706661226
WALL 21088419 1 0 1706661227
WALL 21088419 1 0 1706661228
WALL 21088419 1 0 1706661229
WALL 21088419 1 0 1706661230
WALL 21088419 1 0 1706661231
WALL 21088419 1 0 1706661232
WALL 21088419 1 0 1706661233
WALL 21088419 1 0 1706661234
WALL 21088419 1 0 1706661235
WALL 21088419 1 0 1706661236
WALL 21088419 1 0 1706661237
WALL 21088419 1 0 1706661238
WALL 21088419 1 0 1706661239
WALL 21088419 1 0 1706661240
WALL 21088419 1 0 1706661241
WALL 21088419 1 0 1706661242
WALL 21088419 1 0 1706661243
WALL 21088419 1 0 1706661244
WALL 21088419 1 0 1706661245
WALL 21088419 1 0 1706661246
WALL 21088419 1 0 1706661247
WALL 21088419 1 0 1706661248
WALL 21088419 1 0 1706661249
WALL 21088419 1 0 1706661250
WALL 21088419 1 0 1706661251
WALL 21088419 1 0 1706661252
WALL 21088419 1 0 1706661253
WALL 21088419 1 0 1706661254
WALL 21088419 1 0 1706661255
WALL 21088419 1 0 1706661256
WALL 21088419 1 0 1706661257
WALL 21088419 1 0 1706661258
WALL 21088419 1 0 1706661259
WALL 21088419 1 0 1706661260
WALL 21088419 1 0 1706661261
WALL 21088419 1 0 1706661262
WALL 21088419 1 0 1706661263
WALL 21088419 1 0 1706661264
WALL 21088419 1 0 1706661265
WALL 21088419 1 0 1706661266
WALL 21088419 1 0 1706661267
WALL 21088419 1 0 1706661268
WALL 21088419 1 0 1706661269
WALL 21088419 1 0 1706661270
WALL 21088419 1 0 1706661271
WALL 21088419 1 0 1706661272
WALL 21088419 1 0 1706661273
WALL 21088419 1 0 1706661274
WALL 21088419 1 0 1706661275
WALL 21088419 1 0 1706661276
WALL 21088419 1 0 1706661277
WALL 21088419 1 0 1706661278
WALL 21088419 1 0 1706661279
WALL 21088419 1 0 1706661280
WALL 21088419 1 0 1706661281
WALL 21088419 1 0 1706661282
WALL 21088419 1 0 1706661283
WALL 21088419 1 0 1706661284
WALL 21088419 1 0 1706661285
WALL 21088419 1 0 1706661286
WALL 21088419 1 0 1706661287
WALL 21088419 1 0 1706661288
WALL 21088419 1 0 1706661289
WALL 21088419 1 0 1706661290
WALL 21088419 1 0 1706661291
WALL 21088419 1 0 1706661292
WALL 21088419 1 0 1706661293
WALL 21088419 1 0 1706661294
WALL 21088419 1 0 1706661295
WALL 21088419 1 0 1706661296
WALL 21088419 1 0 1706661297
WALL 21088419 1 0 1706661298
WALL 21088419 1 0 1706661299
WALL 21088419 1 0 1706661300
WALL 21088419 1 0 1706661301
WALL 21088419 1 0 1706661302
WALL 21088419 1 0 1706661303
WALL 21088419 1 0 1706661304
WALL 21088419 1 0 1706661305
WALL 21088419 1 0 1706661306
WALL 21088419 1 0 1706661307
WALL 21088419 1 0 1706661308
WALL 21088419 1 0 1706661309
WALL 21088419 1 0 1706661310
WALL 21088419 1 0 1706661311
WALL 21088419 1 0 1706661312
WALL 21088419 1 0 1706661313
WALL 21088419 1 0 1706661314
WALL 21088419 1 0 1706661315
WALL 21088419 1 0 1706661316
WALL 21088419 1 0 1706661317
WALL 21088419 1 0 1706661318
WALL 21088419 1 0 1706661319
WALL 21088419 1 0 1706661320
WALL 21088419 1 0 1706661321
WALL 21088419 1 0 1706661322
WALL 21088419 1 0 1706661323
WALL 21088419 1 0 1706661324
WALL 21088419 1 0 1706661325
WALL 21088419 1 0 1706661326
WALL 21088419 1 0 1706661327
WALL 21088419 1 0 1706661328
WALL 21088419 1 0 1706661329
WALL 21088419 1 0 1706661330
WALL 21088419 1 0 1706661331
WALL 21088419 1 0 1706661332
WALL 21088419 1 0 1706661333
WALL 21088419 1 0 1706661334
WALL 21088419 1 0 1706661335
WALL 21088419 1 0 1706661336
WALL 21088419 1 0 1706661337
WALL 21088419 1 0 1706661338
WALL 21088419 1 0 1706661339
WALL 21088419 1 0 1706661340
WALL 21088419 1 0 1706661341
WALL 21088419 1 0 1706661342
WALL 21088419 1 0 1706661343
WALL 21088419 1 0 1706661344
WALL 21088419 1 0 1706661345
WALL 21088419 1 0 1706661346
WALL 21088419 1 0 1706661347
WALL 21088419 1 0 1706661348
WALL 21088419 1 0 1706661349
WALL 21088419 1 0 1706661350
WALL 21088419 1 0 1706661351
WALL 21088419 1 0 1706661352
WALL 21088419 1 0 1706661353
WALL 21088419 1 0 1706661354
WALL 21088419 1 0 1706661355
WALL 21088419 1 0 1706661356
WALL 21088419 1 0 1706661357
WALL 21088419 1 0 1706661358
WALL 21088419 1 0 1706661359
WALL 21088419 1 0 1706661360
WALL 21088419 1 0 1706661361
WALL 21088419 1 0 1706661362
WALL 21088419 1 0 1706661363
WALL 21088419 1 0 1706661364
WALL 21088419 1 0 1706661365
WALL 21088419 1 0 1706661366
WALL 21088419 1 0 1706661367
WALL 21088419 1 0 1706661368
WALL 21088419 1 0 1706661369
WALL 21088419 1 0 1706661370
WALL 21088419 1 0 1706661371
WALL 21088419 1 0 1706661372
WALL 21088419 1 0 1706661373
WALL 21088419 1 0 1706661374
WALL 21088419 1 0 1706661375
WALL 21088419 1 0 1706661376
WALL 21088419 1 0 1706661377
WALL 21088419 1 0 1706661378
WALL 21088419 1 0 1706661379
WALL 21088419 1 0 1706661380
WALL 21088419 1 0 1706661381
WALL 21088419 1 0 1706661382
WALL 21088419 1 0 1706661383
WALL 21088419 1 0 1706661384
WALL 21088419 1 0 1706661385
WALL 21088419 1 0 1706661386
WALL 21088419 1 0 1706661387
WALL 21088419 1 0 1706661388
WALL 21088419 1 0 1706661389
WALL 21088419 1 0 1706661390
WALL 21088419 1 0 1706661391
WALL 21088419 1 0 1706661392
WALL 21088419 1 0 1706661393
WALL 21088419 1 0 1706661394
WALL 21088419 1 0 1706661395
WALL 21088419 1 0 1706661396
WALL 21088419 1 0 1706661397
WALL 21088419 1 0 1706661398
WALL 21088419 1 0 1706661399
WALL 21088419 1 0 1706661400
WALL 21088419 1 0 1706661401
WALL 21088419 1 0 1706661402
WALL 21088419 1 0 1706661403
WALL 21088419 1 0 1706661404
WALL 21088419 1 0 1706661405
WALL 21088419 1 0 1706661406
WALL 21088419 1 0 1706661407
WALL 21088419 1 0 1706661408
WALL 21088419 1 0 1706661409
WALL 21088419 1 0 1706661410
WALL 21088419 1 0 1706661411
WALL 21088419 1 0 1706661412
WALL 21088419 1 0 1706661413
WALL 21088419 1 0 1706661414
WALL 21088419 1 0 1706661415
WALL 21088419 1 0 1706661416
WALL 21088419 1 0 1706661417
WALL 21088419 1 0 1706661418
WALL 21088419 1 0 1706661419
WALL 21088419 1 0 1706661420
WALL 21088419 1 0 1706661421
WALL 21088419 1 0 1706661422
WALL 21088419 1 0 1706661423
WALL 21088419 1 0 1706661424
WALL 21088419 1 0 1706661425
WALL 21088419 1 0 1706661426
WALL 21088419 1 0 1706661427
WALL 21088419 1 0 1706661428
WALL 21088419 1 0 1706661429
WALL 21088419 1 0 1706661430
WALL 21088419 1 0 1706661431
WALL 21088419 1 0 1706661432
WALL 21088419 1 0 1706661433
WALL 21088419 1 0 1706661434
WALL 21088419 1 0 1706661435
WALL 21088419 1 0 1706661436
WALL 21088419 1 0 1706661437
WALL 21088419 1 0 1706661438
WALL 21088419 1 0 1706661439
WALL 21088419 1 0 1706661440
WALL 21088419 1 0 1706661441
WALL 21088419 1 0 1706661442
WALL 21088419 1 0 1706661443
WALL 21088419 1 0 1706661444
WALL 21088419 1 0 1706661445
WALL 21088419 1 0 1706661446
WALL 21088419 1 0 1706661447
WALL 21088419 1 0 1706661448
WALL 21088419 1 0 1706661449
WALL 21088419 1 0 1706661450
WALL 21088419 1 0 1706661451
WALL 21088419 1 0 1706661452
WALL 21088419 1 0 1706661453
WALL 21088419 1 0 1706661454
WALL 21088419 1 0 1706661455
WALL 21088419 1 0 1706661456
WALL 21088419 1 0 1706661457
WALL 21088419 1 0 1706661458
WALL 21088419 1 0 1706661459
WALL 21088419 1 0 1706661460
WALL 21088419 1 0 1706661461
WALL 21088419 1 0 1706661462
WALL 21088419 1 0 1706661463
WALL 21088419 1 0 1706661464
WALL 21088419 1 0 1706661465
WALL 21088419 1 0 1706661466
WALL 21088419 1 0 1706661467
WALL 21088419 1 0 1706661468
WALL 21088419 1 0 1706661469
WALL 21088419 1 0 1706661470
WALL 21088419 1 0 1706661471
WALL 21088419 1 0 1706661472
WALL 21088419 1 0 1706661473
WALL 21088419 1 0 1706661474
WALL 21088419 1 0 1706661475
WALL 21088419 1 0 1706661476
WALL 21088419 1 0 1706661477
WALL 21088419 1 0 1706661478
WALL 21088419 1 0 1706661479
WALL 21088419 1 0 1706661480
WALL 21088419 1 0 1706661481
WALL 21088419 1 0 1706661482
WALL 21088419 1 0 1706661483
WALL 21088419 1 0 1706661484
WALL 21088419 1 0 1706661485
WALL 21088419 1 0 1706661486
WALL 21088419 1 0 1706661487
WALL 21088419 1 0 1706661488
WALL 21088419 1 0 1706661489
WALL 21088419 1 0 1706661490
WALL 21088419 1 0 1706661491
WALL 21088419 1 0 1706661492
WALL 21088419 1 0 1706661493
WALL 21088419 1 0 1706661494
WALL 21088419 1 0 1706661495
WALL 21088419 1 0 1706661496
WALL 21088419 1 0 1706661497
WALL 21088419 1 0 1706661498
WALL 21088419 1 0 1706661499
WALL 21088419 1 0 1706661500
WALL 21088419 1 0 1706661501
WALL 21088419 1 0 1706661502
WALL 21088419 1 0 1706661503
WALL 21088419 1 0 1706661504
WALL 21088419 1 0 1706661505
WALL 21088419 1 0 1706661506
WALL 21088419 1 0 1706661507
WALL 21088419 1 0 1706661508
WALL 21088419 1 0 1706661509
WALL 21088419 1 0 1706661510
WALL 21088419 1 0 1706661511
WALL 21088419 1 0 1706661512
WALL 21088419 1 0 1706661513
WALL 21088419 1 0 1706661514
WALL 21088419 1 0 1706661515
WALL 21088419 1 0 1706661516
WALL 21088419 1 0 1706661517
WALL 21088419 1 0 1706661518
WALL 21088419 1 0 1706661519
WALL 21088419 1 0 1706661520
WALL 21088419 1 0 1706661521
WALL 21088419 1 0 1706661522
WALL 21088419 1 0 1706661523
WALL 21088419 1 0 1706661524
WALL 21088419 1 0 1706661525
WALL 21088419 1 0 1706661526
WALL 21088419 1 0 1706661527
WALL 21088419 1 0 1706661528
WALL 21088419 1 0 1706661529
WALL 21088419 1 0 1706661530
WALL 21088419 1 0 1706661531
WALL 21088419 1 0 1706661532
WALL 21088419 1 0 1706661533
WALL 21088419 1 0 1706661534
WALL 21088419 1 0 1706661535
WALL 21088419 1 0 1706661536
WALL 21088419 1 0 1706661537
WALL 21088419 1 0 1706661538
WALL 21088419 1 0 1706661539
WALL 21088419 1 0 1706661540
WALL 21088419 1 0 1706661541
WALL 21088419 1 0 1706661542
WALL 21088419 1 0 1706661543
WALL 21088419 1 0 1706661544
WALL 21088419 1 0 1706661545
WALL 21088419 1 0 1706661546
WALL 21088419 1 0 1706661547
WALL 21088419 1 0 1706661548
WALL 21088419 1 0 1706661549
WALL 21088419 1 0 1706661550
WALL 21088419 1 0 1706661551
WALL 21088419 1 0 1706661552
WALL 21088419 1 0 1706661553
WALL 21088419 1 0 1706661554
WALL 21088419 1 0 1706661555
WALL 21088419 1 0 1706661556
WALL 21088419 1 0 1706661557
WALL 21088419 1 0 1706661558
WALL 21088419 1 0 1706661559
WALL 21088419 1 0 1706661560
WALL 21088419 1 0 1706661561
WALL 21088419 1 0 1706661562
WALL 21088419 1 0 1706661563
WALL 21088419 1 0 1706661564
WALL 21088419 1 0 1706661565
WALL 21088419 1 0 1706661566
WALL 21088419 1 0 1706661567
WALL 21088419 1 0 1706661568
WALL 21088419 1 0 1706661569
WALL 21088419 1 0 1706661570
WALL 21088419 1 0 1706661571
WALL 21088419 1 0 1706661572
WALL 21088419 1 0 1706661573
WALL 21088419 1 0 1706661574
WALL 21088419 1 0 1706661575
WALL 21088419 1 0 1706661576
WALL 21088419 1 0 1706661577
WALL 21088419 1 0 1706661578
WALL 21088419 1 0 1706661579
WALL 21088419 1 0 1706661580
WALL 21088419 1 0 1706661581
WALL 21088419 1 0 1706661582
WALL 21088419 1 0 1706661583
WALL 21088419 1 0 1706661584
WALL 21088419 1 0 1706661585
WALL 21088419 1 0 1706661586
WALL 21088419 1 0 1706661587
WALL 21088419 1 0 1706661588
WALL 21088419 1 0 1706661589
WALL 21088419 1 0 1706661590
WALL 21088419 1 0 1706661591
WALL 21088419 1 0 1706661592
WALL 21088419 1 0 1706661593
WALL 21088419 1 0 1706661594
WALL 21088419 1 0 1706661595
WALL 21088419 1 0 1706661596
WALL 21088419 1 0 1706661597
WALL 21088419 1 0 1706661598
WALL 21088419 1 0 1706661599
WALL 21088419 1 0 1706661600
WALL 21088419 1 0 1706661601
WALL 21088419 1 0 1706661602
WALL 21088419 1 0 1706661603
WALL 21088419 1 0 1706661604
WALL 21088419 1 0 1706661605
WALL 21088419 1 0 1706661606
WALL 21088419 1 0 1706661607
WALL 21088419 1 0 1706661608
WALL 21088419 1 0 1706661609
WALL 21088419 1 0 1706661610
WALL 21088419 1 0 1706661611
WALL 21088419 1 0 1706661612
WALL 21088419 1 0 1706661613
WALL 21088419 1 0 1706661614
WALL 21088419 1 0 1706661615
WALL 21088419 1 0 1706661616
WALL 21088419 1 0 1706661617
WALL 21088419 1 0 1706661618
WALL 21088419 1 0 1706661619
WALL 21088419 1 0 1706661620
WALL 21088419 1 0 1706661621
WALL 21088419 1 0 1706661622
WALL 21088419 1 0 1706661623
WALL 21088419 1 0 1706661624
WALL 21088419 1 0 1706661625
WALL 21088419 1 0 1706661626
WALL 21088419 1 0 1706661627
WALL 21088419 1 0 1706661628
WALL 21088419 1 0 1706661629
WALL 21088419 1 0 1706661630
WALL 21088419 1 0 1706661631
WALL 21088419 1 0 1706661632
WALL 21088419 1 0 1706661633
WALL 21088419 1 0 1706661634
WALL 21088419 1 0 1706661635
WALL 21088419 1 0 1706661636
WALL 21088419 1 0 1706661637
WALL 21088419 1 0 1706661638
WALL 21088419 1 0 1706661639
WALL 21088419 1 0 1706661640
WALL 21088419 1 0 1706661641
WALL 21088419 1 0 1706661642
WALL 21088419 1 0 1706661643
WALL 21088419 1 0 1706661644
WALL 21088419 1 0 1706661645
WALL 21088419 1 0 1706661646
WALL 21088419 1 0 1706661647
WALL 21088419 1 0 1706661648
WALL 21088419 1 0 1706661649
WALL 21088419 1 0 1706661650
WALL 21088419 1 0 1706661651
WALL 21088419 1 0 1706661652
WALL 21088419 1 0 1706661653
WALL 21088419 1 0 1706661654
WALL 21088419 1 0 1706661655
WALL 21088419 1 0 1706661656
WALL 21088419 1 0 1706661657
WALL 21088419 1 0 1706661658
WALL 21088419 1 0 1706661659
WALL 21088419 1 0 1706661660
WALL 21088419 1 0 1706661661
WALL 21088419 1 0 1706661662
WALL 21088419 1 0 1706661663
WALL 21088419 1 0 1706661664
WALL 21088419 1 0 1706661665
WALL 21088419 1 0 1706661666
WALL 21088419 1 0 1706661667
WALL 21088419 1 0 1706661668
WALL 21088419 1 0 1706661669
WALL 21088419 1 0 1706661670
WALL 21088419 1 0 1706661671
WALL 21088419 1 0 1706661672
WALL 21088419 1 0 1706661673
WALL 21088419 1 0 1706661674
WALL 21088419 1 0 1706661675
WALL 21088419 1 0 1706661676
WALL 21088419 1 0 1706661677
WALL 21088419 1 0 1706661678
WALL 21088419 1 0 1706661679
WALL 21088419 1 0 1706661680
WALL 21088419 1 0 1706661681
WALL 21088419 1 0 1706661682
WALL 21088419 1 0 1706661683
WALL 21088419 1 0 1706661684
WALL 21088419 1 0 1706661685
WALL 21088419 1 0 1706661686
WALL 21088419 1 0 1706661687
WALL 21088419 1 0 1706661688
WALL 21088419 1 0 1706661689
WALL 21088419 1 0 1706661690
WALL 21088419 1 0 1706661691
WALL 21088419 1 0 1706661692
WALL 21088419 1 0 1706661693
WALL 21088419 1 0 1706661694
WALL 21088419 1 0 1706661695
WALL 21088419 1 0 1706661696
WALL 21088419 1 0 1706661697
WALL 21088419 1 0 1706661698
WALL 21088419 1 0 1706661699
WALL 21088419 1 0 1706661700
WALL 21088419 1 0 1706661701
WALL 21088419 1 0 1706661702
WALL 21088419 1 0 1706661703
WALL 21088419 1 0 1706661704
WALL 21088419 1 0 1706661705
WALL 21088419 1 0 1706661706
WALL 21088419 1 0 1706661707
WALL 21088419 1 0 1706661708
WALL 21088419 1 0 1706661709
received SIGCONT 1706661710
WALL 21088419 1 0 1706661710
slurmstepd: error: *** STEP 21088419.0 ON nid200122 CANCELLED AT 2024-01-31T00:41:50 ***
received SIGTERM 1706661710
WALL 21088419 1 0 1706661710
WALL 21088419 1 0 1706661711
WALL 21088419 1 0 1706661712
WALL 21088419 1 0 1706661713
WALL 21088419 1 0 1706661714
WALL 21088419 1 0 1706661715
WALL 21088419 1 0 1706661716
WALL 21088419 1 0 1706661717
WALL 21088419 1 0 1706661718
WALL 21088419 1 0 1706661719
WALL 21088419 1 0 1706661720
WALL 21088419 1 0 1706661721
WALL 21088419 1 0 1706661722
WALL 21088419 1 0 1706661723
WALL 21088419 1 0 1706661724
WALL 21088419 1 0 1706661725
WALL 21088419 1 0 1706661726
WALL 21088419 1 0 1706661727
WALL 21088419 1 0 1706661728
WALL 21088419 1 0 1706661729
WALL 21088419 1 0 1706661730
WALL 21088419 1 0 1706661731
WALL 21088419 1 0 1706661732
WALL 21088419 1 0 1706661733
WALL 21088419 1 0 1706661734
WALL 21088419 1 0 1706661735
WALL 21088419 1 0 1706661736
WALL 21088419 1 0 1706661737
WALL 21088419 1 0 1706661738
WALL 21088419 1 0 1706661739
WALL 21088419 1 0 1706661740
WALL 21088419 1 0 1706661741
WALL 21088419 1 0 1706661742
WALL 21088419 1 0 1706661743
WALL 21088419 1 0 1706661744
WALL 21088419 1 0 1706661745
WALL 21088419 1 0 1706661746
WALL 21088419 1 0 1706661747
WALL 21088419 1 0 1706661748
WALL 21088419 1 0 1706661749
WALL 21088419 1 0 1706661750
WALL 21088419 1 0 1706661751
WALL 21088419 1 0 1706661752
WALL 21088419 1 0 1706661753
WALL 21088419 1 0 1706661754
WALL 21088419 1 0 1706661755
WALL 21088419 1 0 1706661756
WALL 21088419 1 0 1706661757
WALL 21088419 1 0 1706661758
WALL 21088419 1 0 1706661759
WALL 21088419 1 0 1706661760
WALL 21088419 1 0 1706661761
WALL 21088419 1 0 1706661762
WALL 21088419 1 0 1706661763
WALL 21088419 1 0 1706661764
WALL 21088419 1 0 1706661765
WALL 21088419 1 0 1706661766
WALL 21088419 1 0 1706661767
WALL 21088419 1 0 1706661768
WALL 21088419 1 0 1706661769
WALL 21088419 1 0 1706661770
WALL 21088419 1 0 1706661771
WALL 21088419 1 0 1706661772
WALL 21088419 1 0 1706661773
WALL 21088419 1 0 1706661774
WALL 21088419 1 0 1706661775
WALL 21088419 1 0 1706661776
WALL 21088419 1 0 1706661777
WALL 21088419 1 0 1706661778
WALL 21088419 1 0 1706661779
WALL 21088419 1 0 1706661780
WALL 21088419 1 0 1706661781
WALL 21088419 1 0 1706661782
WALL 21088419 1 0 1706661783
WALL 21088419 1 0 1706661784
WALL 21088419 1 0 1706661785
WALL 21088419 1 0 1706661786
WALL 21088419 1 0 1706661787
WALL 21088419 1 0 1706661788
WALL 21088419 1 0 1706661789
WALL 21088419 1 0 1706661790
WALL 21088419 1 0 1706661791
WALL 21088419 1 0 1706661792
WALL 21088419 1 0 1706661793
WALL 21088419 1 0 1706661794
WALL 21088419 1 0 1706661795
WALL 21088419 1 0 1706661796
WALL 21088419 1 0 1706661797
WALL 21088419 1 0 1706661798
slurmstepd: error: *** JOB 21088419 ON nid200122 CANCELLED AT 2024-01-31T00:43:19 DUE TO PREEMPTION ***
received SIGTERM 1706661799
WALL 21088419 1 0 1706661799
received SIGCONT 1706661799
WALL 21088419 1 0 1706661799
received SIGTERM 1706661799
WALL 21088419 1 0 1706661799
