WALL 21206851 1 0 1706821008
WALL 21206851 1 0 1706821009
WALL 21206851 1 0 1706821010
WALL 21206851 1 0 1706821011
WALL 21206851 1 0 1706821012
WALL 21206851 1 0 1706821013
WALL 21206851 1 0 1706821014
WALL 21206851 1 0 1706821015
WALL 21206851 1 0 1706821016
WALL 21206851 1 0 1706821017
WALL 21206851 1 0 1706821018
WALL 21206851 1 0 1706821019
WALL 21206851 1 0 1706821020
WALL 21206851 1 0 1706821021
WALL 21206851 1 0 1706821022
WALL 21206851 1 0 1706821023
WALL 21206851 1 0 1706821024
WALL 21206851 1 0 1706821025
WALL 21206851 1 0 1706821026
WALL 21206851 1 0 1706821027
WALL 21206851 1 0 1706821028
WALL 21206851 1 0 1706821029
WALL 21206851 1 0 1706821030
WALL 21206851 1 0 1706821031
WALL 21206851 1 0 1706821032
WALL 21206851 1 0 1706821033
WALL 21206851 1 0 1706821034
WALL 21206851 1 0 1706821035
WALL 21206851 1 0 1706821036
WALL 21206851 1 0 1706821037
WALL 21206851 1 0 1706821038
WALL 21206851 1 0 1706821039
WALL 21206851 1 0 1706821040
WALL 21206851 1 0 1706821041
WALL 21206851 1 0 1706821042
WALL 21206851 1 0 1706821043
WALL 21206851 1 0 1706821044
WALL 21206851 1 0 1706821045
WALL 21206851 1 0 1706821046
WALL 21206851 1 0 1706821047
WALL 21206851 1 0 1706821048
WALL 21206851 1 0 1706821049
WALL 21206851 1 0 1706821050
WALL 21206851 1 0 1706821051
WALL 21206851 1 0 1706821052
WALL 21206851 1 0 1706821053
WALL 21206851 1 0 1706821054
WALL 21206851 1 0 1706821055
WALL 21206851 1 0 1706821056
WALL 21206851 1 0 1706821057
WALL 21206851 1 0 1706821058
WALL 21206851 1 0 1706821059
WALL 21206851 1 0 1706821060
WALL 21206851 1 0 1706821061
WALL 21206851 1 0 1706821062
WALL 21206851 1 0 1706821063
WALL 21206851 1 0 1706821064
WALL 21206851 1 0 1706821065
WALL 21206851 1 0 1706821066
WALL 21206851 1 0 1706821067
WALL 21206851 1 0 1706821068
WALL 21206851 1 0 1706821069
WALL 21206851 1 0 1706821070
WALL 21206851 1 0 1706821071
WALL 21206851 1 0 1706821072
WALL 21206851 1 0 1706821073
WALL 21206851 1 0 1706821074
WALL 21206851 1 0 1706821075
WALL 21206851 1 0 1706821076
WALL 21206851 1 0 1706821077
WALL 21206851 1 0 1706821078
WALL 21206851 1 0 1706821079
WALL 21206851 1 0 1706821080
WALL 21206851 1 0 1706821081
WALL 21206851 1 0 1706821082
WALL 21206851 1 0 1706821083
WALL 21206851 1 0 1706821084
WALL 21206851 1 0 1706821085
WALL 21206851 1 0 1706821086
WALL 21206851 1 0 1706821087
WALL 21206851 1 0 1706821088
WALL 21206851 1 0 1706821089
WALL 21206851 1 0 1706821090
WALL 21206851 1 0 1706821091
WALL 21206851 1 0 1706821092
WALL 21206851 1 0 1706821093
WALL 21206851 1 0 1706821094
WALL 21206851 1 0 1706821095
WALL 21206851 1 0 1706821096
WALL 21206851 1 0 1706821097
WALL 21206851 1 0 1706821098
WALL 21206851 1 0 1706821099
WALL 21206851 1 0 1706821100
WALL 21206851 1 0 1706821101
WALL 21206851 1 0 1706821102
WALL 21206851 1 0 1706821103
WALL 21206851 1 0 1706821104
WALL 21206851 1 0 1706821105
WALL 21206851 1 0 1706821106
WALL 21206851 1 0 1706821107
WALL 21206851 1 0 1706821108
WALL 21206851 1 0 1706821109
WALL 21206851 1 0 1706821110
WALL 21206851 1 0 1706821111
WALL 21206851 1 0 1706821112
WALL 21206851 1 0 1706821113
WALL 21206851 1 0 1706821114
WALL 21206851 1 0 1706821115
WALL 21206851 1 0 1706821116
WALL 21206851 1 0 1706821117
WALL 21206851 1 0 1706821118
WALL 21206851 1 0 1706821119
WALL 21206851 1 0 1706821120
WALL 21206851 1 0 1706821121
WALL 21206851 1 0 1706821122
WALL 21206851 1 0 1706821123
WALL 21206851 1 0 1706821124
WALL 21206851 1 0 1706821125
slurmstepd: error: *** STEP 21206851.0 ON nid200087 CANCELLED AT 2024-02-01T20:58:46 ***
received SIGTERM 1706821126
WALL 21206851 1 0 1706821126
received SIGCONT 1706821126
WALL 21206851 1 0 1706821126
WALL 21206851 1 0 1706821127
WALL 21206851 1 0 1706821128
WALL 21206851 1 0 1706821129
WALL 21206851 1 0 1706821130
WALL 21206851 1 0 1706821131
WALL 21206851 1 0 1706821132
WALL 21206851 1 0 1706821133
WALL 21206851 1 0 1706821134
WALL 21206851 1 0 1706821135
WALL 21206851 1 0 1706821136
WALL 21206851 1 0 1706821137
WALL 21206851 1 0 1706821138
WALL 21206851 1 0 1706821139
WALL 21206851 1 0 1706821140
WALL 21206851 1 0 1706821141
WALL 21206851 1 0 1706821142
WALL 21206851 1 0 1706821143
WALL 21206851 1 0 1706821144
WALL 21206851 1 0 1706821145
WALL 21206851 1 0 1706821146
WALL 21206851 1 0 1706821147
WALL 21206851 1 0 1706821148
WALL 21206851 1 0 1706821149
WALL 21206851 1 0 1706821150
WALL 21206851 1 0 1706821151
WALL 21206851 1 0 1706821152
WALL 21206851 1 0 1706821153
WALL 21206851 1 0 1706821154
WALL 21206851 1 0 1706821155
WALL 21206851 1 0 1706821156
WALL 21206851 1 0 1706821157
WALL 21206851 1 0 1706821158
WALL 21206851 1 0 1706821159
WALL 21206851 1 0 1706821160
WALL 21206851 1 0 1706821161
WALL 21206851 1 0 1706821162
WALL 21206851 1 0 1706821163
WALL 21206851 1 0 1706821164
WALL 21206851 1 0 1706821165
WALL 21206851 1 0 1706821166
WALL 21206851 1 0 1706821167
WALL 21206851 1 0 1706821168
WALL 21206851 1 0 1706821169
WALL 21206851 1 0 1706821170
WALL 21206851 1 0 1706821171
WALL 21206851 1 0 1706821172
WALL 21206851 1 0 1706821173
WALL 21206851 1 0 1706821174
WALL 21206851 1 0 1706821175
WALL 21206851 1 0 1706821176
WALL 21206851 1 0 1706821177
WALL 21206851 1 0 1706821178
WALL 21206851 1 0 1706821179
WALL 21206851 1 0 1706821180
WALL 21206851 1 0 1706821181
WALL 21206851 1 0 1706821182
WALL 21206851 1 0 1706821183
WALL 21206851 1 0 1706821184
WALL 21206851 1 0 1706821185
WALL 21206851 1 0 1706821186
WALL 21206851 1 0 1706821187
WALL 21206851 1 0 1706821188
WALL 21206851 1 0 1706821189
WALL 21206851 1 0 1706821190
WALL 21206851 1 0 1706821191
WALL 21206851 1 0 1706821192
WALL 21206851 1 0 1706821193
WALL 21206851 1 0 1706821194
WALL 21206851 1 0 1706821195
WALL 21206851 1 0 1706821196
WALL 21206851 1 0 1706821197
slurmstepd: error: *** JOB 21206851 ON nid200087 CANCELLED AT 2024-02-01T20:59:57 DUE TO PREEMPTION ***
received SIGTERM 1706821197
WALL 21206851 1 0 1706821197
received SIGCONT 1706821197
WALL 21206851 1 0 1706821197
received SIGTERM 1706821197
WALL 21206851 1 0 1706821197
