WALL 21208213 1 0 1706822461
WALL 21208213 1 0 1706822462
WALL 21208213 1 0 1706822463
WALL 21208213 1 0 1706822464
WALL 21208213 1 0 1706822465
WALL 21208213 1 0 1706822466
WALL 21208213 1 0 1706822467
WALL 21208213 1 0 1706822468
WALL 21208213 1 0 1706822469
WALL 21208213 1 0 1706822470
WALL 21208213 1 0 1706822471
WALL 21208213 1 0 1706822472
WALL 21208213 1 0 1706822473
WALL 21208213 1 0 1706822474
WALL 21208213 1 0 1706822475
WALL 21208213 1 0 1706822476
WALL 21208213 1 0 1706822477
WALL 21208213 1 0 1706822478
WALL 21208213 1 0 1706822479
WALL 21208213 1 0 1706822480
WALL 21208213 1 0 1706822481
WALL 21208213 1 0 1706822482
WALL 21208213 1 0 1706822483
WALL 21208213 1 0 1706822484
WALL 21208213 1 0 1706822485
WALL 21208213 1 0 1706822486
WALL 21208213 1 0 1706822487
WALL 21208213 1 0 1706822488
WALL 21208213 1 0 1706822489
WALL 21208213 1 0 1706822490
WALL 21208213 1 0 1706822491
WALL 21208213 1 0 1706822492
WALL 21208213 1 0 1706822493
WALL 21208213 1 0 1706822494
WALL 21208213 1 0 1706822495
WALL 21208213 1 0 1706822496
WALL 21208213 1 0 1706822497
WALL 21208213 1 0 1706822498
WALL 21208213 1 0 1706822499
WALL 21208213 1 0 1706822500
WALL 21208213 1 0 1706822501
WALL 21208213 1 0 1706822502
WALL 21208213 1 0 1706822503
WALL 21208213 1 0 1706822504
WALL 21208213 1 0 1706822505
WALL 21208213 1 0 1706822506
WALL 21208213 1 0 1706822507
WALL 21208213 1 0 1706822508
WALL 21208213 1 0 1706822509
WALL 21208213 1 0 1706822510
WALL 21208213 1 0 1706822511
WALL 21208213 1 0 1706822512
WALL 21208213 1 0 1706822513
WALL 21208213 1 0 1706822514
WALL 21208213 1 0 1706822515
WALL 21208213 1 0 1706822516
WALL 21208213 1 0 1706822517
WALL 21208213 1 0 1706822518
WALL 21208213 1 0 1706822519
WALL 21208213 1 0 1706822520
WALL 21208213 1 0 1706822521
WALL 21208213 1 0 1706822522
WALL 21208213 1 0 1706822523
WALL 21208213 1 0 1706822524
WALL 21208213 1 0 1706822525
WALL 21208213 1 0 1706822526
WALL 21208213 1 0 1706822527
WALL 21208213 1 0 1706822528
WALL 21208213 1 0 1706822529
WALL 21208213 1 0 1706822530
WALL 21208213 1 0 1706822531
WALL 21208213 1 0 1706822532
WALL 21208213 1 0 1706822533
WALL 21208213 1 0 1706822534
WALL 21208213 1 0 1706822535
WALL 21208213 1 0 1706822536
WALL 21208213 1 0 1706822537
WALL 21208213 1 0 1706822538
WALL 21208213 1 0 1706822539
WALL 21208213 1 0 1706822540
WALL 21208213 1 0 1706822541
WALL 21208213 1 0 1706822542
WALL 21208213 1 0 1706822543
WALL 21208213 1 0 1706822544
WALL 21208213 1 0 1706822545
WALL 21208213 1 0 1706822546
WALL 21208213 1 0 1706822547
WALL 21208213 1 0 1706822548
WALL 21208213 1 0 1706822549
WALL 21208213 1 0 1706822550
WALL 21208213 1 0 1706822551
WALL 21208213 1 0 1706822552
WALL 21208213 1 0 1706822553
WALL 21208213 1 0 1706822554
WALL 21208213 1 0 1706822555
WALL 21208213 1 0 1706822556
WALL 21208213 1 0 1706822557
WALL 21208213 1 0 1706822558
WALL 21208213 1 0 1706822559
WALL 21208213 1 0 1706822560
WALL 21208213 1 0 1706822561
WALL 21208213 1 0 1706822562
WALL 21208213 1 0 1706822563
WALL 21208213 1 0 1706822564
WALL 21208213 1 0 1706822565
WALL 21208213 1 0 1706822566
WALL 21208213 1 0 1706822567
WALL 21208213 1 0 1706822568
WALL 21208213 1 0 1706822569
WALL 21208213 1 0 1706822570
slurmstepd: error: *** STEP 21208213.0 ON nid200024 CANCELLED AT 2024-02-01T21:22:50 ***
received SIGTERM 1706822570
WALL 21208213 1 0 1706822570
received SIGCONT 1706822570
WALL 21208213 1 0 1706822570
WALL 21208213 1 0 1706822571
WALL 21208213 1 0 1706822572
WALL 21208213 1 0 1706822573
WALL 21208213 1 0 1706822574
WALL 21208213 1 0 1706822575
WALL 21208213 1 0 1706822576
WALL 21208213 1 0 1706822577
WALL 21208213 1 0 1706822578
WALL 21208213 1 0 1706822579
WALL 21208213 1 0 1706822580
WALL 21208213 1 0 1706822581
WALL 21208213 1 0 1706822582
WALL 21208213 1 0 1706822583
WALL 21208213 1 0 1706822584
WALL 21208213 1 0 1706822585
WALL 21208213 1 0 1706822586
WALL 21208213 1 0 1706822587
WALL 21208213 1 0 1706822588
WALL 21208213 1 0 1706822589
WALL 21208213 1 0 1706822590
WALL 21208213 1 0 1706822591
WALL 21208213 1 0 1706822592
WALL 21208213 1 0 1706822593
WALL 21208213 1 0 1706822594
WALL 21208213 1 0 1706822595
WALL 21208213 1 0 1706822596
WALL 21208213 1 0 1706822597
WALL 21208213 1 0 1706822598
WALL 21208213 1 0 1706822599
WALL 21208213 1 0 1706822600
WALL 21208213 1 0 1706822601
WALL 21208213 1 0 1706822602
WALL 21208213 1 0 1706822603
WALL 21208213 1 0 1706822604
WALL 21208213 1 0 1706822605
WALL 21208213 1 0 1706822606
WALL 21208213 1 0 1706822607
WALL 21208213 1 0 1706822608
WALL 21208213 1 0 1706822609
WALL 21208213 1 0 1706822610
WALL 21208213 1 0 1706822611
WALL 21208213 1 0 1706822612
WALL 21208213 1 0 1706822613
WALL 21208213 1 0 1706822614
WALL 21208213 1 0 1706822615
WALL 21208213 1 0 1706822616
WALL 21208213 1 0 1706822617
WALL 21208213 1 0 1706822618
WALL 21208213 1 0 1706822619
WALL 21208213 1 0 1706822620
WALL 21208213 1 0 1706822621
WALL 21208213 1 0 1706822622
WALL 21208213 1 0 1706822623
WALL 21208213 1 0 1706822624
WALL 21208213 1 0 1706822625
WALL 21208213 1 0 1706822626
WALL 21208213 1 0 1706822627
WALL 21208213 1 0 1706822628
WALL 21208213 1 0 1706822629
WALL 21208213 1 0 1706822630
WALL 21208213 1 0 1706822631
WALL 21208213 1 0 1706822632
WALL 21208213 1 0 1706822633
WALL 21208213 1 0 1706822634
WALL 21208213 1 0 1706822635
WALL 21208213 1 0 1706822636
WALL 21208213 1 0 1706822637
WALL 21208213 1 0 1706822638
WALL 21208213 1 0 1706822639
WALL 21208213 1 0 1706822640
WALL 21208213 1 0 1706822641
WALL 21208213 1 0 1706822642
slurmstepd: error: *** JOB 21208213 ON nid200024 CANCELLED AT 2024-02-01T21:24:03 DUE TO PREEMPTION ***
received SIGTERM 1706822643
WALL 21208213 1 0 1706822643
received SIGCONT 1706822643
WALL 21208213 1 0 1706822643
received SIGTERM 1706822643
WALL 21208213 1 0 1706822643
