WALL 21149856 1 0 1706738199
WALL 21149856 1 0 1706738200
WALL 21149856 1 0 1706738201
WALL 21149856 1 0 1706738202
WALL 21149856 1 0 1706738203
WALL 21149856 1 0 1706738204
WALL 21149856 1 0 1706738205
WALL 21149856 1 0 1706738206
WALL 21149856 1 0 1706738207
WALL 21149856 1 0 1706738208
WALL 21149856 1 0 1706738209
WALL 21149856 1 0 1706738210
WALL 21149856 1 0 1706738211
WALL 21149856 1 0 1706738212
WALL 21149856 1 0 1706738213
WALL 21149856 1 0 1706738214
WALL 21149856 1 0 1706738215
WALL 21149856 1 0 1706738216
WALL 21149856 1 0 1706738217
WALL 21149856 1 0 1706738218
WALL 21149856 1 0 1706738219
WALL 21149856 1 0 1706738220
WALL 21149856 1 0 1706738221
WALL 21149856 1 0 1706738222
WALL 21149856 1 0 1706738223
received SIGCONT 1706738223
WALL 21149856 1 0 1706738223
slurmstepd: error: *** STEP 21149856.0 ON nid200030 CANCELLED AT 2024-01-31T21:57:03 ***
received SIGTERM 1706738223
WALL 21149856 1 0 1706738223
WALL 21149856 1 0 1706738224
WALL 21149856 1 0 1706738225
WALL 21149856 1 0 1706738226
WALL 21149856 1 0 1706738227
WALL 21149856 1 0 1706738228
WALL 21149856 1 0 1706738229
WALL 21149856 1 0 1706738230
WALL 21149856 1 0 1706738231
WALL 21149856 1 0 1706738232
WALL 21149856 1 0 1706738233
WALL 21149856 1 0 1706738234
WALL 21149856 1 0 1706738235
WALL 21149856 1 0 1706738236
WALL 21149856 1 0 1706738237
WALL 21149856 1 0 1706738238
WALL 21149856 1 0 1706738239
WALL 21149856 1 0 1706738240
WALL 21149856 1 0 1706738241
WALL 21149856 1 0 1706738242
WALL 21149856 1 0 1706738243
WALL 21149856 1 0 1706738244
WALL 21149856 1 0 1706738245
WALL 21149856 1 0 1706738246
WALL 21149856 1 0 1706738247
WALL 21149856 1 0 1706738248
WALL 21149856 1 0 1706738249
WALL 21149856 1 0 1706738250
WALL 21149856 1 0 1706738251
WALL 21149856 1 0 1706738252
WALL 21149856 1 0 1706738253
WALL 21149856 1 0 1706738254
WALL 21149856 1 0 1706738255
WALL 21149856 1 0 1706738256
WALL 21149856 1 0 1706738257
WALL 21149856 1 0 1706738258
WALL 21149856 1 0 1706738259
WALL 21149856 1 0 1706738260
WALL 21149856 1 0 1706738261
WALL 21149856 1 0 1706738262
WALL 21149856 1 0 1706738263
WALL 21149856 1 0 1706738264
WALL 21149856 1 0 1706738265
WALL 21149856 1 0 1706738266
WALL 21149856 1 0 1706738267
WALL 21149856 1 0 1706738268
WALL 21149856 1 0 1706738269
WALL 21149856 1 0 1706738270
WALL 21149856 1 0 1706738271
WALL 21149856 1 0 1706738272
WALL 21149856 1 0 1706738273
WALL 21149856 1 0 1706738274
WALL 21149856 1 0 1706738275
WALL 21149856 1 0 1706738276
WALL 21149856 1 0 1706738277
WALL 21149856 1 0 1706738278
WALL 21149856 1 0 1706738279
WALL 21149856 1 0 1706738280
WALL 21149856 1 0 1706738281
WALL 21149856 1 0 1706738282
WALL 21149856 1 0 1706738283
WALL 21149856 1 0 1706738284
WALL 21149856 1 0 1706738285
WALL 21149856 1 0 1706738286
WALL 21149856 1 0 1706738287
slurmstepd: error: *** JOB 21149856 ON nid200030 CANCELLED AT 2024-01-31T21:58:08 DUE TO PREEMPTION ***
received SIGTERM 1706738288
WALL 21149856 1 0 1706738288
received SIGCONT 1706738288
WALL 21149856 1 0 1706738288
received SIGTERM 1706738288
WALL 21149856 1 0 1706738288
