srun: warning: can't run 1 processes on 8 nodes, setting nnodes to 1
WALL 21212257 1 0 1706834201
WALL 21212257 1 0 1706834202
WALL 21212257 1 0 1706834203
WALL 21212257 1 0 1706834204
WALL 21212257 1 0 1706834205
WALL 21212257 1 0 1706834206
WALL 21212257 1 0 1706834207
WALL 21212257 1 0 1706834208
WALL 21212257 1 0 1706834209
WALL 21212257 1 0 1706834210
WALL 21212257 1 0 1706834211
WALL 21212257 1 0 1706834212
WALL 21212257 1 0 1706834213
WALL 21212257 1 0 1706834214
WALL 21212257 1 0 1706834215
WALL 21212257 1 0 1706834216
WALL 21212257 1 0 1706834217
WALL 21212257 1 0 1706834218
WALL 21212257 1 0 1706834219
WALL 21212257 1 0 1706834220
WALL 21212257 1 0 1706834221
WALL 21212257 1 0 1706834222
WALL 21212257 1 0 1706834223
WALL 21212257 1 0 1706834224
WALL 21212257 1 0 1706834225
WALL 21212257 1 0 1706834226
WALL 21212257 1 0 1706834227
WALL 21212257 1 0 1706834228
WALL 21212257 1 0 1706834229
WALL 21212257 1 0 1706834230
WALL 21212257 1 0 1706834231
WALL 21212257 1 0 1706834232
WALL 21212257 1 0 1706834233
WALL 21212257 1 0 1706834234
WALL 21212257 1 0 1706834235
WALL 21212257 1 0 1706834236
WALL 21212257 1 0 1706834237
WALL 21212257 1 0 1706834238
WALL 21212257 1 0 1706834239
WALL 21212257 1 0 1706834240
WALL 21212257 1 0 1706834241
WALL 21212257 1 0 1706834242
WALL 21212257 1 0 1706834243
WALL 21212257 1 0 1706834244
WALL 21212257 1 0 1706834245
WALL 21212257 1 0 1706834246
WALL 21212257 1 0 1706834247
WALL 21212257 1 0 1706834248
WALL 21212257 1 0 1706834249
WALL 21212257 1 0 1706834250
WALL 21212257 1 0 1706834251
WALL 21212257 1 0 1706834252
WALL 21212257 1 0 1706834253
WALL 21212257 1 0 1706834254
WALL 21212257 1 0 1706834255
WALL 21212257 1 0 1706834256
WALL 21212257 1 0 1706834257
WALL 21212257 1 0 1706834258
WALL 21212257 1 0 1706834259
WALL 21212257 1 0 1706834260
WALL 21212257 1 0 1706834261
WALL 21212257 1 0 1706834262
WALL 21212257 1 0 1706834263
WALL 21212257 1 0 1706834264
WALL 21212257 1 0 1706834265
WALL 21212257 1 0 1706834266
WALL 21212257 1 0 1706834267
WALL 21212257 1 0 1706834268
WALL 21212257 1 0 1706834269
WALL 21212257 1 0 1706834270
WALL 21212257 1 0 1706834271
WALL 21212257 1 0 1706834272
WALL 21212257 1 0 1706834273
WALL 21212257 1 0 1706834274
WALL 21212257 1 0 1706834275
WALL 21212257 1 0 1706834276
WALL 21212257 1 0 1706834277
WALL 21212257 1 0 1706834278
WALL 21212257 1 0 1706834279
WALL 21212257 1 0 1706834280
WALL 21212257 1 0 1706834281
WALL 21212257 1 0 1706834282
WALL 21212257 1 0 1706834283
WALL 21212257 1 0 1706834284
WALL 21212257 1 0 1706834285
WALL 21212257 1 0 1706834286
WALL 21212257 1 0 1706834287
WALL 21212257 1 0 1706834288
WALL 21212257 1 0 1706834289
WALL 21212257 1 0 1706834290
WALL 21212257 1 0 1706834291
WALL 21212257 1 0 1706834292
WALL 21212257 1 0 1706834293
WALL 21212257 1 0 1706834294
WALL 21212257 1 0 1706834295
WALL 21212257 1 0 1706834296
WALL 21212257 1 0 1706834297
WALL 21212257 1 0 1706834298
WALL 21212257 1 0 1706834299
WALL 21212257 1 0 1706834300
WALL 21212257 1 0 1706834301
WALL 21212257 1 0 1706834302
WALL 21212257 1 0 1706834303
WALL 21212257 1 0 1706834304
WALL 21212257 1 0 1706834305
WALL 21212257 1 0 1706834306
WALL 21212257 1 0 1706834307
WALL 21212257 1 0 1706834308
WALL 21212257 1 0 1706834309
WALL 21212257 1 0 1706834310
WALL 21212257 1 0 1706834311
WALL 21212257 1 0 1706834312
WALL 21212257 1 0 1706834313
WALL 21212257 1 0 1706834314
WALL 21212257 1 0 1706834315
WALL 21212257 1 0 1706834316
WALL 21212257 1 0 1706834317
WALL 21212257 1 0 1706834318
WALL 21212257 1 0 1706834319
WALL 21212257 1 0 1706834320
WALL 21212257 1 0 1706834321
WALL 21212257 1 0 1706834322
WALL 21212257 1 0 1706834323
WALL 21212257 1 0 1706834324
WALL 21212257 1 0 1706834325
WALL 21212257 1 0 1706834326
WALL 21212257 1 0 1706834327
WALL 21212257 1 0 1706834328
WALL 21212257 1 0 1706834329
WALL 21212257 1 0 1706834330
WALL 21212257 1 0 1706834331
WALL 21212257 1 0 1706834332
WALL 21212257 1 0 1706834333
WALL 21212257 1 0 1706834334
WALL 21212257 1 0 1706834335
WALL 21212257 1 0 1706834336
WALL 21212257 1 0 1706834337
WALL 21212257 1 0 1706834338
WALL 21212257 1 0 1706834339
WALL 21212257 1 0 1706834340
WALL 21212257 1 0 1706834341
WALL 21212257 1 0 1706834342
WALL 21212257 1 0 1706834343
WALL 21212257 1 0 1706834344
WALL 21212257 1 0 1706834345
WALL 21212257 1 0 1706834346
WALL 21212257 1 0 1706834347
WALL 21212257 1 0 1706834348
WALL 21212257 1 0 1706834349
WALL 21212257 1 0 1706834350
WALL 21212257 1 0 1706834351
WALL 21212257 1 0 1706834352
WALL 21212257 1 0 1706834353
WALL 21212257 1 0 1706834354
WALL 21212257 1 0 1706834355
WALL 21212257 1 0 1706834356
WALL 21212257 1 0 1706834357
WALL 21212257 1 0 1706834358
WALL 21212257 1 0 1706834359
WALL 21212257 1 0 1706834360
WALL 21212257 1 0 1706834361
WALL 21212257 1 0 1706834362
WALL 21212257 1 0 1706834363
WALL 21212257 1 0 1706834364
WALL 21212257 1 0 1706834365
WALL 21212257 1 0 1706834366
WALL 21212257 1 0 1706834367
WALL 21212257 1 0 1706834368
WALL 21212257 1 0 1706834369
WALL 21212257 1 0 1706834370
WALL 21212257 1 0 1706834371
WALL 21212257 1 0 1706834372
WALL 21212257 1 0 1706834373
WALL 21212257 1 0 1706834374
WALL 21212257 1 0 1706834375
WALL 21212257 1 0 1706834376
WALL 21212257 1 0 1706834377
WALL 21212257 1 0 1706834378
WALL 21212257 1 0 1706834379
WALL 21212257 1 0 1706834380
WALL 21212257 1 0 1706834381
WALL 21212257 1 0 1706834382
WALL 21212257 1 0 1706834383
WALL 21212257 1 0 1706834384
WALL 21212257 1 0 1706834385
WALL 21212257 1 0 1706834386
WALL 21212257 1 0 1706834387
WALL 21212257 1 0 1706834388
WALL 21212257 1 0 1706834389
WALL 21212257 1 0 1706834390
WALL 21212257 1 0 1706834391
WALL 21212257 1 0 1706834392
WALL 21212257 1 0 1706834393
WALL 21212257 1 0 1706834394
WALL 21212257 1 0 1706834395
WALL 21212257 1 0 1706834396
WALL 21212257 1 0 1706834397
WALL 21212257 1 0 1706834398
WALL 21212257 1 0 1706834399
WALL 21212257 1 0 1706834400
WALL 21212257 1 0 1706834401
WALL 21212257 1 0 1706834402
WALL 21212257 1 0 1706834403
WALL 21212257 1 0 1706834404
WALL 21212257 1 0 1706834405
WALL 21212257 1 0 1706834406
WALL 21212257 1 0 1706834407
WALL 21212257 1 0 1706834408
WALL 21212257 1 0 1706834409
WALL 21212257 1 0 1706834410
WALL 21212257 1 0 1706834411
WALL 21212257 1 0 1706834412
WALL 21212257 1 0 1706834413
WALL 21212257 1 0 1706834414
WALL 21212257 1 0 1706834415
WALL 21212257 1 0 1706834416
WALL 21212257 1 0 1706834417
WALL 21212257 1 0 1706834418
WALL 21212257 1 0 1706834419
WALL 21212257 1 0 1706834420
WALL 21212257 1 0 1706834421
WALL 21212257 1 0 1706834422
WALL 21212257 1 0 1706834423
WALL 21212257 1 0 1706834424
WALL 21212257 1 0 1706834425
WALL 21212257 1 0 1706834426
WALL 21212257 1 0 1706834427
WALL 21212257 1 0 1706834428
WALL 21212257 1 0 1706834429
WALL 21212257 1 0 1706834430
WALL 21212257 1 0 1706834431
WALL 21212257 1 0 1706834432
WALL 21212257 1 0 1706834433
WALL 21212257 1 0 1706834434
WALL 21212257 1 0 1706834435
WALL 21212257 1 0 1706834436
WALL 21212257 1 0 1706834437
WALL 21212257 1 0 1706834438
WALL 21212257 1 0 1706834439
WALL 21212257 1 0 1706834440
WALL 21212257 1 0 1706834441
WALL 21212257 1 0 1706834442
WALL 21212257 1 0 1706834443
WALL 21212257 1 0 1706834444
WALL 21212257 1 0 1706834445
WALL 21212257 1 0 1706834446
WALL 21212257 1 0 1706834447
WALL 21212257 1 0 1706834448
WALL 21212257 1 0 1706834449
WALL 21212257 1 0 1706834450
WALL 21212257 1 0 1706834451
WALL 21212257 1 0 1706834452
WALL 21212257 1 0 1706834453
WALL 21212257 1 0 1706834454
WALL 21212257 1 0 1706834455
WALL 21212257 1 0 1706834456
WALL 21212257 1 0 1706834457
WALL 21212257 1 0 1706834458
WALL 21212257 1 0 1706834459
WALL 21212257 1 0 1706834460
WALL 21212257 1 0 1706834461
WALL 21212257 1 0 1706834462
WALL 21212257 1 0 1706834463
WALL 21212257 1 0 1706834464
WALL 21212257 1 0 1706834465
WALL 21212257 1 0 1706834466
WALL 21212257 1 0 1706834467
WALL 21212257 1 0 1706834468
WALL 21212257 1 0 1706834469
WALL 21212257 1 0 1706834470
WALL 21212257 1 0 1706834471
WALL 21212257 1 0 1706834472
WALL 21212257 1 0 1706834473
WALL 21212257 1 0 1706834474
WALL 21212257 1 0 1706834475
WALL 21212257 1 0 1706834476
WALL 21212257 1 0 1706834477
WALL 21212257 1 0 1706834478
WALL 21212257 1 0 1706834479
WALL 21212257 1 0 1706834480
WALL 21212257 1 0 1706834481
WALL 21212257 1 0 1706834482
WALL 21212257 1 0 1706834483
WALL 21212257 1 0 1706834484
WALL 21212257 1 0 1706834485
WALL 21212257 1 0 1706834486
WALL 21212257 1 0 1706834487
WALL 21212257 1 0 1706834488
WALL 21212257 1 0 1706834489
WALL 21212257 1 0 1706834490
WALL 21212257 1 0 1706834491
WALL 21212257 1 0 1706834492
WALL 21212257 1 0 1706834493
WALL 21212257 1 0 1706834494
WALL 21212257 1 0 1706834495
WALL 21212257 1 0 1706834496
WALL 21212257 1 0 1706834497
WALL 21212257 1 0 1706834498
WALL 21212257 1 0 1706834499
WALL 21212257 1 0 1706834500
WALL 21212257 1 0 1706834501
WALL 21212257 1 0 1706834502
WALL 21212257 1 0 1706834503
WALL 21212257 1 0 1706834504
WALL 21212257 1 0 1706834505
WALL 21212257 1 0 1706834506
WALL 21212257 1 0 1706834507
WALL 21212257 1 0 1706834508
WALL 21212257 1 0 1706834509
WALL 21212257 1 0 1706834510
WALL 21212257 1 0 1706834511
WALL 21212257 1 0 1706834512
WALL 21212257 1 0 1706834513
WALL 21212257 1 0 1706834514
WALL 21212257 1 0 1706834515
WALL 21212257 1 0 1706834516
WALL 21212257 1 0 1706834517
WALL 21212257 1 0 1706834518
WALL 21212257 1 0 1706834519
WALL 21212257 1 0 1706834520
WALL 21212257 1 0 1706834521
WALL 21212257 1 0 1706834522
WALL 21212257 1 0 1706834523
WALL 21212257 1 0 1706834524
WALL 21212257 1 0 1706834525
WALL 21212257 1 0 1706834526
WALL 21212257 1 0 1706834527
WALL 21212257 1 0 1706834528
WALL 21212257 1 0 1706834529
WALL 21212257 1 0 1706834530
WALL 21212257 1 0 1706834531
WALL 21212257 1 0 1706834532
WALL 21212257 1 0 1706834533
WALL 21212257 1 0 1706834534
WALL 21212257 1 0 1706834535
WALL 21212257 1 0 1706834536
WALL 21212257 1 0 1706834537
WALL 21212257 1 0 1706834538
WALL 21212257 1 0 1706834539
WALL 21212257 1 0 1706834540
WALL 21212257 1 0 1706834541
WALL 21212257 1 0 1706834542
WALL 21212257 1 0 1706834543
WALL 21212257 1 0 1706834544
WALL 21212257 1 0 1706834545
WALL 21212257 1 0 1706834546
WALL 21212257 1 0 1706834547
WALL 21212257 1 0 1706834548
WALL 21212257 1 0 1706834549
WALL 21212257 1 0 1706834550
WALL 21212257 1 0 1706834551
WALL 21212257 1 0 1706834552
WALL 21212257 1 0 1706834553
WALL 21212257 1 0 1706834554
WALL 21212257 1 0 1706834555
WALL 21212257 1 0 1706834556
WALL 21212257 1 0 1706834557
WALL 21212257 1 0 1706834558
WALL 21212257 1 0 1706834559
WALL 21212257 1 0 1706834560
WALL 21212257 1 0 1706834561
WALL 21212257 1 0 1706834562
WALL 21212257 1 0 1706834563
WALL 21212257 1 0 1706834564
WALL 21212257 1 0 1706834565
WALL 21212257 1 0 1706834566
WALL 21212257 1 0 1706834567
WALL 21212257 1 0 1706834568
WALL 21212257 1 0 1706834569
WALL 21212257 1 0 1706834570
WALL 21212257 1 0 1706834571
WALL 21212257 1 0 1706834572
WALL 21212257 1 0 1706834573
WALL 21212257 1 0 1706834574
WALL 21212257 1 0 1706834575
WALL 21212257 1 0 1706834576
WALL 21212257 1 0 1706834577
WALL 21212257 1 0 1706834578
WALL 21212257 1 0 1706834579
WALL 21212257 1 0 1706834580
WALL 21212257 1 0 1706834581
WALL 21212257 1 0 1706834582
WALL 21212257 1 0 1706834583
WALL 21212257 1 0 1706834584
WALL 21212257 1 0 1706834585
WALL 21212257 1 0 1706834586
WALL 21212257 1 0 1706834587
WALL 21212257 1 0 1706834588
WALL 21212257 1 0 1706834589
WALL 21212257 1 0 1706834590
WALL 21212257 1 0 1706834591
WALL 21212257 1 0 1706834592
WALL 21212257 1 0 1706834593
WALL 21212257 1 0 1706834594
WALL 21212257 1 0 1706834595
WALL 21212257 1 0 1706834596
WALL 21212257 1 0 1706834597
WALL 21212257 1 0 1706834598
WALL 21212257 1 0 1706834599
WALL 21212257 1 0 1706834600
WALL 21212257 1 0 1706834601
WALL 21212257 1 0 1706834602
WALL 21212257 1 0 1706834603
WALL 21212257 1 0 1706834604
WALL 21212257 1 0 1706834605
WALL 21212257 1 0 1706834606
WALL 21212257 1 0 1706834607
WALL 21212257 1 0 1706834608
WALL 21212257 1 0 1706834609
WALL 21212257 1 0 1706834610
WALL 21212257 1 0 1706834611
WALL 21212257 1 0 1706834612
WALL 21212257 1 0 1706834613
WALL 21212257 1 0 1706834614
WALL 21212257 1 0 1706834615
WALL 21212257 1 0 1706834616
WALL 21212257 1 0 1706834617
WALL 21212257 1 0 1706834618
WALL 21212257 1 0 1706834619
WALL 21212257 1 0 1706834620
WALL 21212257 1 0 1706834621
WALL 21212257 1 0 1706834622
WALL 21212257 1 0 1706834623
WALL 21212257 1 0 1706834624
WALL 21212257 1 0 1706834625
WALL 21212257 1 0 1706834626
WALL 21212257 1 0 1706834627
WALL 21212257 1 0 1706834628
WALL 21212257 1 0 1706834629
WALL 21212257 1 0 1706834630
WALL 21212257 1 0 1706834631
WALL 21212257 1 0 1706834632
WALL 21212257 1 0 1706834633
WALL 21212257 1 0 1706834634
WALL 21212257 1 0 1706834635
WALL 21212257 1 0 1706834636
WALL 21212257 1 0 1706834637
WALL 21212257 1 0 1706834638
WALL 21212257 1 0 1706834639
WALL 21212257 1 0 1706834640
WALL 21212257 1 0 1706834641
WALL 21212257 1 0 1706834642
WALL 21212257 1 0 1706834643
WALL 21212257 1 0 1706834644
WALL 21212257 1 0 1706834645
WALL 21212257 1 0 1706834646
WALL 21212257 1 0 1706834647
WALL 21212257 1 0 1706834648
WALL 21212257 1 0 1706834649
WALL 21212257 1 0 1706834650
WALL 21212257 1 0 1706834651
WALL 21212257 1 0 1706834652
WALL 21212257 1 0 1706834653
WALL 21212257 1 0 1706834654
WALL 21212257 1 0 1706834655
WALL 21212257 1 0 1706834656
WALL 21212257 1 0 1706834657
WALL 21212257 1 0 1706834658
WALL 21212257 1 0 1706834659
WALL 21212257 1 0 1706834660
WALL 21212257 1 0 1706834661
WALL 21212257 1 0 1706834662
WALL 21212257 1 0 1706834663
WALL 21212257 1 0 1706834664
WALL 21212257 1 0 1706834665
WALL 21212257 1 0 1706834666
WALL 21212257 1 0 1706834667
WALL 21212257 1 0 1706834668
WALL 21212257 1 0 1706834669
WALL 21212257 1 0 1706834670
WALL 21212257 1 0 1706834671
WALL 21212257 1 0 1706834672
WALL 21212257 1 0 1706834673
WALL 21212257 1 0 1706834674
WALL 21212257 1 0 1706834675
WALL 21212257 1 0 1706834676
WALL 21212257 1 0 1706834677
WALL 21212257 1 0 1706834678
WALL 21212257 1 0 1706834679
WALL 21212257 1 0 1706834680
WALL 21212257 1 0 1706834681
WALL 21212257 1 0 1706834682
WALL 21212257 1 0 1706834683
WALL 21212257 1 0 1706834684
WALL 21212257 1 0 1706834685
WALL 21212257 1 0 1706834686
WALL 21212257 1 0 1706834687
WALL 21212257 1 0 1706834688
WALL 21212257 1 0 1706834689
WALL 21212257 1 0 1706834690
WALL 21212257 1 0 1706834691
WALL 21212257 1 0 1706834692
WALL 21212257 1 0 1706834693
WALL 21212257 1 0 1706834694
WALL 21212257 1 0 1706834695
WALL 21212257 1 0 1706834696
WALL 21212257 1 0 1706834697
WALL 21212257 1 0 1706834698
WALL 21212257 1 0 1706834699
WALL 21212257 1 0 1706834700
WALL 21212257 1 0 1706834701
WALL 21212257 1 0 1706834702
WALL 21212257 1 0 1706834703
WALL 21212257 1 0 1706834704
WALL 21212257 1 0 1706834705
WALL 21212257 1 0 1706834706
WALL 21212257 1 0 1706834707
WALL 21212257 1 0 1706834708
WALL 21212257 1 0 1706834709
WALL 21212257 1 0 1706834710
WALL 21212257 1 0 1706834711
WALL 21212257 1 0 1706834712
WALL 21212257 1 0 1706834713
WALL 21212257 1 0 1706834714
WALL 21212257 1 0 1706834715
WALL 21212257 1 0 1706834716
WALL 21212257 1 0 1706834717
WALL 21212257 1 0 1706834718
WALL 21212257 1 0 1706834719
WALL 21212257 1 0 1706834720
WALL 21212257 1 0 1706834721
WALL 21212257 1 0 1706834722
WALL 21212257 1 0 1706834723
WALL 21212257 1 0 1706834724
WALL 21212257 1 0 1706834725
WALL 21212257 1 0 1706834726
WALL 21212257 1 0 1706834727
WALL 21212257 1 0 1706834728
WALL 21212257 1 0 1706834729
WALL 21212257 1 0 1706834730
WALL 21212257 1 0 1706834731
WALL 21212257 1 0 1706834732
WALL 21212257 1 0 1706834733
WALL 21212257 1 0 1706834734
WALL 21212257 1 0 1706834735
WALL 21212257 1 0 1706834736
WALL 21212257 1 0 1706834737
WALL 21212257 1 0 1706834738
WALL 21212257 1 0 1706834739
WALL 21212257 1 0 1706834740
WALL 21212257 1 0 1706834741
WALL 21212257 1 0 1706834742
WALL 21212257 1 0 1706834743
WALL 21212257 1 0 1706834744
WALL 21212257 1 0 1706834745
WALL 21212257 1 0 1706834746
WALL 21212257 1 0 1706834747
WALL 21212257 1 0 1706834748
WALL 21212257 1 0 1706834749
WALL 21212257 1 0 1706834750
WALL 21212257 1 0 1706834751
WALL 21212257 1 0 1706834752
WALL 21212257 1 0 1706834753
WALL 21212257 1 0 1706834754
WALL 21212257 1 0 1706834755
WALL 21212257 1 0 1706834756
WALL 21212257 1 0 1706834757
WALL 21212257 1 0 1706834758
WALL 21212257 1 0 1706834759
WALL 21212257 1 0 1706834760
WALL 21212257 1 0 1706834761
WALL 21212257 1 0 1706834762
WALL 21212257 1 0 1706834763
WALL 21212257 1 0 1706834764
WALL 21212257 1 0 1706834765
WALL 21212257 1 0 1706834766
WALL 21212257 1 0 1706834767
WALL 21212257 1 0 1706834768
WALL 21212257 1 0 1706834769
WALL 21212257 1 0 1706834770
WALL 21212257 1 0 1706834771
WALL 21212257 1 0 1706834772
WALL 21212257 1 0 1706834773
WALL 21212257 1 0 1706834774
WALL 21212257 1 0 1706834775
WALL 21212257 1 0 1706834776
WALL 21212257 1 0 1706834777
WALL 21212257 1 0 1706834778
WALL 21212257 1 0 1706834779
WALL 21212257 1 0 1706834780
WALL 21212257 1 0 1706834781
WALL 21212257 1 0 1706834782
WALL 21212257 1 0 1706834783
WALL 21212257 1 0 1706834784
WALL 21212257 1 0 1706834785
WALL 21212257 1 0 1706834786
WALL 21212257 1 0 1706834787
WALL 21212257 1 0 1706834788
WALL 21212257 1 0 1706834789
WALL 21212257 1 0 1706834790
WALL 21212257 1 0 1706834791
WALL 21212257 1 0 1706834792
WALL 21212257 1 0 1706834793
WALL 21212257 1 0 1706834794
WALL 21212257 1 0 1706834795
WALL 21212257 1 0 1706834796
WALL 21212257 1 0 1706834797
WALL 21212257 1 0 1706834798
WALL 21212257 1 0 1706834799
WALL 21212257 1 0 1706834800
WALL 21212257 1 0 1706834801
WALL 21212257 1 0 1706834802
WALL 21212257 1 0 1706834803
WALL 21212257 1 0 1706834804
WALL 21212257 1 0 1706834805
WALL 21212257 1 0 1706834806
WALL 21212257 1 0 1706834807
WALL 21212257 1 0 1706834808
WALL 21212257 1 0 1706834809
WALL 21212257 1 0 1706834810
WALL 21212257 1 0 1706834811
WALL 21212257 1 0 1706834812
WALL 21212257 1 0 1706834813
WALL 21212257 1 0 1706834814
WALL 21212257 1 0 1706834815
WALL 21212257 1 0 1706834816
WALL 21212257 1 0 1706834817
WALL 21212257 1 0 1706834818
WALL 21212257 1 0 1706834819
WALL 21212257 1 0 1706834820
WALL 21212257 1 0 1706834821
WALL 21212257 1 0 1706834822
WALL 21212257 1 0 1706834823
WALL 21212257 1 0 1706834824
WALL 21212257 1 0 1706834825
WALL 21212257 1 0 1706834826
WALL 21212257 1 0 1706834827
WALL 21212257 1 0 1706834828
WALL 21212257 1 0 1706834829
WALL 21212257 1 0 1706834830
WALL 21212257 1 0 1706834831
WALL 21212257 1 0 1706834832
WALL 21212257 1 0 1706834833
WALL 21212257 1 0 1706834834
WALL 21212257 1 0 1706834835
WALL 21212257 1 0 1706834836
WALL 21212257 1 0 1706834837
WALL 21212257 1 0 1706834838
WALL 21212257 1 0 1706834839
WALL 21212257 1 0 1706834840
WALL 21212257 1 0 1706834841
WALL 21212257 1 0 1706834842
WALL 21212257 1 0 1706834843
WALL 21212257 1 0 1706834844
WALL 21212257 1 0 1706834845
WALL 21212257 1 0 1706834846
WALL 21212257 1 0 1706834847
WALL 21212257 1 0 1706834848
WALL 21212257 1 0 1706834849
WALL 21212257 1 0 1706834850
WALL 21212257 1 0 1706834851
WALL 21212257 1 0 1706834852
WALL 21212257 1 0 1706834853
WALL 21212257 1 0 1706834854
WALL 21212257 1 0 1706834855
WALL 21212257 1 0 1706834856
WALL 21212257 1 0 1706834857
WALL 21212257 1 0 1706834858
WALL 21212257 1 0 1706834859
WALL 21212257 1 0 1706834860
WALL 21212257 1 0 1706834861
WALL 21212257 1 0 1706834862
WALL 21212257 1 0 1706834863
WALL 21212257 1 0 1706834864
WALL 21212257 1 0 1706834865
WALL 21212257 1 0 1706834866
WALL 21212257 1 0 1706834867
WALL 21212257 1 0 1706834868
WALL 21212257 1 0 1706834869
WALL 21212257 1 0 1706834870
WALL 21212257 1 0 1706834871
WALL 21212257 1 0 1706834872
WALL 21212257 1 0 1706834873
WALL 21212257 1 0 1706834874
WALL 21212257 1 0 1706834875
WALL 21212257 1 0 1706834876
WALL 21212257 1 0 1706834877
WALL 21212257 1 0 1706834878
WALL 21212257 1 0 1706834879
WALL 21212257 1 0 1706834880
WALL 21212257 1 0 1706834881
WALL 21212257 1 0 1706834882
WALL 21212257 1 0 1706834883
WALL 21212257 1 0 1706834884
WALL 21212257 1 0 1706834885
WALL 21212257 1 0 1706834886
WALL 21212257 1 0 1706834887
WALL 21212257 1 0 1706834888
WALL 21212257 1 0 1706834889
WALL 21212257 1 0 1706834890
WALL 21212257 1 0 1706834891
WALL 21212257 1 0 1706834892
WALL 21212257 1 0 1706834893
WALL 21212257 1 0 1706834894
WALL 21212257 1 0 1706834895
WALL 21212257 1 0 1706834896
WALL 21212257 1 0 1706834897
WALL 21212257 1 0 1706834898
WALL 21212257 1 0 1706834899
WALL 21212257 1 0 1706834900
WALL 21212257 1 0 1706834901
WALL 21212257 1 0 1706834902
WALL 21212257 1 0 1706834903
WALL 21212257 1 0 1706834904
WALL 21212257 1 0 1706834905
WALL 21212257 1 0 1706834906
WALL 21212257 1 0 1706834907
WALL 21212257 1 0 1706834908
WALL 21212257 1 0 1706834909
WALL 21212257 1 0 1706834910
WALL 21212257 1 0 1706834911
WALL 21212257 1 0 1706834912
WALL 21212257 1 0 1706834913
WALL 21212257 1 0 1706834914
WALL 21212257 1 0 1706834915
WALL 21212257 1 0 1706834916
WALL 21212257 1 0 1706834917
WALL 21212257 1 0 1706834918
WALL 21212257 1 0 1706834919
WALL 21212257 1 0 1706834920
WALL 21212257 1 0 1706834921
WALL 21212257 1 0 1706834922
WALL 21212257 1 0 1706834923
WALL 21212257 1 0 1706834924
WALL 21212257 1 0 1706834925
WALL 21212257 1 0 1706834926
WALL 21212257 1 0 1706834927
WALL 21212257 1 0 1706834928
WALL 21212257 1 0 1706834929
WALL 21212257 1 0 1706834930
WALL 21212257 1 0 1706834931
WALL 21212257 1 0 1706834932
WALL 21212257 1 0 1706834933
WALL 21212257 1 0 1706834934
WALL 21212257 1 0 1706834935
WALL 21212257 1 0 1706834936
WALL 21212257 1 0 1706834937
WALL 21212257 1 0 1706834938
WALL 21212257 1 0 1706834939
WALL 21212257 1 0 1706834940
WALL 21212257 1 0 1706834941
WALL 21212257 1 0 1706834942
WALL 21212257 1 0 1706834943
WALL 21212257 1 0 1706834944
WALL 21212257 1 0 1706834945
WALL 21212257 1 0 1706834946
WALL 21212257 1 0 1706834947
WALL 21212257 1 0 1706834948
WALL 21212257 1 0 1706834949
WALL 21212257 1 0 1706834950
WALL 21212257 1 0 1706834951
WALL 21212257 1 0 1706834952
WALL 21212257 1 0 1706834953
WALL 21212257 1 0 1706834954
WALL 21212257 1 0 1706834955
WALL 21212257 1 0 1706834956
WALL 21212257 1 0 1706834957
WALL 21212257 1 0 1706834958
WALL 21212257 1 0 1706834959
WALL 21212257 1 0 1706834960
WALL 21212257 1 0 1706834961
WALL 21212257 1 0 1706834962
WALL 21212257 1 0 1706834963
WALL 21212257 1 0 1706834964
WALL 21212257 1 0 1706834965
WALL 21212257 1 0 1706834966
WALL 21212257 1 0 1706834967
WALL 21212257 1 0 1706834968
WALL 21212257 1 0 1706834969
WALL 21212257 1 0 1706834970
WALL 21212257 1 0 1706834971
WALL 21212257 1 0 1706834972
WALL 21212257 1 0 1706834973
WALL 21212257 1 0 1706834974
WALL 21212257 1 0 1706834975
WALL 21212257 1 0 1706834976
WALL 21212257 1 0 1706834977
WALL 21212257 1 0 1706834978
WALL 21212257 1 0 1706834979
WALL 21212257 1 0 1706834980
WALL 21212257 1 0 1706834981
WALL 21212257 1 0 1706834982
WALL 21212257 1 0 1706834983
WALL 21212257 1 0 1706834984
WALL 21212257 1 0 1706834985
WALL 21212257 1 0 1706834986
WALL 21212257 1 0 1706834987
WALL 21212257 1 0 1706834988
WALL 21212257 1 0 1706834989
WALL 21212257 1 0 1706834990
WALL 21212257 1 0 1706834991
WALL 21212257 1 0 1706834992
WALL 21212257 1 0 1706834993
WALL 21212257 1 0 1706834994
WALL 21212257 1 0 1706834995
WALL 21212257 1 0 1706834996
WALL 21212257 1 0 1706834997
WALL 21212257 1 0 1706834998
WALL 21212257 1 0 1706834999
WALL 21212257 1 0 1706835000
WALL 21212257 1 0 1706835001
WALL 21212257 1 0 1706835002
WALL 21212257 1 0 1706835003
WALL 21212257 1 0 1706835004
WALL 21212257 1 0 1706835005
WALL 21212257 1 0 1706835006
WALL 21212257 1 0 1706835007
WALL 21212257 1 0 1706835008
WALL 21212257 1 0 1706835009
WALL 21212257 1 0 1706835010
WALL 21212257 1 0 1706835011
WALL 21212257 1 0 1706835012
WALL 21212257 1 0 1706835013
WALL 21212257 1 0 1706835014
WALL 21212257 1 0 1706835015
WALL 21212257 1 0 1706835016
WALL 21212257 1 0 1706835017
WALL 21212257 1 0 1706835018
WALL 21212257 1 0 1706835019
WALL 21212257 1 0 1706835020
WALL 21212257 1 0 1706835021
WALL 21212257 1 0 1706835022
WALL 21212257 1 0 1706835023
WALL 21212257 1 0 1706835024
WALL 21212257 1 0 1706835025
WALL 21212257 1 0 1706835026
WALL 21212257 1 0 1706835027
WALL 21212257 1 0 1706835028
WALL 21212257 1 0 1706835029
WALL 21212257 1 0 1706835030
WALL 21212257 1 0 1706835031
WALL 21212257 1 0 1706835032
WALL 21212257 1 0 1706835033
WALL 21212257 1 0 1706835034
WALL 21212257 1 0 1706835035
WALL 21212257 1 0 1706835036
WALL 21212257 1 0 1706835037
WALL 21212257 1 0 1706835038
WALL 21212257 1 0 1706835039
WALL 21212257 1 0 1706835040
WALL 21212257 1 0 1706835041
WALL 21212257 1 0 1706835042
WALL 21212257 1 0 1706835043
WALL 21212257 1 0 1706835044
WALL 21212257 1 0 1706835045
WALL 21212257 1 0 1706835046
WALL 21212257 1 0 1706835047
WALL 21212257 1 0 1706835048
WALL 21212257 1 0 1706835049
WALL 21212257 1 0 1706835050
WALL 21212257 1 0 1706835051
WALL 21212257 1 0 1706835052
WALL 21212257 1 0 1706835053
WALL 21212257 1 0 1706835054
WALL 21212257 1 0 1706835055
WALL 21212257 1 0 1706835056
WALL 21212257 1 0 1706835057
WALL 21212257 1 0 1706835058
WALL 21212257 1 0 1706835059
WALL 21212257 1 0 1706835060
WALL 21212257 1 0 1706835061
WALL 21212257 1 0 1706835062
WALL 21212257 1 0 1706835063
WALL 21212257 1 0 1706835064
WALL 21212257 1 0 1706835065
WALL 21212257 1 0 1706835066
WALL 21212257 1 0 1706835067
WALL 21212257 1 0 1706835068
WALL 21212257 1 0 1706835069
WALL 21212257 1 0 1706835070
WALL 21212257 1 0 1706835071
WALL 21212257 1 0 1706835072
WALL 21212257 1 0 1706835073
WALL 21212257 1 0 1706835074
WALL 21212257 1 0 1706835075
WALL 21212257 1 0 1706835076
WALL 21212257 1 0 1706835077
WALL 21212257 1 0 1706835078
WALL 21212257 1 0 1706835079
WALL 21212257 1 0 1706835080
WALL 21212257 1 0 1706835081
WALL 21212257 1 0 1706835082
WALL 21212257 1 0 1706835083
WALL 21212257 1 0 1706835084
WALL 21212257 1 0 1706835085
WALL 21212257 1 0 1706835086
WALL 21212257 1 0 1706835087
WALL 21212257 1 0 1706835088
WALL 21212257 1 0 1706835089
WALL 21212257 1 0 1706835090
WALL 21212257 1 0 1706835091
WALL 21212257 1 0 1706835092
WALL 21212257 1 0 1706835093
WALL 21212257 1 0 1706835094
WALL 21212257 1 0 1706835095
WALL 21212257 1 0 1706835096
WALL 21212257 1 0 1706835097
WALL 21212257 1 0 1706835098
WALL 21212257 1 0 1706835099
WALL 21212257 1 0 1706835100
WALL 21212257 1 0 1706835101
WALL 21212257 1 0 1706835102
WALL 21212257 1 0 1706835103
WALL 21212257 1 0 1706835104
WALL 21212257 1 0 1706835105
WALL 21212257 1 0 1706835106
WALL 21212257 1 0 1706835107
WALL 21212257 1 0 1706835108
WALL 21212257 1 0 1706835109
WALL 21212257 1 0 1706835110
WALL 21212257 1 0 1706835111
WALL 21212257 1 0 1706835112
WALL 21212257 1 0 1706835113
WALL 21212257 1 0 1706835114
WALL 21212257 1 0 1706835115
WALL 21212257 1 0 1706835116
WALL 21212257 1 0 1706835117
WALL 21212257 1 0 1706835118
WALL 21212257 1 0 1706835119
WALL 21212257 1 0 1706835120
WALL 21212257 1 0 1706835121
WALL 21212257 1 0 1706835122
WALL 21212257 1 0 1706835123
WALL 21212257 1 0 1706835124
WALL 21212257 1 0 1706835125
WALL 21212257 1 0 1706835126
WALL 21212257 1 0 1706835127
WALL 21212257 1 0 1706835128
WALL 21212257 1 0 1706835129
WALL 21212257 1 0 1706835130
WALL 21212257 1 0 1706835131
WALL 21212257 1 0 1706835132
WALL 21212257 1 0 1706835133
WALL 21212257 1 0 1706835134
WALL 21212257 1 0 1706835135
WALL 21212257 1 0 1706835136
WALL 21212257 1 0 1706835137
WALL 21212257 1 0 1706835138
WALL 21212257 1 0 1706835139
WALL 21212257 1 0 1706835140
WALL 21212257 1 0 1706835141
WALL 21212257 1 0 1706835142
WALL 21212257 1 0 1706835143
WALL 21212257 1 0 1706835144
WALL 21212257 1 0 1706835145
WALL 21212257 1 0 1706835146
WALL 21212257 1 0 1706835147
WALL 21212257 1 0 1706835148
WALL 21212257 1 0 1706835149
WALL 21212257 1 0 1706835150
WALL 21212257 1 0 1706835151
WALL 21212257 1 0 1706835152
WALL 21212257 1 0 1706835153
WALL 21212257 1 0 1706835154
WALL 21212257 1 0 1706835155
WALL 21212257 1 0 1706835156
WALL 21212257 1 0 1706835157
WALL 21212257 1 0 1706835158
WALL 21212257 1 0 1706835159
WALL 21212257 1 0 1706835160
WALL 21212257 1 0 1706835161
WALL 21212257 1 0 1706835162
WALL 21212257 1 0 1706835163
WALL 21212257 1 0 1706835164
WALL 21212257 1 0 1706835165
WALL 21212257 1 0 1706835166
WALL 21212257 1 0 1706835167
WALL 21212257 1 0 1706835168
WALL 21212257 1 0 1706835169
WALL 21212257 1 0 1706835170
WALL 21212257 1 0 1706835171
WALL 21212257 1 0 1706835172
WALL 21212257 1 0 1706835173
WALL 21212257 1 0 1706835174
WALL 21212257 1 0 1706835175
WALL 21212257 1 0 1706835176
WALL 21212257 1 0 1706835177
WALL 21212257 1 0 1706835178
WALL 21212257 1 0 1706835179
WALL 21212257 1 0 1706835180
WALL 21212257 1 0 1706835181
WALL 21212257 1 0 1706835182
WALL 21212257 1 0 1706835183
WALL 21212257 1 0 1706835184
WALL 21212257 1 0 1706835185
WALL 21212257 1 0 1706835186
WALL 21212257 1 0 1706835187
WALL 21212257 1 0 1706835188
WALL 21212257 1 0 1706835189
WALL 21212257 1 0 1706835190
WALL 21212257 1 0 1706835191
WALL 21212257 1 0 1706835192
WALL 21212257 1 0 1706835193
WALL 21212257 1 0 1706835194
WALL 21212257 1 0 1706835195
WALL 21212257 1 0 1706835196
WALL 21212257 1 0 1706835197
WALL 21212257 1 0 1706835198
WALL 21212257 1 0 1706835199
WALL 21212257 1 0 1706835200
WALL 21212257 1 0 1706835201
WALL 21212257 1 0 1706835202
WALL 21212257 1 0 1706835203
WALL 21212257 1 0 1706835204
WALL 21212257 1 0 1706835205
WALL 21212257 1 0 1706835206
WALL 21212257 1 0 1706835207
WALL 21212257 1 0 1706835208
WALL 21212257 1 0 1706835209
WALL 21212257 1 0 1706835210
WALL 21212257 1 0 1706835211
WALL 21212257 1 0 1706835212
WALL 21212257 1 0 1706835213
received SIGCONT 1706835213
WALL 21212257 1 0 1706835213
slurmstepd: error: *** STEP 21212257.0 ON nid200024 CANCELLED AT 2024-02-02T00:53:33 ***
received SIGTERM 1706835213
WALL 21212257 1 0 1706835213
WALL 21212257 1 0 1706835214
WALL 21212257 1 0 1706835215
WALL 21212257 1 0 1706835216
WALL 21212257 1 0 1706835217
WALL 21212257 1 0 1706835218
WALL 21212257 1 0 1706835219
WALL 21212257 1 0 1706835220
WALL 21212257 1 0 1706835221
WALL 21212257 1 0 1706835222
WALL 21212257 1 0 1706835223
WALL 21212257 1 0 1706835224
WALL 21212257 1 0 1706835225
WALL 21212257 1 0 1706835226
WALL 21212257 1 0 1706835227
WALL 21212257 1 0 1706835228
WALL 21212257 1 0 1706835229
WALL 21212257 1 0 1706835230
WALL 21212257 1 0 1706835231
WALL 21212257 1 0 1706835232
WALL 21212257 1 0 1706835233
WALL 21212257 1 0 1706835234
WALL 21212257 1 0 1706835235
WALL 21212257 1 0 1706835236
WALL 21212257 1 0 1706835237
WALL 21212257 1 0 1706835238
WALL 21212257 1 0 1706835239
WALL 21212257 1 0 1706835240
WALL 21212257 1 0 1706835241
WALL 21212257 1 0 1706835242
WALL 21212257 1 0 1706835243
WALL 21212257 1 0 1706835244
WALL 21212257 1 0 1706835245
WALL 21212257 1 0 1706835246
WALL 21212257 1 0 1706835247
WALL 21212257 1 0 1706835248
WALL 21212257 1 0 1706835249
WALL 21212257 1 0 1706835250
WALL 21212257 1 0 1706835251
WALL 21212257 1 0 1706835252
WALL 21212257 1 0 1706835253
WALL 21212257 1 0 1706835254
WALL 21212257 1 0 1706835255
WALL 21212257 1 0 1706835256
WALL 21212257 1 0 1706835257
WALL 21212257 1 0 1706835258
WALL 21212257 1 0 1706835259
WALL 21212257 1 0 1706835260
WALL 21212257 1 0 1706835261
WALL 21212257 1 0 1706835262
WALL 21212257 1 0 1706835263
WALL 21212257 1 0 1706835264
WALL 21212257 1 0 1706835265
WALL 21212257 1 0 1706835266
WALL 21212257 1 0 1706835267
WALL 21212257 1 0 1706835268
WALL 21212257 1 0 1706835269
WALL 21212257 1 0 1706835270
WALL 21212257 1 0 1706835271
WALL 21212257 1 0 1706835272
WALL 21212257 1 0 1706835273
WALL 21212257 1 0 1706835274
WALL 21212257 1 0 1706835275
WALL 21212257 1 0 1706835276
WALL 21212257 1 0 1706835277
WALL 21212257 1 0 1706835278
WALL 21212257 1 0 1706835279
WALL 21212257 1 0 1706835280
WALL 21212257 1 0 1706835281
WALL 21212257 1 0 1706835282
WALL 21212257 1 0 1706835283
WALL 21212257 1 0 1706835284
WALL 21212257 1 0 1706835285
WALL 21212257 1 0 1706835286
WALL 21212257 1 0 1706835287
WALL 21212257 1 0 1706835288
WALL 21212257 1 0 1706835289
slurmstepd: error: *** JOB 21212257 ON nid200024 CANCELLED AT 2024-02-02T00:54:50 DUE TO PREEMPTION ***
received SIGTERM 1706835290
WALL 21212257 1 0 1706835290
received SIGCONT 1706835290
WALL 21212257 1 0 1706835290
received SIGTERM 1706835290
WALL 21212257 1 0 1706835290
