WALL 21155180 1 0 1706748901
WALL 21155180 1 0 1706748902
WALL 21155180 1 0 1706748903
WALL 21155180 1 0 1706748904
WALL 21155180 1 0 1706748905
WALL 21155180 1 0 1706748906
WALL 21155180 1 0 1706748907
WALL 21155180 1 0 1706748908
WALL 21155180 1 0 1706748909
WALL 21155180 1 0 1706748910
WALL 21155180 1 0 1706748911
WALL 21155180 1 0 1706748912
WALL 21155180 1 0 1706748913
WALL 21155180 1 0 1706748914
WALL 21155180 1 0 1706748915
WALL 21155180 1 0 1706748916
WALL 21155180 1 0 1706748917
WALL 21155180 1 0 1706748918
WALL 21155180 1 0 1706748919
WALL 21155180 1 0 1706748920
WALL 21155180 1 0 1706748921
WALL 21155180 1 0 1706748922
WALL 21155180 1 0 1706748923
WALL 21155180 1 0 1706748924
WALL 21155180 1 0 1706748925
WALL 21155180 1 0 1706748926
WALL 21155180 1 0 1706748927
WALL 21155180 1 0 1706748928
WALL 21155180 1 0 1706748929
WALL 21155180 1 0 1706748930
WALL 21155180 1 0 1706748931
WALL 21155180 1 0 1706748932
WALL 21155180 1 0 1706748933
WALL 21155180 1 0 1706748934
WALL 21155180 1 0 1706748935
WALL 21155180 1 0 1706748936
WALL 21155180 1 0 1706748937
WALL 21155180 1 0 1706748938
WALL 21155180 1 0 1706748939
WALL 21155180 1 0 1706748940
WALL 21155180 1 0 1706748941
WALL 21155180 1 0 1706748942
WALL 21155180 1 0 1706748943
WALL 21155180 1 0 1706748944
WALL 21155180 1 0 1706748945
WALL 21155180 1 0 1706748946
WALL 21155180 1 0 1706748947
WALL 21155180 1 0 1706748948
WALL 21155180 1 0 1706748949
WALL 21155180 1 0 1706748950
WALL 21155180 1 0 1706748951
WALL 21155180 1 0 1706748952
WALL 21155180 1 0 1706748953
WALL 21155180 1 0 1706748954
WALL 21155180 1 0 1706748955
WALL 21155180 1 0 1706748956
WALL 21155180 1 0 1706748957
WALL 21155180 1 0 1706748958
WALL 21155180 1 0 1706748959
WALL 21155180 1 0 1706748960
WALL 21155180 1 0 1706748961
WALL 21155180 1 0 1706748962
WALL 21155180 1 0 1706748963
WALL 21155180 1 0 1706748964
WALL 21155180 1 0 1706748965
WALL 21155180 1 0 1706748966
WALL 21155180 1 0 1706748967
WALL 21155180 1 0 1706748968
WALL 21155180 1 0 1706748969
WALL 21155180 1 0 1706748970
WALL 21155180 1 0 1706748971
WALL 21155180 1 0 1706748972
WALL 21155180 1 0 1706748973
WALL 21155180 1 0 1706748974
WALL 21155180 1 0 1706748975
WALL 21155180 1 0 1706748976
WALL 21155180 1 0 1706748977
WALL 21155180 1 0 1706748978
WALL 21155180 1 0 1706748979
WALL 21155180 1 0 1706748980
WALL 21155180 1 0 1706748981
WALL 21155180 1 0 1706748982
WALL 21155180 1 0 1706748983
WALL 21155180 1 0 1706748984
WALL 21155180 1 0 1706748985
WALL 21155180 1 0 1706748986
WALL 21155180 1 0 1706748987
WALL 21155180 1 0 1706748988
WALL 21155180 1 0 1706748989
WALL 21155180 1 0 1706748990
WALL 21155180 1 0 1706748991
WALL 21155180 1 0 1706748992
WALL 21155180 1 0 1706748993
WALL 21155180 1 0 1706748994
slurmstepd: error: *** STEP 21155180.0 ON nid200001 CANCELLED AT 2024-02-01T00:56:34 ***
received SIGTERM 1706748994
WALL 21155180 1 0 1706748994
received SIGCONT 1706748994
WALL 21155180 1 0 1706748994
WALL 21155180 1 0 1706748995
WALL 21155180 1 0 1706748996
WALL 21155180 1 0 1706748997
WALL 21155180 1 0 1706748998
WALL 21155180 1 0 1706748999
WALL 21155180 1 0 1706749000
WALL 21155180 1 0 1706749001
WALL 21155180 1 0 1706749002
WALL 21155180 1 0 1706749003
WALL 21155180 1 0 1706749004
WALL 21155180 1 0 1706749005
WALL 21155180 1 0 1706749006
WALL 21155180 1 0 1706749007
WALL 21155180 1 0 1706749008
WALL 21155180 1 0 1706749009
WALL 21155180 1 0 1706749010
WALL 21155180 1 0 1706749011
WALL 21155180 1 0 1706749012
WALL 21155180 1 0 1706749013
WALL 21155180 1 0 1706749014
WALL 21155180 1 0 1706749015
WALL 21155180 1 0 1706749016
WALL 21155180 1 0 1706749017
WALL 21155180 1 0 1706749018
WALL 21155180 1 0 1706749019
WALL 21155180 1 0 1706749020
WALL 21155180 1 0 1706749021
WALL 21155180 1 0 1706749022
WALL 21155180 1 0 1706749023
WALL 21155180 1 0 1706749024
WALL 21155180 1 0 1706749025
WALL 21155180 1 0 1706749026
WALL 21155180 1 0 1706749027
WALL 21155180 1 0 1706749028
WALL 21155180 1 0 1706749029
WALL 21155180 1 0 1706749030
WALL 21155180 1 0 1706749031
WALL 21155180 1 0 1706749032
WALL 21155180 1 0 1706749033
WALL 21155180 1 0 1706749034
WALL 21155180 1 0 1706749035
WALL 21155180 1 0 1706749036
WALL 21155180 1 0 1706749037
WALL 21155180 1 0 1706749038
WALL 21155180 1 0 1706749039
WALL 21155180 1 0 1706749040
WALL 21155180 1 0 1706749041
WALL 21155180 1 0 1706749042
WALL 21155180 1 0 1706749043
WALL 21155180 1 0 1706749044
WALL 21155180 1 0 1706749045
WALL 21155180 1 0 1706749046
WALL 21155180 1 0 1706749047
WALL 21155180 1 0 1706749048
WALL 21155180 1 0 1706749049
WALL 21155180 1 0 1706749050
WALL 21155180 1 0 1706749051
WALL 21155180 1 0 1706749052
WALL 21155180 1 0 1706749053
WALL 21155180 1 0 1706749054
WALL 21155180 1 0 1706749055
WALL 21155180 1 0 1706749056
WALL 21155180 1 0 1706749057
WALL 21155180 1 0 1706749058
WALL 21155180 1 0 1706749059
WALL 21155180 1 0 1706749060
WALL 21155180 1 0 1706749061
WALL 21155180 1 0 1706749062
WALL 21155180 1 0 1706749063
WALL 21155180 1 0 1706749064
WALL 21155180 1 0 1706749065
WALL 21155180 1 0 1706749066
WALL 21155180 1 0 1706749067
WALL 21155180 1 0 1706749068
WALL 21155180 1 0 1706749069
slurmstepd: error: *** JOB 21155180 ON nid200001 CANCELLED AT 2024-02-01T00:57:50 DUE TO PREEMPTION ***
received SIGTERM 1706749070
WALL 21155180 1 0 1706749070
received SIGCONT 1706749070
WALL 21155180 1 0 1706749070
received SIGTERM 1706749070
WALL 21155180 1 0 1706749070
