srun: warning: can't run 1 processes on 8 nodes, setting nnodes to 1
WALL 21232213 1 0 1706902165
WALL 21232213 1 0 1706902166
WALL 21232213 1 0 1706902167
WALL 21232213 1 0 1706902168
WALL 21232213 1 0 1706902169
WALL 21232213 1 0 1706902170
WALL 21232213 1 0 1706902171
WALL 21232213 1 0 1706902172
WALL 21232213 1 0 1706902173
WALL 21232213 1 0 1706902174
WALL 21232213 1 0 1706902175
WALL 21232213 1 0 1706902176
WALL 21232213 1 0 1706902177
WALL 21232213 1 0 1706902178
WALL 21232213 1 0 1706902179
WALL 21232213 1 0 1706902180
WALL 21232213 1 0 1706902181
WALL 21232213 1 0 1706902182
WALL 21232213 1 0 1706902183
WALL 21232213 1 0 1706902184
WALL 21232213 1 0 1706902185
WALL 21232213 1 0 1706902186
WALL 21232213 1 0 1706902187
WALL 21232213 1 0 1706902188
WALL 21232213 1 0 1706902189
WALL 21232213 1 0 1706902190
WALL 21232213 1 0 1706902191
WALL 21232213 1 0 1706902192
WALL 21232213 1 0 1706902193
WALL 21232213 1 0 1706902194
WALL 21232213 1 0 1706902195
WALL 21232213 1 0 1706902196
WALL 21232213 1 0 1706902197
WALL 21232213 1 0 1706902198
WALL 21232213 1 0 1706902199
WALL 21232213 1 0 1706902200
WALL 21232213 1 0 1706902201
WALL 21232213 1 0 1706902202
WALL 21232213 1 0 1706902203
WALL 21232213 1 0 1706902204
WALL 21232213 1 0 1706902205
WALL 21232213 1 0 1706902206
WALL 21232213 1 0 1706902207
WALL 21232213 1 0 1706902208
WALL 21232213 1 0 1706902209
WALL 21232213 1 0 1706902210
WALL 21232213 1 0 1706902211
WALL 21232213 1 0 1706902212
WALL 21232213 1 0 1706902213
WALL 21232213 1 0 1706902214
WALL 21232213 1 0 1706902215
WALL 21232213 1 0 1706902216
WALL 21232213 1 0 1706902217
WALL 21232213 1 0 1706902218
WALL 21232213 1 0 1706902219
WALL 21232213 1 0 1706902220
WALL 21232213 1 0 1706902221
WALL 21232213 1 0 1706902222
WALL 21232213 1 0 1706902223
WALL 21232213 1 0 1706902224
WALL 21232213 1 0 1706902225
WALL 21232213 1 0 1706902226
WALL 21232213 1 0 1706902227
WALL 21232213 1 0 1706902228
WALL 21232213 1 0 1706902229
WALL 21232213 1 0 1706902230
WALL 21232213 1 0 1706902231
WALL 21232213 1 0 1706902232
WALL 21232213 1 0 1706902233
WALL 21232213 1 0 1706902234
WALL 21232213 1 0 1706902235
WALL 21232213 1 0 1706902236
WALL 21232213 1 0 1706902237
WALL 21232213 1 0 1706902238
WALL 21232213 1 0 1706902239
WALL 21232213 1 0 1706902240
WALL 21232213 1 0 1706902241
WALL 21232213 1 0 1706902242
WALL 21232213 1 0 1706902243
WALL 21232213 1 0 1706902244
WALL 21232213 1 0 1706902245
WALL 21232213 1 0 1706902246
WALL 21232213 1 0 1706902247
WALL 21232213 1 0 1706902248
WALL 21232213 1 0 1706902249
WALL 21232213 1 0 1706902250
WALL 21232213 1 0 1706902251
WALL 21232213 1 0 1706902252
WALL 21232213 1 0 1706902253
WALL 21232213 1 0 1706902254
WALL 21232213 1 0 1706902255
WALL 21232213 1 0 1706902256
WALL 21232213 1 0 1706902257
WALL 21232213 1 0 1706902258
WALL 21232213 1 0 1706902259
WALL 21232213 1 0 1706902260
WALL 21232213 1 0 1706902261
WALL 21232213 1 0 1706902262
WALL 21232213 1 0 1706902263
WALL 21232213 1 0 1706902264
WALL 21232213 1 0 1706902265
WALL 21232213 1 0 1706902266
WALL 21232213 1 0 1706902267
WALL 21232213 1 0 1706902268
WALL 21232213 1 0 1706902269
WALL 21232213 1 0 1706902270
WALL 21232213 1 0 1706902271
WALL 21232213 1 0 1706902272
WALL 21232213 1 0 1706902273
WALL 21232213 1 0 1706902274
WALL 21232213 1 0 1706902275
WALL 21232213 1 0 1706902276
WALL 21232213 1 0 1706902277
WALL 21232213 1 0 1706902278
WALL 21232213 1 0 1706902279
WALL 21232213 1 0 1706902280
WALL 21232213 1 0 1706902281
WALL 21232213 1 0 1706902282
WALL 21232213 1 0 1706902283
WALL 21232213 1 0 1706902284
WALL 21232213 1 0 1706902285
WALL 21232213 1 0 1706902286
WALL 21232213 1 0 1706902287
WALL 21232213 1 0 1706902288
WALL 21232213 1 0 1706902289
WALL 21232213 1 0 1706902290
WALL 21232213 1 0 1706902291
WALL 21232213 1 0 1706902292
WALL 21232213 1 0 1706902293
WALL 21232213 1 0 1706902294
WALL 21232213 1 0 1706902295
WALL 21232213 1 0 1706902296
WALL 21232213 1 0 1706902297
WALL 21232213 1 0 1706902298
WALL 21232213 1 0 1706902299
WALL 21232213 1 0 1706902300
WALL 21232213 1 0 1706902301
WALL 21232213 1 0 1706902302
WALL 21232213 1 0 1706902303
WALL 21232213 1 0 1706902304
WALL 21232213 1 0 1706902305
WALL 21232213 1 0 1706902306
WALL 21232213 1 0 1706902307
WALL 21232213 1 0 1706902308
WALL 21232213 1 0 1706902309
WALL 21232213 1 0 1706902310
WALL 21232213 1 0 1706902311
WALL 21232213 1 0 1706902312
WALL 21232213 1 0 1706902313
WALL 21232213 1 0 1706902314
WALL 21232213 1 0 1706902315
WALL 21232213 1 0 1706902316
WALL 21232213 1 0 1706902317
WALL 21232213 1 0 1706902318
WALL 21232213 1 0 1706902319
WALL 21232213 1 0 1706902320
WALL 21232213 1 0 1706902321
WALL 21232213 1 0 1706902322
WALL 21232213 1 0 1706902323
WALL 21232213 1 0 1706902324
WALL 21232213 1 0 1706902325
WALL 21232213 1 0 1706902326
WALL 21232213 1 0 1706902327
WALL 21232213 1 0 1706902328
WALL 21232213 1 0 1706902329
WALL 21232213 1 0 1706902330
WALL 21232213 1 0 1706902331
WALL 21232213 1 0 1706902332
WALL 21232213 1 0 1706902333
WALL 21232213 1 0 1706902334
WALL 21232213 1 0 1706902335
WALL 21232213 1 0 1706902336
WALL 21232213 1 0 1706902337
WALL 21232213 1 0 1706902338
WALL 21232213 1 0 1706902339
WALL 21232213 1 0 1706902340
WALL 21232213 1 0 1706902341
WALL 21232213 1 0 1706902342
WALL 21232213 1 0 1706902343
WALL 21232213 1 0 1706902344
WALL 21232213 1 0 1706902345
WALL 21232213 1 0 1706902346
WALL 21232213 1 0 1706902347
WALL 21232213 1 0 1706902348
WALL 21232213 1 0 1706902349
WALL 21232213 1 0 1706902350
WALL 21232213 1 0 1706902351
WALL 21232213 1 0 1706902352
WALL 21232213 1 0 1706902353
WALL 21232213 1 0 1706902354
WALL 21232213 1 0 1706902355
WALL 21232213 1 0 1706902356
WALL 21232213 1 0 1706902357
WALL 21232213 1 0 1706902358
WALL 21232213 1 0 1706902359
WALL 21232213 1 0 1706902360
WALL 21232213 1 0 1706902361
WALL 21232213 1 0 1706902362
WALL 21232213 1 0 1706902363
WALL 21232213 1 0 1706902364
WALL 21232213 1 0 1706902365
WALL 21232213 1 0 1706902366
WALL 21232213 1 0 1706902367
WALL 21232213 1 0 1706902368
WALL 21232213 1 0 1706902369
WALL 21232213 1 0 1706902370
WALL 21232213 1 0 1706902371
WALL 21232213 1 0 1706902372
WALL 21232213 1 0 1706902373
WALL 21232213 1 0 1706902374
WALL 21232213 1 0 1706902375
WALL 21232213 1 0 1706902376
WALL 21232213 1 0 1706902377
WALL 21232213 1 0 1706902378
WALL 21232213 1 0 1706902379
WALL 21232213 1 0 1706902380
WALL 21232213 1 0 1706902381
WALL 21232213 1 0 1706902382
WALL 21232213 1 0 1706902383
WALL 21232213 1 0 1706902384
WALL 21232213 1 0 1706902385
WALL 21232213 1 0 1706902386
WALL 21232213 1 0 1706902387
WALL 21232213 1 0 1706902388
WALL 21232213 1 0 1706902389
WALL 21232213 1 0 1706902390
WALL 21232213 1 0 1706902391
WALL 21232213 1 0 1706902392
WALL 21232213 1 0 1706902393
WALL 21232213 1 0 1706902394
WALL 21232213 1 0 1706902395
WALL 21232213 1 0 1706902396
WALL 21232213 1 0 1706902397
WALL 21232213 1 0 1706902398
WALL 21232213 1 0 1706902399
WALL 21232213 1 0 1706902400
slurmstepd: error: *** STEP 21232213.0 ON nid200001 CANCELLED AT 2024-02-02T19:33:21 ***
received SIGTERM 1706902401
WALL 21232213 1 0 1706902401
received SIGCONT 1706902401
WALL 21232213 1 0 1706902401
WALL 21232213 1 0 1706902402
WALL 21232213 1 0 1706902403
WALL 21232213 1 0 1706902404
WALL 21232213 1 0 1706902405
WALL 21232213 1 0 1706902406
WALL 21232213 1 0 1706902407
WALL 21232213 1 0 1706902408
WALL 21232213 1 0 1706902409
WALL 21232213 1 0 1706902410
WALL 21232213 1 0 1706902411
WALL 21232213 1 0 1706902412
WALL 21232213 1 0 1706902413
WALL 21232213 1 0 1706902414
WALL 21232213 1 0 1706902415
WALL 21232213 1 0 1706902416
WALL 21232213 1 0 1706902417
WALL 21232213 1 0 1706902418
WALL 21232213 1 0 1706902419
WALL 21232213 1 0 1706902420
WALL 21232213 1 0 1706902421
WALL 21232213 1 0 1706902422
WALL 21232213 1 0 1706902423
WALL 21232213 1 0 1706902424
WALL 21232213 1 0 1706902425
WALL 21232213 1 0 1706902426
WALL 21232213 1 0 1706902427
WALL 21232213 1 0 1706902428
WALL 21232213 1 0 1706902429
WALL 21232213 1 0 1706902430
WALL 21232213 1 0 1706902431
WALL 21232213 1 0 1706902432
WALL 21232213 1 0 1706902433
WALL 21232213 1 0 1706902434
WALL 21232213 1 0 1706902435
WALL 21232213 1 0 1706902436
WALL 21232213 1 0 1706902437
WALL 21232213 1 0 1706902438
WALL 21232213 1 0 1706902439
WALL 21232213 1 0 1706902440
WALL 21232213 1 0 1706902441
WALL 21232213 1 0 1706902442
WALL 21232213 1 0 1706902443
WALL 21232213 1 0 1706902444
WALL 21232213 1 0 1706902445
WALL 21232213 1 0 1706902446
WALL 21232213 1 0 1706902447
WALL 21232213 1 0 1706902448
WALL 21232213 1 0 1706902449
WALL 21232213 1 0 1706902450
WALL 21232213 1 0 1706902451
WALL 21232213 1 0 1706902452
WALL 21232213 1 0 1706902453
WALL 21232213 1 0 1706902454
WALL 21232213 1 0 1706902455
WALL 21232213 1 0 1706902456
WALL 21232213 1 0 1706902457
WALL 21232213 1 0 1706902458
WALL 21232213 1 0 1706902459
WALL 21232213 1 0 1706902460
WALL 21232213 1 0 1706902461
WALL 21232213 1 0 1706902462
WALL 21232213 1 0 1706902463
WALL 21232213 1 0 1706902464
WALL 21232213 1 0 1706902465
WALL 21232213 1 0 1706902466
WALL 21232213 1 0 1706902467
WALL 21232213 1 0 1706902468
WALL 21232213 1 0 1706902469
WALL 21232213 1 0 1706902470
WALL 21232213 1 0 1706902471
WALL 21232213 1 0 1706902472
WALL 21232213 1 0 1706902473
WALL 21232213 1 0 1706902474
WALL 21232213 1 0 1706902475
WALL 21232213 1 0 1706902476
WALL 21232213 1 0 1706902477
WALL 21232213 1 0 1706902478
WALL 21232213 1 0 1706902479
WALL 21232213 1 0 1706902480
WALL 21232213 1 0 1706902481
WALL 21232213 1 0 1706902482
WALL 21232213 1 0 1706902483
WALL 21232213 1 0 1706902484
WALL 21232213 1 0 1706902485
WALL 21232213 1 0 1706902486
WALL 21232213 1 0 1706902487
WALL 21232213 1 0 1706902488
WALL 21232213 1 0 1706902489
WALL 21232213 1 0 1706902490
WALL 21232213 1 0 1706902491
WALL 21232213 1 0 1706902492
WALL 21232213 1 0 1706902493
WALL 21232213 1 0 1706902494
WALL 21232213 1 0 1706902495
WALL 21232213 1 0 1706902496
WALL 21232213 1 0 1706902497
WALL 21232213 1 0 1706902498
WALL 21232213 1 0 1706902499
WALL 21232213 1 0 1706902500
WALL 21232213 1 0 1706902501
WALL 21232213 1 0 1706902502
WALL 21232213 1 0 1706902503
WALL 21232213 1 0 1706902504
WALL 21232213 1 0 1706902505
WALL 21232213 1 0 1706902506
WALL 21232213 1 0 1706902507
WALL 21232213 1 0 1706902508
WALL 21232213 1 0 1706902509
WALL 21232213 1 0 1706902510
WALL 21232213 1 0 1706902511
WALL 21232213 1 0 1706902512
WALL 21232213 1 0 1706902513
WALL 21232213 1 0 1706902514
WALL 21232213 1 0 1706902515
WALL 21232213 1 0 1706902516
WALL 21232213 1 0 1706902517
WALL 21232213 1 0 1706902518
WALL 21232213 1 0 1706902519
WALL 21232213 1 0 1706902520
WALL 21232213 1 0 1706902521
WALL 21232213 1 0 1706902522
WALL 21232213 1 0 1706902523
WALL 21232213 1 0 1706902524
WALL 21232213 1 0 1706902525
WALL 21232213 1 0 1706902526
WALL 21232213 1 0 1706902527
WALL 21232213 1 0 1706902528
WALL 21232213 1 0 1706902529
WALL 21232213 1 0 1706902530
WALL 21232213 1 0 1706902531
slurmstepd: error: *** JOB 21232213 ON nid200001 CANCELLED AT 2024-02-02T19:35:31 DUE TO PREEMPTION ***
received SIGTERM 1706902531
WALL 21232213 1 0 1706902531
received SIGCONT 1706902531
WALL 21232213 1 0 1706902531
received SIGTERM 1706902531
WALL 21232213 1 0 1706902531
