srun: warning: can't run 1 processes on 2 nodes, setting nnodes to 1
WALL 21206823 1 0 1706821020
WALL 21206823 1 0 1706821021
WALL 21206823 1 0 1706821022
WALL 21206823 1 0 1706821023
WALL 21206823 1 0 1706821024
WALL 21206823 1 0 1706821025
WALL 21206823 1 0 1706821026
WALL 21206823 1 0 1706821027
WALL 21206823 1 0 1706821028
WALL 21206823 1 0 1706821029
WALL 21206823 1 0 1706821030
WALL 21206823 1 0 1706821031
WALL 21206823 1 0 1706821032
WALL 21206823 1 0 1706821033
WALL 21206823 1 0 1706821034
WALL 21206823 1 0 1706821035
WALL 21206823 1 0 1706821036
WALL 21206823 1 0 1706821037
WALL 21206823 1 0 1706821038
WALL 21206823 1 0 1706821039
WALL 21206823 1 0 1706821040
WALL 21206823 1 0 1706821041
WALL 21206823 1 0 1706821042
WALL 21206823 1 0 1706821043
WALL 21206823 1 0 1706821044
WALL 21206823 1 0 1706821045
WALL 21206823 1 0 1706821046
WALL 21206823 1 0 1706821047
WALL 21206823 1 0 1706821048
WALL 21206823 1 0 1706821049
WALL 21206823 1 0 1706821050
WALL 21206823 1 0 1706821051
WALL 21206823 1 0 1706821052
WALL 21206823 1 0 1706821053
WALL 21206823 1 0 1706821054
WALL 21206823 1 0 1706821055
WALL 21206823 1 0 1706821056
WALL 21206823 1 0 1706821057
WALL 21206823 1 0 1706821058
WALL 21206823 1 0 1706821059
WALL 21206823 1 0 1706821060
WALL 21206823 1 0 1706821061
WALL 21206823 1 0 1706821062
WALL 21206823 1 0 1706821063
WALL 21206823 1 0 1706821064
WALL 21206823 1 0 1706821065
WALL 21206823 1 0 1706821066
WALL 21206823 1 0 1706821067
WALL 21206823 1 0 1706821068
WALL 21206823 1 0 1706821069
WALL 21206823 1 0 1706821070
WALL 21206823 1 0 1706821071
WALL 21206823 1 0 1706821072
WALL 21206823 1 0 1706821073
WALL 21206823 1 0 1706821074
WALL 21206823 1 0 1706821075
WALL 21206823 1 0 1706821076
WALL 21206823 1 0 1706821077
WALL 21206823 1 0 1706821078
WALL 21206823 1 0 1706821079
WALL 21206823 1 0 1706821080
WALL 21206823 1 0 1706821081
WALL 21206823 1 0 1706821082
WALL 21206823 1 0 1706821083
WALL 21206823 1 0 1706821084
WALL 21206823 1 0 1706821085
WALL 21206823 1 0 1706821086
WALL 21206823 1 0 1706821087
WALL 21206823 1 0 1706821088
WALL 21206823 1 0 1706821089
WALL 21206823 1 0 1706821090
WALL 21206823 1 0 1706821091
WALL 21206823 1 0 1706821092
WALL 21206823 1 0 1706821093
WALL 21206823 1 0 1706821094
WALL 21206823 1 0 1706821095
WALL 21206823 1 0 1706821096
WALL 21206823 1 0 1706821097
WALL 21206823 1 0 1706821098
WALL 21206823 1 0 1706821099
WALL 21206823 1 0 1706821100
WALL 21206823 1 0 1706821101
WALL 21206823 1 0 1706821102
WALL 21206823 1 0 1706821103
WALL 21206823 1 0 1706821104
WALL 21206823 1 0 1706821105
WALL 21206823 1 0 1706821106
WALL 21206823 1 0 1706821107
WALL 21206823 1 0 1706821108
WALL 21206823 1 0 1706821109
WALL 21206823 1 0 1706821110
WALL 21206823 1 0 1706821111
WALL 21206823 1 0 1706821112
WALL 21206823 1 0 1706821113
WALL 21206823 1 0 1706821114
WALL 21206823 1 0 1706821115
WALL 21206823 1 0 1706821116
WALL 21206823 1 0 1706821117
WALL 21206823 1 0 1706821118
WALL 21206823 1 0 1706821119
WALL 21206823 1 0 1706821120
WALL 21206823 1 0 1706821121
WALL 21206823 1 0 1706821122
WALL 21206823 1 0 1706821123
WALL 21206823 1 0 1706821124
WALL 21206823 1 0 1706821125
WALL 21206823 1 0 1706821126
WALL 21206823 1 0 1706821127
WALL 21206823 1 0 1706821128
WALL 21206823 1 0 1706821129
WALL 21206823 1 0 1706821130
WALL 21206823 1 0 1706821131
WALL 21206823 1 0 1706821132
WALL 21206823 1 0 1706821133
WALL 21206823 1 0 1706821134
WALL 21206823 1 0 1706821135
WALL 21206823 1 0 1706821136
WALL 21206823 1 0 1706821137
WALL 21206823 1 0 1706821138
WALL 21206823 1 0 1706821139
WALL 21206823 1 0 1706821140
WALL 21206823 1 0 1706821141
WALL 21206823 1 0 1706821142
WALL 21206823 1 0 1706821143
WALL 21206823 1 0 1706821144
WALL 21206823 1 0 1706821145
WALL 21206823 1 0 1706821146
WALL 21206823 1 0 1706821147
WALL 21206823 1 0 1706821148
WALL 21206823 1 0 1706821149
WALL 21206823 1 0 1706821150
WALL 21206823 1 0 1706821151
WALL 21206823 1 0 1706821152
WALL 21206823 1 0 1706821153
WALL 21206823 1 0 1706821154
WALL 21206823 1 0 1706821155
WALL 21206823 1 0 1706821156
WALL 21206823 1 0 1706821157
WALL 21206823 1 0 1706821158
WALL 21206823 1 0 1706821159
WALL 21206823 1 0 1706821160
WALL 21206823 1 0 1706821161
WALL 21206823 1 0 1706821162
WALL 21206823 1 0 1706821163
WALL 21206823 1 0 1706821164
WALL 21206823 1 0 1706821165
WALL 21206823 1 0 1706821166
WALL 21206823 1 0 1706821167
WALL 21206823 1 0 1706821168
WALL 21206823 1 0 1706821169
WALL 21206823 1 0 1706821170
WALL 21206823 1 0 1706821171
WALL 21206823 1 0 1706821172
WALL 21206823 1 0 1706821173
WALL 21206823 1 0 1706821174
WALL 21206823 1 0 1706821175
WALL 21206823 1 0 1706821176
WALL 21206823 1 0 1706821177
WALL 21206823 1 0 1706821178
WALL 21206823 1 0 1706821179
WALL 21206823 1 0 1706821180
WALL 21206823 1 0 1706821181
WALL 21206823 1 0 1706821182
WALL 21206823 1 0 1706821183
WALL 21206823 1 0 1706821184
WALL 21206823 1 0 1706821185
WALL 21206823 1 0 1706821186
WALL 21206823 1 0 1706821187
WALL 21206823 1 0 1706821188
WALL 21206823 1 0 1706821189
WALL 21206823 1 0 1706821190
WALL 21206823 1 0 1706821191
WALL 21206823 1 0 1706821192
WALL 21206823 1 0 1706821193
WALL 21206823 1 0 1706821194
WALL 21206823 1 0 1706821195
WALL 21206823 1 0 1706821196
WALL 21206823 1 0 1706821197
WALL 21206823 1 0 1706821198
WALL 21206823 1 0 1706821199
WALL 21206823 1 0 1706821200
WALL 21206823 1 0 1706821201
WALL 21206823 1 0 1706821202
WALL 21206823 1 0 1706821203
WALL 21206823 1 0 1706821204
WALL 21206823 1 0 1706821205
WALL 21206823 1 0 1706821206
WALL 21206823 1 0 1706821207
WALL 21206823 1 0 1706821208
WALL 21206823 1 0 1706821209
WALL 21206823 1 0 1706821210
WALL 21206823 1 0 1706821211
WALL 21206823 1 0 1706821212
WALL 21206823 1 0 1706821213
WALL 21206823 1 0 1706821214
WALL 21206823 1 0 1706821215
WALL 21206823 1 0 1706821216
WALL 21206823 1 0 1706821217
WALL 21206823 1 0 1706821218
WALL 21206823 1 0 1706821219
WALL 21206823 1 0 1706821220
WALL 21206823 1 0 1706821221
WALL 21206823 1 0 1706821222
WALL 21206823 1 0 1706821223
WALL 21206823 1 0 1706821224
WALL 21206823 1 0 1706821225
WALL 21206823 1 0 1706821226
WALL 21206823 1 0 1706821227
WALL 21206823 1 0 1706821228
WALL 21206823 1 0 1706821229
WALL 21206823 1 0 1706821230
WALL 21206823 1 0 1706821231
WALL 21206823 1 0 1706821232
WALL 21206823 1 0 1706821233
WALL 21206823 1 0 1706821234
WALL 21206823 1 0 1706821235
WALL 21206823 1 0 1706821236
WALL 21206823 1 0 1706821237
WALL 21206823 1 0 1706821238
WALL 21206823 1 0 1706821239
WALL 21206823 1 0 1706821240
WALL 21206823 1 0 1706821241
WALL 21206823 1 0 1706821242
WALL 21206823 1 0 1706821243
WALL 21206823 1 0 1706821244
WALL 21206823 1 0 1706821245
WALL 21206823 1 0 1706821246
WALL 21206823 1 0 1706821247
WALL 21206823 1 0 1706821248
WALL 21206823 1 0 1706821249
WALL 21206823 1 0 1706821250
WALL 21206823 1 0 1706821251
WALL 21206823 1 0 1706821252
WALL 21206823 1 0 1706821253
WALL 21206823 1 0 1706821254
WALL 21206823 1 0 1706821255
WALL 21206823 1 0 1706821256
WALL 21206823 1 0 1706821257
WALL 21206823 1 0 1706821258
WALL 21206823 1 0 1706821259
WALL 21206823 1 0 1706821260
WALL 21206823 1 0 1706821261
WALL 21206823 1 0 1706821262
WALL 21206823 1 0 1706821263
WALL 21206823 1 0 1706821264
WALL 21206823 1 0 1706821265
WALL 21206823 1 0 1706821266
WALL 21206823 1 0 1706821267
WALL 21206823 1 0 1706821268
WALL 21206823 1 0 1706821269
WALL 21206823 1 0 1706821270
WALL 21206823 1 0 1706821271
WALL 21206823 1 0 1706821272
WALL 21206823 1 0 1706821273
WALL 21206823 1 0 1706821274
WALL 21206823 1 0 1706821275
WALL 21206823 1 0 1706821276
WALL 21206823 1 0 1706821277
WALL 21206823 1 0 1706821278
WALL 21206823 1 0 1706821279
WALL 21206823 1 0 1706821280
WALL 21206823 1 0 1706821281
WALL 21206823 1 0 1706821282
WALL 21206823 1 0 1706821283
WALL 21206823 1 0 1706821284
WALL 21206823 1 0 1706821285
WALL 21206823 1 0 1706821286
WALL 21206823 1 0 1706821287
WALL 21206823 1 0 1706821288
WALL 21206823 1 0 1706821289
WALL 21206823 1 0 1706821290
WALL 21206823 1 0 1706821291
WALL 21206823 1 0 1706821292
WALL 21206823 1 0 1706821293
WALL 21206823 1 0 1706821294
WALL 21206823 1 0 1706821295
WALL 21206823 1 0 1706821296
WALL 21206823 1 0 1706821297
WALL 21206823 1 0 1706821298
WALL 21206823 1 0 1706821299
WALL 21206823 1 0 1706821300
WALL 21206823 1 0 1706821301
WALL 21206823 1 0 1706821302
WALL 21206823 1 0 1706821303
WALL 21206823 1 0 1706821304
WALL 21206823 1 0 1706821305
WALL 21206823 1 0 1706821306
WALL 21206823 1 0 1706821307
WALL 21206823 1 0 1706821308
WALL 21206823 1 0 1706821309
WALL 21206823 1 0 1706821310
WALL 21206823 1 0 1706821311
WALL 21206823 1 0 1706821312
WALL 21206823 1 0 1706821313
WALL 21206823 1 0 1706821314
WALL 21206823 1 0 1706821315
WALL 21206823 1 0 1706821316
WALL 21206823 1 0 1706821317
WALL 21206823 1 0 1706821318
WALL 21206823 1 0 1706821319
WALL 21206823 1 0 1706821320
WALL 21206823 1 0 1706821321
WALL 21206823 1 0 1706821322
WALL 21206823 1 0 1706821323
WALL 21206823 1 0 1706821324
WALL 21206823 1 0 1706821325
WALL 21206823 1 0 1706821326
WALL 21206823 1 0 1706821327
WALL 21206823 1 0 1706821328
WALL 21206823 1 0 1706821329
WALL 21206823 1 0 1706821330
WALL 21206823 1 0 1706821331
WALL 21206823 1 0 1706821332
WALL 21206823 1 0 1706821333
WALL 21206823 1 0 1706821334
WALL 21206823 1 0 1706821335
WALL 21206823 1 0 1706821336
WALL 21206823 1 0 1706821337
WALL 21206823 1 0 1706821338
WALL 21206823 1 0 1706821339
WALL 21206823 1 0 1706821340
WALL 21206823 1 0 1706821341
WALL 21206823 1 0 1706821342
WALL 21206823 1 0 1706821343
WALL 21206823 1 0 1706821344
WALL 21206823 1 0 1706821345
WALL 21206823 1 0 1706821346
WALL 21206823 1 0 1706821347
WALL 21206823 1 0 1706821348
WALL 21206823 1 0 1706821349
WALL 21206823 1 0 1706821350
WALL 21206823 1 0 1706821351
WALL 21206823 1 0 1706821352
WALL 21206823 1 0 1706821353
WALL 21206823 1 0 1706821354
WALL 21206823 1 0 1706821355
WALL 21206823 1 0 1706821356
WALL 21206823 1 0 1706821357
WALL 21206823 1 0 1706821358
WALL 21206823 1 0 1706821359
WALL 21206823 1 0 1706821360
WALL 21206823 1 0 1706821361
WALL 21206823 1 0 1706821362
WALL 21206823 1 0 1706821363
WALL 21206823 1 0 1706821364
WALL 21206823 1 0 1706821365
WALL 21206823 1 0 1706821366
WALL 21206823 1 0 1706821367
WALL 21206823 1 0 1706821368
WALL 21206823 1 0 1706821369
WALL 21206823 1 0 1706821370
received SIGCONT 1706821370
WALL 21206823 1 0 1706821370
slurmstepd: error: *** STEP 21206823.0 ON nid200016 CANCELLED AT 2024-02-01T21:02:50 ***
received SIGTERM 1706821370
WALL 21206823 1 0 1706821370
WALL 21206823 1 0 1706821371
WALL 21206823 1 0 1706821372
WALL 21206823 1 0 1706821373
WALL 21206823 1 0 1706821374
WALL 21206823 1 0 1706821375
WALL 21206823 1 0 1706821376
WALL 21206823 1 0 1706821377
WALL 21206823 1 0 1706821378
WALL 21206823 1 0 1706821379
WALL 21206823 1 0 1706821380
WALL 21206823 1 0 1706821381
WALL 21206823 1 0 1706821382
WALL 21206823 1 0 1706821383
WALL 21206823 1 0 1706821384
WALL 21206823 1 0 1706821385
WALL 21206823 1 0 1706821386
WALL 21206823 1 0 1706821387
WALL 21206823 1 0 1706821388
WALL 21206823 1 0 1706821389
WALL 21206823 1 0 1706821390
WALL 21206823 1 0 1706821391
WALL 21206823 1 0 1706821392
WALL 21206823 1 0 1706821393
WALL 21206823 1 0 1706821394
WALL 21206823 1 0 1706821395
WALL 21206823 1 0 1706821396
WALL 21206823 1 0 1706821397
WALL 21206823 1 0 1706821398
WALL 21206823 1 0 1706821399
WALL 21206823 1 0 1706821400
WALL 21206823 1 0 1706821401
WALL 21206823 1 0 1706821402
WALL 21206823 1 0 1706821403
WALL 21206823 1 0 1706821404
WALL 21206823 1 0 1706821405
WALL 21206823 1 0 1706821406
WALL 21206823 1 0 1706821407
WALL 21206823 1 0 1706821408
WALL 21206823 1 0 1706821409
WALL 21206823 1 0 1706821410
WALL 21206823 1 0 1706821411
WALL 21206823 1 0 1706821412
WALL 21206823 1 0 1706821413
WALL 21206823 1 0 1706821414
WALL 21206823 1 0 1706821415
WALL 21206823 1 0 1706821416
WALL 21206823 1 0 1706821417
WALL 21206823 1 0 1706821418
WALL 21206823 1 0 1706821419
WALL 21206823 1 0 1706821420
WALL 21206823 1 0 1706821421
WALL 21206823 1 0 1706821422
WALL 21206823 1 0 1706821423
WALL 21206823 1 0 1706821424
WALL 21206823 1 0 1706821425
WALL 21206823 1 0 1706821426
WALL 21206823 1 0 1706821427
WALL 21206823 1 0 1706821428
WALL 21206823 1 0 1706821429
WALL 21206823 1 0 1706821430
WALL 21206823 1 0 1706821431
WALL 21206823 1 0 1706821432
WALL 21206823 1 0 1706821433
WALL 21206823 1 0 1706821434
WALL 21206823 1 0 1706821435
WALL 21206823 1 0 1706821436
WALL 21206823 1 0 1706821437
WALL 21206823 1 0 1706821438
WALL 21206823 1 0 1706821439
WALL 21206823 1 0 1706821440
WALL 21206823 1 0 1706821441
WALL 21206823 1 0 1706821442
WALL 21206823 1 0 1706821443
WALL 21206823 1 0 1706821444
WALL 21206823 1 0 1706821445
WALL 21206823 1 0 1706821446
WALL 21206823 1 0 1706821447
WALL 21206823 1 0 1706821448
WALL 21206823 1 0 1706821449
slurmstepd: error: *** JOB 21206823 ON nid200016 CANCELLED AT 2024-02-01T21:04:10 DUE TO PREEMPTION ***
received SIGTERM 1706821450
WALL 21206823 1 0 1706821450
received SIGCONT 1706821450
WALL 21206823 1 0 1706821450
received SIGTERM 1706821450
WALL 21206823 1 0 1706821450
