WALL 21089224 1 0 1706662017
WALL 21089224 1 0 1706662018
WALL 21089224 1 0 1706662019
WALL 21089224 1 0 1706662020
WALL 21089224 1 0 1706662021
WALL 21089224 1 0 1706662022
WALL 21089224 1 0 1706662023
WALL 21089224 1 0 1706662024
WALL 21089224 1 0 1706662025
WALL 21089224 1 0 1706662026
WALL 21089224 1 0 1706662027
WALL 21089224 1 0 1706662028
WALL 21089224 1 0 1706662029
WALL 21089224 1 0 1706662030
WALL 21089224 1 0 1706662031
WALL 21089224 1 0 1706662032
WALL 21089224 1 0 1706662033
WALL 21089224 1 0 1706662034
WALL 21089224 1 0 1706662035
WALL 21089224 1 0 1706662036
WALL 21089224 1 0 1706662037
WALL 21089224 1 0 1706662038
WALL 21089224 1 0 1706662039
WALL 21089224 1 0 1706662040
WALL 21089224 1 0 1706662041
WALL 21089224 1 0 1706662042
WALL 21089224 1 0 1706662043
WALL 21089224 1 0 1706662044
WALL 21089224 1 0 1706662045
WALL 21089224 1 0 1706662046
WALL 21089224 1 0 1706662047
WALL 21089224 1 0 1706662048
WALL 21089224 1 0 1706662049
WALL 21089224 1 0 1706662050
WALL 21089224 1 0 1706662051
WALL 21089224 1 0 1706662052
WALL 21089224 1 0 1706662053
WALL 21089224 1 0 1706662054
WALL 21089224 1 0 1706662055
WALL 21089224 1 0 1706662056
WALL 21089224 1 0 1706662057
WALL 21089224 1 0 1706662058
WALL 21089224 1 0 1706662059
WALL 21089224 1 0 1706662060
WALL 21089224 1 0 1706662061
WALL 21089224 1 0 1706662062
WALL 21089224 1 0 1706662063
WALL 21089224 1 0 1706662064
WALL 21089224 1 0 1706662065
WALL 21089224 1 0 1706662066
WALL 21089224 1 0 1706662067
WALL 21089224 1 0 1706662068
WALL 21089224 1 0 1706662069
WALL 21089224 1 0 1706662070
WALL 21089224 1 0 1706662071
WALL 21089224 1 0 1706662072
WALL 21089224 1 0 1706662073
WALL 21089224 1 0 1706662074
WALL 21089224 1 0 1706662075
WALL 21089224 1 0 1706662076
WALL 21089224 1 0 1706662077
WALL 21089224 1 0 1706662078
WALL 21089224 1 0 1706662079
WALL 21089224 1 0 1706662080
WALL 21089224 1 0 1706662081
WALL 21089224 1 0 1706662082
WALL 21089224 1 0 1706662083
WALL 21089224 1 0 1706662084
WALL 21089224 1 0 1706662085
WALL 21089224 1 0 1706662086
WALL 21089224 1 0 1706662087
WALL 21089224 1 0 1706662088
WALL 21089224 1 0 1706662089
WALL 21089224 1 0 1706662090
WALL 21089224 1 0 1706662091
WALL 21089224 1 0 1706662092
WALL 21089224 1 0 1706662093
WALL 21089224 1 0 1706662094
WALL 21089224 1 0 1706662095
WALL 21089224 1 0 1706662096
WALL 21089224 1 0 1706662097
WALL 21089224 1 0 1706662098
WALL 21089224 1 0 1706662099
WALL 21089224 1 0 1706662100
WALL 21089224 1 0 1706662101
WALL 21089224 1 0 1706662102
WALL 21089224 1 0 1706662103
WALL 21089224 1 0 1706662104
WALL 21089224 1 0 1706662105
WALL 21089224 1 0 1706662106
WALL 21089224 1 0 1706662107
WALL 21089224 1 0 1706662108
WALL 21089224 1 0 1706662109
WALL 21089224 1 0 1706662110
WALL 21089224 1 0 1706662111
WALL 21089224 1 0 1706662112
WALL 21089224 1 0 1706662113
WALL 21089224 1 0 1706662114
WALL 21089224 1 0 1706662115
WALL 21089224 1 0 1706662116
WALL 21089224 1 0 1706662117
WALL 21089224 1 0 1706662118
WALL 21089224 1 0 1706662119
WALL 21089224 1 0 1706662120
WALL 21089224 1 0 1706662121
WALL 21089224 1 0 1706662122
WALL 21089224 1 0 1706662123
WALL 21089224 1 0 1706662124
WALL 21089224 1 0 1706662125
WALL 21089224 1 0 1706662126
WALL 21089224 1 0 1706662127
WALL 21089224 1 0 1706662128
WALL 21089224 1 0 1706662129
WALL 21089224 1 0 1706662130
WALL 21089224 1 0 1706662131
WALL 21089224 1 0 1706662132
WALL 21089224 1 0 1706662133
WALL 21089224 1 0 1706662134
WALL 21089224 1 0 1706662135
WALL 21089224 1 0 1706662136
WALL 21089224 1 0 1706662137
WALL 21089224 1 0 1706662138
WALL 21089224 1 0 1706662139
WALL 21089224 1 0 1706662140
WALL 21089224 1 0 1706662141
WALL 21089224 1 0 1706662142
WALL 21089224 1 0 1706662143
WALL 21089224 1 0 1706662144
WALL 21089224 1 0 1706662145
WALL 21089224 1 0 1706662146
WALL 21089224 1 0 1706662147
WALL 21089224 1 0 1706662148
WALL 21089224 1 0 1706662149
WALL 21089224 1 0 1706662150
WALL 21089224 1 0 1706662151
WALL 21089224 1 0 1706662152
WALL 21089224 1 0 1706662153
WALL 21089224 1 0 1706662154
WALL 21089224 1 0 1706662155
WALL 21089224 1 0 1706662156
WALL 21089224 1 0 1706662157
WALL 21089224 1 0 1706662158
WALL 21089224 1 0 1706662159
WALL 21089224 1 0 1706662160
WALL 21089224 1 0 1706662161
WALL 21089224 1 0 1706662162
WALL 21089224 1 0 1706662163
WALL 21089224 1 0 1706662164
WALL 21089224 1 0 1706662165
WALL 21089224 1 0 1706662166
WALL 21089224 1 0 1706662167
WALL 21089224 1 0 1706662168
WALL 21089224 1 0 1706662169
WALL 21089224 1 0 1706662170
WALL 21089224 1 0 1706662171
WALL 21089224 1 0 1706662172
WALL 21089224 1 0 1706662173
WALL 21089224 1 0 1706662174
WALL 21089224 1 0 1706662175
WALL 21089224 1 0 1706662176
WALL 21089224 1 0 1706662177
WALL 21089224 1 0 1706662178
WALL 21089224 1 0 1706662179
WALL 21089224 1 0 1706662180
WALL 21089224 1 0 1706662181
WALL 21089224 1 0 1706662182
WALL 21089224 1 0 1706662183
WALL 21089224 1 0 1706662184
WALL 21089224 1 0 1706662185
WALL 21089224 1 0 1706662186
WALL 21089224 1 0 1706662187
WALL 21089224 1 0 1706662188
WALL 21089224 1 0 1706662189
WALL 21089224 1 0 1706662190
WALL 21089224 1 0 1706662191
WALL 21089224 1 0 1706662192
WALL 21089224 1 0 1706662193
WALL 21089224 1 0 1706662194
WALL 21089224 1 0 1706662195
WALL 21089224 1 0 1706662196
WALL 21089224 1 0 1706662197
WALL 21089224 1 0 1706662198
WALL 21089224 1 0 1706662199
WALL 21089224 1 0 1706662200
WALL 21089224 1 0 1706662201
WALL 21089224 1 0 1706662202
WALL 21089224 1 0 1706662203
WALL 21089224 1 0 1706662204
WALL 21089224 1 0 1706662205
WALL 21089224 1 0 1706662206
WALL 21089224 1 0 1706662207
WALL 21089224 1 0 1706662208
WALL 21089224 1 0 1706662209
WALL 21089224 1 0 1706662210
WALL 21089224 1 0 1706662211
WALL 21089224 1 0 1706662212
WALL 21089224 1 0 1706662213
WALL 21089224 1 0 1706662214
WALL 21089224 1 0 1706662215
WALL 21089224 1 0 1706662216
WALL 21089224 1 0 1706662217
WALL 21089224 1 0 1706662218
WALL 21089224 1 0 1706662219
WALL 21089224 1 0 1706662220
WALL 21089224 1 0 1706662221
WALL 21089224 1 0 1706662222
WALL 21089224 1 0 1706662223
WALL 21089224 1 0 1706662224
WALL 21089224 1 0 1706662225
WALL 21089224 1 0 1706662226
WALL 21089224 1 0 1706662227
WALL 21089224 1 0 1706662228
WALL 21089224 1 0 1706662229
WALL 21089224 1 0 1706662230
WALL 21089224 1 0 1706662231
WALL 21089224 1 0 1706662232
WALL 21089224 1 0 1706662233
WALL 21089224 1 0 1706662234
WALL 21089224 1 0 1706662235
WALL 21089224 1 0 1706662236
WALL 21089224 1 0 1706662237
WALL 21089224 1 0 1706662238
WALL 21089224 1 0 1706662239
WALL 21089224 1 0 1706662240
WALL 21089224 1 0 1706662241
WALL 21089224 1 0 1706662242
WALL 21089224 1 0 1706662243
WALL 21089224 1 0 1706662244
WALL 21089224 1 0 1706662245
WALL 21089224 1 0 1706662246
WALL 21089224 1 0 1706662247
WALL 21089224 1 0 1706662248
WALL 21089224 1 0 1706662249
WALL 21089224 1 0 1706662250
WALL 21089224 1 0 1706662251
WALL 21089224 1 0 1706662252
WALL 21089224 1 0 1706662253
WALL 21089224 1 0 1706662254
WALL 21089224 1 0 1706662255
WALL 21089224 1 0 1706662256
WALL 21089224 1 0 1706662257
WALL 21089224 1 0 1706662258
WALL 21089224 1 0 1706662259
WALL 21089224 1 0 1706662260
WALL 21089224 1 0 1706662261
WALL 21089224 1 0 1706662262
WALL 21089224 1 0 1706662263
WALL 21089224 1 0 1706662264
WALL 21089224 1 0 1706662265
WALL 21089224 1 0 1706662266
WALL 21089224 1 0 1706662267
WALL 21089224 1 0 1706662268
WALL 21089224 1 0 1706662269
WALL 21089224 1 0 1706662270
WALL 21089224 1 0 1706662271
WALL 21089224 1 0 1706662272
WALL 21089224 1 0 1706662273
WALL 21089224 1 0 1706662274
WALL 21089224 1 0 1706662275
WALL 21089224 1 0 1706662276
WALL 21089224 1 0 1706662277
WALL 21089224 1 0 1706662278
WALL 21089224 1 0 1706662279
WALL 21089224 1 0 1706662280
WALL 21089224 1 0 1706662281
WALL 21089224 1 0 1706662282
WALL 21089224 1 0 1706662283
WALL 21089224 1 0 1706662284
WALL 21089224 1 0 1706662285
WALL 21089224 1 0 1706662286
WALL 21089224 1 0 1706662287
WALL 21089224 1 0 1706662288
WALL 21089224 1 0 1706662289
WALL 21089224 1 0 1706662290
WALL 21089224 1 0 1706662291
WALL 21089224 1 0 1706662292
WALL 21089224 1 0 1706662293
WALL 21089224 1 0 1706662294
WALL 21089224 1 0 1706662295
WALL 21089224 1 0 1706662296
WALL 21089224 1 0 1706662297
WALL 21089224 1 0 1706662298
WALL 21089224 1 0 1706662299
WALL 21089224 1 0 1706662300
WALL 21089224 1 0 1706662301
WALL 21089224 1 0 1706662302
WALL 21089224 1 0 1706662303
WALL 21089224 1 0 1706662304
WALL 21089224 1 0 1706662305
WALL 21089224 1 0 1706662306
WALL 21089224 1 0 1706662307
WALL 21089224 1 0 1706662308
WALL 21089224 1 0 1706662309
WALL 21089224 1 0 1706662310
WALL 21089224 1 0 1706662311
WALL 21089224 1 0 1706662312
WALL 21089224 1 0 1706662313
WALL 21089224 1 0 1706662314
WALL 21089224 1 0 1706662315
WALL 21089224 1 0 1706662316
WALL 21089224 1 0 1706662317
WALL 21089224 1 0 1706662318
WALL 21089224 1 0 1706662319
WALL 21089224 1 0 1706662320
WALL 21089224 1 0 1706662321
WALL 21089224 1 0 1706662322
WALL 21089224 1 0 1706662323
WALL 21089224 1 0 1706662324
WALL 21089224 1 0 1706662325
WALL 21089224 1 0 1706662326
WALL 21089224 1 0 1706662327
WALL 21089224 1 0 1706662328
WALL 21089224 1 0 1706662329
WALL 21089224 1 0 1706662330
WALL 21089224 1 0 1706662331
WALL 21089224 1 0 1706662332
WALL 21089224 1 0 1706662333
WALL 21089224 1 0 1706662334
WALL 21089224 1 0 1706662335
WALL 21089224 1 0 1706662336
WALL 21089224 1 0 1706662337
WALL 21089224 1 0 1706662338
WALL 21089224 1 0 1706662339
WALL 21089224 1 0 1706662340
WALL 21089224 1 0 1706662341
WALL 21089224 1 0 1706662342
WALL 21089224 1 0 1706662343
WALL 21089224 1 0 1706662344
WALL 21089224 1 0 1706662345
WALL 21089224 1 0 1706662346
WALL 21089224 1 0 1706662347
WALL 21089224 1 0 1706662348
WALL 21089224 1 0 1706662349
slurmstepd: error: *** STEP 21089224.0 ON nid200186 CANCELLED AT 2024-01-31T00:52:29 ***
received SIGTERM 1706662349
WALL 21089224 1 0 1706662349
received SIGCONT 1706662349
WALL 21089224 1 0 1706662349
WALL 21089224 1 0 1706662350
WALL 21089224 1 0 1706662351
WALL 21089224 1 0 1706662352
WALL 21089224 1 0 1706662353
WALL 21089224 1 0 1706662354
WALL 21089224 1 0 1706662355
WALL 21089224 1 0 1706662356
WALL 21089224 1 0 1706662357
WALL 21089224 1 0 1706662358
WALL 21089224 1 0 1706662359
WALL 21089224 1 0 1706662360
WALL 21089224 1 0 1706662361
WALL 21089224 1 0 1706662362
WALL 21089224 1 0 1706662363
WALL 21089224 1 0 1706662364
WALL 21089224 1 0 1706662365
WALL 21089224 1 0 1706662366
WALL 21089224 1 0 1706662367
WALL 21089224 1 0 1706662368
WALL 21089224 1 0 1706662369
WALL 21089224 1 0 1706662370
WALL 21089224 1 0 1706662371
WALL 21089224 1 0 1706662372
WALL 21089224 1 0 1706662373
WALL 21089224 1 0 1706662374
WALL 21089224 1 0 1706662375
WALL 21089224 1 0 1706662376
WALL 21089224 1 0 1706662377
WALL 21089224 1 0 1706662378
WALL 21089224 1 0 1706662379
WALL 21089224 1 0 1706662380
WALL 21089224 1 0 1706662381
WALL 21089224 1 0 1706662382
WALL 21089224 1 0 1706662383
WALL 21089224 1 0 1706662384
WALL 21089224 1 0 1706662385
WALL 21089224 1 0 1706662386
WALL 21089224 1 0 1706662387
WALL 21089224 1 0 1706662388
WALL 21089224 1 0 1706662389
WALL 21089224 1 0 1706662390
WALL 21089224 1 0 1706662391
WALL 21089224 1 0 1706662392
WALL 21089224 1 0 1706662393
WALL 21089224 1 0 1706662394
WALL 21089224 1 0 1706662395
WALL 21089224 1 0 1706662396
WALL 21089224 1 0 1706662397
WALL 21089224 1 0 1706662398
WALL 21089224 1 0 1706662399
WALL 21089224 1 0 1706662400
WALL 21089224 1 0 1706662401
WALL 21089224 1 0 1706662402
WALL 21089224 1 0 1706662403
WALL 21089224 1 0 1706662404
WALL 21089224 1 0 1706662405
WALL 21089224 1 0 1706662406
WALL 21089224 1 0 1706662407
WALL 21089224 1 0 1706662408
WALL 21089224 1 0 1706662409
WALL 21089224 1 0 1706662410
WALL 21089224 1 0 1706662411
WALL 21089224 1 0 1706662412
WALL 21089224 1 0 1706662413
WALL 21089224 1 0 1706662414
WALL 21089224 1 0 1706662415
WALL 21089224 1 0 1706662416
WALL 21089224 1 0 1706662417
WALL 21089224 1 0 1706662418
WALL 21089224 1 0 1706662419
WALL 21089224 1 0 1706662420
WALL 21089224 1 0 1706662421
WALL 21089224 1 0 1706662422
slurmstepd: error: *** JOB 21089224 ON nid200186 CANCELLED AT 2024-01-31T00:53:43 DUE TO PREEMPTION ***
received SIGTERM 1706662423
WALL 21089224 1 0 1706662423
