WALL 21149997 1 0 1706738335
WALL 21149997 1 0 1706738336
WALL 21149997 1 0 1706738337
WALL 21149997 1 0 1706738338
WALL 21149997 1 0 1706738339
WALL 21149997 1 0 1706738340
WALL 21149997 1 0 1706738341
WALL 21149997 1 0 1706738342
WALL 21149997 1 0 1706738343
WALL 21149997 1 0 1706738344
WALL 21149997 1 0 1706738345
WALL 21149997 1 0 1706738346
WALL 21149997 1 0 1706738347
WALL 21149997 1 0 1706738348
WALL 21149997 1 0 1706738349
WALL 21149997 1 0 1706738350
WALL 21149997 1 0 1706738351
WALL 21149997 1 0 1706738352
WALL 21149997 1 0 1706738353
WALL 21149997 1 0 1706738354
WALL 21149997 1 0 1706738355
WALL 21149997 1 0 1706738356
WALL 21149997 1 0 1706738357
WALL 21149997 1 0 1706738358
WALL 21149997 1 0 1706738359
WALL 21149997 1 0 1706738360
WALL 21149997 1 0 1706738361
WALL 21149997 1 0 1706738362
WALL 21149997 1 0 1706738363
WALL 21149997 1 0 1706738364
WALL 21149997 1 0 1706738365
WALL 21149997 1 0 1706738366
WALL 21149997 1 0 1706738367
WALL 21149997 1 0 1706738368
WALL 21149997 1 0 1706738369
WALL 21149997 1 0 1706738370
WALL 21149997 1 0 1706738371
WALL 21149997 1 0 1706738372
WALL 21149997 1 0 1706738373
WALL 21149997 1 0 1706738374
WALL 21149997 1 0 1706738375
WALL 21149997 1 0 1706738376
WALL 21149997 1 0 1706738377
WALL 21149997 1 0 1706738378
WALL 21149997 1 0 1706738379
WALL 21149997 1 0 1706738380
WALL 21149997 1 0 1706738381
WALL 21149997 1 0 1706738382
WALL 21149997 1 0 1706738383
WALL 21149997 1 0 1706738384
WALL 21149997 1 0 1706738385
WALL 21149997 1 0 1706738386
WALL 21149997 1 0 1706738387
WALL 21149997 1 0 1706738388
WALL 21149997 1 0 1706738389
WALL 21149997 1 0 1706738390
WALL 21149997 1 0 1706738391
WALL 21149997 1 0 1706738392
WALL 21149997 1 0 1706738393
WALL 21149997 1 0 1706738394
WALL 21149997 1 0 1706738395
WALL 21149997 1 0 1706738396
WALL 21149997 1 0 1706738397
WALL 21149997 1 0 1706738398
WALL 21149997 1 0 1706738399
WALL 21149997 1 0 1706738400
WALL 21149997 1 0 1706738401
WALL 21149997 1 0 1706738402
WALL 21149997 1 0 1706738403
WALL 21149997 1 0 1706738404
WALL 21149997 1 0 1706738405
WALL 21149997 1 0 1706738406
WALL 21149997 1 0 1706738407
WALL 21149997 1 0 1706738408
WALL 21149997 1 0 1706738409
WALL 21149997 1 0 1706738410
WALL 21149997 1 0 1706738411
WALL 21149997 1 0 1706738412
WALL 21149997 1 0 1706738413
WALL 21149997 1 0 1706738414
WALL 21149997 1 0 1706738415
WALL 21149997 1 0 1706738416
WALL 21149997 1 0 1706738417
WALL 21149997 1 0 1706738418
WALL 21149997 1 0 1706738419
WALL 21149997 1 0 1706738420
WALL 21149997 1 0 1706738421
WALL 21149997 1 0 1706738422
WALL 21149997 1 0 1706738423
slurmstepd: error: *** STEP 21149997.0 ON nid200030 CANCELLED AT 2024-01-31T22:00:24 ***
received SIGTERM 1706738424
WALL 21149997 1 0 1706738424
received SIGCONT 1706738424
WALL 21149997 1 0 1706738424
WALL 21149997 1 0 1706738425
WALL 21149997 1 0 1706738426
WALL 21149997 1 0 1706738427
WALL 21149997 1 0 1706738428
WALL 21149997 1 0 1706738429
WALL 21149997 1 0 1706738430
WALL 21149997 1 0 1706738431
WALL 21149997 1 0 1706738432
WALL 21149997 1 0 1706738433
WALL 21149997 1 0 1706738434
WALL 21149997 1 0 1706738435
WALL 21149997 1 0 1706738436
WALL 21149997 1 0 1706738437
WALL 21149997 1 0 1706738438
WALL 21149997 1 0 1706738439
WALL 21149997 1 0 1706738440
WALL 21149997 1 0 1706738441
WALL 21149997 1 0 1706738442
WALL 21149997 1 0 1706738443
WALL 21149997 1 0 1706738444
WALL 21149997 1 0 1706738445
WALL 21149997 1 0 1706738446
WALL 21149997 1 0 1706738447
WALL 21149997 1 0 1706738448
WALL 21149997 1 0 1706738449
WALL 21149997 1 0 1706738450
WALL 21149997 1 0 1706738451
WALL 21149997 1 0 1706738452
WALL 21149997 1 0 1706738453
WALL 21149997 1 0 1706738454
WALL 21149997 1 0 1706738455
WALL 21149997 1 0 1706738456
WALL 21149997 1 0 1706738457
WALL 21149997 1 0 1706738458
WALL 21149997 1 0 1706738459
WALL 21149997 1 0 1706738460
WALL 21149997 1 0 1706738461
WALL 21149997 1 0 1706738462
WALL 21149997 1 0 1706738463
WALL 21149997 1 0 1706738464
WALL 21149997 1 0 1706738465
WALL 21149997 1 0 1706738466
WALL 21149997 1 0 1706738467
WALL 21149997 1 0 1706738468
WALL 21149997 1 0 1706738469
WALL 21149997 1 0 1706738470
WALL 21149997 1 0 1706738471
WALL 21149997 1 0 1706738472
WALL 21149997 1 0 1706738473
WALL 21149997 1 0 1706738474
WALL 21149997 1 0 1706738475
WALL 21149997 1 0 1706738476
WALL 21149997 1 0 1706738477
WALL 21149997 1 0 1706738478
WALL 21149997 1 0 1706738479
WALL 21149997 1 0 1706738480
WALL 21149997 1 0 1706738481
WALL 21149997 1 0 1706738482
WALL 21149997 1 0 1706738483
WALL 21149997 1 0 1706738484
WALL 21149997 1 0 1706738485
WALL 21149997 1 0 1706738486
WALL 21149997 1 0 1706738487
WALL 21149997 1 0 1706738488
WALL 21149997 1 0 1706738489
WALL 21149997 1 0 1706738490
WALL 21149997 1 0 1706738491
WALL 21149997 1 0 1706738492
WALL 21149997 1 0 1706738493
WALL 21149997 1 0 1706738494
WALL 21149997 1 0 1706738495
WALL 21149997 1 0 1706738496
WALL 21149997 1 0 1706738497
WALL 21149997 1 0 1706738498
WALL 21149997 1 0 1706738499
WALL 21149997 1 0 1706738500
WALL 21149997 1 0 1706738501
WALL 21149997 1 0 1706738502
WALL 21149997 1 0 1706738503
WALL 21149997 1 0 1706738504
WALL 21149997 1 0 1706738505
slurmstepd: error: *** JOB 21149997 ON nid200030 CANCELLED AT 2024-01-31T22:01:45 DUE TO PREEMPTION ***
received SIGTERM 1706738505
WALL 21149997 1 0 1706738505
received SIGCONT 1706738505
WALL 21149997 1 0 1706738505
received SIGTERM 1706738505
WALL 21149997 1 0 1706738505
