WALL 21152443 1 0 1706740683
WALL 21152443 1 0 1706740684
WALL 21152443 1 0 1706740685
WALL 21152443 1 0 1706740686
WALL 21152443 1 0 1706740687
WALL 21152443 1 0 1706740688
WALL 21152443 1 0 1706740689
WALL 21152443 1 0 1706740690
WALL 21152443 1 0 1706740691
WALL 21152443 1 0 1706740692
WALL 21152443 1 0 1706740693
WALL 21152443 1 0 1706740694
WALL 21152443 1 0 1706740695
WALL 21152443 1 0 1706740696
WALL 21152443 1 0 1706740697
WALL 21152443 1 0 1706740698
WALL 21152443 1 0 1706740699
WALL 21152443 1 0 1706740700
WALL 21152443 1 0 1706740701
WALL 21152443 1 0 1706740702
WALL 21152443 1 0 1706740703
WALL 21152443 1 0 1706740704
WALL 21152443 1 0 1706740705
WALL 21152443 1 0 1706740706
WALL 21152443 1 0 1706740707
WALL 21152443 1 0 1706740708
WALL 21152443 1 0 1706740709
WALL 21152443 1 0 1706740710
WALL 21152443 1 0 1706740711
WALL 21152443 1 0 1706740712
WALL 21152443 1 0 1706740713
WALL 21152443 1 0 1706740714
WALL 21152443 1 0 1706740715
WALL 21152443 1 0 1706740716
WALL 21152443 1 0 1706740717
WALL 21152443 1 0 1706740718
WALL 21152443 1 0 1706740719
WALL 21152443 1 0 1706740720
WALL 21152443 1 0 1706740721
WALL 21152443 1 0 1706740722
WALL 21152443 1 0 1706740723
WALL 21152443 1 0 1706740724
WALL 21152443 1 0 1706740725
WALL 21152443 1 0 1706740726
WALL 21152443 1 0 1706740727
WALL 21152443 1 0 1706740728
WALL 21152443 1 0 1706740729
WALL 21152443 1 0 1706740730
WALL 21152443 1 0 1706740731
WALL 21152443 1 0 1706740732
WALL 21152443 1 0 1706740733
WALL 21152443 1 0 1706740734
WALL 21152443 1 0 1706740735
WALL 21152443 1 0 1706740736
WALL 21152443 1 0 1706740737
WALL 21152443 1 0 1706740738
WALL 21152443 1 0 1706740739
WALL 21152443 1 0 1706740740
WALL 21152443 1 0 1706740741
WALL 21152443 1 0 1706740742
WALL 21152443 1 0 1706740743
WALL 21152443 1 0 1706740744
slurmstepd: error: *** STEP 21152443.0 ON nid200028 CANCELLED AT 2024-01-31T22:39:04 DUE TO PREEMPTION ***
slurmstepd: error: *** JOB 21152443 ON nid200028 CANCELLED AT 2024-01-31T22:39:04 DUE TO PREEMPTION ***
received SIGTERM 1706740744
WALL 21152443 1 0 1706740744
received SIGCONT 1706740744
WALL 21152443 1 0 1706740744
received SIGTERM 1706740744
WALL 21152443 1 0 1706740744
