WALL 21153085 1 0 1706741549
WALL 21153085 1 0 1706741550
WALL 21153085 1 0 1706741551
WALL 21153085 1 0 1706741552
WALL 21153085 1 0 1706741553
WALL 21153085 1 0 1706741554
WALL 21153085 1 0 1706741555
WALL 21153085 1 0 1706741556
WALL 21153085 1 0 1706741557
WALL 21153085 1 0 1706741558
WALL 21153085 1 0 1706741559
WALL 21153085 1 0 1706741560
WALL 21153085 1 0 1706741561
WALL 21153085 1 0 1706741562
WALL 21153085 1 0 1706741563
WALL 21153085 1 0 1706741564
WALL 21153085 1 0 1706741565
WALL 21153085 1 0 1706741566
WALL 21153085 1 0 1706741567
WALL 21153085 1 0 1706741568
WALL 21153085 1 0 1706741569
WALL 21153085 1 0 1706741570
WALL 21153085 1 0 1706741571
WALL 21153085 1 0 1706741572
WALL 21153085 1 0 1706741573
WALL 21153085 1 0 1706741574
WALL 21153085 1 0 1706741575
WALL 21153085 1 0 1706741576
WALL 21153085 1 0 1706741577
WALL 21153085 1 0 1706741578
WALL 21153085 1 0 1706741579
WALL 21153085 1 0 1706741580
WALL 21153085 1 0 1706741581
WALL 21153085 1 0 1706741582
WALL 21153085 1 0 1706741583
WALL 21153085 1 0 1706741584
WALL 21153085 1 0 1706741585
WALL 21153085 1 0 1706741586
WALL 21153085 1 0 1706741587
WALL 21153085 1 0 1706741588
WALL 21153085 1 0 1706741589
WALL 21153085 1 0 1706741590
WALL 21153085 1 0 1706741591
slurmstepd: error: *** STEP 21153085.0 ON nid200029 CANCELLED AT 2024-01-31T22:53:11 ***
received SIGTERM 1706741591
WALL 21153085 1 0 1706741591
received SIGCONT 1706741591
WALL 21153085 1 0 1706741591
WALL 21153085 1 0 1706741592
WALL 21153085 1 0 1706741593
WALL 21153085 1 0 1706741594
WALL 21153085 1 0 1706741595
WALL 21153085 1 0 1706741596
WALL 21153085 1 0 1706741597
WALL 21153085 1 0 1706741598
WALL 21153085 1 0 1706741599
WALL 21153085 1 0 1706741600
WALL 21153085 1 0 1706741601
WALL 21153085 1 0 1706741602
WALL 21153085 1 0 1706741603
WALL 21153085 1 0 1706741604
WALL 21153085 1 0 1706741605
WALL 21153085 1 0 1706741606
WALL 21153085 1 0 1706741607
WALL 21153085 1 0 1706741608
WALL 21153085 1 0 1706741609
WALL 21153085 1 0 1706741610
WALL 21153085 1 0 1706741611
WALL 21153085 1 0 1706741612
WALL 21153085 1 0 1706741613
WALL 21153085 1 0 1706741614
WALL 21153085 1 0 1706741615
WALL 21153085 1 0 1706741616
WALL 21153085 1 0 1706741617
WALL 21153085 1 0 1706741618
WALL 21153085 1 0 1706741619
WALL 21153085 1 0 1706741620
WALL 21153085 1 0 1706741621
WALL 21153085 1 0 1706741622
WALL 21153085 1 0 1706741623
WALL 21153085 1 0 1706741624
WALL 21153085 1 0 1706741625
WALL 21153085 1 0 1706741626
WALL 21153085 1 0 1706741627
WALL 21153085 1 0 1706741628
WALL 21153085 1 0 1706741629
WALL 21153085 1 0 1706741630
WALL 21153085 1 0 1706741631
WALL 21153085 1 0 1706741632
WALL 21153085 1 0 1706741633
WALL 21153085 1 0 1706741634
WALL 21153085 1 0 1706741635
WALL 21153085 1 0 1706741636
WALL 21153085 1 0 1706741637
WALL 21153085 1 0 1706741638
WALL 21153085 1 0 1706741639
WALL 21153085 1 0 1706741640
WALL 21153085 1 0 1706741641
WALL 21153085 1 0 1706741642
WALL 21153085 1 0 1706741643
WALL 21153085 1 0 1706741644
WALL 21153085 1 0 1706741645
WALL 21153085 1 0 1706741646
WALL 21153085 1 0 1706741647
WALL 21153085 1 0 1706741648
WALL 21153085 1 0 1706741649
WALL 21153085 1 0 1706741650
WALL 21153085 1 0 1706741651
WALL 21153085 1 0 1706741652
WALL 21153085 1 0 1706741653
WALL 21153085 1 0 1706741654
WALL 21153085 1 0 1706741655
WALL 21153085 1 0 1706741656
WALL 21153085 1 0 1706741657
WALL 21153085 1 0 1706741658
WALL 21153085 1 0 1706741659
WALL 21153085 1 0 1706741660
WALL 21153085 1 0 1706741661
WALL 21153085 1 0 1706741662
WALL 21153085 1 0 1706741663
WALL 21153085 1 0 1706741664
WALL 21153085 1 0 1706741665
WALL 21153085 1 0 1706741666
WALL 21153085 1 0 1706741667
slurmstepd: error: *** JOB 21153085 ON nid200029 CANCELLED AT 2024-01-31T22:54:28 DUE TO PREEMPTION ***
received SIGTERM 1706741668
WALL 21153085 1 0 1706741668
received SIGCONT 1706741668
WALL 21153085 1 0 1706741668
received SIGTERM 1706741668
WALL 21153085 1 0 1706741668
