WALL 21152622 1 0 1706741223
WALL 21152622 1 0 1706741224
WALL 21152622 1 0 1706741225
WALL 21152622 1 0 1706741226
WALL 21152622 1 0 1706741227
WALL 21152622 1 0 1706741228
WALL 21152622 1 0 1706741229
WALL 21152622 1 0 1706741230
WALL 21152622 1 0 1706741231
WALL 21152622 1 0 1706741232
WALL 21152622 1 0 1706741233
WALL 21152622 1 0 1706741234
WALL 21152622 1 0 1706741235
WALL 21152622 1 0 1706741236
WALL 21152622 1 0 1706741237
WALL 21152622 1 0 1706741238
WALL 21152622 1 0 1706741239
WALL 21152622 1 0 1706741240
WALL 21152622 1 0 1706741241
WALL 21152622 1 0 1706741242
WALL 21152622 1 0 1706741243
WALL 21152622 1 0 1706741244
WALL 21152622 1 0 1706741245
WALL 21152622 1 0 1706741246
WALL 21152622 1 0 1706741247
WALL 21152622 1 0 1706741248
received SIGCONT 1706741248
WALL 21152622 1 0 1706741248
slurmstepd: error: *** STEP 21152622.0 ON nid200030 CANCELLED AT 2024-01-31T22:47:28 ***
received SIGTERM 1706741248
WALL 21152622 1 0 1706741248
WALL 21152622 1 0 1706741249
WALL 21152622 1 0 1706741250
WALL 21152622 1 0 1706741251
WALL 21152622 1 0 1706741252
WALL 21152622 1 0 1706741253
WALL 21152622 1 0 1706741254
WALL 21152622 1 0 1706741255
WALL 21152622 1 0 1706741256
WALL 21152622 1 0 1706741257
WALL 21152622 1 0 1706741258
WALL 21152622 1 0 1706741259
WALL 21152622 1 0 1706741260
WALL 21152622 1 0 1706741261
WALL 21152622 1 0 1706741262
WALL 21152622 1 0 1706741263
WALL 21152622 1 0 1706741264
WALL 21152622 1 0 1706741265
WALL 21152622 1 0 1706741266
WALL 21152622 1 0 1706741267
WALL 21152622 1 0 1706741268
WALL 21152622 1 0 1706741269
WALL 21152622 1 0 1706741270
WALL 21152622 1 0 1706741271
WALL 21152622 1 0 1706741272
WALL 21152622 1 0 1706741273
WALL 21152622 1 0 1706741274
WALL 21152622 1 0 1706741275
WALL 21152622 1 0 1706741276
WALL 21152622 1 0 1706741277
WALL 21152622 1 0 1706741278
WALL 21152622 1 0 1706741279
WALL 21152622 1 0 1706741280
WALL 21152622 1 0 1706741281
WALL 21152622 1 0 1706741282
WALL 21152622 1 0 1706741283
WALL 21152622 1 0 1706741284
WALL 21152622 1 0 1706741285
WALL 21152622 1 0 1706741286
WALL 21152622 1 0 1706741287
WALL 21152622 1 0 1706741288
WALL 21152622 1 0 1706741289
WALL 21152622 1 0 1706741290
WALL 21152622 1 0 1706741291
WALL 21152622 1 0 1706741292
WALL 21152622 1 0 1706741293
WALL 21152622 1 0 1706741294
WALL 21152622 1 0 1706741295
WALL 21152622 1 0 1706741296
WALL 21152622 1 0 1706741297
WALL 21152622 1 0 1706741298
WALL 21152622 1 0 1706741299
WALL 21152622 1 0 1706741300
WALL 21152622 1 0 1706741301
WALL 21152622 1 0 1706741302
WALL 21152622 1 0 1706741303
WALL 21152622 1 0 1706741304
WALL 21152622 1 0 1706741305
WALL 21152622 1 0 1706741306
WALL 21152622 1 0 1706741307
WALL 21152622 1 0 1706741308
WALL 21152622 1 0 1706741309
WALL 21152622 1 0 1706741310
WALL 21152622 1 0 1706741311
WALL 21152622 1 0 1706741312
WALL 21152622 1 0 1706741313
WALL 21152622 1 0 1706741314
WALL 21152622 1 0 1706741315
WALL 21152622 1 0 1706741316
WALL 21152622 1 0 1706741317
WALL 21152622 1 0 1706741318
WALL 21152622 1 0 1706741319
WALL 21152622 1 0 1706741320
WALL 21152622 1 0 1706741321
WALL 21152622 1 0 1706741322
WALL 21152622 1 0 1706741323
WALL 21152622 1 0 1706741324
WALL 21152622 1 0 1706741325
WALL 21152622 1 0 1706741326
WALL 21152622 1 0 1706741327
WALL 21152622 1 0 1706741328
WALL 21152622 1 0 1706741329
WALL 21152622 1 0 1706741330
slurmstepd: error: *** JOB 21152622 ON nid200030 CANCELLED AT 2024-01-31T22:48:51 DUE TO PREEMPTION ***
received SIGTERM 1706741331
WALL 21152622 1 0 1706741331
received SIGCONT 1706741331
WALL 21152622 1 0 1706741331
received SIGTERM 1706741331
WALL 21152622 1 0 1706741331
