WALL 21248325 1 0 1706917249
WALL 21248325 1 0 1706917250
WALL 21248325 1 0 1706917251
WALL 21248325 1 0 1706917252
WALL 21248325 1 0 1706917253
WALL 21248325 1 0 1706917254
WALL 21248325 1 0 1706917255
WALL 21248325 1 0 1706917256
WALL 21248325 1 0 1706917257
WALL 21248325 1 0 1706917258
WALL 21248325 1 0 1706917259
WALL 21248325 1 0 1706917260
WALL 21248325 1 0 1706917261
WALL 21248325 1 0 1706917262
WALL 21248325 1 0 1706917263
WALL 21248325 1 0 1706917264
WALL 21248325 1 0 1706917265
WALL 21248325 1 0 1706917266
WALL 21248325 1 0 1706917267
WALL 21248325 1 0 1706917268
WALL 21248325 1 0 1706917269
WALL 21248325 1 0 1706917270
WALL 21248325 1 0 1706917271
WALL 21248325 1 0 1706917272
WALL 21248325 1 0 1706917273
WALL 21248325 1 0 1706917274
WALL 21248325 1 0 1706917275
WALL 21248325 1 0 1706917276
WALL 21248325 1 0 1706917277
WALL 21248325 1 0 1706917278
WALL 21248325 1 0 1706917279
WALL 21248325 1 0 1706917280
WALL 21248325 1 0 1706917281
WALL 21248325 1 0 1706917282
WALL 21248325 1 0 1706917283
WALL 21248325 1 0 1706917284
WALL 21248325 1 0 1706917285
WALL 21248325 1 0 1706917286
WALL 21248325 1 0 1706917287
WALL 21248325 1 0 1706917288
WALL 21248325 1 0 1706917289
WALL 21248325 1 0 1706917290
WALL 21248325 1 0 1706917291
WALL 21248325 1 0 1706917292
WALL 21248325 1 0 1706917293
WALL 21248325 1 0 1706917294
WALL 21248325 1 0 1706917295
WALL 21248325 1 0 1706917296
WALL 21248325 1 0 1706917297
WALL 21248325 1 0 1706917298
WALL 21248325 1 0 1706917299
WALL 21248325 1 0 1706917300
WALL 21248325 1 0 1706917301
WALL 21248325 1 0 1706917302
WALL 21248325 1 0 1706917303
WALL 21248325 1 0 1706917304
WALL 21248325 1 0 1706917305
WALL 21248325 1 0 1706917306
WALL 21248325 1 0 1706917307
WALL 21248325 1 0 1706917308
WALL 21248325 1 0 1706917309
WALL 21248325 1 0 1706917310
WALL 21248325 1 0 1706917311
WALL 21248325 1 0 1706917312
WALL 21248325 1 0 1706917313
WALL 21248325 1 0 1706917314
WALL 21248325 1 0 1706917315
WALL 21248325 1 0 1706917316
WALL 21248325 1 0 1706917317
WALL 21248325 1 0 1706917318
WALL 21248325 1 0 1706917319
WALL 21248325 1 0 1706917320
WALL 21248325 1 0 1706917321
WALL 21248325 1 0 1706917322
WALL 21248325 1 0 1706917323
WALL 21248325 1 0 1706917324
WALL 21248325 1 0 1706917325
WALL 21248325 1 0 1706917326
WALL 21248325 1 0 1706917327
WALL 21248325 1 0 1706917328
WALL 21248325 1 0 1706917329
WALL 21248325 1 0 1706917330
WALL 21248325 1 0 1706917331
WALL 21248325 1 0 1706917332
WALL 21248325 1 0 1706917333
WALL 21248325 1 0 1706917334
WALL 21248325 1 0 1706917335
WALL 21248325 1 0 1706917336
WALL 21248325 1 0 1706917337
WALL 21248325 1 0 1706917338
WALL 21248325 1 0 1706917339
WALL 21248325 1 0 1706917340
WALL 21248325 1 0 1706917341
WALL 21248325 1 0 1706917342
WALL 21248325 1 0 1706917343
WALL 21248325 1 0 1706917344
WALL 21248325 1 0 1706917345
WALL 21248325 1 0 1706917346
WALL 21248325 1 0 1706917347
WALL 21248325 1 0 1706917348
WALL 21248325 1 0 1706917349
WALL 21248325 1 0 1706917350
WALL 21248325 1 0 1706917351
WALL 21248325 1 0 1706917352
WALL 21248325 1 0 1706917353
WALL 21248325 1 0 1706917354
WALL 21248325 1 0 1706917355
WALL 21248325 1 0 1706917356
WALL 21248325 1 0 1706917357
WALL 21248325 1 0 1706917358
WALL 21248325 1 0 1706917359
WALL 21248325 1 0 1706917360
WALL 21248325 1 0 1706917361
WALL 21248325 1 0 1706917362
WALL 21248325 1 0 1706917363
WALL 21248325 1 0 1706917364
WALL 21248325 1 0 1706917365
WALL 21248325 1 0 1706917366
slurmstepd: error: *** STEP 21248325.0 ON nid200004 CANCELLED AT 2024-02-02T23:42:46 ***
received SIGTERM 1706917366
WALL 21248325 1 0 1706917366
received SIGCONT 1706917366
WALL 21248325 1 0 1706917366
WALL 21248325 1 0 1706917367
WALL 21248325 1 0 1706917368
WALL 21248325 1 0 1706917369
WALL 21248325 1 0 1706917370
WALL 21248325 1 0 1706917371
WALL 21248325 1 0 1706917372
WALL 21248325 1 0 1706917373
WALL 21248325 1 0 1706917374
WALL 21248325 1 0 1706917375
WALL 21248325 1 0 1706917376
WALL 21248325 1 0 1706917377
WALL 21248325 1 0 1706917378
WALL 21248325 1 0 1706917379
WALL 21248325 1 0 1706917380
WALL 21248325 1 0 1706917381
WALL 21248325 1 0 1706917382
WALL 21248325 1 0 1706917383
WALL 21248325 1 0 1706917384
WALL 21248325 1 0 1706917385
WALL 21248325 1 0 1706917386
WALL 21248325 1 0 1706917387
WALL 21248325 1 0 1706917388
WALL 21248325 1 0 1706917389
WALL 21248325 1 0 1706917390
WALL 21248325 1 0 1706917391
WALL 21248325 1 0 1706917392
WALL 21248325 1 0 1706917393
WALL 21248325 1 0 1706917394
WALL 21248325 1 0 1706917395
WALL 21248325 1 0 1706917396
WALL 21248325 1 0 1706917397
WALL 21248325 1 0 1706917398
WALL 21248325 1 0 1706917399
WALL 21248325 1 0 1706917400
WALL 21248325 1 0 1706917401
WALL 21248325 1 0 1706917402
WALL 21248325 1 0 1706917403
WALL 21248325 1 0 1706917404
WALL 21248325 1 0 1706917405
WALL 21248325 1 0 1706917406
WALL 21248325 1 0 1706917407
WALL 21248325 1 0 1706917408
WALL 21248325 1 0 1706917409
WALL 21248325 1 0 1706917410
WALL 21248325 1 0 1706917411
WALL 21248325 1 0 1706917412
WALL 21248325 1 0 1706917413
WALL 21248325 1 0 1706917414
WALL 21248325 1 0 1706917415
WALL 21248325 1 0 1706917416
WALL 21248325 1 0 1706917417
WALL 21248325 1 0 1706917418
WALL 21248325 1 0 1706917419
WALL 21248325 1 0 1706917420
WALL 21248325 1 0 1706917421
WALL 21248325 1 0 1706917422
WALL 21248325 1 0 1706917423
WALL 21248325 1 0 1706917424
WALL 21248325 1 0 1706917425
WALL 21248325 1 0 1706917426
WALL 21248325 1 0 1706917427
WALL 21248325 1 0 1706917428
WALL 21248325 1 0 1706917429
WALL 21248325 1 0 1706917430
WALL 21248325 1 0 1706917431
WALL 21248325 1 0 1706917432
WALL 21248325 1 0 1706917433
WALL 21248325 1 0 1706917434
WALL 21248325 1 0 1706917435
WALL 21248325 1 0 1706917436
WALL 21248325 1 0 1706917437
WALL 21248325 1 0 1706917438
WALL 21248325 1 0 1706917439
WALL 21248325 1 0 1706917440
WALL 21248325 1 0 1706917441
WALL 21248325 1 0 1706917442
WALL 21248325 1 0 1706917443
WALL 21248325 1 0 1706917444
WALL 21248325 1 0 1706917445
WALL 21248325 1 0 1706917446
WALL 21248325 1 0 1706917447
WALL 21248325 1 0 1706917448
WALL 21248325 1 0 1706917449
WALL 21248325 1 0 1706917450
WALL 21248325 1 0 1706917451
WALL 21248325 1 0 1706917452
WALL 21248325 1 0 1706917453
WALL 21248325 1 0 1706917454
WALL 21248325 1 0 1706917455
WALL 21248325 1 0 1706917456
WALL 21248325 1 0 1706917457
WALL 21248325 1 0 1706917458
WALL 21248325 1 0 1706917459
WALL 21248325 1 0 1706917460
WALL 21248325 1 0 1706917461
WALL 21248325 1 0 1706917462
WALL 21248325 1 0 1706917463
WALL 21248325 1 0 1706917464
WALL 21248325 1 0 1706917465
WALL 21248325 1 0 1706917466
WALL 21248325 1 0 1706917467
WALL 21248325 1 0 1706917468
WALL 21248325 1 0 1706917469
WALL 21248325 1 0 1706917470
WALL 21248325 1 0 1706917471
WALL 21248325 1 0 1706917472
WALL 21248325 1 0 1706917473
WALL 21248325 1 0 1706917474
WALL 21248325 1 0 1706917475
WALL 21248325 1 0 1706917476
WALL 21248325 1 0 1706917477
WALL 21248325 1 0 1706917478
WALL 21248325 1 0 1706917479
WALL 21248325 1 0 1706917480
WALL 21248325 1 0 1706917481
WALL 21248325 1 0 1706917482
WALL 21248325 1 0 1706917483
WALL 21248325 1 0 1706917484
WALL 21248325 1 0 1706917485
WALL 21248325 1 0 1706917486
WALL 21248325 1 0 1706917487
WALL 21248325 1 0 1706917488
WALL 21248325 1 0 1706917489
WALL 21248325 1 0 1706917490
WALL 21248325 1 0 1706917491
WALL 21248325 1 0 1706917492
WALL 21248325 1 0 1706917493
WALL 21248325 1 0 1706917494
WALL 21248325 1 0 1706917495
WALL 21248325 1 0 1706917496
slurmstepd: error: *** JOB 21248325 ON nid200004 CANCELLED AT 2024-02-02T23:44:57 DUE TO PREEMPTION ***
received SIGTERM 1706917497
WALL 21248325 1 0 1706917497
received SIGCONT 1706917497
WALL 21248325 1 0 1706917497
received SIGTERM 1706917497
WALL 21248325 1 0 1706917497
