srun: warning: can't run 1 processes on 2 nodes, setting nnodes to 1
WALL 21197513 1 0 1706815143
WALL 21197513 1 0 1706815144
WALL 21197513 1 0 1706815145
WALL 21197513 1 0 1706815146
WALL 21197513 1 0 1706815147
WALL 21197513 1 0 1706815148
WALL 21197513 1 0 1706815149
WALL 21197513 1 0 1706815150
WALL 21197513 1 0 1706815151
WALL 21197513 1 0 1706815152
WALL 21197513 1 0 1706815153
WALL 21197513 1 0 1706815154
WALL 21197513 1 0 1706815155
WALL 21197513 1 0 1706815156
WALL 21197513 1 0 1706815157
WALL 21197513 1 0 1706815158
WALL 21197513 1 0 1706815159
WALL 21197513 1 0 1706815160
WALL 21197513 1 0 1706815161
WALL 21197513 1 0 1706815162
WALL 21197513 1 0 1706815163
WALL 21197513 1 0 1706815164
WALL 21197513 1 0 1706815165
received SIGCONT 1706815166
WALL 21197513 1 0 1706815166
slurmstepd: error: *** STEP 21197513.0 ON nid200029 CANCELLED AT 2024-02-01T19:19:26 ***
received SIGTERM 1706815166
WALL 21197513 1 0 1706815166
WALL 21197513 1 0 1706815167
WALL 21197513 1 0 1706815168
WALL 21197513 1 0 1706815169
WALL 21197513 1 0 1706815170
WALL 21197513 1 0 1706815171
WALL 21197513 1 0 1706815172
WALL 21197513 1 0 1706815173
WALL 21197513 1 0 1706815174
WALL 21197513 1 0 1706815175
WALL 21197513 1 0 1706815176
WALL 21197513 1 0 1706815177
WALL 21197513 1 0 1706815178
WALL 21197513 1 0 1706815179
WALL 21197513 1 0 1706815180
WALL 21197513 1 0 1706815181
WALL 21197513 1 0 1706815182
WALL 21197513 1 0 1706815183
WALL 21197513 1 0 1706815184
WALL 21197513 1 0 1706815185
WALL 21197513 1 0 1706815186
WALL 21197513 1 0 1706815187
WALL 21197513 1 0 1706815188
WALL 21197513 1 0 1706815189
WALL 21197513 1 0 1706815190
WALL 21197513 1 0 1706815191
WALL 21197513 1 0 1706815192
WALL 21197513 1 0 1706815193
WALL 21197513 1 0 1706815194
WALL 21197513 1 0 1706815195
WALL 21197513 1 0 1706815196
WALL 21197513 1 0 1706815197
WALL 21197513 1 0 1706815198
WALL 21197513 1 0 1706815199
WALL 21197513 1 0 1706815200
WALL 21197513 1 0 1706815201
WALL 21197513 1 0 1706815202
WALL 21197513 1 0 1706815203
WALL 21197513 1 0 1706815204
WALL 21197513 1 0 1706815205
WALL 21197513 1 0 1706815206
WALL 21197513 1 0 1706815207
WALL 21197513 1 0 1706815208
WALL 21197513 1 0 1706815209
WALL 21197513 1 0 1706815210
WALL 21197513 1 0 1706815211
WALL 21197513 1 0 1706815212
WALL 21197513 1 0 1706815213
WALL 21197513 1 0 1706815214
WALL 21197513 1 0 1706815215
WALL 21197513 1 0 1706815216
WALL 21197513 1 0 1706815217
WALL 21197513 1 0 1706815218
WALL 21197513 1 0 1706815219
WALL 21197513 1 0 1706815220
WALL 21197513 1 0 1706815221
WALL 21197513 1 0 1706815222
WALL 21197513 1 0 1706815223
WALL 21197513 1 0 1706815224
WALL 21197513 1 0 1706815225
WALL 21197513 1 0 1706815226
WALL 21197513 1 0 1706815227
WALL 21197513 1 0 1706815228
WALL 21197513 1 0 1706815229
WALL 21197513 1 0 1706815230
WALL 21197513 1 0 1706815231
WALL 21197513 1 0 1706815232
WALL 21197513 1 0 1706815233
WALL 21197513 1 0 1706815234
WALL 21197513 1 0 1706815235
WALL 21197513 1 0 1706815236
WALL 21197513 1 0 1706815237
WALL 21197513 1 0 1706815238
WALL 21197513 1 0 1706815239
WALL 21197513 1 0 1706815240
WALL 21197513 1 0 1706815241
WALL 21197513 1 0 1706815242
WALL 21197513 1 0 1706815243
slurmstepd: error: *** JOB 21197513 ON nid200029 CANCELLED AT 2024-02-01T19:20:43 DUE TO PREEMPTION ***
received SIGTERM 1706815243
WALL 21197513 1 0 1706815243
received SIGCONT 1706815243
WALL 21197513 1 0 1706815243
received SIGTERM 1706815243
WALL 21197513 1 0 1706815243
