WALL 21086622 1 0 1706655031
WALL 21086622 1 0 1706655032
WALL 21086622 1 0 1706655033
WALL 21086622 1 0 1706655034
WALL 21086622 1 0 1706655035
WALL 21086622 1 0 1706655036
WALL 21086622 1 0 1706655037
WALL 21086622 1 0 1706655038
WALL 21086622 1 0 1706655039
WALL 21086622 1 0 1706655040
WALL 21086622 1 0 1706655041
WALL 21086622 1 0 1706655042
WALL 21086622 1 0 1706655043
WALL 21086622 1 0 1706655044
WALL 21086622 1 0 1706655045
WALL 21086622 1 0 1706655046
WALL 21086622 1 0 1706655047
WALL 21086622 1 0 1706655048
WALL 21086622 1 0 1706655049
WALL 21086622 1 0 1706655050
WALL 21086622 1 0 1706655051
WALL 21086622 1 0 1706655052
WALL 21086622 1 0 1706655053
WALL 21086622 1 0 1706655054
WALL 21086622 1 0 1706655055
WALL 21086622 1 0 1706655056
WALL 21086622 1 0 1706655057
WALL 21086622 1 0 1706655058
WALL 21086622 1 0 1706655059
WALL 21086622 1 0 1706655060
WALL 21086622 1 0 1706655061
WALL 21086622 1 0 1706655062
WALL 21086622 1 0 1706655063
WALL 21086622 1 0 1706655064
WALL 21086622 1 0 1706655065
WALL 21086622 1 0 1706655066
WALL 21086622 1 0 1706655067
WALL 21086622 1 0 1706655068
WALL 21086622 1 0 1706655069
WALL 21086622 1 0 1706655070
WALL 21086622 1 0 1706655071
WALL 21086622 1 0 1706655072
WALL 21086622 1 0 1706655073
WALL 21086622 1 0 1706655074
WALL 21086622 1 0 1706655075
WALL 21086622 1 0 1706655076
WALL 21086622 1 0 1706655077
WALL 21086622 1 0 1706655078
WALL 21086622 1 0 1706655079
WALL 21086622 1 0 1706655080
WALL 21086622 1 0 1706655081
WALL 21086622 1 0 1706655082
WALL 21086622 1 0 1706655083
WALL 21086622 1 0 1706655084
WALL 21086622 1 0 1706655085
WALL 21086622 1 0 1706655086
WALL 21086622 1 0 1706655087
WALL 21086622 1 0 1706655088
WALL 21086622 1 0 1706655089
WALL 21086622 1 0 1706655090
WALL 21086622 1 0 1706655091
WALL 21086622 1 0 1706655092
WALL 21086622 1 0 1706655093
WALL 21086622 1 0 1706655094
WALL 21086622 1 0 1706655095
WALL 21086622 1 0 1706655096
WALL 21086622 1 0 1706655097
WALL 21086622 1 0 1706655098
WALL 21086622 1 0 1706655099
WALL 21086622 1 0 1706655100
WALL 21086622 1 0 1706655101
WALL 21086622 1 0 1706655102
WALL 21086622 1 0 1706655103
WALL 21086622 1 0 1706655104
WALL 21086622 1 0 1706655105
WALL 21086622 1 0 1706655106
WALL 21086622 1 0 1706655107
WALL 21086622 1 0 1706655108
WALL 21086622 1 0 1706655109
WALL 21086622 1 0 1706655110
WALL 21086622 1 0 1706655111
WALL 21086622 1 0 1706655112
WALL 21086622 1 0 1706655113
WALL 21086622 1 0 1706655114
WALL 21086622 1 0 1706655115
WALL 21086622 1 0 1706655116
WALL 21086622 1 0 1706655117
WALL 21086622 1 0 1706655118
WALL 21086622 1 0 1706655119
WALL 21086622 1 0 1706655120
WALL 21086622 1 0 1706655121
WALL 21086622 1 0 1706655122
WALL 21086622 1 0 1706655123
WALL 21086622 1 0 1706655124
WALL 21086622 1 0 1706655125
WALL 21086622 1 0 1706655126
WALL 21086622 1 0 1706655127
WALL 21086622 1 0 1706655128
WALL 21086622 1 0 1706655129
WALL 21086622 1 0 1706655130
WALL 21086622 1 0 1706655131
WALL 21086622 1 0 1706655132
WALL 21086622 1 0 1706655133
WALL 21086622 1 0 1706655134
WALL 21086622 1 0 1706655135
WALL 21086622 1 0 1706655136
WALL 21086622 1 0 1706655137
WALL 21086622 1 0 1706655138
WALL 21086622 1 0 1706655139
WALL 21086622 1 0 1706655140
WALL 21086622 1 0 1706655141
WALL 21086622 1 0 1706655142
WALL 21086622 1 0 1706655143
WALL 21086622 1 0 1706655144
WALL 21086622 1 0 1706655145
WALL 21086622 1 0 1706655146
WALL 21086622 1 0 1706655147
WALL 21086622 1 0 1706655148
WALL 21086622 1 0 1706655149
WALL 21086622 1 0 1706655150
WALL 21086622 1 0 1706655151
WALL 21086622 1 0 1706655152
WALL 21086622 1 0 1706655153
WALL 21086622 1 0 1706655154
WALL 21086622 1 0 1706655155
WALL 21086622 1 0 1706655156
WALL 21086622 1 0 1706655157
WALL 21086622 1 0 1706655158
WALL 21086622 1 0 1706655159
WALL 21086622 1 0 1706655160
WALL 21086622 1 0 1706655161
WALL 21086622 1 0 1706655162
WALL 21086622 1 0 1706655163
WALL 21086622 1 0 1706655164
WALL 21086622 1 0 1706655165
WALL 21086622 1 0 1706655166
WALL 21086622 1 0 1706655167
WALL 21086622 1 0 1706655168
WALL 21086622 1 0 1706655169
WALL 21086622 1 0 1706655170
WALL 21086622 1 0 1706655171
WALL 21086622 1 0 1706655172
WALL 21086622 1 0 1706655173
WALL 21086622 1 0 1706655174
WALL 21086622 1 0 1706655175
WALL 21086622 1 0 1706655176
WALL 21086622 1 0 1706655177
WALL 21086622 1 0 1706655178
WALL 21086622 1 0 1706655179
WALL 21086622 1 0 1706655180
WALL 21086622 1 0 1706655181
WALL 21086622 1 0 1706655182
WALL 21086622 1 0 1706655183
WALL 21086622 1 0 1706655184
WALL 21086622 1 0 1706655185
WALL 21086622 1 0 1706655186
WALL 21086622 1 0 1706655187
WALL 21086622 1 0 1706655188
WALL 21086622 1 0 1706655189
WALL 21086622 1 0 1706655190
WALL 21086622 1 0 1706655191
WALL 21086622 1 0 1706655192
WALL 21086622 1 0 1706655193
WALL 21086622 1 0 1706655194
WALL 21086622 1 0 1706655195
WALL 21086622 1 0 1706655196
WALL 21086622 1 0 1706655197
WALL 21086622 1 0 1706655198
WALL 21086622 1 0 1706655199
WALL 21086622 1 0 1706655200
WALL 21086622 1 0 1706655201
WALL 21086622 1 0 1706655202
WALL 21086622 1 0 1706655203
WALL 21086622 1 0 1706655204
WALL 21086622 1 0 1706655205
WALL 21086622 1 0 1706655206
WALL 21086622 1 0 1706655207
WALL 21086622 1 0 1706655208
WALL 21086622 1 0 1706655209
WALL 21086622 1 0 1706655210
WALL 21086622 1 0 1706655211
WALL 21086622 1 0 1706655212
WALL 21086622 1 0 1706655213
WALL 21086622 1 0 1706655214
WALL 21086622 1 0 1706655215
WALL 21086622 1 0 1706655216
WALL 21086622 1 0 1706655217
WALL 21086622 1 0 1706655218
WALL 21086622 1 0 1706655219
WALL 21086622 1 0 1706655220
WALL 21086622 1 0 1706655221
WALL 21086622 1 0 1706655222
WALL 21086622 1 0 1706655223
WALL 21086622 1 0 1706655224
WALL 21086622 1 0 1706655225
WALL 21086622 1 0 1706655226
WALL 21086622 1 0 1706655227
WALL 21086622 1 0 1706655228
WALL 21086622 1 0 1706655229
WALL 21086622 1 0 1706655230
WALL 21086622 1 0 1706655231
WALL 21086622 1 0 1706655232
WALL 21086622 1 0 1706655233
WALL 21086622 1 0 1706655234
WALL 21086622 1 0 1706655235
WALL 21086622 1 0 1706655236
WALL 21086622 1 0 1706655237
WALL 21086622 1 0 1706655238
WALL 21086622 1 0 1706655239
WALL 21086622 1 0 1706655240
WALL 21086622 1 0 1706655241
WALL 21086622 1 0 1706655242
WALL 21086622 1 0 1706655243
WALL 21086622 1 0 1706655244
WALL 21086622 1 0 1706655245
WALL 21086622 1 0 1706655246
WALL 21086622 1 0 1706655247
WALL 21086622 1 0 1706655248
WALL 21086622 1 0 1706655249
WALL 21086622 1 0 1706655250
slurmstepd: error: *** STEP 21086622.0 ON nid200043 CANCELLED AT 2024-01-30T22:54:11 ***
received SIGTERM 1706655251
WALL 21086622 1 0 1706655251
received SIGCONT 1706655251
WALL 21086622 1 0 1706655251
WALL 21086622 1 0 1706655252
WALL 21086622 1 0 1706655253
WALL 21086622 1 0 1706655254
WALL 21086622 1 0 1706655255
WALL 21086622 1 0 1706655256
WALL 21086622 1 0 1706655257
WALL 21086622 1 0 1706655258
WALL 21086622 1 0 1706655259
WALL 21086622 1 0 1706655260
WALL 21086622 1 0 1706655261
WALL 21086622 1 0 1706655262
WALL 21086622 1 0 1706655263
WALL 21086622 1 0 1706655264
WALL 21086622 1 0 1706655265
WALL 21086622 1 0 1706655266
WALL 21086622 1 0 1706655267
WALL 21086622 1 0 1706655268
WALL 21086622 1 0 1706655269
WALL 21086622 1 0 1706655270
WALL 21086622 1 0 1706655271
WALL 21086622 1 0 1706655272
WALL 21086622 1 0 1706655273
WALL 21086622 1 0 1706655274
WALL 21086622 1 0 1706655275
WALL 21086622 1 0 1706655276
WALL 21086622 1 0 1706655277
WALL 21086622 1 0 1706655278
WALL 21086622 1 0 1706655279
WALL 21086622 1 0 1706655280
WALL 21086622 1 0 1706655281
WALL 21086622 1 0 1706655282
WALL 21086622 1 0 1706655283
WALL 21086622 1 0 1706655284
WALL 21086622 1 0 1706655285
WALL 21086622 1 0 1706655286
WALL 21086622 1 0 1706655287
WALL 21086622 1 0 1706655288
WALL 21086622 1 0 1706655289
WALL 21086622 1 0 1706655290
WALL 21086622 1 0 1706655291
WALL 21086622 1 0 1706655292
WALL 21086622 1 0 1706655293
WALL 21086622 1 0 1706655294
WALL 21086622 1 0 1706655295
WALL 21086622 1 0 1706655296
WALL 21086622 1 0 1706655297
WALL 21086622 1 0 1706655298
WALL 21086622 1 0 1706655299
WALL 21086622 1 0 1706655300
WALL 21086622 1 0 1706655301
WALL 21086622 1 0 1706655302
WALL 21086622 1 0 1706655303
WALL 21086622 1 0 1706655304
WALL 21086622 1 0 1706655305
WALL 21086622 1 0 1706655306
WALL 21086622 1 0 1706655307
WALL 21086622 1 0 1706655308
WALL 21086622 1 0 1706655309
WALL 21086622 1 0 1706655310
WALL 21086622 1 0 1706655311
WALL 21086622 1 0 1706655312
WALL 21086622 1 0 1706655313
WALL 21086622 1 0 1706655314
WALL 21086622 1 0 1706655315
WALL 21086622 1 0 1706655316
WALL 21086622 1 0 1706655317
WALL 21086622 1 0 1706655318
WALL 21086622 1 0 1706655319
WALL 21086622 1 0 1706655320
WALL 21086622 1 0 1706655321
WALL 21086622 1 0 1706655322
WALL 21086622 1 0 1706655323
WALL 21086622 1 0 1706655324
WALL 21086622 1 0 1706655325
slurmstepd: error: *** JOB 21086622 ON nid200043 CANCELLED AT 2024-01-30T22:55:25 DUE TO PREEMPTION ***
received SIGTERM 1706655325
WALL 21086622 1 0 1706655325
received SIGCONT 1706655325
WALL 21086622 1 0 1706655325
received SIGTERM 1706655325
WALL 21086622 1 0 1706655325
