WALL 21086758 1 0 1706655362
WALL 21086758 1 0 1706655363
WALL 21086758 1 0 1706655364
WALL 21086758 1 0 1706655365
WALL 21086758 1 0 1706655366
WALL 21086758 1 0 1706655367
WALL 21086758 1 0 1706655368
WALL 21086758 1 0 1706655369
WALL 21086758 1 0 1706655370
WALL 21086758 1 0 1706655371
WALL 21086758 1 0 1706655372
WALL 21086758 1 0 1706655373
WALL 21086758 1 0 1706655374
WALL 21086758 1 0 1706655375
WALL 21086758 1 0 1706655376
WALL 21086758 1 0 1706655377
WALL 21086758 1 0 1706655378
WALL 21086758 1 0 1706655379
WALL 21086758 1 0 1706655380
WALL 21086758 1 0 1706655381
WALL 21086758 1 0 1706655382
WALL 21086758 1 0 1706655383
WALL 21086758 1 0 1706655384
WALL 21086758 1 0 1706655385
WALL 21086758 1 0 1706655386
WALL 21086758 1 0 1706655387
WALL 21086758 1 0 1706655388
WALL 21086758 1 0 1706655389
WALL 21086758 1 0 1706655390
WALL 21086758 1 0 1706655391
slurmstepd: error: *** STEP 21086758.0 ON nid200203 CANCELLED AT 2024-01-30T22:56:31 ***
received SIGTERM 1706655391
WALL 21086758 1 0 1706655391
received SIGCONT 1706655391
WALL 21086758 1 0 1706655391
WALL 21086758 1 0 1706655392
WALL 21086758 1 0 1706655393
WALL 21086758 1 0 1706655394
WALL 21086758 1 0 1706655395
WALL 21086758 1 0 1706655396
WALL 21086758 1 0 1706655397
WALL 21086758 1 0 1706655398
WALL 21086758 1 0 1706655399
WALL 21086758 1 0 1706655400
WALL 21086758 1 0 1706655401
WALL 21086758 1 0 1706655402
WALL 21086758 1 0 1706655403
WALL 21086758 1 0 1706655404
WALL 21086758 1 0 1706655405
WALL 21086758 1 0 1706655406
WALL 21086758 1 0 1706655407
WALL 21086758 1 0 1706655408
WALL 21086758 1 0 1706655409
WALL 21086758 1 0 1706655410
WALL 21086758 1 0 1706655411
WALL 21086758 1 0 1706655412
WALL 21086758 1 0 1706655413
WALL 21086758 1 0 1706655414
WALL 21086758 1 0 1706655415
WALL 21086758 1 0 1706655416
WALL 21086758 1 0 1706655417
WALL 21086758 1 0 1706655418
WALL 21086758 1 0 1706655419
WALL 21086758 1 0 1706655420
WALL 21086758 1 0 1706655421
WALL 21086758 1 0 1706655422
WALL 21086758 1 0 1706655423
WALL 21086758 1 0 1706655424
WALL 21086758 1 0 1706655425
WALL 21086758 1 0 1706655426
WALL 21086758 1 0 1706655427
WALL 21086758 1 0 1706655428
WALL 21086758 1 0 1706655429
WALL 21086758 1 0 1706655430
WALL 21086758 1 0 1706655431
WALL 21086758 1 0 1706655432
WALL 21086758 1 0 1706655433
WALL 21086758 1 0 1706655434
WALL 21086758 1 0 1706655435
WALL 21086758 1 0 1706655436
WALL 21086758 1 0 1706655437
WALL 21086758 1 0 1706655438
WALL 21086758 1 0 1706655439
WALL 21086758 1 0 1706655440
WALL 21086758 1 0 1706655441
WALL 21086758 1 0 1706655442
WALL 21086758 1 0 1706655443
WALL 21086758 1 0 1706655444
WALL 21086758 1 0 1706655445
WALL 21086758 1 0 1706655446
WALL 21086758 1 0 1706655447
WALL 21086758 1 0 1706655448
WALL 21086758 1 0 1706655449
WALL 21086758 1 0 1706655450
WALL 21086758 1 0 1706655451
WALL 21086758 1 0 1706655452
WALL 21086758 1 0 1706655453
WALL 21086758 1 0 1706655454
WALL 21086758 1 0 1706655455
WALL 21086758 1 0 1706655456
WALL 21086758 1 0 1706655457
WALL 21086758 1 0 1706655458
WALL 21086758 1 0 1706655459
WALL 21086758 1 0 1706655460
WALL 21086758 1 0 1706655461
WALL 21086758 1 0 1706655462
WALL 21086758 1 0 1706655463
WALL 21086758 1 0 1706655464
WALL 21086758 1 0 1706655465
WALL 21086758 1 0 1706655466
WALL 21086758 1 0 1706655467
WALL 21086758 1 0 1706655468
WALL 21086758 1 0 1706655469
WALL 21086758 1 0 1706655470
WALL 21086758 1 0 1706655471
WALL 21086758 1 0 1706655472
WALL 21086758 1 0 1706655473
WALL 21086758 1 0 1706655474
slurmstepd: error: *** JOB 21086758 ON nid200203 CANCELLED AT 2024-01-30T22:57:55 DUE TO PREEMPTION ***
received SIGTERM 1706655475
WALL 21086758 1 0 1706655475
received SIGCONT 1706655475
WALL 21086758 1 0 1706655475
received SIGTERM 1706655475
WALL 21086758 1 0 1706655475
