srun: warning: can't run 1 processes on 2 nodes, setting nnodes to 1
WALL 21204743 1 0 1706819368
WALL 21204743 1 0 1706819369
WALL 21204743 1 0 1706819370
WALL 21204743 1 0 1706819371
WALL 21204743 1 0 1706819372
WALL 21204743 1 0 1706819373
WALL 21204743 1 0 1706819374
WALL 21204743 1 0 1706819375
WALL 21204743 1 0 1706819376
WALL 21204743 1 0 1706819377
WALL 21204743 1 0 1706819378
WALL 21204743 1 0 1706819379
WALL 21204743 1 0 1706819380
WALL 21204743 1 0 1706819381
WALL 21204743 1 0 1706819382
WALL 21204743 1 0 1706819383
WALL 21204743 1 0 1706819384
WALL 21204743 1 0 1706819385
WALL 21204743 1 0 1706819386
WALL 21204743 1 0 1706819387
WALL 21204743 1 0 1706819388
WALL 21204743 1 0 1706819389
WALL 21204743 1 0 1706819390
WALL 21204743 1 0 1706819391
WALL 21204743 1 0 1706819392
WALL 21204743 1 0 1706819393
WALL 21204743 1 0 1706819394
WALL 21204743 1 0 1706819395
WALL 21204743 1 0 1706819396
WALL 21204743 1 0 1706819397
WALL 21204743 1 0 1706819398
WALL 21204743 1 0 1706819399
WALL 21204743 1 0 1706819400
WALL 21204743 1 0 1706819401
WALL 21204743 1 0 1706819402
WALL 21204743 1 0 1706819403
WALL 21204743 1 0 1706819404
WALL 21204743 1 0 1706819405
WALL 21204743 1 0 1706819406
WALL 21204743 1 0 1706819407
WALL 21204743 1 0 1706819408
WALL 21204743 1 0 1706819409
WALL 21204743 1 0 1706819410
WALL 21204743 1 0 1706819411
WALL 21204743 1 0 1706819412
WALL 21204743 1 0 1706819413
WALL 21204743 1 0 1706819414
WALL 21204743 1 0 1706819415
WALL 21204743 1 0 1706819416
WALL 21204743 1 0 1706819417
WALL 21204743 1 0 1706819418
WALL 21204743 1 0 1706819419
WALL 21204743 1 0 1706819420
WALL 21204743 1 0 1706819421
WALL 21204743 1 0 1706819422
WALL 21204743 1 0 1706819423
WALL 21204743 1 0 1706819424
WALL 21204743 1 0 1706819425
WALL 21204743 1 0 1706819426
WALL 21204743 1 0 1706819427
WALL 21204743 1 0 1706819428
WALL 21204743 1 0 1706819429
WALL 21204743 1 0 1706819430
WALL 21204743 1 0 1706819431
WALL 21204743 1 0 1706819432
WALL 21204743 1 0 1706819433
WALL 21204743 1 0 1706819434
WALL 21204743 1 0 1706819435
WALL 21204743 1 0 1706819436
WALL 21204743 1 0 1706819437
WALL 21204743 1 0 1706819438
WALL 21204743 1 0 1706819439
WALL 21204743 1 0 1706819440
WALL 21204743 1 0 1706819441
WALL 21204743 1 0 1706819442
WALL 21204743 1 0 1706819443
received SIGCONT 1706819444
WALL 21204743 1 0 1706819444
slurmstepd: error: *** STEP 21204743.0 ON nid200039 CANCELLED AT 2024-02-01T20:30:44 ***
received SIGTERM 1706819444
WALL 21204743 1 0 1706819444
WALL 21204743 1 0 1706819445
WALL 21204743 1 0 1706819446
WALL 21204743 1 0 1706819447
WALL 21204743 1 0 1706819448
WALL 21204743 1 0 1706819449
WALL 21204743 1 0 1706819450
WALL 21204743 1 0 1706819451
WALL 21204743 1 0 1706819452
WALL 21204743 1 0 1706819453
WALL 21204743 1 0 1706819454
WALL 21204743 1 0 1706819455
WALL 21204743 1 0 1706819456
WALL 21204743 1 0 1706819457
WALL 21204743 1 0 1706819458
WALL 21204743 1 0 1706819459
WALL 21204743 1 0 1706819460
WALL 21204743 1 0 1706819461
WALL 21204743 1 0 1706819462
WALL 21204743 1 0 1706819463
WALL 21204743 1 0 1706819464
WALL 21204743 1 0 1706819465
WALL 21204743 1 0 1706819466
WALL 21204743 1 0 1706819467
WALL 21204743 1 0 1706819468
WALL 21204743 1 0 1706819469
WALL 21204743 1 0 1706819470
WALL 21204743 1 0 1706819471
WALL 21204743 1 0 1706819472
WALL 21204743 1 0 1706819473
WALL 21204743 1 0 1706819474
WALL 21204743 1 0 1706819475
WALL 21204743 1 0 1706819476
WALL 21204743 1 0 1706819477
WALL 21204743 1 0 1706819478
WALL 21204743 1 0 1706819479
WALL 21204743 1 0 1706819480
WALL 21204743 1 0 1706819481
WALL 21204743 1 0 1706819482
WALL 21204743 1 0 1706819483
WALL 21204743 1 0 1706819484
WALL 21204743 1 0 1706819485
WALL 21204743 1 0 1706819486
WALL 21204743 1 0 1706819487
WALL 21204743 1 0 1706819488
WALL 21204743 1 0 1706819489
WALL 21204743 1 0 1706819490
WALL 21204743 1 0 1706819491
WALL 21204743 1 0 1706819492
WALL 21204743 1 0 1706819493
WALL 21204743 1 0 1706819494
WALL 21204743 1 0 1706819495
WALL 21204743 1 0 1706819496
WALL 21204743 1 0 1706819497
WALL 21204743 1 0 1706819498
WALL 21204743 1 0 1706819499
WALL 21204743 1 0 1706819500
WALL 21204743 1 0 1706819501
WALL 21204743 1 0 1706819502
WALL 21204743 1 0 1706819503
WALL 21204743 1 0 1706819504
WALL 21204743 1 0 1706819505
WALL 21204743 1 0 1706819506
WALL 21204743 1 0 1706819507
WALL 21204743 1 0 1706819508
WALL 21204743 1 0 1706819509
WALL 21204743 1 0 1706819510
WALL 21204743 1 0 1706819511
WALL 21204743 1 0 1706819512
WALL 21204743 1 0 1706819513
WALL 21204743 1 0 1706819514
WALL 21204743 1 0 1706819515
WALL 21204743 1 0 1706819516
WALL 21204743 1 0 1706819517
WALL 21204743 1 0 1706819518
WALL 21204743 1 0 1706819519
WALL 21204743 1 0 1706819520
WALL 21204743 1 0 1706819521
WALL 21204743 1 0 1706819522
WALL 21204743 1 0 1706819523
slurmstepd: error: *** JOB 21204743 ON nid200039 CANCELLED AT 2024-02-01T20:32:04 DUE TO PREEMPTION ***
received SIGTERM 1706819524
WALL 21204743 1 0 1706819524
received SIGCONT 1706819524
WALL 21204743 1 0 1706819524
received SIGTERM 1706819524
WALL 21204743 1 0 1706819524
