WALL 21086316 1 0 1706654202
WALL 21086316 1 0 1706654203
WALL 21086316 1 0 1706654204
WALL 21086316 1 0 1706654205
WALL 21086316 1 0 1706654206
WALL 21086316 1 0 1706654207
WALL 21086316 1 0 1706654208
WALL 21086316 1 0 1706654209
WALL 21086316 1 0 1706654210
WALL 21086316 1 0 1706654211
WALL 21086316 1 0 1706654212
WALL 21086316 1 0 1706654213
WALL 21086316 1 0 1706654214
WALL 21086316 1 0 1706654215
WALL 21086316 1 0 1706654216
WALL 21086316 1 0 1706654217
WALL 21086316 1 0 1706654218
WALL 21086316 1 0 1706654219
WALL 21086316 1 0 1706654220
WALL 21086316 1 0 1706654221
WALL 21086316 1 0 1706654222
WALL 21086316 1 0 1706654223
WALL 21086316 1 0 1706654224
WALL 21086316 1 0 1706654225
WALL 21086316 1 0 1706654226
WALL 21086316 1 0 1706654227
WALL 21086316 1 0 1706654228
WALL 21086316 1 0 1706654229
WALL 21086316 1 0 1706654230
WALL 21086316 1 0 1706654231
WALL 21086316 1 0 1706654232
WALL 21086316 1 0 1706654233
WALL 21086316 1 0 1706654234
WALL 21086316 1 0 1706654235
WALL 21086316 1 0 1706654236
WALL 21086316 1 0 1706654237
WALL 21086316 1 0 1706654238
WALL 21086316 1 0 1706654239
WALL 21086316 1 0 1706654240
WALL 21086316 1 0 1706654241
WALL 21086316 1 0 1706654242
WALL 21086316 1 0 1706654243
WALL 21086316 1 0 1706654244
WALL 21086316 1 0 1706654245
WALL 21086316 1 0 1706654246
WALL 21086316 1 0 1706654247
WALL 21086316 1 0 1706654248
WALL 21086316 1 0 1706654249
WALL 21086316 1 0 1706654250
WALL 21086316 1 0 1706654251
WALL 21086316 1 0 1706654252
WALL 21086316 1 0 1706654253
WALL 21086316 1 0 1706654254
WALL 21086316 1 0 1706654255
WALL 21086316 1 0 1706654256
WALL 21086316 1 0 1706654257
WALL 21086316 1 0 1706654258
WALL 21086316 1 0 1706654259
WALL 21086316 1 0 1706654260
WALL 21086316 1 0 1706654261
WALL 21086316 1 0 1706654262
WALL 21086316 1 0 1706654263
WALL 21086316 1 0 1706654264
WALL 21086316 1 0 1706654265
WALL 21086316 1 0 1706654266
WALL 21086316 1 0 1706654267
WALL 21086316 1 0 1706654268
WALL 21086316 1 0 1706654269
WALL 21086316 1 0 1706654270
WALL 21086316 1 0 1706654271
WALL 21086316 1 0 1706654272
WALL 21086316 1 0 1706654273
WALL 21086316 1 0 1706654274
WALL 21086316 1 0 1706654275
WALL 21086316 1 0 1706654276
WALL 21086316 1 0 1706654277
WALL 21086316 1 0 1706654278
WALL 21086316 1 0 1706654279
WALL 21086316 1 0 1706654280
WALL 21086316 1 0 1706654281
WALL 21086316 1 0 1706654282
WALL 21086316 1 0 1706654283
WALL 21086316 1 0 1706654284
WALL 21086316 1 0 1706654285
WALL 21086316 1 0 1706654286
WALL 21086316 1 0 1706654287
WALL 21086316 1 0 1706654288
WALL 21086316 1 0 1706654289
WALL 21086316 1 0 1706654290
WALL 21086316 1 0 1706654291
WALL 21086316 1 0 1706654292
WALL 21086316 1 0 1706654293
WALL 21086316 1 0 1706654294
WALL 21086316 1 0 1706654295
WALL 21086316 1 0 1706654296
WALL 21086316 1 0 1706654297
WALL 21086316 1 0 1706654298
WALL 21086316 1 0 1706654299
WALL 21086316 1 0 1706654300
WALL 21086316 1 0 1706654301
WALL 21086316 1 0 1706654302
WALL 21086316 1 0 1706654303
WALL 21086316 1 0 1706654304
WALL 21086316 1 0 1706654305
WALL 21086316 1 0 1706654306
WALL 21086316 1 0 1706654307
WALL 21086316 1 0 1706654308
WALL 21086316 1 0 1706654309
WALL 21086316 1 0 1706654310
WALL 21086316 1 0 1706654311
WALL 21086316 1 0 1706654312
WALL 21086316 1 0 1706654313
WALL 21086316 1 0 1706654314
WALL 21086316 1 0 1706654315
WALL 21086316 1 0 1706654316
WALL 21086316 1 0 1706654317
WALL 21086316 1 0 1706654318
WALL 21086316 1 0 1706654319
WALL 21086316 1 0 1706654320
WALL 21086316 1 0 1706654321
WALL 21086316 1 0 1706654322
WALL 21086316 1 0 1706654323
WALL 21086316 1 0 1706654324
WALL 21086316 1 0 1706654325
WALL 21086316 1 0 1706654326
WALL 21086316 1 0 1706654327
WALL 21086316 1 0 1706654328
WALL 21086316 1 0 1706654329
WALL 21086316 1 0 1706654330
WALL 21086316 1 0 1706654331
WALL 21086316 1 0 1706654332
WALL 21086316 1 0 1706654333
WALL 21086316 1 0 1706654334
WALL 21086316 1 0 1706654335
WALL 21086316 1 0 1706654336
WALL 21086316 1 0 1706654337
WALL 21086316 1 0 1706654338
WALL 21086316 1 0 1706654339
WALL 21086316 1 0 1706654340
WALL 21086316 1 0 1706654341
WALL 21086316 1 0 1706654342
WALL 21086316 1 0 1706654343
WALL 21086316 1 0 1706654344
WALL 21086316 1 0 1706654345
WALL 21086316 1 0 1706654346
WALL 21086316 1 0 1706654347
WALL 21086316 1 0 1706654348
WALL 21086316 1 0 1706654349
WALL 21086316 1 0 1706654350
WALL 21086316 1 0 1706654351
WALL 21086316 1 0 1706654352
WALL 21086316 1 0 1706654353
WALL 21086316 1 0 1706654354
WALL 21086316 1 0 1706654355
WALL 21086316 1 0 1706654356
WALL 21086316 1 0 1706654357
WALL 21086316 1 0 1706654358
WALL 21086316 1 0 1706654359
WALL 21086316 1 0 1706654360
WALL 21086316 1 0 1706654361
WALL 21086316 1 0 1706654362
WALL 21086316 1 0 1706654363
WALL 21086316 1 0 1706654364
WALL 21086316 1 0 1706654365
WALL 21086316 1 0 1706654366
WALL 21086316 1 0 1706654367
WALL 21086316 1 0 1706654368
WALL 21086316 1 0 1706654369
WALL 21086316 1 0 1706654370
WALL 21086316 1 0 1706654371
WALL 21086316 1 0 1706654372
WALL 21086316 1 0 1706654373
WALL 21086316 1 0 1706654374
WALL 21086316 1 0 1706654375
WALL 21086316 1 0 1706654376
WALL 21086316 1 0 1706654377
WALL 21086316 1 0 1706654378
WALL 21086316 1 0 1706654379
WALL 21086316 1 0 1706654380
WALL 21086316 1 0 1706654381
WALL 21086316 1 0 1706654382
WALL 21086316 1 0 1706654383
WALL 21086316 1 0 1706654384
WALL 21086316 1 0 1706654385
WALL 21086316 1 0 1706654386
WALL 21086316 1 0 1706654387
WALL 21086316 1 0 1706654388
WALL 21086316 1 0 1706654389
WALL 21086316 1 0 1706654390
WALL 21086316 1 0 1706654391
WALL 21086316 1 0 1706654392
WALL 21086316 1 0 1706654393
WALL 21086316 1 0 1706654394
WALL 21086316 1 0 1706654395
WALL 21086316 1 0 1706654396
WALL 21086316 1 0 1706654397
WALL 21086316 1 0 1706654398
WALL 21086316 1 0 1706654399
WALL 21086316 1 0 1706654400
WALL 21086316 1 0 1706654401
WALL 21086316 1 0 1706654402
WALL 21086316 1 0 1706654403
WALL 21086316 1 0 1706654404
WALL 21086316 1 0 1706654405
WALL 21086316 1 0 1706654406
WALL 21086316 1 0 1706654407
WALL 21086316 1 0 1706654408
WALL 21086316 1 0 1706654409
WALL 21086316 1 0 1706654410
WALL 21086316 1 0 1706654411
WALL 21086316 1 0 1706654412
WALL 21086316 1 0 1706654413
WALL 21086316 1 0 1706654414
WALL 21086316 1 0 1706654415
WALL 21086316 1 0 1706654416
WALL 21086316 1 0 1706654417
WALL 21086316 1 0 1706654418
WALL 21086316 1 0 1706654419
WALL 21086316 1 0 1706654420
WALL 21086316 1 0 1706654421
WALL 21086316 1 0 1706654422
WALL 21086316 1 0 1706654423
WALL 21086316 1 0 1706654424
WALL 21086316 1 0 1706654425
WALL 21086316 1 0 1706654426
WALL 21086316 1 0 1706654427
WALL 21086316 1 0 1706654428
WALL 21086316 1 0 1706654429
WALL 21086316 1 0 1706654430
WALL 21086316 1 0 1706654431
WALL 21086316 1 0 1706654432
WALL 21086316 1 0 1706654433
WALL 21086316 1 0 1706654434
WALL 21086316 1 0 1706654435
WALL 21086316 1 0 1706654436
WALL 21086316 1 0 1706654437
WALL 21086316 1 0 1706654438
WALL 21086316 1 0 1706654439
WALL 21086316 1 0 1706654440
WALL 21086316 1 0 1706654441
WALL 21086316 1 0 1706654442
WALL 21086316 1 0 1706654443
WALL 21086316 1 0 1706654444
WALL 21086316 1 0 1706654445
WALL 21086316 1 0 1706654446
WALL 21086316 1 0 1706654447
WALL 21086316 1 0 1706654448
WALL 21086316 1 0 1706654449
WALL 21086316 1 0 1706654450
WALL 21086316 1 0 1706654451
WALL 21086316 1 0 1706654452
WALL 21086316 1 0 1706654453
WALL 21086316 1 0 1706654454
WALL 21086316 1 0 1706654455
WALL 21086316 1 0 1706654456
WALL 21086316 1 0 1706654457
WALL 21086316 1 0 1706654458
WALL 21086316 1 0 1706654459
WALL 21086316 1 0 1706654460
WALL 21086316 1 0 1706654461
WALL 21086316 1 0 1706654462
WALL 21086316 1 0 1706654463
WALL 21086316 1 0 1706654464
WALL 21086316 1 0 1706654465
WALL 21086316 1 0 1706654466
WALL 21086316 1 0 1706654467
WALL 21086316 1 0 1706654468
WALL 21086316 1 0 1706654469
WALL 21086316 1 0 1706654470
WALL 21086316 1 0 1706654471
WALL 21086316 1 0 1706654472
WALL 21086316 1 0 1706654473
WALL 21086316 1 0 1706654474
WALL 21086316 1 0 1706654475
WALL 21086316 1 0 1706654476
WALL 21086316 1 0 1706654477
WALL 21086316 1 0 1706654478
WALL 21086316 1 0 1706654479
WALL 21086316 1 0 1706654480
WALL 21086316 1 0 1706654481
WALL 21086316 1 0 1706654482
WALL 21086316 1 0 1706654483
WALL 21086316 1 0 1706654484
WALL 21086316 1 0 1706654485
WALL 21086316 1 0 1706654486
WALL 21086316 1 0 1706654487
WALL 21086316 1 0 1706654488
WALL 21086316 1 0 1706654489
WALL 21086316 1 0 1706654490
WALL 21086316 1 0 1706654491
WALL 21086316 1 0 1706654492
WALL 21086316 1 0 1706654493
WALL 21086316 1 0 1706654494
WALL 21086316 1 0 1706654495
WALL 21086316 1 0 1706654496
WALL 21086316 1 0 1706654497
WALL 21086316 1 0 1706654498
WALL 21086316 1 0 1706654499
WALL 21086316 1 0 1706654500
WALL 21086316 1 0 1706654501
WALL 21086316 1 0 1706654502
WALL 21086316 1 0 1706654503
WALL 21086316 1 0 1706654504
WALL 21086316 1 0 1706654505
WALL 21086316 1 0 1706654506
WALL 21086316 1 0 1706654507
WALL 21086316 1 0 1706654508
WALL 21086316 1 0 1706654509
WALL 21086316 1 0 1706654510
WALL 21086316 1 0 1706654511
WALL 21086316 1 0 1706654512
WALL 21086316 1 0 1706654513
WALL 21086316 1 0 1706654514
WALL 21086316 1 0 1706654515
WALL 21086316 1 0 1706654516
WALL 21086316 1 0 1706654517
WALL 21086316 1 0 1706654518
WALL 21086316 1 0 1706654519
WALL 21086316 1 0 1706654520
WALL 21086316 1 0 1706654521
WALL 21086316 1 0 1706654522
WALL 21086316 1 0 1706654523
WALL 21086316 1 0 1706654524
WALL 21086316 1 0 1706654525
WALL 21086316 1 0 1706654526
WALL 21086316 1 0 1706654527
WALL 21086316 1 0 1706654528
WALL 21086316 1 0 1706654529
WALL 21086316 1 0 1706654530
WALL 21086316 1 0 1706654531
WALL 21086316 1 0 1706654532
WALL 21086316 1 0 1706654533
WALL 21086316 1 0 1706654534
WALL 21086316 1 0 1706654535
WALL 21086316 1 0 1706654536
WALL 21086316 1 0 1706654537
WALL 21086316 1 0 1706654538
WALL 21086316 1 0 1706654539
WALL 21086316 1 0 1706654540
WALL 21086316 1 0 1706654541
WALL 21086316 1 0 1706654542
WALL 21086316 1 0 1706654543
WALL 21086316 1 0 1706654544
WALL 21086316 1 0 1706654545
WALL 21086316 1 0 1706654546
WALL 21086316 1 0 1706654547
WALL 21086316 1 0 1706654548
WALL 21086316 1 0 1706654549
WALL 21086316 1 0 1706654550
WALL 21086316 1 0 1706654551
WALL 21086316 1 0 1706654552
WALL 21086316 1 0 1706654553
WALL 21086316 1 0 1706654554
WALL 21086316 1 0 1706654555
WALL 21086316 1 0 1706654556
WALL 21086316 1 0 1706654557
WALL 21086316 1 0 1706654558
WALL 21086316 1 0 1706654559
slurmstepd: error: *** STEP 21086316.0 ON nid200042 CANCELLED AT 2024-01-30T22:42:40 ***
received SIGTERM 1706654560
WALL 21086316 1 0 1706654560
received SIGCONT 1706654560
WALL 21086316 1 0 1706654560
WALL 21086316 1 0 1706654561
WALL 21086316 1 0 1706654562
WALL 21086316 1 0 1706654563
WALL 21086316 1 0 1706654564
WALL 21086316 1 0 1706654565
WALL 21086316 1 0 1706654566
WALL 21086316 1 0 1706654567
WALL 21086316 1 0 1706654568
WALL 21086316 1 0 1706654569
WALL 21086316 1 0 1706654570
WALL 21086316 1 0 1706654571
WALL 21086316 1 0 1706654572
WALL 21086316 1 0 1706654573
WALL 21086316 1 0 1706654574
WALL 21086316 1 0 1706654575
WALL 21086316 1 0 1706654576
WALL 21086316 1 0 1706654577
WALL 21086316 1 0 1706654578
WALL 21086316 1 0 1706654579
WALL 21086316 1 0 1706654580
WALL 21086316 1 0 1706654581
WALL 21086316 1 0 1706654582
WALL 21086316 1 0 1706654583
WALL 21086316 1 0 1706654584
WALL 21086316 1 0 1706654585
WALL 21086316 1 0 1706654586
WALL 21086316 1 0 1706654587
WALL 21086316 1 0 1706654588
WALL 21086316 1 0 1706654589
WALL 21086316 1 0 1706654590
WALL 21086316 1 0 1706654591
WALL 21086316 1 0 1706654592
WALL 21086316 1 0 1706654593
WALL 21086316 1 0 1706654594
WALL 21086316 1 0 1706654595
WALL 21086316 1 0 1706654596
WALL 21086316 1 0 1706654597
WALL 21086316 1 0 1706654598
WALL 21086316 1 0 1706654599
WALL 21086316 1 0 1706654600
WALL 21086316 1 0 1706654601
WALL 21086316 1 0 1706654602
WALL 21086316 1 0 1706654603
WALL 21086316 1 0 1706654604
WALL 21086316 1 0 1706654605
WALL 21086316 1 0 1706654606
WALL 21086316 1 0 1706654607
WALL 21086316 1 0 1706654608
WALL 21086316 1 0 1706654609
WALL 21086316 1 0 1706654610
WALL 21086316 1 0 1706654611
WALL 21086316 1 0 1706654612
WALL 21086316 1 0 1706654613
WALL 21086316 1 0 1706654614
WALL 21086316 1 0 1706654615
WALL 21086316 1 0 1706654616
WALL 21086316 1 0 1706654617
WALL 21086316 1 0 1706654618
WALL 21086316 1 0 1706654619
WALL 21086316 1 0 1706654620
WALL 21086316 1 0 1706654621
WALL 21086316 1 0 1706654622
WALL 21086316 1 0 1706654623
WALL 21086316 1 0 1706654624
WALL 21086316 1 0 1706654625
WALL 21086316 1 0 1706654626
WALL 21086316 1 0 1706654627
slurmstepd: error: *** JOB 21086316 ON nid200042 CANCELLED AT 2024-01-30T22:43:48 DUE TO PREEMPTION ***
received SIGTERM 1706654628
WALL 21086316 1 0 1706654628
received SIGCONT 1706654628
WALL 21086316 1 0 1706654628
received SIGTERM 1706654628
WALL 21086316 1 0 1706654628
