WALL 21204202 1 0 1706818346
WALL 21204202 1 0 1706818347
WALL 21204202 1 0 1706818348
WALL 21204202 1 0 1706818349
WALL 21204202 1 0 1706818350
WALL 21204202 1 0 1706818351
WALL 21204202 1 0 1706818352
WALL 21204202 1 0 1706818353
WALL 21204202 1 0 1706818354
WALL 21204202 1 0 1706818355
WALL 21204202 1 0 1706818356
WALL 21204202 1 0 1706818357
WALL 21204202 1 0 1706818358
WALL 21204202 1 0 1706818359
WALL 21204202 1 0 1706818360
WALL 21204202 1 0 1706818361
WALL 21204202 1 0 1706818362
WALL 21204202 1 0 1706818363
WALL 21204202 1 0 1706818364
WALL 21204202 1 0 1706818365
WALL 21204202 1 0 1706818366
WALL 21204202 1 0 1706818367
WALL 21204202 1 0 1706818368
WALL 21204202 1 0 1706818369
WALL 21204202 1 0 1706818370
WALL 21204202 1 0 1706818371
WALL 21204202 1 0 1706818372
WALL 21204202 1 0 1706818373
WALL 21204202 1 0 1706818374
WALL 21204202 1 0 1706818375
WALL 21204202 1 0 1706818376
WALL 21204202 1 0 1706818377
WALL 21204202 1 0 1706818378
WALL 21204202 1 0 1706818379
WALL 21204202 1 0 1706818380
WALL 21204202 1 0 1706818381
WALL 21204202 1 0 1706818382
WALL 21204202 1 0 1706818383
WALL 21204202 1 0 1706818384
WALL 21204202 1 0 1706818385
WALL 21204202 1 0 1706818386
WALL 21204202 1 0 1706818387
WALL 21204202 1 0 1706818388
WALL 21204202 1 0 1706818389
WALL 21204202 1 0 1706818390
WALL 21204202 1 0 1706818391
WALL 21204202 1 0 1706818392
WALL 21204202 1 0 1706818393
WALL 21204202 1 0 1706818394
WALL 21204202 1 0 1706818395
WALL 21204202 1 0 1706818396
WALL 21204202 1 0 1706818397
WALL 21204202 1 0 1706818398
WALL 21204202 1 0 1706818399
WALL 21204202 1 0 1706818400
WALL 21204202 1 0 1706818401
WALL 21204202 1 0 1706818402
WALL 21204202 1 0 1706818403
WALL 21204202 1 0 1706818404
WALL 21204202 1 0 1706818405
WALL 21204202 1 0 1706818406
WALL 21204202 1 0 1706818407
WALL 21204202 1 0 1706818408
WALL 21204202 1 0 1706818409
WALL 21204202 1 0 1706818410
WALL 21204202 1 0 1706818411
WALL 21204202 1 0 1706818412
WALL 21204202 1 0 1706818413
WALL 21204202 1 0 1706818414
WALL 21204202 1 0 1706818415
WALL 21204202 1 0 1706818416
WALL 21204202 1 0 1706818417
WALL 21204202 1 0 1706818418
WALL 21204202 1 0 1706818419
WALL 21204202 1 0 1706818420
WALL 21204202 1 0 1706818421
WALL 21204202 1 0 1706818422
WALL 21204202 1 0 1706818423
WALL 21204202 1 0 1706818424
WALL 21204202 1 0 1706818425
WALL 21204202 1 0 1706818426
WALL 21204202 1 0 1706818427
WALL 21204202 1 0 1706818428
WALL 21204202 1 0 1706818429
WALL 21204202 1 0 1706818430
WALL 21204202 1 0 1706818431
WALL 21204202 1 0 1706818432
WALL 21204202 1 0 1706818433
WALL 21204202 1 0 1706818434
WALL 21204202 1 0 1706818435
WALL 21204202 1 0 1706818436
WALL 21204202 1 0 1706818437
WALL 21204202 1 0 1706818438
WALL 21204202 1 0 1706818439
WALL 21204202 1 0 1706818440
WALL 21204202 1 0 1706818441
WALL 21204202 1 0 1706818442
WALL 21204202 1 0 1706818443
WALL 21204202 1 0 1706818444
WALL 21204202 1 0 1706818445
WALL 21204202 1 0 1706818446
WALL 21204202 1 0 1706818447
WALL 21204202 1 0 1706818448
WALL 21204202 1 0 1706818449
WALL 21204202 1 0 1706818450
WALL 21204202 1 0 1706818451
WALL 21204202 1 0 1706818452
WALL 21204202 1 0 1706818453
WALL 21204202 1 0 1706818454
WALL 21204202 1 0 1706818455
WALL 21204202 1 0 1706818456
WALL 21204202 1 0 1706818457
WALL 21204202 1 0 1706818458
WALL 21204202 1 0 1706818459
WALL 21204202 1 0 1706818460
WALL 21204202 1 0 1706818461
WALL 21204202 1 0 1706818462
WALL 21204202 1 0 1706818463
WALL 21204202 1 0 1706818464
WALL 21204202 1 0 1706818465
WALL 21204202 1 0 1706818466
WALL 21204202 1 0 1706818467
WALL 21204202 1 0 1706818468
WALL 21204202 1 0 1706818469
WALL 21204202 1 0 1706818470
WALL 21204202 1 0 1706818471
WALL 21204202 1 0 1706818472
WALL 21204202 1 0 1706818473
WALL 21204202 1 0 1706818474
WALL 21204202 1 0 1706818475
WALL 21204202 1 0 1706818476
WALL 21204202 1 0 1706818477
WALL 21204202 1 0 1706818478
WALL 21204202 1 0 1706818479
WALL 21204202 1 0 1706818480
WALL 21204202 1 0 1706818481
WALL 21204202 1 0 1706818482
WALL 21204202 1 0 1706818483
WALL 21204202 1 0 1706818484
WALL 21204202 1 0 1706818485
WALL 21204202 1 0 1706818486
WALL 21204202 1 0 1706818487
WALL 21204202 1 0 1706818488
WALL 21204202 1 0 1706818489
WALL 21204202 1 0 1706818490
WALL 21204202 1 0 1706818491
WALL 21204202 1 0 1706818492
WALL 21204202 1 0 1706818493
WALL 21204202 1 0 1706818494
WALL 21204202 1 0 1706818495
WALL 21204202 1 0 1706818496
WALL 21204202 1 0 1706818497
WALL 21204202 1 0 1706818498
WALL 21204202 1 0 1706818499
WALL 21204202 1 0 1706818500
WALL 21204202 1 0 1706818501
WALL 21204202 1 0 1706818502
WALL 21204202 1 0 1706818503
WALL 21204202 1 0 1706818504
WALL 21204202 1 0 1706818505
WALL 21204202 1 0 1706818506
WALL 21204202 1 0 1706818507
WALL 21204202 1 0 1706818508
WALL 21204202 1 0 1706818509
WALL 21204202 1 0 1706818510
WALL 21204202 1 0 1706818511
WALL 21204202 1 0 1706818512
WALL 21204202 1 0 1706818513
WALL 21204202 1 0 1706818514
WALL 21204202 1 0 1706818515
WALL 21204202 1 0 1706818516
WALL 21204202 1 0 1706818517
WALL 21204202 1 0 1706818518
WALL 21204202 1 0 1706818519
WALL 21204202 1 0 1706818520
WALL 21204202 1 0 1706818521
WALL 21204202 1 0 1706818522
WALL 21204202 1 0 1706818523
WALL 21204202 1 0 1706818524
WALL 21204202 1 0 1706818525
WALL 21204202 1 0 1706818526
WALL 21204202 1 0 1706818527
WALL 21204202 1 0 1706818528
WALL 21204202 1 0 1706818529
WALL 21204202 1 0 1706818530
WALL 21204202 1 0 1706818531
WALL 21204202 1 0 1706818532
WALL 21204202 1 0 1706818533
WALL 21204202 1 0 1706818534
WALL 21204202 1 0 1706818535
WALL 21204202 1 0 1706818536
WALL 21204202 1 0 1706818537
WALL 21204202 1 0 1706818538
WALL 21204202 1 0 1706818539
WALL 21204202 1 0 1706818540
WALL 21204202 1 0 1706818541
WALL 21204202 1 0 1706818542
WALL 21204202 1 0 1706818543
WALL 21204202 1 0 1706818544
WALL 21204202 1 0 1706818545
WALL 21204202 1 0 1706818546
WALL 21204202 1 0 1706818547
WALL 21204202 1 0 1706818548
WALL 21204202 1 0 1706818549
WALL 21204202 1 0 1706818550
WALL 21204202 1 0 1706818551
WALL 21204202 1 0 1706818552
WALL 21204202 1 0 1706818553
WALL 21204202 1 0 1706818554
WALL 21204202 1 0 1706818555
WALL 21204202 1 0 1706818556
WALL 21204202 1 0 1706818557
WALL 21204202 1 0 1706818558
WALL 21204202 1 0 1706818559
WALL 21204202 1 0 1706818560
WALL 21204202 1 0 1706818561
WALL 21204202 1 0 1706818562
WALL 21204202 1 0 1706818563
WALL 21204202 1 0 1706818564
WALL 21204202 1 0 1706818565
WALL 21204202 1 0 1706818566
WALL 21204202 1 0 1706818567
WALL 21204202 1 0 1706818568
WALL 21204202 1 0 1706818569
WALL 21204202 1 0 1706818570
WALL 21204202 1 0 1706818571
WALL 21204202 1 0 1706818572
WALL 21204202 1 0 1706818573
WALL 21204202 1 0 1706818574
WALL 21204202 1 0 1706818575
WALL 21204202 1 0 1706818576
WALL 21204202 1 0 1706818577
WALL 21204202 1 0 1706818578
WALL 21204202 1 0 1706818579
WALL 21204202 1 0 1706818580
WALL 21204202 1 0 1706818581
WALL 21204202 1 0 1706818582
WALL 21204202 1 0 1706818583
WALL 21204202 1 0 1706818584
WALL 21204202 1 0 1706818585
WALL 21204202 1 0 1706818586
WALL 21204202 1 0 1706818587
WALL 21204202 1 0 1706818588
WALL 21204202 1 0 1706818589
WALL 21204202 1 0 1706818590
WALL 21204202 1 0 1706818591
WALL 21204202 1 0 1706818592
WALL 21204202 1 0 1706818593
WALL 21204202 1 0 1706818594
WALL 21204202 1 0 1706818595
WALL 21204202 1 0 1706818596
WALL 21204202 1 0 1706818597
WALL 21204202 1 0 1706818598
WALL 21204202 1 0 1706818599
WALL 21204202 1 0 1706818600
WALL 21204202 1 0 1706818601
WALL 21204202 1 0 1706818602
WALL 21204202 1 0 1706818603
WALL 21204202 1 0 1706818604
WALL 21204202 1 0 1706818605
WALL 21204202 1 0 1706818606
WALL 21204202 1 0 1706818607
WALL 21204202 1 0 1706818608
WALL 21204202 1 0 1706818609
WALL 21204202 1 0 1706818610
WALL 21204202 1 0 1706818611
WALL 21204202 1 0 1706818612
WALL 21204202 1 0 1706818613
WALL 21204202 1 0 1706818614
WALL 21204202 1 0 1706818615
WALL 21204202 1 0 1706818616
WALL 21204202 1 0 1706818617
WALL 21204202 1 0 1706818618
WALL 21204202 1 0 1706818619
WALL 21204202 1 0 1706818620
WALL 21204202 1 0 1706818621
WALL 21204202 1 0 1706818622
WALL 21204202 1 0 1706818623
WALL 21204202 1 0 1706818624
WALL 21204202 1 0 1706818625
WALL 21204202 1 0 1706818626
WALL 21204202 1 0 1706818627
WALL 21204202 1 0 1706818628
WALL 21204202 1 0 1706818629
WALL 21204202 1 0 1706818630
WALL 21204202 1 0 1706818631
WALL 21204202 1 0 1706818632
WALL 21204202 1 0 1706818633
WALL 21204202 1 0 1706818634
WALL 21204202 1 0 1706818635
WALL 21204202 1 0 1706818636
WALL 21204202 1 0 1706818637
WALL 21204202 1 0 1706818638
WALL 21204202 1 0 1706818639
WALL 21204202 1 0 1706818640
WALL 21204202 1 0 1706818641
WALL 21204202 1 0 1706818642
WALL 21204202 1 0 1706818643
WALL 21204202 1 0 1706818644
WALL 21204202 1 0 1706818645
WALL 21204202 1 0 1706818646
WALL 21204202 1 0 1706818647
WALL 21204202 1 0 1706818648
WALL 21204202 1 0 1706818649
WALL 21204202 1 0 1706818650
WALL 21204202 1 0 1706818651
WALL 21204202 1 0 1706818652
WALL 21204202 1 0 1706818653
WALL 21204202 1 0 1706818654
WALL 21204202 1 0 1706818655
WALL 21204202 1 0 1706818656
WALL 21204202 1 0 1706818657
WALL 21204202 1 0 1706818658
WALL 21204202 1 0 1706818659
WALL 21204202 1 0 1706818660
WALL 21204202 1 0 1706818661
WALL 21204202 1 0 1706818662
WALL 21204202 1 0 1706818663
WALL 21204202 1 0 1706818664
WALL 21204202 1 0 1706818665
WALL 21204202 1 0 1706818666
WALL 21204202 1 0 1706818667
WALL 21204202 1 0 1706818668
WALL 21204202 1 0 1706818669
WALL 21204202 1 0 1706818670
WALL 21204202 1 0 1706818671
WALL 21204202 1 0 1706818672
WALL 21204202 1 0 1706818673
WALL 21204202 1 0 1706818674
WALL 21204202 1 0 1706818675
WALL 21204202 1 0 1706818676
WALL 21204202 1 0 1706818677
WALL 21204202 1 0 1706818678
WALL 21204202 1 0 1706818679
WALL 21204202 1 0 1706818680
WALL 21204202 1 0 1706818681
WALL 21204202 1 0 1706818682
WALL 21204202 1 0 1706818683
WALL 21204202 1 0 1706818684
WALL 21204202 1 0 1706818685
WALL 21204202 1 0 1706818686
WALL 21204202 1 0 1706818687
WALL 21204202 1 0 1706818688
WALL 21204202 1 0 1706818689
WALL 21204202 1 0 1706818690
WALL 21204202 1 0 1706818691
WALL 21204202 1 0 1706818692
WALL 21204202 1 0 1706818693
WALL 21204202 1 0 1706818694
WALL 21204202 1 0 1706818695
WALL 21204202 1 0 1706818696
WALL 21204202 1 0 1706818697
WALL 21204202 1 0 1706818698
WALL 21204202 1 0 1706818699
WALL 21204202 1 0 1706818700
WALL 21204202 1 0 1706818701
WALL 21204202 1 0 1706818702
slurmstepd: error: *** STEP 21204202.0 ON nid200000 CANCELLED AT 2024-02-01T20:18:23 ***
received SIGTERM 1706818703
WALL 21204202 1 0 1706818703
received SIGCONT 1706818703
WALL 21204202 1 0 1706818703
WALL 21204202 1 0 1706818704
WALL 21204202 1 0 1706818705
WALL 21204202 1 0 1706818706
WALL 21204202 1 0 1706818707
WALL 21204202 1 0 1706818708
WALL 21204202 1 0 1706818709
WALL 21204202 1 0 1706818710
WALL 21204202 1 0 1706818711
WALL 21204202 1 0 1706818712
WALL 21204202 1 0 1706818713
WALL 21204202 1 0 1706818714
WALL 21204202 1 0 1706818715
WALL 21204202 1 0 1706818716
WALL 21204202 1 0 1706818717
WALL 21204202 1 0 1706818718
WALL 21204202 1 0 1706818719
WALL 21204202 1 0 1706818720
WALL 21204202 1 0 1706818721
WALL 21204202 1 0 1706818722
WALL 21204202 1 0 1706818723
WALL 21204202 1 0 1706818724
WALL 21204202 1 0 1706818725
WALL 21204202 1 0 1706818726
WALL 21204202 1 0 1706818727
WALL 21204202 1 0 1706818728
WALL 21204202 1 0 1706818729
WALL 21204202 1 0 1706818730
WALL 21204202 1 0 1706818731
WALL 21204202 1 0 1706818732
WALL 21204202 1 0 1706818733
WALL 21204202 1 0 1706818734
WALL 21204202 1 0 1706818735
WALL 21204202 1 0 1706818736
WALL 21204202 1 0 1706818737
WALL 21204202 1 0 1706818738
WALL 21204202 1 0 1706818739
WALL 21204202 1 0 1706818740
WALL 21204202 1 0 1706818741
WALL 21204202 1 0 1706818742
WALL 21204202 1 0 1706818743
WALL 21204202 1 0 1706818744
WALL 21204202 1 0 1706818745
WALL 21204202 1 0 1706818746
WALL 21204202 1 0 1706818747
WALL 21204202 1 0 1706818748
WALL 21204202 1 0 1706818749
WALL 21204202 1 0 1706818750
WALL 21204202 1 0 1706818751
WALL 21204202 1 0 1706818752
WALL 21204202 1 0 1706818753
WALL 21204202 1 0 1706818754
WALL 21204202 1 0 1706818755
WALL 21204202 1 0 1706818756
WALL 21204202 1 0 1706818757
WALL 21204202 1 0 1706818758
WALL 21204202 1 0 1706818759
WALL 21204202 1 0 1706818760
WALL 21204202 1 0 1706818761
WALL 21204202 1 0 1706818762
slurmstepd: error: *** JOB 21204202 ON nid200000 CANCELLED AT 2024-02-01T20:19:23 DUE TO PREEMPTION ***
received SIGTERM 1706818763
srun: Job step aborted: Waiting up to 32 seconds for job step to finish.
WALL 21204202 1 0 1706818763
received SIGCONT 1706818763
WALL 21204202 1 0 1706818763
received SIGTERM 1706818763
WALL 21204202 1 0 1706818763
