WALL 21149135 1 0 1706736301
WALL 21149135 1 0 1706736302
WALL 21149135 1 0 1706736303
received SIGCONT 1706736303
WALL 21149135 1 0 1706736303
received SIGTERM 1706736303
WALL 21149135 1 0 1706736303
slurmstepd: error: *** STEP 21149135.0 ON nid200023 CANCELLED AT 2024-01-31T21:25:03 ***
WALL 21149135 1 0 1706736304
WALL 21149135 1 0 1706736305
WALL 21149135 1 0 1706736306
WALL 21149135 1 0 1706736307
WALL 21149135 1 0 1706736308
WALL 21149135 1 0 1706736309
WALL 21149135 1 0 1706736310
WALL 21149135 1 0 1706736311
WALL 21149135 1 0 1706736312
WALL 21149135 1 0 1706736313
WALL 21149135 1 0 1706736314
WALL 21149135 1 0 1706736315
WALL 21149135 1 0 1706736316
WALL 21149135 1 0 1706736317
WALL 21149135 1 0 1706736318
WALL 21149135 1 0 1706736319
WALL 21149135 1 0 1706736320
WALL 21149135 1 0 1706736321
WALL 21149135 1 0 1706736322
WALL 21149135 1 0 1706736323
WALL 21149135 1 0 1706736324
WALL 21149135 1 0 1706736325
WALL 21149135 1 0 1706736326
WALL 21149135 1 0 1706736327
WALL 21149135 1 0 1706736328
WALL 21149135 1 0 1706736329
WALL 21149135 1 0 1706736330
WALL 21149135 1 0 1706736331
WALL 21149135 1 0 1706736332
WALL 21149135 1 0 1706736333
WALL 21149135 1 0 1706736334
WALL 21149135 1 0 1706736335
WALL 21149135 1 0 1706736336
WALL 21149135 1 0 1706736337
WALL 21149135 1 0 1706736338
WALL 21149135 1 0 1706736339
WALL 21149135 1 0 1706736340
WALL 21149135 1 0 1706736341
WALL 21149135 1 0 1706736342
WALL 21149135 1 0 1706736343
WALL 21149135 1 0 1706736344
WALL 21149135 1 0 1706736345
WALL 21149135 1 0 1706736346
WALL 21149135 1 0 1706736347
WALL 21149135 1 0 1706736348
WALL 21149135 1 0 1706736349
WALL 21149135 1 0 1706736350
WALL 21149135 1 0 1706736351
WALL 21149135 1 0 1706736352
WALL 21149135 1 0 1706736353
WALL 21149135 1 0 1706736354
WALL 21149135 1 0 1706736355
WALL 21149135 1 0 1706736356
WALL 21149135 1 0 1706736357
WALL 21149135 1 0 1706736358
WALL 21149135 1 0 1706736359
WALL 21149135 1 0 1706736360
slurmstepd: error: *** JOB 21149135 ON nid200023 CANCELLED AT 2024-01-31T21:26:00 DUE TO PREEMPTION ***
received SIGTERM 1706736360
WALL 21149135 1 0 1706736360
received SIGCONT 1706736360
WALL 21149135 1 0 1706736360
received SIGTERM 1706736360
WALL 21149135 1 0 1706736360
