WALL 21089418 1 0 1706662468
WALL 21089418 1 0 1706662469
WALL 21089418 1 0 1706662470
WALL 21089418 1 0 1706662471
WALL 21089418 1 0 1706662472
WALL 21089418 1 0 1706662473
WALL 21089418 1 0 1706662474
WALL 21089418 1 0 1706662475
WALL 21089418 1 0 1706662476
WALL 21089418 1 0 1706662477
WALL 21089418 1 0 1706662478
WALL 21089418 1 0 1706662479
WALL 21089418 1 0 1706662480
WALL 21089418 1 0 1706662481
WALL 21089418 1 0 1706662482
WALL 21089418 1 0 1706662483
WALL 21089418 1 0 1706662484
WALL 21089418 1 0 1706662485
WALL 21089418 1 0 1706662486
WALL 21089418 1 0 1706662487
WALL 21089418 1 0 1706662488
WALL 21089418 1 0 1706662489
WALL 21089418 1 0 1706662490
WALL 21089418 1 0 1706662491
WALL 21089418 1 0 1706662492
WALL 21089418 1 0 1706662493
WALL 21089418 1 0 1706662494
WALL 21089418 1 0 1706662495
WALL 21089418 1 0 1706662496
WALL 21089418 1 0 1706662497
WALL 21089418 1 0 1706662498
WALL 21089418 1 0 1706662499
WALL 21089418 1 0 1706662500
WALL 21089418 1 0 1706662501
WALL 21089418 1 0 1706662502
WALL 21089418 1 0 1706662503
WALL 21089418 1 0 1706662504
WALL 21089418 1 0 1706662505
WALL 21089418 1 0 1706662506
WALL 21089418 1 0 1706662507
WALL 21089418 1 0 1706662508
WALL 21089418 1 0 1706662509
WALL 21089418 1 0 1706662510
WALL 21089418 1 0 1706662511
WALL 21089418 1 0 1706662512
WALL 21089418 1 0 1706662513
WALL 21089418 1 0 1706662514
WALL 21089418 1 0 1706662515
WALL 21089418 1 0 1706662516
WALL 21089418 1 0 1706662517
WALL 21089418 1 0 1706662518
WALL 21089418 1 0 1706662519
WALL 21089418 1 0 1706662520
WALL 21089418 1 0 1706662521
WALL 21089418 1 0 1706662522
WALL 21089418 1 0 1706662523
WALL 21089418 1 0 1706662524
WALL 21089418 1 0 1706662525
WALL 21089418 1 0 1706662526
WALL 21089418 1 0 1706662527
WALL 21089418 1 0 1706662528
WALL 21089418 1 0 1706662529
WALL 21089418 1 0 1706662530
WALL 21089418 1 0 1706662531
WALL 21089418 1 0 1706662532
WALL 21089418 1 0 1706662533
WALL 21089418 1 0 1706662534
WALL 21089418 1 0 1706662535
WALL 21089418 1 0 1706662536
WALL 21089418 1 0 1706662537
WALL 21089418 1 0 1706662538
WALL 21089418 1 0 1706662539
WALL 21089418 1 0 1706662540
WALL 21089418 1 0 1706662541
WALL 21089418 1 0 1706662542
WALL 21089418 1 0 1706662543
WALL 21089418 1 0 1706662544
WALL 21089418 1 0 1706662545
WALL 21089418 1 0 1706662546
WALL 21089418 1 0 1706662547
WALL 21089418 1 0 1706662548
WALL 21089418 1 0 1706662549
WALL 21089418 1 0 1706662550
WALL 21089418 1 0 1706662551
WALL 21089418 1 0 1706662552
WALL 21089418 1 0 1706662553
WALL 21089418 1 0 1706662554
WALL 21089418 1 0 1706662555
WALL 21089418 1 0 1706662556
WALL 21089418 1 0 1706662557
WALL 21089418 1 0 1706662558
WALL 21089418 1 0 1706662559
WALL 21089418 1 0 1706662560
slurmstepd: error: *** STEP 21089418.0 ON nid200197 CANCELLED AT 2024-01-31T00:56:01 ***
received SIGTERM 1706662561
WALL 21089418 1 0 1706662561
received SIGCONT 1706662561
WALL 21089418 1 0 1706662561
WALL 21089418 1 0 1706662562
WALL 21089418 1 0 1706662563
WALL 21089418 1 0 1706662564
WALL 21089418 1 0 1706662565
WALL 21089418 1 0 1706662566
WALL 21089418 1 0 1706662567
WALL 21089418 1 0 1706662568
WALL 21089418 1 0 1706662569
WALL 21089418 1 0 1706662570
WALL 21089418 1 0 1706662571
WALL 21089418 1 0 1706662572
WALL 21089418 1 0 1706662573
WALL 21089418 1 0 1706662574
WALL 21089418 1 0 1706662575
WALL 21089418 1 0 1706662576
WALL 21089418 1 0 1706662577
WALL 21089418 1 0 1706662578
WALL 21089418 1 0 1706662579
WALL 21089418 1 0 1706662580
WALL 21089418 1 0 1706662581
WALL 21089418 1 0 1706662582
WALL 21089418 1 0 1706662583
WALL 21089418 1 0 1706662584
WALL 21089418 1 0 1706662585
WALL 21089418 1 0 1706662586
WALL 21089418 1 0 1706662587
WALL 21089418 1 0 1706662588
WALL 21089418 1 0 1706662589
WALL 21089418 1 0 1706662590
WALL 21089418 1 0 1706662591
WALL 21089418 1 0 1706662592
WALL 21089418 1 0 1706662593
WALL 21089418 1 0 1706662594
WALL 21089418 1 0 1706662595
WALL 21089418 1 0 1706662596
WALL 21089418 1 0 1706662597
WALL 21089418 1 0 1706662598
WALL 21089418 1 0 1706662599
WALL 21089418 1 0 1706662600
WALL 21089418 1 0 1706662601
WALL 21089418 1 0 1706662602
WALL 21089418 1 0 1706662603
WALL 21089418 1 0 1706662604
WALL 21089418 1 0 1706662605
WALL 21089418 1 0 1706662606
WALL 21089418 1 0 1706662607
WALL 21089418 1 0 1706662608
WALL 21089418 1 0 1706662609
WALL 21089418 1 0 1706662610
WALL 21089418 1 0 1706662611
WALL 21089418 1 0 1706662612
WALL 21089418 1 0 1706662613
WALL 21089418 1 0 1706662614
WALL 21089418 1 0 1706662615
WALL 21089418 1 0 1706662616
WALL 21089418 1 0 1706662617
WALL 21089418 1 0 1706662618
WALL 21089418 1 0 1706662619
WALL 21089418 1 0 1706662620
WALL 21089418 1 0 1706662621
WALL 21089418 1 0 1706662622
WALL 21089418 1 0 1706662623
WALL 21089418 1 0 1706662624
WALL 21089418 1 0 1706662625
WALL 21089418 1 0 1706662626
WALL 21089418 1 0 1706662627
WALL 21089418 1 0 1706662628
WALL 21089418 1 0 1706662629
WALL 21089418 1 0 1706662630
WALL 21089418 1 0 1706662631
WALL 21089418 1 0 1706662632
WALL 21089418 1 0 1706662633
WALL 21089418 1 0 1706662634
WALL 21089418 1 0 1706662635
WALL 21089418 1 0 1706662636
WALL 21089418 1 0 1706662637
WALL 21089418 1 0 1706662638
WALL 21089418 1 0 1706662639
WALL 21089418 1 0 1706662640
WALL 21089418 1 0 1706662641
WALL 21089418 1 0 1706662642
WALL 21089418 1 0 1706662643
WALL 21089418 1 0 1706662644
WALL 21089418 1 0 1706662645
slurmstepd: error: *** JOB 21089418 ON nid200197 CANCELLED AT 2024-01-31T00:57:25 DUE TO PREEMPTION ***
received SIGTERM 1706662645
WALL 21089418 1 0 1706662645
received SIGCONT 1706662645
WALL 21089418 1 0 1706662645
received SIGTERM 1706662645
WALL 21089418 1 0 1706662645
