WALL 21086990 1 0 1706657052
WALL 21086990 1 0 1706657053
WALL 21086990 1 0 1706657054
WALL 21086990 1 0 1706657055
WALL 21086990 1 0 1706657056
WALL 21086990 1 0 1706657057
WALL 21086990 1 0 1706657058
WALL 21086990 1 0 1706657059
WALL 21086990 1 0 1706657060
WALL 21086990 1 0 1706657061
WALL 21086990 1 0 1706657062
WALL 21086990 1 0 1706657063
WALL 21086990 1 0 1706657064
WALL 21086990 1 0 1706657065
WALL 21086990 1 0 1706657066
WALL 21086990 1 0 1706657067
WALL 21086990 1 0 1706657068
WALL 21086990 1 0 1706657069
WALL 21086990 1 0 1706657070
WALL 21086990 1 0 1706657071
WALL 21086990 1 0 1706657072
WALL 21086990 1 0 1706657073
WALL 21086990 1 0 1706657074
WALL 21086990 1 0 1706657075
WALL 21086990 1 0 1706657076
WALL 21086990 1 0 1706657077
WALL 21086990 1 0 1706657078
WALL 21086990 1 0 1706657079
WALL 21086990 1 0 1706657080
WALL 21086990 1 0 1706657081
WALL 21086990 1 0 1706657082
WALL 21086990 1 0 1706657083
WALL 21086990 1 0 1706657084
WALL 21086990 1 0 1706657085
WALL 21086990 1 0 1706657086
WALL 21086990 1 0 1706657087
WALL 21086990 1 0 1706657088
WALL 21086990 1 0 1706657089
WALL 21086990 1 0 1706657090
WALL 21086990 1 0 1706657091
WALL 21086990 1 0 1706657092
WALL 21086990 1 0 1706657093
WALL 21086990 1 0 1706657094
WALL 21086990 1 0 1706657095
WALL 21086990 1 0 1706657096
WALL 21086990 1 0 1706657097
WALL 21086990 1 0 1706657098
WALL 21086990 1 0 1706657099
WALL 21086990 1 0 1706657100
WALL 21086990 1 0 1706657101
WALL 21086990 1 0 1706657102
WALL 21086990 1 0 1706657103
WALL 21086990 1 0 1706657104
WALL 21086990 1 0 1706657105
WALL 21086990 1 0 1706657106
WALL 21086990 1 0 1706657107
WALL 21086990 1 0 1706657108
WALL 21086990 1 0 1706657109
WALL 21086990 1 0 1706657110
WALL 21086990 1 0 1706657111
WALL 21086990 1 0 1706657112
WALL 21086990 1 0 1706657113
WALL 21086990 1 0 1706657114
WALL 21086990 1 0 1706657115
WALL 21086990 1 0 1706657116
WALL 21086990 1 0 1706657117
WALL 21086990 1 0 1706657118
WALL 21086990 1 0 1706657119
WALL 21086990 1 0 1706657120
WALL 21086990 1 0 1706657121
WALL 21086990 1 0 1706657122
WALL 21086990 1 0 1706657123
WALL 21086990 1 0 1706657124
WALL 21086990 1 0 1706657125
WALL 21086990 1 0 1706657126
WALL 21086990 1 0 1706657127
WALL 21086990 1 0 1706657128
WALL 21086990 1 0 1706657129
WALL 21086990 1 0 1706657130
WALL 21086990 1 0 1706657131
WALL 21086990 1 0 1706657132
WALL 21086990 1 0 1706657133
WALL 21086990 1 0 1706657134
WALL 21086990 1 0 1706657135
WALL 21086990 1 0 1706657136
WALL 21086990 1 0 1706657137
WALL 21086990 1 0 1706657138
WALL 21086990 1 0 1706657139
WALL 21086990 1 0 1706657140
WALL 21086990 1 0 1706657141
WALL 21086990 1 0 1706657142
WALL 21086990 1 0 1706657143
WALL 21086990 1 0 1706657144
WALL 21086990 1 0 1706657145
WALL 21086990 1 0 1706657146
WALL 21086990 1 0 1706657147
WALL 21086990 1 0 1706657148
WALL 21086990 1 0 1706657149
WALL 21086990 1 0 1706657150
WALL 21086990 1 0 1706657151
WALL 21086990 1 0 1706657152
WALL 21086990 1 0 1706657153
WALL 21086990 1 0 1706657154
WALL 21086990 1 0 1706657155
WALL 21086990 1 0 1706657156
WALL 21086990 1 0 1706657157
WALL 21086990 1 0 1706657158
WALL 21086990 1 0 1706657159
WALL 21086990 1 0 1706657160
WALL 21086990 1 0 1706657161
WALL 21086990 1 0 1706657162
WALL 21086990 1 0 1706657163
WALL 21086990 1 0 1706657164
WALL 21086990 1 0 1706657165
WALL 21086990 1 0 1706657166
WALL 21086990 1 0 1706657167
WALL 21086990 1 0 1706657168
WALL 21086990 1 0 1706657169
WALL 21086990 1 0 1706657170
WALL 21086990 1 0 1706657171
WALL 21086990 1 0 1706657172
WALL 21086990 1 0 1706657173
WALL 21086990 1 0 1706657174
WALL 21086990 1 0 1706657175
WALL 21086990 1 0 1706657176
WALL 21086990 1 0 1706657177
WALL 21086990 1 0 1706657178
WALL 21086990 1 0 1706657179
WALL 21086990 1 0 1706657180
WALL 21086990 1 0 1706657181
WALL 21086990 1 0 1706657182
WALL 21086990 1 0 1706657183
WALL 21086990 1 0 1706657184
WALL 21086990 1 0 1706657185
WALL 21086990 1 0 1706657186
WALL 21086990 1 0 1706657187
WALL 21086990 1 0 1706657188
WALL 21086990 1 0 1706657189
WALL 21086990 1 0 1706657190
WALL 21086990 1 0 1706657191
WALL 21086990 1 0 1706657192
WALL 21086990 1 0 1706657193
WALL 21086990 1 0 1706657194
WALL 21086990 1 0 1706657195
WALL 21086990 1 0 1706657196
WALL 21086990 1 0 1706657197
WALL 21086990 1 0 1706657198
WALL 21086990 1 0 1706657199
WALL 21086990 1 0 1706657200
WALL 21086990 1 0 1706657201
WALL 21086990 1 0 1706657202
WALL 21086990 1 0 1706657203
WALL 21086990 1 0 1706657204
WALL 21086990 1 0 1706657205
WALL 21086990 1 0 1706657206
WALL 21086990 1 0 1706657207
WALL 21086990 1 0 1706657208
WALL 21086990 1 0 1706657209
WALL 21086990 1 0 1706657210
WALL 21086990 1 0 1706657211
WALL 21086990 1 0 1706657212
WALL 21086990 1 0 1706657213
WALL 21086990 1 0 1706657214
WALL 21086990 1 0 1706657215
WALL 21086990 1 0 1706657216
WALL 21086990 1 0 1706657217
WALL 21086990 1 0 1706657218
WALL 21086990 1 0 1706657219
WALL 21086990 1 0 1706657220
WALL 21086990 1 0 1706657221
WALL 21086990 1 0 1706657222
WALL 21086990 1 0 1706657223
WALL 21086990 1 0 1706657224
WALL 21086990 1 0 1706657225
WALL 21086990 1 0 1706657226
WALL 21086990 1 0 1706657227
slurmstepd: error: *** STEP 21086990.0 ON nid200195 CANCELLED AT 2024-01-30T23:27:07 ***
received SIGCONT 1706657227
received SIGTERM 1706657227
WALL 21086990 1 0 1706657227
WALL 21086990 1 0 1706657228
WALL 21086990 1 0 1706657229
WALL 21086990 1 0 1706657230
WALL 21086990 1 0 1706657231
WALL 21086990 1 0 1706657232
WALL 21086990 1 0 1706657233
WALL 21086990 1 0 1706657234
WALL 21086990 1 0 1706657235
WALL 21086990 1 0 1706657236
WALL 21086990 1 0 1706657237
WALL 21086990 1 0 1706657238
WALL 21086990 1 0 1706657239
WALL 21086990 1 0 1706657240
WALL 21086990 1 0 1706657241
WALL 21086990 1 0 1706657242
WALL 21086990 1 0 1706657243
WALL 21086990 1 0 1706657244
WALL 21086990 1 0 1706657245
WALL 21086990 1 0 1706657246
WALL 21086990 1 0 1706657247
WALL 21086990 1 0 1706657248
WALL 21086990 1 0 1706657249
WALL 21086990 1 0 1706657250
WALL 21086990 1 0 1706657251
WALL 21086990 1 0 1706657252
WALL 21086990 1 0 1706657253
WALL 21086990 1 0 1706657254
WALL 21086990 1 0 1706657255
WALL 21086990 1 0 1706657256
WALL 21086990 1 0 1706657257
WALL 21086990 1 0 1706657258
WALL 21086990 1 0 1706657259
WALL 21086990 1 0 1706657260
WALL 21086990 1 0 1706657261
WALL 21086990 1 0 1706657262
WALL 21086990 1 0 1706657263
WALL 21086990 1 0 1706657264
WALL 21086990 1 0 1706657265
WALL 21086990 1 0 1706657266
WALL 21086990 1 0 1706657267
WALL 21086990 1 0 1706657268
WALL 21086990 1 0 1706657269
WALL 21086990 1 0 1706657270
WALL 21086990 1 0 1706657271
WALL 21086990 1 0 1706657272
WALL 21086990 1 0 1706657273
WALL 21086990 1 0 1706657274
WALL 21086990 1 0 1706657275
WALL 21086990 1 0 1706657276
WALL 21086990 1 0 1706657277
WALL 21086990 1 0 1706657278
WALL 21086990 1 0 1706657279
WALL 21086990 1 0 1706657280
WALL 21086990 1 0 1706657281
WALL 21086990 1 0 1706657282
WALL 21086990 1 0 1706657283
WALL 21086990 1 0 1706657284
WALL 21086990 1 0 1706657285
WALL 21086990 1 0 1706657286
WALL 21086990 1 0 1706657287
WALL 21086990 1 0 1706657288
slurmstepd: error: *** JOB 21086990 ON nid200195 CANCELLED AT 2024-01-30T23:28:08 DUE TO PREEMPTION ***
received SIGTERM 1706657288
WALL 21086990 1 0 1706657288
received SIGCONT 1706657288
WALL 21086990 1 0 1706657288
received SIGTERM 1706657288
WALL 21086990 1 0 1706657288
