srun: warning: can't run 1 processes on 8 nodes, setting nnodes to 1
WALL 21233789 1 0 1706903671
WALL 21233789 1 0 1706903672
WALL 21233789 1 0 1706903673
WALL 21233789 1 0 1706903674
WALL 21233789 1 0 1706903675
WALL 21233789 1 0 1706903676
WALL 21233789 1 0 1706903677
WALL 21233789 1 0 1706903678
WALL 21233789 1 0 1706903679
WALL 21233789 1 0 1706903680
WALL 21233789 1 0 1706903681
WALL 21233789 1 0 1706903682
WALL 21233789 1 0 1706903683
WALL 21233789 1 0 1706903684
WALL 21233789 1 0 1706903685
WALL 21233789 1 0 1706903686
WALL 21233789 1 0 1706903687
WALL 21233789 1 0 1706903688
WALL 21233789 1 0 1706903689
WALL 21233789 1 0 1706903690
WALL 21233789 1 0 1706903691
WALL 21233789 1 0 1706903692
WALL 21233789 1 0 1706903693
WALL 21233789 1 0 1706903694
WALL 21233789 1 0 1706903695
WALL 21233789 1 0 1706903696
WALL 21233789 1 0 1706903697
WALL 21233789 1 0 1706903698
WALL 21233789 1 0 1706903699
WALL 21233789 1 0 1706903700
WALL 21233789 1 0 1706903701
WALL 21233789 1 0 1706903702
WALL 21233789 1 0 1706903703
WALL 21233789 1 0 1706903704
WALL 21233789 1 0 1706903705
WALL 21233789 1 0 1706903706
WALL 21233789 1 0 1706903707
WALL 21233789 1 0 1706903708
WALL 21233789 1 0 1706903709
WALL 21233789 1 0 1706903710
WALL 21233789 1 0 1706903711
WALL 21233789 1 0 1706903712
WALL 21233789 1 0 1706903713
WALL 21233789 1 0 1706903714
WALL 21233789 1 0 1706903715
WALL 21233789 1 0 1706903716
WALL 21233789 1 0 1706903717
WALL 21233789 1 0 1706903718
WALL 21233789 1 0 1706903719
WALL 21233789 1 0 1706903720
WALL 21233789 1 0 1706903721
WALL 21233789 1 0 1706903722
WALL 21233789 1 0 1706903723
WALL 21233789 1 0 1706903724
WALL 21233789 1 0 1706903725
WALL 21233789 1 0 1706903726
WALL 21233789 1 0 1706903727
WALL 21233789 1 0 1706903728
WALL 21233789 1 0 1706903729
WALL 21233789 1 0 1706903730
WALL 21233789 1 0 1706903731
WALL 21233789 1 0 1706903732
WALL 21233789 1 0 1706903733
WALL 21233789 1 0 1706903734
WALL 21233789 1 0 1706903735
WALL 21233789 1 0 1706903736
WALL 21233789 1 0 1706903737
WALL 21233789 1 0 1706903738
WALL 21233789 1 0 1706903739
WALL 21233789 1 0 1706903740
WALL 21233789 1 0 1706903741
WALL 21233789 1 0 1706903742
WALL 21233789 1 0 1706903743
WALL 21233789 1 0 1706903744
WALL 21233789 1 0 1706903745
WALL 21233789 1 0 1706903746
WALL 21233789 1 0 1706903747
WALL 21233789 1 0 1706903748
WALL 21233789 1 0 1706903749
WALL 21233789 1 0 1706903750
WALL 21233789 1 0 1706903751
WALL 21233789 1 0 1706903752
WALL 21233789 1 0 1706903753
WALL 21233789 1 0 1706903754
WALL 21233789 1 0 1706903755
WALL 21233789 1 0 1706903756
WALL 21233789 1 0 1706903757
WALL 21233789 1 0 1706903758
WALL 21233789 1 0 1706903759
WALL 21233789 1 0 1706903760
WALL 21233789 1 0 1706903761
WALL 21233789 1 0 1706903762
WALL 21233789 1 0 1706903763
WALL 21233789 1 0 1706903764
WALL 21233789 1 0 1706903765
WALL 21233789 1 0 1706903766
WALL 21233789 1 0 1706903767
WALL 21233789 1 0 1706903768
WALL 21233789 1 0 1706903769
WALL 21233789 1 0 1706903770
WALL 21233789 1 0 1706903771
WALL 21233789 1 0 1706903772
WALL 21233789 1 0 1706903773
WALL 21233789 1 0 1706903774
WALL 21233789 1 0 1706903775
WALL 21233789 1 0 1706903776
WALL 21233789 1 0 1706903777
WALL 21233789 1 0 1706903778
WALL 21233789 1 0 1706903779
WALL 21233789 1 0 1706903780
WALL 21233789 1 0 1706903781
WALL 21233789 1 0 1706903782
WALL 21233789 1 0 1706903783
WALL 21233789 1 0 1706903784
WALL 21233789 1 0 1706903785
WALL 21233789 1 0 1706903786
WALL 21233789 1 0 1706903787
WALL 21233789 1 0 1706903788
WALL 21233789 1 0 1706903789
WALL 21233789 1 0 1706903790
WALL 21233789 1 0 1706903791
WALL 21233789 1 0 1706903792
WALL 21233789 1 0 1706903793
WALL 21233789 1 0 1706903794
WALL 21233789 1 0 1706903795
WALL 21233789 1 0 1706903796
WALL 21233789 1 0 1706903797
WALL 21233789 1 0 1706903798
WALL 21233789 1 0 1706903799
WALL 21233789 1 0 1706903800
WALL 21233789 1 0 1706903801
WALL 21233789 1 0 1706903802
WALL 21233789 1 0 1706903803
WALL 21233789 1 0 1706903804
WALL 21233789 1 0 1706903805
WALL 21233789 1 0 1706903806
WALL 21233789 1 0 1706903807
WALL 21233789 1 0 1706903808
WALL 21233789 1 0 1706903809
WALL 21233789 1 0 1706903810
WALL 21233789 1 0 1706903811
WALL 21233789 1 0 1706903812
WALL 21233789 1 0 1706903813
WALL 21233789 1 0 1706903814
WALL 21233789 1 0 1706903815
WALL 21233789 1 0 1706903816
WALL 21233789 1 0 1706903817
WALL 21233789 1 0 1706903818
WALL 21233789 1 0 1706903819
WALL 21233789 1 0 1706903820
WALL 21233789 1 0 1706903821
WALL 21233789 1 0 1706903822
WALL 21233789 1 0 1706903823
WALL 21233789 1 0 1706903824
WALL 21233789 1 0 1706903825
WALL 21233789 1 0 1706903826
WALL 21233789 1 0 1706903827
WALL 21233789 1 0 1706903828
WALL 21233789 1 0 1706903829
WALL 21233789 1 0 1706903830
WALL 21233789 1 0 1706903831
WALL 21233789 1 0 1706903832
WALL 21233789 1 0 1706903833
WALL 21233789 1 0 1706903834
WALL 21233789 1 0 1706903835
WALL 21233789 1 0 1706903836
WALL 21233789 1 0 1706903837
WALL 21233789 1 0 1706903838
WALL 21233789 1 0 1706903839
WALL 21233789 1 0 1706903840
WALL 21233789 1 0 1706903841
WALL 21233789 1 0 1706903842
WALL 21233789 1 0 1706903843
WALL 21233789 1 0 1706903844
WALL 21233789 1 0 1706903845
WALL 21233789 1 0 1706903846
WALL 21233789 1 0 1706903847
WALL 21233789 1 0 1706903848
WALL 21233789 1 0 1706903849
WALL 21233789 1 0 1706903850
WALL 21233789 1 0 1706903851
WALL 21233789 1 0 1706903852
WALL 21233789 1 0 1706903853
WALL 21233789 1 0 1706903854
WALL 21233789 1 0 1706903855
WALL 21233789 1 0 1706903856
WALL 21233789 1 0 1706903857
WALL 21233789 1 0 1706903858
WALL 21233789 1 0 1706903859
WALL 21233789 1 0 1706903860
WALL 21233789 1 0 1706903861
WALL 21233789 1 0 1706903862
WALL 21233789 1 0 1706903863
WALL 21233789 1 0 1706903864
WALL 21233789 1 0 1706903865
WALL 21233789 1 0 1706903866
WALL 21233789 1 0 1706903867
WALL 21233789 1 0 1706903868
WALL 21233789 1 0 1706903869
WALL 21233789 1 0 1706903870
WALL 21233789 1 0 1706903871
WALL 21233789 1 0 1706903872
WALL 21233789 1 0 1706903873
WALL 21233789 1 0 1706903874
WALL 21233789 1 0 1706903875
WALL 21233789 1 0 1706903876
WALL 21233789 1 0 1706903877
WALL 21233789 1 0 1706903878
WALL 21233789 1 0 1706903879
WALL 21233789 1 0 1706903880
WALL 21233789 1 0 1706903881
WALL 21233789 1 0 1706903882
WALL 21233789 1 0 1706903883
WALL 21233789 1 0 1706903884
WALL 21233789 1 0 1706903885
WALL 21233789 1 0 1706903886
WALL 21233789 1 0 1706903887
WALL 21233789 1 0 1706903888
WALL 21233789 1 0 1706903889
WALL 21233789 1 0 1706903890
WALL 21233789 1 0 1706903891
WALL 21233789 1 0 1706903892
WALL 21233789 1 0 1706903893
WALL 21233789 1 0 1706903894
WALL 21233789 1 0 1706903895
WALL 21233789 1 0 1706903896
WALL 21233789 1 0 1706903897
WALL 21233789 1 0 1706903898
WALL 21233789 1 0 1706903899
WALL 21233789 1 0 1706903900
WALL 21233789 1 0 1706903901
WALL 21233789 1 0 1706903902
WALL 21233789 1 0 1706903903
WALL 21233789 1 0 1706903904
WALL 21233789 1 0 1706903905
WALL 21233789 1 0 1706903906
WALL 21233789 1 0 1706903907
WALL 21233789 1 0 1706903908
WALL 21233789 1 0 1706903909
WALL 21233789 1 0 1706903910
WALL 21233789 1 0 1706903911
WALL 21233789 1 0 1706903912
WALL 21233789 1 0 1706903913
WALL 21233789 1 0 1706903914
WALL 21233789 1 0 1706903915
WALL 21233789 1 0 1706903916
WALL 21233789 1 0 1706903917
WALL 21233789 1 0 1706903918
WALL 21233789 1 0 1706903919
WALL 21233789 1 0 1706903920
WALL 21233789 1 0 1706903921
WALL 21233789 1 0 1706903922
WALL 21233789 1 0 1706903923
WALL 21233789 1 0 1706903924
WALL 21233789 1 0 1706903925
WALL 21233789 1 0 1706903926
WALL 21233789 1 0 1706903927
WALL 21233789 1 0 1706903928
WALL 21233789 1 0 1706903929
WALL 21233789 1 0 1706903930
WALL 21233789 1 0 1706903931
WALL 21233789 1 0 1706903932
WALL 21233789 1 0 1706903933
WALL 21233789 1 0 1706903934
WALL 21233789 1 0 1706903935
WALL 21233789 1 0 1706903936
WALL 21233789 1 0 1706903937
WALL 21233789 1 0 1706903938
WALL 21233789 1 0 1706903939
WALL 21233789 1 0 1706903940
WALL 21233789 1 0 1706903941
WALL 21233789 1 0 1706903942
WALL 21233789 1 0 1706903943
WALL 21233789 1 0 1706903944
WALL 21233789 1 0 1706903945
WALL 21233789 1 0 1706903946
WALL 21233789 1 0 1706903947
WALL 21233789 1 0 1706903948
WALL 21233789 1 0 1706903949
WALL 21233789 1 0 1706903950
WALL 21233789 1 0 1706903951
WALL 21233789 1 0 1706903952
WALL 21233789 1 0 1706903953
WALL 21233789 1 0 1706903954
WALL 21233789 1 0 1706903955
WALL 21233789 1 0 1706903956
WALL 21233789 1 0 1706903957
WALL 21233789 1 0 1706903958
WALL 21233789 1 0 1706903959
WALL 21233789 1 0 1706903960
WALL 21233789 1 0 1706903961
WALL 21233789 1 0 1706903962
WALL 21233789 1 0 1706903963
WALL 21233789 1 0 1706903964
WALL 21233789 1 0 1706903965
WALL 21233789 1 0 1706903966
WALL 21233789 1 0 1706903967
WALL 21233789 1 0 1706903968
WALL 21233789 1 0 1706903969
WALL 21233789 1 0 1706903970
WALL 21233789 1 0 1706903971
WALL 21233789 1 0 1706903972
WALL 21233789 1 0 1706903973
WALL 21233789 1 0 1706903974
WALL 21233789 1 0 1706903975
WALL 21233789 1 0 1706903976
WALL 21233789 1 0 1706903977
WALL 21233789 1 0 1706903978
WALL 21233789 1 0 1706903979
WALL 21233789 1 0 1706903980
WALL 21233789 1 0 1706903981
WALL 21233789 1 0 1706903982
WALL 21233789 1 0 1706903983
WALL 21233789 1 0 1706903984
WALL 21233789 1 0 1706903985
WALL 21233789 1 0 1706903986
WALL 21233789 1 0 1706903987
WALL 21233789 1 0 1706903988
WALL 21233789 1 0 1706903989
WALL 21233789 1 0 1706903990
WALL 21233789 1 0 1706903991
WALL 21233789 1 0 1706903992
WALL 21233789 1 0 1706903993
WALL 21233789 1 0 1706903994
WALL 21233789 1 0 1706903995
WALL 21233789 1 0 1706903996
WALL 21233789 1 0 1706903997
WALL 21233789 1 0 1706903998
WALL 21233789 1 0 1706903999
WALL 21233789 1 0 1706904000
WALL 21233789 1 0 1706904001
WALL 21233789 1 0 1706904002
WALL 21233789 1 0 1706904003
WALL 21233789 1 0 1706904004
WALL 21233789 1 0 1706904005
WALL 21233789 1 0 1706904006
WALL 21233789 1 0 1706904007
WALL 21233789 1 0 1706904008
WALL 21233789 1 0 1706904009
WALL 21233789 1 0 1706904010
WALL 21233789 1 0 1706904011
WALL 21233789 1 0 1706904012
WALL 21233789 1 0 1706904013
WALL 21233789 1 0 1706904014
WALL 21233789 1 0 1706904015
WALL 21233789 1 0 1706904016
WALL 21233789 1 0 1706904017
WALL 21233789 1 0 1706904018
WALL 21233789 1 0 1706904019
WALL 21233789 1 0 1706904020
WALL 21233789 1 0 1706904021
WALL 21233789 1 0 1706904022
WALL 21233789 1 0 1706904023
WALL 21233789 1 0 1706904024
WALL 21233789 1 0 1706904025
WALL 21233789 1 0 1706904026
WALL 21233789 1 0 1706904027
WALL 21233789 1 0 1706904028
WALL 21233789 1 0 1706904029
WALL 21233789 1 0 1706904030
WALL 21233789 1 0 1706904031
WALL 21233789 1 0 1706904032
WALL 21233789 1 0 1706904033
WALL 21233789 1 0 1706904034
WALL 21233789 1 0 1706904035
WALL 21233789 1 0 1706904036
WALL 21233789 1 0 1706904037
WALL 21233789 1 0 1706904038
WALL 21233789 1 0 1706904039
WALL 21233789 1 0 1706904040
WALL 21233789 1 0 1706904041
WALL 21233789 1 0 1706904042
WALL 21233789 1 0 1706904043
WALL 21233789 1 0 1706904044
WALL 21233789 1 0 1706904045
WALL 21233789 1 0 1706904046
WALL 21233789 1 0 1706904047
WALL 21233789 1 0 1706904048
WALL 21233789 1 0 1706904049
WALL 21233789 1 0 1706904050
WALL 21233789 1 0 1706904051
WALL 21233789 1 0 1706904052
WALL 21233789 1 0 1706904053
WALL 21233789 1 0 1706904054
WALL 21233789 1 0 1706904055
WALL 21233789 1 0 1706904056
WALL 21233789 1 0 1706904057
WALL 21233789 1 0 1706904058
WALL 21233789 1 0 1706904059
WALL 21233789 1 0 1706904060
WALL 21233789 1 0 1706904061
WALL 21233789 1 0 1706904062
WALL 21233789 1 0 1706904063
WALL 21233789 1 0 1706904064
WALL 21233789 1 0 1706904065
WALL 21233789 1 0 1706904066
WALL 21233789 1 0 1706904067
WALL 21233789 1 0 1706904068
WALL 21233789 1 0 1706904069
WALL 21233789 1 0 1706904070
WALL 21233789 1 0 1706904071
WALL 21233789 1 0 1706904072
WALL 21233789 1 0 1706904073
WALL 21233789 1 0 1706904074
WALL 21233789 1 0 1706904075
WALL 21233789 1 0 1706904076
WALL 21233789 1 0 1706904077
WALL 21233789 1 0 1706904078
WALL 21233789 1 0 1706904079
WALL 21233789 1 0 1706904080
WALL 21233789 1 0 1706904081
WALL 21233789 1 0 1706904082
WALL 21233789 1 0 1706904083
WALL 21233789 1 0 1706904084
WALL 21233789 1 0 1706904085
WALL 21233789 1 0 1706904086
WALL 21233789 1 0 1706904087
WALL 21233789 1 0 1706904088
WALL 21233789 1 0 1706904089
WALL 21233789 1 0 1706904090
WALL 21233789 1 0 1706904091
WALL 21233789 1 0 1706904092
WALL 21233789 1 0 1706904093
WALL 21233789 1 0 1706904094
WALL 21233789 1 0 1706904095
WALL 21233789 1 0 1706904096
WALL 21233789 1 0 1706904097
WALL 21233789 1 0 1706904098
WALL 21233789 1 0 1706904099
WALL 21233789 1 0 1706904100
WALL 21233789 1 0 1706904101
WALL 21233789 1 0 1706904102
WALL 21233789 1 0 1706904103
WALL 21233789 1 0 1706904104
WALL 21233789 1 0 1706904105
WALL 21233789 1 0 1706904106
WALL 21233789 1 0 1706904107
WALL 21233789 1 0 1706904108
WALL 21233789 1 0 1706904109
WALL 21233789 1 0 1706904110
WALL 21233789 1 0 1706904111
WALL 21233789 1 0 1706904112
WALL 21233789 1 0 1706904113
WALL 21233789 1 0 1706904114
WALL 21233789 1 0 1706904115
WALL 21233789 1 0 1706904116
WALL 21233789 1 0 1706904117
WALL 21233789 1 0 1706904118
WALL 21233789 1 0 1706904119
WALL 21233789 1 0 1706904120
WALL 21233789 1 0 1706904121
WALL 21233789 1 0 1706904122
WALL 21233789 1 0 1706904123
WALL 21233789 1 0 1706904124
WALL 21233789 1 0 1706904125
WALL 21233789 1 0 1706904126
WALL 21233789 1 0 1706904127
WALL 21233789 1 0 1706904128
WALL 21233789 1 0 1706904129
WALL 21233789 1 0 1706904130
WALL 21233789 1 0 1706904131
WALL 21233789 1 0 1706904132
WALL 21233789 1 0 1706904133
WALL 21233789 1 0 1706904134
WALL 21233789 1 0 1706904135
WALL 21233789 1 0 1706904136
WALL 21233789 1 0 1706904137
WALL 21233789 1 0 1706904138
WALL 21233789 1 0 1706904139
WALL 21233789 1 0 1706904140
WALL 21233789 1 0 1706904141
WALL 21233789 1 0 1706904142
WALL 21233789 1 0 1706904143
WALL 21233789 1 0 1706904144
WALL 21233789 1 0 1706904145
WALL 21233789 1 0 1706904146
WALL 21233789 1 0 1706904147
WALL 21233789 1 0 1706904148
WALL 21233789 1 0 1706904149
WALL 21233789 1 0 1706904150
WALL 21233789 1 0 1706904151
WALL 21233789 1 0 1706904152
WALL 21233789 1 0 1706904153
WALL 21233789 1 0 1706904154
WALL 21233789 1 0 1706904155
WALL 21233789 1 0 1706904156
WALL 21233789 1 0 1706904157
WALL 21233789 1 0 1706904158
WALL 21233789 1 0 1706904159
WALL 21233789 1 0 1706904160
WALL 21233789 1 0 1706904161
WALL 21233789 1 0 1706904162
WALL 21233789 1 0 1706904163
WALL 21233789 1 0 1706904164
WALL 21233789 1 0 1706904165
WALL 21233789 1 0 1706904166
WALL 21233789 1 0 1706904167
WALL 21233789 1 0 1706904168
WALL 21233789 1 0 1706904169
WALL 21233789 1 0 1706904170
WALL 21233789 1 0 1706904171
WALL 21233789 1 0 1706904172
WALL 21233789 1 0 1706904173
WALL 21233789 1 0 1706904174
WALL 21233789 1 0 1706904175
WALL 21233789 1 0 1706904176
WALL 21233789 1 0 1706904177
WALL 21233789 1 0 1706904178
WALL 21233789 1 0 1706904179
WALL 21233789 1 0 1706904180
WALL 21233789 1 0 1706904181
WALL 21233789 1 0 1706904182
WALL 21233789 1 0 1706904183
WALL 21233789 1 0 1706904184
WALL 21233789 1 0 1706904185
WALL 21233789 1 0 1706904186
WALL 21233789 1 0 1706904187
WALL 21233789 1 0 1706904188
WALL 21233789 1 0 1706904189
WALL 21233789 1 0 1706904190
WALL 21233789 1 0 1706904191
WALL 21233789 1 0 1706904192
WALL 21233789 1 0 1706904193
WALL 21233789 1 0 1706904194
WALL 21233789 1 0 1706904195
WALL 21233789 1 0 1706904196
WALL 21233789 1 0 1706904197
WALL 21233789 1 0 1706904198
WALL 21233789 1 0 1706904199
WALL 21233789 1 0 1706904200
WALL 21233789 1 0 1706904201
WALL 21233789 1 0 1706904202
WALL 21233789 1 0 1706904203
WALL 21233789 1 0 1706904204
WALL 21233789 1 0 1706904205
WALL 21233789 1 0 1706904206
WALL 21233789 1 0 1706904207
WALL 21233789 1 0 1706904208
WALL 21233789 1 0 1706904209
WALL 21233789 1 0 1706904210
WALL 21233789 1 0 1706904211
WALL 21233789 1 0 1706904212
WALL 21233789 1 0 1706904213
WALL 21233789 1 0 1706904214
WALL 21233789 1 0 1706904215
WALL 21233789 1 0 1706904216
WALL 21233789 1 0 1706904217
WALL 21233789 1 0 1706904218
WALL 21233789 1 0 1706904219
WALL 21233789 1 0 1706904220
WALL 21233789 1 0 1706904221
WALL 21233789 1 0 1706904222
WALL 21233789 1 0 1706904223
WALL 21233789 1 0 1706904224
WALL 21233789 1 0 1706904225
WALL 21233789 1 0 1706904226
WALL 21233789 1 0 1706904227
WALL 21233789 1 0 1706904228
WALL 21233789 1 0 1706904229
WALL 21233789 1 0 1706904230
WALL 21233789 1 0 1706904231
WALL 21233789 1 0 1706904232
WALL 21233789 1 0 1706904233
WALL 21233789 1 0 1706904234
WALL 21233789 1 0 1706904235
WALL 21233789 1 0 1706904236
WALL 21233789 1 0 1706904237
WALL 21233789 1 0 1706904238
WALL 21233789 1 0 1706904239
WALL 21233789 1 0 1706904240
WALL 21233789 1 0 1706904241
WALL 21233789 1 0 1706904242
WALL 21233789 1 0 1706904243
WALL 21233789 1 0 1706904244
WALL 21233789 1 0 1706904245
WALL 21233789 1 0 1706904246
WALL 21233789 1 0 1706904247
WALL 21233789 1 0 1706904248
WALL 21233789 1 0 1706904249
WALL 21233789 1 0 1706904250
WALL 21233789 1 0 1706904251
WALL 21233789 1 0 1706904252
WALL 21233789 1 0 1706904253
WALL 21233789 1 0 1706904254
WALL 21233789 1 0 1706904255
WALL 21233789 1 0 1706904256
WALL 21233789 1 0 1706904257
WALL 21233789 1 0 1706904258
WALL 21233789 1 0 1706904259
WALL 21233789 1 0 1706904260
WALL 21233789 1 0 1706904261
WALL 21233789 1 0 1706904262
WALL 21233789 1 0 1706904263
WALL 21233789 1 0 1706904264
WALL 21233789 1 0 1706904265
WALL 21233789 1 0 1706904266
WALL 21233789 1 0 1706904267
WALL 21233789 1 0 1706904268
WALL 21233789 1 0 1706904269
WALL 21233789 1 0 1706904270
WALL 21233789 1 0 1706904271
WALL 21233789 1 0 1706904272
WALL 21233789 1 0 1706904273
WALL 21233789 1 0 1706904274
WALL 21233789 1 0 1706904275
WALL 21233789 1 0 1706904276
WALL 21233789 1 0 1706904277
WALL 21233789 1 0 1706904278
WALL 21233789 1 0 1706904279
WALL 21233789 1 0 1706904280
WALL 21233789 1 0 1706904281
WALL 21233789 1 0 1706904282
WALL 21233789 1 0 1706904283
WALL 21233789 1 0 1706904284
WALL 21233789 1 0 1706904285
WALL 21233789 1 0 1706904286
WALL 21233789 1 0 1706904287
WALL 21233789 1 0 1706904288
WALL 21233789 1 0 1706904289
WALL 21233789 1 0 1706904290
WALL 21233789 1 0 1706904291
WALL 21233789 1 0 1706904292
WALL 21233789 1 0 1706904293
WALL 21233789 1 0 1706904294
WALL 21233789 1 0 1706904295
WALL 21233789 1 0 1706904296
WALL 21233789 1 0 1706904297
WALL 21233789 1 0 1706904298
WALL 21233789 1 0 1706904299
WALL 21233789 1 0 1706904300
WALL 21233789 1 0 1706904301
WALL 21233789 1 0 1706904302
WALL 21233789 1 0 1706904303
WALL 21233789 1 0 1706904304
WALL 21233789 1 0 1706904305
WALL 21233789 1 0 1706904306
WALL 21233789 1 0 1706904307
WALL 21233789 1 0 1706904308
WALL 21233789 1 0 1706904309
WALL 21233789 1 0 1706904310
WALL 21233789 1 0 1706904311
WALL 21233789 1 0 1706904312
WALL 21233789 1 0 1706904313
WALL 21233789 1 0 1706904314
WALL 21233789 1 0 1706904315
WALL 21233789 1 0 1706904316
WALL 21233789 1 0 1706904317
WALL 21233789 1 0 1706904318
WALL 21233789 1 0 1706904319
WALL 21233789 1 0 1706904320
WALL 21233789 1 0 1706904321
WALL 21233789 1 0 1706904322
WALL 21233789 1 0 1706904323
WALL 21233789 1 0 1706904324
WALL 21233789 1 0 1706904325
WALL 21233789 1 0 1706904326
WALL 21233789 1 0 1706904327
WALL 21233789 1 0 1706904328
WALL 21233789 1 0 1706904329
WALL 21233789 1 0 1706904330
WALL 21233789 1 0 1706904331
WALL 21233789 1 0 1706904332
WALL 21233789 1 0 1706904333
WALL 21233789 1 0 1706904334
WALL 21233789 1 0 1706904335
WALL 21233789 1 0 1706904336
WALL 21233789 1 0 1706904337
WALL 21233789 1 0 1706904338
WALL 21233789 1 0 1706904339
WALL 21233789 1 0 1706904340
WALL 21233789 1 0 1706904341
WALL 21233789 1 0 1706904342
WALL 21233789 1 0 1706904343
WALL 21233789 1 0 1706904344
WALL 21233789 1 0 1706904345
WALL 21233789 1 0 1706904346
WALL 21233789 1 0 1706904347
WALL 21233789 1 0 1706904348
WALL 21233789 1 0 1706904349
WALL 21233789 1 0 1706904350
WALL 21233789 1 0 1706904351
WALL 21233789 1 0 1706904352
WALL 21233789 1 0 1706904353
WALL 21233789 1 0 1706904354
WALL 21233789 1 0 1706904355
WALL 21233789 1 0 1706904356
WALL 21233789 1 0 1706904357
WALL 21233789 1 0 1706904358
WALL 21233789 1 0 1706904359
WALL 21233789 1 0 1706904360
WALL 21233789 1 0 1706904361
WALL 21233789 1 0 1706904362
WALL 21233789 1 0 1706904363
WALL 21233789 1 0 1706904364
WALL 21233789 1 0 1706904365
WALL 21233789 1 0 1706904366
WALL 21233789 1 0 1706904367
WALL 21233789 1 0 1706904368
WALL 21233789 1 0 1706904369
WALL 21233789 1 0 1706904370
WALL 21233789 1 0 1706904371
WALL 21233789 1 0 1706904372
WALL 21233789 1 0 1706904373
WALL 21233789 1 0 1706904374
WALL 21233789 1 0 1706904375
WALL 21233789 1 0 1706904376
WALL 21233789 1 0 1706904377
WALL 21233789 1 0 1706904378
WALL 21233789 1 0 1706904379
WALL 21233789 1 0 1706904380
WALL 21233789 1 0 1706904381
WALL 21233789 1 0 1706904382
WALL 21233789 1 0 1706904383
WALL 21233789 1 0 1706904384
WALL 21233789 1 0 1706904385
WALL 21233789 1 0 1706904386
WALL 21233789 1 0 1706904387
WALL 21233789 1 0 1706904388
WALL 21233789 1 0 1706904389
WALL 21233789 1 0 1706904390
WALL 21233789 1 0 1706904391
WALL 21233789 1 0 1706904392
WALL 21233789 1 0 1706904393
WALL 21233789 1 0 1706904394
WALL 21233789 1 0 1706904395
WALL 21233789 1 0 1706904396
WALL 21233789 1 0 1706904397
WALL 21233789 1 0 1706904398
WALL 21233789 1 0 1706904399
WALL 21233789 1 0 1706904400
WALL 21233789 1 0 1706904401
WALL 21233789 1 0 1706904402
WALL 21233789 1 0 1706904403
WALL 21233789 1 0 1706904404
WALL 21233789 1 0 1706904405
WALL 21233789 1 0 1706904406
WALL 21233789 1 0 1706904407
WALL 21233789 1 0 1706904408
WALL 21233789 1 0 1706904409
WALL 21233789 1 0 1706904410
WALL 21233789 1 0 1706904411
WALL 21233789 1 0 1706904412
WALL 21233789 1 0 1706904413
WALL 21233789 1 0 1706904414
WALL 21233789 1 0 1706904415
WALL 21233789 1 0 1706904416
WALL 21233789 1 0 1706904417
WALL 21233789 1 0 1706904418
WALL 21233789 1 0 1706904419
WALL 21233789 1 0 1706904420
WALL 21233789 1 0 1706904421
WALL 21233789 1 0 1706904422
WALL 21233789 1 0 1706904423
WALL 21233789 1 0 1706904424
WALL 21233789 1 0 1706904425
WALL 21233789 1 0 1706904426
WALL 21233789 1 0 1706904427
WALL 21233789 1 0 1706904428
WALL 21233789 1 0 1706904429
WALL 21233789 1 0 1706904430
WALL 21233789 1 0 1706904431
WALL 21233789 1 0 1706904432
WALL 21233789 1 0 1706904433
WALL 21233789 1 0 1706904434
WALL 21233789 1 0 1706904435
WALL 21233789 1 0 1706904436
WALL 21233789 1 0 1706904437
WALL 21233789 1 0 1706904438
WALL 21233789 1 0 1706904439
WALL 21233789 1 0 1706904440
WALL 21233789 1 0 1706904441
WALL 21233789 1 0 1706904442
WALL 21233789 1 0 1706904443
WALL 21233789 1 0 1706904444
WALL 21233789 1 0 1706904445
WALL 21233789 1 0 1706904446
WALL 21233789 1 0 1706904447
WALL 21233789 1 0 1706904448
WALL 21233789 1 0 1706904449
WALL 21233789 1 0 1706904450
WALL 21233789 1 0 1706904451
WALL 21233789 1 0 1706904452
WALL 21233789 1 0 1706904453
WALL 21233789 1 0 1706904454
WALL 21233789 1 0 1706904455
WALL 21233789 1 0 1706904456
WALL 21233789 1 0 1706904457
WALL 21233789 1 0 1706904458
WALL 21233789 1 0 1706904459
WALL 21233789 1 0 1706904460
WALL 21233789 1 0 1706904461
WALL 21233789 1 0 1706904462
WALL 21233789 1 0 1706904463
WALL 21233789 1 0 1706904464
WALL 21233789 1 0 1706904465
WALL 21233789 1 0 1706904466
WALL 21233789 1 0 1706904467
WALL 21233789 1 0 1706904468
WALL 21233789 1 0 1706904469
WALL 21233789 1 0 1706904470
WALL 21233789 1 0 1706904471
WALL 21233789 1 0 1706904472
WALL 21233789 1 0 1706904473
WALL 21233789 1 0 1706904474
WALL 21233789 1 0 1706904475
WALL 21233789 1 0 1706904476
WALL 21233789 1 0 1706904477
WALL 21233789 1 0 1706904478
WALL 21233789 1 0 1706904479
WALL 21233789 1 0 1706904480
WALL 21233789 1 0 1706904481
WALL 21233789 1 0 1706904482
WALL 21233789 1 0 1706904483
WALL 21233789 1 0 1706904484
WALL 21233789 1 0 1706904485
WALL 21233789 1 0 1706904486
WALL 21233789 1 0 1706904487
WALL 21233789 1 0 1706904488
WALL 21233789 1 0 1706904489
WALL 21233789 1 0 1706904490
WALL 21233789 1 0 1706904491
WALL 21233789 1 0 1706904492
WALL 21233789 1 0 1706904493
WALL 21233789 1 0 1706904494
WALL 21233789 1 0 1706904495
WALL 21233789 1 0 1706904496
WALL 21233789 1 0 1706904497
WALL 21233789 1 0 1706904498
WALL 21233789 1 0 1706904499
WALL 21233789 1 0 1706904500
WALL 21233789 1 0 1706904501
WALL 21233789 1 0 1706904502
WALL 21233789 1 0 1706904503
WALL 21233789 1 0 1706904504
WALL 21233789 1 0 1706904505
WALL 21233789 1 0 1706904506
WALL 21233789 1 0 1706904507
WALL 21233789 1 0 1706904508
WALL 21233789 1 0 1706904509
WALL 21233789 1 0 1706904510
WALL 21233789 1 0 1706904511
WALL 21233789 1 0 1706904512
WALL 21233789 1 0 1706904513
WALL 21233789 1 0 1706904514
WALL 21233789 1 0 1706904515
WALL 21233789 1 0 1706904516
WALL 21233789 1 0 1706904517
WALL 21233789 1 0 1706904518
WALL 21233789 1 0 1706904519
WALL 21233789 1 0 1706904520
WALL 21233789 1 0 1706904521
WALL 21233789 1 0 1706904522
WALL 21233789 1 0 1706904523
WALL 21233789 1 0 1706904524
WALL 21233789 1 0 1706904525
WALL 21233789 1 0 1706904526
WALL 21233789 1 0 1706904527
WALL 21233789 1 0 1706904528
WALL 21233789 1 0 1706904529
WALL 21233789 1 0 1706904530
WALL 21233789 1 0 1706904531
WALL 21233789 1 0 1706904532
WALL 21233789 1 0 1706904533
WALL 21233789 1 0 1706904534
WALL 21233789 1 0 1706904535
WALL 21233789 1 0 1706904536
WALL 21233789 1 0 1706904537
WALL 21233789 1 0 1706904538
WALL 21233789 1 0 1706904539
WALL 21233789 1 0 1706904540
WALL 21233789 1 0 1706904541
WALL 21233789 1 0 1706904542
WALL 21233789 1 0 1706904543
WALL 21233789 1 0 1706904544
WALL 21233789 1 0 1706904545
WALL 21233789 1 0 1706904546
WALL 21233789 1 0 1706904547
WALL 21233789 1 0 1706904548
WALL 21233789 1 0 1706904549
WALL 21233789 1 0 1706904550
WALL 21233789 1 0 1706904551
WALL 21233789 1 0 1706904552
WALL 21233789 1 0 1706904553
WALL 21233789 1 0 1706904554
WALL 21233789 1 0 1706904555
WALL 21233789 1 0 1706904556
WALL 21233789 1 0 1706904557
WALL 21233789 1 0 1706904558
WALL 21233789 1 0 1706904559
WALL 21233789 1 0 1706904560
WALL 21233789 1 0 1706904561
WALL 21233789 1 0 1706904562
WALL 21233789 1 0 1706904563
WALL 21233789 1 0 1706904564
WALL 21233789 1 0 1706904565
WALL 21233789 1 0 1706904566
WALL 21233789 1 0 1706904567
WALL 21233789 1 0 1706904568
WALL 21233789 1 0 1706904569
WALL 21233789 1 0 1706904570
WALL 21233789 1 0 1706904571
WALL 21233789 1 0 1706904572
WALL 21233789 1 0 1706904573
WALL 21233789 1 0 1706904574
WALL 21233789 1 0 1706904575
WALL 21233789 1 0 1706904576
WALL 21233789 1 0 1706904577
WALL 21233789 1 0 1706904578
WALL 21233789 1 0 1706904579
WALL 21233789 1 0 1706904580
WALL 21233789 1 0 1706904581
WALL 21233789 1 0 1706904582
WALL 21233789 1 0 1706904583
WALL 21233789 1 0 1706904584
WALL 21233789 1 0 1706904585
WALL 21233789 1 0 1706904586
WALL 21233789 1 0 1706904587
WALL 21233789 1 0 1706904588
WALL 21233789 1 0 1706904589
WALL 21233789 1 0 1706904590
WALL 21233789 1 0 1706904591
WALL 21233789 1 0 1706904592
WALL 21233789 1 0 1706904593
WALL 21233789 1 0 1706904594
WALL 21233789 1 0 1706904595
WALL 21233789 1 0 1706904596
WALL 21233789 1 0 1706904597
WALL 21233789 1 0 1706904598
WALL 21233789 1 0 1706904599
WALL 21233789 1 0 1706904600
WALL 21233789 1 0 1706904601
WALL 21233789 1 0 1706904602
WALL 21233789 1 0 1706904603
WALL 21233789 1 0 1706904604
WALL 21233789 1 0 1706904605
WALL 21233789 1 0 1706904606
WALL 21233789 1 0 1706904607
WALL 21233789 1 0 1706904608
WALL 21233789 1 0 1706904609
WALL 21233789 1 0 1706904610
WALL 21233789 1 0 1706904611
WALL 21233789 1 0 1706904612
WALL 21233789 1 0 1706904613
WALL 21233789 1 0 1706904614
WALL 21233789 1 0 1706904615
WALL 21233789 1 0 1706904616
WALL 21233789 1 0 1706904617
WALL 21233789 1 0 1706904618
WALL 21233789 1 0 1706904619
WALL 21233789 1 0 1706904620
WALL 21233789 1 0 1706904621
WALL 21233789 1 0 1706904622
WALL 21233789 1 0 1706904623
WALL 21233789 1 0 1706904624
WALL 21233789 1 0 1706904625
WALL 21233789 1 0 1706904626
WALL 21233789 1 0 1706904627
WALL 21233789 1 0 1706904628
WALL 21233789 1 0 1706904629
WALL 21233789 1 0 1706904630
WALL 21233789 1 0 1706904631
WALL 21233789 1 0 1706904632
WALL 21233789 1 0 1706904633
WALL 21233789 1 0 1706904634
WALL 21233789 1 0 1706904635
WALL 21233789 1 0 1706904636
WALL 21233789 1 0 1706904637
WALL 21233789 1 0 1706904638
WALL 21233789 1 0 1706904639
WALL 21233789 1 0 1706904640
WALL 21233789 1 0 1706904641
WALL 21233789 1 0 1706904642
WALL 21233789 1 0 1706904643
WALL 21233789 1 0 1706904644
WALL 21233789 1 0 1706904645
WALL 21233789 1 0 1706904646
WALL 21233789 1 0 1706904647
WALL 21233789 1 0 1706904648
WALL 21233789 1 0 1706904649
WALL 21233789 1 0 1706904650
WALL 21233789 1 0 1706904651
WALL 21233789 1 0 1706904652
WALL 21233789 1 0 1706904653
WALL 21233789 1 0 1706904654
WALL 21233789 1 0 1706904655
WALL 21233789 1 0 1706904656
WALL 21233789 1 0 1706904657
WALL 21233789 1 0 1706904658
WALL 21233789 1 0 1706904659
WALL 21233789 1 0 1706904660
WALL 21233789 1 0 1706904661
WALL 21233789 1 0 1706904662
WALL 21233789 1 0 1706904663
WALL 21233789 1 0 1706904664
WALL 21233789 1 0 1706904665
WALL 21233789 1 0 1706904666
WALL 21233789 1 0 1706904667
WALL 21233789 1 0 1706904668
WALL 21233789 1 0 1706904669
WALL 21233789 1 0 1706904670
WALL 21233789 1 0 1706904671
WALL 21233789 1 0 1706904672
WALL 21233789 1 0 1706904673
WALL 21233789 1 0 1706904674
WALL 21233789 1 0 1706904675
WALL 21233789 1 0 1706904676
WALL 21233789 1 0 1706904677
WALL 21233789 1 0 1706904678
WALL 21233789 1 0 1706904679
WALL 21233789 1 0 1706904680
WALL 21233789 1 0 1706904681
WALL 21233789 1 0 1706904682
WALL 21233789 1 0 1706904683
WALL 21233789 1 0 1706904684
WALL 21233789 1 0 1706904685
WALL 21233789 1 0 1706904686
WALL 21233789 1 0 1706904687
WALL 21233789 1 0 1706904688
WALL 21233789 1 0 1706904689
WALL 21233789 1 0 1706904690
WALL 21233789 1 0 1706904691
WALL 21233789 1 0 1706904692
WALL 21233789 1 0 1706904693
WALL 21233789 1 0 1706904694
WALL 21233789 1 0 1706904695
WALL 21233789 1 0 1706904696
WALL 21233789 1 0 1706904697
WALL 21233789 1 0 1706904698
WALL 21233789 1 0 1706904699
WALL 21233789 1 0 1706904700
WALL 21233789 1 0 1706904701
WALL 21233789 1 0 1706904702
WALL 21233789 1 0 1706904703
WALL 21233789 1 0 1706904704
WALL 21233789 1 0 1706904705
WALL 21233789 1 0 1706904706
WALL 21233789 1 0 1706904707
WALL 21233789 1 0 1706904708
WALL 21233789 1 0 1706904709
WALL 21233789 1 0 1706904710
WALL 21233789 1 0 1706904711
WALL 21233789 1 0 1706904712
WALL 21233789 1 0 1706904713
WALL 21233789 1 0 1706904714
WALL 21233789 1 0 1706904715
WALL 21233789 1 0 1706904716
WALL 21233789 1 0 1706904717
WALL 21233789 1 0 1706904718
WALL 21233789 1 0 1706904719
WALL 21233789 1 0 1706904720
WALL 21233789 1 0 1706904721
WALL 21233789 1 0 1706904722
WALL 21233789 1 0 1706904723
WALL 21233789 1 0 1706904724
WALL 21233789 1 0 1706904725
WALL 21233789 1 0 1706904726
WALL 21233789 1 0 1706904727
WALL 21233789 1 0 1706904728
WALL 21233789 1 0 1706904729
WALL 21233789 1 0 1706904730
WALL 21233789 1 0 1706904731
WALL 21233789 1 0 1706904732
WALL 21233789 1 0 1706904733
WALL 21233789 1 0 1706904734
WALL 21233789 1 0 1706904735
WALL 21233789 1 0 1706904736
WALL 21233789 1 0 1706904737
WALL 21233789 1 0 1706904738
WALL 21233789 1 0 1706904739
WALL 21233789 1 0 1706904740
WALL 21233789 1 0 1706904741
WALL 21233789 1 0 1706904742
WALL 21233789 1 0 1706904743
WALL 21233789 1 0 1706904744
WALL 21233789 1 0 1706904745
WALL 21233789 1 0 1706904746
WALL 21233789 1 0 1706904747
WALL 21233789 1 0 1706904748
WALL 21233789 1 0 1706904749
WALL 21233789 1 0 1706904750
WALL 21233789 1 0 1706904751
WALL 21233789 1 0 1706904752
WALL 21233789 1 0 1706904753
WALL 21233789 1 0 1706904754
WALL 21233789 1 0 1706904755
WALL 21233789 1 0 1706904756
WALL 21233789 1 0 1706904757
WALL 21233789 1 0 1706904758
WALL 21233789 1 0 1706904759
WALL 21233789 1 0 1706904760
WALL 21233789 1 0 1706904761
WALL 21233789 1 0 1706904762
WALL 21233789 1 0 1706904763
WALL 21233789 1 0 1706904764
WALL 21233789 1 0 1706904765
WALL 21233789 1 0 1706904766
WALL 21233789 1 0 1706904767
WALL 21233789 1 0 1706904768
WALL 21233789 1 0 1706904769
WALL 21233789 1 0 1706904770
WALL 21233789 1 0 1706904771
WALL 21233789 1 0 1706904772
WALL 21233789 1 0 1706904773
WALL 21233789 1 0 1706904774
WALL 21233789 1 0 1706904775
WALL 21233789 1 0 1706904776
WALL 21233789 1 0 1706904777
WALL 21233789 1 0 1706904778
WALL 21233789 1 0 1706904779
WALL 21233789 1 0 1706904780
WALL 21233789 1 0 1706904781
WALL 21233789 1 0 1706904782
WALL 21233789 1 0 1706904783
WALL 21233789 1 0 1706904784
WALL 21233789 1 0 1706904785
WALL 21233789 1 0 1706904786
WALL 21233789 1 0 1706904787
WALL 21233789 1 0 1706904788
WALL 21233789 1 0 1706904789
WALL 21233789 1 0 1706904790
WALL 21233789 1 0 1706904791
WALL 21233789 1 0 1706904792
WALL 21233789 1 0 1706904793
WALL 21233789 1 0 1706904794
WALL 21233789 1 0 1706904795
WALL 21233789 1 0 1706904796
WALL 21233789 1 0 1706904797
WALL 21233789 1 0 1706904798
WALL 21233789 1 0 1706904799
WALL 21233789 1 0 1706904800
WALL 21233789 1 0 1706904801
WALL 21233789 1 0 1706904802
WALL 21233789 1 0 1706904803
WALL 21233789 1 0 1706904804
WALL 21233789 1 0 1706904805
WALL 21233789 1 0 1706904806
WALL 21233789 1 0 1706904807
WALL 21233789 1 0 1706904808
WALL 21233789 1 0 1706904809
WALL 21233789 1 0 1706904810
WALL 21233789 1 0 1706904811
WALL 21233789 1 0 1706904812
WALL 21233789 1 0 1706904813
WALL 21233789 1 0 1706904814
WALL 21233789 1 0 1706904815
WALL 21233789 1 0 1706904816
WALL 21233789 1 0 1706904817
WALL 21233789 1 0 1706904818
WALL 21233789 1 0 1706904819
WALL 21233789 1 0 1706904820
WALL 21233789 1 0 1706904821
WALL 21233789 1 0 1706904822
WALL 21233789 1 0 1706904823
WALL 21233789 1 0 1706904824
WALL 21233789 1 0 1706904825
WALL 21233789 1 0 1706904826
WALL 21233789 1 0 1706904827
WALL 21233789 1 0 1706904828
WALL 21233789 1 0 1706904829
WALL 21233789 1 0 1706904830
WALL 21233789 1 0 1706904831
WALL 21233789 1 0 1706904832
WALL 21233789 1 0 1706904833
WALL 21233789 1 0 1706904834
WALL 21233789 1 0 1706904835
WALL 21233789 1 0 1706904836
WALL 21233789 1 0 1706904837
WALL 21233789 1 0 1706904838
WALL 21233789 1 0 1706904839
WALL 21233789 1 0 1706904840
WALL 21233789 1 0 1706904841
WALL 21233789 1 0 1706904842
WALL 21233789 1 0 1706904843
WALL 21233789 1 0 1706904844
WALL 21233789 1 0 1706904845
WALL 21233789 1 0 1706904846
WALL 21233789 1 0 1706904847
WALL 21233789 1 0 1706904848
WALL 21233789 1 0 1706904849
WALL 21233789 1 0 1706904850
WALL 21233789 1 0 1706904851
WALL 21233789 1 0 1706904852
WALL 21233789 1 0 1706904853
WALL 21233789 1 0 1706904854
WALL 21233789 1 0 1706904855
WALL 21233789 1 0 1706904856
WALL 21233789 1 0 1706904857
WALL 21233789 1 0 1706904858
WALL 21233789 1 0 1706904859
WALL 21233789 1 0 1706904860
WALL 21233789 1 0 1706904861
WALL 21233789 1 0 1706904862
WALL 21233789 1 0 1706904863
WALL 21233789 1 0 1706904864
WALL 21233789 1 0 1706904865
WALL 21233789 1 0 1706904866
WALL 21233789 1 0 1706904867
WALL 21233789 1 0 1706904868
WALL 21233789 1 0 1706904869
WALL 21233789 1 0 1706904870
WALL 21233789 1 0 1706904871
WALL 21233789 1 0 1706904872
WALL 21233789 1 0 1706904873
WALL 21233789 1 0 1706904874
WALL 21233789 1 0 1706904875
WALL 21233789 1 0 1706904876
WALL 21233789 1 0 1706904877
WALL 21233789 1 0 1706904878
WALL 21233789 1 0 1706904879
WALL 21233789 1 0 1706904880
WALL 21233789 1 0 1706904881
WALL 21233789 1 0 1706904882
WALL 21233789 1 0 1706904883
WALL 21233789 1 0 1706904884
WALL 21233789 1 0 1706904885
WALL 21233789 1 0 1706904886
WALL 21233789 1 0 1706904887
WALL 21233789 1 0 1706904888
WALL 21233789 1 0 1706904889
WALL 21233789 1 0 1706904890
WALL 21233789 1 0 1706904891
WALL 21233789 1 0 1706904892
WALL 21233789 1 0 1706904893
WALL 21233789 1 0 1706904894
WALL 21233789 1 0 1706904895
WALL 21233789 1 0 1706904896
WALL 21233789 1 0 1706904897
WALL 21233789 1 0 1706904898
WALL 21233789 1 0 1706904899
WALL 21233789 1 0 1706904900
WALL 21233789 1 0 1706904901
WALL 21233789 1 0 1706904902
WALL 21233789 1 0 1706904903
WALL 21233789 1 0 1706904904
WALL 21233789 1 0 1706904905
WALL 21233789 1 0 1706904906
WALL 21233789 1 0 1706904907
WALL 21233789 1 0 1706904908
WALL 21233789 1 0 1706904909
WALL 21233789 1 0 1706904910
WALL 21233789 1 0 1706904911
WALL 21233789 1 0 1706904912
WALL 21233789 1 0 1706904913
WALL 21233789 1 0 1706904914
WALL 21233789 1 0 1706904915
WALL 21233789 1 0 1706904916
WALL 21233789 1 0 1706904917
WALL 21233789 1 0 1706904918
WALL 21233789 1 0 1706904919
WALL 21233789 1 0 1706904920
WALL 21233789 1 0 1706904921
WALL 21233789 1 0 1706904922
WALL 21233789 1 0 1706904923
WALL 21233789 1 0 1706904924
WALL 21233789 1 0 1706904925
WALL 21233789 1 0 1706904926
WALL 21233789 1 0 1706904927
WALL 21233789 1 0 1706904928
WALL 21233789 1 0 1706904929
WALL 21233789 1 0 1706904930
WALL 21233789 1 0 1706904931
WALL 21233789 1 0 1706904932
WALL 21233789 1 0 1706904933
WALL 21233789 1 0 1706904934
WALL 21233789 1 0 1706904935
WALL 21233789 1 0 1706904936
WALL 21233789 1 0 1706904937
WALL 21233789 1 0 1706904938
WALL 21233789 1 0 1706904939
WALL 21233789 1 0 1706904940
WALL 21233789 1 0 1706904941
WALL 21233789 1 0 1706904942
WALL 21233789 1 0 1706904943
WALL 21233789 1 0 1706904944
WALL 21233789 1 0 1706904945
WALL 21233789 1 0 1706904946
WALL 21233789 1 0 1706904947
WALL 21233789 1 0 1706904948
WALL 21233789 1 0 1706904949
WALL 21233789 1 0 1706904950
WALL 21233789 1 0 1706904951
WALL 21233789 1 0 1706904952
WALL 21233789 1 0 1706904953
WALL 21233789 1 0 1706904954
WALL 21233789 1 0 1706904955
WALL 21233789 1 0 1706904956
WALL 21233789 1 0 1706904957
WALL 21233789 1 0 1706904958
WALL 21233789 1 0 1706904959
WALL 21233789 1 0 1706904960
WALL 21233789 1 0 1706904961
WALL 21233789 1 0 1706904962
WALL 21233789 1 0 1706904963
WALL 21233789 1 0 1706904964
WALL 21233789 1 0 1706904965
WALL 21233789 1 0 1706904966
WALL 21233789 1 0 1706904967
WALL 21233789 1 0 1706904968
WALL 21233789 1 0 1706904969
WALL 21233789 1 0 1706904970
WALL 21233789 1 0 1706904971
WALL 21233789 1 0 1706904972
WALL 21233789 1 0 1706904973
WALL 21233789 1 0 1706904974
WALL 21233789 1 0 1706904975
WALL 21233789 1 0 1706904976
WALL 21233789 1 0 1706904977
WALL 21233789 1 0 1706904978
WALL 21233789 1 0 1706904979
WALL 21233789 1 0 1706904980
WALL 21233789 1 0 1706904981
WALL 21233789 1 0 1706904982
WALL 21233789 1 0 1706904983
WALL 21233789 1 0 1706904984
WALL 21233789 1 0 1706904985
WALL 21233789 1 0 1706904986
WALL 21233789 1 0 1706904987
WALL 21233789 1 0 1706904988
WALL 21233789 1 0 1706904989
WALL 21233789 1 0 1706904990
WALL 21233789 1 0 1706904991
WALL 21233789 1 0 1706904992
WALL 21233789 1 0 1706904993
WALL 21233789 1 0 1706904994
WALL 21233789 1 0 1706904995
WALL 21233789 1 0 1706904996
WALL 21233789 1 0 1706904997
WALL 21233789 1 0 1706904998
WALL 21233789 1 0 1706904999
WALL 21233789 1 0 1706905000
WALL 21233789 1 0 1706905001
WALL 21233789 1 0 1706905002
WALL 21233789 1 0 1706905003
WALL 21233789 1 0 1706905004
WALL 21233789 1 0 1706905005
WALL 21233789 1 0 1706905006
WALL 21233789 1 0 1706905007
WALL 21233789 1 0 1706905008
WALL 21233789 1 0 1706905009
WALL 21233789 1 0 1706905010
WALL 21233789 1 0 1706905011
WALL 21233789 1 0 1706905012
WALL 21233789 1 0 1706905013
WALL 21233789 1 0 1706905014
WALL 21233789 1 0 1706905015
WALL 21233789 1 0 1706905016
WALL 21233789 1 0 1706905017
WALL 21233789 1 0 1706905018
WALL 21233789 1 0 1706905019
WALL 21233789 1 0 1706905020
WALL 21233789 1 0 1706905021
WALL 21233789 1 0 1706905022
WALL 21233789 1 0 1706905023
WALL 21233789 1 0 1706905024
WALL 21233789 1 0 1706905025
WALL 21233789 1 0 1706905026
WALL 21233789 1 0 1706905027
WALL 21233789 1 0 1706905028
WALL 21233789 1 0 1706905029
WALL 21233789 1 0 1706905030
WALL 21233789 1 0 1706905031
WALL 21233789 1 0 1706905032
WALL 21233789 1 0 1706905033
WALL 21233789 1 0 1706905034
WALL 21233789 1 0 1706905035
WALL 21233789 1 0 1706905036
WALL 21233789 1 0 1706905037
WALL 21233789 1 0 1706905038
WALL 21233789 1 0 1706905039
WALL 21233789 1 0 1706905040
WALL 21233789 1 0 1706905041
WALL 21233789 1 0 1706905042
WALL 21233789 1 0 1706905043
WALL 21233789 1 0 1706905044
WALL 21233789 1 0 1706905045
WALL 21233789 1 0 1706905046
WALL 21233789 1 0 1706905047
WALL 21233789 1 0 1706905048
WALL 21233789 1 0 1706905049
WALL 21233789 1 0 1706905050
WALL 21233789 1 0 1706905051
WALL 21233789 1 0 1706905052
WALL 21233789 1 0 1706905053
WALL 21233789 1 0 1706905054
WALL 21233789 1 0 1706905055
WALL 21233789 1 0 1706905056
WALL 21233789 1 0 1706905057
WALL 21233789 1 0 1706905058
WALL 21233789 1 0 1706905059
WALL 21233789 1 0 1706905060
WALL 21233789 1 0 1706905061
WALL 21233789 1 0 1706905062
WALL 21233789 1 0 1706905063
WALL 21233789 1 0 1706905064
WALL 21233789 1 0 1706905065
WALL 21233789 1 0 1706905066
WALL 21233789 1 0 1706905067
WALL 21233789 1 0 1706905068
WALL 21233789 1 0 1706905069
WALL 21233789 1 0 1706905070
WALL 21233789 1 0 1706905071
WALL 21233789 1 0 1706905072
WALL 21233789 1 0 1706905073
WALL 21233789 1 0 1706905074
WALL 21233789 1 0 1706905075
WALL 21233789 1 0 1706905076
WALL 21233789 1 0 1706905077
WALL 21233789 1 0 1706905078
WALL 21233789 1 0 1706905079
WALL 21233789 1 0 1706905080
WALL 21233789 1 0 1706905081
WALL 21233789 1 0 1706905082
WALL 21233789 1 0 1706905083
WALL 21233789 1 0 1706905084
WALL 21233789 1 0 1706905085
WALL 21233789 1 0 1706905086
WALL 21233789 1 0 1706905087
WALL 21233789 1 0 1706905088
WALL 21233789 1 0 1706905089
WALL 21233789 1 0 1706905090
WALL 21233789 1 0 1706905091
WALL 21233789 1 0 1706905092
WALL 21233789 1 0 1706905093
WALL 21233789 1 0 1706905094
WALL 21233789 1 0 1706905095
WALL 21233789 1 0 1706905096
WALL 21233789 1 0 1706905097
WALL 21233789 1 0 1706905098
WALL 21233789 1 0 1706905099
WALL 21233789 1 0 1706905100
WALL 21233789 1 0 1706905101
WALL 21233789 1 0 1706905102
WALL 21233789 1 0 1706905103
WALL 21233789 1 0 1706905104
WALL 21233789 1 0 1706905105
WALL 21233789 1 0 1706905106
WALL 21233789 1 0 1706905107
WALL 21233789 1 0 1706905108
WALL 21233789 1 0 1706905109
WALL 21233789 1 0 1706905110
WALL 21233789 1 0 1706905111
WALL 21233789 1 0 1706905112
WALL 21233789 1 0 1706905113
WALL 21233789 1 0 1706905114
WALL 21233789 1 0 1706905115
WALL 21233789 1 0 1706905116
WALL 21233789 1 0 1706905117
WALL 21233789 1 0 1706905118
WALL 21233789 1 0 1706905119
WALL 21233789 1 0 1706905120
WALL 21233789 1 0 1706905121
WALL 21233789 1 0 1706905122
WALL 21233789 1 0 1706905123
WALL 21233789 1 0 1706905124
WALL 21233789 1 0 1706905125
WALL 21233789 1 0 1706905126
WALL 21233789 1 0 1706905127
WALL 21233789 1 0 1706905128
WALL 21233789 1 0 1706905129
WALL 21233789 1 0 1706905130
WALL 21233789 1 0 1706905131
WALL 21233789 1 0 1706905132
WALL 21233789 1 0 1706905133
WALL 21233789 1 0 1706905134
WALL 21233789 1 0 1706905135
WALL 21233789 1 0 1706905136
WALL 21233789 1 0 1706905137
srun: Job step aborted: Waiting up to 32 seconds for job step to finish.
received SIGCONT 1706905138
WALL 21233789 1 0 1706905138
slurmstepd: error: *** STEP 21233789.0 ON nid200042 CANCELLED AT 2024-02-02T20:18:58 ***
received SIGTERM 1706905138
WALL 21233789 1 0 1706905138
slurmstepd: error: *** JOB 21233789 ON nid200042 CANCELLED AT 2024-02-02T20:18:58 ***
