WALL 21153228 1 0 1706741818
WALL 21153228 1 0 1706741819
WALL 21153228 1 0 1706741820
WALL 21153228 1 0 1706741821
WALL 21153228 1 0 1706741822
WALL 21153228 1 0 1706741823
WALL 21153228 1 0 1706741824
WALL 21153228 1 0 1706741825
WALL 21153228 1 0 1706741826
WALL 21153228 1 0 1706741827
WALL 21153228 1 0 1706741828
WALL 21153228 1 0 1706741829
WALL 21153228 1 0 1706741830
WALL 21153228 1 0 1706741831
WALL 21153228 1 0 1706741832
WALL 21153228 1 0 1706741833
WALL 21153228 1 0 1706741834
WALL 21153228 1 0 1706741835
WALL 21153228 1 0 1706741836
WALL 21153228 1 0 1706741837
WALL 21153228 1 0 1706741838
WALL 21153228 1 0 1706741839
WALL 21153228 1 0 1706741840
WALL 21153228 1 0 1706741841
WALL 21153228 1 0 1706741842
WALL 21153228 1 0 1706741843
WALL 21153228 1 0 1706741844
WALL 21153228 1 0 1706741845
WALL 21153228 1 0 1706741846
WALL 21153228 1 0 1706741847
WALL 21153228 1 0 1706741848
WALL 21153228 1 0 1706741849
WALL 21153228 1 0 1706741850
WALL 21153228 1 0 1706741851
WALL 21153228 1 0 1706741852
WALL 21153228 1 0 1706741853
WALL 21153228 1 0 1706741854
WALL 21153228 1 0 1706741855
WALL 21153228 1 0 1706741856
WALL 21153228 1 0 1706741857
WALL 21153228 1 0 1706741858
WALL 21153228 1 0 1706741859
WALL 21153228 1 0 1706741860
WALL 21153228 1 0 1706741861
WALL 21153228 1 0 1706741862
WALL 21153228 1 0 1706741863
WALL 21153228 1 0 1706741864
WALL 21153228 1 0 1706741865
WALL 21153228 1 0 1706741866
WALL 21153228 1 0 1706741867
WALL 21153228 1 0 1706741868
WALL 21153228 1 0 1706741869
WALL 21153228 1 0 1706741870
WALL 21153228 1 0 1706741871
WALL 21153228 1 0 1706741872
WALL 21153228 1 0 1706741873
WALL 21153228 1 0 1706741874
WALL 21153228 1 0 1706741875
WALL 21153228 1 0 1706741876
WALL 21153228 1 0 1706741877
WALL 21153228 1 0 1706741878
WALL 21153228 1 0 1706741879
WALL 21153228 1 0 1706741880
WALL 21153228 1 0 1706741881
WALL 21153228 1 0 1706741882
WALL 21153228 1 0 1706741883
WALL 21153228 1 0 1706741884
WALL 21153228 1 0 1706741885
WALL 21153228 1 0 1706741886
WALL 21153228 1 0 1706741887
WALL 21153228 1 0 1706741888
WALL 21153228 1 0 1706741889
WALL 21153228 1 0 1706741890
WALL 21153228 1 0 1706741891
WALL 21153228 1 0 1706741892
WALL 21153228 1 0 1706741893
WALL 21153228 1 0 1706741894
WALL 21153228 1 0 1706741895
WALL 21153228 1 0 1706741896
WALL 21153228 1 0 1706741897
WALL 21153228 1 0 1706741898
WALL 21153228 1 0 1706741899
WALL 21153228 1 0 1706741900
WALL 21153228 1 0 1706741901
WALL 21153228 1 0 1706741902
WALL 21153228 1 0 1706741903
WALL 21153228 1 0 1706741904
WALL 21153228 1 0 1706741905
WALL 21153228 1 0 1706741906
WALL 21153228 1 0 1706741907
WALL 21153228 1 0 1706741908
WALL 21153228 1 0 1706741909
WALL 21153228 1 0 1706741910
WALL 21153228 1 0 1706741911
WALL 21153228 1 0 1706741912
WALL 21153228 1 0 1706741913
WALL 21153228 1 0 1706741914
WALL 21153228 1 0 1706741915
WALL 21153228 1 0 1706741916
WALL 21153228 1 0 1706741917
WALL 21153228 1 0 1706741918
WALL 21153228 1 0 1706741919
WALL 21153228 1 0 1706741920
WALL 21153228 1 0 1706741921
WALL 21153228 1 0 1706741922
WALL 21153228 1 0 1706741923
WALL 21153228 1 0 1706741924
WALL 21153228 1 0 1706741925
WALL 21153228 1 0 1706741926
WALL 21153228 1 0 1706741927
WALL 21153228 1 0 1706741928
WALL 21153228 1 0 1706741929
WALL 21153228 1 0 1706741930
WALL 21153228 1 0 1706741931
WALL 21153228 1 0 1706741932
WALL 21153228 1 0 1706741933
WALL 21153228 1 0 1706741934
WALL 21153228 1 0 1706741935
WALL 21153228 1 0 1706741936
WALL 21153228 1 0 1706741937
WALL 21153228 1 0 1706741938
WALL 21153228 1 0 1706741939
WALL 21153228 1 0 1706741940
WALL 21153228 1 0 1706741941
WALL 21153228 1 0 1706741942
WALL 21153228 1 0 1706741943
WALL 21153228 1 0 1706741944
WALL 21153228 1 0 1706741945
WALL 21153228 1 0 1706741946
WALL 21153228 1 0 1706741947
WALL 21153228 1 0 1706741948
WALL 21153228 1 0 1706741949
WALL 21153228 1 0 1706741950
WALL 21153228 1 0 1706741951
WALL 21153228 1 0 1706741952
WALL 21153228 1 0 1706741953
WALL 21153228 1 0 1706741954
WALL 21153228 1 0 1706741955
WALL 21153228 1 0 1706741956
WALL 21153228 1 0 1706741957
WALL 21153228 1 0 1706741958
WALL 21153228 1 0 1706741959
WALL 21153228 1 0 1706741960
WALL 21153228 1 0 1706741961
WALL 21153228 1 0 1706741962
WALL 21153228 1 0 1706741963
WALL 21153228 1 0 1706741964
WALL 21153228 1 0 1706741965
WALL 21153228 1 0 1706741966
WALL 21153228 1 0 1706741967
WALL 21153228 1 0 1706741968
WALL 21153228 1 0 1706741969
WALL 21153228 1 0 1706741970
WALL 21153228 1 0 1706741971
WALL 21153228 1 0 1706741972
WALL 21153228 1 0 1706741973
WALL 21153228 1 0 1706741974
WALL 21153228 1 0 1706741975
WALL 21153228 1 0 1706741976
WALL 21153228 1 0 1706741977
WALL 21153228 1 0 1706741978
WALL 21153228 1 0 1706741979
WALL 21153228 1 0 1706741980
WALL 21153228 1 0 1706741981
WALL 21153228 1 0 1706741982
WALL 21153228 1 0 1706741983
WALL 21153228 1 0 1706741984
WALL 21153228 1 0 1706741985
WALL 21153228 1 0 1706741986
WALL 21153228 1 0 1706741987
WALL 21153228 1 0 1706741988
WALL 21153228 1 0 1706741989
WALL 21153228 1 0 1706741990
WALL 21153228 1 0 1706741991
WALL 21153228 1 0 1706741992
WALL 21153228 1 0 1706741993
WALL 21153228 1 0 1706741994
WALL 21153228 1 0 1706741995
WALL 21153228 1 0 1706741996
WALL 21153228 1 0 1706741997
WALL 21153228 1 0 1706741998
WALL 21153228 1 0 1706741999
WALL 21153228 1 0 1706742000
WALL 21153228 1 0 1706742001
WALL 21153228 1 0 1706742002
WALL 21153228 1 0 1706742003
WALL 21153228 1 0 1706742004
WALL 21153228 1 0 1706742005
WALL 21153228 1 0 1706742006
WALL 21153228 1 0 1706742007
WALL 21153228 1 0 1706742008
WALL 21153228 1 0 1706742009
WALL 21153228 1 0 1706742010
WALL 21153228 1 0 1706742011
WALL 21153228 1 0 1706742012
WALL 21153228 1 0 1706742013
WALL 21153228 1 0 1706742014
WALL 21153228 1 0 1706742015
WALL 21153228 1 0 1706742016
WALL 21153228 1 0 1706742017
WALL 21153228 1 0 1706742018
WALL 21153228 1 0 1706742019
WALL 21153228 1 0 1706742020
WALL 21153228 1 0 1706742021
WALL 21153228 1 0 1706742022
WALL 21153228 1 0 1706742023
WALL 21153228 1 0 1706742024
WALL 21153228 1 0 1706742025
WALL 21153228 1 0 1706742026
WALL 21153228 1 0 1706742027
WALL 21153228 1 0 1706742028
WALL 21153228 1 0 1706742029
WALL 21153228 1 0 1706742030
WALL 21153228 1 0 1706742031
WALL 21153228 1 0 1706742032
WALL 21153228 1 0 1706742033
WALL 21153228 1 0 1706742034
WALL 21153228 1 0 1706742035
WALL 21153228 1 0 1706742036
WALL 21153228 1 0 1706742037
WALL 21153228 1 0 1706742038
WALL 21153228 1 0 1706742039
WALL 21153228 1 0 1706742040
WALL 21153228 1 0 1706742041
WALL 21153228 1 0 1706742042
WALL 21153228 1 0 1706742043
WALL 21153228 1 0 1706742044
WALL 21153228 1 0 1706742045
WALL 21153228 1 0 1706742046
WALL 21153228 1 0 1706742047
WALL 21153228 1 0 1706742048
WALL 21153228 1 0 1706742049
WALL 21153228 1 0 1706742050
WALL 21153228 1 0 1706742051
WALL 21153228 1 0 1706742052
WALL 21153228 1 0 1706742053
WALL 21153228 1 0 1706742054
WALL 21153228 1 0 1706742055
WALL 21153228 1 0 1706742056
WALL 21153228 1 0 1706742057
WALL 21153228 1 0 1706742058
WALL 21153228 1 0 1706742059
WALL 21153228 1 0 1706742060
WALL 21153228 1 0 1706742061
WALL 21153228 1 0 1706742062
WALL 21153228 1 0 1706742063
WALL 21153228 1 0 1706742064
WALL 21153228 1 0 1706742065
WALL 21153228 1 0 1706742066
WALL 21153228 1 0 1706742067
WALL 21153228 1 0 1706742068
WALL 21153228 1 0 1706742069
WALL 21153228 1 0 1706742070
WALL 21153228 1 0 1706742071
WALL 21153228 1 0 1706742072
WALL 21153228 1 0 1706742073
WALL 21153228 1 0 1706742074
WALL 21153228 1 0 1706742075
WALL 21153228 1 0 1706742076
WALL 21153228 1 0 1706742077
WALL 21153228 1 0 1706742078
WALL 21153228 1 0 1706742079
WALL 21153228 1 0 1706742080
WALL 21153228 1 0 1706742081
WALL 21153228 1 0 1706742082
WALL 21153228 1 0 1706742083
WALL 21153228 1 0 1706742084
WALL 21153228 1 0 1706742085
WALL 21153228 1 0 1706742086
WALL 21153228 1 0 1706742087
WALL 21153228 1 0 1706742088
WALL 21153228 1 0 1706742089
WALL 21153228 1 0 1706742090
WALL 21153228 1 0 1706742091
WALL 21153228 1 0 1706742092
WALL 21153228 1 0 1706742093
WALL 21153228 1 0 1706742094
WALL 21153228 1 0 1706742095
WALL 21153228 1 0 1706742096
WALL 21153228 1 0 1706742097
WALL 21153228 1 0 1706742098
WALL 21153228 1 0 1706742099
WALL 21153228 1 0 1706742100
WALL 21153228 1 0 1706742101
WALL 21153228 1 0 1706742102
WALL 21153228 1 0 1706742103
WALL 21153228 1 0 1706742104
WALL 21153228 1 0 1706742105
WALL 21153228 1 0 1706742106
WALL 21153228 1 0 1706742107
WALL 21153228 1 0 1706742108
WALL 21153228 1 0 1706742109
WALL 21153228 1 0 1706742110
WALL 21153228 1 0 1706742111
WALL 21153228 1 0 1706742112
WALL 21153228 1 0 1706742113
WALL 21153228 1 0 1706742114
WALL 21153228 1 0 1706742115
WALL 21153228 1 0 1706742116
WALL 21153228 1 0 1706742117
WALL 21153228 1 0 1706742118
WALL 21153228 1 0 1706742119
WALL 21153228 1 0 1706742120
WALL 21153228 1 0 1706742121
WALL 21153228 1 0 1706742122
WALL 21153228 1 0 1706742123
WALL 21153228 1 0 1706742124
WALL 21153228 1 0 1706742125
WALL 21153228 1 0 1706742126
WALL 21153228 1 0 1706742127
WALL 21153228 1 0 1706742128
WALL 21153228 1 0 1706742129
WALL 21153228 1 0 1706742130
WALL 21153228 1 0 1706742131
WALL 21153228 1 0 1706742132
WALL 21153228 1 0 1706742133
WALL 21153228 1 0 1706742134
WALL 21153228 1 0 1706742135
WALL 21153228 1 0 1706742136
WALL 21153228 1 0 1706742137
WALL 21153228 1 0 1706742138
WALL 21153228 1 0 1706742139
WALL 21153228 1 0 1706742140
WALL 21153228 1 0 1706742141
WALL 21153228 1 0 1706742142
WALL 21153228 1 0 1706742143
WALL 21153228 1 0 1706742144
WALL 21153228 1 0 1706742145
WALL 21153228 1 0 1706742146
WALL 21153228 1 0 1706742147
WALL 21153228 1 0 1706742148
WALL 21153228 1 0 1706742149
WALL 21153228 1 0 1706742150
WALL 21153228 1 0 1706742151
WALL 21153228 1 0 1706742152
WALL 21153228 1 0 1706742153
WALL 21153228 1 0 1706742154
WALL 21153228 1 0 1706742155
WALL 21153228 1 0 1706742156
WALL 21153228 1 0 1706742157
WALL 21153228 1 0 1706742158
WALL 21153228 1 0 1706742159
WALL 21153228 1 0 1706742160
WALL 21153228 1 0 1706742161
WALL 21153228 1 0 1706742162
WALL 21153228 1 0 1706742163
WALL 21153228 1 0 1706742164
WALL 21153228 1 0 1706742165
WALL 21153228 1 0 1706742166
WALL 21153228 1 0 1706742167
WALL 21153228 1 0 1706742168
WALL 21153228 1 0 1706742169
WALL 21153228 1 0 1706742170
WALL 21153228 1 0 1706742171
WALL 21153228 1 0 1706742172
WALL 21153228 1 0 1706742173
WALL 21153228 1 0 1706742174
WALL 21153228 1 0 1706742175
WALL 21153228 1 0 1706742176
WALL 21153228 1 0 1706742177
WALL 21153228 1 0 1706742178
WALL 21153228 1 0 1706742179
WALL 21153228 1 0 1706742180
WALL 21153228 1 0 1706742181
WALL 21153228 1 0 1706742182
WALL 21153228 1 0 1706742183
WALL 21153228 1 0 1706742184
WALL 21153228 1 0 1706742185
WALL 21153228 1 0 1706742186
WALL 21153228 1 0 1706742187
WALL 21153228 1 0 1706742188
WALL 21153228 1 0 1706742189
WALL 21153228 1 0 1706742190
WALL 21153228 1 0 1706742191
WALL 21153228 1 0 1706742192
WALL 21153228 1 0 1706742193
WALL 21153228 1 0 1706742194
WALL 21153228 1 0 1706742195
WALL 21153228 1 0 1706742196
WALL 21153228 1 0 1706742197
WALL 21153228 1 0 1706742198
WALL 21153228 1 0 1706742199
WALL 21153228 1 0 1706742200
WALL 21153228 1 0 1706742201
WALL 21153228 1 0 1706742202
WALL 21153228 1 0 1706742203
WALL 21153228 1 0 1706742204
WALL 21153228 1 0 1706742205
WALL 21153228 1 0 1706742206
WALL 21153228 1 0 1706742207
WALL 21153228 1 0 1706742208
WALL 21153228 1 0 1706742209
WALL 21153228 1 0 1706742210
WALL 21153228 1 0 1706742211
WALL 21153228 1 0 1706742212
WALL 21153228 1 0 1706742213
WALL 21153228 1 0 1706742214
WALL 21153228 1 0 1706742215
WALL 21153228 1 0 1706742216
WALL 21153228 1 0 1706742217
WALL 21153228 1 0 1706742218
WALL 21153228 1 0 1706742219
WALL 21153228 1 0 1706742220
WALL 21153228 1 0 1706742221
WALL 21153228 1 0 1706742222
WALL 21153228 1 0 1706742223
WALL 21153228 1 0 1706742224
WALL 21153228 1 0 1706742225
WALL 21153228 1 0 1706742226
WALL 21153228 1 0 1706742227
WALL 21153228 1 0 1706742228
WALL 21153228 1 0 1706742229
WALL 21153228 1 0 1706742230
WALL 21153228 1 0 1706742231
WALL 21153228 1 0 1706742232
WALL 21153228 1 0 1706742233
WALL 21153228 1 0 1706742234
WALL 21153228 1 0 1706742235
WALL 21153228 1 0 1706742236
WALL 21153228 1 0 1706742237
WALL 21153228 1 0 1706742238
WALL 21153228 1 0 1706742239
WALL 21153228 1 0 1706742240
WALL 21153228 1 0 1706742241
WALL 21153228 1 0 1706742242
WALL 21153228 1 0 1706742243
WALL 21153228 1 0 1706742244
WALL 21153228 1 0 1706742245
WALL 21153228 1 0 1706742246
WALL 21153228 1 0 1706742247
WALL 21153228 1 0 1706742248
WALL 21153228 1 0 1706742249
WALL 21153228 1 0 1706742250
WALL 21153228 1 0 1706742251
WALL 21153228 1 0 1706742252
WALL 21153228 1 0 1706742253
WALL 21153228 1 0 1706742254
WALL 21153228 1 0 1706742255
WALL 21153228 1 0 1706742256
WALL 21153228 1 0 1706742257
WALL 21153228 1 0 1706742258
WALL 21153228 1 0 1706742259
WALL 21153228 1 0 1706742260
WALL 21153228 1 0 1706742261
WALL 21153228 1 0 1706742262
WALL 21153228 1 0 1706742263
WALL 21153228 1 0 1706742264
WALL 21153228 1 0 1706742265
WALL 21153228 1 0 1706742266
WALL 21153228 1 0 1706742267
WALL 21153228 1 0 1706742268
WALL 21153228 1 0 1706742269
WALL 21153228 1 0 1706742270
WALL 21153228 1 0 1706742271
WALL 21153228 1 0 1706742272
WALL 21153228 1 0 1706742273
WALL 21153228 1 0 1706742274
WALL 21153228 1 0 1706742275
WALL 21153228 1 0 1706742276
WALL 21153228 1 0 1706742277
WALL 21153228 1 0 1706742278
WALL 21153228 1 0 1706742279
WALL 21153228 1 0 1706742280
WALL 21153228 1 0 1706742281
WALL 21153228 1 0 1706742282
WALL 21153228 1 0 1706742283
WALL 21153228 1 0 1706742284
WALL 21153228 1 0 1706742285
WALL 21153228 1 0 1706742286
WALL 21153228 1 0 1706742287
WALL 21153228 1 0 1706742288
WALL 21153228 1 0 1706742289
WALL 21153228 1 0 1706742290
WALL 21153228 1 0 1706742291
WALL 21153228 1 0 1706742292
WALL 21153228 1 0 1706742293
WALL 21153228 1 0 1706742294
WALL 21153228 1 0 1706742295
WALL 21153228 1 0 1706742296
WALL 21153228 1 0 1706742297
WALL 21153228 1 0 1706742298
WALL 21153228 1 0 1706742299
WALL 21153228 1 0 1706742300
WALL 21153228 1 0 1706742301
WALL 21153228 1 0 1706742302
WALL 21153228 1 0 1706742303
WALL 21153228 1 0 1706742304
WALL 21153228 1 0 1706742305
WALL 21153228 1 0 1706742306
WALL 21153228 1 0 1706742307
WALL 21153228 1 0 1706742308
WALL 21153228 1 0 1706742309
WALL 21153228 1 0 1706742310
WALL 21153228 1 0 1706742311
WALL 21153228 1 0 1706742312
WALL 21153228 1 0 1706742313
WALL 21153228 1 0 1706742314
WALL 21153228 1 0 1706742315
WALL 21153228 1 0 1706742316
WALL 21153228 1 0 1706742317
WALL 21153228 1 0 1706742318
WALL 21153228 1 0 1706742319
WALL 21153228 1 0 1706742320
WALL 21153228 1 0 1706742321
WALL 21153228 1 0 1706742322
WALL 21153228 1 0 1706742323
WALL 21153228 1 0 1706742324
WALL 21153228 1 0 1706742325
WALL 21153228 1 0 1706742326
WALL 21153228 1 0 1706742327
WALL 21153228 1 0 1706742328
WALL 21153228 1 0 1706742329
WALL 21153228 1 0 1706742330
WALL 21153228 1 0 1706742331
WALL 21153228 1 0 1706742332
WALL 21153228 1 0 1706742333
WALL 21153228 1 0 1706742334
WALL 21153228 1 0 1706742335
WALL 21153228 1 0 1706742336
WALL 21153228 1 0 1706742337
WALL 21153228 1 0 1706742338
WALL 21153228 1 0 1706742339
WALL 21153228 1 0 1706742340
WALL 21153228 1 0 1706742341
WALL 21153228 1 0 1706742342
WALL 21153228 1 0 1706742343
WALL 21153228 1 0 1706742344
WALL 21153228 1 0 1706742345
WALL 21153228 1 0 1706742346
WALL 21153228 1 0 1706742347
WALL 21153228 1 0 1706742348
WALL 21153228 1 0 1706742349
WALL 21153228 1 0 1706742350
WALL 21153228 1 0 1706742351
WALL 21153228 1 0 1706742352
WALL 21153228 1 0 1706742353
WALL 21153228 1 0 1706742354
WALL 21153228 1 0 1706742355
WALL 21153228 1 0 1706742356
WALL 21153228 1 0 1706742357
WALL 21153228 1 0 1706742358
WALL 21153228 1 0 1706742359
WALL 21153228 1 0 1706742360
WALL 21153228 1 0 1706742361
WALL 21153228 1 0 1706742362
WALL 21153228 1 0 1706742363
WALL 21153228 1 0 1706742364
WALL 21153228 1 0 1706742365
WALL 21153228 1 0 1706742366
WALL 21153228 1 0 1706742367
WALL 21153228 1 0 1706742368
WALL 21153228 1 0 1706742369
WALL 21153228 1 0 1706742370
WALL 21153228 1 0 1706742371
WALL 21153228 1 0 1706742372
WALL 21153228 1 0 1706742373
WALL 21153228 1 0 1706742374
WALL 21153228 1 0 1706742375
WALL 21153228 1 0 1706742376
WALL 21153228 1 0 1706742377
WALL 21153228 1 0 1706742378
WALL 21153228 1 0 1706742379
WALL 21153228 1 0 1706742380
WALL 21153228 1 0 1706742381
WALL 21153228 1 0 1706742382
WALL 21153228 1 0 1706742383
WALL 21153228 1 0 1706742384
WALL 21153228 1 0 1706742385
WALL 21153228 1 0 1706742386
WALL 21153228 1 0 1706742387
WALL 21153228 1 0 1706742388
WALL 21153228 1 0 1706742389
WALL 21153228 1 0 1706742390
WALL 21153228 1 0 1706742391
WALL 21153228 1 0 1706742392
WALL 21153228 1 0 1706742393
WALL 21153228 1 0 1706742394
WALL 21153228 1 0 1706742395
WALL 21153228 1 0 1706742396
WALL 21153228 1 0 1706742397
WALL 21153228 1 0 1706742398
WALL 21153228 1 0 1706742399
WALL 21153228 1 0 1706742400
WALL 21153228 1 0 1706742401
WALL 21153228 1 0 1706742402
WALL 21153228 1 0 1706742403
WALL 21153228 1 0 1706742404
WALL 21153228 1 0 1706742405
WALL 21153228 1 0 1706742406
WALL 21153228 1 0 1706742407
slurmstepd: error: *** STEP 21153228.0 ON nid200043 CANCELLED AT 2024-01-31T23:06:47 ***
received SIGTERM 1706742407
WALL 21153228 1 0 1706742407
received SIGCONT 1706742407
WALL 21153228 1 0 1706742407
WALL 21153228 1 0 1706742408
WALL 21153228 1 0 1706742409
WALL 21153228 1 0 1706742410
WALL 21153228 1 0 1706742411
WALL 21153228 1 0 1706742412
WALL 21153228 1 0 1706742413
WALL 21153228 1 0 1706742414
WALL 21153228 1 0 1706742415
WALL 21153228 1 0 1706742416
WALL 21153228 1 0 1706742417
WALL 21153228 1 0 1706742418
WALL 21153228 1 0 1706742419
WALL 21153228 1 0 1706742420
WALL 21153228 1 0 1706742421
WALL 21153228 1 0 1706742422
WALL 21153228 1 0 1706742423
WALL 21153228 1 0 1706742424
WALL 21153228 1 0 1706742425
WALL 21153228 1 0 1706742426
WALL 21153228 1 0 1706742427
WALL 21153228 1 0 1706742428
WALL 21153228 1 0 1706742429
WALL 21153228 1 0 1706742430
WALL 21153228 1 0 1706742431
WALL 21153228 1 0 1706742432
WALL 21153228 1 0 1706742433
WALL 21153228 1 0 1706742434
WALL 21153228 1 0 1706742435
WALL 21153228 1 0 1706742436
WALL 21153228 1 0 1706742437
WALL 21153228 1 0 1706742438
WALL 21153228 1 0 1706742439
WALL 21153228 1 0 1706742440
WALL 21153228 1 0 1706742441
WALL 21153228 1 0 1706742442
WALL 21153228 1 0 1706742443
WALL 21153228 1 0 1706742444
WALL 21153228 1 0 1706742445
WALL 21153228 1 0 1706742446
WALL 21153228 1 0 1706742447
WALL 21153228 1 0 1706742448
WALL 21153228 1 0 1706742449
WALL 21153228 1 0 1706742450
WALL 21153228 1 0 1706742451
WALL 21153228 1 0 1706742452
WALL 21153228 1 0 1706742453
WALL 21153228 1 0 1706742454
WALL 21153228 1 0 1706742455
WALL 21153228 1 0 1706742456
WALL 21153228 1 0 1706742457
WALL 21153228 1 0 1706742458
WALL 21153228 1 0 1706742459
WALL 21153228 1 0 1706742460
WALL 21153228 1 0 1706742461
WALL 21153228 1 0 1706742462
WALL 21153228 1 0 1706742463
WALL 21153228 1 0 1706742464
WALL 21153228 1 0 1706742465
WALL 21153228 1 0 1706742466
WALL 21153228 1 0 1706742467
WALL 21153228 1 0 1706742468
WALL 21153228 1 0 1706742469
WALL 21153228 1 0 1706742470
WALL 21153228 1 0 1706742471
WALL 21153228 1 0 1706742472
WALL 21153228 1 0 1706742473
WALL 21153228 1 0 1706742474
WALL 21153228 1 0 1706742475
WALL 21153228 1 0 1706742476
WALL 21153228 1 0 1706742477
WALL 21153228 1 0 1706742478
WALL 21153228 1 0 1706742479
WALL 21153228 1 0 1706742480
WALL 21153228 1 0 1706742481
slurmstepd: error: *** JOB 21153228 ON nid200043 CANCELLED AT 2024-01-31T23:08:02 DUE TO PREEMPTION ***
received SIGTERM 1706742482
WALL 21153228 1 0 1706742482
received SIGCONT 1706742482
WALL 21153228 1 0 1706742482
received SIGTERM 1706742482
WALL 21153228 1 0 1706742482
