WALL 21149427 1 0 1706737102
WALL 21149427 1 0 1706737103
WALL 21149427 1 0 1706737104
WALL 21149427 1 0 1706737105
WALL 21149427 1 0 1706737106
WALL 21149427 1 0 1706737107
WALL 21149427 1 0 1706737108
WALL 21149427 1 0 1706737109
WALL 21149427 1 0 1706737110
WALL 21149427 1 0 1706737111
WALL 21149427 1 0 1706737112
WALL 21149427 1 0 1706737113
WALL 21149427 1 0 1706737114
WALL 21149427 1 0 1706737115
WALL 21149427 1 0 1706737116
WALL 21149427 1 0 1706737117
WALL 21149427 1 0 1706737118
WALL 21149427 1 0 1706737119
WALL 21149427 1 0 1706737120
WALL 21149427 1 0 1706737121
WALL 21149427 1 0 1706737122
WALL 21149427 1 0 1706737123
WALL 21149427 1 0 1706737124
WALL 21149427 1 0 1706737125
WALL 21149427 1 0 1706737126
WALL 21149427 1 0 1706737127
WALL 21149427 1 0 1706737128
WALL 21149427 1 0 1706737129
WALL 21149427 1 0 1706737130
WALL 21149427 1 0 1706737131
WALL 21149427 1 0 1706737132
WALL 21149427 1 0 1706737133
WALL 21149427 1 0 1706737134
WALL 21149427 1 0 1706737135
WALL 21149427 1 0 1706737136
WALL 21149427 1 0 1706737137
WALL 21149427 1 0 1706737138
WALL 21149427 1 0 1706737139
WALL 21149427 1 0 1706737140
WALL 21149427 1 0 1706737141
WALL 21149427 1 0 1706737142
WALL 21149427 1 0 1706737143
WALL 21149427 1 0 1706737144
WALL 21149427 1 0 1706737145
WALL 21149427 1 0 1706737146
WALL 21149427 1 0 1706737147
WALL 21149427 1 0 1706737148
WALL 21149427 1 0 1706737149
WALL 21149427 1 0 1706737150
WALL 21149427 1 0 1706737151
WALL 21149427 1 0 1706737152
WALL 21149427 1 0 1706737153
WALL 21149427 1 0 1706737154
WALL 21149427 1 0 1706737155
WALL 21149427 1 0 1706737156
WALL 21149427 1 0 1706737157
WALL 21149427 1 0 1706737158
WALL 21149427 1 0 1706737159
WALL 21149427 1 0 1706737160
WALL 21149427 1 0 1706737161
WALL 21149427 1 0 1706737162
WALL 21149427 1 0 1706737163
WALL 21149427 1 0 1706737164
WALL 21149427 1 0 1706737165
WALL 21149427 1 0 1706737166
WALL 21149427 1 0 1706737167
WALL 21149427 1 0 1706737168
WALL 21149427 1 0 1706737169
WALL 21149427 1 0 1706737170
WALL 21149427 1 0 1706737171
WALL 21149427 1 0 1706737172
WALL 21149427 1 0 1706737173
WALL 21149427 1 0 1706737174
WALL 21149427 1 0 1706737175
WALL 21149427 1 0 1706737176
WALL 21149427 1 0 1706737177
WALL 21149427 1 0 1706737178
WALL 21149427 1 0 1706737179
WALL 21149427 1 0 1706737180
WALL 21149427 1 0 1706737181
WALL 21149427 1 0 1706737182
WALL 21149427 1 0 1706737183
WALL 21149427 1 0 1706737184
WALL 21149427 1 0 1706737185
WALL 21149427 1 0 1706737186
WALL 21149427 1 0 1706737187
WALL 21149427 1 0 1706737188
WALL 21149427 1 0 1706737189
WALL 21149427 1 0 1706737190
WALL 21149427 1 0 1706737191
WALL 21149427 1 0 1706737192
WALL 21149427 1 0 1706737193
WALL 21149427 1 0 1706737194
WALL 21149427 1 0 1706737195
WALL 21149427 1 0 1706737196
WALL 21149427 1 0 1706737197
WALL 21149427 1 0 1706737198
WALL 21149427 1 0 1706737199
WALL 21149427 1 0 1706737200
WALL 21149427 1 0 1706737201
WALL 21149427 1 0 1706737202
WALL 21149427 1 0 1706737203
WALL 21149427 1 0 1706737204
WALL 21149427 1 0 1706737205
WALL 21149427 1 0 1706737206
WALL 21149427 1 0 1706737207
WALL 21149427 1 0 1706737208
WALL 21149427 1 0 1706737209
WALL 21149427 1 0 1706737210
WALL 21149427 1 0 1706737211
WALL 21149427 1 0 1706737212
WALL 21149427 1 0 1706737213
WALL 21149427 1 0 1706737214
WALL 21149427 1 0 1706737215
WALL 21149427 1 0 1706737216
WALL 21149427 1 0 1706737217
WALL 21149427 1 0 1706737218
WALL 21149427 1 0 1706737219
WALL 21149427 1 0 1706737220
WALL 21149427 1 0 1706737221
WALL 21149427 1 0 1706737222
WALL 21149427 1 0 1706737223
WALL 21149427 1 0 1706737224
WALL 21149427 1 0 1706737225
WALL 21149427 1 0 1706737226
WALL 21149427 1 0 1706737227
WALL 21149427 1 0 1706737228
WALL 21149427 1 0 1706737229
WALL 21149427 1 0 1706737230
WALL 21149427 1 0 1706737231
WALL 21149427 1 0 1706737232
WALL 21149427 1 0 1706737233
WALL 21149427 1 0 1706737234
WALL 21149427 1 0 1706737235
WALL 21149427 1 0 1706737236
WALL 21149427 1 0 1706737237
WALL 21149427 1 0 1706737238
WALL 21149427 1 0 1706737239
WALL 21149427 1 0 1706737240
WALL 21149427 1 0 1706737241
WALL 21149427 1 0 1706737242
WALL 21149427 1 0 1706737243
WALL 21149427 1 0 1706737244
WALL 21149427 1 0 1706737245
WALL 21149427 1 0 1706737246
WALL 21149427 1 0 1706737247
WALL 21149427 1 0 1706737248
WALL 21149427 1 0 1706737249
WALL 21149427 1 0 1706737250
WALL 21149427 1 0 1706737251
WALL 21149427 1 0 1706737252
WALL 21149427 1 0 1706737253
WALL 21149427 1 0 1706737254
WALL 21149427 1 0 1706737255
WALL 21149427 1 0 1706737256
WALL 21149427 1 0 1706737257
WALL 21149427 1 0 1706737258
WALL 21149427 1 0 1706737259
WALL 21149427 1 0 1706737260
WALL 21149427 1 0 1706737261
WALL 21149427 1 0 1706737262
WALL 21149427 1 0 1706737263
WALL 21149427 1 0 1706737264
WALL 21149427 1 0 1706737265
WALL 21149427 1 0 1706737266
WALL 21149427 1 0 1706737267
WALL 21149427 1 0 1706737268
WALL 21149427 1 0 1706737269
WALL 21149427 1 0 1706737270
WALL 21149427 1 0 1706737271
WALL 21149427 1 0 1706737272
WALL 21149427 1 0 1706737273
WALL 21149427 1 0 1706737274
WALL 21149427 1 0 1706737275
WALL 21149427 1 0 1706737276
WALL 21149427 1 0 1706737277
WALL 21149427 1 0 1706737278
WALL 21149427 1 0 1706737279
WALL 21149427 1 0 1706737280
WALL 21149427 1 0 1706737281
WALL 21149427 1 0 1706737282
WALL 21149427 1 0 1706737283
WALL 21149427 1 0 1706737284
WALL 21149427 1 0 1706737285
WALL 21149427 1 0 1706737286
WALL 21149427 1 0 1706737287
WALL 21149427 1 0 1706737288
WALL 21149427 1 0 1706737289
WALL 21149427 1 0 1706737290
WALL 21149427 1 0 1706737291
WALL 21149427 1 0 1706737292
WALL 21149427 1 0 1706737293
WALL 21149427 1 0 1706737294
WALL 21149427 1 0 1706737295
WALL 21149427 1 0 1706737296
WALL 21149427 1 0 1706737297
WALL 21149427 1 0 1706737298
WALL 21149427 1 0 1706737299
WALL 21149427 1 0 1706737300
WALL 21149427 1 0 1706737301
WALL 21149427 1 0 1706737302
WALL 21149427 1 0 1706737303
WALL 21149427 1 0 1706737304
WALL 21149427 1 0 1706737305
WALL 21149427 1 0 1706737306
WALL 21149427 1 0 1706737307
WALL 21149427 1 0 1706737308
WALL 21149427 1 0 1706737309
WALL 21149427 1 0 1706737310
WALL 21149427 1 0 1706737311
WALL 21149427 1 0 1706737312
WALL 21149427 1 0 1706737313
WALL 21149427 1 0 1706737314
WALL 21149427 1 0 1706737315
WALL 21149427 1 0 1706737316
WALL 21149427 1 0 1706737317
WALL 21149427 1 0 1706737318
WALL 21149427 1 0 1706737319
WALL 21149427 1 0 1706737320
WALL 21149427 1 0 1706737321
WALL 21149427 1 0 1706737322
WALL 21149427 1 0 1706737323
WALL 21149427 1 0 1706737324
WALL 21149427 1 0 1706737325
WALL 21149427 1 0 1706737326
WALL 21149427 1 0 1706737327
WALL 21149427 1 0 1706737328
WALL 21149427 1 0 1706737329
WALL 21149427 1 0 1706737330
WALL 21149427 1 0 1706737331
WALL 21149427 1 0 1706737332
WALL 21149427 1 0 1706737333
WALL 21149427 1 0 1706737334
WALL 21149427 1 0 1706737335
WALL 21149427 1 0 1706737336
WALL 21149427 1 0 1706737337
WALL 21149427 1 0 1706737338
WALL 21149427 1 0 1706737339
WALL 21149427 1 0 1706737340
WALL 21149427 1 0 1706737341
WALL 21149427 1 0 1706737342
WALL 21149427 1 0 1706737343
WALL 21149427 1 0 1706737344
WALL 21149427 1 0 1706737345
WALL 21149427 1 0 1706737346
WALL 21149427 1 0 1706737347
WALL 21149427 1 0 1706737348
WALL 21149427 1 0 1706737349
WALL 21149427 1 0 1706737350
WALL 21149427 1 0 1706737351
WALL 21149427 1 0 1706737352
WALL 21149427 1 0 1706737353
WALL 21149427 1 0 1706737354
WALL 21149427 1 0 1706737355
WALL 21149427 1 0 1706737356
WALL 21149427 1 0 1706737357
WALL 21149427 1 0 1706737358
WALL 21149427 1 0 1706737359
WALL 21149427 1 0 1706737360
WALL 21149427 1 0 1706737361
WALL 21149427 1 0 1706737362
WALL 21149427 1 0 1706737363
WALL 21149427 1 0 1706737364
WALL 21149427 1 0 1706737365
WALL 21149427 1 0 1706737366
WALL 21149427 1 0 1706737367
WALL 21149427 1 0 1706737368
WALL 21149427 1 0 1706737369
WALL 21149427 1 0 1706737370
WALL 21149427 1 0 1706737371
WALL 21149427 1 0 1706737372
WALL 21149427 1 0 1706737373
WALL 21149427 1 0 1706737374
WALL 21149427 1 0 1706737375
WALL 21149427 1 0 1706737376
WALL 21149427 1 0 1706737377
WALL 21149427 1 0 1706737378
WALL 21149427 1 0 1706737379
WALL 21149427 1 0 1706737380
WALL 21149427 1 0 1706737381
WALL 21149427 1 0 1706737382
WALL 21149427 1 0 1706737383
WALL 21149427 1 0 1706737384
WALL 21149427 1 0 1706737385
WALL 21149427 1 0 1706737386
WALL 21149427 1 0 1706737387
WALL 21149427 1 0 1706737388
WALL 21149427 1 0 1706737389
WALL 21149427 1 0 1706737390
WALL 21149427 1 0 1706737391
WALL 21149427 1 0 1706737392
WALL 21149427 1 0 1706737393
WALL 21149427 1 0 1706737394
WALL 21149427 1 0 1706737395
WALL 21149427 1 0 1706737396
WALL 21149427 1 0 1706737397
received SIGCONT 1706737398
WALL 21149427 1 0 1706737398
slurmstepd: error: *** STEP 21149427.0 ON nid200029 CANCELLED AT 2024-01-31T21:43:18 ***
received SIGTERM 1706737398
WALL 21149427 1 0 1706737398
WALL 21149427 1 0 1706737399
WALL 21149427 1 0 1706737400
WALL 21149427 1 0 1706737401
WALL 21149427 1 0 1706737402
WALL 21149427 1 0 1706737403
WALL 21149427 1 0 1706737404
WALL 21149427 1 0 1706737405
WALL 21149427 1 0 1706737406
WALL 21149427 1 0 1706737407
WALL 21149427 1 0 1706737408
WALL 21149427 1 0 1706737409
WALL 21149427 1 0 1706737410
WALL 21149427 1 0 1706737411
WALL 21149427 1 0 1706737412
WALL 21149427 1 0 1706737413
WALL 21149427 1 0 1706737414
WALL 21149427 1 0 1706737415
WALL 21149427 1 0 1706737416
WALL 21149427 1 0 1706737417
WALL 21149427 1 0 1706737418
WALL 21149427 1 0 1706737419
WALL 21149427 1 0 1706737420
WALL 21149427 1 0 1706737421
WALL 21149427 1 0 1706737422
WALL 21149427 1 0 1706737423
WALL 21149427 1 0 1706737424
WALL 21149427 1 0 1706737425
WALL 21149427 1 0 1706737426
WALL 21149427 1 0 1706737427
WALL 21149427 1 0 1706737428
WALL 21149427 1 0 1706737429
WALL 21149427 1 0 1706737430
WALL 21149427 1 0 1706737431
WALL 21149427 1 0 1706737432
WALL 21149427 1 0 1706737433
WALL 21149427 1 0 1706737434
WALL 21149427 1 0 1706737435
WALL 21149427 1 0 1706737436
WALL 21149427 1 0 1706737437
WALL 21149427 1 0 1706737438
WALL 21149427 1 0 1706737439
WALL 21149427 1 0 1706737440
WALL 21149427 1 0 1706737441
WALL 21149427 1 0 1706737442
WALL 21149427 1 0 1706737443
WALL 21149427 1 0 1706737444
WALL 21149427 1 0 1706737445
WALL 21149427 1 0 1706737446
WALL 21149427 1 0 1706737447
WALL 21149427 1 0 1706737448
WALL 21149427 1 0 1706737449
WALL 21149427 1 0 1706737450
WALL 21149427 1 0 1706737451
WALL 21149427 1 0 1706737452
WALL 21149427 1 0 1706737453
WALL 21149427 1 0 1706737454
WALL 21149427 1 0 1706737455
WALL 21149427 1 0 1706737456
WALL 21149427 1 0 1706737457
slurmstepd: error: *** JOB 21149427 ON nid200029 CANCELLED AT 2024-01-31T21:44:18 DUE TO PREEMPTION ***
received SIGTERM 1706737458
WALL 21149427 1 0 1706737458
received SIGCONT 1706737458
WALL 21149427 1 0 1706737458
received SIGTERM 1706737458
WALL 21149427 1 0 1706737458
