srun: warning: can't run 1 processes on 4 nodes, setting nnodes to 1
WALL 21200417 1 0 1706816544
WALL 21200417 1 0 1706816545
WALL 21200417 1 0 1706816546
WALL 21200417 1 0 1706816547
WALL 21200417 1 0 1706816548
WALL 21200417 1 0 1706816549
WALL 21200417 1 0 1706816550
WALL 21200417 1 0 1706816551
WALL 21200417 1 0 1706816552
WALL 21200417 1 0 1706816553
WALL 21200417 1 0 1706816554
WALL 21200417 1 0 1706816555
WALL 21200417 1 0 1706816556
WALL 21200417 1 0 1706816557
WALL 21200417 1 0 1706816558
WALL 21200417 1 0 1706816559
WALL 21200417 1 0 1706816560
WALL 21200417 1 0 1706816561
WALL 21200417 1 0 1706816562
WALL 21200417 1 0 1706816563
WALL 21200417 1 0 1706816564
WALL 21200417 1 0 1706816565
WALL 21200417 1 0 1706816566
WALL 21200417 1 0 1706816567
WALL 21200417 1 0 1706816568
WALL 21200417 1 0 1706816569
WALL 21200417 1 0 1706816570
WALL 21200417 1 0 1706816571
WALL 21200417 1 0 1706816572
WALL 21200417 1 0 1706816573
WALL 21200417 1 0 1706816574
WALL 21200417 1 0 1706816575
WALL 21200417 1 0 1706816576
WALL 21200417 1 0 1706816577
WALL 21200417 1 0 1706816578
WALL 21200417 1 0 1706816579
WALL 21200417 1 0 1706816580
WALL 21200417 1 0 1706816581
WALL 21200417 1 0 1706816582
WALL 21200417 1 0 1706816583
WALL 21200417 1 0 1706816584
WALL 21200417 1 0 1706816585
WALL 21200417 1 0 1706816586
WALL 21200417 1 0 1706816587
WALL 21200417 1 0 1706816588
WALL 21200417 1 0 1706816589
WALL 21200417 1 0 1706816590
WALL 21200417 1 0 1706816591
WALL 21200417 1 0 1706816592
WALL 21200417 1 0 1706816593
WALL 21200417 1 0 1706816594
WALL 21200417 1 0 1706816595
WALL 21200417 1 0 1706816596
WALL 21200417 1 0 1706816597
WALL 21200417 1 0 1706816598
WALL 21200417 1 0 1706816599
WALL 21200417 1 0 1706816600
WALL 21200417 1 0 1706816601
WALL 21200417 1 0 1706816602
WALL 21200417 1 0 1706816603
WALL 21200417 1 0 1706816604
WALL 21200417 1 0 1706816605
WALL 21200417 1 0 1706816606
WALL 21200417 1 0 1706816607
WALL 21200417 1 0 1706816608
WALL 21200417 1 0 1706816609
WALL 21200417 1 0 1706816610
WALL 21200417 1 0 1706816611
WALL 21200417 1 0 1706816612
WALL 21200417 1 0 1706816613
WALL 21200417 1 0 1706816614
WALL 21200417 1 0 1706816615
WALL 21200417 1 0 1706816616
WALL 21200417 1 0 1706816617
WALL 21200417 1 0 1706816618
WALL 21200417 1 0 1706816619
WALL 21200417 1 0 1706816620
WALL 21200417 1 0 1706816621
WALL 21200417 1 0 1706816622
WALL 21200417 1 0 1706816623
WALL 21200417 1 0 1706816624
WALL 21200417 1 0 1706816625
WALL 21200417 1 0 1706816626
WALL 21200417 1 0 1706816627
WALL 21200417 1 0 1706816628
WALL 21200417 1 0 1706816629
WALL 21200417 1 0 1706816630
WALL 21200417 1 0 1706816631
WALL 21200417 1 0 1706816632
WALL 21200417 1 0 1706816633
WALL 21200417 1 0 1706816634
WALL 21200417 1 0 1706816635
WALL 21200417 1 0 1706816636
WALL 21200417 1 0 1706816637
WALL 21200417 1 0 1706816638
WALL 21200417 1 0 1706816639
WALL 21200417 1 0 1706816640
WALL 21200417 1 0 1706816641
WALL 21200417 1 0 1706816642
WALL 21200417 1 0 1706816643
WALL 21200417 1 0 1706816644
WALL 21200417 1 0 1706816645
WALL 21200417 1 0 1706816646
WALL 21200417 1 0 1706816647
WALL 21200417 1 0 1706816648
WALL 21200417 1 0 1706816649
WALL 21200417 1 0 1706816650
WALL 21200417 1 0 1706816651
WALL 21200417 1 0 1706816652
WALL 21200417 1 0 1706816653
WALL 21200417 1 0 1706816654
WALL 21200417 1 0 1706816655
WALL 21200417 1 0 1706816656
WALL 21200417 1 0 1706816657
WALL 21200417 1 0 1706816658
WALL 21200417 1 0 1706816659
WALL 21200417 1 0 1706816660
WALL 21200417 1 0 1706816661
WALL 21200417 1 0 1706816662
WALL 21200417 1 0 1706816663
WALL 21200417 1 0 1706816664
WALL 21200417 1 0 1706816665
WALL 21200417 1 0 1706816666
WALL 21200417 1 0 1706816667
WALL 21200417 1 0 1706816668
WALL 21200417 1 0 1706816669
WALL 21200417 1 0 1706816670
WALL 21200417 1 0 1706816671
WALL 21200417 1 0 1706816672
WALL 21200417 1 0 1706816673
WALL 21200417 1 0 1706816674
WALL 21200417 1 0 1706816675
WALL 21200417 1 0 1706816676
WALL 21200417 1 0 1706816677
WALL 21200417 1 0 1706816678
WALL 21200417 1 0 1706816679
WALL 21200417 1 0 1706816680
WALL 21200417 1 0 1706816681
WALL 21200417 1 0 1706816682
WALL 21200417 1 0 1706816683
WALL 21200417 1 0 1706816684
WALL 21200417 1 0 1706816685
WALL 21200417 1 0 1706816686
WALL 21200417 1 0 1706816687
WALL 21200417 1 0 1706816688
WALL 21200417 1 0 1706816689
WALL 21200417 1 0 1706816690
WALL 21200417 1 0 1706816691
WALL 21200417 1 0 1706816692
WALL 21200417 1 0 1706816693
WALL 21200417 1 0 1706816694
WALL 21200417 1 0 1706816695
WALL 21200417 1 0 1706816696
WALL 21200417 1 0 1706816697
WALL 21200417 1 0 1706816698
WALL 21200417 1 0 1706816699
WALL 21200417 1 0 1706816700
WALL 21200417 1 0 1706816701
WALL 21200417 1 0 1706816702
WALL 21200417 1 0 1706816703
WALL 21200417 1 0 1706816704
WALL 21200417 1 0 1706816705
WALL 21200417 1 0 1706816706
WALL 21200417 1 0 1706816707
WALL 21200417 1 0 1706816708
WALL 21200417 1 0 1706816709
WALL 21200417 1 0 1706816710
WALL 21200417 1 0 1706816711
WALL 21200417 1 0 1706816712
WALL 21200417 1 0 1706816713
WALL 21200417 1 0 1706816714
WALL 21200417 1 0 1706816715
WALL 21200417 1 0 1706816716
WALL 21200417 1 0 1706816717
WALL 21200417 1 0 1706816718
WALL 21200417 1 0 1706816719
WALL 21200417 1 0 1706816720
WALL 21200417 1 0 1706816721
WALL 21200417 1 0 1706816722
WALL 21200417 1 0 1706816723
WALL 21200417 1 0 1706816724
WALL 21200417 1 0 1706816725
WALL 21200417 1 0 1706816726
WALL 21200417 1 0 1706816727
WALL 21200417 1 0 1706816728
WALL 21200417 1 0 1706816729
WALL 21200417 1 0 1706816730
WALL 21200417 1 0 1706816731
WALL 21200417 1 0 1706816732
WALL 21200417 1 0 1706816733
WALL 21200417 1 0 1706816734
WALL 21200417 1 0 1706816735
WALL 21200417 1 0 1706816736
WALL 21200417 1 0 1706816737
WALL 21200417 1 0 1706816738
WALL 21200417 1 0 1706816739
WALL 21200417 1 0 1706816740
WALL 21200417 1 0 1706816741
WALL 21200417 1 0 1706816742
WALL 21200417 1 0 1706816743
WALL 21200417 1 0 1706816744
WALL 21200417 1 0 1706816745
WALL 21200417 1 0 1706816746
WALL 21200417 1 0 1706816747
WALL 21200417 1 0 1706816748
WALL 21200417 1 0 1706816749
WALL 21200417 1 0 1706816750
WALL 21200417 1 0 1706816751
WALL 21200417 1 0 1706816752
WALL 21200417 1 0 1706816753
WALL 21200417 1 0 1706816754
WALL 21200417 1 0 1706816755
WALL 21200417 1 0 1706816756
WALL 21200417 1 0 1706816757
WALL 21200417 1 0 1706816758
WALL 21200417 1 0 1706816759
WALL 21200417 1 0 1706816760
WALL 21200417 1 0 1706816761
WALL 21200417 1 0 1706816762
WALL 21200417 1 0 1706816763
WALL 21200417 1 0 1706816764
WALL 21200417 1 0 1706816765
WALL 21200417 1 0 1706816766
WALL 21200417 1 0 1706816767
WALL 21200417 1 0 1706816768
WALL 21200417 1 0 1706816769
WALL 21200417 1 0 1706816770
WALL 21200417 1 0 1706816771
WALL 21200417 1 0 1706816772
WALL 21200417 1 0 1706816773
WALL 21200417 1 0 1706816774
WALL 21200417 1 0 1706816775
WALL 21200417 1 0 1706816776
WALL 21200417 1 0 1706816777
WALL 21200417 1 0 1706816778
WALL 21200417 1 0 1706816779
WALL 21200417 1 0 1706816780
WALL 21200417 1 0 1706816781
WALL 21200417 1 0 1706816782
WALL 21200417 1 0 1706816783
WALL 21200417 1 0 1706816784
WALL 21200417 1 0 1706816785
WALL 21200417 1 0 1706816786
WALL 21200417 1 0 1706816787
WALL 21200417 1 0 1706816788
WALL 21200417 1 0 1706816789
WALL 21200417 1 0 1706816790
WALL 21200417 1 0 1706816791
WALL 21200417 1 0 1706816792
WALL 21200417 1 0 1706816793
WALL 21200417 1 0 1706816794
WALL 21200417 1 0 1706816795
WALL 21200417 1 0 1706816796
WALL 21200417 1 0 1706816797
WALL 21200417 1 0 1706816798
WALL 21200417 1 0 1706816799
WALL 21200417 1 0 1706816800
WALL 21200417 1 0 1706816801
WALL 21200417 1 0 1706816802
WALL 21200417 1 0 1706816803
WALL 21200417 1 0 1706816804
WALL 21200417 1 0 1706816805
WALL 21200417 1 0 1706816806
WALL 21200417 1 0 1706816807
WALL 21200417 1 0 1706816808
WALL 21200417 1 0 1706816809
WALL 21200417 1 0 1706816810
WALL 21200417 1 0 1706816811
WALL 21200417 1 0 1706816812
WALL 21200417 1 0 1706816813
WALL 21200417 1 0 1706816814
WALL 21200417 1 0 1706816815
WALL 21200417 1 0 1706816816
WALL 21200417 1 0 1706816817
WALL 21200417 1 0 1706816818
WALL 21200417 1 0 1706816819
WALL 21200417 1 0 1706816820
WALL 21200417 1 0 1706816821
WALL 21200417 1 0 1706816822
WALL 21200417 1 0 1706816823
WALL 21200417 1 0 1706816824
WALL 21200417 1 0 1706816825
WALL 21200417 1 0 1706816826
WALL 21200417 1 0 1706816827
WALL 21200417 1 0 1706816828
WALL 21200417 1 0 1706816829
WALL 21200417 1 0 1706816830
WALL 21200417 1 0 1706816831
WALL 21200417 1 0 1706816832
WALL 21200417 1 0 1706816833
WALL 21200417 1 0 1706816834
WALL 21200417 1 0 1706816835
WALL 21200417 1 0 1706816836
WALL 21200417 1 0 1706816837
WALL 21200417 1 0 1706816838
WALL 21200417 1 0 1706816839
WALL 21200417 1 0 1706816840
WALL 21200417 1 0 1706816841
WALL 21200417 1 0 1706816842
WALL 21200417 1 0 1706816843
WALL 21200417 1 0 1706816844
WALL 21200417 1 0 1706816845
WALL 21200417 1 0 1706816846
WALL 21200417 1 0 1706816847
WALL 21200417 1 0 1706816848
WALL 21200417 1 0 1706816849
WALL 21200417 1 0 1706816850
WALL 21200417 1 0 1706816851
WALL 21200417 1 0 1706816852
WALL 21200417 1 0 1706816853
WALL 21200417 1 0 1706816854
WALL 21200417 1 0 1706816855
WALL 21200417 1 0 1706816856
WALL 21200417 1 0 1706816857
WALL 21200417 1 0 1706816858
WALL 21200417 1 0 1706816859
WALL 21200417 1 0 1706816860
WALL 21200417 1 0 1706816861
WALL 21200417 1 0 1706816862
WALL 21200417 1 0 1706816863
WALL 21200417 1 0 1706816864
WALL 21200417 1 0 1706816865
WALL 21200417 1 0 1706816866
WALL 21200417 1 0 1706816867
WALL 21200417 1 0 1706816868
WALL 21200417 1 0 1706816869
WALL 21200417 1 0 1706816870
WALL 21200417 1 0 1706816871
WALL 21200417 1 0 1706816872
WALL 21200417 1 0 1706816873
WALL 21200417 1 0 1706816874
WALL 21200417 1 0 1706816875
WALL 21200417 1 0 1706816876
WALL 21200417 1 0 1706816877
WALL 21200417 1 0 1706816878
WALL 21200417 1 0 1706816879
WALL 21200417 1 0 1706816880
WALL 21200417 1 0 1706816881
WALL 21200417 1 0 1706816882
WALL 21200417 1 0 1706816883
WALL 21200417 1 0 1706816884
WALL 21200417 1 0 1706816885
WALL 21200417 1 0 1706816886
WALL 21200417 1 0 1706816887
WALL 21200417 1 0 1706816888
WALL 21200417 1 0 1706816889
WALL 21200417 1 0 1706816890
WALL 21200417 1 0 1706816891
WALL 21200417 1 0 1706816892
WALL 21200417 1 0 1706816893
WALL 21200417 1 0 1706816894
WALL 21200417 1 0 1706816895
WALL 21200417 1 0 1706816896
WALL 21200417 1 0 1706816897
WALL 21200417 1 0 1706816898
WALL 21200417 1 0 1706816899
WALL 21200417 1 0 1706816900
WALL 21200417 1 0 1706816901
WALL 21200417 1 0 1706816902
WALL 21200417 1 0 1706816903
WALL 21200417 1 0 1706816904
WALL 21200417 1 0 1706816905
WALL 21200417 1 0 1706816906
WALL 21200417 1 0 1706816907
WALL 21200417 1 0 1706816908
WALL 21200417 1 0 1706816909
WALL 21200417 1 0 1706816910
WALL 21200417 1 0 1706816911
WALL 21200417 1 0 1706816912
WALL 21200417 1 0 1706816913
WALL 21200417 1 0 1706816914
WALL 21200417 1 0 1706816915
WALL 21200417 1 0 1706816916
WALL 21200417 1 0 1706816917
WALL 21200417 1 0 1706816918
WALL 21200417 1 0 1706816919
WALL 21200417 1 0 1706816920
WALL 21200417 1 0 1706816921
WALL 21200417 1 0 1706816922
WALL 21200417 1 0 1706816923
WALL 21200417 1 0 1706816924
WALL 21200417 1 0 1706816925
WALL 21200417 1 0 1706816926
WALL 21200417 1 0 1706816927
WALL 21200417 1 0 1706816928
WALL 21200417 1 0 1706816929
WALL 21200417 1 0 1706816930
WALL 21200417 1 0 1706816931
WALL 21200417 1 0 1706816932
WALL 21200417 1 0 1706816933
WALL 21200417 1 0 1706816934
WALL 21200417 1 0 1706816935
WALL 21200417 1 0 1706816936
WALL 21200417 1 0 1706816937
WALL 21200417 1 0 1706816938
WALL 21200417 1 0 1706816939
WALL 21200417 1 0 1706816940
WALL 21200417 1 0 1706816941
WALL 21200417 1 0 1706816942
WALL 21200417 1 0 1706816943
WALL 21200417 1 0 1706816944
WALL 21200417 1 0 1706816945
WALL 21200417 1 0 1706816946
WALL 21200417 1 0 1706816947
WALL 21200417 1 0 1706816948
WALL 21200417 1 0 1706816949
WALL 21200417 1 0 1706816950
WALL 21200417 1 0 1706816951
WALL 21200417 1 0 1706816952
WALL 21200417 1 0 1706816953
WALL 21200417 1 0 1706816954
WALL 21200417 1 0 1706816955
WALL 21200417 1 0 1706816956
WALL 21200417 1 0 1706816957
WALL 21200417 1 0 1706816958
WALL 21200417 1 0 1706816959
WALL 21200417 1 0 1706816960
WALL 21200417 1 0 1706816961
WALL 21200417 1 0 1706816962
WALL 21200417 1 0 1706816963
WALL 21200417 1 0 1706816964
WALL 21200417 1 0 1706816965
WALL 21200417 1 0 1706816966
WALL 21200417 1 0 1706816967
WALL 21200417 1 0 1706816968
WALL 21200417 1 0 1706816969
WALL 21200417 1 0 1706816970
WALL 21200417 1 0 1706816971
WALL 21200417 1 0 1706816972
WALL 21200417 1 0 1706816973
WALL 21200417 1 0 1706816974
WALL 21200417 1 0 1706816975
WALL 21200417 1 0 1706816976
WALL 21200417 1 0 1706816977
WALL 21200417 1 0 1706816978
WALL 21200417 1 0 1706816979
WALL 21200417 1 0 1706816980
WALL 21200417 1 0 1706816981
WALL 21200417 1 0 1706816982
WALL 21200417 1 0 1706816983
WALL 21200417 1 0 1706816984
WALL 21200417 1 0 1706816985
WALL 21200417 1 0 1706816986
WALL 21200417 1 0 1706816987
WALL 21200417 1 0 1706816988
WALL 21200417 1 0 1706816989
WALL 21200417 1 0 1706816990
WALL 21200417 1 0 1706816991
WALL 21200417 1 0 1706816992
WALL 21200417 1 0 1706816993
WALL 21200417 1 0 1706816994
WALL 21200417 1 0 1706816995
WALL 21200417 1 0 1706816996
WALL 21200417 1 0 1706816997
WALL 21200417 1 0 1706816998
WALL 21200417 1 0 1706816999
WALL 21200417 1 0 1706817000
WALL 21200417 1 0 1706817001
WALL 21200417 1 0 1706817002
WALL 21200417 1 0 1706817003
WALL 21200417 1 0 1706817004
WALL 21200417 1 0 1706817005
WALL 21200417 1 0 1706817006
WALL 21200417 1 0 1706817007
WALL 21200417 1 0 1706817008
WALL 21200417 1 0 1706817009
WALL 21200417 1 0 1706817010
WALL 21200417 1 0 1706817011
WALL 21200417 1 0 1706817012
WALL 21200417 1 0 1706817013
WALL 21200417 1 0 1706817014
WALL 21200417 1 0 1706817015
WALL 21200417 1 0 1706817016
WALL 21200417 1 0 1706817017
WALL 21200417 1 0 1706817018
WALL 21200417 1 0 1706817019
WALL 21200417 1 0 1706817020
WALL 21200417 1 0 1706817021
WALL 21200417 1 0 1706817022
WALL 21200417 1 0 1706817023
WALL 21200417 1 0 1706817024
WALL 21200417 1 0 1706817025
WALL 21200417 1 0 1706817026
WALL 21200417 1 0 1706817027
WALL 21200417 1 0 1706817028
WALL 21200417 1 0 1706817029
WALL 21200417 1 0 1706817030
WALL 21200417 1 0 1706817031
WALL 21200417 1 0 1706817032
WALL 21200417 1 0 1706817033
WALL 21200417 1 0 1706817034
WALL 21200417 1 0 1706817035
WALL 21200417 1 0 1706817036
WALL 21200417 1 0 1706817037
WALL 21200417 1 0 1706817038
WALL 21200417 1 0 1706817039
WALL 21200417 1 0 1706817040
WALL 21200417 1 0 1706817041
WALL 21200417 1 0 1706817042
WALL 21200417 1 0 1706817043
WALL 21200417 1 0 1706817044
WALL 21200417 1 0 1706817045
WALL 21200417 1 0 1706817046
WALL 21200417 1 0 1706817047
WALL 21200417 1 0 1706817048
WALL 21200417 1 0 1706817049
WALL 21200417 1 0 1706817050
WALL 21200417 1 0 1706817051
WALL 21200417 1 0 1706817052
WALL 21200417 1 0 1706817053
WALL 21200417 1 0 1706817054
WALL 21200417 1 0 1706817055
WALL 21200417 1 0 1706817056
WALL 21200417 1 0 1706817057
WALL 21200417 1 0 1706817058
WALL 21200417 1 0 1706817059
WALL 21200417 1 0 1706817060
WALL 21200417 1 0 1706817061
WALL 21200417 1 0 1706817062
WALL 21200417 1 0 1706817063
WALL 21200417 1 0 1706817064
WALL 21200417 1 0 1706817065
WALL 21200417 1 0 1706817066
WALL 21200417 1 0 1706817067
WALL 21200417 1 0 1706817068
WALL 21200417 1 0 1706817069
WALL 21200417 1 0 1706817070
WALL 21200417 1 0 1706817071
WALL 21200417 1 0 1706817072
WALL 21200417 1 0 1706817073
WALL 21200417 1 0 1706817074
WALL 21200417 1 0 1706817075
WALL 21200417 1 0 1706817076
WALL 21200417 1 0 1706817077
WALL 21200417 1 0 1706817078
WALL 21200417 1 0 1706817079
WALL 21200417 1 0 1706817080
WALL 21200417 1 0 1706817081
WALL 21200417 1 0 1706817082
WALL 21200417 1 0 1706817083
WALL 21200417 1 0 1706817084
WALL 21200417 1 0 1706817085
WALL 21200417 1 0 1706817086
WALL 21200417 1 0 1706817087
WALL 21200417 1 0 1706817088
WALL 21200417 1 0 1706817089
WALL 21200417 1 0 1706817090
WALL 21200417 1 0 1706817091
WALL 21200417 1 0 1706817092
WALL 21200417 1 0 1706817093
WALL 21200417 1 0 1706817094
WALL 21200417 1 0 1706817095
WALL 21200417 1 0 1706817096
WALL 21200417 1 0 1706817097
WALL 21200417 1 0 1706817098
WALL 21200417 1 0 1706817099
WALL 21200417 1 0 1706817100
WALL 21200417 1 0 1706817101
WALL 21200417 1 0 1706817102
WALL 21200417 1 0 1706817103
WALL 21200417 1 0 1706817104
WALL 21200417 1 0 1706817105
WALL 21200417 1 0 1706817106
WALL 21200417 1 0 1706817107
WALL 21200417 1 0 1706817108
WALL 21200417 1 0 1706817109
WALL 21200417 1 0 1706817110
WALL 21200417 1 0 1706817111
WALL 21200417 1 0 1706817112
WALL 21200417 1 0 1706817113
WALL 21200417 1 0 1706817114
WALL 21200417 1 0 1706817115
WALL 21200417 1 0 1706817116
WALL 21200417 1 0 1706817117
WALL 21200417 1 0 1706817118
WALL 21200417 1 0 1706817119
WALL 21200417 1 0 1706817120
WALL 21200417 1 0 1706817121
WALL 21200417 1 0 1706817122
WALL 21200417 1 0 1706817123
WALL 21200417 1 0 1706817124
WALL 21200417 1 0 1706817125
WALL 21200417 1 0 1706817126
WALL 21200417 1 0 1706817127
WALL 21200417 1 0 1706817128
WALL 21200417 1 0 1706817129
WALL 21200417 1 0 1706817130
WALL 21200417 1 0 1706817131
WALL 21200417 1 0 1706817132
WALL 21200417 1 0 1706817133
WALL 21200417 1 0 1706817134
WALL 21200417 1 0 1706817135
WALL 21200417 1 0 1706817136
WALL 21200417 1 0 1706817137
WALL 21200417 1 0 1706817138
WALL 21200417 1 0 1706817139
WALL 21200417 1 0 1706817140
WALL 21200417 1 0 1706817141
slurmstepd: error: *** STEP 21200417.0 ON nid200004 CANCELLED AT 2024-02-01T19:52:22 ***
received SIGTERM 1706817142
WALL 21200417 1 0 1706817142
received SIGCONT 1706817142
WALL 21200417 1 0 1706817142
WALL 21200417 1 0 1706817143
WALL 21200417 1 0 1706817144
WALL 21200417 1 0 1706817145
WALL 21200417 1 0 1706817146
WALL 21200417 1 0 1706817147
WALL 21200417 1 0 1706817148
WALL 21200417 1 0 1706817149
WALL 21200417 1 0 1706817150
WALL 21200417 1 0 1706817151
WALL 21200417 1 0 1706817152
WALL 21200417 1 0 1706817153
WALL 21200417 1 0 1706817154
WALL 21200417 1 0 1706817155
WALL 21200417 1 0 1706817156
WALL 21200417 1 0 1706817157
WALL 21200417 1 0 1706817158
WALL 21200417 1 0 1706817159
WALL 21200417 1 0 1706817160
WALL 21200417 1 0 1706817161
WALL 21200417 1 0 1706817162
WALL 21200417 1 0 1706817163
WALL 21200417 1 0 1706817164
WALL 21200417 1 0 1706817165
WALL 21200417 1 0 1706817166
WALL 21200417 1 0 1706817167
WALL 21200417 1 0 1706817168
WALL 21200417 1 0 1706817169
WALL 21200417 1 0 1706817170
WALL 21200417 1 0 1706817171
WALL 21200417 1 0 1706817172
WALL 21200417 1 0 1706817173
WALL 21200417 1 0 1706817174
WALL 21200417 1 0 1706817175
WALL 21200417 1 0 1706817176
WALL 21200417 1 0 1706817177
WALL 21200417 1 0 1706817178
WALL 21200417 1 0 1706817179
WALL 21200417 1 0 1706817180
WALL 21200417 1 0 1706817181
WALL 21200417 1 0 1706817182
WALL 21200417 1 0 1706817183
WALL 21200417 1 0 1706817184
WALL 21200417 1 0 1706817185
WALL 21200417 1 0 1706817186
WALL 21200417 1 0 1706817187
WALL 21200417 1 0 1706817188
WALL 21200417 1 0 1706817189
WALL 21200417 1 0 1706817190
WALL 21200417 1 0 1706817191
WALL 21200417 1 0 1706817192
WALL 21200417 1 0 1706817193
WALL 21200417 1 0 1706817194
WALL 21200417 1 0 1706817195
WALL 21200417 1 0 1706817196
WALL 21200417 1 0 1706817197
WALL 21200417 1 0 1706817198
WALL 21200417 1 0 1706817199
WALL 21200417 1 0 1706817200
WALL 21200417 1 0 1706817201
WALL 21200417 1 0 1706817202
WALL 21200417 1 0 1706817203
WALL 21200417 1 0 1706817204
slurmstepd: error: *** JOB 21200417 ON nid200004 CANCELLED AT 2024-02-01T19:53:24 DUE TO PREEMPTION ***
received SIGTERM 1706817204
WALL 21200417 1 0 1706817204
received SIGCONT 1706817204
WALL 21200417 1 0 1706817204
received SIGTERM 1706817204
WALL 21200417 1 0 1706817204
