srun: warning: can't run 1 processes on 4 nodes, setting nnodes to 1
WALL 21197478 1 0 1706814828
WALL 21197478 1 0 1706814829
WALL 21197478 1 0 1706814830
WALL 21197478 1 0 1706814831
WALL 21197478 1 0 1706814832
WALL 21197478 1 0 1706814833
WALL 21197478 1 0 1706814834
WALL 21197478 1 0 1706814835
WALL 21197478 1 0 1706814836
WALL 21197478 1 0 1706814837
WALL 21197478 1 0 1706814838
WALL 21197478 1 0 1706814839
WALL 21197478 1 0 1706814840
WALL 21197478 1 0 1706814841
WALL 21197478 1 0 1706814842
WALL 21197478 1 0 1706814843
WALL 21197478 1 0 1706814844
WALL 21197478 1 0 1706814845
WALL 21197478 1 0 1706814846
WALL 21197478 1 0 1706814847
WALL 21197478 1 0 1706814848
WALL 21197478 1 0 1706814849
WALL 21197478 1 0 1706814850
WALL 21197478 1 0 1706814851
WALL 21197478 1 0 1706814852
WALL 21197478 1 0 1706814853
WALL 21197478 1 0 1706814854
WALL 21197478 1 0 1706814855
WALL 21197478 1 0 1706814856
WALL 21197478 1 0 1706814857
WALL 21197478 1 0 1706814858
WALL 21197478 1 0 1706814859
WALL 21197478 1 0 1706814860
WALL 21197478 1 0 1706814861
WALL 21197478 1 0 1706814862
WALL 21197478 1 0 1706814863
WALL 21197478 1 0 1706814864
WALL 21197478 1 0 1706814865
WALL 21197478 1 0 1706814866
WALL 21197478 1 0 1706814867
WALL 21197478 1 0 1706814868
WALL 21197478 1 0 1706814869
WALL 21197478 1 0 1706814870
WALL 21197478 1 0 1706814871
WALL 21197478 1 0 1706814872
WALL 21197478 1 0 1706814873
WALL 21197478 1 0 1706814874
WALL 21197478 1 0 1706814875
WALL 21197478 1 0 1706814876
WALL 21197478 1 0 1706814877
WALL 21197478 1 0 1706814878
WALL 21197478 1 0 1706814879
WALL 21197478 1 0 1706814880
WALL 21197478 1 0 1706814881
WALL 21197478 1 0 1706814882
WALL 21197478 1 0 1706814883
WALL 21197478 1 0 1706814884
WALL 21197478 1 0 1706814885
WALL 21197478 1 0 1706814886
WALL 21197478 1 0 1706814887
WALL 21197478 1 0 1706814888
WALL 21197478 1 0 1706814889
WALL 21197478 1 0 1706814890
WALL 21197478 1 0 1706814891
WALL 21197478 1 0 1706814892
WALL 21197478 1 0 1706814893
WALL 21197478 1 0 1706814894
WALL 21197478 1 0 1706814895
WALL 21197478 1 0 1706814896
WALL 21197478 1 0 1706814897
WALL 21197478 1 0 1706814898
WALL 21197478 1 0 1706814899
WALL 21197478 1 0 1706814900
WALL 21197478 1 0 1706814901
WALL 21197478 1 0 1706814902
WALL 21197478 1 0 1706814903
WALL 21197478 1 0 1706814904
WALL 21197478 1 0 1706814905
WALL 21197478 1 0 1706814906
WALL 21197478 1 0 1706814907
WALL 21197478 1 0 1706814908
WALL 21197478 1 0 1706814909
WALL 21197478 1 0 1706814910
WALL 21197478 1 0 1706814911
WALL 21197478 1 0 1706814912
WALL 21197478 1 0 1706814913
WALL 21197478 1 0 1706814914
WALL 21197478 1 0 1706814915
WALL 21197478 1 0 1706814916
WALL 21197478 1 0 1706814917
WALL 21197478 1 0 1706814918
WALL 21197478 1 0 1706814919
WALL 21197478 1 0 1706814920
WALL 21197478 1 0 1706814921
WALL 21197478 1 0 1706814922
WALL 21197478 1 0 1706814923
WALL 21197478 1 0 1706814924
WALL 21197478 1 0 1706814925
WALL 21197478 1 0 1706814926
WALL 21197478 1 0 1706814927
WALL 21197478 1 0 1706814928
WALL 21197478 1 0 1706814929
WALL 21197478 1 0 1706814930
WALL 21197478 1 0 1706814931
WALL 21197478 1 0 1706814932
WALL 21197478 1 0 1706814933
WALL 21197478 1 0 1706814934
WALL 21197478 1 0 1706814935
WALL 21197478 1 0 1706814936
WALL 21197478 1 0 1706814937
WALL 21197478 1 0 1706814938
WALL 21197478 1 0 1706814939
WALL 21197478 1 0 1706814940
WALL 21197478 1 0 1706814941
WALL 21197478 1 0 1706814942
WALL 21197478 1 0 1706814943
WALL 21197478 1 0 1706814944
WALL 21197478 1 0 1706814945
WALL 21197478 1 0 1706814946
WALL 21197478 1 0 1706814947
WALL 21197478 1 0 1706814948
WALL 21197478 1 0 1706814949
WALL 21197478 1 0 1706814950
WALL 21197478 1 0 1706814951
WALL 21197478 1 0 1706814952
WALL 21197478 1 0 1706814953
WALL 21197478 1 0 1706814954
WALL 21197478 1 0 1706814955
WALL 21197478 1 0 1706814956
WALL 21197478 1 0 1706814957
WALL 21197478 1 0 1706814958
WALL 21197478 1 0 1706814959
WALL 21197478 1 0 1706814960
WALL 21197478 1 0 1706814961
WALL 21197478 1 0 1706814962
WALL 21197478 1 0 1706814963
WALL 21197478 1 0 1706814964
WALL 21197478 1 0 1706814965
WALL 21197478 1 0 1706814966
WALL 21197478 1 0 1706814967
WALL 21197478 1 0 1706814968
WALL 21197478 1 0 1706814969
WALL 21197478 1 0 1706814970
WALL 21197478 1 0 1706814971
WALL 21197478 1 0 1706814972
WALL 21197478 1 0 1706814973
WALL 21197478 1 0 1706814974
WALL 21197478 1 0 1706814975
WALL 21197478 1 0 1706814976
WALL 21197478 1 0 1706814977
WALL 21197478 1 0 1706814978
WALL 21197478 1 0 1706814979
WALL 21197478 1 0 1706814980
WALL 21197478 1 0 1706814981
WALL 21197478 1 0 1706814982
WALL 21197478 1 0 1706814983
WALL 21197478 1 0 1706814984
WALL 21197478 1 0 1706814985
WALL 21197478 1 0 1706814986
WALL 21197478 1 0 1706814987
WALL 21197478 1 0 1706814988
WALL 21197478 1 0 1706814989
WALL 21197478 1 0 1706814990
WALL 21197478 1 0 1706814991
WALL 21197478 1 0 1706814992
WALL 21197478 1 0 1706814993
WALL 21197478 1 0 1706814994
WALL 21197478 1 0 1706814995
WALL 21197478 1 0 1706814996
WALL 21197478 1 0 1706814997
WALL 21197478 1 0 1706814998
WALL 21197478 1 0 1706814999
WALL 21197478 1 0 1706815000
WALL 21197478 1 0 1706815001
WALL 21197478 1 0 1706815002
WALL 21197478 1 0 1706815003
WALL 21197478 1 0 1706815004
WALL 21197478 1 0 1706815005
WALL 21197478 1 0 1706815006
WALL 21197478 1 0 1706815007
WALL 21197478 1 0 1706815008
WALL 21197478 1 0 1706815009
WALL 21197478 1 0 1706815010
WALL 21197478 1 0 1706815011
WALL 21197478 1 0 1706815012
WALL 21197478 1 0 1706815013
WALL 21197478 1 0 1706815014
WALL 21197478 1 0 1706815015
WALL 21197478 1 0 1706815016
WALL 21197478 1 0 1706815017
WALL 21197478 1 0 1706815018
WALL 21197478 1 0 1706815019
WALL 21197478 1 0 1706815020
WALL 21197478 1 0 1706815021
WALL 21197478 1 0 1706815022
WALL 21197478 1 0 1706815023
WALL 21197478 1 0 1706815024
WALL 21197478 1 0 1706815025
WALL 21197478 1 0 1706815026
WALL 21197478 1 0 1706815027
WALL 21197478 1 0 1706815028
WALL 21197478 1 0 1706815029
WALL 21197478 1 0 1706815030
WALL 21197478 1 0 1706815031
WALL 21197478 1 0 1706815032
WALL 21197478 1 0 1706815033
slurmstepd: error: *** STEP 21197478.0 ON nid200020 CANCELLED AT 2024-02-01T19:17:14 ***
received SIGTERM 1706815034
WALL 21197478 1 0 1706815034
received SIGCONT 1706815034
WALL 21197478 1 0 1706815034
WALL 21197478 1 0 1706815035
WALL 21197478 1 0 1706815036
WALL 21197478 1 0 1706815037
WALL 21197478 1 0 1706815038
WALL 21197478 1 0 1706815039
WALL 21197478 1 0 1706815040
WALL 21197478 1 0 1706815041
WALL 21197478 1 0 1706815042
WALL 21197478 1 0 1706815043
WALL 21197478 1 0 1706815044
WALL 21197478 1 0 1706815045
WALL 21197478 1 0 1706815046
WALL 21197478 1 0 1706815047
WALL 21197478 1 0 1706815048
WALL 21197478 1 0 1706815049
WALL 21197478 1 0 1706815050
WALL 21197478 1 0 1706815051
WALL 21197478 1 0 1706815052
WALL 21197478 1 0 1706815053
WALL 21197478 1 0 1706815054
WALL 21197478 1 0 1706815055
WALL 21197478 1 0 1706815056
WALL 21197478 1 0 1706815057
WALL 21197478 1 0 1706815058
WALL 21197478 1 0 1706815059
WALL 21197478 1 0 1706815060
WALL 21197478 1 0 1706815061
WALL 21197478 1 0 1706815062
WALL 21197478 1 0 1706815063
WALL 21197478 1 0 1706815064
WALL 21197478 1 0 1706815065
WALL 21197478 1 0 1706815066
WALL 21197478 1 0 1706815067
WALL 21197478 1 0 1706815068
WALL 21197478 1 0 1706815069
WALL 21197478 1 0 1706815070
WALL 21197478 1 0 1706815071
WALL 21197478 1 0 1706815072
WALL 21197478 1 0 1706815073
WALL 21197478 1 0 1706815074
WALL 21197478 1 0 1706815075
WALL 21197478 1 0 1706815076
WALL 21197478 1 0 1706815077
WALL 21197478 1 0 1706815078
WALL 21197478 1 0 1706815079
WALL 21197478 1 0 1706815080
WALL 21197478 1 0 1706815081
WALL 21197478 1 0 1706815082
WALL 21197478 1 0 1706815083
WALL 21197478 1 0 1706815084
WALL 21197478 1 0 1706815085
WALL 21197478 1 0 1706815086
WALL 21197478 1 0 1706815087
WALL 21197478 1 0 1706815088
WALL 21197478 1 0 1706815089
WALL 21197478 1 0 1706815090
WALL 21197478 1 0 1706815091
WALL 21197478 1 0 1706815092
WALL 21197478 1 0 1706815093
WALL 21197478 1 0 1706815094
WALL 21197478 1 0 1706815095
WALL 21197478 1 0 1706815096
WALL 21197478 1 0 1706815097
WALL 21197478 1 0 1706815098
WALL 21197478 1 0 1706815099
WALL 21197478 1 0 1706815100
WALL 21197478 1 0 1706815101
WALL 21197478 1 0 1706815102
WALL 21197478 1 0 1706815103
WALL 21197478 1 0 1706815104
WALL 21197478 1 0 1706815105
slurmstepd: error: *** JOB 21197478 ON nid200020 CANCELLED AT 2024-02-01T19:18:25 DUE TO PREEMPTION ***
received SIGTERM 1706815105
WALL 21197478 1 0 1706815105
received SIGCONT 1706815105
WALL 21197478 1 0 1706815105
received SIGTERM 1706815105
WALL 21197478 1 0 1706815105
