srun: warning: can't run 1 processes on 2 nodes, setting nnodes to 1
WALL 21208066 1 0 1706822321
WALL 21208066 1 0 1706822322
WALL 21208066 1 0 1706822323
WALL 21208066 1 0 1706822324
WALL 21208066 1 0 1706822325
WALL 21208066 1 0 1706822326
WALL 21208066 1 0 1706822327
WALL 21208066 1 0 1706822328
WALL 21208066 1 0 1706822329
WALL 21208066 1 0 1706822330
WALL 21208066 1 0 1706822331
WALL 21208066 1 0 1706822332
WALL 21208066 1 0 1706822333
WALL 21208066 1 0 1706822334
WALL 21208066 1 0 1706822335
WALL 21208066 1 0 1706822336
WALL 21208066 1 0 1706822337
WALL 21208066 1 0 1706822338
WALL 21208066 1 0 1706822339
WALL 21208066 1 0 1706822340
WALL 21208066 1 0 1706822341
WALL 21208066 1 0 1706822342
WALL 21208066 1 0 1706822343
WALL 21208066 1 0 1706822344
WALL 21208066 1 0 1706822345
WALL 21208066 1 0 1706822346
WALL 21208066 1 0 1706822347
WALL 21208066 1 0 1706822348
WALL 21208066 1 0 1706822349
WALL 21208066 1 0 1706822350
WALL 21208066 1 0 1706822351
WALL 21208066 1 0 1706822352
WALL 21208066 1 0 1706822353
WALL 21208066 1 0 1706822354
WALL 21208066 1 0 1706822355
WALL 21208066 1 0 1706822356
WALL 21208066 1 0 1706822357
WALL 21208066 1 0 1706822358
WALL 21208066 1 0 1706822359
WALL 21208066 1 0 1706822360
WALL 21208066 1 0 1706822361
WALL 21208066 1 0 1706822362
WALL 21208066 1 0 1706822363
WALL 21208066 1 0 1706822364
WALL 21208066 1 0 1706822365
WALL 21208066 1 0 1706822366
WALL 21208066 1 0 1706822367
WALL 21208066 1 0 1706822368
WALL 21208066 1 0 1706822369
WALL 21208066 1 0 1706822370
WALL 21208066 1 0 1706822371
WALL 21208066 1 0 1706822372
WALL 21208066 1 0 1706822373
WALL 21208066 1 0 1706822374
WALL 21208066 1 0 1706822375
WALL 21208066 1 0 1706822376
WALL 21208066 1 0 1706822377
WALL 21208066 1 0 1706822378
WALL 21208066 1 0 1706822379
WALL 21208066 1 0 1706822380
WALL 21208066 1 0 1706822381
WALL 21208066 1 0 1706822382
WALL 21208066 1 0 1706822383
WALL 21208066 1 0 1706822384
WALL 21208066 1 0 1706822385
WALL 21208066 1 0 1706822386
WALL 21208066 1 0 1706822387
WALL 21208066 1 0 1706822388
WALL 21208066 1 0 1706822389
WALL 21208066 1 0 1706822390
WALL 21208066 1 0 1706822391
WALL 21208066 1 0 1706822392
WALL 21208066 1 0 1706822393
WALL 21208066 1 0 1706822394
WALL 21208066 1 0 1706822395
WALL 21208066 1 0 1706822396
WALL 21208066 1 0 1706822397
WALL 21208066 1 0 1706822398
WALL 21208066 1 0 1706822399
WALL 21208066 1 0 1706822400
WALL 21208066 1 0 1706822401
WALL 21208066 1 0 1706822402
WALL 21208066 1 0 1706822403
WALL 21208066 1 0 1706822404
WALL 21208066 1 0 1706822405
WALL 21208066 1 0 1706822406
WALL 21208066 1 0 1706822407
WALL 21208066 1 0 1706822408
WALL 21208066 1 0 1706822409
WALL 21208066 1 0 1706822410
WALL 21208066 1 0 1706822411
WALL 21208066 1 0 1706822412
WALL 21208066 1 0 1706822413
WALL 21208066 1 0 1706822414
WALL 21208066 1 0 1706822415
WALL 21208066 1 0 1706822416
WALL 21208066 1 0 1706822417
WALL 21208066 1 0 1706822418
WALL 21208066 1 0 1706822419
WALL 21208066 1 0 1706822420
WALL 21208066 1 0 1706822421
WALL 21208066 1 0 1706822422
WALL 21208066 1 0 1706822423
WALL 21208066 1 0 1706822424
WALL 21208066 1 0 1706822425
WALL 21208066 1 0 1706822426
WALL 21208066 1 0 1706822427
WALL 21208066 1 0 1706822428
WALL 21208066 1 0 1706822429
WALL 21208066 1 0 1706822430
WALL 21208066 1 0 1706822431
WALL 21208066 1 0 1706822432
WALL 21208066 1 0 1706822433
WALL 21208066 1 0 1706822434
WALL 21208066 1 0 1706822435
WALL 21208066 1 0 1706822436
WALL 21208066 1 0 1706822437
WALL 21208066 1 0 1706822438
WALL 21208066 1 0 1706822439
WALL 21208066 1 0 1706822440
WALL 21208066 1 0 1706822441
WALL 21208066 1 0 1706822442
WALL 21208066 1 0 1706822443
WALL 21208066 1 0 1706822444
WALL 21208066 1 0 1706822445
WALL 21208066 1 0 1706822446
WALL 21208066 1 0 1706822447
WALL 21208066 1 0 1706822448
WALL 21208066 1 0 1706822449
WALL 21208066 1 0 1706822450
WALL 21208066 1 0 1706822451
WALL 21208066 1 0 1706822452
WALL 21208066 1 0 1706822453
WALL 21208066 1 0 1706822454
WALL 21208066 1 0 1706822455
WALL 21208066 1 0 1706822456
WALL 21208066 1 0 1706822457
WALL 21208066 1 0 1706822458
WALL 21208066 1 0 1706822459
WALL 21208066 1 0 1706822460
WALL 21208066 1 0 1706822461
WALL 21208066 1 0 1706822462
WALL 21208066 1 0 1706822463
WALL 21208066 1 0 1706822464
WALL 21208066 1 0 1706822465
WALL 21208066 1 0 1706822466
WALL 21208066 1 0 1706822467
WALL 21208066 1 0 1706822468
WALL 21208066 1 0 1706822469
WALL 21208066 1 0 1706822470
WALL 21208066 1 0 1706822471
WALL 21208066 1 0 1706822472
WALL 21208066 1 0 1706822473
WALL 21208066 1 0 1706822474
WALL 21208066 1 0 1706822475
WALL 21208066 1 0 1706822476
WALL 21208066 1 0 1706822477
WALL 21208066 1 0 1706822478
WALL 21208066 1 0 1706822479
WALL 21208066 1 0 1706822480
WALL 21208066 1 0 1706822481
WALL 21208066 1 0 1706822482
WALL 21208066 1 0 1706822483
WALL 21208066 1 0 1706822484
WALL 21208066 1 0 1706822485
WALL 21208066 1 0 1706822486
WALL 21208066 1 0 1706822487
WALL 21208066 1 0 1706822488
WALL 21208066 1 0 1706822489
WALL 21208066 1 0 1706822490
WALL 21208066 1 0 1706822491
WALL 21208066 1 0 1706822492
WALL 21208066 1 0 1706822493
WALL 21208066 1 0 1706822494
WALL 21208066 1 0 1706822495
WALL 21208066 1 0 1706822496
WALL 21208066 1 0 1706822497
WALL 21208066 1 0 1706822498
WALL 21208066 1 0 1706822499
WALL 21208066 1 0 1706822500
WALL 21208066 1 0 1706822501
WALL 21208066 1 0 1706822502
WALL 21208066 1 0 1706822503
WALL 21208066 1 0 1706822504
WALL 21208066 1 0 1706822505
WALL 21208066 1 0 1706822506
WALL 21208066 1 0 1706822507
WALL 21208066 1 0 1706822508
WALL 21208066 1 0 1706822509
WALL 21208066 1 0 1706822510
WALL 21208066 1 0 1706822511
WALL 21208066 1 0 1706822512
WALL 21208066 1 0 1706822513
WALL 21208066 1 0 1706822514
WALL 21208066 1 0 1706822515
WALL 21208066 1 0 1706822516
WALL 21208066 1 0 1706822517
WALL 21208066 1 0 1706822518
WALL 21208066 1 0 1706822519
WALL 21208066 1 0 1706822520
WALL 21208066 1 0 1706822521
WALL 21208066 1 0 1706822522
WALL 21208066 1 0 1706822523
WALL 21208066 1 0 1706822524
WALL 21208066 1 0 1706822525
WALL 21208066 1 0 1706822526
WALL 21208066 1 0 1706822527
WALL 21208066 1 0 1706822528
WALL 21208066 1 0 1706822529
WALL 21208066 1 0 1706822530
WALL 21208066 1 0 1706822531
WALL 21208066 1 0 1706822532
WALL 21208066 1 0 1706822533
WALL 21208066 1 0 1706822534
WALL 21208066 1 0 1706822535
WALL 21208066 1 0 1706822536
WALL 21208066 1 0 1706822537
WALL 21208066 1 0 1706822538
WALL 21208066 1 0 1706822539
WALL 21208066 1 0 1706822540
WALL 21208066 1 0 1706822541
WALL 21208066 1 0 1706822542
WALL 21208066 1 0 1706822543
WALL 21208066 1 0 1706822544
WALL 21208066 1 0 1706822545
WALL 21208066 1 0 1706822546
WALL 21208066 1 0 1706822547
WALL 21208066 1 0 1706822548
WALL 21208066 1 0 1706822549
WALL 21208066 1 0 1706822550
WALL 21208066 1 0 1706822551
WALL 21208066 1 0 1706822552
WALL 21208066 1 0 1706822553
WALL 21208066 1 0 1706822554
WALL 21208066 1 0 1706822555
WALL 21208066 1 0 1706822556
WALL 21208066 1 0 1706822557
WALL 21208066 1 0 1706822558
WALL 21208066 1 0 1706822559
WALL 21208066 1 0 1706822560
WALL 21208066 1 0 1706822561
WALL 21208066 1 0 1706822562
WALL 21208066 1 0 1706822563
WALL 21208066 1 0 1706822564
WALL 21208066 1 0 1706822565
WALL 21208066 1 0 1706822566
WALL 21208066 1 0 1706822567
WALL 21208066 1 0 1706822568
WALL 21208066 1 0 1706822569
WALL 21208066 1 0 1706822570
slurmstepd: error: *** STEP 21208066.0 ON nid200000 CANCELLED AT 2024-02-01T21:22:50 ***
received SIGTERM 1706822570
WALL 21208066 1 0 1706822570
received SIGCONT 1706822570
WALL 21208066 1 0 1706822570
WALL 21208066 1 0 1706822571
WALL 21208066 1 0 1706822572
WALL 21208066 1 0 1706822573
WALL 21208066 1 0 1706822574
WALL 21208066 1 0 1706822575
WALL 21208066 1 0 1706822576
WALL 21208066 1 0 1706822577
WALL 21208066 1 0 1706822578
WALL 21208066 1 0 1706822579
WALL 21208066 1 0 1706822580
WALL 21208066 1 0 1706822581
WALL 21208066 1 0 1706822582
WALL 21208066 1 0 1706822583
WALL 21208066 1 0 1706822584
WALL 21208066 1 0 1706822585
WALL 21208066 1 0 1706822586
WALL 21208066 1 0 1706822587
WALL 21208066 1 0 1706822588
WALL 21208066 1 0 1706822589
WALL 21208066 1 0 1706822590
WALL 21208066 1 0 1706822591
WALL 21208066 1 0 1706822592
WALL 21208066 1 0 1706822593
WALL 21208066 1 0 1706822594
WALL 21208066 1 0 1706822595
WALL 21208066 1 0 1706822596
WALL 21208066 1 0 1706822597
WALL 21208066 1 0 1706822598
WALL 21208066 1 0 1706822599
WALL 21208066 1 0 1706822600
WALL 21208066 1 0 1706822601
WALL 21208066 1 0 1706822602
WALL 21208066 1 0 1706822603
WALL 21208066 1 0 1706822604
WALL 21208066 1 0 1706822605
WALL 21208066 1 0 1706822606
WALL 21208066 1 0 1706822607
WALL 21208066 1 0 1706822608
WALL 21208066 1 0 1706822609
WALL 21208066 1 0 1706822610
WALL 21208066 1 0 1706822611
WALL 21208066 1 0 1706822612
WALL 21208066 1 0 1706822613
WALL 21208066 1 0 1706822614
WALL 21208066 1 0 1706822615
WALL 21208066 1 0 1706822616
WALL 21208066 1 0 1706822617
WALL 21208066 1 0 1706822618
WALL 21208066 1 0 1706822619
WALL 21208066 1 0 1706822620
WALL 21208066 1 0 1706822621
WALL 21208066 1 0 1706822622
WALL 21208066 1 0 1706822623
WALL 21208066 1 0 1706822624
WALL 21208066 1 0 1706822625
WALL 21208066 1 0 1706822626
WALL 21208066 1 0 1706822627
WALL 21208066 1 0 1706822628
WALL 21208066 1 0 1706822629
WALL 21208066 1 0 1706822630
WALL 21208066 1 0 1706822631
WALL 21208066 1 0 1706822632
WALL 21208066 1 0 1706822633
WALL 21208066 1 0 1706822634
WALL 21208066 1 0 1706822635
WALL 21208066 1 0 1706822636
WALL 21208066 1 0 1706822637
WALL 21208066 1 0 1706822638
WALL 21208066 1 0 1706822639
WALL 21208066 1 0 1706822640
WALL 21208066 1 0 1706822641
WALL 21208066 1 0 1706822642
slurmstepd: error: *** JOB 21208066 ON nid200000 CANCELLED AT 2024-02-01T21:24:03 DUE TO PREEMPTION ***
received SIGTERM 1706822643
WALL 21208066 1 0 1706822643
received SIGCONT 1706822643
WALL 21208066 1 0 1706822643
received SIGTERM 1706822643
WALL 21208066 1 0 1706822643
