srun: warning: can't run 1 processes on 2 nodes, setting nnodes to 1
WALL 21211388 1 0 1706830250
WALL 21211388 1 0 1706830251
WALL 21211388 1 0 1706830252
WALL 21211388 1 0 1706830253
WALL 21211388 1 0 1706830254
WALL 21211388 1 0 1706830255
WALL 21211388 1 0 1706830256
WALL 21211388 1 0 1706830257
WALL 21211388 1 0 1706830258
WALL 21211388 1 0 1706830259
WALL 21211388 1 0 1706830260
WALL 21211388 1 0 1706830261
WALL 21211388 1 0 1706830262
WALL 21211388 1 0 1706830263
WALL 21211388 1 0 1706830264
WALL 21211388 1 0 1706830265
WALL 21211388 1 0 1706830266
WALL 21211388 1 0 1706830267
WALL 21211388 1 0 1706830268
WALL 21211388 1 0 1706830269
WALL 21211388 1 0 1706830270
WALL 21211388 1 0 1706830271
WALL 21211388 1 0 1706830272
WALL 21211388 1 0 1706830273
WALL 21211388 1 0 1706830274
WALL 21211388 1 0 1706830275
WALL 21211388 1 0 1706830276
WALL 21211388 1 0 1706830277
WALL 21211388 1 0 1706830278
WALL 21211388 1 0 1706830279
WALL 21211388 1 0 1706830280
WALL 21211388 1 0 1706830281
WALL 21211388 1 0 1706830282
WALL 21211388 1 0 1706830283
WALL 21211388 1 0 1706830284
WALL 21211388 1 0 1706830285
WALL 21211388 1 0 1706830286
WALL 21211388 1 0 1706830287
WALL 21211388 1 0 1706830288
WALL 21211388 1 0 1706830289
WALL 21211388 1 0 1706830290
WALL 21211388 1 0 1706830291
WALL 21211388 1 0 1706830292
WALL 21211388 1 0 1706830293
WALL 21211388 1 0 1706830294
WALL 21211388 1 0 1706830295
WALL 21211388 1 0 1706830296
WALL 21211388 1 0 1706830297
WALL 21211388 1 0 1706830298
WALL 21211388 1 0 1706830299
WALL 21211388 1 0 1706830300
WALL 21211388 1 0 1706830301
WALL 21211388 1 0 1706830302
WALL 21211388 1 0 1706830303
WALL 21211388 1 0 1706830304
WALL 21211388 1 0 1706830305
WALL 21211388 1 0 1706830306
WALL 21211388 1 0 1706830307
WALL 21211388 1 0 1706830308
WALL 21211388 1 0 1706830309
WALL 21211388 1 0 1706830310
WALL 21211388 1 0 1706830311
WALL 21211388 1 0 1706830312
WALL 21211388 1 0 1706830313
WALL 21211388 1 0 1706830314
WALL 21211388 1 0 1706830315
WALL 21211388 1 0 1706830316
WALL 21211388 1 0 1706830317
WALL 21211388 1 0 1706830318
WALL 21211388 1 0 1706830319
WALL 21211388 1 0 1706830320
WALL 21211388 1 0 1706830321
WALL 21211388 1 0 1706830322
WALL 21211388 1 0 1706830323
WALL 21211388 1 0 1706830324
WALL 21211388 1 0 1706830325
WALL 21211388 1 0 1706830326
WALL 21211388 1 0 1706830327
WALL 21211388 1 0 1706830328
WALL 21211388 1 0 1706830329
WALL 21211388 1 0 1706830330
WALL 21211388 1 0 1706830331
WALL 21211388 1 0 1706830332
WALL 21211388 1 0 1706830333
WALL 21211388 1 0 1706830334
WALL 21211388 1 0 1706830335
WALL 21211388 1 0 1706830336
WALL 21211388 1 0 1706830337
WALL 21211388 1 0 1706830338
WALL 21211388 1 0 1706830339
received SIGCONT 1706830339
WALL 21211388 1 0 1706830339
slurmstepd: error: *** STEP 21211388.0 ON nid200039 CANCELLED AT 2024-02-01T23:32:19 ***
received SIGTERM 1706830339
WALL 21211388 1 0 1706830339
WALL 21211388 1 0 1706830340
WALL 21211388 1 0 1706830341
WALL 21211388 1 0 1706830342
WALL 21211388 1 0 1706830343
WALL 21211388 1 0 1706830344
WALL 21211388 1 0 1706830345
WALL 21211388 1 0 1706830346
WALL 21211388 1 0 1706830347
WALL 21211388 1 0 1706830348
WALL 21211388 1 0 1706830349
WALL 21211388 1 0 1706830350
WALL 21211388 1 0 1706830351
WALL 21211388 1 0 1706830352
WALL 21211388 1 0 1706830353
WALL 21211388 1 0 1706830354
WALL 21211388 1 0 1706830355
WALL 21211388 1 0 1706830356
WALL 21211388 1 0 1706830357
WALL 21211388 1 0 1706830358
WALL 21211388 1 0 1706830359
WALL 21211388 1 0 1706830360
WALL 21211388 1 0 1706830361
WALL 21211388 1 0 1706830362
WALL 21211388 1 0 1706830363
WALL 21211388 1 0 1706830364
WALL 21211388 1 0 1706830365
WALL 21211388 1 0 1706830366
WALL 21211388 1 0 1706830367
WALL 21211388 1 0 1706830368
WALL 21211388 1 0 1706830369
WALL 21211388 1 0 1706830370
WALL 21211388 1 0 1706830371
WALL 21211388 1 0 1706830372
WALL 21211388 1 0 1706830373
WALL 21211388 1 0 1706830374
WALL 21211388 1 0 1706830375
WALL 21211388 1 0 1706830376
WALL 21211388 1 0 1706830377
WALL 21211388 1 0 1706830378
WALL 21211388 1 0 1706830379
WALL 21211388 1 0 1706830380
WALL 21211388 1 0 1706830381
WALL 21211388 1 0 1706830382
WALL 21211388 1 0 1706830383
WALL 21211388 1 0 1706830384
WALL 21211388 1 0 1706830385
WALL 21211388 1 0 1706830386
WALL 21211388 1 0 1706830387
WALL 21211388 1 0 1706830388
WALL 21211388 1 0 1706830389
WALL 21211388 1 0 1706830390
WALL 21211388 1 0 1706830391
WALL 21211388 1 0 1706830392
WALL 21211388 1 0 1706830393
WALL 21211388 1 0 1706830394
WALL 21211388 1 0 1706830395
WALL 21211388 1 0 1706830396
WALL 21211388 1 0 1706830397
WALL 21211388 1 0 1706830398
WALL 21211388 1 0 1706830399
WALL 21211388 1 0 1706830400
WALL 21211388 1 0 1706830401
WALL 21211388 1 0 1706830402
WALL 21211388 1 0 1706830403
WALL 21211388 1 0 1706830404
slurmstepd: error: *** JOB 21211388 ON nid200039 CANCELLED AT 2024-02-01T23:33:25 DUE TO PREEMPTION ***
received SIGTERM 1706830405
WALL 21211388 1 0 1706830405
received SIGCONT 1706830405
WALL 21211388 1 0 1706830405
received SIGTERM 1706830405
WALL 21211388 1 0 1706830405
