srun: warning: can't run 1 processes on 16 nodes, setting nnodes to 1
WALL 21207914 1 0 1706821885
WALL 21207914 1 0 1706821886
WALL 21207914 1 0 1706821887
WALL 21207914 1 0 1706821888
WALL 21207914 1 0 1706821889
WALL 21207914 1 0 1706821890
WALL 21207914 1 0 1706821891
WALL 21207914 1 0 1706821892
WALL 21207914 1 0 1706821893
WALL 21207914 1 0 1706821894
WALL 21207914 1 0 1706821895
WALL 21207914 1 0 1706821896
WALL 21207914 1 0 1706821897
WALL 21207914 1 0 1706821898
WALL 21207914 1 0 1706821899
WALL 21207914 1 0 1706821900
WALL 21207914 1 0 1706821901
WALL 21207914 1 0 1706821902
WALL 21207914 1 0 1706821903
WALL 21207914 1 0 1706821904
WALL 21207914 1 0 1706821905
WALL 21207914 1 0 1706821906
WALL 21207914 1 0 1706821907
WALL 21207914 1 0 1706821908
WALL 21207914 1 0 1706821909
WALL 21207914 1 0 1706821910
WALL 21207914 1 0 1706821911
WALL 21207914 1 0 1706821912
WALL 21207914 1 0 1706821913
WALL 21207914 1 0 1706821914
WALL 21207914 1 0 1706821915
WALL 21207914 1 0 1706821916
WALL 21207914 1 0 1706821917
WALL 21207914 1 0 1706821918
WALL 21207914 1 0 1706821919
WALL 21207914 1 0 1706821920
WALL 21207914 1 0 1706821921
WALL 21207914 1 0 1706821922
WALL 21207914 1 0 1706821923
WALL 21207914 1 0 1706821924
WALL 21207914 1 0 1706821925
WALL 21207914 1 0 1706821926
WALL 21207914 1 0 1706821927
WALL 21207914 1 0 1706821928
WALL 21207914 1 0 1706821929
WALL 21207914 1 0 1706821930
WALL 21207914 1 0 1706821931
WALL 21207914 1 0 1706821932
WALL 21207914 1 0 1706821933
WALL 21207914 1 0 1706821934
WALL 21207914 1 0 1706821935
slurmstepd: error: *** STEP 21207914.0 ON nid200004 CANCELLED AT 2024-02-01T21:12:15 ***
received SIGTERM 1706821935
WALL 21207914 1 0 1706821935
received SIGCONT 1706821935
WALL 21207914 1 0 1706821935
WALL 21207914 1 0 1706821936
WALL 21207914 1 0 1706821937
WALL 21207914 1 0 1706821938
WALL 21207914 1 0 1706821939
WALL 21207914 1 0 1706821940
WALL 21207914 1 0 1706821941
WALL 21207914 1 0 1706821942
WALL 21207914 1 0 1706821943
WALL 21207914 1 0 1706821944
WALL 21207914 1 0 1706821945
WALL 21207914 1 0 1706821946
WALL 21207914 1 0 1706821947
WALL 21207914 1 0 1706821948
WALL 21207914 1 0 1706821949
WALL 21207914 1 0 1706821950
WALL 21207914 1 0 1706821951
WALL 21207914 1 0 1706821952
WALL 21207914 1 0 1706821953
WALL 21207914 1 0 1706821954
WALL 21207914 1 0 1706821955
WALL 21207914 1 0 1706821956
WALL 21207914 1 0 1706821957
WALL 21207914 1 0 1706821958
WALL 21207914 1 0 1706821959
WALL 21207914 1 0 1706821960
WALL 21207914 1 0 1706821961
WALL 21207914 1 0 1706821962
WALL 21207914 1 0 1706821963
WALL 21207914 1 0 1706821964
WALL 21207914 1 0 1706821965
WALL 21207914 1 0 1706821966
WALL 21207914 1 0 1706821967
WALL 21207914 1 0 1706821968
WALL 21207914 1 0 1706821969
WALL 21207914 1 0 1706821970
WALL 21207914 1 0 1706821971
WALL 21207914 1 0 1706821972
WALL 21207914 1 0 1706821973
WALL 21207914 1 0 1706821974
WALL 21207914 1 0 1706821975
WALL 21207914 1 0 1706821976
WALL 21207914 1 0 1706821977
WALL 21207914 1 0 1706821978
WALL 21207914 1 0 1706821979
WALL 21207914 1 0 1706821980
WALL 21207914 1 0 1706821981
WALL 21207914 1 0 1706821982
WALL 21207914 1 0 1706821983
WALL 21207914 1 0 1706821984
WALL 21207914 1 0 1706821985
WALL 21207914 1 0 1706821986
WALL 21207914 1 0 1706821987
WALL 21207914 1 0 1706821988
WALL 21207914 1 0 1706821989
WALL 21207914 1 0 1706821990
WALL 21207914 1 0 1706821991
WALL 21207914 1 0 1706821992
WALL 21207914 1 0 1706821993
WALL 21207914 1 0 1706821994
WALL 21207914 1 0 1706821995
WALL 21207914 1 0 1706821996
WALL 21207914 1 0 1706821997
WALL 21207914 1 0 1706821998
WALL 21207914 1 0 1706821999
WALL 21207914 1 0 1706822000
WALL 21207914 1 0 1706822001
WALL 21207914 1 0 1706822002
WALL 21207914 1 0 1706822003
WALL 21207914 1 0 1706822004
WALL 21207914 1 0 1706822005
WALL 21207914 1 0 1706822006
WALL 21207914 1 0 1706822007
WALL 21207914 1 0 1706822008
WALL 21207914 1 0 1706822009
WALL 21207914 1 0 1706822010
WALL 21207914 1 0 1706822011
WALL 21207914 1 0 1706822012
WALL 21207914 1 0 1706822013
WALL 21207914 1 0 1706822014
WALL 21207914 1 0 1706822015
WALL 21207914 1 0 1706822016
WALL 21207914 1 0 1706822017
WALL 21207914 1 0 1706822018
WALL 21207914 1 0 1706822019
WALL 21207914 1 0 1706822020
WALL 21207914 1 0 1706822021
WALL 21207914 1 0 1706822022
WALL 21207914 1 0 1706822023
WALL 21207914 1 0 1706822024
WALL 21207914 1 0 1706822025
slurmstepd: error: *** JOB 21207914 ON nid200004 CANCELLED AT 2024-02-01T21:13:46 DUE TO PREEMPTION ***
received SIGTERM 1706822026
WALL 21207914 1 0 1706822026
received SIGCONT 1706822026
WALL 21207914 1 0 1706822026
received SIGTERM 1706822026
WALL 21207914 1 0 1706822026
