WALL 21154677 1 0 1706744207
WALL 21154677 1 0 1706744208
WALL 21154677 1 0 1706744209
WALL 21154677 1 0 1706744210
WALL 21154677 1 0 1706744211
WALL 21154677 1 0 1706744212
WALL 21154677 1 0 1706744213
WALL 21154677 1 0 1706744214
WALL 21154677 1 0 1706744215
WALL 21154677 1 0 1706744216
WALL 21154677 1 0 1706744217
WALL 21154677 1 0 1706744218
WALL 21154677 1 0 1706744219
WALL 21154677 1 0 1706744220
WALL 21154677 1 0 1706744221
WALL 21154677 1 0 1706744222
WALL 21154677 1 0 1706744223
WALL 21154677 1 0 1706744224
WALL 21154677 1 0 1706744225
WALL 21154677 1 0 1706744226
WALL 21154677 1 0 1706744227
WALL 21154677 1 0 1706744228
WALL 21154677 1 0 1706744229
WALL 21154677 1 0 1706744230
WALL 21154677 1 0 1706744231
WALL 21154677 1 0 1706744232
WALL 21154677 1 0 1706744233
WALL 21154677 1 0 1706744234
WALL 21154677 1 0 1706744235
WALL 21154677 1 0 1706744236
WALL 21154677 1 0 1706744237
WALL 21154677 1 0 1706744238
WALL 21154677 1 0 1706744239
WALL 21154677 1 0 1706744240
WALL 21154677 1 0 1706744241
WALL 21154677 1 0 1706744242
WALL 21154677 1 0 1706744243
WALL 21154677 1 0 1706744244
WALL 21154677 1 0 1706744245
WALL 21154677 1 0 1706744246
WALL 21154677 1 0 1706744247
WALL 21154677 1 0 1706744248
WALL 21154677 1 0 1706744249
WALL 21154677 1 0 1706744250
WALL 21154677 1 0 1706744251
WALL 21154677 1 0 1706744252
WALL 21154677 1 0 1706744253
WALL 21154677 1 0 1706744254
WALL 21154677 1 0 1706744255
WALL 21154677 1 0 1706744256
WALL 21154677 1 0 1706744257
WALL 21154677 1 0 1706744258
WALL 21154677 1 0 1706744259
WALL 21154677 1 0 1706744260
WALL 21154677 1 0 1706744261
WALL 21154677 1 0 1706744262
WALL 21154677 1 0 1706744263
WALL 21154677 1 0 1706744264
WALL 21154677 1 0 1706744265
WALL 21154677 1 0 1706744266
WALL 21154677 1 0 1706744267
WALL 21154677 1 0 1706744268
WALL 21154677 1 0 1706744269
WALL 21154677 1 0 1706744270
WALL 21154677 1 0 1706744271
WALL 21154677 1 0 1706744272
WALL 21154677 1 0 1706744273
WALL 21154677 1 0 1706744274
WALL 21154677 1 0 1706744275
WALL 21154677 1 0 1706744276
WALL 21154677 1 0 1706744277
WALL 21154677 1 0 1706744278
WALL 21154677 1 0 1706744279
WALL 21154677 1 0 1706744280
WALL 21154677 1 0 1706744281
WALL 21154677 1 0 1706744282
WALL 21154677 1 0 1706744283
WALL 21154677 1 0 1706744284
WALL 21154677 1 0 1706744285
WALL 21154677 1 0 1706744286
WALL 21154677 1 0 1706744287
WALL 21154677 1 0 1706744288
WALL 21154677 1 0 1706744289
WALL 21154677 1 0 1706744290
WALL 21154677 1 0 1706744291
slurmstepd: error: *** STEP 21154677.0 ON nid200023 CANCELLED AT 2024-01-31T23:38:11 ***
received SIGTERM 1706744291
WALL 21154677 1 0 1706744291
received SIGCONT 1706744291
WALL 21154677 1 0 1706744291
WALL 21154677 1 0 1706744292
WALL 21154677 1 0 1706744293
WALL 21154677 1 0 1706744294
WALL 21154677 1 0 1706744295
WALL 21154677 1 0 1706744296
WALL 21154677 1 0 1706744297
WALL 21154677 1 0 1706744298
WALL 21154677 1 0 1706744299
WALL 21154677 1 0 1706744300
WALL 21154677 1 0 1706744301
WALL 21154677 1 0 1706744302
WALL 21154677 1 0 1706744303
WALL 21154677 1 0 1706744304
WALL 21154677 1 0 1706744305
WALL 21154677 1 0 1706744306
WALL 21154677 1 0 1706744307
WALL 21154677 1 0 1706744308
WALL 21154677 1 0 1706744309
WALL 21154677 1 0 1706744310
WALL 21154677 1 0 1706744311
WALL 21154677 1 0 1706744312
WALL 21154677 1 0 1706744313
WALL 21154677 1 0 1706744314
WALL 21154677 1 0 1706744315
WALL 21154677 1 0 1706744316
WALL 21154677 1 0 1706744317
WALL 21154677 1 0 1706744318
WALL 21154677 1 0 1706744319
WALL 21154677 1 0 1706744320
WALL 21154677 1 0 1706744321
WALL 21154677 1 0 1706744322
WALL 21154677 1 0 1706744323
WALL 21154677 1 0 1706744324
WALL 21154677 1 0 1706744325
WALL 21154677 1 0 1706744326
WALL 21154677 1 0 1706744327
WALL 21154677 1 0 1706744328
WALL 21154677 1 0 1706744329
WALL 21154677 1 0 1706744330
WALL 21154677 1 0 1706744331
WALL 21154677 1 0 1706744332
WALL 21154677 1 0 1706744333
WALL 21154677 1 0 1706744334
WALL 21154677 1 0 1706744335
WALL 21154677 1 0 1706744336
WALL 21154677 1 0 1706744337
WALL 21154677 1 0 1706744338
WALL 21154677 1 0 1706744339
WALL 21154677 1 0 1706744340
WALL 21154677 1 0 1706744341
WALL 21154677 1 0 1706744342
WALL 21154677 1 0 1706744343
WALL 21154677 1 0 1706744344
WALL 21154677 1 0 1706744345
WALL 21154677 1 0 1706744346
WALL 21154677 1 0 1706744347
WALL 21154677 1 0 1706744348
WALL 21154677 1 0 1706744349
WALL 21154677 1 0 1706744350
slurmstepd: error: *** JOB 21154677 ON nid200023 CANCELLED AT 2024-01-31T23:39:10 DUE TO PREEMPTION ***
received SIGTERM 1706744350
WALL 21154677 1 0 1706744350
received SIGCONT 1706744350
WALL 21154677 1 0 1706744350
received SIGTERM 1706744350
WALL 21154677 1 0 1706744350
