WALL 21250355 1 0 1706921387
WALL 21250355 1 0 1706921388
WALL 21250355 1 0 1706921389
WALL 21250355 1 0 1706921390
WALL 21250355 1 0 1706921391
WALL 21250355 1 0 1706921392
WALL 21250355 1 0 1706921393
WALL 21250355 1 0 1706921394
WALL 21250355 1 0 1706921395
WALL 21250355 1 0 1706921396
WALL 21250355 1 0 1706921397
WALL 21250355 1 0 1706921398
WALL 21250355 1 0 1706921399
WALL 21250355 1 0 1706921400
WALL 21250355 1 0 1706921401
WALL 21250355 1 0 1706921402
WALL 21250355 1 0 1706921403
WALL 21250355 1 0 1706921404
WALL 21250355 1 0 1706921405
WALL 21250355 1 0 1706921406
WALL 21250355 1 0 1706921407
WALL 21250355 1 0 1706921408
WALL 21250355 1 0 1706921409
WALL 21250355 1 0 1706921410
WALL 21250355 1 0 1706921411
WALL 21250355 1 0 1706921412
WALL 21250355 1 0 1706921413
WALL 21250355 1 0 1706921414
WALL 21250355 1 0 1706921415
WALL 21250355 1 0 1706921416
WALL 21250355 1 0 1706921417
WALL 21250355 1 0 1706921418
WALL 21250355 1 0 1706921419
WALL 21250355 1 0 1706921420
WALL 21250355 1 0 1706921421
WALL 21250355 1 0 1706921422
WALL 21250355 1 0 1706921423
WALL 21250355 1 0 1706921424
WALL 21250355 1 0 1706921425
WALL 21250355 1 0 1706921426
WALL 21250355 1 0 1706921427
WALL 21250355 1 0 1706921428
WALL 21250355 1 0 1706921429
WALL 21250355 1 0 1706921430
WALL 21250355 1 0 1706921431
WALL 21250355 1 0 1706921432
WALL 21250355 1 0 1706921433
WALL 21250355 1 0 1706921434
WALL 21250355 1 0 1706921435
WALL 21250355 1 0 1706921436
WALL 21250355 1 0 1706921437
WALL 21250355 1 0 1706921438
WALL 21250355 1 0 1706921439
WALL 21250355 1 0 1706921440
WALL 21250355 1 0 1706921441
WALL 21250355 1 0 1706921442
WALL 21250355 1 0 1706921443
WALL 21250355 1 0 1706921444
WALL 21250355 1 0 1706921445
WALL 21250355 1 0 1706921446
WALL 21250355 1 0 1706921447
WALL 21250355 1 0 1706921448
WALL 21250355 1 0 1706921449
WALL 21250355 1 0 1706921450
WALL 21250355 1 0 1706921451
WALL 21250355 1 0 1706921452
WALL 21250355 1 0 1706921453
WALL 21250355 1 0 1706921454
WALL 21250355 1 0 1706921455
WALL 21250355 1 0 1706921456
WALL 21250355 1 0 1706921457
WALL 21250355 1 0 1706921458
WALL 21250355 1 0 1706921459
WALL 21250355 1 0 1706921460
WALL 21250355 1 0 1706921461
WALL 21250355 1 0 1706921462
WALL 21250355 1 0 1706921463
WALL 21250355 1 0 1706921464
WALL 21250355 1 0 1706921465
WALL 21250355 1 0 1706921466
WALL 21250355 1 0 1706921467
WALL 21250355 1 0 1706921468
WALL 21250355 1 0 1706921469
WALL 21250355 1 0 1706921470
WALL 21250355 1 0 1706921471
WALL 21250355 1 0 1706921472
WALL 21250355 1 0 1706921473
WALL 21250355 1 0 1706921474
WALL 21250355 1 0 1706921475
WALL 21250355 1 0 1706921476
WALL 21250355 1 0 1706921477
WALL 21250355 1 0 1706921478
WALL 21250355 1 0 1706921479
WALL 21250355 1 0 1706921480
WALL 21250355 1 0 1706921481
WALL 21250355 1 0 1706921482
WALL 21250355 1 0 1706921483
WALL 21250355 1 0 1706921484
WALL 21250355 1 0 1706921485
WALL 21250355 1 0 1706921486
WALL 21250355 1 0 1706921487
WALL 21250355 1 0 1706921488
WALL 21250355 1 0 1706921489
WALL 21250355 1 0 1706921490
WALL 21250355 1 0 1706921491
WALL 21250355 1 0 1706921492
WALL 21250355 1 0 1706921493
WALL 21250355 1 0 1706921494
WALL 21250355 1 0 1706921495
WALL 21250355 1 0 1706921496
WALL 21250355 1 0 1706921497
WALL 21250355 1 0 1706921498
WALL 21250355 1 0 1706921499
WALL 21250355 1 0 1706921500
WALL 21250355 1 0 1706921501
WALL 21250355 1 0 1706921502
WALL 21250355 1 0 1706921503
WALL 21250355 1 0 1706921504
WALL 21250355 1 0 1706921505
WALL 21250355 1 0 1706921506
WALL 21250355 1 0 1706921507
WALL 21250355 1 0 1706921508
WALL 21250355 1 0 1706921509
WALL 21250355 1 0 1706921510
WALL 21250355 1 0 1706921511
WALL 21250355 1 0 1706921512
WALL 21250355 1 0 1706921513
WALL 21250355 1 0 1706921514
WALL 21250355 1 0 1706921515
WALL 21250355 1 0 1706921516
WALL 21250355 1 0 1706921517
WALL 21250355 1 0 1706921518
WALL 21250355 1 0 1706921519
WALL 21250355 1 0 1706921520
WALL 21250355 1 0 1706921521
WALL 21250355 1 0 1706921522
WALL 21250355 1 0 1706921523
WALL 21250355 1 0 1706921524
WALL 21250355 1 0 1706921525
WALL 21250355 1 0 1706921526
WALL 21250355 1 0 1706921527
WALL 21250355 1 0 1706921528
WALL 21250355 1 0 1706921529
WALL 21250355 1 0 1706921530
WALL 21250355 1 0 1706921531
WALL 21250355 1 0 1706921532
WALL 21250355 1 0 1706921533
WALL 21250355 1 0 1706921534
WALL 21250355 1 0 1706921535
WALL 21250355 1 0 1706921536
WALL 21250355 1 0 1706921537
WALL 21250355 1 0 1706921538
WALL 21250355 1 0 1706921539
WALL 21250355 1 0 1706921540
WALL 21250355 1 0 1706921541
WALL 21250355 1 0 1706921542
WALL 21250355 1 0 1706921543
WALL 21250355 1 0 1706921544
WALL 21250355 1 0 1706921545
WALL 21250355 1 0 1706921546
WALL 21250355 1 0 1706921547
WALL 21250355 1 0 1706921548
WALL 21250355 1 0 1706921549
WALL 21250355 1 0 1706921550
WALL 21250355 1 0 1706921551
WALL 21250355 1 0 1706921552
WALL 21250355 1 0 1706921553
WALL 21250355 1 0 1706921554
WALL 21250355 1 0 1706921555
WALL 21250355 1 0 1706921556
WALL 21250355 1 0 1706921557
WALL 21250355 1 0 1706921558
WALL 21250355 1 0 1706921559
WALL 21250355 1 0 1706921560
WALL 21250355 1 0 1706921561
WALL 21250355 1 0 1706921562
WALL 21250355 1 0 1706921563
WALL 21250355 1 0 1706921564
WALL 21250355 1 0 1706921565
WALL 21250355 1 0 1706921566
WALL 21250355 1 0 1706921567
WALL 21250355 1 0 1706921568
WALL 21250355 1 0 1706921569
WALL 21250355 1 0 1706921570
WALL 21250355 1 0 1706921571
WALL 21250355 1 0 1706921572
WALL 21250355 1 0 1706921573
WALL 21250355 1 0 1706921574
WALL 21250355 1 0 1706921575
WALL 21250355 1 0 1706921576
WALL 21250355 1 0 1706921577
WALL 21250355 1 0 1706921578
WALL 21250355 1 0 1706921579
WALL 21250355 1 0 1706921580
WALL 21250355 1 0 1706921581
WALL 21250355 1 0 1706921582
WALL 21250355 1 0 1706921583
WALL 21250355 1 0 1706921584
WALL 21250355 1 0 1706921585
WALL 21250355 1 0 1706921586
WALL 21250355 1 0 1706921587
WALL 21250355 1 0 1706921588
WALL 21250355 1 0 1706921589
WALL 21250355 1 0 1706921590
WALL 21250355 1 0 1706921591
WALL 21250355 1 0 1706921592
WALL 21250355 1 0 1706921593
WALL 21250355 1 0 1706921594
WALL 21250355 1 0 1706921595
WALL 21250355 1 0 1706921596
WALL 21250355 1 0 1706921597
WALL 21250355 1 0 1706921598
WALL 21250355 1 0 1706921599
WALL 21250355 1 0 1706921600
WALL 21250355 1 0 1706921601
WALL 21250355 1 0 1706921602
WALL 21250355 1 0 1706921603
WALL 21250355 1 0 1706921604
WALL 21250355 1 0 1706921605
WALL 21250355 1 0 1706921606
WALL 21250355 1 0 1706921607
WALL 21250355 1 0 1706921608
WALL 21250355 1 0 1706921609
WALL 21250355 1 0 1706921610
WALL 21250355 1 0 1706921611
WALL 21250355 1 0 1706921612
WALL 21250355 1 0 1706921613
WALL 21250355 1 0 1706921614
WALL 21250355 1 0 1706921615
WALL 21250355 1 0 1706921616
WALL 21250355 1 0 1706921617
WALL 21250355 1 0 1706921618
WALL 21250355 1 0 1706921619
WALL 21250355 1 0 1706921620
WALL 21250355 1 0 1706921621
WALL 21250355 1 0 1706921622
WALL 21250355 1 0 1706921623
WALL 21250355 1 0 1706921624
WALL 21250355 1 0 1706921625
WALL 21250355 1 0 1706921626
WALL 21250355 1 0 1706921627
WALL 21250355 1 0 1706921628
WALL 21250355 1 0 1706921629
WALL 21250355 1 0 1706921630
WALL 21250355 1 0 1706921631
WALL 21250355 1 0 1706921632
WALL 21250355 1 0 1706921633
WALL 21250355 1 0 1706921634
WALL 21250355 1 0 1706921635
WALL 21250355 1 0 1706921636
WALL 21250355 1 0 1706921637
WALL 21250355 1 0 1706921638
WALL 21250355 1 0 1706921639
WALL 21250355 1 0 1706921640
WALL 21250355 1 0 1706921641
WALL 21250355 1 0 1706921642
WALL 21250355 1 0 1706921643
WALL 21250355 1 0 1706921644
WALL 21250355 1 0 1706921645
WALL 21250355 1 0 1706921646
WALL 21250355 1 0 1706921647
WALL 21250355 1 0 1706921648
WALL 21250355 1 0 1706921649
WALL 21250355 1 0 1706921650
WALL 21250355 1 0 1706921651
WALL 21250355 1 0 1706921652
WALL 21250355 1 0 1706921653
WALL 21250355 1 0 1706921654
WALL 21250355 1 0 1706921655
WALL 21250355 1 0 1706921656
WALL 21250355 1 0 1706921657
WALL 21250355 1 0 1706921658
WALL 21250355 1 0 1706921659
WALL 21250355 1 0 1706921660
WALL 21250355 1 0 1706921661
WALL 21250355 1 0 1706921662
WALL 21250355 1 0 1706921663
WALL 21250355 1 0 1706921664
WALL 21250355 1 0 1706921665
WALL 21250355 1 0 1706921666
WALL 21250355 1 0 1706921667
WALL 21250355 1 0 1706921668
WALL 21250355 1 0 1706921669
WALL 21250355 1 0 1706921670
WALL 21250355 1 0 1706921671
WALL 21250355 1 0 1706921672
WALL 21250355 1 0 1706921673
WALL 21250355 1 0 1706921674
WALL 21250355 1 0 1706921675
WALL 21250355 1 0 1706921676
WALL 21250355 1 0 1706921677
WALL 21250355 1 0 1706921678
WALL 21250355 1 0 1706921679
WALL 21250355 1 0 1706921680
WALL 21250355 1 0 1706921681
WALL 21250355 1 0 1706921682
WALL 21250355 1 0 1706921683
WALL 21250355 1 0 1706921684
WALL 21250355 1 0 1706921685
WALL 21250355 1 0 1706921686
WALL 21250355 1 0 1706921687
WALL 21250355 1 0 1706921688
WALL 21250355 1 0 1706921689
WALL 21250355 1 0 1706921690
WALL 21250355 1 0 1706921691
WALL 21250355 1 0 1706921692
WALL 21250355 1 0 1706921693
WALL 21250355 1 0 1706921694
WALL 21250355 1 0 1706921695
WALL 21250355 1 0 1706921696
WALL 21250355 1 0 1706921697
WALL 21250355 1 0 1706921698
WALL 21250355 1 0 1706921699
WALL 21250355 1 0 1706921700
WALL 21250355 1 0 1706921701
WALL 21250355 1 0 1706921702
WALL 21250355 1 0 1706921703
WALL 21250355 1 0 1706921704
WALL 21250355 1 0 1706921705
WALL 21250355 1 0 1706921706
WALL 21250355 1 0 1706921707
WALL 21250355 1 0 1706921708
WALL 21250355 1 0 1706921709
WALL 21250355 1 0 1706921710
WALL 21250355 1 0 1706921711
WALL 21250355 1 0 1706921712
WALL 21250355 1 0 1706921713
WALL 21250355 1 0 1706921714
WALL 21250355 1 0 1706921715
WALL 21250355 1 0 1706921716
WALL 21250355 1 0 1706921717
WALL 21250355 1 0 1706921718
WALL 21250355 1 0 1706921719
WALL 21250355 1 0 1706921720
WALL 21250355 1 0 1706921721
WALL 21250355 1 0 1706921722
WALL 21250355 1 0 1706921723
WALL 21250355 1 0 1706921724
WALL 21250355 1 0 1706921725
WALL 21250355 1 0 1706921726
WALL 21250355 1 0 1706921727
WALL 21250355 1 0 1706921728
WALL 21250355 1 0 1706921729
WALL 21250355 1 0 1706921730
WALL 21250355 1 0 1706921731
WALL 21250355 1 0 1706921732
WALL 21250355 1 0 1706921733
WALL 21250355 1 0 1706921734
WALL 21250355 1 0 1706921735
WALL 21250355 1 0 1706921736
WALL 21250355 1 0 1706921737
WALL 21250355 1 0 1706921738
WALL 21250355 1 0 1706921739
WALL 21250355 1 0 1706921740
WALL 21250355 1 0 1706921741
WALL 21250355 1 0 1706921742
WALL 21250355 1 0 1706921743
WALL 21250355 1 0 1706921744
WALL 21250355 1 0 1706921745
WALL 21250355 1 0 1706921746
WALL 21250355 1 0 1706921747
WALL 21250355 1 0 1706921748
WALL 21250355 1 0 1706921749
WALL 21250355 1 0 1706921750
WALL 21250355 1 0 1706921751
WALL 21250355 1 0 1706921752
WALL 21250355 1 0 1706921753
WALL 21250355 1 0 1706921754
WALL 21250355 1 0 1706921755
WALL 21250355 1 0 1706921756
WALL 21250355 1 0 1706921757
WALL 21250355 1 0 1706921758
WALL 21250355 1 0 1706921759
WALL 21250355 1 0 1706921760
WALL 21250355 1 0 1706921761
WALL 21250355 1 0 1706921762
WALL 21250355 1 0 1706921763
WALL 21250355 1 0 1706921764
WALL 21250355 1 0 1706921765
WALL 21250355 1 0 1706921766
WALL 21250355 1 0 1706921767
WALL 21250355 1 0 1706921768
WALL 21250355 1 0 1706921769
WALL 21250355 1 0 1706921770
WALL 21250355 1 0 1706921771
WALL 21250355 1 0 1706921772
WALL 21250355 1 0 1706921773
WALL 21250355 1 0 1706921774
WALL 21250355 1 0 1706921775
WALL 21250355 1 0 1706921776
WALL 21250355 1 0 1706921777
WALL 21250355 1 0 1706921778
WALL 21250355 1 0 1706921779
WALL 21250355 1 0 1706921780
WALL 21250355 1 0 1706921781
WALL 21250355 1 0 1706921782
WALL 21250355 1 0 1706921783
WALL 21250355 1 0 1706921784
WALL 21250355 1 0 1706921785
WALL 21250355 1 0 1706921786
WALL 21250355 1 0 1706921787
WALL 21250355 1 0 1706921788
WALL 21250355 1 0 1706921789
WALL 21250355 1 0 1706921790
WALL 21250355 1 0 1706921791
WALL 21250355 1 0 1706921792
WALL 21250355 1 0 1706921793
WALL 21250355 1 0 1706921794
WALL 21250355 1 0 1706921795
WALL 21250355 1 0 1706921796
WALL 21250355 1 0 1706921797
WALL 21250355 1 0 1706921798
WALL 21250355 1 0 1706921799
WALL 21250355 1 0 1706921800
WALL 21250355 1 0 1706921801
WALL 21250355 1 0 1706921802
WALL 21250355 1 0 1706921803
WALL 21250355 1 0 1706921804
WALL 21250355 1 0 1706921805
WALL 21250355 1 0 1706921806
WALL 21250355 1 0 1706921807
WALL 21250355 1 0 1706921808
WALL 21250355 1 0 1706921809
WALL 21250355 1 0 1706921810
WALL 21250355 1 0 1706921811
WALL 21250355 1 0 1706921812
WALL 21250355 1 0 1706921813
WALL 21250355 1 0 1706921814
WALL 21250355 1 0 1706921815
WALL 21250355 1 0 1706921816
WALL 21250355 1 0 1706921817
WALL 21250355 1 0 1706921818
WALL 21250355 1 0 1706921819
WALL 21250355 1 0 1706921820
WALL 21250355 1 0 1706921821
WALL 21250355 1 0 1706921822
WALL 21250355 1 0 1706921823
WALL 21250355 1 0 1706921824
WALL 21250355 1 0 1706921825
WALL 21250355 1 0 1706921826
WALL 21250355 1 0 1706921827
WALL 21250355 1 0 1706921828
WALL 21250355 1 0 1706921829
WALL 21250355 1 0 1706921830
WALL 21250355 1 0 1706921831
WALL 21250355 1 0 1706921832
WALL 21250355 1 0 1706921833
WALL 21250355 1 0 1706921834
WALL 21250355 1 0 1706921835
WALL 21250355 1 0 1706921836
WALL 21250355 1 0 1706921837
WALL 21250355 1 0 1706921838
WALL 21250355 1 0 1706921839
WALL 21250355 1 0 1706921840
WALL 21250355 1 0 1706921841
WALL 21250355 1 0 1706921842
WALL 21250355 1 0 1706921843
WALL 21250355 1 0 1706921844
WALL 21250355 1 0 1706921845
WALL 21250355 1 0 1706921846
WALL 21250355 1 0 1706921847
WALL 21250355 1 0 1706921848
WALL 21250355 1 0 1706921849
WALL 21250355 1 0 1706921850
WALL 21250355 1 0 1706921851
WALL 21250355 1 0 1706921852
WALL 21250355 1 0 1706921853
WALL 21250355 1 0 1706921854
WALL 21250355 1 0 1706921855
WALL 21250355 1 0 1706921856
WALL 21250355 1 0 1706921857
WALL 21250355 1 0 1706921858
WALL 21250355 1 0 1706921859
WALL 21250355 1 0 1706921860
WALL 21250355 1 0 1706921861
WALL 21250355 1 0 1706921862
WALL 21250355 1 0 1706921863
WALL 21250355 1 0 1706921864
WALL 21250355 1 0 1706921865
WALL 21250355 1 0 1706921866
WALL 21250355 1 0 1706921867
WALL 21250355 1 0 1706921868
WALL 21250355 1 0 1706921869
WALL 21250355 1 0 1706921870
WALL 21250355 1 0 1706921871
WALL 21250355 1 0 1706921872
WALL 21250355 1 0 1706921873
WALL 21250355 1 0 1706921874
WALL 21250355 1 0 1706921875
WALL 21250355 1 0 1706921876
WALL 21250355 1 0 1706921877
WALL 21250355 1 0 1706921878
WALL 21250355 1 0 1706921879
WALL 21250355 1 0 1706921880
WALL 21250355 1 0 1706921881
WALL 21250355 1 0 1706921882
WALL 21250355 1 0 1706921883
WALL 21250355 1 0 1706921884
WALL 21250355 1 0 1706921885
WALL 21250355 1 0 1706921886
WALL 21250355 1 0 1706921887
WALL 21250355 1 0 1706921888
WALL 21250355 1 0 1706921889
WALL 21250355 1 0 1706921890
WALL 21250355 1 0 1706921891
WALL 21250355 1 0 1706921892
WALL 21250355 1 0 1706921893
WALL 21250355 1 0 1706921894
WALL 21250355 1 0 1706921895
WALL 21250355 1 0 1706921896
WALL 21250355 1 0 1706921897
WALL 21250355 1 0 1706921898
WALL 21250355 1 0 1706921899
WALL 21250355 1 0 1706921900
WALL 21250355 1 0 1706921901
WALL 21250355 1 0 1706921902
WALL 21250355 1 0 1706921903
WALL 21250355 1 0 1706921904
WALL 21250355 1 0 1706921905
WALL 21250355 1 0 1706921906
WALL 21250355 1 0 1706921907
WALL 21250355 1 0 1706921908
WALL 21250355 1 0 1706921909
WALL 21250355 1 0 1706921910
WALL 21250355 1 0 1706921911
WALL 21250355 1 0 1706921912
WALL 21250355 1 0 1706921913
WALL 21250355 1 0 1706921914
WALL 21250355 1 0 1706921915
WALL 21250355 1 0 1706921916
WALL 21250355 1 0 1706921917
WALL 21250355 1 0 1706921918
WALL 21250355 1 0 1706921919
WALL 21250355 1 0 1706921920
WALL 21250355 1 0 1706921921
WALL 21250355 1 0 1706921922
WALL 21250355 1 0 1706921923
WALL 21250355 1 0 1706921924
WALL 21250355 1 0 1706921925
WALL 21250355 1 0 1706921926
WALL 21250355 1 0 1706921927
WALL 21250355 1 0 1706921928
WALL 21250355 1 0 1706921929
WALL 21250355 1 0 1706921930
WALL 21250355 1 0 1706921931
WALL 21250355 1 0 1706921932
WALL 21250355 1 0 1706921933
WALL 21250355 1 0 1706921934
WALL 21250355 1 0 1706921935
WALL 21250355 1 0 1706921936
WALL 21250355 1 0 1706921937
WALL 21250355 1 0 1706921938
WALL 21250355 1 0 1706921939
WALL 21250355 1 0 1706921940
WALL 21250355 1 0 1706921941
WALL 21250355 1 0 1706921942
WALL 21250355 1 0 1706921943
WALL 21250355 1 0 1706921944
WALL 21250355 1 0 1706921945
WALL 21250355 1 0 1706921946
WALL 21250355 1 0 1706921947
WALL 21250355 1 0 1706921948
WALL 21250355 1 0 1706921949
WALL 21250355 1 0 1706921950
WALL 21250355 1 0 1706921951
WALL 21250355 1 0 1706921952
WALL 21250355 1 0 1706921953
WALL 21250355 1 0 1706921954
WALL 21250355 1 0 1706921955
WALL 21250355 1 0 1706921956
WALL 21250355 1 0 1706921957
WALL 21250355 1 0 1706921958
WALL 21250355 1 0 1706921959
WALL 21250355 1 0 1706921960
WALL 21250355 1 0 1706921961
WALL 21250355 1 0 1706921962
WALL 21250355 1 0 1706921963
WALL 21250355 1 0 1706921964
WALL 21250355 1 0 1706921965
WALL 21250355 1 0 1706921966
WALL 21250355 1 0 1706921967
WALL 21250355 1 0 1706921968
WALL 21250355 1 0 1706921969
WALL 21250355 1 0 1706921970
WALL 21250355 1 0 1706921971
WALL 21250355 1 0 1706921972
WALL 21250355 1 0 1706921973
WALL 21250355 1 0 1706921974
WALL 21250355 1 0 1706921975
WALL 21250355 1 0 1706921976
WALL 21250355 1 0 1706921977
WALL 21250355 1 0 1706921978
WALL 21250355 1 0 1706921979
WALL 21250355 1 0 1706921980
WALL 21250355 1 0 1706921981
WALL 21250355 1 0 1706921982
WALL 21250355 1 0 1706921983
WALL 21250355 1 0 1706921984
WALL 21250355 1 0 1706921985
WALL 21250355 1 0 1706921986
WALL 21250355 1 0 1706921987
WALL 21250355 1 0 1706921988
WALL 21250355 1 0 1706921989
WALL 21250355 1 0 1706921990
WALL 21250355 1 0 1706921991
WALL 21250355 1 0 1706921992
WALL 21250355 1 0 1706921993
WALL 21250355 1 0 1706921994
WALL 21250355 1 0 1706921995
WALL 21250355 1 0 1706921996
WALL 21250355 1 0 1706921997
WALL 21250355 1 0 1706921998
WALL 21250355 1 0 1706921999
WALL 21250355 1 0 1706922000
WALL 21250355 1 0 1706922001
WALL 21250355 1 0 1706922002
WALL 21250355 1 0 1706922003
WALL 21250355 1 0 1706922004
WALL 21250355 1 0 1706922005
WALL 21250355 1 0 1706922006
WALL 21250355 1 0 1706922007
WALL 21250355 1 0 1706922008
WALL 21250355 1 0 1706922009
WALL 21250355 1 0 1706922010
WALL 21250355 1 0 1706922011
WALL 21250355 1 0 1706922012
WALL 21250355 1 0 1706922013
WALL 21250355 1 0 1706922014
WALL 21250355 1 0 1706922015
WALL 21250355 1 0 1706922016
WALL 21250355 1 0 1706922017
WALL 21250355 1 0 1706922018
WALL 21250355 1 0 1706922019
WALL 21250355 1 0 1706922020
WALL 21250355 1 0 1706922021
WALL 21250355 1 0 1706922022
WALL 21250355 1 0 1706922023
WALL 21250355 1 0 1706922024
WALL 21250355 1 0 1706922025
WALL 21250355 1 0 1706922026
WALL 21250355 1 0 1706922027
WALL 21250355 1 0 1706922028
WALL 21250355 1 0 1706922029
WALL 21250355 1 0 1706922030
WALL 21250355 1 0 1706922031
WALL 21250355 1 0 1706922032
WALL 21250355 1 0 1706922033
WALL 21250355 1 0 1706922034
WALL 21250355 1 0 1706922035
WALL 21250355 1 0 1706922036
WALL 21250355 1 0 1706922037
WALL 21250355 1 0 1706922038
WALL 21250355 1 0 1706922039
WALL 21250355 1 0 1706922040
WALL 21250355 1 0 1706922041
WALL 21250355 1 0 1706922042
WALL 21250355 1 0 1706922043
WALL 21250355 1 0 1706922044
WALL 21250355 1 0 1706922045
WALL 21250355 1 0 1706922046
WALL 21250355 1 0 1706922047
WALL 21250355 1 0 1706922048
WALL 21250355 1 0 1706922049
WALL 21250355 1 0 1706922050
WALL 21250355 1 0 1706922051
WALL 21250355 1 0 1706922052
WALL 21250355 1 0 1706922053
WALL 21250355 1 0 1706922054
WALL 21250355 1 0 1706922055
WALL 21250355 1 0 1706922056
WALL 21250355 1 0 1706922057
WALL 21250355 1 0 1706922058
WALL 21250355 1 0 1706922059
WALL 21250355 1 0 1706922060
WALL 21250355 1 0 1706922061
WALL 21250355 1 0 1706922062
WALL 21250355 1 0 1706922063
WALL 21250355 1 0 1706922064
WALL 21250355 1 0 1706922065
WALL 21250355 1 0 1706922066
WALL 21250355 1 0 1706922067
WALL 21250355 1 0 1706922068
WALL 21250355 1 0 1706922069
WALL 21250355 1 0 1706922070
WALL 21250355 1 0 1706922071
WALL 21250355 1 0 1706922072
WALL 21250355 1 0 1706922073
WALL 21250355 1 0 1706922074
WALL 21250355 1 0 1706922075
WALL 21250355 1 0 1706922076
WALL 21250355 1 0 1706922077
WALL 21250355 1 0 1706922078
WALL 21250355 1 0 1706922079
WALL 21250355 1 0 1706922080
WALL 21250355 1 0 1706922081
WALL 21250355 1 0 1706922082
WALL 21250355 1 0 1706922083
WALL 21250355 1 0 1706922084
WALL 21250355 1 0 1706922085
WALL 21250355 1 0 1706922086
WALL 21250355 1 0 1706922087
WALL 21250355 1 0 1706922088
WALL 21250355 1 0 1706922089
WALL 21250355 1 0 1706922090
WALL 21250355 1 0 1706922091
WALL 21250355 1 0 1706922092
WALL 21250355 1 0 1706922093
WALL 21250355 1 0 1706922094
WALL 21250355 1 0 1706922095
WALL 21250355 1 0 1706922096
WALL 21250355 1 0 1706922097
WALL 21250355 1 0 1706922098
WALL 21250355 1 0 1706922099
WALL 21250355 1 0 1706922100
WALL 21250355 1 0 1706922101
WALL 21250355 1 0 1706922102
WALL 21250355 1 0 1706922103
WALL 21250355 1 0 1706922104
WALL 21250355 1 0 1706922105
WALL 21250355 1 0 1706922106
WALL 21250355 1 0 1706922107
WALL 21250355 1 0 1706922108
WALL 21250355 1 0 1706922109
WALL 21250355 1 0 1706922110
WALL 21250355 1 0 1706922111
WALL 21250355 1 0 1706922112
WALL 21250355 1 0 1706922113
WALL 21250355 1 0 1706922114
WALL 21250355 1 0 1706922115
WALL 21250355 1 0 1706922116
WALL 21250355 1 0 1706922117
WALL 21250355 1 0 1706922118
WALL 21250355 1 0 1706922119
WALL 21250355 1 0 1706922120
WALL 21250355 1 0 1706922121
WALL 21250355 1 0 1706922122
WALL 21250355 1 0 1706922123
WALL 21250355 1 0 1706922124
WALL 21250355 1 0 1706922125
WALL 21250355 1 0 1706922126
WALL 21250355 1 0 1706922127
WALL 21250355 1 0 1706922128
WALL 21250355 1 0 1706922129
WALL 21250355 1 0 1706922130
WALL 21250355 1 0 1706922131
WALL 21250355 1 0 1706922132
WALL 21250355 1 0 1706922133
WALL 21250355 1 0 1706922134
WALL 21250355 1 0 1706922135
WALL 21250355 1 0 1706922136
WALL 21250355 1 0 1706922137
WALL 21250355 1 0 1706922138
WALL 21250355 1 0 1706922139
WALL 21250355 1 0 1706922140
WALL 21250355 1 0 1706922141
WALL 21250355 1 0 1706922142
WALL 21250355 1 0 1706922143
WALL 21250355 1 0 1706922144
WALL 21250355 1 0 1706922145
WALL 21250355 1 0 1706922146
WALL 21250355 1 0 1706922147
WALL 21250355 1 0 1706922148
WALL 21250355 1 0 1706922149
WALL 21250355 1 0 1706922150
WALL 21250355 1 0 1706922151
WALL 21250355 1 0 1706922152
WALL 21250355 1 0 1706922153
WALL 21250355 1 0 1706922154
WALL 21250355 1 0 1706922155
WALL 21250355 1 0 1706922156
WALL 21250355 1 0 1706922157
WALL 21250355 1 0 1706922158
WALL 21250355 1 0 1706922159
WALL 21250355 1 0 1706922160
WALL 21250355 1 0 1706922161
WALL 21250355 1 0 1706922162
WALL 21250355 1 0 1706922163
WALL 21250355 1 0 1706922164
WALL 21250355 1 0 1706922165
WALL 21250355 1 0 1706922166
WALL 21250355 1 0 1706922167
WALL 21250355 1 0 1706922168
WALL 21250355 1 0 1706922169
WALL 21250355 1 0 1706922170
WALL 21250355 1 0 1706922171
WALL 21250355 1 0 1706922172
WALL 21250355 1 0 1706922173
WALL 21250355 1 0 1706922174
WALL 21250355 1 0 1706922175
WALL 21250355 1 0 1706922176
WALL 21250355 1 0 1706922177
WALL 21250355 1 0 1706922178
WALL 21250355 1 0 1706922179
WALL 21250355 1 0 1706922180
WALL 21250355 1 0 1706922181
WALL 21250355 1 0 1706922182
WALL 21250355 1 0 1706922183
WALL 21250355 1 0 1706922184
WALL 21250355 1 0 1706922185
WALL 21250355 1 0 1706922186
WALL 21250355 1 0 1706922187
WALL 21250355 1 0 1706922188
WALL 21250355 1 0 1706922189
WALL 21250355 1 0 1706922190
WALL 21250355 1 0 1706922191
WALL 21250355 1 0 1706922192
WALL 21250355 1 0 1706922193
WALL 21250355 1 0 1706922194
WALL 21250355 1 0 1706922195
WALL 21250355 1 0 1706922196
WALL 21250355 1 0 1706922197
WALL 21250355 1 0 1706922198
WALL 21250355 1 0 1706922199
WALL 21250355 1 0 1706922200
WALL 21250355 1 0 1706922201
WALL 21250355 1 0 1706922202
WALL 21250355 1 0 1706922203
WALL 21250355 1 0 1706922204
WALL 21250355 1 0 1706922205
WALL 21250355 1 0 1706922206
WALL 21250355 1 0 1706922207
WALL 21250355 1 0 1706922208
WALL 21250355 1 0 1706922209
WALL 21250355 1 0 1706922210
WALL 21250355 1 0 1706922211
WALL 21250355 1 0 1706922212
WALL 21250355 1 0 1706922213
WALL 21250355 1 0 1706922214
WALL 21250355 1 0 1706922215
WALL 21250355 1 0 1706922216
WALL 21250355 1 0 1706922217
WALL 21250355 1 0 1706922218
WALL 21250355 1 0 1706922219
WALL 21250355 1 0 1706922220
WALL 21250355 1 0 1706922221
WALL 21250355 1 0 1706922222
WALL 21250355 1 0 1706922223
WALL 21250355 1 0 1706922224
WALL 21250355 1 0 1706922225
WALL 21250355 1 0 1706922226
WALL 21250355 1 0 1706922227
WALL 21250355 1 0 1706922228
WALL 21250355 1 0 1706922229
WALL 21250355 1 0 1706922230
WALL 21250355 1 0 1706922231
WALL 21250355 1 0 1706922232
WALL 21250355 1 0 1706922233
WALL 21250355 1 0 1706922234
WALL 21250355 1 0 1706922235
WALL 21250355 1 0 1706922236
WALL 21250355 1 0 1706922237
WALL 21250355 1 0 1706922238
WALL 21250355 1 0 1706922239
WALL 21250355 1 0 1706922240
WALL 21250355 1 0 1706922241
WALL 21250355 1 0 1706922242
WALL 21250355 1 0 1706922243
WALL 21250355 1 0 1706922244
WALL 21250355 1 0 1706922245
WALL 21250355 1 0 1706922246
WALL 21250355 1 0 1706922247
WALL 21250355 1 0 1706922248
WALL 21250355 1 0 1706922249
WALL 21250355 1 0 1706922250
WALL 21250355 1 0 1706922251
WALL 21250355 1 0 1706922252
WALL 21250355 1 0 1706922253
WALL 21250355 1 0 1706922254
WALL 21250355 1 0 1706922255
WALL 21250355 1 0 1706922256
WALL 21250355 1 0 1706922257
WALL 21250355 1 0 1706922258
WALL 21250355 1 0 1706922259
WALL 21250355 1 0 1706922260
WALL 21250355 1 0 1706922261
WALL 21250355 1 0 1706922262
WALL 21250355 1 0 1706922263
WALL 21250355 1 0 1706922264
WALL 21250355 1 0 1706922265
WALL 21250355 1 0 1706922266
WALL 21250355 1 0 1706922267
WALL 21250355 1 0 1706922268
WALL 21250355 1 0 1706922269
WALL 21250355 1 0 1706922270
WALL 21250355 1 0 1706922271
WALL 21250355 1 0 1706922272
WALL 21250355 1 0 1706922273
WALL 21250355 1 0 1706922274
WALL 21250355 1 0 1706922275
WALL 21250355 1 0 1706922276
WALL 21250355 1 0 1706922277
WALL 21250355 1 0 1706922278
WALL 21250355 1 0 1706922279
WALL 21250355 1 0 1706922280
WALL 21250355 1 0 1706922281
WALL 21250355 1 0 1706922282
WALL 21250355 1 0 1706922283
WALL 21250355 1 0 1706922284
WALL 21250355 1 0 1706922285
WALL 21250355 1 0 1706922286
WALL 21250355 1 0 1706922287
WALL 21250355 1 0 1706922288
WALL 21250355 1 0 1706922289
WALL 21250355 1 0 1706922290
WALL 21250355 1 0 1706922291
WALL 21250355 1 0 1706922292
WALL 21250355 1 0 1706922293
WALL 21250355 1 0 1706922294
WALL 21250355 1 0 1706922295
WALL 21250355 1 0 1706922296
WALL 21250355 1 0 1706922297
WALL 21250355 1 0 1706922298
WALL 21250355 1 0 1706922299
WALL 21250355 1 0 1706922300
WALL 21250355 1 0 1706922301
WALL 21250355 1 0 1706922302
WALL 21250355 1 0 1706922303
WALL 21250355 1 0 1706922304
WALL 21250355 1 0 1706922305
WALL 21250355 1 0 1706922306
WALL 21250355 1 0 1706922307
WALL 21250355 1 0 1706922308
WALL 21250355 1 0 1706922309
WALL 21250355 1 0 1706922310
WALL 21250355 1 0 1706922311
WALL 21250355 1 0 1706922312
WALL 21250355 1 0 1706922313
WALL 21250355 1 0 1706922314
WALL 21250355 1 0 1706922315
WALL 21250355 1 0 1706922316
WALL 21250355 1 0 1706922317
WALL 21250355 1 0 1706922318
WALL 21250355 1 0 1706922319
WALL 21250355 1 0 1706922320
WALL 21250355 1 0 1706922321
WALL 21250355 1 0 1706922322
WALL 21250355 1 0 1706922323
WALL 21250355 1 0 1706922324
WALL 21250355 1 0 1706922325
WALL 21250355 1 0 1706922326
WALL 21250355 1 0 1706922327
WALL 21250355 1 0 1706922328
WALL 21250355 1 0 1706922329
WALL 21250355 1 0 1706922330
WALL 21250355 1 0 1706922331
WALL 21250355 1 0 1706922332
WALL 21250355 1 0 1706922333
WALL 21250355 1 0 1706922334
WALL 21250355 1 0 1706922335
WALL 21250355 1 0 1706922336
WALL 21250355 1 0 1706922337
WALL 21250355 1 0 1706922338
WALL 21250355 1 0 1706922339
WALL 21250355 1 0 1706922340
WALL 21250355 1 0 1706922341
WALL 21250355 1 0 1706922342
WALL 21250355 1 0 1706922343
WALL 21250355 1 0 1706922344
WALL 21250355 1 0 1706922345
WALL 21250355 1 0 1706922346
WALL 21250355 1 0 1706922347
WALL 21250355 1 0 1706922348
WALL 21250355 1 0 1706922349
WALL 21250355 1 0 1706922350
WALL 21250355 1 0 1706922351
WALL 21250355 1 0 1706922352
WALL 21250355 1 0 1706922353
WALL 21250355 1 0 1706922354
WALL 21250355 1 0 1706922355
WALL 21250355 1 0 1706922356
WALL 21250355 1 0 1706922357
WALL 21250355 1 0 1706922358
WALL 21250355 1 0 1706922359
WALL 21250355 1 0 1706922360
WALL 21250355 1 0 1706922361
WALL 21250355 1 0 1706922362
WALL 21250355 1 0 1706922363
WALL 21250355 1 0 1706922364
WALL 21250355 1 0 1706922365
WALL 21250355 1 0 1706922366
WALL 21250355 1 0 1706922367
WALL 21250355 1 0 1706922368
WALL 21250355 1 0 1706922369
WALL 21250355 1 0 1706922370
WALL 21250355 1 0 1706922371
WALL 21250355 1 0 1706922372
WALL 21250355 1 0 1706922373
WALL 21250355 1 0 1706922374
WALL 21250355 1 0 1706922375
WALL 21250355 1 0 1706922376
WALL 21250355 1 0 1706922377
WALL 21250355 1 0 1706922378
WALL 21250355 1 0 1706922379
WALL 21250355 1 0 1706922380
WALL 21250355 1 0 1706922381
WALL 21250355 1 0 1706922382
WALL 21250355 1 0 1706922383
WALL 21250355 1 0 1706922384
WALL 21250355 1 0 1706922385
WALL 21250355 1 0 1706922386
WALL 21250355 1 0 1706922387
WALL 21250355 1 0 1706922388
WALL 21250355 1 0 1706922389
WALL 21250355 1 0 1706922390
WALL 21250355 1 0 1706922391
WALL 21250355 1 0 1706922392
WALL 21250355 1 0 1706922393
WALL 21250355 1 0 1706922394
WALL 21250355 1 0 1706922395
WALL 21250355 1 0 1706922396
WALL 21250355 1 0 1706922397
WALL 21250355 1 0 1706922398
WALL 21250355 1 0 1706922399
WALL 21250355 1 0 1706922400
WALL 21250355 1 0 1706922401
WALL 21250355 1 0 1706922402
WALL 21250355 1 0 1706922403
WALL 21250355 1 0 1706922404
WALL 21250355 1 0 1706922405
WALL 21250355 1 0 1706922406
WALL 21250355 1 0 1706922407
WALL 21250355 1 0 1706922408
WALL 21250355 1 0 1706922409
WALL 21250355 1 0 1706922410
WALL 21250355 1 0 1706922411
WALL 21250355 1 0 1706922412
WALL 21250355 1 0 1706922413
WALL 21250355 1 0 1706922414
WALL 21250355 1 0 1706922415
WALL 21250355 1 0 1706922416
WALL 21250355 1 0 1706922417
WALL 21250355 1 0 1706922418
WALL 21250355 1 0 1706922419
WALL 21250355 1 0 1706922420
WALL 21250355 1 0 1706922421
WALL 21250355 1 0 1706922422
WALL 21250355 1 0 1706922423
WALL 21250355 1 0 1706922424
WALL 21250355 1 0 1706922425
WALL 21250355 1 0 1706922426
WALL 21250355 1 0 1706922427
WALL 21250355 1 0 1706922428
WALL 21250355 1 0 1706922429
WALL 21250355 1 0 1706922430
WALL 21250355 1 0 1706922431
WALL 21250355 1 0 1706922432
WALL 21250355 1 0 1706922433
WALL 21250355 1 0 1706922434
WALL 21250355 1 0 1706922435
WALL 21250355 1 0 1706922436
WALL 21250355 1 0 1706922437
WALL 21250355 1 0 1706922438
srun: Job step aborted: Waiting up to 32 seconds for job step to finish.
received SIGCONT 1706922439
slurmstepd: error: *** JOB 21250355 ON nid200039 CANCELLED AT 2024-02-03T01:07:19 ***
WALL 21250355 1 0 1706922439
slurmstepd: error: *** STEP 21250355.0 ON nid200039 CANCELLED AT 2024-02-03T01:07:19 ***
received SIGTERM 1706922439
WALL 21250355 1 0 1706922439
