WALL 21150798 1 0 1706739291
WALL 21150798 1 0 1706739292
slurmstepd: error: *** STEP 21150798.0 ON nid200023 CANCELLED AT 2024-01-31T22:14:53 ***
received SIGTERM 1706739293
WALL 21150798 1 0 1706739293
received SIGCONT 1706739293
WALL 21150798 1 0 1706739293
WALL 21150798 1 0 1706739294
WALL 21150798 1 0 1706739295
WALL 21150798 1 0 1706739296
WALL 21150798 1 0 1706739297
WALL 21150798 1 0 1706739298
WALL 21150798 1 0 1706739299
WALL 21150798 1 0 1706739300
WALL 21150798 1 0 1706739301
WALL 21150798 1 0 1706739302
WALL 21150798 1 0 1706739303
WALL 21150798 1 0 1706739304
WALL 21150798 1 0 1706739305
WALL 21150798 1 0 1706739306
WALL 21150798 1 0 1706739307
WALL 21150798 1 0 1706739308
WALL 21150798 1 0 1706739309
WALL 21150798 1 0 1706739310
WALL 21150798 1 0 1706739311
WALL 21150798 1 0 1706739312
WALL 21150798 1 0 1706739313
WALL 21150798 1 0 1706739314
WALL 21150798 1 0 1706739315
WALL 21150798 1 0 1706739316
WALL 21150798 1 0 1706739317
WALL 21150798 1 0 1706739318
WALL 21150798 1 0 1706739319
WALL 21150798 1 0 1706739320
WALL 21150798 1 0 1706739321
WALL 21150798 1 0 1706739322
WALL 21150798 1 0 1706739323
WALL 21150798 1 0 1706739324
WALL 21150798 1 0 1706739325
WALL 21150798 1 0 1706739326
WALL 21150798 1 0 1706739327
WALL 21150798 1 0 1706739328
WALL 21150798 1 0 1706739329
WALL 21150798 1 0 1706739330
WALL 21150798 1 0 1706739331
WALL 21150798 1 0 1706739332
WALL 21150798 1 0 1706739333
WALL 21150798 1 0 1706739334
WALL 21150798 1 0 1706739335
WALL 21150798 1 0 1706739336
WALL 21150798 1 0 1706739337
WALL 21150798 1 0 1706739338
WALL 21150798 1 0 1706739339
WALL 21150798 1 0 1706739340
WALL 21150798 1 0 1706739341
WALL 21150798 1 0 1706739342
WALL 21150798 1 0 1706739343
WALL 21150798 1 0 1706739344
WALL 21150798 1 0 1706739345
WALL 21150798 1 0 1706739346
WALL 21150798 1 0 1706739347
WALL 21150798 1 0 1706739348
WALL 21150798 1 0 1706739349
WALL 21150798 1 0 1706739350
WALL 21150798 1 0 1706739351
WALL 21150798 1 0 1706739352
WALL 21150798 1 0 1706739353
WALL 21150798 1 0 1706739354
WALL 21150798 1 0 1706739355
WALL 21150798 1 0 1706739356
WALL 21150798 1 0 1706739357
WALL 21150798 1 0 1706739358
WALL 21150798 1 0 1706739359
WALL 21150798 1 0 1706739360
WALL 21150798 1 0 1706739361
WALL 21150798 1 0 1706739362
WALL 21150798 1 0 1706739363
WALL 21150798 1 0 1706739364
WALL 21150798 1 0 1706739365
WALL 21150798 1 0 1706739366
WALL 21150798 1 0 1706739367
WALL 21150798 1 0 1706739368
WALL 21150798 1 0 1706739369
WALL 21150798 1 0 1706739370
WALL 21150798 1 0 1706739371
WALL 21150798 1 0 1706739372
WALL 21150798 1 0 1706739373
slurmstepd: error: *** JOB 21150798 ON nid200023 CANCELLED AT 2024-01-31T22:16:14 DUE TO PREEMPTION ***
received SIGTERM 1706739374
WALL 21150798 1 0 1706739374
received SIGCONT 1706739374
WALL 21150798 1 0 1706739374
received SIGTERM 1706739374
WALL 21150798 1 0 1706739374
