WALL 21152524 1 0 1706740831
WALL 21152524 1 0 1706740832
WALL 21152524 1 0 1706740833
WALL 21152524 1 0 1706740834
WALL 21152524 1 0 1706740835
WALL 21152524 1 0 1706740836
WALL 21152524 1 0 1706740837
WALL 21152524 1 0 1706740838
WALL 21152524 1 0 1706740839
WALL 21152524 1 0 1706740840
WALL 21152524 1 0 1706740841
WALL 21152524 1 0 1706740842
WALL 21152524 1 0 1706740843
WALL 21152524 1 0 1706740844
WALL 21152524 1 0 1706740845
WALL 21152524 1 0 1706740846
WALL 21152524 1 0 1706740847
WALL 21152524 1 0 1706740848
WALL 21152524 1 0 1706740849
WALL 21152524 1 0 1706740850
WALL 21152524 1 0 1706740851
WALL 21152524 1 0 1706740852
WALL 21152524 1 0 1706740853
WALL 21152524 1 0 1706740854
WALL 21152524 1 0 1706740855
WALL 21152524 1 0 1706740856
WALL 21152524 1 0 1706740857
WALL 21152524 1 0 1706740858
WALL 21152524 1 0 1706740859
WALL 21152524 1 0 1706740860
WALL 21152524 1 0 1706740861
WALL 21152524 1 0 1706740862
WALL 21152524 1 0 1706740863
WALL 21152524 1 0 1706740864
WALL 21152524 1 0 1706740865
WALL 21152524 1 0 1706740866
WALL 21152524 1 0 1706740867
WALL 21152524 1 0 1706740868
WALL 21152524 1 0 1706740869
WALL 21152524 1 0 1706740870
WALL 21152524 1 0 1706740871
WALL 21152524 1 0 1706740872
WALL 21152524 1 0 1706740873
WALL 21152524 1 0 1706740874
WALL 21152524 1 0 1706740875
WALL 21152524 1 0 1706740876
WALL 21152524 1 0 1706740877
WALL 21152524 1 0 1706740878
WALL 21152524 1 0 1706740879
WALL 21152524 1 0 1706740880
WALL 21152524 1 0 1706740881
WALL 21152524 1 0 1706740882
WALL 21152524 1 0 1706740883
WALL 21152524 1 0 1706740884
WALL 21152524 1 0 1706740885
WALL 21152524 1 0 1706740886
WALL 21152524 1 0 1706740887
WALL 21152524 1 0 1706740888
WALL 21152524 1 0 1706740889
WALL 21152524 1 0 1706740890
WALL 21152524 1 0 1706740891
WALL 21152524 1 0 1706740892
WALL 21152524 1 0 1706740893
WALL 21152524 1 0 1706740894
WALL 21152524 1 0 1706740895
WALL 21152524 1 0 1706740896
WALL 21152524 1 0 1706740897
WALL 21152524 1 0 1706740898
WALL 21152524 1 0 1706740899
WALL 21152524 1 0 1706740900
WALL 21152524 1 0 1706740901
WALL 21152524 1 0 1706740902
WALL 21152524 1 0 1706740903
WALL 21152524 1 0 1706740904
WALL 21152524 1 0 1706740905
WALL 21152524 1 0 1706740906
WALL 21152524 1 0 1706740907
WALL 21152524 1 0 1706740908
WALL 21152524 1 0 1706740909
WALL 21152524 1 0 1706740910
WALL 21152524 1 0 1706740911
WALL 21152524 1 0 1706740912
WALL 21152524 1 0 1706740913
WALL 21152524 1 0 1706740914
WALL 21152524 1 0 1706740915
WALL 21152524 1 0 1706740916
WALL 21152524 1 0 1706740917
WALL 21152524 1 0 1706740918
WALL 21152524 1 0 1706740919
WALL 21152524 1 0 1706740920
WALL 21152524 1 0 1706740921
WALL 21152524 1 0 1706740922
WALL 21152524 1 0 1706740923
WALL 21152524 1 0 1706740924
WALL 21152524 1 0 1706740925
WALL 21152524 1 0 1706740926
WALL 21152524 1 0 1706740927
WALL 21152524 1 0 1706740928
WALL 21152524 1 0 1706740929
WALL 21152524 1 0 1706740930
WALL 21152524 1 0 1706740931
WALL 21152524 1 0 1706740932
WALL 21152524 1 0 1706740933
WALL 21152524 1 0 1706740934
WALL 21152524 1 0 1706740935
WALL 21152524 1 0 1706740936
WALL 21152524 1 0 1706740937
WALL 21152524 1 0 1706740938
WALL 21152524 1 0 1706740939
WALL 21152524 1 0 1706740940
WALL 21152524 1 0 1706740941
WALL 21152524 1 0 1706740942
WALL 21152524 1 0 1706740943
WALL 21152524 1 0 1706740944
WALL 21152524 1 0 1706740945
WALL 21152524 1 0 1706740946
WALL 21152524 1 0 1706740947
WALL 21152524 1 0 1706740948
WALL 21152524 1 0 1706740949
WALL 21152524 1 0 1706740950
WALL 21152524 1 0 1706740951
WALL 21152524 1 0 1706740952
WALL 21152524 1 0 1706740953
WALL 21152524 1 0 1706740954
WALL 21152524 1 0 1706740955
WALL 21152524 1 0 1706740956
WALL 21152524 1 0 1706740957
WALL 21152524 1 0 1706740958
WALL 21152524 1 0 1706740959
WALL 21152524 1 0 1706740960
WALL 21152524 1 0 1706740961
WALL 21152524 1 0 1706740962
WALL 21152524 1 0 1706740963
WALL 21152524 1 0 1706740964
WALL 21152524 1 0 1706740965
WALL 21152524 1 0 1706740966
WALL 21152524 1 0 1706740967
WALL 21152524 1 0 1706740968
WALL 21152524 1 0 1706740969
WALL 21152524 1 0 1706740970
WALL 21152524 1 0 1706740971
WALL 21152524 1 0 1706740972
WALL 21152524 1 0 1706740973
WALL 21152524 1 0 1706740974
WALL 21152524 1 0 1706740975
WALL 21152524 1 0 1706740976
WALL 21152524 1 0 1706740977
WALL 21152524 1 0 1706740978
WALL 21152524 1 0 1706740979
WALL 21152524 1 0 1706740980
WALL 21152524 1 0 1706740981
WALL 21152524 1 0 1706740982
WALL 21152524 1 0 1706740983
WALL 21152524 1 0 1706740984
WALL 21152524 1 0 1706740985
WALL 21152524 1 0 1706740986
WALL 21152524 1 0 1706740987
WALL 21152524 1 0 1706740988
WALL 21152524 1 0 1706740989
WALL 21152524 1 0 1706740990
WALL 21152524 1 0 1706740991
WALL 21152524 1 0 1706740992
WALL 21152524 1 0 1706740993
WALL 21152524 1 0 1706740994
WALL 21152524 1 0 1706740995
WALL 21152524 1 0 1706740996
WALL 21152524 1 0 1706740997
WALL 21152524 1 0 1706740998
WALL 21152524 1 0 1706740999
WALL 21152524 1 0 1706741000
WALL 21152524 1 0 1706741001
WALL 21152524 1 0 1706741002
WALL 21152524 1 0 1706741003
WALL 21152524 1 0 1706741004
WALL 21152524 1 0 1706741005
WALL 21152524 1 0 1706741006
WALL 21152524 1 0 1706741007
WALL 21152524 1 0 1706741008
WALL 21152524 1 0 1706741009
WALL 21152524 1 0 1706741010
WALL 21152524 1 0 1706741011
WALL 21152524 1 0 1706741012
WALL 21152524 1 0 1706741013
WALL 21152524 1 0 1706741014
WALL 21152524 1 0 1706741015
WALL 21152524 1 0 1706741016
WALL 21152524 1 0 1706741017
WALL 21152524 1 0 1706741018
WALL 21152524 1 0 1706741019
WALL 21152524 1 0 1706741020
WALL 21152524 1 0 1706741021
WALL 21152524 1 0 1706741022
WALL 21152524 1 0 1706741023
WALL 21152524 1 0 1706741024
WALL 21152524 1 0 1706741025
WALL 21152524 1 0 1706741026
WALL 21152524 1 0 1706741027
WALL 21152524 1 0 1706741028
WALL 21152524 1 0 1706741029
WALL 21152524 1 0 1706741030
WALL 21152524 1 0 1706741031
WALL 21152524 1 0 1706741032
WALL 21152524 1 0 1706741033
WALL 21152524 1 0 1706741034
WALL 21152524 1 0 1706741035
WALL 21152524 1 0 1706741036
WALL 21152524 1 0 1706741037
WALL 21152524 1 0 1706741038
WALL 21152524 1 0 1706741039
WALL 21152524 1 0 1706741040
WALL 21152524 1 0 1706741041
WALL 21152524 1 0 1706741042
WALL 21152524 1 0 1706741043
WALL 21152524 1 0 1706741044
WALL 21152524 1 0 1706741045
WALL 21152524 1 0 1706741046
WALL 21152524 1 0 1706741047
WALL 21152524 1 0 1706741048
WALL 21152524 1 0 1706741049
WALL 21152524 1 0 1706741050
WALL 21152524 1 0 1706741051
WALL 21152524 1 0 1706741052
WALL 21152524 1 0 1706741053
WALL 21152524 1 0 1706741054
WALL 21152524 1 0 1706741055
WALL 21152524 1 0 1706741056
WALL 21152524 1 0 1706741057
WALL 21152524 1 0 1706741058
WALL 21152524 1 0 1706741059
WALL 21152524 1 0 1706741060
WALL 21152524 1 0 1706741061
WALL 21152524 1 0 1706741062
WALL 21152524 1 0 1706741063
WALL 21152524 1 0 1706741064
WALL 21152524 1 0 1706741065
WALL 21152524 1 0 1706741066
WALL 21152524 1 0 1706741067
WALL 21152524 1 0 1706741068
WALL 21152524 1 0 1706741069
WALL 21152524 1 0 1706741070
WALL 21152524 1 0 1706741071
WALL 21152524 1 0 1706741072
WALL 21152524 1 0 1706741073
WALL 21152524 1 0 1706741074
WALL 21152524 1 0 1706741075
WALL 21152524 1 0 1706741076
WALL 21152524 1 0 1706741077
WALL 21152524 1 0 1706741078
WALL 21152524 1 0 1706741079
WALL 21152524 1 0 1706741080
WALL 21152524 1 0 1706741081
WALL 21152524 1 0 1706741082
WALL 21152524 1 0 1706741083
WALL 21152524 1 0 1706741084
WALL 21152524 1 0 1706741085
WALL 21152524 1 0 1706741086
WALL 21152524 1 0 1706741087
WALL 21152524 1 0 1706741088
WALL 21152524 1 0 1706741089
WALL 21152524 1 0 1706741090
WALL 21152524 1 0 1706741091
WALL 21152524 1 0 1706741092
WALL 21152524 1 0 1706741093
WALL 21152524 1 0 1706741094
WALL 21152524 1 0 1706741095
WALL 21152524 1 0 1706741096
WALL 21152524 1 0 1706741097
WALL 21152524 1 0 1706741098
WALL 21152524 1 0 1706741099
WALL 21152524 1 0 1706741100
WALL 21152524 1 0 1706741101
WALL 21152524 1 0 1706741102
WALL 21152524 1 0 1706741103
WALL 21152524 1 0 1706741104
WALL 21152524 1 0 1706741105
WALL 21152524 1 0 1706741106
WALL 21152524 1 0 1706741107
WALL 21152524 1 0 1706741108
WALL 21152524 1 0 1706741109
WALL 21152524 1 0 1706741110
WALL 21152524 1 0 1706741111
WALL 21152524 1 0 1706741112
WALL 21152524 1 0 1706741113
WALL 21152524 1 0 1706741114
WALL 21152524 1 0 1706741115
WALL 21152524 1 0 1706741116
WALL 21152524 1 0 1706741117
WALL 21152524 1 0 1706741118
WALL 21152524 1 0 1706741119
WALL 21152524 1 0 1706741120
WALL 21152524 1 0 1706741121
WALL 21152524 1 0 1706741122
WALL 21152524 1 0 1706741123
WALL 21152524 1 0 1706741124
WALL 21152524 1 0 1706741125
WALL 21152524 1 0 1706741126
WALL 21152524 1 0 1706741127
WALL 21152524 1 0 1706741128
WALL 21152524 1 0 1706741129
WALL 21152524 1 0 1706741130
WALL 21152524 1 0 1706741131
WALL 21152524 1 0 1706741132
WALL 21152524 1 0 1706741133
WALL 21152524 1 0 1706741134
WALL 21152524 1 0 1706741135
WALL 21152524 1 0 1706741136
WALL 21152524 1 0 1706741137
WALL 21152524 1 0 1706741138
WALL 21152524 1 0 1706741139
WALL 21152524 1 0 1706741140
WALL 21152524 1 0 1706741141
WALL 21152524 1 0 1706741142
WALL 21152524 1 0 1706741143
WALL 21152524 1 0 1706741144
WALL 21152524 1 0 1706741145
WALL 21152524 1 0 1706741146
WALL 21152524 1 0 1706741147
WALL 21152524 1 0 1706741148
WALL 21152524 1 0 1706741149
WALL 21152524 1 0 1706741150
WALL 21152524 1 0 1706741151
WALL 21152524 1 0 1706741152
WALL 21152524 1 0 1706741153
WALL 21152524 1 0 1706741154
WALL 21152524 1 0 1706741155
WALL 21152524 1 0 1706741156
WALL 21152524 1 0 1706741157
WALL 21152524 1 0 1706741158
WALL 21152524 1 0 1706741159
WALL 21152524 1 0 1706741160
WALL 21152524 1 0 1706741161
WALL 21152524 1 0 1706741162
WALL 21152524 1 0 1706741163
WALL 21152524 1 0 1706741164
WALL 21152524 1 0 1706741165
WALL 21152524 1 0 1706741166
WALL 21152524 1 0 1706741167
WALL 21152524 1 0 1706741168
WALL 21152524 1 0 1706741169
WALL 21152524 1 0 1706741170
WALL 21152524 1 0 1706741171
WALL 21152524 1 0 1706741172
WALL 21152524 1 0 1706741173
WALL 21152524 1 0 1706741174
WALL 21152524 1 0 1706741175
WALL 21152524 1 0 1706741176
WALL 21152524 1 0 1706741177
WALL 21152524 1 0 1706741178
WALL 21152524 1 0 1706741179
WALL 21152524 1 0 1706741180
WALL 21152524 1 0 1706741181
WALL 21152524 1 0 1706741182
WALL 21152524 1 0 1706741183
WALL 21152524 1 0 1706741184
WALL 21152524 1 0 1706741185
WALL 21152524 1 0 1706741186
WALL 21152524 1 0 1706741187
WALL 21152524 1 0 1706741188
WALL 21152524 1 0 1706741189
WALL 21152524 1 0 1706741190
WALL 21152524 1 0 1706741191
WALL 21152524 1 0 1706741192
WALL 21152524 1 0 1706741193
WALL 21152524 1 0 1706741194
WALL 21152524 1 0 1706741195
WALL 21152524 1 0 1706741196
WALL 21152524 1 0 1706741197
WALL 21152524 1 0 1706741198
WALL 21152524 1 0 1706741199
WALL 21152524 1 0 1706741200
WALL 21152524 1 0 1706741201
WALL 21152524 1 0 1706741202
WALL 21152524 1 0 1706741203
WALL 21152524 1 0 1706741204
WALL 21152524 1 0 1706741205
WALL 21152524 1 0 1706741206
WALL 21152524 1 0 1706741207
WALL 21152524 1 0 1706741208
WALL 21152524 1 0 1706741209
WALL 21152524 1 0 1706741210
WALL 21152524 1 0 1706741211
WALL 21152524 1 0 1706741212
WALL 21152524 1 0 1706741213
WALL 21152524 1 0 1706741214
WALL 21152524 1 0 1706741215
WALL 21152524 1 0 1706741216
WALL 21152524 1 0 1706741217
WALL 21152524 1 0 1706741218
WALL 21152524 1 0 1706741219
WALL 21152524 1 0 1706741220
WALL 21152524 1 0 1706741221
WALL 21152524 1 0 1706741222
WALL 21152524 1 0 1706741223
WALL 21152524 1 0 1706741224
WALL 21152524 1 0 1706741225
WALL 21152524 1 0 1706741226
WALL 21152524 1 0 1706741227
WALL 21152524 1 0 1706741228
WALL 21152524 1 0 1706741229
WALL 21152524 1 0 1706741230
WALL 21152524 1 0 1706741231
WALL 21152524 1 0 1706741232
WALL 21152524 1 0 1706741233
WALL 21152524 1 0 1706741234
WALL 21152524 1 0 1706741235
WALL 21152524 1 0 1706741236
WALL 21152524 1 0 1706741237
WALL 21152524 1 0 1706741238
WALL 21152524 1 0 1706741239
WALL 21152524 1 0 1706741240
WALL 21152524 1 0 1706741241
WALL 21152524 1 0 1706741242
WALL 21152524 1 0 1706741243
WALL 21152524 1 0 1706741244
WALL 21152524 1 0 1706741245
WALL 21152524 1 0 1706741246
WALL 21152524 1 0 1706741247
WALL 21152524 1 0 1706741248
WALL 21152524 1 0 1706741249
WALL 21152524 1 0 1706741250
WALL 21152524 1 0 1706741251
WALL 21152524 1 0 1706741252
WALL 21152524 1 0 1706741253
WALL 21152524 1 0 1706741254
WALL 21152524 1 0 1706741255
WALL 21152524 1 0 1706741256
WALL 21152524 1 0 1706741257
WALL 21152524 1 0 1706741258
WALL 21152524 1 0 1706741259
WALL 21152524 1 0 1706741260
WALL 21152524 1 0 1706741261
WALL 21152524 1 0 1706741262
WALL 21152524 1 0 1706741263
WALL 21152524 1 0 1706741264
WALL 21152524 1 0 1706741265
WALL 21152524 1 0 1706741266
WALL 21152524 1 0 1706741267
WALL 21152524 1 0 1706741268
WALL 21152524 1 0 1706741269
WALL 21152524 1 0 1706741270
WALL 21152524 1 0 1706741271
WALL 21152524 1 0 1706741272
WALL 21152524 1 0 1706741273
WALL 21152524 1 0 1706741274
WALL 21152524 1 0 1706741275
WALL 21152524 1 0 1706741276
WALL 21152524 1 0 1706741277
WALL 21152524 1 0 1706741278
WALL 21152524 1 0 1706741279
WALL 21152524 1 0 1706741280
WALL 21152524 1 0 1706741281
WALL 21152524 1 0 1706741282
WALL 21152524 1 0 1706741283
WALL 21152524 1 0 1706741284
WALL 21152524 1 0 1706741285
WALL 21152524 1 0 1706741286
WALL 21152524 1 0 1706741287
WALL 21152524 1 0 1706741288
WALL 21152524 1 0 1706741289
WALL 21152524 1 0 1706741290
WALL 21152524 1 0 1706741291
WALL 21152524 1 0 1706741292
WALL 21152524 1 0 1706741293
WALL 21152524 1 0 1706741294
WALL 21152524 1 0 1706741295
WALL 21152524 1 0 1706741296
WALL 21152524 1 0 1706741297
WALL 21152524 1 0 1706741298
WALL 21152524 1 0 1706741299
WALL 21152524 1 0 1706741300
WALL 21152524 1 0 1706741301
WALL 21152524 1 0 1706741302
WALL 21152524 1 0 1706741303
WALL 21152524 1 0 1706741304
WALL 21152524 1 0 1706741305
WALL 21152524 1 0 1706741306
WALL 21152524 1 0 1706741307
WALL 21152524 1 0 1706741308
WALL 21152524 1 0 1706741309
WALL 21152524 1 0 1706741310
WALL 21152524 1 0 1706741311
WALL 21152524 1 0 1706741312
WALL 21152524 1 0 1706741313
WALL 21152524 1 0 1706741314
WALL 21152524 1 0 1706741315
WALL 21152524 1 0 1706741316
WALL 21152524 1 0 1706741317
WALL 21152524 1 0 1706741318
WALL 21152524 1 0 1706741319
WALL 21152524 1 0 1706741320
WALL 21152524 1 0 1706741321
WALL 21152524 1 0 1706741322
WALL 21152524 1 0 1706741323
WALL 21152524 1 0 1706741324
WALL 21152524 1 0 1706741325
WALL 21152524 1 0 1706741326
WALL 21152524 1 0 1706741327
WALL 21152524 1 0 1706741328
WALL 21152524 1 0 1706741329
WALL 21152524 1 0 1706741330
WALL 21152524 1 0 1706741331
WALL 21152524 1 0 1706741332
WALL 21152524 1 0 1706741333
WALL 21152524 1 0 1706741334
WALL 21152524 1 0 1706741335
WALL 21152524 1 0 1706741336
WALL 21152524 1 0 1706741337
WALL 21152524 1 0 1706741338
WALL 21152524 1 0 1706741339
WALL 21152524 1 0 1706741340
WALL 21152524 1 0 1706741341
WALL 21152524 1 0 1706741342
WALL 21152524 1 0 1706741343
WALL 21152524 1 0 1706741344
WALL 21152524 1 0 1706741345
WALL 21152524 1 0 1706741346
WALL 21152524 1 0 1706741347
WALL 21152524 1 0 1706741348
WALL 21152524 1 0 1706741349
WALL 21152524 1 0 1706741350
WALL 21152524 1 0 1706741351
WALL 21152524 1 0 1706741352
WALL 21152524 1 0 1706741353
WALL 21152524 1 0 1706741354
WALL 21152524 1 0 1706741355
WALL 21152524 1 0 1706741356
WALL 21152524 1 0 1706741357
WALL 21152524 1 0 1706741358
WALL 21152524 1 0 1706741359
WALL 21152524 1 0 1706741360
WALL 21152524 1 0 1706741361
WALL 21152524 1 0 1706741362
WALL 21152524 1 0 1706741363
WALL 21152524 1 0 1706741364
WALL 21152524 1 0 1706741365
WALL 21152524 1 0 1706741366
WALL 21152524 1 0 1706741367
WALL 21152524 1 0 1706741368
WALL 21152524 1 0 1706741369
WALL 21152524 1 0 1706741370
WALL 21152524 1 0 1706741371
WALL 21152524 1 0 1706741372
WALL 21152524 1 0 1706741373
WALL 21152524 1 0 1706741374
WALL 21152524 1 0 1706741375
WALL 21152524 1 0 1706741376
WALL 21152524 1 0 1706741377
WALL 21152524 1 0 1706741378
WALL 21152524 1 0 1706741379
WALL 21152524 1 0 1706741380
WALL 21152524 1 0 1706741381
WALL 21152524 1 0 1706741382
WALL 21152524 1 0 1706741383
WALL 21152524 1 0 1706741384
WALL 21152524 1 0 1706741385
WALL 21152524 1 0 1706741386
WALL 21152524 1 0 1706741387
WALL 21152524 1 0 1706741388
WALL 21152524 1 0 1706741389
WALL 21152524 1 0 1706741390
WALL 21152524 1 0 1706741391
WALL 21152524 1 0 1706741392
WALL 21152524 1 0 1706741393
WALL 21152524 1 0 1706741394
WALL 21152524 1 0 1706741395
WALL 21152524 1 0 1706741396
WALL 21152524 1 0 1706741397
WALL 21152524 1 0 1706741398
WALL 21152524 1 0 1706741399
WALL 21152524 1 0 1706741400
WALL 21152524 1 0 1706741401
WALL 21152524 1 0 1706741402
WALL 21152524 1 0 1706741403
WALL 21152524 1 0 1706741404
WALL 21152524 1 0 1706741405
WALL 21152524 1 0 1706741406
WALL 21152524 1 0 1706741407
WALL 21152524 1 0 1706741408
WALL 21152524 1 0 1706741409
WALL 21152524 1 0 1706741410
WALL 21152524 1 0 1706741411
WALL 21152524 1 0 1706741412
WALL 21152524 1 0 1706741413
WALL 21152524 1 0 1706741414
WALL 21152524 1 0 1706741415
WALL 21152524 1 0 1706741416
WALL 21152524 1 0 1706741417
WALL 21152524 1 0 1706741418
WALL 21152524 1 0 1706741419
WALL 21152524 1 0 1706741420
WALL 21152524 1 0 1706741421
WALL 21152524 1 0 1706741422
WALL 21152524 1 0 1706741423
WALL 21152524 1 0 1706741424
WALL 21152524 1 0 1706741425
WALL 21152524 1 0 1706741426
WALL 21152524 1 0 1706741427
WALL 21152524 1 0 1706741428
WALL 21152524 1 0 1706741429
WALL 21152524 1 0 1706741430
WALL 21152524 1 0 1706741431
WALL 21152524 1 0 1706741432
WALL 21152524 1 0 1706741433
WALL 21152524 1 0 1706741434
WALL 21152524 1 0 1706741435
WALL 21152524 1 0 1706741436
WALL 21152524 1 0 1706741437
WALL 21152524 1 0 1706741438
WALL 21152524 1 0 1706741439
WALL 21152524 1 0 1706741440
WALL 21152524 1 0 1706741441
WALL 21152524 1 0 1706741442
WALL 21152524 1 0 1706741443
WALL 21152524 1 0 1706741444
WALL 21152524 1 0 1706741445
WALL 21152524 1 0 1706741446
received SIGCONT 1706741446
WALL 21152524 1 0 1706741446
slurmstepd: error: *** STEP 21152524.0 ON nid200168 CANCELLED AT 2024-01-31T22:50:46 ***
received SIGTERM 1706741446
WALL 21152524 1 0 1706741446
WALL 21152524 1 0 1706741447
WALL 21152524 1 0 1706741448
WALL 21152524 1 0 1706741449
WALL 21152524 1 0 1706741450
WALL 21152524 1 0 1706741451
WALL 21152524 1 0 1706741452
WALL 21152524 1 0 1706741453
WALL 21152524 1 0 1706741454
WALL 21152524 1 0 1706741455
WALL 21152524 1 0 1706741456
WALL 21152524 1 0 1706741457
WALL 21152524 1 0 1706741458
WALL 21152524 1 0 1706741459
WALL 21152524 1 0 1706741460
WALL 21152524 1 0 1706741461
WALL 21152524 1 0 1706741462
WALL 21152524 1 0 1706741463
WALL 21152524 1 0 1706741464
WALL 21152524 1 0 1706741465
WALL 21152524 1 0 1706741466
WALL 21152524 1 0 1706741467
WALL 21152524 1 0 1706741468
WALL 21152524 1 0 1706741469
WALL 21152524 1 0 1706741470
WALL 21152524 1 0 1706741471
WALL 21152524 1 0 1706741472
WALL 21152524 1 0 1706741473
WALL 21152524 1 0 1706741474
WALL 21152524 1 0 1706741475
WALL 21152524 1 0 1706741476
WALL 21152524 1 0 1706741477
WALL 21152524 1 0 1706741478
WALL 21152524 1 0 1706741479
WALL 21152524 1 0 1706741480
WALL 21152524 1 0 1706741481
WALL 21152524 1 0 1706741482
WALL 21152524 1 0 1706741483
WALL 21152524 1 0 1706741484
WALL 21152524 1 0 1706741485
WALL 21152524 1 0 1706741486
WALL 21152524 1 0 1706741487
WALL 21152524 1 0 1706741488
WALL 21152524 1 0 1706741489
WALL 21152524 1 0 1706741490
WALL 21152524 1 0 1706741491
WALL 21152524 1 0 1706741492
WALL 21152524 1 0 1706741493
WALL 21152524 1 0 1706741494
WALL 21152524 1 0 1706741495
WALL 21152524 1 0 1706741496
WALL 21152524 1 0 1706741497
WALL 21152524 1 0 1706741498
WALL 21152524 1 0 1706741499
WALL 21152524 1 0 1706741500
WALL 21152524 1 0 1706741501
WALL 21152524 1 0 1706741502
WALL 21152524 1 0 1706741503
WALL 21152524 1 0 1706741504
WALL 21152524 1 0 1706741505
WALL 21152524 1 0 1706741506
WALL 21152524 1 0 1706741507
WALL 21152524 1 0 1706741508
WALL 21152524 1 0 1706741509
WALL 21152524 1 0 1706741510
WALL 21152524 1 0 1706741511
WALL 21152524 1 0 1706741512
slurmstepd: error: *** JOB 21152524 ON nid200168 CANCELLED AT 2024-01-31T22:51:53 DUE TO PREEMPTION ***
received SIGTERM 1706741513
WALL 21152524 1 0 1706741513
received SIGCONT 1706741513
WALL 21152524 1 0 1706741513
received SIGTERM 1706741513
WALL 21152524 1 0 1706741513
