srun: warning: can't run 1 processes on 2 nodes, setting nnodes to 1
WALL 21211484 1 0 1706830658
WALL 21211484 1 0 1706830659
WALL 21211484 1 0 1706830660
WALL 21211484 1 0 1706830661
WALL 21211484 1 0 1706830662
WALL 21211484 1 0 1706830663
WALL 21211484 1 0 1706830664
WALL 21211484 1 0 1706830665
WALL 21211484 1 0 1706830666
WALL 21211484 1 0 1706830667
WALL 21211484 1 0 1706830668
WALL 21211484 1 0 1706830669
WALL 21211484 1 0 1706830670
WALL 21211484 1 0 1706830671
WALL 21211484 1 0 1706830672
WALL 21211484 1 0 1706830673
WALL 21211484 1 0 1706830674
WALL 21211484 1 0 1706830675
WALL 21211484 1 0 1706830676
WALL 21211484 1 0 1706830677
WALL 21211484 1 0 1706830678
WALL 21211484 1 0 1706830679
WALL 21211484 1 0 1706830680
WALL 21211484 1 0 1706830681
WALL 21211484 1 0 1706830682
WALL 21211484 1 0 1706830683
WALL 21211484 1 0 1706830684
WALL 21211484 1 0 1706830685
WALL 21211484 1 0 1706830686
WALL 21211484 1 0 1706830687
WALL 21211484 1 0 1706830688
WALL 21211484 1 0 1706830689
WALL 21211484 1 0 1706830690
WALL 21211484 1 0 1706830691
WALL 21211484 1 0 1706830692
WALL 21211484 1 0 1706830693
WALL 21211484 1 0 1706830694
WALL 21211484 1 0 1706830695
WALL 21211484 1 0 1706830696
WALL 21211484 1 0 1706830697
WALL 21211484 1 0 1706830698
WALL 21211484 1 0 1706830699
WALL 21211484 1 0 1706830700
WALL 21211484 1 0 1706830701
WALL 21211484 1 0 1706830702
WALL 21211484 1 0 1706830703
WALL 21211484 1 0 1706830704
WALL 21211484 1 0 1706830705
WALL 21211484 1 0 1706830706
WALL 21211484 1 0 1706830707
WALL 21211484 1 0 1706830708
WALL 21211484 1 0 1706830709
WALL 21211484 1 0 1706830710
WALL 21211484 1 0 1706830711
WALL 21211484 1 0 1706830712
WALL 21211484 1 0 1706830713
WALL 21211484 1 0 1706830714
WALL 21211484 1 0 1706830715
WALL 21211484 1 0 1706830716
WALL 21211484 1 0 1706830717
WALL 21211484 1 0 1706830718
WALL 21211484 1 0 1706830719
WALL 21211484 1 0 1706830720
WALL 21211484 1 0 1706830721
WALL 21211484 1 0 1706830722
WALL 21211484 1 0 1706830723
WALL 21211484 1 0 1706830724
WALL 21211484 1 0 1706830725
WALL 21211484 1 0 1706830726
WALL 21211484 1 0 1706830727
WALL 21211484 1 0 1706830728
WALL 21211484 1 0 1706830729
WALL 21211484 1 0 1706830730
WALL 21211484 1 0 1706830731
WALL 21211484 1 0 1706830732
WALL 21211484 1 0 1706830733
WALL 21211484 1 0 1706830734
WALL 21211484 1 0 1706830735
WALL 21211484 1 0 1706830736
WALL 21211484 1 0 1706830737
WALL 21211484 1 0 1706830738
WALL 21211484 1 0 1706830739
WALL 21211484 1 0 1706830740
WALL 21211484 1 0 1706830741
WALL 21211484 1 0 1706830742
WALL 21211484 1 0 1706830743
WALL 21211484 1 0 1706830744
WALL 21211484 1 0 1706830745
WALL 21211484 1 0 1706830746
WALL 21211484 1 0 1706830747
WALL 21211484 1 0 1706830748
WALL 21211484 1 0 1706830749
WALL 21211484 1 0 1706830750
WALL 21211484 1 0 1706830751
WALL 21211484 1 0 1706830752
WALL 21211484 1 0 1706830753
WALL 21211484 1 0 1706830754
WALL 21211484 1 0 1706830755
WALL 21211484 1 0 1706830756
WALL 21211484 1 0 1706830757
WALL 21211484 1 0 1706830758
slurmstepd: error: *** STEP 21211484.0 ON nid200043 CANCELLED AT 2024-02-01T23:39:18 ***
received SIGCONT 1706830758
WALL 21211484 1 0 1706830758
received SIGTERM 1706830758
WALL 21211484 1 0 1706830758
WALL 21211484 1 0 1706830759
WALL 21211484 1 0 1706830760
WALL 21211484 1 0 1706830761
WALL 21211484 1 0 1706830762
WALL 21211484 1 0 1706830763
WALL 21211484 1 0 1706830764
WALL 21211484 1 0 1706830765
WALL 21211484 1 0 1706830766
WALL 21211484 1 0 1706830767
WALL 21211484 1 0 1706830768
WALL 21211484 1 0 1706830769
WALL 21211484 1 0 1706830770
WALL 21211484 1 0 1706830771
WALL 21211484 1 0 1706830772
WALL 21211484 1 0 1706830773
WALL 21211484 1 0 1706830774
WALL 21211484 1 0 1706830775
WALL 21211484 1 0 1706830776
WALL 21211484 1 0 1706830777
WALL 21211484 1 0 1706830778
WALL 21211484 1 0 1706830779
WALL 21211484 1 0 1706830780
WALL 21211484 1 0 1706830781
WALL 21211484 1 0 1706830782
WALL 21211484 1 0 1706830783
WALL 21211484 1 0 1706830784
WALL 21211484 1 0 1706830785
WALL 21211484 1 0 1706830786
WALL 21211484 1 0 1706830787
WALL 21211484 1 0 1706830788
WALL 21211484 1 0 1706830789
WALL 21211484 1 0 1706830790
WALL 21211484 1 0 1706830791
WALL 21211484 1 0 1706830792
WALL 21211484 1 0 1706830793
WALL 21211484 1 0 1706830794
WALL 21211484 1 0 1706830795
WALL 21211484 1 0 1706830796
WALL 21211484 1 0 1706830797
WALL 21211484 1 0 1706830798
WALL 21211484 1 0 1706830799
WALL 21211484 1 0 1706830800
WALL 21211484 1 0 1706830801
WALL 21211484 1 0 1706830802
WALL 21211484 1 0 1706830803
WALL 21211484 1 0 1706830804
WALL 21211484 1 0 1706830805
WALL 21211484 1 0 1706830806
WALL 21211484 1 0 1706830807
WALL 21211484 1 0 1706830808
WALL 21211484 1 0 1706830809
WALL 21211484 1 0 1706830810
WALL 21211484 1 0 1706830811
WALL 21211484 1 0 1706830812
WALL 21211484 1 0 1706830813
WALL 21211484 1 0 1706830814
WALL 21211484 1 0 1706830815
WALL 21211484 1 0 1706830816
WALL 21211484 1 0 1706830817
slurmstepd: error: *** JOB 21211484 ON nid200043 CANCELLED AT 2024-02-01T23:40:18 DUE TO PREEMPTION ***
received SIGTERM 1706830818
WALL 21211484 1 0 1706830818
received SIGCONT 1706830818
WALL 21211484 1 0 1706830818
received SIGTERM 1706830818
WALL 21211484 1 0 1706830818
