WALL 21088150 1 0 1706658535
WALL 21088150 1 0 1706658536
slurmstepd: error: *** STEP 21088150.0 ON nid200197 CANCELLED AT 2024-01-30T23:48:57 ***
received SIGCONT 1706658537
WALL 21088150 1 0 1706658537
received SIGTERM 1706658537
WALL 21088150 1 0 1706658537
WALL 21088150 1 0 1706658538
WALL 21088150 1 0 1706658539
WALL 21088150 1 0 1706658540
WALL 21088150 1 0 1706658541
WALL 21088150 1 0 1706658542
WALL 21088150 1 0 1706658543
WALL 21088150 1 0 1706658544
WALL 21088150 1 0 1706658545
WALL 21088150 1 0 1706658546
WALL 21088150 1 0 1706658547
WALL 21088150 1 0 1706658548
WALL 21088150 1 0 1706658549
WALL 21088150 1 0 1706658550
WALL 21088150 1 0 1706658551
WALL 21088150 1 0 1706658552
WALL 21088150 1 0 1706658553
WALL 21088150 1 0 1706658554
WALL 21088150 1 0 1706658555
WALL 21088150 1 0 1706658556
WALL 21088150 1 0 1706658557
WALL 21088150 1 0 1706658558
WALL 21088150 1 0 1706658559
WALL 21088150 1 0 1706658560
WALL 21088150 1 0 1706658561
WALL 21088150 1 0 1706658562
WALL 21088150 1 0 1706658563
WALL 21088150 1 0 1706658564
WALL 21088150 1 0 1706658565
WALL 21088150 1 0 1706658566
WALL 21088150 1 0 1706658567
WALL 21088150 1 0 1706658568
WALL 21088150 1 0 1706658569
WALL 21088150 1 0 1706658570
WALL 21088150 1 0 1706658571
WALL 21088150 1 0 1706658572
WALL 21088150 1 0 1706658573
WALL 21088150 1 0 1706658574
WALL 21088150 1 0 1706658575
WALL 21088150 1 0 1706658576
WALL 21088150 1 0 1706658577
WALL 21088150 1 0 1706658578
WALL 21088150 1 0 1706658579
WALL 21088150 1 0 1706658580
WALL 21088150 1 0 1706658581
WALL 21088150 1 0 1706658582
WALL 21088150 1 0 1706658583
WALL 21088150 1 0 1706658584
WALL 21088150 1 0 1706658585
WALL 21088150 1 0 1706658586
WALL 21088150 1 0 1706658587
WALL 21088150 1 0 1706658588
WALL 21088150 1 0 1706658589
WALL 21088150 1 0 1706658590
WALL 21088150 1 0 1706658591
WALL 21088150 1 0 1706658592
WALL 21088150 1 0 1706658593
WALL 21088150 1 0 1706658594
WALL 21088150 1 0 1706658595
WALL 21088150 1 0 1706658596
WALL 21088150 1 0 1706658597
WALL 21088150 1 0 1706658598
WALL 21088150 1 0 1706658599
WALL 21088150 1 0 1706658600
WALL 21088150 1 0 1706658601
WALL 21088150 1 0 1706658602
WALL 21088150 1 0 1706658603
WALL 21088150 1 0 1706658604
WALL 21088150 1 0 1706658605
WALL 21088150 1 0 1706658606
WALL 21088150 1 0 1706658607
WALL 21088150 1 0 1706658608
WALL 21088150 1 0 1706658609
WALL 21088150 1 0 1706658610
WALL 21088150 1 0 1706658611
WALL 21088150 1 0 1706658612
WALL 21088150 1 0 1706658613
WALL 21088150 1 0 1706658614
WALL 21088150 1 0 1706658615
WALL 21088150 1 0 1706658616
slurmstepd: error: *** JOB 21088150 ON nid200197 CANCELLED AT 2024-01-30T23:50:16 DUE TO PREEMPTION ***
received SIGTERM 1706658616
WALL 21088150 1 0 1706658616
received SIGCONT 1706658616
WALL 21088150 1 0 1706658616
received SIGTERM 1706658616
WALL 21088150 1 0 1706658616
