WALL 21153461 1 0 1706742431
WALL 21153461 1 0 1706742432
WALL 21153461 1 0 1706742433
WALL 21153461 1 0 1706742434
WALL 21153461 1 0 1706742435
WALL 21153461 1 0 1706742436
WALL 21153461 1 0 1706742437
WALL 21153461 1 0 1706742438
WALL 21153461 1 0 1706742439
WALL 21153461 1 0 1706742440
WALL 21153461 1 0 1706742441
WALL 21153461 1 0 1706742442
WALL 21153461 1 0 1706742443
WALL 21153461 1 0 1706742444
WALL 21153461 1 0 1706742445
WALL 21153461 1 0 1706742446
WALL 21153461 1 0 1706742447
WALL 21153461 1 0 1706742448
WALL 21153461 1 0 1706742449
WALL 21153461 1 0 1706742450
WALL 21153461 1 0 1706742451
WALL 21153461 1 0 1706742452
WALL 21153461 1 0 1706742453
WALL 21153461 1 0 1706742454
WALL 21153461 1 0 1706742455
WALL 21153461 1 0 1706742456
WALL 21153461 1 0 1706742457
WALL 21153461 1 0 1706742458
WALL 21153461 1 0 1706742459
WALL 21153461 1 0 1706742460
WALL 21153461 1 0 1706742461
WALL 21153461 1 0 1706742462
WALL 21153461 1 0 1706742463
WALL 21153461 1 0 1706742464
WALL 21153461 1 0 1706742465
WALL 21153461 1 0 1706742466
WALL 21153461 1 0 1706742467
WALL 21153461 1 0 1706742468
WALL 21153461 1 0 1706742469
WALL 21153461 1 0 1706742470
WALL 21153461 1 0 1706742471
WALL 21153461 1 0 1706742472
WALL 21153461 1 0 1706742473
WALL 21153461 1 0 1706742474
WALL 21153461 1 0 1706742475
WALL 21153461 1 0 1706742476
WALL 21153461 1 0 1706742477
WALL 21153461 1 0 1706742478
WALL 21153461 1 0 1706742479
WALL 21153461 1 0 1706742480
WALL 21153461 1 0 1706742481
WALL 21153461 1 0 1706742482
WALL 21153461 1 0 1706742483
WALL 21153461 1 0 1706742484
WALL 21153461 1 0 1706742485
WALL 21153461 1 0 1706742486
WALL 21153461 1 0 1706742487
WALL 21153461 1 0 1706742488
WALL 21153461 1 0 1706742489
WALL 21153461 1 0 1706742490
WALL 21153461 1 0 1706742491
WALL 21153461 1 0 1706742492
WALL 21153461 1 0 1706742493
WALL 21153461 1 0 1706742494
WALL 21153461 1 0 1706742495
WALL 21153461 1 0 1706742496
WALL 21153461 1 0 1706742497
WALL 21153461 1 0 1706742498
WALL 21153461 1 0 1706742499
WALL 21153461 1 0 1706742500
WALL 21153461 1 0 1706742501
WALL 21153461 1 0 1706742502
WALL 21153461 1 0 1706742503
WALL 21153461 1 0 1706742504
WALL 21153461 1 0 1706742505
WALL 21153461 1 0 1706742506
WALL 21153461 1 0 1706742507
WALL 21153461 1 0 1706742508
WALL 21153461 1 0 1706742509
WALL 21153461 1 0 1706742510
WALL 21153461 1 0 1706742511
WALL 21153461 1 0 1706742512
WALL 21153461 1 0 1706742513
WALL 21153461 1 0 1706742514
WALL 21153461 1 0 1706742515
WALL 21153461 1 0 1706742516
WALL 21153461 1 0 1706742517
WALL 21153461 1 0 1706742518
WALL 21153461 1 0 1706742519
WALL 21153461 1 0 1706742520
WALL 21153461 1 0 1706742521
WALL 21153461 1 0 1706742522
WALL 21153461 1 0 1706742523
WALL 21153461 1 0 1706742524
WALL 21153461 1 0 1706742525
WALL 21153461 1 0 1706742526
WALL 21153461 1 0 1706742527
WALL 21153461 1 0 1706742528
WALL 21153461 1 0 1706742529
WALL 21153461 1 0 1706742530
WALL 21153461 1 0 1706742531
WALL 21153461 1 0 1706742532
WALL 21153461 1 0 1706742533
WALL 21153461 1 0 1706742534
WALL 21153461 1 0 1706742535
WALL 21153461 1 0 1706742536
WALL 21153461 1 0 1706742537
WALL 21153461 1 0 1706742538
WALL 21153461 1 0 1706742539
WALL 21153461 1 0 1706742540
WALL 21153461 1 0 1706742541
WALL 21153461 1 0 1706742542
WALL 21153461 1 0 1706742543
WALL 21153461 1 0 1706742544
WALL 21153461 1 0 1706742545
WALL 21153461 1 0 1706742546
WALL 21153461 1 0 1706742547
WALL 21153461 1 0 1706742548
WALL 21153461 1 0 1706742549
WALL 21153461 1 0 1706742550
WALL 21153461 1 0 1706742551
WALL 21153461 1 0 1706742552
WALL 21153461 1 0 1706742553
WALL 21153461 1 0 1706742554
WALL 21153461 1 0 1706742555
WALL 21153461 1 0 1706742556
WALL 21153461 1 0 1706742557
WALL 21153461 1 0 1706742558
WALL 21153461 1 0 1706742559
WALL 21153461 1 0 1706742560
WALL 21153461 1 0 1706742561
WALL 21153461 1 0 1706742562
WALL 21153461 1 0 1706742563
WALL 21153461 1 0 1706742564
WALL 21153461 1 0 1706742565
WALL 21153461 1 0 1706742566
WALL 21153461 1 0 1706742567
WALL 21153461 1 0 1706742568
WALL 21153461 1 0 1706742569
WALL 21153461 1 0 1706742570
WALL 21153461 1 0 1706742571
WALL 21153461 1 0 1706742572
WALL 21153461 1 0 1706742573
WALL 21153461 1 0 1706742574
WALL 21153461 1 0 1706742575
WALL 21153461 1 0 1706742576
WALL 21153461 1 0 1706742577
WALL 21153461 1 0 1706742578
WALL 21153461 1 0 1706742579
WALL 21153461 1 0 1706742580
WALL 21153461 1 0 1706742581
WALL 21153461 1 0 1706742582
WALL 21153461 1 0 1706742583
WALL 21153461 1 0 1706742584
WALL 21153461 1 0 1706742585
WALL 21153461 1 0 1706742586
WALL 21153461 1 0 1706742587
WALL 21153461 1 0 1706742588
WALL 21153461 1 0 1706742589
WALL 21153461 1 0 1706742590
WALL 21153461 1 0 1706742591
WALL 21153461 1 0 1706742592
WALL 21153461 1 0 1706742593
WALL 21153461 1 0 1706742594
WALL 21153461 1 0 1706742595
WALL 21153461 1 0 1706742596
WALL 21153461 1 0 1706742597
WALL 21153461 1 0 1706742598
WALL 21153461 1 0 1706742599
WALL 21153461 1 0 1706742600
WALL 21153461 1 0 1706742601
WALL 21153461 1 0 1706742602
WALL 21153461 1 0 1706742603
WALL 21153461 1 0 1706742604
WALL 21153461 1 0 1706742605
WALL 21153461 1 0 1706742606
WALL 21153461 1 0 1706742607
WALL 21153461 1 0 1706742608
WALL 21153461 1 0 1706742609
WALL 21153461 1 0 1706742610
WALL 21153461 1 0 1706742611
WALL 21153461 1 0 1706742612
WALL 21153461 1 0 1706742613
WALL 21153461 1 0 1706742614
WALL 21153461 1 0 1706742615
WALL 21153461 1 0 1706742616
WALL 21153461 1 0 1706742617
received SIGCONT 1706742617
WALL 21153461 1 0 1706742617
slurmstepd: error: *** STEP 21153461.0 ON nid200161 CANCELLED AT 2024-01-31T23:10:17 ***
received SIGTERM 1706742617
WALL 21153461 1 0 1706742617
WALL 21153461 1 0 1706742618
WALL 21153461 1 0 1706742619
WALL 21153461 1 0 1706742620
WALL 21153461 1 0 1706742621
WALL 21153461 1 0 1706742622
WALL 21153461 1 0 1706742623
WALL 21153461 1 0 1706742624
WALL 21153461 1 0 1706742625
WALL 21153461 1 0 1706742626
WALL 21153461 1 0 1706742627
WALL 21153461 1 0 1706742628
WALL 21153461 1 0 1706742629
WALL 21153461 1 0 1706742630
WALL 21153461 1 0 1706742631
WALL 21153461 1 0 1706742632
WALL 21153461 1 0 1706742633
WALL 21153461 1 0 1706742634
WALL 21153461 1 0 1706742635
WALL 21153461 1 0 1706742636
WALL 21153461 1 0 1706742637
WALL 21153461 1 0 1706742638
WALL 21153461 1 0 1706742639
WALL 21153461 1 0 1706742640
WALL 21153461 1 0 1706742641
WALL 21153461 1 0 1706742642
WALL 21153461 1 0 1706742643
WALL 21153461 1 0 1706742644
WALL 21153461 1 0 1706742645
WALL 21153461 1 0 1706742646
WALL 21153461 1 0 1706742647
WALL 21153461 1 0 1706742648
WALL 21153461 1 0 1706742649
WALL 21153461 1 0 1706742650
WALL 21153461 1 0 1706742651
WALL 21153461 1 0 1706742652
WALL 21153461 1 0 1706742653
WALL 21153461 1 0 1706742654
WALL 21153461 1 0 1706742655
WALL 21153461 1 0 1706742656
WALL 21153461 1 0 1706742657
WALL 21153461 1 0 1706742658
WALL 21153461 1 0 1706742659
WALL 21153461 1 0 1706742660
WALL 21153461 1 0 1706742661
WALL 21153461 1 0 1706742662
WALL 21153461 1 0 1706742663
WALL 21153461 1 0 1706742664
WALL 21153461 1 0 1706742665
WALL 21153461 1 0 1706742666
WALL 21153461 1 0 1706742667
WALL 21153461 1 0 1706742668
WALL 21153461 1 0 1706742669
WALL 21153461 1 0 1706742670
WALL 21153461 1 0 1706742671
WALL 21153461 1 0 1706742672
WALL 21153461 1 0 1706742673
WALL 21153461 1 0 1706742674
WALL 21153461 1 0 1706742675
WALL 21153461 1 0 1706742676
WALL 21153461 1 0 1706742677
WALL 21153461 1 0 1706742678
WALL 21153461 1 0 1706742679
WALL 21153461 1 0 1706742680
WALL 21153461 1 0 1706742681
WALL 21153461 1 0 1706742682
WALL 21153461 1 0 1706742683
WALL 21153461 1 0 1706742684
WALL 21153461 1 0 1706742685
WALL 21153461 1 0 1706742686
WALL 21153461 1 0 1706742687
WALL 21153461 1 0 1706742688
WALL 21153461 1 0 1706742689
WALL 21153461 1 0 1706742690
WALL 21153461 1 0 1706742691
WALL 21153461 1 0 1706742692
WALL 21153461 1 0 1706742693
WALL 21153461 1 0 1706742694
WALL 21153461 1 0 1706742695
WALL 21153461 1 0 1706742696
WALL 21153461 1 0 1706742697
WALL 21153461 1 0 1706742698
WALL 21153461 1 0 1706742699
WALL 21153461 1 0 1706742700
WALL 21153461 1 0 1706742701
WALL 21153461 1 0 1706742702
WALL 21153461 1 0 1706742703
WALL 21153461 1 0 1706742704
slurmstepd: error: *** JOB 21153461 ON nid200161 CANCELLED AT 2024-01-31T23:11:45 DUE TO PREEMPTION ***
received SIGTERM 1706742705
WALL 21153461 1 0 1706742705
received SIGCONT 1706742705
WALL 21153461 1 0 1706742705
received SIGTERM 1706742705
WALL 21153461 1 0 1706742705
