WALL 21205861 1 0 1706820016
WALL 21205861 1 0 1706820017
WALL 21205861 1 0 1706820018
WALL 21205861 1 0 1706820019
WALL 21205861 1 0 1706820020
WALL 21205861 1 0 1706820021
WALL 21205861 1 0 1706820022
WALL 21205861 1 0 1706820023
WALL 21205861 1 0 1706820024
WALL 21205861 1 0 1706820025
WALL 21205861 1 0 1706820026
WALL 21205861 1 0 1706820027
WALL 21205861 1 0 1706820028
WALL 21205861 1 0 1706820029
WALL 21205861 1 0 1706820030
WALL 21205861 1 0 1706820031
WALL 21205861 1 0 1706820032
WALL 21205861 1 0 1706820033
WALL 21205861 1 0 1706820034
WALL 21205861 1 0 1706820035
WALL 21205861 1 0 1706820036
WALL 21205861 1 0 1706820037
WALL 21205861 1 0 1706820038
WALL 21205861 1 0 1706820039
WALL 21205861 1 0 1706820040
WALL 21205861 1 0 1706820041
WALL 21205861 1 0 1706820042
WALL 21205861 1 0 1706820043
WALL 21205861 1 0 1706820044
WALL 21205861 1 0 1706820045
WALL 21205861 1 0 1706820046
WALL 21205861 1 0 1706820047
WALL 21205861 1 0 1706820048
WALL 21205861 1 0 1706820049
WALL 21205861 1 0 1706820050
WALL 21205861 1 0 1706820051
WALL 21205861 1 0 1706820052
WALL 21205861 1 0 1706820053
WALL 21205861 1 0 1706820054
WALL 21205861 1 0 1706820055
WALL 21205861 1 0 1706820056
WALL 21205861 1 0 1706820057
WALL 21205861 1 0 1706820058
WALL 21205861 1 0 1706820059
WALL 21205861 1 0 1706820060
WALL 21205861 1 0 1706820061
WALL 21205861 1 0 1706820062
WALL 21205861 1 0 1706820063
WALL 21205861 1 0 1706820064
WALL 21205861 1 0 1706820065
WALL 21205861 1 0 1706820066
WALL 21205861 1 0 1706820067
WALL 21205861 1 0 1706820068
WALL 21205861 1 0 1706820069
WALL 21205861 1 0 1706820070
WALL 21205861 1 0 1706820071
WALL 21205861 1 0 1706820072
WALL 21205861 1 0 1706820073
WALL 21205861 1 0 1706820074
WALL 21205861 1 0 1706820075
WALL 21205861 1 0 1706820076
WALL 21205861 1 0 1706820077
WALL 21205861 1 0 1706820078
WALL 21205861 1 0 1706820079
WALL 21205861 1 0 1706820080
WALL 21205861 1 0 1706820081
WALL 21205861 1 0 1706820082
WALL 21205861 1 0 1706820083
WALL 21205861 1 0 1706820084
WALL 21205861 1 0 1706820085
WALL 21205861 1 0 1706820086
WALL 21205861 1 0 1706820087
WALL 21205861 1 0 1706820088
WALL 21205861 1 0 1706820089
WALL 21205861 1 0 1706820090
WALL 21205861 1 0 1706820091
WALL 21205861 1 0 1706820092
WALL 21205861 1 0 1706820093
WALL 21205861 1 0 1706820094
WALL 21205861 1 0 1706820095
WALL 21205861 1 0 1706820096
WALL 21205861 1 0 1706820097
WALL 21205861 1 0 1706820098
WALL 21205861 1 0 1706820099
WALL 21205861 1 0 1706820100
WALL 21205861 1 0 1706820101
WALL 21205861 1 0 1706820102
WALL 21205861 1 0 1706820103
WALL 21205861 1 0 1706820104
WALL 21205861 1 0 1706820105
WALL 21205861 1 0 1706820106
WALL 21205861 1 0 1706820107
WALL 21205861 1 0 1706820108
slurmstepd: error: *** STEP 21205861.0 ON nid200004 CANCELLED AT 2024-02-01T20:41:49 ***
received SIGTERM 1706820109
WALL 21205861 1 0 1706820109
received SIGCONT 1706820109
WALL 21205861 1 0 1706820109
WALL 21205861 1 0 1706820110
WALL 21205861 1 0 1706820111
WALL 21205861 1 0 1706820112
WALL 21205861 1 0 1706820113
WALL 21205861 1 0 1706820114
WALL 21205861 1 0 1706820115
WALL 21205861 1 0 1706820116
WALL 21205861 1 0 1706820117
WALL 21205861 1 0 1706820118
WALL 21205861 1 0 1706820119
WALL 21205861 1 0 1706820120
WALL 21205861 1 0 1706820121
WALL 21205861 1 0 1706820122
WALL 21205861 1 0 1706820123
WALL 21205861 1 0 1706820124
WALL 21205861 1 0 1706820125
WALL 21205861 1 0 1706820126
WALL 21205861 1 0 1706820127
WALL 21205861 1 0 1706820128
WALL 21205861 1 0 1706820129
WALL 21205861 1 0 1706820130
WALL 21205861 1 0 1706820131
WALL 21205861 1 0 1706820132
WALL 21205861 1 0 1706820133
WALL 21205861 1 0 1706820134
WALL 21205861 1 0 1706820135
WALL 21205861 1 0 1706820136
WALL 21205861 1 0 1706820137
WALL 21205861 1 0 1706820138
WALL 21205861 1 0 1706820139
WALL 21205861 1 0 1706820140
WALL 21205861 1 0 1706820141
WALL 21205861 1 0 1706820142
WALL 21205861 1 0 1706820143
WALL 21205861 1 0 1706820144
WALL 21205861 1 0 1706820145
WALL 21205861 1 0 1706820146
WALL 21205861 1 0 1706820147
WALL 21205861 1 0 1706820148
WALL 21205861 1 0 1706820149
WALL 21205861 1 0 1706820150
WALL 21205861 1 0 1706820151
WALL 21205861 1 0 1706820152
WALL 21205861 1 0 1706820153
WALL 21205861 1 0 1706820154
WALL 21205861 1 0 1706820155
WALL 21205861 1 0 1706820156
WALL 21205861 1 0 1706820157
WALL 21205861 1 0 1706820158
WALL 21205861 1 0 1706820159
WALL 21205861 1 0 1706820160
WALL 21205861 1 0 1706820161
WALL 21205861 1 0 1706820162
WALL 21205861 1 0 1706820163
WALL 21205861 1 0 1706820164
WALL 21205861 1 0 1706820165
WALL 21205861 1 0 1706820166
WALL 21205861 1 0 1706820167
WALL 21205861 1 0 1706820168
WALL 21205861 1 0 1706820169
WALL 21205861 1 0 1706820170
WALL 21205861 1 0 1706820171
WALL 21205861 1 0 1706820172
WALL 21205861 1 0 1706820173
WALL 21205861 1 0 1706820174
WALL 21205861 1 0 1706820175
WALL 21205861 1 0 1706820176
WALL 21205861 1 0 1706820177
WALL 21205861 1 0 1706820178
WALL 21205861 1 0 1706820179
WALL 21205861 1 0 1706820180
WALL 21205861 1 0 1706820181
WALL 21205861 1 0 1706820182
WALL 21205861 1 0 1706820183
WALL 21205861 1 0 1706820184
WALL 21205861 1 0 1706820185
WALL 21205861 1 0 1706820186
WALL 21205861 1 0 1706820187
WALL 21205861 1 0 1706820188
WALL 21205861 1 0 1706820189
WALL 21205861 1 0 1706820190
WALL 21205861 1 0 1706820191
slurmstepd: error: *** JOB 21205861 ON nid200004 CANCELLED AT 2024-02-01T20:43:11 DUE TO PREEMPTION ***
received SIGTERM 1706820191
WALL 21205861 1 0 1706820191
received SIGCONT 1706820191
WALL 21205861 1 0 1706820191
received SIGTERM 1706820191
WALL 21205861 1 0 1706820191
