srun: warning: can't run 1 processes on 2 nodes, setting nnodes to 1
WALL 21200568 1 0 1706816667
WALL 21200568 1 0 1706816668
WALL 21200568 1 0 1706816669
WALL 21200568 1 0 1706816670
WALL 21200568 1 0 1706816671
WALL 21200568 1 0 1706816672
WALL 21200568 1 0 1706816673
WALL 21200568 1 0 1706816674
WALL 21200568 1 0 1706816675
WALL 21200568 1 0 1706816676
WALL 21200568 1 0 1706816677
WALL 21200568 1 0 1706816678
WALL 21200568 1 0 1706816679
WALL 21200568 1 0 1706816680
WALL 21200568 1 0 1706816681
WALL 21200568 1 0 1706816682
WALL 21200568 1 0 1706816683
WALL 21200568 1 0 1706816684
WALL 21200568 1 0 1706816685
WALL 21200568 1 0 1706816686
WALL 21200568 1 0 1706816687
WALL 21200568 1 0 1706816688
WALL 21200568 1 0 1706816689
WALL 21200568 1 0 1706816690
WALL 21200568 1 0 1706816691
WALL 21200568 1 0 1706816692
WALL 21200568 1 0 1706816693
WALL 21200568 1 0 1706816694
WALL 21200568 1 0 1706816695
WALL 21200568 1 0 1706816696
WALL 21200568 1 0 1706816697
WALL 21200568 1 0 1706816698
WALL 21200568 1 0 1706816699
WALL 21200568 1 0 1706816700
WALL 21200568 1 0 1706816701
WALL 21200568 1 0 1706816702
WALL 21200568 1 0 1706816703
WALL 21200568 1 0 1706816704
WALL 21200568 1 0 1706816705
WALL 21200568 1 0 1706816706
WALL 21200568 1 0 1706816707
WALL 21200568 1 0 1706816708
WALL 21200568 1 0 1706816709
WALL 21200568 1 0 1706816710
WALL 21200568 1 0 1706816711
WALL 21200568 1 0 1706816712
WALL 21200568 1 0 1706816713
WALL 21200568 1 0 1706816714
WALL 21200568 1 0 1706816715
WALL 21200568 1 0 1706816716
WALL 21200568 1 0 1706816717
WALL 21200568 1 0 1706816718
WALL 21200568 1 0 1706816719
WALL 21200568 1 0 1706816720
WALL 21200568 1 0 1706816721
WALL 21200568 1 0 1706816722
WALL 21200568 1 0 1706816723
WALL 21200568 1 0 1706816724
WALL 21200568 1 0 1706816725
WALL 21200568 1 0 1706816726
WALL 21200568 1 0 1706816727
WALL 21200568 1 0 1706816728
WALL 21200568 1 0 1706816729
WALL 21200568 1 0 1706816730
WALL 21200568 1 0 1706816731
WALL 21200568 1 0 1706816732
WALL 21200568 1 0 1706816733
WALL 21200568 1 0 1706816734
WALL 21200568 1 0 1706816735
WALL 21200568 1 0 1706816736
WALL 21200568 1 0 1706816737
WALL 21200568 1 0 1706816738
WALL 21200568 1 0 1706816739
WALL 21200568 1 0 1706816740
WALL 21200568 1 0 1706816741
WALL 21200568 1 0 1706816742
WALL 21200568 1 0 1706816743
WALL 21200568 1 0 1706816744
WALL 21200568 1 0 1706816745
WALL 21200568 1 0 1706816746
WALL 21200568 1 0 1706816747
WALL 21200568 1 0 1706816748
WALL 21200568 1 0 1706816749
WALL 21200568 1 0 1706816750
WALL 21200568 1 0 1706816751
WALL 21200568 1 0 1706816752
WALL 21200568 1 0 1706816753
WALL 21200568 1 0 1706816754
WALL 21200568 1 0 1706816755
WALL 21200568 1 0 1706816756
WALL 21200568 1 0 1706816757
WALL 21200568 1 0 1706816758
WALL 21200568 1 0 1706816759
WALL 21200568 1 0 1706816760
WALL 21200568 1 0 1706816761
WALL 21200568 1 0 1706816762
WALL 21200568 1 0 1706816763
WALL 21200568 1 0 1706816764
WALL 21200568 1 0 1706816765
WALL 21200568 1 0 1706816766
WALL 21200568 1 0 1706816767
WALL 21200568 1 0 1706816768
WALL 21200568 1 0 1706816769
WALL 21200568 1 0 1706816770
WALL 21200568 1 0 1706816771
WALL 21200568 1 0 1706816772
WALL 21200568 1 0 1706816773
WALL 21200568 1 0 1706816774
WALL 21200568 1 0 1706816775
WALL 21200568 1 0 1706816776
WALL 21200568 1 0 1706816777
WALL 21200568 1 0 1706816778
WALL 21200568 1 0 1706816779
WALL 21200568 1 0 1706816780
WALL 21200568 1 0 1706816781
WALL 21200568 1 0 1706816782
WALL 21200568 1 0 1706816783
WALL 21200568 1 0 1706816784
WALL 21200568 1 0 1706816785
WALL 21200568 1 0 1706816786
WALL 21200568 1 0 1706816787
WALL 21200568 1 0 1706816788
WALL 21200568 1 0 1706816789
WALL 21200568 1 0 1706816790
WALL 21200568 1 0 1706816791
WALL 21200568 1 0 1706816792
WALL 21200568 1 0 1706816793
WALL 21200568 1 0 1706816794
WALL 21200568 1 0 1706816795
WALL 21200568 1 0 1706816796
WALL 21200568 1 0 1706816797
WALL 21200568 1 0 1706816798
WALL 21200568 1 0 1706816799
WALL 21200568 1 0 1706816800
WALL 21200568 1 0 1706816801
WALL 21200568 1 0 1706816802
WALL 21200568 1 0 1706816803
WALL 21200568 1 0 1706816804
WALL 21200568 1 0 1706816805
WALL 21200568 1 0 1706816806
WALL 21200568 1 0 1706816807
WALL 21200568 1 0 1706816808
WALL 21200568 1 0 1706816809
WALL 21200568 1 0 1706816810
WALL 21200568 1 0 1706816811
WALL 21200568 1 0 1706816812
WALL 21200568 1 0 1706816813
WALL 21200568 1 0 1706816814
WALL 21200568 1 0 1706816815
WALL 21200568 1 0 1706816816
WALL 21200568 1 0 1706816817
WALL 21200568 1 0 1706816818
WALL 21200568 1 0 1706816819
WALL 21200568 1 0 1706816820
WALL 21200568 1 0 1706816821
WALL 21200568 1 0 1706816822
WALL 21200568 1 0 1706816823
WALL 21200568 1 0 1706816824
WALL 21200568 1 0 1706816825
WALL 21200568 1 0 1706816826
WALL 21200568 1 0 1706816827
WALL 21200568 1 0 1706816828
WALL 21200568 1 0 1706816829
WALL 21200568 1 0 1706816830
WALL 21200568 1 0 1706816831
WALL 21200568 1 0 1706816832
WALL 21200568 1 0 1706816833
WALL 21200568 1 0 1706816834
WALL 21200568 1 0 1706816835
WALL 21200568 1 0 1706816836
WALL 21200568 1 0 1706816837
WALL 21200568 1 0 1706816838
WALL 21200568 1 0 1706816839
WALL 21200568 1 0 1706816840
WALL 21200568 1 0 1706816841
WALL 21200568 1 0 1706816842
WALL 21200568 1 0 1706816843
WALL 21200568 1 0 1706816844
WALL 21200568 1 0 1706816845
WALL 21200568 1 0 1706816846
WALL 21200568 1 0 1706816847
WALL 21200568 1 0 1706816848
WALL 21200568 1 0 1706816849
WALL 21200568 1 0 1706816850
WALL 21200568 1 0 1706816851
WALL 21200568 1 0 1706816852
WALL 21200568 1 0 1706816853
WALL 21200568 1 0 1706816854
WALL 21200568 1 0 1706816855
WALL 21200568 1 0 1706816856
WALL 21200568 1 0 1706816857
WALL 21200568 1 0 1706816858
WALL 21200568 1 0 1706816859
WALL 21200568 1 0 1706816860
WALL 21200568 1 0 1706816861
received SIGCONT 1706816862
WALL 21200568 1 0 1706816862
slurmstepd: error: *** STEP 21200568.0 ON nid200026 CANCELLED AT 2024-02-01T19:47:42 ***
received SIGTERM 1706816862
WALL 21200568 1 0 1706816862
WALL 21200568 1 0 1706816863
WALL 21200568 1 0 1706816864
WALL 21200568 1 0 1706816865
WALL 21200568 1 0 1706816866
WALL 21200568 1 0 1706816867
WALL 21200568 1 0 1706816868
WALL 21200568 1 0 1706816869
WALL 21200568 1 0 1706816870
WALL 21200568 1 0 1706816871
WALL 21200568 1 0 1706816872
WALL 21200568 1 0 1706816873
WALL 21200568 1 0 1706816874
WALL 21200568 1 0 1706816875
WALL 21200568 1 0 1706816876
WALL 21200568 1 0 1706816877
WALL 21200568 1 0 1706816878
WALL 21200568 1 0 1706816879
WALL 21200568 1 0 1706816880
WALL 21200568 1 0 1706816881
WALL 21200568 1 0 1706816882
WALL 21200568 1 0 1706816883
WALL 21200568 1 0 1706816884
WALL 21200568 1 0 1706816885
WALL 21200568 1 0 1706816886
WALL 21200568 1 0 1706816887
WALL 21200568 1 0 1706816888
WALL 21200568 1 0 1706816889
WALL 21200568 1 0 1706816890
WALL 21200568 1 0 1706816891
WALL 21200568 1 0 1706816892
WALL 21200568 1 0 1706816893
WALL 21200568 1 0 1706816894
WALL 21200568 1 0 1706816895
WALL 21200568 1 0 1706816896
WALL 21200568 1 0 1706816897
WALL 21200568 1 0 1706816898
WALL 21200568 1 0 1706816899
WALL 21200568 1 0 1706816900
WALL 21200568 1 0 1706816901
WALL 21200568 1 0 1706816902
WALL 21200568 1 0 1706816903
WALL 21200568 1 0 1706816904
WALL 21200568 1 0 1706816905
WALL 21200568 1 0 1706816906
WALL 21200568 1 0 1706816907
WALL 21200568 1 0 1706816908
WALL 21200568 1 0 1706816909
WALL 21200568 1 0 1706816910
WALL 21200568 1 0 1706816911
WALL 21200568 1 0 1706816912
WALL 21200568 1 0 1706816913
WALL 21200568 1 0 1706816914
WALL 21200568 1 0 1706816915
WALL 21200568 1 0 1706816916
WALL 21200568 1 0 1706816917
WALL 21200568 1 0 1706816918
WALL 21200568 1 0 1706816919
WALL 21200568 1 0 1706816920
WALL 21200568 1 0 1706816921
WALL 21200568 1 0 1706816922
WALL 21200568 1 0 1706816923
WALL 21200568 1 0 1706816924
WALL 21200568 1 0 1706816925
slurmstepd: error: *** JOB 21200568 ON nid200026 CANCELLED AT 2024-02-01T19:48:45 DUE TO PREEMPTION ***
received SIGTERM 1706816925
WALL 21200568 1 0 1706816925
received SIGCONT 1706816925
WALL 21200568 1 0 1706816925
received SIGTERM 1706816925
WALL 21200568 1 0 1706816925
