srun: warning: can't run 1 processes on 4 nodes, setting nnodes to 1
WALL 21212178 1 0 1706833002
WALL 21212178 1 0 1706833003
WALL 21212178 1 0 1706833004
WALL 21212178 1 0 1706833005
WALL 21212178 1 0 1706833006
WALL 21212178 1 0 1706833007
WALL 21212178 1 0 1706833008
WALL 21212178 1 0 1706833009
WALL 21212178 1 0 1706833010
WALL 21212178 1 0 1706833011
WALL 21212178 1 0 1706833012
WALL 21212178 1 0 1706833013
WALL 21212178 1 0 1706833014
WALL 21212178 1 0 1706833015
WALL 21212178 1 0 1706833016
WALL 21212178 1 0 1706833017
WALL 21212178 1 0 1706833018
WALL 21212178 1 0 1706833019
WALL 21212178 1 0 1706833020
WALL 21212178 1 0 1706833021
WALL 21212178 1 0 1706833022
WALL 21212178 1 0 1706833023
WALL 21212178 1 0 1706833024
WALL 21212178 1 0 1706833025
WALL 21212178 1 0 1706833026
WALL 21212178 1 0 1706833027
WALL 21212178 1 0 1706833028
WALL 21212178 1 0 1706833029
WALL 21212178 1 0 1706833030
WALL 21212178 1 0 1706833031
WALL 21212178 1 0 1706833032
WALL 21212178 1 0 1706833033
WALL 21212178 1 0 1706833034
WALL 21212178 1 0 1706833035
WALL 21212178 1 0 1706833036
WALL 21212178 1 0 1706833037
WALL 21212178 1 0 1706833038
WALL 21212178 1 0 1706833039
WALL 21212178 1 0 1706833040
WALL 21212178 1 0 1706833041
WALL 21212178 1 0 1706833042
WALL 21212178 1 0 1706833043
WALL 21212178 1 0 1706833044
WALL 21212178 1 0 1706833045
WALL 21212178 1 0 1706833046
WALL 21212178 1 0 1706833047
WALL 21212178 1 0 1706833048
WALL 21212178 1 0 1706833049
WALL 21212178 1 0 1706833050
WALL 21212178 1 0 1706833051
WALL 21212178 1 0 1706833052
WALL 21212178 1 0 1706833053
WALL 21212178 1 0 1706833054
WALL 21212178 1 0 1706833055
WALL 21212178 1 0 1706833056
WALL 21212178 1 0 1706833057
WALL 21212178 1 0 1706833058
WALL 21212178 1 0 1706833059
WALL 21212178 1 0 1706833060
WALL 21212178 1 0 1706833061
WALL 21212178 1 0 1706833062
WALL 21212178 1 0 1706833063
WALL 21212178 1 0 1706833064
WALL 21212178 1 0 1706833065
WALL 21212178 1 0 1706833066
WALL 21212178 1 0 1706833067
WALL 21212178 1 0 1706833068
WALL 21212178 1 0 1706833069
WALL 21212178 1 0 1706833070
WALL 21212178 1 0 1706833071
WALL 21212178 1 0 1706833072
WALL 21212178 1 0 1706833073
WALL 21212178 1 0 1706833074
WALL 21212178 1 0 1706833075
WALL 21212178 1 0 1706833076
WALL 21212178 1 0 1706833077
WALL 21212178 1 0 1706833078
WALL 21212178 1 0 1706833079
WALL 21212178 1 0 1706833080
WALL 21212178 1 0 1706833081
WALL 21212178 1 0 1706833082
WALL 21212178 1 0 1706833083
WALL 21212178 1 0 1706833084
WALL 21212178 1 0 1706833085
WALL 21212178 1 0 1706833086
WALL 21212178 1 0 1706833087
WALL 21212178 1 0 1706833088
WALL 21212178 1 0 1706833089
WALL 21212178 1 0 1706833090
WALL 21212178 1 0 1706833091
WALL 21212178 1 0 1706833092
WALL 21212178 1 0 1706833093
WALL 21212178 1 0 1706833094
WALL 21212178 1 0 1706833095
WALL 21212178 1 0 1706833096
WALL 21212178 1 0 1706833097
WALL 21212178 1 0 1706833098
WALL 21212178 1 0 1706833099
WALL 21212178 1 0 1706833100
WALL 21212178 1 0 1706833101
WALL 21212178 1 0 1706833102
WALL 21212178 1 0 1706833103
WALL 21212178 1 0 1706833104
WALL 21212178 1 0 1706833105
WALL 21212178 1 0 1706833106
WALL 21212178 1 0 1706833107
WALL 21212178 1 0 1706833108
WALL 21212178 1 0 1706833109
WALL 21212178 1 0 1706833110
WALL 21212178 1 0 1706833111
WALL 21212178 1 0 1706833112
WALL 21212178 1 0 1706833113
WALL 21212178 1 0 1706833114
WALL 21212178 1 0 1706833115
WALL 21212178 1 0 1706833116
WALL 21212178 1 0 1706833117
WALL 21212178 1 0 1706833118
WALL 21212178 1 0 1706833119
WALL 21212178 1 0 1706833120
WALL 21212178 1 0 1706833121
WALL 21212178 1 0 1706833122
WALL 21212178 1 0 1706833123
WALL 21212178 1 0 1706833124
WALL 21212178 1 0 1706833125
WALL 21212178 1 0 1706833126
WALL 21212178 1 0 1706833127
WALL 21212178 1 0 1706833128
WALL 21212178 1 0 1706833129
WALL 21212178 1 0 1706833130
WALL 21212178 1 0 1706833131
WALL 21212178 1 0 1706833132
WALL 21212178 1 0 1706833133
WALL 21212178 1 0 1706833134
WALL 21212178 1 0 1706833135
WALL 21212178 1 0 1706833136
WALL 21212178 1 0 1706833137
WALL 21212178 1 0 1706833138
WALL 21212178 1 0 1706833139
WALL 21212178 1 0 1706833140
WALL 21212178 1 0 1706833141
WALL 21212178 1 0 1706833142
WALL 21212178 1 0 1706833143
WALL 21212178 1 0 1706833144
WALL 21212178 1 0 1706833145
WALL 21212178 1 0 1706833146
WALL 21212178 1 0 1706833147
WALL 21212178 1 0 1706833148
WALL 21212178 1 0 1706833149
WALL 21212178 1 0 1706833150
WALL 21212178 1 0 1706833151
WALL 21212178 1 0 1706833152
WALL 21212178 1 0 1706833153
WALL 21212178 1 0 1706833154
WALL 21212178 1 0 1706833155
WALL 21212178 1 0 1706833156
WALL 21212178 1 0 1706833157
WALL 21212178 1 0 1706833158
WALL 21212178 1 0 1706833159
WALL 21212178 1 0 1706833160
WALL 21212178 1 0 1706833161
WALL 21212178 1 0 1706833162
WALL 21212178 1 0 1706833163
WALL 21212178 1 0 1706833164
WALL 21212178 1 0 1706833165
WALL 21212178 1 0 1706833166
WALL 21212178 1 0 1706833167
WALL 21212178 1 0 1706833168
WALL 21212178 1 0 1706833169
WALL 21212178 1 0 1706833170
WALL 21212178 1 0 1706833171
WALL 21212178 1 0 1706833172
WALL 21212178 1 0 1706833173
WALL 21212178 1 0 1706833174
WALL 21212178 1 0 1706833175
WALL 21212178 1 0 1706833176
WALL 21212178 1 0 1706833177
WALL 21212178 1 0 1706833178
WALL 21212178 1 0 1706833179
WALL 21212178 1 0 1706833180
WALL 21212178 1 0 1706833181
WALL 21212178 1 0 1706833182
WALL 21212178 1 0 1706833183
WALL 21212178 1 0 1706833184
WALL 21212178 1 0 1706833185
WALL 21212178 1 0 1706833186
WALL 21212178 1 0 1706833187
WALL 21212178 1 0 1706833188
WALL 21212178 1 0 1706833189
WALL 21212178 1 0 1706833190
WALL 21212178 1 0 1706833191
WALL 21212178 1 0 1706833192
WALL 21212178 1 0 1706833193
WALL 21212178 1 0 1706833194
WALL 21212178 1 0 1706833195
WALL 21212178 1 0 1706833196
WALL 21212178 1 0 1706833197
WALL 21212178 1 0 1706833198
WALL 21212178 1 0 1706833199
WALL 21212178 1 0 1706833200
WALL 21212178 1 0 1706833201
WALL 21212178 1 0 1706833202
WALL 21212178 1 0 1706833203
WALL 21212178 1 0 1706833204
WALL 21212178 1 0 1706833205
WALL 21212178 1 0 1706833206
WALL 21212178 1 0 1706833207
WALL 21212178 1 0 1706833208
WALL 21212178 1 0 1706833209
WALL 21212178 1 0 1706833210
WALL 21212178 1 0 1706833211
WALL 21212178 1 0 1706833212
WALL 21212178 1 0 1706833213
WALL 21212178 1 0 1706833214
WALL 21212178 1 0 1706833215
WALL 21212178 1 0 1706833216
WALL 21212178 1 0 1706833217
WALL 21212178 1 0 1706833218
WALL 21212178 1 0 1706833219
WALL 21212178 1 0 1706833220
WALL 21212178 1 0 1706833221
WALL 21212178 1 0 1706833222
WALL 21212178 1 0 1706833223
WALL 21212178 1 0 1706833224
WALL 21212178 1 0 1706833225
WALL 21212178 1 0 1706833226
WALL 21212178 1 0 1706833227
WALL 21212178 1 0 1706833228
WALL 21212178 1 0 1706833229
WALL 21212178 1 0 1706833230
WALL 21212178 1 0 1706833231
WALL 21212178 1 0 1706833232
WALL 21212178 1 0 1706833233
WALL 21212178 1 0 1706833234
WALL 21212178 1 0 1706833235
WALL 21212178 1 0 1706833236
WALL 21212178 1 0 1706833237
WALL 21212178 1 0 1706833238
WALL 21212178 1 0 1706833239
WALL 21212178 1 0 1706833240
WALL 21212178 1 0 1706833241
WALL 21212178 1 0 1706833242
WALL 21212178 1 0 1706833243
WALL 21212178 1 0 1706833244
WALL 21212178 1 0 1706833245
WALL 21212178 1 0 1706833246
WALL 21212178 1 0 1706833247
WALL 21212178 1 0 1706833248
WALL 21212178 1 0 1706833249
WALL 21212178 1 0 1706833250
WALL 21212178 1 0 1706833251
WALL 21212178 1 0 1706833252
WALL 21212178 1 0 1706833253
WALL 21212178 1 0 1706833254
WALL 21212178 1 0 1706833255
WALL 21212178 1 0 1706833256
WALL 21212178 1 0 1706833257
WALL 21212178 1 0 1706833258
WALL 21212178 1 0 1706833259
WALL 21212178 1 0 1706833260
WALL 21212178 1 0 1706833261
WALL 21212178 1 0 1706833262
WALL 21212178 1 0 1706833263
WALL 21212178 1 0 1706833264
WALL 21212178 1 0 1706833265
WALL 21212178 1 0 1706833266
WALL 21212178 1 0 1706833267
WALL 21212178 1 0 1706833268
WALL 21212178 1 0 1706833269
WALL 21212178 1 0 1706833270
WALL 21212178 1 0 1706833271
WALL 21212178 1 0 1706833272
WALL 21212178 1 0 1706833273
WALL 21212178 1 0 1706833274
WALL 21212178 1 0 1706833275
WALL 21212178 1 0 1706833276
WALL 21212178 1 0 1706833277
WALL 21212178 1 0 1706833278
WALL 21212178 1 0 1706833279
WALL 21212178 1 0 1706833280
WALL 21212178 1 0 1706833281
WALL 21212178 1 0 1706833282
WALL 21212178 1 0 1706833283
WALL 21212178 1 0 1706833284
WALL 21212178 1 0 1706833285
WALL 21212178 1 0 1706833286
WALL 21212178 1 0 1706833287
WALL 21212178 1 0 1706833288
WALL 21212178 1 0 1706833289
WALL 21212178 1 0 1706833290
WALL 21212178 1 0 1706833291
WALL 21212178 1 0 1706833292
WALL 21212178 1 0 1706833293
WALL 21212178 1 0 1706833294
WALL 21212178 1 0 1706833295
WALL 21212178 1 0 1706833296
WALL 21212178 1 0 1706833297
WALL 21212178 1 0 1706833298
WALL 21212178 1 0 1706833299
WALL 21212178 1 0 1706833300
WALL 21212178 1 0 1706833301
WALL 21212178 1 0 1706833302
WALL 21212178 1 0 1706833303
WALL 21212178 1 0 1706833304
WALL 21212178 1 0 1706833305
WALL 21212178 1 0 1706833306
WALL 21212178 1 0 1706833307
WALL 21212178 1 0 1706833308
WALL 21212178 1 0 1706833309
WALL 21212178 1 0 1706833310
WALL 21212178 1 0 1706833311
WALL 21212178 1 0 1706833312
WALL 21212178 1 0 1706833313
WALL 21212178 1 0 1706833314
WALL 21212178 1 0 1706833315
WALL 21212178 1 0 1706833316
WALL 21212178 1 0 1706833317
WALL 21212178 1 0 1706833318
WALL 21212178 1 0 1706833319
WALL 21212178 1 0 1706833320
WALL 21212178 1 0 1706833321
WALL 21212178 1 0 1706833322
WALL 21212178 1 0 1706833323
WALL 21212178 1 0 1706833324
WALL 21212178 1 0 1706833325
WALL 21212178 1 0 1706833326
WALL 21212178 1 0 1706833327
WALL 21212178 1 0 1706833328
WALL 21212178 1 0 1706833329
WALL 21212178 1 0 1706833330
WALL 21212178 1 0 1706833331
WALL 21212178 1 0 1706833332
WALL 21212178 1 0 1706833333
WALL 21212178 1 0 1706833334
WALL 21212178 1 0 1706833335
WALL 21212178 1 0 1706833336
WALL 21212178 1 0 1706833337
WALL 21212178 1 0 1706833338
WALL 21212178 1 0 1706833339
WALL 21212178 1 0 1706833340
WALL 21212178 1 0 1706833341
WALL 21212178 1 0 1706833342
WALL 21212178 1 0 1706833343
WALL 21212178 1 0 1706833344
WALL 21212178 1 0 1706833345
WALL 21212178 1 0 1706833346
WALL 21212178 1 0 1706833347
WALL 21212178 1 0 1706833348
WALL 21212178 1 0 1706833349
WALL 21212178 1 0 1706833350
WALL 21212178 1 0 1706833351
WALL 21212178 1 0 1706833352
WALL 21212178 1 0 1706833353
WALL 21212178 1 0 1706833354
WALL 21212178 1 0 1706833355
WALL 21212178 1 0 1706833356
WALL 21212178 1 0 1706833357
WALL 21212178 1 0 1706833358
WALL 21212178 1 0 1706833359
WALL 21212178 1 0 1706833360
WALL 21212178 1 0 1706833361
WALL 21212178 1 0 1706833362
WALL 21212178 1 0 1706833363
WALL 21212178 1 0 1706833364
WALL 21212178 1 0 1706833365
WALL 21212178 1 0 1706833366
WALL 21212178 1 0 1706833367
WALL 21212178 1 0 1706833368
WALL 21212178 1 0 1706833369
WALL 21212178 1 0 1706833370
WALL 21212178 1 0 1706833371
WALL 21212178 1 0 1706833372
WALL 21212178 1 0 1706833373
WALL 21212178 1 0 1706833374
WALL 21212178 1 0 1706833375
WALL 21212178 1 0 1706833376
WALL 21212178 1 0 1706833377
WALL 21212178 1 0 1706833378
WALL 21212178 1 0 1706833379
WALL 21212178 1 0 1706833380
WALL 21212178 1 0 1706833381
WALL 21212178 1 0 1706833382
WALL 21212178 1 0 1706833383
WALL 21212178 1 0 1706833384
WALL 21212178 1 0 1706833385
WALL 21212178 1 0 1706833386
WALL 21212178 1 0 1706833387
WALL 21212178 1 0 1706833388
WALL 21212178 1 0 1706833389
WALL 21212178 1 0 1706833390
WALL 21212178 1 0 1706833391
WALL 21212178 1 0 1706833392
WALL 21212178 1 0 1706833393
WALL 21212178 1 0 1706833394
WALL 21212178 1 0 1706833395
WALL 21212178 1 0 1706833396
WALL 21212178 1 0 1706833397
WALL 21212178 1 0 1706833398
WALL 21212178 1 0 1706833399
WALL 21212178 1 0 1706833400
WALL 21212178 1 0 1706833401
WALL 21212178 1 0 1706833402
WALL 21212178 1 0 1706833403
WALL 21212178 1 0 1706833404
WALL 21212178 1 0 1706833405
WALL 21212178 1 0 1706833406
WALL 21212178 1 0 1706833407
WALL 21212178 1 0 1706833408
WALL 21212178 1 0 1706833409
WALL 21212178 1 0 1706833410
WALL 21212178 1 0 1706833411
WALL 21212178 1 0 1706833412
WALL 21212178 1 0 1706833413
WALL 21212178 1 0 1706833414
WALL 21212178 1 0 1706833415
WALL 21212178 1 0 1706833416
WALL 21212178 1 0 1706833417
WALL 21212178 1 0 1706833418
WALL 21212178 1 0 1706833419
WALL 21212178 1 0 1706833420
WALL 21212178 1 0 1706833421
WALL 21212178 1 0 1706833422
WALL 21212178 1 0 1706833423
WALL 21212178 1 0 1706833424
WALL 21212178 1 0 1706833425
WALL 21212178 1 0 1706833426
WALL 21212178 1 0 1706833427
WALL 21212178 1 0 1706833428
WALL 21212178 1 0 1706833429
WALL 21212178 1 0 1706833430
WALL 21212178 1 0 1706833431
WALL 21212178 1 0 1706833432
WALL 21212178 1 0 1706833433
WALL 21212178 1 0 1706833434
WALL 21212178 1 0 1706833435
WALL 21212178 1 0 1706833436
WALL 21212178 1 0 1706833437
WALL 21212178 1 0 1706833438
WALL 21212178 1 0 1706833439
WALL 21212178 1 0 1706833440
WALL 21212178 1 0 1706833441
WALL 21212178 1 0 1706833442
WALL 21212178 1 0 1706833443
WALL 21212178 1 0 1706833444
WALL 21212178 1 0 1706833445
WALL 21212178 1 0 1706833446
WALL 21212178 1 0 1706833447
WALL 21212178 1 0 1706833448
WALL 21212178 1 0 1706833449
WALL 21212178 1 0 1706833450
WALL 21212178 1 0 1706833451
WALL 21212178 1 0 1706833452
WALL 21212178 1 0 1706833453
WALL 21212178 1 0 1706833454
WALL 21212178 1 0 1706833455
WALL 21212178 1 0 1706833456
WALL 21212178 1 0 1706833457
WALL 21212178 1 0 1706833458
WALL 21212178 1 0 1706833459
WALL 21212178 1 0 1706833460
WALL 21212178 1 0 1706833461
WALL 21212178 1 0 1706833462
WALL 21212178 1 0 1706833463
WALL 21212178 1 0 1706833464
WALL 21212178 1 0 1706833465
WALL 21212178 1 0 1706833466
WALL 21212178 1 0 1706833467
WALL 21212178 1 0 1706833468
WALL 21212178 1 0 1706833469
WALL 21212178 1 0 1706833470
WALL 21212178 1 0 1706833471
WALL 21212178 1 0 1706833472
WALL 21212178 1 0 1706833473
WALL 21212178 1 0 1706833474
WALL 21212178 1 0 1706833475
WALL 21212178 1 0 1706833476
WALL 21212178 1 0 1706833477
WALL 21212178 1 0 1706833478
WALL 21212178 1 0 1706833479
WALL 21212178 1 0 1706833480
WALL 21212178 1 0 1706833481
WALL 21212178 1 0 1706833482
WALL 21212178 1 0 1706833483
WALL 21212178 1 0 1706833484
WALL 21212178 1 0 1706833485
WALL 21212178 1 0 1706833486
WALL 21212178 1 0 1706833487
WALL 21212178 1 0 1706833488
WALL 21212178 1 0 1706833489
WALL 21212178 1 0 1706833490
WALL 21212178 1 0 1706833491
WALL 21212178 1 0 1706833492
WALL 21212178 1 0 1706833493
WALL 21212178 1 0 1706833494
WALL 21212178 1 0 1706833495
WALL 21212178 1 0 1706833496
WALL 21212178 1 0 1706833497
WALL 21212178 1 0 1706833498
WALL 21212178 1 0 1706833499
WALL 21212178 1 0 1706833500
WALL 21212178 1 0 1706833501
WALL 21212178 1 0 1706833502
WALL 21212178 1 0 1706833503
WALL 21212178 1 0 1706833504
WALL 21212178 1 0 1706833505
WALL 21212178 1 0 1706833506
WALL 21212178 1 0 1706833507
WALL 21212178 1 0 1706833508
WALL 21212178 1 0 1706833509
WALL 21212178 1 0 1706833510
WALL 21212178 1 0 1706833511
WALL 21212178 1 0 1706833512
WALL 21212178 1 0 1706833513
WALL 21212178 1 0 1706833514
WALL 21212178 1 0 1706833515
WALL 21212178 1 0 1706833516
WALL 21212178 1 0 1706833517
WALL 21212178 1 0 1706833518
WALL 21212178 1 0 1706833519
WALL 21212178 1 0 1706833520
WALL 21212178 1 0 1706833521
WALL 21212178 1 0 1706833522
WALL 21212178 1 0 1706833523
WALL 21212178 1 0 1706833524
WALL 21212178 1 0 1706833525
WALL 21212178 1 0 1706833526
WALL 21212178 1 0 1706833527
WALL 21212178 1 0 1706833528
WALL 21212178 1 0 1706833529
WALL 21212178 1 0 1706833530
WALL 21212178 1 0 1706833531
WALL 21212178 1 0 1706833532
WALL 21212178 1 0 1706833533
WALL 21212178 1 0 1706833534
WALL 21212178 1 0 1706833535
WALL 21212178 1 0 1706833536
WALL 21212178 1 0 1706833537
WALL 21212178 1 0 1706833538
WALL 21212178 1 0 1706833539
WALL 21212178 1 0 1706833540
WALL 21212178 1 0 1706833541
WALL 21212178 1 0 1706833542
WALL 21212178 1 0 1706833543
WALL 21212178 1 0 1706833544
WALL 21212178 1 0 1706833545
WALL 21212178 1 0 1706833546
WALL 21212178 1 0 1706833547
WALL 21212178 1 0 1706833548
WALL 21212178 1 0 1706833549
WALL 21212178 1 0 1706833550
WALL 21212178 1 0 1706833551
WALL 21212178 1 0 1706833552
WALL 21212178 1 0 1706833553
WALL 21212178 1 0 1706833554
WALL 21212178 1 0 1706833555
WALL 21212178 1 0 1706833556
WALL 21212178 1 0 1706833557
WALL 21212178 1 0 1706833558
WALL 21212178 1 0 1706833559
WALL 21212178 1 0 1706833560
WALL 21212178 1 0 1706833561
WALL 21212178 1 0 1706833562
WALL 21212178 1 0 1706833563
WALL 21212178 1 0 1706833564
WALL 21212178 1 0 1706833565
WALL 21212178 1 0 1706833566
WALL 21212178 1 0 1706833567
WALL 21212178 1 0 1706833568
WALL 21212178 1 0 1706833569
WALL 21212178 1 0 1706833570
WALL 21212178 1 0 1706833571
WALL 21212178 1 0 1706833572
WALL 21212178 1 0 1706833573
WALL 21212178 1 0 1706833574
WALL 21212178 1 0 1706833575
WALL 21212178 1 0 1706833576
WALL 21212178 1 0 1706833577
WALL 21212178 1 0 1706833578
WALL 21212178 1 0 1706833579
WALL 21212178 1 0 1706833580
WALL 21212178 1 0 1706833581
WALL 21212178 1 0 1706833582
WALL 21212178 1 0 1706833583
WALL 21212178 1 0 1706833584
WALL 21212178 1 0 1706833585
WALL 21212178 1 0 1706833586
WALL 21212178 1 0 1706833587
WALL 21212178 1 0 1706833588
WALL 21212178 1 0 1706833589
WALL 21212178 1 0 1706833590
WALL 21212178 1 0 1706833591
WALL 21212178 1 0 1706833592
WALL 21212178 1 0 1706833593
WALL 21212178 1 0 1706833594
WALL 21212178 1 0 1706833595
WALL 21212178 1 0 1706833596
WALL 21212178 1 0 1706833597
WALL 21212178 1 0 1706833598
WALL 21212178 1 0 1706833599
WALL 21212178 1 0 1706833600
WALL 21212178 1 0 1706833601
WALL 21212178 1 0 1706833602
WALL 21212178 1 0 1706833603
WALL 21212178 1 0 1706833604
WALL 21212178 1 0 1706833605
WALL 21212178 1 0 1706833606
WALL 21212178 1 0 1706833607
WALL 21212178 1 0 1706833608
WALL 21212178 1 0 1706833609
WALL 21212178 1 0 1706833610
WALL 21212178 1 0 1706833611
WALL 21212178 1 0 1706833612
WALL 21212178 1 0 1706833613
WALL 21212178 1 0 1706833614
WALL 21212178 1 0 1706833615
WALL 21212178 1 0 1706833616
WALL 21212178 1 0 1706833617
WALL 21212178 1 0 1706833618
WALL 21212178 1 0 1706833619
WALL 21212178 1 0 1706833620
WALL 21212178 1 0 1706833621
WALL 21212178 1 0 1706833622
WALL 21212178 1 0 1706833623
WALL 21212178 1 0 1706833624
WALL 21212178 1 0 1706833625
WALL 21212178 1 0 1706833626
WALL 21212178 1 0 1706833627
WALL 21212178 1 0 1706833628
WALL 21212178 1 0 1706833629
WALL 21212178 1 0 1706833630
WALL 21212178 1 0 1706833631
WALL 21212178 1 0 1706833632
WALL 21212178 1 0 1706833633
WALL 21212178 1 0 1706833634
WALL 21212178 1 0 1706833635
WALL 21212178 1 0 1706833636
WALL 21212178 1 0 1706833637
WALL 21212178 1 0 1706833638
WALL 21212178 1 0 1706833639
WALL 21212178 1 0 1706833640
WALL 21212178 1 0 1706833641
WALL 21212178 1 0 1706833642
WALL 21212178 1 0 1706833643
WALL 21212178 1 0 1706833644
WALL 21212178 1 0 1706833645
WALL 21212178 1 0 1706833646
WALL 21212178 1 0 1706833647
WALL 21212178 1 0 1706833648
WALL 21212178 1 0 1706833649
WALL 21212178 1 0 1706833650
WALL 21212178 1 0 1706833651
WALL 21212178 1 0 1706833652
WALL 21212178 1 0 1706833653
WALL 21212178 1 0 1706833654
WALL 21212178 1 0 1706833655
WALL 21212178 1 0 1706833656
WALL 21212178 1 0 1706833657
WALL 21212178 1 0 1706833658
WALL 21212178 1 0 1706833659
WALL 21212178 1 0 1706833660
WALL 21212178 1 0 1706833661
WALL 21212178 1 0 1706833662
WALL 21212178 1 0 1706833663
WALL 21212178 1 0 1706833664
WALL 21212178 1 0 1706833665
WALL 21212178 1 0 1706833666
WALL 21212178 1 0 1706833667
WALL 21212178 1 0 1706833668
WALL 21212178 1 0 1706833669
WALL 21212178 1 0 1706833670
WALL 21212178 1 0 1706833671
WALL 21212178 1 0 1706833672
WALL 21212178 1 0 1706833673
WALL 21212178 1 0 1706833674
WALL 21212178 1 0 1706833675
WALL 21212178 1 0 1706833676
WALL 21212178 1 0 1706833677
WALL 21212178 1 0 1706833678
WALL 21212178 1 0 1706833679
WALL 21212178 1 0 1706833680
WALL 21212178 1 0 1706833681
WALL 21212178 1 0 1706833682
WALL 21212178 1 0 1706833683
WALL 21212178 1 0 1706833684
WALL 21212178 1 0 1706833685
WALL 21212178 1 0 1706833686
WALL 21212178 1 0 1706833687
WALL 21212178 1 0 1706833688
WALL 21212178 1 0 1706833689
WALL 21212178 1 0 1706833690
WALL 21212178 1 0 1706833691
WALL 21212178 1 0 1706833692
WALL 21212178 1 0 1706833693
WALL 21212178 1 0 1706833694
WALL 21212178 1 0 1706833695
WALL 21212178 1 0 1706833696
WALL 21212178 1 0 1706833697
WALL 21212178 1 0 1706833698
WALL 21212178 1 0 1706833699
WALL 21212178 1 0 1706833700
WALL 21212178 1 0 1706833701
WALL 21212178 1 0 1706833702
WALL 21212178 1 0 1706833703
WALL 21212178 1 0 1706833704
WALL 21212178 1 0 1706833705
WALL 21212178 1 0 1706833706
WALL 21212178 1 0 1706833707
WALL 21212178 1 0 1706833708
WALL 21212178 1 0 1706833709
WALL 21212178 1 0 1706833710
WALL 21212178 1 0 1706833711
WALL 21212178 1 0 1706833712
WALL 21212178 1 0 1706833713
WALL 21212178 1 0 1706833714
WALL 21212178 1 0 1706833715
WALL 21212178 1 0 1706833716
WALL 21212178 1 0 1706833717
WALL 21212178 1 0 1706833718
WALL 21212178 1 0 1706833719
WALL 21212178 1 0 1706833720
WALL 21212178 1 0 1706833721
WALL 21212178 1 0 1706833722
WALL 21212178 1 0 1706833723
WALL 21212178 1 0 1706833724
WALL 21212178 1 0 1706833725
WALL 21212178 1 0 1706833726
WALL 21212178 1 0 1706833727
WALL 21212178 1 0 1706833728
WALL 21212178 1 0 1706833729
WALL 21212178 1 0 1706833730
WALL 21212178 1 0 1706833731
WALL 21212178 1 0 1706833732
WALL 21212178 1 0 1706833733
WALL 21212178 1 0 1706833734
WALL 21212178 1 0 1706833735
WALL 21212178 1 0 1706833736
WALL 21212178 1 0 1706833737
WALL 21212178 1 0 1706833738
WALL 21212178 1 0 1706833739
WALL 21212178 1 0 1706833740
WALL 21212178 1 0 1706833741
WALL 21212178 1 0 1706833742
WALL 21212178 1 0 1706833743
WALL 21212178 1 0 1706833744
WALL 21212178 1 0 1706833745
WALL 21212178 1 0 1706833746
WALL 21212178 1 0 1706833747
WALL 21212178 1 0 1706833748
WALL 21212178 1 0 1706833749
WALL 21212178 1 0 1706833750
WALL 21212178 1 0 1706833751
WALL 21212178 1 0 1706833752
WALL 21212178 1 0 1706833753
WALL 21212178 1 0 1706833754
WALL 21212178 1 0 1706833755
WALL 21212178 1 0 1706833756
WALL 21212178 1 0 1706833757
WALL 21212178 1 0 1706833758
WALL 21212178 1 0 1706833759
WALL 21212178 1 0 1706833760
WALL 21212178 1 0 1706833761
WALL 21212178 1 0 1706833762
WALL 21212178 1 0 1706833763
WALL 21212178 1 0 1706833764
WALL 21212178 1 0 1706833765
WALL 21212178 1 0 1706833766
WALL 21212178 1 0 1706833767
WALL 21212178 1 0 1706833768
WALL 21212178 1 0 1706833769
WALL 21212178 1 0 1706833770
WALL 21212178 1 0 1706833771
WALL 21212178 1 0 1706833772
WALL 21212178 1 0 1706833773
WALL 21212178 1 0 1706833774
WALL 21212178 1 0 1706833775
WALL 21212178 1 0 1706833776
WALL 21212178 1 0 1706833777
WALL 21212178 1 0 1706833778
WALL 21212178 1 0 1706833779
WALL 21212178 1 0 1706833780
WALL 21212178 1 0 1706833781
WALL 21212178 1 0 1706833782
WALL 21212178 1 0 1706833783
WALL 21212178 1 0 1706833784
WALL 21212178 1 0 1706833785
WALL 21212178 1 0 1706833786
WALL 21212178 1 0 1706833787
WALL 21212178 1 0 1706833788
WALL 21212178 1 0 1706833789
WALL 21212178 1 0 1706833790
WALL 21212178 1 0 1706833791
WALL 21212178 1 0 1706833792
WALL 21212178 1 0 1706833793
WALL 21212178 1 0 1706833794
WALL 21212178 1 0 1706833795
WALL 21212178 1 0 1706833796
WALL 21212178 1 0 1706833797
WALL 21212178 1 0 1706833798
WALL 21212178 1 0 1706833799
WALL 21212178 1 0 1706833800
WALL 21212178 1 0 1706833801
WALL 21212178 1 0 1706833802
WALL 21212178 1 0 1706833803
WALL 21212178 1 0 1706833804
WALL 21212178 1 0 1706833805
WALL 21212178 1 0 1706833806
WALL 21212178 1 0 1706833807
WALL 21212178 1 0 1706833808
WALL 21212178 1 0 1706833809
WALL 21212178 1 0 1706833810
WALL 21212178 1 0 1706833811
WALL 21212178 1 0 1706833812
WALL 21212178 1 0 1706833813
WALL 21212178 1 0 1706833814
WALL 21212178 1 0 1706833815
WALL 21212178 1 0 1706833816
WALL 21212178 1 0 1706833817
WALL 21212178 1 0 1706833818
WALL 21212178 1 0 1706833819
WALL 21212178 1 0 1706833820
WALL 21212178 1 0 1706833821
WALL 21212178 1 0 1706833822
WALL 21212178 1 0 1706833823
WALL 21212178 1 0 1706833824
WALL 21212178 1 0 1706833825
WALL 21212178 1 0 1706833826
WALL 21212178 1 0 1706833827
WALL 21212178 1 0 1706833828
WALL 21212178 1 0 1706833829
WALL 21212178 1 0 1706833830
WALL 21212178 1 0 1706833831
WALL 21212178 1 0 1706833832
WALL 21212178 1 0 1706833833
WALL 21212178 1 0 1706833834
WALL 21212178 1 0 1706833835
WALL 21212178 1 0 1706833836
WALL 21212178 1 0 1706833837
WALL 21212178 1 0 1706833838
WALL 21212178 1 0 1706833839
WALL 21212178 1 0 1706833840
WALL 21212178 1 0 1706833841
WALL 21212178 1 0 1706833842
WALL 21212178 1 0 1706833843
WALL 21212178 1 0 1706833844
WALL 21212178 1 0 1706833845
WALL 21212178 1 0 1706833846
WALL 21212178 1 0 1706833847
WALL 21212178 1 0 1706833848
WALL 21212178 1 0 1706833849
WALL 21212178 1 0 1706833850
WALL 21212178 1 0 1706833851
WALL 21212178 1 0 1706833852
WALL 21212178 1 0 1706833853
WALL 21212178 1 0 1706833854
WALL 21212178 1 0 1706833855
WALL 21212178 1 0 1706833856
WALL 21212178 1 0 1706833857
WALL 21212178 1 0 1706833858
WALL 21212178 1 0 1706833859
WALL 21212178 1 0 1706833860
WALL 21212178 1 0 1706833861
WALL 21212178 1 0 1706833862
WALL 21212178 1 0 1706833863
WALL 21212178 1 0 1706833864
WALL 21212178 1 0 1706833865
WALL 21212178 1 0 1706833866
WALL 21212178 1 0 1706833867
WALL 21212178 1 0 1706833868
WALL 21212178 1 0 1706833869
WALL 21212178 1 0 1706833870
WALL 21212178 1 0 1706833871
WALL 21212178 1 0 1706833872
WALL 21212178 1 0 1706833873
WALL 21212178 1 0 1706833874
WALL 21212178 1 0 1706833875
WALL 21212178 1 0 1706833876
WALL 21212178 1 0 1706833877
WALL 21212178 1 0 1706833878
WALL 21212178 1 0 1706833879
WALL 21212178 1 0 1706833880
WALL 21212178 1 0 1706833881
WALL 21212178 1 0 1706833882
WALL 21212178 1 0 1706833883
WALL 21212178 1 0 1706833884
WALL 21212178 1 0 1706833885
WALL 21212178 1 0 1706833886
WALL 21212178 1 0 1706833887
WALL 21212178 1 0 1706833888
WALL 21212178 1 0 1706833889
WALL 21212178 1 0 1706833890
WALL 21212178 1 0 1706833891
WALL 21212178 1 0 1706833892
WALL 21212178 1 0 1706833893
WALL 21212178 1 0 1706833894
WALL 21212178 1 0 1706833895
WALL 21212178 1 0 1706833896
WALL 21212178 1 0 1706833897
WALL 21212178 1 0 1706833898
WALL 21212178 1 0 1706833899
WALL 21212178 1 0 1706833900
WALL 21212178 1 0 1706833901
WALL 21212178 1 0 1706833902
WALL 21212178 1 0 1706833903
WALL 21212178 1 0 1706833904
WALL 21212178 1 0 1706833905
WALL 21212178 1 0 1706833906
WALL 21212178 1 0 1706833907
WALL 21212178 1 0 1706833908
WALL 21212178 1 0 1706833909
WALL 21212178 1 0 1706833910
WALL 21212178 1 0 1706833911
WALL 21212178 1 0 1706833912
WALL 21212178 1 0 1706833913
WALL 21212178 1 0 1706833914
WALL 21212178 1 0 1706833915
WALL 21212178 1 0 1706833916
WALL 21212178 1 0 1706833917
WALL 21212178 1 0 1706833918
WALL 21212178 1 0 1706833919
WALL 21212178 1 0 1706833920
WALL 21212178 1 0 1706833921
WALL 21212178 1 0 1706833922
WALL 21212178 1 0 1706833923
WALL 21212178 1 0 1706833924
WALL 21212178 1 0 1706833925
WALL 21212178 1 0 1706833926
WALL 21212178 1 0 1706833927
WALL 21212178 1 0 1706833928
WALL 21212178 1 0 1706833929
WALL 21212178 1 0 1706833930
WALL 21212178 1 0 1706833931
WALL 21212178 1 0 1706833932
WALL 21212178 1 0 1706833933
WALL 21212178 1 0 1706833934
WALL 21212178 1 0 1706833935
WALL 21212178 1 0 1706833936
WALL 21212178 1 0 1706833937
WALL 21212178 1 0 1706833938
WALL 21212178 1 0 1706833939
WALL 21212178 1 0 1706833940
WALL 21212178 1 0 1706833941
WALL 21212178 1 0 1706833942
WALL 21212178 1 0 1706833943
WALL 21212178 1 0 1706833944
WALL 21212178 1 0 1706833945
WALL 21212178 1 0 1706833946
WALL 21212178 1 0 1706833947
WALL 21212178 1 0 1706833948
WALL 21212178 1 0 1706833949
WALL 21212178 1 0 1706833950
WALL 21212178 1 0 1706833951
WALL 21212178 1 0 1706833952
WALL 21212178 1 0 1706833953
WALL 21212178 1 0 1706833954
WALL 21212178 1 0 1706833955
WALL 21212178 1 0 1706833956
WALL 21212178 1 0 1706833957
WALL 21212178 1 0 1706833958
WALL 21212178 1 0 1706833959
WALL 21212178 1 0 1706833960
WALL 21212178 1 0 1706833961
WALL 21212178 1 0 1706833962
WALL 21212178 1 0 1706833963
WALL 21212178 1 0 1706833964
WALL 21212178 1 0 1706833965
WALL 21212178 1 0 1706833966
WALL 21212178 1 0 1706833967
WALL 21212178 1 0 1706833968
WALL 21212178 1 0 1706833969
WALL 21212178 1 0 1706833970
WALL 21212178 1 0 1706833971
WALL 21212178 1 0 1706833972
WALL 21212178 1 0 1706833973
WALL 21212178 1 0 1706833974
WALL 21212178 1 0 1706833975
WALL 21212178 1 0 1706833976
WALL 21212178 1 0 1706833977
WALL 21212178 1 0 1706833978
WALL 21212178 1 0 1706833979
WALL 21212178 1 0 1706833980
WALL 21212178 1 0 1706833981
WALL 21212178 1 0 1706833982
WALL 21212178 1 0 1706833983
WALL 21212178 1 0 1706833984
WALL 21212178 1 0 1706833985
WALL 21212178 1 0 1706833986
WALL 21212178 1 0 1706833987
WALL 21212178 1 0 1706833988
WALL 21212178 1 0 1706833989
WALL 21212178 1 0 1706833990
WALL 21212178 1 0 1706833991
WALL 21212178 1 0 1706833992
WALL 21212178 1 0 1706833993
WALL 21212178 1 0 1706833994
WALL 21212178 1 0 1706833995
WALL 21212178 1 0 1706833996
WALL 21212178 1 0 1706833997
WALL 21212178 1 0 1706833998
WALL 21212178 1 0 1706833999
WALL 21212178 1 0 1706834000
WALL 21212178 1 0 1706834001
WALL 21212178 1 0 1706834002
WALL 21212178 1 0 1706834003
WALL 21212178 1 0 1706834004
WALL 21212178 1 0 1706834005
WALL 21212178 1 0 1706834006
WALL 21212178 1 0 1706834007
slurmstepd: error: *** STEP 21212178.0 ON nid200018 CANCELLED AT 2024-02-02T00:33:28 ***
received SIGTERM 1706834008
WALL 21212178 1 0 1706834008
received SIGCONT 1706834008
WALL 21212178 1 0 1706834008
WALL 21212178 1 0 1706834009
WALL 21212178 1 0 1706834010
WALL 21212178 1 0 1706834011
WALL 21212178 1 0 1706834012
WALL 21212178 1 0 1706834013
WALL 21212178 1 0 1706834014
WALL 21212178 1 0 1706834015
WALL 21212178 1 0 1706834016
WALL 21212178 1 0 1706834017
WALL 21212178 1 0 1706834018
WALL 21212178 1 0 1706834019
WALL 21212178 1 0 1706834020
WALL 21212178 1 0 1706834021
WALL 21212178 1 0 1706834022
WALL 21212178 1 0 1706834023
WALL 21212178 1 0 1706834024
WALL 21212178 1 0 1706834025
WALL 21212178 1 0 1706834026
WALL 21212178 1 0 1706834027
WALL 21212178 1 0 1706834028
WALL 21212178 1 0 1706834029
WALL 21212178 1 0 1706834030
WALL 21212178 1 0 1706834031
WALL 21212178 1 0 1706834032
WALL 21212178 1 0 1706834033
WALL 21212178 1 0 1706834034
WALL 21212178 1 0 1706834035
WALL 21212178 1 0 1706834036
WALL 21212178 1 0 1706834037
WALL 21212178 1 0 1706834038
WALL 21212178 1 0 1706834039
WALL 21212178 1 0 1706834040
WALL 21212178 1 0 1706834041
WALL 21212178 1 0 1706834042
WALL 21212178 1 0 1706834043
WALL 21212178 1 0 1706834044
WALL 21212178 1 0 1706834045
WALL 21212178 1 0 1706834046
WALL 21212178 1 0 1706834047
WALL 21212178 1 0 1706834048
WALL 21212178 1 0 1706834049
WALL 21212178 1 0 1706834050
WALL 21212178 1 0 1706834051
WALL 21212178 1 0 1706834052
WALL 21212178 1 0 1706834053
WALL 21212178 1 0 1706834054
WALL 21212178 1 0 1706834055
WALL 21212178 1 0 1706834056
WALL 21212178 1 0 1706834057
WALL 21212178 1 0 1706834058
WALL 21212178 1 0 1706834059
WALL 21212178 1 0 1706834060
WALL 21212178 1 0 1706834061
WALL 21212178 1 0 1706834062
WALL 21212178 1 0 1706834063
WALL 21212178 1 0 1706834064
WALL 21212178 1 0 1706834065
WALL 21212178 1 0 1706834066
WALL 21212178 1 0 1706834067
WALL 21212178 1 0 1706834068
WALL 21212178 1 0 1706834069
WALL 21212178 1 0 1706834070
WALL 21212178 1 0 1706834071
WALL 21212178 1 0 1706834072
WALL 21212178 1 0 1706834073
WALL 21212178 1 0 1706834074
WALL 21212178 1 0 1706834075
WALL 21212178 1 0 1706834076
WALL 21212178 1 0 1706834077
WALL 21212178 1 0 1706834078
WALL 21212178 1 0 1706834079
WALL 21212178 1 0 1706834080
WALL 21212178 1 0 1706834081
WALL 21212178 1 0 1706834082
WALL 21212178 1 0 1706834083
slurmstepd: error: *** JOB 21212178 ON nid200018 CANCELLED AT 2024-02-02T00:34:44 DUE TO PREEMPTION ***
received SIGTERM 1706834084
WALL 21212178 1 0 1706834084
received SIGCONT 1706834084
WALL 21212178 1 0 1706834084
received SIGTERM 1706834084
WALL 21212178 1 0 1706834084
