srun: warning: can't run 1 processes on 2 nodes, setting nnodes to 1
WALL 21232215 1 0 1706901361
WALL 21232215 1 0 1706901362
WALL 21232215 1 0 1706901363
WALL 21232215 1 0 1706901364
WALL 21232215 1 0 1706901365
WALL 21232215 1 0 1706901366
WALL 21232215 1 0 1706901367
WALL 21232215 1 0 1706901368
WALL 21232215 1 0 1706901369
WALL 21232215 1 0 1706901370
WALL 21232215 1 0 1706901371
WALL 21232215 1 0 1706901372
WALL 21232215 1 0 1706901373
WALL 21232215 1 0 1706901374
WALL 21232215 1 0 1706901375
WALL 21232215 1 0 1706901376
WALL 21232215 1 0 1706901377
WALL 21232215 1 0 1706901378
slurmstepd: error: *** STEP 21232215.0 ON nid200000 CANCELLED AT 2024-02-02T19:16:19 ***
received SIGTERM 1706901379
WALL 21232215 1 0 1706901379
received SIGCONT 1706901379
WALL 21232215 1 0 1706901379
WALL 21232215 1 0 1706901380
WALL 21232215 1 0 1706901381
WALL 21232215 1 0 1706901382
WALL 21232215 1 0 1706901383
WALL 21232215 1 0 1706901384
WALL 21232215 1 0 1706901385
WALL 21232215 1 0 1706901386
WALL 21232215 1 0 1706901387
WALL 21232215 1 0 1706901388
WALL 21232215 1 0 1706901389
WALL 21232215 1 0 1706901390
WALL 21232215 1 0 1706901391
WALL 21232215 1 0 1706901392
WALL 21232215 1 0 1706901393
WALL 21232215 1 0 1706901394
WALL 21232215 1 0 1706901395
WALL 21232215 1 0 1706901396
WALL 21232215 1 0 1706901397
WALL 21232215 1 0 1706901398
WALL 21232215 1 0 1706901399
WALL 21232215 1 0 1706901400
WALL 21232215 1 0 1706901401
WALL 21232215 1 0 1706901402
WALL 21232215 1 0 1706901403
WALL 21232215 1 0 1706901404
WALL 21232215 1 0 1706901405
WALL 21232215 1 0 1706901406
WALL 21232215 1 0 1706901407
WALL 21232215 1 0 1706901408
WALL 21232215 1 0 1706901409
WALL 21232215 1 0 1706901410
WALL 21232215 1 0 1706901411
WALL 21232215 1 0 1706901412
WALL 21232215 1 0 1706901413
WALL 21232215 1 0 1706901414
WALL 21232215 1 0 1706901415
WALL 21232215 1 0 1706901416
WALL 21232215 1 0 1706901417
WALL 21232215 1 0 1706901418
WALL 21232215 1 0 1706901419
WALL 21232215 1 0 1706901420
WALL 21232215 1 0 1706901421
WALL 21232215 1 0 1706901422
WALL 21232215 1 0 1706901423
WALL 21232215 1 0 1706901424
WALL 21232215 1 0 1706901425
WALL 21232215 1 0 1706901426
WALL 21232215 1 0 1706901427
WALL 21232215 1 0 1706901428
WALL 21232215 1 0 1706901429
WALL 21232215 1 0 1706901430
WALL 21232215 1 0 1706901431
WALL 21232215 1 0 1706901432
WALL 21232215 1 0 1706901433
WALL 21232215 1 0 1706901434
WALL 21232215 1 0 1706901435
WALL 21232215 1 0 1706901436
WALL 21232215 1 0 1706901437
WALL 21232215 1 0 1706901438
WALL 21232215 1 0 1706901439
WALL 21232215 1 0 1706901440
WALL 21232215 1 0 1706901441
WALL 21232215 1 0 1706901442
WALL 21232215 1 0 1706901443
WALL 21232215 1 0 1706901444
WALL 21232215 1 0 1706901445
WALL 21232215 1 0 1706901446
WALL 21232215 1 0 1706901447
WALL 21232215 1 0 1706901448
WALL 21232215 1 0 1706901449
WALL 21232215 1 0 1706901450
WALL 21232215 1 0 1706901451
WALL 21232215 1 0 1706901452
WALL 21232215 1 0 1706901453
WALL 21232215 1 0 1706901454
WALL 21232215 1 0 1706901455
WALL 21232215 1 0 1706901456
WALL 21232215 1 0 1706901457
WALL 21232215 1 0 1706901458
WALL 21232215 1 0 1706901459
WALL 21232215 1 0 1706901460
WALL 21232215 1 0 1706901461
WALL 21232215 1 0 1706901462
WALL 21232215 1 0 1706901463
WALL 21232215 1 0 1706901464
WALL 21232215 1 0 1706901465
WALL 21232215 1 0 1706901466
WALL 21232215 1 0 1706901467
WALL 21232215 1 0 1706901468
WALL 21232215 1 0 1706901469
WALL 21232215 1 0 1706901470
WALL 21232215 1 0 1706901471
WALL 21232215 1 0 1706901472
WALL 21232215 1 0 1706901473
WALL 21232215 1 0 1706901474
WALL 21232215 1 0 1706901475
WALL 21232215 1 0 1706901476
WALL 21232215 1 0 1706901477
WALL 21232215 1 0 1706901478
WALL 21232215 1 0 1706901479
WALL 21232215 1 0 1706901480
WALL 21232215 1 0 1706901481
WALL 21232215 1 0 1706901482
WALL 21232215 1 0 1706901483
WALL 21232215 1 0 1706901484
WALL 21232215 1 0 1706901485
WALL 21232215 1 0 1706901486
WALL 21232215 1 0 1706901487
WALL 21232215 1 0 1706901488
WALL 21232215 1 0 1706901489
WALL 21232215 1 0 1706901490
WALL 21232215 1 0 1706901491
WALL 21232215 1 0 1706901492
WALL 21232215 1 0 1706901493
WALL 21232215 1 0 1706901494
WALL 21232215 1 0 1706901495
WALL 21232215 1 0 1706901496
WALL 21232215 1 0 1706901497
WALL 21232215 1 0 1706901498
WALL 21232215 1 0 1706901499
WALL 21232215 1 0 1706901500
WALL 21232215 1 0 1706901501
WALL 21232215 1 0 1706901502
WALL 21232215 1 0 1706901503
WALL 21232215 1 0 1706901504
WALL 21232215 1 0 1706901505
WALL 21232215 1 0 1706901506
WALL 21232215 1 0 1706901507
WALL 21232215 1 0 1706901508
WALL 21232215 1 0 1706901509
WALL 21232215 1 0 1706901510
WALL 21232215 1 0 1706901511
slurmstepd: error: *** JOB 21232215 ON nid200000 CANCELLED AT 2024-02-02T19:18:31 DUE TO PREEMPTION ***
received SIGTERM 1706901511
WALL 21232215 1 0 1706901511
received SIGCONT 1706901511
WALL 21232215 1 0 1706901511
received SIGTERM 1706901511
WALL 21232215 1 0 1706901511
