WALL 21088718 1 0 1706660709
WALL 21088718 1 0 1706660710
WALL 21088718 1 0 1706660711
WALL 21088718 1 0 1706660712
WALL 21088718 1 0 1706660713
WALL 21088718 1 0 1706660714
WALL 21088718 1 0 1706660715
WALL 21088718 1 0 1706660716
WALL 21088718 1 0 1706660717
WALL 21088718 1 0 1706660718
WALL 21088718 1 0 1706660719
WALL 21088718 1 0 1706660720
WALL 21088718 1 0 1706660721
WALL 21088718 1 0 1706660722
WALL 21088718 1 0 1706660723
WALL 21088718 1 0 1706660724
WALL 21088718 1 0 1706660725
WALL 21088718 1 0 1706660726
WALL 21088718 1 0 1706660727
WALL 21088718 1 0 1706660728
WALL 21088718 1 0 1706660729
WALL 21088718 1 0 1706660730
WALL 21088718 1 0 1706660731
WALL 21088718 1 0 1706660732
WALL 21088718 1 0 1706660733
WALL 21088718 1 0 1706660734
WALL 21088718 1 0 1706660735
WALL 21088718 1 0 1706660736
WALL 21088718 1 0 1706660737
WALL 21088718 1 0 1706660738
WALL 21088718 1 0 1706660739
WALL 21088718 1 0 1706660740
WALL 21088718 1 0 1706660741
WALL 21088718 1 0 1706660742
WALL 21088718 1 0 1706660743
WALL 21088718 1 0 1706660744
WALL 21088718 1 0 1706660745
WALL 21088718 1 0 1706660746
WALL 21088718 1 0 1706660747
WALL 21088718 1 0 1706660748
WALL 21088718 1 0 1706660749
WALL 21088718 1 0 1706660750
WALL 21088718 1 0 1706660751
WALL 21088718 1 0 1706660752
WALL 21088718 1 0 1706660753
WALL 21088718 1 0 1706660754
WALL 21088718 1 0 1706660755
WALL 21088718 1 0 1706660756
WALL 21088718 1 0 1706660757
WALL 21088718 1 0 1706660758
WALL 21088718 1 0 1706660759
WALL 21088718 1 0 1706660760
WALL 21088718 1 0 1706660761
WALL 21088718 1 0 1706660762
WALL 21088718 1 0 1706660763
WALL 21088718 1 0 1706660764
WALL 21088718 1 0 1706660765
WALL 21088718 1 0 1706660766
WALL 21088718 1 0 1706660767
WALL 21088718 1 0 1706660768
WALL 21088718 1 0 1706660769
WALL 21088718 1 0 1706660770
WALL 21088718 1 0 1706660771
WALL 21088718 1 0 1706660772
WALL 21088718 1 0 1706660773
WALL 21088718 1 0 1706660774
WALL 21088718 1 0 1706660775
WALL 21088718 1 0 1706660776
WALL 21088718 1 0 1706660777
WALL 21088718 1 0 1706660778
WALL 21088718 1 0 1706660779
WALL 21088718 1 0 1706660780
WALL 21088718 1 0 1706660781
WALL 21088718 1 0 1706660782
WALL 21088718 1 0 1706660783
WALL 21088718 1 0 1706660784
WALL 21088718 1 0 1706660785
WALL 21088718 1 0 1706660786
WALL 21088718 1 0 1706660787
WALL 21088718 1 0 1706660788
WALL 21088718 1 0 1706660789
WALL 21088718 1 0 1706660790
WALL 21088718 1 0 1706660791
WALL 21088718 1 0 1706660792
WALL 21088718 1 0 1706660793
WALL 21088718 1 0 1706660794
WALL 21088718 1 0 1706660795
WALL 21088718 1 0 1706660796
WALL 21088718 1 0 1706660797
WALL 21088718 1 0 1706660798
WALL 21088718 1 0 1706660799
WALL 21088718 1 0 1706660800
WALL 21088718 1 0 1706660801
WALL 21088718 1 0 1706660802
WALL 21088718 1 0 1706660803
WALL 21088718 1 0 1706660804
WALL 21088718 1 0 1706660805
WALL 21088718 1 0 1706660806
WALL 21088718 1 0 1706660807
WALL 21088718 1 0 1706660808
WALL 21088718 1 0 1706660809
WALL 21088718 1 0 1706660810
WALL 21088718 1 0 1706660811
WALL 21088718 1 0 1706660812
WALL 21088718 1 0 1706660813
WALL 21088718 1 0 1706660814
WALL 21088718 1 0 1706660815
WALL 21088718 1 0 1706660816
WALL 21088718 1 0 1706660817
WALL 21088718 1 0 1706660818
WALL 21088718 1 0 1706660819
WALL 21088718 1 0 1706660820
WALL 21088718 1 0 1706660821
WALL 21088718 1 0 1706660822
WALL 21088718 1 0 1706660823
WALL 21088718 1 0 1706660824
WALL 21088718 1 0 1706660825
WALL 21088718 1 0 1706660826
WALL 21088718 1 0 1706660827
WALL 21088718 1 0 1706660828
WALL 21088718 1 0 1706660829
WALL 21088718 1 0 1706660830
WALL 21088718 1 0 1706660831
WALL 21088718 1 0 1706660832
WALL 21088718 1 0 1706660833
WALL 21088718 1 0 1706660834
WALL 21088718 1 0 1706660835
WALL 21088718 1 0 1706660836
WALL 21088718 1 0 1706660837
WALL 21088718 1 0 1706660838
WALL 21088718 1 0 1706660839
WALL 21088718 1 0 1706660840
WALL 21088718 1 0 1706660841
WALL 21088718 1 0 1706660842
WALL 21088718 1 0 1706660843
WALL 21088718 1 0 1706660844
WALL 21088718 1 0 1706660845
WALL 21088718 1 0 1706660846
WALL 21088718 1 0 1706660847
WALL 21088718 1 0 1706660848
WALL 21088718 1 0 1706660849
WALL 21088718 1 0 1706660850
WALL 21088718 1 0 1706660851
WALL 21088718 1 0 1706660852
WALL 21088718 1 0 1706660853
WALL 21088718 1 0 1706660854
WALL 21088718 1 0 1706660855
WALL 21088718 1 0 1706660856
WALL 21088718 1 0 1706660857
WALL 21088718 1 0 1706660858
WALL 21088718 1 0 1706660859
WALL 21088718 1 0 1706660860
WALL 21088718 1 0 1706660861
WALL 21088718 1 0 1706660862
WALL 21088718 1 0 1706660863
WALL 21088718 1 0 1706660864
WALL 21088718 1 0 1706660865
WALL 21088718 1 0 1706660866
WALL 21088718 1 0 1706660867
WALL 21088718 1 0 1706660868
WALL 21088718 1 0 1706660869
WALL 21088718 1 0 1706660870
WALL 21088718 1 0 1706660871
WALL 21088718 1 0 1706660872
WALL 21088718 1 0 1706660873
WALL 21088718 1 0 1706660874
WALL 21088718 1 0 1706660875
WALL 21088718 1 0 1706660876
WALL 21088718 1 0 1706660877
WALL 21088718 1 0 1706660878
WALL 21088718 1 0 1706660879
WALL 21088718 1 0 1706660880
WALL 21088718 1 0 1706660881
WALL 21088718 1 0 1706660882
WALL 21088718 1 0 1706660883
WALL 21088718 1 0 1706660884
WALL 21088718 1 0 1706660885
WALL 21088718 1 0 1706660886
WALL 21088718 1 0 1706660887
WALL 21088718 1 0 1706660888
WALL 21088718 1 0 1706660889
WALL 21088718 1 0 1706660890
WALL 21088718 1 0 1706660891
WALL 21088718 1 0 1706660892
WALL 21088718 1 0 1706660893
WALL 21088718 1 0 1706660894
WALL 21088718 1 0 1706660895
WALL 21088718 1 0 1706660896
WALL 21088718 1 0 1706660897
WALL 21088718 1 0 1706660898
WALL 21088718 1 0 1706660899
WALL 21088718 1 0 1706660900
WALL 21088718 1 0 1706660901
WALL 21088718 1 0 1706660902
WALL 21088718 1 0 1706660903
WALL 21088718 1 0 1706660904
WALL 21088718 1 0 1706660905
WALL 21088718 1 0 1706660906
WALL 21088718 1 0 1706660907
WALL 21088718 1 0 1706660908
WALL 21088718 1 0 1706660909
WALL 21088718 1 0 1706660910
WALL 21088718 1 0 1706660911
WALL 21088718 1 0 1706660912
WALL 21088718 1 0 1706660913
WALL 21088718 1 0 1706660914
WALL 21088718 1 0 1706660915
WALL 21088718 1 0 1706660916
WALL 21088718 1 0 1706660917
WALL 21088718 1 0 1706660918
WALL 21088718 1 0 1706660919
WALL 21088718 1 0 1706660920
WALL 21088718 1 0 1706660921
WALL 21088718 1 0 1706660922
WALL 21088718 1 0 1706660923
WALL 21088718 1 0 1706660924
WALL 21088718 1 0 1706660925
WALL 21088718 1 0 1706660926
WALL 21088718 1 0 1706660927
WALL 21088718 1 0 1706660928
WALL 21088718 1 0 1706660929
WALL 21088718 1 0 1706660930
WALL 21088718 1 0 1706660931
WALL 21088718 1 0 1706660932
WALL 21088718 1 0 1706660933
WALL 21088718 1 0 1706660934
WALL 21088718 1 0 1706660935
WALL 21088718 1 0 1706660936
WALL 21088718 1 0 1706660937
WALL 21088718 1 0 1706660938
WALL 21088718 1 0 1706660939
WALL 21088718 1 0 1706660940
WALL 21088718 1 0 1706660941
WALL 21088718 1 0 1706660942
WALL 21088718 1 0 1706660943
WALL 21088718 1 0 1706660944
WALL 21088718 1 0 1706660945
WALL 21088718 1 0 1706660946
WALL 21088718 1 0 1706660947
WALL 21088718 1 0 1706660948
WALL 21088718 1 0 1706660949
WALL 21088718 1 0 1706660950
WALL 21088718 1 0 1706660951
WALL 21088718 1 0 1706660952
WALL 21088718 1 0 1706660953
WALL 21088718 1 0 1706660954
WALL 21088718 1 0 1706660955
WALL 21088718 1 0 1706660956
WALL 21088718 1 0 1706660957
WALL 21088718 1 0 1706660958
WALL 21088718 1 0 1706660959
WALL 21088718 1 0 1706660960
WALL 21088718 1 0 1706660961
WALL 21088718 1 0 1706660962
WALL 21088718 1 0 1706660963
WALL 21088718 1 0 1706660964
WALL 21088718 1 0 1706660965
WALL 21088718 1 0 1706660966
WALL 21088718 1 0 1706660967
WALL 21088718 1 0 1706660968
WALL 21088718 1 0 1706660969
WALL 21088718 1 0 1706660970
WALL 21088718 1 0 1706660971
WALL 21088718 1 0 1706660972
WALL 21088718 1 0 1706660973
WALL 21088718 1 0 1706660974
WALL 21088718 1 0 1706660975
WALL 21088718 1 0 1706660976
WALL 21088718 1 0 1706660977
WALL 21088718 1 0 1706660978
WALL 21088718 1 0 1706660979
WALL 21088718 1 0 1706660980
WALL 21088718 1 0 1706660981
WALL 21088718 1 0 1706660982
WALL 21088718 1 0 1706660983
WALL 21088718 1 0 1706660984
WALL 21088718 1 0 1706660985
WALL 21088718 1 0 1706660986
WALL 21088718 1 0 1706660987
WALL 21088718 1 0 1706660988
WALL 21088718 1 0 1706660989
WALL 21088718 1 0 1706660990
WALL 21088718 1 0 1706660991
WALL 21088718 1 0 1706660992
WALL 21088718 1 0 1706660993
WALL 21088718 1 0 1706660994
WALL 21088718 1 0 1706660995
WALL 21088718 1 0 1706660996
WALL 21088718 1 0 1706660997
WALL 21088718 1 0 1706660998
WALL 21088718 1 0 1706660999
WALL 21088718 1 0 1706661000
WALL 21088718 1 0 1706661001
WALL 21088718 1 0 1706661002
WALL 21088718 1 0 1706661003
WALL 21088718 1 0 1706661004
WALL 21088718 1 0 1706661005
WALL 21088718 1 0 1706661006
WALL 21088718 1 0 1706661007
WALL 21088718 1 0 1706661008
WALL 21088718 1 0 1706661009
WALL 21088718 1 0 1706661010
WALL 21088718 1 0 1706661011
WALL 21088718 1 0 1706661012
WALL 21088718 1 0 1706661013
WALL 21088718 1 0 1706661014
WALL 21088718 1 0 1706661015
WALL 21088718 1 0 1706661016
WALL 21088718 1 0 1706661017
WALL 21088718 1 0 1706661018
WALL 21088718 1 0 1706661019
WALL 21088718 1 0 1706661020
WALL 21088718 1 0 1706661021
WALL 21088718 1 0 1706661022
WALL 21088718 1 0 1706661023
WALL 21088718 1 0 1706661024
WALL 21088718 1 0 1706661025
WALL 21088718 1 0 1706661026
WALL 21088718 1 0 1706661027
WALL 21088718 1 0 1706661028
WALL 21088718 1 0 1706661029
WALL 21088718 1 0 1706661030
WALL 21088718 1 0 1706661031
WALL 21088718 1 0 1706661032
WALL 21088718 1 0 1706661033
WALL 21088718 1 0 1706661034
WALL 21088718 1 0 1706661035
WALL 21088718 1 0 1706661036
WALL 21088718 1 0 1706661037
WALL 21088718 1 0 1706661038
WALL 21088718 1 0 1706661039
WALL 21088718 1 0 1706661040
WALL 21088718 1 0 1706661041
WALL 21088718 1 0 1706661042
WALL 21088718 1 0 1706661043
WALL 21088718 1 0 1706661044
WALL 21088718 1 0 1706661045
WALL 21088718 1 0 1706661046
WALL 21088718 1 0 1706661047
WALL 21088718 1 0 1706661048
WALL 21088718 1 0 1706661049
WALL 21088718 1 0 1706661050
WALL 21088718 1 0 1706661051
WALL 21088718 1 0 1706661052
WALL 21088718 1 0 1706661053
WALL 21088718 1 0 1706661054
WALL 21088718 1 0 1706661055
WALL 21088718 1 0 1706661056
WALL 21088718 1 0 1706661057
WALL 21088718 1 0 1706661058
WALL 21088718 1 0 1706661059
WALL 21088718 1 0 1706661060
WALL 21088718 1 0 1706661061
WALL 21088718 1 0 1706661062
WALL 21088718 1 0 1706661063
WALL 21088718 1 0 1706661064
WALL 21088718 1 0 1706661065
WALL 21088718 1 0 1706661066
WALL 21088718 1 0 1706661067
WALL 21088718 1 0 1706661068
WALL 21088718 1 0 1706661069
WALL 21088718 1 0 1706661070
WALL 21088718 1 0 1706661071
WALL 21088718 1 0 1706661072
WALL 21088718 1 0 1706661073
WALL 21088718 1 0 1706661074
WALL 21088718 1 0 1706661075
WALL 21088718 1 0 1706661076
WALL 21088718 1 0 1706661077
WALL 21088718 1 0 1706661078
WALL 21088718 1 0 1706661079
WALL 21088718 1 0 1706661080
WALL 21088718 1 0 1706661081
WALL 21088718 1 0 1706661082
WALL 21088718 1 0 1706661083
WALL 21088718 1 0 1706661084
WALL 21088718 1 0 1706661085
WALL 21088718 1 0 1706661086
WALL 21088718 1 0 1706661087
WALL 21088718 1 0 1706661088
WALL 21088718 1 0 1706661089
WALL 21088718 1 0 1706661090
WALL 21088718 1 0 1706661091
WALL 21088718 1 0 1706661092
WALL 21088718 1 0 1706661093
WALL 21088718 1 0 1706661094
WALL 21088718 1 0 1706661095
WALL 21088718 1 0 1706661096
WALL 21088718 1 0 1706661097
WALL 21088718 1 0 1706661098
WALL 21088718 1 0 1706661099
WALL 21088718 1 0 1706661100
WALL 21088718 1 0 1706661101
WALL 21088718 1 0 1706661102
WALL 21088718 1 0 1706661103
WALL 21088718 1 0 1706661104
WALL 21088718 1 0 1706661105
WALL 21088718 1 0 1706661106
WALL 21088718 1 0 1706661107
WALL 21088718 1 0 1706661108
WALL 21088718 1 0 1706661109
WALL 21088718 1 0 1706661110
WALL 21088718 1 0 1706661111
WALL 21088718 1 0 1706661112
WALL 21088718 1 0 1706661113
WALL 21088718 1 0 1706661114
WALL 21088718 1 0 1706661115
WALL 21088718 1 0 1706661116
WALL 21088718 1 0 1706661117
WALL 21088718 1 0 1706661118
WALL 21088718 1 0 1706661119
WALL 21088718 1 0 1706661120
WALL 21088718 1 0 1706661121
WALL 21088718 1 0 1706661122
WALL 21088718 1 0 1706661123
WALL 21088718 1 0 1706661124
WALL 21088718 1 0 1706661125
WALL 21088718 1 0 1706661126
WALL 21088718 1 0 1706661127
WALL 21088718 1 0 1706661128
WALL 21088718 1 0 1706661129
WALL 21088718 1 0 1706661130
WALL 21088718 1 0 1706661131
WALL 21088718 1 0 1706661132
WALL 21088718 1 0 1706661133
WALL 21088718 1 0 1706661134
WALL 21088718 1 0 1706661135
WALL 21088718 1 0 1706661136
WALL 21088718 1 0 1706661137
WALL 21088718 1 0 1706661138
WALL 21088718 1 0 1706661139
WALL 21088718 1 0 1706661140
WALL 21088718 1 0 1706661141
WALL 21088718 1 0 1706661142
WALL 21088718 1 0 1706661143
WALL 21088718 1 0 1706661144
WALL 21088718 1 0 1706661145
WALL 21088718 1 0 1706661146
WALL 21088718 1 0 1706661147
WALL 21088718 1 0 1706661148
WALL 21088718 1 0 1706661149
WALL 21088718 1 0 1706661150
WALL 21088718 1 0 1706661151
WALL 21088718 1 0 1706661152
WALL 21088718 1 0 1706661153
WALL 21088718 1 0 1706661154
WALL 21088718 1 0 1706661155
WALL 21088718 1 0 1706661156
WALL 21088718 1 0 1706661157
WALL 21088718 1 0 1706661158
WALL 21088718 1 0 1706661159
WALL 21088718 1 0 1706661160
WALL 21088718 1 0 1706661161
WALL 21088718 1 0 1706661162
WALL 21088718 1 0 1706661163
WALL 21088718 1 0 1706661164
WALL 21088718 1 0 1706661165
WALL 21088718 1 0 1706661166
WALL 21088718 1 0 1706661167
WALL 21088718 1 0 1706661168
WALL 21088718 1 0 1706661169
WALL 21088718 1 0 1706661170
WALL 21088718 1 0 1706661171
WALL 21088718 1 0 1706661172
WALL 21088718 1 0 1706661173
WALL 21088718 1 0 1706661174
WALL 21088718 1 0 1706661175
WALL 21088718 1 0 1706661176
WALL 21088718 1 0 1706661177
WALL 21088718 1 0 1706661178
WALL 21088718 1 0 1706661179
WALL 21088718 1 0 1706661180
WALL 21088718 1 0 1706661181
WALL 21088718 1 0 1706661182
WALL 21088718 1 0 1706661183
WALL 21088718 1 0 1706661184
WALL 21088718 1 0 1706661185
WALL 21088718 1 0 1706661186
WALL 21088718 1 0 1706661187
WALL 21088718 1 0 1706661188
WALL 21088718 1 0 1706661189
WALL 21088718 1 0 1706661190
WALL 21088718 1 0 1706661191
WALL 21088718 1 0 1706661192
WALL 21088718 1 0 1706661193
WALL 21088718 1 0 1706661194
WALL 21088718 1 0 1706661195
WALL 21088718 1 0 1706661196
WALL 21088718 1 0 1706661197
WALL 21088718 1 0 1706661198
WALL 21088718 1 0 1706661199
WALL 21088718 1 0 1706661200
WALL 21088718 1 0 1706661201
WALL 21088718 1 0 1706661202
WALL 21088718 1 0 1706661203
WALL 21088718 1 0 1706661204
WALL 21088718 1 0 1706661205
WALL 21088718 1 0 1706661206
WALL 21088718 1 0 1706661207
WALL 21088718 1 0 1706661208
WALL 21088718 1 0 1706661209
WALL 21088718 1 0 1706661210
WALL 21088718 1 0 1706661211
WALL 21088718 1 0 1706661212
WALL 21088718 1 0 1706661213
WALL 21088718 1 0 1706661214
WALL 21088718 1 0 1706661215
WALL 21088718 1 0 1706661216
WALL 21088718 1 0 1706661217
WALL 21088718 1 0 1706661218
WALL 21088718 1 0 1706661219
WALL 21088718 1 0 1706661220
WALL 21088718 1 0 1706661221
WALL 21088718 1 0 1706661222
WALL 21088718 1 0 1706661223
WALL 21088718 1 0 1706661224
WALL 21088718 1 0 1706661225
WALL 21088718 1 0 1706661226
WALL 21088718 1 0 1706661227
WALL 21088718 1 0 1706661228
WALL 21088718 1 0 1706661229
WALL 21088718 1 0 1706661230
WALL 21088718 1 0 1706661231
WALL 21088718 1 0 1706661232
WALL 21088718 1 0 1706661233
WALL 21088718 1 0 1706661234
WALL 21088718 1 0 1706661235
WALL 21088718 1 0 1706661236
WALL 21088718 1 0 1706661237
WALL 21088718 1 0 1706661238
WALL 21088718 1 0 1706661239
WALL 21088718 1 0 1706661240
WALL 21088718 1 0 1706661241
WALL 21088718 1 0 1706661242
WALL 21088718 1 0 1706661243
WALL 21088718 1 0 1706661244
WALL 21088718 1 0 1706661245
WALL 21088718 1 0 1706661246
WALL 21088718 1 0 1706661247
WALL 21088718 1 0 1706661248
WALL 21088718 1 0 1706661249
WALL 21088718 1 0 1706661250
WALL 21088718 1 0 1706661251
WALL 21088718 1 0 1706661252
WALL 21088718 1 0 1706661253
WALL 21088718 1 0 1706661254
WALL 21088718 1 0 1706661255
WALL 21088718 1 0 1706661256
WALL 21088718 1 0 1706661257
WALL 21088718 1 0 1706661258
WALL 21088718 1 0 1706661259
WALL 21088718 1 0 1706661260
WALL 21088718 1 0 1706661261
WALL 21088718 1 0 1706661262
WALL 21088718 1 0 1706661263
WALL 21088718 1 0 1706661264
WALL 21088718 1 0 1706661265
WALL 21088718 1 0 1706661266
WALL 21088718 1 0 1706661267
WALL 21088718 1 0 1706661268
WALL 21088718 1 0 1706661269
WALL 21088718 1 0 1706661270
WALL 21088718 1 0 1706661271
WALL 21088718 1 0 1706661272
WALL 21088718 1 0 1706661273
WALL 21088718 1 0 1706661274
WALL 21088718 1 0 1706661275
WALL 21088718 1 0 1706661276
WALL 21088718 1 0 1706661277
WALL 21088718 1 0 1706661278
WALL 21088718 1 0 1706661279
WALL 21088718 1 0 1706661280
WALL 21088718 1 0 1706661281
WALL 21088718 1 0 1706661282
WALL 21088718 1 0 1706661283
WALL 21088718 1 0 1706661284
WALL 21088718 1 0 1706661285
WALL 21088718 1 0 1706661286
WALL 21088718 1 0 1706661287
WALL 21088718 1 0 1706661288
WALL 21088718 1 0 1706661289
WALL 21088718 1 0 1706661290
WALL 21088718 1 0 1706661291
WALL 21088718 1 0 1706661292
WALL 21088718 1 0 1706661293
WALL 21088718 1 0 1706661294
WALL 21088718 1 0 1706661295
WALL 21088718 1 0 1706661296
WALL 21088718 1 0 1706661297
WALL 21088718 1 0 1706661298
WALL 21088718 1 0 1706661299
WALL 21088718 1 0 1706661300
WALL 21088718 1 0 1706661301
WALL 21088718 1 0 1706661302
WALL 21088718 1 0 1706661303
WALL 21088718 1 0 1706661304
WALL 21088718 1 0 1706661305
WALL 21088718 1 0 1706661306
WALL 21088718 1 0 1706661307
WALL 21088718 1 0 1706661308
WALL 21088718 1 0 1706661309
WALL 21088718 1 0 1706661310
WALL 21088718 1 0 1706661311
WALL 21088718 1 0 1706661312
WALL 21088718 1 0 1706661313
WALL 21088718 1 0 1706661314
WALL 21088718 1 0 1706661315
WALL 21088718 1 0 1706661316
WALL 21088718 1 0 1706661317
WALL 21088718 1 0 1706661318
WALL 21088718 1 0 1706661319
WALL 21088718 1 0 1706661320
WALL 21088718 1 0 1706661321
WALL 21088718 1 0 1706661322
WALL 21088718 1 0 1706661323
WALL 21088718 1 0 1706661324
WALL 21088718 1 0 1706661325
WALL 21088718 1 0 1706661326
WALL 21088718 1 0 1706661327
WALL 21088718 1 0 1706661328
WALL 21088718 1 0 1706661329
WALL 21088718 1 0 1706661330
WALL 21088718 1 0 1706661331
WALL 21088718 1 0 1706661332
WALL 21088718 1 0 1706661333
WALL 21088718 1 0 1706661334
WALL 21088718 1 0 1706661335
WALL 21088718 1 0 1706661336
WALL 21088718 1 0 1706661337
WALL 21088718 1 0 1706661338
WALL 21088718 1 0 1706661339
WALL 21088718 1 0 1706661340
WALL 21088718 1 0 1706661341
WALL 21088718 1 0 1706661342
WALL 21088718 1 0 1706661343
WALL 21088718 1 0 1706661344
WALL 21088718 1 0 1706661345
WALL 21088718 1 0 1706661346
WALL 21088718 1 0 1706661347
WALL 21088718 1 0 1706661348
WALL 21088718 1 0 1706661349
WALL 21088718 1 0 1706661350
WALL 21088718 1 0 1706661351
WALL 21088718 1 0 1706661352
WALL 21088718 1 0 1706661353
WALL 21088718 1 0 1706661354
WALL 21088718 1 0 1706661355
WALL 21088718 1 0 1706661356
WALL 21088718 1 0 1706661357
WALL 21088718 1 0 1706661358
WALL 21088718 1 0 1706661359
WALL 21088718 1 0 1706661360
WALL 21088718 1 0 1706661361
WALL 21088718 1 0 1706661362
WALL 21088718 1 0 1706661363
WALL 21088718 1 0 1706661364
WALL 21088718 1 0 1706661365
WALL 21088718 1 0 1706661366
WALL 21088718 1 0 1706661367
WALL 21088718 1 0 1706661368
WALL 21088718 1 0 1706661369
WALL 21088718 1 0 1706661370
WALL 21088718 1 0 1706661371
WALL 21088718 1 0 1706661372
WALL 21088718 1 0 1706661373
WALL 21088718 1 0 1706661374
WALL 21088718 1 0 1706661375
WALL 21088718 1 0 1706661376
WALL 21088718 1 0 1706661377
WALL 21088718 1 0 1706661378
WALL 21088718 1 0 1706661379
WALL 21088718 1 0 1706661380
WALL 21088718 1 0 1706661381
WALL 21088718 1 0 1706661382
WALL 21088718 1 0 1706661383
WALL 21088718 1 0 1706661384
WALL 21088718 1 0 1706661385
WALL 21088718 1 0 1706661386
WALL 21088718 1 0 1706661387
WALL 21088718 1 0 1706661388
WALL 21088718 1 0 1706661389
WALL 21088718 1 0 1706661390
WALL 21088718 1 0 1706661391
WALL 21088718 1 0 1706661392
WALL 21088718 1 0 1706661393
WALL 21088718 1 0 1706661394
WALL 21088718 1 0 1706661395
WALL 21088718 1 0 1706661396
WALL 21088718 1 0 1706661397
WALL 21088718 1 0 1706661398
WALL 21088718 1 0 1706661399
WALL 21088718 1 0 1706661400
WALL 21088718 1 0 1706661401
WALL 21088718 1 0 1706661402
WALL 21088718 1 0 1706661403
WALL 21088718 1 0 1706661404
WALL 21088718 1 0 1706661405
WALL 21088718 1 0 1706661406
WALL 21088718 1 0 1706661407
WALL 21088718 1 0 1706661408
WALL 21088718 1 0 1706661409
WALL 21088718 1 0 1706661410
WALL 21088718 1 0 1706661411
WALL 21088718 1 0 1706661412
WALL 21088718 1 0 1706661413
WALL 21088718 1 0 1706661414
WALL 21088718 1 0 1706661415
WALL 21088718 1 0 1706661416
WALL 21088718 1 0 1706661417
WALL 21088718 1 0 1706661418
WALL 21088718 1 0 1706661419
WALL 21088718 1 0 1706661420
WALL 21088718 1 0 1706661421
WALL 21088718 1 0 1706661422
WALL 21088718 1 0 1706661423
WALL 21088718 1 0 1706661424
WALL 21088718 1 0 1706661425
WALL 21088718 1 0 1706661426
WALL 21088718 1 0 1706661427
WALL 21088718 1 0 1706661428
WALL 21088718 1 0 1706661429
WALL 21088718 1 0 1706661430
WALL 21088718 1 0 1706661431
WALL 21088718 1 0 1706661432
WALL 21088718 1 0 1706661433
WALL 21088718 1 0 1706661434
WALL 21088718 1 0 1706661435
WALL 21088718 1 0 1706661436
WALL 21088718 1 0 1706661437
WALL 21088718 1 0 1706661438
WALL 21088718 1 0 1706661439
WALL 21088718 1 0 1706661440
WALL 21088718 1 0 1706661441
WALL 21088718 1 0 1706661442
WALL 21088718 1 0 1706661443
WALL 21088718 1 0 1706661444
WALL 21088718 1 0 1706661445
WALL 21088718 1 0 1706661446
WALL 21088718 1 0 1706661447
WALL 21088718 1 0 1706661448
WALL 21088718 1 0 1706661449
WALL 21088718 1 0 1706661450
WALL 21088718 1 0 1706661451
WALL 21088718 1 0 1706661452
WALL 21088718 1 0 1706661453
WALL 21088718 1 0 1706661454
WALL 21088718 1 0 1706661455
WALL 21088718 1 0 1706661456
WALL 21088718 1 0 1706661457
WALL 21088718 1 0 1706661458
WALL 21088718 1 0 1706661459
WALL 21088718 1 0 1706661460
WALL 21088718 1 0 1706661461
WALL 21088718 1 0 1706661462
WALL 21088718 1 0 1706661463
WALL 21088718 1 0 1706661464
WALL 21088718 1 0 1706661465
WALL 21088718 1 0 1706661466
WALL 21088718 1 0 1706661467
WALL 21088718 1 0 1706661468
WALL 21088718 1 0 1706661469
WALL 21088718 1 0 1706661470
WALL 21088718 1 0 1706661471
WALL 21088718 1 0 1706661472
WALL 21088718 1 0 1706661473
WALL 21088718 1 0 1706661474
WALL 21088718 1 0 1706661475
WALL 21088718 1 0 1706661476
WALL 21088718 1 0 1706661477
WALL 21088718 1 0 1706661478
WALL 21088718 1 0 1706661479
WALL 21088718 1 0 1706661480
WALL 21088718 1 0 1706661481
WALL 21088718 1 0 1706661482
WALL 21088718 1 0 1706661483
WALL 21088718 1 0 1706661484
WALL 21088718 1 0 1706661485
WALL 21088718 1 0 1706661486
WALL 21088718 1 0 1706661487
WALL 21088718 1 0 1706661488
WALL 21088718 1 0 1706661489
WALL 21088718 1 0 1706661490
WALL 21088718 1 0 1706661491
WALL 21088718 1 0 1706661492
WALL 21088718 1 0 1706661493
WALL 21088718 1 0 1706661494
WALL 21088718 1 0 1706661495
WALL 21088718 1 0 1706661496
WALL 21088718 1 0 1706661497
WALL 21088718 1 0 1706661498
WALL 21088718 1 0 1706661499
WALL 21088718 1 0 1706661500
WALL 21088718 1 0 1706661501
WALL 21088718 1 0 1706661502
WALL 21088718 1 0 1706661503
WALL 21088718 1 0 1706661504
WALL 21088718 1 0 1706661505
WALL 21088718 1 0 1706661506
WALL 21088718 1 0 1706661507
WALL 21088718 1 0 1706661508
WALL 21088718 1 0 1706661509
WALL 21088718 1 0 1706661510
WALL 21088718 1 0 1706661511
WALL 21088718 1 0 1706661512
WALL 21088718 1 0 1706661513
WALL 21088718 1 0 1706661514
WALL 21088718 1 0 1706661515
WALL 21088718 1 0 1706661516
WALL 21088718 1 0 1706661517
WALL 21088718 1 0 1706661518
WALL 21088718 1 0 1706661519
WALL 21088718 1 0 1706661520
WALL 21088718 1 0 1706661521
WALL 21088718 1 0 1706661522
WALL 21088718 1 0 1706661523
WALL 21088718 1 0 1706661524
WALL 21088718 1 0 1706661525
WALL 21088718 1 0 1706661526
WALL 21088718 1 0 1706661527
WALL 21088718 1 0 1706661528
WALL 21088718 1 0 1706661529
WALL 21088718 1 0 1706661530
WALL 21088718 1 0 1706661531
WALL 21088718 1 0 1706661532
WALL 21088718 1 0 1706661533
WALL 21088718 1 0 1706661534
WALL 21088718 1 0 1706661535
WALL 21088718 1 0 1706661536
WALL 21088718 1 0 1706661537
WALL 21088718 1 0 1706661538
WALL 21088718 1 0 1706661539
WALL 21088718 1 0 1706661541
WALL 21088718 1 0 1706661542
WALL 21088718 1 0 1706661543
WALL 21088718 1 0 1706661544
WALL 21088718 1 0 1706661545
WALL 21088718 1 0 1706661546
WALL 21088718 1 0 1706661547
WALL 21088718 1 0 1706661548
WALL 21088718 1 0 1706661549
WALL 21088718 1 0 1706661550
WALL 21088718 1 0 1706661551
WALL 21088718 1 0 1706661552
WALL 21088718 1 0 1706661553
WALL 21088718 1 0 1706661554
WALL 21088718 1 0 1706661555
WALL 21088718 1 0 1706661556
WALL 21088718 1 0 1706661557
WALL 21088718 1 0 1706661558
WALL 21088718 1 0 1706661559
WALL 21088718 1 0 1706661560
WALL 21088718 1 0 1706661561
WALL 21088718 1 0 1706661562
WALL 21088718 1 0 1706661563
WALL 21088718 1 0 1706661564
WALL 21088718 1 0 1706661565
WALL 21088718 1 0 1706661566
WALL 21088718 1 0 1706661567
WALL 21088718 1 0 1706661568
WALL 21088718 1 0 1706661569
WALL 21088718 1 0 1706661570
WALL 21088718 1 0 1706661571
WALL 21088718 1 0 1706661572
WALL 21088718 1 0 1706661573
WALL 21088718 1 0 1706661574
WALL 21088718 1 0 1706661575
WALL 21088718 1 0 1706661576
WALL 21088718 1 0 1706661577
WALL 21088718 1 0 1706661578
WALL 21088718 1 0 1706661579
WALL 21088718 1 0 1706661580
WALL 21088718 1 0 1706661581
WALL 21088718 1 0 1706661582
WALL 21088718 1 0 1706661583
WALL 21088718 1 0 1706661584
WALL 21088718 1 0 1706661585
WALL 21088718 1 0 1706661586
WALL 21088718 1 0 1706661587
WALL 21088718 1 0 1706661588
WALL 21088718 1 0 1706661589
WALL 21088718 1 0 1706661590
WALL 21088718 1 0 1706661591
WALL 21088718 1 0 1706661592
WALL 21088718 1 0 1706661593
WALL 21088718 1 0 1706661594
WALL 21088718 1 0 1706661595
WALL 21088718 1 0 1706661596
WALL 21088718 1 0 1706661597
WALL 21088718 1 0 1706661598
WALL 21088718 1 0 1706661599
WALL 21088718 1 0 1706661600
WALL 21088718 1 0 1706661601
WALL 21088718 1 0 1706661602
WALL 21088718 1 0 1706661603
WALL 21088718 1 0 1706661604
WALL 21088718 1 0 1706661605
WALL 21088718 1 0 1706661606
WALL 21088718 1 0 1706661607
WALL 21088718 1 0 1706661608
WALL 21088718 1 0 1706661609
WALL 21088718 1 0 1706661610
WALL 21088718 1 0 1706661611
WALL 21088718 1 0 1706661612
WALL 21088718 1 0 1706661613
WALL 21088718 1 0 1706661614
WALL 21088718 1 0 1706661615
WALL 21088718 1 0 1706661616
WALL 21088718 1 0 1706661617
WALL 21088718 1 0 1706661618
WALL 21088718 1 0 1706661619
WALL 21088718 1 0 1706661620
WALL 21088718 1 0 1706661621
WALL 21088718 1 0 1706661622
WALL 21088718 1 0 1706661623
WALL 21088718 1 0 1706661624
WALL 21088718 1 0 1706661625
WALL 21088718 1 0 1706661626
WALL 21088718 1 0 1706661627
WALL 21088718 1 0 1706661628
WALL 21088718 1 0 1706661629
WALL 21088718 1 0 1706661630
WALL 21088718 1 0 1706661631
WALL 21088718 1 0 1706661632
WALL 21088718 1 0 1706661633
WALL 21088718 1 0 1706661634
WALL 21088718 1 0 1706661635
WALL 21088718 1 0 1706661636
WALL 21088718 1 0 1706661637
WALL 21088718 1 0 1706661638
WALL 21088718 1 0 1706661639
WALL 21088718 1 0 1706661640
WALL 21088718 1 0 1706661641
WALL 21088718 1 0 1706661642
WALL 21088718 1 0 1706661643
WALL 21088718 1 0 1706661644
WALL 21088718 1 0 1706661645
WALL 21088718 1 0 1706661646
WALL 21088718 1 0 1706661647
WALL 21088718 1 0 1706661648
WALL 21088718 1 0 1706661649
WALL 21088718 1 0 1706661650
WALL 21088718 1 0 1706661651
WALL 21088718 1 0 1706661652
WALL 21088718 1 0 1706661653
WALL 21088718 1 0 1706661654
WALL 21088718 1 0 1706661655
WALL 21088718 1 0 1706661656
WALL 21088718 1 0 1706661657
WALL 21088718 1 0 1706661658
WALL 21088718 1 0 1706661659
WALL 21088718 1 0 1706661660
WALL 21088718 1 0 1706661661
WALL 21088718 1 0 1706661662
WALL 21088718 1 0 1706661663
WALL 21088718 1 0 1706661664
WALL 21088718 1 0 1706661665
WALL 21088718 1 0 1706661666
WALL 21088718 1 0 1706661667
WALL 21088718 1 0 1706661668
WALL 21088718 1 0 1706661669
WALL 21088718 1 0 1706661670
WALL 21088718 1 0 1706661671
WALL 21088718 1 0 1706661672
WALL 21088718 1 0 1706661673
WALL 21088718 1 0 1706661674
WALL 21088718 1 0 1706661675
WALL 21088718 1 0 1706661676
WALL 21088718 1 0 1706661677
WALL 21088718 1 0 1706661678
WALL 21088718 1 0 1706661679
WALL 21088718 1 0 1706661680
WALL 21088718 1 0 1706661681
WALL 21088718 1 0 1706661682
WALL 21088718 1 0 1706661683
WALL 21088718 1 0 1706661684
WALL 21088718 1 0 1706661685
WALL 21088718 1 0 1706661686
WALL 21088718 1 0 1706661687
WALL 21088718 1 0 1706661688
WALL 21088718 1 0 1706661689
WALL 21088718 1 0 1706661690
WALL 21088718 1 0 1706661691
WALL 21088718 1 0 1706661692
WALL 21088718 1 0 1706661693
WALL 21088718 1 0 1706661694
WALL 21088718 1 0 1706661695
WALL 21088718 1 0 1706661696
WALL 21088718 1 0 1706661697
WALL 21088718 1 0 1706661698
WALL 21088718 1 0 1706661699
WALL 21088718 1 0 1706661700
WALL 21088718 1 0 1706661701
WALL 21088718 1 0 1706661702
WALL 21088718 1 0 1706661703
WALL 21088718 1 0 1706661704
WALL 21088718 1 0 1706661705
WALL 21088718 1 0 1706661706
WALL 21088718 1 0 1706661707
WALL 21088718 1 0 1706661708
WALL 21088718 1 0 1706661709
WALL 21088718 1 0 1706661710
WALL 21088718 1 0 1706661711
WALL 21088718 1 0 1706661712
WALL 21088718 1 0 1706661713
WALL 21088718 1 0 1706661714
WALL 21088718 1 0 1706661715
WALL 21088718 1 0 1706661716
WALL 21088718 1 0 1706661717
WALL 21088718 1 0 1706661718
WALL 21088718 1 0 1706661719
WALL 21088718 1 0 1706661720
WALL 21088718 1 0 1706661721
WALL 21088718 1 0 1706661722
WALL 21088718 1 0 1706661723
WALL 21088718 1 0 1706661724
WALL 21088718 1 0 1706661725
WALL 21088718 1 0 1706661726
WALL 21088718 1 0 1706661727
WALL 21088718 1 0 1706661728
WALL 21088718 1 0 1706661729
WALL 21088718 1 0 1706661730
WALL 21088718 1 0 1706661731
WALL 21088718 1 0 1706661732
WALL 21088718 1 0 1706661733
WALL 21088718 1 0 1706661734
WALL 21088718 1 0 1706661735
WALL 21088718 1 0 1706661736
slurmstepd: error: *** STEP 21088718.0 ON nid200202 CANCELLED AT 2024-01-31T00:42:16 ***
received SIGTERM 1706661736
WALL 21088718 1 0 1706661736
received SIGCONT 1706661736
WALL 21088718 1 0 1706661736
WALL 21088718 1 0 1706661737
WALL 21088718 1 0 1706661738
WALL 21088718 1 0 1706661739
WALL 21088718 1 0 1706661740
WALL 21088718 1 0 1706661741
WALL 21088718 1 0 1706661742
WALL 21088718 1 0 1706661743
WALL 21088718 1 0 1706661744
WALL 21088718 1 0 1706661745
WALL 21088718 1 0 1706661746
WALL 21088718 1 0 1706661747
WALL 21088718 1 0 1706661748
WALL 21088718 1 0 1706661749
WALL 21088718 1 0 1706661750
WALL 21088718 1 0 1706661751
WALL 21088718 1 0 1706661752
WALL 21088718 1 0 1706661753
WALL 21088718 1 0 1706661754
WALL 21088718 1 0 1706661755
WALL 21088718 1 0 1706661756
WALL 21088718 1 0 1706661757
WALL 21088718 1 0 1706661758
WALL 21088718 1 0 1706661759
WALL 21088718 1 0 1706661760
WALL 21088718 1 0 1706661761
WALL 21088718 1 0 1706661762
WALL 21088718 1 0 1706661763
WALL 21088718 1 0 1706661764
WALL 21088718 1 0 1706661765
WALL 21088718 1 0 1706661766
WALL 21088718 1 0 1706661767
WALL 21088718 1 0 1706661768
WALL 21088718 1 0 1706661769
WALL 21088718 1 0 1706661770
WALL 21088718 1 0 1706661771
WALL 21088718 1 0 1706661772
WALL 21088718 1 0 1706661773
WALL 21088718 1 0 1706661774
WALL 21088718 1 0 1706661775
WALL 21088718 1 0 1706661776
WALL 21088718 1 0 1706661777
WALL 21088718 1 0 1706661778
WALL 21088718 1 0 1706661779
WALL 21088718 1 0 1706661780
WALL 21088718 1 0 1706661781
WALL 21088718 1 0 1706661782
WALL 21088718 1 0 1706661783
WALL 21088718 1 0 1706661784
WALL 21088718 1 0 1706661785
WALL 21088718 1 0 1706661786
WALL 21088718 1 0 1706661787
WALL 21088718 1 0 1706661788
WALL 21088718 1 0 1706661789
WALL 21088718 1 0 1706661790
WALL 21088718 1 0 1706661791
WALL 21088718 1 0 1706661792
WALL 21088718 1 0 1706661793
WALL 21088718 1 0 1706661794
WALL 21088718 1 0 1706661795
WALL 21088718 1 0 1706661796
WALL 21088718 1 0 1706661797
WALL 21088718 1 0 1706661798
slurmstepd: error: *** JOB 21088718 ON nid200202 CANCELLED AT 2024-01-31T00:43:19 DUE TO PREEMPTION ***
received SIGTERM 1706661799
WALL 21088718 1 0 1706661799
received SIGCONT 1706661799
WALL 21088718 1 0 1706661799
received SIGTERM 1706661799
WALL 21088718 1 0 1706661799
