srun: warning: can't run 1 processes on 2 nodes, setting nnodes to 1
WALL 21245641 1 0 1706913610
WALL 21245641 1 0 1706913611
WALL 21245641 1 0 1706913612
WALL 21245641 1 0 1706913613
WALL 21245641 1 0 1706913614
WALL 21245641 1 0 1706913615
WALL 21245641 1 0 1706913616
WALL 21245641 1 0 1706913617
WALL 21245641 1 0 1706913618
WALL 21245641 1 0 1706913619
WALL 21245641 1 0 1706913620
WALL 21245641 1 0 1706913621
WALL 21245641 1 0 1706913622
WALL 21245641 1 0 1706913623
WALL 21245641 1 0 1706913624
WALL 21245641 1 0 1706913625
WALL 21245641 1 0 1706913626
WALL 21245641 1 0 1706913627
WALL 21245641 1 0 1706913628
WALL 21245641 1 0 1706913629
WALL 21245641 1 0 1706913630
WALL 21245641 1 0 1706913631
WALL 21245641 1 0 1706913632
WALL 21245641 1 0 1706913633
WALL 21245641 1 0 1706913634
WALL 21245641 1 0 1706913635
WALL 21245641 1 0 1706913636
WALL 21245641 1 0 1706913637
WALL 21245641 1 0 1706913638
WALL 21245641 1 0 1706913639
WALL 21245641 1 0 1706913640
WALL 21245641 1 0 1706913641
WALL 21245641 1 0 1706913642
WALL 21245641 1 0 1706913643
WALL 21245641 1 0 1706913644
WALL 21245641 1 0 1706913645
WALL 21245641 1 0 1706913646
WALL 21245641 1 0 1706913647
WALL 21245641 1 0 1706913648
WALL 21245641 1 0 1706913649
WALL 21245641 1 0 1706913650
WALL 21245641 1 0 1706913651
WALL 21245641 1 0 1706913652
WALL 21245641 1 0 1706913653
WALL 21245641 1 0 1706913654
WALL 21245641 1 0 1706913655
WALL 21245641 1 0 1706913656
WALL 21245641 1 0 1706913657
WALL 21245641 1 0 1706913658
WALL 21245641 1 0 1706913659
WALL 21245641 1 0 1706913660
WALL 21245641 1 0 1706913661
WALL 21245641 1 0 1706913662
WALL 21245641 1 0 1706913663
WALL 21245641 1 0 1706913664
WALL 21245641 1 0 1706913665
WALL 21245641 1 0 1706913666
WALL 21245641 1 0 1706913667
WALL 21245641 1 0 1706913668
WALL 21245641 1 0 1706913669
WALL 21245641 1 0 1706913670
WALL 21245641 1 0 1706913671
WALL 21245641 1 0 1706913672
WALL 21245641 1 0 1706913673
WALL 21245641 1 0 1706913674
WALL 21245641 1 0 1706913675
WALL 21245641 1 0 1706913676
WALL 21245641 1 0 1706913677
WALL 21245641 1 0 1706913678
WALL 21245641 1 0 1706913679
WALL 21245641 1 0 1706913680
WALL 21245641 1 0 1706913681
WALL 21245641 1 0 1706913682
WALL 21245641 1 0 1706913683
WALL 21245641 1 0 1706913684
WALL 21245641 1 0 1706913685
WALL 21245641 1 0 1706913686
WALL 21245641 1 0 1706913687
slurmstepd: error: *** STEP 21245641.0 ON nid200007 CANCELLED AT 2024-02-02T22:41:28 ***
received SIGTERM 1706913688
WALL 21245641 1 0 1706913688
received SIGCONT 1706913688
WALL 21245641 1 0 1706913688
WALL 21245641 1 0 1706913689
WALL 21245641 1 0 1706913690
WALL 21245641 1 0 1706913691
WALL 21245641 1 0 1706913692
WALL 21245641 1 0 1706913693
WALL 21245641 1 0 1706913694
WALL 21245641 1 0 1706913695
WALL 21245641 1 0 1706913696
WALL 21245641 1 0 1706913697
WALL 21245641 1 0 1706913698
WALL 21245641 1 0 1706913699
WALL 21245641 1 0 1706913700
WALL 21245641 1 0 1706913701
WALL 21245641 1 0 1706913702
WALL 21245641 1 0 1706913703
WALL 21245641 1 0 1706913704
WALL 21245641 1 0 1706913705
WALL 21245641 1 0 1706913706
WALL 21245641 1 0 1706913707
WALL 21245641 1 0 1706913708
WALL 21245641 1 0 1706913709
WALL 21245641 1 0 1706913710
WALL 21245641 1 0 1706913711
WALL 21245641 1 0 1706913712
WALL 21245641 1 0 1706913713
WALL 21245641 1 0 1706913714
WALL 21245641 1 0 1706913715
WALL 21245641 1 0 1706913716
WALL 21245641 1 0 1706913717
WALL 21245641 1 0 1706913718
WALL 21245641 1 0 1706913719
WALL 21245641 1 0 1706913720
WALL 21245641 1 0 1706913721
WALL 21245641 1 0 1706913722
WALL 21245641 1 0 1706913723
WALL 21245641 1 0 1706913724
WALL 21245641 1 0 1706913725
WALL 21245641 1 0 1706913726
WALL 21245641 1 0 1706913727
WALL 21245641 1 0 1706913728
WALL 21245641 1 0 1706913729
WALL 21245641 1 0 1706913730
WALL 21245641 1 0 1706913731
WALL 21245641 1 0 1706913732
WALL 21245641 1 0 1706913733
WALL 21245641 1 0 1706913734
WALL 21245641 1 0 1706913735
WALL 21245641 1 0 1706913736
WALL 21245641 1 0 1706913737
WALL 21245641 1 0 1706913738
WALL 21245641 1 0 1706913739
WALL 21245641 1 0 1706913740
WALL 21245641 1 0 1706913741
WALL 21245641 1 0 1706913742
WALL 21245641 1 0 1706913743
WALL 21245641 1 0 1706913744
WALL 21245641 1 0 1706913745
WALL 21245641 1 0 1706913746
WALL 21245641 1 0 1706913747
WALL 21245641 1 0 1706913748
WALL 21245641 1 0 1706913749
WALL 21245641 1 0 1706913750
WALL 21245641 1 0 1706913751
WALL 21245641 1 0 1706913752
WALL 21245641 1 0 1706913753
WALL 21245641 1 0 1706913754
WALL 21245641 1 0 1706913755
WALL 21245641 1 0 1706913756
WALL 21245641 1 0 1706913757
WALL 21245641 1 0 1706913758
WALL 21245641 1 0 1706913759
WALL 21245641 1 0 1706913760
WALL 21245641 1 0 1706913761
WALL 21245641 1 0 1706913762
WALL 21245641 1 0 1706913763
WALL 21245641 1 0 1706913764
WALL 21245641 1 0 1706913765
WALL 21245641 1 0 1706913766
WALL 21245641 1 0 1706913767
WALL 21245641 1 0 1706913768
WALL 21245641 1 0 1706913769
WALL 21245641 1 0 1706913770
WALL 21245641 1 0 1706913771
WALL 21245641 1 0 1706913772
WALL 21245641 1 0 1706913773
WALL 21245641 1 0 1706913774
WALL 21245641 1 0 1706913775
WALL 21245641 1 0 1706913776
WALL 21245641 1 0 1706913777
WALL 21245641 1 0 1706913778
WALL 21245641 1 0 1706913779
WALL 21245641 1 0 1706913780
WALL 21245641 1 0 1706913781
WALL 21245641 1 0 1706913782
WALL 21245641 1 0 1706913783
WALL 21245641 1 0 1706913784
WALL 21245641 1 0 1706913785
WALL 21245641 1 0 1706913786
WALL 21245641 1 0 1706913787
WALL 21245641 1 0 1706913788
WALL 21245641 1 0 1706913789
WALL 21245641 1 0 1706913790
WALL 21245641 1 0 1706913791
WALL 21245641 1 0 1706913792
WALL 21245641 1 0 1706913793
WALL 21245641 1 0 1706913794
WALL 21245641 1 0 1706913795
WALL 21245641 1 0 1706913796
WALL 21245641 1 0 1706913797
WALL 21245641 1 0 1706913798
WALL 21245641 1 0 1706913799
WALL 21245641 1 0 1706913800
WALL 21245641 1 0 1706913801
WALL 21245641 1 0 1706913802
WALL 21245641 1 0 1706913803
WALL 21245641 1 0 1706913804
WALL 21245641 1 0 1706913805
WALL 21245641 1 0 1706913806
WALL 21245641 1 0 1706913807
WALL 21245641 1 0 1706913808
WALL 21245641 1 0 1706913809
WALL 21245641 1 0 1706913810
WALL 21245641 1 0 1706913811
WALL 21245641 1 0 1706913812
WALL 21245641 1 0 1706913813
WALL 21245641 1 0 1706913814
WALL 21245641 1 0 1706913815
WALL 21245641 1 0 1706913816
WALL 21245641 1 0 1706913817
WALL 21245641 1 0 1706913818
WALL 21245641 1 0 1706913819
WALL 21245641 1 0 1706913820
WALL 21245641 1 0 1706913821
WALL 21245641 1 0 1706913822
WALL 21245641 1 0 1706913823
WALL 21245641 1 0 1706913824
WALL 21245641 1 0 1706913825
WALL 21245641 1 0 1706913826
WALL 21245641 1 0 1706913827
WALL 21245641 1 0 1706913828
WALL 21245641 1 0 1706913829
WALL 21245641 1 0 1706913830
slurmstepd: error: *** JOB 21245641 ON nid200007 CANCELLED AT 2024-02-02T22:43:50 DUE TO PREEMPTION ***
received SIGTERM 1706913830
WALL 21245641 1 0 1706913830
received SIGCONT 1706913830
WALL 21245641 1 0 1706913830
received SIGTERM 1706913830
WALL 21245641 1 0 1706913830
