WALL 21088598 1 0 1706660194
WALL 21088598 1 0 1706660195
WALL 21088598 1 0 1706660196
WALL 21088598 1 0 1706660197
WALL 21088598 1 0 1706660198
WALL 21088598 1 0 1706660199
WALL 21088598 1 0 1706660200
WALL 21088598 1 0 1706660201
WALL 21088598 1 0 1706660202
WALL 21088598 1 0 1706660203
WALL 21088598 1 0 1706660204
WALL 21088598 1 0 1706660205
WALL 21088598 1 0 1706660206
WALL 21088598 1 0 1706660207
WALL 21088598 1 0 1706660208
WALL 21088598 1 0 1706660209
received SIGCONT 1706660210
WALL 21088598 1 0 1706660210
slurmstepd: error: *** STEP 21088598.0 ON nid200196 CANCELLED AT 2024-01-31T00:16:50 ***
received SIGTERM 1706660210
WALL 21088598 1 0 1706660210
WALL 21088598 1 0 1706660211
WALL 21088598 1 0 1706660212
WALL 21088598 1 0 1706660213
WALL 21088598 1 0 1706660214
WALL 21088598 1 0 1706660215
WALL 21088598 1 0 1706660216
WALL 21088598 1 0 1706660217
WALL 21088598 1 0 1706660218
WALL 21088598 1 0 1706660219
WALL 21088598 1 0 1706660220
WALL 21088598 1 0 1706660221
WALL 21088598 1 0 1706660222
WALL 21088598 1 0 1706660223
WALL 21088598 1 0 1706660224
WALL 21088598 1 0 1706660225
WALL 21088598 1 0 1706660226
WALL 21088598 1 0 1706660227
WALL 21088598 1 0 1706660228
WALL 21088598 1 0 1706660229
WALL 21088598 1 0 1706660230
WALL 21088598 1 0 1706660231
WALL 21088598 1 0 1706660232
WALL 21088598 1 0 1706660233
WALL 21088598 1 0 1706660234
WALL 21088598 1 0 1706660235
WALL 21088598 1 0 1706660236
WALL 21088598 1 0 1706660237
WALL 21088598 1 0 1706660238
WALL 21088598 1 0 1706660239
WALL 21088598 1 0 1706660240
WALL 21088598 1 0 1706660241
WALL 21088598 1 0 1706660242
WALL 21088598 1 0 1706660243
WALL 21088598 1 0 1706660244
WALL 21088598 1 0 1706660245
WALL 21088598 1 0 1706660246
WALL 21088598 1 0 1706660247
WALL 21088598 1 0 1706660248
WALL 21088598 1 0 1706660249
WALL 21088598 1 0 1706660250
WALL 21088598 1 0 1706660251
WALL 21088598 1 0 1706660252
WALL 21088598 1 0 1706660253
WALL 21088598 1 0 1706660254
WALL 21088598 1 0 1706660255
WALL 21088598 1 0 1706660256
WALL 21088598 1 0 1706660257
WALL 21088598 1 0 1706660258
WALL 21088598 1 0 1706660259
WALL 21088598 1 0 1706660260
WALL 21088598 1 0 1706660261
WALL 21088598 1 0 1706660262
WALL 21088598 1 0 1706660263
WALL 21088598 1 0 1706660264
WALL 21088598 1 0 1706660265
WALL 21088598 1 0 1706660266
WALL 21088598 1 0 1706660267
WALL 21088598 1 0 1706660268
WALL 21088598 1 0 1706660269
WALL 21088598 1 0 1706660270
WALL 21088598 1 0 1706660271
WALL 21088598 1 0 1706660272
WALL 21088598 1 0 1706660273
WALL 21088598 1 0 1706660274
WALL 21088598 1 0 1706660275
WALL 21088598 1 0 1706660276
WALL 21088598 1 0 1706660277
WALL 21088598 1 0 1706660278
WALL 21088598 1 0 1706660279
WALL 21088598 1 0 1706660280
WALL 21088598 1 0 1706660281
srun: Job step aborted: Waiting up to 32 seconds for job step to finish.
slurmstepd: error: *** JOB 21088598 ON nid200196 CANCELLED AT 2024-01-31T00:18:02 DUE TO PREEMPTION ***
received SIGTERM 1706660282
WALL 21088598 1 0 1706660282
received SIGCONT 1706660282
WALL 21088598 1 0 1706660282
received SIGTERM 1706660282
WALL 21088598 1 0 1706660282
