WALL 21198336 1 0 1706815303
WALL 21198336 1 0 1706815304
WALL 21198336 1 0 1706815305
WALL 21198336 1 0 1706815306
WALL 21198336 1 0 1706815307
WALL 21198336 1 0 1706815308
WALL 21198336 1 0 1706815309
WALL 21198336 1 0 1706815310
WALL 21198336 1 0 1706815311
WALL 21198336 1 0 1706815312
WALL 21198336 1 0 1706815313
WALL 21198336 1 0 1706815314
WALL 21198336 1 0 1706815315
WALL 21198336 1 0 1706815316
WALL 21198336 1 0 1706815317
WALL 21198336 1 0 1706815318
WALL 21198336 1 0 1706815319
WALL 21198336 1 0 1706815320
WALL 21198336 1 0 1706815321
WALL 21198336 1 0 1706815322
WALL 21198336 1 0 1706815323
WALL 21198336 1 0 1706815324
WALL 21198336 1 0 1706815325
WALL 21198336 1 0 1706815326
WALL 21198336 1 0 1706815327
WALL 21198336 1 0 1706815328
WALL 21198336 1 0 1706815329
WALL 21198336 1 0 1706815330
WALL 21198336 1 0 1706815331
WALL 21198336 1 0 1706815332
WALL 21198336 1 0 1706815333
WALL 21198336 1 0 1706815334
WALL 21198336 1 0 1706815335
WALL 21198336 1 0 1706815336
WALL 21198336 1 0 1706815337
WALL 21198336 1 0 1706815338
WALL 21198336 1 0 1706815339
WALL 21198336 1 0 1706815340
WALL 21198336 1 0 1706815341
WALL 21198336 1 0 1706815342
WALL 21198336 1 0 1706815343
WALL 21198336 1 0 1706815344
WALL 21198336 1 0 1706815345
WALL 21198336 1 0 1706815346
WALL 21198336 1 0 1706815347
WALL 21198336 1 0 1706815348
WALL 21198336 1 0 1706815349
WALL 21198336 1 0 1706815350
WALL 21198336 1 0 1706815351
WALL 21198336 1 0 1706815352
WALL 21198336 1 0 1706815353
WALL 21198336 1 0 1706815354
WALL 21198336 1 0 1706815355
WALL 21198336 1 0 1706815356
WALL 21198336 1 0 1706815357
WALL 21198336 1 0 1706815358
WALL 21198336 1 0 1706815359
WALL 21198336 1 0 1706815360
WALL 21198336 1 0 1706815361
WALL 21198336 1 0 1706815362
WALL 21198336 1 0 1706815363
WALL 21198336 1 0 1706815364
WALL 21198336 1 0 1706815365
WALL 21198336 1 0 1706815366
WALL 21198336 1 0 1706815367
WALL 21198336 1 0 1706815368
WALL 21198336 1 0 1706815369
WALL 21198336 1 0 1706815370
WALL 21198336 1 0 1706815371
WALL 21198336 1 0 1706815372
WALL 21198336 1 0 1706815373
WALL 21198336 1 0 1706815374
WALL 21198336 1 0 1706815375
WALL 21198336 1 0 1706815376
WALL 21198336 1 0 1706815377
WALL 21198336 1 0 1706815378
WALL 21198336 1 0 1706815379
WALL 21198336 1 0 1706815380
WALL 21198336 1 0 1706815381
WALL 21198336 1 0 1706815382
WALL 21198336 1 0 1706815383
WALL 21198336 1 0 1706815384
WALL 21198336 1 0 1706815385
WALL 21198336 1 0 1706815386
WALL 21198336 1 0 1706815387
WALL 21198336 1 0 1706815388
WALL 21198336 1 0 1706815389
WALL 21198336 1 0 1706815390
WALL 21198336 1 0 1706815391
WALL 21198336 1 0 1706815392
WALL 21198336 1 0 1706815393
WALL 21198336 1 0 1706815394
WALL 21198336 1 0 1706815395
WALL 21198336 1 0 1706815396
WALL 21198336 1 0 1706815397
WALL 21198336 1 0 1706815398
WALL 21198336 1 0 1706815399
WALL 21198336 1 0 1706815400
WALL 21198336 1 0 1706815401
WALL 21198336 1 0 1706815402
WALL 21198336 1 0 1706815403
WALL 21198336 1 0 1706815404
WALL 21198336 1 0 1706815405
WALL 21198336 1 0 1706815406
WALL 21198336 1 0 1706815407
WALL 21198336 1 0 1706815408
WALL 21198336 1 0 1706815409
WALL 21198336 1 0 1706815410
WALL 21198336 1 0 1706815411
WALL 21198336 1 0 1706815412
WALL 21198336 1 0 1706815413
WALL 21198336 1 0 1706815414
WALL 21198336 1 0 1706815415
WALL 21198336 1 0 1706815416
WALL 21198336 1 0 1706815417
WALL 21198336 1 0 1706815418
WALL 21198336 1 0 1706815419
WALL 21198336 1 0 1706815420
WALL 21198336 1 0 1706815421
WALL 21198336 1 0 1706815422
WALL 21198336 1 0 1706815423
WALL 21198336 1 0 1706815424
WALL 21198336 1 0 1706815425
WALL 21198336 1 0 1706815426
WALL 21198336 1 0 1706815427
WALL 21198336 1 0 1706815428
WALL 21198336 1 0 1706815429
WALL 21198336 1 0 1706815430
WALL 21198336 1 0 1706815431
WALL 21198336 1 0 1706815432
WALL 21198336 1 0 1706815433
WALL 21198336 1 0 1706815434
WALL 21198336 1 0 1706815435
WALL 21198336 1 0 1706815436
WALL 21198336 1 0 1706815437
WALL 21198336 1 0 1706815438
WALL 21198336 1 0 1706815439
WALL 21198336 1 0 1706815440
WALL 21198336 1 0 1706815441
WALL 21198336 1 0 1706815442
WALL 21198336 1 0 1706815443
WALL 21198336 1 0 1706815444
WALL 21198336 1 0 1706815445
WALL 21198336 1 0 1706815446
WALL 21198336 1 0 1706815447
WALL 21198336 1 0 1706815448
WALL 21198336 1 0 1706815449
WALL 21198336 1 0 1706815450
WALL 21198336 1 0 1706815451
WALL 21198336 1 0 1706815452
WALL 21198336 1 0 1706815453
WALL 21198336 1 0 1706815454
WALL 21198336 1 0 1706815455
WALL 21198336 1 0 1706815456
WALL 21198336 1 0 1706815457
WALL 21198336 1 0 1706815458
WALL 21198336 1 0 1706815459
WALL 21198336 1 0 1706815460
received SIGCONT 1706815461
WALL 21198336 1 0 1706815461
slurmstepd: error: *** STEP 21198336.0 ON nid200012 CANCELLED AT 2024-02-01T19:24:21 ***
received SIGTERM 1706815461
WALL 21198336 1 0 1706815461
WALL 21198336 1 0 1706815462
WALL 21198336 1 0 1706815463
WALL 21198336 1 0 1706815464
WALL 21198336 1 0 1706815465
WALL 21198336 1 0 1706815466
WALL 21198336 1 0 1706815467
WALL 21198336 1 0 1706815468
WALL 21198336 1 0 1706815469
WALL 21198336 1 0 1706815470
WALL 21198336 1 0 1706815471
WALL 21198336 1 0 1706815472
WALL 21198336 1 0 1706815473
WALL 21198336 1 0 1706815474
WALL 21198336 1 0 1706815475
WALL 21198336 1 0 1706815476
WALL 21198336 1 0 1706815477
WALL 21198336 1 0 1706815478
WALL 21198336 1 0 1706815479
WALL 21198336 1 0 1706815480
WALL 21198336 1 0 1706815481
WALL 21198336 1 0 1706815482
WALL 21198336 1 0 1706815483
WALL 21198336 1 0 1706815484
WALL 21198336 1 0 1706815485
WALL 21198336 1 0 1706815486
WALL 21198336 1 0 1706815487
WALL 21198336 1 0 1706815488
WALL 21198336 1 0 1706815489
WALL 21198336 1 0 1706815490
WALL 21198336 1 0 1706815491
WALL 21198336 1 0 1706815492
WALL 21198336 1 0 1706815493
WALL 21198336 1 0 1706815494
WALL 21198336 1 0 1706815495
WALL 21198336 1 0 1706815496
WALL 21198336 1 0 1706815497
WALL 21198336 1 0 1706815498
WALL 21198336 1 0 1706815499
WALL 21198336 1 0 1706815500
WALL 21198336 1 0 1706815501
WALL 21198336 1 0 1706815502
WALL 21198336 1 0 1706815503
WALL 21198336 1 0 1706815504
WALL 21198336 1 0 1706815505
WALL 21198336 1 0 1706815506
WALL 21198336 1 0 1706815507
WALL 21198336 1 0 1706815508
WALL 21198336 1 0 1706815509
WALL 21198336 1 0 1706815510
WALL 21198336 1 0 1706815511
WALL 21198336 1 0 1706815512
WALL 21198336 1 0 1706815513
WALL 21198336 1 0 1706815514
WALL 21198336 1 0 1706815515
WALL 21198336 1 0 1706815516
WALL 21198336 1 0 1706815517
WALL 21198336 1 0 1706815518
WALL 21198336 1 0 1706815519
WALL 21198336 1 0 1706815520
WALL 21198336 1 0 1706815521
WALL 21198336 1 0 1706815522
WALL 21198336 1 0 1706815523
WALL 21198336 1 0 1706815524
WALL 21198336 1 0 1706815525
WALL 21198336 1 0 1706815526
WALL 21198336 1 0 1706815527
WALL 21198336 1 0 1706815528
WALL 21198336 1 0 1706815529
WALL 21198336 1 0 1706815530
WALL 21198336 1 0 1706815531
WALL 21198336 1 0 1706815532
WALL 21198336 1 0 1706815533
WALL 21198336 1 0 1706815534
WALL 21198336 1 0 1706815535
WALL 21198336 1 0 1706815536
WALL 21198336 1 0 1706815537
WALL 21198336 1 0 1706815538
WALL 21198336 1 0 1706815539
WALL 21198336 1 0 1706815540
WALL 21198336 1 0 1706815541
WALL 21198336 1 0 1706815542
WALL 21198336 1 0 1706815543
WALL 21198336 1 0 1706815544
WALL 21198336 1 0 1706815545
WALL 21198336 1 0 1706815546
WALL 21198336 1 0 1706815547
WALL 21198336 1 0 1706815548
WALL 21198336 1 0 1706815549
srun: Job step aborted: Waiting up to 32 seconds for job step to finish.
slurmstepd: error: *** JOB 21198336 ON nid200012 CANCELLED AT 2024-02-01T19:25:49 DUE TO PREEMPTION ***
received SIGTERM 1706815549
WALL 21198336 1 0 1706815549
received SIGCONT 1706815549
WALL 21198336 1 0 1706815549
received SIGTERM 1706815549
WALL 21198336 1 0 1706815549
