WALL 21199380 1 0 1706816159
WALL 21199380 1 0 1706816160
WALL 21199380 1 0 1706816161
WALL 21199380 1 0 1706816162
WALL 21199380 1 0 1706816163
WALL 21199380 1 0 1706816164
WALL 21199380 1 0 1706816165
WALL 21199380 1 0 1706816166
WALL 21199380 1 0 1706816167
WALL 21199380 1 0 1706816168
WALL 21199380 1 0 1706816169
WALL 21199380 1 0 1706816170
WALL 21199380 1 0 1706816171
WALL 21199380 1 0 1706816172
WALL 21199380 1 0 1706816173
WALL 21199380 1 0 1706816174
WALL 21199380 1 0 1706816175
WALL 21199380 1 0 1706816176
received SIGCONT 1706816177
WALL 21199380 1 0 1706816177
slurmstepd: error: *** STEP 21199380.0 ON nid200141 CANCELLED AT 2024-02-01T19:36:17 ***
received SIGTERM 1706816177
WALL 21199380 1 0 1706816177
WALL 21199380 1 0 1706816178
WALL 21199380 1 0 1706816179
WALL 21199380 1 0 1706816180
WALL 21199380 1 0 1706816181
WALL 21199380 1 0 1706816182
WALL 21199380 1 0 1706816183
WALL 21199380 1 0 1706816184
WALL 21199380 1 0 1706816185
WALL 21199380 1 0 1706816186
WALL 21199380 1 0 1706816187
WALL 21199380 1 0 1706816188
WALL 21199380 1 0 1706816189
WALL 21199380 1 0 1706816190
WALL 21199380 1 0 1706816191
WALL 21199380 1 0 1706816192
WALL 21199380 1 0 1706816193
WALL 21199380 1 0 1706816194
WALL 21199380 1 0 1706816195
WALL 21199380 1 0 1706816196
WALL 21199380 1 0 1706816197
WALL 21199380 1 0 1706816198
WALL 21199380 1 0 1706816199
WALL 21199380 1 0 1706816200
WALL 21199380 1 0 1706816201
WALL 21199380 1 0 1706816202
WALL 21199380 1 0 1706816203
WALL 21199380 1 0 1706816204
WALL 21199380 1 0 1706816205
WALL 21199380 1 0 1706816206
WALL 21199380 1 0 1706816207
WALL 21199380 1 0 1706816208
WALL 21199380 1 0 1706816209
WALL 21199380 1 0 1706816210
WALL 21199380 1 0 1706816211
WALL 21199380 1 0 1706816212
WALL 21199380 1 0 1706816213
WALL 21199380 1 0 1706816214
WALL 21199380 1 0 1706816215
WALL 21199380 1 0 1706816216
WALL 21199380 1 0 1706816217
WALL 21199380 1 0 1706816218
WALL 21199380 1 0 1706816219
WALL 21199380 1 0 1706816220
WALL 21199380 1 0 1706816221
WALL 21199380 1 0 1706816222
WALL 21199380 1 0 1706816223
WALL 21199380 1 0 1706816224
WALL 21199380 1 0 1706816225
WALL 21199380 1 0 1706816226
WALL 21199380 1 0 1706816227
WALL 21199380 1 0 1706816228
WALL 21199380 1 0 1706816229
WALL 21199380 1 0 1706816230
WALL 21199380 1 0 1706816231
WALL 21199380 1 0 1706816232
WALL 21199380 1 0 1706816233
WALL 21199380 1 0 1706816234
WALL 21199380 1 0 1706816235
WALL 21199380 1 0 1706816236
WALL 21199380 1 0 1706816237
WALL 21199380 1 0 1706816238
WALL 21199380 1 0 1706816239
WALL 21199380 1 0 1706816240
WALL 21199380 1 0 1706816241
WALL 21199380 1 0 1706816242
WALL 21199380 1 0 1706816243
WALL 21199380 1 0 1706816244
WALL 21199380 1 0 1706816245
WALL 21199380 1 0 1706816246
WALL 21199380 1 0 1706816247
WALL 21199380 1 0 1706816248
WALL 21199380 1 0 1706816249
WALL 21199380 1 0 1706816250
WALL 21199380 1 0 1706816251
WALL 21199380 1 0 1706816252
WALL 21199380 1 0 1706816253
WALL 21199380 1 0 1706816254
WALL 21199380 1 0 1706816255
WALL 21199380 1 0 1706816256
WALL 21199380 1 0 1706816257
WALL 21199380 1 0 1706816258
slurmstepd: error: *** JOB 21199380 ON nid200141 CANCELLED AT 2024-02-01T19:37:39 DUE TO PREEMPTION ***
received SIGTERM 1706816259
WALL 21199380 1 0 1706816259
received SIGCONT 1706816259
WALL 21199380 1 0 1706816259
received SIGTERM 1706816259
WALL 21199380 1 0 1706816259
