WALL 21089469 1 0 1706662498
WALL 21089469 1 0 1706662499
WALL 21089469 1 0 1706662500
WALL 21089469 1 0 1706662501
WALL 21089469 1 0 1706662502
WALL 21089469 1 0 1706662503
WALL 21089469 1 0 1706662504
WALL 21089469 1 0 1706662505
WALL 21089469 1 0 1706662506
WALL 21089469 1 0 1706662507
WALL 21089469 1 0 1706662508
WALL 21089469 1 0 1706662509
WALL 21089469 1 0 1706662510
WALL 21089469 1 0 1706662511
WALL 21089469 1 0 1706662512
WALL 21089469 1 0 1706662513
WALL 21089469 1 0 1706662514
WALL 21089469 1 0 1706662515
WALL 21089469 1 0 1706662516
WALL 21089469 1 0 1706662517
WALL 21089469 1 0 1706662518
WALL 21089469 1 0 1706662519
WALL 21089469 1 0 1706662520
WALL 21089469 1 0 1706662521
WALL 21089469 1 0 1706662522
WALL 21089469 1 0 1706662523
WALL 21089469 1 0 1706662524
WALL 21089469 1 0 1706662525
WALL 21089469 1 0 1706662526
WALL 21089469 1 0 1706662527
WALL 21089469 1 0 1706662528
WALL 21089469 1 0 1706662529
WALL 21089469 1 0 1706662530
WALL 21089469 1 0 1706662531
WALL 21089469 1 0 1706662532
WALL 21089469 1 0 1706662533
WALL 21089469 1 0 1706662534
WALL 21089469 1 0 1706662535
WALL 21089469 1 0 1706662536
WALL 21089469 1 0 1706662537
WALL 21089469 1 0 1706662538
WALL 21089469 1 0 1706662539
WALL 21089469 1 0 1706662540
WALL 21089469 1 0 1706662541
WALL 21089469 1 0 1706662542
WALL 21089469 1 0 1706662543
WALL 21089469 1 0 1706662544
WALL 21089469 1 0 1706662545
WALL 21089469 1 0 1706662546
WALL 21089469 1 0 1706662547
WALL 21089469 1 0 1706662548
WALL 21089469 1 0 1706662549
WALL 21089469 1 0 1706662550
WALL 21089469 1 0 1706662551
WALL 21089469 1 0 1706662552
WALL 21089469 1 0 1706662553
WALL 21089469 1 0 1706662554
WALL 21089469 1 0 1706662555
WALL 21089469 1 0 1706662556
WALL 21089469 1 0 1706662557
WALL 21089469 1 0 1706662558
WALL 21089469 1 0 1706662559
WALL 21089469 1 0 1706662560
WALL 21089469 1 0 1706662561
WALL 21089469 1 0 1706662562
WALL 21089469 1 0 1706662563
WALL 21089469 1 0 1706662564
WALL 21089469 1 0 1706662565
WALL 21089469 1 0 1706662566
WALL 21089469 1 0 1706662567
WALL 21089469 1 0 1706662568
WALL 21089469 1 0 1706662569
WALL 21089469 1 0 1706662570
WALL 21089469 1 0 1706662571
WALL 21089469 1 0 1706662572
WALL 21089469 1 0 1706662573
WALL 21089469 1 0 1706662574
WALL 21089469 1 0 1706662575
WALL 21089469 1 0 1706662576
WALL 21089469 1 0 1706662577
WALL 21089469 1 0 1706662578
WALL 21089469 1 0 1706662579
WALL 21089469 1 0 1706662580
WALL 21089469 1 0 1706662581
WALL 21089469 1 0 1706662582
WALL 21089469 1 0 1706662583
WALL 21089469 1 0 1706662584
WALL 21089469 1 0 1706662585
WALL 21089469 1 0 1706662586
WALL 21089469 1 0 1706662587
WALL 21089469 1 0 1706662588
WALL 21089469 1 0 1706662589
WALL 21089469 1 0 1706662590
WALL 21089469 1 0 1706662591
WALL 21089469 1 0 1706662592
WALL 21089469 1 0 1706662593
WALL 21089469 1 0 1706662594
WALL 21089469 1 0 1706662595
WALL 21089469 1 0 1706662596
WALL 21089469 1 0 1706662597
WALL 21089469 1 0 1706662598
WALL 21089469 1 0 1706662599
WALL 21089469 1 0 1706662600
WALL 21089469 1 0 1706662601
WALL 21089469 1 0 1706662602
WALL 21089469 1 0 1706662603
WALL 21089469 1 0 1706662604
WALL 21089469 1 0 1706662605
WALL 21089469 1 0 1706662606
WALL 21089469 1 0 1706662607
WALL 21089469 1 0 1706662608
WALL 21089469 1 0 1706662609
WALL 21089469 1 0 1706662610
WALL 21089469 1 0 1706662611
WALL 21089469 1 0 1706662612
WALL 21089469 1 0 1706662613
WALL 21089469 1 0 1706662614
WALL 21089469 1 0 1706662615
WALL 21089469 1 0 1706662616
WALL 21089469 1 0 1706662617
WALL 21089469 1 0 1706662618
WALL 21089469 1 0 1706662619
WALL 21089469 1 0 1706662620
WALL 21089469 1 0 1706662621
WALL 21089469 1 0 1706662622
WALL 21089469 1 0 1706662623
WALL 21089469 1 0 1706662624
WALL 21089469 1 0 1706662625
WALL 21089469 1 0 1706662626
WALL 21089469 1 0 1706662627
WALL 21089469 1 0 1706662628
WALL 21089469 1 0 1706662629
WALL 21089469 1 0 1706662630
WALL 21089469 1 0 1706662631
WALL 21089469 1 0 1706662632
WALL 21089469 1 0 1706662633
WALL 21089469 1 0 1706662634
WALL 21089469 1 0 1706662635
WALL 21089469 1 0 1706662636
WALL 21089469 1 0 1706662637
WALL 21089469 1 0 1706662638
WALL 21089469 1 0 1706662639
WALL 21089469 1 0 1706662640
WALL 21089469 1 0 1706662641
WALL 21089469 1 0 1706662642
WALL 21089469 1 0 1706662643
WALL 21089469 1 0 1706662644
WALL 21089469 1 0 1706662645
WALL 21089469 1 0 1706662646
WALL 21089469 1 0 1706662647
WALL 21089469 1 0 1706662648
WALL 21089469 1 0 1706662649
WALL 21089469 1 0 1706662650
WALL 21089469 1 0 1706662651
WALL 21089469 1 0 1706662652
WALL 21089469 1 0 1706662653
WALL 21089469 1 0 1706662654
WALL 21089469 1 0 1706662655
WALL 21089469 1 0 1706662656
WALL 21089469 1 0 1706662657
WALL 21089469 1 0 1706662658
WALL 21089469 1 0 1706662659
WALL 21089469 1 0 1706662660
WALL 21089469 1 0 1706662661
WALL 21089469 1 0 1706662662
WALL 21089469 1 0 1706662663
WALL 21089469 1 0 1706662664
WALL 21089469 1 0 1706662665
WALL 21089469 1 0 1706662666
WALL 21089469 1 0 1706662667
WALL 21089469 1 0 1706662668
WALL 21089469 1 0 1706662669
WALL 21089469 1 0 1706662670
WALL 21089469 1 0 1706662671
WALL 21089469 1 0 1706662672
WALL 21089469 1 0 1706662673
WALL 21089469 1 0 1706662674
WALL 21089469 1 0 1706662675
WALL 21089469 1 0 1706662676
WALL 21089469 1 0 1706662677
WALL 21089469 1 0 1706662678
WALL 21089469 1 0 1706662679
WALL 21089469 1 0 1706662680
WALL 21089469 1 0 1706662681
WALL 21089469 1 0 1706662682
WALL 21089469 1 0 1706662683
WALL 21089469 1 0 1706662684
WALL 21089469 1 0 1706662685
WALL 21089469 1 0 1706662686
WALL 21089469 1 0 1706662687
WALL 21089469 1 0 1706662688
WALL 21089469 1 0 1706662689
WALL 21089469 1 0 1706662690
WALL 21089469 1 0 1706662691
WALL 21089469 1 0 1706662692
WALL 21089469 1 0 1706662693
WALL 21089469 1 0 1706662694
WALL 21089469 1 0 1706662695
WALL 21089469 1 0 1706662696
WALL 21089469 1 0 1706662697
WALL 21089469 1 0 1706662698
WALL 21089469 1 0 1706662699
WALL 21089469 1 0 1706662700
WALL 21089469 1 0 1706662701
WALL 21089469 1 0 1706662702
WALL 21089469 1 0 1706662703
WALL 21089469 1 0 1706662704
WALL 21089469 1 0 1706662705
WALL 21089469 1 0 1706662706
WALL 21089469 1 0 1706662707
WALL 21089469 1 0 1706662708
WALL 21089469 1 0 1706662709
WALL 21089469 1 0 1706662710
WALL 21089469 1 0 1706662711
WALL 21089469 1 0 1706662712
WALL 21089469 1 0 1706662713
WALL 21089469 1 0 1706662714
WALL 21089469 1 0 1706662715
WALL 21089469 1 0 1706662716
WALL 21089469 1 0 1706662717
WALL 21089469 1 0 1706662718
WALL 21089469 1 0 1706662719
WALL 21089469 1 0 1706662720
WALL 21089469 1 0 1706662721
WALL 21089469 1 0 1706662722
WALL 21089469 1 0 1706662723
WALL 21089469 1 0 1706662724
WALL 21089469 1 0 1706662725
WALL 21089469 1 0 1706662726
WALL 21089469 1 0 1706662727
WALL 21089469 1 0 1706662728
WALL 21089469 1 0 1706662729
WALL 21089469 1 0 1706662730
WALL 21089469 1 0 1706662731
WALL 21089469 1 0 1706662732
WALL 21089469 1 0 1706662733
WALL 21089469 1 0 1706662734
WALL 21089469 1 0 1706662735
WALL 21089469 1 0 1706662736
WALL 21089469 1 0 1706662737
WALL 21089469 1 0 1706662738
WALL 21089469 1 0 1706662739
WALL 21089469 1 0 1706662740
WALL 21089469 1 0 1706662741
WALL 21089469 1 0 1706662742
WALL 21089469 1 0 1706662743
WALL 21089469 1 0 1706662744
WALL 21089469 1 0 1706662745
WALL 21089469 1 0 1706662746
WALL 21089469 1 0 1706662747
WALL 21089469 1 0 1706662748
WALL 21089469 1 0 1706662749
WALL 21089469 1 0 1706662750
WALL 21089469 1 0 1706662751
WALL 21089469 1 0 1706662752
WALL 21089469 1 0 1706662753
WALL 21089469 1 0 1706662754
WALL 21089469 1 0 1706662755
WALL 21089469 1 0 1706662756
WALL 21089469 1 0 1706662757
WALL 21089469 1 0 1706662758
WALL 21089469 1 0 1706662759
WALL 21089469 1 0 1706662760
WALL 21089469 1 0 1706662761
WALL 21089469 1 0 1706662762
WALL 21089469 1 0 1706662763
WALL 21089469 1 0 1706662764
WALL 21089469 1 0 1706662765
WALL 21089469 1 0 1706662766
WALL 21089469 1 0 1706662767
WALL 21089469 1 0 1706662768
WALL 21089469 1 0 1706662769
WALL 21089469 1 0 1706662770
WALL 21089469 1 0 1706662771
WALL 21089469 1 0 1706662772
WALL 21089469 1 0 1706662773
WALL 21089469 1 0 1706662774
WALL 21089469 1 0 1706662775
WALL 21089469 1 0 1706662776
WALL 21089469 1 0 1706662777
WALL 21089469 1 0 1706662778
WALL 21089469 1 0 1706662779
WALL 21089469 1 0 1706662780
WALL 21089469 1 0 1706662781
WALL 21089469 1 0 1706662782
WALL 21089469 1 0 1706662783
WALL 21089469 1 0 1706662784
WALL 21089469 1 0 1706662785
WALL 21089469 1 0 1706662786
WALL 21089469 1 0 1706662787
WALL 21089469 1 0 1706662788
WALL 21089469 1 0 1706662789
WALL 21089469 1 0 1706662790
WALL 21089469 1 0 1706662791
WALL 21089469 1 0 1706662792
WALL 21089469 1 0 1706662793
WALL 21089469 1 0 1706662794
WALL 21089469 1 0 1706662795
WALL 21089469 1 0 1706662796
WALL 21089469 1 0 1706662797
WALL 21089469 1 0 1706662798
WALL 21089469 1 0 1706662799
WALL 21089469 1 0 1706662800
WALL 21089469 1 0 1706662801
WALL 21089469 1 0 1706662802
WALL 21089469 1 0 1706662803
WALL 21089469 1 0 1706662804
WALL 21089469 1 0 1706662805
WALL 21089469 1 0 1706662806
WALL 21089469 1 0 1706662807
WALL 21089469 1 0 1706662808
WALL 21089469 1 0 1706662809
WALL 21089469 1 0 1706662810
WALL 21089469 1 0 1706662811
WALL 21089469 1 0 1706662812
WALL 21089469 1 0 1706662813
WALL 21089469 1 0 1706662814
WALL 21089469 1 0 1706662815
WALL 21089469 1 0 1706662816
WALL 21089469 1 0 1706662817
WALL 21089469 1 0 1706662818
WALL 21089469 1 0 1706662819
WALL 21089469 1 0 1706662820
WALL 21089469 1 0 1706662821
WALL 21089469 1 0 1706662822
WALL 21089469 1 0 1706662823
WALL 21089469 1 0 1706662824
WALL 21089469 1 0 1706662825
slurmstepd: error: *** STEP 21089469.0 ON nid200074 CANCELLED AT 2024-01-31T01:00:25 DUE TO TIME LIMIT ***
slurmstepd: error: *** REASON: Reservation pod_preempt_2, which this job was running under, has ended ***
slurmstepd: error: *** JOB 21089469 ON nid200074 CANCELLED AT 2024-01-31T01:00:25 DUE TO TIME LIMIT ***
slurmstepd: error: *** REASON: Reservation pod_preempt_2, which this job was running under, has ended ***
received SIGTERM 1706662825
WALL 21089469 1 0 1706662825
received SIGCONT 1706662825
WALL 21089469 1 0 1706662825
received SIGTERM 1706662825
WALL 21089469 1 0 1706662825
