WALL 21236277 1 0 1706908170
WALL 21236277 1 0 1706908171
WALL 21236277 1 0 1706908172
WALL 21236277 1 0 1706908173
WALL 21236277 1 0 1706908174
WALL 21236277 1 0 1706908175
WALL 21236277 1 0 1706908176
WALL 21236277 1 0 1706908177
WALL 21236277 1 0 1706908178
WALL 21236277 1 0 1706908179
WALL 21236277 1 0 1706908180
WALL 21236277 1 0 1706908181
WALL 21236277 1 0 1706908182
WALL 21236277 1 0 1706908183
WALL 21236277 1 0 1706908184
WALL 21236277 1 0 1706908185
WALL 21236277 1 0 1706908186
WALL 21236277 1 0 1706908187
WALL 21236277 1 0 1706908188
WALL 21236277 1 0 1706908189
WALL 21236277 1 0 1706908190
WALL 21236277 1 0 1706908191
WALL 21236277 1 0 1706908192
WALL 21236277 1 0 1706908193
WALL 21236277 1 0 1706908194
WALL 21236277 1 0 1706908195
WALL 21236277 1 0 1706908196
WALL 21236277 1 0 1706908197
WALL 21236277 1 0 1706908198
WALL 21236277 1 0 1706908199
WALL 21236277 1 0 1706908200
WALL 21236277 1 0 1706908201
WALL 21236277 1 0 1706908202
WALL 21236277 1 0 1706908203
WALL 21236277 1 0 1706908204
WALL 21236277 1 0 1706908205
WALL 21236277 1 0 1706908206
WALL 21236277 1 0 1706908207
WALL 21236277 1 0 1706908208
WALL 21236277 1 0 1706908209
WALL 21236277 1 0 1706908210
WALL 21236277 1 0 1706908211
WALL 21236277 1 0 1706908212
WALL 21236277 1 0 1706908213
WALL 21236277 1 0 1706908214
WALL 21236277 1 0 1706908215
WALL 21236277 1 0 1706908216
WALL 21236277 1 0 1706908217
WALL 21236277 1 0 1706908218
WALL 21236277 1 0 1706908219
WALL 21236277 1 0 1706908220
WALL 21236277 1 0 1706908221
WALL 21236277 1 0 1706908222
WALL 21236277 1 0 1706908223
WALL 21236277 1 0 1706908224
WALL 21236277 1 0 1706908225
WALL 21236277 1 0 1706908226
WALL 21236277 1 0 1706908227
WALL 21236277 1 0 1706908228
WALL 21236277 1 0 1706908229
WALL 21236277 1 0 1706908230
WALL 21236277 1 0 1706908231
WALL 21236277 1 0 1706908232
WALL 21236277 1 0 1706908233
WALL 21236277 1 0 1706908234
WALL 21236277 1 0 1706908235
WALL 21236277 1 0 1706908236
WALL 21236277 1 0 1706908237
WALL 21236277 1 0 1706908238
WALL 21236277 1 0 1706908239
WALL 21236277 1 0 1706908240
WALL 21236277 1 0 1706908241
WALL 21236277 1 0 1706908242
WALL 21236277 1 0 1706908243
WALL 21236277 1 0 1706908244
WALL 21236277 1 0 1706908245
WALL 21236277 1 0 1706908246
WALL 21236277 1 0 1706908247
WALL 21236277 1 0 1706908248
WALL 21236277 1 0 1706908249
WALL 21236277 1 0 1706908250
WALL 21236277 1 0 1706908251
WALL 21236277 1 0 1706908252
WALL 21236277 1 0 1706908253
WALL 21236277 1 0 1706908254
WALL 21236277 1 0 1706908255
WALL 21236277 1 0 1706908256
WALL 21236277 1 0 1706908257
WALL 21236277 1 0 1706908258
WALL 21236277 1 0 1706908259
WALL 21236277 1 0 1706908260
WALL 21236277 1 0 1706908261
WALL 21236277 1 0 1706908262
WALL 21236277 1 0 1706908263
WALL 21236277 1 0 1706908264
WALL 21236277 1 0 1706908265
WALL 21236277 1 0 1706908266
WALL 21236277 1 0 1706908267
WALL 21236277 1 0 1706908268
WALL 21236277 1 0 1706908269
WALL 21236277 1 0 1706908270
WALL 21236277 1 0 1706908271
WALL 21236277 1 0 1706908272
WALL 21236277 1 0 1706908273
WALL 21236277 1 0 1706908274
WALL 21236277 1 0 1706908275
WALL 21236277 1 0 1706908276
WALL 21236277 1 0 1706908277
WALL 21236277 1 0 1706908278
WALL 21236277 1 0 1706908279
WALL 21236277 1 0 1706908280
WALL 21236277 1 0 1706908281
WALL 21236277 1 0 1706908282
WALL 21236277 1 0 1706908283
WALL 21236277 1 0 1706908284
WALL 21236277 1 0 1706908285
WALL 21236277 1 0 1706908286
WALL 21236277 1 0 1706908287
WALL 21236277 1 0 1706908288
WALL 21236277 1 0 1706908289
WALL 21236277 1 0 1706908290
WALL 21236277 1 0 1706908291
WALL 21236277 1 0 1706908292
WALL 21236277 1 0 1706908293
WALL 21236277 1 0 1706908294
WALL 21236277 1 0 1706908295
WALL 21236277 1 0 1706908296
WALL 21236277 1 0 1706908297
WALL 21236277 1 0 1706908298
WALL 21236277 1 0 1706908299
WALL 21236277 1 0 1706908300
WALL 21236277 1 0 1706908301
WALL 21236277 1 0 1706908302
WALL 21236277 1 0 1706908303
WALL 21236277 1 0 1706908304
WALL 21236277 1 0 1706908305
WALL 21236277 1 0 1706908306
WALL 21236277 1 0 1706908307
WALL 21236277 1 0 1706908308
WALL 21236277 1 0 1706908309
WALL 21236277 1 0 1706908310
WALL 21236277 1 0 1706908311
WALL 21236277 1 0 1706908312
WALL 21236277 1 0 1706908313
WALL 21236277 1 0 1706908314
WALL 21236277 1 0 1706908315
WALL 21236277 1 0 1706908316
WALL 21236277 1 0 1706908317
WALL 21236277 1 0 1706908318
WALL 21236277 1 0 1706908319
WALL 21236277 1 0 1706908320
WALL 21236277 1 0 1706908321
WALL 21236277 1 0 1706908322
WALL 21236277 1 0 1706908323
WALL 21236277 1 0 1706908324
WALL 21236277 1 0 1706908325
WALL 21236277 1 0 1706908326
WALL 21236277 1 0 1706908327
WALL 21236277 1 0 1706908328
WALL 21236277 1 0 1706908329
WALL 21236277 1 0 1706908330
WALL 21236277 1 0 1706908331
WALL 21236277 1 0 1706908332
WALL 21236277 1 0 1706908333
WALL 21236277 1 0 1706908334
WALL 21236277 1 0 1706908335
WALL 21236277 1 0 1706908336
WALL 21236277 1 0 1706908337
WALL 21236277 1 0 1706908338
WALL 21236277 1 0 1706908339
WALL 21236277 1 0 1706908340
WALL 21236277 1 0 1706908341
WALL 21236277 1 0 1706908342
WALL 21236277 1 0 1706908343
WALL 21236277 1 0 1706908344
WALL 21236277 1 0 1706908345
WALL 21236277 1 0 1706908346
WALL 21236277 1 0 1706908347
WALL 21236277 1 0 1706908348
WALL 21236277 1 0 1706908349
WALL 21236277 1 0 1706908350
WALL 21236277 1 0 1706908351
WALL 21236277 1 0 1706908352
WALL 21236277 1 0 1706908353
WALL 21236277 1 0 1706908354
WALL 21236277 1 0 1706908355
WALL 21236277 1 0 1706908356
WALL 21236277 1 0 1706908357
WALL 21236277 1 0 1706908358
WALL 21236277 1 0 1706908359
WALL 21236277 1 0 1706908360
WALL 21236277 1 0 1706908361
WALL 21236277 1 0 1706908362
WALL 21236277 1 0 1706908363
WALL 21236277 1 0 1706908364
WALL 21236277 1 0 1706908365
WALL 21236277 1 0 1706908366
WALL 21236277 1 0 1706908367
WALL 21236277 1 0 1706908368
WALL 21236277 1 0 1706908369
WALL 21236277 1 0 1706908370
WALL 21236277 1 0 1706908371
WALL 21236277 1 0 1706908372
WALL 21236277 1 0 1706908373
WALL 21236277 1 0 1706908374
WALL 21236277 1 0 1706908375
WALL 21236277 1 0 1706908376
WALL 21236277 1 0 1706908377
WALL 21236277 1 0 1706908378
WALL 21236277 1 0 1706908379
WALL 21236277 1 0 1706908380
WALL 21236277 1 0 1706908381
WALL 21236277 1 0 1706908382
WALL 21236277 1 0 1706908383
WALL 21236277 1 0 1706908384
WALL 21236277 1 0 1706908385
WALL 21236277 1 0 1706908386
WALL 21236277 1 0 1706908387
WALL 21236277 1 0 1706908388
WALL 21236277 1 0 1706908389
WALL 21236277 1 0 1706908390
WALL 21236277 1 0 1706908391
WALL 21236277 1 0 1706908392
WALL 21236277 1 0 1706908393
WALL 21236277 1 0 1706908394
WALL 21236277 1 0 1706908395
WALL 21236277 1 0 1706908396
WALL 21236277 1 0 1706908397
WALL 21236277 1 0 1706908398
WALL 21236277 1 0 1706908399
WALL 21236277 1 0 1706908400
WALL 21236277 1 0 1706908401
WALL 21236277 1 0 1706908402
WALL 21236277 1 0 1706908403
WALL 21236277 1 0 1706908404
WALL 21236277 1 0 1706908405
WALL 21236277 1 0 1706908406
WALL 21236277 1 0 1706908407
WALL 21236277 1 0 1706908408
WALL 21236277 1 0 1706908409
WALL 21236277 1 0 1706908410
WALL 21236277 1 0 1706908411
WALL 21236277 1 0 1706908412
WALL 21236277 1 0 1706908413
WALL 21236277 1 0 1706908414
WALL 21236277 1 0 1706908415
WALL 21236277 1 0 1706908416
WALL 21236277 1 0 1706908417
WALL 21236277 1 0 1706908418
WALL 21236277 1 0 1706908419
WALL 21236277 1 0 1706908420
WALL 21236277 1 0 1706908421
WALL 21236277 1 0 1706908422
WALL 21236277 1 0 1706908423
WALL 21236277 1 0 1706908424
WALL 21236277 1 0 1706908425
WALL 21236277 1 0 1706908426
WALL 21236277 1 0 1706908427
WALL 21236277 1 0 1706908428
WALL 21236277 1 0 1706908429
WALL 21236277 1 0 1706908430
WALL 21236277 1 0 1706908431
WALL 21236277 1 0 1706908432
WALL 21236277 1 0 1706908433
WALL 21236277 1 0 1706908434
WALL 21236277 1 0 1706908435
WALL 21236277 1 0 1706908436
WALL 21236277 1 0 1706908437
WALL 21236277 1 0 1706908438
WALL 21236277 1 0 1706908439
WALL 21236277 1 0 1706908440
WALL 21236277 1 0 1706908441
WALL 21236277 1 0 1706908442
WALL 21236277 1 0 1706908443
WALL 21236277 1 0 1706908444
WALL 21236277 1 0 1706908445
WALL 21236277 1 0 1706908446
WALL 21236277 1 0 1706908447
WALL 21236277 1 0 1706908448
WALL 21236277 1 0 1706908449
WALL 21236277 1 0 1706908450
WALL 21236277 1 0 1706908451
WALL 21236277 1 0 1706908452
WALL 21236277 1 0 1706908453
WALL 21236277 1 0 1706908454
WALL 21236277 1 0 1706908455
WALL 21236277 1 0 1706908456
WALL 21236277 1 0 1706908457
WALL 21236277 1 0 1706908458
WALL 21236277 1 0 1706908459
WALL 21236277 1 0 1706908460
WALL 21236277 1 0 1706908461
WALL 21236277 1 0 1706908462
WALL 21236277 1 0 1706908463
WALL 21236277 1 0 1706908464
WALL 21236277 1 0 1706908465
WALL 21236277 1 0 1706908466
WALL 21236277 1 0 1706908467
WALL 21236277 1 0 1706908468
WALL 21236277 1 0 1706908469
WALL 21236277 1 0 1706908470
WALL 21236277 1 0 1706908471
WALL 21236277 1 0 1706908472
WALL 21236277 1 0 1706908473
WALL 21236277 1 0 1706908474
WALL 21236277 1 0 1706908475
WALL 21236277 1 0 1706908476
WALL 21236277 1 0 1706908477
WALL 21236277 1 0 1706908478
WALL 21236277 1 0 1706908479
WALL 21236277 1 0 1706908480
WALL 21236277 1 0 1706908481
WALL 21236277 1 0 1706908482
WALL 21236277 1 0 1706908483
WALL 21236277 1 0 1706908484
WALL 21236277 1 0 1706908485
WALL 21236277 1 0 1706908486
WALL 21236277 1 0 1706908487
WALL 21236277 1 0 1706908488
WALL 21236277 1 0 1706908489
WALL 21236277 1 0 1706908490
WALL 21236277 1 0 1706908491
WALL 21236277 1 0 1706908492
WALL 21236277 1 0 1706908493
WALL 21236277 1 0 1706908494
WALL 21236277 1 0 1706908495
WALL 21236277 1 0 1706908496
WALL 21236277 1 0 1706908497
WALL 21236277 1 0 1706908498
WALL 21236277 1 0 1706908499
WALL 21236277 1 0 1706908500
WALL 21236277 1 0 1706908501
WALL 21236277 1 0 1706908502
WALL 21236277 1 0 1706908503
WALL 21236277 1 0 1706908504
WALL 21236277 1 0 1706908505
WALL 21236277 1 0 1706908506
WALL 21236277 1 0 1706908507
WALL 21236277 1 0 1706908508
WALL 21236277 1 0 1706908509
WALL 21236277 1 0 1706908510
WALL 21236277 1 0 1706908511
WALL 21236277 1 0 1706908512
WALL 21236277 1 0 1706908513
WALL 21236277 1 0 1706908514
WALL 21236277 1 0 1706908515
WALL 21236277 1 0 1706908516
WALL 21236277 1 0 1706908517
WALL 21236277 1 0 1706908518
WALL 21236277 1 0 1706908519
WALL 21236277 1 0 1706908520
WALL 21236277 1 0 1706908521
WALL 21236277 1 0 1706908522
WALL 21236277 1 0 1706908523
WALL 21236277 1 0 1706908524
WALL 21236277 1 0 1706908525
WALL 21236277 1 0 1706908526
WALL 21236277 1 0 1706908527
WALL 21236277 1 0 1706908528
WALL 21236277 1 0 1706908529
WALL 21236277 1 0 1706908530
WALL 21236277 1 0 1706908531
WALL 21236277 1 0 1706908532
WALL 21236277 1 0 1706908533
WALL 21236277 1 0 1706908534
WALL 21236277 1 0 1706908535
WALL 21236277 1 0 1706908536
WALL 21236277 1 0 1706908537
WALL 21236277 1 0 1706908538
WALL 21236277 1 0 1706908539
WALL 21236277 1 0 1706908540
WALL 21236277 1 0 1706908541
WALL 21236277 1 0 1706908542
WALL 21236277 1 0 1706908543
WALL 21236277 1 0 1706908544
WALL 21236277 1 0 1706908545
WALL 21236277 1 0 1706908546
WALL 21236277 1 0 1706908547
WALL 21236277 1 0 1706908548
WALL 21236277 1 0 1706908549
WALL 21236277 1 0 1706908550
WALL 21236277 1 0 1706908551
WALL 21236277 1 0 1706908552
WALL 21236277 1 0 1706908553
WALL 21236277 1 0 1706908554
WALL 21236277 1 0 1706908555
WALL 21236277 1 0 1706908556
WALL 21236277 1 0 1706908557
WALL 21236277 1 0 1706908558
WALL 21236277 1 0 1706908559
WALL 21236277 1 0 1706908560
WALL 21236277 1 0 1706908561
WALL 21236277 1 0 1706908562
WALL 21236277 1 0 1706908563
WALL 21236277 1 0 1706908564
WALL 21236277 1 0 1706908565
WALL 21236277 1 0 1706908566
WALL 21236277 1 0 1706908567
WALL 21236277 1 0 1706908568
WALL 21236277 1 0 1706908569
WALL 21236277 1 0 1706908570
WALL 21236277 1 0 1706908571
WALL 21236277 1 0 1706908572
WALL 21236277 1 0 1706908573
WALL 21236277 1 0 1706908574
WALL 21236277 1 0 1706908575
WALL 21236277 1 0 1706908576
WALL 21236277 1 0 1706908577
WALL 21236277 1 0 1706908578
WALL 21236277 1 0 1706908579
WALL 21236277 1 0 1706908580
WALL 21236277 1 0 1706908581
WALL 21236277 1 0 1706908582
WALL 21236277 1 0 1706908583
WALL 21236277 1 0 1706908584
WALL 21236277 1 0 1706908585
WALL 21236277 1 0 1706908586
WALL 21236277 1 0 1706908587
WALL 21236277 1 0 1706908588
WALL 21236277 1 0 1706908589
WALL 21236277 1 0 1706908590
WALL 21236277 1 0 1706908591
WALL 21236277 1 0 1706908592
WALL 21236277 1 0 1706908593
WALL 21236277 1 0 1706908594
WALL 21236277 1 0 1706908595
WALL 21236277 1 0 1706908596
WALL 21236277 1 0 1706908597
WALL 21236277 1 0 1706908598
WALL 21236277 1 0 1706908599
WALL 21236277 1 0 1706908600
WALL 21236277 1 0 1706908601
WALL 21236277 1 0 1706908602
WALL 21236277 1 0 1706908603
WALL 21236277 1 0 1706908604
WALL 21236277 1 0 1706908605
WALL 21236277 1 0 1706908606
WALL 21236277 1 0 1706908607
WALL 21236277 1 0 1706908608
WALL 21236277 1 0 1706908609
WALL 21236277 1 0 1706908610
WALL 21236277 1 0 1706908611
WALL 21236277 1 0 1706908612
WALL 21236277 1 0 1706908613
WALL 21236277 1 0 1706908614
WALL 21236277 1 0 1706908615
WALL 21236277 1 0 1706908616
WALL 21236277 1 0 1706908617
WALL 21236277 1 0 1706908618
WALL 21236277 1 0 1706908619
WALL 21236277 1 0 1706908620
WALL 21236277 1 0 1706908621
WALL 21236277 1 0 1706908622
WALL 21236277 1 0 1706908623
WALL 21236277 1 0 1706908624
WALL 21236277 1 0 1706908625
WALL 21236277 1 0 1706908626
WALL 21236277 1 0 1706908627
WALL 21236277 1 0 1706908628
WALL 21236277 1 0 1706908629
WALL 21236277 1 0 1706908630
WALL 21236277 1 0 1706908631
WALL 21236277 1 0 1706908632
WALL 21236277 1 0 1706908633
WALL 21236277 1 0 1706908634
WALL 21236277 1 0 1706908635
WALL 21236277 1 0 1706908636
WALL 21236277 1 0 1706908637
WALL 21236277 1 0 1706908638
WALL 21236277 1 0 1706908639
WALL 21236277 1 0 1706908640
WALL 21236277 1 0 1706908641
WALL 21236277 1 0 1706908642
WALL 21236277 1 0 1706908643
WALL 21236277 1 0 1706908644
WALL 21236277 1 0 1706908645
WALL 21236277 1 0 1706908646
WALL 21236277 1 0 1706908647
WALL 21236277 1 0 1706908648
WALL 21236277 1 0 1706908649
WALL 21236277 1 0 1706908650
WALL 21236277 1 0 1706908651
WALL 21236277 1 0 1706908652
WALL 21236277 1 0 1706908653
WALL 21236277 1 0 1706908654
WALL 21236277 1 0 1706908655
WALL 21236277 1 0 1706908656
WALL 21236277 1 0 1706908657
WALL 21236277 1 0 1706908658
WALL 21236277 1 0 1706908659
WALL 21236277 1 0 1706908660
WALL 21236277 1 0 1706908661
WALL 21236277 1 0 1706908662
WALL 21236277 1 0 1706908663
WALL 21236277 1 0 1706908664
WALL 21236277 1 0 1706908665
WALL 21236277 1 0 1706908666
WALL 21236277 1 0 1706908667
WALL 21236277 1 0 1706908668
WALL 21236277 1 0 1706908669
WALL 21236277 1 0 1706908670
WALL 21236277 1 0 1706908671
WALL 21236277 1 0 1706908672
WALL 21236277 1 0 1706908673
WALL 21236277 1 0 1706908674
WALL 21236277 1 0 1706908675
WALL 21236277 1 0 1706908676
WALL 21236277 1 0 1706908677
WALL 21236277 1 0 1706908678
WALL 21236277 1 0 1706908679
WALL 21236277 1 0 1706908680
WALL 21236277 1 0 1706908681
WALL 21236277 1 0 1706908682
WALL 21236277 1 0 1706908683
WALL 21236277 1 0 1706908684
WALL 21236277 1 0 1706908685
WALL 21236277 1 0 1706908686
WALL 21236277 1 0 1706908687
WALL 21236277 1 0 1706908688
WALL 21236277 1 0 1706908689
WALL 21236277 1 0 1706908690
WALL 21236277 1 0 1706908691
WALL 21236277 1 0 1706908692
WALL 21236277 1 0 1706908693
WALL 21236277 1 0 1706908694
WALL 21236277 1 0 1706908695
WALL 21236277 1 0 1706908696
WALL 21236277 1 0 1706908697
WALL 21236277 1 0 1706908698
WALL 21236277 1 0 1706908699
WALL 21236277 1 0 1706908700
WALL 21236277 1 0 1706908701
WALL 21236277 1 0 1706908702
WALL 21236277 1 0 1706908703
WALL 21236277 1 0 1706908704
WALL 21236277 1 0 1706908705
WALL 21236277 1 0 1706908706
WALL 21236277 1 0 1706908707
WALL 21236277 1 0 1706908708
WALL 21236277 1 0 1706908709
WALL 21236277 1 0 1706908710
WALL 21236277 1 0 1706908711
WALL 21236277 1 0 1706908712
WALL 21236277 1 0 1706908713
WALL 21236277 1 0 1706908714
WALL 21236277 1 0 1706908715
WALL 21236277 1 0 1706908716
WALL 21236277 1 0 1706908717
WALL 21236277 1 0 1706908718
WALL 21236277 1 0 1706908719
WALL 21236277 1 0 1706908720
WALL 21236277 1 0 1706908721
WALL 21236277 1 0 1706908722
WALL 21236277 1 0 1706908723
WALL 21236277 1 0 1706908724
WALL 21236277 1 0 1706908725
WALL 21236277 1 0 1706908726
WALL 21236277 1 0 1706908727
WALL 21236277 1 0 1706908728
WALL 21236277 1 0 1706908729
WALL 21236277 1 0 1706908730
WALL 21236277 1 0 1706908731
WALL 21236277 1 0 1706908732
WALL 21236277 1 0 1706908733
WALL 21236277 1 0 1706908734
WALL 21236277 1 0 1706908735
WALL 21236277 1 0 1706908736
WALL 21236277 1 0 1706908737
WALL 21236277 1 0 1706908738
WALL 21236277 1 0 1706908739
WALL 21236277 1 0 1706908740
WALL 21236277 1 0 1706908741
WALL 21236277 1 0 1706908742
WALL 21236277 1 0 1706908743
WALL 21236277 1 0 1706908744
WALL 21236277 1 0 1706908745
WALL 21236277 1 0 1706908746
WALL 21236277 1 0 1706908747
WALL 21236277 1 0 1706908748
WALL 21236277 1 0 1706908749
WALL 21236277 1 0 1706908750
WALL 21236277 1 0 1706908751
WALL 21236277 1 0 1706908752
WALL 21236277 1 0 1706908753
WALL 21236277 1 0 1706908754
WALL 21236277 1 0 1706908755
WALL 21236277 1 0 1706908756
WALL 21236277 1 0 1706908757
WALL 21236277 1 0 1706908758
WALL 21236277 1 0 1706908759
WALL 21236277 1 0 1706908760
WALL 21236277 1 0 1706908761
WALL 21236277 1 0 1706908762
WALL 21236277 1 0 1706908763
WALL 21236277 1 0 1706908764
WALL 21236277 1 0 1706908765
WALL 21236277 1 0 1706908766
WALL 21236277 1 0 1706908767
WALL 21236277 1 0 1706908768
WALL 21236277 1 0 1706908769
WALL 21236277 1 0 1706908770
WALL 21236277 1 0 1706908771
WALL 21236277 1 0 1706908772
WALL 21236277 1 0 1706908773
WALL 21236277 1 0 1706908774
WALL 21236277 1 0 1706908775
WALL 21236277 1 0 1706908776
WALL 21236277 1 0 1706908777
WALL 21236277 1 0 1706908778
WALL 21236277 1 0 1706908779
WALL 21236277 1 0 1706908780
WALL 21236277 1 0 1706908781
WALL 21236277 1 0 1706908782
WALL 21236277 1 0 1706908783
WALL 21236277 1 0 1706908784
WALL 21236277 1 0 1706908785
WALL 21236277 1 0 1706908786
WALL 21236277 1 0 1706908787
WALL 21236277 1 0 1706908788
WALL 21236277 1 0 1706908789
WALL 21236277 1 0 1706908790
WALL 21236277 1 0 1706908791
WALL 21236277 1 0 1706908792
WALL 21236277 1 0 1706908793
WALL 21236277 1 0 1706908794
WALL 21236277 1 0 1706908795
WALL 21236277 1 0 1706908796
WALL 21236277 1 0 1706908797
WALL 21236277 1 0 1706908798
WALL 21236277 1 0 1706908799
WALL 21236277 1 0 1706908800
WALL 21236277 1 0 1706908801
WALL 21236277 1 0 1706908802
WALL 21236277 1 0 1706908803
WALL 21236277 1 0 1706908804
WALL 21236277 1 0 1706908805
WALL 21236277 1 0 1706908806
WALL 21236277 1 0 1706908807
WALL 21236277 1 0 1706908808
WALL 21236277 1 0 1706908809
WALL 21236277 1 0 1706908810
WALL 21236277 1 0 1706908811
WALL 21236277 1 0 1706908812
WALL 21236277 1 0 1706908813
WALL 21236277 1 0 1706908814
WALL 21236277 1 0 1706908815
WALL 21236277 1 0 1706908816
WALL 21236277 1 0 1706908817
WALL 21236277 1 0 1706908818
WALL 21236277 1 0 1706908819
WALL 21236277 1 0 1706908820
WALL 21236277 1 0 1706908821
WALL 21236277 1 0 1706908822
WALL 21236277 1 0 1706908823
WALL 21236277 1 0 1706908824
WALL 21236277 1 0 1706908825
WALL 21236277 1 0 1706908826
WALL 21236277 1 0 1706908827
WALL 21236277 1 0 1706908828
WALL 21236277 1 0 1706908829
WALL 21236277 1 0 1706908830
WALL 21236277 1 0 1706908831
WALL 21236277 1 0 1706908832
WALL 21236277 1 0 1706908833
WALL 21236277 1 0 1706908834
WALL 21236277 1 0 1706908835
WALL 21236277 1 0 1706908836
WALL 21236277 1 0 1706908837
WALL 21236277 1 0 1706908838
WALL 21236277 1 0 1706908839
WALL 21236277 1 0 1706908840
WALL 21236277 1 0 1706908841
WALL 21236277 1 0 1706908842
WALL 21236277 1 0 1706908843
WALL 21236277 1 0 1706908844
WALL 21236277 1 0 1706908845
WALL 21236277 1 0 1706908846
WALL 21236277 1 0 1706908847
WALL 21236277 1 0 1706908848
WALL 21236277 1 0 1706908849
WALL 21236277 1 0 1706908850
WALL 21236277 1 0 1706908851
WALL 21236277 1 0 1706908852
WALL 21236277 1 0 1706908853
WALL 21236277 1 0 1706908854
WALL 21236277 1 0 1706908855
WALL 21236277 1 0 1706908856
WALL 21236277 1 0 1706908857
WALL 21236277 1 0 1706908858
WALL 21236277 1 0 1706908859
WALL 21236277 1 0 1706908860
WALL 21236277 1 0 1706908861
WALL 21236277 1 0 1706908862
WALL 21236277 1 0 1706908863
WALL 21236277 1 0 1706908864
WALL 21236277 1 0 1706908865
WALL 21236277 1 0 1706908866
WALL 21236277 1 0 1706908867
WALL 21236277 1 0 1706908868
WALL 21236277 1 0 1706908869
WALL 21236277 1 0 1706908870
WALL 21236277 1 0 1706908871
WALL 21236277 1 0 1706908872
WALL 21236277 1 0 1706908873
WALL 21236277 1 0 1706908874
WALL 21236277 1 0 1706908875
WALL 21236277 1 0 1706908876
WALL 21236277 1 0 1706908877
WALL 21236277 1 0 1706908878
WALL 21236277 1 0 1706908879
WALL 21236277 1 0 1706908880
WALL 21236277 1 0 1706908881
WALL 21236277 1 0 1706908882
WALL 21236277 1 0 1706908883
WALL 21236277 1 0 1706908884
WALL 21236277 1 0 1706908885
WALL 21236277 1 0 1706908886
WALL 21236277 1 0 1706908887
WALL 21236277 1 0 1706908888
WALL 21236277 1 0 1706908889
WALL 21236277 1 0 1706908890
WALL 21236277 1 0 1706908891
WALL 21236277 1 0 1706908892
WALL 21236277 1 0 1706908893
WALL 21236277 1 0 1706908894
WALL 21236277 1 0 1706908895
WALL 21236277 1 0 1706908896
WALL 21236277 1 0 1706908897
WALL 21236277 1 0 1706908898
WALL 21236277 1 0 1706908899
WALL 21236277 1 0 1706908900
WALL 21236277 1 0 1706908901
WALL 21236277 1 0 1706908902
WALL 21236277 1 0 1706908903
WALL 21236277 1 0 1706908904
WALL 21236277 1 0 1706908905
WALL 21236277 1 0 1706908906
WALL 21236277 1 0 1706908907
WALL 21236277 1 0 1706908908
WALL 21236277 1 0 1706908909
WALL 21236277 1 0 1706908910
WALL 21236277 1 0 1706908911
WALL 21236277 1 0 1706908912
WALL 21236277 1 0 1706908913
WALL 21236277 1 0 1706908914
WALL 21236277 1 0 1706908915
WALL 21236277 1 0 1706908916
WALL 21236277 1 0 1706908917
WALL 21236277 1 0 1706908918
WALL 21236277 1 0 1706908919
WALL 21236277 1 0 1706908920
WALL 21236277 1 0 1706908921
WALL 21236277 1 0 1706908922
WALL 21236277 1 0 1706908923
WALL 21236277 1 0 1706908924
WALL 21236277 1 0 1706908925
WALL 21236277 1 0 1706908926
WALL 21236277 1 0 1706908927
WALL 21236277 1 0 1706908928
WALL 21236277 1 0 1706908929
WALL 21236277 1 0 1706908930
WALL 21236277 1 0 1706908931
WALL 21236277 1 0 1706908932
WALL 21236277 1 0 1706908933
WALL 21236277 1 0 1706908934
WALL 21236277 1 0 1706908935
WALL 21236277 1 0 1706908936
WALL 21236277 1 0 1706908937
WALL 21236277 1 0 1706908938
WALL 21236277 1 0 1706908939
WALL 21236277 1 0 1706908940
WALL 21236277 1 0 1706908941
WALL 21236277 1 0 1706908942
WALL 21236277 1 0 1706908943
WALL 21236277 1 0 1706908944
WALL 21236277 1 0 1706908945
WALL 21236277 1 0 1706908946
WALL 21236277 1 0 1706908947
WALL 21236277 1 0 1706908948
WALL 21236277 1 0 1706908949
WALL 21236277 1 0 1706908950
WALL 21236277 1 0 1706908951
WALL 21236277 1 0 1706908952
WALL 21236277 1 0 1706908953
WALL 21236277 1 0 1706908954
WALL 21236277 1 0 1706908955
WALL 21236277 1 0 1706908956
WALL 21236277 1 0 1706908957
WALL 21236277 1 0 1706908958
WALL 21236277 1 0 1706908959
WALL 21236277 1 0 1706908960
WALL 21236277 1 0 1706908961
WALL 21236277 1 0 1706908962
WALL 21236277 1 0 1706908963
WALL 21236277 1 0 1706908964
WALL 21236277 1 0 1706908965
WALL 21236277 1 0 1706908966
WALL 21236277 1 0 1706908967
WALL 21236277 1 0 1706908968
WALL 21236277 1 0 1706908969
WALL 21236277 1 0 1706908970
WALL 21236277 1 0 1706908971
WALL 21236277 1 0 1706908972
WALL 21236277 1 0 1706908973
WALL 21236277 1 0 1706908974
WALL 21236277 1 0 1706908975
WALL 21236277 1 0 1706908976
WALL 21236277 1 0 1706908977
WALL 21236277 1 0 1706908978
WALL 21236277 1 0 1706908979
WALL 21236277 1 0 1706908980
WALL 21236277 1 0 1706908981
WALL 21236277 1 0 1706908982
WALL 21236277 1 0 1706908983
WALL 21236277 1 0 1706908984
WALL 21236277 1 0 1706908985
WALL 21236277 1 0 1706908986
WALL 21236277 1 0 1706908987
WALL 21236277 1 0 1706908988
WALL 21236277 1 0 1706908989
WALL 21236277 1 0 1706908990
WALL 21236277 1 0 1706908991
WALL 21236277 1 0 1706908992
WALL 21236277 1 0 1706908993
WALL 21236277 1 0 1706908994
WALL 21236277 1 0 1706908995
WALL 21236277 1 0 1706908996
WALL 21236277 1 0 1706908997
WALL 21236277 1 0 1706908998
WALL 21236277 1 0 1706908999
WALL 21236277 1 0 1706909000
WALL 21236277 1 0 1706909001
WALL 21236277 1 0 1706909002
WALL 21236277 1 0 1706909003
WALL 21236277 1 0 1706909004
WALL 21236277 1 0 1706909005
WALL 21236277 1 0 1706909006
WALL 21236277 1 0 1706909007
WALL 21236277 1 0 1706909008
WALL 21236277 1 0 1706909009
WALL 21236277 1 0 1706909010
WALL 21236277 1 0 1706909011
WALL 21236277 1 0 1706909012
WALL 21236277 1 0 1706909013
WALL 21236277 1 0 1706909014
WALL 21236277 1 0 1706909015
WALL 21236277 1 0 1706909016
WALL 21236277 1 0 1706909017
WALL 21236277 1 0 1706909018
WALL 21236277 1 0 1706909019
WALL 21236277 1 0 1706909020
WALL 21236277 1 0 1706909021
WALL 21236277 1 0 1706909022
WALL 21236277 1 0 1706909023
WALL 21236277 1 0 1706909024
WALL 21236277 1 0 1706909025
WALL 21236277 1 0 1706909026
WALL 21236277 1 0 1706909027
WALL 21236277 1 0 1706909028
WALL 21236277 1 0 1706909029
WALL 21236277 1 0 1706909030
WALL 21236277 1 0 1706909031
WALL 21236277 1 0 1706909032
WALL 21236277 1 0 1706909033
WALL 21236277 1 0 1706909034
WALL 21236277 1 0 1706909035
WALL 21236277 1 0 1706909036
WALL 21236277 1 0 1706909037
WALL 21236277 1 0 1706909038
WALL 21236277 1 0 1706909039
WALL 21236277 1 0 1706909040
WALL 21236277 1 0 1706909041
WALL 21236277 1 0 1706909042
WALL 21236277 1 0 1706909043
WALL 21236277 1 0 1706909044
WALL 21236277 1 0 1706909045
WALL 21236277 1 0 1706909046
WALL 21236277 1 0 1706909047
WALL 21236277 1 0 1706909048
WALL 21236277 1 0 1706909049
WALL 21236277 1 0 1706909050
WALL 21236277 1 0 1706909051
WALL 21236277 1 0 1706909052
WALL 21236277 1 0 1706909053
WALL 21236277 1 0 1706909054
WALL 21236277 1 0 1706909055
WALL 21236277 1 0 1706909056
WALL 21236277 1 0 1706909057
WALL 21236277 1 0 1706909058
WALL 21236277 1 0 1706909059
WALL 21236277 1 0 1706909060
WALL 21236277 1 0 1706909061
WALL 21236277 1 0 1706909062
WALL 21236277 1 0 1706909063
WALL 21236277 1 0 1706909064
WALL 21236277 1 0 1706909065
WALL 21236277 1 0 1706909066
WALL 21236277 1 0 1706909067
WALL 21236277 1 0 1706909068
WALL 21236277 1 0 1706909069
WALL 21236277 1 0 1706909070
WALL 21236277 1 0 1706909071
WALL 21236277 1 0 1706909072
WALL 21236277 1 0 1706909073
WALL 21236277 1 0 1706909074
WALL 21236277 1 0 1706909075
WALL 21236277 1 0 1706909076
WALL 21236277 1 0 1706909077
WALL 21236277 1 0 1706909078
WALL 21236277 1 0 1706909079
WALL 21236277 1 0 1706909080
WALL 21236277 1 0 1706909081
WALL 21236277 1 0 1706909082
WALL 21236277 1 0 1706909083
WALL 21236277 1 0 1706909084
WALL 21236277 1 0 1706909085
WALL 21236277 1 0 1706909086
WALL 21236277 1 0 1706909087
WALL 21236277 1 0 1706909088
WALL 21236277 1 0 1706909089
WALL 21236277 1 0 1706909090
WALL 21236277 1 0 1706909091
WALL 21236277 1 0 1706909092
WALL 21236277 1 0 1706909093
WALL 21236277 1 0 1706909094
WALL 21236277 1 0 1706909095
WALL 21236277 1 0 1706909096
WALL 21236277 1 0 1706909097
WALL 21236277 1 0 1706909098
WALL 21236277 1 0 1706909099
WALL 21236277 1 0 1706909100
WALL 21236277 1 0 1706909101
WALL 21236277 1 0 1706909102
WALL 21236277 1 0 1706909103
WALL 21236277 1 0 1706909104
WALL 21236277 1 0 1706909105
WALL 21236277 1 0 1706909106
WALL 21236277 1 0 1706909107
WALL 21236277 1 0 1706909108
WALL 21236277 1 0 1706909109
WALL 21236277 1 0 1706909110
WALL 21236277 1 0 1706909111
WALL 21236277 1 0 1706909112
WALL 21236277 1 0 1706909113
WALL 21236277 1 0 1706909114
WALL 21236277 1 0 1706909115
WALL 21236277 1 0 1706909116
slurmstepd: error: *** STEP 21236277.0 ON nid200040 CANCELLED AT 2024-02-02T21:25:17 ***
received SIGTERM 1706909117
WALL 21236277 1 0 1706909117
received SIGCONT 1706909117
WALL 21236277 1 0 1706909117
WALL 21236277 1 0 1706909118
WALL 21236277 1 0 1706909119
WALL 21236277 1 0 1706909120
WALL 21236277 1 0 1706909121
WALL 21236277 1 0 1706909122
WALL 21236277 1 0 1706909123
WALL 21236277 1 0 1706909124
WALL 21236277 1 0 1706909125
WALL 21236277 1 0 1706909126
WALL 21236277 1 0 1706909127
WALL 21236277 1 0 1706909128
WALL 21236277 1 0 1706909129
WALL 21236277 1 0 1706909130
WALL 21236277 1 0 1706909131
WALL 21236277 1 0 1706909132
WALL 21236277 1 0 1706909133
WALL 21236277 1 0 1706909134
WALL 21236277 1 0 1706909135
WALL 21236277 1 0 1706909136
WALL 21236277 1 0 1706909137
WALL 21236277 1 0 1706909138
WALL 21236277 1 0 1706909139
WALL 21236277 1 0 1706909140
WALL 21236277 1 0 1706909141
WALL 21236277 1 0 1706909142
WALL 21236277 1 0 1706909143
WALL 21236277 1 0 1706909144
WALL 21236277 1 0 1706909145
WALL 21236277 1 0 1706909146
WALL 21236277 1 0 1706909147
WALL 21236277 1 0 1706909148
WALL 21236277 1 0 1706909149
WALL 21236277 1 0 1706909150
WALL 21236277 1 0 1706909151
WALL 21236277 1 0 1706909152
WALL 21236277 1 0 1706909153
WALL 21236277 1 0 1706909154
WALL 21236277 1 0 1706909155
WALL 21236277 1 0 1706909156
WALL 21236277 1 0 1706909157
WALL 21236277 1 0 1706909158
WALL 21236277 1 0 1706909159
WALL 21236277 1 0 1706909160
WALL 21236277 1 0 1706909161
WALL 21236277 1 0 1706909162
WALL 21236277 1 0 1706909163
WALL 21236277 1 0 1706909164
WALL 21236277 1 0 1706909165
WALL 21236277 1 0 1706909166
WALL 21236277 1 0 1706909167
WALL 21236277 1 0 1706909168
WALL 21236277 1 0 1706909169
WALL 21236277 1 0 1706909170
WALL 21236277 1 0 1706909171
WALL 21236277 1 0 1706909172
WALL 21236277 1 0 1706909173
WALL 21236277 1 0 1706909174
WALL 21236277 1 0 1706909175
WALL 21236277 1 0 1706909176
WALL 21236277 1 0 1706909177
WALL 21236277 1 0 1706909178
WALL 21236277 1 0 1706909179
WALL 21236277 1 0 1706909180
WALL 21236277 1 0 1706909181
WALL 21236277 1 0 1706909182
WALL 21236277 1 0 1706909183
WALL 21236277 1 0 1706909184
WALL 21236277 1 0 1706909185
WALL 21236277 1 0 1706909186
WALL 21236277 1 0 1706909187
WALL 21236277 1 0 1706909188
WALL 21236277 1 0 1706909189
WALL 21236277 1 0 1706909190
WALL 21236277 1 0 1706909191
WALL 21236277 1 0 1706909192
WALL 21236277 1 0 1706909193
WALL 21236277 1 0 1706909194
WALL 21236277 1 0 1706909195
WALL 21236277 1 0 1706909196
WALL 21236277 1 0 1706909197
WALL 21236277 1 0 1706909198
WALL 21236277 1 0 1706909199
WALL 21236277 1 0 1706909200
WALL 21236277 1 0 1706909201
WALL 21236277 1 0 1706909202
WALL 21236277 1 0 1706909203
WALL 21236277 1 0 1706909204
WALL 21236277 1 0 1706909205
WALL 21236277 1 0 1706909206
WALL 21236277 1 0 1706909207
WALL 21236277 1 0 1706909208
WALL 21236277 1 0 1706909209
WALL 21236277 1 0 1706909210
WALL 21236277 1 0 1706909211
WALL 21236277 1 0 1706909212
WALL 21236277 1 0 1706909213
WALL 21236277 1 0 1706909214
WALL 21236277 1 0 1706909215
WALL 21236277 1 0 1706909216
WALL 21236277 1 0 1706909217
WALL 21236277 1 0 1706909218
WALL 21236277 1 0 1706909219
WALL 21236277 1 0 1706909220
WALL 21236277 1 0 1706909221
WALL 21236277 1 0 1706909222
WALL 21236277 1 0 1706909223
WALL 21236277 1 0 1706909224
WALL 21236277 1 0 1706909225
WALL 21236277 1 0 1706909226
WALL 21236277 1 0 1706909227
WALL 21236277 1 0 1706909228
WALL 21236277 1 0 1706909229
WALL 21236277 1 0 1706909230
WALL 21236277 1 0 1706909231
WALL 21236277 1 0 1706909232
WALL 21236277 1 0 1706909233
WALL 21236277 1 0 1706909234
WALL 21236277 1 0 1706909235
WALL 21236277 1 0 1706909236
WALL 21236277 1 0 1706909237
WALL 21236277 1 0 1706909238
WALL 21236277 1 0 1706909239
WALL 21236277 1 0 1706909240
WALL 21236277 1 0 1706909241
WALL 21236277 1 0 1706909242
WALL 21236277 1 0 1706909243
WALL 21236277 1 0 1706909244
WALL 21236277 1 0 1706909245
WALL 21236277 1 0 1706909246
WALL 21236277 1 0 1706909247
WALL 21236277 1 0 1706909248
WALL 21236277 1 0 1706909249
WALL 21236277 1 0 1706909250
WALL 21236277 1 0 1706909251
WALL 21236277 1 0 1706909252
WALL 21236277 1 0 1706909253
WALL 21236277 1 0 1706909254
WALL 21236277 1 0 1706909255
WALL 21236277 1 0 1706909256
WALL 21236277 1 0 1706909257
WALL 21236277 1 0 1706909258
slurmstepd: error: *** JOB 21236277 ON nid200040 CANCELLED AT 2024-02-02T21:27:38 DUE TO PREEMPTION ***
received SIGTERM 1706909258
WALL 21236277 1 0 1706909258
received SIGCONT 1706909258
WALL 21236277 1 0 1706909258
received SIGTERM 1706909258
WALL 21236277 1 0 1706909258
