srun: warning: can't run 1 processes on 4 nodes, setting nnodes to 1
WALL 21195410 1 0 1706813630
WALL 21195410 1 0 1706813631
WALL 21195410 1 0 1706813632
WALL 21195410 1 0 1706813633
WALL 21195410 1 0 1706813634
WALL 21195410 1 0 1706813635
WALL 21195410 1 0 1706813636
WALL 21195410 1 0 1706813637
WALL 21195410 1 0 1706813638
WALL 21195410 1 0 1706813639
WALL 21195410 1 0 1706813640
WALL 21195410 1 0 1706813641
WALL 21195410 1 0 1706813642
WALL 21195410 1 0 1706813643
WALL 21195410 1 0 1706813644
WALL 21195410 1 0 1706813645
WALL 21195410 1 0 1706813646
WALL 21195410 1 0 1706813647
WALL 21195410 1 0 1706813648
WALL 21195410 1 0 1706813649
WALL 21195410 1 0 1706813650
WALL 21195410 1 0 1706813651
WALL 21195410 1 0 1706813652
WALL 21195410 1 0 1706813653
WALL 21195410 1 0 1706813654
WALL 21195410 1 0 1706813655
WALL 21195410 1 0 1706813656
WALL 21195410 1 0 1706813657
WALL 21195410 1 0 1706813658
WALL 21195410 1 0 1706813659
WALL 21195410 1 0 1706813660
WALL 21195410 1 0 1706813661
WALL 21195410 1 0 1706813662
WALL 21195410 1 0 1706813663
WALL 21195410 1 0 1706813664
WALL 21195410 1 0 1706813665
WALL 21195410 1 0 1706813666
WALL 21195410 1 0 1706813667
WALL 21195410 1 0 1706813668
WALL 21195410 1 0 1706813669
WALL 21195410 1 0 1706813670
WALL 21195410 1 0 1706813671
WALL 21195410 1 0 1706813672
WALL 21195410 1 0 1706813673
WALL 21195410 1 0 1706813674
WALL 21195410 1 0 1706813675
WALL 21195410 1 0 1706813676
WALL 21195410 1 0 1706813677
WALL 21195410 1 0 1706813678
WALL 21195410 1 0 1706813679
WALL 21195410 1 0 1706813680
WALL 21195410 1 0 1706813681
WALL 21195410 1 0 1706813682
WALL 21195410 1 0 1706813683
WALL 21195410 1 0 1706813684
WALL 21195410 1 0 1706813685
WALL 21195410 1 0 1706813686
WALL 21195410 1 0 1706813687
WALL 21195410 1 0 1706813688
WALL 21195410 1 0 1706813689
WALL 21195410 1 0 1706813690
WALL 21195410 1 0 1706813691
WALL 21195410 1 0 1706813692
WALL 21195410 1 0 1706813693
WALL 21195410 1 0 1706813694
WALL 21195410 1 0 1706813695
WALL 21195410 1 0 1706813696
WALL 21195410 1 0 1706813697
WALL 21195410 1 0 1706813698
WALL 21195410 1 0 1706813699
WALL 21195410 1 0 1706813700
WALL 21195410 1 0 1706813701
WALL 21195410 1 0 1706813702
WALL 21195410 1 0 1706813703
WALL 21195410 1 0 1706813704
WALL 21195410 1 0 1706813705
WALL 21195410 1 0 1706813706
WALL 21195410 1 0 1706813707
WALL 21195410 1 0 1706813708
WALL 21195410 1 0 1706813709
WALL 21195410 1 0 1706813710
WALL 21195410 1 0 1706813711
WALL 21195410 1 0 1706813712
WALL 21195410 1 0 1706813713
WALL 21195410 1 0 1706813714
WALL 21195410 1 0 1706813715
WALL 21195410 1 0 1706813716
WALL 21195410 1 0 1706813717
WALL 21195410 1 0 1706813718
WALL 21195410 1 0 1706813719
WALL 21195410 1 0 1706813720
WALL 21195410 1 0 1706813721
WALL 21195410 1 0 1706813722
WALL 21195410 1 0 1706813723
WALL 21195410 1 0 1706813724
WALL 21195410 1 0 1706813725
WALL 21195410 1 0 1706813726
WALL 21195410 1 0 1706813727
WALL 21195410 1 0 1706813728
WALL 21195410 1 0 1706813729
WALL 21195410 1 0 1706813730
WALL 21195410 1 0 1706813731
WALL 21195410 1 0 1706813732
WALL 21195410 1 0 1706813733
WALL 21195410 1 0 1706813734
WALL 21195410 1 0 1706813735
WALL 21195410 1 0 1706813736
slurmstepd: error: *** STEP 21195410.0 ON nid200051 CANCELLED AT 2024-02-01T18:55:37 ***
received SIGTERM 1706813737
WALL 21195410 1 0 1706813737
received SIGCONT 1706813737
WALL 21195410 1 0 1706813737
WALL 21195410 1 0 1706813738
WALL 21195410 1 0 1706813739
WALL 21195410 1 0 1706813740
WALL 21195410 1 0 1706813741
WALL 21195410 1 0 1706813742
WALL 21195410 1 0 1706813743
WALL 21195410 1 0 1706813744
WALL 21195410 1 0 1706813745
WALL 21195410 1 0 1706813746
WALL 21195410 1 0 1706813747
WALL 21195410 1 0 1706813748
WALL 21195410 1 0 1706813749
WALL 21195410 1 0 1706813750
WALL 21195410 1 0 1706813751
WALL 21195410 1 0 1706813752
WALL 21195410 1 0 1706813753
WALL 21195410 1 0 1706813754
WALL 21195410 1 0 1706813755
WALL 21195410 1 0 1706813756
WALL 21195410 1 0 1706813757
WALL 21195410 1 0 1706813758
WALL 21195410 1 0 1706813759
WALL 21195410 1 0 1706813760
WALL 21195410 1 0 1706813761
WALL 21195410 1 0 1706813762
WALL 21195410 1 0 1706813763
WALL 21195410 1 0 1706813764
WALL 21195410 1 0 1706813765
WALL 21195410 1 0 1706813766
WALL 21195410 1 0 1706813767
WALL 21195410 1 0 1706813768
WALL 21195410 1 0 1706813769
WALL 21195410 1 0 1706813770
WALL 21195410 1 0 1706813771
WALL 21195410 1 0 1706813772
WALL 21195410 1 0 1706813773
WALL 21195410 1 0 1706813774
WALL 21195410 1 0 1706813775
WALL 21195410 1 0 1706813776
WALL 21195410 1 0 1706813777
WALL 21195410 1 0 1706813778
WALL 21195410 1 0 1706813779
WALL 21195410 1 0 1706813780
WALL 21195410 1 0 1706813781
WALL 21195410 1 0 1706813782
WALL 21195410 1 0 1706813783
WALL 21195410 1 0 1706813784
WALL 21195410 1 0 1706813785
WALL 21195410 1 0 1706813786
WALL 21195410 1 0 1706813787
WALL 21195410 1 0 1706813788
WALL 21195410 1 0 1706813789
WALL 21195410 1 0 1706813790
WALL 21195410 1 0 1706813791
WALL 21195410 1 0 1706813792
WALL 21195410 1 0 1706813793
WALL 21195410 1 0 1706813794
WALL 21195410 1 0 1706813795
WALL 21195410 1 0 1706813796
WALL 21195410 1 0 1706813797
WALL 21195410 1 0 1706813798
WALL 21195410 1 0 1706813799
WALL 21195410 1 0 1706813800
WALL 21195410 1 0 1706813801
WALL 21195410 1 0 1706813802
WALL 21195410 1 0 1706813803
WALL 21195410 1 0 1706813804
WALL 21195410 1 0 1706813805
WALL 21195410 1 0 1706813806
WALL 21195410 1 0 1706813807
WALL 21195410 1 0 1706813808
WALL 21195410 1 0 1706813809
WALL 21195410 1 0 1706813810
WALL 21195410 1 0 1706813811
slurmstepd: error: *** JOB 21195410 ON nid200051 CANCELLED AT 2024-02-01T18:56:51 DUE TO PREEMPTION ***
received SIGTERM 1706813811
WALL 21195410 1 0 1706813811
received SIGCONT 1706813811
WALL 21195410 1 0 1706813811
received SIGTERM 1706813811
WALL 21195410 1 0 1706813811
