srun: warning: can't run 1 processes on 8 nodes, setting nnodes to 1
WALL 21203757 1 0 1706818245
WALL 21203757 1 0 1706818246
WALL 21203757 1 0 1706818247
WALL 21203757 1 0 1706818248
WALL 21203757 1 0 1706818249
WALL 21203757 1 0 1706818250
WALL 21203757 1 0 1706818251
WALL 21203757 1 0 1706818252
WALL 21203757 1 0 1706818253
WALL 21203757 1 0 1706818254
WALL 21203757 1 0 1706818255
WALL 21203757 1 0 1706818256
WALL 21203757 1 0 1706818257
WALL 21203757 1 0 1706818258
WALL 21203757 1 0 1706818259
WALL 21203757 1 0 1706818260
WALL 21203757 1 0 1706818261
WALL 21203757 1 0 1706818262
WALL 21203757 1 0 1706818263
WALL 21203757 1 0 1706818264
WALL 21203757 1 0 1706818265
WALL 21203757 1 0 1706818266
WALL 21203757 1 0 1706818267
WALL 21203757 1 0 1706818268
WALL 21203757 1 0 1706818269
WALL 21203757 1 0 1706818270
WALL 21203757 1 0 1706818271
WALL 21203757 1 0 1706818272
WALL 21203757 1 0 1706818273
WALL 21203757 1 0 1706818274
WALL 21203757 1 0 1706818275
WALL 21203757 1 0 1706818276
WALL 21203757 1 0 1706818277
WALL 21203757 1 0 1706818278
WALL 21203757 1 0 1706818279
WALL 21203757 1 0 1706818280
WALL 21203757 1 0 1706818281
WALL 21203757 1 0 1706818282
WALL 21203757 1 0 1706818283
WALL 21203757 1 0 1706818284
WALL 21203757 1 0 1706818285
WALL 21203757 1 0 1706818286
WALL 21203757 1 0 1706818287
WALL 21203757 1 0 1706818288
WALL 21203757 1 0 1706818289
WALL 21203757 1 0 1706818290
WALL 21203757 1 0 1706818291
WALL 21203757 1 0 1706818292
WALL 21203757 1 0 1706818293
WALL 21203757 1 0 1706818294
WALL 21203757 1 0 1706818295
WALL 21203757 1 0 1706818296
WALL 21203757 1 0 1706818297
WALL 21203757 1 0 1706818298
WALL 21203757 1 0 1706818299
WALL 21203757 1 0 1706818300
WALL 21203757 1 0 1706818301
WALL 21203757 1 0 1706818302
WALL 21203757 1 0 1706818303
WALL 21203757 1 0 1706818304
WALL 21203757 1 0 1706818305
WALL 21203757 1 0 1706818306
WALL 21203757 1 0 1706818307
WALL 21203757 1 0 1706818308
WALL 21203757 1 0 1706818309
WALL 21203757 1 0 1706818310
WALL 21203757 1 0 1706818311
WALL 21203757 1 0 1706818312
WALL 21203757 1 0 1706818313
WALL 21203757 1 0 1706818314
WALL 21203757 1 0 1706818315
WALL 21203757 1 0 1706818316
WALL 21203757 1 0 1706818317
WALL 21203757 1 0 1706818318
WALL 21203757 1 0 1706818319
WALL 21203757 1 0 1706818320
WALL 21203757 1 0 1706818321
WALL 21203757 1 0 1706818322
WALL 21203757 1 0 1706818323
WALL 21203757 1 0 1706818324
WALL 21203757 1 0 1706818325
WALL 21203757 1 0 1706818326
WALL 21203757 1 0 1706818327
WALL 21203757 1 0 1706818328
WALL 21203757 1 0 1706818329
WALL 21203757 1 0 1706818330
WALL 21203757 1 0 1706818331
WALL 21203757 1 0 1706818332
WALL 21203757 1 0 1706818333
WALL 21203757 1 0 1706818334
WALL 21203757 1 0 1706818335
WALL 21203757 1 0 1706818336
WALL 21203757 1 0 1706818337
WALL 21203757 1 0 1706818338
WALL 21203757 1 0 1706818339
WALL 21203757 1 0 1706818340
WALL 21203757 1 0 1706818341
WALL 21203757 1 0 1706818342
WALL 21203757 1 0 1706818343
WALL 21203757 1 0 1706818344
WALL 21203757 1 0 1706818345
WALL 21203757 1 0 1706818346
WALL 21203757 1 0 1706818347
WALL 21203757 1 0 1706818348
WALL 21203757 1 0 1706818349
WALL 21203757 1 0 1706818350
WALL 21203757 1 0 1706818351
WALL 21203757 1 0 1706818352
WALL 21203757 1 0 1706818353
WALL 21203757 1 0 1706818354
WALL 21203757 1 0 1706818355
WALL 21203757 1 0 1706818356
WALL 21203757 1 0 1706818357
WALL 21203757 1 0 1706818358
WALL 21203757 1 0 1706818359
WALL 21203757 1 0 1706818360
WALL 21203757 1 0 1706818361
WALL 21203757 1 0 1706818362
WALL 21203757 1 0 1706818363
WALL 21203757 1 0 1706818364
WALL 21203757 1 0 1706818365
WALL 21203757 1 0 1706818366
WALL 21203757 1 0 1706818367
WALL 21203757 1 0 1706818368
WALL 21203757 1 0 1706818369
WALL 21203757 1 0 1706818370
WALL 21203757 1 0 1706818371
WALL 21203757 1 0 1706818372
WALL 21203757 1 0 1706818373
WALL 21203757 1 0 1706818374
WALL 21203757 1 0 1706818375
WALL 21203757 1 0 1706818376
WALL 21203757 1 0 1706818377
WALL 21203757 1 0 1706818378
WALL 21203757 1 0 1706818379
WALL 21203757 1 0 1706818380
WALL 21203757 1 0 1706818381
WALL 21203757 1 0 1706818382
WALL 21203757 1 0 1706818383
WALL 21203757 1 0 1706818384
WALL 21203757 1 0 1706818385
WALL 21203757 1 0 1706818386
WALL 21203757 1 0 1706818387
WALL 21203757 1 0 1706818388
WALL 21203757 1 0 1706818389
WALL 21203757 1 0 1706818390
WALL 21203757 1 0 1706818391
WALL 21203757 1 0 1706818392
WALL 21203757 1 0 1706818393
WALL 21203757 1 0 1706818394
WALL 21203757 1 0 1706818395
WALL 21203757 1 0 1706818396
WALL 21203757 1 0 1706818397
WALL 21203757 1 0 1706818398
WALL 21203757 1 0 1706818399
WALL 21203757 1 0 1706818400
WALL 21203757 1 0 1706818401
WALL 21203757 1 0 1706818402
WALL 21203757 1 0 1706818403
WALL 21203757 1 0 1706818404
WALL 21203757 1 0 1706818405
WALL 21203757 1 0 1706818406
WALL 21203757 1 0 1706818407
WALL 21203757 1 0 1706818408
WALL 21203757 1 0 1706818409
WALL 21203757 1 0 1706818410
WALL 21203757 1 0 1706818411
WALL 21203757 1 0 1706818412
WALL 21203757 1 0 1706818413
WALL 21203757 1 0 1706818414
WALL 21203757 1 0 1706818415
WALL 21203757 1 0 1706818416
WALL 21203757 1 0 1706818417
WALL 21203757 1 0 1706818418
WALL 21203757 1 0 1706818419
WALL 21203757 1 0 1706818420
WALL 21203757 1 0 1706818421
WALL 21203757 1 0 1706818422
WALL 21203757 1 0 1706818423
WALL 21203757 1 0 1706818424
WALL 21203757 1 0 1706818425
WALL 21203757 1 0 1706818426
WALL 21203757 1 0 1706818427
WALL 21203757 1 0 1706818428
WALL 21203757 1 0 1706818429
WALL 21203757 1 0 1706818430
WALL 21203757 1 0 1706818431
WALL 21203757 1 0 1706818432
WALL 21203757 1 0 1706818433
WALL 21203757 1 0 1706818434
WALL 21203757 1 0 1706818435
WALL 21203757 1 0 1706818436
WALL 21203757 1 0 1706818437
WALL 21203757 1 0 1706818438
WALL 21203757 1 0 1706818439
WALL 21203757 1 0 1706818440
WALL 21203757 1 0 1706818441
WALL 21203757 1 0 1706818442
WALL 21203757 1 0 1706818443
WALL 21203757 1 0 1706818444
WALL 21203757 1 0 1706818445
WALL 21203757 1 0 1706818446
WALL 21203757 1 0 1706818447
WALL 21203757 1 0 1706818448
WALL 21203757 1 0 1706818449
WALL 21203757 1 0 1706818450
WALL 21203757 1 0 1706818451
WALL 21203757 1 0 1706818452
WALL 21203757 1 0 1706818453
WALL 21203757 1 0 1706818454
WALL 21203757 1 0 1706818455
WALL 21203757 1 0 1706818456
WALL 21203757 1 0 1706818457
WALL 21203757 1 0 1706818458
WALL 21203757 1 0 1706818459
WALL 21203757 1 0 1706818460
WALL 21203757 1 0 1706818461
WALL 21203757 1 0 1706818462
WALL 21203757 1 0 1706818463
WALL 21203757 1 0 1706818464
WALL 21203757 1 0 1706818465
WALL 21203757 1 0 1706818466
WALL 21203757 1 0 1706818467
WALL 21203757 1 0 1706818468
WALL 21203757 1 0 1706818469
WALL 21203757 1 0 1706818470
WALL 21203757 1 0 1706818471
WALL 21203757 1 0 1706818472
WALL 21203757 1 0 1706818473
WALL 21203757 1 0 1706818474
WALL 21203757 1 0 1706818475
WALL 21203757 1 0 1706818476
WALL 21203757 1 0 1706818477
WALL 21203757 1 0 1706818478
WALL 21203757 1 0 1706818479
WALL 21203757 1 0 1706818480
WALL 21203757 1 0 1706818481
WALL 21203757 1 0 1706818482
WALL 21203757 1 0 1706818483
WALL 21203757 1 0 1706818484
WALL 21203757 1 0 1706818485
WALL 21203757 1 0 1706818486
WALL 21203757 1 0 1706818487
WALL 21203757 1 0 1706818488
WALL 21203757 1 0 1706818489
WALL 21203757 1 0 1706818490
WALL 21203757 1 0 1706818491
WALL 21203757 1 0 1706818492
WALL 21203757 1 0 1706818493
WALL 21203757 1 0 1706818494
WALL 21203757 1 0 1706818495
WALL 21203757 1 0 1706818496
WALL 21203757 1 0 1706818497
WALL 21203757 1 0 1706818498
WALL 21203757 1 0 1706818499
WALL 21203757 1 0 1706818500
WALL 21203757 1 0 1706818501
WALL 21203757 1 0 1706818503
WALL 21203757 1 0 1706818504
WALL 21203757 1 0 1706818505
WALL 21203757 1 0 1706818506
WALL 21203757 1 0 1706818507
WALL 21203757 1 0 1706818508
WALL 21203757 1 0 1706818509
WALL 21203757 1 0 1706818510
WALL 21203757 1 0 1706818511
WALL 21203757 1 0 1706818512
WALL 21203757 1 0 1706818513
WALL 21203757 1 0 1706818514
WALL 21203757 1 0 1706818515
WALL 21203757 1 0 1706818516
WALL 21203757 1 0 1706818517
WALL 21203757 1 0 1706818518
WALL 21203757 1 0 1706818519
WALL 21203757 1 0 1706818520
WALL 21203757 1 0 1706818521
WALL 21203757 1 0 1706818522
WALL 21203757 1 0 1706818523
WALL 21203757 1 0 1706818524
WALL 21203757 1 0 1706818525
WALL 21203757 1 0 1706818526
WALL 21203757 1 0 1706818527
WALL 21203757 1 0 1706818528
WALL 21203757 1 0 1706818529
WALL 21203757 1 0 1706818530
WALL 21203757 1 0 1706818531
WALL 21203757 1 0 1706818532
WALL 21203757 1 0 1706818533
WALL 21203757 1 0 1706818534
WALL 21203757 1 0 1706818535
WALL 21203757 1 0 1706818536
WALL 21203757 1 0 1706818537
WALL 21203757 1 0 1706818538
WALL 21203757 1 0 1706818539
WALL 21203757 1 0 1706818540
WALL 21203757 1 0 1706818541
WALL 21203757 1 0 1706818542
WALL 21203757 1 0 1706818543
WALL 21203757 1 0 1706818544
WALL 21203757 1 0 1706818545
WALL 21203757 1 0 1706818546
WALL 21203757 1 0 1706818547
WALL 21203757 1 0 1706818548
WALL 21203757 1 0 1706818549
WALL 21203757 1 0 1706818550
WALL 21203757 1 0 1706818551
WALL 21203757 1 0 1706818552
WALL 21203757 1 0 1706818553
WALL 21203757 1 0 1706818554
WALL 21203757 1 0 1706818555
WALL 21203757 1 0 1706818556
WALL 21203757 1 0 1706818557
WALL 21203757 1 0 1706818558
WALL 21203757 1 0 1706818559
WALL 21203757 1 0 1706818560
WALL 21203757 1 0 1706818561
WALL 21203757 1 0 1706818562
WALL 21203757 1 0 1706818563
WALL 21203757 1 0 1706818564
WALL 21203757 1 0 1706818565
WALL 21203757 1 0 1706818566
WALL 21203757 1 0 1706818567
WALL 21203757 1 0 1706818568
WALL 21203757 1 0 1706818569
WALL 21203757 1 0 1706818570
WALL 21203757 1 0 1706818571
WALL 21203757 1 0 1706818572
WALL 21203757 1 0 1706818573
WALL 21203757 1 0 1706818574
WALL 21203757 1 0 1706818575
WALL 21203757 1 0 1706818576
WALL 21203757 1 0 1706818577
WALL 21203757 1 0 1706818578
WALL 21203757 1 0 1706818579
WALL 21203757 1 0 1706818580
WALL 21203757 1 0 1706818581
WALL 21203757 1 0 1706818582
WALL 21203757 1 0 1706818583
WALL 21203757 1 0 1706818584
WALL 21203757 1 0 1706818585
WALL 21203757 1 0 1706818586
WALL 21203757 1 0 1706818587
WALL 21203757 1 0 1706818588
WALL 21203757 1 0 1706818589
WALL 21203757 1 0 1706818590
WALL 21203757 1 0 1706818591
WALL 21203757 1 0 1706818592
WALL 21203757 1 0 1706818593
WALL 21203757 1 0 1706818594
WALL 21203757 1 0 1706818595
WALL 21203757 1 0 1706818596
WALL 21203757 1 0 1706818597
WALL 21203757 1 0 1706818598
WALL 21203757 1 0 1706818599
WALL 21203757 1 0 1706818600
WALL 21203757 1 0 1706818601
WALL 21203757 1 0 1706818602
WALL 21203757 1 0 1706818603
WALL 21203757 1 0 1706818604
WALL 21203757 1 0 1706818605
WALL 21203757 1 0 1706818606
WALL 21203757 1 0 1706818607
WALL 21203757 1 0 1706818608
WALL 21203757 1 0 1706818609
WALL 21203757 1 0 1706818610
WALL 21203757 1 0 1706818611
WALL 21203757 1 0 1706818612
WALL 21203757 1 0 1706818613
WALL 21203757 1 0 1706818614
WALL 21203757 1 0 1706818615
WALL 21203757 1 0 1706818616
WALL 21203757 1 0 1706818617
WALL 21203757 1 0 1706818618
WALL 21203757 1 0 1706818619
WALL 21203757 1 0 1706818620
WALL 21203757 1 0 1706818621
WALL 21203757 1 0 1706818622
WALL 21203757 1 0 1706818623
WALL 21203757 1 0 1706818624
WALL 21203757 1 0 1706818625
WALL 21203757 1 0 1706818626
WALL 21203757 1 0 1706818627
WALL 21203757 1 0 1706818628
WALL 21203757 1 0 1706818629
WALL 21203757 1 0 1706818630
WALL 21203757 1 0 1706818631
WALL 21203757 1 0 1706818632
WALL 21203757 1 0 1706818633
WALL 21203757 1 0 1706818634
WALL 21203757 1 0 1706818635
WALL 21203757 1 0 1706818636
WALL 21203757 1 0 1706818637
WALL 21203757 1 0 1706818638
WALL 21203757 1 0 1706818639
WALL 21203757 1 0 1706818640
WALL 21203757 1 0 1706818641
WALL 21203757 1 0 1706818642
WALL 21203757 1 0 1706818643
WALL 21203757 1 0 1706818644
WALL 21203757 1 0 1706818645
WALL 21203757 1 0 1706818646
WALL 21203757 1 0 1706818647
WALL 21203757 1 0 1706818648
WALL 21203757 1 0 1706818649
WALL 21203757 1 0 1706818650
WALL 21203757 1 0 1706818651
WALL 21203757 1 0 1706818652
WALL 21203757 1 0 1706818653
WALL 21203757 1 0 1706818654
WALL 21203757 1 0 1706818655
WALL 21203757 1 0 1706818656
WALL 21203757 1 0 1706818657
WALL 21203757 1 0 1706818658
WALL 21203757 1 0 1706818659
WALL 21203757 1 0 1706818660
WALL 21203757 1 0 1706818661
WALL 21203757 1 0 1706818662
WALL 21203757 1 0 1706818663
WALL 21203757 1 0 1706818664
WALL 21203757 1 0 1706818665
WALL 21203757 1 0 1706818666
WALL 21203757 1 0 1706818667
WALL 21203757 1 0 1706818668
WALL 21203757 1 0 1706818669
WALL 21203757 1 0 1706818670
WALL 21203757 1 0 1706818671
WALL 21203757 1 0 1706818672
WALL 21203757 1 0 1706818673
WALL 21203757 1 0 1706818674
WALL 21203757 1 0 1706818675
WALL 21203757 1 0 1706818676
WALL 21203757 1 0 1706818677
WALL 21203757 1 0 1706818678
WALL 21203757 1 0 1706818679
WALL 21203757 1 0 1706818680
WALL 21203757 1 0 1706818681
WALL 21203757 1 0 1706818682
WALL 21203757 1 0 1706818683
WALL 21203757 1 0 1706818684
WALL 21203757 1 0 1706818685
WALL 21203757 1 0 1706818686
WALL 21203757 1 0 1706818687
WALL 21203757 1 0 1706818688
WALL 21203757 1 0 1706818689
WALL 21203757 1 0 1706818690
WALL 21203757 1 0 1706818691
WALL 21203757 1 0 1706818692
WALL 21203757 1 0 1706818693
WALL 21203757 1 0 1706818694
WALL 21203757 1 0 1706818695
WALL 21203757 1 0 1706818696
WALL 21203757 1 0 1706818697
WALL 21203757 1 0 1706818698
WALL 21203757 1 0 1706818699
WALL 21203757 1 0 1706818700
WALL 21203757 1 0 1706818701
WALL 21203757 1 0 1706818702
WALL 21203757 1 0 1706818703
WALL 21203757 1 0 1706818704
WALL 21203757 1 0 1706818705
WALL 21203757 1 0 1706818706
WALL 21203757 1 0 1706818707
WALL 21203757 1 0 1706818708
WALL 21203757 1 0 1706818709
WALL 21203757 1 0 1706818710
WALL 21203757 1 0 1706818711
WALL 21203757 1 0 1706818712
WALL 21203757 1 0 1706818713
WALL 21203757 1 0 1706818714
WALL 21203757 1 0 1706818715
WALL 21203757 1 0 1706818716
WALL 21203757 1 0 1706818717
WALL 21203757 1 0 1706818718
WALL 21203757 1 0 1706818719
WALL 21203757 1 0 1706818720
WALL 21203757 1 0 1706818721
WALL 21203757 1 0 1706818722
WALL 21203757 1 0 1706818723
WALL 21203757 1 0 1706818724
WALL 21203757 1 0 1706818725
WALL 21203757 1 0 1706818726
WALL 21203757 1 0 1706818727
WALL 21203757 1 0 1706818728
WALL 21203757 1 0 1706818729
WALL 21203757 1 0 1706818730
WALL 21203757 1 0 1706818731
WALL 21203757 1 0 1706818732
WALL 21203757 1 0 1706818733
WALL 21203757 1 0 1706818734
WALL 21203757 1 0 1706818735
WALL 21203757 1 0 1706818736
WALL 21203757 1 0 1706818737
WALL 21203757 1 0 1706818738
WALL 21203757 1 0 1706818739
WALL 21203757 1 0 1706818740
WALL 21203757 1 0 1706818741
WALL 21203757 1 0 1706818742
WALL 21203757 1 0 1706818743
WALL 21203757 1 0 1706818744
WALL 21203757 1 0 1706818745
WALL 21203757 1 0 1706818746
WALL 21203757 1 0 1706818747
WALL 21203757 1 0 1706818748
WALL 21203757 1 0 1706818749
WALL 21203757 1 0 1706818750
WALL 21203757 1 0 1706818751
WALL 21203757 1 0 1706818752
WALL 21203757 1 0 1706818753
WALL 21203757 1 0 1706818754
WALL 21203757 1 0 1706818755
WALL 21203757 1 0 1706818756
WALL 21203757 1 0 1706818757
WALL 21203757 1 0 1706818758
WALL 21203757 1 0 1706818759
WALL 21203757 1 0 1706818760
WALL 21203757 1 0 1706818761
WALL 21203757 1 0 1706818762
WALL 21203757 1 0 1706818763
WALL 21203757 1 0 1706818764
WALL 21203757 1 0 1706818765
WALL 21203757 1 0 1706818766
WALL 21203757 1 0 1706818767
WALL 21203757 1 0 1706818768
WALL 21203757 1 0 1706818769
WALL 21203757 1 0 1706818770
WALL 21203757 1 0 1706818771
WALL 21203757 1 0 1706818772
WALL 21203757 1 0 1706818773
WALL 21203757 1 0 1706818774
WALL 21203757 1 0 1706818775
WALL 21203757 1 0 1706818776
WALL 21203757 1 0 1706818777
WALL 21203757 1 0 1706818778
WALL 21203757 1 0 1706818779
WALL 21203757 1 0 1706818780
WALL 21203757 1 0 1706818781
WALL 21203757 1 0 1706818782
WALL 21203757 1 0 1706818783
WALL 21203757 1 0 1706818784
WALL 21203757 1 0 1706818785
WALL 21203757 1 0 1706818786
WALL 21203757 1 0 1706818787
WALL 21203757 1 0 1706818788
WALL 21203757 1 0 1706818789
WALL 21203757 1 0 1706818790
WALL 21203757 1 0 1706818791
WALL 21203757 1 0 1706818792
WALL 21203757 1 0 1706818793
WALL 21203757 1 0 1706818794
WALL 21203757 1 0 1706818795
WALL 21203757 1 0 1706818796
WALL 21203757 1 0 1706818797
WALL 21203757 1 0 1706818798
WALL 21203757 1 0 1706818799
WALL 21203757 1 0 1706818800
WALL 21203757 1 0 1706818801
WALL 21203757 1 0 1706818802
WALL 21203757 1 0 1706818803
WALL 21203757 1 0 1706818804
WALL 21203757 1 0 1706818805
WALL 21203757 1 0 1706818806
WALL 21203757 1 0 1706818807
WALL 21203757 1 0 1706818808
WALL 21203757 1 0 1706818809
WALL 21203757 1 0 1706818810
WALL 21203757 1 0 1706818811
WALL 21203757 1 0 1706818812
WALL 21203757 1 0 1706818813
WALL 21203757 1 0 1706818814
WALL 21203757 1 0 1706818815
WALL 21203757 1 0 1706818816
WALL 21203757 1 0 1706818817
WALL 21203757 1 0 1706818818
WALL 21203757 1 0 1706818819
WALL 21203757 1 0 1706818820
WALL 21203757 1 0 1706818821
WALL 21203757 1 0 1706818822
WALL 21203757 1 0 1706818823
WALL 21203757 1 0 1706818824
WALL 21203757 1 0 1706818825
WALL 21203757 1 0 1706818826
WALL 21203757 1 0 1706818827
WALL 21203757 1 0 1706818828
WALL 21203757 1 0 1706818829
WALL 21203757 1 0 1706818830
WALL 21203757 1 0 1706818831
WALL 21203757 1 0 1706818832
WALL 21203757 1 0 1706818833
WALL 21203757 1 0 1706818834
WALL 21203757 1 0 1706818835
WALL 21203757 1 0 1706818836
WALL 21203757 1 0 1706818837
WALL 21203757 1 0 1706818838
WALL 21203757 1 0 1706818839
WALL 21203757 1 0 1706818840
WALL 21203757 1 0 1706818841
WALL 21203757 1 0 1706818842
WALL 21203757 1 0 1706818843
WALL 21203757 1 0 1706818844
WALL 21203757 1 0 1706818845
WALL 21203757 1 0 1706818846
WALL 21203757 1 0 1706818847
WALL 21203757 1 0 1706818848
WALL 21203757 1 0 1706818849
WALL 21203757 1 0 1706818850
WALL 21203757 1 0 1706818851
WALL 21203757 1 0 1706818852
WALL 21203757 1 0 1706818853
WALL 21203757 1 0 1706818854
WALL 21203757 1 0 1706818855
WALL 21203757 1 0 1706818856
WALL 21203757 1 0 1706818857
WALL 21203757 1 0 1706818858
WALL 21203757 1 0 1706818859
WALL 21203757 1 0 1706818860
WALL 21203757 1 0 1706818861
WALL 21203757 1 0 1706818862
WALL 21203757 1 0 1706818863
WALL 21203757 1 0 1706818864
WALL 21203757 1 0 1706818865
WALL 21203757 1 0 1706818866
WALL 21203757 1 0 1706818867
WALL 21203757 1 0 1706818868
WALL 21203757 1 0 1706818869
WALL 21203757 1 0 1706818870
WALL 21203757 1 0 1706818871
WALL 21203757 1 0 1706818872
WALL 21203757 1 0 1706818873
WALL 21203757 1 0 1706818874
WALL 21203757 1 0 1706818875
WALL 21203757 1 0 1706818876
WALL 21203757 1 0 1706818877
WALL 21203757 1 0 1706818878
WALL 21203757 1 0 1706818879
WALL 21203757 1 0 1706818880
WALL 21203757 1 0 1706818881
WALL 21203757 1 0 1706818882
WALL 21203757 1 0 1706818883
WALL 21203757 1 0 1706818884
WALL 21203757 1 0 1706818885
WALL 21203757 1 0 1706818886
WALL 21203757 1 0 1706818887
WALL 21203757 1 0 1706818888
WALL 21203757 1 0 1706818889
WALL 21203757 1 0 1706818890
WALL 21203757 1 0 1706818891
WALL 21203757 1 0 1706818892
WALL 21203757 1 0 1706818893
WALL 21203757 1 0 1706818894
WALL 21203757 1 0 1706818895
WALL 21203757 1 0 1706818896
WALL 21203757 1 0 1706818897
WALL 21203757 1 0 1706818898
WALL 21203757 1 0 1706818899
WALL 21203757 1 0 1706818900
WALL 21203757 1 0 1706818901
WALL 21203757 1 0 1706818902
WALL 21203757 1 0 1706818903
WALL 21203757 1 0 1706818904
WALL 21203757 1 0 1706818905
WALL 21203757 1 0 1706818906
WALL 21203757 1 0 1706818907
WALL 21203757 1 0 1706818908
WALL 21203757 1 0 1706818909
WALL 21203757 1 0 1706818910
WALL 21203757 1 0 1706818911
WALL 21203757 1 0 1706818912
WALL 21203757 1 0 1706818913
WALL 21203757 1 0 1706818914
WALL 21203757 1 0 1706818915
WALL 21203757 1 0 1706818916
WALL 21203757 1 0 1706818917
WALL 21203757 1 0 1706818918
WALL 21203757 1 0 1706818919
WALL 21203757 1 0 1706818920
WALL 21203757 1 0 1706818921
WALL 21203757 1 0 1706818922
WALL 21203757 1 0 1706818923
WALL 21203757 1 0 1706818924
WALL 21203757 1 0 1706818925
WALL 21203757 1 0 1706818926
WALL 21203757 1 0 1706818927
WALL 21203757 1 0 1706818928
WALL 21203757 1 0 1706818929
WALL 21203757 1 0 1706818930
WALL 21203757 1 0 1706818931
WALL 21203757 1 0 1706818932
WALL 21203757 1 0 1706818933
WALL 21203757 1 0 1706818934
WALL 21203757 1 0 1706818935
WALL 21203757 1 0 1706818936
WALL 21203757 1 0 1706818937
WALL 21203757 1 0 1706818938
WALL 21203757 1 0 1706818939
WALL 21203757 1 0 1706818940
WALL 21203757 1 0 1706818941
WALL 21203757 1 0 1706818942
WALL 21203757 1 0 1706818943
WALL 21203757 1 0 1706818944
WALL 21203757 1 0 1706818945
WALL 21203757 1 0 1706818946
WALL 21203757 1 0 1706818947
WALL 21203757 1 0 1706818948
WALL 21203757 1 0 1706818949
WALL 21203757 1 0 1706818950
WALL 21203757 1 0 1706818951
WALL 21203757 1 0 1706818952
WALL 21203757 1 0 1706818953
WALL 21203757 1 0 1706818954
WALL 21203757 1 0 1706818955
WALL 21203757 1 0 1706818956
WALL 21203757 1 0 1706818957
WALL 21203757 1 0 1706818958
WALL 21203757 1 0 1706818959
WALL 21203757 1 0 1706818960
WALL 21203757 1 0 1706818961
WALL 21203757 1 0 1706818962
WALL 21203757 1 0 1706818963
WALL 21203757 1 0 1706818964
WALL 21203757 1 0 1706818965
WALL 21203757 1 0 1706818966
WALL 21203757 1 0 1706818967
WALL 21203757 1 0 1706818968
WALL 21203757 1 0 1706818969
WALL 21203757 1 0 1706818970
WALL 21203757 1 0 1706818971
WALL 21203757 1 0 1706818972
WALL 21203757 1 0 1706818973
WALL 21203757 1 0 1706818974
WALL 21203757 1 0 1706818975
WALL 21203757 1 0 1706818976
WALL 21203757 1 0 1706818977
WALL 21203757 1 0 1706818978
WALL 21203757 1 0 1706818979
WALL 21203757 1 0 1706818980
WALL 21203757 1 0 1706818981
WALL 21203757 1 0 1706818982
WALL 21203757 1 0 1706818983
WALL 21203757 1 0 1706818984
WALL 21203757 1 0 1706818985
WALL 21203757 1 0 1706818986
WALL 21203757 1 0 1706818987
WALL 21203757 1 0 1706818988
WALL 21203757 1 0 1706818989
WALL 21203757 1 0 1706818990
WALL 21203757 1 0 1706818991
WALL 21203757 1 0 1706818992
WALL 21203757 1 0 1706818993
WALL 21203757 1 0 1706818994
WALL 21203757 1 0 1706818995
WALL 21203757 1 0 1706818996
WALL 21203757 1 0 1706818997
WALL 21203757 1 0 1706818998
WALL 21203757 1 0 1706818999
WALL 21203757 1 0 1706819000
WALL 21203757 1 0 1706819001
WALL 21203757 1 0 1706819002
WALL 21203757 1 0 1706819003
WALL 21203757 1 0 1706819004
WALL 21203757 1 0 1706819005
WALL 21203757 1 0 1706819006
WALL 21203757 1 0 1706819007
WALL 21203757 1 0 1706819008
WALL 21203757 1 0 1706819009
WALL 21203757 1 0 1706819010
WALL 21203757 1 0 1706819011
WALL 21203757 1 0 1706819012
WALL 21203757 1 0 1706819013
WALL 21203757 1 0 1706819014
WALL 21203757 1 0 1706819015
WALL 21203757 1 0 1706819016
WALL 21203757 1 0 1706819017
WALL 21203757 1 0 1706819018
WALL 21203757 1 0 1706819019
WALL 21203757 1 0 1706819020
WALL 21203757 1 0 1706819021
WALL 21203757 1 0 1706819022
WALL 21203757 1 0 1706819023
WALL 21203757 1 0 1706819024
WALL 21203757 1 0 1706819025
WALL 21203757 1 0 1706819026
WALL 21203757 1 0 1706819027
WALL 21203757 1 0 1706819028
WALL 21203757 1 0 1706819029
WALL 21203757 1 0 1706819030
WALL 21203757 1 0 1706819031
WALL 21203757 1 0 1706819032
WALL 21203757 1 0 1706819033
WALL 21203757 1 0 1706819034
WALL 21203757 1 0 1706819035
WALL 21203757 1 0 1706819036
WALL 21203757 1 0 1706819037
WALL 21203757 1 0 1706819038
WALL 21203757 1 0 1706819039
WALL 21203757 1 0 1706819040
WALL 21203757 1 0 1706819041
WALL 21203757 1 0 1706819042
WALL 21203757 1 0 1706819043
WALL 21203757 1 0 1706819044
WALL 21203757 1 0 1706819045
WALL 21203757 1 0 1706819046
WALL 21203757 1 0 1706819047
WALL 21203757 1 0 1706819048
WALL 21203757 1 0 1706819049
WALL 21203757 1 0 1706819050
WALL 21203757 1 0 1706819051
WALL 21203757 1 0 1706819052
WALL 21203757 1 0 1706819053
WALL 21203757 1 0 1706819054
WALL 21203757 1 0 1706819055
WALL 21203757 1 0 1706819056
WALL 21203757 1 0 1706819057
WALL 21203757 1 0 1706819058
WALL 21203757 1 0 1706819059
WALL 21203757 1 0 1706819060
WALL 21203757 1 0 1706819061
WALL 21203757 1 0 1706819062
WALL 21203757 1 0 1706819063
WALL 21203757 1 0 1706819064
WALL 21203757 1 0 1706819065
WALL 21203757 1 0 1706819066
WALL 21203757 1 0 1706819067
WALL 21203757 1 0 1706819068
WALL 21203757 1 0 1706819069
WALL 21203757 1 0 1706819070
WALL 21203757 1 0 1706819071
WALL 21203757 1 0 1706819072
WALL 21203757 1 0 1706819073
WALL 21203757 1 0 1706819074
WALL 21203757 1 0 1706819075
WALL 21203757 1 0 1706819076
WALL 21203757 1 0 1706819077
WALL 21203757 1 0 1706819078
WALL 21203757 1 0 1706819079
WALL 21203757 1 0 1706819080
WALL 21203757 1 0 1706819081
WALL 21203757 1 0 1706819082
WALL 21203757 1 0 1706819083
WALL 21203757 1 0 1706819084
WALL 21203757 1 0 1706819085
WALL 21203757 1 0 1706819086
WALL 21203757 1 0 1706819087
WALL 21203757 1 0 1706819088
WALL 21203757 1 0 1706819089
WALL 21203757 1 0 1706819090
WALL 21203757 1 0 1706819091
WALL 21203757 1 0 1706819092
WALL 21203757 1 0 1706819093
WALL 21203757 1 0 1706819094
WALL 21203757 1 0 1706819095
WALL 21203757 1 0 1706819096
WALL 21203757 1 0 1706819097
WALL 21203757 1 0 1706819098
WALL 21203757 1 0 1706819099
WALL 21203757 1 0 1706819100
WALL 21203757 1 0 1706819101
WALL 21203757 1 0 1706819102
WALL 21203757 1 0 1706819103
WALL 21203757 1 0 1706819104
WALL 21203757 1 0 1706819105
WALL 21203757 1 0 1706819106
WALL 21203757 1 0 1706819107
WALL 21203757 1 0 1706819108
WALL 21203757 1 0 1706819109
WALL 21203757 1 0 1706819110
WALL 21203757 1 0 1706819111
WALL 21203757 1 0 1706819112
WALL 21203757 1 0 1706819113
WALL 21203757 1 0 1706819114
WALL 21203757 1 0 1706819115
WALL 21203757 1 0 1706819116
WALL 21203757 1 0 1706819117
WALL 21203757 1 0 1706819118
WALL 21203757 1 0 1706819119
WALL 21203757 1 0 1706819120
WALL 21203757 1 0 1706819121
WALL 21203757 1 0 1706819122
WALL 21203757 1 0 1706819123
WALL 21203757 1 0 1706819124
WALL 21203757 1 0 1706819125
WALL 21203757 1 0 1706819126
WALL 21203757 1 0 1706819127
WALL 21203757 1 0 1706819128
WALL 21203757 1 0 1706819129
WALL 21203757 1 0 1706819130
WALL 21203757 1 0 1706819131
WALL 21203757 1 0 1706819132
WALL 21203757 1 0 1706819133
WALL 21203757 1 0 1706819134
WALL 21203757 1 0 1706819135
WALL 21203757 1 0 1706819136
WALL 21203757 1 0 1706819137
WALL 21203757 1 0 1706819138
WALL 21203757 1 0 1706819139
WALL 21203757 1 0 1706819140
WALL 21203757 1 0 1706819141
WALL 21203757 1 0 1706819142
WALL 21203757 1 0 1706819143
WALL 21203757 1 0 1706819144
WALL 21203757 1 0 1706819145
WALL 21203757 1 0 1706819146
WALL 21203757 1 0 1706819147
WALL 21203757 1 0 1706819148
WALL 21203757 1 0 1706819149
WALL 21203757 1 0 1706819150
WALL 21203757 1 0 1706819151
WALL 21203757 1 0 1706819152
WALL 21203757 1 0 1706819153
WALL 21203757 1 0 1706819154
WALL 21203757 1 0 1706819155
WALL 21203757 1 0 1706819156
WALL 21203757 1 0 1706819157
WALL 21203757 1 0 1706819158
WALL 21203757 1 0 1706819159
WALL 21203757 1 0 1706819160
WALL 21203757 1 0 1706819161
WALL 21203757 1 0 1706819162
WALL 21203757 1 0 1706819163
WALL 21203757 1 0 1706819164
WALL 21203757 1 0 1706819165
WALL 21203757 1 0 1706819166
WALL 21203757 1 0 1706819167
WALL 21203757 1 0 1706819168
WALL 21203757 1 0 1706819169
WALL 21203757 1 0 1706819170
WALL 21203757 1 0 1706819171
WALL 21203757 1 0 1706819172
WALL 21203757 1 0 1706819173
WALL 21203757 1 0 1706819174
WALL 21203757 1 0 1706819175
WALL 21203757 1 0 1706819176
WALL 21203757 1 0 1706819177
WALL 21203757 1 0 1706819178
WALL 21203757 1 0 1706819179
WALL 21203757 1 0 1706819180
WALL 21203757 1 0 1706819181
WALL 21203757 1 0 1706819182
WALL 21203757 1 0 1706819183
WALL 21203757 1 0 1706819184
WALL 21203757 1 0 1706819185
WALL 21203757 1 0 1706819186
WALL 21203757 1 0 1706819187
WALL 21203757 1 0 1706819188
WALL 21203757 1 0 1706819189
WALL 21203757 1 0 1706819190
WALL 21203757 1 0 1706819191
WALL 21203757 1 0 1706819192
WALL 21203757 1 0 1706819193
WALL 21203757 1 0 1706819194
WALL 21203757 1 0 1706819195
WALL 21203757 1 0 1706819196
WALL 21203757 1 0 1706819197
WALL 21203757 1 0 1706819198
WALL 21203757 1 0 1706819199
WALL 21203757 1 0 1706819200
WALL 21203757 1 0 1706819201
WALL 21203757 1 0 1706819202
WALL 21203757 1 0 1706819203
WALL 21203757 1 0 1706819204
WALL 21203757 1 0 1706819205
WALL 21203757 1 0 1706819206
WALL 21203757 1 0 1706819207
WALL 21203757 1 0 1706819208
WALL 21203757 1 0 1706819209
WALL 21203757 1 0 1706819210
WALL 21203757 1 0 1706819211
WALL 21203757 1 0 1706819212
WALL 21203757 1 0 1706819213
WALL 21203757 1 0 1706819214
WALL 21203757 1 0 1706819215
WALL 21203757 1 0 1706819216
WALL 21203757 1 0 1706819217
WALL 21203757 1 0 1706819218
WALL 21203757 1 0 1706819219
WALL 21203757 1 0 1706819220
WALL 21203757 1 0 1706819221
WALL 21203757 1 0 1706819222
WALL 21203757 1 0 1706819223
WALL 21203757 1 0 1706819224
WALL 21203757 1 0 1706819225
WALL 21203757 1 0 1706819226
WALL 21203757 1 0 1706819227
WALL 21203757 1 0 1706819228
WALL 21203757 1 0 1706819229
WALL 21203757 1 0 1706819230
WALL 21203757 1 0 1706819231
WALL 21203757 1 0 1706819232
WALL 21203757 1 0 1706819233
WALL 21203757 1 0 1706819234
WALL 21203757 1 0 1706819235
WALL 21203757 1 0 1706819236
WALL 21203757 1 0 1706819237
WALL 21203757 1 0 1706819238
WALL 21203757 1 0 1706819239
WALL 21203757 1 0 1706819240
WALL 21203757 1 0 1706819241
WALL 21203757 1 0 1706819242
WALL 21203757 1 0 1706819243
WALL 21203757 1 0 1706819244
WALL 21203757 1 0 1706819245
WALL 21203757 1 0 1706819246
WALL 21203757 1 0 1706819247
WALL 21203757 1 0 1706819248
WALL 21203757 1 0 1706819249
WALL 21203757 1 0 1706819250
WALL 21203757 1 0 1706819251
WALL 21203757 1 0 1706819252
WALL 21203757 1 0 1706819253
WALL 21203757 1 0 1706819254
WALL 21203757 1 0 1706819255
WALL 21203757 1 0 1706819256
WALL 21203757 1 0 1706819257
WALL 21203757 1 0 1706819258
WALL 21203757 1 0 1706819259
WALL 21203757 1 0 1706819260
WALL 21203757 1 0 1706819261
WALL 21203757 1 0 1706819262
WALL 21203757 1 0 1706819263
WALL 21203757 1 0 1706819264
WALL 21203757 1 0 1706819265
WALL 21203757 1 0 1706819266
WALL 21203757 1 0 1706819267
WALL 21203757 1 0 1706819268
WALL 21203757 1 0 1706819269
WALL 21203757 1 0 1706819270
WALL 21203757 1 0 1706819271
WALL 21203757 1 0 1706819272
WALL 21203757 1 0 1706819273
WALL 21203757 1 0 1706819274
WALL 21203757 1 0 1706819275
WALL 21203757 1 0 1706819276
WALL 21203757 1 0 1706819277
WALL 21203757 1 0 1706819278
WALL 21203757 1 0 1706819279
WALL 21203757 1 0 1706819280
WALL 21203757 1 0 1706819281
WALL 21203757 1 0 1706819282
WALL 21203757 1 0 1706819283
WALL 21203757 1 0 1706819284
WALL 21203757 1 0 1706819285
WALL 21203757 1 0 1706819286
WALL 21203757 1 0 1706819287
WALL 21203757 1 0 1706819288
WALL 21203757 1 0 1706819289
WALL 21203757 1 0 1706819290
WALL 21203757 1 0 1706819291
WALL 21203757 1 0 1706819292
WALL 21203757 1 0 1706819293
WALL 21203757 1 0 1706819294
WALL 21203757 1 0 1706819295
WALL 21203757 1 0 1706819296
WALL 21203757 1 0 1706819297
WALL 21203757 1 0 1706819298
WALL 21203757 1 0 1706819299
WALL 21203757 1 0 1706819300
WALL 21203757 1 0 1706819301
WALL 21203757 1 0 1706819302
WALL 21203757 1 0 1706819303
WALL 21203757 1 0 1706819304
WALL 21203757 1 0 1706819305
WALL 21203757 1 0 1706819306
WALL 21203757 1 0 1706819307
WALL 21203757 1 0 1706819308
WALL 21203757 1 0 1706819309
WALL 21203757 1 0 1706819310
WALL 21203757 1 0 1706819311
WALL 21203757 1 0 1706819312
WALL 21203757 1 0 1706819313
WALL 21203757 1 0 1706819314
WALL 21203757 1 0 1706819315
WALL 21203757 1 0 1706819316
WALL 21203757 1 0 1706819317
WALL 21203757 1 0 1706819318
WALL 21203757 1 0 1706819319
WALL 21203757 1 0 1706819320
WALL 21203757 1 0 1706819321
WALL 21203757 1 0 1706819322
WALL 21203757 1 0 1706819323
WALL 21203757 1 0 1706819324
WALL 21203757 1 0 1706819325
WALL 21203757 1 0 1706819326
WALL 21203757 1 0 1706819327
WALL 21203757 1 0 1706819328
WALL 21203757 1 0 1706819329
WALL 21203757 1 0 1706819330
WALL 21203757 1 0 1706819331
WALL 21203757 1 0 1706819332
WALL 21203757 1 0 1706819333
WALL 21203757 1 0 1706819334
WALL 21203757 1 0 1706819335
WALL 21203757 1 0 1706819336
WALL 21203757 1 0 1706819337
WALL 21203757 1 0 1706819338
WALL 21203757 1 0 1706819339
WALL 21203757 1 0 1706819340
WALL 21203757 1 0 1706819341
WALL 21203757 1 0 1706819342
WALL 21203757 1 0 1706819343
WALL 21203757 1 0 1706819344
WALL 21203757 1 0 1706819345
WALL 21203757 1 0 1706819346
WALL 21203757 1 0 1706819347
WALL 21203757 1 0 1706819348
WALL 21203757 1 0 1706819349
WALL 21203757 1 0 1706819350
WALL 21203757 1 0 1706819351
WALL 21203757 1 0 1706819352
WALL 21203757 1 0 1706819353
WALL 21203757 1 0 1706819354
WALL 21203757 1 0 1706819355
WALL 21203757 1 0 1706819356
WALL 21203757 1 0 1706819357
WALL 21203757 1 0 1706819358
WALL 21203757 1 0 1706819359
WALL 21203757 1 0 1706819360
WALL 21203757 1 0 1706819361
WALL 21203757 1 0 1706819362
WALL 21203757 1 0 1706819363
WALL 21203757 1 0 1706819364
WALL 21203757 1 0 1706819365
WALL 21203757 1 0 1706819366
WALL 21203757 1 0 1706819367
WALL 21203757 1 0 1706819368
WALL 21203757 1 0 1706819369
WALL 21203757 1 0 1706819370
WALL 21203757 1 0 1706819371
WALL 21203757 1 0 1706819372
WALL 21203757 1 0 1706819373
WALL 21203757 1 0 1706819374
WALL 21203757 1 0 1706819375
WALL 21203757 1 0 1706819376
WALL 21203757 1 0 1706819377
WALL 21203757 1 0 1706819378
WALL 21203757 1 0 1706819379
WALL 21203757 1 0 1706819380
WALL 21203757 1 0 1706819381
WALL 21203757 1 0 1706819382
WALL 21203757 1 0 1706819383
WALL 21203757 1 0 1706819384
WALL 21203757 1 0 1706819385
WALL 21203757 1 0 1706819386
WALL 21203757 1 0 1706819387
WALL 21203757 1 0 1706819388
WALL 21203757 1 0 1706819389
WALL 21203757 1 0 1706819390
WALL 21203757 1 0 1706819391
WALL 21203757 1 0 1706819392
WALL 21203757 1 0 1706819393
WALL 21203757 1 0 1706819394
WALL 21203757 1 0 1706819395
WALL 21203757 1 0 1706819396
WALL 21203757 1 0 1706819397
WALL 21203757 1 0 1706819398
WALL 21203757 1 0 1706819399
WALL 21203757 1 0 1706819400
WALL 21203757 1 0 1706819401
WALL 21203757 1 0 1706819402
WALL 21203757 1 0 1706819403
WALL 21203757 1 0 1706819404
WALL 21203757 1 0 1706819405
WALL 21203757 1 0 1706819406
WALL 21203757 1 0 1706819407
WALL 21203757 1 0 1706819408
WALL 21203757 1 0 1706819409
WALL 21203757 1 0 1706819410
WALL 21203757 1 0 1706819411
WALL 21203757 1 0 1706819412
WALL 21203757 1 0 1706819413
WALL 21203757 1 0 1706819414
WALL 21203757 1 0 1706819415
WALL 21203757 1 0 1706819416
WALL 21203757 1 0 1706819417
WALL 21203757 1 0 1706819418
WALL 21203757 1 0 1706819419
WALL 21203757 1 0 1706819420
WALL 21203757 1 0 1706819421
WALL 21203757 1 0 1706819422
WALL 21203757 1 0 1706819423
WALL 21203757 1 0 1706819424
WALL 21203757 1 0 1706819425
WALL 21203757 1 0 1706819426
WALL 21203757 1 0 1706819427
WALL 21203757 1 0 1706819428
WALL 21203757 1 0 1706819429
WALL 21203757 1 0 1706819430
WALL 21203757 1 0 1706819431
WALL 21203757 1 0 1706819432
WALL 21203757 1 0 1706819433
WALL 21203757 1 0 1706819434
WALL 21203757 1 0 1706819435
WALL 21203757 1 0 1706819436
WALL 21203757 1 0 1706819437
WALL 21203757 1 0 1706819438
WALL 21203757 1 0 1706819439
WALL 21203757 1 0 1706819440
WALL 21203757 1 0 1706819441
WALL 21203757 1 0 1706819442
WALL 21203757 1 0 1706819443
WALL 21203757 1 0 1706819444
WALL 21203757 1 0 1706819445
WALL 21203757 1 0 1706819446
WALL 21203757 1 0 1706819447
WALL 21203757 1 0 1706819448
WALL 21203757 1 0 1706819449
WALL 21203757 1 0 1706819450
WALL 21203757 1 0 1706819451
WALL 21203757 1 0 1706819452
WALL 21203757 1 0 1706819453
WALL 21203757 1 0 1706819454
WALL 21203757 1 0 1706819455
WALL 21203757 1 0 1706819456
WALL 21203757 1 0 1706819457
WALL 21203757 1 0 1706819458
WALL 21203757 1 0 1706819459
WALL 21203757 1 0 1706819460
WALL 21203757 1 0 1706819461
WALL 21203757 1 0 1706819462
WALL 21203757 1 0 1706819463
WALL 21203757 1 0 1706819464
WALL 21203757 1 0 1706819465
WALL 21203757 1 0 1706819466
WALL 21203757 1 0 1706819467
WALL 21203757 1 0 1706819468
WALL 21203757 1 0 1706819469
WALL 21203757 1 0 1706819470
WALL 21203757 1 0 1706819471
WALL 21203757 1 0 1706819472
WALL 21203757 1 0 1706819473
WALL 21203757 1 0 1706819474
WALL 21203757 1 0 1706819475
WALL 21203757 1 0 1706819476
WALL 21203757 1 0 1706819477
WALL 21203757 1 0 1706819478
WALL 21203757 1 0 1706819479
WALL 21203757 1 0 1706819480
WALL 21203757 1 0 1706819481
WALL 21203757 1 0 1706819482
WALL 21203757 1 0 1706819483
WALL 21203757 1 0 1706819484
WALL 21203757 1 0 1706819485
WALL 21203757 1 0 1706819486
WALL 21203757 1 0 1706819487
WALL 21203757 1 0 1706819488
WALL 21203757 1 0 1706819489
WALL 21203757 1 0 1706819490
WALL 21203757 1 0 1706819491
WALL 21203757 1 0 1706819492
WALL 21203757 1 0 1706819493
WALL 21203757 1 0 1706819494
WALL 21203757 1 0 1706819495
WALL 21203757 1 0 1706819496
WALL 21203757 1 0 1706819497
WALL 21203757 1 0 1706819498
WALL 21203757 1 0 1706819499
WALL 21203757 1 0 1706819500
WALL 21203757 1 0 1706819501
WALL 21203757 1 0 1706819502
WALL 21203757 1 0 1706819503
WALL 21203757 1 0 1706819504
WALL 21203757 1 0 1706819505
WALL 21203757 1 0 1706819506
WALL 21203757 1 0 1706819507
WALL 21203757 1 0 1706819508
WALL 21203757 1 0 1706819509
WALL 21203757 1 0 1706819510
WALL 21203757 1 0 1706819511
WALL 21203757 1 0 1706819512
WALL 21203757 1 0 1706819513
WALL 21203757 1 0 1706819514
WALL 21203757 1 0 1706819515
WALL 21203757 1 0 1706819516
WALL 21203757 1 0 1706819517
WALL 21203757 1 0 1706819518
WALL 21203757 1 0 1706819519
WALL 21203757 1 0 1706819520
WALL 21203757 1 0 1706819521
WALL 21203757 1 0 1706819522
WALL 21203757 1 0 1706819523
WALL 21203757 1 0 1706819524
WALL 21203757 1 0 1706819525
WALL 21203757 1 0 1706819526
WALL 21203757 1 0 1706819527
WALL 21203757 1 0 1706819528
WALL 21203757 1 0 1706819529
WALL 21203757 1 0 1706819530
WALL 21203757 1 0 1706819531
WALL 21203757 1 0 1706819532
WALL 21203757 1 0 1706819533
WALL 21203757 1 0 1706819534
WALL 21203757 1 0 1706819535
WALL 21203757 1 0 1706819536
WALL 21203757 1 0 1706819537
WALL 21203757 1 0 1706819538
WALL 21203757 1 0 1706819539
WALL 21203757 1 0 1706819540
WALL 21203757 1 0 1706819541
WALL 21203757 1 0 1706819542
WALL 21203757 1 0 1706819543
WALL 21203757 1 0 1706819544
WALL 21203757 1 0 1706819545
WALL 21203757 1 0 1706819546
WALL 21203757 1 0 1706819547
WALL 21203757 1 0 1706819548
WALL 21203757 1 0 1706819549
WALL 21203757 1 0 1706819550
WALL 21203757 1 0 1706819551
WALL 21203757 1 0 1706819552
WALL 21203757 1 0 1706819553
WALL 21203757 1 0 1706819554
WALL 21203757 1 0 1706819555
WALL 21203757 1 0 1706819556
WALL 21203757 1 0 1706819557
WALL 21203757 1 0 1706819558
WALL 21203757 1 0 1706819559
WALL 21203757 1 0 1706819560
WALL 21203757 1 0 1706819561
WALL 21203757 1 0 1706819562
WALL 21203757 1 0 1706819563
WALL 21203757 1 0 1706819564
WALL 21203757 1 0 1706819565
WALL 21203757 1 0 1706819566
WALL 21203757 1 0 1706819567
WALL 21203757 1 0 1706819568
WALL 21203757 1 0 1706819569
WALL 21203757 1 0 1706819570
WALL 21203757 1 0 1706819571
WALL 21203757 1 0 1706819572
WALL 21203757 1 0 1706819573
WALL 21203757 1 0 1706819574
WALL 21203757 1 0 1706819575
WALL 21203757 1 0 1706819576
WALL 21203757 1 0 1706819577
WALL 21203757 1 0 1706819578
WALL 21203757 1 0 1706819579
WALL 21203757 1 0 1706819580
WALL 21203757 1 0 1706819581
WALL 21203757 1 0 1706819582
WALL 21203757 1 0 1706819583
WALL 21203757 1 0 1706819584
WALL 21203757 1 0 1706819585
WALL 21203757 1 0 1706819586
WALL 21203757 1 0 1706819587
WALL 21203757 1 0 1706819588
WALL 21203757 1 0 1706819589
WALL 21203757 1 0 1706819590
WALL 21203757 1 0 1706819591
WALL 21203757 1 0 1706819592
WALL 21203757 1 0 1706819593
WALL 21203757 1 0 1706819594
WALL 21203757 1 0 1706819595
WALL 21203757 1 0 1706819596
WALL 21203757 1 0 1706819597
WALL 21203757 1 0 1706819598
WALL 21203757 1 0 1706819599
WALL 21203757 1 0 1706819600
WALL 21203757 1 0 1706819601
WALL 21203757 1 0 1706819602
WALL 21203757 1 0 1706819603
WALL 21203757 1 0 1706819604
WALL 21203757 1 0 1706819605
WALL 21203757 1 0 1706819606
WALL 21203757 1 0 1706819607
WALL 21203757 1 0 1706819608
WALL 21203757 1 0 1706819609
WALL 21203757 1 0 1706819610
WALL 21203757 1 0 1706819611
WALL 21203757 1 0 1706819612
WALL 21203757 1 0 1706819613
WALL 21203757 1 0 1706819614
WALL 21203757 1 0 1706819615
WALL 21203757 1 0 1706819616
WALL 21203757 1 0 1706819617
WALL 21203757 1 0 1706819618
WALL 21203757 1 0 1706819619
WALL 21203757 1 0 1706819620
WALL 21203757 1 0 1706819621
WALL 21203757 1 0 1706819622
WALL 21203757 1 0 1706819623
WALL 21203757 1 0 1706819624
WALL 21203757 1 0 1706819625
WALL 21203757 1 0 1706819626
WALL 21203757 1 0 1706819627
WALL 21203757 1 0 1706819628
WALL 21203757 1 0 1706819629
WALL 21203757 1 0 1706819630
WALL 21203757 1 0 1706819631
WALL 21203757 1 0 1706819632
WALL 21203757 1 0 1706819633
WALL 21203757 1 0 1706819634
WALL 21203757 1 0 1706819635
WALL 21203757 1 0 1706819636
WALL 21203757 1 0 1706819637
WALL 21203757 1 0 1706819638
WALL 21203757 1 0 1706819639
WALL 21203757 1 0 1706819640
WALL 21203757 1 0 1706819641
WALL 21203757 1 0 1706819642
WALL 21203757 1 0 1706819643
WALL 21203757 1 0 1706819644
WALL 21203757 1 0 1706819645
WALL 21203757 1 0 1706819646
WALL 21203757 1 0 1706819647
WALL 21203757 1 0 1706819648
WALL 21203757 1 0 1706819649
WALL 21203757 1 0 1706819650
WALL 21203757 1 0 1706819651
WALL 21203757 1 0 1706819652
WALL 21203757 1 0 1706819653
WALL 21203757 1 0 1706819654
WALL 21203757 1 0 1706819655
WALL 21203757 1 0 1706819656
WALL 21203757 1 0 1706819657
WALL 21203757 1 0 1706819658
WALL 21203757 1 0 1706819659
WALL 21203757 1 0 1706819660
WALL 21203757 1 0 1706819661
WALL 21203757 1 0 1706819662
WALL 21203757 1 0 1706819663
WALL 21203757 1 0 1706819664
WALL 21203757 1 0 1706819665
WALL 21203757 1 0 1706819666
WALL 21203757 1 0 1706819667
WALL 21203757 1 0 1706819668
WALL 21203757 1 0 1706819669
WALL 21203757 1 0 1706819670
WALL 21203757 1 0 1706819671
WALL 21203757 1 0 1706819672
WALL 21203757 1 0 1706819673
WALL 21203757 1 0 1706819674
WALL 21203757 1 0 1706819675
WALL 21203757 1 0 1706819676
WALL 21203757 1 0 1706819677
WALL 21203757 1 0 1706819678
WALL 21203757 1 0 1706819679
WALL 21203757 1 0 1706819680
WALL 21203757 1 0 1706819681
WALL 21203757 1 0 1706819682
WALL 21203757 1 0 1706819683
WALL 21203757 1 0 1706819684
WALL 21203757 1 0 1706819685
WALL 21203757 1 0 1706819686
WALL 21203757 1 0 1706819687
WALL 21203757 1 0 1706819688
WALL 21203757 1 0 1706819689
WALL 21203757 1 0 1706819690
WALL 21203757 1 0 1706819691
WALL 21203757 1 0 1706819692
WALL 21203757 1 0 1706819693
WALL 21203757 1 0 1706819694
WALL 21203757 1 0 1706819695
WALL 21203757 1 0 1706819696
WALL 21203757 1 0 1706819697
WALL 21203757 1 0 1706819698
WALL 21203757 1 0 1706819699
WALL 21203757 1 0 1706819700
WALL 21203757 1 0 1706819701
WALL 21203757 1 0 1706819702
WALL 21203757 1 0 1706819703
WALL 21203757 1 0 1706819704
WALL 21203757 1 0 1706819705
WALL 21203757 1 0 1706819706
WALL 21203757 1 0 1706819707
WALL 21203757 1 0 1706819708
WALL 21203757 1 0 1706819709
WALL 21203757 1 0 1706819710
WALL 21203757 1 0 1706819711
WALL 21203757 1 0 1706819712
WALL 21203757 1 0 1706819713
WALL 21203757 1 0 1706819714
WALL 21203757 1 0 1706819715
WALL 21203757 1 0 1706819716
WALL 21203757 1 0 1706819717
WALL 21203757 1 0 1706819718
WALL 21203757 1 0 1706819719
WALL 21203757 1 0 1706819720
WALL 21203757 1 0 1706819721
WALL 21203757 1 0 1706819722
WALL 21203757 1 0 1706819723
WALL 21203757 1 0 1706819724
WALL 21203757 1 0 1706819725
WALL 21203757 1 0 1706819726
WALL 21203757 1 0 1706819727
WALL 21203757 1 0 1706819728
WALL 21203757 1 0 1706819729
WALL 21203757 1 0 1706819730
WALL 21203757 1 0 1706819731
WALL 21203757 1 0 1706819732
WALL 21203757 1 0 1706819733
WALL 21203757 1 0 1706819734
WALL 21203757 1 0 1706819735
WALL 21203757 1 0 1706819736
WALL 21203757 1 0 1706819737
WALL 21203757 1 0 1706819738
WALL 21203757 1 0 1706819739
WALL 21203757 1 0 1706819740
WALL 21203757 1 0 1706819741
WALL 21203757 1 0 1706819742
WALL 21203757 1 0 1706819743
WALL 21203757 1 0 1706819744
WALL 21203757 1 0 1706819745
WALL 21203757 1 0 1706819746
WALL 21203757 1 0 1706819747
WALL 21203757 1 0 1706819748
WALL 21203757 1 0 1706819749
WALL 21203757 1 0 1706819750
WALL 21203757 1 0 1706819751
WALL 21203757 1 0 1706819752
WALL 21203757 1 0 1706819753
WALL 21203757 1 0 1706819754
WALL 21203757 1 0 1706819755
WALL 21203757 1 0 1706819756
WALL 21203757 1 0 1706819757
WALL 21203757 1 0 1706819758
WALL 21203757 1 0 1706819759
WALL 21203757 1 0 1706819760
WALL 21203757 1 0 1706819761
WALL 21203757 1 0 1706819762
WALL 21203757 1 0 1706819763
WALL 21203757 1 0 1706819764
WALL 21203757 1 0 1706819765
WALL 21203757 1 0 1706819766
WALL 21203757 1 0 1706819767
WALL 21203757 1 0 1706819768
WALL 21203757 1 0 1706819769
WALL 21203757 1 0 1706819770
WALL 21203757 1 0 1706819771
WALL 21203757 1 0 1706819772
WALL 21203757 1 0 1706819773
WALL 21203757 1 0 1706819774
WALL 21203757 1 0 1706819775
WALL 21203757 1 0 1706819776
WALL 21203757 1 0 1706819777
WALL 21203757 1 0 1706819778
WALL 21203757 1 0 1706819779
WALL 21203757 1 0 1706819780
WALL 21203757 1 0 1706819781
WALL 21203757 1 0 1706819782
WALL 21203757 1 0 1706819783
WALL 21203757 1 0 1706819784
WALL 21203757 1 0 1706819785
WALL 21203757 1 0 1706819786
WALL 21203757 1 0 1706819787
WALL 21203757 1 0 1706819788
WALL 21203757 1 0 1706819789
WALL 21203757 1 0 1706819790
WALL 21203757 1 0 1706819791
WALL 21203757 1 0 1706819792
WALL 21203757 1 0 1706819793
WALL 21203757 1 0 1706819794
WALL 21203757 1 0 1706819795
WALL 21203757 1 0 1706819796
WALL 21203757 1 0 1706819797
WALL 21203757 1 0 1706819798
WALL 21203757 1 0 1706819799
WALL 21203757 1 0 1706819800
WALL 21203757 1 0 1706819801
WALL 21203757 1 0 1706819802
WALL 21203757 1 0 1706819803
WALL 21203757 1 0 1706819804
WALL 21203757 1 0 1706819805
WALL 21203757 1 0 1706819806
WALL 21203757 1 0 1706819807
WALL 21203757 1 0 1706819808
WALL 21203757 1 0 1706819809
WALL 21203757 1 0 1706819810
WALL 21203757 1 0 1706819811
WALL 21203757 1 0 1706819812
WALL 21203757 1 0 1706819813
WALL 21203757 1 0 1706819814
WALL 21203757 1 0 1706819815
WALL 21203757 1 0 1706819816
WALL 21203757 1 0 1706819817
WALL 21203757 1 0 1706819818
WALL 21203757 1 0 1706819819
WALL 21203757 1 0 1706819820
WALL 21203757 1 0 1706819821
WALL 21203757 1 0 1706819822
WALL 21203757 1 0 1706819823
WALL 21203757 1 0 1706819824
WALL 21203757 1 0 1706819825
WALL 21203757 1 0 1706819826
WALL 21203757 1 0 1706819827
WALL 21203757 1 0 1706819828
WALL 21203757 1 0 1706819829
WALL 21203757 1 0 1706819830
WALL 21203757 1 0 1706819831
WALL 21203757 1 0 1706819832
WALL 21203757 1 0 1706819833
WALL 21203757 1 0 1706819834
WALL 21203757 1 0 1706819835
WALL 21203757 1 0 1706819836
WALL 21203757 1 0 1706819837
WALL 21203757 1 0 1706819838
WALL 21203757 1 0 1706819839
WALL 21203757 1 0 1706819840
WALL 21203757 1 0 1706819841
WALL 21203757 1 0 1706819842
WALL 21203757 1 0 1706819843
WALL 21203757 1 0 1706819844
WALL 21203757 1 0 1706819845
WALL 21203757 1 0 1706819846
WALL 21203757 1 0 1706819847
WALL 21203757 1 0 1706819848
WALL 21203757 1 0 1706819849
WALL 21203757 1 0 1706819850
WALL 21203757 1 0 1706819851
WALL 21203757 1 0 1706819852
WALL 21203757 1 0 1706819853
WALL 21203757 1 0 1706819854
WALL 21203757 1 0 1706819855
WALL 21203757 1 0 1706819856
WALL 21203757 1 0 1706819857
WALL 21203757 1 0 1706819858
WALL 21203757 1 0 1706819859
WALL 21203757 1 0 1706819860
WALL 21203757 1 0 1706819861
WALL 21203757 1 0 1706819862
WALL 21203757 1 0 1706819863
WALL 21203757 1 0 1706819864
WALL 21203757 1 0 1706819865
WALL 21203757 1 0 1706819866
WALL 21203757 1 0 1706819867
WALL 21203757 1 0 1706819868
WALL 21203757 1 0 1706819869
WALL 21203757 1 0 1706819870
WALL 21203757 1 0 1706819871
WALL 21203757 1 0 1706819872
WALL 21203757 1 0 1706819873
WALL 21203757 1 0 1706819874
WALL 21203757 1 0 1706819875
WALL 21203757 1 0 1706819876
WALL 21203757 1 0 1706819877
WALL 21203757 1 0 1706819878
WALL 21203757 1 0 1706819879
WALL 21203757 1 0 1706819880
WALL 21203757 1 0 1706819881
WALL 21203757 1 0 1706819882
WALL 21203757 1 0 1706819883
WALL 21203757 1 0 1706819884
WALL 21203757 1 0 1706819885
WALL 21203757 1 0 1706819886
WALL 21203757 1 0 1706819887
WALL 21203757 1 0 1706819888
WALL 21203757 1 0 1706819889
WALL 21203757 1 0 1706819890
WALL 21203757 1 0 1706819891
WALL 21203757 1 0 1706819892
WALL 21203757 1 0 1706819893
WALL 21203757 1 0 1706819894
WALL 21203757 1 0 1706819895
WALL 21203757 1 0 1706819896
WALL 21203757 1 0 1706819897
WALL 21203757 1 0 1706819898
WALL 21203757 1 0 1706819899
WALL 21203757 1 0 1706819900
WALL 21203757 1 0 1706819901
WALL 21203757 1 0 1706819902
WALL 21203757 1 0 1706819903
WALL 21203757 1 0 1706819904
WALL 21203757 1 0 1706819905
WALL 21203757 1 0 1706819906
WALL 21203757 1 0 1706819907
WALL 21203757 1 0 1706819908
WALL 21203757 1 0 1706819909
WALL 21203757 1 0 1706819910
WALL 21203757 1 0 1706819911
WALL 21203757 1 0 1706819912
WALL 21203757 1 0 1706819913
WALL 21203757 1 0 1706819914
WALL 21203757 1 0 1706819915
WALL 21203757 1 0 1706819916
WALL 21203757 1 0 1706819917
WALL 21203757 1 0 1706819918
WALL 21203757 1 0 1706819919
WALL 21203757 1 0 1706819920
WALL 21203757 1 0 1706819921
WALL 21203757 1 0 1706819922
WALL 21203757 1 0 1706819923
WALL 21203757 1 0 1706819924
WALL 21203757 1 0 1706819925
WALL 21203757 1 0 1706819926
WALL 21203757 1 0 1706819927
WALL 21203757 1 0 1706819928
WALL 21203757 1 0 1706819929
WALL 21203757 1 0 1706819930
WALL 21203757 1 0 1706819931
WALL 21203757 1 0 1706819932
WALL 21203757 1 0 1706819933
WALL 21203757 1 0 1706819934
WALL 21203757 1 0 1706819935
WALL 21203757 1 0 1706819936
WALL 21203757 1 0 1706819937
WALL 21203757 1 0 1706819938
WALL 21203757 1 0 1706819939
WALL 21203757 1 0 1706819940
WALL 21203757 1 0 1706819941
WALL 21203757 1 0 1706819942
WALL 21203757 1 0 1706819943
WALL 21203757 1 0 1706819944
WALL 21203757 1 0 1706819945
WALL 21203757 1 0 1706819946
WALL 21203757 1 0 1706819947
WALL 21203757 1 0 1706819948
WALL 21203757 1 0 1706819949
WALL 21203757 1 0 1706819950
WALL 21203757 1 0 1706819951
WALL 21203757 1 0 1706819952
WALL 21203757 1 0 1706819953
WALL 21203757 1 0 1706819954
WALL 21203757 1 0 1706819955
WALL 21203757 1 0 1706819956
WALL 21203757 1 0 1706819957
WALL 21203757 1 0 1706819958
WALL 21203757 1 0 1706819959
WALL 21203757 1 0 1706819960
WALL 21203757 1 0 1706819961
WALL 21203757 1 0 1706819962
WALL 21203757 1 0 1706819963
WALL 21203757 1 0 1706819964
WALL 21203757 1 0 1706819965
WALL 21203757 1 0 1706819966
WALL 21203757 1 0 1706819967
WALL 21203757 1 0 1706819968
WALL 21203757 1 0 1706819969
WALL 21203757 1 0 1706819970
WALL 21203757 1 0 1706819971
WALL 21203757 1 0 1706819972
WALL 21203757 1 0 1706819973
WALL 21203757 1 0 1706819974
WALL 21203757 1 0 1706819975
WALL 21203757 1 0 1706819976
WALL 21203757 1 0 1706819977
WALL 21203757 1 0 1706819978
WALL 21203757 1 0 1706819979
WALL 21203757 1 0 1706819980
WALL 21203757 1 0 1706819981
WALL 21203757 1 0 1706819982
WALL 21203757 1 0 1706819983
WALL 21203757 1 0 1706819984
WALL 21203757 1 0 1706819985
WALL 21203757 1 0 1706819986
WALL 21203757 1 0 1706819987
WALL 21203757 1 0 1706819988
WALL 21203757 1 0 1706819989
WALL 21203757 1 0 1706819990
WALL 21203757 1 0 1706819991
WALL 21203757 1 0 1706819992
WALL 21203757 1 0 1706819993
WALL 21203757 1 0 1706819994
WALL 21203757 1 0 1706819995
WALL 21203757 1 0 1706819996
WALL 21203757 1 0 1706819997
WALL 21203757 1 0 1706819998
WALL 21203757 1 0 1706819999
WALL 21203757 1 0 1706820000
WALL 21203757 1 0 1706820001
WALL 21203757 1 0 1706820002
WALL 21203757 1 0 1706820003
WALL 21203757 1 0 1706820004
WALL 21203757 1 0 1706820005
WALL 21203757 1 0 1706820006
WALL 21203757 1 0 1706820007
WALL 21203757 1 0 1706820008
WALL 21203757 1 0 1706820009
WALL 21203757 1 0 1706820010
WALL 21203757 1 0 1706820011
WALL 21203757 1 0 1706820012
WALL 21203757 1 0 1706820013
WALL 21203757 1 0 1706820014
WALL 21203757 1 0 1706820015
WALL 21203757 1 0 1706820016
WALL 21203757 1 0 1706820017
WALL 21203757 1 0 1706820018
WALL 21203757 1 0 1706820019
WALL 21203757 1 0 1706820020
WALL 21203757 1 0 1706820021
WALL 21203757 1 0 1706820022
WALL 21203757 1 0 1706820023
WALL 21203757 1 0 1706820024
WALL 21203757 1 0 1706820025
WALL 21203757 1 0 1706820026
WALL 21203757 1 0 1706820027
WALL 21203757 1 0 1706820028
WALL 21203757 1 0 1706820029
WALL 21203757 1 0 1706820030
WALL 21203757 1 0 1706820031
WALL 21203757 1 0 1706820032
WALL 21203757 1 0 1706820033
WALL 21203757 1 0 1706820034
WALL 21203757 1 0 1706820035
WALL 21203757 1 0 1706820036
WALL 21203757 1 0 1706820037
WALL 21203757 1 0 1706820038
WALL 21203757 1 0 1706820039
WALL 21203757 1 0 1706820040
WALL 21203757 1 0 1706820041
WALL 21203757 1 0 1706820042
WALL 21203757 1 0 1706820043
WALL 21203757 1 0 1706820044
WALL 21203757 1 0 1706820045
WALL 21203757 1 0 1706820046
WALL 21203757 1 0 1706820047
WALL 21203757 1 0 1706820048
WALL 21203757 1 0 1706820049
WALL 21203757 1 0 1706820050
WALL 21203757 1 0 1706820051
WALL 21203757 1 0 1706820052
WALL 21203757 1 0 1706820053
WALL 21203757 1 0 1706820054
WALL 21203757 1 0 1706820055
WALL 21203757 1 0 1706820056
WALL 21203757 1 0 1706820057
WALL 21203757 1 0 1706820058
WALL 21203757 1 0 1706820059
WALL 21203757 1 0 1706820060
WALL 21203757 1 0 1706820061
WALL 21203757 1 0 1706820062
WALL 21203757 1 0 1706820063
WALL 21203757 1 0 1706820064
WALL 21203757 1 0 1706820065
WALL 21203757 1 0 1706820066
WALL 21203757 1 0 1706820067
WALL 21203757 1 0 1706820068
WALL 21203757 1 0 1706820069
WALL 21203757 1 0 1706820070
WALL 21203757 1 0 1706820071
WALL 21203757 1 0 1706820072
WALL 21203757 1 0 1706820073
WALL 21203757 1 0 1706820074
WALL 21203757 1 0 1706820075
WALL 21203757 1 0 1706820076
WALL 21203757 1 0 1706820077
WALL 21203757 1 0 1706820078
WALL 21203757 1 0 1706820079
WALL 21203757 1 0 1706820080
WALL 21203757 1 0 1706820081
WALL 21203757 1 0 1706820082
WALL 21203757 1 0 1706820083
WALL 21203757 1 0 1706820084
WALL 21203757 1 0 1706820085
WALL 21203757 1 0 1706820086
WALL 21203757 1 0 1706820087
WALL 21203757 1 0 1706820088
WALL 21203757 1 0 1706820089
WALL 21203757 1 0 1706820090
WALL 21203757 1 0 1706820091
WALL 21203757 1 0 1706820092
WALL 21203757 1 0 1706820093
WALL 21203757 1 0 1706820094
WALL 21203757 1 0 1706820095
WALL 21203757 1 0 1706820096
WALL 21203757 1 0 1706820097
WALL 21203757 1 0 1706820098
WALL 21203757 1 0 1706820099
WALL 21203757 1 0 1706820100
WALL 21203757 1 0 1706820101
WALL 21203757 1 0 1706820102
WALL 21203757 1 0 1706820103
WALL 21203757 1 0 1706820104
WALL 21203757 1 0 1706820105
WALL 21203757 1 0 1706820106
WALL 21203757 1 0 1706820107
WALL 21203757 1 0 1706820108
WALL 21203757 1 0 1706820109
WALL 21203757 1 0 1706820110
WALL 21203757 1 0 1706820111
WALL 21203757 1 0 1706820112
WALL 21203757 1 0 1706820113
WALL 21203757 1 0 1706820114
WALL 21203757 1 0 1706820115
WALL 21203757 1 0 1706820116
WALL 21203757 1 0 1706820117
WALL 21203757 1 0 1706820118
WALL 21203757 1 0 1706820119
WALL 21203757 1 0 1706820120
WALL 21203757 1 0 1706820121
WALL 21203757 1 0 1706820122
WALL 21203757 1 0 1706820123
WALL 21203757 1 0 1706820124
WALL 21203757 1 0 1706820125
WALL 21203757 1 0 1706820126
WALL 21203757 1 0 1706820127
WALL 21203757 1 0 1706820128
WALL 21203757 1 0 1706820129
WALL 21203757 1 0 1706820130
WALL 21203757 1 0 1706820131
WALL 21203757 1 0 1706820132
WALL 21203757 1 0 1706820133
WALL 21203757 1 0 1706820134
WALL 21203757 1 0 1706820135
WALL 21203757 1 0 1706820136
WALL 21203757 1 0 1706820137
WALL 21203757 1 0 1706820138
WALL 21203757 1 0 1706820139
WALL 21203757 1 0 1706820140
WALL 21203757 1 0 1706820141
WALL 21203757 1 0 1706820142
WALL 21203757 1 0 1706820143
WALL 21203757 1 0 1706820144
WALL 21203757 1 0 1706820145
WALL 21203757 1 0 1706820146
WALL 21203757 1 0 1706820147
WALL 21203757 1 0 1706820148
WALL 21203757 1 0 1706820149
WALL 21203757 1 0 1706820150
WALL 21203757 1 0 1706820151
WALL 21203757 1 0 1706820152
WALL 21203757 1 0 1706820153
WALL 21203757 1 0 1706820154
WALL 21203757 1 0 1706820155
WALL 21203757 1 0 1706820156
WALL 21203757 1 0 1706820157
WALL 21203757 1 0 1706820158
WALL 21203757 1 0 1706820159
WALL 21203757 1 0 1706820160
WALL 21203757 1 0 1706820161
WALL 21203757 1 0 1706820162
WALL 21203757 1 0 1706820163
WALL 21203757 1 0 1706820164
WALL 21203757 1 0 1706820165
WALL 21203757 1 0 1706820166
WALL 21203757 1 0 1706820167
WALL 21203757 1 0 1706820168
WALL 21203757 1 0 1706820169
WALL 21203757 1 0 1706820170
WALL 21203757 1 0 1706820171
WALL 21203757 1 0 1706820172
WALL 21203757 1 0 1706820173
WALL 21203757 1 0 1706820174
WALL 21203757 1 0 1706820175
WALL 21203757 1 0 1706820176
WALL 21203757 1 0 1706820177
WALL 21203757 1 0 1706820178
WALL 21203757 1 0 1706820179
WALL 21203757 1 0 1706820180
WALL 21203757 1 0 1706820181
WALL 21203757 1 0 1706820182
WALL 21203757 1 0 1706820183
WALL 21203757 1 0 1706820184
WALL 21203757 1 0 1706820185
WALL 21203757 1 0 1706820186
WALL 21203757 1 0 1706820187
WALL 21203757 1 0 1706820188
WALL 21203757 1 0 1706820189
WALL 21203757 1 0 1706820190
WALL 21203757 1 0 1706820191
WALL 21203757 1 0 1706820192
WALL 21203757 1 0 1706820193
WALL 21203757 1 0 1706820194
WALL 21203757 1 0 1706820195
WALL 21203757 1 0 1706820196
WALL 21203757 1 0 1706820197
WALL 21203757 1 0 1706820198
WALL 21203757 1 0 1706820199
WALL 21203757 1 0 1706820200
WALL 21203757 1 0 1706820201
WALL 21203757 1 0 1706820202
WALL 21203757 1 0 1706820203
WALL 21203757 1 0 1706820204
WALL 21203757 1 0 1706820205
WALL 21203757 1 0 1706820206
WALL 21203757 1 0 1706820207
WALL 21203757 1 0 1706820208
WALL 21203757 1 0 1706820209
WALL 21203757 1 0 1706820210
WALL 21203757 1 0 1706820211
WALL 21203757 1 0 1706820212
WALL 21203757 1 0 1706820213
WALL 21203757 1 0 1706820214
WALL 21203757 1 0 1706820215
WALL 21203757 1 0 1706820216
WALL 21203757 1 0 1706820217
WALL 21203757 1 0 1706820218
WALL 21203757 1 0 1706820219
WALL 21203757 1 0 1706820220
WALL 21203757 1 0 1706820221
WALL 21203757 1 0 1706820222
WALL 21203757 1 0 1706820223
WALL 21203757 1 0 1706820224
WALL 21203757 1 0 1706820225
WALL 21203757 1 0 1706820226
WALL 21203757 1 0 1706820227
WALL 21203757 1 0 1706820228
WALL 21203757 1 0 1706820229
WALL 21203757 1 0 1706820230
WALL 21203757 1 0 1706820231
WALL 21203757 1 0 1706820232
WALL 21203757 1 0 1706820233
WALL 21203757 1 0 1706820234
WALL 21203757 1 0 1706820235
WALL 21203757 1 0 1706820236
WALL 21203757 1 0 1706820237
WALL 21203757 1 0 1706820238
WALL 21203757 1 0 1706820239
WALL 21203757 1 0 1706820240
WALL 21203757 1 0 1706820241
WALL 21203757 1 0 1706820242
WALL 21203757 1 0 1706820243
WALL 21203757 1 0 1706820244
WALL 21203757 1 0 1706820245
WALL 21203757 1 0 1706820246
WALL 21203757 1 0 1706820247
WALL 21203757 1 0 1706820248
WALL 21203757 1 0 1706820249
WALL 21203757 1 0 1706820250
WALL 21203757 1 0 1706820251
WALL 21203757 1 0 1706820252
WALL 21203757 1 0 1706820253
WALL 21203757 1 0 1706820254
WALL 21203757 1 0 1706820255
WALL 21203757 1 0 1706820256
WALL 21203757 1 0 1706820257
WALL 21203757 1 0 1706820258
WALL 21203757 1 0 1706820259
WALL 21203757 1 0 1706820260
WALL 21203757 1 0 1706820261
WALL 21203757 1 0 1706820262
WALL 21203757 1 0 1706820263
WALL 21203757 1 0 1706820264
WALL 21203757 1 0 1706820265
WALL 21203757 1 0 1706820266
WALL 21203757 1 0 1706820267
WALL 21203757 1 0 1706820268
WALL 21203757 1 0 1706820269
WALL 21203757 1 0 1706820270
WALL 21203757 1 0 1706820271
WALL 21203757 1 0 1706820272
WALL 21203757 1 0 1706820273
WALL 21203757 1 0 1706820274
WALL 21203757 1 0 1706820275
WALL 21203757 1 0 1706820276
WALL 21203757 1 0 1706820277
WALL 21203757 1 0 1706820278
WALL 21203757 1 0 1706820279
WALL 21203757 1 0 1706820280
WALL 21203757 1 0 1706820281
WALL 21203757 1 0 1706820282
WALL 21203757 1 0 1706820283
WALL 21203757 1 0 1706820284
WALL 21203757 1 0 1706820285
WALL 21203757 1 0 1706820286
WALL 21203757 1 0 1706820287
WALL 21203757 1 0 1706820288
WALL 21203757 1 0 1706820289
WALL 21203757 1 0 1706820290
WALL 21203757 1 0 1706820291
WALL 21203757 1 0 1706820292
WALL 21203757 1 0 1706820293
WALL 21203757 1 0 1706820294
WALL 21203757 1 0 1706820295
WALL 21203757 1 0 1706820296
WALL 21203757 1 0 1706820297
WALL 21203757 1 0 1706820298
WALL 21203757 1 0 1706820299
WALL 21203757 1 0 1706820300
WALL 21203757 1 0 1706820301
WALL 21203757 1 0 1706820302
WALL 21203757 1 0 1706820303
WALL 21203757 1 0 1706820304
WALL 21203757 1 0 1706820305
WALL 21203757 1 0 1706820306
WALL 21203757 1 0 1706820307
WALL 21203757 1 0 1706820308
WALL 21203757 1 0 1706820309
WALL 21203757 1 0 1706820310
WALL 21203757 1 0 1706820311
WALL 21203757 1 0 1706820312
WALL 21203757 1 0 1706820313
WALL 21203757 1 0 1706820314
WALL 21203757 1 0 1706820315
WALL 21203757 1 0 1706820316
WALL 21203757 1 0 1706820317
WALL 21203757 1 0 1706820318
WALL 21203757 1 0 1706820319
WALL 21203757 1 0 1706820320
WALL 21203757 1 0 1706820321
WALL 21203757 1 0 1706820322
WALL 21203757 1 0 1706820323
WALL 21203757 1 0 1706820324
WALL 21203757 1 0 1706820325
WALL 21203757 1 0 1706820326
WALL 21203757 1 0 1706820327
WALL 21203757 1 0 1706820328
WALL 21203757 1 0 1706820329
WALL 21203757 1 0 1706820330
WALL 21203757 1 0 1706820331
WALL 21203757 1 0 1706820332
WALL 21203757 1 0 1706820333
WALL 21203757 1 0 1706820334
WALL 21203757 1 0 1706820335
WALL 21203757 1 0 1706820336
WALL 21203757 1 0 1706820337
WALL 21203757 1 0 1706820338
WALL 21203757 1 0 1706820339
WALL 21203757 1 0 1706820340
WALL 21203757 1 0 1706820341
WALL 21203757 1 0 1706820342
WALL 21203757 1 0 1706820343
WALL 21203757 1 0 1706820344
WALL 21203757 1 0 1706820345
WALL 21203757 1 0 1706820346
WALL 21203757 1 0 1706820347
WALL 21203757 1 0 1706820348
WALL 21203757 1 0 1706820349
WALL 21203757 1 0 1706820350
WALL 21203757 1 0 1706820351
WALL 21203757 1 0 1706820352
WALL 21203757 1 0 1706820353
WALL 21203757 1 0 1706820354
WALL 21203757 1 0 1706820355
WALL 21203757 1 0 1706820356
WALL 21203757 1 0 1706820357
WALL 21203757 1 0 1706820358
WALL 21203757 1 0 1706820359
WALL 21203757 1 0 1706820360
WALL 21203757 1 0 1706820361
WALL 21203757 1 0 1706820362
WALL 21203757 1 0 1706820363
WALL 21203757 1 0 1706820364
WALL 21203757 1 0 1706820365
WALL 21203757 1 0 1706820366
WALL 21203757 1 0 1706820367
WALL 21203757 1 0 1706820368
WALL 21203757 1 0 1706820369
WALL 21203757 1 0 1706820370
WALL 21203757 1 0 1706820371
WALL 21203757 1 0 1706820372
WALL 21203757 1 0 1706820373
WALL 21203757 1 0 1706820374
WALL 21203757 1 0 1706820375
WALL 21203757 1 0 1706820376
WALL 21203757 1 0 1706820377
WALL 21203757 1 0 1706820378
WALL 21203757 1 0 1706820379
WALL 21203757 1 0 1706820380
WALL 21203757 1 0 1706820381
WALL 21203757 1 0 1706820382
WALL 21203757 1 0 1706820383
WALL 21203757 1 0 1706820384
WALL 21203757 1 0 1706820385
WALL 21203757 1 0 1706820386
WALL 21203757 1 0 1706820387
WALL 21203757 1 0 1706820388
WALL 21203757 1 0 1706820389
WALL 21203757 1 0 1706820390
WALL 21203757 1 0 1706820391
WALL 21203757 1 0 1706820392
WALL 21203757 1 0 1706820393
WALL 21203757 1 0 1706820394
WALL 21203757 1 0 1706820395
WALL 21203757 1 0 1706820396
WALL 21203757 1 0 1706820397
WALL 21203757 1 0 1706820398
WALL 21203757 1 0 1706820399
WALL 21203757 1 0 1706820400
WALL 21203757 1 0 1706820401
WALL 21203757 1 0 1706820402
WALL 21203757 1 0 1706820403
WALL 21203757 1 0 1706820404
WALL 21203757 1 0 1706820405
WALL 21203757 1 0 1706820406
WALL 21203757 1 0 1706820407
WALL 21203757 1 0 1706820408
WALL 21203757 1 0 1706820409
WALL 21203757 1 0 1706820410
WALL 21203757 1 0 1706820411
WALL 21203757 1 0 1706820412
WALL 21203757 1 0 1706820413
WALL 21203757 1 0 1706820414
WALL 21203757 1 0 1706820415
WALL 21203757 1 0 1706820416
WALL 21203757 1 0 1706820417
WALL 21203757 1 0 1706820418
WALL 21203757 1 0 1706820419
WALL 21203757 1 0 1706820420
WALL 21203757 1 0 1706820421
WALL 21203757 1 0 1706820422
WALL 21203757 1 0 1706820423
WALL 21203757 1 0 1706820424
WALL 21203757 1 0 1706820425
WALL 21203757 1 0 1706820426
WALL 21203757 1 0 1706820427
WALL 21203757 1 0 1706820428
WALL 21203757 1 0 1706820429
WALL 21203757 1 0 1706820430
WALL 21203757 1 0 1706820431
WALL 21203757 1 0 1706820432
WALL 21203757 1 0 1706820433
WALL 21203757 1 0 1706820434
WALL 21203757 1 0 1706820435
WALL 21203757 1 0 1706820436
WALL 21203757 1 0 1706820437
WALL 21203757 1 0 1706820438
WALL 21203757 1 0 1706820439
WALL 21203757 1 0 1706820440
WALL 21203757 1 0 1706820441
WALL 21203757 1 0 1706820442
WALL 21203757 1 0 1706820443
WALL 21203757 1 0 1706820444
WALL 21203757 1 0 1706820445
WALL 21203757 1 0 1706820446
WALL 21203757 1 0 1706820447
WALL 21203757 1 0 1706820448
WALL 21203757 1 0 1706820449
WALL 21203757 1 0 1706820450
WALL 21203757 1 0 1706820451
WALL 21203757 1 0 1706820452
WALL 21203757 1 0 1706820453
WALL 21203757 1 0 1706820454
WALL 21203757 1 0 1706820455
WALL 21203757 1 0 1706820456
WALL 21203757 1 0 1706820457
WALL 21203757 1 0 1706820458
WALL 21203757 1 0 1706820459
WALL 21203757 1 0 1706820460
WALL 21203757 1 0 1706820461
WALL 21203757 1 0 1706820462
WALL 21203757 1 0 1706820463
WALL 21203757 1 0 1706820464
WALL 21203757 1 0 1706820465
WALL 21203757 1 0 1706820466
WALL 21203757 1 0 1706820467
WALL 21203757 1 0 1706820468
WALL 21203757 1 0 1706820469
WALL 21203757 1 0 1706820470
WALL 21203757 1 0 1706820471
WALL 21203757 1 0 1706820472
WALL 21203757 1 0 1706820473
WALL 21203757 1 0 1706820474
WALL 21203757 1 0 1706820475
WALL 21203757 1 0 1706820476
WALL 21203757 1 0 1706820477
WALL 21203757 1 0 1706820478
WALL 21203757 1 0 1706820479
WALL 21203757 1 0 1706820480
WALL 21203757 1 0 1706820481
WALL 21203757 1 0 1706820482
WALL 21203757 1 0 1706820483
WALL 21203757 1 0 1706820484
WALL 21203757 1 0 1706820485
WALL 21203757 1 0 1706820486
WALL 21203757 1 0 1706820487
WALL 21203757 1 0 1706820488
WALL 21203757 1 0 1706820489
WALL 21203757 1 0 1706820490
WALL 21203757 1 0 1706820491
WALL 21203757 1 0 1706820492
WALL 21203757 1 0 1706820493
WALL 21203757 1 0 1706820494
WALL 21203757 1 0 1706820495
WALL 21203757 1 0 1706820496
WALL 21203757 1 0 1706820497
WALL 21203757 1 0 1706820498
WALL 21203757 1 0 1706820499
WALL 21203757 1 0 1706820500
WALL 21203757 1 0 1706820501
WALL 21203757 1 0 1706820502
WALL 21203757 1 0 1706820503
WALL 21203757 1 0 1706820504
WALL 21203757 1 0 1706820505
WALL 21203757 1 0 1706820506
WALL 21203757 1 0 1706820507
WALL 21203757 1 0 1706820508
WALL 21203757 1 0 1706820509
WALL 21203757 1 0 1706820510
WALL 21203757 1 0 1706820511
WALL 21203757 1 0 1706820512
WALL 21203757 1 0 1706820513
WALL 21203757 1 0 1706820514
WALL 21203757 1 0 1706820515
WALL 21203757 1 0 1706820516
WALL 21203757 1 0 1706820517
WALL 21203757 1 0 1706820518
WALL 21203757 1 0 1706820519
WALL 21203757 1 0 1706820520
WALL 21203757 1 0 1706820521
WALL 21203757 1 0 1706820522
WALL 21203757 1 0 1706820523
WALL 21203757 1 0 1706820524
WALL 21203757 1 0 1706820525
WALL 21203757 1 0 1706820526
WALL 21203757 1 0 1706820527
WALL 21203757 1 0 1706820528
WALL 21203757 1 0 1706820529
WALL 21203757 1 0 1706820530
WALL 21203757 1 0 1706820531
WALL 21203757 1 0 1706820532
WALL 21203757 1 0 1706820533
WALL 21203757 1 0 1706820534
WALL 21203757 1 0 1706820535
WALL 21203757 1 0 1706820536
WALL 21203757 1 0 1706820537
WALL 21203757 1 0 1706820538
WALL 21203757 1 0 1706820539
WALL 21203757 1 0 1706820540
WALL 21203757 1 0 1706820541
WALL 21203757 1 0 1706820542
WALL 21203757 1 0 1706820543
WALL 21203757 1 0 1706820544
WALL 21203757 1 0 1706820545
WALL 21203757 1 0 1706820546
WALL 21203757 1 0 1706820547
WALL 21203757 1 0 1706820548
WALL 21203757 1 0 1706820549
WALL 21203757 1 0 1706820550
WALL 21203757 1 0 1706820551
WALL 21203757 1 0 1706820552
WALL 21203757 1 0 1706820553
WALL 21203757 1 0 1706820554
WALL 21203757 1 0 1706820555
WALL 21203757 1 0 1706820556
WALL 21203757 1 0 1706820557
WALL 21203757 1 0 1706820558
WALL 21203757 1 0 1706820559
WALL 21203757 1 0 1706820560
WALL 21203757 1 0 1706820561
WALL 21203757 1 0 1706820562
WALL 21203757 1 0 1706820563
WALL 21203757 1 0 1706820564
WALL 21203757 1 0 1706820565
WALL 21203757 1 0 1706820566
WALL 21203757 1 0 1706820567
WALL 21203757 1 0 1706820568
WALL 21203757 1 0 1706820569
WALL 21203757 1 0 1706820570
WALL 21203757 1 0 1706820571
WALL 21203757 1 0 1706820572
WALL 21203757 1 0 1706820573
WALL 21203757 1 0 1706820574
WALL 21203757 1 0 1706820575
WALL 21203757 1 0 1706820576
WALL 21203757 1 0 1706820577
WALL 21203757 1 0 1706820578
WALL 21203757 1 0 1706820579
WALL 21203757 1 0 1706820580
WALL 21203757 1 0 1706820581
WALL 21203757 1 0 1706820582
WALL 21203757 1 0 1706820583
WALL 21203757 1 0 1706820584
WALL 21203757 1 0 1706820585
WALL 21203757 1 0 1706820586
WALL 21203757 1 0 1706820587
WALL 21203757 1 0 1706820588
WALL 21203757 1 0 1706820589
WALL 21203757 1 0 1706820590
WALL 21203757 1 0 1706820591
WALL 21203757 1 0 1706820592
WALL 21203757 1 0 1706820593
WALL 21203757 1 0 1706820594
WALL 21203757 1 0 1706820595
WALL 21203757 1 0 1706820596
WALL 21203757 1 0 1706820597
WALL 21203757 1 0 1706820598
WALL 21203757 1 0 1706820599
WALL 21203757 1 0 1706820600
WALL 21203757 1 0 1706820601
WALL 21203757 1 0 1706820602
WALL 21203757 1 0 1706820603
WALL 21203757 1 0 1706820604
WALL 21203757 1 0 1706820605
WALL 21203757 1 0 1706820606
WALL 21203757 1 0 1706820607
WALL 21203757 1 0 1706820608
WALL 21203757 1 0 1706820609
WALL 21203757 1 0 1706820610
WALL 21203757 1 0 1706820611
WALL 21203757 1 0 1706820612
WALL 21203757 1 0 1706820613
WALL 21203757 1 0 1706820614
WALL 21203757 1 0 1706820615
WALL 21203757 1 0 1706820616
WALL 21203757 1 0 1706820617
WALL 21203757 1 0 1706820618
WALL 21203757 1 0 1706820619
WALL 21203757 1 0 1706820620
WALL 21203757 1 0 1706820621
WALL 21203757 1 0 1706820622
WALL 21203757 1 0 1706820623
WALL 21203757 1 0 1706820624
WALL 21203757 1 0 1706820625
WALL 21203757 1 0 1706820626
WALL 21203757 1 0 1706820627
WALL 21203757 1 0 1706820628
WALL 21203757 1 0 1706820629
WALL 21203757 1 0 1706820630
WALL 21203757 1 0 1706820631
WALL 21203757 1 0 1706820632
WALL 21203757 1 0 1706820633
WALL 21203757 1 0 1706820634
WALL 21203757 1 0 1706820635
WALL 21203757 1 0 1706820636
WALL 21203757 1 0 1706820637
WALL 21203757 1 0 1706820638
WALL 21203757 1 0 1706820639
WALL 21203757 1 0 1706820640
WALL 21203757 1 0 1706820641
WALL 21203757 1 0 1706820642
WALL 21203757 1 0 1706820643
WALL 21203757 1 0 1706820644
WALL 21203757 1 0 1706820645
WALL 21203757 1 0 1706820646
WALL 21203757 1 0 1706820647
WALL 21203757 1 0 1706820648
WALL 21203757 1 0 1706820649
WALL 21203757 1 0 1706820650
WALL 21203757 1 0 1706820651
WALL 21203757 1 0 1706820652
WALL 21203757 1 0 1706820653
WALL 21203757 1 0 1706820654
WALL 21203757 1 0 1706820655
WALL 21203757 1 0 1706820656
WALL 21203757 1 0 1706820657
WALL 21203757 1 0 1706820658
WALL 21203757 1 0 1706820659
WALL 21203757 1 0 1706820660
WALL 21203757 1 0 1706820661
WALL 21203757 1 0 1706820662
WALL 21203757 1 0 1706820663
WALL 21203757 1 0 1706820664
WALL 21203757 1 0 1706820665
WALL 21203757 1 0 1706820666
WALL 21203757 1 0 1706820667
WALL 21203757 1 0 1706820668
WALL 21203757 1 0 1706820669
WALL 21203757 1 0 1706820670
WALL 21203757 1 0 1706820671
WALL 21203757 1 0 1706820672
WALL 21203757 1 0 1706820673
WALL 21203757 1 0 1706820674
WALL 21203757 1 0 1706820675
WALL 21203757 1 0 1706820676
WALL 21203757 1 0 1706820677
WALL 21203757 1 0 1706820678
WALL 21203757 1 0 1706820679
WALL 21203757 1 0 1706820680
WALL 21203757 1 0 1706820681
WALL 21203757 1 0 1706820682
WALL 21203757 1 0 1706820683
WALL 21203757 1 0 1706820684
WALL 21203757 1 0 1706820685
WALL 21203757 1 0 1706820686
WALL 21203757 1 0 1706820687
WALL 21203757 1 0 1706820688
WALL 21203757 1 0 1706820689
WALL 21203757 1 0 1706820690
WALL 21203757 1 0 1706820691
WALL 21203757 1 0 1706820692
WALL 21203757 1 0 1706820693
WALL 21203757 1 0 1706820694
WALL 21203757 1 0 1706820695
WALL 21203757 1 0 1706820696
WALL 21203757 1 0 1706820697
WALL 21203757 1 0 1706820698
WALL 21203757 1 0 1706820699
WALL 21203757 1 0 1706820700
WALL 21203757 1 0 1706820701
WALL 21203757 1 0 1706820702
WALL 21203757 1 0 1706820703
WALL 21203757 1 0 1706820704
WALL 21203757 1 0 1706820705
WALL 21203757 1 0 1706820706
WALL 21203757 1 0 1706820707
WALL 21203757 1 0 1706820708
WALL 21203757 1 0 1706820709
WALL 21203757 1 0 1706820710
WALL 21203757 1 0 1706820711
WALL 21203757 1 0 1706820712
WALL 21203757 1 0 1706820713
WALL 21203757 1 0 1706820714
WALL 21203757 1 0 1706820715
WALL 21203757 1 0 1706820716
WALL 21203757 1 0 1706820717
WALL 21203757 1 0 1706820718
WALL 21203757 1 0 1706820719
WALL 21203757 1 0 1706820720
WALL 21203757 1 0 1706820721
WALL 21203757 1 0 1706820722
WALL 21203757 1 0 1706820723
WALL 21203757 1 0 1706820724
WALL 21203757 1 0 1706820725
WALL 21203757 1 0 1706820726
WALL 21203757 1 0 1706820727
WALL 21203757 1 0 1706820728
WALL 21203757 1 0 1706820729
WALL 21203757 1 0 1706820730
WALL 21203757 1 0 1706820731
WALL 21203757 1 0 1706820732
WALL 21203757 1 0 1706820733
WALL 21203757 1 0 1706820734
WALL 21203757 1 0 1706820735
WALL 21203757 1 0 1706820736
WALL 21203757 1 0 1706820737
WALL 21203757 1 0 1706820738
WALL 21203757 1 0 1706820739
WALL 21203757 1 0 1706820740
WALL 21203757 1 0 1706820741
WALL 21203757 1 0 1706820742
WALL 21203757 1 0 1706820743
WALL 21203757 1 0 1706820744
WALL 21203757 1 0 1706820745
WALL 21203757 1 0 1706820746
WALL 21203757 1 0 1706820747
WALL 21203757 1 0 1706820748
WALL 21203757 1 0 1706820749
WALL 21203757 1 0 1706820750
WALL 21203757 1 0 1706820751
WALL 21203757 1 0 1706820752
WALL 21203757 1 0 1706820753
WALL 21203757 1 0 1706820754
WALL 21203757 1 0 1706820755
WALL 21203757 1 0 1706820756
WALL 21203757 1 0 1706820757
WALL 21203757 1 0 1706820758
WALL 21203757 1 0 1706820759
WALL 21203757 1 0 1706820760
WALL 21203757 1 0 1706820761
WALL 21203757 1 0 1706820762
WALL 21203757 1 0 1706820763
WALL 21203757 1 0 1706820764
WALL 21203757 1 0 1706820765
WALL 21203757 1 0 1706820766
WALL 21203757 1 0 1706820767
WALL 21203757 1 0 1706820768
WALL 21203757 1 0 1706820769
WALL 21203757 1 0 1706820770
WALL 21203757 1 0 1706820771
WALL 21203757 1 0 1706820772
slurmstepd: error: *** STEP 21203757.0 ON nid200006 CANCELLED AT 2024-02-01T20:52:53 ***
received SIGCONT 1706820773
WALL 21203757 1 0 1706820773
received SIGTERM 1706820773
WALL 21203757 1 0 1706820773
WALL 21203757 1 0 1706820774
WALL 21203757 1 0 1706820775
WALL 21203757 1 0 1706820776
WALL 21203757 1 0 1706820777
WALL 21203757 1 0 1706820778
WALL 21203757 1 0 1706820779
WALL 21203757 1 0 1706820780
WALL 21203757 1 0 1706820781
WALL 21203757 1 0 1706820782
WALL 21203757 1 0 1706820783
WALL 21203757 1 0 1706820784
WALL 21203757 1 0 1706820785
WALL 21203757 1 0 1706820786
WALL 21203757 1 0 1706820787
WALL 21203757 1 0 1706820788
WALL 21203757 1 0 1706820789
WALL 21203757 1 0 1706820790
WALL 21203757 1 0 1706820791
WALL 21203757 1 0 1706820792
WALL 21203757 1 0 1706820793
WALL 21203757 1 0 1706820794
WALL 21203757 1 0 1706820795
WALL 21203757 1 0 1706820796
WALL 21203757 1 0 1706820797
WALL 21203757 1 0 1706820798
WALL 21203757 1 0 1706820799
WALL 21203757 1 0 1706820800
WALL 21203757 1 0 1706820801
WALL 21203757 1 0 1706820802
WALL 21203757 1 0 1706820803
WALL 21203757 1 0 1706820804
WALL 21203757 1 0 1706820805
WALL 21203757 1 0 1706820806
WALL 21203757 1 0 1706820807
WALL 21203757 1 0 1706820808
WALL 21203757 1 0 1706820809
WALL 21203757 1 0 1706820810
WALL 21203757 1 0 1706820811
WALL 21203757 1 0 1706820812
WALL 21203757 1 0 1706820813
WALL 21203757 1 0 1706820814
WALL 21203757 1 0 1706820815
WALL 21203757 1 0 1706820816
WALL 21203757 1 0 1706820817
WALL 21203757 1 0 1706820818
WALL 21203757 1 0 1706820819
WALL 21203757 1 0 1706820820
WALL 21203757 1 0 1706820821
WALL 21203757 1 0 1706820822
WALL 21203757 1 0 1706820823
WALL 21203757 1 0 1706820824
WALL 21203757 1 0 1706820825
WALL 21203757 1 0 1706820826
WALL 21203757 1 0 1706820827
WALL 21203757 1 0 1706820828
WALL 21203757 1 0 1706820829
WALL 21203757 1 0 1706820830
WALL 21203757 1 0 1706820831
WALL 21203757 1 0 1706820832
WALL 21203757 1 0 1706820833
WALL 21203757 1 0 1706820834
WALL 21203757 1 0 1706820835
WALL 21203757 1 0 1706820836
WALL 21203757 1 0 1706820837
WALL 21203757 1 0 1706820838
WALL 21203757 1 0 1706820839
WALL 21203757 1 0 1706820840
WALL 21203757 1 0 1706820841
WALL 21203757 1 0 1706820842
WALL 21203757 1 0 1706820843
WALL 21203757 1 0 1706820844
WALL 21203757 1 0 1706820845
WALL 21203757 1 0 1706820846
WALL 21203757 1 0 1706820847
WALL 21203757 1 0 1706820848
WALL 21203757 1 0 1706820849
slurmstepd: error: *** JOB 21203757 ON nid200006 CANCELLED AT 2024-02-01T20:54:09 DUE TO PREEMPTION ***
received SIGTERM 1706820849
WALL 21203757 1 0 1706820849
received SIGCONT 1706820849
WALL 21203757 1 0 1706820849
received SIGTERM 1706820849
WALL 21203757 1 0 1706820849
