WALL 21153363 1 0 1706742249
WALL 21153363 1 0 1706742250
WALL 21153363 1 0 1706742251
WALL 21153363 1 0 1706742252
WALL 21153363 1 0 1706742253
WALL 21153363 1 0 1706742254
WALL 21153363 1 0 1706742255
WALL 21153363 1 0 1706742256
WALL 21153363 1 0 1706742257
WALL 21153363 1 0 1706742258
WALL 21153363 1 0 1706742259
WALL 21153363 1 0 1706742260
WALL 21153363 1 0 1706742261
WALL 21153363 1 0 1706742262
WALL 21153363 1 0 1706742263
WALL 21153363 1 0 1706742264
WALL 21153363 1 0 1706742265
WALL 21153363 1 0 1706742266
WALL 21153363 1 0 1706742267
WALL 21153363 1 0 1706742268
WALL 21153363 1 0 1706742269
WALL 21153363 1 0 1706742270
WALL 21153363 1 0 1706742271
WALL 21153363 1 0 1706742272
WALL 21153363 1 0 1706742273
WALL 21153363 1 0 1706742274
WALL 21153363 1 0 1706742275
WALL 21153363 1 0 1706742276
WALL 21153363 1 0 1706742277
WALL 21153363 1 0 1706742278
WALL 21153363 1 0 1706742279
WALL 21153363 1 0 1706742280
WALL 21153363 1 0 1706742281
WALL 21153363 1 0 1706742282
WALL 21153363 1 0 1706742283
WALL 21153363 1 0 1706742284
WALL 21153363 1 0 1706742285
WALL 21153363 1 0 1706742286
WALL 21153363 1 0 1706742287
WALL 21153363 1 0 1706742288
WALL 21153363 1 0 1706742289
WALL 21153363 1 0 1706742290
WALL 21153363 1 0 1706742291
WALL 21153363 1 0 1706742292
WALL 21153363 1 0 1706742293
WALL 21153363 1 0 1706742294
WALL 21153363 1 0 1706742295
WALL 21153363 1 0 1706742296
WALL 21153363 1 0 1706742297
WALL 21153363 1 0 1706742298
WALL 21153363 1 0 1706742299
WALL 21153363 1 0 1706742300
WALL 21153363 1 0 1706742301
WALL 21153363 1 0 1706742302
WALL 21153363 1 0 1706742303
WALL 21153363 1 0 1706742304
WALL 21153363 1 0 1706742305
WALL 21153363 1 0 1706742306
WALL 21153363 1 0 1706742307
WALL 21153363 1 0 1706742308
WALL 21153363 1 0 1706742309
WALL 21153363 1 0 1706742310
WALL 21153363 1 0 1706742311
WALL 21153363 1 0 1706742312
WALL 21153363 1 0 1706742313
WALL 21153363 1 0 1706742314
WALL 21153363 1 0 1706742315
WALL 21153363 1 0 1706742316
WALL 21153363 1 0 1706742317
WALL 21153363 1 0 1706742318
WALL 21153363 1 0 1706742319
WALL 21153363 1 0 1706742320
WALL 21153363 1 0 1706742321
WALL 21153363 1 0 1706742322
WALL 21153363 1 0 1706742323
WALL 21153363 1 0 1706742324
WALL 21153363 1 0 1706742325
WALL 21153363 1 0 1706742326
WALL 21153363 1 0 1706742327
WALL 21153363 1 0 1706742328
WALL 21153363 1 0 1706742329
WALL 21153363 1 0 1706742330
WALL 21153363 1 0 1706742331
WALL 21153363 1 0 1706742332
WALL 21153363 1 0 1706742333
WALL 21153363 1 0 1706742334
WALL 21153363 1 0 1706742335
WALL 21153363 1 0 1706742336
WALL 21153363 1 0 1706742337
WALL 21153363 1 0 1706742338
WALL 21153363 1 0 1706742339
WALL 21153363 1 0 1706742340
WALL 21153363 1 0 1706742341
WALL 21153363 1 0 1706742342
WALL 21153363 1 0 1706742343
WALL 21153363 1 0 1706742344
WALL 21153363 1 0 1706742345
WALL 21153363 1 0 1706742346
WALL 21153363 1 0 1706742347
WALL 21153363 1 0 1706742348
WALL 21153363 1 0 1706742349
WALL 21153363 1 0 1706742350
WALL 21153363 1 0 1706742351
WALL 21153363 1 0 1706742352
WALL 21153363 1 0 1706742353
WALL 21153363 1 0 1706742354
WALL 21153363 1 0 1706742355
WALL 21153363 1 0 1706742356
WALL 21153363 1 0 1706742357
WALL 21153363 1 0 1706742358
WALL 21153363 1 0 1706742359
WALL 21153363 1 0 1706742360
WALL 21153363 1 0 1706742361
WALL 21153363 1 0 1706742362
WALL 21153363 1 0 1706742363
WALL 21153363 1 0 1706742364
WALL 21153363 1 0 1706742365
WALL 21153363 1 0 1706742366
WALL 21153363 1 0 1706742367
WALL 21153363 1 0 1706742368
WALL 21153363 1 0 1706742369
WALL 21153363 1 0 1706742370
WALL 21153363 1 0 1706742371
WALL 21153363 1 0 1706742372
WALL 21153363 1 0 1706742373
WALL 21153363 1 0 1706742374
WALL 21153363 1 0 1706742375
WALL 21153363 1 0 1706742376
WALL 21153363 1 0 1706742377
WALL 21153363 1 0 1706742378
WALL 21153363 1 0 1706742379
WALL 21153363 1 0 1706742380
WALL 21153363 1 0 1706742381
WALL 21153363 1 0 1706742382
WALL 21153363 1 0 1706742383
WALL 21153363 1 0 1706742384
WALL 21153363 1 0 1706742385
WALL 21153363 1 0 1706742386
WALL 21153363 1 0 1706742387
WALL 21153363 1 0 1706742388
WALL 21153363 1 0 1706742389
WALL 21153363 1 0 1706742390
WALL 21153363 1 0 1706742391
WALL 21153363 1 0 1706742392
WALL 21153363 1 0 1706742393
WALL 21153363 1 0 1706742394
WALL 21153363 1 0 1706742395
WALL 21153363 1 0 1706742396
WALL 21153363 1 0 1706742397
WALL 21153363 1 0 1706742398
WALL 21153363 1 0 1706742399
WALL 21153363 1 0 1706742400
WALL 21153363 1 0 1706742401
WALL 21153363 1 0 1706742402
WALL 21153363 1 0 1706742403
WALL 21153363 1 0 1706742404
WALL 21153363 1 0 1706742405
WALL 21153363 1 0 1706742406
WALL 21153363 1 0 1706742407
received SIGCONT 1706742408
WALL 21153363 1 0 1706742408
slurmstepd: error: *** STEP 21153363.0 ON nid200023 CANCELLED AT 2024-01-31T23:06:48 ***
received SIGTERM 1706742408
WALL 21153363 1 0 1706742408
WALL 21153363 1 0 1706742409
WALL 21153363 1 0 1706742410
WALL 21153363 1 0 1706742411
WALL 21153363 1 0 1706742412
WALL 21153363 1 0 1706742413
WALL 21153363 1 0 1706742414
WALL 21153363 1 0 1706742415
WALL 21153363 1 0 1706742416
WALL 21153363 1 0 1706742417
WALL 21153363 1 0 1706742418
WALL 21153363 1 0 1706742419
WALL 21153363 1 0 1706742420
WALL 21153363 1 0 1706742421
WALL 21153363 1 0 1706742422
WALL 21153363 1 0 1706742423
WALL 21153363 1 0 1706742424
WALL 21153363 1 0 1706742425
WALL 21153363 1 0 1706742426
WALL 21153363 1 0 1706742427
WALL 21153363 1 0 1706742428
WALL 21153363 1 0 1706742429
WALL 21153363 1 0 1706742430
WALL 21153363 1 0 1706742431
WALL 21153363 1 0 1706742432
WALL 21153363 1 0 1706742433
WALL 21153363 1 0 1706742434
WALL 21153363 1 0 1706742435
WALL 21153363 1 0 1706742436
WALL 21153363 1 0 1706742437
WALL 21153363 1 0 1706742438
WALL 21153363 1 0 1706742439
WALL 21153363 1 0 1706742440
WALL 21153363 1 0 1706742441
WALL 21153363 1 0 1706742442
WALL 21153363 1 0 1706742443
WALL 21153363 1 0 1706742444
WALL 21153363 1 0 1706742445
WALL 21153363 1 0 1706742446
WALL 21153363 1 0 1706742447
WALL 21153363 1 0 1706742448
WALL 21153363 1 0 1706742449
WALL 21153363 1 0 1706742450
WALL 21153363 1 0 1706742451
WALL 21153363 1 0 1706742452
WALL 21153363 1 0 1706742453
WALL 21153363 1 0 1706742454
WALL 21153363 1 0 1706742455
WALL 21153363 1 0 1706742456
WALL 21153363 1 0 1706742457
WALL 21153363 1 0 1706742458
WALL 21153363 1 0 1706742459
WALL 21153363 1 0 1706742460
WALL 21153363 1 0 1706742461
WALL 21153363 1 0 1706742462
WALL 21153363 1 0 1706742463
WALL 21153363 1 0 1706742464
WALL 21153363 1 0 1706742465
WALL 21153363 1 0 1706742466
WALL 21153363 1 0 1706742467
WALL 21153363 1 0 1706742468
WALL 21153363 1 0 1706742469
WALL 21153363 1 0 1706742470
WALL 21153363 1 0 1706742471
WALL 21153363 1 0 1706742472
WALL 21153363 1 0 1706742473
WALL 21153363 1 0 1706742474
WALL 21153363 1 0 1706742475
WALL 21153363 1 0 1706742476
WALL 21153363 1 0 1706742477
WALL 21153363 1 0 1706742478
WALL 21153363 1 0 1706742479
WALL 21153363 1 0 1706742480
WALL 21153363 1 0 1706742481
WALL 21153363 1 0 1706742482
slurmstepd: error: *** JOB 21153363 ON nid200023 CANCELLED AT 2024-01-31T23:08:02 DUE TO PREEMPTION ***
received SIGTERM 1706742482
WALL 21153363 1 0 1706742482
received SIGCONT 1706742482
WALL 21153363 1 0 1706742482
received SIGTERM 1706742482
WALL 21153363 1 0 1706742482
