WALL 21150646 1 0 1706738888
WALL 21150646 1 0 1706738889
WALL 21150646 1 0 1706738890
WALL 21150646 1 0 1706738891
WALL 21150646 1 0 1706738892
WALL 21150646 1 0 1706738893
WALL 21150646 1 0 1706738894
WALL 21150646 1 0 1706738895
WALL 21150646 1 0 1706738896
WALL 21150646 1 0 1706738897
WALL 21150646 1 0 1706738898
WALL 21150646 1 0 1706738899
WALL 21150646 1 0 1706738900
WALL 21150646 1 0 1706738901
WALL 21150646 1 0 1706738902
WALL 21150646 1 0 1706738903
WALL 21150646 1 0 1706738904
WALL 21150646 1 0 1706738905
WALL 21150646 1 0 1706738906
WALL 21150646 1 0 1706738907
WALL 21150646 1 0 1706738908
WALL 21150646 1 0 1706738909
WALL 21150646 1 0 1706738910
WALL 21150646 1 0 1706738911
WALL 21150646 1 0 1706738912
WALL 21150646 1 0 1706738913
WALL 21150646 1 0 1706738914
WALL 21150646 1 0 1706738915
WALL 21150646 1 0 1706738916
WALL 21150646 1 0 1706738917
WALL 21150646 1 0 1706738918
WALL 21150646 1 0 1706738919
WALL 21150646 1 0 1706738920
WALL 21150646 1 0 1706738921
WALL 21150646 1 0 1706738922
WALL 21150646 1 0 1706738923
WALL 21150646 1 0 1706738924
WALL 21150646 1 0 1706738925
WALL 21150646 1 0 1706738926
WALL 21150646 1 0 1706738927
WALL 21150646 1 0 1706738928
WALL 21150646 1 0 1706738929
WALL 21150646 1 0 1706738930
WALL 21150646 1 0 1706738931
WALL 21150646 1 0 1706738932
WALL 21150646 1 0 1706738933
WALL 21150646 1 0 1706738934
WALL 21150646 1 0 1706738935
WALL 21150646 1 0 1706738936
WALL 21150646 1 0 1706738937
WALL 21150646 1 0 1706738938
WALL 21150646 1 0 1706738939
WALL 21150646 1 0 1706738940
WALL 21150646 1 0 1706738941
WALL 21150646 1 0 1706738942
WALL 21150646 1 0 1706738943
WALL 21150646 1 0 1706738944
WALL 21150646 1 0 1706738945
WALL 21150646 1 0 1706738946
WALL 21150646 1 0 1706738947
WALL 21150646 1 0 1706738948
WALL 21150646 1 0 1706738949
WALL 21150646 1 0 1706738950
WALL 21150646 1 0 1706738951
WALL 21150646 1 0 1706738952
WALL 21150646 1 0 1706738953
WALL 21150646 1 0 1706738954
WALL 21150646 1 0 1706738955
WALL 21150646 1 0 1706738956
WALL 21150646 1 0 1706738957
WALL 21150646 1 0 1706738958
WALL 21150646 1 0 1706738959
WALL 21150646 1 0 1706738960
WALL 21150646 1 0 1706738961
WALL 21150646 1 0 1706738962
WALL 21150646 1 0 1706738963
WALL 21150646 1 0 1706738964
WALL 21150646 1 0 1706738965
WALL 21150646 1 0 1706738966
WALL 21150646 1 0 1706738967
WALL 21150646 1 0 1706738968
WALL 21150646 1 0 1706738969
WALL 21150646 1 0 1706738970
WALL 21150646 1 0 1706738971
WALL 21150646 1 0 1706738972
WALL 21150646 1 0 1706738973
WALL 21150646 1 0 1706738974
WALL 21150646 1 0 1706738975
WALL 21150646 1 0 1706738976
WALL 21150646 1 0 1706738977
WALL 21150646 1 0 1706738978
WALL 21150646 1 0 1706738979
WALL 21150646 1 0 1706738980
WALL 21150646 1 0 1706738981
WALL 21150646 1 0 1706738982
WALL 21150646 1 0 1706738983
WALL 21150646 1 0 1706738984
WALL 21150646 1 0 1706738985
WALL 21150646 1 0 1706738986
WALL 21150646 1 0 1706738987
WALL 21150646 1 0 1706738988
WALL 21150646 1 0 1706738989
WALL 21150646 1 0 1706738990
WALL 21150646 1 0 1706738991
WALL 21150646 1 0 1706738992
WALL 21150646 1 0 1706738993
WALL 21150646 1 0 1706738994
WALL 21150646 1 0 1706738995
WALL 21150646 1 0 1706738996
WALL 21150646 1 0 1706738997
WALL 21150646 1 0 1706738998
WALL 21150646 1 0 1706738999
WALL 21150646 1 0 1706739000
WALL 21150646 1 0 1706739001
WALL 21150646 1 0 1706739002
WALL 21150646 1 0 1706739003
WALL 21150646 1 0 1706739004
WALL 21150646 1 0 1706739005
WALL 21150646 1 0 1706739006
WALL 21150646 1 0 1706739007
WALL 21150646 1 0 1706739008
WALL 21150646 1 0 1706739009
WALL 21150646 1 0 1706739010
WALL 21150646 1 0 1706739011
WALL 21150646 1 0 1706739012
WALL 21150646 1 0 1706739013
WALL 21150646 1 0 1706739014
WALL 21150646 1 0 1706739015
WALL 21150646 1 0 1706739016
WALL 21150646 1 0 1706739017
WALL 21150646 1 0 1706739018
WALL 21150646 1 0 1706739019
WALL 21150646 1 0 1706739020
WALL 21150646 1 0 1706739021
WALL 21150646 1 0 1706739022
WALL 21150646 1 0 1706739023
WALL 21150646 1 0 1706739024
WALL 21150646 1 0 1706739025
WALL 21150646 1 0 1706739026
WALL 21150646 1 0 1706739027
WALL 21150646 1 0 1706739028
WALL 21150646 1 0 1706739029
WALL 21150646 1 0 1706739030
WALL 21150646 1 0 1706739031
WALL 21150646 1 0 1706739032
WALL 21150646 1 0 1706739033
WALL 21150646 1 0 1706739034
WALL 21150646 1 0 1706739035
WALL 21150646 1 0 1706739036
WALL 21150646 1 0 1706739037
WALL 21150646 1 0 1706739038
WALL 21150646 1 0 1706739039
WALL 21150646 1 0 1706739040
WALL 21150646 1 0 1706739041
WALL 21150646 1 0 1706739042
WALL 21150646 1 0 1706739043
WALL 21150646 1 0 1706739044
WALL 21150646 1 0 1706739045
WALL 21150646 1 0 1706739046
WALL 21150646 1 0 1706739047
WALL 21150646 1 0 1706739048
WALL 21150646 1 0 1706739049
WALL 21150646 1 0 1706739050
WALL 21150646 1 0 1706739051
WALL 21150646 1 0 1706739052
WALL 21150646 1 0 1706739053
WALL 21150646 1 0 1706739054
WALL 21150646 1 0 1706739055
WALL 21150646 1 0 1706739056
WALL 21150646 1 0 1706739057
WALL 21150646 1 0 1706739058
WALL 21150646 1 0 1706739059
WALL 21150646 1 0 1706739060
WALL 21150646 1 0 1706739061
WALL 21150646 1 0 1706739062
WALL 21150646 1 0 1706739063
WALL 21150646 1 0 1706739064
WALL 21150646 1 0 1706739065
WALL 21150646 1 0 1706739066
WALL 21150646 1 0 1706739067
WALL 21150646 1 0 1706739068
WALL 21150646 1 0 1706739069
WALL 21150646 1 0 1706739070
WALL 21150646 1 0 1706739071
WALL 21150646 1 0 1706739072
WALL 21150646 1 0 1706739073
WALL 21150646 1 0 1706739074
WALL 21150646 1 0 1706739075
WALL 21150646 1 0 1706739076
WALL 21150646 1 0 1706739077
WALL 21150646 1 0 1706739078
WALL 21150646 1 0 1706739079
WALL 21150646 1 0 1706739080
WALL 21150646 1 0 1706739081
WALL 21150646 1 0 1706739082
WALL 21150646 1 0 1706739083
WALL 21150646 1 0 1706739084
WALL 21150646 1 0 1706739085
WALL 21150646 1 0 1706739086
WALL 21150646 1 0 1706739087
WALL 21150646 1 0 1706739088
WALL 21150646 1 0 1706739089
WALL 21150646 1 0 1706739090
WALL 21150646 1 0 1706739091
WALL 21150646 1 0 1706739092
WALL 21150646 1 0 1706739093
WALL 21150646 1 0 1706739094
WALL 21150646 1 0 1706739095
WALL 21150646 1 0 1706739096
WALL 21150646 1 0 1706739097
WALL 21150646 1 0 1706739098
WALL 21150646 1 0 1706739099
WALL 21150646 1 0 1706739100
WALL 21150646 1 0 1706739101
WALL 21150646 1 0 1706739102
WALL 21150646 1 0 1706739103
WALL 21150646 1 0 1706739104
WALL 21150646 1 0 1706739105
WALL 21150646 1 0 1706739106
WALL 21150646 1 0 1706739107
WALL 21150646 1 0 1706739108
WALL 21150646 1 0 1706739109
WALL 21150646 1 0 1706739110
WALL 21150646 1 0 1706739111
WALL 21150646 1 0 1706739112
WALL 21150646 1 0 1706739113
WALL 21150646 1 0 1706739114
WALL 21150646 1 0 1706739115
WALL 21150646 1 0 1706739116
WALL 21150646 1 0 1706739117
WALL 21150646 1 0 1706739118
WALL 21150646 1 0 1706739119
WALL 21150646 1 0 1706739120
WALL 21150646 1 0 1706739121
WALL 21150646 1 0 1706739122
WALL 21150646 1 0 1706739123
WALL 21150646 1 0 1706739124
WALL 21150646 1 0 1706739125
WALL 21150646 1 0 1706739126
WALL 21150646 1 0 1706739127
WALL 21150646 1 0 1706739128
WALL 21150646 1 0 1706739129
WALL 21150646 1 0 1706739130
WALL 21150646 1 0 1706739131
WALL 21150646 1 0 1706739132
WALL 21150646 1 0 1706739133
WALL 21150646 1 0 1706739134
WALL 21150646 1 0 1706739135
WALL 21150646 1 0 1706739136
WALL 21150646 1 0 1706739137
WALL 21150646 1 0 1706739138
WALL 21150646 1 0 1706739139
WALL 21150646 1 0 1706739140
WALL 21150646 1 0 1706739141
received SIGCONT 1706739142
WALL 21150646 1 0 1706739142
slurmstepd: error: *** STEP 21150646.0 ON nid200027 CANCELLED AT 2024-01-31T22:12:22 ***
received SIGTERM 1706739142
WALL 21150646 1 0 1706739142
WALL 21150646 1 0 1706739143
WALL 21150646 1 0 1706739144
WALL 21150646 1 0 1706739145
WALL 21150646 1 0 1706739146
WALL 21150646 1 0 1706739147
WALL 21150646 1 0 1706739148
WALL 21150646 1 0 1706739149
WALL 21150646 1 0 1706739150
WALL 21150646 1 0 1706739151
WALL 21150646 1 0 1706739152
WALL 21150646 1 0 1706739153
WALL 21150646 1 0 1706739154
WALL 21150646 1 0 1706739155
WALL 21150646 1 0 1706739156
WALL 21150646 1 0 1706739157
WALL 21150646 1 0 1706739158
WALL 21150646 1 0 1706739159
WALL 21150646 1 0 1706739160
WALL 21150646 1 0 1706739161
WALL 21150646 1 0 1706739162
WALL 21150646 1 0 1706739163
WALL 21150646 1 0 1706739164
WALL 21150646 1 0 1706739165
WALL 21150646 1 0 1706739166
WALL 21150646 1 0 1706739167
WALL 21150646 1 0 1706739168
WALL 21150646 1 0 1706739169
WALL 21150646 1 0 1706739170
WALL 21150646 1 0 1706739171
WALL 21150646 1 0 1706739172
WALL 21150646 1 0 1706739173
WALL 21150646 1 0 1706739174
WALL 21150646 1 0 1706739175
WALL 21150646 1 0 1706739176
WALL 21150646 1 0 1706739177
WALL 21150646 1 0 1706739178
WALL 21150646 1 0 1706739179
WALL 21150646 1 0 1706739180
WALL 21150646 1 0 1706739181
WALL 21150646 1 0 1706739182
WALL 21150646 1 0 1706739183
WALL 21150646 1 0 1706739184
WALL 21150646 1 0 1706739185
WALL 21150646 1 0 1706739186
WALL 21150646 1 0 1706739187
WALL 21150646 1 0 1706739188
WALL 21150646 1 0 1706739189
WALL 21150646 1 0 1706739190
WALL 21150646 1 0 1706739191
WALL 21150646 1 0 1706739192
WALL 21150646 1 0 1706739193
WALL 21150646 1 0 1706739194
WALL 21150646 1 0 1706739195
WALL 21150646 1 0 1706739196
WALL 21150646 1 0 1706739197
WALL 21150646 1 0 1706739198
WALL 21150646 1 0 1706739199
WALL 21150646 1 0 1706739200
WALL 21150646 1 0 1706739201
WALL 21150646 1 0 1706739202
WALL 21150646 1 0 1706739203
WALL 21150646 1 0 1706739204
WALL 21150646 1 0 1706739205
WALL 21150646 1 0 1706739206
WALL 21150646 1 0 1706739207
WALL 21150646 1 0 1706739208
WALL 21150646 1 0 1706739209
WALL 21150646 1 0 1706739210
WALL 21150646 1 0 1706739211
WALL 21150646 1 0 1706739212
slurmstepd: error: *** JOB 21150646 ON nid200027 CANCELLED AT 2024-01-31T22:13:32 DUE TO PREEMPTION ***
received SIGTERM 1706739212
WALL 21150646 1 0 1706739212
received SIGCONT 1706739212
WALL 21150646 1 0 1706739212
received SIGTERM 1706739212
WALL 21150646 1 0 1706739212
