WALL 21151858 1 0 1706739953
WALL 21151858 1 0 1706739954
WALL 21151858 1 0 1706739955
WALL 21151858 1 0 1706739956
WALL 21151858 1 0 1706739957
WALL 21151858 1 0 1706739958
received SIGCONT 1706739958
WALL 21151858 1 0 1706739958
slurmstepd: error: *** STEP 21151858.0 ON nid200028 CANCELLED AT 2024-01-31T22:25:58 ***
received SIGTERM 1706739958
WALL 21151858 1 0 1706739958
WALL 21151858 1 0 1706739959
WALL 21151858 1 0 1706739960
WALL 21151858 1 0 1706739961
WALL 21151858 1 0 1706739962
WALL 21151858 1 0 1706739963
WALL 21151858 1 0 1706739964
WALL 21151858 1 0 1706739965
WALL 21151858 1 0 1706739966
WALL 21151858 1 0 1706739967
WALL 21151858 1 0 1706739968
WALL 21151858 1 0 1706739969
WALL 21151858 1 0 1706739970
WALL 21151858 1 0 1706739971
WALL 21151858 1 0 1706739972
WALL 21151858 1 0 1706739973
WALL 21151858 1 0 1706739974
WALL 21151858 1 0 1706739975
WALL 21151858 1 0 1706739976
WALL 21151858 1 0 1706739977
WALL 21151858 1 0 1706739978
WALL 21151858 1 0 1706739979
WALL 21151858 1 0 1706739980
WALL 21151858 1 0 1706739981
WALL 21151858 1 0 1706739982
WALL 21151858 1 0 1706739983
WALL 21151858 1 0 1706739984
WALL 21151858 1 0 1706739985
WALL 21151858 1 0 1706739986
WALL 21151858 1 0 1706739987
WALL 21151858 1 0 1706739988
WALL 21151858 1 0 1706739989
WALL 21151858 1 0 1706739990
WALL 21151858 1 0 1706739991
WALL 21151858 1 0 1706739992
WALL 21151858 1 0 1706739993
WALL 21151858 1 0 1706739994
WALL 21151858 1 0 1706739995
WALL 21151858 1 0 1706739996
WALL 21151858 1 0 1706739997
WALL 21151858 1 0 1706739998
WALL 21151858 1 0 1706739999
WALL 21151858 1 0 1706740000
WALL 21151858 1 0 1706740001
WALL 21151858 1 0 1706740002
WALL 21151858 1 0 1706740003
WALL 21151858 1 0 1706740004
WALL 21151858 1 0 1706740005
WALL 21151858 1 0 1706740006
WALL 21151858 1 0 1706740007
WALL 21151858 1 0 1706740008
WALL 21151858 1 0 1706740009
WALL 21151858 1 0 1706740010
WALL 21151858 1 0 1706740011
WALL 21151858 1 0 1706740012
WALL 21151858 1 0 1706740013
WALL 21151858 1 0 1706740014
WALL 21151858 1 0 1706740015
WALL 21151858 1 0 1706740016
WALL 21151858 1 0 1706740017
WALL 21151858 1 0 1706740018
WALL 21151858 1 0 1706740019
WALL 21151858 1 0 1706740020
WALL 21151858 1 0 1706740021
WALL 21151858 1 0 1706740022
WALL 21151858 1 0 1706740023
WALL 21151858 1 0 1706740024
WALL 21151858 1 0 1706740025
WALL 21151858 1 0 1706740026
WALL 21151858 1 0 1706740027
WALL 21151858 1 0 1706740028
WALL 21151858 1 0 1706740029
WALL 21151858 1 0 1706740030
WALL 21151858 1 0 1706740031
WALL 21151858 1 0 1706740032
WALL 21151858 1 0 1706740033
WALL 21151858 1 0 1706740034
WALL 21151858 1 0 1706740035
slurmstepd: error: *** JOB 21151858 ON nid200028 CANCELLED AT 2024-01-31T22:27:16 DUE TO PREEMPTION ***
received SIGTERM 1706740036
WALL 21151858 1 0 1706740036
received SIGCONT 1706740036
WALL 21151858 1 0 1706740036
received SIGTERM 1706740036
WALL 21151858 1 0 1706740036
