WALL 21149376 1 0 1706736778
WALL 21149376 1 0 1706736779
WALL 21149376 1 0 1706736780
WALL 21149376 1 0 1706736781
WALL 21149376 1 0 1706736782
WALL 21149376 1 0 1706736783
WALL 21149376 1 0 1706736784
WALL 21149376 1 0 1706736785
WALL 21149376 1 0 1706736786
WALL 21149376 1 0 1706736787
WALL 21149376 1 0 1706736788
WALL 21149376 1 0 1706736789
WALL 21149376 1 0 1706736790
WALL 21149376 1 0 1706736791
WALL 21149376 1 0 1706736792
WALL 21149376 1 0 1706736793
WALL 21149376 1 0 1706736794
WALL 21149376 1 0 1706736795
WALL 21149376 1 0 1706736796
WALL 21149376 1 0 1706736797
WALL 21149376 1 0 1706736798
WALL 21149376 1 0 1706736799
WALL 21149376 1 0 1706736800
WALL 21149376 1 0 1706736801
WALL 21149376 1 0 1706736802
WALL 21149376 1 0 1706736803
WALL 21149376 1 0 1706736804
WALL 21149376 1 0 1706736805
WALL 21149376 1 0 1706736806
WALL 21149376 1 0 1706736807
WALL 21149376 1 0 1706736808
received SIGCONT 1706736809
WALL 21149376 1 0 1706736809
slurmstepd: error: *** STEP 21149376.0 ON nid200030 CANCELLED AT 2024-01-31T21:33:29 ***
received SIGTERM 1706736809
WALL 21149376 1 0 1706736809
WALL 21149376 1 0 1706736810
WALL 21149376 1 0 1706736811
WALL 21149376 1 0 1706736812
WALL 21149376 1 0 1706736813
WALL 21149376 1 0 1706736814
WALL 21149376 1 0 1706736815
WALL 21149376 1 0 1706736816
WALL 21149376 1 0 1706736817
WALL 21149376 1 0 1706736818
WALL 21149376 1 0 1706736819
WALL 21149376 1 0 1706736820
WALL 21149376 1 0 1706736821
WALL 21149376 1 0 1706736822
WALL 21149376 1 0 1706736823
WALL 21149376 1 0 1706736824
WALL 21149376 1 0 1706736825
WALL 21149376 1 0 1706736826
WALL 21149376 1 0 1706736827
WALL 21149376 1 0 1706736828
WALL 21149376 1 0 1706736829
WALL 21149376 1 0 1706736830
WALL 21149376 1 0 1706736831
WALL 21149376 1 0 1706736832
WALL 21149376 1 0 1706736833
WALL 21149376 1 0 1706736834
WALL 21149376 1 0 1706736835
WALL 21149376 1 0 1706736836
WALL 21149376 1 0 1706736837
WALL 21149376 1 0 1706736838
WALL 21149376 1 0 1706736839
WALL 21149376 1 0 1706736840
WALL 21149376 1 0 1706736841
WALL 21149376 1 0 1706736842
WALL 21149376 1 0 1706736843
WALL 21149376 1 0 1706736844
WALL 21149376 1 0 1706736845
WALL 21149376 1 0 1706736846
WALL 21149376 1 0 1706736847
WALL 21149376 1 0 1706736848
WALL 21149376 1 0 1706736849
WALL 21149376 1 0 1706736850
WALL 21149376 1 0 1706736851
WALL 21149376 1 0 1706736852
WALL 21149376 1 0 1706736853
WALL 21149376 1 0 1706736854
WALL 21149376 1 0 1706736855
WALL 21149376 1 0 1706736856
WALL 21149376 1 0 1706736857
WALL 21149376 1 0 1706736858
WALL 21149376 1 0 1706736859
WALL 21149376 1 0 1706736860
WALL 21149376 1 0 1706736861
WALL 21149376 1 0 1706736862
WALL 21149376 1 0 1706736863
WALL 21149376 1 0 1706736864
WALL 21149376 1 0 1706736865
WALL 21149376 1 0 1706736866
WALL 21149376 1 0 1706736867
WALL 21149376 1 0 1706736868
WALL 21149376 1 0 1706736869
WALL 21149376 1 0 1706736870
WALL 21149376 1 0 1706736871
WALL 21149376 1 0 1706736872
WALL 21149376 1 0 1706736873
WALL 21149376 1 0 1706736874
WALL 21149376 1 0 1706736875
WALL 21149376 1 0 1706736876
WALL 21149376 1 0 1706736877
slurmstepd: error: *** JOB 21149376 ON nid200030 CANCELLED AT 2024-01-31T21:34:38 DUE TO PREEMPTION ***
received SIGTERM 1706736878
WALL 21149376 1 0 1706736878
received SIGCONT 1706736878
WALL 21149376 1 0 1706736878
received SIGTERM 1706736878
WALL 21149376 1 0 1706736878
