WALL 21196245 1 0 1706814114
WALL 21196245 1 0 1706814115
WALL 21196245 1 0 1706814116
WALL 21196245 1 0 1706814117
WALL 21196245 1 0 1706814118
WALL 21196245 1 0 1706814119
WALL 21196245 1 0 1706814120
WALL 21196245 1 0 1706814121
WALL 21196245 1 0 1706814122
WALL 21196245 1 0 1706814123
WALL 21196245 1 0 1706814124
WALL 21196245 1 0 1706814125
WALL 21196245 1 0 1706814126
WALL 21196245 1 0 1706814127
WALL 21196245 1 0 1706814128
WALL 21196245 1 0 1706814129
WALL 21196245 1 0 1706814130
WALL 21196245 1 0 1706814131
WALL 21196245 1 0 1706814132
WALL 21196245 1 0 1706814133
WALL 21196245 1 0 1706814134
WALL 21196245 1 0 1706814135
WALL 21196245 1 0 1706814136
WALL 21196245 1 0 1706814137
WALL 21196245 1 0 1706814138
WALL 21196245 1 0 1706814139
WALL 21196245 1 0 1706814140
WALL 21196245 1 0 1706814141
WALL 21196245 1 0 1706814142
WALL 21196245 1 0 1706814143
WALL 21196245 1 0 1706814144
WALL 21196245 1 0 1706814145
WALL 21196245 1 0 1706814146
WALL 21196245 1 0 1706814147
WALL 21196245 1 0 1706814148
WALL 21196245 1 0 1706814149
WALL 21196245 1 0 1706814150
WALL 21196245 1 0 1706814151
WALL 21196245 1 0 1706814152
WALL 21196245 1 0 1706814153
WALL 21196245 1 0 1706814154
WALL 21196245 1 0 1706814155
WALL 21196245 1 0 1706814156
WALL 21196245 1 0 1706814157
WALL 21196245 1 0 1706814158
WALL 21196245 1 0 1706814159
WALL 21196245 1 0 1706814160
WALL 21196245 1 0 1706814161
WALL 21196245 1 0 1706814162
WALL 21196245 1 0 1706814163
WALL 21196245 1 0 1706814164
WALL 21196245 1 0 1706814165
WALL 21196245 1 0 1706814166
WALL 21196245 1 0 1706814167
WALL 21196245 1 0 1706814168
WALL 21196245 1 0 1706814169
WALL 21196245 1 0 1706814170
WALL 21196245 1 0 1706814171
WALL 21196245 1 0 1706814172
WALL 21196245 1 0 1706814173
WALL 21196245 1 0 1706814174
WALL 21196245 1 0 1706814175
WALL 21196245 1 0 1706814176
WALL 21196245 1 0 1706814177
WALL 21196245 1 0 1706814178
WALL 21196245 1 0 1706814179
WALL 21196245 1 0 1706814180
WALL 21196245 1 0 1706814181
WALL 21196245 1 0 1706814182
WALL 21196245 1 0 1706814183
WALL 21196245 1 0 1706814184
WALL 21196245 1 0 1706814185
slurmstepd: error: *** STEP 21196245.0 ON nid200048 CANCELLED AT 2024-02-01T19:03:05 ***
received SIGTERM 1706814185
WALL 21196245 1 0 1706814185
received SIGCONT 1706814185
WALL 21196245 1 0 1706814185
WALL 21196245 1 0 1706814186
WALL 21196245 1 0 1706814187
WALL 21196245 1 0 1706814188
WALL 21196245 1 0 1706814189
WALL 21196245 1 0 1706814190
WALL 21196245 1 0 1706814191
WALL 21196245 1 0 1706814192
WALL 21196245 1 0 1706814193
WALL 21196245 1 0 1706814194
WALL 21196245 1 0 1706814195
WALL 21196245 1 0 1706814196
WALL 21196245 1 0 1706814197
WALL 21196245 1 0 1706814198
WALL 21196245 1 0 1706814199
WALL 21196245 1 0 1706814200
WALL 21196245 1 0 1706814201
WALL 21196245 1 0 1706814202
WALL 21196245 1 0 1706814203
WALL 21196245 1 0 1706814204
WALL 21196245 1 0 1706814205
WALL 21196245 1 0 1706814206
WALL 21196245 1 0 1706814207
WALL 21196245 1 0 1706814208
WALL 21196245 1 0 1706814209
WALL 21196245 1 0 1706814210
WALL 21196245 1 0 1706814211
WALL 21196245 1 0 1706814212
WALL 21196245 1 0 1706814213
WALL 21196245 1 0 1706814214
WALL 21196245 1 0 1706814215
WALL 21196245 1 0 1706814216
WALL 21196245 1 0 1706814217
WALL 21196245 1 0 1706814218
WALL 21196245 1 0 1706814219
WALL 21196245 1 0 1706814220
WALL 21196245 1 0 1706814221
WALL 21196245 1 0 1706814222
WALL 21196245 1 0 1706814223
WALL 21196245 1 0 1706814224
WALL 21196245 1 0 1706814225
WALL 21196245 1 0 1706814226
WALL 21196245 1 0 1706814227
WALL 21196245 1 0 1706814228
WALL 21196245 1 0 1706814229
WALL 21196245 1 0 1706814230
WALL 21196245 1 0 1706814231
WALL 21196245 1 0 1706814232
WALL 21196245 1 0 1706814233
WALL 21196245 1 0 1706814234
WALL 21196245 1 0 1706814235
WALL 21196245 1 0 1706814236
WALL 21196245 1 0 1706814237
WALL 21196245 1 0 1706814238
WALL 21196245 1 0 1706814239
WALL 21196245 1 0 1706814240
WALL 21196245 1 0 1706814241
WALL 21196245 1 0 1706814242
WALL 21196245 1 0 1706814243
WALL 21196245 1 0 1706814244
WALL 21196245 1 0 1706814245
WALL 21196245 1 0 1706814246
WALL 21196245 1 0 1706814247
slurmstepd: error: *** JOB 21196245 ON nid200048 CANCELLED AT 2024-02-01T19:04:08 DUE TO PREEMPTION ***
received SIGTERM 1706814248
WALL 21196245 1 0 1706814248
received SIGCONT 1706814248
WALL 21196245 1 0 1706814248
received SIGTERM 1706814248
WALL 21196245 1 0 1706814248
