srun: warning: can't run 1 processes on 8 nodes, setting nnodes to 1
WALL 21209567 1 0 1706825792
WALL 21209567 1 0 1706825793
WALL 21209567 1 0 1706825794
WALL 21209567 1 0 1706825795
WALL 21209567 1 0 1706825796
WALL 21209567 1 0 1706825797
WALL 21209567 1 0 1706825798
WALL 21209567 1 0 1706825799
WALL 21209567 1 0 1706825800
WALL 21209567 1 0 1706825801
WALL 21209567 1 0 1706825802
WALL 21209567 1 0 1706825803
WALL 21209567 1 0 1706825804
WALL 21209567 1 0 1706825805
WALL 21209567 1 0 1706825806
WALL 21209567 1 0 1706825807
WALL 21209567 1 0 1706825808
WALL 21209567 1 0 1706825809
WALL 21209567 1 0 1706825810
WALL 21209567 1 0 1706825811
WALL 21209567 1 0 1706825812
WALL 21209567 1 0 1706825813
WALL 21209567 1 0 1706825814
WALL 21209567 1 0 1706825815
WALL 21209567 1 0 1706825816
WALL 21209567 1 0 1706825817
WALL 21209567 1 0 1706825818
WALL 21209567 1 0 1706825819
WALL 21209567 1 0 1706825820
WALL 21209567 1 0 1706825821
WALL 21209567 1 0 1706825822
WALL 21209567 1 0 1706825823
WALL 21209567 1 0 1706825824
WALL 21209567 1 0 1706825825
WALL 21209567 1 0 1706825826
WALL 21209567 1 0 1706825827
WALL 21209567 1 0 1706825828
WALL 21209567 1 0 1706825829
WALL 21209567 1 0 1706825830
WALL 21209567 1 0 1706825831
WALL 21209567 1 0 1706825832
WALL 21209567 1 0 1706825833
WALL 21209567 1 0 1706825834
WALL 21209567 1 0 1706825835
WALL 21209567 1 0 1706825836
WALL 21209567 1 0 1706825837
WALL 21209567 1 0 1706825838
WALL 21209567 1 0 1706825839
WALL 21209567 1 0 1706825840
WALL 21209567 1 0 1706825841
WALL 21209567 1 0 1706825842
WALL 21209567 1 0 1706825843
WALL 21209567 1 0 1706825844
WALL 21209567 1 0 1706825845
WALL 21209567 1 0 1706825846
WALL 21209567 1 0 1706825847
WALL 21209567 1 0 1706825848
WALL 21209567 1 0 1706825849
WALL 21209567 1 0 1706825850
WALL 21209567 1 0 1706825851
WALL 21209567 1 0 1706825852
WALL 21209567 1 0 1706825853
WALL 21209567 1 0 1706825854
WALL 21209567 1 0 1706825855
WALL 21209567 1 0 1706825856
WALL 21209567 1 0 1706825857
WALL 21209567 1 0 1706825858
WALL 21209567 1 0 1706825859
WALL 21209567 1 0 1706825860
WALL 21209567 1 0 1706825861
WALL 21209567 1 0 1706825862
WALL 21209567 1 0 1706825863
WALL 21209567 1 0 1706825864
WALL 21209567 1 0 1706825865
WALL 21209567 1 0 1706825866
WALL 21209567 1 0 1706825867
WALL 21209567 1 0 1706825868
WALL 21209567 1 0 1706825869
WALL 21209567 1 0 1706825870
WALL 21209567 1 0 1706825871
WALL 21209567 1 0 1706825872
WALL 21209567 1 0 1706825873
WALL 21209567 1 0 1706825874
WALL 21209567 1 0 1706825875
WALL 21209567 1 0 1706825876
WALL 21209567 1 0 1706825877
WALL 21209567 1 0 1706825878
WALL 21209567 1 0 1706825879
WALL 21209567 1 0 1706825880
WALL 21209567 1 0 1706825881
WALL 21209567 1 0 1706825882
WALL 21209567 1 0 1706825883
WALL 21209567 1 0 1706825884
WALL 21209567 1 0 1706825885
WALL 21209567 1 0 1706825886
WALL 21209567 1 0 1706825887
WALL 21209567 1 0 1706825888
WALL 21209567 1 0 1706825889
WALL 21209567 1 0 1706825890
WALL 21209567 1 0 1706825891
WALL 21209567 1 0 1706825892
WALL 21209567 1 0 1706825893
WALL 21209567 1 0 1706825894
WALL 21209567 1 0 1706825895
WALL 21209567 1 0 1706825896
WALL 21209567 1 0 1706825897
WALL 21209567 1 0 1706825898
WALL 21209567 1 0 1706825899
WALL 21209567 1 0 1706825900
WALL 21209567 1 0 1706825901
WALL 21209567 1 0 1706825902
WALL 21209567 1 0 1706825903
WALL 21209567 1 0 1706825904
WALL 21209567 1 0 1706825905
WALL 21209567 1 0 1706825906
WALL 21209567 1 0 1706825907
WALL 21209567 1 0 1706825908
WALL 21209567 1 0 1706825909
WALL 21209567 1 0 1706825910
WALL 21209567 1 0 1706825911
WALL 21209567 1 0 1706825912
WALL 21209567 1 0 1706825913
WALL 21209567 1 0 1706825914
WALL 21209567 1 0 1706825915
WALL 21209567 1 0 1706825916
WALL 21209567 1 0 1706825917
WALL 21209567 1 0 1706825918
WALL 21209567 1 0 1706825919
WALL 21209567 1 0 1706825920
WALL 21209567 1 0 1706825921
WALL 21209567 1 0 1706825922
WALL 21209567 1 0 1706825923
WALL 21209567 1 0 1706825924
WALL 21209567 1 0 1706825925
WALL 21209567 1 0 1706825926
WALL 21209567 1 0 1706825927
WALL 21209567 1 0 1706825928
WALL 21209567 1 0 1706825929
WALL 21209567 1 0 1706825930
WALL 21209567 1 0 1706825931
WALL 21209567 1 0 1706825932
WALL 21209567 1 0 1706825933
WALL 21209567 1 0 1706825934
WALL 21209567 1 0 1706825935
WALL 21209567 1 0 1706825936
WALL 21209567 1 0 1706825937
WALL 21209567 1 0 1706825938
WALL 21209567 1 0 1706825939
WALL 21209567 1 0 1706825940
WALL 21209567 1 0 1706825941
WALL 21209567 1 0 1706825942
WALL 21209567 1 0 1706825943
WALL 21209567 1 0 1706825944
WALL 21209567 1 0 1706825945
WALL 21209567 1 0 1706825946
WALL 21209567 1 0 1706825947
WALL 21209567 1 0 1706825948
WALL 21209567 1 0 1706825949
WALL 21209567 1 0 1706825950
WALL 21209567 1 0 1706825951
WALL 21209567 1 0 1706825952
WALL 21209567 1 0 1706825953
WALL 21209567 1 0 1706825954
WALL 21209567 1 0 1706825955
WALL 21209567 1 0 1706825956
WALL 21209567 1 0 1706825957
WALL 21209567 1 0 1706825958
WALL 21209567 1 0 1706825959
WALL 21209567 1 0 1706825960
WALL 21209567 1 0 1706825961
WALL 21209567 1 0 1706825962
WALL 21209567 1 0 1706825963
WALL 21209567 1 0 1706825964
WALL 21209567 1 0 1706825965
WALL 21209567 1 0 1706825966
WALL 21209567 1 0 1706825967
WALL 21209567 1 0 1706825968
WALL 21209567 1 0 1706825969
WALL 21209567 1 0 1706825970
WALL 21209567 1 0 1706825971
WALL 21209567 1 0 1706825972
WALL 21209567 1 0 1706825973
WALL 21209567 1 0 1706825974
WALL 21209567 1 0 1706825975
WALL 21209567 1 0 1706825976
WALL 21209567 1 0 1706825977
WALL 21209567 1 0 1706825978
WALL 21209567 1 0 1706825979
WALL 21209567 1 0 1706825980
WALL 21209567 1 0 1706825981
WALL 21209567 1 0 1706825982
WALL 21209567 1 0 1706825983
WALL 21209567 1 0 1706825984
WALL 21209567 1 0 1706825985
WALL 21209567 1 0 1706825986
WALL 21209567 1 0 1706825987
WALL 21209567 1 0 1706825988
WALL 21209567 1 0 1706825989
WALL 21209567 1 0 1706825990
WALL 21209567 1 0 1706825991
WALL 21209567 1 0 1706825992
WALL 21209567 1 0 1706825993
WALL 21209567 1 0 1706825994
WALL 21209567 1 0 1706825995
WALL 21209567 1 0 1706825996
WALL 21209567 1 0 1706825997
WALL 21209567 1 0 1706825998
WALL 21209567 1 0 1706825999
WALL 21209567 1 0 1706826000
WALL 21209567 1 0 1706826001
WALL 21209567 1 0 1706826002
WALL 21209567 1 0 1706826003
WALL 21209567 1 0 1706826004
WALL 21209567 1 0 1706826005
WALL 21209567 1 0 1706826006
WALL 21209567 1 0 1706826007
WALL 21209567 1 0 1706826008
WALL 21209567 1 0 1706826009
WALL 21209567 1 0 1706826010
WALL 21209567 1 0 1706826011
WALL 21209567 1 0 1706826012
WALL 21209567 1 0 1706826013
WALL 21209567 1 0 1706826014
WALL 21209567 1 0 1706826015
WALL 21209567 1 0 1706826016
WALL 21209567 1 0 1706826017
WALL 21209567 1 0 1706826018
WALL 21209567 1 0 1706826019
WALL 21209567 1 0 1706826020
WALL 21209567 1 0 1706826021
WALL 21209567 1 0 1706826022
WALL 21209567 1 0 1706826023
WALL 21209567 1 0 1706826024
WALL 21209567 1 0 1706826025
WALL 21209567 1 0 1706826026
WALL 21209567 1 0 1706826027
WALL 21209567 1 0 1706826028
WALL 21209567 1 0 1706826029
WALL 21209567 1 0 1706826030
WALL 21209567 1 0 1706826031
WALL 21209567 1 0 1706826032
WALL 21209567 1 0 1706826033
WALL 21209567 1 0 1706826034
WALL 21209567 1 0 1706826035
WALL 21209567 1 0 1706826036
WALL 21209567 1 0 1706826037
WALL 21209567 1 0 1706826038
WALL 21209567 1 0 1706826039
WALL 21209567 1 0 1706826040
WALL 21209567 1 0 1706826041
WALL 21209567 1 0 1706826042
WALL 21209567 1 0 1706826043
WALL 21209567 1 0 1706826044
WALL 21209567 1 0 1706826045
WALL 21209567 1 0 1706826046
WALL 21209567 1 0 1706826047
WALL 21209567 1 0 1706826048
WALL 21209567 1 0 1706826049
WALL 21209567 1 0 1706826050
WALL 21209567 1 0 1706826051
WALL 21209567 1 0 1706826052
WALL 21209567 1 0 1706826053
WALL 21209567 1 0 1706826054
WALL 21209567 1 0 1706826055
WALL 21209567 1 0 1706826056
WALL 21209567 1 0 1706826057
WALL 21209567 1 0 1706826058
WALL 21209567 1 0 1706826059
WALL 21209567 1 0 1706826060
WALL 21209567 1 0 1706826061
WALL 21209567 1 0 1706826062
WALL 21209567 1 0 1706826063
WALL 21209567 1 0 1706826064
WALL 21209567 1 0 1706826065
WALL 21209567 1 0 1706826066
WALL 21209567 1 0 1706826067
WALL 21209567 1 0 1706826068
WALL 21209567 1 0 1706826069
WALL 21209567 1 0 1706826070
WALL 21209567 1 0 1706826071
WALL 21209567 1 0 1706826072
WALL 21209567 1 0 1706826073
WALL 21209567 1 0 1706826074
WALL 21209567 1 0 1706826075
WALL 21209567 1 0 1706826076
WALL 21209567 1 0 1706826077
WALL 21209567 1 0 1706826078
WALL 21209567 1 0 1706826079
WALL 21209567 1 0 1706826080
WALL 21209567 1 0 1706826081
WALL 21209567 1 0 1706826082
WALL 21209567 1 0 1706826083
WALL 21209567 1 0 1706826084
WALL 21209567 1 0 1706826085
WALL 21209567 1 0 1706826086
WALL 21209567 1 0 1706826087
WALL 21209567 1 0 1706826088
WALL 21209567 1 0 1706826089
WALL 21209567 1 0 1706826090
WALL 21209567 1 0 1706826091
WALL 21209567 1 0 1706826092
WALL 21209567 1 0 1706826093
WALL 21209567 1 0 1706826094
WALL 21209567 1 0 1706826095
WALL 21209567 1 0 1706826096
WALL 21209567 1 0 1706826097
WALL 21209567 1 0 1706826098
WALL 21209567 1 0 1706826099
WALL 21209567 1 0 1706826100
WALL 21209567 1 0 1706826101
WALL 21209567 1 0 1706826102
WALL 21209567 1 0 1706826103
WALL 21209567 1 0 1706826104
WALL 21209567 1 0 1706826105
WALL 21209567 1 0 1706826106
WALL 21209567 1 0 1706826107
WALL 21209567 1 0 1706826108
WALL 21209567 1 0 1706826109
WALL 21209567 1 0 1706826110
WALL 21209567 1 0 1706826111
WALL 21209567 1 0 1706826112
WALL 21209567 1 0 1706826113
WALL 21209567 1 0 1706826114
WALL 21209567 1 0 1706826115
WALL 21209567 1 0 1706826116
WALL 21209567 1 0 1706826117
WALL 21209567 1 0 1706826118
WALL 21209567 1 0 1706826119
WALL 21209567 1 0 1706826120
WALL 21209567 1 0 1706826121
WALL 21209567 1 0 1706826122
WALL 21209567 1 0 1706826123
WALL 21209567 1 0 1706826124
WALL 21209567 1 0 1706826125
WALL 21209567 1 0 1706826126
WALL 21209567 1 0 1706826127
WALL 21209567 1 0 1706826128
WALL 21209567 1 0 1706826129
WALL 21209567 1 0 1706826130
WALL 21209567 1 0 1706826131
WALL 21209567 1 0 1706826132
WALL 21209567 1 0 1706826133
WALL 21209567 1 0 1706826134
WALL 21209567 1 0 1706826135
WALL 21209567 1 0 1706826136
WALL 21209567 1 0 1706826137
WALL 21209567 1 0 1706826138
WALL 21209567 1 0 1706826139
WALL 21209567 1 0 1706826140
WALL 21209567 1 0 1706826141
WALL 21209567 1 0 1706826142
WALL 21209567 1 0 1706826143
WALL 21209567 1 0 1706826144
WALL 21209567 1 0 1706826145
WALL 21209567 1 0 1706826146
WALL 21209567 1 0 1706826147
WALL 21209567 1 0 1706826148
WALL 21209567 1 0 1706826149
WALL 21209567 1 0 1706826150
WALL 21209567 1 0 1706826151
WALL 21209567 1 0 1706826152
WALL 21209567 1 0 1706826153
WALL 21209567 1 0 1706826154
WALL 21209567 1 0 1706826155
WALL 21209567 1 0 1706826156
WALL 21209567 1 0 1706826157
WALL 21209567 1 0 1706826158
WALL 21209567 1 0 1706826159
WALL 21209567 1 0 1706826160
WALL 21209567 1 0 1706826161
WALL 21209567 1 0 1706826162
WALL 21209567 1 0 1706826163
WALL 21209567 1 0 1706826164
WALL 21209567 1 0 1706826165
WALL 21209567 1 0 1706826166
WALL 21209567 1 0 1706826167
WALL 21209567 1 0 1706826168
WALL 21209567 1 0 1706826169
WALL 21209567 1 0 1706826170
WALL 21209567 1 0 1706826171
WALL 21209567 1 0 1706826172
WALL 21209567 1 0 1706826173
WALL 21209567 1 0 1706826174
WALL 21209567 1 0 1706826175
WALL 21209567 1 0 1706826176
WALL 21209567 1 0 1706826177
WALL 21209567 1 0 1706826178
WALL 21209567 1 0 1706826179
WALL 21209567 1 0 1706826180
WALL 21209567 1 0 1706826181
WALL 21209567 1 0 1706826182
WALL 21209567 1 0 1706826183
WALL 21209567 1 0 1706826184
WALL 21209567 1 0 1706826185
WALL 21209567 1 0 1706826186
WALL 21209567 1 0 1706826187
WALL 21209567 1 0 1706826188
WALL 21209567 1 0 1706826189
WALL 21209567 1 0 1706826190
WALL 21209567 1 0 1706826191
WALL 21209567 1 0 1706826192
WALL 21209567 1 0 1706826193
WALL 21209567 1 0 1706826194
WALL 21209567 1 0 1706826195
WALL 21209567 1 0 1706826196
WALL 21209567 1 0 1706826197
WALL 21209567 1 0 1706826198
WALL 21209567 1 0 1706826199
WALL 21209567 1 0 1706826200
WALL 21209567 1 0 1706826201
WALL 21209567 1 0 1706826202
WALL 21209567 1 0 1706826203
WALL 21209567 1 0 1706826204
WALL 21209567 1 0 1706826205
WALL 21209567 1 0 1706826206
WALL 21209567 1 0 1706826207
WALL 21209567 1 0 1706826208
WALL 21209567 1 0 1706826209
WALL 21209567 1 0 1706826210
WALL 21209567 1 0 1706826211
WALL 21209567 1 0 1706826212
WALL 21209567 1 0 1706826213
WALL 21209567 1 0 1706826214
WALL 21209567 1 0 1706826215
WALL 21209567 1 0 1706826216
WALL 21209567 1 0 1706826217
WALL 21209567 1 0 1706826218
WALL 21209567 1 0 1706826219
WALL 21209567 1 0 1706826220
WALL 21209567 1 0 1706826221
WALL 21209567 1 0 1706826222
WALL 21209567 1 0 1706826223
WALL 21209567 1 0 1706826224
WALL 21209567 1 0 1706826225
WALL 21209567 1 0 1706826226
WALL 21209567 1 0 1706826227
WALL 21209567 1 0 1706826228
WALL 21209567 1 0 1706826229
WALL 21209567 1 0 1706826230
WALL 21209567 1 0 1706826231
WALL 21209567 1 0 1706826232
WALL 21209567 1 0 1706826233
WALL 21209567 1 0 1706826234
WALL 21209567 1 0 1706826235
WALL 21209567 1 0 1706826236
WALL 21209567 1 0 1706826237
WALL 21209567 1 0 1706826238
WALL 21209567 1 0 1706826239
WALL 21209567 1 0 1706826240
WALL 21209567 1 0 1706826241
WALL 21209567 1 0 1706826242
WALL 21209567 1 0 1706826243
WALL 21209567 1 0 1706826244
WALL 21209567 1 0 1706826245
WALL 21209567 1 0 1706826246
WALL 21209567 1 0 1706826247
WALL 21209567 1 0 1706826248
WALL 21209567 1 0 1706826249
WALL 21209567 1 0 1706826250
WALL 21209567 1 0 1706826251
WALL 21209567 1 0 1706826252
WALL 21209567 1 0 1706826253
WALL 21209567 1 0 1706826254
WALL 21209567 1 0 1706826255
WALL 21209567 1 0 1706826256
WALL 21209567 1 0 1706826257
WALL 21209567 1 0 1706826258
WALL 21209567 1 0 1706826259
WALL 21209567 1 0 1706826260
WALL 21209567 1 0 1706826261
WALL 21209567 1 0 1706826262
WALL 21209567 1 0 1706826263
WALL 21209567 1 0 1706826264
WALL 21209567 1 0 1706826265
WALL 21209567 1 0 1706826266
WALL 21209567 1 0 1706826267
WALL 21209567 1 0 1706826268
WALL 21209567 1 0 1706826269
WALL 21209567 1 0 1706826270
WALL 21209567 1 0 1706826271
WALL 21209567 1 0 1706826272
WALL 21209567 1 0 1706826273
WALL 21209567 1 0 1706826274
WALL 21209567 1 0 1706826275
WALL 21209567 1 0 1706826276
WALL 21209567 1 0 1706826277
WALL 21209567 1 0 1706826278
WALL 21209567 1 0 1706826279
WALL 21209567 1 0 1706826280
WALL 21209567 1 0 1706826281
WALL 21209567 1 0 1706826282
WALL 21209567 1 0 1706826283
WALL 21209567 1 0 1706826284
WALL 21209567 1 0 1706826285
WALL 21209567 1 0 1706826286
WALL 21209567 1 0 1706826287
WALL 21209567 1 0 1706826288
WALL 21209567 1 0 1706826289
WALL 21209567 1 0 1706826290
WALL 21209567 1 0 1706826291
WALL 21209567 1 0 1706826292
WALL 21209567 1 0 1706826293
WALL 21209567 1 0 1706826294
WALL 21209567 1 0 1706826295
WALL 21209567 1 0 1706826296
WALL 21209567 1 0 1706826297
WALL 21209567 1 0 1706826298
WALL 21209567 1 0 1706826299
WALL 21209567 1 0 1706826300
WALL 21209567 1 0 1706826301
WALL 21209567 1 0 1706826302
WALL 21209567 1 0 1706826303
WALL 21209567 1 0 1706826304
WALL 21209567 1 0 1706826305
WALL 21209567 1 0 1706826306
WALL 21209567 1 0 1706826307
WALL 21209567 1 0 1706826308
WALL 21209567 1 0 1706826309
WALL 21209567 1 0 1706826310
WALL 21209567 1 0 1706826311
WALL 21209567 1 0 1706826312
WALL 21209567 1 0 1706826313
WALL 21209567 1 0 1706826314
WALL 21209567 1 0 1706826315
WALL 21209567 1 0 1706826316
WALL 21209567 1 0 1706826317
WALL 21209567 1 0 1706826318
WALL 21209567 1 0 1706826319
WALL 21209567 1 0 1706826320
WALL 21209567 1 0 1706826321
WALL 21209567 1 0 1706826322
WALL 21209567 1 0 1706826323
WALL 21209567 1 0 1706826324
WALL 21209567 1 0 1706826325
WALL 21209567 1 0 1706826326
WALL 21209567 1 0 1706826327
WALL 21209567 1 0 1706826328
WALL 21209567 1 0 1706826329
WALL 21209567 1 0 1706826330
WALL 21209567 1 0 1706826331
WALL 21209567 1 0 1706826332
WALL 21209567 1 0 1706826333
WALL 21209567 1 0 1706826334
WALL 21209567 1 0 1706826335
WALL 21209567 1 0 1706826336
WALL 21209567 1 0 1706826337
WALL 21209567 1 0 1706826338
WALL 21209567 1 0 1706826339
WALL 21209567 1 0 1706826340
WALL 21209567 1 0 1706826341
WALL 21209567 1 0 1706826342
WALL 21209567 1 0 1706826343
WALL 21209567 1 0 1706826344
WALL 21209567 1 0 1706826345
WALL 21209567 1 0 1706826346
WALL 21209567 1 0 1706826347
WALL 21209567 1 0 1706826348
WALL 21209567 1 0 1706826349
WALL 21209567 1 0 1706826350
WALL 21209567 1 0 1706826351
slurmstepd: error: *** STEP 21209567.0 ON nid200014 CANCELLED AT 2024-02-01T22:25:52 ***
received SIGTERM 1706826352
WALL 21209567 1 0 1706826352
received SIGCONT 1706826352
WALL 21209567 1 0 1706826352
WALL 21209567 1 0 1706826353
WALL 21209567 1 0 1706826354
WALL 21209567 1 0 1706826355
WALL 21209567 1 0 1706826356
WALL 21209567 1 0 1706826357
WALL 21209567 1 0 1706826358
WALL 21209567 1 0 1706826359
WALL 21209567 1 0 1706826360
WALL 21209567 1 0 1706826361
WALL 21209567 1 0 1706826362
WALL 21209567 1 0 1706826363
WALL 21209567 1 0 1706826364
WALL 21209567 1 0 1706826365
WALL 21209567 1 0 1706826366
WALL 21209567 1 0 1706826367
WALL 21209567 1 0 1706826368
WALL 21209567 1 0 1706826369
WALL 21209567 1 0 1706826370
WALL 21209567 1 0 1706826371
WALL 21209567 1 0 1706826372
WALL 21209567 1 0 1706826373
WALL 21209567 1 0 1706826374
WALL 21209567 1 0 1706826375
WALL 21209567 1 0 1706826376
WALL 21209567 1 0 1706826377
WALL 21209567 1 0 1706826378
WALL 21209567 1 0 1706826379
WALL 21209567 1 0 1706826380
WALL 21209567 1 0 1706826381
WALL 21209567 1 0 1706826382
WALL 21209567 1 0 1706826383
WALL 21209567 1 0 1706826384
WALL 21209567 1 0 1706826385
WALL 21209567 1 0 1706826386
WALL 21209567 1 0 1706826387
WALL 21209567 1 0 1706826388
WALL 21209567 1 0 1706826389
WALL 21209567 1 0 1706826390
WALL 21209567 1 0 1706826391
WALL 21209567 1 0 1706826392
WALL 21209567 1 0 1706826393
WALL 21209567 1 0 1706826394
WALL 21209567 1 0 1706826395
WALL 21209567 1 0 1706826396
WALL 21209567 1 0 1706826397
WALL 21209567 1 0 1706826398
WALL 21209567 1 0 1706826399
WALL 21209567 1 0 1706826400
WALL 21209567 1 0 1706826401
WALL 21209567 1 0 1706826402
WALL 21209567 1 0 1706826403
WALL 21209567 1 0 1706826404
WALL 21209567 1 0 1706826405
WALL 21209567 1 0 1706826406
WALL 21209567 1 0 1706826407
WALL 21209567 1 0 1706826408
WALL 21209567 1 0 1706826409
WALL 21209567 1 0 1706826410
WALL 21209567 1 0 1706826411
WALL 21209567 1 0 1706826412
WALL 21209567 1 0 1706826413
WALL 21209567 1 0 1706826414
WALL 21209567 1 0 1706826415
WALL 21209567 1 0 1706826416
WALL 21209567 1 0 1706826417
WALL 21209567 1 0 1706826418
WALL 21209567 1 0 1706826419
WALL 21209567 1 0 1706826420
WALL 21209567 1 0 1706826421
WALL 21209567 1 0 1706826422
WALL 21209567 1 0 1706826423
WALL 21209567 1 0 1706826424
WALL 21209567 1 0 1706826425
WALL 21209567 1 0 1706826426
WALL 21209567 1 0 1706826427
WALL 21209567 1 0 1706826428
WALL 21209567 1 0 1706826429
WALL 21209567 1 0 1706826430
WALL 21209567 1 0 1706826431
WALL 21209567 1 0 1706826432
WALL 21209567 1 0 1706826433
WALL 21209567 1 0 1706826434
WALL 21209567 1 0 1706826435
WALL 21209567 1 0 1706826436
WALL 21209567 1 0 1706826437
WALL 21209567 1 0 1706826438
WALL 21209567 1 0 1706826439
slurmstepd: error: *** JOB 21209567 ON nid200014 CANCELLED AT 2024-02-01T22:27:19 DUE TO PREEMPTION ***
received SIGTERM 1706826439
WALL 21209567 1 0 1706826439
received SIGCONT 1706826439
WALL 21209567 1 0 1706826439
received SIGTERM 1706826439
WALL 21209567 1 0 1706826439
