srun: warning: can't run 1 processes on 2 nodes, setting nnodes to 1
WALL 21197272 1 0 1706814496
WALL 21197272 1 0 1706814497
WALL 21197272 1 0 1706814498
WALL 21197272 1 0 1706814499
WALL 21197272 1 0 1706814500
WALL 21197272 1 0 1706814501
WALL 21197272 1 0 1706814502
WALL 21197272 1 0 1706814503
WALL 21197272 1 0 1706814504
WALL 21197272 1 0 1706814505
WALL 21197272 1 0 1706814506
WALL 21197272 1 0 1706814507
WALL 21197272 1 0 1706814508
WALL 21197272 1 0 1706814509
WALL 21197272 1 0 1706814510
WALL 21197272 1 0 1706814511
WALL 21197272 1 0 1706814512
WALL 21197272 1 0 1706814513
WALL 21197272 1 0 1706814514
WALL 21197272 1 0 1706814515
WALL 21197272 1 0 1706814516
WALL 21197272 1 0 1706814517
WALL 21197272 1 0 1706814518
WALL 21197272 1 0 1706814519
WALL 21197272 1 0 1706814520
WALL 21197272 1 0 1706814521
WALL 21197272 1 0 1706814522
WALL 21197272 1 0 1706814523
WALL 21197272 1 0 1706814524
WALL 21197272 1 0 1706814525
WALL 21197272 1 0 1706814526
WALL 21197272 1 0 1706814527
WALL 21197272 1 0 1706814528
WALL 21197272 1 0 1706814529
WALL 21197272 1 0 1706814530
WALL 21197272 1 0 1706814531
WALL 21197272 1 0 1706814532
WALL 21197272 1 0 1706814533
WALL 21197272 1 0 1706814534
WALL 21197272 1 0 1706814535
WALL 21197272 1 0 1706814536
WALL 21197272 1 0 1706814537
WALL 21197272 1 0 1706814538
WALL 21197272 1 0 1706814539
WALL 21197272 1 0 1706814540
WALL 21197272 1 0 1706814541
WALL 21197272 1 0 1706814542
WALL 21197272 1 0 1706814543
WALL 21197272 1 0 1706814544
WALL 21197272 1 0 1706814545
WALL 21197272 1 0 1706814546
WALL 21197272 1 0 1706814547
WALL 21197272 1 0 1706814548
WALL 21197272 1 0 1706814549
WALL 21197272 1 0 1706814550
WALL 21197272 1 0 1706814551
WALL 21197272 1 0 1706814552
WALL 21197272 1 0 1706814553
WALL 21197272 1 0 1706814554
WALL 21197272 1 0 1706814555
WALL 21197272 1 0 1706814556
WALL 21197272 1 0 1706814557
WALL 21197272 1 0 1706814558
WALL 21197272 1 0 1706814559
WALL 21197272 1 0 1706814560
WALL 21197272 1 0 1706814561
WALL 21197272 1 0 1706814562
WALL 21197272 1 0 1706814563
WALL 21197272 1 0 1706814564
WALL 21197272 1 0 1706814565
WALL 21197272 1 0 1706814566
WALL 21197272 1 0 1706814567
WALL 21197272 1 0 1706814568
WALL 21197272 1 0 1706814569
WALL 21197272 1 0 1706814570
WALL 21197272 1 0 1706814571
WALL 21197272 1 0 1706814572
WALL 21197272 1 0 1706814573
WALL 21197272 1 0 1706814574
WALL 21197272 1 0 1706814575
WALL 21197272 1 0 1706814576
WALL 21197272 1 0 1706814577
WALL 21197272 1 0 1706814578
WALL 21197272 1 0 1706814579
WALL 21197272 1 0 1706814580
WALL 21197272 1 0 1706814581
WALL 21197272 1 0 1706814582
WALL 21197272 1 0 1706814583
WALL 21197272 1 0 1706814584
WALL 21197272 1 0 1706814585
WALL 21197272 1 0 1706814586
WALL 21197272 1 0 1706814587
WALL 21197272 1 0 1706814588
WALL 21197272 1 0 1706814589
WALL 21197272 1 0 1706814590
WALL 21197272 1 0 1706814591
WALL 21197272 1 0 1706814592
WALL 21197272 1 0 1706814593
WALL 21197272 1 0 1706814594
WALL 21197272 1 0 1706814595
WALL 21197272 1 0 1706814596
WALL 21197272 1 0 1706814597
WALL 21197272 1 0 1706814598
WALL 21197272 1 0 1706814599
WALL 21197272 1 0 1706814600
WALL 21197272 1 0 1706814601
WALL 21197272 1 0 1706814602
WALL 21197272 1 0 1706814603
WALL 21197272 1 0 1706814604
WALL 21197272 1 0 1706814605
WALL 21197272 1 0 1706814606
WALL 21197272 1 0 1706814607
WALL 21197272 1 0 1706814608
WALL 21197272 1 0 1706814609
WALL 21197272 1 0 1706814610
WALL 21197272 1 0 1706814611
WALL 21197272 1 0 1706814612
WALL 21197272 1 0 1706814613
WALL 21197272 1 0 1706814614
WALL 21197272 1 0 1706814615
WALL 21197272 1 0 1706814616
WALL 21197272 1 0 1706814617
WALL 21197272 1 0 1706814618
WALL 21197272 1 0 1706814619
WALL 21197272 1 0 1706814620
WALL 21197272 1 0 1706814621
WALL 21197272 1 0 1706814622
WALL 21197272 1 0 1706814623
WALL 21197272 1 0 1706814624
WALL 21197272 1 0 1706814625
WALL 21197272 1 0 1706814626
WALL 21197272 1 0 1706814627
WALL 21197272 1 0 1706814628
WALL 21197272 1 0 1706814629
WALL 21197272 1 0 1706814630
WALL 21197272 1 0 1706814631
WALL 21197272 1 0 1706814632
WALL 21197272 1 0 1706814633
WALL 21197272 1 0 1706814634
WALL 21197272 1 0 1706814635
WALL 21197272 1 0 1706814636
WALL 21197272 1 0 1706814637
WALL 21197272 1 0 1706814638
WALL 21197272 1 0 1706814639
WALL 21197272 1 0 1706814640
WALL 21197272 1 0 1706814641
WALL 21197272 1 0 1706814642
WALL 21197272 1 0 1706814643
WALL 21197272 1 0 1706814644
WALL 21197272 1 0 1706814645
WALL 21197272 1 0 1706814646
WALL 21197272 1 0 1706814647
WALL 21197272 1 0 1706814648
WALL 21197272 1 0 1706814649
WALL 21197272 1 0 1706814650
WALL 21197272 1 0 1706814651
WALL 21197272 1 0 1706814652
WALL 21197272 1 0 1706814653
WALL 21197272 1 0 1706814654
WALL 21197272 1 0 1706814655
WALL 21197272 1 0 1706814656
WALL 21197272 1 0 1706814657
WALL 21197272 1 0 1706814658
WALL 21197272 1 0 1706814659
WALL 21197272 1 0 1706814660
WALL 21197272 1 0 1706814661
WALL 21197272 1 0 1706814662
WALL 21197272 1 0 1706814663
WALL 21197272 1 0 1706814664
WALL 21197272 1 0 1706814665
WALL 21197272 1 0 1706814666
WALL 21197272 1 0 1706814667
WALL 21197272 1 0 1706814668
WALL 21197272 1 0 1706814669
WALL 21197272 1 0 1706814670
WALL 21197272 1 0 1706814671
WALL 21197272 1 0 1706814672
WALL 21197272 1 0 1706814673
WALL 21197272 1 0 1706814674
WALL 21197272 1 0 1706814675
WALL 21197272 1 0 1706814676
WALL 21197272 1 0 1706814677
WALL 21197272 1 0 1706814678
WALL 21197272 1 0 1706814679
WALL 21197272 1 0 1706814680
WALL 21197272 1 0 1706814681
WALL 21197272 1 0 1706814682
WALL 21197272 1 0 1706814683
WALL 21197272 1 0 1706814684
WALL 21197272 1 0 1706814685
WALL 21197272 1 0 1706814686
WALL 21197272 1 0 1706814687
WALL 21197272 1 0 1706814688
WALL 21197272 1 0 1706814689
WALL 21197272 1 0 1706814690
WALL 21197272 1 0 1706814691
WALL 21197272 1 0 1706814692
WALL 21197272 1 0 1706814693
WALL 21197272 1 0 1706814694
WALL 21197272 1 0 1706814695
WALL 21197272 1 0 1706814696
WALL 21197272 1 0 1706814697
WALL 21197272 1 0 1706814698
WALL 21197272 1 0 1706814699
WALL 21197272 1 0 1706814700
WALL 21197272 1 0 1706814701
WALL 21197272 1 0 1706814702
WALL 21197272 1 0 1706814703
WALL 21197272 1 0 1706814704
WALL 21197272 1 0 1706814705
WALL 21197272 1 0 1706814706
WALL 21197272 1 0 1706814707
WALL 21197272 1 0 1706814708
WALL 21197272 1 0 1706814709
WALL 21197272 1 0 1706814710
WALL 21197272 1 0 1706814711
WALL 21197272 1 0 1706814712
WALL 21197272 1 0 1706814713
WALL 21197272 1 0 1706814714
WALL 21197272 1 0 1706814715
WALL 21197272 1 0 1706814716
WALL 21197272 1 0 1706814717
WALL 21197272 1 0 1706814718
WALL 21197272 1 0 1706814719
WALL 21197272 1 0 1706814720
WALL 21197272 1 0 1706814721
WALL 21197272 1 0 1706814722
WALL 21197272 1 0 1706814723
WALL 21197272 1 0 1706814724
WALL 21197272 1 0 1706814725
WALL 21197272 1 0 1706814726
WALL 21197272 1 0 1706814727
WALL 21197272 1 0 1706814728
WALL 21197272 1 0 1706814729
WALL 21197272 1 0 1706814730
WALL 21197272 1 0 1706814731
WALL 21197272 1 0 1706814732
WALL 21197272 1 0 1706814733
WALL 21197272 1 0 1706814734
WALL 21197272 1 0 1706814735
WALL 21197272 1 0 1706814736
WALL 21197272 1 0 1706814737
WALL 21197272 1 0 1706814738
WALL 21197272 1 0 1706814739
WALL 21197272 1 0 1706814740
WALL 21197272 1 0 1706814741
WALL 21197272 1 0 1706814742
WALL 21197272 1 0 1706814743
WALL 21197272 1 0 1706814744
WALL 21197272 1 0 1706814745
received SIGCONT 1706814745
WALL 21197272 1 0 1706814745
slurmstepd: error: *** STEP 21197272.0 ON nid200039 CANCELLED AT 2024-02-01T19:12:25 ***
received SIGTERM 1706814745
WALL 21197272 1 0 1706814745
WALL 21197272 1 0 1706814746
WALL 21197272 1 0 1706814747
WALL 21197272 1 0 1706814748
WALL 21197272 1 0 1706814749
WALL 21197272 1 0 1706814750
WALL 21197272 1 0 1706814751
WALL 21197272 1 0 1706814752
WALL 21197272 1 0 1706814753
WALL 21197272 1 0 1706814754
WALL 21197272 1 0 1706814755
WALL 21197272 1 0 1706814756
WALL 21197272 1 0 1706814757
WALL 21197272 1 0 1706814758
WALL 21197272 1 0 1706814759
WALL 21197272 1 0 1706814760
WALL 21197272 1 0 1706814761
WALL 21197272 1 0 1706814762
WALL 21197272 1 0 1706814763
WALL 21197272 1 0 1706814764
WALL 21197272 1 0 1706814765
WALL 21197272 1 0 1706814766
WALL 21197272 1 0 1706814767
WALL 21197272 1 0 1706814768
WALL 21197272 1 0 1706814769
WALL 21197272 1 0 1706814770
WALL 21197272 1 0 1706814771
WALL 21197272 1 0 1706814772
WALL 21197272 1 0 1706814773
WALL 21197272 1 0 1706814774
WALL 21197272 1 0 1706814775
WALL 21197272 1 0 1706814776
WALL 21197272 1 0 1706814777
WALL 21197272 1 0 1706814778
WALL 21197272 1 0 1706814779
WALL 21197272 1 0 1706814780
WALL 21197272 1 0 1706814781
WALL 21197272 1 0 1706814782
WALL 21197272 1 0 1706814783
WALL 21197272 1 0 1706814784
WALL 21197272 1 0 1706814785
WALL 21197272 1 0 1706814786
WALL 21197272 1 0 1706814787
WALL 21197272 1 0 1706814788
WALL 21197272 1 0 1706814789
WALL 21197272 1 0 1706814790
WALL 21197272 1 0 1706814791
WALL 21197272 1 0 1706814792
WALL 21197272 1 0 1706814793
WALL 21197272 1 0 1706814794
WALL 21197272 1 0 1706814795
WALL 21197272 1 0 1706814796
WALL 21197272 1 0 1706814797
WALL 21197272 1 0 1706814798
WALL 21197272 1 0 1706814799
WALL 21197272 1 0 1706814800
WALL 21197272 1 0 1706814801
WALL 21197272 1 0 1706814802
WALL 21197272 1 0 1706814803
WALL 21197272 1 0 1706814804
WALL 21197272 1 0 1706814805
WALL 21197272 1 0 1706814806
WALL 21197272 1 0 1706814807
WALL 21197272 1 0 1706814808
WALL 21197272 1 0 1706814809
WALL 21197272 1 0 1706814810
WALL 21197272 1 0 1706814811
WALL 21197272 1 0 1706814812
WALL 21197272 1 0 1706814813
WALL 21197272 1 0 1706814814
WALL 21197272 1 0 1706814815
WALL 21197272 1 0 1706814816
WALL 21197272 1 0 1706814817
WALL 21197272 1 0 1706814818
WALL 21197272 1 0 1706814819
WALL 21197272 1 0 1706814820
WALL 21197272 1 0 1706814821
WALL 21197272 1 0 1706814822
WALL 21197272 1 0 1706814823
slurmstepd: error: *** JOB 21197272 ON nid200039 CANCELLED AT 2024-02-01T19:13:44 DUE TO PREEMPTION ***
received SIGTERM 1706814824
WALL 21197272 1 0 1706814824
received SIGCONT 1706814824
WALL 21197272 1 0 1706814824
received SIGTERM 1706814824
WALL 21197272 1 0 1706814824
