WALL 21089037 1 0 1706661408
WALL 21089037 1 0 1706661409
WALL 21089037 1 0 1706661410
WALL 21089037 1 0 1706661411
WALL 21089037 1 0 1706661412
WALL 21089037 1 0 1706661413
WALL 21089037 1 0 1706661414
WALL 21089037 1 0 1706661415
WALL 21089037 1 0 1706661416
WALL 21089037 1 0 1706661417
WALL 21089037 1 0 1706661418
WALL 21089037 1 0 1706661419
WALL 21089037 1 0 1706661420
WALL 21089037 1 0 1706661421
WALL 21089037 1 0 1706661422
WALL 21089037 1 0 1706661423
WALL 21089037 1 0 1706661424
WALL 21089037 1 0 1706661425
WALL 21089037 1 0 1706661426
WALL 21089037 1 0 1706661427
WALL 21089037 1 0 1706661428
WALL 21089037 1 0 1706661429
WALL 21089037 1 0 1706661430
WALL 21089037 1 0 1706661431
WALL 21089037 1 0 1706661432
WALL 21089037 1 0 1706661433
WALL 21089037 1 0 1706661434
WALL 21089037 1 0 1706661435
WALL 21089037 1 0 1706661436
WALL 21089037 1 0 1706661437
WALL 21089037 1 0 1706661438
WALL 21089037 1 0 1706661439
WALL 21089037 1 0 1706661440
WALL 21089037 1 0 1706661441
WALL 21089037 1 0 1706661442
WALL 21089037 1 0 1706661443
WALL 21089037 1 0 1706661444
WALL 21089037 1 0 1706661445
WALL 21089037 1 0 1706661446
WALL 21089037 1 0 1706661447
WALL 21089037 1 0 1706661448
WALL 21089037 1 0 1706661449
WALL 21089037 1 0 1706661450
WALL 21089037 1 0 1706661451
WALL 21089037 1 0 1706661452
WALL 21089037 1 0 1706661453
WALL 21089037 1 0 1706661454
slurmstepd: error: *** STEP 21089037.0 ON nid200197 CANCELLED AT 2024-01-31T00:37:34 ***
received SIGTERM 1706661454
WALL 21089037 1 0 1706661454
received SIGCONT 1706661454
WALL 21089037 1 0 1706661454
WALL 21089037 1 0 1706661455
WALL 21089037 1 0 1706661456
WALL 21089037 1 0 1706661457
WALL 21089037 1 0 1706661458
WALL 21089037 1 0 1706661459
WALL 21089037 1 0 1706661460
WALL 21089037 1 0 1706661461
WALL 21089037 1 0 1706661462
WALL 21089037 1 0 1706661463
WALL 21089037 1 0 1706661464
WALL 21089037 1 0 1706661465
WALL 21089037 1 0 1706661466
WALL 21089037 1 0 1706661467
WALL 21089037 1 0 1706661468
WALL 21089037 1 0 1706661469
WALL 21089037 1 0 1706661470
WALL 21089037 1 0 1706661471
WALL 21089037 1 0 1706661472
WALL 21089037 1 0 1706661473
WALL 21089037 1 0 1706661474
WALL 21089037 1 0 1706661475
WALL 21089037 1 0 1706661476
WALL 21089037 1 0 1706661477
WALL 21089037 1 0 1706661478
WALL 21089037 1 0 1706661479
WALL 21089037 1 0 1706661480
WALL 21089037 1 0 1706661481
WALL 21089037 1 0 1706661482
WALL 21089037 1 0 1706661483
WALL 21089037 1 0 1706661484
WALL 21089037 1 0 1706661485
WALL 21089037 1 0 1706661486
WALL 21089037 1 0 1706661487
WALL 21089037 1 0 1706661488
WALL 21089037 1 0 1706661489
WALL 21089037 1 0 1706661490
WALL 21089037 1 0 1706661491
WALL 21089037 1 0 1706661492
WALL 21089037 1 0 1706661493
WALL 21089037 1 0 1706661494
WALL 21089037 1 0 1706661495
WALL 21089037 1 0 1706661496
WALL 21089037 1 0 1706661497
WALL 21089037 1 0 1706661498
WALL 21089037 1 0 1706661499
WALL 21089037 1 0 1706661500
WALL 21089037 1 0 1706661501
WALL 21089037 1 0 1706661502
WALL 21089037 1 0 1706661503
WALL 21089037 1 0 1706661504
WALL 21089037 1 0 1706661505
WALL 21089037 1 0 1706661506
WALL 21089037 1 0 1706661507
WALL 21089037 1 0 1706661508
WALL 21089037 1 0 1706661509
WALL 21089037 1 0 1706661510
WALL 21089037 1 0 1706661511
WALL 21089037 1 0 1706661512
WALL 21089037 1 0 1706661513
WALL 21089037 1 0 1706661514
WALL 21089037 1 0 1706661515
WALL 21089037 1 0 1706661516
WALL 21089037 1 0 1706661517
WALL 21089037 1 0 1706661518
WALL 21089037 1 0 1706661519
WALL 21089037 1 0 1706661520
WALL 21089037 1 0 1706661521
WALL 21089037 1 0 1706661522
WALL 21089037 1 0 1706661523
WALL 21089037 1 0 1706661524
WALL 21089037 1 0 1706661525
WALL 21089037 1 0 1706661526
srun: Job step aborted: Waiting up to 32 seconds for job step to finish.
slurmstepd: error: *** JOB 21089037 ON nid200197 CANCELLED AT 2024-01-31T00:38:46 DUE TO PREEMPTION ***
received SIGTERM 1706661526
WALL 21089037 1 0 1706661526
received SIGCONT 1706661526
WALL 21089037 1 0 1706661526
received SIGTERM 1706661526
WALL 21089037 1 0 1706661526
