WALL 21195355 1 0 1706813253
WALL 21195355 1 0 1706813254
WALL 21195355 1 0 1706813255
WALL 21195355 1 0 1706813256
slurmstepd: error: *** STEP 21195355.0 ON nid200033 CANCELLED AT 2024-02-01T18:47:36 ***
received SIGCONT 1706813256
WALL 21195355 1 0 1706813256
received SIGTERM 1706813256
WALL 21195355 1 0 1706813256
WALL 21195355 1 0 1706813257
WALL 21195355 1 0 1706813258
WALL 21195355 1 0 1706813259
WALL 21195355 1 0 1706813260
WALL 21195355 1 0 1706813261
WALL 21195355 1 0 1706813262
WALL 21195355 1 0 1706813263
WALL 21195355 1 0 1706813264
WALL 21195355 1 0 1706813265
WALL 21195355 1 0 1706813266
WALL 21195355 1 0 1706813267
WALL 21195355 1 0 1706813268
WALL 21195355 1 0 1706813269
WALL 21195355 1 0 1706813270
WALL 21195355 1 0 1706813271
WALL 21195355 1 0 1706813272
WALL 21195355 1 0 1706813273
WALL 21195355 1 0 1706813274
WALL 21195355 1 0 1706813275
WALL 21195355 1 0 1706813276
WALL 21195355 1 0 1706813277
WALL 21195355 1 0 1706813278
WALL 21195355 1 0 1706813279
WALL 21195355 1 0 1706813280
WALL 21195355 1 0 1706813281
WALL 21195355 1 0 1706813282
WALL 21195355 1 0 1706813283
WALL 21195355 1 0 1706813284
WALL 21195355 1 0 1706813285
WALL 21195355 1 0 1706813286
WALL 21195355 1 0 1706813287
WALL 21195355 1 0 1706813288
WALL 21195355 1 0 1706813289
WALL 21195355 1 0 1706813290
WALL 21195355 1 0 1706813291
WALL 21195355 1 0 1706813292
WALL 21195355 1 0 1706813293
WALL 21195355 1 0 1706813294
WALL 21195355 1 0 1706813295
WALL 21195355 1 0 1706813296
WALL 21195355 1 0 1706813297
WALL 21195355 1 0 1706813298
WALL 21195355 1 0 1706813299
WALL 21195355 1 0 1706813300
WALL 21195355 1 0 1706813301
WALL 21195355 1 0 1706813302
WALL 21195355 1 0 1706813303
WALL 21195355 1 0 1706813304
WALL 21195355 1 0 1706813305
WALL 21195355 1 0 1706813306
WALL 21195355 1 0 1706813307
WALL 21195355 1 0 1706813308
WALL 21195355 1 0 1706813309
WALL 21195355 1 0 1706813310
WALL 21195355 1 0 1706813311
WALL 21195355 1 0 1706813312
WALL 21195355 1 0 1706813313
WALL 21195355 1 0 1706813314
WALL 21195355 1 0 1706813315
WALL 21195355 1 0 1706813316
WALL 21195355 1 0 1706813317
WALL 21195355 1 0 1706813318
WALL 21195355 1 0 1706813319
WALL 21195355 1 0 1706813320
WALL 21195355 1 0 1706813321
WALL 21195355 1 0 1706813322
WALL 21195355 1 0 1706813323
slurmstepd: error: *** JOB 21195355 ON nid200033 CANCELLED AT 2024-02-01T18:48:43 DUE TO PREEMPTION ***
received SIGTERM 1706813323
WALL 21195355 1 0 1706813323
received SIGCONT 1706813323
WALL 21195355 1 0 1706813323
received SIGTERM 1706813323
WALL 21195355 1 0 1706813323
