WALL 21209019 1 0 1706823640
WALL 21209019 1 0 1706823641
WALL 21209019 1 0 1706823642
WALL 21209019 1 0 1706823643
slurmstepd: error: *** STEP 21209019.0 ON nid200070 CANCELLED AT 2024-02-01T21:40:44 ***
received SIGTERM 1706823644
WALL 21209019 1 0 1706823644
received SIGCONT 1706823644
WALL 21209019 1 0 1706823644
WALL 21209019 1 0 1706823645
WALL 21209019 1 0 1706823646
WALL 21209019 1 0 1706823647
WALL 21209019 1 0 1706823648
WALL 21209019 1 0 1706823649
WALL 21209019 1 0 1706823650
WALL 21209019 1 0 1706823651
WALL 21209019 1 0 1706823652
WALL 21209019 1 0 1706823653
WALL 21209019 1 0 1706823654
WALL 21209019 1 0 1706823655
WALL 21209019 1 0 1706823656
WALL 21209019 1 0 1706823657
WALL 21209019 1 0 1706823658
WALL 21209019 1 0 1706823659
WALL 21209019 1 0 1706823660
WALL 21209019 1 0 1706823661
WALL 21209019 1 0 1706823662
WALL 21209019 1 0 1706823663
WALL 21209019 1 0 1706823664
WALL 21209019 1 0 1706823665
WALL 21209019 1 0 1706823666
WALL 21209019 1 0 1706823667
WALL 21209019 1 0 1706823668
WALL 21209019 1 0 1706823669
WALL 21209019 1 0 1706823670
WALL 21209019 1 0 1706823671
WALL 21209019 1 0 1706823672
WALL 21209019 1 0 1706823673
WALL 21209019 1 0 1706823674
WALL 21209019 1 0 1706823675
WALL 21209019 1 0 1706823676
WALL 21209019 1 0 1706823677
WALL 21209019 1 0 1706823678
WALL 21209019 1 0 1706823679
WALL 21209019 1 0 1706823680
WALL 21209019 1 0 1706823681
WALL 21209019 1 0 1706823682
WALL 21209019 1 0 1706823683
WALL 21209019 1 0 1706823684
WALL 21209019 1 0 1706823685
WALL 21209019 1 0 1706823686
WALL 21209019 1 0 1706823687
WALL 21209019 1 0 1706823688
WALL 21209019 1 0 1706823689
srun: Job step aborted: Waiting up to 32 seconds for job step to finish.
received SIGCONT 1706823689
WALL 21209019 1 0 1706823689
received SIGTERM 1706823689
slurmstepd: error: *** JOB 21209019 ON nid200070 CANCELLED AT 2024-02-01T21:41:29 ***
WALL 21209019 1 0 1706823689
