WALL 21152645 1 0 1706741223
WALL 21152645 1 0 1706741224
WALL 21152645 1 0 1706741225
WALL 21152645 1 0 1706741226
WALL 21152645 1 0 1706741227
WALL 21152645 1 0 1706741228
WALL 21152645 1 0 1706741229
WALL 21152645 1 0 1706741230
WALL 21152645 1 0 1706741231
WALL 21152645 1 0 1706741232
WALL 21152645 1 0 1706741233
WALL 21152645 1 0 1706741234
WALL 21152645 1 0 1706741235
WALL 21152645 1 0 1706741236
WALL 21152645 1 0 1706741237
WALL 21152645 1 0 1706741238
WALL 21152645 1 0 1706741239
WALL 21152645 1 0 1706741240
WALL 21152645 1 0 1706741241
WALL 21152645 1 0 1706741242
WALL 21152645 1 0 1706741243
WALL 21152645 1 0 1706741244
WALL 21152645 1 0 1706741245
WALL 21152645 1 0 1706741246
WALL 21152645 1 0 1706741247
WALL 21152645 1 0 1706741248
WALL 21152645 1 0 1706741249
WALL 21152645 1 0 1706741250
WALL 21152645 1 0 1706741251
WALL 21152645 1 0 1706741252
WALL 21152645 1 0 1706741253
WALL 21152645 1 0 1706741254
WALL 21152645 1 0 1706741255
WALL 21152645 1 0 1706741256
WALL 21152645 1 0 1706741257
WALL 21152645 1 0 1706741258
WALL 21152645 1 0 1706741259
WALL 21152645 1 0 1706741260
WALL 21152645 1 0 1706741261
WALL 21152645 1 0 1706741262
WALL 21152645 1 0 1706741263
WALL 21152645 1 0 1706741264
WALL 21152645 1 0 1706741265
WALL 21152645 1 0 1706741266
WALL 21152645 1 0 1706741267
WALL 21152645 1 0 1706741268
WALL 21152645 1 0 1706741269
WALL 21152645 1 0 1706741270
WALL 21152645 1 0 1706741271
WALL 21152645 1 0 1706741272
WALL 21152645 1 0 1706741273
WALL 21152645 1 0 1706741274
WALL 21152645 1 0 1706741275
WALL 21152645 1 0 1706741276
WALL 21152645 1 0 1706741277
WALL 21152645 1 0 1706741278
WALL 21152645 1 0 1706741279
WALL 21152645 1 0 1706741280
WALL 21152645 1 0 1706741281
WALL 21152645 1 0 1706741282
WALL 21152645 1 0 1706741283
WALL 21152645 1 0 1706741284
WALL 21152645 1 0 1706741285
WALL 21152645 1 0 1706741286
WALL 21152645 1 0 1706741287
WALL 21152645 1 0 1706741288
WALL 21152645 1 0 1706741289
WALL 21152645 1 0 1706741290
WALL 21152645 1 0 1706741291
WALL 21152645 1 0 1706741292
WALL 21152645 1 0 1706741293
WALL 21152645 1 0 1706741294
WALL 21152645 1 0 1706741295
WALL 21152645 1 0 1706741296
WALL 21152645 1 0 1706741297
WALL 21152645 1 0 1706741298
WALL 21152645 1 0 1706741299
WALL 21152645 1 0 1706741300
WALL 21152645 1 0 1706741301
WALL 21152645 1 0 1706741302
WALL 21152645 1 0 1706741303
WALL 21152645 1 0 1706741304
WALL 21152645 1 0 1706741305
WALL 21152645 1 0 1706741306
WALL 21152645 1 0 1706741307
WALL 21152645 1 0 1706741308
WALL 21152645 1 0 1706741309
WALL 21152645 1 0 1706741310
WALL 21152645 1 0 1706741311
WALL 21152645 1 0 1706741312
WALL 21152645 1 0 1706741313
WALL 21152645 1 0 1706741314
WALL 21152645 1 0 1706741315
WALL 21152645 1 0 1706741316
WALL 21152645 1 0 1706741317
WALL 21152645 1 0 1706741318
WALL 21152645 1 0 1706741319
WALL 21152645 1 0 1706741320
WALL 21152645 1 0 1706741321
WALL 21152645 1 0 1706741322
WALL 21152645 1 0 1706741323
WALL 21152645 1 0 1706741324
WALL 21152645 1 0 1706741325
WALL 21152645 1 0 1706741326
WALL 21152645 1 0 1706741327
WALL 21152645 1 0 1706741328
WALL 21152645 1 0 1706741329
WALL 21152645 1 0 1706741330
WALL 21152645 1 0 1706741331
WALL 21152645 1 0 1706741332
WALL 21152645 1 0 1706741333
WALL 21152645 1 0 1706741334
WALL 21152645 1 0 1706741335
WALL 21152645 1 0 1706741336
WALL 21152645 1 0 1706741337
WALL 21152645 1 0 1706741338
WALL 21152645 1 0 1706741339
WALL 21152645 1 0 1706741340
WALL 21152645 1 0 1706741341
WALL 21152645 1 0 1706741342
WALL 21152645 1 0 1706741343
WALL 21152645 1 0 1706741344
WALL 21152645 1 0 1706741345
WALL 21152645 1 0 1706741346
WALL 21152645 1 0 1706741347
WALL 21152645 1 0 1706741348
WALL 21152645 1 0 1706741349
WALL 21152645 1 0 1706741350
WALL 21152645 1 0 1706741351
WALL 21152645 1 0 1706741352
WALL 21152645 1 0 1706741353
WALL 21152645 1 0 1706741354
WALL 21152645 1 0 1706741355
WALL 21152645 1 0 1706741356
WALL 21152645 1 0 1706741357
WALL 21152645 1 0 1706741358
WALL 21152645 1 0 1706741359
WALL 21152645 1 0 1706741360
WALL 21152645 1 0 1706741361
WALL 21152645 1 0 1706741362
WALL 21152645 1 0 1706741363
WALL 21152645 1 0 1706741364
WALL 21152645 1 0 1706741365
WALL 21152645 1 0 1706741366
WALL 21152645 1 0 1706741367
WALL 21152645 1 0 1706741368
WALL 21152645 1 0 1706741369
WALL 21152645 1 0 1706741370
WALL 21152645 1 0 1706741371
WALL 21152645 1 0 1706741372
WALL 21152645 1 0 1706741373
WALL 21152645 1 0 1706741374
WALL 21152645 1 0 1706741375
WALL 21152645 1 0 1706741376
WALL 21152645 1 0 1706741377
WALL 21152645 1 0 1706741378
WALL 21152645 1 0 1706741379
WALL 21152645 1 0 1706741380
WALL 21152645 1 0 1706741381
WALL 21152645 1 0 1706741382
WALL 21152645 1 0 1706741383
WALL 21152645 1 0 1706741384
WALL 21152645 1 0 1706741385
WALL 21152645 1 0 1706741386
WALL 21152645 1 0 1706741387
WALL 21152645 1 0 1706741388
WALL 21152645 1 0 1706741389
WALL 21152645 1 0 1706741390
WALL 21152645 1 0 1706741391
WALL 21152645 1 0 1706741392
WALL 21152645 1 0 1706741393
WALL 21152645 1 0 1706741394
WALL 21152645 1 0 1706741395
WALL 21152645 1 0 1706741396
WALL 21152645 1 0 1706741397
WALL 21152645 1 0 1706741398
WALL 21152645 1 0 1706741399
WALL 21152645 1 0 1706741400
WALL 21152645 1 0 1706741401
WALL 21152645 1 0 1706741402
WALL 21152645 1 0 1706741403
WALL 21152645 1 0 1706741404
WALL 21152645 1 0 1706741405
WALL 21152645 1 0 1706741406
WALL 21152645 1 0 1706741407
WALL 21152645 1 0 1706741408
WALL 21152645 1 0 1706741409
WALL 21152645 1 0 1706741410
WALL 21152645 1 0 1706741411
WALL 21152645 1 0 1706741412
WALL 21152645 1 0 1706741413
WALL 21152645 1 0 1706741414
WALL 21152645 1 0 1706741415
WALL 21152645 1 0 1706741416
WALL 21152645 1 0 1706741417
WALL 21152645 1 0 1706741418
WALL 21152645 1 0 1706741419
WALL 21152645 1 0 1706741420
WALL 21152645 1 0 1706741421
WALL 21152645 1 0 1706741422
WALL 21152645 1 0 1706741423
WALL 21152645 1 0 1706741424
WALL 21152645 1 0 1706741425
WALL 21152645 1 0 1706741426
WALL 21152645 1 0 1706741427
WALL 21152645 1 0 1706741428
WALL 21152645 1 0 1706741429
WALL 21152645 1 0 1706741430
WALL 21152645 1 0 1706741431
WALL 21152645 1 0 1706741432
WALL 21152645 1 0 1706741433
WALL 21152645 1 0 1706741434
WALL 21152645 1 0 1706741435
WALL 21152645 1 0 1706741436
WALL 21152645 1 0 1706741437
WALL 21152645 1 0 1706741438
WALL 21152645 1 0 1706741439
WALL 21152645 1 0 1706741440
WALL 21152645 1 0 1706741441
WALL 21152645 1 0 1706741442
WALL 21152645 1 0 1706741443
WALL 21152645 1 0 1706741444
WALL 21152645 1 0 1706741445
WALL 21152645 1 0 1706741446
WALL 21152645 1 0 1706741447
received SIGCONT 1706741447
WALL 21152645 1 0 1706741447
slurmstepd: error: *** STEP 21152645.0 ON nid200025 CANCELLED AT 2024-01-31T22:50:47 ***
received SIGTERM 1706741447
WALL 21152645 1 0 1706741447
WALL 21152645 1 0 1706741448
WALL 21152645 1 0 1706741449
WALL 21152645 1 0 1706741450
WALL 21152645 1 0 1706741451
WALL 21152645 1 0 1706741452
WALL 21152645 1 0 1706741453
WALL 21152645 1 0 1706741454
WALL 21152645 1 0 1706741455
WALL 21152645 1 0 1706741456
WALL 21152645 1 0 1706741457
WALL 21152645 1 0 1706741458
WALL 21152645 1 0 1706741459
WALL 21152645 1 0 1706741460
WALL 21152645 1 0 1706741461
WALL 21152645 1 0 1706741462
WALL 21152645 1 0 1706741463
WALL 21152645 1 0 1706741464
WALL 21152645 1 0 1706741465
WALL 21152645 1 0 1706741466
WALL 21152645 1 0 1706741467
WALL 21152645 1 0 1706741468
WALL 21152645 1 0 1706741469
WALL 21152645 1 0 1706741470
WALL 21152645 1 0 1706741471
WALL 21152645 1 0 1706741472
WALL 21152645 1 0 1706741473
WALL 21152645 1 0 1706741474
WALL 21152645 1 0 1706741475
WALL 21152645 1 0 1706741476
WALL 21152645 1 0 1706741477
WALL 21152645 1 0 1706741478
WALL 21152645 1 0 1706741479
WALL 21152645 1 0 1706741480
WALL 21152645 1 0 1706741481
WALL 21152645 1 0 1706741482
WALL 21152645 1 0 1706741483
WALL 21152645 1 0 1706741484
WALL 21152645 1 0 1706741485
WALL 21152645 1 0 1706741486
WALL 21152645 1 0 1706741487
WALL 21152645 1 0 1706741488
WALL 21152645 1 0 1706741489
WALL 21152645 1 0 1706741490
WALL 21152645 1 0 1706741491
WALL 21152645 1 0 1706741492
WALL 21152645 1 0 1706741493
WALL 21152645 1 0 1706741494
WALL 21152645 1 0 1706741495
WALL 21152645 1 0 1706741496
WALL 21152645 1 0 1706741497
WALL 21152645 1 0 1706741498
WALL 21152645 1 0 1706741499
WALL 21152645 1 0 1706741500
WALL 21152645 1 0 1706741501
WALL 21152645 1 0 1706741502
WALL 21152645 1 0 1706741503
WALL 21152645 1 0 1706741504
WALL 21152645 1 0 1706741505
WALL 21152645 1 0 1706741506
WALL 21152645 1 0 1706741507
WALL 21152645 1 0 1706741508
WALL 21152645 1 0 1706741509
WALL 21152645 1 0 1706741510
WALL 21152645 1 0 1706741511
WALL 21152645 1 0 1706741512
slurmstepd: error: *** JOB 21152645 ON nid200025 CANCELLED AT 2024-01-31T22:51:53 DUE TO PREEMPTION ***
received SIGTERM 1706741513
WALL 21152645 1 0 1706741513
received SIGCONT 1706741513
WALL 21152645 1 0 1706741513
received SIGTERM 1706741513
WALL 21152645 1 0 1706741513
