srun: warning: can't run 1 processes on 2 nodes, setting nnodes to 1
WALL 21212754 1 0 1706835714
WALL 21212754 1 0 1706835715
WALL 21212754 1 0 1706835716
WALL 21212754 1 0 1706835717
WALL 21212754 1 0 1706835718
WALL 21212754 1 0 1706835719
WALL 21212754 1 0 1706835720
WALL 21212754 1 0 1706835721
WALL 21212754 1 0 1706835722
WALL 21212754 1 0 1706835723
WALL 21212754 1 0 1706835724
WALL 21212754 1 0 1706835725
WALL 21212754 1 0 1706835726
WALL 21212754 1 0 1706835727
WALL 21212754 1 0 1706835728
WALL 21212754 1 0 1706835729
WALL 21212754 1 0 1706835730
WALL 21212754 1 0 1706835731
WALL 21212754 1 0 1706835732
WALL 21212754 1 0 1706835733
WALL 21212754 1 0 1706835734
WALL 21212754 1 0 1706835735
WALL 21212754 1 0 1706835736
WALL 21212754 1 0 1706835737
WALL 21212754 1 0 1706835738
WALL 21212754 1 0 1706835739
WALL 21212754 1 0 1706835740
WALL 21212754 1 0 1706835741
WALL 21212754 1 0 1706835742
WALL 21212754 1 0 1706835743
srun: Job step aborted: Waiting up to 32 seconds for job step to finish.
received SIGCONT 1706835743
WALL 21212754 1 0 1706835743
slurmstepd: error: *** STEP 21212754.0 ON nid200196 CANCELLED AT 2024-02-02T01:02:23 ***
slurmstepd: error: *** JOB 21212754 ON nid200196 CANCELLED AT 2024-02-02T01:02:23 ***
received SIGTERM 1706835743
WALL 21212754 1 0 1706835743
