srun: warning: can't run 1 processes on 2 nodes, setting nnodes to 1
WALL 21211122 1 0 1706829433
WALL 21211122 1 0 1706829434
WALL 21211122 1 0 1706829435
WALL 21211122 1 0 1706829436
WALL 21211122 1 0 1706829437
WALL 21211122 1 0 1706829438
WALL 21211122 1 0 1706829439
WALL 21211122 1 0 1706829440
WALL 21211122 1 0 1706829441
WALL 21211122 1 0 1706829442
WALL 21211122 1 0 1706829443
WALL 21211122 1 0 1706829444
WALL 21211122 1 0 1706829445
WALL 21211122 1 0 1706829446
WALL 21211122 1 0 1706829447
WALL 21211122 1 0 1706829448
WALL 21211122 1 0 1706829449
WALL 21211122 1 0 1706829450
WALL 21211122 1 0 1706829451
WALL 21211122 1 0 1706829452
WALL 21211122 1 0 1706829453
WALL 21211122 1 0 1706829454
WALL 21211122 1 0 1706829455
WALL 21211122 1 0 1706829456
WALL 21211122 1 0 1706829457
WALL 21211122 1 0 1706829458
WALL 21211122 1 0 1706829459
WALL 21211122 1 0 1706829460
WALL 21211122 1 0 1706829461
WALL 21211122 1 0 1706829462
WALL 21211122 1 0 1706829463
WALL 21211122 1 0 1706829464
WALL 21211122 1 0 1706829465
WALL 21211122 1 0 1706829466
WALL 21211122 1 0 1706829467
WALL 21211122 1 0 1706829468
WALL 21211122 1 0 1706829469
WALL 21211122 1 0 1706829470
WALL 21211122 1 0 1706829471
WALL 21211122 1 0 1706829472
WALL 21211122 1 0 1706829473
WALL 21211122 1 0 1706829474
WALL 21211122 1 0 1706829475
WALL 21211122 1 0 1706829476
WALL 21211122 1 0 1706829477
WALL 21211122 1 0 1706829478
WALL 21211122 1 0 1706829479
WALL 21211122 1 0 1706829480
WALL 21211122 1 0 1706829481
WALL 21211122 1 0 1706829482
WALL 21211122 1 0 1706829483
WALL 21211122 1 0 1706829484
WALL 21211122 1 0 1706829485
WALL 21211122 1 0 1706829486
WALL 21211122 1 0 1706829487
WALL 21211122 1 0 1706829488
WALL 21211122 1 0 1706829489
WALL 21211122 1 0 1706829490
WALL 21211122 1 0 1706829491
WALL 21211122 1 0 1706829492
WALL 21211122 1 0 1706829493
WALL 21211122 1 0 1706829494
received SIGCONT 1706829494
WALL 21211122 1 0 1706829494
slurmstepd: error: *** STEP 21211122.0 ON nid200003 CANCELLED AT 2024-02-01T23:18:14 ***
received SIGTERM 1706829494
WALL 21211122 1 0 1706829494
WALL 21211122 1 0 1706829495
WALL 21211122 1 0 1706829496
WALL 21211122 1 0 1706829497
WALL 21211122 1 0 1706829498
WALL 21211122 1 0 1706829499
WALL 21211122 1 0 1706829500
WALL 21211122 1 0 1706829501
WALL 21211122 1 0 1706829502
WALL 21211122 1 0 1706829503
WALL 21211122 1 0 1706829504
WALL 21211122 1 0 1706829505
WALL 21211122 1 0 1706829506
WALL 21211122 1 0 1706829507
WALL 21211122 1 0 1706829508
WALL 21211122 1 0 1706829509
WALL 21211122 1 0 1706829510
WALL 21211122 1 0 1706829511
WALL 21211122 1 0 1706829512
WALL 21211122 1 0 1706829513
WALL 21211122 1 0 1706829514
WALL 21211122 1 0 1706829515
WALL 21211122 1 0 1706829516
WALL 21211122 1 0 1706829517
WALL 21211122 1 0 1706829518
WALL 21211122 1 0 1706829519
WALL 21211122 1 0 1706829520
WALL 21211122 1 0 1706829521
WALL 21211122 1 0 1706829522
WALL 21211122 1 0 1706829523
WALL 21211122 1 0 1706829524
WALL 21211122 1 0 1706829525
WALL 21211122 1 0 1706829526
WALL 21211122 1 0 1706829527
WALL 21211122 1 0 1706829528
WALL 21211122 1 0 1706829529
WALL 21211122 1 0 1706829530
WALL 21211122 1 0 1706829531
WALL 21211122 1 0 1706829532
WALL 21211122 1 0 1706829533
WALL 21211122 1 0 1706829534
WALL 21211122 1 0 1706829535
WALL 21211122 1 0 1706829536
WALL 21211122 1 0 1706829537
WALL 21211122 1 0 1706829538
WALL 21211122 1 0 1706829539
WALL 21211122 1 0 1706829540
WALL 21211122 1 0 1706829541
WALL 21211122 1 0 1706829542
WALL 21211122 1 0 1706829543
WALL 21211122 1 0 1706829544
WALL 21211122 1 0 1706829545
WALL 21211122 1 0 1706829546
WALL 21211122 1 0 1706829547
WALL 21211122 1 0 1706829548
WALL 21211122 1 0 1706829549
WALL 21211122 1 0 1706829550
WALL 21211122 1 0 1706829551
WALL 21211122 1 0 1706829552
WALL 21211122 1 0 1706829553
WALL 21211122 1 0 1706829554
WALL 21211122 1 0 1706829555
WALL 21211122 1 0 1706829556
WALL 21211122 1 0 1706829557
WALL 21211122 1 0 1706829558
WALL 21211122 1 0 1706829559
WALL 21211122 1 0 1706829560
WALL 21211122 1 0 1706829561
WALL 21211122 1 0 1706829562
WALL 21211122 1 0 1706829563
slurmstepd: error: *** JOB 21211122 ON nid200003 CANCELLED AT 2024-02-01T23:19:24 DUE TO PREEMPTION ***
received SIGTERM 1706829564
WALL 21211122 1 0 1706829564
received SIGCONT 1706829564
WALL 21211122 1 0 1706829564
received SIGTERM 1706829564
WALL 21211122 1 0 1706829564
