WALL 21087111 1 0 1706657335
WALL 21087111 1 0 1706657336
WALL 21087111 1 0 1706657337
WALL 21087111 1 0 1706657338
WALL 21087111 1 0 1706657339
WALL 21087111 1 0 1706657340
WALL 21087111 1 0 1706657341
WALL 21087111 1 0 1706657342
WALL 21087111 1 0 1706657343
WALL 21087111 1 0 1706657344
WALL 21087111 1 0 1706657345
WALL 21087111 1 0 1706657346
WALL 21087111 1 0 1706657347
WALL 21087111 1 0 1706657348
WALL 21087111 1 0 1706657349
WALL 21087111 1 0 1706657350
WALL 21087111 1 0 1706657351
WALL 21087111 1 0 1706657352
WALL 21087111 1 0 1706657353
WALL 21087111 1 0 1706657354
WALL 21087111 1 0 1706657355
WALL 21087111 1 0 1706657356
WALL 21087111 1 0 1706657357
WALL 21087111 1 0 1706657358
WALL 21087111 1 0 1706657359
WALL 21087111 1 0 1706657360
WALL 21087111 1 0 1706657361
WALL 21087111 1 0 1706657362
WALL 21087111 1 0 1706657363
WALL 21087111 1 0 1706657364
WALL 21087111 1 0 1706657365
WALL 21087111 1 0 1706657366
WALL 21087111 1 0 1706657367
WALL 21087111 1 0 1706657368
WALL 21087111 1 0 1706657369
WALL 21087111 1 0 1706657370
WALL 21087111 1 0 1706657371
WALL 21087111 1 0 1706657372
WALL 21087111 1 0 1706657373
WALL 21087111 1 0 1706657374
WALL 21087111 1 0 1706657375
WALL 21087111 1 0 1706657376
WALL 21087111 1 0 1706657377
WALL 21087111 1 0 1706657378
WALL 21087111 1 0 1706657379
WALL 21087111 1 0 1706657380
WALL 21087111 1 0 1706657381
slurmstepd: error: *** STEP 21087111.0 ON nid200034 CANCELLED AT 2024-01-30T23:29:42 ***
received SIGTERM 1706657382
WALL 21087111 1 0 1706657382
received SIGCONT 1706657382
WALL 21087111 1 0 1706657382
WALL 21087111 1 0 1706657383
WALL 21087111 1 0 1706657384
WALL 21087111 1 0 1706657385
WALL 21087111 1 0 1706657386
WALL 21087111 1 0 1706657387
WALL 21087111 1 0 1706657388
WALL 21087111 1 0 1706657389
WALL 21087111 1 0 1706657390
WALL 21087111 1 0 1706657391
WALL 21087111 1 0 1706657392
WALL 21087111 1 0 1706657393
WALL 21087111 1 0 1706657394
WALL 21087111 1 0 1706657395
WALL 21087111 1 0 1706657396
WALL 21087111 1 0 1706657397
WALL 21087111 1 0 1706657398
WALL 21087111 1 0 1706657399
WALL 21087111 1 0 1706657400
WALL 21087111 1 0 1706657401
WALL 21087111 1 0 1706657402
WALL 21087111 1 0 1706657403
WALL 21087111 1 0 1706657404
WALL 21087111 1 0 1706657405
WALL 21087111 1 0 1706657406
WALL 21087111 1 0 1706657407
WALL 21087111 1 0 1706657408
WALL 21087111 1 0 1706657409
WALL 21087111 1 0 1706657410
WALL 21087111 1 0 1706657411
WALL 21087111 1 0 1706657412
WALL 21087111 1 0 1706657413
WALL 21087111 1 0 1706657414
WALL 21087111 1 0 1706657415
WALL 21087111 1 0 1706657416
WALL 21087111 1 0 1706657417
WALL 21087111 1 0 1706657418
WALL 21087111 1 0 1706657419
WALL 21087111 1 0 1706657420
WALL 21087111 1 0 1706657421
WALL 21087111 1 0 1706657422
WALL 21087111 1 0 1706657423
WALL 21087111 1 0 1706657424
WALL 21087111 1 0 1706657425
WALL 21087111 1 0 1706657426
WALL 21087111 1 0 1706657427
WALL 21087111 1 0 1706657428
WALL 21087111 1 0 1706657429
WALL 21087111 1 0 1706657430
WALL 21087111 1 0 1706657431
WALL 21087111 1 0 1706657432
WALL 21087111 1 0 1706657433
WALL 21087111 1 0 1706657434
WALL 21087111 1 0 1706657435
WALL 21087111 1 0 1706657436
WALL 21087111 1 0 1706657437
WALL 21087111 1 0 1706657438
WALL 21087111 1 0 1706657439
WALL 21087111 1 0 1706657440
WALL 21087111 1 0 1706657441
WALL 21087111 1 0 1706657442
WALL 21087111 1 0 1706657443
WALL 21087111 1 0 1706657444
WALL 21087111 1 0 1706657445
WALL 21087111 1 0 1706657446
WALL 21087111 1 0 1706657447
WALL 21087111 1 0 1706657448
WALL 21087111 1 0 1706657449
WALL 21087111 1 0 1706657450
WALL 21087111 1 0 1706657451
WALL 21087111 1 0 1706657452
WALL 21087111 1 0 1706657453
WALL 21087111 1 0 1706657454
WALL 21087111 1 0 1706657455
WALL 21087111 1 0 1706657456
WALL 21087111 1 0 1706657457
WALL 21087111 1 0 1706657458
WALL 21087111 1 0 1706657459
WALL 21087111 1 0 1706657460
WALL 21087111 1 0 1706657461
WALL 21087111 1 0 1706657462
WALL 21087111 1 0 1706657463
WALL 21087111 1 0 1706657464
WALL 21087111 1 0 1706657465
WALL 21087111 1 0 1706657466
WALL 21087111 1 0 1706657467
WALL 21087111 1 0 1706657468
WALL 21087111 1 0 1706657469
slurmstepd: error: *** JOB 21087111 ON nid200034 CANCELLED AT 2024-01-30T23:31:09 DUE TO PREEMPTION ***
received SIGTERM 1706657469
WALL 21087111 1 0 1706657469
received SIGCONT 1706657469
WALL 21087111 1 0 1706657469
received SIGTERM 1706657469
WALL 21087111 1 0 1706657469
