srun: warning: can't run 1 processes on 8 nodes, setting nnodes to 1
WALL 21195448 1 0 1706813988
WALL 21195448 1 0 1706813989
WALL 21195448 1 0 1706813990
WALL 21195448 1 0 1706813991
WALL 21195448 1 0 1706813992
WALL 21195448 1 0 1706813993
WALL 21195448 1 0 1706813994
WALL 21195448 1 0 1706813995
WALL 21195448 1 0 1706813996
WALL 21195448 1 0 1706813997
WALL 21195448 1 0 1706813998
WALL 21195448 1 0 1706813999
WALL 21195448 1 0 1706814000
WALL 21195448 1 0 1706814001
WALL 21195448 1 0 1706814002
WALL 21195448 1 0 1706814003
WALL 21195448 1 0 1706814004
WALL 21195448 1 0 1706814005
WALL 21195448 1 0 1706814006
WALL 21195448 1 0 1706814007
WALL 21195448 1 0 1706814008
WALL 21195448 1 0 1706814009
WALL 21195448 1 0 1706814010
WALL 21195448 1 0 1706814011
WALL 21195448 1 0 1706814012
WALL 21195448 1 0 1706814013
WALL 21195448 1 0 1706814014
WALL 21195448 1 0 1706814015
WALL 21195448 1 0 1706814016
WALL 21195448 1 0 1706814017
WALL 21195448 1 0 1706814018
WALL 21195448 1 0 1706814019
WALL 21195448 1 0 1706814020
WALL 21195448 1 0 1706814021
WALL 21195448 1 0 1706814022
WALL 21195448 1 0 1706814023
WALL 21195448 1 0 1706814024
WALL 21195448 1 0 1706814025
WALL 21195448 1 0 1706814026
WALL 21195448 1 0 1706814027
WALL 21195448 1 0 1706814028
WALL 21195448 1 0 1706814029
WALL 21195448 1 0 1706814030
WALL 21195448 1 0 1706814031
WALL 21195448 1 0 1706814032
WALL 21195448 1 0 1706814033
WALL 21195448 1 0 1706814034
WALL 21195448 1 0 1706814035
WALL 21195448 1 0 1706814036
WALL 21195448 1 0 1706814037
WALL 21195448 1 0 1706814038
WALL 21195448 1 0 1706814039
WALL 21195448 1 0 1706814040
WALL 21195448 1 0 1706814041
WALL 21195448 1 0 1706814042
WALL 21195448 1 0 1706814043
WALL 21195448 1 0 1706814044
WALL 21195448 1 0 1706814045
WALL 21195448 1 0 1706814046
WALL 21195448 1 0 1706814047
WALL 21195448 1 0 1706814048
WALL 21195448 1 0 1706814049
WALL 21195448 1 0 1706814050
WALL 21195448 1 0 1706814051
WALL 21195448 1 0 1706814052
WALL 21195448 1 0 1706814053
WALL 21195448 1 0 1706814054
WALL 21195448 1 0 1706814055
WALL 21195448 1 0 1706814056
WALL 21195448 1 0 1706814057
WALL 21195448 1 0 1706814058
WALL 21195448 1 0 1706814059
WALL 21195448 1 0 1706814060
WALL 21195448 1 0 1706814061
WALL 21195448 1 0 1706814062
WALL 21195448 1 0 1706814063
WALL 21195448 1 0 1706814064
WALL 21195448 1 0 1706814065
WALL 21195448 1 0 1706814066
WALL 21195448 1 0 1706814067
WALL 21195448 1 0 1706814068
WALL 21195448 1 0 1706814069
WALL 21195448 1 0 1706814070
WALL 21195448 1 0 1706814071
WALL 21195448 1 0 1706814072
WALL 21195448 1 0 1706814073
WALL 21195448 1 0 1706814074
WALL 21195448 1 0 1706814075
WALL 21195448 1 0 1706814076
WALL 21195448 1 0 1706814077
WALL 21195448 1 0 1706814078
WALL 21195448 1 0 1706814079
WALL 21195448 1 0 1706814080
WALL 21195448 1 0 1706814081
WALL 21195448 1 0 1706814082
WALL 21195448 1 0 1706814083
WALL 21195448 1 0 1706814084
WALL 21195448 1 0 1706814085
WALL 21195448 1 0 1706814086
WALL 21195448 1 0 1706814087
WALL 21195448 1 0 1706814088
WALL 21195448 1 0 1706814089
WALL 21195448 1 0 1706814090
WALL 21195448 1 0 1706814091
WALL 21195448 1 0 1706814092
WALL 21195448 1 0 1706814093
WALL 21195448 1 0 1706814094
WALL 21195448 1 0 1706814095
WALL 21195448 1 0 1706814096
WALL 21195448 1 0 1706814097
WALL 21195448 1 0 1706814098
WALL 21195448 1 0 1706814099
WALL 21195448 1 0 1706814100
WALL 21195448 1 0 1706814101
WALL 21195448 1 0 1706814102
WALL 21195448 1 0 1706814103
WALL 21195448 1 0 1706814104
WALL 21195448 1 0 1706814105
WALL 21195448 1 0 1706814106
WALL 21195448 1 0 1706814107
WALL 21195448 1 0 1706814108
WALL 21195448 1 0 1706814109
WALL 21195448 1 0 1706814110
WALL 21195448 1 0 1706814111
WALL 21195448 1 0 1706814112
WALL 21195448 1 0 1706814113
WALL 21195448 1 0 1706814114
WALL 21195448 1 0 1706814115
WALL 21195448 1 0 1706814116
WALL 21195448 1 0 1706814117
WALL 21195448 1 0 1706814118
WALL 21195448 1 0 1706814119
WALL 21195448 1 0 1706814120
WALL 21195448 1 0 1706814121
WALL 21195448 1 0 1706814122
WALL 21195448 1 0 1706814123
WALL 21195448 1 0 1706814124
WALL 21195448 1 0 1706814125
WALL 21195448 1 0 1706814126
WALL 21195448 1 0 1706814127
WALL 21195448 1 0 1706814128
WALL 21195448 1 0 1706814129
WALL 21195448 1 0 1706814130
WALL 21195448 1 0 1706814131
WALL 21195448 1 0 1706814132
WALL 21195448 1 0 1706814133
WALL 21195448 1 0 1706814134
WALL 21195448 1 0 1706814135
WALL 21195448 1 0 1706814136
WALL 21195448 1 0 1706814137
WALL 21195448 1 0 1706814138
WALL 21195448 1 0 1706814139
WALL 21195448 1 0 1706814140
WALL 21195448 1 0 1706814141
WALL 21195448 1 0 1706814142
WALL 21195448 1 0 1706814143
WALL 21195448 1 0 1706814144
WALL 21195448 1 0 1706814145
WALL 21195448 1 0 1706814146
WALL 21195448 1 0 1706814147
WALL 21195448 1 0 1706814148
WALL 21195448 1 0 1706814149
WALL 21195448 1 0 1706814150
WALL 21195448 1 0 1706814151
WALL 21195448 1 0 1706814152
WALL 21195448 1 0 1706814153
WALL 21195448 1 0 1706814154
WALL 21195448 1 0 1706814155
WALL 21195448 1 0 1706814156
WALL 21195448 1 0 1706814157
WALL 21195448 1 0 1706814158
WALL 21195448 1 0 1706814159
WALL 21195448 1 0 1706814160
WALL 21195448 1 0 1706814161
WALL 21195448 1 0 1706814162
WALL 21195448 1 0 1706814163
WALL 21195448 1 0 1706814164
WALL 21195448 1 0 1706814165
WALL 21195448 1 0 1706814166
WALL 21195448 1 0 1706814167
WALL 21195448 1 0 1706814168
WALL 21195448 1 0 1706814169
WALL 21195448 1 0 1706814170
WALL 21195448 1 0 1706814171
WALL 21195448 1 0 1706814172
WALL 21195448 1 0 1706814173
WALL 21195448 1 0 1706814174
WALL 21195448 1 0 1706814175
WALL 21195448 1 0 1706814176
WALL 21195448 1 0 1706814177
WALL 21195448 1 0 1706814178
WALL 21195448 1 0 1706814179
WALL 21195448 1 0 1706814180
WALL 21195448 1 0 1706814181
WALL 21195448 1 0 1706814182
WALL 21195448 1 0 1706814183
WALL 21195448 1 0 1706814184
WALL 21195448 1 0 1706814185
WALL 21195448 1 0 1706814186
WALL 21195448 1 0 1706814187
WALL 21195448 1 0 1706814188
WALL 21195448 1 0 1706814189
WALL 21195448 1 0 1706814190
WALL 21195448 1 0 1706814191
WALL 21195448 1 0 1706814192
WALL 21195448 1 0 1706814193
WALL 21195448 1 0 1706814194
WALL 21195448 1 0 1706814195
WALL 21195448 1 0 1706814196
WALL 21195448 1 0 1706814197
WALL 21195448 1 0 1706814198
WALL 21195448 1 0 1706814199
WALL 21195448 1 0 1706814200
WALL 21195448 1 0 1706814201
WALL 21195448 1 0 1706814202
WALL 21195448 1 0 1706814203
WALL 21195448 1 0 1706814204
WALL 21195448 1 0 1706814205
WALL 21195448 1 0 1706814206
WALL 21195448 1 0 1706814207
WALL 21195448 1 0 1706814208
WALL 21195448 1 0 1706814209
WALL 21195448 1 0 1706814210
WALL 21195448 1 0 1706814211
WALL 21195448 1 0 1706814212
WALL 21195448 1 0 1706814213
WALL 21195448 1 0 1706814214
WALL 21195448 1 0 1706814215
WALL 21195448 1 0 1706814216
WALL 21195448 1 0 1706814217
WALL 21195448 1 0 1706814218
WALL 21195448 1 0 1706814219
WALL 21195448 1 0 1706814220
WALL 21195448 1 0 1706814221
WALL 21195448 1 0 1706814222
WALL 21195448 1 0 1706814223
WALL 21195448 1 0 1706814224
WALL 21195448 1 0 1706814225
WALL 21195448 1 0 1706814226
WALL 21195448 1 0 1706814227
WALL 21195448 1 0 1706814228
WALL 21195448 1 0 1706814229
WALL 21195448 1 0 1706814230
WALL 21195448 1 0 1706814231
WALL 21195448 1 0 1706814232
WALL 21195448 1 0 1706814233
WALL 21195448 1 0 1706814234
WALL 21195448 1 0 1706814235
WALL 21195448 1 0 1706814236
WALL 21195448 1 0 1706814237
WALL 21195448 1 0 1706814238
WALL 21195448 1 0 1706814239
WALL 21195448 1 0 1706814240
WALL 21195448 1 0 1706814241
WALL 21195448 1 0 1706814242
WALL 21195448 1 0 1706814243
WALL 21195448 1 0 1706814244
WALL 21195448 1 0 1706814245
WALL 21195448 1 0 1706814246
WALL 21195448 1 0 1706814247
WALL 21195448 1 0 1706814248
WALL 21195448 1 0 1706814249
WALL 21195448 1 0 1706814250
WALL 21195448 1 0 1706814251
WALL 21195448 1 0 1706814252
WALL 21195448 1 0 1706814253
WALL 21195448 1 0 1706814254
WALL 21195448 1 0 1706814255
WALL 21195448 1 0 1706814256
WALL 21195448 1 0 1706814257
WALL 21195448 1 0 1706814258
WALL 21195448 1 0 1706814259
WALL 21195448 1 0 1706814260
WALL 21195448 1 0 1706814261
WALL 21195448 1 0 1706814262
WALL 21195448 1 0 1706814263
WALL 21195448 1 0 1706814264
WALL 21195448 1 0 1706814265
WALL 21195448 1 0 1706814266
WALL 21195448 1 0 1706814267
WALL 21195448 1 0 1706814268
WALL 21195448 1 0 1706814269
WALL 21195448 1 0 1706814270
WALL 21195448 1 0 1706814271
WALL 21195448 1 0 1706814272
WALL 21195448 1 0 1706814273
WALL 21195448 1 0 1706814274
WALL 21195448 1 0 1706814275
WALL 21195448 1 0 1706814276
WALL 21195448 1 0 1706814277
WALL 21195448 1 0 1706814278
WALL 21195448 1 0 1706814279
WALL 21195448 1 0 1706814280
WALL 21195448 1 0 1706814281
WALL 21195448 1 0 1706814282
WALL 21195448 1 0 1706814283
WALL 21195448 1 0 1706814284
WALL 21195448 1 0 1706814285
WALL 21195448 1 0 1706814286
WALL 21195448 1 0 1706814287
WALL 21195448 1 0 1706814288
WALL 21195448 1 0 1706814289
WALL 21195448 1 0 1706814290
WALL 21195448 1 0 1706814291
WALL 21195448 1 0 1706814292
WALL 21195448 1 0 1706814293
WALL 21195448 1 0 1706814294
WALL 21195448 1 0 1706814295
WALL 21195448 1 0 1706814296
WALL 21195448 1 0 1706814297
WALL 21195448 1 0 1706814298
WALL 21195448 1 0 1706814299
WALL 21195448 1 0 1706814300
WALL 21195448 1 0 1706814301
WALL 21195448 1 0 1706814302
WALL 21195448 1 0 1706814303
WALL 21195448 1 0 1706814304
WALL 21195448 1 0 1706814305
WALL 21195448 1 0 1706814306
WALL 21195448 1 0 1706814307
WALL 21195448 1 0 1706814308
WALL 21195448 1 0 1706814309
WALL 21195448 1 0 1706814310
WALL 21195448 1 0 1706814311
WALL 21195448 1 0 1706814312
WALL 21195448 1 0 1706814313
WALL 21195448 1 0 1706814314
WALL 21195448 1 0 1706814315
WALL 21195448 1 0 1706814316
WALL 21195448 1 0 1706814317
WALL 21195448 1 0 1706814318
WALL 21195448 1 0 1706814319
WALL 21195448 1 0 1706814320
WALL 21195448 1 0 1706814321
WALL 21195448 1 0 1706814322
WALL 21195448 1 0 1706814323
WALL 21195448 1 0 1706814324
WALL 21195448 1 0 1706814325
WALL 21195448 1 0 1706814326
WALL 21195448 1 0 1706814327
WALL 21195448 1 0 1706814328
WALL 21195448 1 0 1706814329
WALL 21195448 1 0 1706814330
WALL 21195448 1 0 1706814331
WALL 21195448 1 0 1706814332
WALL 21195448 1 0 1706814333
WALL 21195448 1 0 1706814334
WALL 21195448 1 0 1706814335
WALL 21195448 1 0 1706814336
WALL 21195448 1 0 1706814337
WALL 21195448 1 0 1706814338
WALL 21195448 1 0 1706814339
WALL 21195448 1 0 1706814340
WALL 21195448 1 0 1706814341
WALL 21195448 1 0 1706814342
WALL 21195448 1 0 1706814343
WALL 21195448 1 0 1706814344
WALL 21195448 1 0 1706814345
WALL 21195448 1 0 1706814346
WALL 21195448 1 0 1706814347
WALL 21195448 1 0 1706814348
WALL 21195448 1 0 1706814349
WALL 21195448 1 0 1706814350
WALL 21195448 1 0 1706814351
WALL 21195448 1 0 1706814352
WALL 21195448 1 0 1706814353
WALL 21195448 1 0 1706814354
WALL 21195448 1 0 1706814355
WALL 21195448 1 0 1706814356
WALL 21195448 1 0 1706814357
WALL 21195448 1 0 1706814358
WALL 21195448 1 0 1706814359
WALL 21195448 1 0 1706814360
WALL 21195448 1 0 1706814361
WALL 21195448 1 0 1706814362
WALL 21195448 1 0 1706814363
WALL 21195448 1 0 1706814364
WALL 21195448 1 0 1706814365
WALL 21195448 1 0 1706814366
WALL 21195448 1 0 1706814367
WALL 21195448 1 0 1706814368
WALL 21195448 1 0 1706814369
WALL 21195448 1 0 1706814370
WALL 21195448 1 0 1706814371
WALL 21195448 1 0 1706814372
WALL 21195448 1 0 1706814373
WALL 21195448 1 0 1706814374
WALL 21195448 1 0 1706814375
WALL 21195448 1 0 1706814376
WALL 21195448 1 0 1706814377
WALL 21195448 1 0 1706814378
WALL 21195448 1 0 1706814379
WALL 21195448 1 0 1706814380
WALL 21195448 1 0 1706814381
WALL 21195448 1 0 1706814382
WALL 21195448 1 0 1706814383
WALL 21195448 1 0 1706814384
WALL 21195448 1 0 1706814385
WALL 21195448 1 0 1706814386
WALL 21195448 1 0 1706814387
WALL 21195448 1 0 1706814388
WALL 21195448 1 0 1706814389
WALL 21195448 1 0 1706814390
WALL 21195448 1 0 1706814391
WALL 21195448 1 0 1706814392
WALL 21195448 1 0 1706814393
WALL 21195448 1 0 1706814394
WALL 21195448 1 0 1706814395
WALL 21195448 1 0 1706814396
WALL 21195448 1 0 1706814397
WALL 21195448 1 0 1706814398
WALL 21195448 1 0 1706814399
WALL 21195448 1 0 1706814400
WALL 21195448 1 0 1706814401
WALL 21195448 1 0 1706814402
WALL 21195448 1 0 1706814403
WALL 21195448 1 0 1706814404
WALL 21195448 1 0 1706814405
WALL 21195448 1 0 1706814406
WALL 21195448 1 0 1706814407
WALL 21195448 1 0 1706814408
WALL 21195448 1 0 1706814409
WALL 21195448 1 0 1706814410
WALL 21195448 1 0 1706814411
WALL 21195448 1 0 1706814412
WALL 21195448 1 0 1706814413
WALL 21195448 1 0 1706814414
WALL 21195448 1 0 1706814415
WALL 21195448 1 0 1706814416
WALL 21195448 1 0 1706814417
WALL 21195448 1 0 1706814418
WALL 21195448 1 0 1706814419
WALL 21195448 1 0 1706814420
WALL 21195448 1 0 1706814421
WALL 21195448 1 0 1706814422
WALL 21195448 1 0 1706814423
WALL 21195448 1 0 1706814424
WALL 21195448 1 0 1706814425
WALL 21195448 1 0 1706814426
WALL 21195448 1 0 1706814427
WALL 21195448 1 0 1706814428
WALL 21195448 1 0 1706814429
WALL 21195448 1 0 1706814430
WALL 21195448 1 0 1706814431
WALL 21195448 1 0 1706814432
WALL 21195448 1 0 1706814433
WALL 21195448 1 0 1706814434
WALL 21195448 1 0 1706814435
WALL 21195448 1 0 1706814436
WALL 21195448 1 0 1706814437
WALL 21195448 1 0 1706814438
WALL 21195448 1 0 1706814439
WALL 21195448 1 0 1706814440
WALL 21195448 1 0 1706814441
WALL 21195448 1 0 1706814442
WALL 21195448 1 0 1706814443
WALL 21195448 1 0 1706814444
WALL 21195448 1 0 1706814445
WALL 21195448 1 0 1706814446
WALL 21195448 1 0 1706814447
WALL 21195448 1 0 1706814448
WALL 21195448 1 0 1706814449
WALL 21195448 1 0 1706814450
WALL 21195448 1 0 1706814451
WALL 21195448 1 0 1706814452
WALL 21195448 1 0 1706814453
WALL 21195448 1 0 1706814454
WALL 21195448 1 0 1706814455
WALL 21195448 1 0 1706814456
WALL 21195448 1 0 1706814457
WALL 21195448 1 0 1706814458
WALL 21195448 1 0 1706814459
WALL 21195448 1 0 1706814460
WALL 21195448 1 0 1706814461
WALL 21195448 1 0 1706814462
WALL 21195448 1 0 1706814463
WALL 21195448 1 0 1706814464
WALL 21195448 1 0 1706814465
WALL 21195448 1 0 1706814466
WALL 21195448 1 0 1706814467
WALL 21195448 1 0 1706814468
WALL 21195448 1 0 1706814469
WALL 21195448 1 0 1706814470
WALL 21195448 1 0 1706814471
WALL 21195448 1 0 1706814472
WALL 21195448 1 0 1706814473
WALL 21195448 1 0 1706814474
WALL 21195448 1 0 1706814475
WALL 21195448 1 0 1706814476
WALL 21195448 1 0 1706814477
WALL 21195448 1 0 1706814478
WALL 21195448 1 0 1706814479
WALL 21195448 1 0 1706814480
WALL 21195448 1 0 1706814481
WALL 21195448 1 0 1706814482
WALL 21195448 1 0 1706814483
WALL 21195448 1 0 1706814484
WALL 21195448 1 0 1706814485
WALL 21195448 1 0 1706814486
WALL 21195448 1 0 1706814487
WALL 21195448 1 0 1706814488
WALL 21195448 1 0 1706814489
WALL 21195448 1 0 1706814490
WALL 21195448 1 0 1706814491
WALL 21195448 1 0 1706814492
WALL 21195448 1 0 1706814493
WALL 21195448 1 0 1706814494
WALL 21195448 1 0 1706814495
WALL 21195448 1 0 1706814496
WALL 21195448 1 0 1706814497
WALL 21195448 1 0 1706814498
WALL 21195448 1 0 1706814499
WALL 21195448 1 0 1706814500
WALL 21195448 1 0 1706814501
WALL 21195448 1 0 1706814502
WALL 21195448 1 0 1706814503
WALL 21195448 1 0 1706814504
WALL 21195448 1 0 1706814505
WALL 21195448 1 0 1706814506
WALL 21195448 1 0 1706814507
WALL 21195448 1 0 1706814508
WALL 21195448 1 0 1706814509
WALL 21195448 1 0 1706814510
WALL 21195448 1 0 1706814511
WALL 21195448 1 0 1706814512
WALL 21195448 1 0 1706814513
WALL 21195448 1 0 1706814514
WALL 21195448 1 0 1706814515
WALL 21195448 1 0 1706814516
WALL 21195448 1 0 1706814517
WALL 21195448 1 0 1706814518
WALL 21195448 1 0 1706814519
WALL 21195448 1 0 1706814520
WALL 21195448 1 0 1706814521
WALL 21195448 1 0 1706814522
WALL 21195448 1 0 1706814523
WALL 21195448 1 0 1706814524
WALL 21195448 1 0 1706814525
WALL 21195448 1 0 1706814526
WALL 21195448 1 0 1706814527
WALL 21195448 1 0 1706814528
WALL 21195448 1 0 1706814529
WALL 21195448 1 0 1706814530
WALL 21195448 1 0 1706814531
WALL 21195448 1 0 1706814532
WALL 21195448 1 0 1706814533
WALL 21195448 1 0 1706814534
WALL 21195448 1 0 1706814535
WALL 21195448 1 0 1706814536
WALL 21195448 1 0 1706814537
WALL 21195448 1 0 1706814538
WALL 21195448 1 0 1706814539
WALL 21195448 1 0 1706814540
WALL 21195448 1 0 1706814541
WALL 21195448 1 0 1706814542
WALL 21195448 1 0 1706814543
WALL 21195448 1 0 1706814544
WALL 21195448 1 0 1706814545
WALL 21195448 1 0 1706814546
WALL 21195448 1 0 1706814547
WALL 21195448 1 0 1706814548
WALL 21195448 1 0 1706814549
WALL 21195448 1 0 1706814550
WALL 21195448 1 0 1706814551
WALL 21195448 1 0 1706814552
WALL 21195448 1 0 1706814553
WALL 21195448 1 0 1706814554
WALL 21195448 1 0 1706814555
WALL 21195448 1 0 1706814556
WALL 21195448 1 0 1706814557
WALL 21195448 1 0 1706814558
WALL 21195448 1 0 1706814559
WALL 21195448 1 0 1706814560
WALL 21195448 1 0 1706814561
WALL 21195448 1 0 1706814562
WALL 21195448 1 0 1706814563
WALL 21195448 1 0 1706814564
WALL 21195448 1 0 1706814565
WALL 21195448 1 0 1706814566
WALL 21195448 1 0 1706814567
WALL 21195448 1 0 1706814568
WALL 21195448 1 0 1706814569
WALL 21195448 1 0 1706814570
WALL 21195448 1 0 1706814571
WALL 21195448 1 0 1706814572
WALL 21195448 1 0 1706814573
WALL 21195448 1 0 1706814574
WALL 21195448 1 0 1706814575
WALL 21195448 1 0 1706814576
WALL 21195448 1 0 1706814577
WALL 21195448 1 0 1706814578
WALL 21195448 1 0 1706814579
WALL 21195448 1 0 1706814580
WALL 21195448 1 0 1706814581
WALL 21195448 1 0 1706814582
WALL 21195448 1 0 1706814583
WALL 21195448 1 0 1706814584
WALL 21195448 1 0 1706814585
WALL 21195448 1 0 1706814586
WALL 21195448 1 0 1706814587
WALL 21195448 1 0 1706814588
WALL 21195448 1 0 1706814589
WALL 21195448 1 0 1706814590
WALL 21195448 1 0 1706814591
WALL 21195448 1 0 1706814592
WALL 21195448 1 0 1706814593
WALL 21195448 1 0 1706814594
WALL 21195448 1 0 1706814595
WALL 21195448 1 0 1706814596
WALL 21195448 1 0 1706814597
WALL 21195448 1 0 1706814598
WALL 21195448 1 0 1706814599
WALL 21195448 1 0 1706814600
WALL 21195448 1 0 1706814601
WALL 21195448 1 0 1706814602
WALL 21195448 1 0 1706814603
WALL 21195448 1 0 1706814604
WALL 21195448 1 0 1706814605
WALL 21195448 1 0 1706814606
WALL 21195448 1 0 1706814607
WALL 21195448 1 0 1706814608
WALL 21195448 1 0 1706814609
WALL 21195448 1 0 1706814610
WALL 21195448 1 0 1706814611
WALL 21195448 1 0 1706814612
WALL 21195448 1 0 1706814613
WALL 21195448 1 0 1706814614
WALL 21195448 1 0 1706814615
WALL 21195448 1 0 1706814616
WALL 21195448 1 0 1706814617
WALL 21195448 1 0 1706814618
WALL 21195448 1 0 1706814619
WALL 21195448 1 0 1706814620
WALL 21195448 1 0 1706814621
WALL 21195448 1 0 1706814622
WALL 21195448 1 0 1706814623
WALL 21195448 1 0 1706814624
WALL 21195448 1 0 1706814625
WALL 21195448 1 0 1706814626
WALL 21195448 1 0 1706814627
WALL 21195448 1 0 1706814628
WALL 21195448 1 0 1706814629
WALL 21195448 1 0 1706814630
WALL 21195448 1 0 1706814631
WALL 21195448 1 0 1706814632
WALL 21195448 1 0 1706814633
WALL 21195448 1 0 1706814634
WALL 21195448 1 0 1706814635
WALL 21195448 1 0 1706814636
WALL 21195448 1 0 1706814637
WALL 21195448 1 0 1706814638
WALL 21195448 1 0 1706814639
WALL 21195448 1 0 1706814640
WALL 21195448 1 0 1706814641
WALL 21195448 1 0 1706814642
WALL 21195448 1 0 1706814643
WALL 21195448 1 0 1706814644
WALL 21195448 1 0 1706814645
WALL 21195448 1 0 1706814646
WALL 21195448 1 0 1706814647
WALL 21195448 1 0 1706814648
WALL 21195448 1 0 1706814649
WALL 21195448 1 0 1706814650
WALL 21195448 1 0 1706814651
WALL 21195448 1 0 1706814652
WALL 21195448 1 0 1706814653
WALL 21195448 1 0 1706814654
WALL 21195448 1 0 1706814655
WALL 21195448 1 0 1706814656
WALL 21195448 1 0 1706814657
WALL 21195448 1 0 1706814658
WALL 21195448 1 0 1706814659
WALL 21195448 1 0 1706814660
WALL 21195448 1 0 1706814661
WALL 21195448 1 0 1706814662
WALL 21195448 1 0 1706814663
WALL 21195448 1 0 1706814664
WALL 21195448 1 0 1706814665
WALL 21195448 1 0 1706814666
WALL 21195448 1 0 1706814667
WALL 21195448 1 0 1706814668
WALL 21195448 1 0 1706814669
WALL 21195448 1 0 1706814670
WALL 21195448 1 0 1706814671
WALL 21195448 1 0 1706814672
WALL 21195448 1 0 1706814673
WALL 21195448 1 0 1706814674
WALL 21195448 1 0 1706814675
WALL 21195448 1 0 1706814676
WALL 21195448 1 0 1706814677
WALL 21195448 1 0 1706814678
WALL 21195448 1 0 1706814679
WALL 21195448 1 0 1706814680
WALL 21195448 1 0 1706814681
WALL 21195448 1 0 1706814682
WALL 21195448 1 0 1706814683
WALL 21195448 1 0 1706814684
WALL 21195448 1 0 1706814685
WALL 21195448 1 0 1706814686
WALL 21195448 1 0 1706814687
WALL 21195448 1 0 1706814688
WALL 21195448 1 0 1706814689
WALL 21195448 1 0 1706814690
WALL 21195448 1 0 1706814691
WALL 21195448 1 0 1706814692
WALL 21195448 1 0 1706814693
WALL 21195448 1 0 1706814694
WALL 21195448 1 0 1706814695
WALL 21195448 1 0 1706814696
WALL 21195448 1 0 1706814697
WALL 21195448 1 0 1706814698
WALL 21195448 1 0 1706814699
WALL 21195448 1 0 1706814700
WALL 21195448 1 0 1706814701
WALL 21195448 1 0 1706814702
WALL 21195448 1 0 1706814703
WALL 21195448 1 0 1706814704
WALL 21195448 1 0 1706814705
WALL 21195448 1 0 1706814706
WALL 21195448 1 0 1706814707
WALL 21195448 1 0 1706814708
WALL 21195448 1 0 1706814709
WALL 21195448 1 0 1706814710
WALL 21195448 1 0 1706814711
WALL 21195448 1 0 1706814712
WALL 21195448 1 0 1706814713
WALL 21195448 1 0 1706814714
WALL 21195448 1 0 1706814715
WALL 21195448 1 0 1706814716
WALL 21195448 1 0 1706814717
WALL 21195448 1 0 1706814718
WALL 21195448 1 0 1706814719
WALL 21195448 1 0 1706814720
WALL 21195448 1 0 1706814721
WALL 21195448 1 0 1706814722
WALL 21195448 1 0 1706814723
WALL 21195448 1 0 1706814724
WALL 21195448 1 0 1706814725
WALL 21195448 1 0 1706814726
WALL 21195448 1 0 1706814727
WALL 21195448 1 0 1706814728
WALL 21195448 1 0 1706814729
WALL 21195448 1 0 1706814730
WALL 21195448 1 0 1706814731
WALL 21195448 1 0 1706814732
WALL 21195448 1 0 1706814733
WALL 21195448 1 0 1706814734
WALL 21195448 1 0 1706814735
WALL 21195448 1 0 1706814736
WALL 21195448 1 0 1706814737
WALL 21195448 1 0 1706814738
WALL 21195448 1 0 1706814739
WALL 21195448 1 0 1706814740
WALL 21195448 1 0 1706814741
WALL 21195448 1 0 1706814742
WALL 21195448 1 0 1706814743
WALL 21195448 1 0 1706814744
WALL 21195448 1 0 1706814745
WALL 21195448 1 0 1706814746
WALL 21195448 1 0 1706814747
WALL 21195448 1 0 1706814748
WALL 21195448 1 0 1706814749
WALL 21195448 1 0 1706814750
WALL 21195448 1 0 1706814751
WALL 21195448 1 0 1706814752
WALL 21195448 1 0 1706814753
WALL 21195448 1 0 1706814754
WALL 21195448 1 0 1706814755
WALL 21195448 1 0 1706814756
WALL 21195448 1 0 1706814757
WALL 21195448 1 0 1706814758
WALL 21195448 1 0 1706814759
WALL 21195448 1 0 1706814760
WALL 21195448 1 0 1706814761
WALL 21195448 1 0 1706814762
WALL 21195448 1 0 1706814763
WALL 21195448 1 0 1706814764
WALL 21195448 1 0 1706814765
WALL 21195448 1 0 1706814766
WALL 21195448 1 0 1706814767
WALL 21195448 1 0 1706814768
WALL 21195448 1 0 1706814769
WALL 21195448 1 0 1706814770
WALL 21195448 1 0 1706814771
WALL 21195448 1 0 1706814772
WALL 21195448 1 0 1706814773
WALL 21195448 1 0 1706814774
WALL 21195448 1 0 1706814775
WALL 21195448 1 0 1706814776
WALL 21195448 1 0 1706814777
WALL 21195448 1 0 1706814778
WALL 21195448 1 0 1706814779
WALL 21195448 1 0 1706814780
WALL 21195448 1 0 1706814781
WALL 21195448 1 0 1706814782
WALL 21195448 1 0 1706814783
WALL 21195448 1 0 1706814784
WALL 21195448 1 0 1706814785
WALL 21195448 1 0 1706814786
WALL 21195448 1 0 1706814787
WALL 21195448 1 0 1706814788
WALL 21195448 1 0 1706814789
WALL 21195448 1 0 1706814790
WALL 21195448 1 0 1706814791
WALL 21195448 1 0 1706814792
WALL 21195448 1 0 1706814793
WALL 21195448 1 0 1706814794
WALL 21195448 1 0 1706814795
WALL 21195448 1 0 1706814796
WALL 21195448 1 0 1706814797
WALL 21195448 1 0 1706814798
WALL 21195448 1 0 1706814799
WALL 21195448 1 0 1706814800
WALL 21195448 1 0 1706814801
WALL 21195448 1 0 1706814802
WALL 21195448 1 0 1706814803
WALL 21195448 1 0 1706814804
WALL 21195448 1 0 1706814805
WALL 21195448 1 0 1706814806
WALL 21195448 1 0 1706814807
WALL 21195448 1 0 1706814808
WALL 21195448 1 0 1706814809
WALL 21195448 1 0 1706814810
WALL 21195448 1 0 1706814811
WALL 21195448 1 0 1706814812
WALL 21195448 1 0 1706814813
WALL 21195448 1 0 1706814814
WALL 21195448 1 0 1706814815
WALL 21195448 1 0 1706814816
WALL 21195448 1 0 1706814817
WALL 21195448 1 0 1706814818
WALL 21195448 1 0 1706814819
WALL 21195448 1 0 1706814820
WALL 21195448 1 0 1706814821
WALL 21195448 1 0 1706814822
WALL 21195448 1 0 1706814823
WALL 21195448 1 0 1706814824
WALL 21195448 1 0 1706814825
WALL 21195448 1 0 1706814826
WALL 21195448 1 0 1706814827
WALL 21195448 1 0 1706814828
WALL 21195448 1 0 1706814829
WALL 21195448 1 0 1706814830
WALL 21195448 1 0 1706814831
WALL 21195448 1 0 1706814832
WALL 21195448 1 0 1706814833
WALL 21195448 1 0 1706814834
WALL 21195448 1 0 1706814835
WALL 21195448 1 0 1706814836
WALL 21195448 1 0 1706814837
WALL 21195448 1 0 1706814838
WALL 21195448 1 0 1706814839
WALL 21195448 1 0 1706814840
WALL 21195448 1 0 1706814841
WALL 21195448 1 0 1706814842
WALL 21195448 1 0 1706814843
WALL 21195448 1 0 1706814844
WALL 21195448 1 0 1706814845
WALL 21195448 1 0 1706814846
WALL 21195448 1 0 1706814847
WALL 21195448 1 0 1706814848
WALL 21195448 1 0 1706814849
WALL 21195448 1 0 1706814850
WALL 21195448 1 0 1706814851
WALL 21195448 1 0 1706814852
WALL 21195448 1 0 1706814853
WALL 21195448 1 0 1706814854
WALL 21195448 1 0 1706814855
WALL 21195448 1 0 1706814856
WALL 21195448 1 0 1706814857
WALL 21195448 1 0 1706814858
WALL 21195448 1 0 1706814859
WALL 21195448 1 0 1706814860
WALL 21195448 1 0 1706814861
WALL 21195448 1 0 1706814862
WALL 21195448 1 0 1706814863
WALL 21195448 1 0 1706814864
WALL 21195448 1 0 1706814865
WALL 21195448 1 0 1706814866
WALL 21195448 1 0 1706814867
WALL 21195448 1 0 1706814868
WALL 21195448 1 0 1706814869
WALL 21195448 1 0 1706814870
WALL 21195448 1 0 1706814871
WALL 21195448 1 0 1706814872
WALL 21195448 1 0 1706814873
WALL 21195448 1 0 1706814874
WALL 21195448 1 0 1706814875
WALL 21195448 1 0 1706814876
WALL 21195448 1 0 1706814877
WALL 21195448 1 0 1706814878
WALL 21195448 1 0 1706814879
WALL 21195448 1 0 1706814880
WALL 21195448 1 0 1706814881
WALL 21195448 1 0 1706814882
WALL 21195448 1 0 1706814883
WALL 21195448 1 0 1706814884
WALL 21195448 1 0 1706814885
WALL 21195448 1 0 1706814886
WALL 21195448 1 0 1706814887
WALL 21195448 1 0 1706814888
WALL 21195448 1 0 1706814889
WALL 21195448 1 0 1706814890
WALL 21195448 1 0 1706814891
WALL 21195448 1 0 1706814892
WALL 21195448 1 0 1706814893
WALL 21195448 1 0 1706814894
WALL 21195448 1 0 1706814895
WALL 21195448 1 0 1706814896
WALL 21195448 1 0 1706814897
WALL 21195448 1 0 1706814898
WALL 21195448 1 0 1706814899
WALL 21195448 1 0 1706814900
WALL 21195448 1 0 1706814901
WALL 21195448 1 0 1706814902
WALL 21195448 1 0 1706814903
WALL 21195448 1 0 1706814904
WALL 21195448 1 0 1706814905
WALL 21195448 1 0 1706814906
WALL 21195448 1 0 1706814907
WALL 21195448 1 0 1706814908
WALL 21195448 1 0 1706814909
WALL 21195448 1 0 1706814910
WALL 21195448 1 0 1706814911
WALL 21195448 1 0 1706814912
WALL 21195448 1 0 1706814913
WALL 21195448 1 0 1706814914
WALL 21195448 1 0 1706814915
WALL 21195448 1 0 1706814916
WALL 21195448 1 0 1706814917
WALL 21195448 1 0 1706814918
WALL 21195448 1 0 1706814919
WALL 21195448 1 0 1706814920
WALL 21195448 1 0 1706814921
WALL 21195448 1 0 1706814922
WALL 21195448 1 0 1706814923
WALL 21195448 1 0 1706814924
WALL 21195448 1 0 1706814925
WALL 21195448 1 0 1706814926
WALL 21195448 1 0 1706814927
WALL 21195448 1 0 1706814928
WALL 21195448 1 0 1706814929
WALL 21195448 1 0 1706814930
WALL 21195448 1 0 1706814931
WALL 21195448 1 0 1706814932
WALL 21195448 1 0 1706814933
WALL 21195448 1 0 1706814934
WALL 21195448 1 0 1706814935
WALL 21195448 1 0 1706814936
WALL 21195448 1 0 1706814937
WALL 21195448 1 0 1706814938
WALL 21195448 1 0 1706814939
WALL 21195448 1 0 1706814940
WALL 21195448 1 0 1706814941
WALL 21195448 1 0 1706814942
WALL 21195448 1 0 1706814943
WALL 21195448 1 0 1706814944
WALL 21195448 1 0 1706814945
WALL 21195448 1 0 1706814946
WALL 21195448 1 0 1706814947
WALL 21195448 1 0 1706814948
WALL 21195448 1 0 1706814949
WALL 21195448 1 0 1706814950
WALL 21195448 1 0 1706814951
WALL 21195448 1 0 1706814952
WALL 21195448 1 0 1706814953
WALL 21195448 1 0 1706814954
WALL 21195448 1 0 1706814955
WALL 21195448 1 0 1706814956
WALL 21195448 1 0 1706814957
WALL 21195448 1 0 1706814958
WALL 21195448 1 0 1706814959
WALL 21195448 1 0 1706814960
WALL 21195448 1 0 1706814961
WALL 21195448 1 0 1706814962
WALL 21195448 1 0 1706814963
WALL 21195448 1 0 1706814964
WALL 21195448 1 0 1706814965
WALL 21195448 1 0 1706814966
WALL 21195448 1 0 1706814967
WALL 21195448 1 0 1706814968
WALL 21195448 1 0 1706814969
WALL 21195448 1 0 1706814970
WALL 21195448 1 0 1706814971
WALL 21195448 1 0 1706814972
WALL 21195448 1 0 1706814973
WALL 21195448 1 0 1706814974
WALL 21195448 1 0 1706814975
WALL 21195448 1 0 1706814976
WALL 21195448 1 0 1706814977
WALL 21195448 1 0 1706814978
WALL 21195448 1 0 1706814979
WALL 21195448 1 0 1706814980
WALL 21195448 1 0 1706814981
WALL 21195448 1 0 1706814982
WALL 21195448 1 0 1706814983
WALL 21195448 1 0 1706814984
WALL 21195448 1 0 1706814985
WALL 21195448 1 0 1706814986
WALL 21195448 1 0 1706814987
WALL 21195448 1 0 1706814988
WALL 21195448 1 0 1706814989
WALL 21195448 1 0 1706814990
WALL 21195448 1 0 1706814991
WALL 21195448 1 0 1706814992
WALL 21195448 1 0 1706814993
WALL 21195448 1 0 1706814994
WALL 21195448 1 0 1706814995
WALL 21195448 1 0 1706814996
WALL 21195448 1 0 1706814997
WALL 21195448 1 0 1706814998
WALL 21195448 1 0 1706814999
WALL 21195448 1 0 1706815000
WALL 21195448 1 0 1706815001
WALL 21195448 1 0 1706815002
WALL 21195448 1 0 1706815003
WALL 21195448 1 0 1706815004
WALL 21195448 1 0 1706815005
WALL 21195448 1 0 1706815006
WALL 21195448 1 0 1706815007
WALL 21195448 1 0 1706815008
WALL 21195448 1 0 1706815009
WALL 21195448 1 0 1706815010
WALL 21195448 1 0 1706815011
WALL 21195448 1 0 1706815012
WALL 21195448 1 0 1706815013
WALL 21195448 1 0 1706815014
WALL 21195448 1 0 1706815015
WALL 21195448 1 0 1706815016
WALL 21195448 1 0 1706815017
WALL 21195448 1 0 1706815018
WALL 21195448 1 0 1706815019
WALL 21195448 1 0 1706815020
WALL 21195448 1 0 1706815021
WALL 21195448 1 0 1706815022
WALL 21195448 1 0 1706815023
WALL 21195448 1 0 1706815024
WALL 21195448 1 0 1706815025
WALL 21195448 1 0 1706815026
WALL 21195448 1 0 1706815027
WALL 21195448 1 0 1706815028
WALL 21195448 1 0 1706815029
WALL 21195448 1 0 1706815030
WALL 21195448 1 0 1706815031
WALL 21195448 1 0 1706815032
WALL 21195448 1 0 1706815033
WALL 21195448 1 0 1706815034
WALL 21195448 1 0 1706815035
WALL 21195448 1 0 1706815036
WALL 21195448 1 0 1706815037
WALL 21195448 1 0 1706815038
WALL 21195448 1 0 1706815039
WALL 21195448 1 0 1706815040
WALL 21195448 1 0 1706815041
WALL 21195448 1 0 1706815042
WALL 21195448 1 0 1706815043
WALL 21195448 1 0 1706815044
WALL 21195448 1 0 1706815045
WALL 21195448 1 0 1706815046
WALL 21195448 1 0 1706815047
WALL 21195448 1 0 1706815048
WALL 21195448 1 0 1706815049
WALL 21195448 1 0 1706815050
WALL 21195448 1 0 1706815051
WALL 21195448 1 0 1706815052
WALL 21195448 1 0 1706815053
WALL 21195448 1 0 1706815054
WALL 21195448 1 0 1706815055
WALL 21195448 1 0 1706815056
WALL 21195448 1 0 1706815057
WALL 21195448 1 0 1706815058
WALL 21195448 1 0 1706815059
WALL 21195448 1 0 1706815060
WALL 21195448 1 0 1706815061
WALL 21195448 1 0 1706815062
WALL 21195448 1 0 1706815063
WALL 21195448 1 0 1706815064
WALL 21195448 1 0 1706815065
WALL 21195448 1 0 1706815066
WALL 21195448 1 0 1706815067
WALL 21195448 1 0 1706815068
WALL 21195448 1 0 1706815069
WALL 21195448 1 0 1706815070
WALL 21195448 1 0 1706815071
WALL 21195448 1 0 1706815072
WALL 21195448 1 0 1706815073
WALL 21195448 1 0 1706815074
WALL 21195448 1 0 1706815075
WALL 21195448 1 0 1706815076
WALL 21195448 1 0 1706815077
WALL 21195448 1 0 1706815078
WALL 21195448 1 0 1706815079
WALL 21195448 1 0 1706815080
WALL 21195448 1 0 1706815081
WALL 21195448 1 0 1706815082
WALL 21195448 1 0 1706815083
WALL 21195448 1 0 1706815084
WALL 21195448 1 0 1706815085
WALL 21195448 1 0 1706815086
WALL 21195448 1 0 1706815087
WALL 21195448 1 0 1706815088
WALL 21195448 1 0 1706815089
WALL 21195448 1 0 1706815090
WALL 21195448 1 0 1706815091
WALL 21195448 1 0 1706815092
WALL 21195448 1 0 1706815093
WALL 21195448 1 0 1706815094
WALL 21195448 1 0 1706815095
WALL 21195448 1 0 1706815096
WALL 21195448 1 0 1706815097
WALL 21195448 1 0 1706815098
WALL 21195448 1 0 1706815099
WALL 21195448 1 0 1706815100
WALL 21195448 1 0 1706815101
WALL 21195448 1 0 1706815102
WALL 21195448 1 0 1706815103
WALL 21195448 1 0 1706815104
WALL 21195448 1 0 1706815105
WALL 21195448 1 0 1706815106
WALL 21195448 1 0 1706815107
WALL 21195448 1 0 1706815108
WALL 21195448 1 0 1706815109
WALL 21195448 1 0 1706815110
WALL 21195448 1 0 1706815111
WALL 21195448 1 0 1706815112
WALL 21195448 1 0 1706815113
WALL 21195448 1 0 1706815114
WALL 21195448 1 0 1706815115
WALL 21195448 1 0 1706815116
WALL 21195448 1 0 1706815117
WALL 21195448 1 0 1706815118
WALL 21195448 1 0 1706815119
WALL 21195448 1 0 1706815120
WALL 21195448 1 0 1706815121
WALL 21195448 1 0 1706815122
WALL 21195448 1 0 1706815123
WALL 21195448 1 0 1706815124
WALL 21195448 1 0 1706815125
WALL 21195448 1 0 1706815126
WALL 21195448 1 0 1706815127
WALL 21195448 1 0 1706815128
WALL 21195448 1 0 1706815129
WALL 21195448 1 0 1706815130
WALL 21195448 1 0 1706815131
WALL 21195448 1 0 1706815132
WALL 21195448 1 0 1706815133
WALL 21195448 1 0 1706815134
WALL 21195448 1 0 1706815135
WALL 21195448 1 0 1706815136
WALL 21195448 1 0 1706815137
WALL 21195448 1 0 1706815138
WALL 21195448 1 0 1706815139
WALL 21195448 1 0 1706815140
WALL 21195448 1 0 1706815141
WALL 21195448 1 0 1706815142
WALL 21195448 1 0 1706815143
WALL 21195448 1 0 1706815144
WALL 21195448 1 0 1706815145
WALL 21195448 1 0 1706815146
WALL 21195448 1 0 1706815147
WALL 21195448 1 0 1706815148
WALL 21195448 1 0 1706815149
WALL 21195448 1 0 1706815150
WALL 21195448 1 0 1706815151
WALL 21195448 1 0 1706815152
WALL 21195448 1 0 1706815153
WALL 21195448 1 0 1706815154
WALL 21195448 1 0 1706815155
WALL 21195448 1 0 1706815156
WALL 21195448 1 0 1706815157
WALL 21195448 1 0 1706815158
WALL 21195448 1 0 1706815159
WALL 21195448 1 0 1706815160
WALL 21195448 1 0 1706815161
WALL 21195448 1 0 1706815162
WALL 21195448 1 0 1706815163
WALL 21195448 1 0 1706815164
WALL 21195448 1 0 1706815165
WALL 21195448 1 0 1706815166
WALL 21195448 1 0 1706815167
WALL 21195448 1 0 1706815168
WALL 21195448 1 0 1706815169
WALL 21195448 1 0 1706815170
WALL 21195448 1 0 1706815171
WALL 21195448 1 0 1706815172
WALL 21195448 1 0 1706815173
WALL 21195448 1 0 1706815174
WALL 21195448 1 0 1706815175
WALL 21195448 1 0 1706815176
WALL 21195448 1 0 1706815177
WALL 21195448 1 0 1706815178
WALL 21195448 1 0 1706815179
WALL 21195448 1 0 1706815180
WALL 21195448 1 0 1706815181
WALL 21195448 1 0 1706815182
WALL 21195448 1 0 1706815183
WALL 21195448 1 0 1706815184
WALL 21195448 1 0 1706815185
WALL 21195448 1 0 1706815186
WALL 21195448 1 0 1706815187
WALL 21195448 1 0 1706815188
WALL 21195448 1 0 1706815189
WALL 21195448 1 0 1706815190
WALL 21195448 1 0 1706815191
WALL 21195448 1 0 1706815192
WALL 21195448 1 0 1706815193
WALL 21195448 1 0 1706815194
WALL 21195448 1 0 1706815195
WALL 21195448 1 0 1706815196
WALL 21195448 1 0 1706815197
WALL 21195448 1 0 1706815198
WALL 21195448 1 0 1706815199
WALL 21195448 1 0 1706815200
WALL 21195448 1 0 1706815201
WALL 21195448 1 0 1706815202
WALL 21195448 1 0 1706815203
WALL 21195448 1 0 1706815204
WALL 21195448 1 0 1706815205
WALL 21195448 1 0 1706815206
WALL 21195448 1 0 1706815207
WALL 21195448 1 0 1706815208
WALL 21195448 1 0 1706815209
WALL 21195448 1 0 1706815210
WALL 21195448 1 0 1706815211
WALL 21195448 1 0 1706815212
WALL 21195448 1 0 1706815213
WALL 21195448 1 0 1706815214
WALL 21195448 1 0 1706815215
WALL 21195448 1 0 1706815216
WALL 21195448 1 0 1706815217
WALL 21195448 1 0 1706815218
WALL 21195448 1 0 1706815219
WALL 21195448 1 0 1706815220
WALL 21195448 1 0 1706815221
WALL 21195448 1 0 1706815222
WALL 21195448 1 0 1706815223
WALL 21195448 1 0 1706815224
WALL 21195448 1 0 1706815225
WALL 21195448 1 0 1706815226
WALL 21195448 1 0 1706815227
WALL 21195448 1 0 1706815228
WALL 21195448 1 0 1706815229
WALL 21195448 1 0 1706815230
WALL 21195448 1 0 1706815231
WALL 21195448 1 0 1706815232
WALL 21195448 1 0 1706815233
WALL 21195448 1 0 1706815234
WALL 21195448 1 0 1706815235
WALL 21195448 1 0 1706815236
WALL 21195448 1 0 1706815237
WALL 21195448 1 0 1706815238
WALL 21195448 1 0 1706815239
WALL 21195448 1 0 1706815240
WALL 21195448 1 0 1706815241
WALL 21195448 1 0 1706815242
WALL 21195448 1 0 1706815243
WALL 21195448 1 0 1706815244
WALL 21195448 1 0 1706815245
WALL 21195448 1 0 1706815246
WALL 21195448 1 0 1706815247
WALL 21195448 1 0 1706815248
WALL 21195448 1 0 1706815249
WALL 21195448 1 0 1706815250
WALL 21195448 1 0 1706815251
WALL 21195448 1 0 1706815252
WALL 21195448 1 0 1706815253
WALL 21195448 1 0 1706815254
WALL 21195448 1 0 1706815255
WALL 21195448 1 0 1706815256
WALL 21195448 1 0 1706815257
WALL 21195448 1 0 1706815258
WALL 21195448 1 0 1706815259
WALL 21195448 1 0 1706815260
WALL 21195448 1 0 1706815261
WALL 21195448 1 0 1706815262
WALL 21195448 1 0 1706815263
WALL 21195448 1 0 1706815264
WALL 21195448 1 0 1706815265
WALL 21195448 1 0 1706815266
WALL 21195448 1 0 1706815267
WALL 21195448 1 0 1706815268
WALL 21195448 1 0 1706815269
WALL 21195448 1 0 1706815270
WALL 21195448 1 0 1706815271
WALL 21195448 1 0 1706815272
WALL 21195448 1 0 1706815273
WALL 21195448 1 0 1706815274
WALL 21195448 1 0 1706815275
WALL 21195448 1 0 1706815276
WALL 21195448 1 0 1706815277
WALL 21195448 1 0 1706815278
WALL 21195448 1 0 1706815279
WALL 21195448 1 0 1706815280
WALL 21195448 1 0 1706815281
WALL 21195448 1 0 1706815282
WALL 21195448 1 0 1706815283
WALL 21195448 1 0 1706815284
WALL 21195448 1 0 1706815285
WALL 21195448 1 0 1706815286
WALL 21195448 1 0 1706815287
WALL 21195448 1 0 1706815288
WALL 21195448 1 0 1706815289
WALL 21195448 1 0 1706815290
WALL 21195448 1 0 1706815291
WALL 21195448 1 0 1706815292
WALL 21195448 1 0 1706815293
WALL 21195448 1 0 1706815294
WALL 21195448 1 0 1706815295
WALL 21195448 1 0 1706815296
WALL 21195448 1 0 1706815297
WALL 21195448 1 0 1706815298
WALL 21195448 1 0 1706815299
WALL 21195448 1 0 1706815300
WALL 21195448 1 0 1706815301
WALL 21195448 1 0 1706815302
WALL 21195448 1 0 1706815303
WALL 21195448 1 0 1706815304
WALL 21195448 1 0 1706815305
WALL 21195448 1 0 1706815306
WALL 21195448 1 0 1706815307
WALL 21195448 1 0 1706815308
WALL 21195448 1 0 1706815309
WALL 21195448 1 0 1706815310
WALL 21195448 1 0 1706815311
WALL 21195448 1 0 1706815312
WALL 21195448 1 0 1706815313
WALL 21195448 1 0 1706815314
WALL 21195448 1 0 1706815315
WALL 21195448 1 0 1706815316
WALL 21195448 1 0 1706815317
WALL 21195448 1 0 1706815318
WALL 21195448 1 0 1706815319
WALL 21195448 1 0 1706815320
WALL 21195448 1 0 1706815321
WALL 21195448 1 0 1706815322
WALL 21195448 1 0 1706815323
WALL 21195448 1 0 1706815324
WALL 21195448 1 0 1706815325
WALL 21195448 1 0 1706815326
WALL 21195448 1 0 1706815327
WALL 21195448 1 0 1706815328
WALL 21195448 1 0 1706815329
WALL 21195448 1 0 1706815330
WALL 21195448 1 0 1706815331
WALL 21195448 1 0 1706815332
WALL 21195448 1 0 1706815333
WALL 21195448 1 0 1706815334
WALL 21195448 1 0 1706815335
WALL 21195448 1 0 1706815336
WALL 21195448 1 0 1706815337
WALL 21195448 1 0 1706815338
WALL 21195448 1 0 1706815339
WALL 21195448 1 0 1706815340
WALL 21195448 1 0 1706815341
WALL 21195448 1 0 1706815342
WALL 21195448 1 0 1706815343
WALL 21195448 1 0 1706815344
WALL 21195448 1 0 1706815345
WALL 21195448 1 0 1706815346
WALL 21195448 1 0 1706815347
WALL 21195448 1 0 1706815348
WALL 21195448 1 0 1706815349
WALL 21195448 1 0 1706815350
WALL 21195448 1 0 1706815351
WALL 21195448 1 0 1706815352
WALL 21195448 1 0 1706815353
WALL 21195448 1 0 1706815354
WALL 21195448 1 0 1706815355
WALL 21195448 1 0 1706815356
WALL 21195448 1 0 1706815357
WALL 21195448 1 0 1706815358
WALL 21195448 1 0 1706815359
WALL 21195448 1 0 1706815360
WALL 21195448 1 0 1706815361
WALL 21195448 1 0 1706815362
WALL 21195448 1 0 1706815363
WALL 21195448 1 0 1706815364
WALL 21195448 1 0 1706815365
WALL 21195448 1 0 1706815366
WALL 21195448 1 0 1706815367
WALL 21195448 1 0 1706815368
WALL 21195448 1 0 1706815369
WALL 21195448 1 0 1706815370
WALL 21195448 1 0 1706815371
WALL 21195448 1 0 1706815372
WALL 21195448 1 0 1706815373
WALL 21195448 1 0 1706815374
WALL 21195448 1 0 1706815375
WALL 21195448 1 0 1706815376
WALL 21195448 1 0 1706815377
WALL 21195448 1 0 1706815378
WALL 21195448 1 0 1706815379
WALL 21195448 1 0 1706815380
WALL 21195448 1 0 1706815381
WALL 21195448 1 0 1706815382
WALL 21195448 1 0 1706815383
WALL 21195448 1 0 1706815384
WALL 21195448 1 0 1706815385
WALL 21195448 1 0 1706815386
WALL 21195448 1 0 1706815387
WALL 21195448 1 0 1706815388
WALL 21195448 1 0 1706815389
WALL 21195448 1 0 1706815390
WALL 21195448 1 0 1706815391
WALL 21195448 1 0 1706815392
WALL 21195448 1 0 1706815393
WALL 21195448 1 0 1706815394
WALL 21195448 1 0 1706815395
WALL 21195448 1 0 1706815396
WALL 21195448 1 0 1706815397
WALL 21195448 1 0 1706815398
WALL 21195448 1 0 1706815399
WALL 21195448 1 0 1706815400
WALL 21195448 1 0 1706815401
WALL 21195448 1 0 1706815402
WALL 21195448 1 0 1706815403
WALL 21195448 1 0 1706815404
WALL 21195448 1 0 1706815405
WALL 21195448 1 0 1706815406
WALL 21195448 1 0 1706815407
WALL 21195448 1 0 1706815408
WALL 21195448 1 0 1706815409
WALL 21195448 1 0 1706815410
WALL 21195448 1 0 1706815411
WALL 21195448 1 0 1706815412
WALL 21195448 1 0 1706815413
WALL 21195448 1 0 1706815414
WALL 21195448 1 0 1706815415
WALL 21195448 1 0 1706815416
WALL 21195448 1 0 1706815417
WALL 21195448 1 0 1706815418
WALL 21195448 1 0 1706815419
WALL 21195448 1 0 1706815420
WALL 21195448 1 0 1706815421
WALL 21195448 1 0 1706815422
WALL 21195448 1 0 1706815423
WALL 21195448 1 0 1706815424
WALL 21195448 1 0 1706815425
WALL 21195448 1 0 1706815426
WALL 21195448 1 0 1706815427
WALL 21195448 1 0 1706815428
WALL 21195448 1 0 1706815429
WALL 21195448 1 0 1706815430
WALL 21195448 1 0 1706815431
WALL 21195448 1 0 1706815432
WALL 21195448 1 0 1706815433
WALL 21195448 1 0 1706815434
WALL 21195448 1 0 1706815435
WALL 21195448 1 0 1706815436
WALL 21195448 1 0 1706815437
WALL 21195448 1 0 1706815438
WALL 21195448 1 0 1706815439
WALL 21195448 1 0 1706815440
WALL 21195448 1 0 1706815441
WALL 21195448 1 0 1706815442
WALL 21195448 1 0 1706815443
WALL 21195448 1 0 1706815444
WALL 21195448 1 0 1706815445
WALL 21195448 1 0 1706815446
WALL 21195448 1 0 1706815447
WALL 21195448 1 0 1706815448
WALL 21195448 1 0 1706815449
WALL 21195448 1 0 1706815450
WALL 21195448 1 0 1706815451
WALL 21195448 1 0 1706815452
WALL 21195448 1 0 1706815453
WALL 21195448 1 0 1706815454
WALL 21195448 1 0 1706815455
WALL 21195448 1 0 1706815456
WALL 21195448 1 0 1706815457
WALL 21195448 1 0 1706815458
WALL 21195448 1 0 1706815459
WALL 21195448 1 0 1706815460
WALL 21195448 1 0 1706815461
WALL 21195448 1 0 1706815462
WALL 21195448 1 0 1706815463
WALL 21195448 1 0 1706815464
WALL 21195448 1 0 1706815465
WALL 21195448 1 0 1706815466
WALL 21195448 1 0 1706815467
WALL 21195448 1 0 1706815468
WALL 21195448 1 0 1706815469
WALL 21195448 1 0 1706815470
WALL 21195448 1 0 1706815471
WALL 21195448 1 0 1706815472
WALL 21195448 1 0 1706815473
WALL 21195448 1 0 1706815474
WALL 21195448 1 0 1706815475
WALL 21195448 1 0 1706815476
WALL 21195448 1 0 1706815477
WALL 21195448 1 0 1706815478
WALL 21195448 1 0 1706815479
WALL 21195448 1 0 1706815480
WALL 21195448 1 0 1706815481
WALL 21195448 1 0 1706815482
WALL 21195448 1 0 1706815483
WALL 21195448 1 0 1706815484
WALL 21195448 1 0 1706815485
WALL 21195448 1 0 1706815486
WALL 21195448 1 0 1706815487
WALL 21195448 1 0 1706815488
WALL 21195448 1 0 1706815489
WALL 21195448 1 0 1706815490
WALL 21195448 1 0 1706815491
WALL 21195448 1 0 1706815492
WALL 21195448 1 0 1706815493
WALL 21195448 1 0 1706815494
WALL 21195448 1 0 1706815495
WALL 21195448 1 0 1706815496
WALL 21195448 1 0 1706815497
WALL 21195448 1 0 1706815498
WALL 21195448 1 0 1706815499
WALL 21195448 1 0 1706815500
WALL 21195448 1 0 1706815501
WALL 21195448 1 0 1706815502
WALL 21195448 1 0 1706815503
WALL 21195448 1 0 1706815504
WALL 21195448 1 0 1706815505
WALL 21195448 1 0 1706815506
WALL 21195448 1 0 1706815507
WALL 21195448 1 0 1706815508
WALL 21195448 1 0 1706815509
WALL 21195448 1 0 1706815510
WALL 21195448 1 0 1706815511
WALL 21195448 1 0 1706815512
WALL 21195448 1 0 1706815513
WALL 21195448 1 0 1706815514
WALL 21195448 1 0 1706815515
WALL 21195448 1 0 1706815516
WALL 21195448 1 0 1706815517
WALL 21195448 1 0 1706815518
WALL 21195448 1 0 1706815519
WALL 21195448 1 0 1706815520
WALL 21195448 1 0 1706815521
WALL 21195448 1 0 1706815522
WALL 21195448 1 0 1706815523
WALL 21195448 1 0 1706815524
WALL 21195448 1 0 1706815525
WALL 21195448 1 0 1706815526
WALL 21195448 1 0 1706815527
WALL 21195448 1 0 1706815528
WALL 21195448 1 0 1706815529
WALL 21195448 1 0 1706815530
WALL 21195448 1 0 1706815531
WALL 21195448 1 0 1706815532
WALL 21195448 1 0 1706815533
WALL 21195448 1 0 1706815534
WALL 21195448 1 0 1706815535
WALL 21195448 1 0 1706815536
WALL 21195448 1 0 1706815537
WALL 21195448 1 0 1706815538
WALL 21195448 1 0 1706815539
WALL 21195448 1 0 1706815540
WALL 21195448 1 0 1706815541
WALL 21195448 1 0 1706815542
WALL 21195448 1 0 1706815543
WALL 21195448 1 0 1706815544
WALL 21195448 1 0 1706815545
WALL 21195448 1 0 1706815546
WALL 21195448 1 0 1706815547
WALL 21195448 1 0 1706815548
WALL 21195448 1 0 1706815549
WALL 21195448 1 0 1706815550
WALL 21195448 1 0 1706815551
WALL 21195448 1 0 1706815552
WALL 21195448 1 0 1706815553
WALL 21195448 1 0 1706815554
WALL 21195448 1 0 1706815555
WALL 21195448 1 0 1706815556
WALL 21195448 1 0 1706815557
WALL 21195448 1 0 1706815558
WALL 21195448 1 0 1706815559
WALL 21195448 1 0 1706815560
WALL 21195448 1 0 1706815561
WALL 21195448 1 0 1706815562
WALL 21195448 1 0 1706815563
WALL 21195448 1 0 1706815564
WALL 21195448 1 0 1706815565
WALL 21195448 1 0 1706815566
WALL 21195448 1 0 1706815567
WALL 21195448 1 0 1706815568
WALL 21195448 1 0 1706815569
WALL 21195448 1 0 1706815570
WALL 21195448 1 0 1706815571
WALL 21195448 1 0 1706815572
WALL 21195448 1 0 1706815573
WALL 21195448 1 0 1706815574
WALL 21195448 1 0 1706815575
WALL 21195448 1 0 1706815576
WALL 21195448 1 0 1706815577
WALL 21195448 1 0 1706815578
WALL 21195448 1 0 1706815579
WALL 21195448 1 0 1706815580
WALL 21195448 1 0 1706815581
WALL 21195448 1 0 1706815582
WALL 21195448 1 0 1706815583
WALL 21195448 1 0 1706815584
WALL 21195448 1 0 1706815585
WALL 21195448 1 0 1706815586
WALL 21195448 1 0 1706815587
WALL 21195448 1 0 1706815588
WALL 21195448 1 0 1706815589
WALL 21195448 1 0 1706815590
WALL 21195448 1 0 1706815591
WALL 21195448 1 0 1706815592
WALL 21195448 1 0 1706815593
WALL 21195448 1 0 1706815594
WALL 21195448 1 0 1706815595
WALL 21195448 1 0 1706815596
WALL 21195448 1 0 1706815597
WALL 21195448 1 0 1706815598
WALL 21195448 1 0 1706815599
WALL 21195448 1 0 1706815600
WALL 21195448 1 0 1706815601
WALL 21195448 1 0 1706815602
WALL 21195448 1 0 1706815603
WALL 21195448 1 0 1706815604
WALL 21195448 1 0 1706815605
WALL 21195448 1 0 1706815606
WALL 21195448 1 0 1706815607
WALL 21195448 1 0 1706815608
WALL 21195448 1 0 1706815609
WALL 21195448 1 0 1706815610
WALL 21195448 1 0 1706815611
WALL 21195448 1 0 1706815612
WALL 21195448 1 0 1706815613
WALL 21195448 1 0 1706815614
WALL 21195448 1 0 1706815615
WALL 21195448 1 0 1706815616
WALL 21195448 1 0 1706815617
WALL 21195448 1 0 1706815618
WALL 21195448 1 0 1706815619
WALL 21195448 1 0 1706815620
WALL 21195448 1 0 1706815621
WALL 21195448 1 0 1706815622
WALL 21195448 1 0 1706815623
WALL 21195448 1 0 1706815624
WALL 21195448 1 0 1706815625
WALL 21195448 1 0 1706815626
WALL 21195448 1 0 1706815627
WALL 21195448 1 0 1706815628
WALL 21195448 1 0 1706815629
WALL 21195448 1 0 1706815630
WALL 21195448 1 0 1706815631
WALL 21195448 1 0 1706815632
WALL 21195448 1 0 1706815633
WALL 21195448 1 0 1706815634
WALL 21195448 1 0 1706815635
WALL 21195448 1 0 1706815636
WALL 21195448 1 0 1706815637
WALL 21195448 1 0 1706815638
WALL 21195448 1 0 1706815639
WALL 21195448 1 0 1706815640
WALL 21195448 1 0 1706815641
WALL 21195448 1 0 1706815642
WALL 21195448 1 0 1706815643
WALL 21195448 1 0 1706815644
WALL 21195448 1 0 1706815645
WALL 21195448 1 0 1706815646
WALL 21195448 1 0 1706815647
WALL 21195448 1 0 1706815648
WALL 21195448 1 0 1706815649
WALL 21195448 1 0 1706815650
WALL 21195448 1 0 1706815651
WALL 21195448 1 0 1706815652
WALL 21195448 1 0 1706815653
WALL 21195448 1 0 1706815654
WALL 21195448 1 0 1706815655
WALL 21195448 1 0 1706815656
WALL 21195448 1 0 1706815657
WALL 21195448 1 0 1706815658
WALL 21195448 1 0 1706815659
WALL 21195448 1 0 1706815660
WALL 21195448 1 0 1706815661
WALL 21195448 1 0 1706815662
WALL 21195448 1 0 1706815663
WALL 21195448 1 0 1706815664
WALL 21195448 1 0 1706815665
WALL 21195448 1 0 1706815666
WALL 21195448 1 0 1706815667
WALL 21195448 1 0 1706815668
WALL 21195448 1 0 1706815669
WALL 21195448 1 0 1706815670
WALL 21195448 1 0 1706815671
WALL 21195448 1 0 1706815672
WALL 21195448 1 0 1706815673
WALL 21195448 1 0 1706815674
WALL 21195448 1 0 1706815675
WALL 21195448 1 0 1706815676
WALL 21195448 1 0 1706815677
WALL 21195448 1 0 1706815678
WALL 21195448 1 0 1706815679
WALL 21195448 1 0 1706815680
WALL 21195448 1 0 1706815681
WALL 21195448 1 0 1706815682
WALL 21195448 1 0 1706815683
WALL 21195448 1 0 1706815684
WALL 21195448 1 0 1706815685
WALL 21195448 1 0 1706815686
WALL 21195448 1 0 1706815687
WALL 21195448 1 0 1706815688
WALL 21195448 1 0 1706815689
WALL 21195448 1 0 1706815690
WALL 21195448 1 0 1706815691
WALL 21195448 1 0 1706815692
WALL 21195448 1 0 1706815693
WALL 21195448 1 0 1706815694
WALL 21195448 1 0 1706815695
WALL 21195448 1 0 1706815696
WALL 21195448 1 0 1706815697
WALL 21195448 1 0 1706815698
WALL 21195448 1 0 1706815699
WALL 21195448 1 0 1706815700
WALL 21195448 1 0 1706815701
WALL 21195448 1 0 1706815702
WALL 21195448 1 0 1706815703
WALL 21195448 1 0 1706815704
WALL 21195448 1 0 1706815705
WALL 21195448 1 0 1706815706
WALL 21195448 1 0 1706815707
WALL 21195448 1 0 1706815708
WALL 21195448 1 0 1706815709
WALL 21195448 1 0 1706815710
WALL 21195448 1 0 1706815711
WALL 21195448 1 0 1706815712
WALL 21195448 1 0 1706815713
WALL 21195448 1 0 1706815714
WALL 21195448 1 0 1706815715
WALL 21195448 1 0 1706815716
WALL 21195448 1 0 1706815717
WALL 21195448 1 0 1706815718
WALL 21195448 1 0 1706815719
WALL 21195448 1 0 1706815720
WALL 21195448 1 0 1706815721
WALL 21195448 1 0 1706815722
WALL 21195448 1 0 1706815723
WALL 21195448 1 0 1706815724
WALL 21195448 1 0 1706815725
WALL 21195448 1 0 1706815726
WALL 21195448 1 0 1706815727
WALL 21195448 1 0 1706815728
WALL 21195448 1 0 1706815729
WALL 21195448 1 0 1706815730
WALL 21195448 1 0 1706815731
WALL 21195448 1 0 1706815732
WALL 21195448 1 0 1706815733
WALL 21195448 1 0 1706815734
WALL 21195448 1 0 1706815735
WALL 21195448 1 0 1706815736
WALL 21195448 1 0 1706815737
WALL 21195448 1 0 1706815738
WALL 21195448 1 0 1706815739
WALL 21195448 1 0 1706815740
WALL 21195448 1 0 1706815741
WALL 21195448 1 0 1706815742
WALL 21195448 1 0 1706815743
WALL 21195448 1 0 1706815744
WALL 21195448 1 0 1706815745
WALL 21195448 1 0 1706815746
WALL 21195448 1 0 1706815747
WALL 21195448 1 0 1706815748
WALL 21195448 1 0 1706815749
WALL 21195448 1 0 1706815750
WALL 21195448 1 0 1706815751
WALL 21195448 1 0 1706815752
WALL 21195448 1 0 1706815753
WALL 21195448 1 0 1706815754
WALL 21195448 1 0 1706815755
WALL 21195448 1 0 1706815756
WALL 21195448 1 0 1706815757
WALL 21195448 1 0 1706815758
WALL 21195448 1 0 1706815759
WALL 21195448 1 0 1706815760
WALL 21195448 1 0 1706815761
WALL 21195448 1 0 1706815762
WALL 21195448 1 0 1706815763
WALL 21195448 1 0 1706815764
WALL 21195448 1 0 1706815765
WALL 21195448 1 0 1706815766
WALL 21195448 1 0 1706815767
WALL 21195448 1 0 1706815768
WALL 21195448 1 0 1706815769
WALL 21195448 1 0 1706815770
WALL 21195448 1 0 1706815771
WALL 21195448 1 0 1706815772
WALL 21195448 1 0 1706815773
WALL 21195448 1 0 1706815774
WALL 21195448 1 0 1706815775
WALL 21195448 1 0 1706815776
WALL 21195448 1 0 1706815777
WALL 21195448 1 0 1706815778
WALL 21195448 1 0 1706815779
WALL 21195448 1 0 1706815780
WALL 21195448 1 0 1706815781
WALL 21195448 1 0 1706815782
WALL 21195448 1 0 1706815783
WALL 21195448 1 0 1706815784
WALL 21195448 1 0 1706815785
WALL 21195448 1 0 1706815786
WALL 21195448 1 0 1706815787
WALL 21195448 1 0 1706815788
WALL 21195448 1 0 1706815789
WALL 21195448 1 0 1706815790
WALL 21195448 1 0 1706815791
WALL 21195448 1 0 1706815792
WALL 21195448 1 0 1706815793
WALL 21195448 1 0 1706815794
WALL 21195448 1 0 1706815795
WALL 21195448 1 0 1706815796
WALL 21195448 1 0 1706815797
WALL 21195448 1 0 1706815798
WALL 21195448 1 0 1706815799
WALL 21195448 1 0 1706815800
WALL 21195448 1 0 1706815801
WALL 21195448 1 0 1706815802
WALL 21195448 1 0 1706815803
WALL 21195448 1 0 1706815804
WALL 21195448 1 0 1706815805
WALL 21195448 1 0 1706815806
WALL 21195448 1 0 1706815807
WALL 21195448 1 0 1706815808
WALL 21195448 1 0 1706815809
WALL 21195448 1 0 1706815810
WALL 21195448 1 0 1706815811
WALL 21195448 1 0 1706815812
WALL 21195448 1 0 1706815813
WALL 21195448 1 0 1706815814
WALL 21195448 1 0 1706815815
WALL 21195448 1 0 1706815816
WALL 21195448 1 0 1706815817
WALL 21195448 1 0 1706815818
WALL 21195448 1 0 1706815819
WALL 21195448 1 0 1706815820
WALL 21195448 1 0 1706815821
WALL 21195448 1 0 1706815822
WALL 21195448 1 0 1706815823
WALL 21195448 1 0 1706815824
WALL 21195448 1 0 1706815825
WALL 21195448 1 0 1706815826
WALL 21195448 1 0 1706815827
WALL 21195448 1 0 1706815828
WALL 21195448 1 0 1706815829
WALL 21195448 1 0 1706815830
WALL 21195448 1 0 1706815831
WALL 21195448 1 0 1706815832
WALL 21195448 1 0 1706815833
WALL 21195448 1 0 1706815834
WALL 21195448 1 0 1706815835
WALL 21195448 1 0 1706815836
WALL 21195448 1 0 1706815837
WALL 21195448 1 0 1706815838
WALL 21195448 1 0 1706815839
WALL 21195448 1 0 1706815840
WALL 21195448 1 0 1706815841
WALL 21195448 1 0 1706815842
WALL 21195448 1 0 1706815843
WALL 21195448 1 0 1706815844
WALL 21195448 1 0 1706815845
WALL 21195448 1 0 1706815846
WALL 21195448 1 0 1706815847
WALL 21195448 1 0 1706815848
WALL 21195448 1 0 1706815849
WALL 21195448 1 0 1706815850
WALL 21195448 1 0 1706815851
WALL 21195448 1 0 1706815852
WALL 21195448 1 0 1706815853
WALL 21195448 1 0 1706815854
WALL 21195448 1 0 1706815855
WALL 21195448 1 0 1706815856
WALL 21195448 1 0 1706815857
WALL 21195448 1 0 1706815858
WALL 21195448 1 0 1706815859
WALL 21195448 1 0 1706815860
WALL 21195448 1 0 1706815861
WALL 21195448 1 0 1706815862
WALL 21195448 1 0 1706815863
WALL 21195448 1 0 1706815864
WALL 21195448 1 0 1706815865
WALL 21195448 1 0 1706815866
WALL 21195448 1 0 1706815867
WALL 21195448 1 0 1706815868
WALL 21195448 1 0 1706815869
WALL 21195448 1 0 1706815870
WALL 21195448 1 0 1706815871
WALL 21195448 1 0 1706815872
WALL 21195448 1 0 1706815873
WALL 21195448 1 0 1706815874
WALL 21195448 1 0 1706815875
WALL 21195448 1 0 1706815876
WALL 21195448 1 0 1706815877
WALL 21195448 1 0 1706815878
WALL 21195448 1 0 1706815879
WALL 21195448 1 0 1706815880
WALL 21195448 1 0 1706815881
WALL 21195448 1 0 1706815882
WALL 21195448 1 0 1706815883
WALL 21195448 1 0 1706815884
WALL 21195448 1 0 1706815885
WALL 21195448 1 0 1706815886
WALL 21195448 1 0 1706815887
WALL 21195448 1 0 1706815888
WALL 21195448 1 0 1706815889
WALL 21195448 1 0 1706815890
WALL 21195448 1 0 1706815891
WALL 21195448 1 0 1706815892
WALL 21195448 1 0 1706815893
WALL 21195448 1 0 1706815894
WALL 21195448 1 0 1706815895
WALL 21195448 1 0 1706815896
WALL 21195448 1 0 1706815897
WALL 21195448 1 0 1706815898
WALL 21195448 1 0 1706815899
WALL 21195448 1 0 1706815900
WALL 21195448 1 0 1706815901
WALL 21195448 1 0 1706815902
WALL 21195448 1 0 1706815903
WALL 21195448 1 0 1706815904
WALL 21195448 1 0 1706815905
WALL 21195448 1 0 1706815906
WALL 21195448 1 0 1706815907
WALL 21195448 1 0 1706815908
WALL 21195448 1 0 1706815909
WALL 21195448 1 0 1706815910
WALL 21195448 1 0 1706815911
WALL 21195448 1 0 1706815912
WALL 21195448 1 0 1706815913
WALL 21195448 1 0 1706815914
WALL 21195448 1 0 1706815915
WALL 21195448 1 0 1706815916
WALL 21195448 1 0 1706815917
WALL 21195448 1 0 1706815918
WALL 21195448 1 0 1706815919
WALL 21195448 1 0 1706815920
WALL 21195448 1 0 1706815921
WALL 21195448 1 0 1706815922
WALL 21195448 1 0 1706815923
WALL 21195448 1 0 1706815924
WALL 21195448 1 0 1706815925
WALL 21195448 1 0 1706815926
WALL 21195448 1 0 1706815927
WALL 21195448 1 0 1706815928
WALL 21195448 1 0 1706815929
WALL 21195448 1 0 1706815930
WALL 21195448 1 0 1706815931
WALL 21195448 1 0 1706815932
WALL 21195448 1 0 1706815933
WALL 21195448 1 0 1706815934
WALL 21195448 1 0 1706815935
WALL 21195448 1 0 1706815936
WALL 21195448 1 0 1706815937
WALL 21195448 1 0 1706815938
WALL 21195448 1 0 1706815939
WALL 21195448 1 0 1706815940
WALL 21195448 1 0 1706815941
WALL 21195448 1 0 1706815942
WALL 21195448 1 0 1706815943
WALL 21195448 1 0 1706815944
WALL 21195448 1 0 1706815945
WALL 21195448 1 0 1706815946
WALL 21195448 1 0 1706815947
WALL 21195448 1 0 1706815948
WALL 21195448 1 0 1706815949
WALL 21195448 1 0 1706815950
WALL 21195448 1 0 1706815951
WALL 21195448 1 0 1706815952
WALL 21195448 1 0 1706815953
WALL 21195448 1 0 1706815954
WALL 21195448 1 0 1706815955
WALL 21195448 1 0 1706815956
WALL 21195448 1 0 1706815957
WALL 21195448 1 0 1706815958
WALL 21195448 1 0 1706815959
WALL 21195448 1 0 1706815960
WALL 21195448 1 0 1706815961
WALL 21195448 1 0 1706815962
WALL 21195448 1 0 1706815963
WALL 21195448 1 0 1706815964
WALL 21195448 1 0 1706815965
WALL 21195448 1 0 1706815966
WALL 21195448 1 0 1706815967
WALL 21195448 1 0 1706815968
WALL 21195448 1 0 1706815969
WALL 21195448 1 0 1706815970
WALL 21195448 1 0 1706815971
WALL 21195448 1 0 1706815972
WALL 21195448 1 0 1706815973
WALL 21195448 1 0 1706815974
WALL 21195448 1 0 1706815975
WALL 21195448 1 0 1706815976
WALL 21195448 1 0 1706815977
WALL 21195448 1 0 1706815978
WALL 21195448 1 0 1706815979
WALL 21195448 1 0 1706815980
WALL 21195448 1 0 1706815981
WALL 21195448 1 0 1706815982
WALL 21195448 1 0 1706815983
WALL 21195448 1 0 1706815984
WALL 21195448 1 0 1706815985
WALL 21195448 1 0 1706815986
WALL 21195448 1 0 1706815987
WALL 21195448 1 0 1706815988
WALL 21195448 1 0 1706815989
WALL 21195448 1 0 1706815990
WALL 21195448 1 0 1706815991
WALL 21195448 1 0 1706815992
WALL 21195448 1 0 1706815993
WALL 21195448 1 0 1706815994
WALL 21195448 1 0 1706815995
WALL 21195448 1 0 1706815996
WALL 21195448 1 0 1706815997
WALL 21195448 1 0 1706815998
WALL 21195448 1 0 1706815999
WALL 21195448 1 0 1706816000
WALL 21195448 1 0 1706816001
WALL 21195448 1 0 1706816002
WALL 21195448 1 0 1706816003
WALL 21195448 1 0 1706816004
WALL 21195448 1 0 1706816005
WALL 21195448 1 0 1706816006
WALL 21195448 1 0 1706816007
WALL 21195448 1 0 1706816008
slurmstepd: error: *** STEP 21195448.0 ON nid200000 CANCELLED AT 2024-02-01T19:33:29 ***
received SIGTERM 1706816009
WALL 21195448 1 0 1706816009
received SIGCONT 1706816009
WALL 21195448 1 0 1706816009
WALL 21195448 1 0 1706816010
WALL 21195448 1 0 1706816011
WALL 21195448 1 0 1706816012
WALL 21195448 1 0 1706816013
WALL 21195448 1 0 1706816014
WALL 21195448 1 0 1706816015
WALL 21195448 1 0 1706816016
WALL 21195448 1 0 1706816017
WALL 21195448 1 0 1706816018
WALL 21195448 1 0 1706816019
WALL 21195448 1 0 1706816020
WALL 21195448 1 0 1706816021
WALL 21195448 1 0 1706816022
WALL 21195448 1 0 1706816023
WALL 21195448 1 0 1706816024
WALL 21195448 1 0 1706816025
WALL 21195448 1 0 1706816026
WALL 21195448 1 0 1706816027
WALL 21195448 1 0 1706816028
WALL 21195448 1 0 1706816029
WALL 21195448 1 0 1706816030
WALL 21195448 1 0 1706816031
WALL 21195448 1 0 1706816032
WALL 21195448 1 0 1706816033
WALL 21195448 1 0 1706816034
WALL 21195448 1 0 1706816035
WALL 21195448 1 0 1706816036
WALL 21195448 1 0 1706816037
WALL 21195448 1 0 1706816038
WALL 21195448 1 0 1706816039
WALL 21195448 1 0 1706816040
WALL 21195448 1 0 1706816041
WALL 21195448 1 0 1706816042
WALL 21195448 1 0 1706816043
WALL 21195448 1 0 1706816044
WALL 21195448 1 0 1706816045
WALL 21195448 1 0 1706816046
WALL 21195448 1 0 1706816047
WALL 21195448 1 0 1706816048
WALL 21195448 1 0 1706816049
WALL 21195448 1 0 1706816050
WALL 21195448 1 0 1706816051
WALL 21195448 1 0 1706816052
WALL 21195448 1 0 1706816053
WALL 21195448 1 0 1706816054
WALL 21195448 1 0 1706816055
WALL 21195448 1 0 1706816056
WALL 21195448 1 0 1706816057
WALL 21195448 1 0 1706816058
WALL 21195448 1 0 1706816059
WALL 21195448 1 0 1706816060
WALL 21195448 1 0 1706816061
WALL 21195448 1 0 1706816062
WALL 21195448 1 0 1706816063
WALL 21195448 1 0 1706816064
WALL 21195448 1 0 1706816065
WALL 21195448 1 0 1706816066
WALL 21195448 1 0 1706816067
WALL 21195448 1 0 1706816068
WALL 21195448 1 0 1706816069
WALL 21195448 1 0 1706816070
WALL 21195448 1 0 1706816071
WALL 21195448 1 0 1706816072
WALL 21195448 1 0 1706816073
slurmstepd: error: *** JOB 21195448 ON nid200000 CANCELLED AT 2024-02-01T19:34:33 DUE TO PREEMPTION ***
received SIGTERM 1706816073
WALL 21195448 1 0 1706816073
received SIGCONT 1706816073
WALL 21195448 1 0 1706816073
received SIGTERM 1706816073
WALL 21195448 1 0 1706816073
srun: Job step aborted: Waiting up to 32 seconds for job step to finish.
