WALL 21211746 1 0 1706831768
WALL 21211746 1 0 1706831769
WALL 21211746 1 0 1706831770
WALL 21211746 1 0 1706831771
WALL 21211746 1 0 1706831772
WALL 21211746 1 0 1706831773
WALL 21211746 1 0 1706831774
WALL 21211746 1 0 1706831775
WALL 21211746 1 0 1706831776
WALL 21211746 1 0 1706831777
WALL 21211746 1 0 1706831778
WALL 21211746 1 0 1706831779
WALL 21211746 1 0 1706831780
WALL 21211746 1 0 1706831781
WALL 21211746 1 0 1706831782
WALL 21211746 1 0 1706831783
WALL 21211746 1 0 1706831784
WALL 21211746 1 0 1706831785
WALL 21211746 1 0 1706831786
WALL 21211746 1 0 1706831787
WALL 21211746 1 0 1706831788
WALL 21211746 1 0 1706831789
WALL 21211746 1 0 1706831790
WALL 21211746 1 0 1706831791
WALL 21211746 1 0 1706831792
WALL 21211746 1 0 1706831793
WALL 21211746 1 0 1706831794
WALL 21211746 1 0 1706831795
WALL 21211746 1 0 1706831796
WALL 21211746 1 0 1706831797
WALL 21211746 1 0 1706831798
WALL 21211746 1 0 1706831799
WALL 21211746 1 0 1706831800
WALL 21211746 1 0 1706831801
WALL 21211746 1 0 1706831802
WALL 21211746 1 0 1706831803
WALL 21211746 1 0 1706831804
WALL 21211746 1 0 1706831805
WALL 21211746 1 0 1706831806
WALL 21211746 1 0 1706831807
WALL 21211746 1 0 1706831808
WALL 21211746 1 0 1706831809
WALL 21211746 1 0 1706831810
WALL 21211746 1 0 1706831811
WALL 21211746 1 0 1706831812
slurmstepd: error: *** STEP 21211746.0 ON nid200026 CANCELLED AT 2024-02-01T23:56:53 ***
received SIGTERM 1706831813
WALL 21211746 1 0 1706831813
received SIGCONT 1706831813
WALL 21211746 1 0 1706831813
WALL 21211746 1 0 1706831814
WALL 21211746 1 0 1706831815
WALL 21211746 1 0 1706831816
WALL 21211746 1 0 1706831817
WALL 21211746 1 0 1706831818
WALL 21211746 1 0 1706831819
WALL 21211746 1 0 1706831820
WALL 21211746 1 0 1706831821
WALL 21211746 1 0 1706831822
WALL 21211746 1 0 1706831823
WALL 21211746 1 0 1706831824
WALL 21211746 1 0 1706831825
WALL 21211746 1 0 1706831826
WALL 21211746 1 0 1706831827
WALL 21211746 1 0 1706831828
WALL 21211746 1 0 1706831829
WALL 21211746 1 0 1706831830
WALL 21211746 1 0 1706831831
WALL 21211746 1 0 1706831832
WALL 21211746 1 0 1706831833
WALL 21211746 1 0 1706831834
WALL 21211746 1 0 1706831835
WALL 21211746 1 0 1706831836
WALL 21211746 1 0 1706831837
WALL 21211746 1 0 1706831838
WALL 21211746 1 0 1706831839
WALL 21211746 1 0 1706831840
WALL 21211746 1 0 1706831841
WALL 21211746 1 0 1706831842
WALL 21211746 1 0 1706831843
WALL 21211746 1 0 1706831844
WALL 21211746 1 0 1706831845
WALL 21211746 1 0 1706831846
WALL 21211746 1 0 1706831847
WALL 21211746 1 0 1706831848
WALL 21211746 1 0 1706831849
WALL 21211746 1 0 1706831850
WALL 21211746 1 0 1706831851
WALL 21211746 1 0 1706831852
WALL 21211746 1 0 1706831853
WALL 21211746 1 0 1706831854
WALL 21211746 1 0 1706831855
WALL 21211746 1 0 1706831856
WALL 21211746 1 0 1706831857
WALL 21211746 1 0 1706831858
WALL 21211746 1 0 1706831859
WALL 21211746 1 0 1706831860
WALL 21211746 1 0 1706831861
WALL 21211746 1 0 1706831862
WALL 21211746 1 0 1706831863
WALL 21211746 1 0 1706831864
WALL 21211746 1 0 1706831865
WALL 21211746 1 0 1706831866
WALL 21211746 1 0 1706831867
WALL 21211746 1 0 1706831868
WALL 21211746 1 0 1706831869
WALL 21211746 1 0 1706831870
WALL 21211746 1 0 1706831871
WALL 21211746 1 0 1706831872
WALL 21211746 1 0 1706831873
WALL 21211746 1 0 1706831874
WALL 21211746 1 0 1706831875
WALL 21211746 1 0 1706831876
WALL 21211746 1 0 1706831877
slurmstepd: error: *** JOB 21211746 ON nid200026 CANCELLED AT 2024-02-01T23:57:57 DUE TO PREEMPTION ***
received SIGTERM 1706831877
WALL 21211746 1 0 1706831877
received SIGCONT 1706831877
WALL 21211746 1 0 1706831877
received SIGTERM 1706831877
WALL 21211746 1 0 1706831877
