WALL 21211205 1 0 1706829816
WALL 21211205 1 0 1706829817
WALL 21211205 1 0 1706829818
WALL 21211205 1 0 1706829819
WALL 21211205 1 0 1706829820
WALL 21211205 1 0 1706829821
WALL 21211205 1 0 1706829822
WALL 21211205 1 0 1706829823
WALL 21211205 1 0 1706829824
WALL 21211205 1 0 1706829825
WALL 21211205 1 0 1706829826
WALL 21211205 1 0 1706829827
WALL 21211205 1 0 1706829828
WALL 21211205 1 0 1706829829
WALL 21211205 1 0 1706829830
WALL 21211205 1 0 1706829831
WALL 21211205 1 0 1706829832
WALL 21211205 1 0 1706829833
WALL 21211205 1 0 1706829834
WALL 21211205 1 0 1706829835
WALL 21211205 1 0 1706829836
WALL 21211205 1 0 1706829837
WALL 21211205 1 0 1706829838
WALL 21211205 1 0 1706829839
WALL 21211205 1 0 1706829840
WALL 21211205 1 0 1706829841
WALL 21211205 1 0 1706829842
WALL 21211205 1 0 1706829843
WALL 21211205 1 0 1706829844
WALL 21211205 1 0 1706829845
WALL 21211205 1 0 1706829846
WALL 21211205 1 0 1706829847
WALL 21211205 1 0 1706829848
WALL 21211205 1 0 1706829849
WALL 21211205 1 0 1706829850
WALL 21211205 1 0 1706829851
WALL 21211205 1 0 1706829852
WALL 21211205 1 0 1706829853
WALL 21211205 1 0 1706829854
WALL 21211205 1 0 1706829855
WALL 21211205 1 0 1706829856
WALL 21211205 1 0 1706829857
WALL 21211205 1 0 1706829858
WALL 21211205 1 0 1706829859
WALL 21211205 1 0 1706829860
WALL 21211205 1 0 1706829861
WALL 21211205 1 0 1706829862
WALL 21211205 1 0 1706829863
WALL 21211205 1 0 1706829864
WALL 21211205 1 0 1706829865
WALL 21211205 1 0 1706829866
WALL 21211205 1 0 1706829867
WALL 21211205 1 0 1706829868
WALL 21211205 1 0 1706829869
WALL 21211205 1 0 1706829870
WALL 21211205 1 0 1706829871
WALL 21211205 1 0 1706829872
WALL 21211205 1 0 1706829873
WALL 21211205 1 0 1706829874
WALL 21211205 1 0 1706829875
WALL 21211205 1 0 1706829876
WALL 21211205 1 0 1706829877
WALL 21211205 1 0 1706829878
WALL 21211205 1 0 1706829879
WALL 21211205 1 0 1706829880
WALL 21211205 1 0 1706829881
WALL 21211205 1 0 1706829882
WALL 21211205 1 0 1706829883
WALL 21211205 1 0 1706829884
WALL 21211205 1 0 1706829885
WALL 21211205 1 0 1706829886
WALL 21211205 1 0 1706829887
WALL 21211205 1 0 1706829888
WALL 21211205 1 0 1706829889
WALL 21211205 1 0 1706829890
WALL 21211205 1 0 1706829891
WALL 21211205 1 0 1706829892
WALL 21211205 1 0 1706829893
WALL 21211205 1 0 1706829894
WALL 21211205 1 0 1706829895
WALL 21211205 1 0 1706829896
WALL 21211205 1 0 1706829897
WALL 21211205 1 0 1706829898
WALL 21211205 1 0 1706829899
WALL 21211205 1 0 1706829900
WALL 21211205 1 0 1706829901
WALL 21211205 1 0 1706829902
WALL 21211205 1 0 1706829903
WALL 21211205 1 0 1706829904
WALL 21211205 1 0 1706829905
WALL 21211205 1 0 1706829906
WALL 21211205 1 0 1706829907
WALL 21211205 1 0 1706829908
WALL 21211205 1 0 1706829909
WALL 21211205 1 0 1706829910
WALL 21211205 1 0 1706829911
WALL 21211205 1 0 1706829912
WALL 21211205 1 0 1706829913
WALL 21211205 1 0 1706829914
received SIGCONT 1706829915
WALL 21211205 1 0 1706829915
slurmstepd: error: *** STEP 21211205.0 ON nid200044 CANCELLED AT 2024-02-01T23:25:15 ***
received SIGTERM 1706829915
WALL 21211205 1 0 1706829915
WALL 21211205 1 0 1706829916
WALL 21211205 1 0 1706829917
WALL 21211205 1 0 1706829918
WALL 21211205 1 0 1706829919
WALL 21211205 1 0 1706829920
WALL 21211205 1 0 1706829921
WALL 21211205 1 0 1706829922
WALL 21211205 1 0 1706829923
WALL 21211205 1 0 1706829924
WALL 21211205 1 0 1706829925
WALL 21211205 1 0 1706829926
WALL 21211205 1 0 1706829927
WALL 21211205 1 0 1706829928
WALL 21211205 1 0 1706829929
WALL 21211205 1 0 1706829930
WALL 21211205 1 0 1706829931
WALL 21211205 1 0 1706829932
WALL 21211205 1 0 1706829933
WALL 21211205 1 0 1706829934
WALL 21211205 1 0 1706829935
WALL 21211205 1 0 1706829936
WALL 21211205 1 0 1706829937
WALL 21211205 1 0 1706829938
WALL 21211205 1 0 1706829939
WALL 21211205 1 0 1706829940
WALL 21211205 1 0 1706829941
WALL 21211205 1 0 1706829942
WALL 21211205 1 0 1706829943
WALL 21211205 1 0 1706829944
WALL 21211205 1 0 1706829945
WALL 21211205 1 0 1706829946
WALL 21211205 1 0 1706829947
WALL 21211205 1 0 1706829948
WALL 21211205 1 0 1706829949
WALL 21211205 1 0 1706829950
WALL 21211205 1 0 1706829951
WALL 21211205 1 0 1706829952
WALL 21211205 1 0 1706829953
WALL 21211205 1 0 1706829954
WALL 21211205 1 0 1706829955
WALL 21211205 1 0 1706829956
WALL 21211205 1 0 1706829957
WALL 21211205 1 0 1706829958
WALL 21211205 1 0 1706829959
WALL 21211205 1 0 1706829960
WALL 21211205 1 0 1706829961
WALL 21211205 1 0 1706829962
WALL 21211205 1 0 1706829963
WALL 21211205 1 0 1706829964
WALL 21211205 1 0 1706829965
WALL 21211205 1 0 1706829966
WALL 21211205 1 0 1706829967
WALL 21211205 1 0 1706829968
WALL 21211205 1 0 1706829969
WALL 21211205 1 0 1706829970
WALL 21211205 1 0 1706829971
WALL 21211205 1 0 1706829972
WALL 21211205 1 0 1706829973
WALL 21211205 1 0 1706829974
WALL 21211205 1 0 1706829975
WALL 21211205 1 0 1706829976
WALL 21211205 1 0 1706829977
WALL 21211205 1 0 1706829978
WALL 21211205 1 0 1706829979
WALL 21211205 1 0 1706829980
WALL 21211205 1 0 1706829981
WALL 21211205 1 0 1706829982
WALL 21211205 1 0 1706829983
WALL 21211205 1 0 1706829984
WALL 21211205 1 0 1706829985
WALL 21211205 1 0 1706829986
WALL 21211205 1 0 1706829987
WALL 21211205 1 0 1706829988
WALL 21211205 1 0 1706829989
WALL 21211205 1 0 1706829990
WALL 21211205 1 0 1706829991
slurmstepd: error: *** JOB 21211205 ON nid200044 CANCELLED AT 2024-02-01T23:26:31 DUE TO PREEMPTION ***
received SIGTERM 1706829991
WALL 21211205 1 0 1706829991
received SIGCONT 1706829991
WALL 21211205 1 0 1706829991
