srun: warning: can't run 1 processes on 8 nodes, setting nnodes to 1
WALL 21208219 1 0 1706822868
WALL 21208219 1 0 1706822869
WALL 21208219 1 0 1706822870
WALL 21208219 1 0 1706822871
WALL 21208219 1 0 1706822872
WALL 21208219 1 0 1706822873
WALL 21208219 1 0 1706822874
WALL 21208219 1 0 1706822875
WALL 21208219 1 0 1706822876
WALL 21208219 1 0 1706822877
WALL 21208219 1 0 1706822878
WALL 21208219 1 0 1706822879
WALL 21208219 1 0 1706822880
WALL 21208219 1 0 1706822881
WALL 21208219 1 0 1706822882
WALL 21208219 1 0 1706822883
WALL 21208219 1 0 1706822884
WALL 21208219 1 0 1706822885
WALL 21208219 1 0 1706822886
WALL 21208219 1 0 1706822887
WALL 21208219 1 0 1706822888
WALL 21208219 1 0 1706822889
WALL 21208219 1 0 1706822890
WALL 21208219 1 0 1706822891
WALL 21208219 1 0 1706822892
WALL 21208219 1 0 1706822893
WALL 21208219 1 0 1706822894
WALL 21208219 1 0 1706822895
WALL 21208219 1 0 1706822896
WALL 21208219 1 0 1706822897
WALL 21208219 1 0 1706822898
WALL 21208219 1 0 1706822899
WALL 21208219 1 0 1706822900
WALL 21208219 1 0 1706822901
WALL 21208219 1 0 1706822902
WALL 21208219 1 0 1706822903
WALL 21208219 1 0 1706822904
WALL 21208219 1 0 1706822905
WALL 21208219 1 0 1706822906
WALL 21208219 1 0 1706822907
WALL 21208219 1 0 1706822908
WALL 21208219 1 0 1706822909
WALL 21208219 1 0 1706822910
WALL 21208219 1 0 1706822911
WALL 21208219 1 0 1706822912
WALL 21208219 1 0 1706822913
WALL 21208219 1 0 1706822914
WALL 21208219 1 0 1706822915
WALL 21208219 1 0 1706822916
WALL 21208219 1 0 1706822917
WALL 21208219 1 0 1706822918
WALL 21208219 1 0 1706822919
WALL 21208219 1 0 1706822920
WALL 21208219 1 0 1706822921
WALL 21208219 1 0 1706822922
WALL 21208219 1 0 1706822923
WALL 21208219 1 0 1706822924
WALL 21208219 1 0 1706822925
WALL 21208219 1 0 1706822926
WALL 21208219 1 0 1706822927
WALL 21208219 1 0 1706822928
WALL 21208219 1 0 1706822929
WALL 21208219 1 0 1706822930
WALL 21208219 1 0 1706822931
WALL 21208219 1 0 1706822932
WALL 21208219 1 0 1706822933
WALL 21208219 1 0 1706822934
WALL 21208219 1 0 1706822935
WALL 21208219 1 0 1706822936
WALL 21208219 1 0 1706822937
WALL 21208219 1 0 1706822938
WALL 21208219 1 0 1706822939
WALL 21208219 1 0 1706822940
WALL 21208219 1 0 1706822941
WALL 21208219 1 0 1706822942
WALL 21208219 1 0 1706822943
WALL 21208219 1 0 1706822944
WALL 21208219 1 0 1706822945
WALL 21208219 1 0 1706822946
WALL 21208219 1 0 1706822947
WALL 21208219 1 0 1706822948
WALL 21208219 1 0 1706822949
WALL 21208219 1 0 1706822950
WALL 21208219 1 0 1706822951
WALL 21208219 1 0 1706822952
WALL 21208219 1 0 1706822953
WALL 21208219 1 0 1706822954
WALL 21208219 1 0 1706822955
WALL 21208219 1 0 1706822956
WALL 21208219 1 0 1706822957
WALL 21208219 1 0 1706822958
WALL 21208219 1 0 1706822959
WALL 21208219 1 0 1706822960
WALL 21208219 1 0 1706822961
WALL 21208219 1 0 1706822962
WALL 21208219 1 0 1706822963
WALL 21208219 1 0 1706822964
WALL 21208219 1 0 1706822965
WALL 21208219 1 0 1706822966
WALL 21208219 1 0 1706822967
WALL 21208219 1 0 1706822968
WALL 21208219 1 0 1706822969
WALL 21208219 1 0 1706822970
WALL 21208219 1 0 1706822971
WALL 21208219 1 0 1706822972
WALL 21208219 1 0 1706822973
WALL 21208219 1 0 1706822974
WALL 21208219 1 0 1706822975
WALL 21208219 1 0 1706822976
WALL 21208219 1 0 1706822977
WALL 21208219 1 0 1706822978
WALL 21208219 1 0 1706822979
WALL 21208219 1 0 1706822980
WALL 21208219 1 0 1706822981
WALL 21208219 1 0 1706822982
WALL 21208219 1 0 1706822983
WALL 21208219 1 0 1706822984
WALL 21208219 1 0 1706822985
WALL 21208219 1 0 1706822986
WALL 21208219 1 0 1706822987
WALL 21208219 1 0 1706822988
WALL 21208219 1 0 1706822989
WALL 21208219 1 0 1706822990
WALL 21208219 1 0 1706822991
WALL 21208219 1 0 1706822992
WALL 21208219 1 0 1706822993
WALL 21208219 1 0 1706822994
WALL 21208219 1 0 1706822995
WALL 21208219 1 0 1706822996
WALL 21208219 1 0 1706822997
WALL 21208219 1 0 1706822998
WALL 21208219 1 0 1706822999
WALL 21208219 1 0 1706823000
WALL 21208219 1 0 1706823001
WALL 21208219 1 0 1706823002
WALL 21208219 1 0 1706823003
WALL 21208219 1 0 1706823004
WALL 21208219 1 0 1706823005
WALL 21208219 1 0 1706823006
WALL 21208219 1 0 1706823007
WALL 21208219 1 0 1706823008
WALL 21208219 1 0 1706823009
WALL 21208219 1 0 1706823010
WALL 21208219 1 0 1706823011
WALL 21208219 1 0 1706823012
WALL 21208219 1 0 1706823013
WALL 21208219 1 0 1706823014
WALL 21208219 1 0 1706823015
WALL 21208219 1 0 1706823016
WALL 21208219 1 0 1706823017
WALL 21208219 1 0 1706823018
WALL 21208219 1 0 1706823019
WALL 21208219 1 0 1706823020
WALL 21208219 1 0 1706823021
WALL 21208219 1 0 1706823022
WALL 21208219 1 0 1706823023
WALL 21208219 1 0 1706823024
WALL 21208219 1 0 1706823025
WALL 21208219 1 0 1706823026
WALL 21208219 1 0 1706823027
WALL 21208219 1 0 1706823028
WALL 21208219 1 0 1706823029
WALL 21208219 1 0 1706823030
WALL 21208219 1 0 1706823031
WALL 21208219 1 0 1706823032
WALL 21208219 1 0 1706823033
WALL 21208219 1 0 1706823034
WALL 21208219 1 0 1706823035
WALL 21208219 1 0 1706823036
WALL 21208219 1 0 1706823037
WALL 21208219 1 0 1706823038
WALL 21208219 1 0 1706823039
WALL 21208219 1 0 1706823040
WALL 21208219 1 0 1706823041
WALL 21208219 1 0 1706823042
WALL 21208219 1 0 1706823043
WALL 21208219 1 0 1706823044
WALL 21208219 1 0 1706823045
WALL 21208219 1 0 1706823046
WALL 21208219 1 0 1706823047
WALL 21208219 1 0 1706823048
WALL 21208219 1 0 1706823049
WALL 21208219 1 0 1706823050
WALL 21208219 1 0 1706823051
WALL 21208219 1 0 1706823052
WALL 21208219 1 0 1706823053
WALL 21208219 1 0 1706823054
WALL 21208219 1 0 1706823055
WALL 21208219 1 0 1706823056
WALL 21208219 1 0 1706823057
WALL 21208219 1 0 1706823058
WALL 21208219 1 0 1706823059
WALL 21208219 1 0 1706823060
WALL 21208219 1 0 1706823061
WALL 21208219 1 0 1706823062
WALL 21208219 1 0 1706823063
WALL 21208219 1 0 1706823064
WALL 21208219 1 0 1706823065
WALL 21208219 1 0 1706823066
WALL 21208219 1 0 1706823067
WALL 21208219 1 0 1706823068
WALL 21208219 1 0 1706823069
WALL 21208219 1 0 1706823070
WALL 21208219 1 0 1706823071
WALL 21208219 1 0 1706823072
WALL 21208219 1 0 1706823073
WALL 21208219 1 0 1706823074
WALL 21208219 1 0 1706823075
WALL 21208219 1 0 1706823076
WALL 21208219 1 0 1706823077
WALL 21208219 1 0 1706823078
WALL 21208219 1 0 1706823079
WALL 21208219 1 0 1706823080
WALL 21208219 1 0 1706823081
WALL 21208219 1 0 1706823082
WALL 21208219 1 0 1706823083
WALL 21208219 1 0 1706823084
WALL 21208219 1 0 1706823085
WALL 21208219 1 0 1706823086
WALL 21208219 1 0 1706823087
WALL 21208219 1 0 1706823088
WALL 21208219 1 0 1706823089
WALL 21208219 1 0 1706823090
WALL 21208219 1 0 1706823091
WALL 21208219 1 0 1706823092
WALL 21208219 1 0 1706823093
WALL 21208219 1 0 1706823094
WALL 21208219 1 0 1706823095
WALL 21208219 1 0 1706823096
WALL 21208219 1 0 1706823097
WALL 21208219 1 0 1706823098
WALL 21208219 1 0 1706823099
WALL 21208219 1 0 1706823100
WALL 21208219 1 0 1706823101
WALL 21208219 1 0 1706823102
WALL 21208219 1 0 1706823103
WALL 21208219 1 0 1706823104
WALL 21208219 1 0 1706823105
WALL 21208219 1 0 1706823106
WALL 21208219 1 0 1706823107
WALL 21208219 1 0 1706823108
WALL 21208219 1 0 1706823109
WALL 21208219 1 0 1706823110
WALL 21208219 1 0 1706823111
WALL 21208219 1 0 1706823112
WALL 21208219 1 0 1706823113
WALL 21208219 1 0 1706823114
WALL 21208219 1 0 1706823115
WALL 21208219 1 0 1706823116
WALL 21208219 1 0 1706823117
WALL 21208219 1 0 1706823118
WALL 21208219 1 0 1706823119
WALL 21208219 1 0 1706823120
WALL 21208219 1 0 1706823121
WALL 21208219 1 0 1706823122
WALL 21208219 1 0 1706823123
WALL 21208219 1 0 1706823124
WALL 21208219 1 0 1706823125
WALL 21208219 1 0 1706823126
WALL 21208219 1 0 1706823127
WALL 21208219 1 0 1706823128
WALL 21208219 1 0 1706823129
WALL 21208219 1 0 1706823130
WALL 21208219 1 0 1706823131
WALL 21208219 1 0 1706823132
WALL 21208219 1 0 1706823133
WALL 21208219 1 0 1706823134
WALL 21208219 1 0 1706823135
WALL 21208219 1 0 1706823136
WALL 21208219 1 0 1706823137
WALL 21208219 1 0 1706823138
WALL 21208219 1 0 1706823139
WALL 21208219 1 0 1706823140
WALL 21208219 1 0 1706823141
WALL 21208219 1 0 1706823142
WALL 21208219 1 0 1706823143
WALL 21208219 1 0 1706823144
WALL 21208219 1 0 1706823145
WALL 21208219 1 0 1706823146
WALL 21208219 1 0 1706823147
WALL 21208219 1 0 1706823148
WALL 21208219 1 0 1706823149
WALL 21208219 1 0 1706823150
WALL 21208219 1 0 1706823151
WALL 21208219 1 0 1706823152
WALL 21208219 1 0 1706823153
WALL 21208219 1 0 1706823154
WALL 21208219 1 0 1706823155
WALL 21208219 1 0 1706823156
WALL 21208219 1 0 1706823157
WALL 21208219 1 0 1706823158
WALL 21208219 1 0 1706823159
WALL 21208219 1 0 1706823160
WALL 21208219 1 0 1706823161
WALL 21208219 1 0 1706823162
WALL 21208219 1 0 1706823163
WALL 21208219 1 0 1706823164
WALL 21208219 1 0 1706823165
WALL 21208219 1 0 1706823166
WALL 21208219 1 0 1706823167
WALL 21208219 1 0 1706823168
WALL 21208219 1 0 1706823169
WALL 21208219 1 0 1706823170
WALL 21208219 1 0 1706823171
WALL 21208219 1 0 1706823172
WALL 21208219 1 0 1706823173
WALL 21208219 1 0 1706823174
WALL 21208219 1 0 1706823175
WALL 21208219 1 0 1706823176
WALL 21208219 1 0 1706823177
WALL 21208219 1 0 1706823178
WALL 21208219 1 0 1706823179
WALL 21208219 1 0 1706823180
WALL 21208219 1 0 1706823181
WALL 21208219 1 0 1706823182
WALL 21208219 1 0 1706823183
WALL 21208219 1 0 1706823184
WALL 21208219 1 0 1706823185
WALL 21208219 1 0 1706823186
WALL 21208219 1 0 1706823187
WALL 21208219 1 0 1706823188
WALL 21208219 1 0 1706823189
WALL 21208219 1 0 1706823190
WALL 21208219 1 0 1706823191
WALL 21208219 1 0 1706823192
WALL 21208219 1 0 1706823193
WALL 21208219 1 0 1706823194
WALL 21208219 1 0 1706823195
WALL 21208219 1 0 1706823196
WALL 21208219 1 0 1706823197
WALL 21208219 1 0 1706823198
WALL 21208219 1 0 1706823199
WALL 21208219 1 0 1706823200
WALL 21208219 1 0 1706823201
WALL 21208219 1 0 1706823202
WALL 21208219 1 0 1706823203
WALL 21208219 1 0 1706823204
WALL 21208219 1 0 1706823205
WALL 21208219 1 0 1706823206
WALL 21208219 1 0 1706823207
WALL 21208219 1 0 1706823208
WALL 21208219 1 0 1706823209
WALL 21208219 1 0 1706823210
WALL 21208219 1 0 1706823211
WALL 21208219 1 0 1706823212
WALL 21208219 1 0 1706823213
WALL 21208219 1 0 1706823214
WALL 21208219 1 0 1706823215
WALL 21208219 1 0 1706823216
WALL 21208219 1 0 1706823217
WALL 21208219 1 0 1706823218
WALL 21208219 1 0 1706823219
WALL 21208219 1 0 1706823220
WALL 21208219 1 0 1706823221
WALL 21208219 1 0 1706823222
WALL 21208219 1 0 1706823223
WALL 21208219 1 0 1706823224
WALL 21208219 1 0 1706823225
WALL 21208219 1 0 1706823226
WALL 21208219 1 0 1706823227
WALL 21208219 1 0 1706823228
WALL 21208219 1 0 1706823229
WALL 21208219 1 0 1706823230
WALL 21208219 1 0 1706823231
WALL 21208219 1 0 1706823232
WALL 21208219 1 0 1706823233
WALL 21208219 1 0 1706823234
WALL 21208219 1 0 1706823235
WALL 21208219 1 0 1706823236
WALL 21208219 1 0 1706823237
WALL 21208219 1 0 1706823238
WALL 21208219 1 0 1706823239
WALL 21208219 1 0 1706823240
WALL 21208219 1 0 1706823241
WALL 21208219 1 0 1706823242
WALL 21208219 1 0 1706823243
WALL 21208219 1 0 1706823244
WALL 21208219 1 0 1706823245
WALL 21208219 1 0 1706823246
WALL 21208219 1 0 1706823247
WALL 21208219 1 0 1706823248
WALL 21208219 1 0 1706823249
WALL 21208219 1 0 1706823250
WALL 21208219 1 0 1706823251
WALL 21208219 1 0 1706823252
WALL 21208219 1 0 1706823253
WALL 21208219 1 0 1706823254
WALL 21208219 1 0 1706823255
WALL 21208219 1 0 1706823256
WALL 21208219 1 0 1706823257
WALL 21208219 1 0 1706823258
WALL 21208219 1 0 1706823259
WALL 21208219 1 0 1706823260
WALL 21208219 1 0 1706823261
WALL 21208219 1 0 1706823262
WALL 21208219 1 0 1706823263
WALL 21208219 1 0 1706823264
WALL 21208219 1 0 1706823265
WALL 21208219 1 0 1706823266
WALL 21208219 1 0 1706823267
WALL 21208219 1 0 1706823268
WALL 21208219 1 0 1706823269
WALL 21208219 1 0 1706823270
WALL 21208219 1 0 1706823271
WALL 21208219 1 0 1706823272
WALL 21208219 1 0 1706823273
WALL 21208219 1 0 1706823274
WALL 21208219 1 0 1706823275
WALL 21208219 1 0 1706823276
WALL 21208219 1 0 1706823277
WALL 21208219 1 0 1706823278
WALL 21208219 1 0 1706823279
WALL 21208219 1 0 1706823280
WALL 21208219 1 0 1706823281
WALL 21208219 1 0 1706823282
WALL 21208219 1 0 1706823283
WALL 21208219 1 0 1706823284
WALL 21208219 1 0 1706823285
WALL 21208219 1 0 1706823286
WALL 21208219 1 0 1706823287
WALL 21208219 1 0 1706823288
WALL 21208219 1 0 1706823289
WALL 21208219 1 0 1706823290
WALL 21208219 1 0 1706823291
WALL 21208219 1 0 1706823292
WALL 21208219 1 0 1706823293
WALL 21208219 1 0 1706823294
WALL 21208219 1 0 1706823295
WALL 21208219 1 0 1706823296
WALL 21208219 1 0 1706823297
WALL 21208219 1 0 1706823298
WALL 21208219 1 0 1706823299
WALL 21208219 1 0 1706823300
WALL 21208219 1 0 1706823301
WALL 21208219 1 0 1706823302
WALL 21208219 1 0 1706823303
WALL 21208219 1 0 1706823304
WALL 21208219 1 0 1706823305
WALL 21208219 1 0 1706823306
WALL 21208219 1 0 1706823307
WALL 21208219 1 0 1706823308
WALL 21208219 1 0 1706823309
WALL 21208219 1 0 1706823310
WALL 21208219 1 0 1706823311
WALL 21208219 1 0 1706823312
WALL 21208219 1 0 1706823313
WALL 21208219 1 0 1706823314
WALL 21208219 1 0 1706823315
WALL 21208219 1 0 1706823316
WALL 21208219 1 0 1706823317
WALL 21208219 1 0 1706823318
WALL 21208219 1 0 1706823319
WALL 21208219 1 0 1706823320
WALL 21208219 1 0 1706823321
WALL 21208219 1 0 1706823322
WALL 21208219 1 0 1706823323
WALL 21208219 1 0 1706823324
WALL 21208219 1 0 1706823325
WALL 21208219 1 0 1706823326
WALL 21208219 1 0 1706823327
WALL 21208219 1 0 1706823328
WALL 21208219 1 0 1706823329
WALL 21208219 1 0 1706823330
WALL 21208219 1 0 1706823331
WALL 21208219 1 0 1706823332
WALL 21208219 1 0 1706823333
WALL 21208219 1 0 1706823334
WALL 21208219 1 0 1706823335
WALL 21208219 1 0 1706823336
WALL 21208219 1 0 1706823337
WALL 21208219 1 0 1706823338
WALL 21208219 1 0 1706823339
WALL 21208219 1 0 1706823340
WALL 21208219 1 0 1706823341
WALL 21208219 1 0 1706823342
WALL 21208219 1 0 1706823343
WALL 21208219 1 0 1706823344
WALL 21208219 1 0 1706823345
WALL 21208219 1 0 1706823346
WALL 21208219 1 0 1706823347
WALL 21208219 1 0 1706823348
WALL 21208219 1 0 1706823349
WALL 21208219 1 0 1706823350
WALL 21208219 1 0 1706823351
WALL 21208219 1 0 1706823352
WALL 21208219 1 0 1706823353
WALL 21208219 1 0 1706823354
WALL 21208219 1 0 1706823355
WALL 21208219 1 0 1706823356
WALL 21208219 1 0 1706823357
WALL 21208219 1 0 1706823358
WALL 21208219 1 0 1706823359
WALL 21208219 1 0 1706823360
WALL 21208219 1 0 1706823361
WALL 21208219 1 0 1706823362
WALL 21208219 1 0 1706823363
WALL 21208219 1 0 1706823364
WALL 21208219 1 0 1706823365
WALL 21208219 1 0 1706823366
WALL 21208219 1 0 1706823367
WALL 21208219 1 0 1706823368
WALL 21208219 1 0 1706823369
WALL 21208219 1 0 1706823370
WALL 21208219 1 0 1706823371
WALL 21208219 1 0 1706823372
WALL 21208219 1 0 1706823373
WALL 21208219 1 0 1706823374
WALL 21208219 1 0 1706823375
WALL 21208219 1 0 1706823376
WALL 21208219 1 0 1706823377
WALL 21208219 1 0 1706823378
WALL 21208219 1 0 1706823379
WALL 21208219 1 0 1706823380
WALL 21208219 1 0 1706823381
WALL 21208219 1 0 1706823382
WALL 21208219 1 0 1706823383
WALL 21208219 1 0 1706823384
WALL 21208219 1 0 1706823385
WALL 21208219 1 0 1706823386
WALL 21208219 1 0 1706823387
WALL 21208219 1 0 1706823388
WALL 21208219 1 0 1706823389
WALL 21208219 1 0 1706823390
WALL 21208219 1 0 1706823391
WALL 21208219 1 0 1706823392
WALL 21208219 1 0 1706823393
WALL 21208219 1 0 1706823394
WALL 21208219 1 0 1706823395
WALL 21208219 1 0 1706823396
WALL 21208219 1 0 1706823397
WALL 21208219 1 0 1706823398
WALL 21208219 1 0 1706823399
WALL 21208219 1 0 1706823400
WALL 21208219 1 0 1706823401
WALL 21208219 1 0 1706823402
WALL 21208219 1 0 1706823403
WALL 21208219 1 0 1706823404
WALL 21208219 1 0 1706823405
WALL 21208219 1 0 1706823406
WALL 21208219 1 0 1706823407
WALL 21208219 1 0 1706823408
WALL 21208219 1 0 1706823409
WALL 21208219 1 0 1706823410
WALL 21208219 1 0 1706823411
WALL 21208219 1 0 1706823412
WALL 21208219 1 0 1706823413
WALL 21208219 1 0 1706823414
WALL 21208219 1 0 1706823415
WALL 21208219 1 0 1706823416
WALL 21208219 1 0 1706823417
WALL 21208219 1 0 1706823418
WALL 21208219 1 0 1706823419
WALL 21208219 1 0 1706823420
WALL 21208219 1 0 1706823421
WALL 21208219 1 0 1706823422
WALL 21208219 1 0 1706823423
WALL 21208219 1 0 1706823424
WALL 21208219 1 0 1706823425
WALL 21208219 1 0 1706823426
WALL 21208219 1 0 1706823427
WALL 21208219 1 0 1706823428
WALL 21208219 1 0 1706823429
WALL 21208219 1 0 1706823430
WALL 21208219 1 0 1706823431
WALL 21208219 1 0 1706823432
WALL 21208219 1 0 1706823433
WALL 21208219 1 0 1706823434
WALL 21208219 1 0 1706823435
WALL 21208219 1 0 1706823436
WALL 21208219 1 0 1706823437
WALL 21208219 1 0 1706823438
WALL 21208219 1 0 1706823439
WALL 21208219 1 0 1706823440
WALL 21208219 1 0 1706823441
WALL 21208219 1 0 1706823442
WALL 21208219 1 0 1706823443
WALL 21208219 1 0 1706823444
WALL 21208219 1 0 1706823445
WALL 21208219 1 0 1706823446
WALL 21208219 1 0 1706823447
WALL 21208219 1 0 1706823448
WALL 21208219 1 0 1706823449
WALL 21208219 1 0 1706823450
WALL 21208219 1 0 1706823451
WALL 21208219 1 0 1706823452
WALL 21208219 1 0 1706823453
WALL 21208219 1 0 1706823454
WALL 21208219 1 0 1706823455
WALL 21208219 1 0 1706823456
WALL 21208219 1 0 1706823457
WALL 21208219 1 0 1706823458
WALL 21208219 1 0 1706823459
WALL 21208219 1 0 1706823460
WALL 21208219 1 0 1706823461
WALL 21208219 1 0 1706823462
WALL 21208219 1 0 1706823463
WALL 21208219 1 0 1706823464
WALL 21208219 1 0 1706823465
WALL 21208219 1 0 1706823466
WALL 21208219 1 0 1706823467
WALL 21208219 1 0 1706823468
WALL 21208219 1 0 1706823469
WALL 21208219 1 0 1706823470
WALL 21208219 1 0 1706823471
WALL 21208219 1 0 1706823472
WALL 21208219 1 0 1706823473
WALL 21208219 1 0 1706823474
WALL 21208219 1 0 1706823475
WALL 21208219 1 0 1706823476
WALL 21208219 1 0 1706823477
WALL 21208219 1 0 1706823478
WALL 21208219 1 0 1706823479
WALL 21208219 1 0 1706823480
WALL 21208219 1 0 1706823481
WALL 21208219 1 0 1706823482
WALL 21208219 1 0 1706823483
WALL 21208219 1 0 1706823484
WALL 21208219 1 0 1706823485
WALL 21208219 1 0 1706823486
WALL 21208219 1 0 1706823487
WALL 21208219 1 0 1706823488
WALL 21208219 1 0 1706823489
WALL 21208219 1 0 1706823490
WALL 21208219 1 0 1706823491
WALL 21208219 1 0 1706823492
WALL 21208219 1 0 1706823493
WALL 21208219 1 0 1706823494
WALL 21208219 1 0 1706823495
WALL 21208219 1 0 1706823496
WALL 21208219 1 0 1706823497
WALL 21208219 1 0 1706823498
WALL 21208219 1 0 1706823499
WALL 21208219 1 0 1706823500
WALL 21208219 1 0 1706823501
WALL 21208219 1 0 1706823502
WALL 21208219 1 0 1706823503
WALL 21208219 1 0 1706823504
WALL 21208219 1 0 1706823505
WALL 21208219 1 0 1706823506
WALL 21208219 1 0 1706823507
WALL 21208219 1 0 1706823508
WALL 21208219 1 0 1706823509
WALL 21208219 1 0 1706823510
WALL 21208219 1 0 1706823511
WALL 21208219 1 0 1706823512
WALL 21208219 1 0 1706823513
WALL 21208219 1 0 1706823514
WALL 21208219 1 0 1706823515
WALL 21208219 1 0 1706823516
WALL 21208219 1 0 1706823517
WALL 21208219 1 0 1706823518
WALL 21208219 1 0 1706823519
WALL 21208219 1 0 1706823520
WALL 21208219 1 0 1706823521
WALL 21208219 1 0 1706823522
WALL 21208219 1 0 1706823523
WALL 21208219 1 0 1706823524
WALL 21208219 1 0 1706823525
WALL 21208219 1 0 1706823526
WALL 21208219 1 0 1706823527
WALL 21208219 1 0 1706823528
WALL 21208219 1 0 1706823529
WALL 21208219 1 0 1706823530
WALL 21208219 1 0 1706823531
WALL 21208219 1 0 1706823532
WALL 21208219 1 0 1706823533
WALL 21208219 1 0 1706823534
WALL 21208219 1 0 1706823535
WALL 21208219 1 0 1706823536
WALL 21208219 1 0 1706823537
WALL 21208219 1 0 1706823538
WALL 21208219 1 0 1706823539
WALL 21208219 1 0 1706823540
WALL 21208219 1 0 1706823541
WALL 21208219 1 0 1706823542
WALL 21208219 1 0 1706823543
WALL 21208219 1 0 1706823544
WALL 21208219 1 0 1706823545
WALL 21208219 1 0 1706823546
WALL 21208219 1 0 1706823547
WALL 21208219 1 0 1706823548
WALL 21208219 1 0 1706823549
WALL 21208219 1 0 1706823550
WALL 21208219 1 0 1706823551
WALL 21208219 1 0 1706823552
WALL 21208219 1 0 1706823553
WALL 21208219 1 0 1706823554
WALL 21208219 1 0 1706823555
WALL 21208219 1 0 1706823556
WALL 21208219 1 0 1706823557
WALL 21208219 1 0 1706823558
WALL 21208219 1 0 1706823559
WALL 21208219 1 0 1706823560
WALL 21208219 1 0 1706823561
WALL 21208219 1 0 1706823562
WALL 21208219 1 0 1706823563
WALL 21208219 1 0 1706823564
WALL 21208219 1 0 1706823565
WALL 21208219 1 0 1706823566
WALL 21208219 1 0 1706823567
WALL 21208219 1 0 1706823568
WALL 21208219 1 0 1706823569
WALL 21208219 1 0 1706823570
WALL 21208219 1 0 1706823571
WALL 21208219 1 0 1706823572
WALL 21208219 1 0 1706823573
WALL 21208219 1 0 1706823574
WALL 21208219 1 0 1706823575
WALL 21208219 1 0 1706823576
WALL 21208219 1 0 1706823577
WALL 21208219 1 0 1706823578
WALL 21208219 1 0 1706823579
WALL 21208219 1 0 1706823580
WALL 21208219 1 0 1706823581
WALL 21208219 1 0 1706823582
WALL 21208219 1 0 1706823583
WALL 21208219 1 0 1706823584
WALL 21208219 1 0 1706823585
WALL 21208219 1 0 1706823586
WALL 21208219 1 0 1706823587
WALL 21208219 1 0 1706823588
WALL 21208219 1 0 1706823589
WALL 21208219 1 0 1706823590
WALL 21208219 1 0 1706823591
WALL 21208219 1 0 1706823592
WALL 21208219 1 0 1706823593
WALL 21208219 1 0 1706823594
WALL 21208219 1 0 1706823595
WALL 21208219 1 0 1706823596
WALL 21208219 1 0 1706823597
WALL 21208219 1 0 1706823598
WALL 21208219 1 0 1706823599
WALL 21208219 1 0 1706823600
WALL 21208219 1 0 1706823601
WALL 21208219 1 0 1706823602
WALL 21208219 1 0 1706823603
WALL 21208219 1 0 1706823604
WALL 21208219 1 0 1706823605
WALL 21208219 1 0 1706823606
WALL 21208219 1 0 1706823607
WALL 21208219 1 0 1706823608
WALL 21208219 1 0 1706823609
WALL 21208219 1 0 1706823610
WALL 21208219 1 0 1706823611
WALL 21208219 1 0 1706823612
WALL 21208219 1 0 1706823613
WALL 21208219 1 0 1706823614
WALL 21208219 1 0 1706823615
WALL 21208219 1 0 1706823616
WALL 21208219 1 0 1706823617
WALL 21208219 1 0 1706823618
WALL 21208219 1 0 1706823619
WALL 21208219 1 0 1706823620
WALL 21208219 1 0 1706823621
WALL 21208219 1 0 1706823622
WALL 21208219 1 0 1706823623
WALL 21208219 1 0 1706823624
WALL 21208219 1 0 1706823625
WALL 21208219 1 0 1706823626
WALL 21208219 1 0 1706823627
WALL 21208219 1 0 1706823628
WALL 21208219 1 0 1706823629
WALL 21208219 1 0 1706823630
WALL 21208219 1 0 1706823631
WALL 21208219 1 0 1706823632
WALL 21208219 1 0 1706823633
WALL 21208219 1 0 1706823634
WALL 21208219 1 0 1706823635
WALL 21208219 1 0 1706823636
WALL 21208219 1 0 1706823637
WALL 21208219 1 0 1706823638
WALL 21208219 1 0 1706823639
WALL 21208219 1 0 1706823640
WALL 21208219 1 0 1706823641
WALL 21208219 1 0 1706823642
WALL 21208219 1 0 1706823643
WALL 21208219 1 0 1706823644
WALL 21208219 1 0 1706823645
WALL 21208219 1 0 1706823646
WALL 21208219 1 0 1706823647
WALL 21208219 1 0 1706823648
WALL 21208219 1 0 1706823649
WALL 21208219 1 0 1706823650
WALL 21208219 1 0 1706823651
WALL 21208219 1 0 1706823652
WALL 21208219 1 0 1706823653
WALL 21208219 1 0 1706823654
WALL 21208219 1 0 1706823655
WALL 21208219 1 0 1706823656
WALL 21208219 1 0 1706823657
WALL 21208219 1 0 1706823658
WALL 21208219 1 0 1706823659
WALL 21208219 1 0 1706823660
WALL 21208219 1 0 1706823661
WALL 21208219 1 0 1706823662
WALL 21208219 1 0 1706823663
WALL 21208219 1 0 1706823664
WALL 21208219 1 0 1706823665
WALL 21208219 1 0 1706823666
WALL 21208219 1 0 1706823667
WALL 21208219 1 0 1706823668
WALL 21208219 1 0 1706823669
WALL 21208219 1 0 1706823670
WALL 21208219 1 0 1706823671
WALL 21208219 1 0 1706823672
WALL 21208219 1 0 1706823673
WALL 21208219 1 0 1706823674
WALL 21208219 1 0 1706823675
WALL 21208219 1 0 1706823676
WALL 21208219 1 0 1706823677
WALL 21208219 1 0 1706823678
WALL 21208219 1 0 1706823679
WALL 21208219 1 0 1706823680
WALL 21208219 1 0 1706823681
WALL 21208219 1 0 1706823682
WALL 21208219 1 0 1706823683
WALL 21208219 1 0 1706823684
WALL 21208219 1 0 1706823685
WALL 21208219 1 0 1706823686
WALL 21208219 1 0 1706823687
WALL 21208219 1 0 1706823688
WALL 21208219 1 0 1706823689
WALL 21208219 1 0 1706823690
srun: Job step aborted: Waiting up to 32 seconds for job step to finish.
received SIGCONT 1706823690
WALL 21208219 1 0 1706823690
slurmstepd: error: *** STEP 21208219.0 ON nid200004 CANCELLED AT 2024-02-01T21:41:30 ***
received SIGTERM 1706823690
slurmstepd: error: *** JOB 21208219 ON nid200004 CANCELLED AT 2024-02-01T21:41:30 ***
WALL 21208219 1 0 1706823690
