WALL 21151267 1 0 1706739761
WALL 21151267 1 0 1706739762
WALL 21151267 1 0 1706739763
WALL 21151267 1 0 1706739764
WALL 21151267 1 0 1706739765
WALL 21151267 1 0 1706739766
WALL 21151267 1 0 1706739767
WALL 21151267 1 0 1706739768
WALL 21151267 1 0 1706739769
WALL 21151267 1 0 1706739770
WALL 21151267 1 0 1706739771
WALL 21151267 1 0 1706739772
WALL 21151267 1 0 1706739773
WALL 21151267 1 0 1706739774
WALL 21151267 1 0 1706739775
WALL 21151267 1 0 1706739776
WALL 21151267 1 0 1706739777
WALL 21151267 1 0 1706739778
WALL 21151267 1 0 1706739779
WALL 21151267 1 0 1706739780
WALL 21151267 1 0 1706739781
WALL 21151267 1 0 1706739782
WALL 21151267 1 0 1706739783
WALL 21151267 1 0 1706739784
WALL 21151267 1 0 1706739785
WALL 21151267 1 0 1706739786
WALL 21151267 1 0 1706739787
WALL 21151267 1 0 1706739788
WALL 21151267 1 0 1706739789
WALL 21151267 1 0 1706739790
WALL 21151267 1 0 1706739791
WALL 21151267 1 0 1706739792
WALL 21151267 1 0 1706739793
WALL 21151267 1 0 1706739794
WALL 21151267 1 0 1706739795
WALL 21151267 1 0 1706739796
WALL 21151267 1 0 1706739797
WALL 21151267 1 0 1706739798
WALL 21151267 1 0 1706739799
WALL 21151267 1 0 1706739800
WALL 21151267 1 0 1706739801
WALL 21151267 1 0 1706739802
WALL 21151267 1 0 1706739803
WALL 21151267 1 0 1706739804
WALL 21151267 1 0 1706739805
WALL 21151267 1 0 1706739806
WALL 21151267 1 0 1706739807
WALL 21151267 1 0 1706739808
WALL 21151267 1 0 1706739809
WALL 21151267 1 0 1706739810
WALL 21151267 1 0 1706739811
WALL 21151267 1 0 1706739812
WALL 21151267 1 0 1706739813
WALL 21151267 1 0 1706739814
WALL 21151267 1 0 1706739815
WALL 21151267 1 0 1706739816
WALL 21151267 1 0 1706739817
WALL 21151267 1 0 1706739818
WALL 21151267 1 0 1706739819
WALL 21151267 1 0 1706739820
WALL 21151267 1 0 1706739821
WALL 21151267 1 0 1706739822
WALL 21151267 1 0 1706739823
WALL 21151267 1 0 1706739824
WALL 21151267 1 0 1706739825
WALL 21151267 1 0 1706739826
WALL 21151267 1 0 1706739827
WALL 21151267 1 0 1706739828
WALL 21151267 1 0 1706739829
WALL 21151267 1 0 1706739830
WALL 21151267 1 0 1706739831
WALL 21151267 1 0 1706739832
WALL 21151267 1 0 1706739833
WALL 21151267 1 0 1706739834
WALL 21151267 1 0 1706739835
WALL 21151267 1 0 1706739836
WALL 21151267 1 0 1706739837
WALL 21151267 1 0 1706739838
WALL 21151267 1 0 1706739839
WALL 21151267 1 0 1706739840
WALL 21151267 1 0 1706739841
WALL 21151267 1 0 1706739842
WALL 21151267 1 0 1706739843
WALL 21151267 1 0 1706739844
WALL 21151267 1 0 1706739845
WALL 21151267 1 0 1706739846
WALL 21151267 1 0 1706739847
WALL 21151267 1 0 1706739848
WALL 21151267 1 0 1706739849
WALL 21151267 1 0 1706739850
WALL 21151267 1 0 1706739851
WALL 21151267 1 0 1706739852
WALL 21151267 1 0 1706739853
WALL 21151267 1 0 1706739854
WALL 21151267 1 0 1706739855
WALL 21151267 1 0 1706739856
WALL 21151267 1 0 1706739857
WALL 21151267 1 0 1706739858
WALL 21151267 1 0 1706739859
WALL 21151267 1 0 1706739860
WALL 21151267 1 0 1706739861
WALL 21151267 1 0 1706739862
WALL 21151267 1 0 1706739863
WALL 21151267 1 0 1706739864
WALL 21151267 1 0 1706739865
WALL 21151267 1 0 1706739866
WALL 21151267 1 0 1706739867
WALL 21151267 1 0 1706739868
WALL 21151267 1 0 1706739869
WALL 21151267 1 0 1706739870
WALL 21151267 1 0 1706739871
WALL 21151267 1 0 1706739872
WALL 21151267 1 0 1706739873
WALL 21151267 1 0 1706739874
WALL 21151267 1 0 1706739875
WALL 21151267 1 0 1706739876
WALL 21151267 1 0 1706739877
WALL 21151267 1 0 1706739878
WALL 21151267 1 0 1706739879
WALL 21151267 1 0 1706739880
WALL 21151267 1 0 1706739881
WALL 21151267 1 0 1706739882
WALL 21151267 1 0 1706739883
WALL 21151267 1 0 1706739884
WALL 21151267 1 0 1706739885
WALL 21151267 1 0 1706739886
WALL 21151267 1 0 1706739887
WALL 21151267 1 0 1706739888
WALL 21151267 1 0 1706739889
WALL 21151267 1 0 1706739890
WALL 21151267 1 0 1706739891
WALL 21151267 1 0 1706739892
WALL 21151267 1 0 1706739893
WALL 21151267 1 0 1706739894
WALL 21151267 1 0 1706739895
WALL 21151267 1 0 1706739896
WALL 21151267 1 0 1706739897
WALL 21151267 1 0 1706739898
WALL 21151267 1 0 1706739899
WALL 21151267 1 0 1706739900
WALL 21151267 1 0 1706739901
WALL 21151267 1 0 1706739902
WALL 21151267 1 0 1706739903
WALL 21151267 1 0 1706739904
WALL 21151267 1 0 1706739905
WALL 21151267 1 0 1706739906
WALL 21151267 1 0 1706739907
WALL 21151267 1 0 1706739908
WALL 21151267 1 0 1706739909
WALL 21151267 1 0 1706739910
WALL 21151267 1 0 1706739911
WALL 21151267 1 0 1706739912
WALL 21151267 1 0 1706739913
WALL 21151267 1 0 1706739914
WALL 21151267 1 0 1706739915
WALL 21151267 1 0 1706739916
WALL 21151267 1 0 1706739917
WALL 21151267 1 0 1706739918
WALL 21151267 1 0 1706739919
WALL 21151267 1 0 1706739920
WALL 21151267 1 0 1706739921
WALL 21151267 1 0 1706739922
WALL 21151267 1 0 1706739923
WALL 21151267 1 0 1706739924
WALL 21151267 1 0 1706739925
WALL 21151267 1 0 1706739926
WALL 21151267 1 0 1706739927
WALL 21151267 1 0 1706739928
WALL 21151267 1 0 1706739929
WALL 21151267 1 0 1706739930
WALL 21151267 1 0 1706739931
WALL 21151267 1 0 1706739932
WALL 21151267 1 0 1706739933
WALL 21151267 1 0 1706739934
WALL 21151267 1 0 1706739935
WALL 21151267 1 0 1706739936
WALL 21151267 1 0 1706739937
WALL 21151267 1 0 1706739938
WALL 21151267 1 0 1706739939
WALL 21151267 1 0 1706739940
WALL 21151267 1 0 1706739941
WALL 21151267 1 0 1706739942
WALL 21151267 1 0 1706739943
WALL 21151267 1 0 1706739944
WALL 21151267 1 0 1706739945
WALL 21151267 1 0 1706739946
WALL 21151267 1 0 1706739947
WALL 21151267 1 0 1706739948
WALL 21151267 1 0 1706739949
WALL 21151267 1 0 1706739950
WALL 21151267 1 0 1706739951
WALL 21151267 1 0 1706739952
WALL 21151267 1 0 1706739953
WALL 21151267 1 0 1706739954
WALL 21151267 1 0 1706739955
WALL 21151267 1 0 1706739956
WALL 21151267 1 0 1706739957
slurmstepd: error: *** STEP 21151267.0 ON nid200027 CANCELLED AT 2024-01-31T22:25:58 ***
received SIGTERM 1706739958
WALL 21151267 1 0 1706739958
received SIGCONT 1706739958
WALL 21151267 1 0 1706739958
WALL 21151267 1 0 1706739959
WALL 21151267 1 0 1706739960
WALL 21151267 1 0 1706739961
WALL 21151267 1 0 1706739962
WALL 21151267 1 0 1706739963
WALL 21151267 1 0 1706739964
WALL 21151267 1 0 1706739965
WALL 21151267 1 0 1706739966
WALL 21151267 1 0 1706739967
WALL 21151267 1 0 1706739968
WALL 21151267 1 0 1706739969
WALL 21151267 1 0 1706739970
WALL 21151267 1 0 1706739971
WALL 21151267 1 0 1706739972
WALL 21151267 1 0 1706739973
WALL 21151267 1 0 1706739974
WALL 21151267 1 0 1706739975
WALL 21151267 1 0 1706739976
WALL 21151267 1 0 1706739977
WALL 21151267 1 0 1706739978
WALL 21151267 1 0 1706739979
WALL 21151267 1 0 1706739980
WALL 21151267 1 0 1706739981
WALL 21151267 1 0 1706739982
WALL 21151267 1 0 1706739983
WALL 21151267 1 0 1706739984
WALL 21151267 1 0 1706739985
WALL 21151267 1 0 1706739986
WALL 21151267 1 0 1706739987
WALL 21151267 1 0 1706739988
WALL 21151267 1 0 1706739989
WALL 21151267 1 0 1706739990
WALL 21151267 1 0 1706739991
WALL 21151267 1 0 1706739992
WALL 21151267 1 0 1706739993
WALL 21151267 1 0 1706739994
WALL 21151267 1 0 1706739995
WALL 21151267 1 0 1706739996
WALL 21151267 1 0 1706739997
WALL 21151267 1 0 1706739998
WALL 21151267 1 0 1706739999
WALL 21151267 1 0 1706740000
WALL 21151267 1 0 1706740001
WALL 21151267 1 0 1706740002
WALL 21151267 1 0 1706740003
WALL 21151267 1 0 1706740004
WALL 21151267 1 0 1706740005
WALL 21151267 1 0 1706740006
WALL 21151267 1 0 1706740007
WALL 21151267 1 0 1706740008
WALL 21151267 1 0 1706740009
WALL 21151267 1 0 1706740010
WALL 21151267 1 0 1706740011
WALL 21151267 1 0 1706740012
WALL 21151267 1 0 1706740013
WALL 21151267 1 0 1706740014
WALL 21151267 1 0 1706740015
WALL 21151267 1 0 1706740016
WALL 21151267 1 0 1706740017
WALL 21151267 1 0 1706740018
WALL 21151267 1 0 1706740019
WALL 21151267 1 0 1706740020
WALL 21151267 1 0 1706740021
WALL 21151267 1 0 1706740022
WALL 21151267 1 0 1706740023
WALL 21151267 1 0 1706740024
WALL 21151267 1 0 1706740025
WALL 21151267 1 0 1706740026
WALL 21151267 1 0 1706740027
WALL 21151267 1 0 1706740028
WALL 21151267 1 0 1706740029
WALL 21151267 1 0 1706740030
WALL 21151267 1 0 1706740031
WALL 21151267 1 0 1706740032
WALL 21151267 1 0 1706740033
WALL 21151267 1 0 1706740034
WALL 21151267 1 0 1706740035
slurmstepd: error: *** JOB 21151267 ON nid200027 CANCELLED AT 2024-01-31T22:27:16 DUE TO PREEMPTION ***
received SIGTERM 1706740036
WALL 21151267 1 0 1706740036
received SIGCONT 1706740036
