WALL 21088763 1 0 1706660926
WALL 21088763 1 0 1706660927
WALL 21088763 1 0 1706660928
WALL 21088763 1 0 1706660929
WALL 21088763 1 0 1706660930
WALL 21088763 1 0 1706660931
WALL 21088763 1 0 1706660932
WALL 21088763 1 0 1706660933
WALL 21088763 1 0 1706660934
WALL 21088763 1 0 1706660935
WALL 21088763 1 0 1706660936
WALL 21088763 1 0 1706660937
WALL 21088763 1 0 1706660938
WALL 21088763 1 0 1706660939
WALL 21088763 1 0 1706660940
WALL 21088763 1 0 1706660941
WALL 21088763 1 0 1706660942
WALL 21088763 1 0 1706660943
WALL 21088763 1 0 1706660944
WALL 21088763 1 0 1706660945
WALL 21088763 1 0 1706660946
WALL 21088763 1 0 1706660947
WALL 21088763 1 0 1706660948
WALL 21088763 1 0 1706660949
WALL 21088763 1 0 1706660950
WALL 21088763 1 0 1706660951
WALL 21088763 1 0 1706660952
WALL 21088763 1 0 1706660953
WALL 21088763 1 0 1706660954
WALL 21088763 1 0 1706660955
WALL 21088763 1 0 1706660956
WALL 21088763 1 0 1706660957
WALL 21088763 1 0 1706660958
WALL 21088763 1 0 1706660959
WALL 21088763 1 0 1706660960
WALL 21088763 1 0 1706660961
WALL 21088763 1 0 1706660962
WALL 21088763 1 0 1706660963
WALL 21088763 1 0 1706660964
WALL 21088763 1 0 1706660965
WALL 21088763 1 0 1706660966
WALL 21088763 1 0 1706660967
WALL 21088763 1 0 1706660968
WALL 21088763 1 0 1706660969
WALL 21088763 1 0 1706660970
WALL 21088763 1 0 1706660971
WALL 21088763 1 0 1706660972
WALL 21088763 1 0 1706660973
WALL 21088763 1 0 1706660974
WALL 21088763 1 0 1706660975
WALL 21088763 1 0 1706660976
WALL 21088763 1 0 1706660977
WALL 21088763 1 0 1706660978
WALL 21088763 1 0 1706660979
WALL 21088763 1 0 1706660980
WALL 21088763 1 0 1706660981
WALL 21088763 1 0 1706660982
WALL 21088763 1 0 1706660983
WALL 21088763 1 0 1706660984
WALL 21088763 1 0 1706660985
WALL 21088763 1 0 1706660986
WALL 21088763 1 0 1706660987
WALL 21088763 1 0 1706660988
WALL 21088763 1 0 1706660989
WALL 21088763 1 0 1706660990
WALL 21088763 1 0 1706660991
WALL 21088763 1 0 1706660992
WALL 21088763 1 0 1706660993
WALL 21088763 1 0 1706660994
WALL 21088763 1 0 1706660995
WALL 21088763 1 0 1706660996
WALL 21088763 1 0 1706660997
WALL 21088763 1 0 1706660998
WALL 21088763 1 0 1706660999
WALL 21088763 1 0 1706661000
WALL 21088763 1 0 1706661001
WALL 21088763 1 0 1706661002
WALL 21088763 1 0 1706661003
WALL 21088763 1 0 1706661004
WALL 21088763 1 0 1706661005
WALL 21088763 1 0 1706661006
WALL 21088763 1 0 1706661007
WALL 21088763 1 0 1706661008
WALL 21088763 1 0 1706661009
WALL 21088763 1 0 1706661010
WALL 21088763 1 0 1706661011
WALL 21088763 1 0 1706661012
WALL 21088763 1 0 1706661013
WALL 21088763 1 0 1706661014
WALL 21088763 1 0 1706661015
WALL 21088763 1 0 1706661016
WALL 21088763 1 0 1706661017
WALL 21088763 1 0 1706661018
WALL 21088763 1 0 1706661019
WALL 21088763 1 0 1706661020
WALL 21088763 1 0 1706661021
WALL 21088763 1 0 1706661022
WALL 21088763 1 0 1706661023
WALL 21088763 1 0 1706661024
WALL 21088763 1 0 1706661025
WALL 21088763 1 0 1706661026
WALL 21088763 1 0 1706661027
WALL 21088763 1 0 1706661028
WALL 21088763 1 0 1706661029
WALL 21088763 1 0 1706661030
WALL 21088763 1 0 1706661031
WALL 21088763 1 0 1706661032
WALL 21088763 1 0 1706661033
WALL 21088763 1 0 1706661034
WALL 21088763 1 0 1706661035
WALL 21088763 1 0 1706661036
WALL 21088763 1 0 1706661037
WALL 21088763 1 0 1706661038
WALL 21088763 1 0 1706661039
WALL 21088763 1 0 1706661040
WALL 21088763 1 0 1706661041
WALL 21088763 1 0 1706661042
WALL 21088763 1 0 1706661043
WALL 21088763 1 0 1706661044
WALL 21088763 1 0 1706661045
WALL 21088763 1 0 1706661046
WALL 21088763 1 0 1706661047
WALL 21088763 1 0 1706661048
WALL 21088763 1 0 1706661049
WALL 21088763 1 0 1706661050
WALL 21088763 1 0 1706661051
WALL 21088763 1 0 1706661052
WALL 21088763 1 0 1706661053
WALL 21088763 1 0 1706661054
WALL 21088763 1 0 1706661055
WALL 21088763 1 0 1706661056
WALL 21088763 1 0 1706661057
WALL 21088763 1 0 1706661058
WALL 21088763 1 0 1706661059
WALL 21088763 1 0 1706661060
WALL 21088763 1 0 1706661061
WALL 21088763 1 0 1706661062
WALL 21088763 1 0 1706661063
WALL 21088763 1 0 1706661064
WALL 21088763 1 0 1706661065
WALL 21088763 1 0 1706661066
WALL 21088763 1 0 1706661067
WALL 21088763 1 0 1706661068
WALL 21088763 1 0 1706661069
WALL 21088763 1 0 1706661070
WALL 21088763 1 0 1706661071
WALL 21088763 1 0 1706661072
WALL 21088763 1 0 1706661073
WALL 21088763 1 0 1706661074
WALL 21088763 1 0 1706661075
WALL 21088763 1 0 1706661076
WALL 21088763 1 0 1706661077
WALL 21088763 1 0 1706661078
WALL 21088763 1 0 1706661079
WALL 21088763 1 0 1706661080
WALL 21088763 1 0 1706661081
WALL 21088763 1 0 1706661082
WALL 21088763 1 0 1706661083
WALL 21088763 1 0 1706661084
WALL 21088763 1 0 1706661085
WALL 21088763 1 0 1706661086
WALL 21088763 1 0 1706661087
WALL 21088763 1 0 1706661088
WALL 21088763 1 0 1706661089
WALL 21088763 1 0 1706661090
WALL 21088763 1 0 1706661091
WALL 21088763 1 0 1706661092
WALL 21088763 1 0 1706661093
WALL 21088763 1 0 1706661094
WALL 21088763 1 0 1706661095
WALL 21088763 1 0 1706661096
WALL 21088763 1 0 1706661097
WALL 21088763 1 0 1706661098
WALL 21088763 1 0 1706661099
WALL 21088763 1 0 1706661100
WALL 21088763 1 0 1706661101
WALL 21088763 1 0 1706661102
WALL 21088763 1 0 1706661103
WALL 21088763 1 0 1706661104
WALL 21088763 1 0 1706661105
WALL 21088763 1 0 1706661106
WALL 21088763 1 0 1706661107
WALL 21088763 1 0 1706661108
WALL 21088763 1 0 1706661109
WALL 21088763 1 0 1706661110
WALL 21088763 1 0 1706661111
WALL 21088763 1 0 1706661112
WALL 21088763 1 0 1706661113
WALL 21088763 1 0 1706661114
WALL 21088763 1 0 1706661115
WALL 21088763 1 0 1706661116
WALL 21088763 1 0 1706661117
WALL 21088763 1 0 1706661118
WALL 21088763 1 0 1706661119
WALL 21088763 1 0 1706661120
WALL 21088763 1 0 1706661121
WALL 21088763 1 0 1706661122
WALL 21088763 1 0 1706661123
WALL 21088763 1 0 1706661124
WALL 21088763 1 0 1706661125
WALL 21088763 1 0 1706661126
WALL 21088763 1 0 1706661127
WALL 21088763 1 0 1706661128
WALL 21088763 1 0 1706661129
WALL 21088763 1 0 1706661130
WALL 21088763 1 0 1706661131
WALL 21088763 1 0 1706661132
WALL 21088763 1 0 1706661133
WALL 21088763 1 0 1706661134
WALL 21088763 1 0 1706661135
WALL 21088763 1 0 1706661136
WALL 21088763 1 0 1706661137
WALL 21088763 1 0 1706661138
WALL 21088763 1 0 1706661139
WALL 21088763 1 0 1706661140
WALL 21088763 1 0 1706661141
WALL 21088763 1 0 1706661142
WALL 21088763 1 0 1706661143
WALL 21088763 1 0 1706661144
WALL 21088763 1 0 1706661145
WALL 21088763 1 0 1706661146
WALL 21088763 1 0 1706661147
WALL 21088763 1 0 1706661148
WALL 21088763 1 0 1706661149
WALL 21088763 1 0 1706661150
WALL 21088763 1 0 1706661151
WALL 21088763 1 0 1706661152
WALL 21088763 1 0 1706661153
WALL 21088763 1 0 1706661154
WALL 21088763 1 0 1706661155
WALL 21088763 1 0 1706661156
WALL 21088763 1 0 1706661157
WALL 21088763 1 0 1706661158
WALL 21088763 1 0 1706661159
WALL 21088763 1 0 1706661160
WALL 21088763 1 0 1706661161
WALL 21088763 1 0 1706661162
WALL 21088763 1 0 1706661163
WALL 21088763 1 0 1706661164
WALL 21088763 1 0 1706661165
WALL 21088763 1 0 1706661166
WALL 21088763 1 0 1706661167
WALL 21088763 1 0 1706661168
WALL 21088763 1 0 1706661169
WALL 21088763 1 0 1706661170
WALL 21088763 1 0 1706661171
WALL 21088763 1 0 1706661172
WALL 21088763 1 0 1706661173
WALL 21088763 1 0 1706661174
WALL 21088763 1 0 1706661175
WALL 21088763 1 0 1706661176
WALL 21088763 1 0 1706661177
WALL 21088763 1 0 1706661178
WALL 21088763 1 0 1706661179
WALL 21088763 1 0 1706661180
WALL 21088763 1 0 1706661181
WALL 21088763 1 0 1706661182
WALL 21088763 1 0 1706661183
WALL 21088763 1 0 1706661184
WALL 21088763 1 0 1706661185
WALL 21088763 1 0 1706661186
WALL 21088763 1 0 1706661187
WALL 21088763 1 0 1706661188
WALL 21088763 1 0 1706661189
WALL 21088763 1 0 1706661190
WALL 21088763 1 0 1706661191
WALL 21088763 1 0 1706661192
WALL 21088763 1 0 1706661193
WALL 21088763 1 0 1706661194
WALL 21088763 1 0 1706661195
WALL 21088763 1 0 1706661196
WALL 21088763 1 0 1706661197
WALL 21088763 1 0 1706661198
WALL 21088763 1 0 1706661199
WALL 21088763 1 0 1706661200
WALL 21088763 1 0 1706661201
WALL 21088763 1 0 1706661202
WALL 21088763 1 0 1706661203
WALL 21088763 1 0 1706661204
WALL 21088763 1 0 1706661205
WALL 21088763 1 0 1706661206
WALL 21088763 1 0 1706661207
WALL 21088763 1 0 1706661208
WALL 21088763 1 0 1706661209
WALL 21088763 1 0 1706661210
WALL 21088763 1 0 1706661211
WALL 21088763 1 0 1706661212
WALL 21088763 1 0 1706661213
WALL 21088763 1 0 1706661214
WALL 21088763 1 0 1706661215
WALL 21088763 1 0 1706661216
WALL 21088763 1 0 1706661217
WALL 21088763 1 0 1706661218
WALL 21088763 1 0 1706661219
WALL 21088763 1 0 1706661220
WALL 21088763 1 0 1706661221
WALL 21088763 1 0 1706661222
WALL 21088763 1 0 1706661223
WALL 21088763 1 0 1706661224
WALL 21088763 1 0 1706661225
WALL 21088763 1 0 1706661226
WALL 21088763 1 0 1706661227
WALL 21088763 1 0 1706661228
WALL 21088763 1 0 1706661229
WALL 21088763 1 0 1706661230
WALL 21088763 1 0 1706661231
WALL 21088763 1 0 1706661232
WALL 21088763 1 0 1706661233
WALL 21088763 1 0 1706661234
WALL 21088763 1 0 1706661235
WALL 21088763 1 0 1706661236
WALL 21088763 1 0 1706661237
WALL 21088763 1 0 1706661238
WALL 21088763 1 0 1706661239
WALL 21088763 1 0 1706661240
WALL 21088763 1 0 1706661241
WALL 21088763 1 0 1706661242
WALL 21088763 1 0 1706661243
WALL 21088763 1 0 1706661244
WALL 21088763 1 0 1706661245
WALL 21088763 1 0 1706661246
WALL 21088763 1 0 1706661247
WALL 21088763 1 0 1706661248
WALL 21088763 1 0 1706661249
WALL 21088763 1 0 1706661250
WALL 21088763 1 0 1706661251
WALL 21088763 1 0 1706661252
WALL 21088763 1 0 1706661253
WALL 21088763 1 0 1706661254
WALL 21088763 1 0 1706661255
WALL 21088763 1 0 1706661256
WALL 21088763 1 0 1706661257
WALL 21088763 1 0 1706661258
WALL 21088763 1 0 1706661259
WALL 21088763 1 0 1706661260
WALL 21088763 1 0 1706661261
WALL 21088763 1 0 1706661262
WALL 21088763 1 0 1706661263
WALL 21088763 1 0 1706661264
WALL 21088763 1 0 1706661265
WALL 21088763 1 0 1706661266
WALL 21088763 1 0 1706661267
WALL 21088763 1 0 1706661268
WALL 21088763 1 0 1706661269
WALL 21088763 1 0 1706661270
WALL 21088763 1 0 1706661271
WALL 21088763 1 0 1706661272
WALL 21088763 1 0 1706661273
WALL 21088763 1 0 1706661274
WALL 21088763 1 0 1706661275
WALL 21088763 1 0 1706661276
WALL 21088763 1 0 1706661277
WALL 21088763 1 0 1706661278
WALL 21088763 1 0 1706661279
WALL 21088763 1 0 1706661280
WALL 21088763 1 0 1706661281
WALL 21088763 1 0 1706661282
WALL 21088763 1 0 1706661283
WALL 21088763 1 0 1706661284
WALL 21088763 1 0 1706661285
WALL 21088763 1 0 1706661286
WALL 21088763 1 0 1706661287
WALL 21088763 1 0 1706661288
WALL 21088763 1 0 1706661289
WALL 21088763 1 0 1706661290
WALL 21088763 1 0 1706661291
WALL 21088763 1 0 1706661292
WALL 21088763 1 0 1706661293
WALL 21088763 1 0 1706661294
WALL 21088763 1 0 1706661295
WALL 21088763 1 0 1706661296
WALL 21088763 1 0 1706661297
WALL 21088763 1 0 1706661298
WALL 21088763 1 0 1706661299
WALL 21088763 1 0 1706661300
WALL 21088763 1 0 1706661301
WALL 21088763 1 0 1706661302
WALL 21088763 1 0 1706661303
WALL 21088763 1 0 1706661304
WALL 21088763 1 0 1706661305
WALL 21088763 1 0 1706661306
WALL 21088763 1 0 1706661307
WALL 21088763 1 0 1706661308
WALL 21088763 1 0 1706661309
WALL 21088763 1 0 1706661310
WALL 21088763 1 0 1706661311
WALL 21088763 1 0 1706661312
WALL 21088763 1 0 1706661313
WALL 21088763 1 0 1706661314
WALL 21088763 1 0 1706661315
WALL 21088763 1 0 1706661316
WALL 21088763 1 0 1706661317
WALL 21088763 1 0 1706661318
WALL 21088763 1 0 1706661319
WALL 21088763 1 0 1706661320
WALL 21088763 1 0 1706661321
WALL 21088763 1 0 1706661322
WALL 21088763 1 0 1706661323
WALL 21088763 1 0 1706661324
WALL 21088763 1 0 1706661325
WALL 21088763 1 0 1706661326
WALL 21088763 1 0 1706661327
WALL 21088763 1 0 1706661328
WALL 21088763 1 0 1706661329
WALL 21088763 1 0 1706661330
WALL 21088763 1 0 1706661331
WALL 21088763 1 0 1706661332
WALL 21088763 1 0 1706661333
WALL 21088763 1 0 1706661334
WALL 21088763 1 0 1706661335
WALL 21088763 1 0 1706661336
WALL 21088763 1 0 1706661337
WALL 21088763 1 0 1706661338
WALL 21088763 1 0 1706661339
WALL 21088763 1 0 1706661340
WALL 21088763 1 0 1706661341
WALL 21088763 1 0 1706661342
WALL 21088763 1 0 1706661343
WALL 21088763 1 0 1706661344
WALL 21088763 1 0 1706661345
WALL 21088763 1 0 1706661346
WALL 21088763 1 0 1706661347
WALL 21088763 1 0 1706661348
WALL 21088763 1 0 1706661349
WALL 21088763 1 0 1706661350
WALL 21088763 1 0 1706661351
WALL 21088763 1 0 1706661352
WALL 21088763 1 0 1706661353
WALL 21088763 1 0 1706661354
WALL 21088763 1 0 1706661355
WALL 21088763 1 0 1706661356
WALL 21088763 1 0 1706661357
WALL 21088763 1 0 1706661358
WALL 21088763 1 0 1706661359
WALL 21088763 1 0 1706661360
WALL 21088763 1 0 1706661361
WALL 21088763 1 0 1706661362
WALL 21088763 1 0 1706661363
WALL 21088763 1 0 1706661364
WALL 21088763 1 0 1706661365
WALL 21088763 1 0 1706661366
WALL 21088763 1 0 1706661367
WALL 21088763 1 0 1706661368
WALL 21088763 1 0 1706661369
WALL 21088763 1 0 1706661370
WALL 21088763 1 0 1706661371
WALL 21088763 1 0 1706661372
WALL 21088763 1 0 1706661373
WALL 21088763 1 0 1706661374
WALL 21088763 1 0 1706661375
WALL 21088763 1 0 1706661376
WALL 21088763 1 0 1706661377
WALL 21088763 1 0 1706661378
WALL 21088763 1 0 1706661379
WALL 21088763 1 0 1706661380
WALL 21088763 1 0 1706661381
WALL 21088763 1 0 1706661382
WALL 21088763 1 0 1706661383
WALL 21088763 1 0 1706661384
WALL 21088763 1 0 1706661385
WALL 21088763 1 0 1706661386
WALL 21088763 1 0 1706661387
WALL 21088763 1 0 1706661388
WALL 21088763 1 0 1706661389
WALL 21088763 1 0 1706661390
WALL 21088763 1 0 1706661391
WALL 21088763 1 0 1706661392
WALL 21088763 1 0 1706661393
WALL 21088763 1 0 1706661394
WALL 21088763 1 0 1706661395
WALL 21088763 1 0 1706661396
WALL 21088763 1 0 1706661397
WALL 21088763 1 0 1706661398
WALL 21088763 1 0 1706661399
WALL 21088763 1 0 1706661400
WALL 21088763 1 0 1706661401
WALL 21088763 1 0 1706661402
WALL 21088763 1 0 1706661403
WALL 21088763 1 0 1706661404
WALL 21088763 1 0 1706661405
WALL 21088763 1 0 1706661406
WALL 21088763 1 0 1706661407
WALL 21088763 1 0 1706661408
WALL 21088763 1 0 1706661409
WALL 21088763 1 0 1706661410
WALL 21088763 1 0 1706661411
WALL 21088763 1 0 1706661412
WALL 21088763 1 0 1706661413
WALL 21088763 1 0 1706661414
WALL 21088763 1 0 1706661415
WALL 21088763 1 0 1706661416
WALL 21088763 1 0 1706661417
WALL 21088763 1 0 1706661418
WALL 21088763 1 0 1706661419
WALL 21088763 1 0 1706661420
WALL 21088763 1 0 1706661421
WALL 21088763 1 0 1706661422
WALL 21088763 1 0 1706661423
WALL 21088763 1 0 1706661424
WALL 21088763 1 0 1706661425
WALL 21088763 1 0 1706661426
WALL 21088763 1 0 1706661427
WALL 21088763 1 0 1706661428
WALL 21088763 1 0 1706661429
WALL 21088763 1 0 1706661430
WALL 21088763 1 0 1706661431
WALL 21088763 1 0 1706661432
WALL 21088763 1 0 1706661433
WALL 21088763 1 0 1706661434
WALL 21088763 1 0 1706661435
WALL 21088763 1 0 1706661436
WALL 21088763 1 0 1706661437
WALL 21088763 1 0 1706661438
WALL 21088763 1 0 1706661439
WALL 21088763 1 0 1706661440
WALL 21088763 1 0 1706661441
WALL 21088763 1 0 1706661442
WALL 21088763 1 0 1706661443
WALL 21088763 1 0 1706661444
WALL 21088763 1 0 1706661445
WALL 21088763 1 0 1706661446
WALL 21088763 1 0 1706661447
WALL 21088763 1 0 1706661448
WALL 21088763 1 0 1706661449
WALL 21088763 1 0 1706661450
WALL 21088763 1 0 1706661451
WALL 21088763 1 0 1706661452
WALL 21088763 1 0 1706661453
WALL 21088763 1 0 1706661454
WALL 21088763 1 0 1706661455
WALL 21088763 1 0 1706661456
WALL 21088763 1 0 1706661457
WALL 21088763 1 0 1706661458
WALL 21088763 1 0 1706661459
WALL 21088763 1 0 1706661460
WALL 21088763 1 0 1706661461
WALL 21088763 1 0 1706661462
WALL 21088763 1 0 1706661463
WALL 21088763 1 0 1706661464
WALL 21088763 1 0 1706661465
WALL 21088763 1 0 1706661466
WALL 21088763 1 0 1706661467
WALL 21088763 1 0 1706661468
WALL 21088763 1 0 1706661469
WALL 21088763 1 0 1706661470
WALL 21088763 1 0 1706661471
WALL 21088763 1 0 1706661472
WALL 21088763 1 0 1706661473
WALL 21088763 1 0 1706661474
WALL 21088763 1 0 1706661475
WALL 21088763 1 0 1706661476
WALL 21088763 1 0 1706661477
WALL 21088763 1 0 1706661478
WALL 21088763 1 0 1706661479
WALL 21088763 1 0 1706661480
WALL 21088763 1 0 1706661481
WALL 21088763 1 0 1706661482
WALL 21088763 1 0 1706661483
WALL 21088763 1 0 1706661484
WALL 21088763 1 0 1706661485
WALL 21088763 1 0 1706661486
WALL 21088763 1 0 1706661487
WALL 21088763 1 0 1706661488
WALL 21088763 1 0 1706661489
WALL 21088763 1 0 1706661490
WALL 21088763 1 0 1706661491
WALL 21088763 1 0 1706661492
WALL 21088763 1 0 1706661493
WALL 21088763 1 0 1706661494
WALL 21088763 1 0 1706661495
WALL 21088763 1 0 1706661496
WALL 21088763 1 0 1706661497
WALL 21088763 1 0 1706661498
WALL 21088763 1 0 1706661499
WALL 21088763 1 0 1706661500
WALL 21088763 1 0 1706661501
WALL 21088763 1 0 1706661502
WALL 21088763 1 0 1706661503
WALL 21088763 1 0 1706661504
WALL 21088763 1 0 1706661505
WALL 21088763 1 0 1706661506
WALL 21088763 1 0 1706661507
WALL 21088763 1 0 1706661508
WALL 21088763 1 0 1706661509
WALL 21088763 1 0 1706661510
WALL 21088763 1 0 1706661511
WALL 21088763 1 0 1706661512
WALL 21088763 1 0 1706661513
WALL 21088763 1 0 1706661514
WALL 21088763 1 0 1706661515
WALL 21088763 1 0 1706661516
WALL 21088763 1 0 1706661517
WALL 21088763 1 0 1706661518
WALL 21088763 1 0 1706661519
WALL 21088763 1 0 1706661520
WALL 21088763 1 0 1706661521
WALL 21088763 1 0 1706661522
WALL 21088763 1 0 1706661523
WALL 21088763 1 0 1706661524
WALL 21088763 1 0 1706661525
WALL 21088763 1 0 1706661526
WALL 21088763 1 0 1706661527
WALL 21088763 1 0 1706661528
WALL 21088763 1 0 1706661529
WALL 21088763 1 0 1706661530
WALL 21088763 1 0 1706661531
WALL 21088763 1 0 1706661532
WALL 21088763 1 0 1706661533
WALL 21088763 1 0 1706661534
WALL 21088763 1 0 1706661535
WALL 21088763 1 0 1706661536
WALL 21088763 1 0 1706661537
WALL 21088763 1 0 1706661538
WALL 21088763 1 0 1706661539
WALL 21088763 1 0 1706661540
WALL 21088763 1 0 1706661541
WALL 21088763 1 0 1706661542
WALL 21088763 1 0 1706661543
WALL 21088763 1 0 1706661544
WALL 21088763 1 0 1706661545
WALL 21088763 1 0 1706661546
WALL 21088763 1 0 1706661547
WALL 21088763 1 0 1706661548
WALL 21088763 1 0 1706661549
WALL 21088763 1 0 1706661550
WALL 21088763 1 0 1706661551
WALL 21088763 1 0 1706661552
WALL 21088763 1 0 1706661553
WALL 21088763 1 0 1706661554
WALL 21088763 1 0 1706661555
WALL 21088763 1 0 1706661556
WALL 21088763 1 0 1706661557
WALL 21088763 1 0 1706661558
WALL 21088763 1 0 1706661559
WALL 21088763 1 0 1706661560
WALL 21088763 1 0 1706661561
WALL 21088763 1 0 1706661562
WALL 21088763 1 0 1706661563
WALL 21088763 1 0 1706661564
WALL 21088763 1 0 1706661565
WALL 21088763 1 0 1706661566
WALL 21088763 1 0 1706661567
WALL 21088763 1 0 1706661568
WALL 21088763 1 0 1706661569
WALL 21088763 1 0 1706661570
WALL 21088763 1 0 1706661571
WALL 21088763 1 0 1706661572
WALL 21088763 1 0 1706661573
WALL 21088763 1 0 1706661574
WALL 21088763 1 0 1706661575
WALL 21088763 1 0 1706661576
WALL 21088763 1 0 1706661577
WALL 21088763 1 0 1706661578
WALL 21088763 1 0 1706661579
WALL 21088763 1 0 1706661580
WALL 21088763 1 0 1706661581
WALL 21088763 1 0 1706661582
WALL 21088763 1 0 1706661583
WALL 21088763 1 0 1706661584
WALL 21088763 1 0 1706661585
WALL 21088763 1 0 1706661586
WALL 21088763 1 0 1706661587
WALL 21088763 1 0 1706661588
WALL 21088763 1 0 1706661589
WALL 21088763 1 0 1706661590
WALL 21088763 1 0 1706661591
WALL 21088763 1 0 1706661592
WALL 21088763 1 0 1706661593
WALL 21088763 1 0 1706661594
WALL 21088763 1 0 1706661595
WALL 21088763 1 0 1706661596
WALL 21088763 1 0 1706661597
WALL 21088763 1 0 1706661598
WALL 21088763 1 0 1706661599
WALL 21088763 1 0 1706661600
WALL 21088763 1 0 1706661601
WALL 21088763 1 0 1706661602
WALL 21088763 1 0 1706661603
WALL 21088763 1 0 1706661604
WALL 21088763 1 0 1706661605
WALL 21088763 1 0 1706661606
WALL 21088763 1 0 1706661607
WALL 21088763 1 0 1706661608
WALL 21088763 1 0 1706661609
WALL 21088763 1 0 1706661610
WALL 21088763 1 0 1706661611
WALL 21088763 1 0 1706661612
WALL 21088763 1 0 1706661613
WALL 21088763 1 0 1706661614
WALL 21088763 1 0 1706661615
WALL 21088763 1 0 1706661616
WALL 21088763 1 0 1706661617
WALL 21088763 1 0 1706661618
WALL 21088763 1 0 1706661619
WALL 21088763 1 0 1706661620
WALL 21088763 1 0 1706661621
WALL 21088763 1 0 1706661622
WALL 21088763 1 0 1706661623
WALL 21088763 1 0 1706661624
WALL 21088763 1 0 1706661625
WALL 21088763 1 0 1706661626
WALL 21088763 1 0 1706661627
WALL 21088763 1 0 1706661628
WALL 21088763 1 0 1706661629
WALL 21088763 1 0 1706661630
WALL 21088763 1 0 1706661631
WALL 21088763 1 0 1706661632
WALL 21088763 1 0 1706661633
WALL 21088763 1 0 1706661634
WALL 21088763 1 0 1706661635
WALL 21088763 1 0 1706661636
WALL 21088763 1 0 1706661637
WALL 21088763 1 0 1706661638
WALL 21088763 1 0 1706661639
WALL 21088763 1 0 1706661640
WALL 21088763 1 0 1706661641
WALL 21088763 1 0 1706661642
WALL 21088763 1 0 1706661643
WALL 21088763 1 0 1706661644
WALL 21088763 1 0 1706661645
WALL 21088763 1 0 1706661646
WALL 21088763 1 0 1706661647
WALL 21088763 1 0 1706661648
WALL 21088763 1 0 1706661649
WALL 21088763 1 0 1706661650
WALL 21088763 1 0 1706661651
WALL 21088763 1 0 1706661652
WALL 21088763 1 0 1706661653
WALL 21088763 1 0 1706661654
WALL 21088763 1 0 1706661655
WALL 21088763 1 0 1706661656
WALL 21088763 1 0 1706661657
WALL 21088763 1 0 1706661658
WALL 21088763 1 0 1706661659
WALL 21088763 1 0 1706661660
WALL 21088763 1 0 1706661661
WALL 21088763 1 0 1706661662
WALL 21088763 1 0 1706661663
WALL 21088763 1 0 1706661664
WALL 21088763 1 0 1706661665
WALL 21088763 1 0 1706661666
WALL 21088763 1 0 1706661667
WALL 21088763 1 0 1706661668
WALL 21088763 1 0 1706661669
WALL 21088763 1 0 1706661670
WALL 21088763 1 0 1706661671
WALL 21088763 1 0 1706661672
WALL 21088763 1 0 1706661673
WALL 21088763 1 0 1706661674
WALL 21088763 1 0 1706661675
WALL 21088763 1 0 1706661676
WALL 21088763 1 0 1706661677
WALL 21088763 1 0 1706661678
WALL 21088763 1 0 1706661679
WALL 21088763 1 0 1706661680
WALL 21088763 1 0 1706661681
WALL 21088763 1 0 1706661682
WALL 21088763 1 0 1706661683
WALL 21088763 1 0 1706661684
WALL 21088763 1 0 1706661685
WALL 21088763 1 0 1706661686
WALL 21088763 1 0 1706661687
WALL 21088763 1 0 1706661688
WALL 21088763 1 0 1706661689
WALL 21088763 1 0 1706661690
WALL 21088763 1 0 1706661691
WALL 21088763 1 0 1706661692
WALL 21088763 1 0 1706661693
WALL 21088763 1 0 1706661694
WALL 21088763 1 0 1706661695
WALL 21088763 1 0 1706661696
WALL 21088763 1 0 1706661697
WALL 21088763 1 0 1706661698
WALL 21088763 1 0 1706661699
WALL 21088763 1 0 1706661700
WALL 21088763 1 0 1706661701
WALL 21088763 1 0 1706661702
WALL 21088763 1 0 1706661703
WALL 21088763 1 0 1706661704
WALL 21088763 1 0 1706661705
WALL 21088763 1 0 1706661706
WALL 21088763 1 0 1706661707
WALL 21088763 1 0 1706661708
WALL 21088763 1 0 1706661709
WALL 21088763 1 0 1706661710
WALL 21088763 1 0 1706661711
WALL 21088763 1 0 1706661712
WALL 21088763 1 0 1706661713
WALL 21088763 1 0 1706661714
WALL 21088763 1 0 1706661715
WALL 21088763 1 0 1706661716
WALL 21088763 1 0 1706661717
WALL 21088763 1 0 1706661718
WALL 21088763 1 0 1706661719
WALL 21088763 1 0 1706661720
WALL 21088763 1 0 1706661721
WALL 21088763 1 0 1706661722
WALL 21088763 1 0 1706661723
WALL 21088763 1 0 1706661724
WALL 21088763 1 0 1706661725
WALL 21088763 1 0 1706661726
WALL 21088763 1 0 1706661727
WALL 21088763 1 0 1706661728
WALL 21088763 1 0 1706661729
WALL 21088763 1 0 1706661730
WALL 21088763 1 0 1706661731
WALL 21088763 1 0 1706661732
WALL 21088763 1 0 1706661733
WALL 21088763 1 0 1706661734
WALL 21088763 1 0 1706661735
WALL 21088763 1 0 1706661736
WALL 21088763 1 0 1706661737
WALL 21088763 1 0 1706661738
WALL 21088763 1 0 1706661739
WALL 21088763 1 0 1706661740
WALL 21088763 1 0 1706661741
WALL 21088763 1 0 1706661742
WALL 21088763 1 0 1706661743
WALL 21088763 1 0 1706661744
WALL 21088763 1 0 1706661745
WALL 21088763 1 0 1706661746
WALL 21088763 1 0 1706661747
WALL 21088763 1 0 1706661748
WALL 21088763 1 0 1706661749
WALL 21088763 1 0 1706661750
WALL 21088763 1 0 1706661751
WALL 21088763 1 0 1706661752
WALL 21088763 1 0 1706661753
WALL 21088763 1 0 1706661754
WALL 21088763 1 0 1706661755
WALL 21088763 1 0 1706661756
WALL 21088763 1 0 1706661757
WALL 21088763 1 0 1706661758
WALL 21088763 1 0 1706661759
WALL 21088763 1 0 1706661760
WALL 21088763 1 0 1706661761
WALL 21088763 1 0 1706661762
WALL 21088763 1 0 1706661763
WALL 21088763 1 0 1706661764
WALL 21088763 1 0 1706661765
WALL 21088763 1 0 1706661766
WALL 21088763 1 0 1706661767
WALL 21088763 1 0 1706661768
WALL 21088763 1 0 1706661769
WALL 21088763 1 0 1706661770
WALL 21088763 1 0 1706661771
WALL 21088763 1 0 1706661772
WALL 21088763 1 0 1706661773
WALL 21088763 1 0 1706661774
WALL 21088763 1 0 1706661775
WALL 21088763 1 0 1706661776
WALL 21088763 1 0 1706661777
WALL 21088763 1 0 1706661778
WALL 21088763 1 0 1706661779
WALL 21088763 1 0 1706661780
WALL 21088763 1 0 1706661781
WALL 21088763 1 0 1706661782
WALL 21088763 1 0 1706661783
WALL 21088763 1 0 1706661784
WALL 21088763 1 0 1706661785
WALL 21088763 1 0 1706661786
WALL 21088763 1 0 1706661787
WALL 21088763 1 0 1706661788
WALL 21088763 1 0 1706661789
WALL 21088763 1 0 1706661790
WALL 21088763 1 0 1706661791
WALL 21088763 1 0 1706661792
WALL 21088763 1 0 1706661793
WALL 21088763 1 0 1706661794
WALL 21088763 1 0 1706661795
WALL 21088763 1 0 1706661796
WALL 21088763 1 0 1706661797
WALL 21088763 1 0 1706661798
WALL 21088763 1 0 1706661799
WALL 21088763 1 0 1706661800
WALL 21088763 1 0 1706661801
WALL 21088763 1 0 1706661802
WALL 21088763 1 0 1706661803
WALL 21088763 1 0 1706661804
WALL 21088763 1 0 1706661805
WALL 21088763 1 0 1706661806
WALL 21088763 1 0 1706661807
WALL 21088763 1 0 1706661808
WALL 21088763 1 0 1706661809
WALL 21088763 1 0 1706661810
WALL 21088763 1 0 1706661811
WALL 21088763 1 0 1706661812
WALL 21088763 1 0 1706661813
WALL 21088763 1 0 1706661814
WALL 21088763 1 0 1706661815
WALL 21088763 1 0 1706661816
WALL 21088763 1 0 1706661817
WALL 21088763 1 0 1706661818
WALL 21088763 1 0 1706661819
WALL 21088763 1 0 1706661820
WALL 21088763 1 0 1706661821
WALL 21088763 1 0 1706661822
WALL 21088763 1 0 1706661823
WALL 21088763 1 0 1706661824
WALL 21088763 1 0 1706661825
WALL 21088763 1 0 1706661826
WALL 21088763 1 0 1706661827
WALL 21088763 1 0 1706661828
WALL 21088763 1 0 1706661829
WALL 21088763 1 0 1706661830
WALL 21088763 1 0 1706661831
WALL 21088763 1 0 1706661832
WALL 21088763 1 0 1706661833
WALL 21088763 1 0 1706661834
WALL 21088763 1 0 1706661835
WALL 21088763 1 0 1706661836
WALL 21088763 1 0 1706661837
WALL 21088763 1 0 1706661838
WALL 21088763 1 0 1706661839
WALL 21088763 1 0 1706661840
WALL 21088763 1 0 1706661841
WALL 21088763 1 0 1706661842
WALL 21088763 1 0 1706661843
WALL 21088763 1 0 1706661844
WALL 21088763 1 0 1706661845
WALL 21088763 1 0 1706661846
WALL 21088763 1 0 1706661847
WALL 21088763 1 0 1706661848
WALL 21088763 1 0 1706661849
WALL 21088763 1 0 1706661850
WALL 21088763 1 0 1706661851
WALL 21088763 1 0 1706661852
WALL 21088763 1 0 1706661853
WALL 21088763 1 0 1706661854
WALL 21088763 1 0 1706661855
WALL 21088763 1 0 1706661856
WALL 21088763 1 0 1706661857
WALL 21088763 1 0 1706661858
WALL 21088763 1 0 1706661859
WALL 21088763 1 0 1706661860
WALL 21088763 1 0 1706661861
WALL 21088763 1 0 1706661862
WALL 21088763 1 0 1706661863
WALL 21088763 1 0 1706661864
WALL 21088763 1 0 1706661865
WALL 21088763 1 0 1706661866
WALL 21088763 1 0 1706661867
WALL 21088763 1 0 1706661868
WALL 21088763 1 0 1706661869
WALL 21088763 1 0 1706661870
WALL 21088763 1 0 1706661871
WALL 21088763 1 0 1706661872
WALL 21088763 1 0 1706661873
WALL 21088763 1 0 1706661874
WALL 21088763 1 0 1706661875
WALL 21088763 1 0 1706661876
WALL 21088763 1 0 1706661877
WALL 21088763 1 0 1706661878
WALL 21088763 1 0 1706661879
WALL 21088763 1 0 1706661880
WALL 21088763 1 0 1706661881
WALL 21088763 1 0 1706661882
WALL 21088763 1 0 1706661883
WALL 21088763 1 0 1706661884
WALL 21088763 1 0 1706661885
WALL 21088763 1 0 1706661886
WALL 21088763 1 0 1706661887
WALL 21088763 1 0 1706661888
WALL 21088763 1 0 1706661889
WALL 21088763 1 0 1706661890
WALL 21088763 1 0 1706661891
WALL 21088763 1 0 1706661892
WALL 21088763 1 0 1706661893
WALL 21088763 1 0 1706661894
WALL 21088763 1 0 1706661895
WALL 21088763 1 0 1706661896
WALL 21088763 1 0 1706661897
WALL 21088763 1 0 1706661898
WALL 21088763 1 0 1706661899
WALL 21088763 1 0 1706661900
WALL 21088763 1 0 1706661901
WALL 21088763 1 0 1706661902
WALL 21088763 1 0 1706661903
WALL 21088763 1 0 1706661904
WALL 21088763 1 0 1706661905
WALL 21088763 1 0 1706661906
WALL 21088763 1 0 1706661907
WALL 21088763 1 0 1706661908
WALL 21088763 1 0 1706661909
WALL 21088763 1 0 1706661910
WALL 21088763 1 0 1706661911
WALL 21088763 1 0 1706661912
WALL 21088763 1 0 1706661913
WALL 21088763 1 0 1706661914
WALL 21088763 1 0 1706661915
WALL 21088763 1 0 1706661916
WALL 21088763 1 0 1706661917
WALL 21088763 1 0 1706661918
WALL 21088763 1 0 1706661919
WALL 21088763 1 0 1706661920
WALL 21088763 1 0 1706661921
WALL 21088763 1 0 1706661922
WALL 21088763 1 0 1706661923
WALL 21088763 1 0 1706661924
WALL 21088763 1 0 1706661925
WALL 21088763 1 0 1706661926
WALL 21088763 1 0 1706661927
WALL 21088763 1 0 1706661928
WALL 21088763 1 0 1706661929
WALL 21088763 1 0 1706661930
WALL 21088763 1 0 1706661931
WALL 21088763 1 0 1706661932
WALL 21088763 1 0 1706661933
WALL 21088763 1 0 1706661934
WALL 21088763 1 0 1706661935
WALL 21088763 1 0 1706661936
WALL 21088763 1 0 1706661937
WALL 21088763 1 0 1706661938
WALL 21088763 1 0 1706661939
WALL 21088763 1 0 1706661940
WALL 21088763 1 0 1706661941
WALL 21088763 1 0 1706661942
WALL 21088763 1 0 1706661943
WALL 21088763 1 0 1706661944
WALL 21088763 1 0 1706661945
WALL 21088763 1 0 1706661946
WALL 21088763 1 0 1706661947
WALL 21088763 1 0 1706661948
WALL 21088763 1 0 1706661949
WALL 21088763 1 0 1706661950
WALL 21088763 1 0 1706661951
WALL 21088763 1 0 1706661952
WALL 21088763 1 0 1706661953
WALL 21088763 1 0 1706661954
WALL 21088763 1 0 1706661955
WALL 21088763 1 0 1706661956
WALL 21088763 1 0 1706661957
WALL 21088763 1 0 1706661958
WALL 21088763 1 0 1706661959
WALL 21088763 1 0 1706661960
WALL 21088763 1 0 1706661961
WALL 21088763 1 0 1706661962
WALL 21088763 1 0 1706661963
WALL 21088763 1 0 1706661964
WALL 21088763 1 0 1706661965
WALL 21088763 1 0 1706661966
WALL 21088763 1 0 1706661967
WALL 21088763 1 0 1706661968
WALL 21088763 1 0 1706661969
WALL 21088763 1 0 1706661970
WALL 21088763 1 0 1706661971
WALL 21088763 1 0 1706661972
WALL 21088763 1 0 1706661973
WALL 21088763 1 0 1706661974
WALL 21088763 1 0 1706661975
WALL 21088763 1 0 1706661976
WALL 21088763 1 0 1706661977
WALL 21088763 1 0 1706661978
WALL 21088763 1 0 1706661979
WALL 21088763 1 0 1706661980
WALL 21088763 1 0 1706661981
WALL 21088763 1 0 1706661982
WALL 21088763 1 0 1706661983
WALL 21088763 1 0 1706661984
WALL 21088763 1 0 1706661985
WALL 21088763 1 0 1706661986
WALL 21088763 1 0 1706661987
WALL 21088763 1 0 1706661988
WALL 21088763 1 0 1706661989
WALL 21088763 1 0 1706661990
WALL 21088763 1 0 1706661991
WALL 21088763 1 0 1706661992
WALL 21088763 1 0 1706661993
WALL 21088763 1 0 1706661994
WALL 21088763 1 0 1706661995
WALL 21088763 1 0 1706661996
WALL 21088763 1 0 1706661997
WALL 21088763 1 0 1706661998
WALL 21088763 1 0 1706661999
WALL 21088763 1 0 1706662000
WALL 21088763 1 0 1706662001
WALL 21088763 1 0 1706662002
WALL 21088763 1 0 1706662003
WALL 21088763 1 0 1706662004
WALL 21088763 1 0 1706662005
WALL 21088763 1 0 1706662006
WALL 21088763 1 0 1706662007
WALL 21088763 1 0 1706662008
WALL 21088763 1 0 1706662009
WALL 21088763 1 0 1706662010
WALL 21088763 1 0 1706662011
WALL 21088763 1 0 1706662012
WALL 21088763 1 0 1706662013
WALL 21088763 1 0 1706662014
WALL 21088763 1 0 1706662015
WALL 21088763 1 0 1706662016
WALL 21088763 1 0 1706662017
WALL 21088763 1 0 1706662018
WALL 21088763 1 0 1706662019
WALL 21088763 1 0 1706662020
WALL 21088763 1 0 1706662021
WALL 21088763 1 0 1706662022
WALL 21088763 1 0 1706662023
WALL 21088763 1 0 1706662024
WALL 21088763 1 0 1706662025
WALL 21088763 1 0 1706662026
WALL 21088763 1 0 1706662027
WALL 21088763 1 0 1706662028
WALL 21088763 1 0 1706662029
WALL 21088763 1 0 1706662030
WALL 21088763 1 0 1706662031
WALL 21088763 1 0 1706662032
WALL 21088763 1 0 1706662033
WALL 21088763 1 0 1706662034
WALL 21088763 1 0 1706662035
WALL 21088763 1 0 1706662036
WALL 21088763 1 0 1706662037
WALL 21088763 1 0 1706662038
WALL 21088763 1 0 1706662039
WALL 21088763 1 0 1706662040
WALL 21088763 1 0 1706662041
WALL 21088763 1 0 1706662042
WALL 21088763 1 0 1706662043
WALL 21088763 1 0 1706662044
WALL 21088763 1 0 1706662045
WALL 21088763 1 0 1706662046
WALL 21088763 1 0 1706662047
WALL 21088763 1 0 1706662048
WALL 21088763 1 0 1706662049
WALL 21088763 1 0 1706662050
WALL 21088763 1 0 1706662051
WALL 21088763 1 0 1706662052
WALL 21088763 1 0 1706662053
WALL 21088763 1 0 1706662054
WALL 21088763 1 0 1706662055
WALL 21088763 1 0 1706662056
WALL 21088763 1 0 1706662057
WALL 21088763 1 0 1706662058
WALL 21088763 1 0 1706662059
WALL 21088763 1 0 1706662060
WALL 21088763 1 0 1706662061
WALL 21088763 1 0 1706662062
WALL 21088763 1 0 1706662063
WALL 21088763 1 0 1706662064
WALL 21088763 1 0 1706662065
WALL 21088763 1 0 1706662066
WALL 21088763 1 0 1706662067
WALL 21088763 1 0 1706662068
WALL 21088763 1 0 1706662069
WALL 21088763 1 0 1706662070
WALL 21088763 1 0 1706662071
WALL 21088763 1 0 1706662072
WALL 21088763 1 0 1706662073
WALL 21088763 1 0 1706662074
WALL 21088763 1 0 1706662075
WALL 21088763 1 0 1706662076
WALL 21088763 1 0 1706662077
WALL 21088763 1 0 1706662078
WALL 21088763 1 0 1706662079
WALL 21088763 1 0 1706662080
WALL 21088763 1 0 1706662081
WALL 21088763 1 0 1706662082
WALL 21088763 1 0 1706662083
WALL 21088763 1 0 1706662084
WALL 21088763 1 0 1706662085
WALL 21088763 1 0 1706662086
WALL 21088763 1 0 1706662087
WALL 21088763 1 0 1706662088
WALL 21088763 1 0 1706662089
WALL 21088763 1 0 1706662090
WALL 21088763 1 0 1706662091
WALL 21088763 1 0 1706662092
WALL 21088763 1 0 1706662093
WALL 21088763 1 0 1706662094
WALL 21088763 1 0 1706662095
WALL 21088763 1 0 1706662096
WALL 21088763 1 0 1706662097
WALL 21088763 1 0 1706662098
WALL 21088763 1 0 1706662099
WALL 21088763 1 0 1706662100
WALL 21088763 1 0 1706662101
WALL 21088763 1 0 1706662102
WALL 21088763 1 0 1706662103
WALL 21088763 1 0 1706662104
WALL 21088763 1 0 1706662105
WALL 21088763 1 0 1706662106
WALL 21088763 1 0 1706662107
WALL 21088763 1 0 1706662108
WALL 21088763 1 0 1706662109
WALL 21088763 1 0 1706662110
WALL 21088763 1 0 1706662111
WALL 21088763 1 0 1706662112
WALL 21088763 1 0 1706662113
WALL 21088763 1 0 1706662114
WALL 21088763 1 0 1706662115
WALL 21088763 1 0 1706662116
WALL 21088763 1 0 1706662117
WALL 21088763 1 0 1706662118
WALL 21088763 1 0 1706662119
WALL 21088763 1 0 1706662120
WALL 21088763 1 0 1706662121
WALL 21088763 1 0 1706662122
WALL 21088763 1 0 1706662123
WALL 21088763 1 0 1706662124
WALL 21088763 1 0 1706662125
WALL 21088763 1 0 1706662126
WALL 21088763 1 0 1706662127
WALL 21088763 1 0 1706662128
WALL 21088763 1 0 1706662129
WALL 21088763 1 0 1706662130
WALL 21088763 1 0 1706662131
WALL 21088763 1 0 1706662132
WALL 21088763 1 0 1706662133
WALL 21088763 1 0 1706662134
WALL 21088763 1 0 1706662135
WALL 21088763 1 0 1706662136
WALL 21088763 1 0 1706662137
WALL 21088763 1 0 1706662138
WALL 21088763 1 0 1706662139
WALL 21088763 1 0 1706662140
WALL 21088763 1 0 1706662141
WALL 21088763 1 0 1706662142
WALL 21088763 1 0 1706662143
WALL 21088763 1 0 1706662144
WALL 21088763 1 0 1706662145
WALL 21088763 1 0 1706662146
WALL 21088763 1 0 1706662147
WALL 21088763 1 0 1706662148
WALL 21088763 1 0 1706662149
WALL 21088763 1 0 1706662150
WALL 21088763 1 0 1706662151
WALL 21088763 1 0 1706662152
WALL 21088763 1 0 1706662153
WALL 21088763 1 0 1706662154
WALL 21088763 1 0 1706662155
WALL 21088763 1 0 1706662156
WALL 21088763 1 0 1706662157
WALL 21088763 1 0 1706662158
WALL 21088763 1 0 1706662159
WALL 21088763 1 0 1706662160
WALL 21088763 1 0 1706662161
WALL 21088763 1 0 1706662162
WALL 21088763 1 0 1706662163
WALL 21088763 1 0 1706662164
WALL 21088763 1 0 1706662165
WALL 21088763 1 0 1706662166
WALL 21088763 1 0 1706662167
WALL 21088763 1 0 1706662168
WALL 21088763 1 0 1706662169
WALL 21088763 1 0 1706662170
WALL 21088763 1 0 1706662171
WALL 21088763 1 0 1706662172
WALL 21088763 1 0 1706662173
WALL 21088763 1 0 1706662174
WALL 21088763 1 0 1706662175
WALL 21088763 1 0 1706662176
WALL 21088763 1 0 1706662177
WALL 21088763 1 0 1706662178
WALL 21088763 1 0 1706662179
WALL 21088763 1 0 1706662180
WALL 21088763 1 0 1706662181
WALL 21088763 1 0 1706662182
WALL 21088763 1 0 1706662183
WALL 21088763 1 0 1706662184
WALL 21088763 1 0 1706662185
WALL 21088763 1 0 1706662186
WALL 21088763 1 0 1706662187
WALL 21088763 1 0 1706662188
WALL 21088763 1 0 1706662189
WALL 21088763 1 0 1706662190
WALL 21088763 1 0 1706662191
WALL 21088763 1 0 1706662192
WALL 21088763 1 0 1706662193
WALL 21088763 1 0 1706662194
WALL 21088763 1 0 1706662195
WALL 21088763 1 0 1706662196
WALL 21088763 1 0 1706662197
WALL 21088763 1 0 1706662198
WALL 21088763 1 0 1706662199
WALL 21088763 1 0 1706662200
WALL 21088763 1 0 1706662201
WALL 21088763 1 0 1706662202
WALL 21088763 1 0 1706662203
WALL 21088763 1 0 1706662204
WALL 21088763 1 0 1706662205
WALL 21088763 1 0 1706662206
WALL 21088763 1 0 1706662207
WALL 21088763 1 0 1706662208
WALL 21088763 1 0 1706662209
WALL 21088763 1 0 1706662210
WALL 21088763 1 0 1706662211
WALL 21088763 1 0 1706662212
WALL 21088763 1 0 1706662213
received SIGCONT 1706662214
WALL 21088763 1 0 1706662214
slurmstepd: error: *** STEP 21088763.0 ON nid200246 CANCELLED AT 2024-01-31T00:50:14 ***
received SIGTERM 1706662214
WALL 21088763 1 0 1706662214
WALL 21088763 1 0 1706662215
WALL 21088763 1 0 1706662216
WALL 21088763 1 0 1706662217
WALL 21088763 1 0 1706662218
WALL 21088763 1 0 1706662219
WALL 21088763 1 0 1706662220
WALL 21088763 1 0 1706662221
WALL 21088763 1 0 1706662222
WALL 21088763 1 0 1706662223
WALL 21088763 1 0 1706662224
WALL 21088763 1 0 1706662225
WALL 21088763 1 0 1706662226
WALL 21088763 1 0 1706662227
WALL 21088763 1 0 1706662228
WALL 21088763 1 0 1706662229
WALL 21088763 1 0 1706662230
WALL 21088763 1 0 1706662231
WALL 21088763 1 0 1706662232
WALL 21088763 1 0 1706662233
WALL 21088763 1 0 1706662234
WALL 21088763 1 0 1706662235
WALL 21088763 1 0 1706662236
WALL 21088763 1 0 1706662237
WALL 21088763 1 0 1706662238
WALL 21088763 1 0 1706662239
WALL 21088763 1 0 1706662240
WALL 21088763 1 0 1706662241
WALL 21088763 1 0 1706662242
WALL 21088763 1 0 1706662243
WALL 21088763 1 0 1706662244
WALL 21088763 1 0 1706662245
WALL 21088763 1 0 1706662246
WALL 21088763 1 0 1706662247
WALL 21088763 1 0 1706662248
WALL 21088763 1 0 1706662249
WALL 21088763 1 0 1706662250
WALL 21088763 1 0 1706662251
WALL 21088763 1 0 1706662252
WALL 21088763 1 0 1706662253
WALL 21088763 1 0 1706662254
WALL 21088763 1 0 1706662255
WALL 21088763 1 0 1706662256
WALL 21088763 1 0 1706662257
WALL 21088763 1 0 1706662258
WALL 21088763 1 0 1706662259
WALL 21088763 1 0 1706662260
WALL 21088763 1 0 1706662261
WALL 21088763 1 0 1706662262
WALL 21088763 1 0 1706662263
WALL 21088763 1 0 1706662264
WALL 21088763 1 0 1706662265
WALL 21088763 1 0 1706662266
WALL 21088763 1 0 1706662267
WALL 21088763 1 0 1706662268
WALL 21088763 1 0 1706662269
WALL 21088763 1 0 1706662270
WALL 21088763 1 0 1706662271
WALL 21088763 1 0 1706662272
WALL 21088763 1 0 1706662273
WALL 21088763 1 0 1706662274
WALL 21088763 1 0 1706662275
WALL 21088763 1 0 1706662276
WALL 21088763 1 0 1706662277
slurmstepd: error: *** JOB 21088763 ON nid200246 CANCELLED AT 2024-01-31T00:51:18 DUE TO PREEMPTION ***
received SIGTERM 1706662278
WALL 21088763 1 0 1706662278
received SIGCONT 1706662278
WALL 21088763 1 0 1706662278
received SIGTERM 1706662278
WALL 21088763 1 0 1706662278
