srun: warning: can't run 1 processes on 4 nodes, setting nnodes to 1
WALL 21211439 1 0 1706830465
WALL 21211439 1 0 1706830466
WALL 21211439 1 0 1706830467
WALL 21211439 1 0 1706830468
WALL 21211439 1 0 1706830469
WALL 21211439 1 0 1706830470
WALL 21211439 1 0 1706830471
WALL 21211439 1 0 1706830472
WALL 21211439 1 0 1706830473
WALL 21211439 1 0 1706830474
WALL 21211439 1 0 1706830475
WALL 21211439 1 0 1706830476
WALL 21211439 1 0 1706830477
WALL 21211439 1 0 1706830478
WALL 21211439 1 0 1706830479
WALL 21211439 1 0 1706830480
WALL 21211439 1 0 1706830481
WALL 21211439 1 0 1706830482
WALL 21211439 1 0 1706830483
WALL 21211439 1 0 1706830484
WALL 21211439 1 0 1706830485
WALL 21211439 1 0 1706830486
WALL 21211439 1 0 1706830487
WALL 21211439 1 0 1706830488
WALL 21211439 1 0 1706830489
WALL 21211439 1 0 1706830490
WALL 21211439 1 0 1706830491
WALL 21211439 1 0 1706830492
WALL 21211439 1 0 1706830493
WALL 21211439 1 0 1706830494
WALL 21211439 1 0 1706830495
WALL 21211439 1 0 1706830496
WALL 21211439 1 0 1706830497
WALL 21211439 1 0 1706830498
WALL 21211439 1 0 1706830499
WALL 21211439 1 0 1706830500
WALL 21211439 1 0 1706830501
WALL 21211439 1 0 1706830502
WALL 21211439 1 0 1706830503
WALL 21211439 1 0 1706830504
WALL 21211439 1 0 1706830505
WALL 21211439 1 0 1706830506
WALL 21211439 1 0 1706830507
WALL 21211439 1 0 1706830508
WALL 21211439 1 0 1706830509
WALL 21211439 1 0 1706830510
WALL 21211439 1 0 1706830511
WALL 21211439 1 0 1706830512
WALL 21211439 1 0 1706830513
WALL 21211439 1 0 1706830514
WALL 21211439 1 0 1706830515
WALL 21211439 1 0 1706830516
WALL 21211439 1 0 1706830517
WALL 21211439 1 0 1706830518
WALL 21211439 1 0 1706830519
WALL 21211439 1 0 1706830520
WALL 21211439 1 0 1706830521
WALL 21211439 1 0 1706830522
WALL 21211439 1 0 1706830523
WALL 21211439 1 0 1706830524
WALL 21211439 1 0 1706830525
WALL 21211439 1 0 1706830526
WALL 21211439 1 0 1706830527
WALL 21211439 1 0 1706830528
WALL 21211439 1 0 1706830529
WALL 21211439 1 0 1706830530
WALL 21211439 1 0 1706830531
WALL 21211439 1 0 1706830532
WALL 21211439 1 0 1706830533
WALL 21211439 1 0 1706830534
WALL 21211439 1 0 1706830535
WALL 21211439 1 0 1706830536
WALL 21211439 1 0 1706830537
WALL 21211439 1 0 1706830538
WALL 21211439 1 0 1706830539
WALL 21211439 1 0 1706830540
WALL 21211439 1 0 1706830541
WALL 21211439 1 0 1706830542
WALL 21211439 1 0 1706830543
WALL 21211439 1 0 1706830544
WALL 21211439 1 0 1706830545
WALL 21211439 1 0 1706830546
WALL 21211439 1 0 1706830547
WALL 21211439 1 0 1706830548
WALL 21211439 1 0 1706830549
WALL 21211439 1 0 1706830550
slurmstepd: error: *** STEP 21211439.0 ON nid200014 CANCELLED AT 2024-02-01T23:35:51 ***
received SIGTERM 1706830551
WALL 21211439 1 0 1706830551
received SIGCONT 1706830551
WALL 21211439 1 0 1706830551
WALL 21211439 1 0 1706830552
WALL 21211439 1 0 1706830553
WALL 21211439 1 0 1706830554
WALL 21211439 1 0 1706830555
WALL 21211439 1 0 1706830556
WALL 21211439 1 0 1706830557
WALL 21211439 1 0 1706830558
WALL 21211439 1 0 1706830559
WALL 21211439 1 0 1706830560
WALL 21211439 1 0 1706830561
WALL 21211439 1 0 1706830562
WALL 21211439 1 0 1706830563
WALL 21211439 1 0 1706830564
WALL 21211439 1 0 1706830565
WALL 21211439 1 0 1706830566
WALL 21211439 1 0 1706830567
WALL 21211439 1 0 1706830568
WALL 21211439 1 0 1706830569
WALL 21211439 1 0 1706830570
WALL 21211439 1 0 1706830571
WALL 21211439 1 0 1706830572
WALL 21211439 1 0 1706830573
WALL 21211439 1 0 1706830574
WALL 21211439 1 0 1706830575
WALL 21211439 1 0 1706830576
WALL 21211439 1 0 1706830577
WALL 21211439 1 0 1706830578
WALL 21211439 1 0 1706830579
WALL 21211439 1 0 1706830580
WALL 21211439 1 0 1706830581
WALL 21211439 1 0 1706830582
WALL 21211439 1 0 1706830583
WALL 21211439 1 0 1706830584
WALL 21211439 1 0 1706830585
WALL 21211439 1 0 1706830586
WALL 21211439 1 0 1706830587
WALL 21211439 1 0 1706830588
WALL 21211439 1 0 1706830589
WALL 21211439 1 0 1706830590
WALL 21211439 1 0 1706830591
WALL 21211439 1 0 1706830592
WALL 21211439 1 0 1706830593
WALL 21211439 1 0 1706830594
WALL 21211439 1 0 1706830595
WALL 21211439 1 0 1706830596
WALL 21211439 1 0 1706830597
WALL 21211439 1 0 1706830598
WALL 21211439 1 0 1706830599
WALL 21211439 1 0 1706830600
WALL 21211439 1 0 1706830601
WALL 21211439 1 0 1706830602
WALL 21211439 1 0 1706830603
WALL 21211439 1 0 1706830604
WALL 21211439 1 0 1706830605
WALL 21211439 1 0 1706830606
WALL 21211439 1 0 1706830607
WALL 21211439 1 0 1706830608
WALL 21211439 1 0 1706830609
WALL 21211439 1 0 1706830610
WALL 21211439 1 0 1706830611
WALL 21211439 1 0 1706830612
WALL 21211439 1 0 1706830613
WALL 21211439 1 0 1706830614
WALL 21211439 1 0 1706830615
WALL 21211439 1 0 1706830616
WALL 21211439 1 0 1706830617
WALL 21211439 1 0 1706830618
WALL 21211439 1 0 1706830619
WALL 21211439 1 0 1706830620
WALL 21211439 1 0 1706830621
WALL 21211439 1 0 1706830622
WALL 21211439 1 0 1706830623
WALL 21211439 1 0 1706830624
WALL 21211439 1 0 1706830625
WALL 21211439 1 0 1706830626
WALL 21211439 1 0 1706830627
WALL 21211439 1 0 1706830628
WALL 21211439 1 0 1706830629
WALL 21211439 1 0 1706830630
WALL 21211439 1 0 1706830631
slurmstepd: error: *** JOB 21211439 ON nid200014 CANCELLED AT 2024-02-01T23:37:11 DUE TO PREEMPTION ***
received SIGTERM 1706830631
WALL 21211439 1 0 1706830631
received SIGCONT 1706830631
WALL 21211439 1 0 1706830631
received SIGTERM 1706830631
WALL 21211439 1 0 1706830631
