srun: warning: can't run 1 processes on 8 nodes, setting nnodes to 1
WALL 21208254 1 0 1706823108
WALL 21208254 1 0 1706823109
WALL 21208254 1 0 1706823110
WALL 21208254 1 0 1706823111
WALL 21208254 1 0 1706823112
WALL 21208254 1 0 1706823113
WALL 21208254 1 0 1706823114
WALL 21208254 1 0 1706823115
WALL 21208254 1 0 1706823116
WALL 21208254 1 0 1706823117
WALL 21208254 1 0 1706823118
WALL 21208254 1 0 1706823119
WALL 21208254 1 0 1706823120
WALL 21208254 1 0 1706823121
WALL 21208254 1 0 1706823122
WALL 21208254 1 0 1706823123
WALL 21208254 1 0 1706823124
WALL 21208254 1 0 1706823125
WALL 21208254 1 0 1706823126
WALL 21208254 1 0 1706823127
WALL 21208254 1 0 1706823128
WALL 21208254 1 0 1706823129
WALL 21208254 1 0 1706823130
WALL 21208254 1 0 1706823131
WALL 21208254 1 0 1706823132
WALL 21208254 1 0 1706823133
WALL 21208254 1 0 1706823134
WALL 21208254 1 0 1706823135
WALL 21208254 1 0 1706823136
WALL 21208254 1 0 1706823137
WALL 21208254 1 0 1706823138
WALL 21208254 1 0 1706823139
WALL 21208254 1 0 1706823140
WALL 21208254 1 0 1706823141
WALL 21208254 1 0 1706823142
WALL 21208254 1 0 1706823143
WALL 21208254 1 0 1706823144
WALL 21208254 1 0 1706823145
WALL 21208254 1 0 1706823146
WALL 21208254 1 0 1706823147
WALL 21208254 1 0 1706823148
WALL 21208254 1 0 1706823149
WALL 21208254 1 0 1706823150
WALL 21208254 1 0 1706823151
WALL 21208254 1 0 1706823152
WALL 21208254 1 0 1706823153
WALL 21208254 1 0 1706823154
WALL 21208254 1 0 1706823155
WALL 21208254 1 0 1706823156
WALL 21208254 1 0 1706823157
WALL 21208254 1 0 1706823158
WALL 21208254 1 0 1706823159
WALL 21208254 1 0 1706823160
WALL 21208254 1 0 1706823161
WALL 21208254 1 0 1706823162
WALL 21208254 1 0 1706823163
WALL 21208254 1 0 1706823164
WALL 21208254 1 0 1706823165
WALL 21208254 1 0 1706823166
WALL 21208254 1 0 1706823167
WALL 21208254 1 0 1706823168
WALL 21208254 1 0 1706823169
WALL 21208254 1 0 1706823170
WALL 21208254 1 0 1706823171
WALL 21208254 1 0 1706823172
WALL 21208254 1 0 1706823173
WALL 21208254 1 0 1706823174
WALL 21208254 1 0 1706823175
WALL 21208254 1 0 1706823176
WALL 21208254 1 0 1706823177
WALL 21208254 1 0 1706823178
WALL 21208254 1 0 1706823179
WALL 21208254 1 0 1706823180
WALL 21208254 1 0 1706823181
WALL 21208254 1 0 1706823182
WALL 21208254 1 0 1706823183
WALL 21208254 1 0 1706823184
WALL 21208254 1 0 1706823185
WALL 21208254 1 0 1706823186
WALL 21208254 1 0 1706823187
WALL 21208254 1 0 1706823188
WALL 21208254 1 0 1706823189
WALL 21208254 1 0 1706823190
WALL 21208254 1 0 1706823191
WALL 21208254 1 0 1706823192
WALL 21208254 1 0 1706823193
WALL 21208254 1 0 1706823194
WALL 21208254 1 0 1706823195
WALL 21208254 1 0 1706823196
WALL 21208254 1 0 1706823197
WALL 21208254 1 0 1706823198
WALL 21208254 1 0 1706823199
WALL 21208254 1 0 1706823200
WALL 21208254 1 0 1706823201
WALL 21208254 1 0 1706823202
WALL 21208254 1 0 1706823203
WALL 21208254 1 0 1706823204
WALL 21208254 1 0 1706823205
WALL 21208254 1 0 1706823206
WALL 21208254 1 0 1706823207
WALL 21208254 1 0 1706823208
WALL 21208254 1 0 1706823209
WALL 21208254 1 0 1706823210
WALL 21208254 1 0 1706823211
WALL 21208254 1 0 1706823212
WALL 21208254 1 0 1706823213
WALL 21208254 1 0 1706823214
WALL 21208254 1 0 1706823215
WALL 21208254 1 0 1706823216
WALL 21208254 1 0 1706823217
WALL 21208254 1 0 1706823218
WALL 21208254 1 0 1706823219
WALL 21208254 1 0 1706823220
WALL 21208254 1 0 1706823221
WALL 21208254 1 0 1706823222
WALL 21208254 1 0 1706823223
WALL 21208254 1 0 1706823224
WALL 21208254 1 0 1706823225
WALL 21208254 1 0 1706823226
WALL 21208254 1 0 1706823227
WALL 21208254 1 0 1706823228
WALL 21208254 1 0 1706823229
WALL 21208254 1 0 1706823230
WALL 21208254 1 0 1706823231
WALL 21208254 1 0 1706823232
WALL 21208254 1 0 1706823233
WALL 21208254 1 0 1706823234
WALL 21208254 1 0 1706823235
WALL 21208254 1 0 1706823236
WALL 21208254 1 0 1706823237
WALL 21208254 1 0 1706823238
WALL 21208254 1 0 1706823239
WALL 21208254 1 0 1706823240
WALL 21208254 1 0 1706823241
WALL 21208254 1 0 1706823242
WALL 21208254 1 0 1706823243
WALL 21208254 1 0 1706823244
WALL 21208254 1 0 1706823245
WALL 21208254 1 0 1706823246
WALL 21208254 1 0 1706823247
WALL 21208254 1 0 1706823248
WALL 21208254 1 0 1706823249
WALL 21208254 1 0 1706823250
WALL 21208254 1 0 1706823251
WALL 21208254 1 0 1706823252
WALL 21208254 1 0 1706823253
WALL 21208254 1 0 1706823254
WALL 21208254 1 0 1706823255
WALL 21208254 1 0 1706823256
WALL 21208254 1 0 1706823257
WALL 21208254 1 0 1706823258
WALL 21208254 1 0 1706823259
WALL 21208254 1 0 1706823260
WALL 21208254 1 0 1706823261
WALL 21208254 1 0 1706823262
WALL 21208254 1 0 1706823263
WALL 21208254 1 0 1706823264
WALL 21208254 1 0 1706823265
WALL 21208254 1 0 1706823266
WALL 21208254 1 0 1706823267
WALL 21208254 1 0 1706823268
WALL 21208254 1 0 1706823269
WALL 21208254 1 0 1706823270
WALL 21208254 1 0 1706823271
WALL 21208254 1 0 1706823272
WALL 21208254 1 0 1706823273
WALL 21208254 1 0 1706823274
WALL 21208254 1 0 1706823275
WALL 21208254 1 0 1706823276
WALL 21208254 1 0 1706823277
WALL 21208254 1 0 1706823278
WALL 21208254 1 0 1706823279
WALL 21208254 1 0 1706823280
WALL 21208254 1 0 1706823281
WALL 21208254 1 0 1706823282
WALL 21208254 1 0 1706823283
WALL 21208254 1 0 1706823284
WALL 21208254 1 0 1706823285
WALL 21208254 1 0 1706823286
WALL 21208254 1 0 1706823287
WALL 21208254 1 0 1706823288
WALL 21208254 1 0 1706823289
WALL 21208254 1 0 1706823290
WALL 21208254 1 0 1706823291
WALL 21208254 1 0 1706823292
WALL 21208254 1 0 1706823293
WALL 21208254 1 0 1706823294
WALL 21208254 1 0 1706823295
WALL 21208254 1 0 1706823296
WALL 21208254 1 0 1706823297
WALL 21208254 1 0 1706823298
WALL 21208254 1 0 1706823299
WALL 21208254 1 0 1706823300
WALL 21208254 1 0 1706823301
WALL 21208254 1 0 1706823302
WALL 21208254 1 0 1706823303
WALL 21208254 1 0 1706823304
WALL 21208254 1 0 1706823305
WALL 21208254 1 0 1706823306
WALL 21208254 1 0 1706823307
WALL 21208254 1 0 1706823308
WALL 21208254 1 0 1706823309
WALL 21208254 1 0 1706823310
WALL 21208254 1 0 1706823311
WALL 21208254 1 0 1706823312
WALL 21208254 1 0 1706823313
WALL 21208254 1 0 1706823314
WALL 21208254 1 0 1706823315
WALL 21208254 1 0 1706823316
WALL 21208254 1 0 1706823317
WALL 21208254 1 0 1706823318
WALL 21208254 1 0 1706823319
WALL 21208254 1 0 1706823320
WALL 21208254 1 0 1706823321
WALL 21208254 1 0 1706823322
WALL 21208254 1 0 1706823323
WALL 21208254 1 0 1706823324
WALL 21208254 1 0 1706823325
WALL 21208254 1 0 1706823326
WALL 21208254 1 0 1706823327
WALL 21208254 1 0 1706823328
WALL 21208254 1 0 1706823329
WALL 21208254 1 0 1706823330
WALL 21208254 1 0 1706823331
WALL 21208254 1 0 1706823332
WALL 21208254 1 0 1706823333
WALL 21208254 1 0 1706823334
WALL 21208254 1 0 1706823335
WALL 21208254 1 0 1706823336
WALL 21208254 1 0 1706823337
WALL 21208254 1 0 1706823338
WALL 21208254 1 0 1706823339
WALL 21208254 1 0 1706823340
WALL 21208254 1 0 1706823341
WALL 21208254 1 0 1706823342
WALL 21208254 1 0 1706823343
WALL 21208254 1 0 1706823344
WALL 21208254 1 0 1706823345
WALL 21208254 1 0 1706823346
WALL 21208254 1 0 1706823347
WALL 21208254 1 0 1706823348
WALL 21208254 1 0 1706823349
WALL 21208254 1 0 1706823350
WALL 21208254 1 0 1706823351
WALL 21208254 1 0 1706823352
WALL 21208254 1 0 1706823353
WALL 21208254 1 0 1706823354
WALL 21208254 1 0 1706823355
WALL 21208254 1 0 1706823356
WALL 21208254 1 0 1706823357
WALL 21208254 1 0 1706823358
WALL 21208254 1 0 1706823359
WALL 21208254 1 0 1706823360
WALL 21208254 1 0 1706823361
WALL 21208254 1 0 1706823362
WALL 21208254 1 0 1706823363
WALL 21208254 1 0 1706823364
WALL 21208254 1 0 1706823365
WALL 21208254 1 0 1706823366
WALL 21208254 1 0 1706823367
WALL 21208254 1 0 1706823368
WALL 21208254 1 0 1706823369
WALL 21208254 1 0 1706823370
WALL 21208254 1 0 1706823371
WALL 21208254 1 0 1706823372
WALL 21208254 1 0 1706823373
WALL 21208254 1 0 1706823374
WALL 21208254 1 0 1706823375
WALL 21208254 1 0 1706823376
WALL 21208254 1 0 1706823377
WALL 21208254 1 0 1706823378
WALL 21208254 1 0 1706823379
WALL 21208254 1 0 1706823380
WALL 21208254 1 0 1706823381
WALL 21208254 1 0 1706823382
WALL 21208254 1 0 1706823383
WALL 21208254 1 0 1706823384
WALL 21208254 1 0 1706823385
WALL 21208254 1 0 1706823386
WALL 21208254 1 0 1706823387
WALL 21208254 1 0 1706823388
WALL 21208254 1 0 1706823389
WALL 21208254 1 0 1706823390
WALL 21208254 1 0 1706823391
WALL 21208254 1 0 1706823392
WALL 21208254 1 0 1706823393
WALL 21208254 1 0 1706823394
WALL 21208254 1 0 1706823395
WALL 21208254 1 0 1706823396
WALL 21208254 1 0 1706823397
WALL 21208254 1 0 1706823398
WALL 21208254 1 0 1706823399
WALL 21208254 1 0 1706823400
WALL 21208254 1 0 1706823401
WALL 21208254 1 0 1706823402
WALL 21208254 1 0 1706823403
WALL 21208254 1 0 1706823404
WALL 21208254 1 0 1706823405
WALL 21208254 1 0 1706823406
WALL 21208254 1 0 1706823407
WALL 21208254 1 0 1706823408
WALL 21208254 1 0 1706823409
WALL 21208254 1 0 1706823410
WALL 21208254 1 0 1706823411
WALL 21208254 1 0 1706823412
WALL 21208254 1 0 1706823413
WALL 21208254 1 0 1706823414
WALL 21208254 1 0 1706823415
WALL 21208254 1 0 1706823416
WALL 21208254 1 0 1706823417
WALL 21208254 1 0 1706823418
WALL 21208254 1 0 1706823419
WALL 21208254 1 0 1706823420
WALL 21208254 1 0 1706823421
WALL 21208254 1 0 1706823422
WALL 21208254 1 0 1706823423
WALL 21208254 1 0 1706823424
WALL 21208254 1 0 1706823425
WALL 21208254 1 0 1706823426
WALL 21208254 1 0 1706823427
WALL 21208254 1 0 1706823428
WALL 21208254 1 0 1706823429
WALL 21208254 1 0 1706823430
WALL 21208254 1 0 1706823431
WALL 21208254 1 0 1706823432
WALL 21208254 1 0 1706823433
WALL 21208254 1 0 1706823434
WALL 21208254 1 0 1706823435
WALL 21208254 1 0 1706823436
WALL 21208254 1 0 1706823437
WALL 21208254 1 0 1706823438
WALL 21208254 1 0 1706823439
WALL 21208254 1 0 1706823440
WALL 21208254 1 0 1706823441
WALL 21208254 1 0 1706823442
WALL 21208254 1 0 1706823443
WALL 21208254 1 0 1706823444
WALL 21208254 1 0 1706823445
WALL 21208254 1 0 1706823446
WALL 21208254 1 0 1706823447
WALL 21208254 1 0 1706823448
WALL 21208254 1 0 1706823449
WALL 21208254 1 0 1706823450
WALL 21208254 1 0 1706823451
WALL 21208254 1 0 1706823452
WALL 21208254 1 0 1706823453
WALL 21208254 1 0 1706823454
WALL 21208254 1 0 1706823455
WALL 21208254 1 0 1706823456
WALL 21208254 1 0 1706823457
WALL 21208254 1 0 1706823458
WALL 21208254 1 0 1706823459
WALL 21208254 1 0 1706823460
WALL 21208254 1 0 1706823461
WALL 21208254 1 0 1706823462
WALL 21208254 1 0 1706823463
WALL 21208254 1 0 1706823464
WALL 21208254 1 0 1706823465
WALL 21208254 1 0 1706823466
WALL 21208254 1 0 1706823467
received SIGCONT 1706823467
WALL 21208254 1 0 1706823467
slurmstepd: error: *** STEP 21208254.0 ON nid200070 CANCELLED AT 2024-02-01T21:37:47 ***
received SIGTERM 1706823467
WALL 21208254 1 0 1706823467
WALL 21208254 1 0 1706823468
WALL 21208254 1 0 1706823469
WALL 21208254 1 0 1706823470
WALL 21208254 1 0 1706823471
WALL 21208254 1 0 1706823472
WALL 21208254 1 0 1706823473
WALL 21208254 1 0 1706823474
WALL 21208254 1 0 1706823475
WALL 21208254 1 0 1706823476
WALL 21208254 1 0 1706823477
WALL 21208254 1 0 1706823478
WALL 21208254 1 0 1706823479
WALL 21208254 1 0 1706823480
WALL 21208254 1 0 1706823481
WALL 21208254 1 0 1706823482
WALL 21208254 1 0 1706823483
WALL 21208254 1 0 1706823484
WALL 21208254 1 0 1706823485
WALL 21208254 1 0 1706823486
WALL 21208254 1 0 1706823487
WALL 21208254 1 0 1706823488
WALL 21208254 1 0 1706823489
WALL 21208254 1 0 1706823490
WALL 21208254 1 0 1706823491
WALL 21208254 1 0 1706823492
WALL 21208254 1 0 1706823493
WALL 21208254 1 0 1706823494
WALL 21208254 1 0 1706823495
WALL 21208254 1 0 1706823496
WALL 21208254 1 0 1706823497
WALL 21208254 1 0 1706823498
WALL 21208254 1 0 1706823499
WALL 21208254 1 0 1706823500
WALL 21208254 1 0 1706823501
WALL 21208254 1 0 1706823502
WALL 21208254 1 0 1706823503
WALL 21208254 1 0 1706823504
WALL 21208254 1 0 1706823505
WALL 21208254 1 0 1706823506
WALL 21208254 1 0 1706823507
WALL 21208254 1 0 1706823508
WALL 21208254 1 0 1706823509
WALL 21208254 1 0 1706823510
WALL 21208254 1 0 1706823511
WALL 21208254 1 0 1706823512
WALL 21208254 1 0 1706823513
WALL 21208254 1 0 1706823514
WALL 21208254 1 0 1706823515
WALL 21208254 1 0 1706823516
WALL 21208254 1 0 1706823517
WALL 21208254 1 0 1706823518
WALL 21208254 1 0 1706823519
WALL 21208254 1 0 1706823520
WALL 21208254 1 0 1706823521
WALL 21208254 1 0 1706823522
WALL 21208254 1 0 1706823523
WALL 21208254 1 0 1706823524
WALL 21208254 1 0 1706823525
WALL 21208254 1 0 1706823526
WALL 21208254 1 0 1706823527
WALL 21208254 1 0 1706823528
WALL 21208254 1 0 1706823529
WALL 21208254 1 0 1706823530
WALL 21208254 1 0 1706823531
WALL 21208254 1 0 1706823532
WALL 21208254 1 0 1706823533
WALL 21208254 1 0 1706823534
WALL 21208254 1 0 1706823535
WALL 21208254 1 0 1706823536
WALL 21208254 1 0 1706823537
WALL 21208254 1 0 1706823538
slurmstepd: error: *** JOB 21208254 ON nid200070 CANCELLED AT 2024-02-01T21:38:58 DUE TO PREEMPTION ***
received SIGTERM 1706823538
WALL 21208254 1 0 1706823538
received SIGCONT 1706823538
WALL 21208254 1 0 1706823538
received SIGTERM 1706823538
WALL 21208254 1 0 1706823538
