WALL 21209491 1 0 1706824422
WALL 21209491 1 0 1706824423
WALL 21209491 1 0 1706824424
WALL 21209491 1 0 1706824425
WALL 21209491 1 0 1706824426
WALL 21209491 1 0 1706824427
WALL 21209491 1 0 1706824428
WALL 21209491 1 0 1706824429
WALL 21209491 1 0 1706824430
WALL 21209491 1 0 1706824431
WALL 21209491 1 0 1706824432
WALL 21209491 1 0 1706824433
WALL 21209491 1 0 1706824434
WALL 21209491 1 0 1706824435
WALL 21209491 1 0 1706824436
WALL 21209491 1 0 1706824437
WALL 21209491 1 0 1706824438
WALL 21209491 1 0 1706824439
WALL 21209491 1 0 1706824440
WALL 21209491 1 0 1706824441
WALL 21209491 1 0 1706824442
WALL 21209491 1 0 1706824443
WALL 21209491 1 0 1706824444
WALL 21209491 1 0 1706824445
WALL 21209491 1 0 1706824446
WALL 21209491 1 0 1706824447
WALL 21209491 1 0 1706824448
WALL 21209491 1 0 1706824449
WALL 21209491 1 0 1706824450
WALL 21209491 1 0 1706824451
WALL 21209491 1 0 1706824452
WALL 21209491 1 0 1706824453
WALL 21209491 1 0 1706824454
WALL 21209491 1 0 1706824455
WALL 21209491 1 0 1706824456
WALL 21209491 1 0 1706824457
WALL 21209491 1 0 1706824458
srun: Job step aborted: Waiting up to 32 seconds for job step to finish.
received SIGCONT 1706824459
WALL 21209491 1 0 1706824459
slurmstepd: error: *** STEP 21209491.0 ON nid200033 CANCELLED AT 2024-02-01T21:54:19 ***
received SIGTERM 1706824459
slurmstepd: error: *** JOB 21209491 ON nid200033 CANCELLED AT 2024-02-01T21:54:19 ***
WALL 21209491 1 0 1706824459
