WALL 21204575 1 0 1706819103
WALL 21204575 1 0 1706819104
WALL 21204575 1 0 1706819105
slurmstepd: error: *** STEP 21204575.0 ON nid200143 CANCELLED AT 2024-02-01T20:25:06 ***
received SIGTERM 1706819106
WALL 21204575 1 0 1706819106
received SIGCONT 1706819106
WALL 21204575 1 0 1706819106
WALL 21204575 1 0 1706819107
WALL 21204575 1 0 1706819108
WALL 21204575 1 0 1706819109
WALL 21204575 1 0 1706819110
WALL 21204575 1 0 1706819111
WALL 21204575 1 0 1706819112
WALL 21204575 1 0 1706819113
WALL 21204575 1 0 1706819114
WALL 21204575 1 0 1706819115
WALL 21204575 1 0 1706819116
WALL 21204575 1 0 1706819117
WALL 21204575 1 0 1706819118
WALL 21204575 1 0 1706819119
WALL 21204575 1 0 1706819120
WALL 21204575 1 0 1706819121
WALL 21204575 1 0 1706819122
WALL 21204575 1 0 1706819123
WALL 21204575 1 0 1706819124
WALL 21204575 1 0 1706819125
WALL 21204575 1 0 1706819126
WALL 21204575 1 0 1706819127
WALL 21204575 1 0 1706819128
WALL 21204575 1 0 1706819129
WALL 21204575 1 0 1706819130
WALL 21204575 1 0 1706819131
WALL 21204575 1 0 1706819132
WALL 21204575 1 0 1706819133
WALL 21204575 1 0 1706819134
WALL 21204575 1 0 1706819135
WALL 21204575 1 0 1706819136
WALL 21204575 1 0 1706819137
WALL 21204575 1 0 1706819138
WALL 21204575 1 0 1706819139
WALL 21204575 1 0 1706819140
WALL 21204575 1 0 1706819141
WALL 21204575 1 0 1706819142
WALL 21204575 1 0 1706819143
WALL 21204575 1 0 1706819144
WALL 21204575 1 0 1706819145
WALL 21204575 1 0 1706819146
WALL 21204575 1 0 1706819147
WALL 21204575 1 0 1706819148
WALL 21204575 1 0 1706819149
WALL 21204575 1 0 1706819150
WALL 21204575 1 0 1706819151
WALL 21204575 1 0 1706819152
WALL 21204575 1 0 1706819153
WALL 21204575 1 0 1706819154
WALL 21204575 1 0 1706819155
WALL 21204575 1 0 1706819156
WALL 21204575 1 0 1706819157
WALL 21204575 1 0 1706819158
WALL 21204575 1 0 1706819159
WALL 21204575 1 0 1706819160
WALL 21204575 1 0 1706819161
WALL 21204575 1 0 1706819162
WALL 21204575 1 0 1706819163
WALL 21204575 1 0 1706819164
WALL 21204575 1 0 1706819165
WALL 21204575 1 0 1706819166
WALL 21204575 1 0 1706819167
WALL 21204575 1 0 1706819168
WALL 21204575 1 0 1706819169
WALL 21204575 1 0 1706819170
WALL 21204575 1 0 1706819171
WALL 21204575 1 0 1706819172
WALL 21204575 1 0 1706819173
WALL 21204575 1 0 1706819174
slurmstepd: error: *** JOB 21204575 ON nid200143 CANCELLED AT 2024-02-01T20:26:15 DUE TO PREEMPTION ***
received SIGTERM 1706819175
WALL 21204575 1 0 1706819175
received SIGCONT 1706819175
WALL 21204575 1 0 1706819175
received SIGTERM 1706819175
WALL 21204575 1 0 1706819175
