WALL 21149651 1 0 1706737844
WALL 21149651 1 0 1706737845
WALL 21149651 1 0 1706737846
WALL 21149651 1 0 1706737847
WALL 21149651 1 0 1706737848
WALL 21149651 1 0 1706737849
WALL 21149651 1 0 1706737850
WALL 21149651 1 0 1706737851
WALL 21149651 1 0 1706737852
WALL 21149651 1 0 1706737853
WALL 21149651 1 0 1706737854
WALL 21149651 1 0 1706737855
WALL 21149651 1 0 1706737856
WALL 21149651 1 0 1706737857
WALL 21149651 1 0 1706737858
WALL 21149651 1 0 1706737859
WALL 21149651 1 0 1706737860
WALL 21149651 1 0 1706737861
WALL 21149651 1 0 1706737862
WALL 21149651 1 0 1706737863
WALL 21149651 1 0 1706737864
WALL 21149651 1 0 1706737865
WALL 21149651 1 0 1706737866
WALL 21149651 1 0 1706737867
WALL 21149651 1 0 1706737868
WALL 21149651 1 0 1706737869
WALL 21149651 1 0 1706737870
WALL 21149651 1 0 1706737871
WALL 21149651 1 0 1706737872
WALL 21149651 1 0 1706737873
WALL 21149651 1 0 1706737874
WALL 21149651 1 0 1706737875
WALL 21149651 1 0 1706737876
WALL 21149651 1 0 1706737877
WALL 21149651 1 0 1706737878
WALL 21149651 1 0 1706737879
WALL 21149651 1 0 1706737880
WALL 21149651 1 0 1706737881
WALL 21149651 1 0 1706737882
WALL 21149651 1 0 1706737883
WALL 21149651 1 0 1706737884
WALL 21149651 1 0 1706737885
WALL 21149651 1 0 1706737886
WALL 21149651 1 0 1706737887
WALL 21149651 1 0 1706737888
WALL 21149651 1 0 1706737889
WALL 21149651 1 0 1706737890
WALL 21149651 1 0 1706737891
WALL 21149651 1 0 1706737892
WALL 21149651 1 0 1706737893
WALL 21149651 1 0 1706737894
WALL 21149651 1 0 1706737895
WALL 21149651 1 0 1706737896
WALL 21149651 1 0 1706737897
WALL 21149651 1 0 1706737898
WALL 21149651 1 0 1706737899
WALL 21149651 1 0 1706737900
WALL 21149651 1 0 1706737901
WALL 21149651 1 0 1706737902
WALL 21149651 1 0 1706737903
WALL 21149651 1 0 1706737904
WALL 21149651 1 0 1706737905
WALL 21149651 1 0 1706737906
WALL 21149651 1 0 1706737907
WALL 21149651 1 0 1706737908
WALL 21149651 1 0 1706737909
WALL 21149651 1 0 1706737910
WALL 21149651 1 0 1706737911
WALL 21149651 1 0 1706737912
WALL 21149651 1 0 1706737913
WALL 21149651 1 0 1706737914
WALL 21149651 1 0 1706737915
WALL 21149651 1 0 1706737916
WALL 21149651 1 0 1706737917
WALL 21149651 1 0 1706737918
WALL 21149651 1 0 1706737919
WALL 21149651 1 0 1706737920
WALL 21149651 1 0 1706737921
WALL 21149651 1 0 1706737922
WALL 21149651 1 0 1706737923
WALL 21149651 1 0 1706737924
WALL 21149651 1 0 1706737925
WALL 21149651 1 0 1706737926
WALL 21149651 1 0 1706737927
WALL 21149651 1 0 1706737928
WALL 21149651 1 0 1706737929
WALL 21149651 1 0 1706737930
WALL 21149651 1 0 1706737931
WALL 21149651 1 0 1706737932
WALL 21149651 1 0 1706737933
WALL 21149651 1 0 1706737934
WALL 21149651 1 0 1706737935
WALL 21149651 1 0 1706737936
WALL 21149651 1 0 1706737937
WALL 21149651 1 0 1706737938
WALL 21149651 1 0 1706737939
WALL 21149651 1 0 1706737940
WALL 21149651 1 0 1706737941
WALL 21149651 1 0 1706737942
WALL 21149651 1 0 1706737943
WALL 21149651 1 0 1706737944
WALL 21149651 1 0 1706737945
WALL 21149651 1 0 1706737946
WALL 21149651 1 0 1706737947
WALL 21149651 1 0 1706737948
WALL 21149651 1 0 1706737949
WALL 21149651 1 0 1706737950
WALL 21149651 1 0 1706737951
WALL 21149651 1 0 1706737952
WALL 21149651 1 0 1706737953
WALL 21149651 1 0 1706737954
WALL 21149651 1 0 1706737955
WALL 21149651 1 0 1706737956
WALL 21149651 1 0 1706737957
WALL 21149651 1 0 1706737958
WALL 21149651 1 0 1706737959
WALL 21149651 1 0 1706737960
WALL 21149651 1 0 1706737961
WALL 21149651 1 0 1706737962
WALL 21149651 1 0 1706737963
WALL 21149651 1 0 1706737964
WALL 21149651 1 0 1706737965
WALL 21149651 1 0 1706737966
WALL 21149651 1 0 1706737967
WALL 21149651 1 0 1706737968
WALL 21149651 1 0 1706737969
WALL 21149651 1 0 1706737970
WALL 21149651 1 0 1706737971
WALL 21149651 1 0 1706737972
WALL 21149651 1 0 1706737973
WALL 21149651 1 0 1706737974
WALL 21149651 1 0 1706737975
WALL 21149651 1 0 1706737976
WALL 21149651 1 0 1706737977
WALL 21149651 1 0 1706737978
WALL 21149651 1 0 1706737979
WALL 21149651 1 0 1706737980
WALL 21149651 1 0 1706737981
WALL 21149651 1 0 1706737982
WALL 21149651 1 0 1706737983
WALL 21149651 1 0 1706737984
WALL 21149651 1 0 1706737985
WALL 21149651 1 0 1706737986
WALL 21149651 1 0 1706737987
WALL 21149651 1 0 1706737988
WALL 21149651 1 0 1706737989
WALL 21149651 1 0 1706737990
WALL 21149651 1 0 1706737991
WALL 21149651 1 0 1706737992
WALL 21149651 1 0 1706737993
WALL 21149651 1 0 1706737994
WALL 21149651 1 0 1706737995
WALL 21149651 1 0 1706737996
WALL 21149651 1 0 1706737997
WALL 21149651 1 0 1706737998
WALL 21149651 1 0 1706737999
WALL 21149651 1 0 1706738000
WALL 21149651 1 0 1706738001
WALL 21149651 1 0 1706738002
WALL 21149651 1 0 1706738003
WALL 21149651 1 0 1706738004
WALL 21149651 1 0 1706738005
WALL 21149651 1 0 1706738006
WALL 21149651 1 0 1706738007
WALL 21149651 1 0 1706738008
WALL 21149651 1 0 1706738009
WALL 21149651 1 0 1706738010
WALL 21149651 1 0 1706738011
WALL 21149651 1 0 1706738012
WALL 21149651 1 0 1706738013
WALL 21149651 1 0 1706738014
WALL 21149651 1 0 1706738015
WALL 21149651 1 0 1706738016
WALL 21149651 1 0 1706738017
WALL 21149651 1 0 1706738018
WALL 21149651 1 0 1706738019
WALL 21149651 1 0 1706738020
WALL 21149651 1 0 1706738021
WALL 21149651 1 0 1706738022
WALL 21149651 1 0 1706738023
WALL 21149651 1 0 1706738024
WALL 21149651 1 0 1706738025
WALL 21149651 1 0 1706738026
WALL 21149651 1 0 1706738027
WALL 21149651 1 0 1706738028
WALL 21149651 1 0 1706738029
WALL 21149651 1 0 1706738030
WALL 21149651 1 0 1706738031
WALL 21149651 1 0 1706738032
WALL 21149651 1 0 1706738033
WALL 21149651 1 0 1706738034
WALL 21149651 1 0 1706738035
WALL 21149651 1 0 1706738036
WALL 21149651 1 0 1706738037
WALL 21149651 1 0 1706738038
WALL 21149651 1 0 1706738039
WALL 21149651 1 0 1706738040
WALL 21149651 1 0 1706738041
WALL 21149651 1 0 1706738042
WALL 21149651 1 0 1706738043
WALL 21149651 1 0 1706738044
WALL 21149651 1 0 1706738045
WALL 21149651 1 0 1706738046
WALL 21149651 1 0 1706738047
WALL 21149651 1 0 1706738048
WALL 21149651 1 0 1706738049
WALL 21149651 1 0 1706738050
WALL 21149651 1 0 1706738051
WALL 21149651 1 0 1706738052
WALL 21149651 1 0 1706738053
WALL 21149651 1 0 1706738054
WALL 21149651 1 0 1706738055
WALL 21149651 1 0 1706738056
WALL 21149651 1 0 1706738057
WALL 21149651 1 0 1706738058
WALL 21149651 1 0 1706738059
WALL 21149651 1 0 1706738060
WALL 21149651 1 0 1706738061
WALL 21149651 1 0 1706738062
WALL 21149651 1 0 1706738063
WALL 21149651 1 0 1706738064
WALL 21149651 1 0 1706738065
WALL 21149651 1 0 1706738066
WALL 21149651 1 0 1706738067
WALL 21149651 1 0 1706738068
WALL 21149651 1 0 1706738069
WALL 21149651 1 0 1706738070
WALL 21149651 1 0 1706738071
WALL 21149651 1 0 1706738072
WALL 21149651 1 0 1706738073
WALL 21149651 1 0 1706738074
WALL 21149651 1 0 1706738075
WALL 21149651 1 0 1706738076
WALL 21149651 1 0 1706738077
WALL 21149651 1 0 1706738078
WALL 21149651 1 0 1706738079
WALL 21149651 1 0 1706738080
WALL 21149651 1 0 1706738081
WALL 21149651 1 0 1706738082
WALL 21149651 1 0 1706738083
received SIGCONT 1706738083
WALL 21149651 1 0 1706738083
slurmstepd: error: *** STEP 21149651.0 ON nid200024 CANCELLED AT 2024-01-31T21:54:43 ***
received SIGTERM 1706738083
WALL 21149651 1 0 1706738083
WALL 21149651 1 0 1706738084
WALL 21149651 1 0 1706738085
WALL 21149651 1 0 1706738086
WALL 21149651 1 0 1706738087
WALL 21149651 1 0 1706738088
WALL 21149651 1 0 1706738089
WALL 21149651 1 0 1706738090
WALL 21149651 1 0 1706738091
WALL 21149651 1 0 1706738092
WALL 21149651 1 0 1706738093
WALL 21149651 1 0 1706738094
WALL 21149651 1 0 1706738095
WALL 21149651 1 0 1706738096
WALL 21149651 1 0 1706738097
WALL 21149651 1 0 1706738098
WALL 21149651 1 0 1706738099
WALL 21149651 1 0 1706738100
WALL 21149651 1 0 1706738101
WALL 21149651 1 0 1706738102
WALL 21149651 1 0 1706738103
WALL 21149651 1 0 1706738104
WALL 21149651 1 0 1706738105
WALL 21149651 1 0 1706738106
WALL 21149651 1 0 1706738107
WALL 21149651 1 0 1706738108
WALL 21149651 1 0 1706738109
WALL 21149651 1 0 1706738110
WALL 21149651 1 0 1706738111
WALL 21149651 1 0 1706738112
WALL 21149651 1 0 1706738113
WALL 21149651 1 0 1706738114
WALL 21149651 1 0 1706738115
WALL 21149651 1 0 1706738116
WALL 21149651 1 0 1706738117
WALL 21149651 1 0 1706738118
WALL 21149651 1 0 1706738119
WALL 21149651 1 0 1706738120
WALL 21149651 1 0 1706738121
WALL 21149651 1 0 1706738122
WALL 21149651 1 0 1706738123
WALL 21149651 1 0 1706738124
WALL 21149651 1 0 1706738125
WALL 21149651 1 0 1706738126
WALL 21149651 1 0 1706738127
WALL 21149651 1 0 1706738128
WALL 21149651 1 0 1706738129
WALL 21149651 1 0 1706738130
WALL 21149651 1 0 1706738131
WALL 21149651 1 0 1706738132
WALL 21149651 1 0 1706738133
WALL 21149651 1 0 1706738134
WALL 21149651 1 0 1706738135
WALL 21149651 1 0 1706738136
WALL 21149651 1 0 1706738137
WALL 21149651 1 0 1706738138
WALL 21149651 1 0 1706738139
WALL 21149651 1 0 1706738140
WALL 21149651 1 0 1706738141
WALL 21149651 1 0 1706738142
WALL 21149651 1 0 1706738143
WALL 21149651 1 0 1706738144
WALL 21149651 1 0 1706738145
WALL 21149651 1 0 1706738146
WALL 21149651 1 0 1706738147
WALL 21149651 1 0 1706738148
WALL 21149651 1 0 1706738149
WALL 21149651 1 0 1706738150
WALL 21149651 1 0 1706738151
WALL 21149651 1 0 1706738152
WALL 21149651 1 0 1706738153
WALL 21149651 1 0 1706738154
WALL 21149651 1 0 1706738155
WALL 21149651 1 0 1706738156
slurmstepd: error: *** JOB 21149651 ON nid200024 CANCELLED AT 2024-01-31T21:55:57 DUE TO PREEMPTION ***
received SIGTERM 1706738157
WALL 21149651 1 0 1706738157
received SIGCONT 1706738157
WALL 21149651 1 0 1706738157
received SIGTERM 1706738157
WALL 21149651 1 0 1706738157
