WALL 21211998 1 0 1706832118
WALL 21211998 1 0 1706832119
WALL 21211998 1 0 1706832120
WALL 21211998 1 0 1706832121
WALL 21211998 1 0 1706832122
WALL 21211998 1 0 1706832123
WALL 21211998 1 0 1706832124
WALL 21211998 1 0 1706832125
WALL 21211998 1 0 1706832126
WALL 21211998 1 0 1706832127
WALL 21211998 1 0 1706832128
WALL 21211998 1 0 1706832129
WALL 21211998 1 0 1706832130
WALL 21211998 1 0 1706832131
WALL 21211998 1 0 1706832132
WALL 21211998 1 0 1706832133
WALL 21211998 1 0 1706832134
WALL 21211998 1 0 1706832135
WALL 21211998 1 0 1706832136
WALL 21211998 1 0 1706832137
WALL 21211998 1 0 1706832138
WALL 21211998 1 0 1706832139
WALL 21211998 1 0 1706832140
WALL 21211998 1 0 1706832141
WALL 21211998 1 0 1706832142
WALL 21211998 1 0 1706832143
WALL 21211998 1 0 1706832144
WALL 21211998 1 0 1706832145
WALL 21211998 1 0 1706832146
WALL 21211998 1 0 1706832147
WALL 21211998 1 0 1706832148
WALL 21211998 1 0 1706832149
WALL 21211998 1 0 1706832150
WALL 21211998 1 0 1706832151
WALL 21211998 1 0 1706832152
WALL 21211998 1 0 1706832153
WALL 21211998 1 0 1706832154
WALL 21211998 1 0 1706832155
WALL 21211998 1 0 1706832156
WALL 21211998 1 0 1706832157
WALL 21211998 1 0 1706832158
WALL 21211998 1 0 1706832159
WALL 21211998 1 0 1706832160
WALL 21211998 1 0 1706832161
WALL 21211998 1 0 1706832162
WALL 21211998 1 0 1706832163
WALL 21211998 1 0 1706832164
WALL 21211998 1 0 1706832165
WALL 21211998 1 0 1706832166
WALL 21211998 1 0 1706832167
WALL 21211998 1 0 1706832168
WALL 21211998 1 0 1706832169
WALL 21211998 1 0 1706832170
WALL 21211998 1 0 1706832171
WALL 21211998 1 0 1706832172
WALL 21211998 1 0 1706832173
WALL 21211998 1 0 1706832174
WALL 21211998 1 0 1706832175
WALL 21211998 1 0 1706832176
WALL 21211998 1 0 1706832177
WALL 21211998 1 0 1706832178
WALL 21211998 1 0 1706832179
WALL 21211998 1 0 1706832180
WALL 21211998 1 0 1706832181
WALL 21211998 1 0 1706832182
WALL 21211998 1 0 1706832183
WALL 21211998 1 0 1706832184
WALL 21211998 1 0 1706832185
WALL 21211998 1 0 1706832186
WALL 21211998 1 0 1706832187
WALL 21211998 1 0 1706832188
WALL 21211998 1 0 1706832189
WALL 21211998 1 0 1706832190
WALL 21211998 1 0 1706832191
WALL 21211998 1 0 1706832192
WALL 21211998 1 0 1706832193
WALL 21211998 1 0 1706832194
WALL 21211998 1 0 1706832195
WALL 21211998 1 0 1706832196
WALL 21211998 1 0 1706832197
WALL 21211998 1 0 1706832198
WALL 21211998 1 0 1706832199
WALL 21211998 1 0 1706832200
WALL 21211998 1 0 1706832201
WALL 21211998 1 0 1706832202
WALL 21211998 1 0 1706832203
WALL 21211998 1 0 1706832204
WALL 21211998 1 0 1706832205
WALL 21211998 1 0 1706832206
WALL 21211998 1 0 1706832207
WALL 21211998 1 0 1706832208
WALL 21211998 1 0 1706832209
WALL 21211998 1 0 1706832210
WALL 21211998 1 0 1706832211
WALL 21211998 1 0 1706832212
WALL 21211998 1 0 1706832213
WALL 21211998 1 0 1706832214
WALL 21211998 1 0 1706832215
WALL 21211998 1 0 1706832216
WALL 21211998 1 0 1706832217
WALL 21211998 1 0 1706832218
WALL 21211998 1 0 1706832219
WALL 21211998 1 0 1706832220
WALL 21211998 1 0 1706832221
WALL 21211998 1 0 1706832222
WALL 21211998 1 0 1706832223
WALL 21211998 1 0 1706832224
WALL 21211998 1 0 1706832225
WALL 21211998 1 0 1706832226
WALL 21211998 1 0 1706832227
WALL 21211998 1 0 1706832228
WALL 21211998 1 0 1706832229
WALL 21211998 1 0 1706832230
WALL 21211998 1 0 1706832231
WALL 21211998 1 0 1706832232
WALL 21211998 1 0 1706832233
WALL 21211998 1 0 1706832234
WALL 21211998 1 0 1706832235
received SIGCONT 1706832236
WALL 21211998 1 0 1706832236
slurmstepd: error: *** STEP 21211998.0 ON nid200073 CANCELLED AT 2024-02-02T00:03:56 ***
received SIGTERM 1706832236
WALL 21211998 1 0 1706832236
WALL 21211998 1 0 1706832237
WALL 21211998 1 0 1706832238
WALL 21211998 1 0 1706832239
WALL 21211998 1 0 1706832240
WALL 21211998 1 0 1706832241
WALL 21211998 1 0 1706832242
WALL 21211998 1 0 1706832243
WALL 21211998 1 0 1706832244
WALL 21211998 1 0 1706832245
WALL 21211998 1 0 1706832246
WALL 21211998 1 0 1706832247
WALL 21211998 1 0 1706832248
WALL 21211998 1 0 1706832249
WALL 21211998 1 0 1706832250
WALL 21211998 1 0 1706832251
WALL 21211998 1 0 1706832252
WALL 21211998 1 0 1706832253
WALL 21211998 1 0 1706832254
WALL 21211998 1 0 1706832255
WALL 21211998 1 0 1706832256
WALL 21211998 1 0 1706832257
WALL 21211998 1 0 1706832258
WALL 21211998 1 0 1706832259
WALL 21211998 1 0 1706832260
WALL 21211998 1 0 1706832261
WALL 21211998 1 0 1706832262
WALL 21211998 1 0 1706832263
WALL 21211998 1 0 1706832264
WALL 21211998 1 0 1706832265
WALL 21211998 1 0 1706832266
WALL 21211998 1 0 1706832267
WALL 21211998 1 0 1706832268
WALL 21211998 1 0 1706832269
WALL 21211998 1 0 1706832270
WALL 21211998 1 0 1706832271
WALL 21211998 1 0 1706832272
WALL 21211998 1 0 1706832273
WALL 21211998 1 0 1706832274
WALL 21211998 1 0 1706832275
WALL 21211998 1 0 1706832276
WALL 21211998 1 0 1706832277
WALL 21211998 1 0 1706832278
WALL 21211998 1 0 1706832279
WALL 21211998 1 0 1706832280
WALL 21211998 1 0 1706832281
WALL 21211998 1 0 1706832282
WALL 21211998 1 0 1706832283
WALL 21211998 1 0 1706832284
WALL 21211998 1 0 1706832285
WALL 21211998 1 0 1706832286
WALL 21211998 1 0 1706832287
WALL 21211998 1 0 1706832288
WALL 21211998 1 0 1706832289
WALL 21211998 1 0 1706832290
WALL 21211998 1 0 1706832291
WALL 21211998 1 0 1706832292
WALL 21211998 1 0 1706832293
WALL 21211998 1 0 1706832294
WALL 21211998 1 0 1706832295
WALL 21211998 1 0 1706832296
WALL 21211998 1 0 1706832297
WALL 21211998 1 0 1706832298
WALL 21211998 1 0 1706832299
WALL 21211998 1 0 1706832300
WALL 21211998 1 0 1706832301
WALL 21211998 1 0 1706832302
WALL 21211998 1 0 1706832303
WALL 21211998 1 0 1706832304
WALL 21211998 1 0 1706832305
WALL 21211998 1 0 1706832306
WALL 21211998 1 0 1706832307
WALL 21211998 1 0 1706832308
WALL 21211998 1 0 1706832309
WALL 21211998 1 0 1706832310
WALL 21211998 1 0 1706832311
WALL 21211998 1 0 1706832312
WALL 21211998 1 0 1706832313
WALL 21211998 1 0 1706832314
WALL 21211998 1 0 1706832315
WALL 21211998 1 0 1706832316
slurmstepd: error: *** JOB 21211998 ON nid200073 CANCELLED AT 2024-02-02T00:05:16 DUE TO PREEMPTION ***
received SIGTERM 1706832316
WALL 21211998 1 0 1706832316
received SIGCONT 1706832316
WALL 21211998 1 0 1706832316
received SIGTERM 1706832316
WALL 21211998 1 0 1706832316
