WALL 21088565 1 0 1706660011
WALL 21088565 1 0 1706660012
WALL 21088565 1 0 1706660013
WALL 21088565 1 0 1706660014
WALL 21088565 1 0 1706660015
WALL 21088565 1 0 1706660016
WALL 21088565 1 0 1706660017
WALL 21088565 1 0 1706660018
WALL 21088565 1 0 1706660019
WALL 21088565 1 0 1706660020
WALL 21088565 1 0 1706660021
WALL 21088565 1 0 1706660022
WALL 21088565 1 0 1706660023
WALL 21088565 1 0 1706660024
WALL 21088565 1 0 1706660025
WALL 21088565 1 0 1706660026
WALL 21088565 1 0 1706660027
WALL 21088565 1 0 1706660028
WALL 21088565 1 0 1706660029
WALL 21088565 1 0 1706660030
WALL 21088565 1 0 1706660031
WALL 21088565 1 0 1706660032
WALL 21088565 1 0 1706660033
WALL 21088565 1 0 1706660034
WALL 21088565 1 0 1706660035
WALL 21088565 1 0 1706660036
WALL 21088565 1 0 1706660037
WALL 21088565 1 0 1706660038
WALL 21088565 1 0 1706660039
WALL 21088565 1 0 1706660040
WALL 21088565 1 0 1706660041
WALL 21088565 1 0 1706660042
WALL 21088565 1 0 1706660043
WALL 21088565 1 0 1706660044
WALL 21088565 1 0 1706660045
WALL 21088565 1 0 1706660046
WALL 21088565 1 0 1706660047
WALL 21088565 1 0 1706660048
WALL 21088565 1 0 1706660049
WALL 21088565 1 0 1706660050
WALL 21088565 1 0 1706660051
WALL 21088565 1 0 1706660052
WALL 21088565 1 0 1706660053
WALL 21088565 1 0 1706660054
WALL 21088565 1 0 1706660055
WALL 21088565 1 0 1706660056
WALL 21088565 1 0 1706660057
WALL 21088565 1 0 1706660058
WALL 21088565 1 0 1706660059
WALL 21088565 1 0 1706660060
WALL 21088565 1 0 1706660061
WALL 21088565 1 0 1706660062
WALL 21088565 1 0 1706660063
WALL 21088565 1 0 1706660064
WALL 21088565 1 0 1706660065
WALL 21088565 1 0 1706660066
WALL 21088565 1 0 1706660067
WALL 21088565 1 0 1706660068
WALL 21088565 1 0 1706660069
WALL 21088565 1 0 1706660070
WALL 21088565 1 0 1706660071
WALL 21088565 1 0 1706660072
WALL 21088565 1 0 1706660073
WALL 21088565 1 0 1706660074
WALL 21088565 1 0 1706660075
WALL 21088565 1 0 1706660076
WALL 21088565 1 0 1706660077
WALL 21088565 1 0 1706660078
WALL 21088565 1 0 1706660079
WALL 21088565 1 0 1706660080
WALL 21088565 1 0 1706660081
WALL 21088565 1 0 1706660082
WALL 21088565 1 0 1706660083
WALL 21088565 1 0 1706660084
WALL 21088565 1 0 1706660085
WALL 21088565 1 0 1706660086
WALL 21088565 1 0 1706660087
WALL 21088565 1 0 1706660088
WALL 21088565 1 0 1706660089
WALL 21088565 1 0 1706660090
WALL 21088565 1 0 1706660091
WALL 21088565 1 0 1706660092
WALL 21088565 1 0 1706660093
WALL 21088565 1 0 1706660094
WALL 21088565 1 0 1706660095
WALL 21088565 1 0 1706660096
WALL 21088565 1 0 1706660097
WALL 21088565 1 0 1706660098
WALL 21088565 1 0 1706660099
WALL 21088565 1 0 1706660100
WALL 21088565 1 0 1706660101
WALL 21088565 1 0 1706660102
WALL 21088565 1 0 1706660103
WALL 21088565 1 0 1706660104
WALL 21088565 1 0 1706660105
WALL 21088565 1 0 1706660106
WALL 21088565 1 0 1706660107
WALL 21088565 1 0 1706660108
WALL 21088565 1 0 1706660109
WALL 21088565 1 0 1706660110
WALL 21088565 1 0 1706660111
WALL 21088565 1 0 1706660112
WALL 21088565 1 0 1706660113
WALL 21088565 1 0 1706660114
WALL 21088565 1 0 1706660115
WALL 21088565 1 0 1706660116
WALL 21088565 1 0 1706660117
WALL 21088565 1 0 1706660118
WALL 21088565 1 0 1706660119
WALL 21088565 1 0 1706660120
WALL 21088565 1 0 1706660121
WALL 21088565 1 0 1706660122
WALL 21088565 1 0 1706660123
WALL 21088565 1 0 1706660124
WALL 21088565 1 0 1706660125
WALL 21088565 1 0 1706660126
WALL 21088565 1 0 1706660127
WALL 21088565 1 0 1706660128
WALL 21088565 1 0 1706660129
WALL 21088565 1 0 1706660130
WALL 21088565 1 0 1706660131
WALL 21088565 1 0 1706660132
WALL 21088565 1 0 1706660133
WALL 21088565 1 0 1706660134
WALL 21088565 1 0 1706660135
WALL 21088565 1 0 1706660136
WALL 21088565 1 0 1706660137
WALL 21088565 1 0 1706660138
WALL 21088565 1 0 1706660139
WALL 21088565 1 0 1706660140
WALL 21088565 1 0 1706660141
WALL 21088565 1 0 1706660142
WALL 21088565 1 0 1706660143
WALL 21088565 1 0 1706660144
WALL 21088565 1 0 1706660145
WALL 21088565 1 0 1706660146
WALL 21088565 1 0 1706660147
WALL 21088565 1 0 1706660148
WALL 21088565 1 0 1706660149
WALL 21088565 1 0 1706660150
WALL 21088565 1 0 1706660151
WALL 21088565 1 0 1706660152
WALL 21088565 1 0 1706660153
WALL 21088565 1 0 1706660154
WALL 21088565 1 0 1706660155
WALL 21088565 1 0 1706660156
WALL 21088565 1 0 1706660157
WALL 21088565 1 0 1706660158
WALL 21088565 1 0 1706660159
WALL 21088565 1 0 1706660160
WALL 21088565 1 0 1706660161
WALL 21088565 1 0 1706660162
WALL 21088565 1 0 1706660163
WALL 21088565 1 0 1706660164
WALL 21088565 1 0 1706660165
WALL 21088565 1 0 1706660166
WALL 21088565 1 0 1706660167
WALL 21088565 1 0 1706660168
WALL 21088565 1 0 1706660169
WALL 21088565 1 0 1706660170
WALL 21088565 1 0 1706660171
WALL 21088565 1 0 1706660172
WALL 21088565 1 0 1706660173
WALL 21088565 1 0 1706660174
WALL 21088565 1 0 1706660175
WALL 21088565 1 0 1706660176
WALL 21088565 1 0 1706660177
WALL 21088565 1 0 1706660178
WALL 21088565 1 0 1706660179
WALL 21088565 1 0 1706660180
WALL 21088565 1 0 1706660181
WALL 21088565 1 0 1706660182
WALL 21088565 1 0 1706660183
WALL 21088565 1 0 1706660184
WALL 21088565 1 0 1706660185
WALL 21088565 1 0 1706660186
WALL 21088565 1 0 1706660187
WALL 21088565 1 0 1706660188
WALL 21088565 1 0 1706660189
WALL 21088565 1 0 1706660190
WALL 21088565 1 0 1706660191
WALL 21088565 1 0 1706660192
WALL 21088565 1 0 1706660193
WALL 21088565 1 0 1706660194
WALL 21088565 1 0 1706660195
WALL 21088565 1 0 1706660196
WALL 21088565 1 0 1706660197
WALL 21088565 1 0 1706660198
WALL 21088565 1 0 1706660199
WALL 21088565 1 0 1706660200
WALL 21088565 1 0 1706660201
WALL 21088565 1 0 1706660202
WALL 21088565 1 0 1706660203
WALL 21088565 1 0 1706660204
WALL 21088565 1 0 1706660205
WALL 21088565 1 0 1706660206
WALL 21088565 1 0 1706660207
WALL 21088565 1 0 1706660208
WALL 21088565 1 0 1706660209
received SIGCONT 1706660209
WALL 21088565 1 0 1706660209
slurmstepd: error: *** STEP 21088565.0 ON nid200185 CANCELLED AT 2024-01-31T00:16:49 ***
received SIGTERM 1706660209
WALL 21088565 1 0 1706660209
WALL 21088565 1 0 1706660210
WALL 21088565 1 0 1706660211
WALL 21088565 1 0 1706660212
WALL 21088565 1 0 1706660213
WALL 21088565 1 0 1706660214
WALL 21088565 1 0 1706660215
WALL 21088565 1 0 1706660216
WALL 21088565 1 0 1706660217
WALL 21088565 1 0 1706660218
WALL 21088565 1 0 1706660219
WALL 21088565 1 0 1706660220
WALL 21088565 1 0 1706660221
WALL 21088565 1 0 1706660222
WALL 21088565 1 0 1706660223
WALL 21088565 1 0 1706660224
WALL 21088565 1 0 1706660225
WALL 21088565 1 0 1706660226
WALL 21088565 1 0 1706660227
WALL 21088565 1 0 1706660228
WALL 21088565 1 0 1706660229
WALL 21088565 1 0 1706660230
WALL 21088565 1 0 1706660231
WALL 21088565 1 0 1706660232
WALL 21088565 1 0 1706660233
WALL 21088565 1 0 1706660234
WALL 21088565 1 0 1706660235
WALL 21088565 1 0 1706660236
WALL 21088565 1 0 1706660237
WALL 21088565 1 0 1706660238
WALL 21088565 1 0 1706660239
WALL 21088565 1 0 1706660240
WALL 21088565 1 0 1706660241
WALL 21088565 1 0 1706660242
WALL 21088565 1 0 1706660243
WALL 21088565 1 0 1706660244
WALL 21088565 1 0 1706660245
WALL 21088565 1 0 1706660246
WALL 21088565 1 0 1706660247
WALL 21088565 1 0 1706660248
WALL 21088565 1 0 1706660249
WALL 21088565 1 0 1706660250
WALL 21088565 1 0 1706660251
WALL 21088565 1 0 1706660252
WALL 21088565 1 0 1706660253
WALL 21088565 1 0 1706660254
WALL 21088565 1 0 1706660255
WALL 21088565 1 0 1706660256
WALL 21088565 1 0 1706660257
WALL 21088565 1 0 1706660258
WALL 21088565 1 0 1706660259
WALL 21088565 1 0 1706660260
WALL 21088565 1 0 1706660261
WALL 21088565 1 0 1706660262
WALL 21088565 1 0 1706660263
WALL 21088565 1 0 1706660264
WALL 21088565 1 0 1706660265
WALL 21088565 1 0 1706660266
WALL 21088565 1 0 1706660267
WALL 21088565 1 0 1706660268
WALL 21088565 1 0 1706660269
WALL 21088565 1 0 1706660270
WALL 21088565 1 0 1706660271
WALL 21088565 1 0 1706660272
WALL 21088565 1 0 1706660273
WALL 21088565 1 0 1706660274
WALL 21088565 1 0 1706660275
WALL 21088565 1 0 1706660276
WALL 21088565 1 0 1706660277
WALL 21088565 1 0 1706660278
WALL 21088565 1 0 1706660279
WALL 21088565 1 0 1706660280
WALL 21088565 1 0 1706660281
srun: Job step aborted: Waiting up to 32 seconds for job step to finish.
slurmstepd: error: *** JOB 21088565 ON nid200185 CANCELLED AT 2024-01-31T00:18:02 DUE TO PREEMPTION ***
received SIGTERM 1706660282
WALL 21088565 1 0 1706660282
received SIGCONT 1706660282
WALL 21088565 1 0 1706660282
received SIGTERM 1706660282
WALL 21088565 1 0 1706660282
