WALL 21149219 1 0 1706736443
WALL 21149219 1 0 1706736444
WALL 21149219 1 0 1706736445
WALL 21149219 1 0 1706736446
WALL 21149219 1 0 1706736447
WALL 21149219 1 0 1706736448
WALL 21149219 1 0 1706736449
WALL 21149219 1 0 1706736450
WALL 21149219 1 0 1706736451
WALL 21149219 1 0 1706736452
WALL 21149219 1 0 1706736453
WALL 21149219 1 0 1706736454
WALL 21149219 1 0 1706736455
WALL 21149219 1 0 1706736456
WALL 21149219 1 0 1706736457
WALL 21149219 1 0 1706736458
WALL 21149219 1 0 1706736459
WALL 21149219 1 0 1706736460
WALL 21149219 1 0 1706736461
WALL 21149219 1 0 1706736462
WALL 21149219 1 0 1706736463
WALL 21149219 1 0 1706736464
WALL 21149219 1 0 1706736465
WALL 21149219 1 0 1706736466
WALL 21149219 1 0 1706736467
WALL 21149219 1 0 1706736468
WALL 21149219 1 0 1706736469
WALL 21149219 1 0 1706736470
WALL 21149219 1 0 1706736471
WALL 21149219 1 0 1706736472
WALL 21149219 1 0 1706736473
WALL 21149219 1 0 1706736474
WALL 21149219 1 0 1706736475
WALL 21149219 1 0 1706736476
WALL 21149219 1 0 1706736477
WALL 21149219 1 0 1706736478
WALL 21149219 1 0 1706736479
WALL 21149219 1 0 1706736480
WALL 21149219 1 0 1706736481
WALL 21149219 1 0 1706736482
WALL 21149219 1 0 1706736483
WALL 21149219 1 0 1706736484
WALL 21149219 1 0 1706736485
WALL 21149219 1 0 1706736486
WALL 21149219 1 0 1706736487
WALL 21149219 1 0 1706736488
WALL 21149219 1 0 1706736489
WALL 21149219 1 0 1706736490
WALL 21149219 1 0 1706736491
WALL 21149219 1 0 1706736492
WALL 21149219 1 0 1706736493
WALL 21149219 1 0 1706736494
WALL 21149219 1 0 1706736495
WALL 21149219 1 0 1706736496
WALL 21149219 1 0 1706736497
WALL 21149219 1 0 1706736498
WALL 21149219 1 0 1706736499
WALL 21149219 1 0 1706736500
WALL 21149219 1 0 1706736501
WALL 21149219 1 0 1706736502
WALL 21149219 1 0 1706736503
WALL 21149219 1 0 1706736504
WALL 21149219 1 0 1706736505
WALL 21149219 1 0 1706736506
WALL 21149219 1 0 1706736507
WALL 21149219 1 0 1706736508
WALL 21149219 1 0 1706736509
WALL 21149219 1 0 1706736510
WALL 21149219 1 0 1706736511
WALL 21149219 1 0 1706736512
WALL 21149219 1 0 1706736513
WALL 21149219 1 0 1706736514
WALL 21149219 1 0 1706736515
WALL 21149219 1 0 1706736516
WALL 21149219 1 0 1706736517
WALL 21149219 1 0 1706736518
WALL 21149219 1 0 1706736519
WALL 21149219 1 0 1706736520
WALL 21149219 1 0 1706736521
WALL 21149219 1 0 1706736522
WALL 21149219 1 0 1706736523
WALL 21149219 1 0 1706736524
WALL 21149219 1 0 1706736525
WALL 21149219 1 0 1706736526
WALL 21149219 1 0 1706736527
WALL 21149219 1 0 1706736528
WALL 21149219 1 0 1706736529
WALL 21149219 1 0 1706736530
WALL 21149219 1 0 1706736531
WALL 21149219 1 0 1706736532
WALL 21149219 1 0 1706736533
WALL 21149219 1 0 1706736534
WALL 21149219 1 0 1706736535
WALL 21149219 1 0 1706736536
WALL 21149219 1 0 1706736537
WALL 21149219 1 0 1706736538
WALL 21149219 1 0 1706736539
WALL 21149219 1 0 1706736540
WALL 21149219 1 0 1706736541
WALL 21149219 1 0 1706736542
WALL 21149219 1 0 1706736543
WALL 21149219 1 0 1706736544
WALL 21149219 1 0 1706736545
WALL 21149219 1 0 1706736546
WALL 21149219 1 0 1706736547
WALL 21149219 1 0 1706736548
WALL 21149219 1 0 1706736549
WALL 21149219 1 0 1706736550
WALL 21149219 1 0 1706736551
WALL 21149219 1 0 1706736552
WALL 21149219 1 0 1706736553
WALL 21149219 1 0 1706736554
WALL 21149219 1 0 1706736555
WALL 21149219 1 0 1706736556
WALL 21149219 1 0 1706736557
WALL 21149219 1 0 1706736558
WALL 21149219 1 0 1706736559
WALL 21149219 1 0 1706736560
WALL 21149219 1 0 1706736561
WALL 21149219 1 0 1706736562
WALL 21149219 1 0 1706736563
WALL 21149219 1 0 1706736564
WALL 21149219 1 0 1706736565
WALL 21149219 1 0 1706736566
WALL 21149219 1 0 1706736567
WALL 21149219 1 0 1706736568
WALL 21149219 1 0 1706736569
WALL 21149219 1 0 1706736570
WALL 21149219 1 0 1706736571
WALL 21149219 1 0 1706736572
WALL 21149219 1 0 1706736573
WALL 21149219 1 0 1706736574
WALL 21149219 1 0 1706736575
WALL 21149219 1 0 1706736576
WALL 21149219 1 0 1706736577
WALL 21149219 1 0 1706736578
WALL 21149219 1 0 1706736579
WALL 21149219 1 0 1706736580
WALL 21149219 1 0 1706736581
WALL 21149219 1 0 1706736582
WALL 21149219 1 0 1706736583
WALL 21149219 1 0 1706736584
WALL 21149219 1 0 1706736585
WALL 21149219 1 0 1706736586
WALL 21149219 1 0 1706736587
WALL 21149219 1 0 1706736588
WALL 21149219 1 0 1706736589
WALL 21149219 1 0 1706736590
WALL 21149219 1 0 1706736591
WALL 21149219 1 0 1706736592
WALL 21149219 1 0 1706736593
WALL 21149219 1 0 1706736594
WALL 21149219 1 0 1706736595
WALL 21149219 1 0 1706736596
WALL 21149219 1 0 1706736597
WALL 21149219 1 0 1706736598
WALL 21149219 1 0 1706736599
WALL 21149219 1 0 1706736600
WALL 21149219 1 0 1706736601
WALL 21149219 1 0 1706736602
WALL 21149219 1 0 1706736603
WALL 21149219 1 0 1706736604
WALL 21149219 1 0 1706736605
WALL 21149219 1 0 1706736606
WALL 21149219 1 0 1706736607
WALL 21149219 1 0 1706736608
WALL 21149219 1 0 1706736609
WALL 21149219 1 0 1706736610
WALL 21149219 1 0 1706736611
WALL 21149219 1 0 1706736612
WALL 21149219 1 0 1706736613
WALL 21149219 1 0 1706736614
WALL 21149219 1 0 1706736615
WALL 21149219 1 0 1706736616
WALL 21149219 1 0 1706736617
WALL 21149219 1 0 1706736618
WALL 21149219 1 0 1706736619
WALL 21149219 1 0 1706736620
WALL 21149219 1 0 1706736621
WALL 21149219 1 0 1706736622
WALL 21149219 1 0 1706736623
WALL 21149219 1 0 1706736624
WALL 21149219 1 0 1706736625
WALL 21149219 1 0 1706736626
WALL 21149219 1 0 1706736627
WALL 21149219 1 0 1706736628
WALL 21149219 1 0 1706736629
WALL 21149219 1 0 1706736630
WALL 21149219 1 0 1706736631
WALL 21149219 1 0 1706736632
WALL 21149219 1 0 1706736633
WALL 21149219 1 0 1706736634
WALL 21149219 1 0 1706736635
WALL 21149219 1 0 1706736636
WALL 21149219 1 0 1706736637
WALL 21149219 1 0 1706736638
WALL 21149219 1 0 1706736639
WALL 21149219 1 0 1706736640
WALL 21149219 1 0 1706736641
WALL 21149219 1 0 1706736642
WALL 21149219 1 0 1706736643
WALL 21149219 1 0 1706736644
WALL 21149219 1 0 1706736645
WALL 21149219 1 0 1706736646
WALL 21149219 1 0 1706736647
WALL 21149219 1 0 1706736648
WALL 21149219 1 0 1706736649
WALL 21149219 1 0 1706736650
WALL 21149219 1 0 1706736651
WALL 21149219 1 0 1706736652
WALL 21149219 1 0 1706736653
WALL 21149219 1 0 1706736654
WALL 21149219 1 0 1706736655
WALL 21149219 1 0 1706736656
WALL 21149219 1 0 1706736657
WALL 21149219 1 0 1706736658
WALL 21149219 1 0 1706736659
WALL 21149219 1 0 1706736660
WALL 21149219 1 0 1706736661
WALL 21149219 1 0 1706736662
WALL 21149219 1 0 1706736663
WALL 21149219 1 0 1706736664
WALL 21149219 1 0 1706736665
WALL 21149219 1 0 1706736666
WALL 21149219 1 0 1706736667
WALL 21149219 1 0 1706736668
WALL 21149219 1 0 1706736669
WALL 21149219 1 0 1706736670
WALL 21149219 1 0 1706736671
WALL 21149219 1 0 1706736672
WALL 21149219 1 0 1706736673
WALL 21149219 1 0 1706736674
WALL 21149219 1 0 1706736675
WALL 21149219 1 0 1706736676
WALL 21149219 1 0 1706736677
WALL 21149219 1 0 1706736678
WALL 21149219 1 0 1706736679
WALL 21149219 1 0 1706736680
WALL 21149219 1 0 1706736681
WALL 21149219 1 0 1706736682
WALL 21149219 1 0 1706736683
WALL 21149219 1 0 1706736684
WALL 21149219 1 0 1706736685
WALL 21149219 1 0 1706736686
WALL 21149219 1 0 1706736687
WALL 21149219 1 0 1706736688
WALL 21149219 1 0 1706736689
WALL 21149219 1 0 1706736690
WALL 21149219 1 0 1706736691
WALL 21149219 1 0 1706736692
WALL 21149219 1 0 1706736693
WALL 21149219 1 0 1706736694
WALL 21149219 1 0 1706736695
WALL 21149219 1 0 1706736696
WALL 21149219 1 0 1706736697
WALL 21149219 1 0 1706736698
WALL 21149219 1 0 1706736699
WALL 21149219 1 0 1706736700
WALL 21149219 1 0 1706736701
WALL 21149219 1 0 1706736702
WALL 21149219 1 0 1706736703
WALL 21149219 1 0 1706736704
WALL 21149219 1 0 1706736705
WALL 21149219 1 0 1706736706
WALL 21149219 1 0 1706736707
WALL 21149219 1 0 1706736708
WALL 21149219 1 0 1706736709
WALL 21149219 1 0 1706736710
WALL 21149219 1 0 1706736711
WALL 21149219 1 0 1706736712
WALL 21149219 1 0 1706736713
WALL 21149219 1 0 1706736714
WALL 21149219 1 0 1706736715
WALL 21149219 1 0 1706736716
WALL 21149219 1 0 1706736717
WALL 21149219 1 0 1706736718
WALL 21149219 1 0 1706736719
WALL 21149219 1 0 1706736720
WALL 21149219 1 0 1706736721
WALL 21149219 1 0 1706736722
WALL 21149219 1 0 1706736723
WALL 21149219 1 0 1706736724
WALL 21149219 1 0 1706736725
WALL 21149219 1 0 1706736726
WALL 21149219 1 0 1706736727
WALL 21149219 1 0 1706736728
WALL 21149219 1 0 1706736729
WALL 21149219 1 0 1706736730
WALL 21149219 1 0 1706736731
WALL 21149219 1 0 1706736732
WALL 21149219 1 0 1706736733
WALL 21149219 1 0 1706736734
WALL 21149219 1 0 1706736735
WALL 21149219 1 0 1706736736
WALL 21149219 1 0 1706736737
WALL 21149219 1 0 1706736738
WALL 21149219 1 0 1706736739
WALL 21149219 1 0 1706736740
WALL 21149219 1 0 1706736741
WALL 21149219 1 0 1706736742
WALL 21149219 1 0 1706736743
WALL 21149219 1 0 1706736744
WALL 21149219 1 0 1706736745
WALL 21149219 1 0 1706736746
WALL 21149219 1 0 1706736747
WALL 21149219 1 0 1706736748
WALL 21149219 1 0 1706736749
WALL 21149219 1 0 1706736750
WALL 21149219 1 0 1706736751
WALL 21149219 1 0 1706736752
WALL 21149219 1 0 1706736753
WALL 21149219 1 0 1706736754
WALL 21149219 1 0 1706736755
WALL 21149219 1 0 1706736756
WALL 21149219 1 0 1706736757
WALL 21149219 1 0 1706736758
WALL 21149219 1 0 1706736759
WALL 21149219 1 0 1706736760
WALL 21149219 1 0 1706736761
WALL 21149219 1 0 1706736762
WALL 21149219 1 0 1706736763
WALL 21149219 1 0 1706736764
WALL 21149219 1 0 1706736765
WALL 21149219 1 0 1706736766
WALL 21149219 1 0 1706736767
WALL 21149219 1 0 1706736768
WALL 21149219 1 0 1706736769
WALL 21149219 1 0 1706736770
WALL 21149219 1 0 1706736771
WALL 21149219 1 0 1706736772
WALL 21149219 1 0 1706736773
WALL 21149219 1 0 1706736774
WALL 21149219 1 0 1706736775
WALL 21149219 1 0 1706736776
WALL 21149219 1 0 1706736777
WALL 21149219 1 0 1706736778
WALL 21149219 1 0 1706736779
WALL 21149219 1 0 1706736780
WALL 21149219 1 0 1706736781
WALL 21149219 1 0 1706736782
WALL 21149219 1 0 1706736783
WALL 21149219 1 0 1706736784
WALL 21149219 1 0 1706736785
WALL 21149219 1 0 1706736786
WALL 21149219 1 0 1706736787
WALL 21149219 1 0 1706736788
WALL 21149219 1 0 1706736789
WALL 21149219 1 0 1706736790
WALL 21149219 1 0 1706736791
WALL 21149219 1 0 1706736792
WALL 21149219 1 0 1706736793
WALL 21149219 1 0 1706736794
WALL 21149219 1 0 1706736795
WALL 21149219 1 0 1706736796
WALL 21149219 1 0 1706736797
WALL 21149219 1 0 1706736798
WALL 21149219 1 0 1706736799
WALL 21149219 1 0 1706736800
WALL 21149219 1 0 1706736801
WALL 21149219 1 0 1706736802
WALL 21149219 1 0 1706736803
WALL 21149219 1 0 1706736804
WALL 21149219 1 0 1706736805
WALL 21149219 1 0 1706736806
WALL 21149219 1 0 1706736807
WALL 21149219 1 0 1706736808
WALL 21149219 1 0 1706736809
WALL 21149219 1 0 1706736810
WALL 21149219 1 0 1706736811
WALL 21149219 1 0 1706736812
WALL 21149219 1 0 1706736813
WALL 21149219 1 0 1706736814
WALL 21149219 1 0 1706736815
WALL 21149219 1 0 1706736816
WALL 21149219 1 0 1706736817
WALL 21149219 1 0 1706736818
WALL 21149219 1 0 1706736819
WALL 21149219 1 0 1706736820
WALL 21149219 1 0 1706736821
WALL 21149219 1 0 1706736822
WALL 21149219 1 0 1706736823
WALL 21149219 1 0 1706736824
WALL 21149219 1 0 1706736825
WALL 21149219 1 0 1706736826
WALL 21149219 1 0 1706736827
WALL 21149219 1 0 1706736828
WALL 21149219 1 0 1706736829
WALL 21149219 1 0 1706736830
WALL 21149219 1 0 1706736831
WALL 21149219 1 0 1706736832
WALL 21149219 1 0 1706736833
WALL 21149219 1 0 1706736834
WALL 21149219 1 0 1706736835
WALL 21149219 1 0 1706736836
WALL 21149219 1 0 1706736837
WALL 21149219 1 0 1706736838
WALL 21149219 1 0 1706736839
WALL 21149219 1 0 1706736840
WALL 21149219 1 0 1706736841
WALL 21149219 1 0 1706736842
WALL 21149219 1 0 1706736843
WALL 21149219 1 0 1706736844
WALL 21149219 1 0 1706736845
WALL 21149219 1 0 1706736846
WALL 21149219 1 0 1706736847
WALL 21149219 1 0 1706736848
WALL 21149219 1 0 1706736849
WALL 21149219 1 0 1706736850
WALL 21149219 1 0 1706736851
WALL 21149219 1 0 1706736852
WALL 21149219 1 0 1706736853
WALL 21149219 1 0 1706736854
WALL 21149219 1 0 1706736855
WALL 21149219 1 0 1706736856
WALL 21149219 1 0 1706736857
WALL 21149219 1 0 1706736858
WALL 21149219 1 0 1706736859
WALL 21149219 1 0 1706736860
WALL 21149219 1 0 1706736861
WALL 21149219 1 0 1706736862
WALL 21149219 1 0 1706736863
WALL 21149219 1 0 1706736864
WALL 21149219 1 0 1706736865
WALL 21149219 1 0 1706736866
WALL 21149219 1 0 1706736867
WALL 21149219 1 0 1706736868
WALL 21149219 1 0 1706736869
WALL 21149219 1 0 1706736870
WALL 21149219 1 0 1706736871
WALL 21149219 1 0 1706736872
WALL 21149219 1 0 1706736873
WALL 21149219 1 0 1706736874
WALL 21149219 1 0 1706736875
WALL 21149219 1 0 1706736876
WALL 21149219 1 0 1706736877
WALL 21149219 1 0 1706736878
WALL 21149219 1 0 1706736879
WALL 21149219 1 0 1706736880
WALL 21149219 1 0 1706736881
WALL 21149219 1 0 1706736882
WALL 21149219 1 0 1706736883
WALL 21149219 1 0 1706736884
WALL 21149219 1 0 1706736885
WALL 21149219 1 0 1706736886
WALL 21149219 1 0 1706736887
WALL 21149219 1 0 1706736888
WALL 21149219 1 0 1706736889
WALL 21149219 1 0 1706736890
WALL 21149219 1 0 1706736891
WALL 21149219 1 0 1706736892
WALL 21149219 1 0 1706736893
WALL 21149219 1 0 1706736894
WALL 21149219 1 0 1706736895
WALL 21149219 1 0 1706736896
WALL 21149219 1 0 1706736897
WALL 21149219 1 0 1706736898
WALL 21149219 1 0 1706736899
WALL 21149219 1 0 1706736900
WALL 21149219 1 0 1706736901
WALL 21149219 1 0 1706736902
WALL 21149219 1 0 1706736903
WALL 21149219 1 0 1706736904
WALL 21149219 1 0 1706736905
WALL 21149219 1 0 1706736906
WALL 21149219 1 0 1706736907
WALL 21149219 1 0 1706736908
WALL 21149219 1 0 1706736909
WALL 21149219 1 0 1706736910
WALL 21149219 1 0 1706736911
WALL 21149219 1 0 1706736912
WALL 21149219 1 0 1706736913
WALL 21149219 1 0 1706736914
WALL 21149219 1 0 1706736915
WALL 21149219 1 0 1706736916
WALL 21149219 1 0 1706736917
WALL 21149219 1 0 1706736918
WALL 21149219 1 0 1706736919
WALL 21149219 1 0 1706736920
WALL 21149219 1 0 1706736921
WALL 21149219 1 0 1706736922
WALL 21149219 1 0 1706736923
WALL 21149219 1 0 1706736924
WALL 21149219 1 0 1706736925
WALL 21149219 1 0 1706736926
WALL 21149219 1 0 1706736927
WALL 21149219 1 0 1706736928
WALL 21149219 1 0 1706736929
WALL 21149219 1 0 1706736930
WALL 21149219 1 0 1706736931
WALL 21149219 1 0 1706736932
WALL 21149219 1 0 1706736933
WALL 21149219 1 0 1706736934
WALL 21149219 1 0 1706736935
WALL 21149219 1 0 1706736936
WALL 21149219 1 0 1706736937
WALL 21149219 1 0 1706736938
WALL 21149219 1 0 1706736939
WALL 21149219 1 0 1706736940
WALL 21149219 1 0 1706736941
WALL 21149219 1 0 1706736942
WALL 21149219 1 0 1706736943
WALL 21149219 1 0 1706736944
WALL 21149219 1 0 1706736945
WALL 21149219 1 0 1706736946
WALL 21149219 1 0 1706736947
WALL 21149219 1 0 1706736948
WALL 21149219 1 0 1706736949
WALL 21149219 1 0 1706736950
WALL 21149219 1 0 1706736951
WALL 21149219 1 0 1706736952
WALL 21149219 1 0 1706736953
WALL 21149219 1 0 1706736954
WALL 21149219 1 0 1706736955
WALL 21149219 1 0 1706736956
WALL 21149219 1 0 1706736957
WALL 21149219 1 0 1706736958
WALL 21149219 1 0 1706736959
WALL 21149219 1 0 1706736960
WALL 21149219 1 0 1706736961
WALL 21149219 1 0 1706736962
WALL 21149219 1 0 1706736963
WALL 21149219 1 0 1706736964
WALL 21149219 1 0 1706736965
WALL 21149219 1 0 1706736966
WALL 21149219 1 0 1706736967
WALL 21149219 1 0 1706736968
WALL 21149219 1 0 1706736969
WALL 21149219 1 0 1706736970
WALL 21149219 1 0 1706736971
WALL 21149219 1 0 1706736972
WALL 21149219 1 0 1706736973
WALL 21149219 1 0 1706736974
WALL 21149219 1 0 1706736975
WALL 21149219 1 0 1706736976
WALL 21149219 1 0 1706736977
WALL 21149219 1 0 1706736978
WALL 21149219 1 0 1706736979
WALL 21149219 1 0 1706736980
WALL 21149219 1 0 1706736981
WALL 21149219 1 0 1706736982
WALL 21149219 1 0 1706736983
WALL 21149219 1 0 1706736984
WALL 21149219 1 0 1706736985
WALL 21149219 1 0 1706736986
WALL 21149219 1 0 1706736987
WALL 21149219 1 0 1706736988
WALL 21149219 1 0 1706736989
WALL 21149219 1 0 1706736990
WALL 21149219 1 0 1706736991
WALL 21149219 1 0 1706736992
WALL 21149219 1 0 1706736993
WALL 21149219 1 0 1706736994
WALL 21149219 1 0 1706736995
WALL 21149219 1 0 1706736996
WALL 21149219 1 0 1706736997
WALL 21149219 1 0 1706736998
WALL 21149219 1 0 1706736999
WALL 21149219 1 0 1706737000
WALL 21149219 1 0 1706737001
WALL 21149219 1 0 1706737002
WALL 21149219 1 0 1706737003
WALL 21149219 1 0 1706737004
WALL 21149219 1 0 1706737005
WALL 21149219 1 0 1706737006
WALL 21149219 1 0 1706737007
WALL 21149219 1 0 1706737008
WALL 21149219 1 0 1706737009
WALL 21149219 1 0 1706737010
WALL 21149219 1 0 1706737011
WALL 21149219 1 0 1706737012
WALL 21149219 1 0 1706737013
WALL 21149219 1 0 1706737014
WALL 21149219 1 0 1706737015
WALL 21149219 1 0 1706737016
WALL 21149219 1 0 1706737017
WALL 21149219 1 0 1706737018
WALL 21149219 1 0 1706737019
WALL 21149219 1 0 1706737020
WALL 21149219 1 0 1706737021
WALL 21149219 1 0 1706737022
WALL 21149219 1 0 1706737023
WALL 21149219 1 0 1706737024
WALL 21149219 1 0 1706737025
WALL 21149219 1 0 1706737026
WALL 21149219 1 0 1706737027
WALL 21149219 1 0 1706737028
WALL 21149219 1 0 1706737029
WALL 21149219 1 0 1706737030
WALL 21149219 1 0 1706737031
WALL 21149219 1 0 1706737032
WALL 21149219 1 0 1706737033
WALL 21149219 1 0 1706737034
WALL 21149219 1 0 1706737035
WALL 21149219 1 0 1706737036
WALL 21149219 1 0 1706737037
WALL 21149219 1 0 1706737038
WALL 21149219 1 0 1706737039
WALL 21149219 1 0 1706737040
WALL 21149219 1 0 1706737041
WALL 21149219 1 0 1706737042
WALL 21149219 1 0 1706737043
WALL 21149219 1 0 1706737044
WALL 21149219 1 0 1706737045
WALL 21149219 1 0 1706737046
WALL 21149219 1 0 1706737047
WALL 21149219 1 0 1706737048
WALL 21149219 1 0 1706737049
WALL 21149219 1 0 1706737050
WALL 21149219 1 0 1706737051
WALL 21149219 1 0 1706737052
WALL 21149219 1 0 1706737053
WALL 21149219 1 0 1706737054
WALL 21149219 1 0 1706737055
WALL 21149219 1 0 1706737056
WALL 21149219 1 0 1706737057
WALL 21149219 1 0 1706737058
WALL 21149219 1 0 1706737059
WALL 21149219 1 0 1706737060
WALL 21149219 1 0 1706737061
WALL 21149219 1 0 1706737062
WALL 21149219 1 0 1706737063
WALL 21149219 1 0 1706737064
WALL 21149219 1 0 1706737065
WALL 21149219 1 0 1706737066
WALL 21149219 1 0 1706737067
WALL 21149219 1 0 1706737068
WALL 21149219 1 0 1706737069
WALL 21149219 1 0 1706737070
WALL 21149219 1 0 1706737071
WALL 21149219 1 0 1706737072
WALL 21149219 1 0 1706737073
WALL 21149219 1 0 1706737074
WALL 21149219 1 0 1706737075
WALL 21149219 1 0 1706737076
WALL 21149219 1 0 1706737077
WALL 21149219 1 0 1706737078
WALL 21149219 1 0 1706737079
WALL 21149219 1 0 1706737080
WALL 21149219 1 0 1706737081
WALL 21149219 1 0 1706737082
WALL 21149219 1 0 1706737083
WALL 21149219 1 0 1706737084
WALL 21149219 1 0 1706737085
WALL 21149219 1 0 1706737086
WALL 21149219 1 0 1706737087
WALL 21149219 1 0 1706737088
WALL 21149219 1 0 1706737089
WALL 21149219 1 0 1706737090
WALL 21149219 1 0 1706737091
WALL 21149219 1 0 1706737092
WALL 21149219 1 0 1706737093
WALL 21149219 1 0 1706737094
WALL 21149219 1 0 1706737095
WALL 21149219 1 0 1706737096
WALL 21149219 1 0 1706737097
WALL 21149219 1 0 1706737098
WALL 21149219 1 0 1706737099
WALL 21149219 1 0 1706737100
WALL 21149219 1 0 1706737101
WALL 21149219 1 0 1706737102
WALL 21149219 1 0 1706737103
WALL 21149219 1 0 1706737104
WALL 21149219 1 0 1706737105
WALL 21149219 1 0 1706737106
WALL 21149219 1 0 1706737107
WALL 21149219 1 0 1706737108
WALL 21149219 1 0 1706737109
WALL 21149219 1 0 1706737110
WALL 21149219 1 0 1706737111
WALL 21149219 1 0 1706737112
WALL 21149219 1 0 1706737113
WALL 21149219 1 0 1706737114
WALL 21149219 1 0 1706737115
WALL 21149219 1 0 1706737116
WALL 21149219 1 0 1706737117
WALL 21149219 1 0 1706737118
WALL 21149219 1 0 1706737119
WALL 21149219 1 0 1706737120
WALL 21149219 1 0 1706737121
WALL 21149219 1 0 1706737122
WALL 21149219 1 0 1706737123
WALL 21149219 1 0 1706737124
WALL 21149219 1 0 1706737125
WALL 21149219 1 0 1706737126
WALL 21149219 1 0 1706737127
WALL 21149219 1 0 1706737128
WALL 21149219 1 0 1706737129
WALL 21149219 1 0 1706737130
WALL 21149219 1 0 1706737131
WALL 21149219 1 0 1706737132
WALL 21149219 1 0 1706737133
WALL 21149219 1 0 1706737134
WALL 21149219 1 0 1706737135
WALL 21149219 1 0 1706737136
WALL 21149219 1 0 1706737137
WALL 21149219 1 0 1706737138
WALL 21149219 1 0 1706737139
WALL 21149219 1 0 1706737140
WALL 21149219 1 0 1706737141
WALL 21149219 1 0 1706737142
WALL 21149219 1 0 1706737143
WALL 21149219 1 0 1706737144
WALL 21149219 1 0 1706737145
WALL 21149219 1 0 1706737146
WALL 21149219 1 0 1706737147
WALL 21149219 1 0 1706737148
WALL 21149219 1 0 1706737149
WALL 21149219 1 0 1706737150
WALL 21149219 1 0 1706737151
WALL 21149219 1 0 1706737152
WALL 21149219 1 0 1706737153
WALL 21149219 1 0 1706737154
WALL 21149219 1 0 1706737155
WALL 21149219 1 0 1706737156
WALL 21149219 1 0 1706737157
WALL 21149219 1 0 1706737158
WALL 21149219 1 0 1706737159
WALL 21149219 1 0 1706737160
WALL 21149219 1 0 1706737161
WALL 21149219 1 0 1706737162
WALL 21149219 1 0 1706737163
WALL 21149219 1 0 1706737164
WALL 21149219 1 0 1706737165
WALL 21149219 1 0 1706737166
WALL 21149219 1 0 1706737167
WALL 21149219 1 0 1706737168
WALL 21149219 1 0 1706737169
WALL 21149219 1 0 1706737170
WALL 21149219 1 0 1706737171
WALL 21149219 1 0 1706737172
WALL 21149219 1 0 1706737173
WALL 21149219 1 0 1706737174
WALL 21149219 1 0 1706737175
WALL 21149219 1 0 1706737176
WALL 21149219 1 0 1706737177
WALL 21149219 1 0 1706737178
WALL 21149219 1 0 1706737179
WALL 21149219 1 0 1706737180
WALL 21149219 1 0 1706737181
WALL 21149219 1 0 1706737182
WALL 21149219 1 0 1706737183
WALL 21149219 1 0 1706737184
WALL 21149219 1 0 1706737185
WALL 21149219 1 0 1706737186
WALL 21149219 1 0 1706737187
WALL 21149219 1 0 1706737188
WALL 21149219 1 0 1706737189
WALL 21149219 1 0 1706737190
WALL 21149219 1 0 1706737191
WALL 21149219 1 0 1706737192
WALL 21149219 1 0 1706737193
WALL 21149219 1 0 1706737194
WALL 21149219 1 0 1706737195
WALL 21149219 1 0 1706737196
WALL 21149219 1 0 1706737197
WALL 21149219 1 0 1706737198
WALL 21149219 1 0 1706737199
WALL 21149219 1 0 1706737200
WALL 21149219 1 0 1706737201
WALL 21149219 1 0 1706737202
WALL 21149219 1 0 1706737203
WALL 21149219 1 0 1706737204
WALL 21149219 1 0 1706737205
WALL 21149219 1 0 1706737206
WALL 21149219 1 0 1706737207
WALL 21149219 1 0 1706737208
slurmstepd: error: *** STEP 21149219.0 ON nid200018 CANCELLED AT 2024-01-31T21:40:09 ***
received SIGTERM 1706737209
WALL 21149219 1 0 1706737209
received SIGCONT 1706737209
WALL 21149219 1 0 1706737209
WALL 21149219 1 0 1706737210
WALL 21149219 1 0 1706737211
WALL 21149219 1 0 1706737212
WALL 21149219 1 0 1706737213
WALL 21149219 1 0 1706737214
WALL 21149219 1 0 1706737215
WALL 21149219 1 0 1706737216
WALL 21149219 1 0 1706737217
WALL 21149219 1 0 1706737218
WALL 21149219 1 0 1706737219
WALL 21149219 1 0 1706737220
WALL 21149219 1 0 1706737221
WALL 21149219 1 0 1706737222
WALL 21149219 1 0 1706737223
WALL 21149219 1 0 1706737224
WALL 21149219 1 0 1706737225
WALL 21149219 1 0 1706737226
WALL 21149219 1 0 1706737227
WALL 21149219 1 0 1706737228
WALL 21149219 1 0 1706737229
WALL 21149219 1 0 1706737230
WALL 21149219 1 0 1706737231
WALL 21149219 1 0 1706737232
WALL 21149219 1 0 1706737233
WALL 21149219 1 0 1706737234
WALL 21149219 1 0 1706737235
WALL 21149219 1 0 1706737236
WALL 21149219 1 0 1706737237
WALL 21149219 1 0 1706737238
WALL 21149219 1 0 1706737239
WALL 21149219 1 0 1706737240
WALL 21149219 1 0 1706737241
WALL 21149219 1 0 1706737242
WALL 21149219 1 0 1706737243
WALL 21149219 1 0 1706737244
WALL 21149219 1 0 1706737245
WALL 21149219 1 0 1706737246
WALL 21149219 1 0 1706737247
WALL 21149219 1 0 1706737248
WALL 21149219 1 0 1706737249
WALL 21149219 1 0 1706737250
WALL 21149219 1 0 1706737251
WALL 21149219 1 0 1706737252
WALL 21149219 1 0 1706737253
WALL 21149219 1 0 1706737254
WALL 21149219 1 0 1706737255
WALL 21149219 1 0 1706737256
WALL 21149219 1 0 1706737257
WALL 21149219 1 0 1706737258
WALL 21149219 1 0 1706737259
WALL 21149219 1 0 1706737260
WALL 21149219 1 0 1706737261
WALL 21149219 1 0 1706737262
WALL 21149219 1 0 1706737263
WALL 21149219 1 0 1706737264
WALL 21149219 1 0 1706737265
WALL 21149219 1 0 1706737266
WALL 21149219 1 0 1706737267
WALL 21149219 1 0 1706737268
WALL 21149219 1 0 1706737269
WALL 21149219 1 0 1706737270
WALL 21149219 1 0 1706737271
WALL 21149219 1 0 1706737272
WALL 21149219 1 0 1706737273
WALL 21149219 1 0 1706737274
WALL 21149219 1 0 1706737275
WALL 21149219 1 0 1706737276
WALL 21149219 1 0 1706737277
WALL 21149219 1 0 1706737278
WALL 21149219 1 0 1706737279
WALL 21149219 1 0 1706737280
WALL 21149219 1 0 1706737281
WALL 21149219 1 0 1706737282
WALL 21149219 1 0 1706737283
WALL 21149219 1 0 1706737284
WALL 21149219 1 0 1706737285
WALL 21149219 1 0 1706737286
WALL 21149219 1 0 1706737287
WALL 21149219 1 0 1706737288
WALL 21149219 1 0 1706737289
WALL 21149219 1 0 1706737290
WALL 21149219 1 0 1706737291
WALL 21149219 1 0 1706737292
WALL 21149219 1 0 1706737293
WALL 21149219 1 0 1706737294
WALL 21149219 1 0 1706737295
WALL 21149219 1 0 1706737296
slurmstepd: error: *** JOB 21149219 ON nid200018 CANCELLED AT 2024-01-31T21:41:36 DUE TO PREEMPTION ***
received SIGTERM 1706737296
WALL 21149219 1 0 1706737296
received SIGCONT 1706737296
WALL 21149219 1 0 1706737296
received SIGTERM 1706737296
WALL 21149219 1 0 1706737296
