WALL 21154548 1 0 1706744207
WALL 21154548 1 0 1706744208
WALL 21154548 1 0 1706744209
WALL 21154548 1 0 1706744210
WALL 21154548 1 0 1706744211
WALL 21154548 1 0 1706744212
WALL 21154548 1 0 1706744213
WALL 21154548 1 0 1706744214
WALL 21154548 1 0 1706744215
WALL 21154548 1 0 1706744216
WALL 21154548 1 0 1706744217
WALL 21154548 1 0 1706744218
WALL 21154548 1 0 1706744219
WALL 21154548 1 0 1706744220
WALL 21154548 1 0 1706744221
WALL 21154548 1 0 1706744222
WALL 21154548 1 0 1706744223
WALL 21154548 1 0 1706744224
WALL 21154548 1 0 1706744225
WALL 21154548 1 0 1706744226
WALL 21154548 1 0 1706744227
WALL 21154548 1 0 1706744228
WALL 21154548 1 0 1706744229
WALL 21154548 1 0 1706744230
WALL 21154548 1 0 1706744231
WALL 21154548 1 0 1706744232
WALL 21154548 1 0 1706744233
WALL 21154548 1 0 1706744234
WALL 21154548 1 0 1706744235
WALL 21154548 1 0 1706744236
WALL 21154548 1 0 1706744237
WALL 21154548 1 0 1706744238
WALL 21154548 1 0 1706744239
WALL 21154548 1 0 1706744240
WALL 21154548 1 0 1706744241
WALL 21154548 1 0 1706744242
WALL 21154548 1 0 1706744243
WALL 21154548 1 0 1706744244
WALL 21154548 1 0 1706744245
WALL 21154548 1 0 1706744246
WALL 21154548 1 0 1706744247
WALL 21154548 1 0 1706744248
WALL 21154548 1 0 1706744249
WALL 21154548 1 0 1706744250
WALL 21154548 1 0 1706744251
WALL 21154548 1 0 1706744252
WALL 21154548 1 0 1706744253
WALL 21154548 1 0 1706744254
WALL 21154548 1 0 1706744255
WALL 21154548 1 0 1706744256
WALL 21154548 1 0 1706744257
WALL 21154548 1 0 1706744258
WALL 21154548 1 0 1706744259
WALL 21154548 1 0 1706744260
WALL 21154548 1 0 1706744261
WALL 21154548 1 0 1706744262
WALL 21154548 1 0 1706744263
WALL 21154548 1 0 1706744264
WALL 21154548 1 0 1706744265
WALL 21154548 1 0 1706744266
WALL 21154548 1 0 1706744267
WALL 21154548 1 0 1706744268
WALL 21154548 1 0 1706744269
WALL 21154548 1 0 1706744270
WALL 21154548 1 0 1706744271
WALL 21154548 1 0 1706744272
WALL 21154548 1 0 1706744273
WALL 21154548 1 0 1706744274
WALL 21154548 1 0 1706744275
WALL 21154548 1 0 1706744276
WALL 21154548 1 0 1706744277
WALL 21154548 1 0 1706744278
WALL 21154548 1 0 1706744279
WALL 21154548 1 0 1706744280
WALL 21154548 1 0 1706744281
WALL 21154548 1 0 1706744282
WALL 21154548 1 0 1706744283
WALL 21154548 1 0 1706744284
WALL 21154548 1 0 1706744285
WALL 21154548 1 0 1706744286
WALL 21154548 1 0 1706744287
WALL 21154548 1 0 1706744288
WALL 21154548 1 0 1706744289
WALL 21154548 1 0 1706744290
WALL 21154548 1 0 1706744291
WALL 21154548 1 0 1706744292
WALL 21154548 1 0 1706744293
WALL 21154548 1 0 1706744294
WALL 21154548 1 0 1706744295
WALL 21154548 1 0 1706744296
WALL 21154548 1 0 1706744297
WALL 21154548 1 0 1706744298
WALL 21154548 1 0 1706744299
WALL 21154548 1 0 1706744300
WALL 21154548 1 0 1706744301
WALL 21154548 1 0 1706744302
WALL 21154548 1 0 1706744303
WALL 21154548 1 0 1706744304
WALL 21154548 1 0 1706744305
WALL 21154548 1 0 1706744306
WALL 21154548 1 0 1706744307
WALL 21154548 1 0 1706744308
WALL 21154548 1 0 1706744309
WALL 21154548 1 0 1706744310
WALL 21154548 1 0 1706744311
WALL 21154548 1 0 1706744312
WALL 21154548 1 0 1706744313
WALL 21154548 1 0 1706744314
WALL 21154548 1 0 1706744315
WALL 21154548 1 0 1706744316
WALL 21154548 1 0 1706744317
WALL 21154548 1 0 1706744318
WALL 21154548 1 0 1706744319
WALL 21154548 1 0 1706744320
WALL 21154548 1 0 1706744321
WALL 21154548 1 0 1706744322
WALL 21154548 1 0 1706744323
WALL 21154548 1 0 1706744324
WALL 21154548 1 0 1706744325
WALL 21154548 1 0 1706744326
WALL 21154548 1 0 1706744327
WALL 21154548 1 0 1706744328
WALL 21154548 1 0 1706744329
WALL 21154548 1 0 1706744330
WALL 21154548 1 0 1706744331
WALL 21154548 1 0 1706744332
WALL 21154548 1 0 1706744333
WALL 21154548 1 0 1706744334
WALL 21154548 1 0 1706744335
WALL 21154548 1 0 1706744336
WALL 21154548 1 0 1706744337
WALL 21154548 1 0 1706744338
WALL 21154548 1 0 1706744339
WALL 21154548 1 0 1706744340
WALL 21154548 1 0 1706744341
WALL 21154548 1 0 1706744342
WALL 21154548 1 0 1706744343
WALL 21154548 1 0 1706744344
WALL 21154548 1 0 1706744345
WALL 21154548 1 0 1706744346
WALL 21154548 1 0 1706744347
WALL 21154548 1 0 1706744348
WALL 21154548 1 0 1706744349
WALL 21154548 1 0 1706744350
WALL 21154548 1 0 1706744351
WALL 21154548 1 0 1706744352
WALL 21154548 1 0 1706744353
WALL 21154548 1 0 1706744354
WALL 21154548 1 0 1706744355
WALL 21154548 1 0 1706744356
WALL 21154548 1 0 1706744357
WALL 21154548 1 0 1706744358
WALL 21154548 1 0 1706744359
WALL 21154548 1 0 1706744360
WALL 21154548 1 0 1706744361
WALL 21154548 1 0 1706744362
WALL 21154548 1 0 1706744363
WALL 21154548 1 0 1706744364
WALL 21154548 1 0 1706744365
WALL 21154548 1 0 1706744366
WALL 21154548 1 0 1706744367
WALL 21154548 1 0 1706744368
WALL 21154548 1 0 1706744369
WALL 21154548 1 0 1706744370
WALL 21154548 1 0 1706744371
WALL 21154548 1 0 1706744372
WALL 21154548 1 0 1706744373
WALL 21154548 1 0 1706744374
WALL 21154548 1 0 1706744375
WALL 21154548 1 0 1706744376
WALL 21154548 1 0 1706744377
WALL 21154548 1 0 1706744378
WALL 21154548 1 0 1706744379
WALL 21154548 1 0 1706744380
WALL 21154548 1 0 1706744381
WALL 21154548 1 0 1706744382
WALL 21154548 1 0 1706744383
WALL 21154548 1 0 1706744384
WALL 21154548 1 0 1706744385
WALL 21154548 1 0 1706744386
WALL 21154548 1 0 1706744387
WALL 21154548 1 0 1706744388
WALL 21154548 1 0 1706744389
WALL 21154548 1 0 1706744390
WALL 21154548 1 0 1706744391
WALL 21154548 1 0 1706744392
WALL 21154548 1 0 1706744393
WALL 21154548 1 0 1706744394
WALL 21154548 1 0 1706744395
WALL 21154548 1 0 1706744396
WALL 21154548 1 0 1706744397
WALL 21154548 1 0 1706744398
WALL 21154548 1 0 1706744399
WALL 21154548 1 0 1706744400
WALL 21154548 1 0 1706744401
WALL 21154548 1 0 1706744402
WALL 21154548 1 0 1706744403
WALL 21154548 1 0 1706744404
WALL 21154548 1 0 1706744405
WALL 21154548 1 0 1706744406
WALL 21154548 1 0 1706744407
WALL 21154548 1 0 1706744408
WALL 21154548 1 0 1706744409
WALL 21154548 1 0 1706744410
WALL 21154548 1 0 1706744411
WALL 21154548 1 0 1706744412
WALL 21154548 1 0 1706744413
WALL 21154548 1 0 1706744414
WALL 21154548 1 0 1706744415
WALL 21154548 1 0 1706744416
WALL 21154548 1 0 1706744417
WALL 21154548 1 0 1706744418
WALL 21154548 1 0 1706744419
WALL 21154548 1 0 1706744420
WALL 21154548 1 0 1706744421
WALL 21154548 1 0 1706744422
WALL 21154548 1 0 1706744423
WALL 21154548 1 0 1706744424
WALL 21154548 1 0 1706744425
WALL 21154548 1 0 1706744426
WALL 21154548 1 0 1706744427
WALL 21154548 1 0 1706744428
WALL 21154548 1 0 1706744429
WALL 21154548 1 0 1706744430
WALL 21154548 1 0 1706744431
WALL 21154548 1 0 1706744432
WALL 21154548 1 0 1706744433
WALL 21154548 1 0 1706744434
WALL 21154548 1 0 1706744435
WALL 21154548 1 0 1706744436
WALL 21154548 1 0 1706744437
WALL 21154548 1 0 1706744438
WALL 21154548 1 0 1706744439
WALL 21154548 1 0 1706744440
WALL 21154548 1 0 1706744441
WALL 21154548 1 0 1706744442
WALL 21154548 1 0 1706744443
WALL 21154548 1 0 1706744444
WALL 21154548 1 0 1706744445
WALL 21154548 1 0 1706744446
WALL 21154548 1 0 1706744447
WALL 21154548 1 0 1706744448
WALL 21154548 1 0 1706744449
WALL 21154548 1 0 1706744450
WALL 21154548 1 0 1706744451
WALL 21154548 1 0 1706744452
WALL 21154548 1 0 1706744453
WALL 21154548 1 0 1706744454
WALL 21154548 1 0 1706744455
WALL 21154548 1 0 1706744456
WALL 21154548 1 0 1706744457
WALL 21154548 1 0 1706744458
WALL 21154548 1 0 1706744459
WALL 21154548 1 0 1706744460
WALL 21154548 1 0 1706744461
WALL 21154548 1 0 1706744462
WALL 21154548 1 0 1706744463
WALL 21154548 1 0 1706744464
WALL 21154548 1 0 1706744465
WALL 21154548 1 0 1706744466
WALL 21154548 1 0 1706744467
WALL 21154548 1 0 1706744468
WALL 21154548 1 0 1706744469
WALL 21154548 1 0 1706744470
WALL 21154548 1 0 1706744471
WALL 21154548 1 0 1706744472
WALL 21154548 1 0 1706744473
WALL 21154548 1 0 1706744474
WALL 21154548 1 0 1706744475
WALL 21154548 1 0 1706744476
WALL 21154548 1 0 1706744477
WALL 21154548 1 0 1706744478
WALL 21154548 1 0 1706744479
WALL 21154548 1 0 1706744480
WALL 21154548 1 0 1706744481
WALL 21154548 1 0 1706744482
WALL 21154548 1 0 1706744483
WALL 21154548 1 0 1706744484
WALL 21154548 1 0 1706744485
WALL 21154548 1 0 1706744486
WALL 21154548 1 0 1706744487
WALL 21154548 1 0 1706744488
WALL 21154548 1 0 1706744489
WALL 21154548 1 0 1706744490
WALL 21154548 1 0 1706744491
WALL 21154548 1 0 1706744492
WALL 21154548 1 0 1706744493
WALL 21154548 1 0 1706744494
WALL 21154548 1 0 1706744495
WALL 21154548 1 0 1706744496
WALL 21154548 1 0 1706744497
WALL 21154548 1 0 1706744498
WALL 21154548 1 0 1706744499
WALL 21154548 1 0 1706744500
WALL 21154548 1 0 1706744501
WALL 21154548 1 0 1706744502
WALL 21154548 1 0 1706744503
WALL 21154548 1 0 1706744504
WALL 21154548 1 0 1706744505
WALL 21154548 1 0 1706744506
WALL 21154548 1 0 1706744507
received SIGCONT 1706744508
WALL 21154548 1 0 1706744508
slurmstepd: error: *** STEP 21154548.0 ON nid200175 CANCELLED AT 2024-01-31T23:41:48 ***
received SIGTERM 1706744508
WALL 21154548 1 0 1706744508
WALL 21154548 1 0 1706744509
WALL 21154548 1 0 1706744510
WALL 21154548 1 0 1706744511
WALL 21154548 1 0 1706744512
WALL 21154548 1 0 1706744513
WALL 21154548 1 0 1706744514
WALL 21154548 1 0 1706744515
WALL 21154548 1 0 1706744516
WALL 21154548 1 0 1706744517
WALL 21154548 1 0 1706744518
WALL 21154548 1 0 1706744519
WALL 21154548 1 0 1706744520
WALL 21154548 1 0 1706744521
WALL 21154548 1 0 1706744522
WALL 21154548 1 0 1706744523
WALL 21154548 1 0 1706744524
WALL 21154548 1 0 1706744525
WALL 21154548 1 0 1706744526
WALL 21154548 1 0 1706744527
WALL 21154548 1 0 1706744528
WALL 21154548 1 0 1706744529
WALL 21154548 1 0 1706744530
WALL 21154548 1 0 1706744531
WALL 21154548 1 0 1706744532
WALL 21154548 1 0 1706744533
WALL 21154548 1 0 1706744534
WALL 21154548 1 0 1706744535
WALL 21154548 1 0 1706744536
WALL 21154548 1 0 1706744537
WALL 21154548 1 0 1706744538
WALL 21154548 1 0 1706744539
WALL 21154548 1 0 1706744540
WALL 21154548 1 0 1706744541
WALL 21154548 1 0 1706744542
WALL 21154548 1 0 1706744543
WALL 21154548 1 0 1706744544
WALL 21154548 1 0 1706744545
WALL 21154548 1 0 1706744546
WALL 21154548 1 0 1706744547
WALL 21154548 1 0 1706744548
WALL 21154548 1 0 1706744549
WALL 21154548 1 0 1706744550
WALL 21154548 1 0 1706744551
WALL 21154548 1 0 1706744552
WALL 21154548 1 0 1706744553
WALL 21154548 1 0 1706744554
WALL 21154548 1 0 1706744555
WALL 21154548 1 0 1706744556
WALL 21154548 1 0 1706744557
WALL 21154548 1 0 1706744558
WALL 21154548 1 0 1706744559
WALL 21154548 1 0 1706744560
WALL 21154548 1 0 1706744561
WALL 21154548 1 0 1706744562
WALL 21154548 1 0 1706744563
WALL 21154548 1 0 1706744564
WALL 21154548 1 0 1706744565
WALL 21154548 1 0 1706744566
WALL 21154548 1 0 1706744567
WALL 21154548 1 0 1706744568
WALL 21154548 1 0 1706744569
WALL 21154548 1 0 1706744570
slurmstepd: error: *** JOB 21154548 ON nid200175 CANCELLED AT 2024-01-31T23:42:50 DUE TO PREEMPTION ***
received SIGTERM 1706744570
WALL 21154548 1 0 1706744570
received SIGCONT 1706744570
WALL 21154548 1 0 1706744570
received SIGTERM 1706744570
WALL 21154548 1 0 1706744570
