srun: warning: can't run 1 processes on 8 nodes, setting nnodes to 1
WALL 21248450 1 0 1706918070
WALL 21248450 1 0 1706918071
WALL 21248450 1 0 1706918072
WALL 21248450 1 0 1706918073
WALL 21248450 1 0 1706918074
WALL 21248450 1 0 1706918075
WALL 21248450 1 0 1706918076
WALL 21248450 1 0 1706918077
WALL 21248450 1 0 1706918078
WALL 21248450 1 0 1706918079
WALL 21248450 1 0 1706918080
WALL 21248450 1 0 1706918081
WALL 21248450 1 0 1706918082
WALL 21248450 1 0 1706918083
WALL 21248450 1 0 1706918084
WALL 21248450 1 0 1706918085
WALL 21248450 1 0 1706918086
WALL 21248450 1 0 1706918087
WALL 21248450 1 0 1706918088
WALL 21248450 1 0 1706918089
WALL 21248450 1 0 1706918090
WALL 21248450 1 0 1706918091
WALL 21248450 1 0 1706918092
WALL 21248450 1 0 1706918093
WALL 21248450 1 0 1706918094
WALL 21248450 1 0 1706918095
WALL 21248450 1 0 1706918096
WALL 21248450 1 0 1706918097
WALL 21248450 1 0 1706918098
WALL 21248450 1 0 1706918099
WALL 21248450 1 0 1706918100
WALL 21248450 1 0 1706918101
WALL 21248450 1 0 1706918102
WALL 21248450 1 0 1706918103
WALL 21248450 1 0 1706918104
WALL 21248450 1 0 1706918105
WALL 21248450 1 0 1706918106
received SIGCONT 1706918107
WALL 21248450 1 0 1706918107
slurmstepd: error: *** STEP 21248450.0 ON nid200006 CANCELLED AT 2024-02-02T23:55:07 ***
received SIGTERM 1706918107
WALL 21248450 1 0 1706918107
WALL 21248450 1 0 1706918108
WALL 21248450 1 0 1706918109
WALL 21248450 1 0 1706918110
WALL 21248450 1 0 1706918111
WALL 21248450 1 0 1706918112
WALL 21248450 1 0 1706918113
WALL 21248450 1 0 1706918114
WALL 21248450 1 0 1706918115
WALL 21248450 1 0 1706918116
WALL 21248450 1 0 1706918117
WALL 21248450 1 0 1706918118
WALL 21248450 1 0 1706918119
WALL 21248450 1 0 1706918120
WALL 21248450 1 0 1706918121
WALL 21248450 1 0 1706918122
WALL 21248450 1 0 1706918123
WALL 21248450 1 0 1706918124
WALL 21248450 1 0 1706918125
WALL 21248450 1 0 1706918126
WALL 21248450 1 0 1706918127
WALL 21248450 1 0 1706918128
WALL 21248450 1 0 1706918129
WALL 21248450 1 0 1706918130
WALL 21248450 1 0 1706918131
WALL 21248450 1 0 1706918132
WALL 21248450 1 0 1706918133
WALL 21248450 1 0 1706918134
WALL 21248450 1 0 1706918135
WALL 21248450 1 0 1706918136
WALL 21248450 1 0 1706918137
WALL 21248450 1 0 1706918138
WALL 21248450 1 0 1706918139
WALL 21248450 1 0 1706918140
WALL 21248450 1 0 1706918141
WALL 21248450 1 0 1706918142
WALL 21248450 1 0 1706918143
WALL 21248450 1 0 1706918144
WALL 21248450 1 0 1706918145
WALL 21248450 1 0 1706918146
WALL 21248450 1 0 1706918147
WALL 21248450 1 0 1706918148
WALL 21248450 1 0 1706918149
WALL 21248450 1 0 1706918150
WALL 21248450 1 0 1706918151
WALL 21248450 1 0 1706918152
WALL 21248450 1 0 1706918153
WALL 21248450 1 0 1706918154
WALL 21248450 1 0 1706918155
WALL 21248450 1 0 1706918156
WALL 21248450 1 0 1706918157
WALL 21248450 1 0 1706918158
WALL 21248450 1 0 1706918159
WALL 21248450 1 0 1706918160
WALL 21248450 1 0 1706918161
WALL 21248450 1 0 1706918162
WALL 21248450 1 0 1706918163
WALL 21248450 1 0 1706918164
WALL 21248450 1 0 1706918165
WALL 21248450 1 0 1706918166
WALL 21248450 1 0 1706918167
WALL 21248450 1 0 1706918168
WALL 21248450 1 0 1706918169
WALL 21248450 1 0 1706918170
WALL 21248450 1 0 1706918171
WALL 21248450 1 0 1706918172
WALL 21248450 1 0 1706918173
WALL 21248450 1 0 1706918174
WALL 21248450 1 0 1706918175
WALL 21248450 1 0 1706918176
WALL 21248450 1 0 1706918177
WALL 21248450 1 0 1706918178
WALL 21248450 1 0 1706918179
WALL 21248450 1 0 1706918180
WALL 21248450 1 0 1706918181
WALL 21248450 1 0 1706918182
WALL 21248450 1 0 1706918183
WALL 21248450 1 0 1706918184
WALL 21248450 1 0 1706918185
WALL 21248450 1 0 1706918186
WALL 21248450 1 0 1706918187
WALL 21248450 1 0 1706918188
WALL 21248450 1 0 1706918189
WALL 21248450 1 0 1706918190
WALL 21248450 1 0 1706918191
WALL 21248450 1 0 1706918192
WALL 21248450 1 0 1706918193
WALL 21248450 1 0 1706918194
WALL 21248450 1 0 1706918195
WALL 21248450 1 0 1706918196
WALL 21248450 1 0 1706918197
WALL 21248450 1 0 1706918198
WALL 21248450 1 0 1706918199
WALL 21248450 1 0 1706918200
WALL 21248450 1 0 1706918201
WALL 21248450 1 0 1706918202
WALL 21248450 1 0 1706918203
WALL 21248450 1 0 1706918204
WALL 21248450 1 0 1706918205
WALL 21248450 1 0 1706918206
WALL 21248450 1 0 1706918207
WALL 21248450 1 0 1706918208
WALL 21248450 1 0 1706918209
WALL 21248450 1 0 1706918210
WALL 21248450 1 0 1706918211
WALL 21248450 1 0 1706918212
WALL 21248450 1 0 1706918213
WALL 21248450 1 0 1706918214
WALL 21248450 1 0 1706918215
WALL 21248450 1 0 1706918216
WALL 21248450 1 0 1706918217
WALL 21248450 1 0 1706918218
WALL 21248450 1 0 1706918219
WALL 21248450 1 0 1706918220
WALL 21248450 1 0 1706918221
WALL 21248450 1 0 1706918222
WALL 21248450 1 0 1706918223
WALL 21248450 1 0 1706918224
WALL 21248450 1 0 1706918225
WALL 21248450 1 0 1706918226
WALL 21248450 1 0 1706918227
WALL 21248450 1 0 1706918228
WALL 21248450 1 0 1706918229
WALL 21248450 1 0 1706918230
WALL 21248450 1 0 1706918231
WALL 21248450 1 0 1706918232
WALL 21248450 1 0 1706918233
WALL 21248450 1 0 1706918234
WALL 21248450 1 0 1706918235
WALL 21248450 1 0 1706918236
WALL 21248450 1 0 1706918237
WALL 21248450 1 0 1706918238
WALL 21248450 1 0 1706918239
WALL 21248450 1 0 1706918240
WALL 21248450 1 0 1706918241
WALL 21248450 1 0 1706918242
WALL 21248450 1 0 1706918243
WALL 21248450 1 0 1706918244
WALL 21248450 1 0 1706918245
WALL 21248450 1 0 1706918246
slurmstepd: error: *** JOB 21248450 ON nid200006 CANCELLED AT 2024-02-02T23:57:27 DUE TO PREEMPTION ***
received SIGTERM 1706918247
WALL 21248450 1 0 1706918247
received SIGCONT 1706918247
WALL 21248450 1 0 1706918247
received SIGTERM 1706918247
WALL 21248450 1 0 1706918247
