srun: warning: can't run 1 processes on 16 nodes, setting nnodes to 1
WALL 21198962 1 0 1706815942
WALL 21198962 1 0 1706815943
WALL 21198962 1 0 1706815944
WALL 21198962 1 0 1706815945
WALL 21198962 1 0 1706815946
WALL 21198962 1 0 1706815947
WALL 21198962 1 0 1706815948
WALL 21198962 1 0 1706815949
WALL 21198962 1 0 1706815950
WALL 21198962 1 0 1706815951
WALL 21198962 1 0 1706815952
WALL 21198962 1 0 1706815953
WALL 21198962 1 0 1706815954
WALL 21198962 1 0 1706815955
WALL 21198962 1 0 1706815956
WALL 21198962 1 0 1706815957
WALL 21198962 1 0 1706815958
WALL 21198962 1 0 1706815959
WALL 21198962 1 0 1706815960
WALL 21198962 1 0 1706815961
WALL 21198962 1 0 1706815962
WALL 21198962 1 0 1706815963
WALL 21198962 1 0 1706815964
WALL 21198962 1 0 1706815965
WALL 21198962 1 0 1706815966
WALL 21198962 1 0 1706815967
WALL 21198962 1 0 1706815968
WALL 21198962 1 0 1706815969
WALL 21198962 1 0 1706815970
WALL 21198962 1 0 1706815971
WALL 21198962 1 0 1706815972
WALL 21198962 1 0 1706815973
WALL 21198962 1 0 1706815974
WALL 21198962 1 0 1706815975
WALL 21198962 1 0 1706815976
WALL 21198962 1 0 1706815977
WALL 21198962 1 0 1706815978
WALL 21198962 1 0 1706815979
WALL 21198962 1 0 1706815980
WALL 21198962 1 0 1706815981
WALL 21198962 1 0 1706815982
WALL 21198962 1 0 1706815983
WALL 21198962 1 0 1706815984
WALL 21198962 1 0 1706815985
WALL 21198962 1 0 1706815986
WALL 21198962 1 0 1706815987
WALL 21198962 1 0 1706815988
WALL 21198962 1 0 1706815989
WALL 21198962 1 0 1706815990
WALL 21198962 1 0 1706815991
WALL 21198962 1 0 1706815992
WALL 21198962 1 0 1706815993
WALL 21198962 1 0 1706815994
WALL 21198962 1 0 1706815995
WALL 21198962 1 0 1706815996
WALL 21198962 1 0 1706815997
WALL 21198962 1 0 1706815998
WALL 21198962 1 0 1706815999
WALL 21198962 1 0 1706816000
WALL 21198962 1 0 1706816001
WALL 21198962 1 0 1706816002
WALL 21198962 1 0 1706816003
WALL 21198962 1 0 1706816004
WALL 21198962 1 0 1706816005
WALL 21198962 1 0 1706816006
WALL 21198962 1 0 1706816007
WALL 21198962 1 0 1706816008
WALL 21198962 1 0 1706816009
WALL 21198962 1 0 1706816010
WALL 21198962 1 0 1706816011
WALL 21198962 1 0 1706816012
WALL 21198962 1 0 1706816013
WALL 21198962 1 0 1706816014
WALL 21198962 1 0 1706816015
WALL 21198962 1 0 1706816016
WALL 21198962 1 0 1706816017
WALL 21198962 1 0 1706816018
WALL 21198962 1 0 1706816019
WALL 21198962 1 0 1706816020
WALL 21198962 1 0 1706816021
WALL 21198962 1 0 1706816022
WALL 21198962 1 0 1706816023
WALL 21198962 1 0 1706816024
WALL 21198962 1 0 1706816025
WALL 21198962 1 0 1706816026
WALL 21198962 1 0 1706816027
WALL 21198962 1 0 1706816028
WALL 21198962 1 0 1706816029
WALL 21198962 1 0 1706816030
WALL 21198962 1 0 1706816031
WALL 21198962 1 0 1706816032
WALL 21198962 1 0 1706816033
WALL 21198962 1 0 1706816034
WALL 21198962 1 0 1706816035
WALL 21198962 1 0 1706816036
WALL 21198962 1 0 1706816037
WALL 21198962 1 0 1706816038
WALL 21198962 1 0 1706816039
WALL 21198962 1 0 1706816040
WALL 21198962 1 0 1706816041
WALL 21198962 1 0 1706816042
WALL 21198962 1 0 1706816043
WALL 21198962 1 0 1706816044
WALL 21198962 1 0 1706816045
WALL 21198962 1 0 1706816046
WALL 21198962 1 0 1706816047
WALL 21198962 1 0 1706816048
WALL 21198962 1 0 1706816049
WALL 21198962 1 0 1706816050
WALL 21198962 1 0 1706816051
WALL 21198962 1 0 1706816052
WALL 21198962 1 0 1706816053
WALL 21198962 1 0 1706816054
WALL 21198962 1 0 1706816055
WALL 21198962 1 0 1706816056
WALL 21198962 1 0 1706816057
WALL 21198962 1 0 1706816058
WALL 21198962 1 0 1706816059
WALL 21198962 1 0 1706816060
WALL 21198962 1 0 1706816061
WALL 21198962 1 0 1706816062
WALL 21198962 1 0 1706816063
WALL 21198962 1 0 1706816064
WALL 21198962 1 0 1706816065
WALL 21198962 1 0 1706816066
WALL 21198962 1 0 1706816067
WALL 21198962 1 0 1706816068
WALL 21198962 1 0 1706816069
WALL 21198962 1 0 1706816070
WALL 21198962 1 0 1706816071
WALL 21198962 1 0 1706816072
WALL 21198962 1 0 1706816073
WALL 21198962 1 0 1706816074
WALL 21198962 1 0 1706816075
WALL 21198962 1 0 1706816076
WALL 21198962 1 0 1706816077
WALL 21198962 1 0 1706816078
WALL 21198962 1 0 1706816079
WALL 21198962 1 0 1706816080
WALL 21198962 1 0 1706816081
WALL 21198962 1 0 1706816082
WALL 21198962 1 0 1706816083
WALL 21198962 1 0 1706816084
WALL 21198962 1 0 1706816085
WALL 21198962 1 0 1706816086
WALL 21198962 1 0 1706816087
WALL 21198962 1 0 1706816088
WALL 21198962 1 0 1706816089
WALL 21198962 1 0 1706816090
WALL 21198962 1 0 1706816091
WALL 21198962 1 0 1706816092
WALL 21198962 1 0 1706816093
WALL 21198962 1 0 1706816094
WALL 21198962 1 0 1706816095
WALL 21198962 1 0 1706816096
WALL 21198962 1 0 1706816097
WALL 21198962 1 0 1706816098
WALL 21198962 1 0 1706816099
WALL 21198962 1 0 1706816100
WALL 21198962 1 0 1706816101
WALL 21198962 1 0 1706816102
WALL 21198962 1 0 1706816103
WALL 21198962 1 0 1706816104
WALL 21198962 1 0 1706816105
WALL 21198962 1 0 1706816106
WALL 21198962 1 0 1706816107
WALL 21198962 1 0 1706816108
WALL 21198962 1 0 1706816109
WALL 21198962 1 0 1706816110
WALL 21198962 1 0 1706816111
WALL 21198962 1 0 1706816112
WALL 21198962 1 0 1706816113
WALL 21198962 1 0 1706816114
WALL 21198962 1 0 1706816115
WALL 21198962 1 0 1706816116
WALL 21198962 1 0 1706816117
WALL 21198962 1 0 1706816118
WALL 21198962 1 0 1706816119
WALL 21198962 1 0 1706816120
WALL 21198962 1 0 1706816121
WALL 21198962 1 0 1706816122
WALL 21198962 1 0 1706816123
WALL 21198962 1 0 1706816124
WALL 21198962 1 0 1706816125
WALL 21198962 1 0 1706816126
WALL 21198962 1 0 1706816127
WALL 21198962 1 0 1706816128
WALL 21198962 1 0 1706816129
WALL 21198962 1 0 1706816130
WALL 21198962 1 0 1706816131
WALL 21198962 1 0 1706816132
WALL 21198962 1 0 1706816133
WALL 21198962 1 0 1706816134
WALL 21198962 1 0 1706816135
WALL 21198962 1 0 1706816136
WALL 21198962 1 0 1706816137
WALL 21198962 1 0 1706816138
WALL 21198962 1 0 1706816139
WALL 21198962 1 0 1706816140
WALL 21198962 1 0 1706816141
WALL 21198962 1 0 1706816142
WALL 21198962 1 0 1706816143
WALL 21198962 1 0 1706816144
WALL 21198962 1 0 1706816145
WALL 21198962 1 0 1706816146
WALL 21198962 1 0 1706816147
WALL 21198962 1 0 1706816148
WALL 21198962 1 0 1706816149
WALL 21198962 1 0 1706816150
WALL 21198962 1 0 1706816151
WALL 21198962 1 0 1706816152
WALL 21198962 1 0 1706816153
WALL 21198962 1 0 1706816154
WALL 21198962 1 0 1706816155
WALL 21198962 1 0 1706816156
WALL 21198962 1 0 1706816157
WALL 21198962 1 0 1706816158
WALL 21198962 1 0 1706816159
WALL 21198962 1 0 1706816160
WALL 21198962 1 0 1706816161
WALL 21198962 1 0 1706816162
WALL 21198962 1 0 1706816163
WALL 21198962 1 0 1706816164
WALL 21198962 1 0 1706816165
WALL 21198962 1 0 1706816166
WALL 21198962 1 0 1706816167
WALL 21198962 1 0 1706816168
WALL 21198962 1 0 1706816169
WALL 21198962 1 0 1706816170
WALL 21198962 1 0 1706816171
WALL 21198962 1 0 1706816172
WALL 21198962 1 0 1706816173
WALL 21198962 1 0 1706816174
WALL 21198962 1 0 1706816175
WALL 21198962 1 0 1706816176
WALL 21198962 1 0 1706816177
WALL 21198962 1 0 1706816178
WALL 21198962 1 0 1706816179
WALL 21198962 1 0 1706816180
WALL 21198962 1 0 1706816181
WALL 21198962 1 0 1706816182
WALL 21198962 1 0 1706816183
WALL 21198962 1 0 1706816184
WALL 21198962 1 0 1706816185
WALL 21198962 1 0 1706816186
WALL 21198962 1 0 1706816187
WALL 21198962 1 0 1706816188
WALL 21198962 1 0 1706816189
WALL 21198962 1 0 1706816190
WALL 21198962 1 0 1706816191
WALL 21198962 1 0 1706816192
WALL 21198962 1 0 1706816193
WALL 21198962 1 0 1706816194
WALL 21198962 1 0 1706816195
WALL 21198962 1 0 1706816196
WALL 21198962 1 0 1706816197
WALL 21198962 1 0 1706816198
WALL 21198962 1 0 1706816199
WALL 21198962 1 0 1706816200
WALL 21198962 1 0 1706816201
WALL 21198962 1 0 1706816202
WALL 21198962 1 0 1706816203
WALL 21198962 1 0 1706816204
WALL 21198962 1 0 1706816205
WALL 21198962 1 0 1706816206
WALL 21198962 1 0 1706816207
WALL 21198962 1 0 1706816208
WALL 21198962 1 0 1706816209
WALL 21198962 1 0 1706816210
WALL 21198962 1 0 1706816211
WALL 21198962 1 0 1706816212
WALL 21198962 1 0 1706816213
WALL 21198962 1 0 1706816214
WALL 21198962 1 0 1706816215
WALL 21198962 1 0 1706816216
WALL 21198962 1 0 1706816217
WALL 21198962 1 0 1706816218
WALL 21198962 1 0 1706816219
WALL 21198962 1 0 1706816220
WALL 21198962 1 0 1706816221
WALL 21198962 1 0 1706816222
WALL 21198962 1 0 1706816223
WALL 21198962 1 0 1706816224
WALL 21198962 1 0 1706816225
WALL 21198962 1 0 1706816226
WALL 21198962 1 0 1706816227
WALL 21198962 1 0 1706816228
WALL 21198962 1 0 1706816229
WALL 21198962 1 0 1706816230
WALL 21198962 1 0 1706816231
WALL 21198962 1 0 1706816232
WALL 21198962 1 0 1706816233
WALL 21198962 1 0 1706816234
WALL 21198962 1 0 1706816235
WALL 21198962 1 0 1706816236
WALL 21198962 1 0 1706816237
WALL 21198962 1 0 1706816238
WALL 21198962 1 0 1706816239
WALL 21198962 1 0 1706816240
WALL 21198962 1 0 1706816241
WALL 21198962 1 0 1706816242
WALL 21198962 1 0 1706816243
WALL 21198962 1 0 1706816244
WALL 21198962 1 0 1706816245
WALL 21198962 1 0 1706816246
WALL 21198962 1 0 1706816247
WALL 21198962 1 0 1706816248
WALL 21198962 1 0 1706816249
WALL 21198962 1 0 1706816250
WALL 21198962 1 0 1706816251
WALL 21198962 1 0 1706816252
WALL 21198962 1 0 1706816253
WALL 21198962 1 0 1706816254
WALL 21198962 1 0 1706816255
WALL 21198962 1 0 1706816256
WALL 21198962 1 0 1706816257
WALL 21198962 1 0 1706816258
WALL 21198962 1 0 1706816259
WALL 21198962 1 0 1706816260
WALL 21198962 1 0 1706816261
WALL 21198962 1 0 1706816262
WALL 21198962 1 0 1706816263
WALL 21198962 1 0 1706816264
WALL 21198962 1 0 1706816265
WALL 21198962 1 0 1706816266
WALL 21198962 1 0 1706816267
WALL 21198962 1 0 1706816268
WALL 21198962 1 0 1706816269
WALL 21198962 1 0 1706816270
WALL 21198962 1 0 1706816271
WALL 21198962 1 0 1706816272
WALL 21198962 1 0 1706816273
WALL 21198962 1 0 1706816274
WALL 21198962 1 0 1706816275
WALL 21198962 1 0 1706816276
WALL 21198962 1 0 1706816277
WALL 21198962 1 0 1706816278
WALL 21198962 1 0 1706816279
WALL 21198962 1 0 1706816280
WALL 21198962 1 0 1706816281
WALL 21198962 1 0 1706816282
WALL 21198962 1 0 1706816283
WALL 21198962 1 0 1706816284
WALL 21198962 1 0 1706816285
WALL 21198962 1 0 1706816286
WALL 21198962 1 0 1706816287
WALL 21198962 1 0 1706816288
WALL 21198962 1 0 1706816289
WALL 21198962 1 0 1706816290
WALL 21198962 1 0 1706816291
WALL 21198962 1 0 1706816292
WALL 21198962 1 0 1706816293
WALL 21198962 1 0 1706816294
WALL 21198962 1 0 1706816295
WALL 21198962 1 0 1706816296
WALL 21198962 1 0 1706816297
WALL 21198962 1 0 1706816298
WALL 21198962 1 0 1706816299
WALL 21198962 1 0 1706816300
WALL 21198962 1 0 1706816301
WALL 21198962 1 0 1706816302
WALL 21198962 1 0 1706816303
WALL 21198962 1 0 1706816304
WALL 21198962 1 0 1706816305
WALL 21198962 1 0 1706816306
WALL 21198962 1 0 1706816307
WALL 21198962 1 0 1706816308
WALL 21198962 1 0 1706816309
WALL 21198962 1 0 1706816310
WALL 21198962 1 0 1706816311
WALL 21198962 1 0 1706816312
WALL 21198962 1 0 1706816313
WALL 21198962 1 0 1706816314
WALL 21198962 1 0 1706816315
WALL 21198962 1 0 1706816316
WALL 21198962 1 0 1706816317
WALL 21198962 1 0 1706816318
WALL 21198962 1 0 1706816319
WALL 21198962 1 0 1706816320
WALL 21198962 1 0 1706816321
WALL 21198962 1 0 1706816322
WALL 21198962 1 0 1706816323
WALL 21198962 1 0 1706816324
WALL 21198962 1 0 1706816325
WALL 21198962 1 0 1706816326
WALL 21198962 1 0 1706816327
WALL 21198962 1 0 1706816328
WALL 21198962 1 0 1706816329
WALL 21198962 1 0 1706816330
WALL 21198962 1 0 1706816331
WALL 21198962 1 0 1706816332
WALL 21198962 1 0 1706816333
WALL 21198962 1 0 1706816334
WALL 21198962 1 0 1706816335
WALL 21198962 1 0 1706816336
WALL 21198962 1 0 1706816337
WALL 21198962 1 0 1706816338
WALL 21198962 1 0 1706816339
WALL 21198962 1 0 1706816340
WALL 21198962 1 0 1706816341
WALL 21198962 1 0 1706816342
WALL 21198962 1 0 1706816343
WALL 21198962 1 0 1706816344
WALL 21198962 1 0 1706816345
WALL 21198962 1 0 1706816346
WALL 21198962 1 0 1706816347
WALL 21198962 1 0 1706816348
WALL 21198962 1 0 1706816349
WALL 21198962 1 0 1706816350
WALL 21198962 1 0 1706816351
WALL 21198962 1 0 1706816352
WALL 21198962 1 0 1706816353
WALL 21198962 1 0 1706816354
WALL 21198962 1 0 1706816355
WALL 21198962 1 0 1706816356
WALL 21198962 1 0 1706816357
WALL 21198962 1 0 1706816358
WALL 21198962 1 0 1706816359
WALL 21198962 1 0 1706816360
WALL 21198962 1 0 1706816361
WALL 21198962 1 0 1706816362
WALL 21198962 1 0 1706816363
WALL 21198962 1 0 1706816364
WALL 21198962 1 0 1706816365
WALL 21198962 1 0 1706816366
WALL 21198962 1 0 1706816367
WALL 21198962 1 0 1706816368
WALL 21198962 1 0 1706816369
WALL 21198962 1 0 1706816370
WALL 21198962 1 0 1706816371
WALL 21198962 1 0 1706816372
WALL 21198962 1 0 1706816373
WALL 21198962 1 0 1706816374
WALL 21198962 1 0 1706816375
WALL 21198962 1 0 1706816376
WALL 21198962 1 0 1706816377
WALL 21198962 1 0 1706816378
WALL 21198962 1 0 1706816379
WALL 21198962 1 0 1706816380
WALL 21198962 1 0 1706816381
WALL 21198962 1 0 1706816382
WALL 21198962 1 0 1706816383
WALL 21198962 1 0 1706816384
WALL 21198962 1 0 1706816385
WALL 21198962 1 0 1706816386
WALL 21198962 1 0 1706816387
WALL 21198962 1 0 1706816388
WALL 21198962 1 0 1706816389
WALL 21198962 1 0 1706816390
WALL 21198962 1 0 1706816391
WALL 21198962 1 0 1706816392
WALL 21198962 1 0 1706816393
WALL 21198962 1 0 1706816394
WALL 21198962 1 0 1706816395
WALL 21198962 1 0 1706816396
WALL 21198962 1 0 1706816397
WALL 21198962 1 0 1706816398
WALL 21198962 1 0 1706816399
WALL 21198962 1 0 1706816400
WALL 21198962 1 0 1706816401
WALL 21198962 1 0 1706816402
WALL 21198962 1 0 1706816403
WALL 21198962 1 0 1706816404
WALL 21198962 1 0 1706816405
WALL 21198962 1 0 1706816406
WALL 21198962 1 0 1706816407
WALL 21198962 1 0 1706816408
WALL 21198962 1 0 1706816409
WALL 21198962 1 0 1706816410
received SIGCONT 1706816410
WALL 21198962 1 0 1706816410
slurmstepd: error: *** STEP 21198962.0 ON nid200011 CANCELLED AT 2024-02-01T19:40:10 ***
received SIGTERM 1706816410
WALL 21198962 1 0 1706816410
WALL 21198962 1 0 1706816411
WALL 21198962 1 0 1706816412
WALL 21198962 1 0 1706816413
WALL 21198962 1 0 1706816414
WALL 21198962 1 0 1706816415
WALL 21198962 1 0 1706816416
WALL 21198962 1 0 1706816417
WALL 21198962 1 0 1706816418
WALL 21198962 1 0 1706816419
WALL 21198962 1 0 1706816420
WALL 21198962 1 0 1706816421
WALL 21198962 1 0 1706816422
WALL 21198962 1 0 1706816423
WALL 21198962 1 0 1706816424
WALL 21198962 1 0 1706816425
WALL 21198962 1 0 1706816426
WALL 21198962 1 0 1706816427
WALL 21198962 1 0 1706816428
WALL 21198962 1 0 1706816429
WALL 21198962 1 0 1706816430
WALL 21198962 1 0 1706816431
WALL 21198962 1 0 1706816432
WALL 21198962 1 0 1706816433
WALL 21198962 1 0 1706816434
WALL 21198962 1 0 1706816435
WALL 21198962 1 0 1706816436
WALL 21198962 1 0 1706816437
WALL 21198962 1 0 1706816438
WALL 21198962 1 0 1706816439
WALL 21198962 1 0 1706816440
WALL 21198962 1 0 1706816441
WALL 21198962 1 0 1706816442
WALL 21198962 1 0 1706816443
WALL 21198962 1 0 1706816444
WALL 21198962 1 0 1706816445
WALL 21198962 1 0 1706816446
WALL 21198962 1 0 1706816447
WALL 21198962 1 0 1706816448
WALL 21198962 1 0 1706816449
WALL 21198962 1 0 1706816450
WALL 21198962 1 0 1706816451
WALL 21198962 1 0 1706816452
WALL 21198962 1 0 1706816453
WALL 21198962 1 0 1706816454
WALL 21198962 1 0 1706816455
WALL 21198962 1 0 1706816456
WALL 21198962 1 0 1706816457
WALL 21198962 1 0 1706816458
WALL 21198962 1 0 1706816459
WALL 21198962 1 0 1706816460
WALL 21198962 1 0 1706816461
WALL 21198962 1 0 1706816462
WALL 21198962 1 0 1706816463
WALL 21198962 1 0 1706816464
WALL 21198962 1 0 1706816465
WALL 21198962 1 0 1706816466
WALL 21198962 1 0 1706816467
WALL 21198962 1 0 1706816468
WALL 21198962 1 0 1706816469
WALL 21198962 1 0 1706816470
WALL 21198962 1 0 1706816471
WALL 21198962 1 0 1706816472
WALL 21198962 1 0 1706816473
WALL 21198962 1 0 1706816474
WALL 21198962 1 0 1706816475
WALL 21198962 1 0 1706816476
WALL 21198962 1 0 1706816477
WALL 21198962 1 0 1706816478
slurmstepd: error: *** JOB 21198962 ON nid200011 CANCELLED AT 2024-02-01T19:41:19 DUE TO PREEMPTION ***
received SIGTERM 1706816479
WALL 21198962 1 0 1706816479
received SIGCONT 1706816479
WALL 21198962 1 0 1706816479
received SIGTERM 1706816479
WALL 21198962 1 0 1706816479
