WALL 21239410 1 0 1706909944
WALL 21239410 1 0 1706909945
WALL 21239410 1 0 1706909946
WALL 21239410 1 0 1706909947
WALL 21239410 1 0 1706909948
WALL 21239410 1 0 1706909949
WALL 21239410 1 0 1706909950
WALL 21239410 1 0 1706909951
WALL 21239410 1 0 1706909952
WALL 21239410 1 0 1706909953
WALL 21239410 1 0 1706909954
WALL 21239410 1 0 1706909955
WALL 21239410 1 0 1706909956
WALL 21239410 1 0 1706909957
WALL 21239410 1 0 1706909958
WALL 21239410 1 0 1706909959
WALL 21239410 1 0 1706909960
WALL 21239410 1 0 1706909961
WALL 21239410 1 0 1706909962
WALL 21239410 1 0 1706909963
WALL 21239410 1 0 1706909964
WALL 21239410 1 0 1706909965
WALL 21239410 1 0 1706909966
WALL 21239410 1 0 1706909967
WALL 21239410 1 0 1706909968
WALL 21239410 1 0 1706909969
WALL 21239410 1 0 1706909970
WALL 21239410 1 0 1706909971
WALL 21239410 1 0 1706909972
WALL 21239410 1 0 1706909973
WALL 21239410 1 0 1706909974
WALL 21239410 1 0 1706909975
WALL 21239410 1 0 1706909976
WALL 21239410 1 0 1706909977
WALL 21239410 1 0 1706909978
slurmstepd: error: *** STEP 21239410.0 ON nid200064 CANCELLED AT 2024-02-02T21:39:38 ***
received SIGTERM 1706909978
WALL 21239410 1 0 1706909978
received SIGCONT 1706909978
WALL 21239410 1 0 1706909978
WALL 21239410 1 0 1706909979
WALL 21239410 1 0 1706909980
WALL 21239410 1 0 1706909981
WALL 21239410 1 0 1706909982
WALL 21239410 1 0 1706909983
WALL 21239410 1 0 1706909984
WALL 21239410 1 0 1706909985
WALL 21239410 1 0 1706909986
WALL 21239410 1 0 1706909987
WALL 21239410 1 0 1706909988
WALL 21239410 1 0 1706909989
WALL 21239410 1 0 1706909990
WALL 21239410 1 0 1706909991
WALL 21239410 1 0 1706909992
WALL 21239410 1 0 1706909993
WALL 21239410 1 0 1706909994
WALL 21239410 1 0 1706909995
WALL 21239410 1 0 1706909996
WALL 21239410 1 0 1706909997
WALL 21239410 1 0 1706909998
WALL 21239410 1 0 1706909999
WALL 21239410 1 0 1706910000
WALL 21239410 1 0 1706910001
WALL 21239410 1 0 1706910002
WALL 21239410 1 0 1706910003
WALL 21239410 1 0 1706910004
WALL 21239410 1 0 1706910005
WALL 21239410 1 0 1706910006
WALL 21239410 1 0 1706910007
WALL 21239410 1 0 1706910008
WALL 21239410 1 0 1706910009
WALL 21239410 1 0 1706910010
WALL 21239410 1 0 1706910011
WALL 21239410 1 0 1706910012
WALL 21239410 1 0 1706910013
WALL 21239410 1 0 1706910014
WALL 21239410 1 0 1706910015
WALL 21239410 1 0 1706910016
WALL 21239410 1 0 1706910017
WALL 21239410 1 0 1706910018
WALL 21239410 1 0 1706910019
WALL 21239410 1 0 1706910020
WALL 21239410 1 0 1706910021
WALL 21239410 1 0 1706910022
WALL 21239410 1 0 1706910023
WALL 21239410 1 0 1706910024
WALL 21239410 1 0 1706910025
WALL 21239410 1 0 1706910026
WALL 21239410 1 0 1706910027
WALL 21239410 1 0 1706910028
WALL 21239410 1 0 1706910029
WALL 21239410 1 0 1706910030
WALL 21239410 1 0 1706910031
WALL 21239410 1 0 1706910032
WALL 21239410 1 0 1706910033
WALL 21239410 1 0 1706910034
WALL 21239410 1 0 1706910035
WALL 21239410 1 0 1706910036
WALL 21239410 1 0 1706910037
WALL 21239410 1 0 1706910038
WALL 21239410 1 0 1706910039
WALL 21239410 1 0 1706910040
WALL 21239410 1 0 1706910041
WALL 21239410 1 0 1706910042
WALL 21239410 1 0 1706910043
WALL 21239410 1 0 1706910044
WALL 21239410 1 0 1706910045
WALL 21239410 1 0 1706910046
WALL 21239410 1 0 1706910047
WALL 21239410 1 0 1706910048
WALL 21239410 1 0 1706910049
WALL 21239410 1 0 1706910050
WALL 21239410 1 0 1706910051
WALL 21239410 1 0 1706910052
WALL 21239410 1 0 1706910053
WALL 21239410 1 0 1706910054
WALL 21239410 1 0 1706910055
WALL 21239410 1 0 1706910056
WALL 21239410 1 0 1706910057
WALL 21239410 1 0 1706910058
WALL 21239410 1 0 1706910059
WALL 21239410 1 0 1706910060
WALL 21239410 1 0 1706910061
WALL 21239410 1 0 1706910062
WALL 21239410 1 0 1706910063
WALL 21239410 1 0 1706910064
WALL 21239410 1 0 1706910065
WALL 21239410 1 0 1706910066
WALL 21239410 1 0 1706910067
WALL 21239410 1 0 1706910068
WALL 21239410 1 0 1706910069
WALL 21239410 1 0 1706910070
WALL 21239410 1 0 1706910071
WALL 21239410 1 0 1706910072
WALL 21239410 1 0 1706910073
WALL 21239410 1 0 1706910074
WALL 21239410 1 0 1706910075
WALL 21239410 1 0 1706910076
WALL 21239410 1 0 1706910077
WALL 21239410 1 0 1706910078
WALL 21239410 1 0 1706910079
WALL 21239410 1 0 1706910080
WALL 21239410 1 0 1706910081
WALL 21239410 1 0 1706910082
WALL 21239410 1 0 1706910083
WALL 21239410 1 0 1706910084
WALL 21239410 1 0 1706910085
WALL 21239410 1 0 1706910086
WALL 21239410 1 0 1706910087
WALL 21239410 1 0 1706910088
WALL 21239410 1 0 1706910089
WALL 21239410 1 0 1706910090
WALL 21239410 1 0 1706910091
WALL 21239410 1 0 1706910092
WALL 21239410 1 0 1706910093
WALL 21239410 1 0 1706910094
WALL 21239410 1 0 1706910095
WALL 21239410 1 0 1706910096
WALL 21239410 1 0 1706910097
WALL 21239410 1 0 1706910098
WALL 21239410 1 0 1706910099
WALL 21239410 1 0 1706910100
WALL 21239410 1 0 1706910101
WALL 21239410 1 0 1706910102
WALL 21239410 1 0 1706910103
WALL 21239410 1 0 1706910104
WALL 21239410 1 0 1706910105
WALL 21239410 1 0 1706910106
WALL 21239410 1 0 1706910107
slurmstepd: error: *** JOB 21239410 ON nid200064 CANCELLED AT 2024-02-02T21:41:48 DUE TO PREEMPTION ***
received SIGTERM 1706910108
WALL 21239410 1 0 1706910108
received SIGCONT 1706910108
WALL 21239410 1 0 1706910108
received SIGTERM 1706910108
WALL 21239410 1 0 1706910108
