WALL 21203970 1 0 1706818292
WALL 21203970 1 0 1706818293
WALL 21203970 1 0 1706818294
WALL 21203970 1 0 1706818295
WALL 21203970 1 0 1706818296
WALL 21203970 1 0 1706818297
WALL 21203970 1 0 1706818298
WALL 21203970 1 0 1706818299
WALL 21203970 1 0 1706818300
WALL 21203970 1 0 1706818301
WALL 21203970 1 0 1706818302
WALL 21203970 1 0 1706818303
WALL 21203970 1 0 1706818304
WALL 21203970 1 0 1706818305
WALL 21203970 1 0 1706818306
WALL 21203970 1 0 1706818307
WALL 21203970 1 0 1706818308
WALL 21203970 1 0 1706818309
WALL 21203970 1 0 1706818310
WALL 21203970 1 0 1706818311
WALL 21203970 1 0 1706818312
WALL 21203970 1 0 1706818313
WALL 21203970 1 0 1706818314
WALL 21203970 1 0 1706818315
WALL 21203970 1 0 1706818316
WALL 21203970 1 0 1706818317
WALL 21203970 1 0 1706818318
WALL 21203970 1 0 1706818319
WALL 21203970 1 0 1706818320
WALL 21203970 1 0 1706818321
WALL 21203970 1 0 1706818322
WALL 21203970 1 0 1706818323
WALL 21203970 1 0 1706818324
WALL 21203970 1 0 1706818325
WALL 21203970 1 0 1706818326
WALL 21203970 1 0 1706818327
WALL 21203970 1 0 1706818328
WALL 21203970 1 0 1706818329
WALL 21203970 1 0 1706818330
WALL 21203970 1 0 1706818331
WALL 21203970 1 0 1706818332
WALL 21203970 1 0 1706818333
WALL 21203970 1 0 1706818334
WALL 21203970 1 0 1706818335
WALL 21203970 1 0 1706818336
WALL 21203970 1 0 1706818337
WALL 21203970 1 0 1706818338
WALL 21203970 1 0 1706818339
WALL 21203970 1 0 1706818340
WALL 21203970 1 0 1706818341
WALL 21203970 1 0 1706818342
WALL 21203970 1 0 1706818343
WALL 21203970 1 0 1706818344
WALL 21203970 1 0 1706818345
WALL 21203970 1 0 1706818346
WALL 21203970 1 0 1706818347
WALL 21203970 1 0 1706818348
WALL 21203970 1 0 1706818349
WALL 21203970 1 0 1706818350
WALL 21203970 1 0 1706818351
WALL 21203970 1 0 1706818352
WALL 21203970 1 0 1706818353
WALL 21203970 1 0 1706818354
WALL 21203970 1 0 1706818355
WALL 21203970 1 0 1706818356
WALL 21203970 1 0 1706818357
WALL 21203970 1 0 1706818358
WALL 21203970 1 0 1706818359
WALL 21203970 1 0 1706818360
WALL 21203970 1 0 1706818361
WALL 21203970 1 0 1706818362
WALL 21203970 1 0 1706818363
WALL 21203970 1 0 1706818364
WALL 21203970 1 0 1706818365
WALL 21203970 1 0 1706818366
WALL 21203970 1 0 1706818367
WALL 21203970 1 0 1706818368
WALL 21203970 1 0 1706818369
WALL 21203970 1 0 1706818370
WALL 21203970 1 0 1706818371
WALL 21203970 1 0 1706818372
WALL 21203970 1 0 1706818373
WALL 21203970 1 0 1706818374
WALL 21203970 1 0 1706818375
WALL 21203970 1 0 1706818376
WALL 21203970 1 0 1706818377
WALL 21203970 1 0 1706818378
WALL 21203970 1 0 1706818379
WALL 21203970 1 0 1706818380
WALL 21203970 1 0 1706818381
WALL 21203970 1 0 1706818382
WALL 21203970 1 0 1706818383
WALL 21203970 1 0 1706818384
WALL 21203970 1 0 1706818385
WALL 21203970 1 0 1706818386
WALL 21203970 1 0 1706818387
WALL 21203970 1 0 1706818388
WALL 21203970 1 0 1706818389
WALL 21203970 1 0 1706818390
WALL 21203970 1 0 1706818391
WALL 21203970 1 0 1706818392
WALL 21203970 1 0 1706818393
WALL 21203970 1 0 1706818394
WALL 21203970 1 0 1706818395
WALL 21203970 1 0 1706818396
WALL 21203970 1 0 1706818397
WALL 21203970 1 0 1706818398
WALL 21203970 1 0 1706818399
WALL 21203970 1 0 1706818400
WALL 21203970 1 0 1706818401
WALL 21203970 1 0 1706818402
WALL 21203970 1 0 1706818403
WALL 21203970 1 0 1706818404
WALL 21203970 1 0 1706818405
WALL 21203970 1 0 1706818406
WALL 21203970 1 0 1706818407
WALL 21203970 1 0 1706818408
WALL 21203970 1 0 1706818409
WALL 21203970 1 0 1706818410
WALL 21203970 1 0 1706818411
WALL 21203970 1 0 1706818412
WALL 21203970 1 0 1706818413
WALL 21203970 1 0 1706818414
WALL 21203970 1 0 1706818415
WALL 21203970 1 0 1706818416
WALL 21203970 1 0 1706818417
WALL 21203970 1 0 1706818418
WALL 21203970 1 0 1706818419
slurmstepd: error: *** STEP 21203970.0 ON nid200135 CANCELLED AT 2024-02-01T20:13:40 ***
received SIGTERM 1706818420
WALL 21203970 1 0 1706818420
received SIGCONT 1706818420
WALL 21203970 1 0 1706818420
WALL 21203970 1 0 1706818421
WALL 21203970 1 0 1706818422
WALL 21203970 1 0 1706818423
WALL 21203970 1 0 1706818424
WALL 21203970 1 0 1706818425
WALL 21203970 1 0 1706818426
WALL 21203970 1 0 1706818427
WALL 21203970 1 0 1706818428
WALL 21203970 1 0 1706818429
WALL 21203970 1 0 1706818430
WALL 21203970 1 0 1706818431
WALL 21203970 1 0 1706818432
WALL 21203970 1 0 1706818433
WALL 21203970 1 0 1706818434
WALL 21203970 1 0 1706818435
WALL 21203970 1 0 1706818436
WALL 21203970 1 0 1706818437
WALL 21203970 1 0 1706818438
WALL 21203970 1 0 1706818439
WALL 21203970 1 0 1706818440
WALL 21203970 1 0 1706818441
WALL 21203970 1 0 1706818442
WALL 21203970 1 0 1706818443
WALL 21203970 1 0 1706818444
WALL 21203970 1 0 1706818445
WALL 21203970 1 0 1706818446
WALL 21203970 1 0 1706818447
WALL 21203970 1 0 1706818448
WALL 21203970 1 0 1706818449
WALL 21203970 1 0 1706818450
WALL 21203970 1 0 1706818451
WALL 21203970 1 0 1706818452
WALL 21203970 1 0 1706818453
WALL 21203970 1 0 1706818454
WALL 21203970 1 0 1706818455
WALL 21203970 1 0 1706818456
WALL 21203970 1 0 1706818457
WALL 21203970 1 0 1706818458
WALL 21203970 1 0 1706818459
WALL 21203970 1 0 1706818460
WALL 21203970 1 0 1706818461
WALL 21203970 1 0 1706818462
WALL 21203970 1 0 1706818463
WALL 21203970 1 0 1706818464
WALL 21203970 1 0 1706818465
WALL 21203970 1 0 1706818466
WALL 21203970 1 0 1706818467
WALL 21203970 1 0 1706818468
WALL 21203970 1 0 1706818469
WALL 21203970 1 0 1706818470
WALL 21203970 1 0 1706818471
WALL 21203970 1 0 1706818472
WALL 21203970 1 0 1706818473
WALL 21203970 1 0 1706818474
WALL 21203970 1 0 1706818475
WALL 21203970 1 0 1706818476
WALL 21203970 1 0 1706818477
WALL 21203970 1 0 1706818478
WALL 21203970 1 0 1706818479
WALL 21203970 1 0 1706818480
WALL 21203970 1 0 1706818481
WALL 21203970 1 0 1706818482
WALL 21203970 1 0 1706818483
WALL 21203970 1 0 1706818484
WALL 21203970 1 0 1706818485
WALL 21203970 1 0 1706818486
WALL 21203970 1 0 1706818487
WALL 21203970 1 0 1706818488
WALL 21203970 1 0 1706818489
WALL 21203970 1 0 1706818490
WALL 21203970 1 0 1706818491
WALL 21203970 1 0 1706818492
WALL 21203970 1 0 1706818493
WALL 21203970 1 0 1706818494
WALL 21203970 1 0 1706818495
WALL 21203970 1 0 1706818496
WALL 21203970 1 0 1706818497
WALL 21203970 1 0 1706818498
WALL 21203970 1 0 1706818499
WALL 21203970 1 0 1706818500
WALL 21203970 1 0 1706818501
WALL 21203970 1 0 1706818502
WALL 21203970 1 0 1706818503
WALL 21203970 1 0 1706818504
WALL 21203970 1 0 1706818505
slurmstepd: error: *** JOB 21203970 ON nid200135 CANCELLED AT 2024-02-01T20:15:06 DUE TO PREEMPTION ***
received SIGTERM 1706818506
WALL 21203970 1 0 1706818506
received SIGCONT 1706818506
WALL 21203970 1 0 1706818506
received SIGTERM 1706818506
WALL 21203970 1 0 1706818506
