srun: warning: can't run 1 processes on 4 nodes, setting nnodes to 1
WALL 21204260 1 0 1706818813
WALL 21204260 1 0 1706818814
WALL 21204260 1 0 1706818815
WALL 21204260 1 0 1706818816
WALL 21204260 1 0 1706818817
WALL 21204260 1 0 1706818818
WALL 21204260 1 0 1706818819
WALL 21204260 1 0 1706818820
WALL 21204260 1 0 1706818821
WALL 21204260 1 0 1706818822
WALL 21204260 1 0 1706818823
WALL 21204260 1 0 1706818824
WALL 21204260 1 0 1706818825
WALL 21204260 1 0 1706818826
WALL 21204260 1 0 1706818827
WALL 21204260 1 0 1706818828
WALL 21204260 1 0 1706818829
WALL 21204260 1 0 1706818830
WALL 21204260 1 0 1706818831
WALL 21204260 1 0 1706818832
WALL 21204260 1 0 1706818833
WALL 21204260 1 0 1706818834
WALL 21204260 1 0 1706818835
WALL 21204260 1 0 1706818836
WALL 21204260 1 0 1706818837
WALL 21204260 1 0 1706818838
WALL 21204260 1 0 1706818839
WALL 21204260 1 0 1706818840
WALL 21204260 1 0 1706818841
WALL 21204260 1 0 1706818842
WALL 21204260 1 0 1706818843
WALL 21204260 1 0 1706818844
WALL 21204260 1 0 1706818845
WALL 21204260 1 0 1706818846
WALL 21204260 1 0 1706818847
WALL 21204260 1 0 1706818848
WALL 21204260 1 0 1706818849
WALL 21204260 1 0 1706818850
WALL 21204260 1 0 1706818851
WALL 21204260 1 0 1706818852
WALL 21204260 1 0 1706818853
WALL 21204260 1 0 1706818854
WALL 21204260 1 0 1706818855
WALL 21204260 1 0 1706818856
WALL 21204260 1 0 1706818857
WALL 21204260 1 0 1706818858
WALL 21204260 1 0 1706818859
WALL 21204260 1 0 1706818860
WALL 21204260 1 0 1706818861
WALL 21204260 1 0 1706818862
WALL 21204260 1 0 1706818863
WALL 21204260 1 0 1706818864
WALL 21204260 1 0 1706818865
WALL 21204260 1 0 1706818866
WALL 21204260 1 0 1706818867
WALL 21204260 1 0 1706818868
WALL 21204260 1 0 1706818869
WALL 21204260 1 0 1706818870
WALL 21204260 1 0 1706818871
WALL 21204260 1 0 1706818872
WALL 21204260 1 0 1706818873
WALL 21204260 1 0 1706818874
WALL 21204260 1 0 1706818875
WALL 21204260 1 0 1706818876
WALL 21204260 1 0 1706818877
WALL 21204260 1 0 1706818878
WALL 21204260 1 0 1706818879
WALL 21204260 1 0 1706818880
WALL 21204260 1 0 1706818881
WALL 21204260 1 0 1706818882
WALL 21204260 1 0 1706818883
WALL 21204260 1 0 1706818884
WALL 21204260 1 0 1706818885
WALL 21204260 1 0 1706818886
WALL 21204260 1 0 1706818887
WALL 21204260 1 0 1706818888
WALL 21204260 1 0 1706818889
WALL 21204260 1 0 1706818890
WALL 21204260 1 0 1706818891
WALL 21204260 1 0 1706818892
WALL 21204260 1 0 1706818893
WALL 21204260 1 0 1706818894
WALL 21204260 1 0 1706818895
WALL 21204260 1 0 1706818896
WALL 21204260 1 0 1706818897
WALL 21204260 1 0 1706818898
WALL 21204260 1 0 1706818899
WALL 21204260 1 0 1706818900
WALL 21204260 1 0 1706818901
WALL 21204260 1 0 1706818902
WALL 21204260 1 0 1706818903
WALL 21204260 1 0 1706818904
WALL 21204260 1 0 1706818905
WALL 21204260 1 0 1706818906
WALL 21204260 1 0 1706818907
WALL 21204260 1 0 1706818908
WALL 21204260 1 0 1706818909
WALL 21204260 1 0 1706818910
WALL 21204260 1 0 1706818911
WALL 21204260 1 0 1706818912
WALL 21204260 1 0 1706818913
WALL 21204260 1 0 1706818914
WALL 21204260 1 0 1706818915
WALL 21204260 1 0 1706818916
WALL 21204260 1 0 1706818917
WALL 21204260 1 0 1706818918
WALL 21204260 1 0 1706818919
WALL 21204260 1 0 1706818920
WALL 21204260 1 0 1706818921
WALL 21204260 1 0 1706818922
WALL 21204260 1 0 1706818923
WALL 21204260 1 0 1706818924
WALL 21204260 1 0 1706818925
WALL 21204260 1 0 1706818926
WALL 21204260 1 0 1706818927
WALL 21204260 1 0 1706818928
WALL 21204260 1 0 1706818929
WALL 21204260 1 0 1706818930
WALL 21204260 1 0 1706818931
WALL 21204260 1 0 1706818932
WALL 21204260 1 0 1706818933
WALL 21204260 1 0 1706818934
WALL 21204260 1 0 1706818935
WALL 21204260 1 0 1706818936
WALL 21204260 1 0 1706818937
WALL 21204260 1 0 1706818938
WALL 21204260 1 0 1706818939
WALL 21204260 1 0 1706818940
WALL 21204260 1 0 1706818941
WALL 21204260 1 0 1706818942
WALL 21204260 1 0 1706818943
WALL 21204260 1 0 1706818944
WALL 21204260 1 0 1706818945
WALL 21204260 1 0 1706818946
WALL 21204260 1 0 1706818947
WALL 21204260 1 0 1706818948
WALL 21204260 1 0 1706818949
WALL 21204260 1 0 1706818950
WALL 21204260 1 0 1706818951
WALL 21204260 1 0 1706818952
WALL 21204260 1 0 1706818953
WALL 21204260 1 0 1706818954
WALL 21204260 1 0 1706818955
WALL 21204260 1 0 1706818956
WALL 21204260 1 0 1706818957
WALL 21204260 1 0 1706818958
WALL 21204260 1 0 1706818959
WALL 21204260 1 0 1706818960
WALL 21204260 1 0 1706818961
WALL 21204260 1 0 1706818962
WALL 21204260 1 0 1706818963
WALL 21204260 1 0 1706818964
WALL 21204260 1 0 1706818965
WALL 21204260 1 0 1706818966
WALL 21204260 1 0 1706818967
WALL 21204260 1 0 1706818968
WALL 21204260 1 0 1706818969
WALL 21204260 1 0 1706818970
WALL 21204260 1 0 1706818971
WALL 21204260 1 0 1706818972
WALL 21204260 1 0 1706818973
WALL 21204260 1 0 1706818974
WALL 21204260 1 0 1706818975
WALL 21204260 1 0 1706818976
WALL 21204260 1 0 1706818977
WALL 21204260 1 0 1706818978
WALL 21204260 1 0 1706818979
WALL 21204260 1 0 1706818980
WALL 21204260 1 0 1706818981
WALL 21204260 1 0 1706818982
WALL 21204260 1 0 1706818983
WALL 21204260 1 0 1706818984
WALL 21204260 1 0 1706818985
WALL 21204260 1 0 1706818986
WALL 21204260 1 0 1706818987
WALL 21204260 1 0 1706818988
WALL 21204260 1 0 1706818989
WALL 21204260 1 0 1706818990
WALL 21204260 1 0 1706818991
WALL 21204260 1 0 1706818992
WALL 21204260 1 0 1706818993
WALL 21204260 1 0 1706818994
WALL 21204260 1 0 1706818995
WALL 21204260 1 0 1706818996
WALL 21204260 1 0 1706818997
WALL 21204260 1 0 1706818998
WALL 21204260 1 0 1706818999
WALL 21204260 1 0 1706819000
WALL 21204260 1 0 1706819001
WALL 21204260 1 0 1706819002
WALL 21204260 1 0 1706819003
WALL 21204260 1 0 1706819004
WALL 21204260 1 0 1706819005
WALL 21204260 1 0 1706819006
WALL 21204260 1 0 1706819007
WALL 21204260 1 0 1706819008
WALL 21204260 1 0 1706819009
WALL 21204260 1 0 1706819010
WALL 21204260 1 0 1706819011
WALL 21204260 1 0 1706819012
WALL 21204260 1 0 1706819013
WALL 21204260 1 0 1706819014
WALL 21204260 1 0 1706819015
WALL 21204260 1 0 1706819016
WALL 21204260 1 0 1706819017
WALL 21204260 1 0 1706819018
WALL 21204260 1 0 1706819019
WALL 21204260 1 0 1706819020
WALL 21204260 1 0 1706819021
WALL 21204260 1 0 1706819022
WALL 21204260 1 0 1706819023
WALL 21204260 1 0 1706819024
WALL 21204260 1 0 1706819025
WALL 21204260 1 0 1706819026
WALL 21204260 1 0 1706819027
WALL 21204260 1 0 1706819028
WALL 21204260 1 0 1706819029
WALL 21204260 1 0 1706819030
WALL 21204260 1 0 1706819031
WALL 21204260 1 0 1706819032
WALL 21204260 1 0 1706819033
WALL 21204260 1 0 1706819034
WALL 21204260 1 0 1706819035
WALL 21204260 1 0 1706819036
WALL 21204260 1 0 1706819037
WALL 21204260 1 0 1706819038
WALL 21204260 1 0 1706819039
WALL 21204260 1 0 1706819040
WALL 21204260 1 0 1706819041
WALL 21204260 1 0 1706819042
WALL 21204260 1 0 1706819043
WALL 21204260 1 0 1706819044
WALL 21204260 1 0 1706819045
WALL 21204260 1 0 1706819046
WALL 21204260 1 0 1706819047
WALL 21204260 1 0 1706819048
WALL 21204260 1 0 1706819049
WALL 21204260 1 0 1706819050
WALL 21204260 1 0 1706819051
WALL 21204260 1 0 1706819052
WALL 21204260 1 0 1706819053
WALL 21204260 1 0 1706819054
WALL 21204260 1 0 1706819055
WALL 21204260 1 0 1706819056
WALL 21204260 1 0 1706819057
WALL 21204260 1 0 1706819058
WALL 21204260 1 0 1706819059
WALL 21204260 1 0 1706819060
WALL 21204260 1 0 1706819061
WALL 21204260 1 0 1706819062
WALL 21204260 1 0 1706819063
WALL 21204260 1 0 1706819064
WALL 21204260 1 0 1706819065
WALL 21204260 1 0 1706819066
WALL 21204260 1 0 1706819067
WALL 21204260 1 0 1706819068
WALL 21204260 1 0 1706819069
WALL 21204260 1 0 1706819070
WALL 21204260 1 0 1706819071
WALL 21204260 1 0 1706819072
WALL 21204260 1 0 1706819073
WALL 21204260 1 0 1706819074
WALL 21204260 1 0 1706819075
WALL 21204260 1 0 1706819076
WALL 21204260 1 0 1706819077
WALL 21204260 1 0 1706819078
WALL 21204260 1 0 1706819079
WALL 21204260 1 0 1706819080
WALL 21204260 1 0 1706819081
WALL 21204260 1 0 1706819082
WALL 21204260 1 0 1706819083
WALL 21204260 1 0 1706819084
WALL 21204260 1 0 1706819085
WALL 21204260 1 0 1706819086
WALL 21204260 1 0 1706819087
WALL 21204260 1 0 1706819088
WALL 21204260 1 0 1706819089
WALL 21204260 1 0 1706819090
WALL 21204260 1 0 1706819091
WALL 21204260 1 0 1706819092
WALL 21204260 1 0 1706819093
WALL 21204260 1 0 1706819094
WALL 21204260 1 0 1706819095
WALL 21204260 1 0 1706819096
WALL 21204260 1 0 1706819097
WALL 21204260 1 0 1706819098
WALL 21204260 1 0 1706819099
WALL 21204260 1 0 1706819100
WALL 21204260 1 0 1706819101
WALL 21204260 1 0 1706819102
WALL 21204260 1 0 1706819103
WALL 21204260 1 0 1706819104
WALL 21204260 1 0 1706819105
WALL 21204260 1 0 1706819106
WALL 21204260 1 0 1706819107
WALL 21204260 1 0 1706819108
WALL 21204260 1 0 1706819109
WALL 21204260 1 0 1706819110
WALL 21204260 1 0 1706819111
WALL 21204260 1 0 1706819112
WALL 21204260 1 0 1706819113
WALL 21204260 1 0 1706819114
WALL 21204260 1 0 1706819115
WALL 21204260 1 0 1706819116
WALL 21204260 1 0 1706819117
WALL 21204260 1 0 1706819118
WALL 21204260 1 0 1706819119
WALL 21204260 1 0 1706819120
WALL 21204260 1 0 1706819121
WALL 21204260 1 0 1706819122
WALL 21204260 1 0 1706819123
WALL 21204260 1 0 1706819124
WALL 21204260 1 0 1706819125
WALL 21204260 1 0 1706819126
WALL 21204260 1 0 1706819127
WALL 21204260 1 0 1706819128
WALL 21204260 1 0 1706819129
WALL 21204260 1 0 1706819130
WALL 21204260 1 0 1706819131
WALL 21204260 1 0 1706819132
WALL 21204260 1 0 1706819133
WALL 21204260 1 0 1706819134
WALL 21204260 1 0 1706819135
WALL 21204260 1 0 1706819136
WALL 21204260 1 0 1706819137
WALL 21204260 1 0 1706819138
WALL 21204260 1 0 1706819139
WALL 21204260 1 0 1706819140
WALL 21204260 1 0 1706819141
WALL 21204260 1 0 1706819142
WALL 21204260 1 0 1706819143
WALL 21204260 1 0 1706819144
WALL 21204260 1 0 1706819145
WALL 21204260 1 0 1706819146
WALL 21204260 1 0 1706819147
WALL 21204260 1 0 1706819148
WALL 21204260 1 0 1706819149
WALL 21204260 1 0 1706819150
WALL 21204260 1 0 1706819151
WALL 21204260 1 0 1706819152
WALL 21204260 1 0 1706819153
WALL 21204260 1 0 1706819154
WALL 21204260 1 0 1706819155
WALL 21204260 1 0 1706819156
WALL 21204260 1 0 1706819157
WALL 21204260 1 0 1706819158
WALL 21204260 1 0 1706819159
WALL 21204260 1 0 1706819160
WALL 21204260 1 0 1706819161
WALL 21204260 1 0 1706819162
WALL 21204260 1 0 1706819163
WALL 21204260 1 0 1706819164
WALL 21204260 1 0 1706819165
WALL 21204260 1 0 1706819166
WALL 21204260 1 0 1706819167
WALL 21204260 1 0 1706819168
WALL 21204260 1 0 1706819169
WALL 21204260 1 0 1706819170
WALL 21204260 1 0 1706819171
WALL 21204260 1 0 1706819172
WALL 21204260 1 0 1706819173
WALL 21204260 1 0 1706819174
WALL 21204260 1 0 1706819175
WALL 21204260 1 0 1706819176
WALL 21204260 1 0 1706819177
WALL 21204260 1 0 1706819178
WALL 21204260 1 0 1706819179
WALL 21204260 1 0 1706819180
WALL 21204260 1 0 1706819181
WALL 21204260 1 0 1706819182
WALL 21204260 1 0 1706819183
WALL 21204260 1 0 1706819184
WALL 21204260 1 0 1706819185
WALL 21204260 1 0 1706819186
WALL 21204260 1 0 1706819187
WALL 21204260 1 0 1706819188
WALL 21204260 1 0 1706819189
WALL 21204260 1 0 1706819190
WALL 21204260 1 0 1706819191
WALL 21204260 1 0 1706819192
WALL 21204260 1 0 1706819193
WALL 21204260 1 0 1706819194
WALL 21204260 1 0 1706819195
WALL 21204260 1 0 1706819196
WALL 21204260 1 0 1706819197
WALL 21204260 1 0 1706819198
WALL 21204260 1 0 1706819199
WALL 21204260 1 0 1706819200
WALL 21204260 1 0 1706819201
WALL 21204260 1 0 1706819202
WALL 21204260 1 0 1706819203
WALL 21204260 1 0 1706819204
WALL 21204260 1 0 1706819205
WALL 21204260 1 0 1706819206
WALL 21204260 1 0 1706819207
WALL 21204260 1 0 1706819208
WALL 21204260 1 0 1706819209
WALL 21204260 1 0 1706819210
WALL 21204260 1 0 1706819211
WALL 21204260 1 0 1706819212
WALL 21204260 1 0 1706819213
WALL 21204260 1 0 1706819214
WALL 21204260 1 0 1706819215
WALL 21204260 1 0 1706819216
WALL 21204260 1 0 1706819217
WALL 21204260 1 0 1706819218
WALL 21204260 1 0 1706819219
WALL 21204260 1 0 1706819220
WALL 21204260 1 0 1706819221
WALL 21204260 1 0 1706819222
WALL 21204260 1 0 1706819223
WALL 21204260 1 0 1706819224
WALL 21204260 1 0 1706819225
WALL 21204260 1 0 1706819226
WALL 21204260 1 0 1706819227
WALL 21204260 1 0 1706819228
WALL 21204260 1 0 1706819229
WALL 21204260 1 0 1706819230
WALL 21204260 1 0 1706819231
WALL 21204260 1 0 1706819232
WALL 21204260 1 0 1706819233
WALL 21204260 1 0 1706819234
WALL 21204260 1 0 1706819235
WALL 21204260 1 0 1706819236
WALL 21204260 1 0 1706819237
WALL 21204260 1 0 1706819238
WALL 21204260 1 0 1706819239
WALL 21204260 1 0 1706819240
WALL 21204260 1 0 1706819241
WALL 21204260 1 0 1706819242
WALL 21204260 1 0 1706819243
WALL 21204260 1 0 1706819244
WALL 21204260 1 0 1706819245
WALL 21204260 1 0 1706819246
WALL 21204260 1 0 1706819247
WALL 21204260 1 0 1706819248
WALL 21204260 1 0 1706819249
WALL 21204260 1 0 1706819250
WALL 21204260 1 0 1706819251
WALL 21204260 1 0 1706819252
WALL 21204260 1 0 1706819253
WALL 21204260 1 0 1706819254
WALL 21204260 1 0 1706819255
WALL 21204260 1 0 1706819256
WALL 21204260 1 0 1706819257
WALL 21204260 1 0 1706819258
WALL 21204260 1 0 1706819259
WALL 21204260 1 0 1706819260
WALL 21204260 1 0 1706819261
WALL 21204260 1 0 1706819262
WALL 21204260 1 0 1706819263
WALL 21204260 1 0 1706819264
WALL 21204260 1 0 1706819265
WALL 21204260 1 0 1706819266
WALL 21204260 1 0 1706819267
WALL 21204260 1 0 1706819268
WALL 21204260 1 0 1706819269
WALL 21204260 1 0 1706819270
WALL 21204260 1 0 1706819271
WALL 21204260 1 0 1706819272
WALL 21204260 1 0 1706819273
WALL 21204260 1 0 1706819274
WALL 21204260 1 0 1706819275
WALL 21204260 1 0 1706819276
WALL 21204260 1 0 1706819277
WALL 21204260 1 0 1706819278
WALL 21204260 1 0 1706819279
WALL 21204260 1 0 1706819280
WALL 21204260 1 0 1706819281
WALL 21204260 1 0 1706819282
WALL 21204260 1 0 1706819283
WALL 21204260 1 0 1706819284
WALL 21204260 1 0 1706819285
WALL 21204260 1 0 1706819286
WALL 21204260 1 0 1706819287
WALL 21204260 1 0 1706819288
WALL 21204260 1 0 1706819289
WALL 21204260 1 0 1706819290
WALL 21204260 1 0 1706819291
WALL 21204260 1 0 1706819292
WALL 21204260 1 0 1706819293
WALL 21204260 1 0 1706819294
WALL 21204260 1 0 1706819295
WALL 21204260 1 0 1706819296
WALL 21204260 1 0 1706819297
WALL 21204260 1 0 1706819298
WALL 21204260 1 0 1706819299
WALL 21204260 1 0 1706819300
WALL 21204260 1 0 1706819301
WALL 21204260 1 0 1706819302
WALL 21204260 1 0 1706819303
WALL 21204260 1 0 1706819304
WALL 21204260 1 0 1706819305
WALL 21204260 1 0 1706819306
WALL 21204260 1 0 1706819307
WALL 21204260 1 0 1706819308
WALL 21204260 1 0 1706819309
WALL 21204260 1 0 1706819310
WALL 21204260 1 0 1706819311
WALL 21204260 1 0 1706819312
WALL 21204260 1 0 1706819313
WALL 21204260 1 0 1706819314
WALL 21204260 1 0 1706819315
WALL 21204260 1 0 1706819316
WALL 21204260 1 0 1706819317
WALL 21204260 1 0 1706819318
WALL 21204260 1 0 1706819319
WALL 21204260 1 0 1706819320
WALL 21204260 1 0 1706819321
WALL 21204260 1 0 1706819322
WALL 21204260 1 0 1706819323
WALL 21204260 1 0 1706819324
WALL 21204260 1 0 1706819325
WALL 21204260 1 0 1706819326
WALL 21204260 1 0 1706819327
WALL 21204260 1 0 1706819328
WALL 21204260 1 0 1706819329
WALL 21204260 1 0 1706819330
WALL 21204260 1 0 1706819331
WALL 21204260 1 0 1706819332
WALL 21204260 1 0 1706819333
WALL 21204260 1 0 1706819334
WALL 21204260 1 0 1706819335
WALL 21204260 1 0 1706819336
WALL 21204260 1 0 1706819337
WALL 21204260 1 0 1706819338
WALL 21204260 1 0 1706819339
WALL 21204260 1 0 1706819340
WALL 21204260 1 0 1706819341
WALL 21204260 1 0 1706819342
WALL 21204260 1 0 1706819343
WALL 21204260 1 0 1706819344
WALL 21204260 1 0 1706819345
WALL 21204260 1 0 1706819346
WALL 21204260 1 0 1706819347
WALL 21204260 1 0 1706819348
WALL 21204260 1 0 1706819349
WALL 21204260 1 0 1706819350
WALL 21204260 1 0 1706819351
WALL 21204260 1 0 1706819352
WALL 21204260 1 0 1706819353
WALL 21204260 1 0 1706819354
WALL 21204260 1 0 1706819355
WALL 21204260 1 0 1706819356
WALL 21204260 1 0 1706819357
WALL 21204260 1 0 1706819358
WALL 21204260 1 0 1706819359
WALL 21204260 1 0 1706819360
WALL 21204260 1 0 1706819361
WALL 21204260 1 0 1706819362
WALL 21204260 1 0 1706819363
WALL 21204260 1 0 1706819364
WALL 21204260 1 0 1706819365
WALL 21204260 1 0 1706819366
WALL 21204260 1 0 1706819367
WALL 21204260 1 0 1706819368
WALL 21204260 1 0 1706819369
WALL 21204260 1 0 1706819370
WALL 21204260 1 0 1706819371
WALL 21204260 1 0 1706819372
WALL 21204260 1 0 1706819373
WALL 21204260 1 0 1706819374
WALL 21204260 1 0 1706819375
WALL 21204260 1 0 1706819376
WALL 21204260 1 0 1706819377
WALL 21204260 1 0 1706819378
WALL 21204260 1 0 1706819379
WALL 21204260 1 0 1706819380
WALL 21204260 1 0 1706819381
WALL 21204260 1 0 1706819382
WALL 21204260 1 0 1706819383
WALL 21204260 1 0 1706819384
WALL 21204260 1 0 1706819385
WALL 21204260 1 0 1706819386
WALL 21204260 1 0 1706819387
WALL 21204260 1 0 1706819388
WALL 21204260 1 0 1706819389
WALL 21204260 1 0 1706819390
WALL 21204260 1 0 1706819391
WALL 21204260 1 0 1706819392
WALL 21204260 1 0 1706819393
WALL 21204260 1 0 1706819394
WALL 21204260 1 0 1706819395
WALL 21204260 1 0 1706819396
WALL 21204260 1 0 1706819397
WALL 21204260 1 0 1706819398
WALL 21204260 1 0 1706819399
WALL 21204260 1 0 1706819400
WALL 21204260 1 0 1706819401
WALL 21204260 1 0 1706819402
WALL 21204260 1 0 1706819403
WALL 21204260 1 0 1706819404
WALL 21204260 1 0 1706819405
WALL 21204260 1 0 1706819406
WALL 21204260 1 0 1706819407
WALL 21204260 1 0 1706819408
WALL 21204260 1 0 1706819409
WALL 21204260 1 0 1706819410
WALL 21204260 1 0 1706819411
WALL 21204260 1 0 1706819412
WALL 21204260 1 0 1706819413
WALL 21204260 1 0 1706819414
WALL 21204260 1 0 1706819415
WALL 21204260 1 0 1706819416
WALL 21204260 1 0 1706819417
WALL 21204260 1 0 1706819418
WALL 21204260 1 0 1706819419
WALL 21204260 1 0 1706819420
WALL 21204260 1 0 1706819421
WALL 21204260 1 0 1706819422
WALL 21204260 1 0 1706819423
WALL 21204260 1 0 1706819424
WALL 21204260 1 0 1706819425
WALL 21204260 1 0 1706819426
WALL 21204260 1 0 1706819427
WALL 21204260 1 0 1706819428
WALL 21204260 1 0 1706819429
WALL 21204260 1 0 1706819430
WALL 21204260 1 0 1706819431
WALL 21204260 1 0 1706819432
WALL 21204260 1 0 1706819433
WALL 21204260 1 0 1706819434
WALL 21204260 1 0 1706819435
WALL 21204260 1 0 1706819436
WALL 21204260 1 0 1706819437
WALL 21204260 1 0 1706819438
WALL 21204260 1 0 1706819439
WALL 21204260 1 0 1706819440
WALL 21204260 1 0 1706819441
WALL 21204260 1 0 1706819442
WALL 21204260 1 0 1706819443
WALL 21204260 1 0 1706819444
slurmstepd: error: *** STEP 21204260.0 ON nid200000 CANCELLED AT 2024-02-01T20:30:44 ***
received SIGCONT 1706819444
received SIGTERM 1706819444
WALL 21204260 1 0 1706819444
WALL 21204260 1 0 1706819445
WALL 21204260 1 0 1706819446
WALL 21204260 1 0 1706819447
WALL 21204260 1 0 1706819448
WALL 21204260 1 0 1706819449
WALL 21204260 1 0 1706819450
WALL 21204260 1 0 1706819451
WALL 21204260 1 0 1706819452
WALL 21204260 1 0 1706819453
WALL 21204260 1 0 1706819454
WALL 21204260 1 0 1706819455
WALL 21204260 1 0 1706819456
WALL 21204260 1 0 1706819457
WALL 21204260 1 0 1706819458
WALL 21204260 1 0 1706819459
WALL 21204260 1 0 1706819460
WALL 21204260 1 0 1706819461
WALL 21204260 1 0 1706819462
WALL 21204260 1 0 1706819463
WALL 21204260 1 0 1706819464
WALL 21204260 1 0 1706819465
WALL 21204260 1 0 1706819466
WALL 21204260 1 0 1706819467
WALL 21204260 1 0 1706819468
WALL 21204260 1 0 1706819469
WALL 21204260 1 0 1706819470
WALL 21204260 1 0 1706819471
WALL 21204260 1 0 1706819472
WALL 21204260 1 0 1706819473
WALL 21204260 1 0 1706819474
WALL 21204260 1 0 1706819475
WALL 21204260 1 0 1706819476
WALL 21204260 1 0 1706819477
WALL 21204260 1 0 1706819478
WALL 21204260 1 0 1706819479
WALL 21204260 1 0 1706819480
WALL 21204260 1 0 1706819481
WALL 21204260 1 0 1706819482
WALL 21204260 1 0 1706819483
WALL 21204260 1 0 1706819484
WALL 21204260 1 0 1706819485
WALL 21204260 1 0 1706819486
WALL 21204260 1 0 1706819487
WALL 21204260 1 0 1706819488
WALL 21204260 1 0 1706819489
WALL 21204260 1 0 1706819490
WALL 21204260 1 0 1706819491
WALL 21204260 1 0 1706819492
WALL 21204260 1 0 1706819493
WALL 21204260 1 0 1706819494
WALL 21204260 1 0 1706819495
WALL 21204260 1 0 1706819496
WALL 21204260 1 0 1706819497
WALL 21204260 1 0 1706819498
WALL 21204260 1 0 1706819499
WALL 21204260 1 0 1706819500
WALL 21204260 1 0 1706819501
WALL 21204260 1 0 1706819502
WALL 21204260 1 0 1706819503
WALL 21204260 1 0 1706819504
WALL 21204260 1 0 1706819505
WALL 21204260 1 0 1706819506
WALL 21204260 1 0 1706819507
WALL 21204260 1 0 1706819508
WALL 21204260 1 0 1706819509
WALL 21204260 1 0 1706819510
WALL 21204260 1 0 1706819511
WALL 21204260 1 0 1706819512
WALL 21204260 1 0 1706819513
WALL 21204260 1 0 1706819514
WALL 21204260 1 0 1706819515
WALL 21204260 1 0 1706819516
WALL 21204260 1 0 1706819517
WALL 21204260 1 0 1706819518
WALL 21204260 1 0 1706819519
WALL 21204260 1 0 1706819520
WALL 21204260 1 0 1706819521
WALL 21204260 1 0 1706819522
WALL 21204260 1 0 1706819523
slurmstepd: error: *** JOB 21204260 ON nid200000 CANCELLED AT 2024-02-01T20:32:04 DUE TO PREEMPTION ***
received SIGTERM 1706819524
WALL 21204260 1 0 1706819524
received SIGCONT 1706819524
WALL 21204260 1 0 1706819524
received SIGTERM 1706819524
WALL 21204260 1 0 1706819524
