WALL 21149060 1 0 1706735987
WALL 21149060 1 0 1706735988
WALL 21149060 1 0 1706735989
WALL 21149060 1 0 1706735990
WALL 21149060 1 0 1706735991
WALL 21149060 1 0 1706735992
WALL 21149060 1 0 1706735993
WALL 21149060 1 0 1706735994
WALL 21149060 1 0 1706735995
WALL 21149060 1 0 1706735996
WALL 21149060 1 0 1706735997
WALL 21149060 1 0 1706735998
WALL 21149060 1 0 1706735999
WALL 21149060 1 0 1706736000
WALL 21149060 1 0 1706736001
WALL 21149060 1 0 1706736002
WALL 21149060 1 0 1706736003
WALL 21149060 1 0 1706736004
WALL 21149060 1 0 1706736005
WALL 21149060 1 0 1706736006
WALL 21149060 1 0 1706736007
WALL 21149060 1 0 1706736008
WALL 21149060 1 0 1706736009
WALL 21149060 1 0 1706736010
WALL 21149060 1 0 1706736011
WALL 21149060 1 0 1706736012
WALL 21149060 1 0 1706736013
WALL 21149060 1 0 1706736014
WALL 21149060 1 0 1706736015
WALL 21149060 1 0 1706736016
WALL 21149060 1 0 1706736017
WALL 21149060 1 0 1706736018
WALL 21149060 1 0 1706736019
WALL 21149060 1 0 1706736020
received SIGCONT 1706736021
WALL 21149060 1 0 1706736021
slurmstepd: error: *** STEP 21149060.0 ON nid200023 CANCELLED AT 2024-01-31T21:20:21 ***
received SIGTERM 1706736021
WALL 21149060 1 0 1706736021
WALL 21149060 1 0 1706736022
WALL 21149060 1 0 1706736023
WALL 21149060 1 0 1706736024
WALL 21149060 1 0 1706736025
WALL 21149060 1 0 1706736026
WALL 21149060 1 0 1706736027
WALL 21149060 1 0 1706736028
WALL 21149060 1 0 1706736029
WALL 21149060 1 0 1706736030
WALL 21149060 1 0 1706736031
WALL 21149060 1 0 1706736032
WALL 21149060 1 0 1706736033
WALL 21149060 1 0 1706736034
WALL 21149060 1 0 1706736035
WALL 21149060 1 0 1706736036
WALL 21149060 1 0 1706736037
WALL 21149060 1 0 1706736038
WALL 21149060 1 0 1706736039
WALL 21149060 1 0 1706736040
WALL 21149060 1 0 1706736041
WALL 21149060 1 0 1706736042
WALL 21149060 1 0 1706736043
WALL 21149060 1 0 1706736044
WALL 21149060 1 0 1706736045
WALL 21149060 1 0 1706736046
WALL 21149060 1 0 1706736047
WALL 21149060 1 0 1706736048
WALL 21149060 1 0 1706736049
WALL 21149060 1 0 1706736050
WALL 21149060 1 0 1706736051
WALL 21149060 1 0 1706736052
WALL 21149060 1 0 1706736053
WALL 21149060 1 0 1706736054
WALL 21149060 1 0 1706736055
WALL 21149060 1 0 1706736056
WALL 21149060 1 0 1706736057
WALL 21149060 1 0 1706736058
WALL 21149060 1 0 1706736059
WALL 21149060 1 0 1706736060
WALL 21149060 1 0 1706736061
WALL 21149060 1 0 1706736062
WALL 21149060 1 0 1706736063
WALL 21149060 1 0 1706736064
WALL 21149060 1 0 1706736065
WALL 21149060 1 0 1706736066
WALL 21149060 1 0 1706736067
WALL 21149060 1 0 1706736068
WALL 21149060 1 0 1706736069
WALL 21149060 1 0 1706736070
WALL 21149060 1 0 1706736071
WALL 21149060 1 0 1706736072
WALL 21149060 1 0 1706736073
WALL 21149060 1 0 1706736074
WALL 21149060 1 0 1706736075
WALL 21149060 1 0 1706736076
WALL 21149060 1 0 1706736077
WALL 21149060 1 0 1706736078
WALL 21149060 1 0 1706736079
WALL 21149060 1 0 1706736080
WALL 21149060 1 0 1706736081
WALL 21149060 1 0 1706736082
slurmstepd: error: *** JOB 21149060 ON nid200023 CANCELLED AT 2024-01-31T21:21:22 DUE TO PREEMPTION ***
received SIGTERM 1706736082
WALL 21149060 1 0 1706736082
received SIGCONT 1706736082
WALL 21149060 1 0 1706736082
received SIGTERM 1706736082
WALL 21149060 1 0 1706736082
