WALL 21232210 1 0 1706899562
WALL 21232210 1 0 1706899563
WALL 21232210 1 0 1706899564
WALL 21232210 1 0 1706899565
WALL 21232210 1 0 1706899566
WALL 21232210 1 0 1706899567
WALL 21232210 1 0 1706899568
WALL 21232210 1 0 1706899569
WALL 21232210 1 0 1706899570
WALL 21232210 1 0 1706899571
WALL 21232210 1 0 1706899572
WALL 21232210 1 0 1706899573
WALL 21232210 1 0 1706899574
WALL 21232210 1 0 1706899575
WALL 21232210 1 0 1706899576
WALL 21232210 1 0 1706899577
WALL 21232210 1 0 1706899578
WALL 21232210 1 0 1706899579
WALL 21232210 1 0 1706899580
WALL 21232210 1 0 1706899581
WALL 21232210 1 0 1706899582
WALL 21232210 1 0 1706899583
WALL 21232210 1 0 1706899584
WALL 21232210 1 0 1706899585
WALL 21232210 1 0 1706899586
WALL 21232210 1 0 1706899587
WALL 21232210 1 0 1706899588
WALL 21232210 1 0 1706899589
WALL 21232210 1 0 1706899590
WALL 21232210 1 0 1706899591
WALL 21232210 1 0 1706899592
WALL 21232210 1 0 1706899593
WALL 21232210 1 0 1706899594
WALL 21232210 1 0 1706899595
WALL 21232210 1 0 1706899596
WALL 21232210 1 0 1706899597
WALL 21232210 1 0 1706899598
WALL 21232210 1 0 1706899599
WALL 21232210 1 0 1706899600
WALL 21232210 1 0 1706899601
WALL 21232210 1 0 1706899602
WALL 21232210 1 0 1706899603
WALL 21232210 1 0 1706899604
WALL 21232210 1 0 1706899605
WALL 21232210 1 0 1706899606
WALL 21232210 1 0 1706899607
WALL 21232210 1 0 1706899608
WALL 21232210 1 0 1706899609
WALL 21232210 1 0 1706899610
WALL 21232210 1 0 1706899611
WALL 21232210 1 0 1706899612
WALL 21232210 1 0 1706899613
WALL 21232210 1 0 1706899614
WALL 21232210 1 0 1706899615
WALL 21232210 1 0 1706899616
WALL 21232210 1 0 1706899617
WALL 21232210 1 0 1706899618
WALL 21232210 1 0 1706899619
WALL 21232210 1 0 1706899620
WALL 21232210 1 0 1706899621
WALL 21232210 1 0 1706899622
WALL 21232210 1 0 1706899623
WALL 21232210 1 0 1706899624
WALL 21232210 1 0 1706899625
WALL 21232210 1 0 1706899626
WALL 21232210 1 0 1706899627
WALL 21232210 1 0 1706899628
WALL 21232210 1 0 1706899629
WALL 21232210 1 0 1706899630
WALL 21232210 1 0 1706899631
WALL 21232210 1 0 1706899632
WALL 21232210 1 0 1706899633
WALL 21232210 1 0 1706899634
WALL 21232210 1 0 1706899635
WALL 21232210 1 0 1706899636
WALL 21232210 1 0 1706899637
WALL 21232210 1 0 1706899638
WALL 21232210 1 0 1706899639
WALL 21232210 1 0 1706899640
WALL 21232210 1 0 1706899641
WALL 21232210 1 0 1706899642
WALL 21232210 1 0 1706899643
WALL 21232210 1 0 1706899644
WALL 21232210 1 0 1706899645
WALL 21232210 1 0 1706899646
WALL 21232210 1 0 1706899647
WALL 21232210 1 0 1706899648
WALL 21232210 1 0 1706899649
WALL 21232210 1 0 1706899650
WALL 21232210 1 0 1706899651
WALL 21232210 1 0 1706899652
WALL 21232210 1 0 1706899653
WALL 21232210 1 0 1706899654
WALL 21232210 1 0 1706899655
WALL 21232210 1 0 1706899656
WALL 21232210 1 0 1706899657
WALL 21232210 1 0 1706899658
WALL 21232210 1 0 1706899659
WALL 21232210 1 0 1706899660
WALL 21232210 1 0 1706899661
WALL 21232210 1 0 1706899662
WALL 21232210 1 0 1706899663
WALL 21232210 1 0 1706899664
WALL 21232210 1 0 1706899665
WALL 21232210 1 0 1706899666
WALL 21232210 1 0 1706899667
WALL 21232210 1 0 1706899668
WALL 21232210 1 0 1706899669
WALL 21232210 1 0 1706899670
WALL 21232210 1 0 1706899671
WALL 21232210 1 0 1706899672
WALL 21232210 1 0 1706899673
WALL 21232210 1 0 1706899674
WALL 21232210 1 0 1706899675
WALL 21232210 1 0 1706899676
WALL 21232210 1 0 1706899677
WALL 21232210 1 0 1706899678
WALL 21232210 1 0 1706899679
WALL 21232210 1 0 1706899680
WALL 21232210 1 0 1706899681
WALL 21232210 1 0 1706899682
WALL 21232210 1 0 1706899683
WALL 21232210 1 0 1706899684
WALL 21232210 1 0 1706899685
WALL 21232210 1 0 1706899686
WALL 21232210 1 0 1706899687
WALL 21232210 1 0 1706899688
WALL 21232210 1 0 1706899689
WALL 21232210 1 0 1706899690
WALL 21232210 1 0 1706899691
WALL 21232210 1 0 1706899692
WALL 21232210 1 0 1706899693
WALL 21232210 1 0 1706899694
WALL 21232210 1 0 1706899695
WALL 21232210 1 0 1706899696
WALL 21232210 1 0 1706899697
WALL 21232210 1 0 1706899698
WALL 21232210 1 0 1706899699
WALL 21232210 1 0 1706899700
WALL 21232210 1 0 1706899701
WALL 21232210 1 0 1706899702
WALL 21232210 1 0 1706899703
WALL 21232210 1 0 1706899704
WALL 21232210 1 0 1706899705
WALL 21232210 1 0 1706899706
WALL 21232210 1 0 1706899707
WALL 21232210 1 0 1706899708
WALL 21232210 1 0 1706899709
WALL 21232210 1 0 1706899710
WALL 21232210 1 0 1706899711
WALL 21232210 1 0 1706899712
WALL 21232210 1 0 1706899713
WALL 21232210 1 0 1706899714
WALL 21232210 1 0 1706899715
WALL 21232210 1 0 1706899716
WALL 21232210 1 0 1706899717
WALL 21232210 1 0 1706899718
WALL 21232210 1 0 1706899719
WALL 21232210 1 0 1706899720
WALL 21232210 1 0 1706899721
WALL 21232210 1 0 1706899722
WALL 21232210 1 0 1706899723
WALL 21232210 1 0 1706899724
WALL 21232210 1 0 1706899725
WALL 21232210 1 0 1706899726
WALL 21232210 1 0 1706899727
WALL 21232210 1 0 1706899728
WALL 21232210 1 0 1706899729
WALL 21232210 1 0 1706899730
WALL 21232210 1 0 1706899731
WALL 21232210 1 0 1706899732
WALL 21232210 1 0 1706899733
WALL 21232210 1 0 1706899734
WALL 21232210 1 0 1706899735
WALL 21232210 1 0 1706899736
WALL 21232210 1 0 1706899737
WALL 21232210 1 0 1706899738
WALL 21232210 1 0 1706899739
WALL 21232210 1 0 1706899740
WALL 21232210 1 0 1706899741
WALL 21232210 1 0 1706899742
WALL 21232210 1 0 1706899743
WALL 21232210 1 0 1706899744
WALL 21232210 1 0 1706899745
WALL 21232210 1 0 1706899746
WALL 21232210 1 0 1706899747
WALL 21232210 1 0 1706899748
WALL 21232210 1 0 1706899749
WALL 21232210 1 0 1706899750
WALL 21232210 1 0 1706899751
WALL 21232210 1 0 1706899752
WALL 21232210 1 0 1706899753
WALL 21232210 1 0 1706899754
WALL 21232210 1 0 1706899755
WALL 21232210 1 0 1706899756
WALL 21232210 1 0 1706899757
WALL 21232210 1 0 1706899758
WALL 21232210 1 0 1706899759
WALL 21232210 1 0 1706899760
WALL 21232210 1 0 1706899761
WALL 21232210 1 0 1706899762
WALL 21232210 1 0 1706899763
WALL 21232210 1 0 1706899764
WALL 21232210 1 0 1706899765
WALL 21232210 1 0 1706899766
WALL 21232210 1 0 1706899767
WALL 21232210 1 0 1706899768
WALL 21232210 1 0 1706899769
WALL 21232210 1 0 1706899770
WALL 21232210 1 0 1706899771
WALL 21232210 1 0 1706899772
WALL 21232210 1 0 1706899773
WALL 21232210 1 0 1706899774
WALL 21232210 1 0 1706899775
WALL 21232210 1 0 1706899776
WALL 21232210 1 0 1706899777
WALL 21232210 1 0 1706899778
WALL 21232210 1 0 1706899779
WALL 21232210 1 0 1706899780
WALL 21232210 1 0 1706899781
WALL 21232210 1 0 1706899782
WALL 21232210 1 0 1706899783
WALL 21232210 1 0 1706899784
WALL 21232210 1 0 1706899785
WALL 21232210 1 0 1706899786
WALL 21232210 1 0 1706899787
WALL 21232210 1 0 1706899788
WALL 21232210 1 0 1706899789
WALL 21232210 1 0 1706899790
WALL 21232210 1 0 1706899791
WALL 21232210 1 0 1706899792
WALL 21232210 1 0 1706899793
WALL 21232210 1 0 1706899794
WALL 21232210 1 0 1706899795
WALL 21232210 1 0 1706899796
WALL 21232210 1 0 1706899797
WALL 21232210 1 0 1706899798
WALL 21232210 1 0 1706899799
WALL 21232210 1 0 1706899800
WALL 21232210 1 0 1706899801
WALL 21232210 1 0 1706899802
WALL 21232210 1 0 1706899803
WALL 21232210 1 0 1706899804
WALL 21232210 1 0 1706899805
WALL 21232210 1 0 1706899806
WALL 21232210 1 0 1706899807
WALL 21232210 1 0 1706899808
WALL 21232210 1 0 1706899809
WALL 21232210 1 0 1706899810
WALL 21232210 1 0 1706899811
WALL 21232210 1 0 1706899812
WALL 21232210 1 0 1706899813
WALL 21232210 1 0 1706899814
WALL 21232210 1 0 1706899815
WALL 21232210 1 0 1706899816
WALL 21232210 1 0 1706899817
WALL 21232210 1 0 1706899818
WALL 21232210 1 0 1706899819
WALL 21232210 1 0 1706899820
WALL 21232210 1 0 1706899821
WALL 21232210 1 0 1706899822
WALL 21232210 1 0 1706899823
WALL 21232210 1 0 1706899824
WALL 21232210 1 0 1706899825
WALL 21232210 1 0 1706899826
WALL 21232210 1 0 1706899827
WALL 21232210 1 0 1706899828
WALL 21232210 1 0 1706899829
WALL 21232210 1 0 1706899830
WALL 21232210 1 0 1706899831
WALL 21232210 1 0 1706899832
WALL 21232210 1 0 1706899833
WALL 21232210 1 0 1706899834
WALL 21232210 1 0 1706899835
WALL 21232210 1 0 1706899836
WALL 21232210 1 0 1706899837
WALL 21232210 1 0 1706899838
WALL 21232210 1 0 1706899839
WALL 21232210 1 0 1706899840
WALL 21232210 1 0 1706899841
WALL 21232210 1 0 1706899842
WALL 21232210 1 0 1706899843
WALL 21232210 1 0 1706899844
WALL 21232210 1 0 1706899845
WALL 21232210 1 0 1706899846
WALL 21232210 1 0 1706899847
WALL 21232210 1 0 1706899848
WALL 21232210 1 0 1706899849
WALL 21232210 1 0 1706899850
WALL 21232210 1 0 1706899851
WALL 21232210 1 0 1706899852
WALL 21232210 1 0 1706899853
WALL 21232210 1 0 1706899854
WALL 21232210 1 0 1706899855
WALL 21232210 1 0 1706899856
WALL 21232210 1 0 1706899857
WALL 21232210 1 0 1706899858
WALL 21232210 1 0 1706899859
WALL 21232210 1 0 1706899860
WALL 21232210 1 0 1706899861
WALL 21232210 1 0 1706899862
WALL 21232210 1 0 1706899863
WALL 21232210 1 0 1706899864
WALL 21232210 1 0 1706899865
WALL 21232210 1 0 1706899866
WALL 21232210 1 0 1706899867
WALL 21232210 1 0 1706899868
WALL 21232210 1 0 1706899869
WALL 21232210 1 0 1706899870
WALL 21232210 1 0 1706899871
WALL 21232210 1 0 1706899872
WALL 21232210 1 0 1706899873
WALL 21232210 1 0 1706899874
WALL 21232210 1 0 1706899875
WALL 21232210 1 0 1706899876
WALL 21232210 1 0 1706899877
WALL 21232210 1 0 1706899878
WALL 21232210 1 0 1706899879
WALL 21232210 1 0 1706899880
WALL 21232210 1 0 1706899881
WALL 21232210 1 0 1706899882
WALL 21232210 1 0 1706899883
WALL 21232210 1 0 1706899884
WALL 21232210 1 0 1706899885
WALL 21232210 1 0 1706899886
WALL 21232210 1 0 1706899887
WALL 21232210 1 0 1706899888
WALL 21232210 1 0 1706899889
WALL 21232210 1 0 1706899890
WALL 21232210 1 0 1706899891
WALL 21232210 1 0 1706899892
WALL 21232210 1 0 1706899893
WALL 21232210 1 0 1706899894
WALL 21232210 1 0 1706899895
WALL 21232210 1 0 1706899896
WALL 21232210 1 0 1706899897
WALL 21232210 1 0 1706899898
WALL 21232210 1 0 1706899899
WALL 21232210 1 0 1706899900
WALL 21232210 1 0 1706899901
WALL 21232210 1 0 1706899902
WALL 21232210 1 0 1706899903
WALL 21232210 1 0 1706899904
WALL 21232210 1 0 1706899905
WALL 21232210 1 0 1706899906
WALL 21232210 1 0 1706899907
WALL 21232210 1 0 1706899908
WALL 21232210 1 0 1706899909
WALL 21232210 1 0 1706899910
WALL 21232210 1 0 1706899911
WALL 21232210 1 0 1706899912
WALL 21232210 1 0 1706899913
WALL 21232210 1 0 1706899914
WALL 21232210 1 0 1706899915
WALL 21232210 1 0 1706899916
WALL 21232210 1 0 1706899917
WALL 21232210 1 0 1706899918
WALL 21232210 1 0 1706899919
WALL 21232210 1 0 1706899920
WALL 21232210 1 0 1706899921
WALL 21232210 1 0 1706899922
WALL 21232210 1 0 1706899923
WALL 21232210 1 0 1706899924
WALL 21232210 1 0 1706899925
WALL 21232210 1 0 1706899926
WALL 21232210 1 0 1706899927
WALL 21232210 1 0 1706899928
WALL 21232210 1 0 1706899929
WALL 21232210 1 0 1706899930
WALL 21232210 1 0 1706899931
WALL 21232210 1 0 1706899932
WALL 21232210 1 0 1706899933
WALL 21232210 1 0 1706899934
WALL 21232210 1 0 1706899935
WALL 21232210 1 0 1706899936
WALL 21232210 1 0 1706899937
WALL 21232210 1 0 1706899938
WALL 21232210 1 0 1706899939
WALL 21232210 1 0 1706899940
WALL 21232210 1 0 1706899941
WALL 21232210 1 0 1706899942
WALL 21232210 1 0 1706899943
WALL 21232210 1 0 1706899944
WALL 21232210 1 0 1706899945
WALL 21232210 1 0 1706899946
WALL 21232210 1 0 1706899947
WALL 21232210 1 0 1706899948
WALL 21232210 1 0 1706899949
WALL 21232210 1 0 1706899950
WALL 21232210 1 0 1706899951
WALL 21232210 1 0 1706899952
WALL 21232210 1 0 1706899953
WALL 21232210 1 0 1706899954
WALL 21232210 1 0 1706899955
WALL 21232210 1 0 1706899956
WALL 21232210 1 0 1706899957
WALL 21232210 1 0 1706899958
WALL 21232210 1 0 1706899959
WALL 21232210 1 0 1706899960
WALL 21232210 1 0 1706899961
WALL 21232210 1 0 1706899962
WALL 21232210 1 0 1706899963
WALL 21232210 1 0 1706899964
WALL 21232210 1 0 1706899965
WALL 21232210 1 0 1706899966
WALL 21232210 1 0 1706899967
WALL 21232210 1 0 1706899968
WALL 21232210 1 0 1706899969
WALL 21232210 1 0 1706899970
WALL 21232210 1 0 1706899971
WALL 21232210 1 0 1706899972
WALL 21232210 1 0 1706899973
WALL 21232210 1 0 1706899974
WALL 21232210 1 0 1706899975
WALL 21232210 1 0 1706899976
WALL 21232210 1 0 1706899977
WALL 21232210 1 0 1706899978
WALL 21232210 1 0 1706899979
WALL 21232210 1 0 1706899980
WALL 21232210 1 0 1706899981
WALL 21232210 1 0 1706899982
WALL 21232210 1 0 1706899983
WALL 21232210 1 0 1706899984
WALL 21232210 1 0 1706899985
WALL 21232210 1 0 1706899986
WALL 21232210 1 0 1706899987
WALL 21232210 1 0 1706899988
WALL 21232210 1 0 1706899989
WALL 21232210 1 0 1706899990
WALL 21232210 1 0 1706899991
WALL 21232210 1 0 1706899992
WALL 21232210 1 0 1706899993
WALL 21232210 1 0 1706899994
WALL 21232210 1 0 1706899995
WALL 21232210 1 0 1706899996
WALL 21232210 1 0 1706899997
WALL 21232210 1 0 1706899998
WALL 21232210 1 0 1706899999
WALL 21232210 1 0 1706900000
WALL 21232210 1 0 1706900001
WALL 21232210 1 0 1706900002
WALL 21232210 1 0 1706900003
WALL 21232210 1 0 1706900004
WALL 21232210 1 0 1706900005
WALL 21232210 1 0 1706900006
WALL 21232210 1 0 1706900007
WALL 21232210 1 0 1706900008
WALL 21232210 1 0 1706900009
WALL 21232210 1 0 1706900010
WALL 21232210 1 0 1706900011
WALL 21232210 1 0 1706900012
WALL 21232210 1 0 1706900013
WALL 21232210 1 0 1706900014
WALL 21232210 1 0 1706900015
WALL 21232210 1 0 1706900016
WALL 21232210 1 0 1706900017
WALL 21232210 1 0 1706900018
WALL 21232210 1 0 1706900019
WALL 21232210 1 0 1706900020
WALL 21232210 1 0 1706900021
WALL 21232210 1 0 1706900022
WALL 21232210 1 0 1706900023
WALL 21232210 1 0 1706900024
WALL 21232210 1 0 1706900025
WALL 21232210 1 0 1706900026
WALL 21232210 1 0 1706900027
WALL 21232210 1 0 1706900028
WALL 21232210 1 0 1706900029
WALL 21232210 1 0 1706900030
WALL 21232210 1 0 1706900031
WALL 21232210 1 0 1706900032
WALL 21232210 1 0 1706900033
WALL 21232210 1 0 1706900034
WALL 21232210 1 0 1706900035
WALL 21232210 1 0 1706900036
WALL 21232210 1 0 1706900037
WALL 21232210 1 0 1706900038
WALL 21232210 1 0 1706900039
WALL 21232210 1 0 1706900040
WALL 21232210 1 0 1706900041
WALL 21232210 1 0 1706900042
WALL 21232210 1 0 1706900043
WALL 21232210 1 0 1706900044
WALL 21232210 1 0 1706900045
WALL 21232210 1 0 1706900046
WALL 21232210 1 0 1706900047
WALL 21232210 1 0 1706900048
WALL 21232210 1 0 1706900049
WALL 21232210 1 0 1706900050
WALL 21232210 1 0 1706900051
WALL 21232210 1 0 1706900052
WALL 21232210 1 0 1706900053
WALL 21232210 1 0 1706900054
WALL 21232210 1 0 1706900055
WALL 21232210 1 0 1706900056
WALL 21232210 1 0 1706900057
WALL 21232210 1 0 1706900058
WALL 21232210 1 0 1706900059
WALL 21232210 1 0 1706900060
WALL 21232210 1 0 1706900061
WALL 21232210 1 0 1706900062
WALL 21232210 1 0 1706900063
WALL 21232210 1 0 1706900064
WALL 21232210 1 0 1706900065
WALL 21232210 1 0 1706900066
WALL 21232210 1 0 1706900067
WALL 21232210 1 0 1706900068
WALL 21232210 1 0 1706900069
WALL 21232210 1 0 1706900070
WALL 21232210 1 0 1706900071
WALL 21232210 1 0 1706900072
WALL 21232210 1 0 1706900073
WALL 21232210 1 0 1706900074
WALL 21232210 1 0 1706900075
WALL 21232210 1 0 1706900076
WALL 21232210 1 0 1706900077
WALL 21232210 1 0 1706900078
WALL 21232210 1 0 1706900079
WALL 21232210 1 0 1706900080
WALL 21232210 1 0 1706900081
WALL 21232210 1 0 1706900082
WALL 21232210 1 0 1706900083
WALL 21232210 1 0 1706900084
WALL 21232210 1 0 1706900085
WALL 21232210 1 0 1706900086
WALL 21232210 1 0 1706900087
WALL 21232210 1 0 1706900088
WALL 21232210 1 0 1706900089
WALL 21232210 1 0 1706900090
WALL 21232210 1 0 1706900091
WALL 21232210 1 0 1706900092
WALL 21232210 1 0 1706900093
WALL 21232210 1 0 1706900094
WALL 21232210 1 0 1706900095
WALL 21232210 1 0 1706900096
WALL 21232210 1 0 1706900097
WALL 21232210 1 0 1706900098
WALL 21232210 1 0 1706900099
WALL 21232210 1 0 1706900100
WALL 21232210 1 0 1706900101
WALL 21232210 1 0 1706900102
WALL 21232210 1 0 1706900103
WALL 21232210 1 0 1706900104
WALL 21232210 1 0 1706900105
WALL 21232210 1 0 1706900106
WALL 21232210 1 0 1706900107
WALL 21232210 1 0 1706900108
WALL 21232210 1 0 1706900109
WALL 21232210 1 0 1706900110
WALL 21232210 1 0 1706900111
WALL 21232210 1 0 1706900112
WALL 21232210 1 0 1706900113
WALL 21232210 1 0 1706900114
WALL 21232210 1 0 1706900115
WALL 21232210 1 0 1706900116
WALL 21232210 1 0 1706900117
WALL 21232210 1 0 1706900118
WALL 21232210 1 0 1706900119
WALL 21232210 1 0 1706900120
WALL 21232210 1 0 1706900121
WALL 21232210 1 0 1706900122
WALL 21232210 1 0 1706900123
WALL 21232210 1 0 1706900124
WALL 21232210 1 0 1706900125
WALL 21232210 1 0 1706900126
WALL 21232210 1 0 1706900127
WALL 21232210 1 0 1706900128
WALL 21232210 1 0 1706900129
WALL 21232210 1 0 1706900130
WALL 21232210 1 0 1706900131
WALL 21232210 1 0 1706900132
WALL 21232210 1 0 1706900133
WALL 21232210 1 0 1706900134
WALL 21232210 1 0 1706900135
WALL 21232210 1 0 1706900136
WALL 21232210 1 0 1706900137
WALL 21232210 1 0 1706900138
WALL 21232210 1 0 1706900139
WALL 21232210 1 0 1706900140
WALL 21232210 1 0 1706900141
WALL 21232210 1 0 1706900142
WALL 21232210 1 0 1706900143
WALL 21232210 1 0 1706900144
WALL 21232210 1 0 1706900145
WALL 21232210 1 0 1706900146
WALL 21232210 1 0 1706900147
WALL 21232210 1 0 1706900148
WALL 21232210 1 0 1706900149
WALL 21232210 1 0 1706900150
WALL 21232210 1 0 1706900151
WALL 21232210 1 0 1706900152
WALL 21232210 1 0 1706900153
WALL 21232210 1 0 1706900154
WALL 21232210 1 0 1706900155
WALL 21232210 1 0 1706900156
WALL 21232210 1 0 1706900157
slurmstepd: error: *** STEP 21232210.0 ON nid200065 CANCELLED AT 2024-02-02T18:55:58 ***
received SIGTERM 1706900158
WALL 21232210 1 0 1706900158
received SIGCONT 1706900158
WALL 21232210 1 0 1706900158
WALL 21232210 1 0 1706900159
WALL 21232210 1 0 1706900160
WALL 21232210 1 0 1706900161
WALL 21232210 1 0 1706900162
WALL 21232210 1 0 1706900163
WALL 21232210 1 0 1706900164
WALL 21232210 1 0 1706900165
WALL 21232210 1 0 1706900166
WALL 21232210 1 0 1706900167
WALL 21232210 1 0 1706900168
WALL 21232210 1 0 1706900169
WALL 21232210 1 0 1706900170
WALL 21232210 1 0 1706900171
WALL 21232210 1 0 1706900172
WALL 21232210 1 0 1706900173
WALL 21232210 1 0 1706900174
WALL 21232210 1 0 1706900175
WALL 21232210 1 0 1706900176
WALL 21232210 1 0 1706900177
WALL 21232210 1 0 1706900178
WALL 21232210 1 0 1706900179
WALL 21232210 1 0 1706900180
WALL 21232210 1 0 1706900181
WALL 21232210 1 0 1706900182
WALL 21232210 1 0 1706900183
WALL 21232210 1 0 1706900184
WALL 21232210 1 0 1706900185
WALL 21232210 1 0 1706900186
WALL 21232210 1 0 1706900187
WALL 21232210 1 0 1706900188
WALL 21232210 1 0 1706900189
WALL 21232210 1 0 1706900190
WALL 21232210 1 0 1706900191
WALL 21232210 1 0 1706900192
WALL 21232210 1 0 1706900193
WALL 21232210 1 0 1706900194
WALL 21232210 1 0 1706900195
WALL 21232210 1 0 1706900196
WALL 21232210 1 0 1706900197
WALL 21232210 1 0 1706900198
WALL 21232210 1 0 1706900199
WALL 21232210 1 0 1706900200
WALL 21232210 1 0 1706900201
WALL 21232210 1 0 1706900202
WALL 21232210 1 0 1706900203
WALL 21232210 1 0 1706900204
WALL 21232210 1 0 1706900205
WALL 21232210 1 0 1706900206
WALL 21232210 1 0 1706900207
WALL 21232210 1 0 1706900208
WALL 21232210 1 0 1706900209
WALL 21232210 1 0 1706900210
WALL 21232210 1 0 1706900211
WALL 21232210 1 0 1706900212
WALL 21232210 1 0 1706900213
WALL 21232210 1 0 1706900214
WALL 21232210 1 0 1706900215
WALL 21232210 1 0 1706900216
WALL 21232210 1 0 1706900217
WALL 21232210 1 0 1706900218
WALL 21232210 1 0 1706900219
WALL 21232210 1 0 1706900220
WALL 21232210 1 0 1706900221
WALL 21232210 1 0 1706900222
WALL 21232210 1 0 1706900223
WALL 21232210 1 0 1706900224
WALL 21232210 1 0 1706900225
WALL 21232210 1 0 1706900226
WALL 21232210 1 0 1706900227
WALL 21232210 1 0 1706900228
WALL 21232210 1 0 1706900229
WALL 21232210 1 0 1706900230
WALL 21232210 1 0 1706900231
WALL 21232210 1 0 1706900232
WALL 21232210 1 0 1706900233
WALL 21232210 1 0 1706900234
WALL 21232210 1 0 1706900235
WALL 21232210 1 0 1706900236
WALL 21232210 1 0 1706900237
WALL 21232210 1 0 1706900238
WALL 21232210 1 0 1706900239
WALL 21232210 1 0 1706900240
WALL 21232210 1 0 1706900241
WALL 21232210 1 0 1706900242
WALL 21232210 1 0 1706900243
WALL 21232210 1 0 1706900244
WALL 21232210 1 0 1706900245
WALL 21232210 1 0 1706900246
WALL 21232210 1 0 1706900247
WALL 21232210 1 0 1706900248
WALL 21232210 1 0 1706900249
WALL 21232210 1 0 1706900250
WALL 21232210 1 0 1706900251
WALL 21232210 1 0 1706900252
WALL 21232210 1 0 1706900253
WALL 21232210 1 0 1706900254
WALL 21232210 1 0 1706900255
WALL 21232210 1 0 1706900256
WALL 21232210 1 0 1706900257
WALL 21232210 1 0 1706900258
WALL 21232210 1 0 1706900259
WALL 21232210 1 0 1706900260
WALL 21232210 1 0 1706900261
WALL 21232210 1 0 1706900262
WALL 21232210 1 0 1706900263
WALL 21232210 1 0 1706900264
WALL 21232210 1 0 1706900265
WALL 21232210 1 0 1706900266
WALL 21232210 1 0 1706900267
WALL 21232210 1 0 1706900268
WALL 21232210 1 0 1706900269
WALL 21232210 1 0 1706900270
WALL 21232210 1 0 1706900271
WALL 21232210 1 0 1706900272
WALL 21232210 1 0 1706900273
WALL 21232210 1 0 1706900274
WALL 21232210 1 0 1706900275
WALL 21232210 1 0 1706900276
WALL 21232210 1 0 1706900277
WALL 21232210 1 0 1706900278
WALL 21232210 1 0 1706900279
WALL 21232210 1 0 1706900280
WALL 21232210 1 0 1706900281
WALL 21232210 1 0 1706900282
WALL 21232210 1 0 1706900283
WALL 21232210 1 0 1706900284
WALL 21232210 1 0 1706900285
WALL 21232210 1 0 1706900286
WALL 21232210 1 0 1706900287
WALL 21232210 1 0 1706900288
WALL 21232210 1 0 1706900289
WALL 21232210 1 0 1706900290
WALL 21232210 1 0 1706900291
WALL 21232210 1 0 1706900292
WALL 21232210 1 0 1706900293
WALL 21232210 1 0 1706900294
WALL 21232210 1 0 1706900295
WALL 21232210 1 0 1706900296
WALL 21232210 1 0 1706900297
WALL 21232210 1 0 1706900298
WALL 21232210 1 0 1706900299
WALL 21232210 1 0 1706900300
WALL 21232210 1 0 1706900301
slurmstepd: error: *** JOB 21232210 ON nid200065 CANCELLED AT 2024-02-02T18:58:21 DUE TO PREEMPTION ***
received SIGTERM 1706900301
WALL 21232210 1 0 1706900301
received SIGCONT 1706900301
WALL 21232210 1 0 1706900301
received SIGTERM 1706900301
WALL 21232210 1 0 1706900301
