WALL 21151947 1 0 1706740087
WALL 21151947 1 0 1706740088
WALL 21151947 1 0 1706740089
WALL 21151947 1 0 1706740090
WALL 21151947 1 0 1706740091
WALL 21151947 1 0 1706740092
WALL 21151947 1 0 1706740093
WALL 21151947 1 0 1706740094
WALL 21151947 1 0 1706740095
WALL 21151947 1 0 1706740096
WALL 21151947 1 0 1706740097
WALL 21151947 1 0 1706740098
WALL 21151947 1 0 1706740099
WALL 21151947 1 0 1706740100
WALL 21151947 1 0 1706740101
WALL 21151947 1 0 1706740102
WALL 21151947 1 0 1706740103
WALL 21151947 1 0 1706740104
WALL 21151947 1 0 1706740105
WALL 21151947 1 0 1706740106
WALL 21151947 1 0 1706740107
WALL 21151947 1 0 1706740108
WALL 21151947 1 0 1706740109
WALL 21151947 1 0 1706740110
WALL 21151947 1 0 1706740111
WALL 21151947 1 0 1706740112
WALL 21151947 1 0 1706740113
WALL 21151947 1 0 1706740114
WALL 21151947 1 0 1706740115
WALL 21151947 1 0 1706740116
WALL 21151947 1 0 1706740117
WALL 21151947 1 0 1706740118
WALL 21151947 1 0 1706740119
WALL 21151947 1 0 1706740120
WALL 21151947 1 0 1706740121
WALL 21151947 1 0 1706740122
WALL 21151947 1 0 1706740123
WALL 21151947 1 0 1706740124
WALL 21151947 1 0 1706740125
WALL 21151947 1 0 1706740126
WALL 21151947 1 0 1706740127
WALL 21151947 1 0 1706740128
WALL 21151947 1 0 1706740129
WALL 21151947 1 0 1706740130
WALL 21151947 1 0 1706740131
WALL 21151947 1 0 1706740132
WALL 21151947 1 0 1706740133
WALL 21151947 1 0 1706740134
WALL 21151947 1 0 1706740135
WALL 21151947 1 0 1706740136
WALL 21151947 1 0 1706740137
WALL 21151947 1 0 1706740138
WALL 21151947 1 0 1706740139
WALL 21151947 1 0 1706740140
WALL 21151947 1 0 1706740141
WALL 21151947 1 0 1706740142
WALL 21151947 1 0 1706740143
WALL 21151947 1 0 1706740144
WALL 21151947 1 0 1706740145
WALL 21151947 1 0 1706740146
WALL 21151947 1 0 1706740147
WALL 21151947 1 0 1706740148
WALL 21151947 1 0 1706740149
WALL 21151947 1 0 1706740150
WALL 21151947 1 0 1706740151
WALL 21151947 1 0 1706740152
WALL 21151947 1 0 1706740153
WALL 21151947 1 0 1706740154
WALL 21151947 1 0 1706740155
WALL 21151947 1 0 1706740156
WALL 21151947 1 0 1706740157
WALL 21151947 1 0 1706740158
WALL 21151947 1 0 1706740159
WALL 21151947 1 0 1706740160
WALL 21151947 1 0 1706740161
WALL 21151947 1 0 1706740162
WALL 21151947 1 0 1706740163
WALL 21151947 1 0 1706740164
WALL 21151947 1 0 1706740165
WALL 21151947 1 0 1706740166
WALL 21151947 1 0 1706740167
WALL 21151947 1 0 1706740168
WALL 21151947 1 0 1706740169
WALL 21151947 1 0 1706740170
WALL 21151947 1 0 1706740171
WALL 21151947 1 0 1706740172
WALL 21151947 1 0 1706740173
WALL 21151947 1 0 1706740174
WALL 21151947 1 0 1706740175
WALL 21151947 1 0 1706740176
WALL 21151947 1 0 1706740177
WALL 21151947 1 0 1706740178
WALL 21151947 1 0 1706740179
WALL 21151947 1 0 1706740180
WALL 21151947 1 0 1706740181
WALL 21151947 1 0 1706740182
WALL 21151947 1 0 1706740183
WALL 21151947 1 0 1706740184
WALL 21151947 1 0 1706740185
WALL 21151947 1 0 1706740186
WALL 21151947 1 0 1706740187
WALL 21151947 1 0 1706740188
WALL 21151947 1 0 1706740189
WALL 21151947 1 0 1706740190
WALL 21151947 1 0 1706740191
WALL 21151947 1 0 1706740192
WALL 21151947 1 0 1706740193
WALL 21151947 1 0 1706740194
WALL 21151947 1 0 1706740195
WALL 21151947 1 0 1706740196
WALL 21151947 1 0 1706740197
WALL 21151947 1 0 1706740198
WALL 21151947 1 0 1706740199
WALL 21151947 1 0 1706740200
WALL 21151947 1 0 1706740201
WALL 21151947 1 0 1706740202
WALL 21151947 1 0 1706740203
WALL 21151947 1 0 1706740204
WALL 21151947 1 0 1706740205
WALL 21151947 1 0 1706740206
WALL 21151947 1 0 1706740207
WALL 21151947 1 0 1706740208
WALL 21151947 1 0 1706740209
WALL 21151947 1 0 1706740210
WALL 21151947 1 0 1706740211
WALL 21151947 1 0 1706740212
WALL 21151947 1 0 1706740213
WALL 21151947 1 0 1706740214
WALL 21151947 1 0 1706740215
WALL 21151947 1 0 1706740216
WALL 21151947 1 0 1706740217
WALL 21151947 1 0 1706740218
WALL 21151947 1 0 1706740219
WALL 21151947 1 0 1706740220
WALL 21151947 1 0 1706740221
WALL 21151947 1 0 1706740222
WALL 21151947 1 0 1706740223
WALL 21151947 1 0 1706740224
WALL 21151947 1 0 1706740225
WALL 21151947 1 0 1706740226
WALL 21151947 1 0 1706740227
WALL 21151947 1 0 1706740228
WALL 21151947 1 0 1706740229
WALL 21151947 1 0 1706740230
WALL 21151947 1 0 1706740231
WALL 21151947 1 0 1706740232
WALL 21151947 1 0 1706740233
WALL 21151947 1 0 1706740234
WALL 21151947 1 0 1706740235
WALL 21151947 1 0 1706740236
WALL 21151947 1 0 1706740237
WALL 21151947 1 0 1706740238
WALL 21151947 1 0 1706740239
WALL 21151947 1 0 1706740240
WALL 21151947 1 0 1706740241
WALL 21151947 1 0 1706740242
WALL 21151947 1 0 1706740243
WALL 21151947 1 0 1706740244
WALL 21151947 1 0 1706740245
WALL 21151947 1 0 1706740246
WALL 21151947 1 0 1706740247
WALL 21151947 1 0 1706740248
WALL 21151947 1 0 1706740249
WALL 21151947 1 0 1706740250
WALL 21151947 1 0 1706740251
WALL 21151947 1 0 1706740252
WALL 21151947 1 0 1706740253
WALL 21151947 1 0 1706740254
WALL 21151947 1 0 1706740255
WALL 21151947 1 0 1706740256
WALL 21151947 1 0 1706740257
WALL 21151947 1 0 1706740258
WALL 21151947 1 0 1706740259
WALL 21151947 1 0 1706740260
WALL 21151947 1 0 1706740261
WALL 21151947 1 0 1706740262
WALL 21151947 1 0 1706740263
WALL 21151947 1 0 1706740264
WALL 21151947 1 0 1706740265
WALL 21151947 1 0 1706740266
WALL 21151947 1 0 1706740267
WALL 21151947 1 0 1706740268
WALL 21151947 1 0 1706740269
WALL 21151947 1 0 1706740270
WALL 21151947 1 0 1706740271
WALL 21151947 1 0 1706740272
WALL 21151947 1 0 1706740273
WALL 21151947 1 0 1706740274
WALL 21151947 1 0 1706740275
WALL 21151947 1 0 1706740276
WALL 21151947 1 0 1706740277
WALL 21151947 1 0 1706740278
WALL 21151947 1 0 1706740279
WALL 21151947 1 0 1706740280
WALL 21151947 1 0 1706740281
WALL 21151947 1 0 1706740282
WALL 21151947 1 0 1706740283
WALL 21151947 1 0 1706740284
WALL 21151947 1 0 1706740285
WALL 21151947 1 0 1706740286
WALL 21151947 1 0 1706740287
WALL 21151947 1 0 1706740288
WALL 21151947 1 0 1706740289
WALL 21151947 1 0 1706740290
WALL 21151947 1 0 1706740291
WALL 21151947 1 0 1706740292
WALL 21151947 1 0 1706740293
WALL 21151947 1 0 1706740294
WALL 21151947 1 0 1706740295
WALL 21151947 1 0 1706740296
WALL 21151947 1 0 1706740297
WALL 21151947 1 0 1706740298
WALL 21151947 1 0 1706740299
WALL 21151947 1 0 1706740300
WALL 21151947 1 0 1706740301
WALL 21151947 1 0 1706740302
WALL 21151947 1 0 1706740303
WALL 21151947 1 0 1706740304
WALL 21151947 1 0 1706740305
WALL 21151947 1 0 1706740306
WALL 21151947 1 0 1706740307
WALL 21151947 1 0 1706740308
WALL 21151947 1 0 1706740309
WALL 21151947 1 0 1706740310
WALL 21151947 1 0 1706740311
WALL 21151947 1 0 1706740312
WALL 21151947 1 0 1706740313
WALL 21151947 1 0 1706740314
WALL 21151947 1 0 1706740315
WALL 21151947 1 0 1706740316
WALL 21151947 1 0 1706740317
WALL 21151947 1 0 1706740318
WALL 21151947 1 0 1706740319
WALL 21151947 1 0 1706740320
WALL 21151947 1 0 1706740321
WALL 21151947 1 0 1706740322
WALL 21151947 1 0 1706740323
WALL 21151947 1 0 1706740324
WALL 21151947 1 0 1706740325
WALL 21151947 1 0 1706740326
WALL 21151947 1 0 1706740327
WALL 21151947 1 0 1706740328
WALL 21151947 1 0 1706740329
WALL 21151947 1 0 1706740330
WALL 21151947 1 0 1706740331
WALL 21151947 1 0 1706740332
WALL 21151947 1 0 1706740333
WALL 21151947 1 0 1706740334
WALL 21151947 1 0 1706740335
WALL 21151947 1 0 1706740336
WALL 21151947 1 0 1706740337
WALL 21151947 1 0 1706740338
WALL 21151947 1 0 1706740339
WALL 21151947 1 0 1706740340
WALL 21151947 1 0 1706740341
WALL 21151947 1 0 1706740342
WALL 21151947 1 0 1706740343
WALL 21151947 1 0 1706740344
WALL 21151947 1 0 1706740345
WALL 21151947 1 0 1706740346
WALL 21151947 1 0 1706740347
WALL 21151947 1 0 1706740348
WALL 21151947 1 0 1706740349
WALL 21151947 1 0 1706740350
WALL 21151947 1 0 1706740351
WALL 21151947 1 0 1706740352
WALL 21151947 1 0 1706740353
WALL 21151947 1 0 1706740354
WALL 21151947 1 0 1706740355
WALL 21151947 1 0 1706740356
WALL 21151947 1 0 1706740357
WALL 21151947 1 0 1706740358
WALL 21151947 1 0 1706740359
WALL 21151947 1 0 1706740360
WALL 21151947 1 0 1706740361
WALL 21151947 1 0 1706740362
WALL 21151947 1 0 1706740363
WALL 21151947 1 0 1706740364
WALL 21151947 1 0 1706740365
WALL 21151947 1 0 1706740366
WALL 21151947 1 0 1706740367
WALL 21151947 1 0 1706740368
WALL 21151947 1 0 1706740369
WALL 21151947 1 0 1706740370
WALL 21151947 1 0 1706740371
WALL 21151947 1 0 1706740372
WALL 21151947 1 0 1706740373
WALL 21151947 1 0 1706740374
WALL 21151947 1 0 1706740375
WALL 21151947 1 0 1706740376
WALL 21151947 1 0 1706740377
WALL 21151947 1 0 1706740378
WALL 21151947 1 0 1706740379
WALL 21151947 1 0 1706740380
WALL 21151947 1 0 1706740381
WALL 21151947 1 0 1706740382
WALL 21151947 1 0 1706740383
WALL 21151947 1 0 1706740384
WALL 21151947 1 0 1706740385
WALL 21151947 1 0 1706740386
WALL 21151947 1 0 1706740387
WALL 21151947 1 0 1706740388
WALL 21151947 1 0 1706740389
WALL 21151947 1 0 1706740390
WALL 21151947 1 0 1706740391
WALL 21151947 1 0 1706740392
WALL 21151947 1 0 1706740393
WALL 21151947 1 0 1706740394
WALL 21151947 1 0 1706740395
WALL 21151947 1 0 1706740396
WALL 21151947 1 0 1706740397
WALL 21151947 1 0 1706740398
WALL 21151947 1 0 1706740399
WALL 21151947 1 0 1706740400
WALL 21151947 1 0 1706740401
WALL 21151947 1 0 1706740402
WALL 21151947 1 0 1706740403
WALL 21151947 1 0 1706740404
WALL 21151947 1 0 1706740405
WALL 21151947 1 0 1706740406
WALL 21151947 1 0 1706740407
WALL 21151947 1 0 1706740408
WALL 21151947 1 0 1706740409
WALL 21151947 1 0 1706740410
WALL 21151947 1 0 1706740411
WALL 21151947 1 0 1706740412
WALL 21151947 1 0 1706740413
WALL 21151947 1 0 1706740414
WALL 21151947 1 0 1706740415
WALL 21151947 1 0 1706740416
WALL 21151947 1 0 1706740417
WALL 21151947 1 0 1706740418
WALL 21151947 1 0 1706740419
WALL 21151947 1 0 1706740420
WALL 21151947 1 0 1706740421
WALL 21151947 1 0 1706740422
WALL 21151947 1 0 1706740423
WALL 21151947 1 0 1706740424
WALL 21151947 1 0 1706740425
WALL 21151947 1 0 1706740426
WALL 21151947 1 0 1706740427
WALL 21151947 1 0 1706740428
WALL 21151947 1 0 1706740429
WALL 21151947 1 0 1706740430
WALL 21151947 1 0 1706740431
WALL 21151947 1 0 1706740432
WALL 21151947 1 0 1706740433
WALL 21151947 1 0 1706740434
WALL 21151947 1 0 1706740435
WALL 21151947 1 0 1706740436
WALL 21151947 1 0 1706740437
WALL 21151947 1 0 1706740438
WALL 21151947 1 0 1706740439
WALL 21151947 1 0 1706740440
WALL 21151947 1 0 1706740441
WALL 21151947 1 0 1706740442
WALL 21151947 1 0 1706740443
WALL 21151947 1 0 1706740444
WALL 21151947 1 0 1706740445
WALL 21151947 1 0 1706740446
WALL 21151947 1 0 1706740447
WALL 21151947 1 0 1706740448
WALL 21151947 1 0 1706740449
WALL 21151947 1 0 1706740450
WALL 21151947 1 0 1706740451
WALL 21151947 1 0 1706740452
WALL 21151947 1 0 1706740453
WALL 21151947 1 0 1706740454
WALL 21151947 1 0 1706740455
WALL 21151947 1 0 1706740456
WALL 21151947 1 0 1706740457
WALL 21151947 1 0 1706740458
WALL 21151947 1 0 1706740459
WALL 21151947 1 0 1706740460
WALL 21151947 1 0 1706740461
WALL 21151947 1 0 1706740462
WALL 21151947 1 0 1706740463
WALL 21151947 1 0 1706740464
WALL 21151947 1 0 1706740465
WALL 21151947 1 0 1706740466
WALL 21151947 1 0 1706740467
WALL 21151947 1 0 1706740468
WALL 21151947 1 0 1706740469
WALL 21151947 1 0 1706740470
WALL 21151947 1 0 1706740471
WALL 21151947 1 0 1706740472
WALL 21151947 1 0 1706740473
WALL 21151947 1 0 1706740474
WALL 21151947 1 0 1706740475
WALL 21151947 1 0 1706740476
WALL 21151947 1 0 1706740477
WALL 21151947 1 0 1706740478
WALL 21151947 1 0 1706740479
WALL 21151947 1 0 1706740480
WALL 21151947 1 0 1706740481
WALL 21151947 1 0 1706740482
WALL 21151947 1 0 1706740483
WALL 21151947 1 0 1706740484
WALL 21151947 1 0 1706740485
WALL 21151947 1 0 1706740486
WALL 21151947 1 0 1706740487
WALL 21151947 1 0 1706740488
WALL 21151947 1 0 1706740489
WALL 21151947 1 0 1706740490
WALL 21151947 1 0 1706740491
WALL 21151947 1 0 1706740492
WALL 21151947 1 0 1706740493
WALL 21151947 1 0 1706740494
WALL 21151947 1 0 1706740495
WALL 21151947 1 0 1706740496
WALL 21151947 1 0 1706740497
WALL 21151947 1 0 1706740498
WALL 21151947 1 0 1706740499
WALL 21151947 1 0 1706740500
WALL 21151947 1 0 1706740501
WALL 21151947 1 0 1706740502
WALL 21151947 1 0 1706740503
WALL 21151947 1 0 1706740504
WALL 21151947 1 0 1706740505
WALL 21151947 1 0 1706740506
WALL 21151947 1 0 1706740507
WALL 21151947 1 0 1706740508
WALL 21151947 1 0 1706740509
WALL 21151947 1 0 1706740510
WALL 21151947 1 0 1706740511
WALL 21151947 1 0 1706740512
WALL 21151947 1 0 1706740513
WALL 21151947 1 0 1706740514
WALL 21151947 1 0 1706740515
WALL 21151947 1 0 1706740516
WALL 21151947 1 0 1706740517
WALL 21151947 1 0 1706740518
WALL 21151947 1 0 1706740519
WALL 21151947 1 0 1706740520
WALL 21151947 1 0 1706740521
WALL 21151947 1 0 1706740522
WALL 21151947 1 0 1706740523
WALL 21151947 1 0 1706740524
WALL 21151947 1 0 1706740525
WALL 21151947 1 0 1706740526
WALL 21151947 1 0 1706740527
WALL 21151947 1 0 1706740528
WALL 21151947 1 0 1706740529
WALL 21151947 1 0 1706740530
WALL 21151947 1 0 1706740531
WALL 21151947 1 0 1706740532
WALL 21151947 1 0 1706740533
WALL 21151947 1 0 1706740534
WALL 21151947 1 0 1706740535
WALL 21151947 1 0 1706740536
WALL 21151947 1 0 1706740537
WALL 21151947 1 0 1706740538
WALL 21151947 1 0 1706740539
WALL 21151947 1 0 1706740540
WALL 21151947 1 0 1706740541
WALL 21151947 1 0 1706740542
WALL 21151947 1 0 1706740543
WALL 21151947 1 0 1706740544
WALL 21151947 1 0 1706740545
WALL 21151947 1 0 1706740546
WALL 21151947 1 0 1706740547
WALL 21151947 1 0 1706740548
WALL 21151947 1 0 1706740549
WALL 21151947 1 0 1706740550
WALL 21151947 1 0 1706740551
WALL 21151947 1 0 1706740552
WALL 21151947 1 0 1706740553
WALL 21151947 1 0 1706740554
WALL 21151947 1 0 1706740555
WALL 21151947 1 0 1706740556
WALL 21151947 1 0 1706740557
WALL 21151947 1 0 1706740558
WALL 21151947 1 0 1706740559
WALL 21151947 1 0 1706740560
WALL 21151947 1 0 1706740561
WALL 21151947 1 0 1706740562
WALL 21151947 1 0 1706740563
WALL 21151947 1 0 1706740564
WALL 21151947 1 0 1706740565
WALL 21151947 1 0 1706740566
WALL 21151947 1 0 1706740567
WALL 21151947 1 0 1706740568
WALL 21151947 1 0 1706740569
WALL 21151947 1 0 1706740570
WALL 21151947 1 0 1706740571
WALL 21151947 1 0 1706740572
WALL 21151947 1 0 1706740573
WALL 21151947 1 0 1706740574
WALL 21151947 1 0 1706740575
WALL 21151947 1 0 1706740576
WALL 21151947 1 0 1706740577
WALL 21151947 1 0 1706740578
WALL 21151947 1 0 1706740579
WALL 21151947 1 0 1706740580
WALL 21151947 1 0 1706740581
WALL 21151947 1 0 1706740582
WALL 21151947 1 0 1706740583
WALL 21151947 1 0 1706740584
WALL 21151947 1 0 1706740585
WALL 21151947 1 0 1706740586
WALL 21151947 1 0 1706740587
WALL 21151947 1 0 1706740588
WALL 21151947 1 0 1706740589
WALL 21151947 1 0 1706740590
WALL 21151947 1 0 1706740591
WALL 21151947 1 0 1706740592
WALL 21151947 1 0 1706740593
WALL 21151947 1 0 1706740594
WALL 21151947 1 0 1706740595
WALL 21151947 1 0 1706740596
WALL 21151947 1 0 1706740597
WALL 21151947 1 0 1706740598
WALL 21151947 1 0 1706740599
WALL 21151947 1 0 1706740600
WALL 21151947 1 0 1706740601
WALL 21151947 1 0 1706740602
WALL 21151947 1 0 1706740603
WALL 21151947 1 0 1706740604
WALL 21151947 1 0 1706740605
WALL 21151947 1 0 1706740606
WALL 21151947 1 0 1706740607
WALL 21151947 1 0 1706740608
WALL 21151947 1 0 1706740609
WALL 21151947 1 0 1706740610
WALL 21151947 1 0 1706740611
WALL 21151947 1 0 1706740612
WALL 21151947 1 0 1706740613
WALL 21151947 1 0 1706740614
WALL 21151947 1 0 1706740615
WALL 21151947 1 0 1706740616
WALL 21151947 1 0 1706740617
WALL 21151947 1 0 1706740618
WALL 21151947 1 0 1706740619
WALL 21151947 1 0 1706740620
WALL 21151947 1 0 1706740621
WALL 21151947 1 0 1706740622
WALL 21151947 1 0 1706740623
WALL 21151947 1 0 1706740624
WALL 21151947 1 0 1706740625
WALL 21151947 1 0 1706740626
WALL 21151947 1 0 1706740627
WALL 21151947 1 0 1706740628
WALL 21151947 1 0 1706740629
WALL 21151947 1 0 1706740630
WALL 21151947 1 0 1706740631
WALL 21151947 1 0 1706740632
WALL 21151947 1 0 1706740633
WALL 21151947 1 0 1706740634
WALL 21151947 1 0 1706740635
WALL 21151947 1 0 1706740636
WALL 21151947 1 0 1706740637
WALL 21151947 1 0 1706740638
WALL 21151947 1 0 1706740639
WALL 21151947 1 0 1706740640
WALL 21151947 1 0 1706740641
WALL 21151947 1 0 1706740642
WALL 21151947 1 0 1706740643
WALL 21151947 1 0 1706740644
WALL 21151947 1 0 1706740645
WALL 21151947 1 0 1706740646
WALL 21151947 1 0 1706740647
WALL 21151947 1 0 1706740648
WALL 21151947 1 0 1706740649
WALL 21151947 1 0 1706740650
WALL 21151947 1 0 1706740651
WALL 21151947 1 0 1706740652
WALL 21151947 1 0 1706740653
WALL 21151947 1 0 1706740654
WALL 21151947 1 0 1706740655
WALL 21151947 1 0 1706740656
WALL 21151947 1 0 1706740657
WALL 21151947 1 0 1706740658
WALL 21151947 1 0 1706740659
WALL 21151947 1 0 1706740660
WALL 21151947 1 0 1706740661
WALL 21151947 1 0 1706740662
WALL 21151947 1 0 1706740663
WALL 21151947 1 0 1706740664
WALL 21151947 1 0 1706740665
WALL 21151947 1 0 1706740666
WALL 21151947 1 0 1706740667
WALL 21151947 1 0 1706740668
WALL 21151947 1 0 1706740669
WALL 21151947 1 0 1706740670
WALL 21151947 1 0 1706740671
WALL 21151947 1 0 1706740672
WALL 21151947 1 0 1706740673
WALL 21151947 1 0 1706740674
WALL 21151947 1 0 1706740675
WALL 21151947 1 0 1706740676
WALL 21151947 1 0 1706740677
slurmstepd: error: *** STEP 21151947.0 ON nid200024 CANCELLED AT 2024-01-31T22:37:58 ***
received SIGCONT 1706740678
WALL 21151947 1 0 1706740678
received SIGTERM 1706740678
WALL 21151947 1 0 1706740678
WALL 21151947 1 0 1706740679
WALL 21151947 1 0 1706740680
WALL 21151947 1 0 1706740681
WALL 21151947 1 0 1706740682
WALL 21151947 1 0 1706740683
WALL 21151947 1 0 1706740684
WALL 21151947 1 0 1706740685
WALL 21151947 1 0 1706740686
WALL 21151947 1 0 1706740687
WALL 21151947 1 0 1706740688
WALL 21151947 1 0 1706740689
WALL 21151947 1 0 1706740690
WALL 21151947 1 0 1706740691
WALL 21151947 1 0 1706740692
WALL 21151947 1 0 1706740693
WALL 21151947 1 0 1706740694
WALL 21151947 1 0 1706740695
WALL 21151947 1 0 1706740696
WALL 21151947 1 0 1706740697
WALL 21151947 1 0 1706740698
WALL 21151947 1 0 1706740699
WALL 21151947 1 0 1706740700
WALL 21151947 1 0 1706740701
WALL 21151947 1 0 1706740702
WALL 21151947 1 0 1706740703
WALL 21151947 1 0 1706740704
WALL 21151947 1 0 1706740705
WALL 21151947 1 0 1706740706
WALL 21151947 1 0 1706740707
WALL 21151947 1 0 1706740708
WALL 21151947 1 0 1706740709
WALL 21151947 1 0 1706740710
WALL 21151947 1 0 1706740711
WALL 21151947 1 0 1706740712
WALL 21151947 1 0 1706740713
WALL 21151947 1 0 1706740714
WALL 21151947 1 0 1706740715
WALL 21151947 1 0 1706740716
WALL 21151947 1 0 1706740717
WALL 21151947 1 0 1706740718
WALL 21151947 1 0 1706740719
WALL 21151947 1 0 1706740720
WALL 21151947 1 0 1706740721
WALL 21151947 1 0 1706740722
WALL 21151947 1 0 1706740723
WALL 21151947 1 0 1706740724
WALL 21151947 1 0 1706740725
WALL 21151947 1 0 1706740726
WALL 21151947 1 0 1706740727
WALL 21151947 1 0 1706740728
WALL 21151947 1 0 1706740729
WALL 21151947 1 0 1706740730
WALL 21151947 1 0 1706740731
WALL 21151947 1 0 1706740732
WALL 21151947 1 0 1706740733
WALL 21151947 1 0 1706740734
WALL 21151947 1 0 1706740735
WALL 21151947 1 0 1706740736
WALL 21151947 1 0 1706740737
WALL 21151947 1 0 1706740738
WALL 21151947 1 0 1706740739
WALL 21151947 1 0 1706740740
WALL 21151947 1 0 1706740741
WALL 21151947 1 0 1706740742
WALL 21151947 1 0 1706740743
WALL 21151947 1 0 1706740744
slurmstepd: error: *** JOB 21151947 ON nid200024 CANCELLED AT 2024-01-31T22:39:04 DUE TO PREEMPTION ***
received SIGTERM 1706740744
WALL 21151947 1 0 1706740744
received SIGCONT 1706740744
WALL 21151947 1 0 1706740744
received SIGTERM 1706740744
WALL 21151947 1 0 1706740744
