srun: warning: can't run 1 processes on 2 nodes, setting nnodes to 1
WALL 21201445 1 0 1706816950
WALL 21201445 1 0 1706816951
WALL 21201445 1 0 1706816952
WALL 21201445 1 0 1706816953
WALL 21201445 1 0 1706816954
WALL 21201445 1 0 1706816955
WALL 21201445 1 0 1706816956
WALL 21201445 1 0 1706816957
WALL 21201445 1 0 1706816958
WALL 21201445 1 0 1706816959
WALL 21201445 1 0 1706816960
WALL 21201445 1 0 1706816961
WALL 21201445 1 0 1706816962
WALL 21201445 1 0 1706816963
WALL 21201445 1 0 1706816964
WALL 21201445 1 0 1706816965
WALL 21201445 1 0 1706816966
WALL 21201445 1 0 1706816967
WALL 21201445 1 0 1706816968
WALL 21201445 1 0 1706816969
WALL 21201445 1 0 1706816970
WALL 21201445 1 0 1706816971
WALL 21201445 1 0 1706816972
WALL 21201445 1 0 1706816973
WALL 21201445 1 0 1706816974
WALL 21201445 1 0 1706816975
WALL 21201445 1 0 1706816976
WALL 21201445 1 0 1706816977
WALL 21201445 1 0 1706816978
WALL 21201445 1 0 1706816979
WALL 21201445 1 0 1706816980
WALL 21201445 1 0 1706816981
WALL 21201445 1 0 1706816982
WALL 21201445 1 0 1706816983
WALL 21201445 1 0 1706816984
WALL 21201445 1 0 1706816985
WALL 21201445 1 0 1706816986
WALL 21201445 1 0 1706816987
WALL 21201445 1 0 1706816988
WALL 21201445 1 0 1706816989
WALL 21201445 1 0 1706816990
WALL 21201445 1 0 1706816991
WALL 21201445 1 0 1706816992
WALL 21201445 1 0 1706816993
WALL 21201445 1 0 1706816994
WALL 21201445 1 0 1706816995
WALL 21201445 1 0 1706816996
WALL 21201445 1 0 1706816997
WALL 21201445 1 0 1706816998
WALL 21201445 1 0 1706816999
WALL 21201445 1 0 1706817000
WALL 21201445 1 0 1706817001
WALL 21201445 1 0 1706817002
WALL 21201445 1 0 1706817003
WALL 21201445 1 0 1706817004
WALL 21201445 1 0 1706817005
WALL 21201445 1 0 1706817006
WALL 21201445 1 0 1706817007
WALL 21201445 1 0 1706817008
WALL 21201445 1 0 1706817009
WALL 21201445 1 0 1706817010
WALL 21201445 1 0 1706817011
WALL 21201445 1 0 1706817012
WALL 21201445 1 0 1706817013
WALL 21201445 1 0 1706817014
WALL 21201445 1 0 1706817015
WALL 21201445 1 0 1706817016
WALL 21201445 1 0 1706817017
WALL 21201445 1 0 1706817018
WALL 21201445 1 0 1706817019
WALL 21201445 1 0 1706817020
WALL 21201445 1 0 1706817021
WALL 21201445 1 0 1706817022
WALL 21201445 1 0 1706817023
WALL 21201445 1 0 1706817024
WALL 21201445 1 0 1706817025
WALL 21201445 1 0 1706817026
WALL 21201445 1 0 1706817027
WALL 21201445 1 0 1706817028
WALL 21201445 1 0 1706817029
WALL 21201445 1 0 1706817030
WALL 21201445 1 0 1706817031
WALL 21201445 1 0 1706817032
WALL 21201445 1 0 1706817033
WALL 21201445 1 0 1706817034
WALL 21201445 1 0 1706817035
WALL 21201445 1 0 1706817036
WALL 21201445 1 0 1706817037
WALL 21201445 1 0 1706817038
WALL 21201445 1 0 1706817039
WALL 21201445 1 0 1706817040
WALL 21201445 1 0 1706817041
WALL 21201445 1 0 1706817042
WALL 21201445 1 0 1706817043
WALL 21201445 1 0 1706817044
WALL 21201445 1 0 1706817045
WALL 21201445 1 0 1706817046
WALL 21201445 1 0 1706817047
WALL 21201445 1 0 1706817048
WALL 21201445 1 0 1706817049
WALL 21201445 1 0 1706817050
WALL 21201445 1 0 1706817051
WALL 21201445 1 0 1706817052
WALL 21201445 1 0 1706817053
WALL 21201445 1 0 1706817054
WALL 21201445 1 0 1706817055
WALL 21201445 1 0 1706817056
WALL 21201445 1 0 1706817057
WALL 21201445 1 0 1706817058
WALL 21201445 1 0 1706817059
WALL 21201445 1 0 1706817060
WALL 21201445 1 0 1706817061
WALL 21201445 1 0 1706817062
WALL 21201445 1 0 1706817063
WALL 21201445 1 0 1706817064
WALL 21201445 1 0 1706817065
WALL 21201445 1 0 1706817066
WALL 21201445 1 0 1706817067
WALL 21201445 1 0 1706817068
WALL 21201445 1 0 1706817069
WALL 21201445 1 0 1706817070
WALL 21201445 1 0 1706817071
WALL 21201445 1 0 1706817072
WALL 21201445 1 0 1706817073
received SIGCONT 1706817073
WALL 21201445 1 0 1706817073
slurmstepd: error: *** STEP 21201445.0 ON nid200009 CANCELLED AT 2024-02-01T19:51:13 ***
received SIGTERM 1706817073
WALL 21201445 1 0 1706817073
WALL 21201445 1 0 1706817074
WALL 21201445 1 0 1706817075
WALL 21201445 1 0 1706817076
WALL 21201445 1 0 1706817077
WALL 21201445 1 0 1706817078
WALL 21201445 1 0 1706817079
WALL 21201445 1 0 1706817080
WALL 21201445 1 0 1706817081
WALL 21201445 1 0 1706817082
WALL 21201445 1 0 1706817083
WALL 21201445 1 0 1706817084
WALL 21201445 1 0 1706817085
WALL 21201445 1 0 1706817086
WALL 21201445 1 0 1706817087
WALL 21201445 1 0 1706817088
WALL 21201445 1 0 1706817089
WALL 21201445 1 0 1706817090
WALL 21201445 1 0 1706817091
WALL 21201445 1 0 1706817092
WALL 21201445 1 0 1706817093
WALL 21201445 1 0 1706817094
WALL 21201445 1 0 1706817095
WALL 21201445 1 0 1706817096
WALL 21201445 1 0 1706817097
WALL 21201445 1 0 1706817098
WALL 21201445 1 0 1706817099
WALL 21201445 1 0 1706817100
WALL 21201445 1 0 1706817101
WALL 21201445 1 0 1706817102
WALL 21201445 1 0 1706817103
WALL 21201445 1 0 1706817104
WALL 21201445 1 0 1706817105
WALL 21201445 1 0 1706817106
WALL 21201445 1 0 1706817107
WALL 21201445 1 0 1706817108
WALL 21201445 1 0 1706817109
WALL 21201445 1 0 1706817110
WALL 21201445 1 0 1706817111
WALL 21201445 1 0 1706817112
WALL 21201445 1 0 1706817113
WALL 21201445 1 0 1706817114
WALL 21201445 1 0 1706817115
WALL 21201445 1 0 1706817116
WALL 21201445 1 0 1706817117
WALL 21201445 1 0 1706817118
WALL 21201445 1 0 1706817119
WALL 21201445 1 0 1706817120
WALL 21201445 1 0 1706817121
WALL 21201445 1 0 1706817122
WALL 21201445 1 0 1706817123
WALL 21201445 1 0 1706817124
WALL 21201445 1 0 1706817125
WALL 21201445 1 0 1706817126
WALL 21201445 1 0 1706817127
WALL 21201445 1 0 1706817128
WALL 21201445 1 0 1706817129
WALL 21201445 1 0 1706817130
WALL 21201445 1 0 1706817131
WALL 21201445 1 0 1706817132
WALL 21201445 1 0 1706817133
WALL 21201445 1 0 1706817134
WALL 21201445 1 0 1706817135
WALL 21201445 1 0 1706817136
WALL 21201445 1 0 1706817137
WALL 21201445 1 0 1706817138
WALL 21201445 1 0 1706817139
slurmstepd: error: *** JOB 21201445 ON nid200009 CANCELLED AT 2024-02-01T19:52:20 DUE TO PREEMPTION ***
received SIGTERM 1706817140
WALL 21201445 1 0 1706817140
received SIGCONT 1706817140
WALL 21201445 1 0 1706817140
received SIGTERM 1706817140
WALL 21201445 1 0 1706817140
