WALL 21089073 1 0 1706661533
WALL 21089073 1 0 1706661534
WALL 21089073 1 0 1706661535
WALL 21089073 1 0 1706661536
WALL 21089073 1 0 1706661537
WALL 21089073 1 0 1706661538
WALL 21089073 1 0 1706661539
WALL 21089073 1 0 1706661540
WALL 21089073 1 0 1706661541
WALL 21089073 1 0 1706661542
WALL 21089073 1 0 1706661543
WALL 21089073 1 0 1706661544
WALL 21089073 1 0 1706661545
WALL 21089073 1 0 1706661546
WALL 21089073 1 0 1706661547
WALL 21089073 1 0 1706661548
WALL 21089073 1 0 1706661549
WALL 21089073 1 0 1706661550
WALL 21089073 1 0 1706661551
WALL 21089073 1 0 1706661552
WALL 21089073 1 0 1706661553
WALL 21089073 1 0 1706661554
WALL 21089073 1 0 1706661555
WALL 21089073 1 0 1706661556
WALL 21089073 1 0 1706661557
WALL 21089073 1 0 1706661558
WALL 21089073 1 0 1706661559
WALL 21089073 1 0 1706661560
WALL 21089073 1 0 1706661561
WALL 21089073 1 0 1706661562
WALL 21089073 1 0 1706661563
WALL 21089073 1 0 1706661564
WALL 21089073 1 0 1706661565
WALL 21089073 1 0 1706661566
WALL 21089073 1 0 1706661567
WALL 21089073 1 0 1706661568
WALL 21089073 1 0 1706661569
WALL 21089073 1 0 1706661570
WALL 21089073 1 0 1706661571
WALL 21089073 1 0 1706661572
WALL 21089073 1 0 1706661573
WALL 21089073 1 0 1706661574
WALL 21089073 1 0 1706661575
WALL 21089073 1 0 1706661576
WALL 21089073 1 0 1706661577
WALL 21089073 1 0 1706661578
WALL 21089073 1 0 1706661579
WALL 21089073 1 0 1706661580
WALL 21089073 1 0 1706661581
WALL 21089073 1 0 1706661582
WALL 21089073 1 0 1706661583
WALL 21089073 1 0 1706661584
WALL 21089073 1 0 1706661585
WALL 21089073 1 0 1706661586
WALL 21089073 1 0 1706661587
WALL 21089073 1 0 1706661588
WALL 21089073 1 0 1706661589
WALL 21089073 1 0 1706661590
WALL 21089073 1 0 1706661591
WALL 21089073 1 0 1706661592
WALL 21089073 1 0 1706661593
WALL 21089073 1 0 1706661594
WALL 21089073 1 0 1706661595
WALL 21089073 1 0 1706661596
WALL 21089073 1 0 1706661597
WALL 21089073 1 0 1706661598
WALL 21089073 1 0 1706661599
WALL 21089073 1 0 1706661600
WALL 21089073 1 0 1706661601
WALL 21089073 1 0 1706661602
WALL 21089073 1 0 1706661603
WALL 21089073 1 0 1706661604
WALL 21089073 1 0 1706661605
WALL 21089073 1 0 1706661606
WALL 21089073 1 0 1706661607
WALL 21089073 1 0 1706661608
WALL 21089073 1 0 1706661609
WALL 21089073 1 0 1706661610
WALL 21089073 1 0 1706661611
WALL 21089073 1 0 1706661612
WALL 21089073 1 0 1706661613
WALL 21089073 1 0 1706661614
WALL 21089073 1 0 1706661615
WALL 21089073 1 0 1706661616
WALL 21089073 1 0 1706661617
WALL 21089073 1 0 1706661618
WALL 21089073 1 0 1706661619
WALL 21089073 1 0 1706661620
WALL 21089073 1 0 1706661621
WALL 21089073 1 0 1706661622
WALL 21089073 1 0 1706661623
WALL 21089073 1 0 1706661624
WALL 21089073 1 0 1706661625
WALL 21089073 1 0 1706661626
WALL 21089073 1 0 1706661627
WALL 21089073 1 0 1706661628
WALL 21089073 1 0 1706661629
WALL 21089073 1 0 1706661630
WALL 21089073 1 0 1706661631
WALL 21089073 1 0 1706661632
WALL 21089073 1 0 1706661633
WALL 21089073 1 0 1706661634
WALL 21089073 1 0 1706661635
WALL 21089073 1 0 1706661636
WALL 21089073 1 0 1706661637
WALL 21089073 1 0 1706661638
WALL 21089073 1 0 1706661639
WALL 21089073 1 0 1706661640
WALL 21089073 1 0 1706661641
WALL 21089073 1 0 1706661642
WALL 21089073 1 0 1706661643
WALL 21089073 1 0 1706661644
WALL 21089073 1 0 1706661645
WALL 21089073 1 0 1706661646
WALL 21089073 1 0 1706661647
WALL 21089073 1 0 1706661648
WALL 21089073 1 0 1706661649
WALL 21089073 1 0 1706661650
WALL 21089073 1 0 1706661651
WALL 21089073 1 0 1706661652
WALL 21089073 1 0 1706661653
WALL 21089073 1 0 1706661654
WALL 21089073 1 0 1706661655
WALL 21089073 1 0 1706661656
WALL 21089073 1 0 1706661657
WALL 21089073 1 0 1706661658
WALL 21089073 1 0 1706661659
WALL 21089073 1 0 1706661660
WALL 21089073 1 0 1706661661
WALL 21089073 1 0 1706661662
WALL 21089073 1 0 1706661663
WALL 21089073 1 0 1706661664
WALL 21089073 1 0 1706661665
WALL 21089073 1 0 1706661666
WALL 21089073 1 0 1706661667
WALL 21089073 1 0 1706661668
WALL 21089073 1 0 1706661669
WALL 21089073 1 0 1706661670
WALL 21089073 1 0 1706661671
WALL 21089073 1 0 1706661672
WALL 21089073 1 0 1706661673
WALL 21089073 1 0 1706661674
WALL 21089073 1 0 1706661675
WALL 21089073 1 0 1706661676
WALL 21089073 1 0 1706661677
WALL 21089073 1 0 1706661678
WALL 21089073 1 0 1706661679
WALL 21089073 1 0 1706661680
WALL 21089073 1 0 1706661681
WALL 21089073 1 0 1706661682
WALL 21089073 1 0 1706661683
WALL 21089073 1 0 1706661684
WALL 21089073 1 0 1706661685
WALL 21089073 1 0 1706661686
WALL 21089073 1 0 1706661687
WALL 21089073 1 0 1706661688
WALL 21089073 1 0 1706661689
WALL 21089073 1 0 1706661690
WALL 21089073 1 0 1706661691
WALL 21089073 1 0 1706661692
WALL 21089073 1 0 1706661693
WALL 21089073 1 0 1706661694
WALL 21089073 1 0 1706661695
WALL 21089073 1 0 1706661696
WALL 21089073 1 0 1706661697
WALL 21089073 1 0 1706661698
WALL 21089073 1 0 1706661699
WALL 21089073 1 0 1706661700
WALL 21089073 1 0 1706661701
WALL 21089073 1 0 1706661702
WALL 21089073 1 0 1706661703
WALL 21089073 1 0 1706661704
WALL 21089073 1 0 1706661705
WALL 21089073 1 0 1706661706
WALL 21089073 1 0 1706661707
WALL 21089073 1 0 1706661708
WALL 21089073 1 0 1706661709
WALL 21089073 1 0 1706661710
WALL 21089073 1 0 1706661711
WALL 21089073 1 0 1706661712
WALL 21089073 1 0 1706661713
WALL 21089073 1 0 1706661714
WALL 21089073 1 0 1706661716
WALL 21089073 1 0 1706661717
WALL 21089073 1 0 1706661718
WALL 21089073 1 0 1706661719
WALL 21089073 1 0 1706661720
WALL 21089073 1 0 1706661721
WALL 21089073 1 0 1706661722
WALL 21089073 1 0 1706661723
WALL 21089073 1 0 1706661724
WALL 21089073 1 0 1706661725
WALL 21089073 1 0 1706661726
WALL 21089073 1 0 1706661727
WALL 21089073 1 0 1706661728
WALL 21089073 1 0 1706661729
WALL 21089073 1 0 1706661730
WALL 21089073 1 0 1706661731
WALL 21089073 1 0 1706661732
WALL 21089073 1 0 1706661733
WALL 21089073 1 0 1706661734
WALL 21089073 1 0 1706661735
WALL 21089073 1 0 1706661736
WALL 21089073 1 0 1706661737
WALL 21089073 1 0 1706661738
WALL 21089073 1 0 1706661739
WALL 21089073 1 0 1706661740
WALL 21089073 1 0 1706661741
WALL 21089073 1 0 1706661742
WALL 21089073 1 0 1706661743
WALL 21089073 1 0 1706661744
WALL 21089073 1 0 1706661745
WALL 21089073 1 0 1706661746
WALL 21089073 1 0 1706661747
WALL 21089073 1 0 1706661748
WALL 21089073 1 0 1706661749
WALL 21089073 1 0 1706661750
WALL 21089073 1 0 1706661751
WALL 21089073 1 0 1706661752
WALL 21089073 1 0 1706661753
WALL 21089073 1 0 1706661754
WALL 21089073 1 0 1706661755
WALL 21089073 1 0 1706661756
WALL 21089073 1 0 1706661757
WALL 21089073 1 0 1706661758
WALL 21089073 1 0 1706661759
WALL 21089073 1 0 1706661760
WALL 21089073 1 0 1706661761
WALL 21089073 1 0 1706661762
WALL 21089073 1 0 1706661763
WALL 21089073 1 0 1706661764
WALL 21089073 1 0 1706661765
WALL 21089073 1 0 1706661766
WALL 21089073 1 0 1706661767
WALL 21089073 1 0 1706661768
WALL 21089073 1 0 1706661769
WALL 21089073 1 0 1706661770
WALL 21089073 1 0 1706661771
WALL 21089073 1 0 1706661772
WALL 21089073 1 0 1706661773
WALL 21089073 1 0 1706661774
WALL 21089073 1 0 1706661775
WALL 21089073 1 0 1706661776
WALL 21089073 1 0 1706661777
WALL 21089073 1 0 1706661778
WALL 21089073 1 0 1706661779
WALL 21089073 1 0 1706661780
WALL 21089073 1 0 1706661781
WALL 21089073 1 0 1706661782
WALL 21089073 1 0 1706661783
WALL 21089073 1 0 1706661784
WALL 21089073 1 0 1706661785
WALL 21089073 1 0 1706661786
WALL 21089073 1 0 1706661787
WALL 21089073 1 0 1706661788
WALL 21089073 1 0 1706661789
WALL 21089073 1 0 1706661790
WALL 21089073 1 0 1706661791
WALL 21089073 1 0 1706661792
WALL 21089073 1 0 1706661793
WALL 21089073 1 0 1706661794
WALL 21089073 1 0 1706661795
WALL 21089073 1 0 1706661796
WALL 21089073 1 0 1706661797
WALL 21089073 1 0 1706661798
WALL 21089073 1 0 1706661799
WALL 21089073 1 0 1706661800
WALL 21089073 1 0 1706661801
WALL 21089073 1 0 1706661802
WALL 21089073 1 0 1706661803
WALL 21089073 1 0 1706661804
WALL 21089073 1 0 1706661805
WALL 21089073 1 0 1706661806
WALL 21089073 1 0 1706661807
WALL 21089073 1 0 1706661808
WALL 21089073 1 0 1706661809
WALL 21089073 1 0 1706661810
WALL 21089073 1 0 1706661811
WALL 21089073 1 0 1706661812
WALL 21089073 1 0 1706661813
WALL 21089073 1 0 1706661814
WALL 21089073 1 0 1706661815
WALL 21089073 1 0 1706661816
WALL 21089073 1 0 1706661817
WALL 21089073 1 0 1706661818
WALL 21089073 1 0 1706661819
WALL 21089073 1 0 1706661820
WALL 21089073 1 0 1706661821
WALL 21089073 1 0 1706661822
WALL 21089073 1 0 1706661823
WALL 21089073 1 0 1706661824
WALL 21089073 1 0 1706661825
WALL 21089073 1 0 1706661826
WALL 21089073 1 0 1706661827
WALL 21089073 1 0 1706661828
WALL 21089073 1 0 1706661829
WALL 21089073 1 0 1706661830
WALL 21089073 1 0 1706661831
WALL 21089073 1 0 1706661832
WALL 21089073 1 0 1706661833
WALL 21089073 1 0 1706661834
WALL 21089073 1 0 1706661835
WALL 21089073 1 0 1706661836
WALL 21089073 1 0 1706661837
WALL 21089073 1 0 1706661838
WALL 21089073 1 0 1706661839
WALL 21089073 1 0 1706661840
WALL 21089073 1 0 1706661841
WALL 21089073 1 0 1706661842
WALL 21089073 1 0 1706661843
WALL 21089073 1 0 1706661844
WALL 21089073 1 0 1706661845
WALL 21089073 1 0 1706661846
WALL 21089073 1 0 1706661847
WALL 21089073 1 0 1706661848
WALL 21089073 1 0 1706661849
WALL 21089073 1 0 1706661850
slurmstepd: error: *** STEP 21089073.0 ON nid200186 CANCELLED AT 2024-01-31T00:44:10 ***
received SIGTERM 1706661850
WALL 21089073 1 0 1706661850
received SIGCONT 1706661850
WALL 21089073 1 0 1706661850
WALL 21089073 1 0 1706661851
WALL 21089073 1 0 1706661852
WALL 21089073 1 0 1706661853
WALL 21089073 1 0 1706661854
WALL 21089073 1 0 1706661855
WALL 21089073 1 0 1706661856
WALL 21089073 1 0 1706661857
WALL 21089073 1 0 1706661858
WALL 21089073 1 0 1706661859
WALL 21089073 1 0 1706661860
WALL 21089073 1 0 1706661861
WALL 21089073 1 0 1706661862
WALL 21089073 1 0 1706661863
WALL 21089073 1 0 1706661864
WALL 21089073 1 0 1706661865
WALL 21089073 1 0 1706661866
WALL 21089073 1 0 1706661867
WALL 21089073 1 0 1706661868
WALL 21089073 1 0 1706661869
WALL 21089073 1 0 1706661870
WALL 21089073 1 0 1706661871
WALL 21089073 1 0 1706661872
WALL 21089073 1 0 1706661873
WALL 21089073 1 0 1706661874
WALL 21089073 1 0 1706661875
WALL 21089073 1 0 1706661876
WALL 21089073 1 0 1706661877
WALL 21089073 1 0 1706661878
WALL 21089073 1 0 1706661879
WALL 21089073 1 0 1706661880
WALL 21089073 1 0 1706661881
WALL 21089073 1 0 1706661882
WALL 21089073 1 0 1706661883
WALL 21089073 1 0 1706661884
WALL 21089073 1 0 1706661885
WALL 21089073 1 0 1706661886
WALL 21089073 1 0 1706661887
WALL 21089073 1 0 1706661888
WALL 21089073 1 0 1706661889
WALL 21089073 1 0 1706661890
WALL 21089073 1 0 1706661891
WALL 21089073 1 0 1706661892
WALL 21089073 1 0 1706661893
WALL 21089073 1 0 1706661894
WALL 21089073 1 0 1706661895
WALL 21089073 1 0 1706661896
WALL 21089073 1 0 1706661897
WALL 21089073 1 0 1706661898
WALL 21089073 1 0 1706661899
WALL 21089073 1 0 1706661900
WALL 21089073 1 0 1706661901
WALL 21089073 1 0 1706661902
WALL 21089073 1 0 1706661903
WALL 21089073 1 0 1706661904
WALL 21089073 1 0 1706661905
WALL 21089073 1 0 1706661906
WALL 21089073 1 0 1706661907
WALL 21089073 1 0 1706661908
WALL 21089073 1 0 1706661909
WALL 21089073 1 0 1706661910
WALL 21089073 1 0 1706661911
WALL 21089073 1 0 1706661912
WALL 21089073 1 0 1706661913
WALL 21089073 1 0 1706661914
WALL 21089073 1 0 1706661915
WALL 21089073 1 0 1706661916
WALL 21089073 1 0 1706661917
WALL 21089073 1 0 1706661918
WALL 21089073 1 0 1706661919
WALL 21089073 1 0 1706661920
slurmstepd: error: *** JOB 21089073 ON nid200186 CANCELLED AT 2024-01-31T00:45:20 DUE TO PREEMPTION ***
received SIGTERM 1706661920
WALL 21089073 1 0 1706661920
received SIGCONT 1706661920
WALL 21089073 1 0 1706661920
received SIGTERM 1706661920
WALL 21089073 1 0 1706661920
