WALL 21206633 1 0 1706820550
WALL 21206633 1 0 1706820551
WALL 21206633 1 0 1706820552
WALL 21206633 1 0 1706820553
WALL 21206633 1 0 1706820554
WALL 21206633 1 0 1706820555
WALL 21206633 1 0 1706820556
WALL 21206633 1 0 1706820557
WALL 21206633 1 0 1706820558
WALL 21206633 1 0 1706820559
WALL 21206633 1 0 1706820560
WALL 21206633 1 0 1706820561
WALL 21206633 1 0 1706820562
WALL 21206633 1 0 1706820563
WALL 21206633 1 0 1706820564
WALL 21206633 1 0 1706820565
WALL 21206633 1 0 1706820566
WALL 21206633 1 0 1706820567
WALL 21206633 1 0 1706820568
WALL 21206633 1 0 1706820569
WALL 21206633 1 0 1706820570
WALL 21206633 1 0 1706820571
WALL 21206633 1 0 1706820572
WALL 21206633 1 0 1706820573
WALL 21206633 1 0 1706820574
WALL 21206633 1 0 1706820575
WALL 21206633 1 0 1706820576
WALL 21206633 1 0 1706820577
WALL 21206633 1 0 1706820578
WALL 21206633 1 0 1706820579
WALL 21206633 1 0 1706820580
WALL 21206633 1 0 1706820581
WALL 21206633 1 0 1706820582
WALL 21206633 1 0 1706820583
WALL 21206633 1 0 1706820584
WALL 21206633 1 0 1706820585
WALL 21206633 1 0 1706820586
WALL 21206633 1 0 1706820587
WALL 21206633 1 0 1706820588
WALL 21206633 1 0 1706820589
WALL 21206633 1 0 1706820590
WALL 21206633 1 0 1706820591
WALL 21206633 1 0 1706820592
received SIGCONT 1706820593
WALL 21206633 1 0 1706820593
slurmstepd: error: *** STEP 21206633.0 ON nid200039 CANCELLED AT 2024-02-01T20:49:53 ***
received SIGTERM 1706820593
WALL 21206633 1 0 1706820593
WALL 21206633 1 0 1706820594
WALL 21206633 1 0 1706820595
WALL 21206633 1 0 1706820596
WALL 21206633 1 0 1706820597
WALL 21206633 1 0 1706820598
WALL 21206633 1 0 1706820599
WALL 21206633 1 0 1706820600
WALL 21206633 1 0 1706820601
WALL 21206633 1 0 1706820602
WALL 21206633 1 0 1706820603
WALL 21206633 1 0 1706820604
WALL 21206633 1 0 1706820605
WALL 21206633 1 0 1706820606
WALL 21206633 1 0 1706820607
WALL 21206633 1 0 1706820608
WALL 21206633 1 0 1706820609
WALL 21206633 1 0 1706820610
WALL 21206633 1 0 1706820611
WALL 21206633 1 0 1706820612
WALL 21206633 1 0 1706820613
WALL 21206633 1 0 1706820614
WALL 21206633 1 0 1706820615
WALL 21206633 1 0 1706820616
WALL 21206633 1 0 1706820617
WALL 21206633 1 0 1706820618
WALL 21206633 1 0 1706820619
WALL 21206633 1 0 1706820620
WALL 21206633 1 0 1706820621
WALL 21206633 1 0 1706820622
WALL 21206633 1 0 1706820623
WALL 21206633 1 0 1706820624
WALL 21206633 1 0 1706820625
WALL 21206633 1 0 1706820626
WALL 21206633 1 0 1706820627
WALL 21206633 1 0 1706820628
WALL 21206633 1 0 1706820629
WALL 21206633 1 0 1706820630
WALL 21206633 1 0 1706820631
WALL 21206633 1 0 1706820632
WALL 21206633 1 0 1706820633
WALL 21206633 1 0 1706820634
WALL 21206633 1 0 1706820635
WALL 21206633 1 0 1706820636
WALL 21206633 1 0 1706820637
WALL 21206633 1 0 1706820638
WALL 21206633 1 0 1706820639
WALL 21206633 1 0 1706820640
WALL 21206633 1 0 1706820641
WALL 21206633 1 0 1706820642
WALL 21206633 1 0 1706820643
WALL 21206633 1 0 1706820644
WALL 21206633 1 0 1706820645
WALL 21206633 1 0 1706820646
WALL 21206633 1 0 1706820647
WALL 21206633 1 0 1706820648
WALL 21206633 1 0 1706820649
WALL 21206633 1 0 1706820650
WALL 21206633 1 0 1706820651
WALL 21206633 1 0 1706820652
WALL 21206633 1 0 1706820653
WALL 21206633 1 0 1706820654
WALL 21206633 1 0 1706820655
WALL 21206633 1 0 1706820656
WALL 21206633 1 0 1706820657
WALL 21206633 1 0 1706820658
WALL 21206633 1 0 1706820659
slurmstepd: error: *** JOB 21206633 ON nid200039 CANCELLED AT 2024-02-01T20:51:00 DUE TO PREEMPTION ***
received SIGTERM 1706820660
WALL 21206633 1 0 1706820660
received SIGCONT 1706820660
WALL 21206633 1 0 1706820660
received SIGTERM 1706820660
WALL 21206633 1 0 1706820660
