srun: warning: can't run 1 processes on 2 nodes, setting nnodes to 1
WALL 21208386 1 0 1706823304
WALL 21208386 1 0 1706823305
WALL 21208386 1 0 1706823306
WALL 21208386 1 0 1706823307
WALL 21208386 1 0 1706823308
WALL 21208386 1 0 1706823309
WALL 21208386 1 0 1706823310
WALL 21208386 1 0 1706823311
WALL 21208386 1 0 1706823312
WALL 21208386 1 0 1706823313
WALL 21208386 1 0 1706823314
WALL 21208386 1 0 1706823315
WALL 21208386 1 0 1706823316
WALL 21208386 1 0 1706823317
WALL 21208386 1 0 1706823318
WALL 21208386 1 0 1706823319
WALL 21208386 1 0 1706823320
WALL 21208386 1 0 1706823321
WALL 21208386 1 0 1706823322
WALL 21208386 1 0 1706823323
WALL 21208386 1 0 1706823324
WALL 21208386 1 0 1706823325
WALL 21208386 1 0 1706823326
WALL 21208386 1 0 1706823327
WALL 21208386 1 0 1706823328
WALL 21208386 1 0 1706823329
WALL 21208386 1 0 1706823330
WALL 21208386 1 0 1706823331
WALL 21208386 1 0 1706823332
WALL 21208386 1 0 1706823333
WALL 21208386 1 0 1706823334
WALL 21208386 1 0 1706823335
WALL 21208386 1 0 1706823336
WALL 21208386 1 0 1706823337
WALL 21208386 1 0 1706823338
WALL 21208386 1 0 1706823339
WALL 21208386 1 0 1706823340
WALL 21208386 1 0 1706823341
WALL 21208386 1 0 1706823342
WALL 21208386 1 0 1706823343
WALL 21208386 1 0 1706823344
WALL 21208386 1 0 1706823345
WALL 21208386 1 0 1706823346
WALL 21208386 1 0 1706823347
WALL 21208386 1 0 1706823348
WALL 21208386 1 0 1706823349
WALL 21208386 1 0 1706823350
WALL 21208386 1 0 1706823351
WALL 21208386 1 0 1706823352
WALL 21208386 1 0 1706823353
WALL 21208386 1 0 1706823354
WALL 21208386 1 0 1706823355
WALL 21208386 1 0 1706823356
WALL 21208386 1 0 1706823357
WALL 21208386 1 0 1706823358
WALL 21208386 1 0 1706823359
WALL 21208386 1 0 1706823360
WALL 21208386 1 0 1706823361
WALL 21208386 1 0 1706823362
WALL 21208386 1 0 1706823363
WALL 21208386 1 0 1706823364
WALL 21208386 1 0 1706823365
WALL 21208386 1 0 1706823366
WALL 21208386 1 0 1706823367
WALL 21208386 1 0 1706823368
WALL 21208386 1 0 1706823369
WALL 21208386 1 0 1706823370
WALL 21208386 1 0 1706823371
WALL 21208386 1 0 1706823372
WALL 21208386 1 0 1706823373
WALL 21208386 1 0 1706823374
WALL 21208386 1 0 1706823375
WALL 21208386 1 0 1706823376
WALL 21208386 1 0 1706823377
WALL 21208386 1 0 1706823378
WALL 21208386 1 0 1706823379
WALL 21208386 1 0 1706823380
WALL 21208386 1 0 1706823381
WALL 21208386 1 0 1706823382
WALL 21208386 1 0 1706823383
WALL 21208386 1 0 1706823384
WALL 21208386 1 0 1706823385
WALL 21208386 1 0 1706823386
WALL 21208386 1 0 1706823387
WALL 21208386 1 0 1706823388
WALL 21208386 1 0 1706823389
WALL 21208386 1 0 1706823390
WALL 21208386 1 0 1706823391
WALL 21208386 1 0 1706823392
WALL 21208386 1 0 1706823393
WALL 21208386 1 0 1706823394
WALL 21208386 1 0 1706823395
WALL 21208386 1 0 1706823396
WALL 21208386 1 0 1706823397
WALL 21208386 1 0 1706823398
WALL 21208386 1 0 1706823399
WALL 21208386 1 0 1706823400
WALL 21208386 1 0 1706823401
WALL 21208386 1 0 1706823402
WALL 21208386 1 0 1706823403
WALL 21208386 1 0 1706823404
WALL 21208386 1 0 1706823405
WALL 21208386 1 0 1706823406
WALL 21208386 1 0 1706823407
WALL 21208386 1 0 1706823408
WALL 21208386 1 0 1706823409
WALL 21208386 1 0 1706823410
WALL 21208386 1 0 1706823411
WALL 21208386 1 0 1706823412
WALL 21208386 1 0 1706823413
WALL 21208386 1 0 1706823414
WALL 21208386 1 0 1706823415
WALL 21208386 1 0 1706823416
WALL 21208386 1 0 1706823417
WALL 21208386 1 0 1706823418
WALL 21208386 1 0 1706823419
WALL 21208386 1 0 1706823420
WALL 21208386 1 0 1706823421
WALL 21208386 1 0 1706823422
WALL 21208386 1 0 1706823423
WALL 21208386 1 0 1706823424
WALL 21208386 1 0 1706823425
WALL 21208386 1 0 1706823426
WALL 21208386 1 0 1706823427
WALL 21208386 1 0 1706823428
WALL 21208386 1 0 1706823429
WALL 21208386 1 0 1706823430
WALL 21208386 1 0 1706823431
WALL 21208386 1 0 1706823432
WALL 21208386 1 0 1706823433
WALL 21208386 1 0 1706823434
WALL 21208386 1 0 1706823435
WALL 21208386 1 0 1706823436
WALL 21208386 1 0 1706823437
WALL 21208386 1 0 1706823438
WALL 21208386 1 0 1706823439
WALL 21208386 1 0 1706823440
WALL 21208386 1 0 1706823441
WALL 21208386 1 0 1706823442
WALL 21208386 1 0 1706823443
WALL 21208386 1 0 1706823444
WALL 21208386 1 0 1706823445
WALL 21208386 1 0 1706823446
WALL 21208386 1 0 1706823447
WALL 21208386 1 0 1706823448
WALL 21208386 1 0 1706823449
WALL 21208386 1 0 1706823450
WALL 21208386 1 0 1706823451
WALL 21208386 1 0 1706823452
WALL 21208386 1 0 1706823453
WALL 21208386 1 0 1706823454
WALL 21208386 1 0 1706823455
WALL 21208386 1 0 1706823456
WALL 21208386 1 0 1706823457
WALL 21208386 1 0 1706823458
WALL 21208386 1 0 1706823459
WALL 21208386 1 0 1706823460
WALL 21208386 1 0 1706823461
WALL 21208386 1 0 1706823462
WALL 21208386 1 0 1706823463
WALL 21208386 1 0 1706823464
WALL 21208386 1 0 1706823465
WALL 21208386 1 0 1706823466
WALL 21208386 1 0 1706823467
WALL 21208386 1 0 1706823468
WALL 21208386 1 0 1706823469
WALL 21208386 1 0 1706823470
WALL 21208386 1 0 1706823471
WALL 21208386 1 0 1706823472
WALL 21208386 1 0 1706823473
WALL 21208386 1 0 1706823474
WALL 21208386 1 0 1706823475
WALL 21208386 1 0 1706823476
WALL 21208386 1 0 1706823477
WALL 21208386 1 0 1706823478
WALL 21208386 1 0 1706823479
WALL 21208386 1 0 1706823480
WALL 21208386 1 0 1706823481
WALL 21208386 1 0 1706823482
WALL 21208386 1 0 1706823483
WALL 21208386 1 0 1706823484
WALL 21208386 1 0 1706823485
WALL 21208386 1 0 1706823486
WALL 21208386 1 0 1706823487
WALL 21208386 1 0 1706823488
WALL 21208386 1 0 1706823489
WALL 21208386 1 0 1706823490
WALL 21208386 1 0 1706823491
WALL 21208386 1 0 1706823492
WALL 21208386 1 0 1706823493
WALL 21208386 1 0 1706823494
WALL 21208386 1 0 1706823495
WALL 21208386 1 0 1706823496
WALL 21208386 1 0 1706823497
WALL 21208386 1 0 1706823498
WALL 21208386 1 0 1706823499
WALL 21208386 1 0 1706823500
WALL 21208386 1 0 1706823501
WALL 21208386 1 0 1706823502
WALL 21208386 1 0 1706823503
WALL 21208386 1 0 1706823504
WALL 21208386 1 0 1706823505
WALL 21208386 1 0 1706823506
WALL 21208386 1 0 1706823507
WALL 21208386 1 0 1706823508
WALL 21208386 1 0 1706823509
WALL 21208386 1 0 1706823510
WALL 21208386 1 0 1706823511
WALL 21208386 1 0 1706823512
WALL 21208386 1 0 1706823513
WALL 21208386 1 0 1706823514
WALL 21208386 1 0 1706823515
WALL 21208386 1 0 1706823516
WALL 21208386 1 0 1706823517
WALL 21208386 1 0 1706823518
WALL 21208386 1 0 1706823519
WALL 21208386 1 0 1706823520
WALL 21208386 1 0 1706823521
WALL 21208386 1 0 1706823522
WALL 21208386 1 0 1706823523
WALL 21208386 1 0 1706823524
WALL 21208386 1 0 1706823525
WALL 21208386 1 0 1706823526
WALL 21208386 1 0 1706823527
WALL 21208386 1 0 1706823528
WALL 21208386 1 0 1706823529
WALL 21208386 1 0 1706823530
WALL 21208386 1 0 1706823531
WALL 21208386 1 0 1706823532
WALL 21208386 1 0 1706823533
WALL 21208386 1 0 1706823534
WALL 21208386 1 0 1706823535
WALL 21208386 1 0 1706823536
WALL 21208386 1 0 1706823537
WALL 21208386 1 0 1706823538
WALL 21208386 1 0 1706823539
WALL 21208386 1 0 1706823540
WALL 21208386 1 0 1706823541
WALL 21208386 1 0 1706823542
WALL 21208386 1 0 1706823543
WALL 21208386 1 0 1706823544
WALL 21208386 1 0 1706823545
WALL 21208386 1 0 1706823546
WALL 21208386 1 0 1706823547
WALL 21208386 1 0 1706823548
WALL 21208386 1 0 1706823549
WALL 21208386 1 0 1706823550
WALL 21208386 1 0 1706823551
WALL 21208386 1 0 1706823552
WALL 21208386 1 0 1706823553
WALL 21208386 1 0 1706823554
WALL 21208386 1 0 1706823555
WALL 21208386 1 0 1706823556
WALL 21208386 1 0 1706823557
WALL 21208386 1 0 1706823558
WALL 21208386 1 0 1706823559
WALL 21208386 1 0 1706823560
WALL 21208386 1 0 1706823561
WALL 21208386 1 0 1706823562
WALL 21208386 1 0 1706823563
WALL 21208386 1 0 1706823564
WALL 21208386 1 0 1706823565
WALL 21208386 1 0 1706823566
WALL 21208386 1 0 1706823567
WALL 21208386 1 0 1706823568
WALL 21208386 1 0 1706823569
WALL 21208386 1 0 1706823570
WALL 21208386 1 0 1706823571
WALL 21208386 1 0 1706823572
WALL 21208386 1 0 1706823573
WALL 21208386 1 0 1706823574
WALL 21208386 1 0 1706823575
WALL 21208386 1 0 1706823576
WALL 21208386 1 0 1706823577
WALL 21208386 1 0 1706823578
WALL 21208386 1 0 1706823579
WALL 21208386 1 0 1706823580
WALL 21208386 1 0 1706823581
WALL 21208386 1 0 1706823582
WALL 21208386 1 0 1706823583
WALL 21208386 1 0 1706823584
WALL 21208386 1 0 1706823585
WALL 21208386 1 0 1706823586
WALL 21208386 1 0 1706823587
WALL 21208386 1 0 1706823588
WALL 21208386 1 0 1706823589
WALL 21208386 1 0 1706823590
WALL 21208386 1 0 1706823591
WALL 21208386 1 0 1706823592
WALL 21208386 1 0 1706823593
WALL 21208386 1 0 1706823594
WALL 21208386 1 0 1706823595
WALL 21208386 1 0 1706823596
WALL 21208386 1 0 1706823597
WALL 21208386 1 0 1706823598
WALL 21208386 1 0 1706823599
WALL 21208386 1 0 1706823600
slurmstepd: error: *** STEP 21208386.0 ON nid200114 CANCELLED AT 2024-02-01T21:40:01 ***
received SIGCONT 1706823601
WALL 21208386 1 0 1706823601
received SIGTERM 1706823601
WALL 21208386 1 0 1706823601
WALL 21208386 1 0 1706823602
WALL 21208386 1 0 1706823603
WALL 21208386 1 0 1706823604
WALL 21208386 1 0 1706823605
WALL 21208386 1 0 1706823606
WALL 21208386 1 0 1706823607
WALL 21208386 1 0 1706823608
WALL 21208386 1 0 1706823609
WALL 21208386 1 0 1706823610
WALL 21208386 1 0 1706823611
WALL 21208386 1 0 1706823612
WALL 21208386 1 0 1706823613
WALL 21208386 1 0 1706823614
WALL 21208386 1 0 1706823615
WALL 21208386 1 0 1706823616
WALL 21208386 1 0 1706823617
WALL 21208386 1 0 1706823618
WALL 21208386 1 0 1706823619
WALL 21208386 1 0 1706823620
WALL 21208386 1 0 1706823621
WALL 21208386 1 0 1706823622
WALL 21208386 1 0 1706823623
WALL 21208386 1 0 1706823624
WALL 21208386 1 0 1706823625
WALL 21208386 1 0 1706823626
WALL 21208386 1 0 1706823627
WALL 21208386 1 0 1706823628
WALL 21208386 1 0 1706823629
WALL 21208386 1 0 1706823630
WALL 21208386 1 0 1706823631
WALL 21208386 1 0 1706823632
WALL 21208386 1 0 1706823633
WALL 21208386 1 0 1706823634
WALL 21208386 1 0 1706823635
WALL 21208386 1 0 1706823636
WALL 21208386 1 0 1706823637
WALL 21208386 1 0 1706823638
WALL 21208386 1 0 1706823639
WALL 21208386 1 0 1706823640
WALL 21208386 1 0 1706823641
WALL 21208386 1 0 1706823642
WALL 21208386 1 0 1706823643
WALL 21208386 1 0 1706823644
WALL 21208386 1 0 1706823645
WALL 21208386 1 0 1706823646
WALL 21208386 1 0 1706823647
WALL 21208386 1 0 1706823648
WALL 21208386 1 0 1706823649
WALL 21208386 1 0 1706823650
WALL 21208386 1 0 1706823651
WALL 21208386 1 0 1706823652
WALL 21208386 1 0 1706823653
WALL 21208386 1 0 1706823654
WALL 21208386 1 0 1706823655
WALL 21208386 1 0 1706823656
WALL 21208386 1 0 1706823657
WALL 21208386 1 0 1706823658
WALL 21208386 1 0 1706823659
WALL 21208386 1 0 1706823660
slurmstepd: error: *** JOB 21208386 ON nid200114 CANCELLED AT 2024-02-01T21:41:01 DUE TO PREEMPTION ***
received SIGTERM 1706823661
WALL 21208386 1 0 1706823661
received SIGCONT 1706823661
