srun: warning: can't run 1 processes on 2 nodes, setting nnodes to 1
WALL 21204256 1 0 1706818689
WALL 21204256 1 0 1706818690
WALL 21204256 1 0 1706818691
WALL 21204256 1 0 1706818692
WALL 21204256 1 0 1706818693
WALL 21204256 1 0 1706818694
WALL 21204256 1 0 1706818695
WALL 21204256 1 0 1706818696
WALL 21204256 1 0 1706818697
WALL 21204256 1 0 1706818698
WALL 21204256 1 0 1706818699
WALL 21204256 1 0 1706818700
WALL 21204256 1 0 1706818701
WALL 21204256 1 0 1706818702
WALL 21204256 1 0 1706818703
WALL 21204256 1 0 1706818704
slurmstepd: error: *** STEP 21204256.0 ON nid200030 CANCELLED AT 2024-02-01T20:18:25 ***
received SIGCONT 1706818705
WALL 21204256 1 0 1706818705
received SIGTERM 1706818705
WALL 21204256 1 0 1706818705
WALL 21204256 1 0 1706818706
WALL 21204256 1 0 1706818707
WALL 21204256 1 0 1706818708
WALL 21204256 1 0 1706818709
WALL 21204256 1 0 1706818710
WALL 21204256 1 0 1706818711
WALL 21204256 1 0 1706818712
WALL 21204256 1 0 1706818713
WALL 21204256 1 0 1706818714
WALL 21204256 1 0 1706818715
WALL 21204256 1 0 1706818716
WALL 21204256 1 0 1706818717
WALL 21204256 1 0 1706818718
WALL 21204256 1 0 1706818719
WALL 21204256 1 0 1706818720
WALL 21204256 1 0 1706818721
WALL 21204256 1 0 1706818722
WALL 21204256 1 0 1706818723
WALL 21204256 1 0 1706818724
WALL 21204256 1 0 1706818725
WALL 21204256 1 0 1706818726
WALL 21204256 1 0 1706818727
WALL 21204256 1 0 1706818728
WALL 21204256 1 0 1706818729
WALL 21204256 1 0 1706818730
WALL 21204256 1 0 1706818731
WALL 21204256 1 0 1706818732
WALL 21204256 1 0 1706818733
WALL 21204256 1 0 1706818734
WALL 21204256 1 0 1706818735
WALL 21204256 1 0 1706818736
WALL 21204256 1 0 1706818737
WALL 21204256 1 0 1706818738
WALL 21204256 1 0 1706818739
WALL 21204256 1 0 1706818740
WALL 21204256 1 0 1706818741
WALL 21204256 1 0 1706818742
WALL 21204256 1 0 1706818743
WALL 21204256 1 0 1706818744
WALL 21204256 1 0 1706818745
WALL 21204256 1 0 1706818746
WALL 21204256 1 0 1706818747
WALL 21204256 1 0 1706818748
WALL 21204256 1 0 1706818749
WALL 21204256 1 0 1706818750
WALL 21204256 1 0 1706818751
WALL 21204256 1 0 1706818752
WALL 21204256 1 0 1706818753
WALL 21204256 1 0 1706818754
WALL 21204256 1 0 1706818755
WALL 21204256 1 0 1706818756
WALL 21204256 1 0 1706818757
WALL 21204256 1 0 1706818758
WALL 21204256 1 0 1706818759
WALL 21204256 1 0 1706818760
WALL 21204256 1 0 1706818761
WALL 21204256 1 0 1706818762
WALL 21204256 1 0 1706818763
WALL 21204256 1 0 1706818764
WALL 21204256 1 0 1706818765
WALL 21204256 1 0 1706818766
WALL 21204256 1 0 1706818767
WALL 21204256 1 0 1706818768
WALL 21204256 1 0 1706818769
WALL 21204256 1 0 1706818770
WALL 21204256 1 0 1706818771
WALL 21204256 1 0 1706818772
WALL 21204256 1 0 1706818773
WALL 21204256 1 0 1706818774
WALL 21204256 1 0 1706818775
WALL 21204256 1 0 1706818776
WALL 21204256 1 0 1706818777
WALL 21204256 1 0 1706818778
WALL 21204256 1 0 1706818779
WALL 21204256 1 0 1706818780
WALL 21204256 1 0 1706818781
WALL 21204256 1 0 1706818782
WALL 21204256 1 0 1706818783
WALL 21204256 1 0 1706818784
WALL 21204256 1 0 1706818785
WALL 21204256 1 0 1706818786
WALL 21204256 1 0 1706818787
WALL 21204256 1 0 1706818788
WALL 21204256 1 0 1706818789
WALL 21204256 1 0 1706818790
WALL 21204256 1 0 1706818791
WALL 21204256 1 0 1706818792
WALL 21204256 1 0 1706818793
WALL 21204256 1 0 1706818794
slurmstepd: error: *** JOB 21204256 ON nid200030 CANCELLED AT 2024-02-01T20:19:54 DUE TO PREEMPTION ***
received SIGTERM 1706818794
WALL 21204256 1 0 1706818794
received SIGCONT 1706818794
WALL 21204256 1 0 1706818794
received SIGTERM 1706818794
WALL 21204256 1 0 1706818794
