srun: warning: can't run 1 processes on 8 nodes, setting nnodes to 1
WALL 21202114 1 0 1706817325
WALL 21202114 1 0 1706817326
WALL 21202114 1 0 1706817327
WALL 21202114 1 0 1706817328
WALL 21202114 1 0 1706817329
WALL 21202114 1 0 1706817330
WALL 21202114 1 0 1706817331
WALL 21202114 1 0 1706817332
WALL 21202114 1 0 1706817333
WALL 21202114 1 0 1706817334
WALL 21202114 1 0 1706817335
WALL 21202114 1 0 1706817336
WALL 21202114 1 0 1706817337
WALL 21202114 1 0 1706817338
WALL 21202114 1 0 1706817339
WALL 21202114 1 0 1706817340
WALL 21202114 1 0 1706817341
WALL 21202114 1 0 1706817342
WALL 21202114 1 0 1706817343
WALL 21202114 1 0 1706817344
WALL 21202114 1 0 1706817345
WALL 21202114 1 0 1706817346
WALL 21202114 1 0 1706817347
WALL 21202114 1 0 1706817348
WALL 21202114 1 0 1706817349
WALL 21202114 1 0 1706817350
WALL 21202114 1 0 1706817351
WALL 21202114 1 0 1706817352
WALL 21202114 1 0 1706817353
WALL 21202114 1 0 1706817354
WALL 21202114 1 0 1706817355
WALL 21202114 1 0 1706817356
WALL 21202114 1 0 1706817357
WALL 21202114 1 0 1706817358
WALL 21202114 1 0 1706817359
WALL 21202114 1 0 1706817360
WALL 21202114 1 0 1706817361
WALL 21202114 1 0 1706817362
WALL 21202114 1 0 1706817363
WALL 21202114 1 0 1706817364
WALL 21202114 1 0 1706817365
WALL 21202114 1 0 1706817366
WALL 21202114 1 0 1706817367
WALL 21202114 1 0 1706817368
WALL 21202114 1 0 1706817369
WALL 21202114 1 0 1706817370
WALL 21202114 1 0 1706817371
WALL 21202114 1 0 1706817372
WALL 21202114 1 0 1706817373
WALL 21202114 1 0 1706817374
WALL 21202114 1 0 1706817375
WALL 21202114 1 0 1706817376
WALL 21202114 1 0 1706817377
WALL 21202114 1 0 1706817378
WALL 21202114 1 0 1706817379
WALL 21202114 1 0 1706817380
WALL 21202114 1 0 1706817381
WALL 21202114 1 0 1706817382
WALL 21202114 1 0 1706817383
WALL 21202114 1 0 1706817384
WALL 21202114 1 0 1706817385
WALL 21202114 1 0 1706817386
WALL 21202114 1 0 1706817387
WALL 21202114 1 0 1706817388
WALL 21202114 1 0 1706817389
WALL 21202114 1 0 1706817390
WALL 21202114 1 0 1706817391
WALL 21202114 1 0 1706817392
WALL 21202114 1 0 1706817393
WALL 21202114 1 0 1706817394
WALL 21202114 1 0 1706817395
WALL 21202114 1 0 1706817396
WALL 21202114 1 0 1706817397
WALL 21202114 1 0 1706817398
WALL 21202114 1 0 1706817399
WALL 21202114 1 0 1706817400
WALL 21202114 1 0 1706817401
WALL 21202114 1 0 1706817402
WALL 21202114 1 0 1706817403
WALL 21202114 1 0 1706817404
WALL 21202114 1 0 1706817405
WALL 21202114 1 0 1706817406
WALL 21202114 1 0 1706817407
WALL 21202114 1 0 1706817408
WALL 21202114 1 0 1706817409
WALL 21202114 1 0 1706817410
WALL 21202114 1 0 1706817411
WALL 21202114 1 0 1706817412
WALL 21202114 1 0 1706817413
WALL 21202114 1 0 1706817414
WALL 21202114 1 0 1706817415
WALL 21202114 1 0 1706817416
WALL 21202114 1 0 1706817417
WALL 21202114 1 0 1706817418
WALL 21202114 1 0 1706817419
WALL 21202114 1 0 1706817420
WALL 21202114 1 0 1706817421
WALL 21202114 1 0 1706817422
WALL 21202114 1 0 1706817423
WALL 21202114 1 0 1706817424
WALL 21202114 1 0 1706817425
WALL 21202114 1 0 1706817426
WALL 21202114 1 0 1706817427
WALL 21202114 1 0 1706817428
WALL 21202114 1 0 1706817429
WALL 21202114 1 0 1706817430
WALL 21202114 1 0 1706817431
WALL 21202114 1 0 1706817432
WALL 21202114 1 0 1706817433
WALL 21202114 1 0 1706817434
WALL 21202114 1 0 1706817435
WALL 21202114 1 0 1706817436
WALL 21202114 1 0 1706817437
WALL 21202114 1 0 1706817438
WALL 21202114 1 0 1706817439
WALL 21202114 1 0 1706817440
WALL 21202114 1 0 1706817441
WALL 21202114 1 0 1706817442
WALL 21202114 1 0 1706817443
WALL 21202114 1 0 1706817444
WALL 21202114 1 0 1706817445
WALL 21202114 1 0 1706817446
WALL 21202114 1 0 1706817447
WALL 21202114 1 0 1706817448
WALL 21202114 1 0 1706817449
WALL 21202114 1 0 1706817450
WALL 21202114 1 0 1706817451
WALL 21202114 1 0 1706817452
WALL 21202114 1 0 1706817453
WALL 21202114 1 0 1706817454
WALL 21202114 1 0 1706817455
WALL 21202114 1 0 1706817456
WALL 21202114 1 0 1706817457
WALL 21202114 1 0 1706817458
WALL 21202114 1 0 1706817459
WALL 21202114 1 0 1706817460
WALL 21202114 1 0 1706817461
WALL 21202114 1 0 1706817462
WALL 21202114 1 0 1706817463
WALL 21202114 1 0 1706817464
WALL 21202114 1 0 1706817465
WALL 21202114 1 0 1706817466
WALL 21202114 1 0 1706817467
WALL 21202114 1 0 1706817468
WALL 21202114 1 0 1706817469
WALL 21202114 1 0 1706817470
WALL 21202114 1 0 1706817471
WALL 21202114 1 0 1706817472
WALL 21202114 1 0 1706817473
WALL 21202114 1 0 1706817474
WALL 21202114 1 0 1706817475
WALL 21202114 1 0 1706817476
WALL 21202114 1 0 1706817477
WALL 21202114 1 0 1706817478
WALL 21202114 1 0 1706817479
WALL 21202114 1 0 1706817480
WALL 21202114 1 0 1706817481
WALL 21202114 1 0 1706817482
WALL 21202114 1 0 1706817483
WALL 21202114 1 0 1706817484
WALL 21202114 1 0 1706817485
WALL 21202114 1 0 1706817486
WALL 21202114 1 0 1706817487
WALL 21202114 1 0 1706817488
WALL 21202114 1 0 1706817489
WALL 21202114 1 0 1706817490
WALL 21202114 1 0 1706817491
WALL 21202114 1 0 1706817492
WALL 21202114 1 0 1706817493
WALL 21202114 1 0 1706817494
WALL 21202114 1 0 1706817495
WALL 21202114 1 0 1706817496
WALL 21202114 1 0 1706817497
WALL 21202114 1 0 1706817498
WALL 21202114 1 0 1706817499
WALL 21202114 1 0 1706817500
WALL 21202114 1 0 1706817501
WALL 21202114 1 0 1706817502
WALL 21202114 1 0 1706817503
WALL 21202114 1 0 1706817504
WALL 21202114 1 0 1706817505
WALL 21202114 1 0 1706817506
WALL 21202114 1 0 1706817507
WALL 21202114 1 0 1706817508
WALL 21202114 1 0 1706817509
WALL 21202114 1 0 1706817510
WALL 21202114 1 0 1706817511
WALL 21202114 1 0 1706817512
WALL 21202114 1 0 1706817513
WALL 21202114 1 0 1706817514
WALL 21202114 1 0 1706817515
WALL 21202114 1 0 1706817516
WALL 21202114 1 0 1706817517
WALL 21202114 1 0 1706817518
WALL 21202114 1 0 1706817519
WALL 21202114 1 0 1706817520
WALL 21202114 1 0 1706817521
WALL 21202114 1 0 1706817522
WALL 21202114 1 0 1706817523
WALL 21202114 1 0 1706817524
WALL 21202114 1 0 1706817525
WALL 21202114 1 0 1706817526
WALL 21202114 1 0 1706817527
WALL 21202114 1 0 1706817528
WALL 21202114 1 0 1706817529
WALL 21202114 1 0 1706817530
WALL 21202114 1 0 1706817531
WALL 21202114 1 0 1706817532
WALL 21202114 1 0 1706817533
WALL 21202114 1 0 1706817534
WALL 21202114 1 0 1706817535
WALL 21202114 1 0 1706817536
WALL 21202114 1 0 1706817537
WALL 21202114 1 0 1706817538
WALL 21202114 1 0 1706817539
WALL 21202114 1 0 1706817540
WALL 21202114 1 0 1706817541
WALL 21202114 1 0 1706817542
WALL 21202114 1 0 1706817543
WALL 21202114 1 0 1706817544
WALL 21202114 1 0 1706817545
WALL 21202114 1 0 1706817546
WALL 21202114 1 0 1706817547
WALL 21202114 1 0 1706817548
WALL 21202114 1 0 1706817549
WALL 21202114 1 0 1706817550
WALL 21202114 1 0 1706817551
WALL 21202114 1 0 1706817552
WALL 21202114 1 0 1706817553
WALL 21202114 1 0 1706817554
WALL 21202114 1 0 1706817555
WALL 21202114 1 0 1706817556
WALL 21202114 1 0 1706817557
WALL 21202114 1 0 1706817558
WALL 21202114 1 0 1706817559
WALL 21202114 1 0 1706817560
WALL 21202114 1 0 1706817561
WALL 21202114 1 0 1706817562
WALL 21202114 1 0 1706817563
WALL 21202114 1 0 1706817564
WALL 21202114 1 0 1706817565
WALL 21202114 1 0 1706817566
WALL 21202114 1 0 1706817567
WALL 21202114 1 0 1706817568
WALL 21202114 1 0 1706817569
WALL 21202114 1 0 1706817570
WALL 21202114 1 0 1706817571
WALL 21202114 1 0 1706817572
WALL 21202114 1 0 1706817573
WALL 21202114 1 0 1706817574
WALL 21202114 1 0 1706817575
WALL 21202114 1 0 1706817576
WALL 21202114 1 0 1706817577
WALL 21202114 1 0 1706817578
WALL 21202114 1 0 1706817579
WALL 21202114 1 0 1706817580
WALL 21202114 1 0 1706817581
WALL 21202114 1 0 1706817582
WALL 21202114 1 0 1706817583
WALL 21202114 1 0 1706817584
WALL 21202114 1 0 1706817585
WALL 21202114 1 0 1706817586
WALL 21202114 1 0 1706817587
WALL 21202114 1 0 1706817588
WALL 21202114 1 0 1706817589
WALL 21202114 1 0 1706817590
WALL 21202114 1 0 1706817591
WALL 21202114 1 0 1706817592
WALL 21202114 1 0 1706817593
WALL 21202114 1 0 1706817594
WALL 21202114 1 0 1706817595
WALL 21202114 1 0 1706817596
WALL 21202114 1 0 1706817597
WALL 21202114 1 0 1706817598
WALL 21202114 1 0 1706817599
WALL 21202114 1 0 1706817600
WALL 21202114 1 0 1706817601
WALL 21202114 1 0 1706817602
WALL 21202114 1 0 1706817603
WALL 21202114 1 0 1706817604
WALL 21202114 1 0 1706817605
WALL 21202114 1 0 1706817606
WALL 21202114 1 0 1706817607
WALL 21202114 1 0 1706817608
WALL 21202114 1 0 1706817609
WALL 21202114 1 0 1706817610
WALL 21202114 1 0 1706817611
WALL 21202114 1 0 1706817612
WALL 21202114 1 0 1706817613
WALL 21202114 1 0 1706817614
WALL 21202114 1 0 1706817615
WALL 21202114 1 0 1706817616
WALL 21202114 1 0 1706817617
WALL 21202114 1 0 1706817618
WALL 21202114 1 0 1706817619
WALL 21202114 1 0 1706817620
WALL 21202114 1 0 1706817621
WALL 21202114 1 0 1706817622
WALL 21202114 1 0 1706817623
WALL 21202114 1 0 1706817624
WALL 21202114 1 0 1706817625
WALL 21202114 1 0 1706817626
WALL 21202114 1 0 1706817627
WALL 21202114 1 0 1706817628
WALL 21202114 1 0 1706817629
WALL 21202114 1 0 1706817630
WALL 21202114 1 0 1706817631
WALL 21202114 1 0 1706817632
WALL 21202114 1 0 1706817633
WALL 21202114 1 0 1706817634
WALL 21202114 1 0 1706817635
WALL 21202114 1 0 1706817636
WALL 21202114 1 0 1706817637
WALL 21202114 1 0 1706817638
WALL 21202114 1 0 1706817639
WALL 21202114 1 0 1706817640
WALL 21202114 1 0 1706817641
WALL 21202114 1 0 1706817642
WALL 21202114 1 0 1706817643
WALL 21202114 1 0 1706817644
WALL 21202114 1 0 1706817645
WALL 21202114 1 0 1706817646
WALL 21202114 1 0 1706817647
WALL 21202114 1 0 1706817648
WALL 21202114 1 0 1706817649
WALL 21202114 1 0 1706817650
WALL 21202114 1 0 1706817651
WALL 21202114 1 0 1706817652
WALL 21202114 1 0 1706817653
WALL 21202114 1 0 1706817654
WALL 21202114 1 0 1706817655
WALL 21202114 1 0 1706817656
WALL 21202114 1 0 1706817657
WALL 21202114 1 0 1706817658
WALL 21202114 1 0 1706817659
WALL 21202114 1 0 1706817660
WALL 21202114 1 0 1706817661
WALL 21202114 1 0 1706817662
WALL 21202114 1 0 1706817663
WALL 21202114 1 0 1706817664
WALL 21202114 1 0 1706817665
WALL 21202114 1 0 1706817666
WALL 21202114 1 0 1706817667
WALL 21202114 1 0 1706817668
WALL 21202114 1 0 1706817669
WALL 21202114 1 0 1706817670
WALL 21202114 1 0 1706817671
WALL 21202114 1 0 1706817672
WALL 21202114 1 0 1706817673
WALL 21202114 1 0 1706817674
WALL 21202114 1 0 1706817675
WALL 21202114 1 0 1706817676
WALL 21202114 1 0 1706817677
WALL 21202114 1 0 1706817678
WALL 21202114 1 0 1706817679
WALL 21202114 1 0 1706817680
WALL 21202114 1 0 1706817681
WALL 21202114 1 0 1706817682
WALL 21202114 1 0 1706817683
WALL 21202114 1 0 1706817684
WALL 21202114 1 0 1706817685
WALL 21202114 1 0 1706817686
WALL 21202114 1 0 1706817687
WALL 21202114 1 0 1706817688
WALL 21202114 1 0 1706817689
WALL 21202114 1 0 1706817690
WALL 21202114 1 0 1706817691
WALL 21202114 1 0 1706817692
WALL 21202114 1 0 1706817693
WALL 21202114 1 0 1706817694
WALL 21202114 1 0 1706817695
WALL 21202114 1 0 1706817696
WALL 21202114 1 0 1706817697
WALL 21202114 1 0 1706817698
WALL 21202114 1 0 1706817699
WALL 21202114 1 0 1706817700
WALL 21202114 1 0 1706817701
WALL 21202114 1 0 1706817702
WALL 21202114 1 0 1706817703
WALL 21202114 1 0 1706817704
WALL 21202114 1 0 1706817705
WALL 21202114 1 0 1706817706
WALL 21202114 1 0 1706817707
WALL 21202114 1 0 1706817708
WALL 21202114 1 0 1706817709
WALL 21202114 1 0 1706817710
WALL 21202114 1 0 1706817711
WALL 21202114 1 0 1706817712
WALL 21202114 1 0 1706817713
WALL 21202114 1 0 1706817714
WALL 21202114 1 0 1706817715
WALL 21202114 1 0 1706817716
WALL 21202114 1 0 1706817717
WALL 21202114 1 0 1706817718
WALL 21202114 1 0 1706817719
WALL 21202114 1 0 1706817720
WALL 21202114 1 0 1706817721
WALL 21202114 1 0 1706817722
WALL 21202114 1 0 1706817723
WALL 21202114 1 0 1706817724
WALL 21202114 1 0 1706817725
WALL 21202114 1 0 1706817726
WALL 21202114 1 0 1706817727
WALL 21202114 1 0 1706817728
WALL 21202114 1 0 1706817729
WALL 21202114 1 0 1706817730
WALL 21202114 1 0 1706817731
WALL 21202114 1 0 1706817732
WALL 21202114 1 0 1706817733
WALL 21202114 1 0 1706817734
WALL 21202114 1 0 1706817735
WALL 21202114 1 0 1706817736
WALL 21202114 1 0 1706817737
WALL 21202114 1 0 1706817738
WALL 21202114 1 0 1706817739
WALL 21202114 1 0 1706817740
WALL 21202114 1 0 1706817741
WALL 21202114 1 0 1706817742
WALL 21202114 1 0 1706817743
WALL 21202114 1 0 1706817744
WALL 21202114 1 0 1706817745
WALL 21202114 1 0 1706817746
WALL 21202114 1 0 1706817747
WALL 21202114 1 0 1706817748
WALL 21202114 1 0 1706817749
WALL 21202114 1 0 1706817750
WALL 21202114 1 0 1706817751
WALL 21202114 1 0 1706817752
WALL 21202114 1 0 1706817753
WALL 21202114 1 0 1706817754
WALL 21202114 1 0 1706817755
WALL 21202114 1 0 1706817756
WALL 21202114 1 0 1706817757
WALL 21202114 1 0 1706817758
WALL 21202114 1 0 1706817759
WALL 21202114 1 0 1706817760
WALL 21202114 1 0 1706817761
WALL 21202114 1 0 1706817762
WALL 21202114 1 0 1706817763
WALL 21202114 1 0 1706817764
WALL 21202114 1 0 1706817765
WALL 21202114 1 0 1706817766
WALL 21202114 1 0 1706817767
WALL 21202114 1 0 1706817768
WALL 21202114 1 0 1706817769
WALL 21202114 1 0 1706817770
WALL 21202114 1 0 1706817771
WALL 21202114 1 0 1706817772
WALL 21202114 1 0 1706817773
WALL 21202114 1 0 1706817774
WALL 21202114 1 0 1706817775
WALL 21202114 1 0 1706817776
WALL 21202114 1 0 1706817777
WALL 21202114 1 0 1706817778
WALL 21202114 1 0 1706817779
WALL 21202114 1 0 1706817780
WALL 21202114 1 0 1706817781
WALL 21202114 1 0 1706817782
WALL 21202114 1 0 1706817783
WALL 21202114 1 0 1706817784
WALL 21202114 1 0 1706817785
WALL 21202114 1 0 1706817786
WALL 21202114 1 0 1706817787
WALL 21202114 1 0 1706817788
WALL 21202114 1 0 1706817789
WALL 21202114 1 0 1706817790
WALL 21202114 1 0 1706817791
WALL 21202114 1 0 1706817792
WALL 21202114 1 0 1706817793
WALL 21202114 1 0 1706817794
WALL 21202114 1 0 1706817795
WALL 21202114 1 0 1706817796
WALL 21202114 1 0 1706817797
WALL 21202114 1 0 1706817798
WALL 21202114 1 0 1706817799
WALL 21202114 1 0 1706817800
WALL 21202114 1 0 1706817801
WALL 21202114 1 0 1706817802
WALL 21202114 1 0 1706817803
WALL 21202114 1 0 1706817804
WALL 21202114 1 0 1706817805
WALL 21202114 1 0 1706817806
WALL 21202114 1 0 1706817807
WALL 21202114 1 0 1706817808
WALL 21202114 1 0 1706817809
WALL 21202114 1 0 1706817810
WALL 21202114 1 0 1706817811
WALL 21202114 1 0 1706817812
WALL 21202114 1 0 1706817813
WALL 21202114 1 0 1706817814
WALL 21202114 1 0 1706817815
WALL 21202114 1 0 1706817816
WALL 21202114 1 0 1706817817
WALL 21202114 1 0 1706817818
WALL 21202114 1 0 1706817819
WALL 21202114 1 0 1706817820
WALL 21202114 1 0 1706817821
WALL 21202114 1 0 1706817822
WALL 21202114 1 0 1706817823
WALL 21202114 1 0 1706817824
WALL 21202114 1 0 1706817825
WALL 21202114 1 0 1706817826
WALL 21202114 1 0 1706817827
WALL 21202114 1 0 1706817828
WALL 21202114 1 0 1706817829
WALL 21202114 1 0 1706817830
WALL 21202114 1 0 1706817831
WALL 21202114 1 0 1706817832
WALL 21202114 1 0 1706817833
WALL 21202114 1 0 1706817834
WALL 21202114 1 0 1706817835
WALL 21202114 1 0 1706817836
WALL 21202114 1 0 1706817837
WALL 21202114 1 0 1706817838
WALL 21202114 1 0 1706817839
WALL 21202114 1 0 1706817840
WALL 21202114 1 0 1706817841
WALL 21202114 1 0 1706817842
WALL 21202114 1 0 1706817843
WALL 21202114 1 0 1706817844
WALL 21202114 1 0 1706817845
WALL 21202114 1 0 1706817846
WALL 21202114 1 0 1706817847
WALL 21202114 1 0 1706817848
WALL 21202114 1 0 1706817849
WALL 21202114 1 0 1706817850
WALL 21202114 1 0 1706817851
WALL 21202114 1 0 1706817852
WALL 21202114 1 0 1706817853
WALL 21202114 1 0 1706817854
WALL 21202114 1 0 1706817855
WALL 21202114 1 0 1706817856
WALL 21202114 1 0 1706817857
WALL 21202114 1 0 1706817858
WALL 21202114 1 0 1706817859
WALL 21202114 1 0 1706817860
WALL 21202114 1 0 1706817861
WALL 21202114 1 0 1706817862
WALL 21202114 1 0 1706817863
WALL 21202114 1 0 1706817864
WALL 21202114 1 0 1706817865
WALL 21202114 1 0 1706817866
WALL 21202114 1 0 1706817867
WALL 21202114 1 0 1706817868
WALL 21202114 1 0 1706817869
WALL 21202114 1 0 1706817870
WALL 21202114 1 0 1706817871
WALL 21202114 1 0 1706817872
WALL 21202114 1 0 1706817873
WALL 21202114 1 0 1706817874
WALL 21202114 1 0 1706817875
WALL 21202114 1 0 1706817876
WALL 21202114 1 0 1706817877
WALL 21202114 1 0 1706817878
WALL 21202114 1 0 1706817879
WALL 21202114 1 0 1706817880
WALL 21202114 1 0 1706817881
WALL 21202114 1 0 1706817882
WALL 21202114 1 0 1706817883
WALL 21202114 1 0 1706817884
WALL 21202114 1 0 1706817885
WALL 21202114 1 0 1706817886
WALL 21202114 1 0 1706817887
WALL 21202114 1 0 1706817888
WALL 21202114 1 0 1706817889
WALL 21202114 1 0 1706817890
WALL 21202114 1 0 1706817891
WALL 21202114 1 0 1706817892
WALL 21202114 1 0 1706817893
WALL 21202114 1 0 1706817894
WALL 21202114 1 0 1706817895
WALL 21202114 1 0 1706817896
WALL 21202114 1 0 1706817897
WALL 21202114 1 0 1706817898
WALL 21202114 1 0 1706817899
WALL 21202114 1 0 1706817900
WALL 21202114 1 0 1706817901
WALL 21202114 1 0 1706817902
WALL 21202114 1 0 1706817903
WALL 21202114 1 0 1706817904
WALL 21202114 1 0 1706817905
WALL 21202114 1 0 1706817906
WALL 21202114 1 0 1706817907
WALL 21202114 1 0 1706817908
WALL 21202114 1 0 1706817909
WALL 21202114 1 0 1706817910
WALL 21202114 1 0 1706817911
WALL 21202114 1 0 1706817912
WALL 21202114 1 0 1706817913
WALL 21202114 1 0 1706817914
WALL 21202114 1 0 1706817915
WALL 21202114 1 0 1706817916
WALL 21202114 1 0 1706817917
WALL 21202114 1 0 1706817918
WALL 21202114 1 0 1706817919
WALL 21202114 1 0 1706817920
WALL 21202114 1 0 1706817921
WALL 21202114 1 0 1706817922
WALL 21202114 1 0 1706817923
WALL 21202114 1 0 1706817924
WALL 21202114 1 0 1706817925
WALL 21202114 1 0 1706817926
WALL 21202114 1 0 1706817927
WALL 21202114 1 0 1706817928
WALL 21202114 1 0 1706817929
WALL 21202114 1 0 1706817930
WALL 21202114 1 0 1706817931
WALL 21202114 1 0 1706817932
WALL 21202114 1 0 1706817933
WALL 21202114 1 0 1706817934
WALL 21202114 1 0 1706817935
WALL 21202114 1 0 1706817936
WALL 21202114 1 0 1706817937
WALL 21202114 1 0 1706817938
WALL 21202114 1 0 1706817939
WALL 21202114 1 0 1706817940
WALL 21202114 1 0 1706817941
WALL 21202114 1 0 1706817942
WALL 21202114 1 0 1706817943
WALL 21202114 1 0 1706817944
WALL 21202114 1 0 1706817945
WALL 21202114 1 0 1706817946
WALL 21202114 1 0 1706817947
WALL 21202114 1 0 1706817948
WALL 21202114 1 0 1706817949
WALL 21202114 1 0 1706817950
WALL 21202114 1 0 1706817951
WALL 21202114 1 0 1706817952
WALL 21202114 1 0 1706817953
WALL 21202114 1 0 1706817954
WALL 21202114 1 0 1706817955
WALL 21202114 1 0 1706817956
WALL 21202114 1 0 1706817957
WALL 21202114 1 0 1706817958
WALL 21202114 1 0 1706817959
WALL 21202114 1 0 1706817960
WALL 21202114 1 0 1706817961
WALL 21202114 1 0 1706817962
WALL 21202114 1 0 1706817963
WALL 21202114 1 0 1706817964
WALL 21202114 1 0 1706817965
WALL 21202114 1 0 1706817966
WALL 21202114 1 0 1706817967
WALL 21202114 1 0 1706817968
WALL 21202114 1 0 1706817969
WALL 21202114 1 0 1706817970
WALL 21202114 1 0 1706817971
WALL 21202114 1 0 1706817972
WALL 21202114 1 0 1706817973
WALL 21202114 1 0 1706817974
WALL 21202114 1 0 1706817975
WALL 21202114 1 0 1706817976
WALL 21202114 1 0 1706817977
WALL 21202114 1 0 1706817978
WALL 21202114 1 0 1706817979
WALL 21202114 1 0 1706817980
WALL 21202114 1 0 1706817981
WALL 21202114 1 0 1706817982
WALL 21202114 1 0 1706817983
WALL 21202114 1 0 1706817984
WALL 21202114 1 0 1706817985
WALL 21202114 1 0 1706817986
WALL 21202114 1 0 1706817987
WALL 21202114 1 0 1706817988
WALL 21202114 1 0 1706817989
WALL 21202114 1 0 1706817990
WALL 21202114 1 0 1706817991
WALL 21202114 1 0 1706817992
WALL 21202114 1 0 1706817993
WALL 21202114 1 0 1706817994
WALL 21202114 1 0 1706817995
WALL 21202114 1 0 1706817996
WALL 21202114 1 0 1706817997
WALL 21202114 1 0 1706817998
WALL 21202114 1 0 1706817999
WALL 21202114 1 0 1706818000
WALL 21202114 1 0 1706818001
WALL 21202114 1 0 1706818002
WALL 21202114 1 0 1706818003
WALL 21202114 1 0 1706818004
WALL 21202114 1 0 1706818005
WALL 21202114 1 0 1706818006
WALL 21202114 1 0 1706818007
WALL 21202114 1 0 1706818008
WALL 21202114 1 0 1706818009
WALL 21202114 1 0 1706818010
WALL 21202114 1 0 1706818011
WALL 21202114 1 0 1706818012
WALL 21202114 1 0 1706818013
WALL 21202114 1 0 1706818014
WALL 21202114 1 0 1706818015
WALL 21202114 1 0 1706818016
WALL 21202114 1 0 1706818017
WALL 21202114 1 0 1706818018
WALL 21202114 1 0 1706818019
WALL 21202114 1 0 1706818020
WALL 21202114 1 0 1706818021
WALL 21202114 1 0 1706818022
WALL 21202114 1 0 1706818023
WALL 21202114 1 0 1706818024
WALL 21202114 1 0 1706818025
WALL 21202114 1 0 1706818026
WALL 21202114 1 0 1706818027
WALL 21202114 1 0 1706818028
WALL 21202114 1 0 1706818029
WALL 21202114 1 0 1706818030
WALL 21202114 1 0 1706818031
WALL 21202114 1 0 1706818032
WALL 21202114 1 0 1706818033
WALL 21202114 1 0 1706818034
WALL 21202114 1 0 1706818035
WALL 21202114 1 0 1706818036
WALL 21202114 1 0 1706818037
WALL 21202114 1 0 1706818038
WALL 21202114 1 0 1706818039
WALL 21202114 1 0 1706818040
WALL 21202114 1 0 1706818041
WALL 21202114 1 0 1706818042
WALL 21202114 1 0 1706818043
WALL 21202114 1 0 1706818044
WALL 21202114 1 0 1706818045
WALL 21202114 1 0 1706818046
WALL 21202114 1 0 1706818047
WALL 21202114 1 0 1706818048
WALL 21202114 1 0 1706818049
WALL 21202114 1 0 1706818050
WALL 21202114 1 0 1706818051
WALL 21202114 1 0 1706818052
WALL 21202114 1 0 1706818053
WALL 21202114 1 0 1706818054
WALL 21202114 1 0 1706818055
WALL 21202114 1 0 1706818056
WALL 21202114 1 0 1706818057
WALL 21202114 1 0 1706818058
WALL 21202114 1 0 1706818059
WALL 21202114 1 0 1706818060
WALL 21202114 1 0 1706818061
WALL 21202114 1 0 1706818062
WALL 21202114 1 0 1706818063
WALL 21202114 1 0 1706818064
WALL 21202114 1 0 1706818065
WALL 21202114 1 0 1706818066
WALL 21202114 1 0 1706818067
WALL 21202114 1 0 1706818068
WALL 21202114 1 0 1706818069
WALL 21202114 1 0 1706818070
WALL 21202114 1 0 1706818071
WALL 21202114 1 0 1706818072
WALL 21202114 1 0 1706818073
WALL 21202114 1 0 1706818074
WALL 21202114 1 0 1706818075
WALL 21202114 1 0 1706818076
WALL 21202114 1 0 1706818077
WALL 21202114 1 0 1706818078
WALL 21202114 1 0 1706818079
WALL 21202114 1 0 1706818080
WALL 21202114 1 0 1706818081
WALL 21202114 1 0 1706818082
WALL 21202114 1 0 1706818083
WALL 21202114 1 0 1706818084
WALL 21202114 1 0 1706818085
WALL 21202114 1 0 1706818086
WALL 21202114 1 0 1706818087
WALL 21202114 1 0 1706818088
WALL 21202114 1 0 1706818089
WALL 21202114 1 0 1706818090
WALL 21202114 1 0 1706818091
WALL 21202114 1 0 1706818092
WALL 21202114 1 0 1706818093
WALL 21202114 1 0 1706818094
WALL 21202114 1 0 1706818095
WALL 21202114 1 0 1706818096
WALL 21202114 1 0 1706818097
WALL 21202114 1 0 1706818098
WALL 21202114 1 0 1706818099
WALL 21202114 1 0 1706818100
WALL 21202114 1 0 1706818101
WALL 21202114 1 0 1706818102
WALL 21202114 1 0 1706818103
WALL 21202114 1 0 1706818104
WALL 21202114 1 0 1706818105
WALL 21202114 1 0 1706818106
WALL 21202114 1 0 1706818107
WALL 21202114 1 0 1706818108
WALL 21202114 1 0 1706818109
WALL 21202114 1 0 1706818110
WALL 21202114 1 0 1706818111
WALL 21202114 1 0 1706818112
WALL 21202114 1 0 1706818113
WALL 21202114 1 0 1706818114
WALL 21202114 1 0 1706818115
WALL 21202114 1 0 1706818116
WALL 21202114 1 0 1706818117
WALL 21202114 1 0 1706818118
WALL 21202114 1 0 1706818119
WALL 21202114 1 0 1706818120
WALL 21202114 1 0 1706818121
WALL 21202114 1 0 1706818122
WALL 21202114 1 0 1706818123
WALL 21202114 1 0 1706818124
WALL 21202114 1 0 1706818125
WALL 21202114 1 0 1706818126
WALL 21202114 1 0 1706818127
WALL 21202114 1 0 1706818128
WALL 21202114 1 0 1706818129
WALL 21202114 1 0 1706818130
WALL 21202114 1 0 1706818131
WALL 21202114 1 0 1706818132
WALL 21202114 1 0 1706818133
WALL 21202114 1 0 1706818134
WALL 21202114 1 0 1706818135
WALL 21202114 1 0 1706818136
WALL 21202114 1 0 1706818137
WALL 21202114 1 0 1706818138
WALL 21202114 1 0 1706818139
WALL 21202114 1 0 1706818140
WALL 21202114 1 0 1706818141
WALL 21202114 1 0 1706818142
WALL 21202114 1 0 1706818143
WALL 21202114 1 0 1706818144
WALL 21202114 1 0 1706818145
WALL 21202114 1 0 1706818146
WALL 21202114 1 0 1706818147
WALL 21202114 1 0 1706818148
WALL 21202114 1 0 1706818149
WALL 21202114 1 0 1706818150
WALL 21202114 1 0 1706818151
WALL 21202114 1 0 1706818152
WALL 21202114 1 0 1706818153
WALL 21202114 1 0 1706818154
WALL 21202114 1 0 1706818155
WALL 21202114 1 0 1706818156
WALL 21202114 1 0 1706818157
WALL 21202114 1 0 1706818158
WALL 21202114 1 0 1706818159
WALL 21202114 1 0 1706818160
WALL 21202114 1 0 1706818161
WALL 21202114 1 0 1706818162
WALL 21202114 1 0 1706818163
WALL 21202114 1 0 1706818164
WALL 21202114 1 0 1706818165
WALL 21202114 1 0 1706818166
WALL 21202114 1 0 1706818167
WALL 21202114 1 0 1706818168
WALL 21202114 1 0 1706818169
WALL 21202114 1 0 1706818170
WALL 21202114 1 0 1706818171
WALL 21202114 1 0 1706818172
WALL 21202114 1 0 1706818173
WALL 21202114 1 0 1706818174
WALL 21202114 1 0 1706818175
WALL 21202114 1 0 1706818176
WALL 21202114 1 0 1706818177
WALL 21202114 1 0 1706818178
WALL 21202114 1 0 1706818179
WALL 21202114 1 0 1706818180
WALL 21202114 1 0 1706818181
WALL 21202114 1 0 1706818182
WALL 21202114 1 0 1706818183
WALL 21202114 1 0 1706818184
WALL 21202114 1 0 1706818185
WALL 21202114 1 0 1706818186
WALL 21202114 1 0 1706818187
WALL 21202114 1 0 1706818188
WALL 21202114 1 0 1706818189
WALL 21202114 1 0 1706818190
WALL 21202114 1 0 1706818191
WALL 21202114 1 0 1706818192
WALL 21202114 1 0 1706818193
WALL 21202114 1 0 1706818194
WALL 21202114 1 0 1706818195
WALL 21202114 1 0 1706818196
WALL 21202114 1 0 1706818197
WALL 21202114 1 0 1706818198
WALL 21202114 1 0 1706818199
WALL 21202114 1 0 1706818200
WALL 21202114 1 0 1706818201
WALL 21202114 1 0 1706818202
WALL 21202114 1 0 1706818203
WALL 21202114 1 0 1706818204
WALL 21202114 1 0 1706818205
WALL 21202114 1 0 1706818206
WALL 21202114 1 0 1706818207
WALL 21202114 1 0 1706818208
WALL 21202114 1 0 1706818209
WALL 21202114 1 0 1706818210
WALL 21202114 1 0 1706818211
WALL 21202114 1 0 1706818212
WALL 21202114 1 0 1706818213
WALL 21202114 1 0 1706818214
WALL 21202114 1 0 1706818215
WALL 21202114 1 0 1706818216
WALL 21202114 1 0 1706818217
WALL 21202114 1 0 1706818218
WALL 21202114 1 0 1706818219
WALL 21202114 1 0 1706818220
WALL 21202114 1 0 1706818221
WALL 21202114 1 0 1706818222
WALL 21202114 1 0 1706818223
WALL 21202114 1 0 1706818224
WALL 21202114 1 0 1706818225
WALL 21202114 1 0 1706818226
WALL 21202114 1 0 1706818227
WALL 21202114 1 0 1706818228
WALL 21202114 1 0 1706818229
WALL 21202114 1 0 1706818230
WALL 21202114 1 0 1706818231
WALL 21202114 1 0 1706818232
WALL 21202114 1 0 1706818233
WALL 21202114 1 0 1706818234
WALL 21202114 1 0 1706818235
WALL 21202114 1 0 1706818236
WALL 21202114 1 0 1706818237
WALL 21202114 1 0 1706818238
WALL 21202114 1 0 1706818239
WALL 21202114 1 0 1706818240
WALL 21202114 1 0 1706818241
WALL 21202114 1 0 1706818242
WALL 21202114 1 0 1706818243
WALL 21202114 1 0 1706818244
WALL 21202114 1 0 1706818245
WALL 21202114 1 0 1706818246
WALL 21202114 1 0 1706818247
WALL 21202114 1 0 1706818248
WALL 21202114 1 0 1706818249
WALL 21202114 1 0 1706818250
WALL 21202114 1 0 1706818251
WALL 21202114 1 0 1706818252
WALL 21202114 1 0 1706818253
WALL 21202114 1 0 1706818254
WALL 21202114 1 0 1706818255
WALL 21202114 1 0 1706818256
WALL 21202114 1 0 1706818257
WALL 21202114 1 0 1706818258
WALL 21202114 1 0 1706818259
WALL 21202114 1 0 1706818260
WALL 21202114 1 0 1706818261
WALL 21202114 1 0 1706818262
WALL 21202114 1 0 1706818263
WALL 21202114 1 0 1706818264
WALL 21202114 1 0 1706818265
WALL 21202114 1 0 1706818266
WALL 21202114 1 0 1706818267
WALL 21202114 1 0 1706818268
WALL 21202114 1 0 1706818269
WALL 21202114 1 0 1706818270
WALL 21202114 1 0 1706818271
WALL 21202114 1 0 1706818272
WALL 21202114 1 0 1706818273
WALL 21202114 1 0 1706818274
WALL 21202114 1 0 1706818275
WALL 21202114 1 0 1706818276
WALL 21202114 1 0 1706818277
WALL 21202114 1 0 1706818278
WALL 21202114 1 0 1706818279
WALL 21202114 1 0 1706818280
WALL 21202114 1 0 1706818281
WALL 21202114 1 0 1706818282
WALL 21202114 1 0 1706818283
WALL 21202114 1 0 1706818284
WALL 21202114 1 0 1706818285
WALL 21202114 1 0 1706818286
WALL 21202114 1 0 1706818287
WALL 21202114 1 0 1706818288
WALL 21202114 1 0 1706818289
WALL 21202114 1 0 1706818290
WALL 21202114 1 0 1706818291
WALL 21202114 1 0 1706818292
WALL 21202114 1 0 1706818293
WALL 21202114 1 0 1706818294
WALL 21202114 1 0 1706818295
WALL 21202114 1 0 1706818296
WALL 21202114 1 0 1706818297
WALL 21202114 1 0 1706818298
WALL 21202114 1 0 1706818299
WALL 21202114 1 0 1706818300
WALL 21202114 1 0 1706818301
WALL 21202114 1 0 1706818302
WALL 21202114 1 0 1706818303
WALL 21202114 1 0 1706818304
WALL 21202114 1 0 1706818305
WALL 21202114 1 0 1706818306
WALL 21202114 1 0 1706818307
WALL 21202114 1 0 1706818308
WALL 21202114 1 0 1706818309
WALL 21202114 1 0 1706818310
WALL 21202114 1 0 1706818311
WALL 21202114 1 0 1706818312
WALL 21202114 1 0 1706818313
WALL 21202114 1 0 1706818314
WALL 21202114 1 0 1706818315
WALL 21202114 1 0 1706818316
WALL 21202114 1 0 1706818317
WALL 21202114 1 0 1706818318
WALL 21202114 1 0 1706818319
WALL 21202114 1 0 1706818320
WALL 21202114 1 0 1706818321
WALL 21202114 1 0 1706818322
WALL 21202114 1 0 1706818323
WALL 21202114 1 0 1706818324
WALL 21202114 1 0 1706818325
WALL 21202114 1 0 1706818326
WALL 21202114 1 0 1706818327
WALL 21202114 1 0 1706818328
WALL 21202114 1 0 1706818329
WALL 21202114 1 0 1706818330
WALL 21202114 1 0 1706818331
WALL 21202114 1 0 1706818332
WALL 21202114 1 0 1706818333
WALL 21202114 1 0 1706818334
WALL 21202114 1 0 1706818335
WALL 21202114 1 0 1706818336
WALL 21202114 1 0 1706818337
WALL 21202114 1 0 1706818338
WALL 21202114 1 0 1706818339
WALL 21202114 1 0 1706818340
WALL 21202114 1 0 1706818341
WALL 21202114 1 0 1706818342
WALL 21202114 1 0 1706818343
WALL 21202114 1 0 1706818344
WALL 21202114 1 0 1706818345
WALL 21202114 1 0 1706818346
WALL 21202114 1 0 1706818347
WALL 21202114 1 0 1706818348
WALL 21202114 1 0 1706818349
WALL 21202114 1 0 1706818350
WALL 21202114 1 0 1706818351
WALL 21202114 1 0 1706818352
WALL 21202114 1 0 1706818353
WALL 21202114 1 0 1706818354
WALL 21202114 1 0 1706818355
WALL 21202114 1 0 1706818356
WALL 21202114 1 0 1706818357
WALL 21202114 1 0 1706818358
WALL 21202114 1 0 1706818359
WALL 21202114 1 0 1706818360
WALL 21202114 1 0 1706818361
WALL 21202114 1 0 1706818362
WALL 21202114 1 0 1706818363
WALL 21202114 1 0 1706818364
WALL 21202114 1 0 1706818365
WALL 21202114 1 0 1706818366
WALL 21202114 1 0 1706818367
WALL 21202114 1 0 1706818368
WALL 21202114 1 0 1706818369
WALL 21202114 1 0 1706818370
WALL 21202114 1 0 1706818371
WALL 21202114 1 0 1706818372
WALL 21202114 1 0 1706818373
WALL 21202114 1 0 1706818374
WALL 21202114 1 0 1706818375
WALL 21202114 1 0 1706818376
WALL 21202114 1 0 1706818377
WALL 21202114 1 0 1706818378
WALL 21202114 1 0 1706818379
WALL 21202114 1 0 1706818380
WALL 21202114 1 0 1706818381
WALL 21202114 1 0 1706818382
WALL 21202114 1 0 1706818383
WALL 21202114 1 0 1706818384
WALL 21202114 1 0 1706818385
WALL 21202114 1 0 1706818386
WALL 21202114 1 0 1706818387
WALL 21202114 1 0 1706818388
WALL 21202114 1 0 1706818389
WALL 21202114 1 0 1706818390
WALL 21202114 1 0 1706818391
WALL 21202114 1 0 1706818392
WALL 21202114 1 0 1706818393
WALL 21202114 1 0 1706818394
WALL 21202114 1 0 1706818395
WALL 21202114 1 0 1706818396
WALL 21202114 1 0 1706818397
WALL 21202114 1 0 1706818398
WALL 21202114 1 0 1706818399
WALL 21202114 1 0 1706818400
WALL 21202114 1 0 1706818401
WALL 21202114 1 0 1706818402
WALL 21202114 1 0 1706818403
WALL 21202114 1 0 1706818404
WALL 21202114 1 0 1706818405
WALL 21202114 1 0 1706818406
WALL 21202114 1 0 1706818407
WALL 21202114 1 0 1706818408
WALL 21202114 1 0 1706818409
WALL 21202114 1 0 1706818410
WALL 21202114 1 0 1706818411
WALL 21202114 1 0 1706818412
WALL 21202114 1 0 1706818413
WALL 21202114 1 0 1706818414
WALL 21202114 1 0 1706818415
WALL 21202114 1 0 1706818416
WALL 21202114 1 0 1706818417
WALL 21202114 1 0 1706818418
WALL 21202114 1 0 1706818419
WALL 21202114 1 0 1706818420
WALL 21202114 1 0 1706818421
WALL 21202114 1 0 1706818422
WALL 21202114 1 0 1706818423
WALL 21202114 1 0 1706818424
WALL 21202114 1 0 1706818425
WALL 21202114 1 0 1706818426
WALL 21202114 1 0 1706818427
WALL 21202114 1 0 1706818428
WALL 21202114 1 0 1706818429
WALL 21202114 1 0 1706818430
WALL 21202114 1 0 1706818431
WALL 21202114 1 0 1706818432
WALL 21202114 1 0 1706818433
WALL 21202114 1 0 1706818434
WALL 21202114 1 0 1706818435
WALL 21202114 1 0 1706818436
WALL 21202114 1 0 1706818437
WALL 21202114 1 0 1706818438
WALL 21202114 1 0 1706818439
WALL 21202114 1 0 1706818440
WALL 21202114 1 0 1706818441
WALL 21202114 1 0 1706818442
WALL 21202114 1 0 1706818443
WALL 21202114 1 0 1706818444
WALL 21202114 1 0 1706818445
WALL 21202114 1 0 1706818446
WALL 21202114 1 0 1706818447
WALL 21202114 1 0 1706818448
WALL 21202114 1 0 1706818449
WALL 21202114 1 0 1706818450
WALL 21202114 1 0 1706818451
WALL 21202114 1 0 1706818452
WALL 21202114 1 0 1706818453
WALL 21202114 1 0 1706818454
WALL 21202114 1 0 1706818455
WALL 21202114 1 0 1706818456
WALL 21202114 1 0 1706818457
WALL 21202114 1 0 1706818458
WALL 21202114 1 0 1706818459
WALL 21202114 1 0 1706818460
WALL 21202114 1 0 1706818461
WALL 21202114 1 0 1706818462
WALL 21202114 1 0 1706818463
WALL 21202114 1 0 1706818464
WALL 21202114 1 0 1706818465
WALL 21202114 1 0 1706818466
WALL 21202114 1 0 1706818467
WALL 21202114 1 0 1706818468
WALL 21202114 1 0 1706818469
WALL 21202114 1 0 1706818470
WALL 21202114 1 0 1706818471
WALL 21202114 1 0 1706818472
WALL 21202114 1 0 1706818473
WALL 21202114 1 0 1706818474
WALL 21202114 1 0 1706818475
WALL 21202114 1 0 1706818476
WALL 21202114 1 0 1706818477
WALL 21202114 1 0 1706818478
WALL 21202114 1 0 1706818479
WALL 21202114 1 0 1706818480
WALL 21202114 1 0 1706818481
WALL 21202114 1 0 1706818482
WALL 21202114 1 0 1706818483
WALL 21202114 1 0 1706818484
WALL 21202114 1 0 1706818485
WALL 21202114 1 0 1706818486
WALL 21202114 1 0 1706818487
WALL 21202114 1 0 1706818488
WALL 21202114 1 0 1706818489
WALL 21202114 1 0 1706818490
WALL 21202114 1 0 1706818491
WALL 21202114 1 0 1706818492
WALL 21202114 1 0 1706818493
WALL 21202114 1 0 1706818494
WALL 21202114 1 0 1706818495
WALL 21202114 1 0 1706818496
WALL 21202114 1 0 1706818497
WALL 21202114 1 0 1706818498
WALL 21202114 1 0 1706818499
WALL 21202114 1 0 1706818500
WALL 21202114 1 0 1706818501
WALL 21202114 1 0 1706818502
WALL 21202114 1 0 1706818503
WALL 21202114 1 0 1706818504
WALL 21202114 1 0 1706818505
WALL 21202114 1 0 1706818506
WALL 21202114 1 0 1706818507
WALL 21202114 1 0 1706818508
WALL 21202114 1 0 1706818509
WALL 21202114 1 0 1706818510
WALL 21202114 1 0 1706818511
WALL 21202114 1 0 1706818512
WALL 21202114 1 0 1706818513
WALL 21202114 1 0 1706818514
WALL 21202114 1 0 1706818515
WALL 21202114 1 0 1706818516
WALL 21202114 1 0 1706818517
WALL 21202114 1 0 1706818518
WALL 21202114 1 0 1706818519
WALL 21202114 1 0 1706818520
WALL 21202114 1 0 1706818521
WALL 21202114 1 0 1706818522
WALL 21202114 1 0 1706818523
WALL 21202114 1 0 1706818524
WALL 21202114 1 0 1706818525
WALL 21202114 1 0 1706818526
WALL 21202114 1 0 1706818527
WALL 21202114 1 0 1706818528
WALL 21202114 1 0 1706818529
WALL 21202114 1 0 1706818530
WALL 21202114 1 0 1706818531
WALL 21202114 1 0 1706818532
WALL 21202114 1 0 1706818533
WALL 21202114 1 0 1706818534
WALL 21202114 1 0 1706818535
WALL 21202114 1 0 1706818536
WALL 21202114 1 0 1706818537
WALL 21202114 1 0 1706818538
WALL 21202114 1 0 1706818539
WALL 21202114 1 0 1706818540
WALL 21202114 1 0 1706818541
WALL 21202114 1 0 1706818542
WALL 21202114 1 0 1706818543
WALL 21202114 1 0 1706818544
WALL 21202114 1 0 1706818545
WALL 21202114 1 0 1706818546
WALL 21202114 1 0 1706818547
WALL 21202114 1 0 1706818548
WALL 21202114 1 0 1706818549
WALL 21202114 1 0 1706818550
WALL 21202114 1 0 1706818551
WALL 21202114 1 0 1706818552
WALL 21202114 1 0 1706818553
WALL 21202114 1 0 1706818554
WALL 21202114 1 0 1706818555
WALL 21202114 1 0 1706818556
WALL 21202114 1 0 1706818557
WALL 21202114 1 0 1706818558
WALL 21202114 1 0 1706818559
WALL 21202114 1 0 1706818560
WALL 21202114 1 0 1706818561
WALL 21202114 1 0 1706818562
WALL 21202114 1 0 1706818563
WALL 21202114 1 0 1706818564
WALL 21202114 1 0 1706818565
WALL 21202114 1 0 1706818566
WALL 21202114 1 0 1706818567
WALL 21202114 1 0 1706818568
WALL 21202114 1 0 1706818569
WALL 21202114 1 0 1706818570
WALL 21202114 1 0 1706818571
WALL 21202114 1 0 1706818572
WALL 21202114 1 0 1706818573
WALL 21202114 1 0 1706818574
WALL 21202114 1 0 1706818575
WALL 21202114 1 0 1706818576
WALL 21202114 1 0 1706818577
WALL 21202114 1 0 1706818578
WALL 21202114 1 0 1706818579
WALL 21202114 1 0 1706818580
WALL 21202114 1 0 1706818581
WALL 21202114 1 0 1706818582
WALL 21202114 1 0 1706818583
WALL 21202114 1 0 1706818584
WALL 21202114 1 0 1706818585
WALL 21202114 1 0 1706818586
WALL 21202114 1 0 1706818587
WALL 21202114 1 0 1706818588
WALL 21202114 1 0 1706818589
WALL 21202114 1 0 1706818590
WALL 21202114 1 0 1706818591
WALL 21202114 1 0 1706818592
WALL 21202114 1 0 1706818593
WALL 21202114 1 0 1706818594
WALL 21202114 1 0 1706818595
WALL 21202114 1 0 1706818596
WALL 21202114 1 0 1706818597
WALL 21202114 1 0 1706818598
WALL 21202114 1 0 1706818599
WALL 21202114 1 0 1706818600
WALL 21202114 1 0 1706818601
WALL 21202114 1 0 1706818602
WALL 21202114 1 0 1706818603
WALL 21202114 1 0 1706818604
WALL 21202114 1 0 1706818605
WALL 21202114 1 0 1706818606
WALL 21202114 1 0 1706818607
WALL 21202114 1 0 1706818608
WALL 21202114 1 0 1706818609
WALL 21202114 1 0 1706818610
WALL 21202114 1 0 1706818611
WALL 21202114 1 0 1706818612
WALL 21202114 1 0 1706818613
WALL 21202114 1 0 1706818614
WALL 21202114 1 0 1706818615
WALL 21202114 1 0 1706818616
WALL 21202114 1 0 1706818617
WALL 21202114 1 0 1706818618
WALL 21202114 1 0 1706818619
WALL 21202114 1 0 1706818620
WALL 21202114 1 0 1706818621
WALL 21202114 1 0 1706818622
WALL 21202114 1 0 1706818623
WALL 21202114 1 0 1706818624
WALL 21202114 1 0 1706818625
WALL 21202114 1 0 1706818626
WALL 21202114 1 0 1706818627
WALL 21202114 1 0 1706818628
WALL 21202114 1 0 1706818629
WALL 21202114 1 0 1706818630
WALL 21202114 1 0 1706818631
WALL 21202114 1 0 1706818632
WALL 21202114 1 0 1706818633
WALL 21202114 1 0 1706818634
WALL 21202114 1 0 1706818635
WALL 21202114 1 0 1706818636
WALL 21202114 1 0 1706818637
WALL 21202114 1 0 1706818638
WALL 21202114 1 0 1706818639
WALL 21202114 1 0 1706818640
WALL 21202114 1 0 1706818641
WALL 21202114 1 0 1706818642
WALL 21202114 1 0 1706818643
WALL 21202114 1 0 1706818644
WALL 21202114 1 0 1706818645
WALL 21202114 1 0 1706818646
WALL 21202114 1 0 1706818647
WALL 21202114 1 0 1706818648
WALL 21202114 1 0 1706818649
WALL 21202114 1 0 1706818650
WALL 21202114 1 0 1706818651
WALL 21202114 1 0 1706818652
WALL 21202114 1 0 1706818653
WALL 21202114 1 0 1706818654
WALL 21202114 1 0 1706818655
WALL 21202114 1 0 1706818656
WALL 21202114 1 0 1706818657
WALL 21202114 1 0 1706818658
WALL 21202114 1 0 1706818659
WALL 21202114 1 0 1706818660
WALL 21202114 1 0 1706818661
WALL 21202114 1 0 1706818662
WALL 21202114 1 0 1706818663
WALL 21202114 1 0 1706818664
WALL 21202114 1 0 1706818665
WALL 21202114 1 0 1706818666
WALL 21202114 1 0 1706818667
WALL 21202114 1 0 1706818668
WALL 21202114 1 0 1706818669
WALL 21202114 1 0 1706818670
WALL 21202114 1 0 1706818671
WALL 21202114 1 0 1706818672
WALL 21202114 1 0 1706818673
WALL 21202114 1 0 1706818674
WALL 21202114 1 0 1706818675
WALL 21202114 1 0 1706818676
WALL 21202114 1 0 1706818677
WALL 21202114 1 0 1706818678
WALL 21202114 1 0 1706818679
WALL 21202114 1 0 1706818680
WALL 21202114 1 0 1706818681
WALL 21202114 1 0 1706818682
WALL 21202114 1 0 1706818683
WALL 21202114 1 0 1706818684
WALL 21202114 1 0 1706818685
WALL 21202114 1 0 1706818686
WALL 21202114 1 0 1706818687
WALL 21202114 1 0 1706818688
WALL 21202114 1 0 1706818689
WALL 21202114 1 0 1706818690
WALL 21202114 1 0 1706818691
WALL 21202114 1 0 1706818692
WALL 21202114 1 0 1706818693
WALL 21202114 1 0 1706818694
WALL 21202114 1 0 1706818695
WALL 21202114 1 0 1706818696
WALL 21202114 1 0 1706818697
WALL 21202114 1 0 1706818698
WALL 21202114 1 0 1706818699
WALL 21202114 1 0 1706818700
WALL 21202114 1 0 1706818701
WALL 21202114 1 0 1706818702
WALL 21202114 1 0 1706818703
WALL 21202114 1 0 1706818704
WALL 21202114 1 0 1706818705
WALL 21202114 1 0 1706818706
WALL 21202114 1 0 1706818707
WALL 21202114 1 0 1706818708
WALL 21202114 1 0 1706818709
WALL 21202114 1 0 1706818710
WALL 21202114 1 0 1706818711
WALL 21202114 1 0 1706818712
WALL 21202114 1 0 1706818713
WALL 21202114 1 0 1706818714
WALL 21202114 1 0 1706818715
WALL 21202114 1 0 1706818716
WALL 21202114 1 0 1706818717
WALL 21202114 1 0 1706818718
WALL 21202114 1 0 1706818719
WALL 21202114 1 0 1706818720
WALL 21202114 1 0 1706818721
WALL 21202114 1 0 1706818722
WALL 21202114 1 0 1706818723
WALL 21202114 1 0 1706818724
WALL 21202114 1 0 1706818725
WALL 21202114 1 0 1706818726
WALL 21202114 1 0 1706818727
WALL 21202114 1 0 1706818728
WALL 21202114 1 0 1706818729
WALL 21202114 1 0 1706818730
WALL 21202114 1 0 1706818731
WALL 21202114 1 0 1706818732
WALL 21202114 1 0 1706818733
WALL 21202114 1 0 1706818734
WALL 21202114 1 0 1706818735
WALL 21202114 1 0 1706818736
WALL 21202114 1 0 1706818737
WALL 21202114 1 0 1706818738
WALL 21202114 1 0 1706818739
WALL 21202114 1 0 1706818740
WALL 21202114 1 0 1706818741
WALL 21202114 1 0 1706818742
WALL 21202114 1 0 1706818743
WALL 21202114 1 0 1706818744
WALL 21202114 1 0 1706818745
WALL 21202114 1 0 1706818746
WALL 21202114 1 0 1706818747
WALL 21202114 1 0 1706818748
WALL 21202114 1 0 1706818749
WALL 21202114 1 0 1706818750
WALL 21202114 1 0 1706818751
WALL 21202114 1 0 1706818752
WALL 21202114 1 0 1706818753
WALL 21202114 1 0 1706818754
WALL 21202114 1 0 1706818755
WALL 21202114 1 0 1706818756
WALL 21202114 1 0 1706818757
WALL 21202114 1 0 1706818758
WALL 21202114 1 0 1706818759
WALL 21202114 1 0 1706818760
WALL 21202114 1 0 1706818761
WALL 21202114 1 0 1706818762
WALL 21202114 1 0 1706818763
WALL 21202114 1 0 1706818764
WALL 21202114 1 0 1706818765
WALL 21202114 1 0 1706818766
WALL 21202114 1 0 1706818767
WALL 21202114 1 0 1706818768
WALL 21202114 1 0 1706818769
WALL 21202114 1 0 1706818770
WALL 21202114 1 0 1706818771
WALL 21202114 1 0 1706818772
WALL 21202114 1 0 1706818773
WALL 21202114 1 0 1706818774
WALL 21202114 1 0 1706818775
WALL 21202114 1 0 1706818776
WALL 21202114 1 0 1706818777
WALL 21202114 1 0 1706818778
WALL 21202114 1 0 1706818779
WALL 21202114 1 0 1706818780
WALL 21202114 1 0 1706818781
WALL 21202114 1 0 1706818782
WALL 21202114 1 0 1706818783
WALL 21202114 1 0 1706818784
WALL 21202114 1 0 1706818785
WALL 21202114 1 0 1706818786
WALL 21202114 1 0 1706818787
WALL 21202114 1 0 1706818788
WALL 21202114 1 0 1706818789
WALL 21202114 1 0 1706818790
WALL 21202114 1 0 1706818791
WALL 21202114 1 0 1706818792
WALL 21202114 1 0 1706818793
WALL 21202114 1 0 1706818794
WALL 21202114 1 0 1706818795
WALL 21202114 1 0 1706818796
WALL 21202114 1 0 1706818797
WALL 21202114 1 0 1706818798
WALL 21202114 1 0 1706818799
WALL 21202114 1 0 1706818800
WALL 21202114 1 0 1706818801
WALL 21202114 1 0 1706818802
WALL 21202114 1 0 1706818803
WALL 21202114 1 0 1706818804
WALL 21202114 1 0 1706818805
WALL 21202114 1 0 1706818806
WALL 21202114 1 0 1706818807
WALL 21202114 1 0 1706818808
WALL 21202114 1 0 1706818809
WALL 21202114 1 0 1706818810
WALL 21202114 1 0 1706818811
WALL 21202114 1 0 1706818812
WALL 21202114 1 0 1706818813
WALL 21202114 1 0 1706818814
WALL 21202114 1 0 1706818815
WALL 21202114 1 0 1706818816
WALL 21202114 1 0 1706818817
WALL 21202114 1 0 1706818818
WALL 21202114 1 0 1706818819
WALL 21202114 1 0 1706818820
WALL 21202114 1 0 1706818821
WALL 21202114 1 0 1706818822
WALL 21202114 1 0 1706818823
WALL 21202114 1 0 1706818824
WALL 21202114 1 0 1706818825
WALL 21202114 1 0 1706818826
WALL 21202114 1 0 1706818827
WALL 21202114 1 0 1706818828
WALL 21202114 1 0 1706818829
WALL 21202114 1 0 1706818830
WALL 21202114 1 0 1706818831
WALL 21202114 1 0 1706818832
WALL 21202114 1 0 1706818833
WALL 21202114 1 0 1706818834
WALL 21202114 1 0 1706818835
WALL 21202114 1 0 1706818836
WALL 21202114 1 0 1706818837
WALL 21202114 1 0 1706818838
WALL 21202114 1 0 1706818839
WALL 21202114 1 0 1706818840
WALL 21202114 1 0 1706818841
WALL 21202114 1 0 1706818842
WALL 21202114 1 0 1706818843
WALL 21202114 1 0 1706818844
WALL 21202114 1 0 1706818845
WALL 21202114 1 0 1706818846
WALL 21202114 1 0 1706818847
WALL 21202114 1 0 1706818848
WALL 21202114 1 0 1706818849
WALL 21202114 1 0 1706818850
WALL 21202114 1 0 1706818851
WALL 21202114 1 0 1706818852
WALL 21202114 1 0 1706818853
WALL 21202114 1 0 1706818854
WALL 21202114 1 0 1706818855
WALL 21202114 1 0 1706818856
WALL 21202114 1 0 1706818857
WALL 21202114 1 0 1706818858
WALL 21202114 1 0 1706818859
WALL 21202114 1 0 1706818860
WALL 21202114 1 0 1706818861
WALL 21202114 1 0 1706818862
WALL 21202114 1 0 1706818863
WALL 21202114 1 0 1706818864
WALL 21202114 1 0 1706818865
WALL 21202114 1 0 1706818866
WALL 21202114 1 0 1706818867
WALL 21202114 1 0 1706818868
WALL 21202114 1 0 1706818869
WALL 21202114 1 0 1706818870
WALL 21202114 1 0 1706818871
WALL 21202114 1 0 1706818872
WALL 21202114 1 0 1706818873
WALL 21202114 1 0 1706818874
WALL 21202114 1 0 1706818875
WALL 21202114 1 0 1706818876
WALL 21202114 1 0 1706818877
WALL 21202114 1 0 1706818878
WALL 21202114 1 0 1706818879
WALL 21202114 1 0 1706818880
WALL 21202114 1 0 1706818881
WALL 21202114 1 0 1706818882
WALL 21202114 1 0 1706818883
WALL 21202114 1 0 1706818884
WALL 21202114 1 0 1706818885
WALL 21202114 1 0 1706818886
WALL 21202114 1 0 1706818887
WALL 21202114 1 0 1706818888
WALL 21202114 1 0 1706818889
WALL 21202114 1 0 1706818890
WALL 21202114 1 0 1706818891
WALL 21202114 1 0 1706818892
WALL 21202114 1 0 1706818893
WALL 21202114 1 0 1706818894
WALL 21202114 1 0 1706818895
WALL 21202114 1 0 1706818896
WALL 21202114 1 0 1706818897
WALL 21202114 1 0 1706818898
WALL 21202114 1 0 1706818899
WALL 21202114 1 0 1706818900
WALL 21202114 1 0 1706818901
WALL 21202114 1 0 1706818902
WALL 21202114 1 0 1706818903
WALL 21202114 1 0 1706818904
WALL 21202114 1 0 1706818905
WALL 21202114 1 0 1706818906
WALL 21202114 1 0 1706818907
WALL 21202114 1 0 1706818908
WALL 21202114 1 0 1706818909
WALL 21202114 1 0 1706818910
WALL 21202114 1 0 1706818911
WALL 21202114 1 0 1706818912
WALL 21202114 1 0 1706818913
WALL 21202114 1 0 1706818914
WALL 21202114 1 0 1706818915
WALL 21202114 1 0 1706818916
WALL 21202114 1 0 1706818917
WALL 21202114 1 0 1706818918
WALL 21202114 1 0 1706818919
WALL 21202114 1 0 1706818920
WALL 21202114 1 0 1706818921
WALL 21202114 1 0 1706818922
WALL 21202114 1 0 1706818923
WALL 21202114 1 0 1706818924
WALL 21202114 1 0 1706818925
WALL 21202114 1 0 1706818926
WALL 21202114 1 0 1706818927
WALL 21202114 1 0 1706818928
WALL 21202114 1 0 1706818929
WALL 21202114 1 0 1706818930
WALL 21202114 1 0 1706818931
WALL 21202114 1 0 1706818932
WALL 21202114 1 0 1706818933
WALL 21202114 1 0 1706818934
WALL 21202114 1 0 1706818935
WALL 21202114 1 0 1706818936
WALL 21202114 1 0 1706818937
WALL 21202114 1 0 1706818938
WALL 21202114 1 0 1706818939
WALL 21202114 1 0 1706818940
WALL 21202114 1 0 1706818941
WALL 21202114 1 0 1706818942
WALL 21202114 1 0 1706818943
WALL 21202114 1 0 1706818944
WALL 21202114 1 0 1706818945
WALL 21202114 1 0 1706818946
WALL 21202114 1 0 1706818947
WALL 21202114 1 0 1706818948
WALL 21202114 1 0 1706818949
WALL 21202114 1 0 1706818950
WALL 21202114 1 0 1706818951
WALL 21202114 1 0 1706818952
WALL 21202114 1 0 1706818953
WALL 21202114 1 0 1706818954
WALL 21202114 1 0 1706818955
WALL 21202114 1 0 1706818956
WALL 21202114 1 0 1706818957
WALL 21202114 1 0 1706818958
WALL 21202114 1 0 1706818959
WALL 21202114 1 0 1706818960
WALL 21202114 1 0 1706818961
WALL 21202114 1 0 1706818962
WALL 21202114 1 0 1706818963
WALL 21202114 1 0 1706818964
WALL 21202114 1 0 1706818965
WALL 21202114 1 0 1706818966
WALL 21202114 1 0 1706818967
WALL 21202114 1 0 1706818968
WALL 21202114 1 0 1706818969
WALL 21202114 1 0 1706818970
WALL 21202114 1 0 1706818971
WALL 21202114 1 0 1706818972
WALL 21202114 1 0 1706818973
WALL 21202114 1 0 1706818974
WALL 21202114 1 0 1706818975
WALL 21202114 1 0 1706818976
WALL 21202114 1 0 1706818977
WALL 21202114 1 0 1706818978
WALL 21202114 1 0 1706818979
WALL 21202114 1 0 1706818980
WALL 21202114 1 0 1706818981
WALL 21202114 1 0 1706818982
WALL 21202114 1 0 1706818983
WALL 21202114 1 0 1706818984
WALL 21202114 1 0 1706818985
WALL 21202114 1 0 1706818986
WALL 21202114 1 0 1706818987
WALL 21202114 1 0 1706818988
WALL 21202114 1 0 1706818989
WALL 21202114 1 0 1706818990
WALL 21202114 1 0 1706818991
WALL 21202114 1 0 1706818992
WALL 21202114 1 0 1706818993
WALL 21202114 1 0 1706818994
WALL 21202114 1 0 1706818995
WALL 21202114 1 0 1706818996
WALL 21202114 1 0 1706818997
WALL 21202114 1 0 1706818998
WALL 21202114 1 0 1706818999
WALL 21202114 1 0 1706819000
WALL 21202114 1 0 1706819001
WALL 21202114 1 0 1706819002
WALL 21202114 1 0 1706819003
WALL 21202114 1 0 1706819004
WALL 21202114 1 0 1706819005
WALL 21202114 1 0 1706819006
WALL 21202114 1 0 1706819007
WALL 21202114 1 0 1706819008
WALL 21202114 1 0 1706819009
WALL 21202114 1 0 1706819010
WALL 21202114 1 0 1706819011
WALL 21202114 1 0 1706819012
WALL 21202114 1 0 1706819013
WALL 21202114 1 0 1706819014
WALL 21202114 1 0 1706819015
WALL 21202114 1 0 1706819016
WALL 21202114 1 0 1706819017
WALL 21202114 1 0 1706819018
WALL 21202114 1 0 1706819019
WALL 21202114 1 0 1706819020
WALL 21202114 1 0 1706819021
WALL 21202114 1 0 1706819022
WALL 21202114 1 0 1706819023
WALL 21202114 1 0 1706819024
WALL 21202114 1 0 1706819025
WALL 21202114 1 0 1706819026
WALL 21202114 1 0 1706819027
WALL 21202114 1 0 1706819028
WALL 21202114 1 0 1706819029
WALL 21202114 1 0 1706819030
WALL 21202114 1 0 1706819031
WALL 21202114 1 0 1706819032
WALL 21202114 1 0 1706819033
WALL 21202114 1 0 1706819034
WALL 21202114 1 0 1706819035
WALL 21202114 1 0 1706819036
WALL 21202114 1 0 1706819037
WALL 21202114 1 0 1706819038
WALL 21202114 1 0 1706819039
WALL 21202114 1 0 1706819040
WALL 21202114 1 0 1706819041
WALL 21202114 1 0 1706819042
WALL 21202114 1 0 1706819043
WALL 21202114 1 0 1706819044
WALL 21202114 1 0 1706819045
WALL 21202114 1 0 1706819046
WALL 21202114 1 0 1706819047
WALL 21202114 1 0 1706819048
WALL 21202114 1 0 1706819049
WALL 21202114 1 0 1706819050
WALL 21202114 1 0 1706819051
WALL 21202114 1 0 1706819052
WALL 21202114 1 0 1706819053
WALL 21202114 1 0 1706819054
WALL 21202114 1 0 1706819055
WALL 21202114 1 0 1706819056
WALL 21202114 1 0 1706819057
WALL 21202114 1 0 1706819058
WALL 21202114 1 0 1706819059
WALL 21202114 1 0 1706819060
WALL 21202114 1 0 1706819061
WALL 21202114 1 0 1706819062
WALL 21202114 1 0 1706819063
WALL 21202114 1 0 1706819064
WALL 21202114 1 0 1706819065
WALL 21202114 1 0 1706819066
WALL 21202114 1 0 1706819067
WALL 21202114 1 0 1706819068
WALL 21202114 1 0 1706819069
WALL 21202114 1 0 1706819070
WALL 21202114 1 0 1706819071
WALL 21202114 1 0 1706819072
WALL 21202114 1 0 1706819073
WALL 21202114 1 0 1706819074
WALL 21202114 1 0 1706819075
WALL 21202114 1 0 1706819076
WALL 21202114 1 0 1706819077
WALL 21202114 1 0 1706819078
WALL 21202114 1 0 1706819079
WALL 21202114 1 0 1706819080
WALL 21202114 1 0 1706819081
WALL 21202114 1 0 1706819082
WALL 21202114 1 0 1706819083
WALL 21202114 1 0 1706819084
WALL 21202114 1 0 1706819085
WALL 21202114 1 0 1706819086
WALL 21202114 1 0 1706819087
WALL 21202114 1 0 1706819088
WALL 21202114 1 0 1706819089
WALL 21202114 1 0 1706819090
WALL 21202114 1 0 1706819091
WALL 21202114 1 0 1706819092
WALL 21202114 1 0 1706819093
WALL 21202114 1 0 1706819094
WALL 21202114 1 0 1706819095
WALL 21202114 1 0 1706819096
WALL 21202114 1 0 1706819097
WALL 21202114 1 0 1706819098
WALL 21202114 1 0 1706819099
WALL 21202114 1 0 1706819100
WALL 21202114 1 0 1706819101
WALL 21202114 1 0 1706819102
WALL 21202114 1 0 1706819103
WALL 21202114 1 0 1706819104
WALL 21202114 1 0 1706819105
WALL 21202114 1 0 1706819106
WALL 21202114 1 0 1706819107
WALL 21202114 1 0 1706819108
WALL 21202114 1 0 1706819109
WALL 21202114 1 0 1706819110
WALL 21202114 1 0 1706819111
WALL 21202114 1 0 1706819112
WALL 21202114 1 0 1706819113
WALL 21202114 1 0 1706819114
WALL 21202114 1 0 1706819115
WALL 21202114 1 0 1706819116
WALL 21202114 1 0 1706819117
WALL 21202114 1 0 1706819118
WALL 21202114 1 0 1706819119
WALL 21202114 1 0 1706819120
WALL 21202114 1 0 1706819121
WALL 21202114 1 0 1706819122
WALL 21202114 1 0 1706819123
WALL 21202114 1 0 1706819124
WALL 21202114 1 0 1706819125
WALL 21202114 1 0 1706819126
WALL 21202114 1 0 1706819127
WALL 21202114 1 0 1706819128
WALL 21202114 1 0 1706819129
WALL 21202114 1 0 1706819130
WALL 21202114 1 0 1706819131
WALL 21202114 1 0 1706819132
WALL 21202114 1 0 1706819133
WALL 21202114 1 0 1706819134
WALL 21202114 1 0 1706819135
WALL 21202114 1 0 1706819136
WALL 21202114 1 0 1706819137
WALL 21202114 1 0 1706819138
WALL 21202114 1 0 1706819139
WALL 21202114 1 0 1706819140
WALL 21202114 1 0 1706819141
WALL 21202114 1 0 1706819142
WALL 21202114 1 0 1706819143
WALL 21202114 1 0 1706819144
WALL 21202114 1 0 1706819145
WALL 21202114 1 0 1706819146
WALL 21202114 1 0 1706819147
WALL 21202114 1 0 1706819148
WALL 21202114 1 0 1706819149
WALL 21202114 1 0 1706819150
WALL 21202114 1 0 1706819151
WALL 21202114 1 0 1706819152
WALL 21202114 1 0 1706819153
WALL 21202114 1 0 1706819154
WALL 21202114 1 0 1706819155
WALL 21202114 1 0 1706819156
WALL 21202114 1 0 1706819157
WALL 21202114 1 0 1706819158
WALL 21202114 1 0 1706819159
WALL 21202114 1 0 1706819160
WALL 21202114 1 0 1706819161
WALL 21202114 1 0 1706819162
WALL 21202114 1 0 1706819163
WALL 21202114 1 0 1706819164
WALL 21202114 1 0 1706819165
WALL 21202114 1 0 1706819166
WALL 21202114 1 0 1706819167
WALL 21202114 1 0 1706819168
WALL 21202114 1 0 1706819169
WALL 21202114 1 0 1706819170
WALL 21202114 1 0 1706819171
WALL 21202114 1 0 1706819172
WALL 21202114 1 0 1706819173
WALL 21202114 1 0 1706819174
WALL 21202114 1 0 1706819175
WALL 21202114 1 0 1706819176
WALL 21202114 1 0 1706819177
WALL 21202114 1 0 1706819178
WALL 21202114 1 0 1706819179
WALL 21202114 1 0 1706819180
WALL 21202114 1 0 1706819181
WALL 21202114 1 0 1706819182
WALL 21202114 1 0 1706819183
WALL 21202114 1 0 1706819184
WALL 21202114 1 0 1706819185
WALL 21202114 1 0 1706819186
WALL 21202114 1 0 1706819187
WALL 21202114 1 0 1706819188
WALL 21202114 1 0 1706819189
WALL 21202114 1 0 1706819190
WALL 21202114 1 0 1706819191
WALL 21202114 1 0 1706819192
WALL 21202114 1 0 1706819193
WALL 21202114 1 0 1706819194
WALL 21202114 1 0 1706819195
WALL 21202114 1 0 1706819196
WALL 21202114 1 0 1706819197
WALL 21202114 1 0 1706819198
WALL 21202114 1 0 1706819199
WALL 21202114 1 0 1706819200
WALL 21202114 1 0 1706819201
WALL 21202114 1 0 1706819202
WALL 21202114 1 0 1706819203
WALL 21202114 1 0 1706819204
WALL 21202114 1 0 1706819205
WALL 21202114 1 0 1706819206
WALL 21202114 1 0 1706819207
WALL 21202114 1 0 1706819208
WALL 21202114 1 0 1706819209
WALL 21202114 1 0 1706819210
WALL 21202114 1 0 1706819211
WALL 21202114 1 0 1706819212
WALL 21202114 1 0 1706819213
WALL 21202114 1 0 1706819214
WALL 21202114 1 0 1706819215
WALL 21202114 1 0 1706819216
WALL 21202114 1 0 1706819217
WALL 21202114 1 0 1706819218
WALL 21202114 1 0 1706819219
WALL 21202114 1 0 1706819220
WALL 21202114 1 0 1706819221
WALL 21202114 1 0 1706819222
WALL 21202114 1 0 1706819223
WALL 21202114 1 0 1706819224
WALL 21202114 1 0 1706819225
WALL 21202114 1 0 1706819226
WALL 21202114 1 0 1706819227
WALL 21202114 1 0 1706819228
WALL 21202114 1 0 1706819229
WALL 21202114 1 0 1706819230
WALL 21202114 1 0 1706819231
WALL 21202114 1 0 1706819232
WALL 21202114 1 0 1706819233
WALL 21202114 1 0 1706819234
WALL 21202114 1 0 1706819235
WALL 21202114 1 0 1706819236
WALL 21202114 1 0 1706819237
WALL 21202114 1 0 1706819238
WALL 21202114 1 0 1706819239
WALL 21202114 1 0 1706819240
WALL 21202114 1 0 1706819241
WALL 21202114 1 0 1706819242
WALL 21202114 1 0 1706819243
WALL 21202114 1 0 1706819244
WALL 21202114 1 0 1706819245
WALL 21202114 1 0 1706819246
WALL 21202114 1 0 1706819247
WALL 21202114 1 0 1706819248
WALL 21202114 1 0 1706819249
WALL 21202114 1 0 1706819250
WALL 21202114 1 0 1706819251
WALL 21202114 1 0 1706819252
WALL 21202114 1 0 1706819253
WALL 21202114 1 0 1706819254
WALL 21202114 1 0 1706819255
WALL 21202114 1 0 1706819256
WALL 21202114 1 0 1706819257
WALL 21202114 1 0 1706819258
WALL 21202114 1 0 1706819259
WALL 21202114 1 0 1706819260
WALL 21202114 1 0 1706819261
WALL 21202114 1 0 1706819262
WALL 21202114 1 0 1706819263
WALL 21202114 1 0 1706819264
WALL 21202114 1 0 1706819265
WALL 21202114 1 0 1706819266
WALL 21202114 1 0 1706819267
WALL 21202114 1 0 1706819268
WALL 21202114 1 0 1706819269
WALL 21202114 1 0 1706819270
WALL 21202114 1 0 1706819271
WALL 21202114 1 0 1706819272
WALL 21202114 1 0 1706819273
WALL 21202114 1 0 1706819274
WALL 21202114 1 0 1706819275
WALL 21202114 1 0 1706819276
WALL 21202114 1 0 1706819277
WALL 21202114 1 0 1706819278
WALL 21202114 1 0 1706819279
WALL 21202114 1 0 1706819280
WALL 21202114 1 0 1706819281
WALL 21202114 1 0 1706819282
WALL 21202114 1 0 1706819283
WALL 21202114 1 0 1706819284
WALL 21202114 1 0 1706819285
WALL 21202114 1 0 1706819286
WALL 21202114 1 0 1706819287
WALL 21202114 1 0 1706819288
WALL 21202114 1 0 1706819289
WALL 21202114 1 0 1706819290
WALL 21202114 1 0 1706819291
WALL 21202114 1 0 1706819292
WALL 21202114 1 0 1706819293
WALL 21202114 1 0 1706819294
WALL 21202114 1 0 1706819295
WALL 21202114 1 0 1706819296
WALL 21202114 1 0 1706819297
WALL 21202114 1 0 1706819298
WALL 21202114 1 0 1706819299
WALL 21202114 1 0 1706819300
WALL 21202114 1 0 1706819301
WALL 21202114 1 0 1706819302
WALL 21202114 1 0 1706819303
WALL 21202114 1 0 1706819304
WALL 21202114 1 0 1706819305
WALL 21202114 1 0 1706819306
WALL 21202114 1 0 1706819307
WALL 21202114 1 0 1706819308
WALL 21202114 1 0 1706819309
WALL 21202114 1 0 1706819310
WALL 21202114 1 0 1706819311
WALL 21202114 1 0 1706819312
WALL 21202114 1 0 1706819313
WALL 21202114 1 0 1706819314
WALL 21202114 1 0 1706819315
WALL 21202114 1 0 1706819316
WALL 21202114 1 0 1706819317
WALL 21202114 1 0 1706819318
WALL 21202114 1 0 1706819319
WALL 21202114 1 0 1706819320
WALL 21202114 1 0 1706819321
WALL 21202114 1 0 1706819322
WALL 21202114 1 0 1706819323
WALL 21202114 1 0 1706819324
WALL 21202114 1 0 1706819325
WALL 21202114 1 0 1706819326
WALL 21202114 1 0 1706819327
WALL 21202114 1 0 1706819328
WALL 21202114 1 0 1706819329
WALL 21202114 1 0 1706819330
WALL 21202114 1 0 1706819331
WALL 21202114 1 0 1706819332
WALL 21202114 1 0 1706819333
WALL 21202114 1 0 1706819334
WALL 21202114 1 0 1706819335
WALL 21202114 1 0 1706819336
WALL 21202114 1 0 1706819337
WALL 21202114 1 0 1706819338
WALL 21202114 1 0 1706819339
WALL 21202114 1 0 1706819340
WALL 21202114 1 0 1706819341
WALL 21202114 1 0 1706819342
WALL 21202114 1 0 1706819343
WALL 21202114 1 0 1706819344
WALL 21202114 1 0 1706819345
WALL 21202114 1 0 1706819346
WALL 21202114 1 0 1706819347
WALL 21202114 1 0 1706819348
WALL 21202114 1 0 1706819349
WALL 21202114 1 0 1706819350
WALL 21202114 1 0 1706819351
WALL 21202114 1 0 1706819352
WALL 21202114 1 0 1706819353
WALL 21202114 1 0 1706819354
WALL 21202114 1 0 1706819355
WALL 21202114 1 0 1706819356
WALL 21202114 1 0 1706819357
WALL 21202114 1 0 1706819358
WALL 21202114 1 0 1706819359
WALL 21202114 1 0 1706819360
WALL 21202114 1 0 1706819361
WALL 21202114 1 0 1706819362
WALL 21202114 1 0 1706819363
WALL 21202114 1 0 1706819364
WALL 21202114 1 0 1706819365
WALL 21202114 1 0 1706819366
WALL 21202114 1 0 1706819367
WALL 21202114 1 0 1706819368
WALL 21202114 1 0 1706819369
WALL 21202114 1 0 1706819370
WALL 21202114 1 0 1706819371
WALL 21202114 1 0 1706819372
WALL 21202114 1 0 1706819373
WALL 21202114 1 0 1706819374
WALL 21202114 1 0 1706819375
WALL 21202114 1 0 1706819376
WALL 21202114 1 0 1706819377
WALL 21202114 1 0 1706819378
WALL 21202114 1 0 1706819379
WALL 21202114 1 0 1706819380
WALL 21202114 1 0 1706819381
WALL 21202114 1 0 1706819382
WALL 21202114 1 0 1706819383
WALL 21202114 1 0 1706819384
WALL 21202114 1 0 1706819385
WALL 21202114 1 0 1706819386
WALL 21202114 1 0 1706819387
WALL 21202114 1 0 1706819388
WALL 21202114 1 0 1706819389
WALL 21202114 1 0 1706819390
WALL 21202114 1 0 1706819391
WALL 21202114 1 0 1706819392
WALL 21202114 1 0 1706819393
WALL 21202114 1 0 1706819394
WALL 21202114 1 0 1706819395
WALL 21202114 1 0 1706819396
WALL 21202114 1 0 1706819397
WALL 21202114 1 0 1706819398
WALL 21202114 1 0 1706819399
WALL 21202114 1 0 1706819400
WALL 21202114 1 0 1706819401
WALL 21202114 1 0 1706819402
WALL 21202114 1 0 1706819403
WALL 21202114 1 0 1706819404
WALL 21202114 1 0 1706819405
WALL 21202114 1 0 1706819406
WALL 21202114 1 0 1706819407
WALL 21202114 1 0 1706819408
WALL 21202114 1 0 1706819409
WALL 21202114 1 0 1706819410
WALL 21202114 1 0 1706819411
WALL 21202114 1 0 1706819412
WALL 21202114 1 0 1706819413
WALL 21202114 1 0 1706819414
WALL 21202114 1 0 1706819415
WALL 21202114 1 0 1706819416
WALL 21202114 1 0 1706819417
WALL 21202114 1 0 1706819418
WALL 21202114 1 0 1706819419
WALL 21202114 1 0 1706819420
WALL 21202114 1 0 1706819421
WALL 21202114 1 0 1706819422
WALL 21202114 1 0 1706819423
WALL 21202114 1 0 1706819424
WALL 21202114 1 0 1706819425
WALL 21202114 1 0 1706819426
WALL 21202114 1 0 1706819427
WALL 21202114 1 0 1706819428
WALL 21202114 1 0 1706819429
WALL 21202114 1 0 1706819430
WALL 21202114 1 0 1706819431
WALL 21202114 1 0 1706819432
WALL 21202114 1 0 1706819433
WALL 21202114 1 0 1706819434
WALL 21202114 1 0 1706819435
WALL 21202114 1 0 1706819436
WALL 21202114 1 0 1706819437
WALL 21202114 1 0 1706819438
WALL 21202114 1 0 1706819439
WALL 21202114 1 0 1706819440
WALL 21202114 1 0 1706819441
WALL 21202114 1 0 1706819442
WALL 21202114 1 0 1706819443
WALL 21202114 1 0 1706819444
WALL 21202114 1 0 1706819445
WALL 21202114 1 0 1706819446
WALL 21202114 1 0 1706819447
WALL 21202114 1 0 1706819448
WALL 21202114 1 0 1706819449
WALL 21202114 1 0 1706819450
WALL 21202114 1 0 1706819451
WALL 21202114 1 0 1706819452
WALL 21202114 1 0 1706819453
WALL 21202114 1 0 1706819454
WALL 21202114 1 0 1706819455
WALL 21202114 1 0 1706819456
WALL 21202114 1 0 1706819457
WALL 21202114 1 0 1706819458
WALL 21202114 1 0 1706819459
WALL 21202114 1 0 1706819460
WALL 21202114 1 0 1706819461
WALL 21202114 1 0 1706819462
WALL 21202114 1 0 1706819463
WALL 21202114 1 0 1706819464
WALL 21202114 1 0 1706819465
WALL 21202114 1 0 1706819466
WALL 21202114 1 0 1706819467
WALL 21202114 1 0 1706819468
WALL 21202114 1 0 1706819469
WALL 21202114 1 0 1706819470
WALL 21202114 1 0 1706819471
WALL 21202114 1 0 1706819472
WALL 21202114 1 0 1706819473
WALL 21202114 1 0 1706819474
WALL 21202114 1 0 1706819475
WALL 21202114 1 0 1706819476
WALL 21202114 1 0 1706819477
WALL 21202114 1 0 1706819478
WALL 21202114 1 0 1706819479
WALL 21202114 1 0 1706819480
WALL 21202114 1 0 1706819481
WALL 21202114 1 0 1706819482
WALL 21202114 1 0 1706819483
WALL 21202114 1 0 1706819484
WALL 21202114 1 0 1706819485
WALL 21202114 1 0 1706819486
WALL 21202114 1 0 1706819487
WALL 21202114 1 0 1706819488
WALL 21202114 1 0 1706819489
WALL 21202114 1 0 1706819490
WALL 21202114 1 0 1706819491
WALL 21202114 1 0 1706819492
WALL 21202114 1 0 1706819493
WALL 21202114 1 0 1706819494
WALL 21202114 1 0 1706819495
WALL 21202114 1 0 1706819496
WALL 21202114 1 0 1706819497
WALL 21202114 1 0 1706819498
WALL 21202114 1 0 1706819499
WALL 21202114 1 0 1706819500
WALL 21202114 1 0 1706819501
WALL 21202114 1 0 1706819502
WALL 21202114 1 0 1706819503
WALL 21202114 1 0 1706819504
WALL 21202114 1 0 1706819505
WALL 21202114 1 0 1706819506
WALL 21202114 1 0 1706819507
WALL 21202114 1 0 1706819508
WALL 21202114 1 0 1706819509
WALL 21202114 1 0 1706819510
WALL 21202114 1 0 1706819511
WALL 21202114 1 0 1706819512
WALL 21202114 1 0 1706819513
WALL 21202114 1 0 1706819514
WALL 21202114 1 0 1706819515
WALL 21202114 1 0 1706819516
WALL 21202114 1 0 1706819517
WALL 21202114 1 0 1706819518
WALL 21202114 1 0 1706819519
WALL 21202114 1 0 1706819520
WALL 21202114 1 0 1706819521
WALL 21202114 1 0 1706819522
WALL 21202114 1 0 1706819523
WALL 21202114 1 0 1706819524
WALL 21202114 1 0 1706819525
WALL 21202114 1 0 1706819526
WALL 21202114 1 0 1706819527
WALL 21202114 1 0 1706819528
WALL 21202114 1 0 1706819529
WALL 21202114 1 0 1706819530
WALL 21202114 1 0 1706819531
WALL 21202114 1 0 1706819532
WALL 21202114 1 0 1706819533
WALL 21202114 1 0 1706819534
WALL 21202114 1 0 1706819535
WALL 21202114 1 0 1706819536
WALL 21202114 1 0 1706819537
WALL 21202114 1 0 1706819538
WALL 21202114 1 0 1706819539
WALL 21202114 1 0 1706819540
WALL 21202114 1 0 1706819541
WALL 21202114 1 0 1706819542
WALL 21202114 1 0 1706819543
WALL 21202114 1 0 1706819544
WALL 21202114 1 0 1706819545
WALL 21202114 1 0 1706819546
WALL 21202114 1 0 1706819547
WALL 21202114 1 0 1706819548
WALL 21202114 1 0 1706819549
WALL 21202114 1 0 1706819550
WALL 21202114 1 0 1706819551
WALL 21202114 1 0 1706819552
WALL 21202114 1 0 1706819553
WALL 21202114 1 0 1706819554
WALL 21202114 1 0 1706819555
WALL 21202114 1 0 1706819556
WALL 21202114 1 0 1706819557
WALL 21202114 1 0 1706819558
WALL 21202114 1 0 1706819559
WALL 21202114 1 0 1706819560
WALL 21202114 1 0 1706819561
WALL 21202114 1 0 1706819562
WALL 21202114 1 0 1706819563
WALL 21202114 1 0 1706819564
WALL 21202114 1 0 1706819565
WALL 21202114 1 0 1706819566
WALL 21202114 1 0 1706819567
WALL 21202114 1 0 1706819568
WALL 21202114 1 0 1706819569
WALL 21202114 1 0 1706819570
WALL 21202114 1 0 1706819571
WALL 21202114 1 0 1706819572
WALL 21202114 1 0 1706819573
WALL 21202114 1 0 1706819574
WALL 21202114 1 0 1706819575
WALL 21202114 1 0 1706819576
WALL 21202114 1 0 1706819577
WALL 21202114 1 0 1706819578
WALL 21202114 1 0 1706819579
WALL 21202114 1 0 1706819580
WALL 21202114 1 0 1706819581
WALL 21202114 1 0 1706819582
WALL 21202114 1 0 1706819583
WALL 21202114 1 0 1706819584
WALL 21202114 1 0 1706819585
WALL 21202114 1 0 1706819586
WALL 21202114 1 0 1706819587
WALL 21202114 1 0 1706819588
WALL 21202114 1 0 1706819589
WALL 21202114 1 0 1706819590
WALL 21202114 1 0 1706819591
WALL 21202114 1 0 1706819592
WALL 21202114 1 0 1706819593
WALL 21202114 1 0 1706819594
WALL 21202114 1 0 1706819595
WALL 21202114 1 0 1706819596
WALL 21202114 1 0 1706819597
WALL 21202114 1 0 1706819598
WALL 21202114 1 0 1706819599
WALL 21202114 1 0 1706819600
WALL 21202114 1 0 1706819601
WALL 21202114 1 0 1706819602
WALL 21202114 1 0 1706819603
WALL 21202114 1 0 1706819604
WALL 21202114 1 0 1706819605
WALL 21202114 1 0 1706819606
WALL 21202114 1 0 1706819607
WALL 21202114 1 0 1706819608
WALL 21202114 1 0 1706819609
WALL 21202114 1 0 1706819610
WALL 21202114 1 0 1706819611
WALL 21202114 1 0 1706819612
WALL 21202114 1 0 1706819613
WALL 21202114 1 0 1706819614
WALL 21202114 1 0 1706819615
WALL 21202114 1 0 1706819616
WALL 21202114 1 0 1706819617
WALL 21202114 1 0 1706819618
WALL 21202114 1 0 1706819619
WALL 21202114 1 0 1706819620
WALL 21202114 1 0 1706819621
WALL 21202114 1 0 1706819622
WALL 21202114 1 0 1706819623
WALL 21202114 1 0 1706819624
WALL 21202114 1 0 1706819625
WALL 21202114 1 0 1706819626
WALL 21202114 1 0 1706819627
WALL 21202114 1 0 1706819628
WALL 21202114 1 0 1706819629
WALL 21202114 1 0 1706819630
WALL 21202114 1 0 1706819631
WALL 21202114 1 0 1706819632
WALL 21202114 1 0 1706819633
WALL 21202114 1 0 1706819634
WALL 21202114 1 0 1706819635
WALL 21202114 1 0 1706819636
WALL 21202114 1 0 1706819637
WALL 21202114 1 0 1706819638
WALL 21202114 1 0 1706819639
WALL 21202114 1 0 1706819640
WALL 21202114 1 0 1706819641
WALL 21202114 1 0 1706819642
WALL 21202114 1 0 1706819643
WALL 21202114 1 0 1706819644
WALL 21202114 1 0 1706819645
WALL 21202114 1 0 1706819646
WALL 21202114 1 0 1706819647
WALL 21202114 1 0 1706819648
WALL 21202114 1 0 1706819649
WALL 21202114 1 0 1706819650
WALL 21202114 1 0 1706819651
WALL 21202114 1 0 1706819652
WALL 21202114 1 0 1706819653
WALL 21202114 1 0 1706819654
WALL 21202114 1 0 1706819655
WALL 21202114 1 0 1706819656
WALL 21202114 1 0 1706819657
WALL 21202114 1 0 1706819658
WALL 21202114 1 0 1706819659
WALL 21202114 1 0 1706819660
WALL 21202114 1 0 1706819661
WALL 21202114 1 0 1706819662
WALL 21202114 1 0 1706819663
WALL 21202114 1 0 1706819664
WALL 21202114 1 0 1706819665
WALL 21202114 1 0 1706819666
WALL 21202114 1 0 1706819667
WALL 21202114 1 0 1706819668
WALL 21202114 1 0 1706819669
WALL 21202114 1 0 1706819670
WALL 21202114 1 0 1706819671
WALL 21202114 1 0 1706819672
WALL 21202114 1 0 1706819673
WALL 21202114 1 0 1706819674
received SIGCONT 1706819675
WALL 21202114 1 0 1706819675
slurmstepd: error: *** STEP 21202114.0 ON nid200013 CANCELLED AT 2024-02-01T20:34:35 ***
received SIGTERM 1706819675
WALL 21202114 1 0 1706819675
WALL 21202114 1 0 1706819676
WALL 21202114 1 0 1706819677
WALL 21202114 1 0 1706819678
WALL 21202114 1 0 1706819679
WALL 21202114 1 0 1706819680
WALL 21202114 1 0 1706819681
WALL 21202114 1 0 1706819682
WALL 21202114 1 0 1706819683
WALL 21202114 1 0 1706819684
WALL 21202114 1 0 1706819685
WALL 21202114 1 0 1706819686
WALL 21202114 1 0 1706819687
WALL 21202114 1 0 1706819688
WALL 21202114 1 0 1706819689
WALL 21202114 1 0 1706819690
WALL 21202114 1 0 1706819691
WALL 21202114 1 0 1706819692
WALL 21202114 1 0 1706819693
WALL 21202114 1 0 1706819694
WALL 21202114 1 0 1706819695
WALL 21202114 1 0 1706819696
WALL 21202114 1 0 1706819697
WALL 21202114 1 0 1706819698
WALL 21202114 1 0 1706819699
WALL 21202114 1 0 1706819700
WALL 21202114 1 0 1706819701
WALL 21202114 1 0 1706819702
WALL 21202114 1 0 1706819703
WALL 21202114 1 0 1706819704
WALL 21202114 1 0 1706819705
WALL 21202114 1 0 1706819706
WALL 21202114 1 0 1706819707
WALL 21202114 1 0 1706819708
WALL 21202114 1 0 1706819709
WALL 21202114 1 0 1706819710
WALL 21202114 1 0 1706819711
WALL 21202114 1 0 1706819712
WALL 21202114 1 0 1706819713
WALL 21202114 1 0 1706819714
WALL 21202114 1 0 1706819715
WALL 21202114 1 0 1706819716
WALL 21202114 1 0 1706819717
WALL 21202114 1 0 1706819718
WALL 21202114 1 0 1706819719
WALL 21202114 1 0 1706819720
WALL 21202114 1 0 1706819721
WALL 21202114 1 0 1706819722
WALL 21202114 1 0 1706819723
WALL 21202114 1 0 1706819724
WALL 21202114 1 0 1706819725
WALL 21202114 1 0 1706819726
WALL 21202114 1 0 1706819727
WALL 21202114 1 0 1706819728
WALL 21202114 1 0 1706819729
WALL 21202114 1 0 1706819730
WALL 21202114 1 0 1706819731
WALL 21202114 1 0 1706819732
WALL 21202114 1 0 1706819733
WALL 21202114 1 0 1706819734
WALL 21202114 1 0 1706819735
WALL 21202114 1 0 1706819736
WALL 21202114 1 0 1706819737
WALL 21202114 1 0 1706819738
WALL 21202114 1 0 1706819739
WALL 21202114 1 0 1706819740
WALL 21202114 1 0 1706819741
WALL 21202114 1 0 1706819742
WALL 21202114 1 0 1706819743
WALL 21202114 1 0 1706819744
WALL 21202114 1 0 1706819745
WALL 21202114 1 0 1706819746
WALL 21202114 1 0 1706819747
WALL 21202114 1 0 1706819748
WALL 21202114 1 0 1706819749
WALL 21202114 1 0 1706819750
slurmstepd: error: *** JOB 21202114 ON nid200013 CANCELLED AT 2024-02-01T20:35:50 DUE TO PREEMPTION ***
received SIGTERM 1706819750
WALL 21202114 1 0 1706819750
received SIGCONT 1706819750
WALL 21202114 1 0 1706819750
received SIGTERM 1706819750
WALL 21202114 1 0 1706819750
