WALL 21155164 1 0 1706748465
WALL 21155164 1 0 1706748466
WALL 21155164 1 0 1706748467
WALL 21155164 1 0 1706748468
WALL 21155164 1 0 1706748469
WALL 21155164 1 0 1706748470
WALL 21155164 1 0 1706748471
WALL 21155164 1 0 1706748472
WALL 21155164 1 0 1706748473
WALL 21155164 1 0 1706748474
WALL 21155164 1 0 1706748475
WALL 21155164 1 0 1706748476
WALL 21155164 1 0 1706748477
WALL 21155164 1 0 1706748478
WALL 21155164 1 0 1706748479
WALL 21155164 1 0 1706748480
WALL 21155164 1 0 1706748481
WALL 21155164 1 0 1706748482
WALL 21155164 1 0 1706748483
WALL 21155164 1 0 1706748484
WALL 21155164 1 0 1706748485
WALL 21155164 1 0 1706748486
WALL 21155164 1 0 1706748487
WALL 21155164 1 0 1706748488
WALL 21155164 1 0 1706748489
WALL 21155164 1 0 1706748490
WALL 21155164 1 0 1706748491
WALL 21155164 1 0 1706748492
WALL 21155164 1 0 1706748493
WALL 21155164 1 0 1706748494
WALL 21155164 1 0 1706748495
WALL 21155164 1 0 1706748496
WALL 21155164 1 0 1706748497
WALL 21155164 1 0 1706748498
WALL 21155164 1 0 1706748499
WALL 21155164 1 0 1706748500
WALL 21155164 1 0 1706748501
WALL 21155164 1 0 1706748502
WALL 21155164 1 0 1706748503
WALL 21155164 1 0 1706748504
WALL 21155164 1 0 1706748505
WALL 21155164 1 0 1706748506
WALL 21155164 1 0 1706748507
WALL 21155164 1 0 1706748508
WALL 21155164 1 0 1706748509
WALL 21155164 1 0 1706748510
WALL 21155164 1 0 1706748511
WALL 21155164 1 0 1706748512
WALL 21155164 1 0 1706748513
WALL 21155164 1 0 1706748514
WALL 21155164 1 0 1706748515
WALL 21155164 1 0 1706748516
WALL 21155164 1 0 1706748517
WALL 21155164 1 0 1706748518
WALL 21155164 1 0 1706748519
WALL 21155164 1 0 1706748520
WALL 21155164 1 0 1706748521
WALL 21155164 1 0 1706748522
WALL 21155164 1 0 1706748523
WALL 21155164 1 0 1706748524
WALL 21155164 1 0 1706748525
WALL 21155164 1 0 1706748526
WALL 21155164 1 0 1706748527
WALL 21155164 1 0 1706748528
WALL 21155164 1 0 1706748529
WALL 21155164 1 0 1706748530
WALL 21155164 1 0 1706748531
WALL 21155164 1 0 1706748532
WALL 21155164 1 0 1706748533
WALL 21155164 1 0 1706748534
WALL 21155164 1 0 1706748535
WALL 21155164 1 0 1706748536
WALL 21155164 1 0 1706748537
WALL 21155164 1 0 1706748538
WALL 21155164 1 0 1706748539
WALL 21155164 1 0 1706748540
WALL 21155164 1 0 1706748541
WALL 21155164 1 0 1706748542
WALL 21155164 1 0 1706748543
WALL 21155164 1 0 1706748544
WALL 21155164 1 0 1706748545
WALL 21155164 1 0 1706748546
WALL 21155164 1 0 1706748547
WALL 21155164 1 0 1706748548
WALL 21155164 1 0 1706748549
WALL 21155164 1 0 1706748550
WALL 21155164 1 0 1706748551
WALL 21155164 1 0 1706748552
WALL 21155164 1 0 1706748553
WALL 21155164 1 0 1706748554
WALL 21155164 1 0 1706748555
WALL 21155164 1 0 1706748556
WALL 21155164 1 0 1706748557
WALL 21155164 1 0 1706748558
WALL 21155164 1 0 1706748559
WALL 21155164 1 0 1706748560
WALL 21155164 1 0 1706748561
WALL 21155164 1 0 1706748562
WALL 21155164 1 0 1706748563
WALL 21155164 1 0 1706748564
WALL 21155164 1 0 1706748565
WALL 21155164 1 0 1706748566
WALL 21155164 1 0 1706748567
WALL 21155164 1 0 1706748568
WALL 21155164 1 0 1706748569
WALL 21155164 1 0 1706748570
WALL 21155164 1 0 1706748571
WALL 21155164 1 0 1706748572
slurmstepd: error: *** STEP 21155164.0 ON nid200001 CANCELLED AT 2024-02-01T00:49:32 ***
received SIGTERM 1706748572
WALL 21155164 1 0 1706748572
received SIGCONT 1706748572
WALL 21155164 1 0 1706748572
WALL 21155164 1 0 1706748573
WALL 21155164 1 0 1706748574
WALL 21155164 1 0 1706748575
WALL 21155164 1 0 1706748576
WALL 21155164 1 0 1706748577
WALL 21155164 1 0 1706748578
WALL 21155164 1 0 1706748579
WALL 21155164 1 0 1706748580
WALL 21155164 1 0 1706748581
WALL 21155164 1 0 1706748582
WALL 21155164 1 0 1706748583
WALL 21155164 1 0 1706748584
WALL 21155164 1 0 1706748585
WALL 21155164 1 0 1706748586
WALL 21155164 1 0 1706748587
WALL 21155164 1 0 1706748588
WALL 21155164 1 0 1706748589
WALL 21155164 1 0 1706748590
WALL 21155164 1 0 1706748591
WALL 21155164 1 0 1706748592
WALL 21155164 1 0 1706748593
WALL 21155164 1 0 1706748594
WALL 21155164 1 0 1706748595
WALL 21155164 1 0 1706748596
WALL 21155164 1 0 1706748597
WALL 21155164 1 0 1706748598
WALL 21155164 1 0 1706748599
WALL 21155164 1 0 1706748600
WALL 21155164 1 0 1706748601
WALL 21155164 1 0 1706748602
WALL 21155164 1 0 1706748603
WALL 21155164 1 0 1706748604
WALL 21155164 1 0 1706748605
WALL 21155164 1 0 1706748606
WALL 21155164 1 0 1706748607
WALL 21155164 1 0 1706748608
WALL 21155164 1 0 1706748609
WALL 21155164 1 0 1706748610
WALL 21155164 1 0 1706748611
WALL 21155164 1 0 1706748612
WALL 21155164 1 0 1706748613
WALL 21155164 1 0 1706748614
WALL 21155164 1 0 1706748615
WALL 21155164 1 0 1706748616
WALL 21155164 1 0 1706748617
WALL 21155164 1 0 1706748618
WALL 21155164 1 0 1706748619
WALL 21155164 1 0 1706748620
WALL 21155164 1 0 1706748621
WALL 21155164 1 0 1706748622
WALL 21155164 1 0 1706748623
WALL 21155164 1 0 1706748624
WALL 21155164 1 0 1706748625
WALL 21155164 1 0 1706748626
WALL 21155164 1 0 1706748627
WALL 21155164 1 0 1706748628
WALL 21155164 1 0 1706748629
WALL 21155164 1 0 1706748630
WALL 21155164 1 0 1706748631
WALL 21155164 1 0 1706748632
WALL 21155164 1 0 1706748633
WALL 21155164 1 0 1706748634
WALL 21155164 1 0 1706748635
WALL 21155164 1 0 1706748636
WALL 21155164 1 0 1706748637
WALL 21155164 1 0 1706748638
WALL 21155164 1 0 1706748639
WALL 21155164 1 0 1706748640
WALL 21155164 1 0 1706748641
WALL 21155164 1 0 1706748642
WALL 21155164 1 0 1706748643
WALL 21155164 1 0 1706748644
WALL 21155164 1 0 1706748645
WALL 21155164 1 0 1706748646
WALL 21155164 1 0 1706748647
WALL 21155164 1 0 1706748648
WALL 21155164 1 0 1706748649
WALL 21155164 1 0 1706748650
WALL 21155164 1 0 1706748651
WALL 21155164 1 0 1706748652
WALL 21155164 1 0 1706748653
WALL 21155164 1 0 1706748654
WALL 21155164 1 0 1706748655
slurmstepd: error: *** JOB 21155164 ON nid200001 CANCELLED AT 2024-02-01T00:50:56 DUE TO PREEMPTION ***
received SIGTERM 1706748656
WALL 21155164 1 0 1706748656
received SIGCONT 1706748656
WALL 21155164 1 0 1706748656
received SIGTERM 1706748656
WALL 21155164 1 0 1706748656
