srun: warning: can't run 1 processes on 8 nodes, setting nnodes to 1
WALL 21248291 1 0 1706917573
WALL 21248291 1 0 1706917574
WALL 21248291 1 0 1706917575
WALL 21248291 1 0 1706917576
WALL 21248291 1 0 1706917577
WALL 21248291 1 0 1706917578
WALL 21248291 1 0 1706917579
WALL 21248291 1 0 1706917580
WALL 21248291 1 0 1706917581
WALL 21248291 1 0 1706917582
WALL 21248291 1 0 1706917583
WALL 21248291 1 0 1706917584
WALL 21248291 1 0 1706917585
WALL 21248291 1 0 1706917586
WALL 21248291 1 0 1706917587
WALL 21248291 1 0 1706917588
WALL 21248291 1 0 1706917589
WALL 21248291 1 0 1706917590
WALL 21248291 1 0 1706917591
WALL 21248291 1 0 1706917592
WALL 21248291 1 0 1706917593
WALL 21248291 1 0 1706917594
WALL 21248291 1 0 1706917595
WALL 21248291 1 0 1706917596
WALL 21248291 1 0 1706917597
WALL 21248291 1 0 1706917598
WALL 21248291 1 0 1706917599
WALL 21248291 1 0 1706917600
WALL 21248291 1 0 1706917601
WALL 21248291 1 0 1706917602
WALL 21248291 1 0 1706917603
WALL 21248291 1 0 1706917604
WALL 21248291 1 0 1706917605
WALL 21248291 1 0 1706917606
WALL 21248291 1 0 1706917607
WALL 21248291 1 0 1706917608
WALL 21248291 1 0 1706917609
WALL 21248291 1 0 1706917610
WALL 21248291 1 0 1706917611
WALL 21248291 1 0 1706917612
WALL 21248291 1 0 1706917613
WALL 21248291 1 0 1706917614
WALL 21248291 1 0 1706917615
WALL 21248291 1 0 1706917616
received SIGCONT 1706917616
WALL 21248291 1 0 1706917616
slurmstepd: error: *** STEP 21248291.0 ON nid200004 CANCELLED AT 2024-02-02T23:46:56 ***
received SIGTERM 1706917616
WALL 21248291 1 0 1706917616
WALL 21248291 1 0 1706917617
WALL 21248291 1 0 1706917618
WALL 21248291 1 0 1706917619
WALL 21248291 1 0 1706917620
WALL 21248291 1 0 1706917621
WALL 21248291 1 0 1706917622
WALL 21248291 1 0 1706917623
WALL 21248291 1 0 1706917624
WALL 21248291 1 0 1706917625
WALL 21248291 1 0 1706917626
WALL 21248291 1 0 1706917627
WALL 21248291 1 0 1706917628
WALL 21248291 1 0 1706917629
WALL 21248291 1 0 1706917630
WALL 21248291 1 0 1706917631
WALL 21248291 1 0 1706917632
WALL 21248291 1 0 1706917633
WALL 21248291 1 0 1706917634
WALL 21248291 1 0 1706917635
WALL 21248291 1 0 1706917636
WALL 21248291 1 0 1706917637
WALL 21248291 1 0 1706917638
WALL 21248291 1 0 1706917639
WALL 21248291 1 0 1706917640
WALL 21248291 1 0 1706917641
WALL 21248291 1 0 1706917642
WALL 21248291 1 0 1706917643
WALL 21248291 1 0 1706917644
WALL 21248291 1 0 1706917645
WALL 21248291 1 0 1706917646
WALL 21248291 1 0 1706917647
WALL 21248291 1 0 1706917648
WALL 21248291 1 0 1706917649
WALL 21248291 1 0 1706917650
WALL 21248291 1 0 1706917651
WALL 21248291 1 0 1706917652
WALL 21248291 1 0 1706917653
WALL 21248291 1 0 1706917654
WALL 21248291 1 0 1706917655
WALL 21248291 1 0 1706917656
WALL 21248291 1 0 1706917657
WALL 21248291 1 0 1706917658
WALL 21248291 1 0 1706917659
WALL 21248291 1 0 1706917660
WALL 21248291 1 0 1706917661
WALL 21248291 1 0 1706917662
WALL 21248291 1 0 1706917663
WALL 21248291 1 0 1706917664
WALL 21248291 1 0 1706917665
WALL 21248291 1 0 1706917666
WALL 21248291 1 0 1706917667
WALL 21248291 1 0 1706917668
WALL 21248291 1 0 1706917669
WALL 21248291 1 0 1706917670
WALL 21248291 1 0 1706917671
WALL 21248291 1 0 1706917672
WALL 21248291 1 0 1706917673
WALL 21248291 1 0 1706917674
WALL 21248291 1 0 1706917675
WALL 21248291 1 0 1706917676
WALL 21248291 1 0 1706917677
WALL 21248291 1 0 1706917678
WALL 21248291 1 0 1706917679
WALL 21248291 1 0 1706917680
WALL 21248291 1 0 1706917681
WALL 21248291 1 0 1706917682
WALL 21248291 1 0 1706917683
WALL 21248291 1 0 1706917684
WALL 21248291 1 0 1706917685
WALL 21248291 1 0 1706917686
WALL 21248291 1 0 1706917687
WALL 21248291 1 0 1706917688
WALL 21248291 1 0 1706917689
WALL 21248291 1 0 1706917690
WALL 21248291 1 0 1706917691
WALL 21248291 1 0 1706917692
WALL 21248291 1 0 1706917693
WALL 21248291 1 0 1706917694
WALL 21248291 1 0 1706917695
WALL 21248291 1 0 1706917696
WALL 21248291 1 0 1706917697
WALL 21248291 1 0 1706917698
WALL 21248291 1 0 1706917699
WALL 21248291 1 0 1706917700
WALL 21248291 1 0 1706917701
WALL 21248291 1 0 1706917702
WALL 21248291 1 0 1706917703
WALL 21248291 1 0 1706917704
WALL 21248291 1 0 1706917705
WALL 21248291 1 0 1706917706
WALL 21248291 1 0 1706917707
WALL 21248291 1 0 1706917708
WALL 21248291 1 0 1706917709
WALL 21248291 1 0 1706917710
WALL 21248291 1 0 1706917711
WALL 21248291 1 0 1706917712
WALL 21248291 1 0 1706917713
WALL 21248291 1 0 1706917714
WALL 21248291 1 0 1706917715
WALL 21248291 1 0 1706917716
WALL 21248291 1 0 1706917717
WALL 21248291 1 0 1706917718
WALL 21248291 1 0 1706917719
WALL 21248291 1 0 1706917720
WALL 21248291 1 0 1706917721
WALL 21248291 1 0 1706917722
WALL 21248291 1 0 1706917723
WALL 21248291 1 0 1706917724
WALL 21248291 1 0 1706917725
WALL 21248291 1 0 1706917726
WALL 21248291 1 0 1706917727
WALL 21248291 1 0 1706917728
WALL 21248291 1 0 1706917729
WALL 21248291 1 0 1706917730
WALL 21248291 1 0 1706917731
WALL 21248291 1 0 1706917732
WALL 21248291 1 0 1706917733
WALL 21248291 1 0 1706917734
WALL 21248291 1 0 1706917735
WALL 21248291 1 0 1706917736
WALL 21248291 1 0 1706917737
WALL 21248291 1 0 1706917738
WALL 21248291 1 0 1706917739
WALL 21248291 1 0 1706917740
WALL 21248291 1 0 1706917741
WALL 21248291 1 0 1706917742
WALL 21248291 1 0 1706917743
srun: Job step aborted: Waiting up to 32 seconds for job step to finish.
slurmstepd: error: *** JOB 21248291 ON nid200004 CANCELLED AT 2024-02-02T23:49:04 DUE TO PREEMPTION ***
received SIGTERM 1706917744
WALL 21248291 1 0 1706917744
received SIGCONT 1706917744
WALL 21248291 1 0 1706917744
received SIGTERM 1706917744
WALL 21248291 1 0 1706917744
