WALL 21199613 1 0 1706816264
WALL 21199613 1 0 1706816265
WALL 21199613 1 0 1706816266
WALL 21199613 1 0 1706816267
WALL 21199613 1 0 1706816268
WALL 21199613 1 0 1706816269
WALL 21199613 1 0 1706816270
WALL 21199613 1 0 1706816271
WALL 21199613 1 0 1706816272
WALL 21199613 1 0 1706816273
WALL 21199613 1 0 1706816274
WALL 21199613 1 0 1706816275
WALL 21199613 1 0 1706816276
WALL 21199613 1 0 1706816277
WALL 21199613 1 0 1706816278
WALL 21199613 1 0 1706816279
WALL 21199613 1 0 1706816280
WALL 21199613 1 0 1706816281
WALL 21199613 1 0 1706816282
WALL 21199613 1 0 1706816283
WALL 21199613 1 0 1706816284
WALL 21199613 1 0 1706816285
WALL 21199613 1 0 1706816286
WALL 21199613 1 0 1706816287
WALL 21199613 1 0 1706816288
WALL 21199613 1 0 1706816289
WALL 21199613 1 0 1706816290
WALL 21199613 1 0 1706816291
WALL 21199613 1 0 1706816292
WALL 21199613 1 0 1706816293
WALL 21199613 1 0 1706816294
WALL 21199613 1 0 1706816295
WALL 21199613 1 0 1706816296
WALL 21199613 1 0 1706816297
WALL 21199613 1 0 1706816298
WALL 21199613 1 0 1706816299
WALL 21199613 1 0 1706816300
WALL 21199613 1 0 1706816301
WALL 21199613 1 0 1706816302
WALL 21199613 1 0 1706816303
WALL 21199613 1 0 1706816304
WALL 21199613 1 0 1706816305
WALL 21199613 1 0 1706816306
WALL 21199613 1 0 1706816307
WALL 21199613 1 0 1706816308
WALL 21199613 1 0 1706816309
WALL 21199613 1 0 1706816310
WALL 21199613 1 0 1706816311
WALL 21199613 1 0 1706816312
WALL 21199613 1 0 1706816313
WALL 21199613 1 0 1706816314
WALL 21199613 1 0 1706816315
WALL 21199613 1 0 1706816316
WALL 21199613 1 0 1706816317
WALL 21199613 1 0 1706816318
WALL 21199613 1 0 1706816319
WALL 21199613 1 0 1706816320
WALL 21199613 1 0 1706816321
WALL 21199613 1 0 1706816322
WALL 21199613 1 0 1706816323
WALL 21199613 1 0 1706816324
WALL 21199613 1 0 1706816325
WALL 21199613 1 0 1706816326
WALL 21199613 1 0 1706816327
WALL 21199613 1 0 1706816328
WALL 21199613 1 0 1706816329
WALL 21199613 1 0 1706816330
WALL 21199613 1 0 1706816331
WALL 21199613 1 0 1706816332
WALL 21199613 1 0 1706816333
WALL 21199613 1 0 1706816334
WALL 21199613 1 0 1706816335
WALL 21199613 1 0 1706816336
WALL 21199613 1 0 1706816337
WALL 21199613 1 0 1706816338
WALL 21199613 1 0 1706816339
WALL 21199613 1 0 1706816340
WALL 21199613 1 0 1706816341
WALL 21199613 1 0 1706816342
WALL 21199613 1 0 1706816343
WALL 21199613 1 0 1706816344
WALL 21199613 1 0 1706816345
WALL 21199613 1 0 1706816346
WALL 21199613 1 0 1706816347
WALL 21199613 1 0 1706816348
WALL 21199613 1 0 1706816349
WALL 21199613 1 0 1706816350
WALL 21199613 1 0 1706816351
WALL 21199613 1 0 1706816352
WALL 21199613 1 0 1706816353
WALL 21199613 1 0 1706816354
WALL 21199613 1 0 1706816355
WALL 21199613 1 0 1706816356
WALL 21199613 1 0 1706816357
WALL 21199613 1 0 1706816358
WALL 21199613 1 0 1706816359
WALL 21199613 1 0 1706816360
WALL 21199613 1 0 1706816361
WALL 21199613 1 0 1706816362
WALL 21199613 1 0 1706816363
WALL 21199613 1 0 1706816364
WALL 21199613 1 0 1706816365
WALL 21199613 1 0 1706816366
WALL 21199613 1 0 1706816367
WALL 21199613 1 0 1706816368
WALL 21199613 1 0 1706816369
WALL 21199613 1 0 1706816370
WALL 21199613 1 0 1706816371
WALL 21199613 1 0 1706816372
WALL 21199613 1 0 1706816373
WALL 21199613 1 0 1706816374
WALL 21199613 1 0 1706816375
WALL 21199613 1 0 1706816376
WALL 21199613 1 0 1706816377
WALL 21199613 1 0 1706816378
WALL 21199613 1 0 1706816379
WALL 21199613 1 0 1706816380
WALL 21199613 1 0 1706816381
WALL 21199613 1 0 1706816382
WALL 21199613 1 0 1706816383
WALL 21199613 1 0 1706816384
WALL 21199613 1 0 1706816385
WALL 21199613 1 0 1706816386
WALL 21199613 1 0 1706816387
WALL 21199613 1 0 1706816388
WALL 21199613 1 0 1706816389
WALL 21199613 1 0 1706816390
WALL 21199613 1 0 1706816391
WALL 21199613 1 0 1706816392
WALL 21199613 1 0 1706816393
slurmstepd: error: *** STEP 21199613.0 ON nid200037 CANCELLED AT 2024-02-01T19:39:53 ***
received SIGTERM 1706816393
WALL 21199613 1 0 1706816393
received SIGCONT 1706816393
WALL 21199613 1 0 1706816393
WALL 21199613 1 0 1706816394
WALL 21199613 1 0 1706816395
WALL 21199613 1 0 1706816396
WALL 21199613 1 0 1706816397
WALL 21199613 1 0 1706816398
WALL 21199613 1 0 1706816399
WALL 21199613 1 0 1706816400
WALL 21199613 1 0 1706816401
WALL 21199613 1 0 1706816402
WALL 21199613 1 0 1706816403
WALL 21199613 1 0 1706816404
WALL 21199613 1 0 1706816405
WALL 21199613 1 0 1706816406
WALL 21199613 1 0 1706816407
WALL 21199613 1 0 1706816408
WALL 21199613 1 0 1706816409
WALL 21199613 1 0 1706816410
WALL 21199613 1 0 1706816411
WALL 21199613 1 0 1706816412
WALL 21199613 1 0 1706816413
WALL 21199613 1 0 1706816414
WALL 21199613 1 0 1706816415
WALL 21199613 1 0 1706816416
WALL 21199613 1 0 1706816417
WALL 21199613 1 0 1706816418
WALL 21199613 1 0 1706816419
WALL 21199613 1 0 1706816420
WALL 21199613 1 0 1706816421
WALL 21199613 1 0 1706816422
WALL 21199613 1 0 1706816423
WALL 21199613 1 0 1706816424
WALL 21199613 1 0 1706816425
WALL 21199613 1 0 1706816426
WALL 21199613 1 0 1706816427
WALL 21199613 1 0 1706816428
WALL 21199613 1 0 1706816429
WALL 21199613 1 0 1706816430
WALL 21199613 1 0 1706816431
WALL 21199613 1 0 1706816432
WALL 21199613 1 0 1706816433
WALL 21199613 1 0 1706816434
WALL 21199613 1 0 1706816435
WALL 21199613 1 0 1706816436
WALL 21199613 1 0 1706816437
WALL 21199613 1 0 1706816438
WALL 21199613 1 0 1706816439
WALL 21199613 1 0 1706816440
WALL 21199613 1 0 1706816441
WALL 21199613 1 0 1706816442
WALL 21199613 1 0 1706816443
WALL 21199613 1 0 1706816444
WALL 21199613 1 0 1706816445
WALL 21199613 1 0 1706816446
WALL 21199613 1 0 1706816447
WALL 21199613 1 0 1706816448
WALL 21199613 1 0 1706816449
WALL 21199613 1 0 1706816450
WALL 21199613 1 0 1706816451
WALL 21199613 1 0 1706816452
WALL 21199613 1 0 1706816453
WALL 21199613 1 0 1706816454
WALL 21199613 1 0 1706816455
WALL 21199613 1 0 1706816456
WALL 21199613 1 0 1706816457
WALL 21199613 1 0 1706816458
WALL 21199613 1 0 1706816459
WALL 21199613 1 0 1706816460
WALL 21199613 1 0 1706816461
WALL 21199613 1 0 1706816462
WALL 21199613 1 0 1706816463
WALL 21199613 1 0 1706816464
WALL 21199613 1 0 1706816465
WALL 21199613 1 0 1706816466
WALL 21199613 1 0 1706816467
WALL 21199613 1 0 1706816468
WALL 21199613 1 0 1706816469
WALL 21199613 1 0 1706816470
WALL 21199613 1 0 1706816471
WALL 21199613 1 0 1706816472
WALL 21199613 1 0 1706816473
WALL 21199613 1 0 1706816474
WALL 21199613 1 0 1706816475
WALL 21199613 1 0 1706816476
WALL 21199613 1 0 1706816477
WALL 21199613 1 0 1706816478
slurmstepd: error: *** JOB 21199613 ON nid200037 CANCELLED AT 2024-02-01T19:41:19 DUE TO PREEMPTION ***
received SIGTERM 1706816479
WALL 21199613 1 0 1706816479
received SIGCONT 1706816479
WALL 21199613 1 0 1706816479
received SIGTERM 1706816479
WALL 21199613 1 0 1706816479
