WALL 21154240 1 0 1706743874
WALL 21154240 1 0 1706743875
WALL 21154240 1 0 1706743876
WALL 21154240 1 0 1706743877
WALL 21154240 1 0 1706743878
WALL 21154240 1 0 1706743879
WALL 21154240 1 0 1706743880
WALL 21154240 1 0 1706743881
WALL 21154240 1 0 1706743882
WALL 21154240 1 0 1706743883
WALL 21154240 1 0 1706743884
WALL 21154240 1 0 1706743885
WALL 21154240 1 0 1706743886
WALL 21154240 1 0 1706743887
WALL 21154240 1 0 1706743888
WALL 21154240 1 0 1706743889
WALL 21154240 1 0 1706743890
WALL 21154240 1 0 1706743891
WALL 21154240 1 0 1706743892
WALL 21154240 1 0 1706743893
WALL 21154240 1 0 1706743894
WALL 21154240 1 0 1706743895
WALL 21154240 1 0 1706743896
WALL 21154240 1 0 1706743897
WALL 21154240 1 0 1706743898
WALL 21154240 1 0 1706743899
WALL 21154240 1 0 1706743900
WALL 21154240 1 0 1706743901
WALL 21154240 1 0 1706743902
WALL 21154240 1 0 1706743903
WALL 21154240 1 0 1706743904
WALL 21154240 1 0 1706743905
WALL 21154240 1 0 1706743906
WALL 21154240 1 0 1706743907
WALL 21154240 1 0 1706743908
WALL 21154240 1 0 1706743909
WALL 21154240 1 0 1706743910
WALL 21154240 1 0 1706743911
WALL 21154240 1 0 1706743912
WALL 21154240 1 0 1706743913
WALL 21154240 1 0 1706743914
WALL 21154240 1 0 1706743915
WALL 21154240 1 0 1706743916
WALL 21154240 1 0 1706743917
WALL 21154240 1 0 1706743918
WALL 21154240 1 0 1706743919
WALL 21154240 1 0 1706743920
WALL 21154240 1 0 1706743921
WALL 21154240 1 0 1706743922
WALL 21154240 1 0 1706743923
WALL 21154240 1 0 1706743924
WALL 21154240 1 0 1706743925
WALL 21154240 1 0 1706743926
WALL 21154240 1 0 1706743927
WALL 21154240 1 0 1706743928
WALL 21154240 1 0 1706743929
WALL 21154240 1 0 1706743930
WALL 21154240 1 0 1706743931
WALL 21154240 1 0 1706743932
WALL 21154240 1 0 1706743933
WALL 21154240 1 0 1706743934
WALL 21154240 1 0 1706743935
WALL 21154240 1 0 1706743936
WALL 21154240 1 0 1706743937
WALL 21154240 1 0 1706743938
WALL 21154240 1 0 1706743939
WALL 21154240 1 0 1706743940
WALL 21154240 1 0 1706743941
WALL 21154240 1 0 1706743942
WALL 21154240 1 0 1706743943
WALL 21154240 1 0 1706743944
WALL 21154240 1 0 1706743945
WALL 21154240 1 0 1706743946
WALL 21154240 1 0 1706743947
WALL 21154240 1 0 1706743948
WALL 21154240 1 0 1706743949
WALL 21154240 1 0 1706743950
WALL 21154240 1 0 1706743951
WALL 21154240 1 0 1706743952
WALL 21154240 1 0 1706743953
WALL 21154240 1 0 1706743954
WALL 21154240 1 0 1706743955
WALL 21154240 1 0 1706743956
WALL 21154240 1 0 1706743957
WALL 21154240 1 0 1706743958
WALL 21154240 1 0 1706743959
WALL 21154240 1 0 1706743960
WALL 21154240 1 0 1706743961
WALL 21154240 1 0 1706743962
WALL 21154240 1 0 1706743963
WALL 21154240 1 0 1706743964
WALL 21154240 1 0 1706743965
WALL 21154240 1 0 1706743966
WALL 21154240 1 0 1706743967
WALL 21154240 1 0 1706743968
WALL 21154240 1 0 1706743969
WALL 21154240 1 0 1706743970
WALL 21154240 1 0 1706743971
WALL 21154240 1 0 1706743972
WALL 21154240 1 0 1706743973
WALL 21154240 1 0 1706743974
WALL 21154240 1 0 1706743975
WALL 21154240 1 0 1706743976
WALL 21154240 1 0 1706743977
WALL 21154240 1 0 1706743978
WALL 21154240 1 0 1706743979
WALL 21154240 1 0 1706743980
WALL 21154240 1 0 1706743981
WALL 21154240 1 0 1706743982
WALL 21154240 1 0 1706743983
WALL 21154240 1 0 1706743984
WALL 21154240 1 0 1706743985
WALL 21154240 1 0 1706743986
WALL 21154240 1 0 1706743987
WALL 21154240 1 0 1706743988
WALL 21154240 1 0 1706743989
WALL 21154240 1 0 1706743990
WALL 21154240 1 0 1706743991
WALL 21154240 1 0 1706743992
WALL 21154240 1 0 1706743993
WALL 21154240 1 0 1706743994
WALL 21154240 1 0 1706743995
WALL 21154240 1 0 1706743996
WALL 21154240 1 0 1706743997
WALL 21154240 1 0 1706743998
WALL 21154240 1 0 1706743999
WALL 21154240 1 0 1706744000
WALL 21154240 1 0 1706744001
WALL 21154240 1 0 1706744002
WALL 21154240 1 0 1706744003
WALL 21154240 1 0 1706744004
WALL 21154240 1 0 1706744005
WALL 21154240 1 0 1706744006
WALL 21154240 1 0 1706744007
WALL 21154240 1 0 1706744008
WALL 21154240 1 0 1706744009
WALL 21154240 1 0 1706744010
WALL 21154240 1 0 1706744011
WALL 21154240 1 0 1706744012
WALL 21154240 1 0 1706744013
WALL 21154240 1 0 1706744014
WALL 21154240 1 0 1706744015
WALL 21154240 1 0 1706744016
WALL 21154240 1 0 1706744017
WALL 21154240 1 0 1706744018
WALL 21154240 1 0 1706744019
WALL 21154240 1 0 1706744020
WALL 21154240 1 0 1706744021
WALL 21154240 1 0 1706744022
WALL 21154240 1 0 1706744023
WALL 21154240 1 0 1706744024
WALL 21154240 1 0 1706744025
WALL 21154240 1 0 1706744026
WALL 21154240 1 0 1706744027
received SIGCONT 1706744028
WALL 21154240 1 0 1706744028
slurmstepd: error: *** STEP 21154240.0 ON nid200020 CANCELLED AT 2024-01-31T23:33:48 ***
received SIGTERM 1706744028
WALL 21154240 1 0 1706744028
WALL 21154240 1 0 1706744029
WALL 21154240 1 0 1706744030
WALL 21154240 1 0 1706744031
WALL 21154240 1 0 1706744032
WALL 21154240 1 0 1706744033
WALL 21154240 1 0 1706744034
WALL 21154240 1 0 1706744035
WALL 21154240 1 0 1706744036
WALL 21154240 1 0 1706744037
WALL 21154240 1 0 1706744038
WALL 21154240 1 0 1706744039
WALL 21154240 1 0 1706744040
WALL 21154240 1 0 1706744041
WALL 21154240 1 0 1706744042
WALL 21154240 1 0 1706744043
WALL 21154240 1 0 1706744044
WALL 21154240 1 0 1706744045
WALL 21154240 1 0 1706744046
WALL 21154240 1 0 1706744047
WALL 21154240 1 0 1706744048
WALL 21154240 1 0 1706744049
WALL 21154240 1 0 1706744050
WALL 21154240 1 0 1706744051
WALL 21154240 1 0 1706744052
WALL 21154240 1 0 1706744053
WALL 21154240 1 0 1706744054
WALL 21154240 1 0 1706744055
WALL 21154240 1 0 1706744056
WALL 21154240 1 0 1706744057
WALL 21154240 1 0 1706744058
WALL 21154240 1 0 1706744059
WALL 21154240 1 0 1706744060
WALL 21154240 1 0 1706744061
WALL 21154240 1 0 1706744062
WALL 21154240 1 0 1706744063
WALL 21154240 1 0 1706744064
WALL 21154240 1 0 1706744065
WALL 21154240 1 0 1706744066
WALL 21154240 1 0 1706744067
WALL 21154240 1 0 1706744068
WALL 21154240 1 0 1706744069
WALL 21154240 1 0 1706744070
WALL 21154240 1 0 1706744071
WALL 21154240 1 0 1706744072
WALL 21154240 1 0 1706744073
WALL 21154240 1 0 1706744074
WALL 21154240 1 0 1706744075
WALL 21154240 1 0 1706744076
WALL 21154240 1 0 1706744077
WALL 21154240 1 0 1706744078
WALL 21154240 1 0 1706744079
WALL 21154240 1 0 1706744080
WALL 21154240 1 0 1706744081
WALL 21154240 1 0 1706744082
WALL 21154240 1 0 1706744083
WALL 21154240 1 0 1706744084
WALL 21154240 1 0 1706744085
WALL 21154240 1 0 1706744086
WALL 21154240 1 0 1706744087
WALL 21154240 1 0 1706744088
WALL 21154240 1 0 1706744089
WALL 21154240 1 0 1706744090
WALL 21154240 1 0 1706744091
WALL 21154240 1 0 1706744092
WALL 21154240 1 0 1706744093
WALL 21154240 1 0 1706744094
WALL 21154240 1 0 1706744095
WALL 21154240 1 0 1706744096
WALL 21154240 1 0 1706744097
WALL 21154240 1 0 1706744098
WALL 21154240 1 0 1706744099
WALL 21154240 1 0 1706744100
WALL 21154240 1 0 1706744101
WALL 21154240 1 0 1706744102
WALL 21154240 1 0 1706744103
slurmstepd: error: *** JOB 21154240 ON nid200020 CANCELLED AT 2024-01-31T23:35:03 DUE TO PREEMPTION ***
received SIGTERM 1706744103
WALL 21154240 1 0 1706744103
received SIGCONT 1706744103
WALL 21154240 1 0 1706744103
received SIGTERM 1706744103
WALL 21154240 1 0 1706744103
