srun: warning: can't run 1 processes on 8 nodes, setting nnodes to 1
WALL 21204783 1 0 1706819542
WALL 21204783 1 0 1706819543
WALL 21204783 1 0 1706819544
WALL 21204783 1 0 1706819545
WALL 21204783 1 0 1706819546
WALL 21204783 1 0 1706819547
WALL 21204783 1 0 1706819548
WALL 21204783 1 0 1706819549
WALL 21204783 1 0 1706819550
WALL 21204783 1 0 1706819551
WALL 21204783 1 0 1706819552
WALL 21204783 1 0 1706819553
WALL 21204783 1 0 1706819554
WALL 21204783 1 0 1706819555
WALL 21204783 1 0 1706819556
WALL 21204783 1 0 1706819557
WALL 21204783 1 0 1706819558
WALL 21204783 1 0 1706819559
WALL 21204783 1 0 1706819560
WALL 21204783 1 0 1706819561
WALL 21204783 1 0 1706819562
WALL 21204783 1 0 1706819563
WALL 21204783 1 0 1706819564
WALL 21204783 1 0 1706819565
WALL 21204783 1 0 1706819566
WALL 21204783 1 0 1706819567
WALL 21204783 1 0 1706819568
WALL 21204783 1 0 1706819569
WALL 21204783 1 0 1706819570
WALL 21204783 1 0 1706819571
WALL 21204783 1 0 1706819572
WALL 21204783 1 0 1706819573
WALL 21204783 1 0 1706819574
WALL 21204783 1 0 1706819575
WALL 21204783 1 0 1706819576
WALL 21204783 1 0 1706819577
WALL 21204783 1 0 1706819578
WALL 21204783 1 0 1706819579
WALL 21204783 1 0 1706819580
WALL 21204783 1 0 1706819581
WALL 21204783 1 0 1706819582
WALL 21204783 1 0 1706819583
WALL 21204783 1 0 1706819584
WALL 21204783 1 0 1706819585
WALL 21204783 1 0 1706819586
WALL 21204783 1 0 1706819587
WALL 21204783 1 0 1706819588
WALL 21204783 1 0 1706819589
WALL 21204783 1 0 1706819590
WALL 21204783 1 0 1706819591
WALL 21204783 1 0 1706819592
WALL 21204783 1 0 1706819593
WALL 21204783 1 0 1706819594
WALL 21204783 1 0 1706819595
WALL 21204783 1 0 1706819596
WALL 21204783 1 0 1706819597
WALL 21204783 1 0 1706819598
WALL 21204783 1 0 1706819599
WALL 21204783 1 0 1706819600
WALL 21204783 1 0 1706819601
WALL 21204783 1 0 1706819602
WALL 21204783 1 0 1706819603
WALL 21204783 1 0 1706819604
WALL 21204783 1 0 1706819605
WALL 21204783 1 0 1706819606
WALL 21204783 1 0 1706819607
WALL 21204783 1 0 1706819608
WALL 21204783 1 0 1706819609
WALL 21204783 1 0 1706819610
WALL 21204783 1 0 1706819611
WALL 21204783 1 0 1706819612
WALL 21204783 1 0 1706819613
WALL 21204783 1 0 1706819614
WALL 21204783 1 0 1706819615
WALL 21204783 1 0 1706819616
WALL 21204783 1 0 1706819617
WALL 21204783 1 0 1706819618
WALL 21204783 1 0 1706819619
WALL 21204783 1 0 1706819620
WALL 21204783 1 0 1706819621
WALL 21204783 1 0 1706819622
WALL 21204783 1 0 1706819623
WALL 21204783 1 0 1706819624
WALL 21204783 1 0 1706819625
WALL 21204783 1 0 1706819626
WALL 21204783 1 0 1706819627
WALL 21204783 1 0 1706819628
WALL 21204783 1 0 1706819629
WALL 21204783 1 0 1706819630
WALL 21204783 1 0 1706819631
WALL 21204783 1 0 1706819632
WALL 21204783 1 0 1706819633
WALL 21204783 1 0 1706819634
WALL 21204783 1 0 1706819635
WALL 21204783 1 0 1706819636
WALL 21204783 1 0 1706819637
WALL 21204783 1 0 1706819638
WALL 21204783 1 0 1706819639
WALL 21204783 1 0 1706819640
WALL 21204783 1 0 1706819641
WALL 21204783 1 0 1706819642
WALL 21204783 1 0 1706819643
WALL 21204783 1 0 1706819644
WALL 21204783 1 0 1706819645
WALL 21204783 1 0 1706819646
WALL 21204783 1 0 1706819647
WALL 21204783 1 0 1706819648
WALL 21204783 1 0 1706819649
WALL 21204783 1 0 1706819650
WALL 21204783 1 0 1706819651
WALL 21204783 1 0 1706819652
WALL 21204783 1 0 1706819653
WALL 21204783 1 0 1706819654
WALL 21204783 1 0 1706819655
WALL 21204783 1 0 1706819656
WALL 21204783 1 0 1706819657
WALL 21204783 1 0 1706819658
WALL 21204783 1 0 1706819659
WALL 21204783 1 0 1706819660
WALL 21204783 1 0 1706819661
WALL 21204783 1 0 1706819662
WALL 21204783 1 0 1706819663
WALL 21204783 1 0 1706819664
WALL 21204783 1 0 1706819665
WALL 21204783 1 0 1706819666
WALL 21204783 1 0 1706819667
WALL 21204783 1 0 1706819668
WALL 21204783 1 0 1706819669
WALL 21204783 1 0 1706819670
WALL 21204783 1 0 1706819671
WALL 21204783 1 0 1706819672
WALL 21204783 1 0 1706819673
WALL 21204783 1 0 1706819674
WALL 21204783 1 0 1706819675
WALL 21204783 1 0 1706819676
WALL 21204783 1 0 1706819677
WALL 21204783 1 0 1706819678
WALL 21204783 1 0 1706819679
WALL 21204783 1 0 1706819680
WALL 21204783 1 0 1706819681
WALL 21204783 1 0 1706819682
WALL 21204783 1 0 1706819683
WALL 21204783 1 0 1706819684
WALL 21204783 1 0 1706819685
WALL 21204783 1 0 1706819686
WALL 21204783 1 0 1706819687
WALL 21204783 1 0 1706819688
WALL 21204783 1 0 1706819689
WALL 21204783 1 0 1706819690
WALL 21204783 1 0 1706819691
WALL 21204783 1 0 1706819692
WALL 21204783 1 0 1706819693
WALL 21204783 1 0 1706819694
WALL 21204783 1 0 1706819695
WALL 21204783 1 0 1706819696
WALL 21204783 1 0 1706819697
WALL 21204783 1 0 1706819698
WALL 21204783 1 0 1706819699
WALL 21204783 1 0 1706819700
WALL 21204783 1 0 1706819701
WALL 21204783 1 0 1706819702
WALL 21204783 1 0 1706819703
WALL 21204783 1 0 1706819704
WALL 21204783 1 0 1706819705
WALL 21204783 1 0 1706819706
WALL 21204783 1 0 1706819707
WALL 21204783 1 0 1706819708
WALL 21204783 1 0 1706819709
WALL 21204783 1 0 1706819710
WALL 21204783 1 0 1706819711
WALL 21204783 1 0 1706819712
WALL 21204783 1 0 1706819713
WALL 21204783 1 0 1706819714
WALL 21204783 1 0 1706819715
WALL 21204783 1 0 1706819716
WALL 21204783 1 0 1706819717
WALL 21204783 1 0 1706819718
WALL 21204783 1 0 1706819719
WALL 21204783 1 0 1706819720
WALL 21204783 1 0 1706819721
WALL 21204783 1 0 1706819722
WALL 21204783 1 0 1706819723
WALL 21204783 1 0 1706819724
WALL 21204783 1 0 1706819725
WALL 21204783 1 0 1706819726
WALL 21204783 1 0 1706819727
WALL 21204783 1 0 1706819728
WALL 21204783 1 0 1706819729
WALL 21204783 1 0 1706819730
WALL 21204783 1 0 1706819731
WALL 21204783 1 0 1706819732
WALL 21204783 1 0 1706819733
WALL 21204783 1 0 1706819734
WALL 21204783 1 0 1706819735
WALL 21204783 1 0 1706819736
WALL 21204783 1 0 1706819737
WALL 21204783 1 0 1706819738
WALL 21204783 1 0 1706819739
WALL 21204783 1 0 1706819740
WALL 21204783 1 0 1706819741
WALL 21204783 1 0 1706819742
WALL 21204783 1 0 1706819743
WALL 21204783 1 0 1706819744
WALL 21204783 1 0 1706819745
WALL 21204783 1 0 1706819746
WALL 21204783 1 0 1706819747
WALL 21204783 1 0 1706819748
WALL 21204783 1 0 1706819749
WALL 21204783 1 0 1706819750
WALL 21204783 1 0 1706819751
WALL 21204783 1 0 1706819752
WALL 21204783 1 0 1706819753
WALL 21204783 1 0 1706819754
WALL 21204783 1 0 1706819755
WALL 21204783 1 0 1706819756
WALL 21204783 1 0 1706819757
WALL 21204783 1 0 1706819758
WALL 21204783 1 0 1706819759
WALL 21204783 1 0 1706819760
WALL 21204783 1 0 1706819761
WALL 21204783 1 0 1706819762
WALL 21204783 1 0 1706819763
WALL 21204783 1 0 1706819764
WALL 21204783 1 0 1706819765
WALL 21204783 1 0 1706819766
WALL 21204783 1 0 1706819767
WALL 21204783 1 0 1706819768
WALL 21204783 1 0 1706819769
WALL 21204783 1 0 1706819770
WALL 21204783 1 0 1706819771
WALL 21204783 1 0 1706819772
WALL 21204783 1 0 1706819773
WALL 21204783 1 0 1706819774
WALL 21204783 1 0 1706819775
WALL 21204783 1 0 1706819776
WALL 21204783 1 0 1706819777
WALL 21204783 1 0 1706819778
WALL 21204783 1 0 1706819779
WALL 21204783 1 0 1706819780
WALL 21204783 1 0 1706819781
WALL 21204783 1 0 1706819782
WALL 21204783 1 0 1706819783
WALL 21204783 1 0 1706819784
WALL 21204783 1 0 1706819785
WALL 21204783 1 0 1706819786
WALL 21204783 1 0 1706819787
WALL 21204783 1 0 1706819788
WALL 21204783 1 0 1706819789
WALL 21204783 1 0 1706819790
WALL 21204783 1 0 1706819791
WALL 21204783 1 0 1706819792
WALL 21204783 1 0 1706819793
WALL 21204783 1 0 1706819794
WALL 21204783 1 0 1706819795
WALL 21204783 1 0 1706819796
WALL 21204783 1 0 1706819797
WALL 21204783 1 0 1706819798
WALL 21204783 1 0 1706819799
WALL 21204783 1 0 1706819800
WALL 21204783 1 0 1706819801
WALL 21204783 1 0 1706819802
WALL 21204783 1 0 1706819803
WALL 21204783 1 0 1706819804
WALL 21204783 1 0 1706819805
WALL 21204783 1 0 1706819806
WALL 21204783 1 0 1706819807
WALL 21204783 1 0 1706819808
WALL 21204783 1 0 1706819809
WALL 21204783 1 0 1706819810
WALL 21204783 1 0 1706819811
WALL 21204783 1 0 1706819812
WALL 21204783 1 0 1706819813
WALL 21204783 1 0 1706819814
WALL 21204783 1 0 1706819815
WALL 21204783 1 0 1706819816
WALL 21204783 1 0 1706819817
WALL 21204783 1 0 1706819818
WALL 21204783 1 0 1706819819
WALL 21204783 1 0 1706819820
WALL 21204783 1 0 1706819821
WALL 21204783 1 0 1706819822
WALL 21204783 1 0 1706819823
WALL 21204783 1 0 1706819824
WALL 21204783 1 0 1706819825
WALL 21204783 1 0 1706819826
WALL 21204783 1 0 1706819827
WALL 21204783 1 0 1706819828
WALL 21204783 1 0 1706819829
WALL 21204783 1 0 1706819830
WALL 21204783 1 0 1706819831
WALL 21204783 1 0 1706819832
WALL 21204783 1 0 1706819833
WALL 21204783 1 0 1706819834
WALL 21204783 1 0 1706819835
WALL 21204783 1 0 1706819836
WALL 21204783 1 0 1706819837
WALL 21204783 1 0 1706819838
WALL 21204783 1 0 1706819839
WALL 21204783 1 0 1706819840
WALL 21204783 1 0 1706819841
WALL 21204783 1 0 1706819842
WALL 21204783 1 0 1706819843
WALL 21204783 1 0 1706819844
WALL 21204783 1 0 1706819845
WALL 21204783 1 0 1706819846
WALL 21204783 1 0 1706819847
WALL 21204783 1 0 1706819848
WALL 21204783 1 0 1706819849
WALL 21204783 1 0 1706819850
WALL 21204783 1 0 1706819851
WALL 21204783 1 0 1706819852
WALL 21204783 1 0 1706819853
WALL 21204783 1 0 1706819854
WALL 21204783 1 0 1706819855
WALL 21204783 1 0 1706819856
WALL 21204783 1 0 1706819857
WALL 21204783 1 0 1706819858
WALL 21204783 1 0 1706819859
WALL 21204783 1 0 1706819860
WALL 21204783 1 0 1706819861
WALL 21204783 1 0 1706819862
WALL 21204783 1 0 1706819863
WALL 21204783 1 0 1706819864
WALL 21204783 1 0 1706819865
WALL 21204783 1 0 1706819866
WALL 21204783 1 0 1706819867
WALL 21204783 1 0 1706819868
WALL 21204783 1 0 1706819869
WALL 21204783 1 0 1706819870
WALL 21204783 1 0 1706819871
WALL 21204783 1 0 1706819872
WALL 21204783 1 0 1706819873
WALL 21204783 1 0 1706819874
WALL 21204783 1 0 1706819875
WALL 21204783 1 0 1706819876
WALL 21204783 1 0 1706819877
WALL 21204783 1 0 1706819878
WALL 21204783 1 0 1706819879
WALL 21204783 1 0 1706819880
WALL 21204783 1 0 1706819881
WALL 21204783 1 0 1706819882
WALL 21204783 1 0 1706819883
WALL 21204783 1 0 1706819884
WALL 21204783 1 0 1706819885
WALL 21204783 1 0 1706819886
WALL 21204783 1 0 1706819887
WALL 21204783 1 0 1706819888
WALL 21204783 1 0 1706819889
WALL 21204783 1 0 1706819890
WALL 21204783 1 0 1706819891
WALL 21204783 1 0 1706819892
WALL 21204783 1 0 1706819893
WALL 21204783 1 0 1706819894
WALL 21204783 1 0 1706819895
WALL 21204783 1 0 1706819896
WALL 21204783 1 0 1706819897
WALL 21204783 1 0 1706819898
WALL 21204783 1 0 1706819899
WALL 21204783 1 0 1706819900
WALL 21204783 1 0 1706819901
WALL 21204783 1 0 1706819902
WALL 21204783 1 0 1706819903
WALL 21204783 1 0 1706819904
WALL 21204783 1 0 1706819905
WALL 21204783 1 0 1706819906
WALL 21204783 1 0 1706819907
WALL 21204783 1 0 1706819908
WALL 21204783 1 0 1706819909
WALL 21204783 1 0 1706819910
WALL 21204783 1 0 1706819911
WALL 21204783 1 0 1706819912
WALL 21204783 1 0 1706819913
WALL 21204783 1 0 1706819914
WALL 21204783 1 0 1706819915
WALL 21204783 1 0 1706819916
WALL 21204783 1 0 1706819917
WALL 21204783 1 0 1706819918
WALL 21204783 1 0 1706819919
WALL 21204783 1 0 1706819920
WALL 21204783 1 0 1706819921
WALL 21204783 1 0 1706819922
WALL 21204783 1 0 1706819923
WALL 21204783 1 0 1706819924
WALL 21204783 1 0 1706819925
WALL 21204783 1 0 1706819926
WALL 21204783 1 0 1706819927
WALL 21204783 1 0 1706819928
WALL 21204783 1 0 1706819929
WALL 21204783 1 0 1706819930
WALL 21204783 1 0 1706819931
WALL 21204783 1 0 1706819932
WALL 21204783 1 0 1706819933
WALL 21204783 1 0 1706819934
WALL 21204783 1 0 1706819935
WALL 21204783 1 0 1706819936
WALL 21204783 1 0 1706819937
WALL 21204783 1 0 1706819938
WALL 21204783 1 0 1706819939
WALL 21204783 1 0 1706819940
WALL 21204783 1 0 1706819941
WALL 21204783 1 0 1706819942
WALL 21204783 1 0 1706819943
WALL 21204783 1 0 1706819944
WALL 21204783 1 0 1706819945
WALL 21204783 1 0 1706819946
WALL 21204783 1 0 1706819947
WALL 21204783 1 0 1706819948
WALL 21204783 1 0 1706819949
WALL 21204783 1 0 1706819950
WALL 21204783 1 0 1706819951
WALL 21204783 1 0 1706819952
WALL 21204783 1 0 1706819953
WALL 21204783 1 0 1706819954
WALL 21204783 1 0 1706819955
WALL 21204783 1 0 1706819956
WALL 21204783 1 0 1706819957
WALL 21204783 1 0 1706819958
WALL 21204783 1 0 1706819959
WALL 21204783 1 0 1706819960
WALL 21204783 1 0 1706819961
WALL 21204783 1 0 1706819962
WALL 21204783 1 0 1706819963
WALL 21204783 1 0 1706819964
WALL 21204783 1 0 1706819965
WALL 21204783 1 0 1706819966
WALL 21204783 1 0 1706819967
WALL 21204783 1 0 1706819968
WALL 21204783 1 0 1706819969
WALL 21204783 1 0 1706819970
WALL 21204783 1 0 1706819971
WALL 21204783 1 0 1706819972
WALL 21204783 1 0 1706819973
WALL 21204783 1 0 1706819974
WALL 21204783 1 0 1706819975
WALL 21204783 1 0 1706819976
WALL 21204783 1 0 1706819977
WALL 21204783 1 0 1706819978
WALL 21204783 1 0 1706819979
WALL 21204783 1 0 1706819980
WALL 21204783 1 0 1706819981
WALL 21204783 1 0 1706819982
WALL 21204783 1 0 1706819983
WALL 21204783 1 0 1706819984
WALL 21204783 1 0 1706819985
WALL 21204783 1 0 1706819986
WALL 21204783 1 0 1706819987
WALL 21204783 1 0 1706819988
WALL 21204783 1 0 1706819989
WALL 21204783 1 0 1706819990
WALL 21204783 1 0 1706819991
WALL 21204783 1 0 1706819992
WALL 21204783 1 0 1706819993
WALL 21204783 1 0 1706819994
WALL 21204783 1 0 1706819995
WALL 21204783 1 0 1706819996
WALL 21204783 1 0 1706819997
WALL 21204783 1 0 1706819998
WALL 21204783 1 0 1706819999
WALL 21204783 1 0 1706820000
WALL 21204783 1 0 1706820001
WALL 21204783 1 0 1706820002
WALL 21204783 1 0 1706820003
WALL 21204783 1 0 1706820004
WALL 21204783 1 0 1706820005
WALL 21204783 1 0 1706820006
WALL 21204783 1 0 1706820007
WALL 21204783 1 0 1706820008
WALL 21204783 1 0 1706820009
WALL 21204783 1 0 1706820010
WALL 21204783 1 0 1706820011
WALL 21204783 1 0 1706820012
WALL 21204783 1 0 1706820013
WALL 21204783 1 0 1706820014
WALL 21204783 1 0 1706820015
WALL 21204783 1 0 1706820016
WALL 21204783 1 0 1706820017
WALL 21204783 1 0 1706820018
WALL 21204783 1 0 1706820019
WALL 21204783 1 0 1706820020
WALL 21204783 1 0 1706820021
WALL 21204783 1 0 1706820022
WALL 21204783 1 0 1706820023
WALL 21204783 1 0 1706820024
WALL 21204783 1 0 1706820025
WALL 21204783 1 0 1706820026
WALL 21204783 1 0 1706820027
WALL 21204783 1 0 1706820028
WALL 21204783 1 0 1706820029
WALL 21204783 1 0 1706820030
WALL 21204783 1 0 1706820031
WALL 21204783 1 0 1706820032
WALL 21204783 1 0 1706820033
WALL 21204783 1 0 1706820034
WALL 21204783 1 0 1706820035
WALL 21204783 1 0 1706820036
WALL 21204783 1 0 1706820037
WALL 21204783 1 0 1706820038
WALL 21204783 1 0 1706820039
WALL 21204783 1 0 1706820040
WALL 21204783 1 0 1706820041
WALL 21204783 1 0 1706820042
WALL 21204783 1 0 1706820043
WALL 21204783 1 0 1706820044
WALL 21204783 1 0 1706820045
WALL 21204783 1 0 1706820046
WALL 21204783 1 0 1706820047
WALL 21204783 1 0 1706820048
WALL 21204783 1 0 1706820049
WALL 21204783 1 0 1706820050
WALL 21204783 1 0 1706820051
WALL 21204783 1 0 1706820052
WALL 21204783 1 0 1706820053
WALL 21204783 1 0 1706820054
WALL 21204783 1 0 1706820055
WALL 21204783 1 0 1706820056
WALL 21204783 1 0 1706820057
WALL 21204783 1 0 1706820058
WALL 21204783 1 0 1706820059
WALL 21204783 1 0 1706820060
WALL 21204783 1 0 1706820061
WALL 21204783 1 0 1706820062
WALL 21204783 1 0 1706820063
WALL 21204783 1 0 1706820064
WALL 21204783 1 0 1706820065
WALL 21204783 1 0 1706820066
WALL 21204783 1 0 1706820067
WALL 21204783 1 0 1706820068
WALL 21204783 1 0 1706820069
WALL 21204783 1 0 1706820070
WALL 21204783 1 0 1706820071
WALL 21204783 1 0 1706820072
WALL 21204783 1 0 1706820073
WALL 21204783 1 0 1706820074
WALL 21204783 1 0 1706820075
WALL 21204783 1 0 1706820076
WALL 21204783 1 0 1706820077
WALL 21204783 1 0 1706820078
WALL 21204783 1 0 1706820079
WALL 21204783 1 0 1706820080
WALL 21204783 1 0 1706820081
WALL 21204783 1 0 1706820082
WALL 21204783 1 0 1706820083
WALL 21204783 1 0 1706820084
WALL 21204783 1 0 1706820085
WALL 21204783 1 0 1706820086
WALL 21204783 1 0 1706820087
WALL 21204783 1 0 1706820088
WALL 21204783 1 0 1706820089
WALL 21204783 1 0 1706820090
WALL 21204783 1 0 1706820091
WALL 21204783 1 0 1706820092
WALL 21204783 1 0 1706820093
WALL 21204783 1 0 1706820094
WALL 21204783 1 0 1706820095
WALL 21204783 1 0 1706820096
WALL 21204783 1 0 1706820097
WALL 21204783 1 0 1706820098
WALL 21204783 1 0 1706820099
WALL 21204783 1 0 1706820100
WALL 21204783 1 0 1706820101
WALL 21204783 1 0 1706820102
WALL 21204783 1 0 1706820103
WALL 21204783 1 0 1706820104
WALL 21204783 1 0 1706820105
WALL 21204783 1 0 1706820106
WALL 21204783 1 0 1706820107
WALL 21204783 1 0 1706820108
WALL 21204783 1 0 1706820109
WALL 21204783 1 0 1706820110
WALL 21204783 1 0 1706820111
WALL 21204783 1 0 1706820112
WALL 21204783 1 0 1706820113
WALL 21204783 1 0 1706820114
WALL 21204783 1 0 1706820115
WALL 21204783 1 0 1706820116
WALL 21204783 1 0 1706820117
WALL 21204783 1 0 1706820118
WALL 21204783 1 0 1706820119
WALL 21204783 1 0 1706820120
WALL 21204783 1 0 1706820121
WALL 21204783 1 0 1706820122
WALL 21204783 1 0 1706820123
WALL 21204783 1 0 1706820124
WALL 21204783 1 0 1706820125
WALL 21204783 1 0 1706820126
WALL 21204783 1 0 1706820127
WALL 21204783 1 0 1706820128
WALL 21204783 1 0 1706820129
WALL 21204783 1 0 1706820130
WALL 21204783 1 0 1706820131
WALL 21204783 1 0 1706820132
WALL 21204783 1 0 1706820133
WALL 21204783 1 0 1706820134
WALL 21204783 1 0 1706820135
WALL 21204783 1 0 1706820136
WALL 21204783 1 0 1706820137
WALL 21204783 1 0 1706820138
WALL 21204783 1 0 1706820139
WALL 21204783 1 0 1706820140
WALL 21204783 1 0 1706820141
WALL 21204783 1 0 1706820142
WALL 21204783 1 0 1706820143
WALL 21204783 1 0 1706820144
WALL 21204783 1 0 1706820145
WALL 21204783 1 0 1706820146
WALL 21204783 1 0 1706820147
WALL 21204783 1 0 1706820148
WALL 21204783 1 0 1706820149
WALL 21204783 1 0 1706820150
WALL 21204783 1 0 1706820151
WALL 21204783 1 0 1706820152
WALL 21204783 1 0 1706820153
WALL 21204783 1 0 1706820154
WALL 21204783 1 0 1706820155
WALL 21204783 1 0 1706820156
WALL 21204783 1 0 1706820157
WALL 21204783 1 0 1706820158
WALL 21204783 1 0 1706820159
WALL 21204783 1 0 1706820160
WALL 21204783 1 0 1706820161
WALL 21204783 1 0 1706820162
WALL 21204783 1 0 1706820163
WALL 21204783 1 0 1706820164
WALL 21204783 1 0 1706820165
WALL 21204783 1 0 1706820166
WALL 21204783 1 0 1706820167
WALL 21204783 1 0 1706820168
WALL 21204783 1 0 1706820169
WALL 21204783 1 0 1706820170
WALL 21204783 1 0 1706820171
WALL 21204783 1 0 1706820172
WALL 21204783 1 0 1706820173
WALL 21204783 1 0 1706820174
WALL 21204783 1 0 1706820175
WALL 21204783 1 0 1706820176
WALL 21204783 1 0 1706820177
WALL 21204783 1 0 1706820178
WALL 21204783 1 0 1706820179
WALL 21204783 1 0 1706820180
WALL 21204783 1 0 1706820181
WALL 21204783 1 0 1706820182
WALL 21204783 1 0 1706820183
WALL 21204783 1 0 1706820184
WALL 21204783 1 0 1706820185
WALL 21204783 1 0 1706820186
WALL 21204783 1 0 1706820187
WALL 21204783 1 0 1706820188
WALL 21204783 1 0 1706820189
WALL 21204783 1 0 1706820190
WALL 21204783 1 0 1706820191
WALL 21204783 1 0 1706820192
WALL 21204783 1 0 1706820193
WALL 21204783 1 0 1706820194
WALL 21204783 1 0 1706820195
WALL 21204783 1 0 1706820196
WALL 21204783 1 0 1706820197
WALL 21204783 1 0 1706820198
WALL 21204783 1 0 1706820199
WALL 21204783 1 0 1706820200
WALL 21204783 1 0 1706820201
WALL 21204783 1 0 1706820202
WALL 21204783 1 0 1706820203
WALL 21204783 1 0 1706820204
WALL 21204783 1 0 1706820205
WALL 21204783 1 0 1706820206
WALL 21204783 1 0 1706820207
WALL 21204783 1 0 1706820208
WALL 21204783 1 0 1706820209
WALL 21204783 1 0 1706820210
WALL 21204783 1 0 1706820211
WALL 21204783 1 0 1706820212
WALL 21204783 1 0 1706820213
WALL 21204783 1 0 1706820214
WALL 21204783 1 0 1706820215
WALL 21204783 1 0 1706820216
WALL 21204783 1 0 1706820217
WALL 21204783 1 0 1706820218
WALL 21204783 1 0 1706820219
WALL 21204783 1 0 1706820220
WALL 21204783 1 0 1706820221
WALL 21204783 1 0 1706820222
WALL 21204783 1 0 1706820223
WALL 21204783 1 0 1706820224
WALL 21204783 1 0 1706820225
WALL 21204783 1 0 1706820226
WALL 21204783 1 0 1706820227
WALL 21204783 1 0 1706820228
WALL 21204783 1 0 1706820229
WALL 21204783 1 0 1706820230
WALL 21204783 1 0 1706820231
WALL 21204783 1 0 1706820232
WALL 21204783 1 0 1706820233
WALL 21204783 1 0 1706820234
WALL 21204783 1 0 1706820235
WALL 21204783 1 0 1706820236
WALL 21204783 1 0 1706820237
WALL 21204783 1 0 1706820238
WALL 21204783 1 0 1706820239
WALL 21204783 1 0 1706820240
WALL 21204783 1 0 1706820241
WALL 21204783 1 0 1706820242
WALL 21204783 1 0 1706820243
WALL 21204783 1 0 1706820244
WALL 21204783 1 0 1706820245
WALL 21204783 1 0 1706820246
WALL 21204783 1 0 1706820247
WALL 21204783 1 0 1706820248
WALL 21204783 1 0 1706820249
WALL 21204783 1 0 1706820250
WALL 21204783 1 0 1706820251
WALL 21204783 1 0 1706820252
WALL 21204783 1 0 1706820253
WALL 21204783 1 0 1706820254
WALL 21204783 1 0 1706820255
WALL 21204783 1 0 1706820256
WALL 21204783 1 0 1706820257
WALL 21204783 1 0 1706820258
WALL 21204783 1 0 1706820259
WALL 21204783 1 0 1706820260
WALL 21204783 1 0 1706820261
WALL 21204783 1 0 1706820262
WALL 21204783 1 0 1706820263
WALL 21204783 1 0 1706820264
WALL 21204783 1 0 1706820265
WALL 21204783 1 0 1706820266
WALL 21204783 1 0 1706820267
WALL 21204783 1 0 1706820268
WALL 21204783 1 0 1706820269
WALL 21204783 1 0 1706820270
WALL 21204783 1 0 1706820271
WALL 21204783 1 0 1706820272
WALL 21204783 1 0 1706820273
WALL 21204783 1 0 1706820274
WALL 21204783 1 0 1706820275
WALL 21204783 1 0 1706820276
WALL 21204783 1 0 1706820277
WALL 21204783 1 0 1706820278
WALL 21204783 1 0 1706820279
WALL 21204783 1 0 1706820280
WALL 21204783 1 0 1706820281
WALL 21204783 1 0 1706820282
WALL 21204783 1 0 1706820283
WALL 21204783 1 0 1706820284
WALL 21204783 1 0 1706820285
WALL 21204783 1 0 1706820286
WALL 21204783 1 0 1706820287
WALL 21204783 1 0 1706820288
WALL 21204783 1 0 1706820289
WALL 21204783 1 0 1706820290
WALL 21204783 1 0 1706820291
WALL 21204783 1 0 1706820292
WALL 21204783 1 0 1706820293
WALL 21204783 1 0 1706820294
WALL 21204783 1 0 1706820295
WALL 21204783 1 0 1706820296
WALL 21204783 1 0 1706820297
WALL 21204783 1 0 1706820298
WALL 21204783 1 0 1706820299
WALL 21204783 1 0 1706820300
WALL 21204783 1 0 1706820301
WALL 21204783 1 0 1706820302
WALL 21204783 1 0 1706820303
WALL 21204783 1 0 1706820304
WALL 21204783 1 0 1706820305
WALL 21204783 1 0 1706820306
WALL 21204783 1 0 1706820307
WALL 21204783 1 0 1706820308
WALL 21204783 1 0 1706820309
WALL 21204783 1 0 1706820310
WALL 21204783 1 0 1706820311
WALL 21204783 1 0 1706820312
WALL 21204783 1 0 1706820313
WALL 21204783 1 0 1706820314
WALL 21204783 1 0 1706820315
WALL 21204783 1 0 1706820316
WALL 21204783 1 0 1706820317
WALL 21204783 1 0 1706820318
WALL 21204783 1 0 1706820319
WALL 21204783 1 0 1706820320
WALL 21204783 1 0 1706820321
WALL 21204783 1 0 1706820322
WALL 21204783 1 0 1706820323
WALL 21204783 1 0 1706820324
WALL 21204783 1 0 1706820325
WALL 21204783 1 0 1706820326
WALL 21204783 1 0 1706820327
WALL 21204783 1 0 1706820328
WALL 21204783 1 0 1706820329
WALL 21204783 1 0 1706820330
WALL 21204783 1 0 1706820331
WALL 21204783 1 0 1706820332
WALL 21204783 1 0 1706820333
WALL 21204783 1 0 1706820334
WALL 21204783 1 0 1706820335
WALL 21204783 1 0 1706820336
WALL 21204783 1 0 1706820337
WALL 21204783 1 0 1706820338
WALL 21204783 1 0 1706820339
WALL 21204783 1 0 1706820340
WALL 21204783 1 0 1706820341
WALL 21204783 1 0 1706820342
WALL 21204783 1 0 1706820343
WALL 21204783 1 0 1706820344
WALL 21204783 1 0 1706820345
WALL 21204783 1 0 1706820346
WALL 21204783 1 0 1706820347
WALL 21204783 1 0 1706820348
WALL 21204783 1 0 1706820349
WALL 21204783 1 0 1706820350
WALL 21204783 1 0 1706820351
WALL 21204783 1 0 1706820352
WALL 21204783 1 0 1706820353
WALL 21204783 1 0 1706820354
WALL 21204783 1 0 1706820355
WALL 21204783 1 0 1706820356
WALL 21204783 1 0 1706820357
WALL 21204783 1 0 1706820358
WALL 21204783 1 0 1706820359
WALL 21204783 1 0 1706820360
WALL 21204783 1 0 1706820361
WALL 21204783 1 0 1706820362
WALL 21204783 1 0 1706820363
WALL 21204783 1 0 1706820364
WALL 21204783 1 0 1706820365
WALL 21204783 1 0 1706820366
WALL 21204783 1 0 1706820367
WALL 21204783 1 0 1706820368
WALL 21204783 1 0 1706820369
WALL 21204783 1 0 1706820370
WALL 21204783 1 0 1706820371
WALL 21204783 1 0 1706820372
WALL 21204783 1 0 1706820373
WALL 21204783 1 0 1706820374
WALL 21204783 1 0 1706820375
WALL 21204783 1 0 1706820376
WALL 21204783 1 0 1706820377
WALL 21204783 1 0 1706820378
WALL 21204783 1 0 1706820379
WALL 21204783 1 0 1706820380
WALL 21204783 1 0 1706820381
WALL 21204783 1 0 1706820382
WALL 21204783 1 0 1706820383
WALL 21204783 1 0 1706820384
WALL 21204783 1 0 1706820385
WALL 21204783 1 0 1706820386
WALL 21204783 1 0 1706820387
WALL 21204783 1 0 1706820388
WALL 21204783 1 0 1706820389
WALL 21204783 1 0 1706820390
WALL 21204783 1 0 1706820391
WALL 21204783 1 0 1706820392
WALL 21204783 1 0 1706820393
WALL 21204783 1 0 1706820394
WALL 21204783 1 0 1706820395
WALL 21204783 1 0 1706820396
WALL 21204783 1 0 1706820397
WALL 21204783 1 0 1706820398
WALL 21204783 1 0 1706820399
WALL 21204783 1 0 1706820400
WALL 21204783 1 0 1706820401
WALL 21204783 1 0 1706820402
WALL 21204783 1 0 1706820403
WALL 21204783 1 0 1706820404
WALL 21204783 1 0 1706820405
WALL 21204783 1 0 1706820406
WALL 21204783 1 0 1706820407
WALL 21204783 1 0 1706820408
WALL 21204783 1 0 1706820409
WALL 21204783 1 0 1706820410
WALL 21204783 1 0 1706820411
WALL 21204783 1 0 1706820412
WALL 21204783 1 0 1706820413
WALL 21204783 1 0 1706820414
WALL 21204783 1 0 1706820415
WALL 21204783 1 0 1706820416
WALL 21204783 1 0 1706820417
WALL 21204783 1 0 1706820418
WALL 21204783 1 0 1706820419
WALL 21204783 1 0 1706820420
WALL 21204783 1 0 1706820421
WALL 21204783 1 0 1706820422
WALL 21204783 1 0 1706820423
WALL 21204783 1 0 1706820424
WALL 21204783 1 0 1706820425
WALL 21204783 1 0 1706820426
WALL 21204783 1 0 1706820427
WALL 21204783 1 0 1706820428
WALL 21204783 1 0 1706820429
WALL 21204783 1 0 1706820430
WALL 21204783 1 0 1706820431
WALL 21204783 1 0 1706820432
WALL 21204783 1 0 1706820433
WALL 21204783 1 0 1706820434
WALL 21204783 1 0 1706820435
WALL 21204783 1 0 1706820436
WALL 21204783 1 0 1706820437
WALL 21204783 1 0 1706820438
WALL 21204783 1 0 1706820439
WALL 21204783 1 0 1706820440
WALL 21204783 1 0 1706820441
WALL 21204783 1 0 1706820442
WALL 21204783 1 0 1706820443
WALL 21204783 1 0 1706820444
WALL 21204783 1 0 1706820445
WALL 21204783 1 0 1706820446
WALL 21204783 1 0 1706820447
WALL 21204783 1 0 1706820448
WALL 21204783 1 0 1706820449
WALL 21204783 1 0 1706820450
WALL 21204783 1 0 1706820451
WALL 21204783 1 0 1706820452
WALL 21204783 1 0 1706820453
WALL 21204783 1 0 1706820454
WALL 21204783 1 0 1706820455
WALL 21204783 1 0 1706820456
WALL 21204783 1 0 1706820457
WALL 21204783 1 0 1706820458
WALL 21204783 1 0 1706820459
WALL 21204783 1 0 1706820460
WALL 21204783 1 0 1706820461
WALL 21204783 1 0 1706820462
WALL 21204783 1 0 1706820463
WALL 21204783 1 0 1706820464
WALL 21204783 1 0 1706820465
WALL 21204783 1 0 1706820466
WALL 21204783 1 0 1706820467
WALL 21204783 1 0 1706820468
WALL 21204783 1 0 1706820469
WALL 21204783 1 0 1706820470
WALL 21204783 1 0 1706820471
WALL 21204783 1 0 1706820472
WALL 21204783 1 0 1706820473
WALL 21204783 1 0 1706820474
WALL 21204783 1 0 1706820475
WALL 21204783 1 0 1706820476
WALL 21204783 1 0 1706820477
WALL 21204783 1 0 1706820478
WALL 21204783 1 0 1706820479
WALL 21204783 1 0 1706820480
WALL 21204783 1 0 1706820481
WALL 21204783 1 0 1706820482
WALL 21204783 1 0 1706820483
WALL 21204783 1 0 1706820484
WALL 21204783 1 0 1706820485
WALL 21204783 1 0 1706820486
WALL 21204783 1 0 1706820487
WALL 21204783 1 0 1706820488
WALL 21204783 1 0 1706820489
WALL 21204783 1 0 1706820490
WALL 21204783 1 0 1706820491
WALL 21204783 1 0 1706820492
WALL 21204783 1 0 1706820493
WALL 21204783 1 0 1706820494
WALL 21204783 1 0 1706820495
WALL 21204783 1 0 1706820496
WALL 21204783 1 0 1706820497
WALL 21204783 1 0 1706820498
WALL 21204783 1 0 1706820499
WALL 21204783 1 0 1706820500
WALL 21204783 1 0 1706820501
WALL 21204783 1 0 1706820502
WALL 21204783 1 0 1706820503
WALL 21204783 1 0 1706820504
WALL 21204783 1 0 1706820505
WALL 21204783 1 0 1706820506
WALL 21204783 1 0 1706820507
WALL 21204783 1 0 1706820508
WALL 21204783 1 0 1706820509
WALL 21204783 1 0 1706820510
WALL 21204783 1 0 1706820511
WALL 21204783 1 0 1706820512
WALL 21204783 1 0 1706820513
WALL 21204783 1 0 1706820514
WALL 21204783 1 0 1706820515
WALL 21204783 1 0 1706820516
WALL 21204783 1 0 1706820517
WALL 21204783 1 0 1706820518
WALL 21204783 1 0 1706820519
WALL 21204783 1 0 1706820520
WALL 21204783 1 0 1706820521
WALL 21204783 1 0 1706820522
WALL 21204783 1 0 1706820523
WALL 21204783 1 0 1706820524
WALL 21204783 1 0 1706820525
WALL 21204783 1 0 1706820526
WALL 21204783 1 0 1706820527
WALL 21204783 1 0 1706820528
WALL 21204783 1 0 1706820529
WALL 21204783 1 0 1706820530
WALL 21204783 1 0 1706820531
WALL 21204783 1 0 1706820532
WALL 21204783 1 0 1706820533
WALL 21204783 1 0 1706820534
WALL 21204783 1 0 1706820535
WALL 21204783 1 0 1706820536
WALL 21204783 1 0 1706820537
WALL 21204783 1 0 1706820538
WALL 21204783 1 0 1706820539
WALL 21204783 1 0 1706820540
WALL 21204783 1 0 1706820541
WALL 21204783 1 0 1706820542
WALL 21204783 1 0 1706820543
WALL 21204783 1 0 1706820544
WALL 21204783 1 0 1706820545
WALL 21204783 1 0 1706820546
WALL 21204783 1 0 1706820547
WALL 21204783 1 0 1706820548
WALL 21204783 1 0 1706820549
WALL 21204783 1 0 1706820550
WALL 21204783 1 0 1706820551
WALL 21204783 1 0 1706820552
WALL 21204783 1 0 1706820553
WALL 21204783 1 0 1706820554
WALL 21204783 1 0 1706820555
WALL 21204783 1 0 1706820556
WALL 21204783 1 0 1706820557
WALL 21204783 1 0 1706820558
WALL 21204783 1 0 1706820559
WALL 21204783 1 0 1706820560
WALL 21204783 1 0 1706820561
WALL 21204783 1 0 1706820562
WALL 21204783 1 0 1706820563
WALL 21204783 1 0 1706820564
WALL 21204783 1 0 1706820565
WALL 21204783 1 0 1706820566
WALL 21204783 1 0 1706820567
WALL 21204783 1 0 1706820568
WALL 21204783 1 0 1706820569
WALL 21204783 1 0 1706820570
WALL 21204783 1 0 1706820571
WALL 21204783 1 0 1706820572
WALL 21204783 1 0 1706820573
WALL 21204783 1 0 1706820574
WALL 21204783 1 0 1706820575
WALL 21204783 1 0 1706820576
WALL 21204783 1 0 1706820577
WALL 21204783 1 0 1706820578
WALL 21204783 1 0 1706820579
WALL 21204783 1 0 1706820580
WALL 21204783 1 0 1706820581
WALL 21204783 1 0 1706820582
WALL 21204783 1 0 1706820583
WALL 21204783 1 0 1706820584
WALL 21204783 1 0 1706820585
WALL 21204783 1 0 1706820586
WALL 21204783 1 0 1706820587
WALL 21204783 1 0 1706820588
WALL 21204783 1 0 1706820589
WALL 21204783 1 0 1706820590
WALL 21204783 1 0 1706820591
WALL 21204783 1 0 1706820592
WALL 21204783 1 0 1706820593
WALL 21204783 1 0 1706820594
WALL 21204783 1 0 1706820595
WALL 21204783 1 0 1706820596
WALL 21204783 1 0 1706820597
WALL 21204783 1 0 1706820598
WALL 21204783 1 0 1706820599
WALL 21204783 1 0 1706820600
WALL 21204783 1 0 1706820601
WALL 21204783 1 0 1706820602
WALL 21204783 1 0 1706820603
WALL 21204783 1 0 1706820604
WALL 21204783 1 0 1706820605
WALL 21204783 1 0 1706820606
WALL 21204783 1 0 1706820607
WALL 21204783 1 0 1706820608
WALL 21204783 1 0 1706820609
WALL 21204783 1 0 1706820610
WALL 21204783 1 0 1706820611
WALL 21204783 1 0 1706820612
WALL 21204783 1 0 1706820613
WALL 21204783 1 0 1706820614
WALL 21204783 1 0 1706820615
WALL 21204783 1 0 1706820616
WALL 21204783 1 0 1706820617
WALL 21204783 1 0 1706820618
WALL 21204783 1 0 1706820619
WALL 21204783 1 0 1706820620
WALL 21204783 1 0 1706820621
WALL 21204783 1 0 1706820622
WALL 21204783 1 0 1706820623
WALL 21204783 1 0 1706820624
WALL 21204783 1 0 1706820625
WALL 21204783 1 0 1706820626
WALL 21204783 1 0 1706820627
WALL 21204783 1 0 1706820628
WALL 21204783 1 0 1706820629
WALL 21204783 1 0 1706820630
WALL 21204783 1 0 1706820631
WALL 21204783 1 0 1706820632
WALL 21204783 1 0 1706820633
WALL 21204783 1 0 1706820634
WALL 21204783 1 0 1706820635
WALL 21204783 1 0 1706820636
WALL 21204783 1 0 1706820637
WALL 21204783 1 0 1706820638
WALL 21204783 1 0 1706820639
WALL 21204783 1 0 1706820640
WALL 21204783 1 0 1706820641
WALL 21204783 1 0 1706820642
WALL 21204783 1 0 1706820643
WALL 21204783 1 0 1706820644
WALL 21204783 1 0 1706820645
WALL 21204783 1 0 1706820646
WALL 21204783 1 0 1706820647
WALL 21204783 1 0 1706820648
WALL 21204783 1 0 1706820649
WALL 21204783 1 0 1706820650
WALL 21204783 1 0 1706820651
WALL 21204783 1 0 1706820652
WALL 21204783 1 0 1706820653
WALL 21204783 1 0 1706820654
WALL 21204783 1 0 1706820655
WALL 21204783 1 0 1706820656
WALL 21204783 1 0 1706820657
WALL 21204783 1 0 1706820658
WALL 21204783 1 0 1706820659
WALL 21204783 1 0 1706820660
WALL 21204783 1 0 1706820661
WALL 21204783 1 0 1706820662
WALL 21204783 1 0 1706820663
WALL 21204783 1 0 1706820664
WALL 21204783 1 0 1706820665
WALL 21204783 1 0 1706820666
WALL 21204783 1 0 1706820667
WALL 21204783 1 0 1706820668
WALL 21204783 1 0 1706820669
WALL 21204783 1 0 1706820670
WALL 21204783 1 0 1706820671
WALL 21204783 1 0 1706820672
WALL 21204783 1 0 1706820673
WALL 21204783 1 0 1706820674
WALL 21204783 1 0 1706820675
WALL 21204783 1 0 1706820676
WALL 21204783 1 0 1706820677
WALL 21204783 1 0 1706820678
WALL 21204783 1 0 1706820679
WALL 21204783 1 0 1706820680
WALL 21204783 1 0 1706820681
WALL 21204783 1 0 1706820682
WALL 21204783 1 0 1706820683
WALL 21204783 1 0 1706820684
WALL 21204783 1 0 1706820685
WALL 21204783 1 0 1706820686
WALL 21204783 1 0 1706820687
WALL 21204783 1 0 1706820688
WALL 21204783 1 0 1706820689
WALL 21204783 1 0 1706820690
WALL 21204783 1 0 1706820691
WALL 21204783 1 0 1706820692
WALL 21204783 1 0 1706820693
WALL 21204783 1 0 1706820694
WALL 21204783 1 0 1706820695
WALL 21204783 1 0 1706820696
WALL 21204783 1 0 1706820697
WALL 21204783 1 0 1706820698
WALL 21204783 1 0 1706820699
WALL 21204783 1 0 1706820700
WALL 21204783 1 0 1706820701
WALL 21204783 1 0 1706820702
WALL 21204783 1 0 1706820703
WALL 21204783 1 0 1706820704
WALL 21204783 1 0 1706820705
WALL 21204783 1 0 1706820706
WALL 21204783 1 0 1706820707
WALL 21204783 1 0 1706820708
WALL 21204783 1 0 1706820709
WALL 21204783 1 0 1706820710
WALL 21204783 1 0 1706820711
WALL 21204783 1 0 1706820712
WALL 21204783 1 0 1706820713
WALL 21204783 1 0 1706820714
WALL 21204783 1 0 1706820715
WALL 21204783 1 0 1706820716
WALL 21204783 1 0 1706820717
WALL 21204783 1 0 1706820718
WALL 21204783 1 0 1706820719
WALL 21204783 1 0 1706820720
WALL 21204783 1 0 1706820721
WALL 21204783 1 0 1706820722
WALL 21204783 1 0 1706820723
WALL 21204783 1 0 1706820724
WALL 21204783 1 0 1706820725
WALL 21204783 1 0 1706820726
WALL 21204783 1 0 1706820727
WALL 21204783 1 0 1706820728
WALL 21204783 1 0 1706820729
WALL 21204783 1 0 1706820730
WALL 21204783 1 0 1706820731
WALL 21204783 1 0 1706820732
WALL 21204783 1 0 1706820733
WALL 21204783 1 0 1706820734
WALL 21204783 1 0 1706820735
WALL 21204783 1 0 1706820736
WALL 21204783 1 0 1706820737
WALL 21204783 1 0 1706820738
WALL 21204783 1 0 1706820739
WALL 21204783 1 0 1706820740
WALL 21204783 1 0 1706820741
WALL 21204783 1 0 1706820742
WALL 21204783 1 0 1706820743
WALL 21204783 1 0 1706820744
WALL 21204783 1 0 1706820745
WALL 21204783 1 0 1706820746
WALL 21204783 1 0 1706820747
WALL 21204783 1 0 1706820748
WALL 21204783 1 0 1706820749
WALL 21204783 1 0 1706820750
WALL 21204783 1 0 1706820751
WALL 21204783 1 0 1706820752
WALL 21204783 1 0 1706820753
WALL 21204783 1 0 1706820754
WALL 21204783 1 0 1706820755
WALL 21204783 1 0 1706820756
WALL 21204783 1 0 1706820757
WALL 21204783 1 0 1706820758
WALL 21204783 1 0 1706820759
WALL 21204783 1 0 1706820760
WALL 21204783 1 0 1706820761
WALL 21204783 1 0 1706820762
WALL 21204783 1 0 1706820763
WALL 21204783 1 0 1706820764
WALL 21204783 1 0 1706820765
WALL 21204783 1 0 1706820766
WALL 21204783 1 0 1706820767
WALL 21204783 1 0 1706820768
WALL 21204783 1 0 1706820769
WALL 21204783 1 0 1706820770
WALL 21204783 1 0 1706820771
WALL 21204783 1 0 1706820772
WALL 21204783 1 0 1706820773
WALL 21204783 1 0 1706820774
WALL 21204783 1 0 1706820775
WALL 21204783 1 0 1706820776
WALL 21204783 1 0 1706820777
WALL 21204783 1 0 1706820778
WALL 21204783 1 0 1706820779
WALL 21204783 1 0 1706820780
WALL 21204783 1 0 1706820781
WALL 21204783 1 0 1706820782
WALL 21204783 1 0 1706820783
WALL 21204783 1 0 1706820784
WALL 21204783 1 0 1706820785
WALL 21204783 1 0 1706820786
WALL 21204783 1 0 1706820787
WALL 21204783 1 0 1706820788
WALL 21204783 1 0 1706820789
WALL 21204783 1 0 1706820790
WALL 21204783 1 0 1706820791
WALL 21204783 1 0 1706820792
WALL 21204783 1 0 1706820793
received SIGCONT 1706820794
WALL 21204783 1 0 1706820794
slurmstepd: error: *** STEP 21204783.0 ON nid200009 CANCELLED AT 2024-02-01T20:53:14 ***
received SIGTERM 1706820794
WALL 21204783 1 0 1706820794
WALL 21204783 1 0 1706820795
WALL 21204783 1 0 1706820796
WALL 21204783 1 0 1706820797
WALL 21204783 1 0 1706820798
WALL 21204783 1 0 1706820799
WALL 21204783 1 0 1706820800
WALL 21204783 1 0 1706820801
WALL 21204783 1 0 1706820802
WALL 21204783 1 0 1706820803
WALL 21204783 1 0 1706820804
WALL 21204783 1 0 1706820805
WALL 21204783 1 0 1706820806
WALL 21204783 1 0 1706820807
WALL 21204783 1 0 1706820808
WALL 21204783 1 0 1706820809
WALL 21204783 1 0 1706820810
WALL 21204783 1 0 1706820811
WALL 21204783 1 0 1706820812
WALL 21204783 1 0 1706820813
WALL 21204783 1 0 1706820814
WALL 21204783 1 0 1706820815
WALL 21204783 1 0 1706820816
WALL 21204783 1 0 1706820817
WALL 21204783 1 0 1706820818
WALL 21204783 1 0 1706820819
WALL 21204783 1 0 1706820820
WALL 21204783 1 0 1706820821
WALL 21204783 1 0 1706820822
WALL 21204783 1 0 1706820823
WALL 21204783 1 0 1706820824
WALL 21204783 1 0 1706820825
WALL 21204783 1 0 1706820826
WALL 21204783 1 0 1706820827
WALL 21204783 1 0 1706820828
WALL 21204783 1 0 1706820829
WALL 21204783 1 0 1706820830
WALL 21204783 1 0 1706820831
WALL 21204783 1 0 1706820832
WALL 21204783 1 0 1706820833
WALL 21204783 1 0 1706820834
WALL 21204783 1 0 1706820835
WALL 21204783 1 0 1706820836
WALL 21204783 1 0 1706820837
WALL 21204783 1 0 1706820838
WALL 21204783 1 0 1706820839
WALL 21204783 1 0 1706820840
WALL 21204783 1 0 1706820841
WALL 21204783 1 0 1706820842
WALL 21204783 1 0 1706820843
WALL 21204783 1 0 1706820844
WALL 21204783 1 0 1706820845
WALL 21204783 1 0 1706820846
WALL 21204783 1 0 1706820847
WALL 21204783 1 0 1706820848
WALL 21204783 1 0 1706820849
WALL 21204783 1 0 1706820850
WALL 21204783 1 0 1706820851
WALL 21204783 1 0 1706820852
WALL 21204783 1 0 1706820853
WALL 21204783 1 0 1706820854
WALL 21204783 1 0 1706820855
WALL 21204783 1 0 1706820856
WALL 21204783 1 0 1706820857
WALL 21204783 1 0 1706820858
WALL 21204783 1 0 1706820859
WALL 21204783 1 0 1706820860
WALL 21204783 1 0 1706820861
WALL 21204783 1 0 1706820862
WALL 21204783 1 0 1706820863
WALL 21204783 1 0 1706820864
WALL 21204783 1 0 1706820865
WALL 21204783 1 0 1706820866
WALL 21204783 1 0 1706820867
WALL 21204783 1 0 1706820868
slurmstepd: error: *** JOB 21204783 ON nid200009 CANCELLED AT 2024-02-01T20:54:29 DUE TO PREEMPTION ***
received SIGTERM 1706820869
WALL 21204783 1 0 1706820869
received SIGCONT 1706820869
WALL 21204783 1 0 1706820869
received SIGTERM 1706820869
WALL 21204783 1 0 1706820869
