WALL 21152356 1 0 1706740501
WALL 21152356 1 0 1706740502
slurmstepd: error: *** STEP 21152356.0 ON nid200029 CANCELLED AT 2024-01-31T22:35:03 ***
received SIGTERM 1706740503
WALL 21152356 1 0 1706740503
received SIGCONT 1706740503
WALL 21152356 1 0 1706740503
WALL 21152356 1 0 1706740504
WALL 21152356 1 0 1706740505
WALL 21152356 1 0 1706740506
WALL 21152356 1 0 1706740507
WALL 21152356 1 0 1706740508
WALL 21152356 1 0 1706740509
WALL 21152356 1 0 1706740510
WALL 21152356 1 0 1706740511
WALL 21152356 1 0 1706740512
WALL 21152356 1 0 1706740513
WALL 21152356 1 0 1706740514
WALL 21152356 1 0 1706740515
WALL 21152356 1 0 1706740516
WALL 21152356 1 0 1706740517
WALL 21152356 1 0 1706740518
WALL 21152356 1 0 1706740519
WALL 21152356 1 0 1706740520
WALL 21152356 1 0 1706740521
WALL 21152356 1 0 1706740522
WALL 21152356 1 0 1706740523
WALL 21152356 1 0 1706740524
WALL 21152356 1 0 1706740525
WALL 21152356 1 0 1706740526
WALL 21152356 1 0 1706740527
WALL 21152356 1 0 1706740528
WALL 21152356 1 0 1706740529
WALL 21152356 1 0 1706740530
WALL 21152356 1 0 1706740531
WALL 21152356 1 0 1706740532
WALL 21152356 1 0 1706740533
WALL 21152356 1 0 1706740534
WALL 21152356 1 0 1706740535
WALL 21152356 1 0 1706740536
WALL 21152356 1 0 1706740537
WALL 21152356 1 0 1706740538
WALL 21152356 1 0 1706740539
WALL 21152356 1 0 1706740540
WALL 21152356 1 0 1706740541
WALL 21152356 1 0 1706740542
WALL 21152356 1 0 1706740543
WALL 21152356 1 0 1706740544
WALL 21152356 1 0 1706740545
WALL 21152356 1 0 1706740546
WALL 21152356 1 0 1706740547
WALL 21152356 1 0 1706740548
WALL 21152356 1 0 1706740549
WALL 21152356 1 0 1706740550
WALL 21152356 1 0 1706740551
WALL 21152356 1 0 1706740552
WALL 21152356 1 0 1706740553
WALL 21152356 1 0 1706740554
WALL 21152356 1 0 1706740555
WALL 21152356 1 0 1706740556
WALL 21152356 1 0 1706740557
WALL 21152356 1 0 1706740558
WALL 21152356 1 0 1706740559
WALL 21152356 1 0 1706740560
WALL 21152356 1 0 1706740561
WALL 21152356 1 0 1706740562
WALL 21152356 1 0 1706740563
WALL 21152356 1 0 1706740564
WALL 21152356 1 0 1706740565
WALL 21152356 1 0 1706740566
WALL 21152356 1 0 1706740567
WALL 21152356 1 0 1706740568
WALL 21152356 1 0 1706740569
WALL 21152356 1 0 1706740570
WALL 21152356 1 0 1706740571
WALL 21152356 1 0 1706740572
WALL 21152356 1 0 1706740573
WALL 21152356 1 0 1706740574
WALL 21152356 1 0 1706740575
WALL 21152356 1 0 1706740576
WALL 21152356 1 0 1706740577
WALL 21152356 1 0 1706740578
WALL 21152356 1 0 1706740579
WALL 21152356 1 0 1706740580
WALL 21152356 1 0 1706740581
WALL 21152356 1 0 1706740582
WALL 21152356 1 0 1706740583
WALL 21152356 1 0 1706740584
WALL 21152356 1 0 1706740585
slurmstepd: error: *** JOB 21152356 ON nid200029 CANCELLED AT 2024-01-31T22:36:26 DUE TO PREEMPTION ***
received SIGTERM 1706740586
WALL 21152356 1 0 1706740586
received SIGCONT 1706740586
WALL 21152356 1 0 1706740586
received SIGTERM 1706740586
WALL 21152356 1 0 1706740586
