WALL 21153108 1 0 1706741701
WALL 21153108 1 0 1706741702
WALL 21153108 1 0 1706741703
WALL 21153108 1 0 1706741704
WALL 21153108 1 0 1706741705
WALL 21153108 1 0 1706741706
WALL 21153108 1 0 1706741707
WALL 21153108 1 0 1706741708
WALL 21153108 1 0 1706741709
WALL 21153108 1 0 1706741710
WALL 21153108 1 0 1706741711
WALL 21153108 1 0 1706741712
WALL 21153108 1 0 1706741713
WALL 21153108 1 0 1706741714
WALL 21153108 1 0 1706741715
WALL 21153108 1 0 1706741716
WALL 21153108 1 0 1706741717
WALL 21153108 1 0 1706741718
WALL 21153108 1 0 1706741719
WALL 21153108 1 0 1706741720
WALL 21153108 1 0 1706741721
WALL 21153108 1 0 1706741722
WALL 21153108 1 0 1706741723
WALL 21153108 1 0 1706741724
WALL 21153108 1 0 1706741725
WALL 21153108 1 0 1706741726
WALL 21153108 1 0 1706741727
WALL 21153108 1 0 1706741728
WALL 21153108 1 0 1706741729
WALL 21153108 1 0 1706741730
WALL 21153108 1 0 1706741731
WALL 21153108 1 0 1706741732
WALL 21153108 1 0 1706741733
WALL 21153108 1 0 1706741734
WALL 21153108 1 0 1706741735
WALL 21153108 1 0 1706741736
WALL 21153108 1 0 1706741737
WALL 21153108 1 0 1706741738
WALL 21153108 1 0 1706741739
WALL 21153108 1 0 1706741740
WALL 21153108 1 0 1706741741
WALL 21153108 1 0 1706741742
WALL 21153108 1 0 1706741743
WALL 21153108 1 0 1706741744
WALL 21153108 1 0 1706741745
WALL 21153108 1 0 1706741746
WALL 21153108 1 0 1706741747
WALL 21153108 1 0 1706741748
WALL 21153108 1 0 1706741749
WALL 21153108 1 0 1706741750
WALL 21153108 1 0 1706741751
WALL 21153108 1 0 1706741752
WALL 21153108 1 0 1706741753
WALL 21153108 1 0 1706741754
WALL 21153108 1 0 1706741755
WALL 21153108 1 0 1706741756
WALL 21153108 1 0 1706741757
WALL 21153108 1 0 1706741758
WALL 21153108 1 0 1706741759
WALL 21153108 1 0 1706741760
WALL 21153108 1 0 1706741761
WALL 21153108 1 0 1706741762
WALL 21153108 1 0 1706741763
WALL 21153108 1 0 1706741764
WALL 21153108 1 0 1706741765
WALL 21153108 1 0 1706741766
WALL 21153108 1 0 1706741767
WALL 21153108 1 0 1706741768
WALL 21153108 1 0 1706741769
WALL 21153108 1 0 1706741770
WALL 21153108 1 0 1706741771
WALL 21153108 1 0 1706741772
WALL 21153108 1 0 1706741773
WALL 21153108 1 0 1706741774
WALL 21153108 1 0 1706741775
WALL 21153108 1 0 1706741776
WALL 21153108 1 0 1706741777
WALL 21153108 1 0 1706741778
WALL 21153108 1 0 1706741779
WALL 21153108 1 0 1706741780
WALL 21153108 1 0 1706741781
WALL 21153108 1 0 1706741782
WALL 21153108 1 0 1706741783
WALL 21153108 1 0 1706741784
WALL 21153108 1 0 1706741785
WALL 21153108 1 0 1706741786
WALL 21153108 1 0 1706741787
WALL 21153108 1 0 1706741788
WALL 21153108 1 0 1706741789
WALL 21153108 1 0 1706741790
WALL 21153108 1 0 1706741791
WALL 21153108 1 0 1706741792
WALL 21153108 1 0 1706741793
WALL 21153108 1 0 1706741794
WALL 21153108 1 0 1706741795
WALL 21153108 1 0 1706741796
WALL 21153108 1 0 1706741797
WALL 21153108 1 0 1706741798
WALL 21153108 1 0 1706741799
WALL 21153108 1 0 1706741800
WALL 21153108 1 0 1706741801
WALL 21153108 1 0 1706741802
WALL 21153108 1 0 1706741803
WALL 21153108 1 0 1706741804
WALL 21153108 1 0 1706741805
WALL 21153108 1 0 1706741806
WALL 21153108 1 0 1706741807
WALL 21153108 1 0 1706741808
WALL 21153108 1 0 1706741809
WALL 21153108 1 0 1706741810
WALL 21153108 1 0 1706741811
WALL 21153108 1 0 1706741812
WALL 21153108 1 0 1706741813
WALL 21153108 1 0 1706741814
WALL 21153108 1 0 1706741815
WALL 21153108 1 0 1706741816
WALL 21153108 1 0 1706741817
WALL 21153108 1 0 1706741818
WALL 21153108 1 0 1706741819
WALL 21153108 1 0 1706741820
WALL 21153108 1 0 1706741821
WALL 21153108 1 0 1706741822
WALL 21153108 1 0 1706741823
WALL 21153108 1 0 1706741824
WALL 21153108 1 0 1706741825
WALL 21153108 1 0 1706741826
WALL 21153108 1 0 1706741827
WALL 21153108 1 0 1706741828
WALL 21153108 1 0 1706741829
WALL 21153108 1 0 1706741830
WALL 21153108 1 0 1706741831
WALL 21153108 1 0 1706741832
WALL 21153108 1 0 1706741833
WALL 21153108 1 0 1706741834
WALL 21153108 1 0 1706741835
WALL 21153108 1 0 1706741836
WALL 21153108 1 0 1706741837
WALL 21153108 1 0 1706741838
WALL 21153108 1 0 1706741839
WALL 21153108 1 0 1706741840
WALL 21153108 1 0 1706741841
WALL 21153108 1 0 1706741842
WALL 21153108 1 0 1706741843
WALL 21153108 1 0 1706741844
WALL 21153108 1 0 1706741845
WALL 21153108 1 0 1706741846
WALL 21153108 1 0 1706741847
WALL 21153108 1 0 1706741848
WALL 21153108 1 0 1706741849
WALL 21153108 1 0 1706741850
WALL 21153108 1 0 1706741851
WALL 21153108 1 0 1706741852
WALL 21153108 1 0 1706741853
WALL 21153108 1 0 1706741854
WALL 21153108 1 0 1706741855
WALL 21153108 1 0 1706741856
WALL 21153108 1 0 1706741857
WALL 21153108 1 0 1706741858
WALL 21153108 1 0 1706741859
WALL 21153108 1 0 1706741860
WALL 21153108 1 0 1706741861
WALL 21153108 1 0 1706741862
WALL 21153108 1 0 1706741863
WALL 21153108 1 0 1706741864
WALL 21153108 1 0 1706741865
WALL 21153108 1 0 1706741866
WALL 21153108 1 0 1706741867
WALL 21153108 1 0 1706741868
WALL 21153108 1 0 1706741869
WALL 21153108 1 0 1706741870
WALL 21153108 1 0 1706741871
WALL 21153108 1 0 1706741872
WALL 21153108 1 0 1706741873
WALL 21153108 1 0 1706741874
WALL 21153108 1 0 1706741875
WALL 21153108 1 0 1706741876
WALL 21153108 1 0 1706741877
WALL 21153108 1 0 1706741878
WALL 21153108 1 0 1706741879
WALL 21153108 1 0 1706741880
WALL 21153108 1 0 1706741881
WALL 21153108 1 0 1706741882
WALL 21153108 1 0 1706741883
WALL 21153108 1 0 1706741884
WALL 21153108 1 0 1706741885
WALL 21153108 1 0 1706741886
WALL 21153108 1 0 1706741887
WALL 21153108 1 0 1706741888
WALL 21153108 1 0 1706741889
WALL 21153108 1 0 1706741890
WALL 21153108 1 0 1706741891
WALL 21153108 1 0 1706741892
WALL 21153108 1 0 1706741893
WALL 21153108 1 0 1706741894
WALL 21153108 1 0 1706741895
WALL 21153108 1 0 1706741896
WALL 21153108 1 0 1706741897
WALL 21153108 1 0 1706741898
WALL 21153108 1 0 1706741899
WALL 21153108 1 0 1706741900
WALL 21153108 1 0 1706741901
WALL 21153108 1 0 1706741902
WALL 21153108 1 0 1706741903
WALL 21153108 1 0 1706741904
WALL 21153108 1 0 1706741905
WALL 21153108 1 0 1706741906
WALL 21153108 1 0 1706741907
WALL 21153108 1 0 1706741908
WALL 21153108 1 0 1706741909
WALL 21153108 1 0 1706741910
WALL 21153108 1 0 1706741911
WALL 21153108 1 0 1706741912
WALL 21153108 1 0 1706741913
WALL 21153108 1 0 1706741914
WALL 21153108 1 0 1706741915
WALL 21153108 1 0 1706741916
WALL 21153108 1 0 1706741917
WALL 21153108 1 0 1706741918
WALL 21153108 1 0 1706741919
WALL 21153108 1 0 1706741920
WALL 21153108 1 0 1706741921
WALL 21153108 1 0 1706741922
WALL 21153108 1 0 1706741923
WALL 21153108 1 0 1706741924
WALL 21153108 1 0 1706741925
WALL 21153108 1 0 1706741926
WALL 21153108 1 0 1706741927
WALL 21153108 1 0 1706741928
WALL 21153108 1 0 1706741929
WALL 21153108 1 0 1706741930
WALL 21153108 1 0 1706741931
WALL 21153108 1 0 1706741932
WALL 21153108 1 0 1706741933
WALL 21153108 1 0 1706741934
WALL 21153108 1 0 1706741935
WALL 21153108 1 0 1706741936
WALL 21153108 1 0 1706741937
WALL 21153108 1 0 1706741938
WALL 21153108 1 0 1706741939
WALL 21153108 1 0 1706741940
WALL 21153108 1 0 1706741941
WALL 21153108 1 0 1706741942
WALL 21153108 1 0 1706741943
WALL 21153108 1 0 1706741944
WALL 21153108 1 0 1706741945
WALL 21153108 1 0 1706741946
WALL 21153108 1 0 1706741947
WALL 21153108 1 0 1706741948
WALL 21153108 1 0 1706741949
WALL 21153108 1 0 1706741950
WALL 21153108 1 0 1706741951
WALL 21153108 1 0 1706741952
WALL 21153108 1 0 1706741953
WALL 21153108 1 0 1706741954
WALL 21153108 1 0 1706741955
WALL 21153108 1 0 1706741956
WALL 21153108 1 0 1706741957
WALL 21153108 1 0 1706741958
WALL 21153108 1 0 1706741959
WALL 21153108 1 0 1706741960
WALL 21153108 1 0 1706741961
WALL 21153108 1 0 1706741962
WALL 21153108 1 0 1706741963
WALL 21153108 1 0 1706741964
WALL 21153108 1 0 1706741965
WALL 21153108 1 0 1706741966
WALL 21153108 1 0 1706741967
WALL 21153108 1 0 1706741968
WALL 21153108 1 0 1706741969
WALL 21153108 1 0 1706741970
WALL 21153108 1 0 1706741971
WALL 21153108 1 0 1706741972
WALL 21153108 1 0 1706741973
WALL 21153108 1 0 1706741974
WALL 21153108 1 0 1706741975
WALL 21153108 1 0 1706741976
WALL 21153108 1 0 1706741977
WALL 21153108 1 0 1706741978
WALL 21153108 1 0 1706741979
WALL 21153108 1 0 1706741980
WALL 21153108 1 0 1706741981
WALL 21153108 1 0 1706741982
WALL 21153108 1 0 1706741983
WALL 21153108 1 0 1706741984
WALL 21153108 1 0 1706741985
WALL 21153108 1 0 1706741986
WALL 21153108 1 0 1706741987
WALL 21153108 1 0 1706741988
received SIGCONT 1706741989
WALL 21153108 1 0 1706741989
slurmstepd: error: *** STEP 21153108.0 ON nid200044 CANCELLED AT 2024-01-31T22:59:49 ***
received SIGTERM 1706741989
WALL 21153108 1 0 1706741989
WALL 21153108 1 0 1706741990
WALL 21153108 1 0 1706741991
WALL 21153108 1 0 1706741992
WALL 21153108 1 0 1706741993
WALL 21153108 1 0 1706741994
WALL 21153108 1 0 1706741995
WALL 21153108 1 0 1706741996
WALL 21153108 1 0 1706741997
WALL 21153108 1 0 1706741998
WALL 21153108 1 0 1706741999
WALL 21153108 1 0 1706742000
WALL 21153108 1 0 1706742001
WALL 21153108 1 0 1706742002
WALL 21153108 1 0 1706742003
WALL 21153108 1 0 1706742004
WALL 21153108 1 0 1706742005
WALL 21153108 1 0 1706742006
WALL 21153108 1 0 1706742007
WALL 21153108 1 0 1706742008
WALL 21153108 1 0 1706742009
WALL 21153108 1 0 1706742010
WALL 21153108 1 0 1706742011
WALL 21153108 1 0 1706742012
WALL 21153108 1 0 1706742013
WALL 21153108 1 0 1706742014
WALL 21153108 1 0 1706742015
WALL 21153108 1 0 1706742016
WALL 21153108 1 0 1706742017
WALL 21153108 1 0 1706742018
WALL 21153108 1 0 1706742019
WALL 21153108 1 0 1706742020
WALL 21153108 1 0 1706742021
WALL 21153108 1 0 1706742022
WALL 21153108 1 0 1706742023
WALL 21153108 1 0 1706742024
WALL 21153108 1 0 1706742025
WALL 21153108 1 0 1706742026
WALL 21153108 1 0 1706742027
WALL 21153108 1 0 1706742028
WALL 21153108 1 0 1706742029
WALL 21153108 1 0 1706742030
WALL 21153108 1 0 1706742031
WALL 21153108 1 0 1706742032
WALL 21153108 1 0 1706742033
WALL 21153108 1 0 1706742034
WALL 21153108 1 0 1706742035
WALL 21153108 1 0 1706742036
WALL 21153108 1 0 1706742037
WALL 21153108 1 0 1706742038
WALL 21153108 1 0 1706742039
WALL 21153108 1 0 1706742040
WALL 21153108 1 0 1706742041
WALL 21153108 1 0 1706742042
WALL 21153108 1 0 1706742043
WALL 21153108 1 0 1706742044
WALL 21153108 1 0 1706742045
WALL 21153108 1 0 1706742046
WALL 21153108 1 0 1706742047
WALL 21153108 1 0 1706742048
WALL 21153108 1 0 1706742049
slurmstepd: error: *** JOB 21153108 ON nid200044 CANCELLED AT 2024-01-31T23:00:49 DUE TO PREEMPTION ***
received SIGTERM 1706742049
WALL 21153108 1 0 1706742049
received SIGCONT 1706742049
WALL 21153108 1 0 1706742049
srun: Job step aborted: Waiting up to 32 seconds for job step to finish.
received SIGTERM 1706742049
WALL 21153108 1 0 1706742049
