WALL 21234973 1 0 1706905661
WALL 21234973 1 0 1706905662
WALL 21234973 1 0 1706905663
WALL 21234973 1 0 1706905664
WALL 21234973 1 0 1706905665
WALL 21234973 1 0 1706905666
WALL 21234973 1 0 1706905667
WALL 21234973 1 0 1706905668
WALL 21234973 1 0 1706905669
WALL 21234973 1 0 1706905670
WALL 21234973 1 0 1706905671
WALL 21234973 1 0 1706905672
WALL 21234973 1 0 1706905673
WALL 21234973 1 0 1706905674
WALL 21234973 1 0 1706905675
WALL 21234973 1 0 1706905676
WALL 21234973 1 0 1706905677
WALL 21234973 1 0 1706905678
WALL 21234973 1 0 1706905679
WALL 21234973 1 0 1706905680
WALL 21234973 1 0 1706905681
WALL 21234973 1 0 1706905682
WALL 21234973 1 0 1706905683
WALL 21234973 1 0 1706905684
WALL 21234973 1 0 1706905685
WALL 21234973 1 0 1706905686
WALL 21234973 1 0 1706905687
WALL 21234973 1 0 1706905688
WALL 21234973 1 0 1706905689
WALL 21234973 1 0 1706905690
WALL 21234973 1 0 1706905691
WALL 21234973 1 0 1706905692
WALL 21234973 1 0 1706905693
WALL 21234973 1 0 1706905694
WALL 21234973 1 0 1706905695
WALL 21234973 1 0 1706905696
WALL 21234973 1 0 1706905697
WALL 21234973 1 0 1706905698
WALL 21234973 1 0 1706905699
WALL 21234973 1 0 1706905700
WALL 21234973 1 0 1706905701
WALL 21234973 1 0 1706905702
WALL 21234973 1 0 1706905703
WALL 21234973 1 0 1706905704
WALL 21234973 1 0 1706905705
WALL 21234973 1 0 1706905706
WALL 21234973 1 0 1706905707
WALL 21234973 1 0 1706905708
WALL 21234973 1 0 1706905709
WALL 21234973 1 0 1706905710
WALL 21234973 1 0 1706905711
WALL 21234973 1 0 1706905712
WALL 21234973 1 0 1706905713
WALL 21234973 1 0 1706905714
WALL 21234973 1 0 1706905715
WALL 21234973 1 0 1706905716
WALL 21234973 1 0 1706905717
WALL 21234973 1 0 1706905718
WALL 21234973 1 0 1706905719
WALL 21234973 1 0 1706905720
WALL 21234973 1 0 1706905721
WALL 21234973 1 0 1706905722
WALL 21234973 1 0 1706905723
WALL 21234973 1 0 1706905724
WALL 21234973 1 0 1706905725
WALL 21234973 1 0 1706905726
WALL 21234973 1 0 1706905727
WALL 21234973 1 0 1706905728
WALL 21234973 1 0 1706905729
WALL 21234973 1 0 1706905730
WALL 21234973 1 0 1706905731
WALL 21234973 1 0 1706905732
WALL 21234973 1 0 1706905733
WALL 21234973 1 0 1706905734
WALL 21234973 1 0 1706905735
WALL 21234973 1 0 1706905736
WALL 21234973 1 0 1706905737
WALL 21234973 1 0 1706905738
WALL 21234973 1 0 1706905739
WALL 21234973 1 0 1706905740
WALL 21234973 1 0 1706905741
WALL 21234973 1 0 1706905742
WALL 21234973 1 0 1706905743
WALL 21234973 1 0 1706905744
WALL 21234973 1 0 1706905745
WALL 21234973 1 0 1706905746
WALL 21234973 1 0 1706905747
WALL 21234973 1 0 1706905748
WALL 21234973 1 0 1706905749
WALL 21234973 1 0 1706905750
WALL 21234973 1 0 1706905751
WALL 21234973 1 0 1706905752
WALL 21234973 1 0 1706905753
WALL 21234973 1 0 1706905754
WALL 21234973 1 0 1706905755
WALL 21234973 1 0 1706905756
WALL 21234973 1 0 1706905757
WALL 21234973 1 0 1706905758
WALL 21234973 1 0 1706905759
WALL 21234973 1 0 1706905760
WALL 21234973 1 0 1706905761
WALL 21234973 1 0 1706905762
WALL 21234973 1 0 1706905763
WALL 21234973 1 0 1706905764
WALL 21234973 1 0 1706905765
WALL 21234973 1 0 1706905766
WALL 21234973 1 0 1706905767
WALL 21234973 1 0 1706905768
WALL 21234973 1 0 1706905769
WALL 21234973 1 0 1706905770
WALL 21234973 1 0 1706905771
WALL 21234973 1 0 1706905772
WALL 21234973 1 0 1706905773
WALL 21234973 1 0 1706905774
WALL 21234973 1 0 1706905775
WALL 21234973 1 0 1706905776
WALL 21234973 1 0 1706905777
WALL 21234973 1 0 1706905778
WALL 21234973 1 0 1706905779
WALL 21234973 1 0 1706905780
WALL 21234973 1 0 1706905781
WALL 21234973 1 0 1706905782
WALL 21234973 1 0 1706905783
WALL 21234973 1 0 1706905784
WALL 21234973 1 0 1706905785
WALL 21234973 1 0 1706905786
WALL 21234973 1 0 1706905787
WALL 21234973 1 0 1706905788
WALL 21234973 1 0 1706905789
WALL 21234973 1 0 1706905790
WALL 21234973 1 0 1706905791
WALL 21234973 1 0 1706905792
WALL 21234973 1 0 1706905793
WALL 21234973 1 0 1706905794
WALL 21234973 1 0 1706905795
WALL 21234973 1 0 1706905796
WALL 21234973 1 0 1706905797
WALL 21234973 1 0 1706905798
WALL 21234973 1 0 1706905799
WALL 21234973 1 0 1706905800
WALL 21234973 1 0 1706905801
WALL 21234973 1 0 1706905802
WALL 21234973 1 0 1706905803
WALL 21234973 1 0 1706905804
WALL 21234973 1 0 1706905805
WALL 21234973 1 0 1706905806
WALL 21234973 1 0 1706905807
WALL 21234973 1 0 1706905808
WALL 21234973 1 0 1706905809
WALL 21234973 1 0 1706905810
WALL 21234973 1 0 1706905811
WALL 21234973 1 0 1706905812
WALL 21234973 1 0 1706905813
WALL 21234973 1 0 1706905814
WALL 21234973 1 0 1706905815
WALL 21234973 1 0 1706905816
WALL 21234973 1 0 1706905817
WALL 21234973 1 0 1706905818
WALL 21234973 1 0 1706905819
WALL 21234973 1 0 1706905820
WALL 21234973 1 0 1706905821
WALL 21234973 1 0 1706905822
WALL 21234973 1 0 1706905823
WALL 21234973 1 0 1706905824
WALL 21234973 1 0 1706905825
WALL 21234973 1 0 1706905826
WALL 21234973 1 0 1706905827
WALL 21234973 1 0 1706905828
WALL 21234973 1 0 1706905829
WALL 21234973 1 0 1706905830
WALL 21234973 1 0 1706905831
WALL 21234973 1 0 1706905832
WALL 21234973 1 0 1706905833
WALL 21234973 1 0 1706905834
WALL 21234973 1 0 1706905835
WALL 21234973 1 0 1706905836
WALL 21234973 1 0 1706905837
WALL 21234973 1 0 1706905838
WALL 21234973 1 0 1706905839
WALL 21234973 1 0 1706905840
WALL 21234973 1 0 1706905841
WALL 21234973 1 0 1706905842
WALL 21234973 1 0 1706905843
WALL 21234973 1 0 1706905844
WALL 21234973 1 0 1706905845
WALL 21234973 1 0 1706905846
WALL 21234973 1 0 1706905847
WALL 21234973 1 0 1706905848
WALL 21234973 1 0 1706905849
WALL 21234973 1 0 1706905850
WALL 21234973 1 0 1706905851
WALL 21234973 1 0 1706905852
WALL 21234973 1 0 1706905853
WALL 21234973 1 0 1706905854
WALL 21234973 1 0 1706905855
WALL 21234973 1 0 1706905856
WALL 21234973 1 0 1706905857
WALL 21234973 1 0 1706905858
WALL 21234973 1 0 1706905859
WALL 21234973 1 0 1706905860
WALL 21234973 1 0 1706905861
WALL 21234973 1 0 1706905862
WALL 21234973 1 0 1706905863
WALL 21234973 1 0 1706905864
WALL 21234973 1 0 1706905865
WALL 21234973 1 0 1706905866
WALL 21234973 1 0 1706905867
WALL 21234973 1 0 1706905868
WALL 21234973 1 0 1706905869
WALL 21234973 1 0 1706905870
WALL 21234973 1 0 1706905871
WALL 21234973 1 0 1706905872
WALL 21234973 1 0 1706905873
WALL 21234973 1 0 1706905874
WALL 21234973 1 0 1706905875
WALL 21234973 1 0 1706905876
WALL 21234973 1 0 1706905877
WALL 21234973 1 0 1706905878
WALL 21234973 1 0 1706905879
WALL 21234973 1 0 1706905880
WALL 21234973 1 0 1706905881
WALL 21234973 1 0 1706905882
WALL 21234973 1 0 1706905883
WALL 21234973 1 0 1706905884
WALL 21234973 1 0 1706905885
WALL 21234973 1 0 1706905886
WALL 21234973 1 0 1706905887
WALL 21234973 1 0 1706905888
WALL 21234973 1 0 1706905889
WALL 21234973 1 0 1706905890
WALL 21234973 1 0 1706905891
WALL 21234973 1 0 1706905892
WALL 21234973 1 0 1706905893
WALL 21234973 1 0 1706905894
WALL 21234973 1 0 1706905895
WALL 21234973 1 0 1706905896
WALL 21234973 1 0 1706905897
WALL 21234973 1 0 1706905898
WALL 21234973 1 0 1706905899
WALL 21234973 1 0 1706905900
WALL 21234973 1 0 1706905901
WALL 21234973 1 0 1706905902
WALL 21234973 1 0 1706905903
WALL 21234973 1 0 1706905904
WALL 21234973 1 0 1706905905
WALL 21234973 1 0 1706905906
WALL 21234973 1 0 1706905907
WALL 21234973 1 0 1706905908
WALL 21234973 1 0 1706905909
WALL 21234973 1 0 1706905910
WALL 21234973 1 0 1706905911
WALL 21234973 1 0 1706905912
WALL 21234973 1 0 1706905913
WALL 21234973 1 0 1706905914
WALL 21234973 1 0 1706905915
WALL 21234973 1 0 1706905916
WALL 21234973 1 0 1706905917
WALL 21234973 1 0 1706905918
WALL 21234973 1 0 1706905919
WALL 21234973 1 0 1706905920
WALL 21234973 1 0 1706905921
WALL 21234973 1 0 1706905922
WALL 21234973 1 0 1706905923
WALL 21234973 1 0 1706905924
WALL 21234973 1 0 1706905925
WALL 21234973 1 0 1706905926
WALL 21234973 1 0 1706905927
WALL 21234973 1 0 1706905928
WALL 21234973 1 0 1706905929
WALL 21234973 1 0 1706905930
WALL 21234973 1 0 1706905931
WALL 21234973 1 0 1706905932
WALL 21234973 1 0 1706905933
WALL 21234973 1 0 1706905934
WALL 21234973 1 0 1706905935
WALL 21234973 1 0 1706905936
WALL 21234973 1 0 1706905937
WALL 21234973 1 0 1706905938
WALL 21234973 1 0 1706905939
WALL 21234973 1 0 1706905940
WALL 21234973 1 0 1706905941
WALL 21234973 1 0 1706905942
WALL 21234973 1 0 1706905943
WALL 21234973 1 0 1706905944
WALL 21234973 1 0 1706905945
WALL 21234973 1 0 1706905946
WALL 21234973 1 0 1706905947
WALL 21234973 1 0 1706905948
WALL 21234973 1 0 1706905949
WALL 21234973 1 0 1706905950
WALL 21234973 1 0 1706905951
WALL 21234973 1 0 1706905952
WALL 21234973 1 0 1706905953
WALL 21234973 1 0 1706905954
WALL 21234973 1 0 1706905955
WALL 21234973 1 0 1706905956
WALL 21234973 1 0 1706905957
WALL 21234973 1 0 1706905958
WALL 21234973 1 0 1706905959
WALL 21234973 1 0 1706905960
WALL 21234973 1 0 1706905961
WALL 21234973 1 0 1706905962
WALL 21234973 1 0 1706905963
WALL 21234973 1 0 1706905964
WALL 21234973 1 0 1706905965
WALL 21234973 1 0 1706905966
WALL 21234973 1 0 1706905967
WALL 21234973 1 0 1706905968
WALL 21234973 1 0 1706905969
WALL 21234973 1 0 1706905970
WALL 21234973 1 0 1706905971
WALL 21234973 1 0 1706905972
WALL 21234973 1 0 1706905973
WALL 21234973 1 0 1706905974
WALL 21234973 1 0 1706905975
WALL 21234973 1 0 1706905976
WALL 21234973 1 0 1706905977
WALL 21234973 1 0 1706905978
WALL 21234973 1 0 1706905979
WALL 21234973 1 0 1706905980
WALL 21234973 1 0 1706905981
WALL 21234973 1 0 1706905982
WALL 21234973 1 0 1706905983
WALL 21234973 1 0 1706905984
WALL 21234973 1 0 1706905985
WALL 21234973 1 0 1706905986
WALL 21234973 1 0 1706905987
WALL 21234973 1 0 1706905988
WALL 21234973 1 0 1706905989
WALL 21234973 1 0 1706905990
WALL 21234973 1 0 1706905991
WALL 21234973 1 0 1706905992
WALL 21234973 1 0 1706905993
WALL 21234973 1 0 1706905994
WALL 21234973 1 0 1706905995
WALL 21234973 1 0 1706905996
WALL 21234973 1 0 1706905997
WALL 21234973 1 0 1706905998
WALL 21234973 1 0 1706905999
WALL 21234973 1 0 1706906000
WALL 21234973 1 0 1706906001
WALL 21234973 1 0 1706906002
WALL 21234973 1 0 1706906003
WALL 21234973 1 0 1706906004
WALL 21234973 1 0 1706906005
WALL 21234973 1 0 1706906006
WALL 21234973 1 0 1706906007
slurmstepd: error: *** STEP 21234973.0 ON nid200000 CANCELLED AT 2024-02-02T20:33:28 ***
received SIGTERM 1706906008
WALL 21234973 1 0 1706906008
received SIGCONT 1706906008
WALL 21234973 1 0 1706906008
WALL 21234973 1 0 1706906009
WALL 21234973 1 0 1706906010
WALL 21234973 1 0 1706906011
WALL 21234973 1 0 1706906012
WALL 21234973 1 0 1706906013
WALL 21234973 1 0 1706906014
WALL 21234973 1 0 1706906015
WALL 21234973 1 0 1706906016
WALL 21234973 1 0 1706906017
WALL 21234973 1 0 1706906018
WALL 21234973 1 0 1706906019
WALL 21234973 1 0 1706906020
WALL 21234973 1 0 1706906021
WALL 21234973 1 0 1706906022
WALL 21234973 1 0 1706906023
WALL 21234973 1 0 1706906024
WALL 21234973 1 0 1706906025
WALL 21234973 1 0 1706906026
WALL 21234973 1 0 1706906027
WALL 21234973 1 0 1706906028
WALL 21234973 1 0 1706906029
WALL 21234973 1 0 1706906030
WALL 21234973 1 0 1706906031
WALL 21234973 1 0 1706906032
WALL 21234973 1 0 1706906033
WALL 21234973 1 0 1706906034
WALL 21234973 1 0 1706906035
WALL 21234973 1 0 1706906036
WALL 21234973 1 0 1706906037
WALL 21234973 1 0 1706906038
WALL 21234973 1 0 1706906039
WALL 21234973 1 0 1706906040
WALL 21234973 1 0 1706906041
WALL 21234973 1 0 1706906042
WALL 21234973 1 0 1706906043
WALL 21234973 1 0 1706906044
WALL 21234973 1 0 1706906045
WALL 21234973 1 0 1706906046
WALL 21234973 1 0 1706906047
WALL 21234973 1 0 1706906048
WALL 21234973 1 0 1706906049
WALL 21234973 1 0 1706906050
WALL 21234973 1 0 1706906051
WALL 21234973 1 0 1706906052
WALL 21234973 1 0 1706906053
WALL 21234973 1 0 1706906054
WALL 21234973 1 0 1706906055
WALL 21234973 1 0 1706906056
WALL 21234973 1 0 1706906057
WALL 21234973 1 0 1706906058
WALL 21234973 1 0 1706906059
WALL 21234973 1 0 1706906060
WALL 21234973 1 0 1706906061
WALL 21234973 1 0 1706906062
WALL 21234973 1 0 1706906063
WALL 21234973 1 0 1706906064
WALL 21234973 1 0 1706906065
WALL 21234973 1 0 1706906066
WALL 21234973 1 0 1706906067
WALL 21234973 1 0 1706906068
WALL 21234973 1 0 1706906069
WALL 21234973 1 0 1706906070
WALL 21234973 1 0 1706906071
WALL 21234973 1 0 1706906072
WALL 21234973 1 0 1706906073
WALL 21234973 1 0 1706906074
WALL 21234973 1 0 1706906075
WALL 21234973 1 0 1706906076
WALL 21234973 1 0 1706906077
WALL 21234973 1 0 1706906078
WALL 21234973 1 0 1706906079
WALL 21234973 1 0 1706906080
WALL 21234973 1 0 1706906081
WALL 21234973 1 0 1706906082
WALL 21234973 1 0 1706906083
WALL 21234973 1 0 1706906084
WALL 21234973 1 0 1706906085
WALL 21234973 1 0 1706906086
WALL 21234973 1 0 1706906087
WALL 21234973 1 0 1706906088
WALL 21234973 1 0 1706906089
WALL 21234973 1 0 1706906090
WALL 21234973 1 0 1706906091
WALL 21234973 1 0 1706906092
WALL 21234973 1 0 1706906093
WALL 21234973 1 0 1706906094
WALL 21234973 1 0 1706906095
WALL 21234973 1 0 1706906096
WALL 21234973 1 0 1706906097
WALL 21234973 1 0 1706906098
WALL 21234973 1 0 1706906099
WALL 21234973 1 0 1706906100
WALL 21234973 1 0 1706906101
WALL 21234973 1 0 1706906102
WALL 21234973 1 0 1706906103
WALL 21234973 1 0 1706906104
WALL 21234973 1 0 1706906105
WALL 21234973 1 0 1706906106
WALL 21234973 1 0 1706906107
WALL 21234973 1 0 1706906108
WALL 21234973 1 0 1706906109
WALL 21234973 1 0 1706906110
WALL 21234973 1 0 1706906111
WALL 21234973 1 0 1706906112
WALL 21234973 1 0 1706906113
WALL 21234973 1 0 1706906114
WALL 21234973 1 0 1706906115
WALL 21234973 1 0 1706906116
WALL 21234973 1 0 1706906117
WALL 21234973 1 0 1706906118
WALL 21234973 1 0 1706906119
WALL 21234973 1 0 1706906120
WALL 21234973 1 0 1706906121
WALL 21234973 1 0 1706906122
WALL 21234973 1 0 1706906123
WALL 21234973 1 0 1706906124
WALL 21234973 1 0 1706906125
WALL 21234973 1 0 1706906126
WALL 21234973 1 0 1706906127
WALL 21234973 1 0 1706906128
WALL 21234973 1 0 1706906129
WALL 21234973 1 0 1706906130
WALL 21234973 1 0 1706906131
WALL 21234973 1 0 1706906132
WALL 21234973 1 0 1706906133
WALL 21234973 1 0 1706906134
WALL 21234973 1 0 1706906135
WALL 21234973 1 0 1706906136
WALL 21234973 1 0 1706906137
WALL 21234973 1 0 1706906138
WALL 21234973 1 0 1706906139
WALL 21234973 1 0 1706906140
WALL 21234973 1 0 1706906141
WALL 21234973 1 0 1706906142
WALL 21234973 1 0 1706906143
WALL 21234973 1 0 1706906144
WALL 21234973 1 0 1706906145
WALL 21234973 1 0 1706906146
WALL 21234973 1 0 1706906147
WALL 21234973 1 0 1706906148
slurmstepd: error: *** JOB 21234973 ON nid200000 CANCELLED AT 2024-02-02T20:35:49 DUE TO PREEMPTION ***
received SIGTERM 1706906149
WALL 21234973 1 0 1706906149
received SIGCONT 1706906149
WALL 21234973 1 0 1706906149
received SIGTERM 1706906149
WALL 21234973 1 0 1706906149
