WALL 21150634 1 0 1706738870
WALL 21150634 1 0 1706738871
WALL 21150634 1 0 1706738872
WALL 21150634 1 0 1706738873
WALL 21150634 1 0 1706738874
WALL 21150634 1 0 1706738875
WALL 21150634 1 0 1706738876
WALL 21150634 1 0 1706738877
WALL 21150634 1 0 1706738878
WALL 21150634 1 0 1706738879
WALL 21150634 1 0 1706738880
WALL 21150634 1 0 1706738881
WALL 21150634 1 0 1706738882
WALL 21150634 1 0 1706738883
WALL 21150634 1 0 1706738884
WALL 21150634 1 0 1706738885
WALL 21150634 1 0 1706738886
WALL 21150634 1 0 1706738887
WALL 21150634 1 0 1706738888
WALL 21150634 1 0 1706738889
WALL 21150634 1 0 1706738890
WALL 21150634 1 0 1706738891
WALL 21150634 1 0 1706738892
WALL 21150634 1 0 1706738893
WALL 21150634 1 0 1706738894
WALL 21150634 1 0 1706738895
WALL 21150634 1 0 1706738896
WALL 21150634 1 0 1706738897
WALL 21150634 1 0 1706738898
WALL 21150634 1 0 1706738899
WALL 21150634 1 0 1706738900
WALL 21150634 1 0 1706738901
WALL 21150634 1 0 1706738902
WALL 21150634 1 0 1706738903
WALL 21150634 1 0 1706738904
WALL 21150634 1 0 1706738905
WALL 21150634 1 0 1706738906
WALL 21150634 1 0 1706738907
WALL 21150634 1 0 1706738908
WALL 21150634 1 0 1706738909
WALL 21150634 1 0 1706738910
WALL 21150634 1 0 1706738911
WALL 21150634 1 0 1706738912
received SIGCONT 1706738913
WALL 21150634 1 0 1706738913
slurmstepd: error: *** STEP 21150634.0 ON nid200029 CANCELLED AT 2024-01-31T22:08:33 ***
received SIGTERM 1706738913
WALL 21150634 1 0 1706738913
WALL 21150634 1 0 1706738914
WALL 21150634 1 0 1706738915
WALL 21150634 1 0 1706738916
WALL 21150634 1 0 1706738917
WALL 21150634 1 0 1706738918
WALL 21150634 1 0 1706738919
WALL 21150634 1 0 1706738920
WALL 21150634 1 0 1706738921
WALL 21150634 1 0 1706738922
WALL 21150634 1 0 1706738923
WALL 21150634 1 0 1706738924
WALL 21150634 1 0 1706738925
WALL 21150634 1 0 1706738926
WALL 21150634 1 0 1706738927
WALL 21150634 1 0 1706738928
WALL 21150634 1 0 1706738929
WALL 21150634 1 0 1706738930
WALL 21150634 1 0 1706738931
WALL 21150634 1 0 1706738932
WALL 21150634 1 0 1706738933
WALL 21150634 1 0 1706738934
WALL 21150634 1 0 1706738935
WALL 21150634 1 0 1706738936
WALL 21150634 1 0 1706738937
WALL 21150634 1 0 1706738938
WALL 21150634 1 0 1706738939
WALL 21150634 1 0 1706738940
WALL 21150634 1 0 1706738941
WALL 21150634 1 0 1706738942
WALL 21150634 1 0 1706738943
WALL 21150634 1 0 1706738944
WALL 21150634 1 0 1706738945
WALL 21150634 1 0 1706738946
WALL 21150634 1 0 1706738947
WALL 21150634 1 0 1706738948
WALL 21150634 1 0 1706738949
WALL 21150634 1 0 1706738950
WALL 21150634 1 0 1706738951
WALL 21150634 1 0 1706738952
WALL 21150634 1 0 1706738953
WALL 21150634 1 0 1706738954
WALL 21150634 1 0 1706738955
WALL 21150634 1 0 1706738956
WALL 21150634 1 0 1706738957
WALL 21150634 1 0 1706738958
WALL 21150634 1 0 1706738959
WALL 21150634 1 0 1706738960
WALL 21150634 1 0 1706738961
WALL 21150634 1 0 1706738962
WALL 21150634 1 0 1706738963
WALL 21150634 1 0 1706738964
WALL 21150634 1 0 1706738965
WALL 21150634 1 0 1706738966
WALL 21150634 1 0 1706738967
WALL 21150634 1 0 1706738968
WALL 21150634 1 0 1706738969
WALL 21150634 1 0 1706738970
WALL 21150634 1 0 1706738971
WALL 21150634 1 0 1706738972
WALL 21150634 1 0 1706738973
WALL 21150634 1 0 1706738974
WALL 21150634 1 0 1706738975
WALL 21150634 1 0 1706738976
WALL 21150634 1 0 1706738977
WALL 21150634 1 0 1706738978
WALL 21150634 1 0 1706738979
WALL 21150634 1 0 1706738980
WALL 21150634 1 0 1706738981
WALL 21150634 1 0 1706738982
WALL 21150634 1 0 1706738983
WALL 21150634 1 0 1706738984
WALL 21150634 1 0 1706738985
slurmstepd: error: *** JOB 21150634 ON nid200029 CANCELLED AT 2024-01-31T22:09:45 DUE TO PREEMPTION ***
received SIGTERM 1706738985
WALL 21150634 1 0 1706738985
received SIGCONT 1706738985
