WALL 21234117 1 0 1706903759
WALL 21234117 1 0 1706903760
WALL 21234117 1 0 1706903761
WALL 21234117 1 0 1706903762
WALL 21234117 1 0 1706903763
WALL 21234117 1 0 1706903764
WALL 21234117 1 0 1706903765
WALL 21234117 1 0 1706903766
WALL 21234117 1 0 1706903767
WALL 21234117 1 0 1706903768
WALL 21234117 1 0 1706903769
WALL 21234117 1 0 1706903770
WALL 21234117 1 0 1706903771
WALL 21234117 1 0 1706903772
WALL 21234117 1 0 1706903773
WALL 21234117 1 0 1706903774
WALL 21234117 1 0 1706903775
WALL 21234117 1 0 1706903776
WALL 21234117 1 0 1706903777
WALL 21234117 1 0 1706903778
WALL 21234117 1 0 1706903779
WALL 21234117 1 0 1706903780
WALL 21234117 1 0 1706903781
WALL 21234117 1 0 1706903782
WALL 21234117 1 0 1706903783
WALL 21234117 1 0 1706903784
WALL 21234117 1 0 1706903785
WALL 21234117 1 0 1706903786
WALL 21234117 1 0 1706903787
WALL 21234117 1 0 1706903788
WALL 21234117 1 0 1706903789
WALL 21234117 1 0 1706903790
WALL 21234117 1 0 1706903791
WALL 21234117 1 0 1706903792
WALL 21234117 1 0 1706903793
WALL 21234117 1 0 1706903794
WALL 21234117 1 0 1706903795
WALL 21234117 1 0 1706903796
WALL 21234117 1 0 1706903797
WALL 21234117 1 0 1706903798
WALL 21234117 1 0 1706903799
WALL 21234117 1 0 1706903800
WALL 21234117 1 0 1706903801
WALL 21234117 1 0 1706903802
WALL 21234117 1 0 1706903803
WALL 21234117 1 0 1706903804
WALL 21234117 1 0 1706903805
WALL 21234117 1 0 1706903806
WALL 21234117 1 0 1706903807
WALL 21234117 1 0 1706903808
WALL 21234117 1 0 1706903809
WALL 21234117 1 0 1706903810
WALL 21234117 1 0 1706903811
WALL 21234117 1 0 1706903812
WALL 21234117 1 0 1706903813
WALL 21234117 1 0 1706903814
WALL 21234117 1 0 1706903815
WALL 21234117 1 0 1706903816
WALL 21234117 1 0 1706903817
WALL 21234117 1 0 1706903818
WALL 21234117 1 0 1706903819
WALL 21234117 1 0 1706903820
WALL 21234117 1 0 1706903821
WALL 21234117 1 0 1706903822
WALL 21234117 1 0 1706903823
WALL 21234117 1 0 1706903824
WALL 21234117 1 0 1706903825
WALL 21234117 1 0 1706903826
WALL 21234117 1 0 1706903827
WALL 21234117 1 0 1706903828
WALL 21234117 1 0 1706903829
WALL 21234117 1 0 1706903830
WALL 21234117 1 0 1706903831
WALL 21234117 1 0 1706903832
WALL 21234117 1 0 1706903833
WALL 21234117 1 0 1706903834
WALL 21234117 1 0 1706903835
WALL 21234117 1 0 1706903836
WALL 21234117 1 0 1706903837
WALL 21234117 1 0 1706903838
WALL 21234117 1 0 1706903839
WALL 21234117 1 0 1706903840
WALL 21234117 1 0 1706903841
WALL 21234117 1 0 1706903842
WALL 21234117 1 0 1706903843
WALL 21234117 1 0 1706903844
WALL 21234117 1 0 1706903845
WALL 21234117 1 0 1706903846
WALL 21234117 1 0 1706903847
WALL 21234117 1 0 1706903848
WALL 21234117 1 0 1706903849
WALL 21234117 1 0 1706903850
WALL 21234117 1 0 1706903851
WALL 21234117 1 0 1706903852
WALL 21234117 1 0 1706903853
WALL 21234117 1 0 1706903854
WALL 21234117 1 0 1706903855
WALL 21234117 1 0 1706903856
WALL 21234117 1 0 1706903857
WALL 21234117 1 0 1706903858
WALL 21234117 1 0 1706903859
WALL 21234117 1 0 1706903860
WALL 21234117 1 0 1706903861
WALL 21234117 1 0 1706903862
WALL 21234117 1 0 1706903863
WALL 21234117 1 0 1706903864
WALL 21234117 1 0 1706903865
WALL 21234117 1 0 1706903866
WALL 21234117 1 0 1706903867
WALL 21234117 1 0 1706903868
WALL 21234117 1 0 1706903869
WALL 21234117 1 0 1706903870
WALL 21234117 1 0 1706903871
WALL 21234117 1 0 1706903872
WALL 21234117 1 0 1706903873
WALL 21234117 1 0 1706903874
WALL 21234117 1 0 1706903875
WALL 21234117 1 0 1706903876
WALL 21234117 1 0 1706903877
WALL 21234117 1 0 1706903878
WALL 21234117 1 0 1706903879
WALL 21234117 1 0 1706903880
WALL 21234117 1 0 1706903881
WALL 21234117 1 0 1706903882
WALL 21234117 1 0 1706903883
WALL 21234117 1 0 1706903884
WALL 21234117 1 0 1706903885
WALL 21234117 1 0 1706903886
WALL 21234117 1 0 1706903887
WALL 21234117 1 0 1706903888
WALL 21234117 1 0 1706903889
WALL 21234117 1 0 1706903890
WALL 21234117 1 0 1706903891
WALL 21234117 1 0 1706903892
WALL 21234117 1 0 1706903893
WALL 21234117 1 0 1706903894
WALL 21234117 1 0 1706903895
WALL 21234117 1 0 1706903896
WALL 21234117 1 0 1706903897
WALL 21234117 1 0 1706903898
WALL 21234117 1 0 1706903899
WALL 21234117 1 0 1706903900
WALL 21234117 1 0 1706903901
WALL 21234117 1 0 1706903902
WALL 21234117 1 0 1706903903
WALL 21234117 1 0 1706903904
WALL 21234117 1 0 1706903905
WALL 21234117 1 0 1706903906
WALL 21234117 1 0 1706903907
WALL 21234117 1 0 1706903908
WALL 21234117 1 0 1706903909
WALL 21234117 1 0 1706903910
WALL 21234117 1 0 1706903911
WALL 21234117 1 0 1706903912
WALL 21234117 1 0 1706903913
WALL 21234117 1 0 1706903914
WALL 21234117 1 0 1706903915
WALL 21234117 1 0 1706903916
WALL 21234117 1 0 1706903917
WALL 21234117 1 0 1706903918
WALL 21234117 1 0 1706903919
WALL 21234117 1 0 1706903920
WALL 21234117 1 0 1706903921
WALL 21234117 1 0 1706903922
WALL 21234117 1 0 1706903923
WALL 21234117 1 0 1706903924
WALL 21234117 1 0 1706903925
WALL 21234117 1 0 1706903926
WALL 21234117 1 0 1706903927
WALL 21234117 1 0 1706903928
WALL 21234117 1 0 1706903929
WALL 21234117 1 0 1706903930
WALL 21234117 1 0 1706903931
WALL 21234117 1 0 1706903932
WALL 21234117 1 0 1706903933
WALL 21234117 1 0 1706903934
WALL 21234117 1 0 1706903935
WALL 21234117 1 0 1706903936
WALL 21234117 1 0 1706903937
WALL 21234117 1 0 1706903938
WALL 21234117 1 0 1706903939
WALL 21234117 1 0 1706903940
WALL 21234117 1 0 1706903941
WALL 21234117 1 0 1706903942
WALL 21234117 1 0 1706903943
WALL 21234117 1 0 1706903944
WALL 21234117 1 0 1706903945
WALL 21234117 1 0 1706903946
WALL 21234117 1 0 1706903947
WALL 21234117 1 0 1706903948
WALL 21234117 1 0 1706903949
WALL 21234117 1 0 1706903950
WALL 21234117 1 0 1706903951
WALL 21234117 1 0 1706903952
WALL 21234117 1 0 1706903953
WALL 21234117 1 0 1706903954
WALL 21234117 1 0 1706903955
WALL 21234117 1 0 1706903956
WALL 21234117 1 0 1706903957
WALL 21234117 1 0 1706903958
WALL 21234117 1 0 1706903959
WALL 21234117 1 0 1706903960
WALL 21234117 1 0 1706903961
WALL 21234117 1 0 1706903962
WALL 21234117 1 0 1706903963
WALL 21234117 1 0 1706903964
WALL 21234117 1 0 1706903965
WALL 21234117 1 0 1706903966
WALL 21234117 1 0 1706903967
WALL 21234117 1 0 1706903968
WALL 21234117 1 0 1706903969
WALL 21234117 1 0 1706903970
WALL 21234117 1 0 1706903971
WALL 21234117 1 0 1706903972
WALL 21234117 1 0 1706903973
WALL 21234117 1 0 1706903974
WALL 21234117 1 0 1706903975
WALL 21234117 1 0 1706903976
WALL 21234117 1 0 1706903977
WALL 21234117 1 0 1706903978
WALL 21234117 1 0 1706903979
WALL 21234117 1 0 1706903980
WALL 21234117 1 0 1706903981
WALL 21234117 1 0 1706903982
WALL 21234117 1 0 1706903983
WALL 21234117 1 0 1706903984
WALL 21234117 1 0 1706903985
WALL 21234117 1 0 1706903986
WALL 21234117 1 0 1706903987
WALL 21234117 1 0 1706903988
WALL 21234117 1 0 1706903989
WALL 21234117 1 0 1706903990
WALL 21234117 1 0 1706903991
WALL 21234117 1 0 1706903992
WALL 21234117 1 0 1706903993
WALL 21234117 1 0 1706903994
WALL 21234117 1 0 1706903995
WALL 21234117 1 0 1706903996
WALL 21234117 1 0 1706903997
WALL 21234117 1 0 1706903998
WALL 21234117 1 0 1706903999
WALL 21234117 1 0 1706904000
WALL 21234117 1 0 1706904001
WALL 21234117 1 0 1706904002
WALL 21234117 1 0 1706904003
WALL 21234117 1 0 1706904004
WALL 21234117 1 0 1706904005
WALL 21234117 1 0 1706904006
WALL 21234117 1 0 1706904007
WALL 21234117 1 0 1706904008
WALL 21234117 1 0 1706904009
WALL 21234117 1 0 1706904010
WALL 21234117 1 0 1706904011
WALL 21234117 1 0 1706904012
WALL 21234117 1 0 1706904013
WALL 21234117 1 0 1706904014
WALL 21234117 1 0 1706904015
WALL 21234117 1 0 1706904016
WALL 21234117 1 0 1706904017
WALL 21234117 1 0 1706904018
WALL 21234117 1 0 1706904019
WALL 21234117 1 0 1706904020
WALL 21234117 1 0 1706904021
WALL 21234117 1 0 1706904022
WALL 21234117 1 0 1706904023
WALL 21234117 1 0 1706904024
WALL 21234117 1 0 1706904025
WALL 21234117 1 0 1706904026
WALL 21234117 1 0 1706904027
WALL 21234117 1 0 1706904028
WALL 21234117 1 0 1706904029
WALL 21234117 1 0 1706904030
WALL 21234117 1 0 1706904031
WALL 21234117 1 0 1706904032
WALL 21234117 1 0 1706904033
WALL 21234117 1 0 1706904034
WALL 21234117 1 0 1706904035
WALL 21234117 1 0 1706904036
WALL 21234117 1 0 1706904037
WALL 21234117 1 0 1706904038
WALL 21234117 1 0 1706904039
WALL 21234117 1 0 1706904040
WALL 21234117 1 0 1706904041
WALL 21234117 1 0 1706904042
WALL 21234117 1 0 1706904043
WALL 21234117 1 0 1706904044
WALL 21234117 1 0 1706904045
WALL 21234117 1 0 1706904046
WALL 21234117 1 0 1706904047
WALL 21234117 1 0 1706904048
WALL 21234117 1 0 1706904049
WALL 21234117 1 0 1706904050
WALL 21234117 1 0 1706904051
WALL 21234117 1 0 1706904052
WALL 21234117 1 0 1706904053
WALL 21234117 1 0 1706904054
WALL 21234117 1 0 1706904055
WALL 21234117 1 0 1706904056
WALL 21234117 1 0 1706904057
WALL 21234117 1 0 1706904058
WALL 21234117 1 0 1706904059
WALL 21234117 1 0 1706904060
WALL 21234117 1 0 1706904061
WALL 21234117 1 0 1706904062
WALL 21234117 1 0 1706904063
WALL 21234117 1 0 1706904064
WALL 21234117 1 0 1706904065
WALL 21234117 1 0 1706904066
WALL 21234117 1 0 1706904067
WALL 21234117 1 0 1706904068
WALL 21234117 1 0 1706904069
WALL 21234117 1 0 1706904070
WALL 21234117 1 0 1706904071
WALL 21234117 1 0 1706904072
WALL 21234117 1 0 1706904073
WALL 21234117 1 0 1706904074
WALL 21234117 1 0 1706904075
WALL 21234117 1 0 1706904076
WALL 21234117 1 0 1706904077
WALL 21234117 1 0 1706904078
WALL 21234117 1 0 1706904079
WALL 21234117 1 0 1706904080
WALL 21234117 1 0 1706904081
WALL 21234117 1 0 1706904082
WALL 21234117 1 0 1706904083
WALL 21234117 1 0 1706904084
WALL 21234117 1 0 1706904085
WALL 21234117 1 0 1706904086
WALL 21234117 1 0 1706904087
WALL 21234117 1 0 1706904088
WALL 21234117 1 0 1706904089
WALL 21234117 1 0 1706904090
WALL 21234117 1 0 1706904091
WALL 21234117 1 0 1706904092
WALL 21234117 1 0 1706904093
WALL 21234117 1 0 1706904094
WALL 21234117 1 0 1706904095
WALL 21234117 1 0 1706904096
WALL 21234117 1 0 1706904097
WALL 21234117 1 0 1706904098
WALL 21234117 1 0 1706904099
WALL 21234117 1 0 1706904100
WALL 21234117 1 0 1706904101
WALL 21234117 1 0 1706904102
WALL 21234117 1 0 1706904103
WALL 21234117 1 0 1706904104
WALL 21234117 1 0 1706904105
WALL 21234117 1 0 1706904106
WALL 21234117 1 0 1706904107
WALL 21234117 1 0 1706904108
WALL 21234117 1 0 1706904109
WALL 21234117 1 0 1706904110
received SIGCONT 1706904110
WALL 21234117 1 0 1706904110
slurmstepd: error: *** STEP 21234117.0 ON nid200027 CANCELLED AT 2024-02-02T20:01:50 ***
received SIGTERM 1706904110
WALL 21234117 1 0 1706904110
WALL 21234117 1 0 1706904111
WALL 21234117 1 0 1706904112
WALL 21234117 1 0 1706904113
WALL 21234117 1 0 1706904114
WALL 21234117 1 0 1706904115
WALL 21234117 1 0 1706904116
WALL 21234117 1 0 1706904117
WALL 21234117 1 0 1706904118
WALL 21234117 1 0 1706904119
WALL 21234117 1 0 1706904120
WALL 21234117 1 0 1706904121
WALL 21234117 1 0 1706904122
WALL 21234117 1 0 1706904123
WALL 21234117 1 0 1706904124
WALL 21234117 1 0 1706904125
WALL 21234117 1 0 1706904126
WALL 21234117 1 0 1706904127
WALL 21234117 1 0 1706904128
WALL 21234117 1 0 1706904129
WALL 21234117 1 0 1706904130
WALL 21234117 1 0 1706904131
WALL 21234117 1 0 1706904132
WALL 21234117 1 0 1706904133
WALL 21234117 1 0 1706904134
WALL 21234117 1 0 1706904135
WALL 21234117 1 0 1706904136
WALL 21234117 1 0 1706904137
WALL 21234117 1 0 1706904138
WALL 21234117 1 0 1706904139
WALL 21234117 1 0 1706904140
WALL 21234117 1 0 1706904141
WALL 21234117 1 0 1706904142
WALL 21234117 1 0 1706904143
WALL 21234117 1 0 1706904144
WALL 21234117 1 0 1706904145
WALL 21234117 1 0 1706904146
WALL 21234117 1 0 1706904147
WALL 21234117 1 0 1706904148
WALL 21234117 1 0 1706904149
WALL 21234117 1 0 1706904150
WALL 21234117 1 0 1706904151
WALL 21234117 1 0 1706904152
WALL 21234117 1 0 1706904153
WALL 21234117 1 0 1706904154
WALL 21234117 1 0 1706904155
WALL 21234117 1 0 1706904156
WALL 21234117 1 0 1706904157
WALL 21234117 1 0 1706904158
WALL 21234117 1 0 1706904159
WALL 21234117 1 0 1706904160
WALL 21234117 1 0 1706904161
WALL 21234117 1 0 1706904162
WALL 21234117 1 0 1706904163
WALL 21234117 1 0 1706904164
WALL 21234117 1 0 1706904165
WALL 21234117 1 0 1706904166
WALL 21234117 1 0 1706904167
WALL 21234117 1 0 1706904168
WALL 21234117 1 0 1706904169
WALL 21234117 1 0 1706904170
WALL 21234117 1 0 1706904171
WALL 21234117 1 0 1706904172
WALL 21234117 1 0 1706904173
WALL 21234117 1 0 1706904174
WALL 21234117 1 0 1706904175
WALL 21234117 1 0 1706904176
WALL 21234117 1 0 1706904177
WALL 21234117 1 0 1706904178
WALL 21234117 1 0 1706904179
WALL 21234117 1 0 1706904180
WALL 21234117 1 0 1706904181
WALL 21234117 1 0 1706904182
WALL 21234117 1 0 1706904183
WALL 21234117 1 0 1706904184
WALL 21234117 1 0 1706904185
WALL 21234117 1 0 1706904186
WALL 21234117 1 0 1706904187
WALL 21234117 1 0 1706904188
WALL 21234117 1 0 1706904189
WALL 21234117 1 0 1706904190
WALL 21234117 1 0 1706904191
WALL 21234117 1 0 1706904192
WALL 21234117 1 0 1706904193
WALL 21234117 1 0 1706904194
WALL 21234117 1 0 1706904195
WALL 21234117 1 0 1706904196
WALL 21234117 1 0 1706904197
WALL 21234117 1 0 1706904198
WALL 21234117 1 0 1706904199
WALL 21234117 1 0 1706904200
WALL 21234117 1 0 1706904201
WALL 21234117 1 0 1706904202
WALL 21234117 1 0 1706904203
WALL 21234117 1 0 1706904204
WALL 21234117 1 0 1706904205
WALL 21234117 1 0 1706904206
WALL 21234117 1 0 1706904207
WALL 21234117 1 0 1706904208
WALL 21234117 1 0 1706904209
WALL 21234117 1 0 1706904210
WALL 21234117 1 0 1706904211
WALL 21234117 1 0 1706904212
WALL 21234117 1 0 1706904213
WALL 21234117 1 0 1706904214
WALL 21234117 1 0 1706904215
WALL 21234117 1 0 1706904216
WALL 21234117 1 0 1706904217
WALL 21234117 1 0 1706904218
WALL 21234117 1 0 1706904219
WALL 21234117 1 0 1706904220
WALL 21234117 1 0 1706904221
WALL 21234117 1 0 1706904222
WALL 21234117 1 0 1706904223
WALL 21234117 1 0 1706904224
WALL 21234117 1 0 1706904225
WALL 21234117 1 0 1706904226
WALL 21234117 1 0 1706904227
WALL 21234117 1 0 1706904228
WALL 21234117 1 0 1706904229
WALL 21234117 1 0 1706904230
WALL 21234117 1 0 1706904231
WALL 21234117 1 0 1706904232
WALL 21234117 1 0 1706904233
WALL 21234117 1 0 1706904234
WALL 21234117 1 0 1706904235
WALL 21234117 1 0 1706904236
WALL 21234117 1 0 1706904237
WALL 21234117 1 0 1706904238
WALL 21234117 1 0 1706904239
WALL 21234117 1 0 1706904240
WALL 21234117 1 0 1706904241
WALL 21234117 1 0 1706904242
WALL 21234117 1 0 1706904243
WALL 21234117 1 0 1706904244
WALL 21234117 1 0 1706904245
WALL 21234117 1 0 1706904246
WALL 21234117 1 0 1706904247
WALL 21234117 1 0 1706904248
WALL 21234117 1 0 1706904249
WALL 21234117 1 0 1706904250
WALL 21234117 1 0 1706904251
slurmstepd: error: *** JOB 21234117 ON nid200027 CANCELLED AT 2024-02-02T20:04:12 DUE TO PREEMPTION ***
received SIGTERM 1706904252
WALL 21234117 1 0 1706904252
received SIGCONT 1706904252
WALL 21234117 1 0 1706904252
received SIGTERM 1706904252
WALL 21234117 1 0 1706904252
