srun: warning: can't run 1 processes on 2 nodes, setting nnodes to 1
WALL 21233903 1 0 1706903585
WALL 21233903 1 0 1706903586
WALL 21233903 1 0 1706903587
WALL 21233903 1 0 1706903588
WALL 21233903 1 0 1706903589
WALL 21233903 1 0 1706903590
WALL 21233903 1 0 1706903591
WALL 21233903 1 0 1706903592
WALL 21233903 1 0 1706903593
WALL 21233903 1 0 1706903594
WALL 21233903 1 0 1706903595
WALL 21233903 1 0 1706903596
WALL 21233903 1 0 1706903597
WALL 21233903 1 0 1706903598
WALL 21233903 1 0 1706903599
WALL 21233903 1 0 1706903600
WALL 21233903 1 0 1706903601
WALL 21233903 1 0 1706903602
WALL 21233903 1 0 1706903603
WALL 21233903 1 0 1706903604
WALL 21233903 1 0 1706903605
WALL 21233903 1 0 1706903606
WALL 21233903 1 0 1706903607
WALL 21233903 1 0 1706903608
WALL 21233903 1 0 1706903609
WALL 21233903 1 0 1706903610
WALL 21233903 1 0 1706903611
WALL 21233903 1 0 1706903612
WALL 21233903 1 0 1706903613
WALL 21233903 1 0 1706903614
WALL 21233903 1 0 1706903615
WALL 21233903 1 0 1706903616
WALL 21233903 1 0 1706903617
WALL 21233903 1 0 1706903618
WALL 21233903 1 0 1706903619
WALL 21233903 1 0 1706903620
WALL 21233903 1 0 1706903621
WALL 21233903 1 0 1706903622
WALL 21233903 1 0 1706903623
WALL 21233903 1 0 1706903624
WALL 21233903 1 0 1706903625
WALL 21233903 1 0 1706903626
WALL 21233903 1 0 1706903627
WALL 21233903 1 0 1706903628
WALL 21233903 1 0 1706903629
WALL 21233903 1 0 1706903630
WALL 21233903 1 0 1706903631
WALL 21233903 1 0 1706903632
WALL 21233903 1 0 1706903633
WALL 21233903 1 0 1706903634
WALL 21233903 1 0 1706903635
WALL 21233903 1 0 1706903636
WALL 21233903 1 0 1706903637
WALL 21233903 1 0 1706903638
WALL 21233903 1 0 1706903639
WALL 21233903 1 0 1706903640
WALL 21233903 1 0 1706903641
WALL 21233903 1 0 1706903642
WALL 21233903 1 0 1706903643
WALL 21233903 1 0 1706903644
WALL 21233903 1 0 1706903645
WALL 21233903 1 0 1706903646
WALL 21233903 1 0 1706903647
WALL 21233903 1 0 1706903648
WALL 21233903 1 0 1706903649
WALL 21233903 1 0 1706903650
WALL 21233903 1 0 1706903651
WALL 21233903 1 0 1706903652
WALL 21233903 1 0 1706903653
WALL 21233903 1 0 1706903654
WALL 21233903 1 0 1706903655
WALL 21233903 1 0 1706903656
WALL 21233903 1 0 1706903657
WALL 21233903 1 0 1706903658
WALL 21233903 1 0 1706903659
WALL 21233903 1 0 1706903660
WALL 21233903 1 0 1706903661
WALL 21233903 1 0 1706903662
WALL 21233903 1 0 1706903663
WALL 21233903 1 0 1706903664
WALL 21233903 1 0 1706903665
WALL 21233903 1 0 1706903666
WALL 21233903 1 0 1706903667
WALL 21233903 1 0 1706903668
WALL 21233903 1 0 1706903669
WALL 21233903 1 0 1706903670
WALL 21233903 1 0 1706903671
WALL 21233903 1 0 1706903672
WALL 21233903 1 0 1706903673
WALL 21233903 1 0 1706903674
WALL 21233903 1 0 1706903675
WALL 21233903 1 0 1706903676
WALL 21233903 1 0 1706903677
WALL 21233903 1 0 1706903678
WALL 21233903 1 0 1706903679
WALL 21233903 1 0 1706903680
WALL 21233903 1 0 1706903681
WALL 21233903 1 0 1706903682
WALL 21233903 1 0 1706903683
WALL 21233903 1 0 1706903684
WALL 21233903 1 0 1706903685
WALL 21233903 1 0 1706903686
WALL 21233903 1 0 1706903687
WALL 21233903 1 0 1706903688
WALL 21233903 1 0 1706903689
WALL 21233903 1 0 1706903690
WALL 21233903 1 0 1706903691
WALL 21233903 1 0 1706903692
WALL 21233903 1 0 1706903693
WALL 21233903 1 0 1706903694
WALL 21233903 1 0 1706903695
WALL 21233903 1 0 1706903696
WALL 21233903 1 0 1706903697
WALL 21233903 1 0 1706903698
WALL 21233903 1 0 1706903699
WALL 21233903 1 0 1706903700
WALL 21233903 1 0 1706903701
WALL 21233903 1 0 1706903702
WALL 21233903 1 0 1706903703
WALL 21233903 1 0 1706903704
WALL 21233903 1 0 1706903705
WALL 21233903 1 0 1706903706
WALL 21233903 1 0 1706903707
WALL 21233903 1 0 1706903708
WALL 21233903 1 0 1706903709
WALL 21233903 1 0 1706903710
WALL 21233903 1 0 1706903711
WALL 21233903 1 0 1706903712
slurmstepd: error: *** STEP 21233903.0 ON nid200045 CANCELLED AT 2024-02-02T19:55:13 DUE TO PREEMPTION ***
slurmstepd: error: *** JOB 21233903 ON nid200045 CANCELLED AT 2024-02-02T19:55:13 DUE TO PREEMPTION ***
received SIGTERM 1706903713
WALL 21233903 1 0 1706903713
received SIGCONT 1706903713
WALL 21233903 1 0 1706903713
received SIGTERM 1706903713
WALL 21233903 1 0 1706903713
