WALL 21207886 1 0 1706821601
WALL 21207886 1 0 1706821602
WALL 21207886 1 0 1706821603
WALL 21207886 1 0 1706821604
WALL 21207886 1 0 1706821605
WALL 21207886 1 0 1706821606
WALL 21207886 1 0 1706821607
WALL 21207886 1 0 1706821608
WALL 21207886 1 0 1706821609
WALL 21207886 1 0 1706821610
WALL 21207886 1 0 1706821611
WALL 21207886 1 0 1706821612
WALL 21207886 1 0 1706821613
WALL 21207886 1 0 1706821614
WALL 21207886 1 0 1706821615
WALL 21207886 1 0 1706821616
WALL 21207886 1 0 1706821617
WALL 21207886 1 0 1706821618
WALL 21207886 1 0 1706821619
WALL 21207886 1 0 1706821620
WALL 21207886 1 0 1706821621
WALL 21207886 1 0 1706821622
WALL 21207886 1 0 1706821623
WALL 21207886 1 0 1706821624
WALL 21207886 1 0 1706821625
WALL 21207886 1 0 1706821626
WALL 21207886 1 0 1706821627
WALL 21207886 1 0 1706821628
WALL 21207886 1 0 1706821629
WALL 21207886 1 0 1706821630
WALL 21207886 1 0 1706821631
WALL 21207886 1 0 1706821632
WALL 21207886 1 0 1706821633
WALL 21207886 1 0 1706821634
WALL 21207886 1 0 1706821635
WALL 21207886 1 0 1706821636
WALL 21207886 1 0 1706821637
WALL 21207886 1 0 1706821638
WALL 21207886 1 0 1706821639
WALL 21207886 1 0 1706821640
WALL 21207886 1 0 1706821641
WALL 21207886 1 0 1706821642
WALL 21207886 1 0 1706821643
WALL 21207886 1 0 1706821644
WALL 21207886 1 0 1706821645
WALL 21207886 1 0 1706821646
WALL 21207886 1 0 1706821647
WALL 21207886 1 0 1706821648
WALL 21207886 1 0 1706821649
WALL 21207886 1 0 1706821650
WALL 21207886 1 0 1706821651
WALL 21207886 1 0 1706821652
WALL 21207886 1 0 1706821653
WALL 21207886 1 0 1706821654
WALL 21207886 1 0 1706821655
WALL 21207886 1 0 1706821656
WALL 21207886 1 0 1706821657
WALL 21207886 1 0 1706821658
WALL 21207886 1 0 1706821659
WALL 21207886 1 0 1706821660
WALL 21207886 1 0 1706821661
WALL 21207886 1 0 1706821662
WALL 21207886 1 0 1706821663
WALL 21207886 1 0 1706821664
WALL 21207886 1 0 1706821665
WALL 21207886 1 0 1706821666
WALL 21207886 1 0 1706821667
WALL 21207886 1 0 1706821668
WALL 21207886 1 0 1706821669
WALL 21207886 1 0 1706821670
WALL 21207886 1 0 1706821671
WALL 21207886 1 0 1706821672
WALL 21207886 1 0 1706821673
WALL 21207886 1 0 1706821674
WALL 21207886 1 0 1706821675
WALL 21207886 1 0 1706821676
WALL 21207886 1 0 1706821677
WALL 21207886 1 0 1706821678
WALL 21207886 1 0 1706821679
WALL 21207886 1 0 1706821680
WALL 21207886 1 0 1706821681
WALL 21207886 1 0 1706821682
WALL 21207886 1 0 1706821683
WALL 21207886 1 0 1706821684
WALL 21207886 1 0 1706821685
WALL 21207886 1 0 1706821686
WALL 21207886 1 0 1706821687
WALL 21207886 1 0 1706821688
WALL 21207886 1 0 1706821689
WALL 21207886 1 0 1706821690
WALL 21207886 1 0 1706821691
WALL 21207886 1 0 1706821692
WALL 21207886 1 0 1706821693
WALL 21207886 1 0 1706821694
WALL 21207886 1 0 1706821695
WALL 21207886 1 0 1706821696
WALL 21207886 1 0 1706821697
WALL 21207886 1 0 1706821698
WALL 21207886 1 0 1706821699
WALL 21207886 1 0 1706821700
WALL 21207886 1 0 1706821701
WALL 21207886 1 0 1706821702
WALL 21207886 1 0 1706821703
WALL 21207886 1 0 1706821704
WALL 21207886 1 0 1706821705
WALL 21207886 1 0 1706821706
WALL 21207886 1 0 1706821707
WALL 21207886 1 0 1706821708
WALL 21207886 1 0 1706821709
WALL 21207886 1 0 1706821710
WALL 21207886 1 0 1706821711
WALL 21207886 1 0 1706821712
WALL 21207886 1 0 1706821713
WALL 21207886 1 0 1706821714
WALL 21207886 1 0 1706821715
WALL 21207886 1 0 1706821716
WALL 21207886 1 0 1706821717
WALL 21207886 1 0 1706821718
WALL 21207886 1 0 1706821719
WALL 21207886 1 0 1706821720
WALL 21207886 1 0 1706821721
WALL 21207886 1 0 1706821722
WALL 21207886 1 0 1706821723
WALL 21207886 1 0 1706821724
WALL 21207886 1 0 1706821725
WALL 21207886 1 0 1706821726
WALL 21207886 1 0 1706821727
WALL 21207886 1 0 1706821728
WALL 21207886 1 0 1706821729
WALL 21207886 1 0 1706821730
WALL 21207886 1 0 1706821731
WALL 21207886 1 0 1706821732
WALL 21207886 1 0 1706821733
WALL 21207886 1 0 1706821734
WALL 21207886 1 0 1706821735
WALL 21207886 1 0 1706821736
WALL 21207886 1 0 1706821737
WALL 21207886 1 0 1706821738
WALL 21207886 1 0 1706821739
WALL 21207886 1 0 1706821740
WALL 21207886 1 0 1706821741
WALL 21207886 1 0 1706821742
WALL 21207886 1 0 1706821743
WALL 21207886 1 0 1706821744
WALL 21207886 1 0 1706821745
WALL 21207886 1 0 1706821746
WALL 21207886 1 0 1706821747
WALL 21207886 1 0 1706821748
WALL 21207886 1 0 1706821749
WALL 21207886 1 0 1706821750
WALL 21207886 1 0 1706821751
WALL 21207886 1 0 1706821752
WALL 21207886 1 0 1706821753
WALL 21207886 1 0 1706821754
WALL 21207886 1 0 1706821755
WALL 21207886 1 0 1706821756
WALL 21207886 1 0 1706821757
WALL 21207886 1 0 1706821758
WALL 21207886 1 0 1706821759
WALL 21207886 1 0 1706821760
WALL 21207886 1 0 1706821761
WALL 21207886 1 0 1706821762
WALL 21207886 1 0 1706821763
WALL 21207886 1 0 1706821764
WALL 21207886 1 0 1706821765
WALL 21207886 1 0 1706821766
WALL 21207886 1 0 1706821767
WALL 21207886 1 0 1706821768
WALL 21207886 1 0 1706821769
slurmstepd: error: *** STEP 21207886.0 ON nid200123 CANCELLED AT 2024-02-01T21:09:30 ***
received SIGTERM 1706821770
WALL 21207886 1 0 1706821770
received SIGCONT 1706821770
WALL 21207886 1 0 1706821770
WALL 21207886 1 0 1706821771
WALL 21207886 1 0 1706821772
WALL 21207886 1 0 1706821773
WALL 21207886 1 0 1706821774
WALL 21207886 1 0 1706821775
WALL 21207886 1 0 1706821776
WALL 21207886 1 0 1706821777
WALL 21207886 1 0 1706821778
WALL 21207886 1 0 1706821779
WALL 21207886 1 0 1706821780
WALL 21207886 1 0 1706821781
WALL 21207886 1 0 1706821782
WALL 21207886 1 0 1706821783
WALL 21207886 1 0 1706821784
WALL 21207886 1 0 1706821785
WALL 21207886 1 0 1706821786
WALL 21207886 1 0 1706821787
WALL 21207886 1 0 1706821788
WALL 21207886 1 0 1706821789
WALL 21207886 1 0 1706821790
WALL 21207886 1 0 1706821791
WALL 21207886 1 0 1706821792
WALL 21207886 1 0 1706821793
WALL 21207886 1 0 1706821794
WALL 21207886 1 0 1706821795
WALL 21207886 1 0 1706821796
WALL 21207886 1 0 1706821797
WALL 21207886 1 0 1706821798
WALL 21207886 1 0 1706821799
WALL 21207886 1 0 1706821800
WALL 21207886 1 0 1706821801
WALL 21207886 1 0 1706821802
WALL 21207886 1 0 1706821803
WALL 21207886 1 0 1706821804
WALL 21207886 1 0 1706821805
WALL 21207886 1 0 1706821806
WALL 21207886 1 0 1706821807
WALL 21207886 1 0 1706821808
WALL 21207886 1 0 1706821809
WALL 21207886 1 0 1706821810
WALL 21207886 1 0 1706821811
WALL 21207886 1 0 1706821812
WALL 21207886 1 0 1706821813
WALL 21207886 1 0 1706821814
WALL 21207886 1 0 1706821815
WALL 21207886 1 0 1706821816
WALL 21207886 1 0 1706821817
WALL 21207886 1 0 1706821818
WALL 21207886 1 0 1706821819
WALL 21207886 1 0 1706821820
WALL 21207886 1 0 1706821821
WALL 21207886 1 0 1706821822
WALL 21207886 1 0 1706821823
WALL 21207886 1 0 1706821824
WALL 21207886 1 0 1706821825
WALL 21207886 1 0 1706821826
WALL 21207886 1 0 1706821827
WALL 21207886 1 0 1706821828
WALL 21207886 1 0 1706821829
WALL 21207886 1 0 1706821830
WALL 21207886 1 0 1706821831
WALL 21207886 1 0 1706821832
WALL 21207886 1 0 1706821833
WALL 21207886 1 0 1706821834
WALL 21207886 1 0 1706821835
WALL 21207886 1 0 1706821836
WALL 21207886 1 0 1706821837
WALL 21207886 1 0 1706821838
slurmstepd: error: *** JOB 21207886 ON nid200123 CANCELLED AT 2024-02-01T21:10:38 DUE TO PREEMPTION ***
received SIGTERM 1706821838
WALL 21207886 1 0 1706821838
received SIGCONT 1706821838
WALL 21207886 1 0 1706821838
received SIGTERM 1706821838
WALL 21207886 1 0 1706821838
