srun: warning: can't run 1 processes on 16 nodes, setting nnodes to 1
WALL 21249008 1 0 1706920263
WALL 21249008 1 0 1706920264
WALL 21249008 1 0 1706920265
WALL 21249008 1 0 1706920266
WALL 21249008 1 0 1706920267
WALL 21249008 1 0 1706920268
WALL 21249008 1 0 1706920269
WALL 21249008 1 0 1706920270
WALL 21249008 1 0 1706920271
WALL 21249008 1 0 1706920272
WALL 21249008 1 0 1706920273
WALL 21249008 1 0 1706920274
WALL 21249008 1 0 1706920275
WALL 21249008 1 0 1706920276
WALL 21249008 1 0 1706920277
WALL 21249008 1 0 1706920278
WALL 21249008 1 0 1706920279
WALL 21249008 1 0 1706920280
WALL 21249008 1 0 1706920281
WALL 21249008 1 0 1706920282
WALL 21249008 1 0 1706920283
WALL 21249008 1 0 1706920284
WALL 21249008 1 0 1706920285
WALL 21249008 1 0 1706920286
WALL 21249008 1 0 1706920287
WALL 21249008 1 0 1706920288
WALL 21249008 1 0 1706920289
WALL 21249008 1 0 1706920290
WALL 21249008 1 0 1706920291
WALL 21249008 1 0 1706920292
WALL 21249008 1 0 1706920293
WALL 21249008 1 0 1706920294
WALL 21249008 1 0 1706920295
WALL 21249008 1 0 1706920296
WALL 21249008 1 0 1706920297
WALL 21249008 1 0 1706920298
WALL 21249008 1 0 1706920299
WALL 21249008 1 0 1706920300
WALL 21249008 1 0 1706920301
WALL 21249008 1 0 1706920302
WALL 21249008 1 0 1706920303
WALL 21249008 1 0 1706920304
WALL 21249008 1 0 1706920305
WALL 21249008 1 0 1706920306
WALL 21249008 1 0 1706920307
WALL 21249008 1 0 1706920308
WALL 21249008 1 0 1706920309
WALL 21249008 1 0 1706920310
WALL 21249008 1 0 1706920311
WALL 21249008 1 0 1706920312
WALL 21249008 1 0 1706920313
WALL 21249008 1 0 1706920314
WALL 21249008 1 0 1706920315
WALL 21249008 1 0 1706920316
WALL 21249008 1 0 1706920317
WALL 21249008 1 0 1706920318
WALL 21249008 1 0 1706920319
WALL 21249008 1 0 1706920320
WALL 21249008 1 0 1706920321
WALL 21249008 1 0 1706920322
WALL 21249008 1 0 1706920323
WALL 21249008 1 0 1706920324
WALL 21249008 1 0 1706920325
WALL 21249008 1 0 1706920326
WALL 21249008 1 0 1706920327
WALL 21249008 1 0 1706920328
WALL 21249008 1 0 1706920329
WALL 21249008 1 0 1706920330
WALL 21249008 1 0 1706920331
WALL 21249008 1 0 1706920332
WALL 21249008 1 0 1706920333
WALL 21249008 1 0 1706920334
received SIGCONT 1706920335
WALL 21249008 1 0 1706920335
slurmstepd: error: *** STEP 21249008.0 ON nid200014 CANCELLED AT 2024-02-03T00:32:15 ***
received SIGTERM 1706920335
WALL 21249008 1 0 1706920335
WALL 21249008 1 0 1706920336
WALL 21249008 1 0 1706920337
WALL 21249008 1 0 1706920338
WALL 21249008 1 0 1706920339
WALL 21249008 1 0 1706920340
WALL 21249008 1 0 1706920341
WALL 21249008 1 0 1706920342
WALL 21249008 1 0 1706920343
WALL 21249008 1 0 1706920344
WALL 21249008 1 0 1706920345
WALL 21249008 1 0 1706920346
WALL 21249008 1 0 1706920347
WALL 21249008 1 0 1706920348
WALL 21249008 1 0 1706920349
WALL 21249008 1 0 1706920350
WALL 21249008 1 0 1706920351
WALL 21249008 1 0 1706920352
WALL 21249008 1 0 1706920353
WALL 21249008 1 0 1706920354
WALL 21249008 1 0 1706920355
WALL 21249008 1 0 1706920356
WALL 21249008 1 0 1706920357
WALL 21249008 1 0 1706920358
WALL 21249008 1 0 1706920359
WALL 21249008 1 0 1706920360
WALL 21249008 1 0 1706920361
WALL 21249008 1 0 1706920362
WALL 21249008 1 0 1706920363
WALL 21249008 1 0 1706920364
WALL 21249008 1 0 1706920365
WALL 21249008 1 0 1706920366
WALL 21249008 1 0 1706920367
WALL 21249008 1 0 1706920368
WALL 21249008 1 0 1706920369
WALL 21249008 1 0 1706920370
WALL 21249008 1 0 1706920371
WALL 21249008 1 0 1706920372
WALL 21249008 1 0 1706920373
WALL 21249008 1 0 1706920374
WALL 21249008 1 0 1706920375
WALL 21249008 1 0 1706920376
WALL 21249008 1 0 1706920377
WALL 21249008 1 0 1706920378
WALL 21249008 1 0 1706920379
WALL 21249008 1 0 1706920380
WALL 21249008 1 0 1706920381
WALL 21249008 1 0 1706920382
WALL 21249008 1 0 1706920383
WALL 21249008 1 0 1706920384
WALL 21249008 1 0 1706920385
WALL 21249008 1 0 1706920386
WALL 21249008 1 0 1706920387
WALL 21249008 1 0 1706920388
WALL 21249008 1 0 1706920389
WALL 21249008 1 0 1706920390
WALL 21249008 1 0 1706920391
WALL 21249008 1 0 1706920392
WALL 21249008 1 0 1706920393
WALL 21249008 1 0 1706920394
WALL 21249008 1 0 1706920395
WALL 21249008 1 0 1706920396
WALL 21249008 1 0 1706920397
WALL 21249008 1 0 1706920398
WALL 21249008 1 0 1706920399
WALL 21249008 1 0 1706920400
WALL 21249008 1 0 1706920401
WALL 21249008 1 0 1706920402
WALL 21249008 1 0 1706920403
WALL 21249008 1 0 1706920404
WALL 21249008 1 0 1706920405
WALL 21249008 1 0 1706920406
WALL 21249008 1 0 1706920407
WALL 21249008 1 0 1706920408
WALL 21249008 1 0 1706920409
WALL 21249008 1 0 1706920410
WALL 21249008 1 0 1706920411
WALL 21249008 1 0 1706920412
WALL 21249008 1 0 1706920413
WALL 21249008 1 0 1706920414
WALL 21249008 1 0 1706920415
WALL 21249008 1 0 1706920416
WALL 21249008 1 0 1706920417
WALL 21249008 1 0 1706920418
WALL 21249008 1 0 1706920419
WALL 21249008 1 0 1706920420
WALL 21249008 1 0 1706920421
WALL 21249008 1 0 1706920422
WALL 21249008 1 0 1706920423
WALL 21249008 1 0 1706920424
WALL 21249008 1 0 1706920425
WALL 21249008 1 0 1706920426
WALL 21249008 1 0 1706920427
WALL 21249008 1 0 1706920428
WALL 21249008 1 0 1706920429
WALL 21249008 1 0 1706920430
WALL 21249008 1 0 1706920431
WALL 21249008 1 0 1706920432
WALL 21249008 1 0 1706920433
WALL 21249008 1 0 1706920434
WALL 21249008 1 0 1706920435
WALL 21249008 1 0 1706920436
WALL 21249008 1 0 1706920437
WALL 21249008 1 0 1706920438
WALL 21249008 1 0 1706920439
WALL 21249008 1 0 1706920440
WALL 21249008 1 0 1706920441
WALL 21249008 1 0 1706920442
WALL 21249008 1 0 1706920443
WALL 21249008 1 0 1706920444
WALL 21249008 1 0 1706920445
WALL 21249008 1 0 1706920446
WALL 21249008 1 0 1706920447
WALL 21249008 1 0 1706920448
WALL 21249008 1 0 1706920449
WALL 21249008 1 0 1706920450
WALL 21249008 1 0 1706920451
WALL 21249008 1 0 1706920452
WALL 21249008 1 0 1706920453
WALL 21249008 1 0 1706920454
WALL 21249008 1 0 1706920455
WALL 21249008 1 0 1706920456
WALL 21249008 1 0 1706920457
WALL 21249008 1 0 1706920458
WALL 21249008 1 0 1706920459
WALL 21249008 1 0 1706920460
WALL 21249008 1 0 1706920461
WALL 21249008 1 0 1706920462
WALL 21249008 1 0 1706920463
WALL 21249008 1 0 1706920464
WALL 21249008 1 0 1706920465
WALL 21249008 1 0 1706920466
WALL 21249008 1 0 1706920467
WALL 21249008 1 0 1706920468
WALL 21249008 1 0 1706920469
WALL 21249008 1 0 1706920470
WALL 21249008 1 0 1706920471
WALL 21249008 1 0 1706920472
WALL 21249008 1 0 1706920473
WALL 21249008 1 0 1706920474
slurmstepd: error: *** JOB 21249008 ON nid200014 CANCELLED AT 2024-02-03T00:34:34 DUE TO PREEMPTION ***
received SIGTERM 1706920474
WALL 21249008 1 0 1706920474
received SIGCONT 1706920474
WALL 21249008 1 0 1706920474
received SIGTERM 1706920474
WALL 21249008 1 0 1706920474
