WALL 21149668 1 0 1706737871
WALL 21149668 1 0 1706737872
WALL 21149668 1 0 1706737873
WALL 21149668 1 0 1706737874
WALL 21149668 1 0 1706737875
WALL 21149668 1 0 1706737876
WALL 21149668 1 0 1706737877
WALL 21149668 1 0 1706737878
slurmstepd: error: *** STEP 21149668.0 ON nid200030 CANCELLED AT 2024-01-31T21:51:18 ***
received SIGTERM 1706737878
WALL 21149668 1 0 1706737878
received SIGCONT 1706737878
WALL 21149668 1 0 1706737878
WALL 21149668 1 0 1706737879
WALL 21149668 1 0 1706737880
WALL 21149668 1 0 1706737881
WALL 21149668 1 0 1706737882
WALL 21149668 1 0 1706737883
WALL 21149668 1 0 1706737884
WALL 21149668 1 0 1706737885
WALL 21149668 1 0 1706737886
WALL 21149668 1 0 1706737887
WALL 21149668 1 0 1706737888
WALL 21149668 1 0 1706737889
WALL 21149668 1 0 1706737890
WALL 21149668 1 0 1706737891
WALL 21149668 1 0 1706737892
WALL 21149668 1 0 1706737893
WALL 21149668 1 0 1706737894
WALL 21149668 1 0 1706737895
WALL 21149668 1 0 1706737896
WALL 21149668 1 0 1706737897
WALL 21149668 1 0 1706737898
WALL 21149668 1 0 1706737899
WALL 21149668 1 0 1706737900
WALL 21149668 1 0 1706737901
WALL 21149668 1 0 1706737902
WALL 21149668 1 0 1706737903
WALL 21149668 1 0 1706737904
WALL 21149668 1 0 1706737905
WALL 21149668 1 0 1706737906
WALL 21149668 1 0 1706737907
WALL 21149668 1 0 1706737908
WALL 21149668 1 0 1706737909
WALL 21149668 1 0 1706737910
WALL 21149668 1 0 1706737911
WALL 21149668 1 0 1706737912
WALL 21149668 1 0 1706737913
WALL 21149668 1 0 1706737914
WALL 21149668 1 0 1706737915
WALL 21149668 1 0 1706737916
WALL 21149668 1 0 1706737917
WALL 21149668 1 0 1706737918
WALL 21149668 1 0 1706737919
WALL 21149668 1 0 1706737920
WALL 21149668 1 0 1706737921
WALL 21149668 1 0 1706737922
WALL 21149668 1 0 1706737923
WALL 21149668 1 0 1706737924
WALL 21149668 1 0 1706737925
WALL 21149668 1 0 1706737926
WALL 21149668 1 0 1706737927
WALL 21149668 1 0 1706737928
WALL 21149668 1 0 1706737929
WALL 21149668 1 0 1706737930
WALL 21149668 1 0 1706737931
WALL 21149668 1 0 1706737932
WALL 21149668 1 0 1706737933
WALL 21149668 1 0 1706737934
WALL 21149668 1 0 1706737935
WALL 21149668 1 0 1706737936
WALL 21149668 1 0 1706737937
WALL 21149668 1 0 1706737938
WALL 21149668 1 0 1706737939
WALL 21149668 1 0 1706737940
WALL 21149668 1 0 1706737941
WALL 21149668 1 0 1706737942
WALL 21149668 1 0 1706737943
WALL 21149668 1 0 1706737944
WALL 21149668 1 0 1706737945
WALL 21149668 1 0 1706737946
WALL 21149668 1 0 1706737947
WALL 21149668 1 0 1706737948
WALL 21149668 1 0 1706737949
WALL 21149668 1 0 1706737950
WALL 21149668 1 0 1706737951
WALL 21149668 1 0 1706737952
WALL 21149668 1 0 1706737953
WALL 21149668 1 0 1706737954
WALL 21149668 1 0 1706737955
WALL 21149668 1 0 1706737956
slurmstepd: error: *** JOB 21149668 ON nid200030 CANCELLED AT 2024-01-31T21:52:37 DUE TO PREEMPTION ***
received SIGTERM 1706737957
WALL 21149668 1 0 1706737957
received SIGCONT 1706737957
WALL 21149668 1 0 1706737957
received SIGTERM 1706737957
WALL 21149668 1 0 1706737957
srun: Job step aborted: Waiting up to 32 seconds for job step to finish.
