WALL 21088974 1 0 1706661286
WALL 21088974 1 0 1706661287
WALL 21088974 1 0 1706661288
WALL 21088974 1 0 1706661289
WALL 21088974 1 0 1706661290
WALL 21088974 1 0 1706661291
WALL 21088974 1 0 1706661292
WALL 21088974 1 0 1706661293
WALL 21088974 1 0 1706661294
WALL 21088974 1 0 1706661295
WALL 21088974 1 0 1706661296
WALL 21088974 1 0 1706661297
WALL 21088974 1 0 1706661298
WALL 21088974 1 0 1706661299
WALL 21088974 1 0 1706661300
WALL 21088974 1 0 1706661301
WALL 21088974 1 0 1706661302
WALL 21088974 1 0 1706661303
WALL 21088974 1 0 1706661304
WALL 21088974 1 0 1706661305
WALL 21088974 1 0 1706661306
WALL 21088974 1 0 1706661307
WALL 21088974 1 0 1706661308
WALL 21088974 1 0 1706661309
WALL 21088974 1 0 1706661310
WALL 21088974 1 0 1706661311
WALL 21088974 1 0 1706661312
slurmstepd: error: *** STEP 21088974.0 ON nid200197 CANCELLED AT 2024-01-31T00:35:13 ***
received SIGCONT 1706661313
WALL 21088974 1 0 1706661313
received SIGTERM 1706661313
WALL 21088974 1 0 1706661313
WALL 21088974 1 0 1706661314
WALL 21088974 1 0 1706661315
WALL 21088974 1 0 1706661316
WALL 21088974 1 0 1706661317
WALL 21088974 1 0 1706661318
WALL 21088974 1 0 1706661319
WALL 21088974 1 0 1706661320
WALL 21088974 1 0 1706661321
WALL 21088974 1 0 1706661322
WALL 21088974 1 0 1706661323
WALL 21088974 1 0 1706661324
WALL 21088974 1 0 1706661325
WALL 21088974 1 0 1706661326
WALL 21088974 1 0 1706661327
WALL 21088974 1 0 1706661328
WALL 21088974 1 0 1706661329
WALL 21088974 1 0 1706661330
WALL 21088974 1 0 1706661331
WALL 21088974 1 0 1706661332
WALL 21088974 1 0 1706661333
WALL 21088974 1 0 1706661334
WALL 21088974 1 0 1706661335
WALL 21088974 1 0 1706661336
WALL 21088974 1 0 1706661337
WALL 21088974 1 0 1706661338
WALL 21088974 1 0 1706661339
WALL 21088974 1 0 1706661340
WALL 21088974 1 0 1706661341
WALL 21088974 1 0 1706661342
WALL 21088974 1 0 1706661343
WALL 21088974 1 0 1706661344
WALL 21088974 1 0 1706661345
WALL 21088974 1 0 1706661346
WALL 21088974 1 0 1706661347
WALL 21088974 1 0 1706661348
WALL 21088974 1 0 1706661349
WALL 21088974 1 0 1706661350
WALL 21088974 1 0 1706661351
WALL 21088974 1 0 1706661352
WALL 21088974 1 0 1706661353
WALL 21088974 1 0 1706661354
WALL 21088974 1 0 1706661355
WALL 21088974 1 0 1706661356
WALL 21088974 1 0 1706661357
WALL 21088974 1 0 1706661358
WALL 21088974 1 0 1706661359
WALL 21088974 1 0 1706661360
WALL 21088974 1 0 1706661361
WALL 21088974 1 0 1706661362
WALL 21088974 1 0 1706661363
WALL 21088974 1 0 1706661364
WALL 21088974 1 0 1706661365
WALL 21088974 1 0 1706661366
WALL 21088974 1 0 1706661367
WALL 21088974 1 0 1706661368
WALL 21088974 1 0 1706661369
WALL 21088974 1 0 1706661370
WALL 21088974 1 0 1706661371
WALL 21088974 1 0 1706661372
slurmstepd: error: *** JOB 21088974 ON nid200197 CANCELLED AT 2024-01-31T00:36:13 DUE TO PREEMPTION ***
received SIGTERM 1706661373
WALL 21088974 1 0 1706661373
received SIGCONT 1706661373
WALL 21088974 1 0 1706661373
received SIGTERM 1706661373
WALL 21088974 1 0 1706661373
