srun: warning: can't run 1 processes on 2 nodes, setting nnodes to 1
WALL 21212223 1 0 1706834162
WALL 21212223 1 0 1706834163
WALL 21212223 1 0 1706834164
WALL 21212223 1 0 1706834165
WALL 21212223 1 0 1706834166
WALL 21212223 1 0 1706834167
WALL 21212223 1 0 1706834168
WALL 21212223 1 0 1706834169
WALL 21212223 1 0 1706834170
WALL 21212223 1 0 1706834171
WALL 21212223 1 0 1706834172
WALL 21212223 1 0 1706834173
WALL 21212223 1 0 1706834174
WALL 21212223 1 0 1706834175
WALL 21212223 1 0 1706834176
WALL 21212223 1 0 1706834177
WALL 21212223 1 0 1706834178
WALL 21212223 1 0 1706834179
WALL 21212223 1 0 1706834180
WALL 21212223 1 0 1706834181
WALL 21212223 1 0 1706834182
WALL 21212223 1 0 1706834183
WALL 21212223 1 0 1706834184
WALL 21212223 1 0 1706834185
WALL 21212223 1 0 1706834186
WALL 21212223 1 0 1706834187
WALL 21212223 1 0 1706834188
WALL 21212223 1 0 1706834189
WALL 21212223 1 0 1706834190
WALL 21212223 1 0 1706834191
WALL 21212223 1 0 1706834192
WALL 21212223 1 0 1706834193
WALL 21212223 1 0 1706834194
WALL 21212223 1 0 1706834195
WALL 21212223 1 0 1706834196
WALL 21212223 1 0 1706834197
WALL 21212223 1 0 1706834198
WALL 21212223 1 0 1706834199
WALL 21212223 1 0 1706834200
WALL 21212223 1 0 1706834201
WALL 21212223 1 0 1706834202
WALL 21212223 1 0 1706834203
WALL 21212223 1 0 1706834204
WALL 21212223 1 0 1706834205
WALL 21212223 1 0 1706834206
WALL 21212223 1 0 1706834207
WALL 21212223 1 0 1706834208
WALL 21212223 1 0 1706834209
WALL 21212223 1 0 1706834210
WALL 21212223 1 0 1706834211
WALL 21212223 1 0 1706834212
WALL 21212223 1 0 1706834213
WALL 21212223 1 0 1706834214
WALL 21212223 1 0 1706834215
WALL 21212223 1 0 1706834216
WALL 21212223 1 0 1706834217
WALL 21212223 1 0 1706834218
WALL 21212223 1 0 1706834219
WALL 21212223 1 0 1706834220
WALL 21212223 1 0 1706834221
WALL 21212223 1 0 1706834222
WALL 21212223 1 0 1706834223
WALL 21212223 1 0 1706834224
WALL 21212223 1 0 1706834225
WALL 21212223 1 0 1706834226
WALL 21212223 1 0 1706834227
WALL 21212223 1 0 1706834228
WALL 21212223 1 0 1706834229
WALL 21212223 1 0 1706834230
WALL 21212223 1 0 1706834231
WALL 21212223 1 0 1706834232
WALL 21212223 1 0 1706834233
WALL 21212223 1 0 1706834234
WALL 21212223 1 0 1706834235
WALL 21212223 1 0 1706834236
WALL 21212223 1 0 1706834237
WALL 21212223 1 0 1706834238
WALL 21212223 1 0 1706834239
WALL 21212223 1 0 1706834240
WALL 21212223 1 0 1706834241
WALL 21212223 1 0 1706834242
WALL 21212223 1 0 1706834243
WALL 21212223 1 0 1706834244
WALL 21212223 1 0 1706834245
WALL 21212223 1 0 1706834246
WALL 21212223 1 0 1706834247
WALL 21212223 1 0 1706834248
WALL 21212223 1 0 1706834249
WALL 21212223 1 0 1706834250
WALL 21212223 1 0 1706834251
WALL 21212223 1 0 1706834252
WALL 21212223 1 0 1706834253
WALL 21212223 1 0 1706834254
WALL 21212223 1 0 1706834255
WALL 21212223 1 0 1706834256
WALL 21212223 1 0 1706834257
WALL 21212223 1 0 1706834258
WALL 21212223 1 0 1706834259
WALL 21212223 1 0 1706834260
WALL 21212223 1 0 1706834261
WALL 21212223 1 0 1706834262
WALL 21212223 1 0 1706834263
WALL 21212223 1 0 1706834264
WALL 21212223 1 0 1706834265
WALL 21212223 1 0 1706834266
WALL 21212223 1 0 1706834267
WALL 21212223 1 0 1706834268
WALL 21212223 1 0 1706834269
WALL 21212223 1 0 1706834270
WALL 21212223 1 0 1706834271
WALL 21212223 1 0 1706834272
WALL 21212223 1 0 1706834273
WALL 21212223 1 0 1706834274
WALL 21212223 1 0 1706834275
WALL 21212223 1 0 1706834276
WALL 21212223 1 0 1706834277
WALL 21212223 1 0 1706834278
WALL 21212223 1 0 1706834279
WALL 21212223 1 0 1706834280
WALL 21212223 1 0 1706834281
WALL 21212223 1 0 1706834282
WALL 21212223 1 0 1706834283
WALL 21212223 1 0 1706834284
WALL 21212223 1 0 1706834285
WALL 21212223 1 0 1706834286
WALL 21212223 1 0 1706834287
WALL 21212223 1 0 1706834288
WALL 21212223 1 0 1706834289
WALL 21212223 1 0 1706834290
WALL 21212223 1 0 1706834291
WALL 21212223 1 0 1706834292
WALL 21212223 1 0 1706834293
WALL 21212223 1 0 1706834294
WALL 21212223 1 0 1706834295
WALL 21212223 1 0 1706834296
WALL 21212223 1 0 1706834297
WALL 21212223 1 0 1706834298
WALL 21212223 1 0 1706834299
WALL 21212223 1 0 1706834300
WALL 21212223 1 0 1706834301
WALL 21212223 1 0 1706834302
WALL 21212223 1 0 1706834303
WALL 21212223 1 0 1706834304
WALL 21212223 1 0 1706834305
WALL 21212223 1 0 1706834306
WALL 21212223 1 0 1706834307
WALL 21212223 1 0 1706834308
WALL 21212223 1 0 1706834309
WALL 21212223 1 0 1706834310
WALL 21212223 1 0 1706834311
WALL 21212223 1 0 1706834312
WALL 21212223 1 0 1706834313
WALL 21212223 1 0 1706834314
WALL 21212223 1 0 1706834315
WALL 21212223 1 0 1706834316
WALL 21212223 1 0 1706834317
WALL 21212223 1 0 1706834318
WALL 21212223 1 0 1706834319
WALL 21212223 1 0 1706834320
WALL 21212223 1 0 1706834321
WALL 21212223 1 0 1706834322
WALL 21212223 1 0 1706834323
WALL 21212223 1 0 1706834324
WALL 21212223 1 0 1706834325
WALL 21212223 1 0 1706834326
WALL 21212223 1 0 1706834327
WALL 21212223 1 0 1706834328
WALL 21212223 1 0 1706834329
WALL 21212223 1 0 1706834330
WALL 21212223 1 0 1706834331
WALL 21212223 1 0 1706834332
WALL 21212223 1 0 1706834333
WALL 21212223 1 0 1706834334
WALL 21212223 1 0 1706834335
WALL 21212223 1 0 1706834336
WALL 21212223 1 0 1706834337
WALL 21212223 1 0 1706834338
WALL 21212223 1 0 1706834339
WALL 21212223 1 0 1706834340
WALL 21212223 1 0 1706834341
WALL 21212223 1 0 1706834342
WALL 21212223 1 0 1706834343
WALL 21212223 1 0 1706834344
WALL 21212223 1 0 1706834345
WALL 21212223 1 0 1706834346
WALL 21212223 1 0 1706834347
WALL 21212223 1 0 1706834348
WALL 21212223 1 0 1706834349
WALL 21212223 1 0 1706834350
WALL 21212223 1 0 1706834351
WALL 21212223 1 0 1706834352
WALL 21212223 1 0 1706834353
WALL 21212223 1 0 1706834354
WALL 21212223 1 0 1706834355
WALL 21212223 1 0 1706834356
WALL 21212223 1 0 1706834357
WALL 21212223 1 0 1706834358
WALL 21212223 1 0 1706834359
WALL 21212223 1 0 1706834360
WALL 21212223 1 0 1706834361
WALL 21212223 1 0 1706834362
WALL 21212223 1 0 1706834363
WALL 21212223 1 0 1706834364
WALL 21212223 1 0 1706834365
WALL 21212223 1 0 1706834366
WALL 21212223 1 0 1706834367
WALL 21212223 1 0 1706834368
WALL 21212223 1 0 1706834369
WALL 21212223 1 0 1706834370
WALL 21212223 1 0 1706834371
WALL 21212223 1 0 1706834372
WALL 21212223 1 0 1706834373
WALL 21212223 1 0 1706834374
WALL 21212223 1 0 1706834375
WALL 21212223 1 0 1706834376
WALL 21212223 1 0 1706834377
WALL 21212223 1 0 1706834378
WALL 21212223 1 0 1706834379
WALL 21212223 1 0 1706834380
WALL 21212223 1 0 1706834381
WALL 21212223 1 0 1706834382
WALL 21212223 1 0 1706834383
WALL 21212223 1 0 1706834384
WALL 21212223 1 0 1706834385
WALL 21212223 1 0 1706834386
WALL 21212223 1 0 1706834387
WALL 21212223 1 0 1706834388
WALL 21212223 1 0 1706834389
WALL 21212223 1 0 1706834390
WALL 21212223 1 0 1706834391
WALL 21212223 1 0 1706834392
WALL 21212223 1 0 1706834393
WALL 21212223 1 0 1706834394
WALL 21212223 1 0 1706834395
WALL 21212223 1 0 1706834396
WALL 21212223 1 0 1706834397
WALL 21212223 1 0 1706834398
WALL 21212223 1 0 1706834399
WALL 21212223 1 0 1706834400
WALL 21212223 1 0 1706834401
WALL 21212223 1 0 1706834402
WALL 21212223 1 0 1706834403
WALL 21212223 1 0 1706834404
WALL 21212223 1 0 1706834405
WALL 21212223 1 0 1706834406
WALL 21212223 1 0 1706834407
WALL 21212223 1 0 1706834408
WALL 21212223 1 0 1706834409
WALL 21212223 1 0 1706834410
WALL 21212223 1 0 1706834411
WALL 21212223 1 0 1706834412
WALL 21212223 1 0 1706834413
WALL 21212223 1 0 1706834414
WALL 21212223 1 0 1706834415
WALL 21212223 1 0 1706834416
WALL 21212223 1 0 1706834417
WALL 21212223 1 0 1706834418
WALL 21212223 1 0 1706834419
WALL 21212223 1 0 1706834420
WALL 21212223 1 0 1706834421
WALL 21212223 1 0 1706834422
WALL 21212223 1 0 1706834423
WALL 21212223 1 0 1706834424
WALL 21212223 1 0 1706834425
WALL 21212223 1 0 1706834426
WALL 21212223 1 0 1706834427
WALL 21212223 1 0 1706834428
WALL 21212223 1 0 1706834429
WALL 21212223 1 0 1706834430
WALL 21212223 1 0 1706834431
WALL 21212223 1 0 1706834432
WALL 21212223 1 0 1706834433
WALL 21212223 1 0 1706834434
WALL 21212223 1 0 1706834435
WALL 21212223 1 0 1706834436
WALL 21212223 1 0 1706834437
WALL 21212223 1 0 1706834438
WALL 21212223 1 0 1706834439
WALL 21212223 1 0 1706834440
WALL 21212223 1 0 1706834441
WALL 21212223 1 0 1706834442
WALL 21212223 1 0 1706834443
WALL 21212223 1 0 1706834444
WALL 21212223 1 0 1706834445
WALL 21212223 1 0 1706834446
WALL 21212223 1 0 1706834447
WALL 21212223 1 0 1706834448
WALL 21212223 1 0 1706834449
WALL 21212223 1 0 1706834450
WALL 21212223 1 0 1706834451
WALL 21212223 1 0 1706834452
WALL 21212223 1 0 1706834453
WALL 21212223 1 0 1706834454
WALL 21212223 1 0 1706834455
WALL 21212223 1 0 1706834456
WALL 21212223 1 0 1706834457
WALL 21212223 1 0 1706834458
WALL 21212223 1 0 1706834459
WALL 21212223 1 0 1706834460
WALL 21212223 1 0 1706834461
WALL 21212223 1 0 1706834462
WALL 21212223 1 0 1706834463
WALL 21212223 1 0 1706834464
WALL 21212223 1 0 1706834465
WALL 21212223 1 0 1706834466
WALL 21212223 1 0 1706834467
WALL 21212223 1 0 1706834468
WALL 21212223 1 0 1706834469
WALL 21212223 1 0 1706834470
WALL 21212223 1 0 1706834471
WALL 21212223 1 0 1706834472
WALL 21212223 1 0 1706834473
WALL 21212223 1 0 1706834474
WALL 21212223 1 0 1706834475
WALL 21212223 1 0 1706834476
WALL 21212223 1 0 1706834477
WALL 21212223 1 0 1706834478
WALL 21212223 1 0 1706834479
WALL 21212223 1 0 1706834480
WALL 21212223 1 0 1706834481
WALL 21212223 1 0 1706834482
WALL 21212223 1 0 1706834483
WALL 21212223 1 0 1706834484
WALL 21212223 1 0 1706834485
WALL 21212223 1 0 1706834486
WALL 21212223 1 0 1706834487
WALL 21212223 1 0 1706834488
WALL 21212223 1 0 1706834489
WALL 21212223 1 0 1706834490
WALL 21212223 1 0 1706834491
WALL 21212223 1 0 1706834492
WALL 21212223 1 0 1706834493
WALL 21212223 1 0 1706834494
WALL 21212223 1 0 1706834495
WALL 21212223 1 0 1706834496
WALL 21212223 1 0 1706834497
WALL 21212223 1 0 1706834498
WALL 21212223 1 0 1706834499
WALL 21212223 1 0 1706834500
WALL 21212223 1 0 1706834501
WALL 21212223 1 0 1706834502
WALL 21212223 1 0 1706834503
WALL 21212223 1 0 1706834504
WALL 21212223 1 0 1706834505
WALL 21212223 1 0 1706834506
WALL 21212223 1 0 1706834507
WALL 21212223 1 0 1706834508
WALL 21212223 1 0 1706834509
WALL 21212223 1 0 1706834510
WALL 21212223 1 0 1706834511
WALL 21212223 1 0 1706834512
WALL 21212223 1 0 1706834513
WALL 21212223 1 0 1706834514
WALL 21212223 1 0 1706834515
WALL 21212223 1 0 1706834516
received SIGCONT 1706834517
WALL 21212223 1 0 1706834517
slurmstepd: error: *** STEP 21212223.0 ON nid200000 CANCELLED AT 2024-02-02T00:41:57 ***
received SIGTERM 1706834517
WALL 21212223 1 0 1706834517
WALL 21212223 1 0 1706834518
WALL 21212223 1 0 1706834519
WALL 21212223 1 0 1706834520
WALL 21212223 1 0 1706834521
WALL 21212223 1 0 1706834522
WALL 21212223 1 0 1706834523
WALL 21212223 1 0 1706834524
WALL 21212223 1 0 1706834525
WALL 21212223 1 0 1706834526
WALL 21212223 1 0 1706834527
WALL 21212223 1 0 1706834528
WALL 21212223 1 0 1706834529
WALL 21212223 1 0 1706834530
WALL 21212223 1 0 1706834531
WALL 21212223 1 0 1706834532
WALL 21212223 1 0 1706834533
WALL 21212223 1 0 1706834534
WALL 21212223 1 0 1706834535
WALL 21212223 1 0 1706834536
WALL 21212223 1 0 1706834537
WALL 21212223 1 0 1706834538
WALL 21212223 1 0 1706834539
WALL 21212223 1 0 1706834540
WALL 21212223 1 0 1706834541
WALL 21212223 1 0 1706834542
WALL 21212223 1 0 1706834543
WALL 21212223 1 0 1706834544
WALL 21212223 1 0 1706834545
WALL 21212223 1 0 1706834546
WALL 21212223 1 0 1706834547
WALL 21212223 1 0 1706834548
WALL 21212223 1 0 1706834549
WALL 21212223 1 0 1706834550
WALL 21212223 1 0 1706834551
WALL 21212223 1 0 1706834552
WALL 21212223 1 0 1706834553
WALL 21212223 1 0 1706834554
WALL 21212223 1 0 1706834555
WALL 21212223 1 0 1706834556
WALL 21212223 1 0 1706834557
WALL 21212223 1 0 1706834558
WALL 21212223 1 0 1706834559
WALL 21212223 1 0 1706834560
WALL 21212223 1 0 1706834561
WALL 21212223 1 0 1706834562
WALL 21212223 1 0 1706834563
WALL 21212223 1 0 1706834564
WALL 21212223 1 0 1706834565
WALL 21212223 1 0 1706834566
WALL 21212223 1 0 1706834567
WALL 21212223 1 0 1706834568
WALL 21212223 1 0 1706834569
WALL 21212223 1 0 1706834570
WALL 21212223 1 0 1706834571
WALL 21212223 1 0 1706834572
WALL 21212223 1 0 1706834573
WALL 21212223 1 0 1706834574
WALL 21212223 1 0 1706834575
WALL 21212223 1 0 1706834576
WALL 21212223 1 0 1706834577
WALL 21212223 1 0 1706834578
WALL 21212223 1 0 1706834579
WALL 21212223 1 0 1706834580
WALL 21212223 1 0 1706834581
WALL 21212223 1 0 1706834582
WALL 21212223 1 0 1706834583
WALL 21212223 1 0 1706834584
WALL 21212223 1 0 1706834585
WALL 21212223 1 0 1706834586
WALL 21212223 1 0 1706834587
WALL 21212223 1 0 1706834588
WALL 21212223 1 0 1706834589
WALL 21212223 1 0 1706834590
WALL 21212223 1 0 1706834591
WALL 21212223 1 0 1706834592
WALL 21212223 1 0 1706834593
WALL 21212223 1 0 1706834594
WALL 21212223 1 0 1706834595
WALL 21212223 1 0 1706834596
slurmstepd: error: *** JOB 21212223 ON nid200000 CANCELLED AT 2024-02-02T00:43:16 DUE TO PREEMPTION ***
received SIGTERM 1706834596
WALL 21212223 1 0 1706834596
received SIGCONT 1706834596
WALL 21212223 1 0 1706834596
received SIGTERM 1706834596
WALL 21212223 1 0 1706834596
