WALL 21202628 1 0 1706817346
WALL 21202628 1 0 1706817347
WALL 21202628 1 0 1706817348
WALL 21202628 1 0 1706817349
WALL 21202628 1 0 1706817350
WALL 21202628 1 0 1706817351
WALL 21202628 1 0 1706817352
WALL 21202628 1 0 1706817353
WALL 21202628 1 0 1706817354
WALL 21202628 1 0 1706817355
WALL 21202628 1 0 1706817356
WALL 21202628 1 0 1706817357
WALL 21202628 1 0 1706817358
WALL 21202628 1 0 1706817359
WALL 21202628 1 0 1706817360
WALL 21202628 1 0 1706817361
WALL 21202628 1 0 1706817362
WALL 21202628 1 0 1706817363
WALL 21202628 1 0 1706817364
WALL 21202628 1 0 1706817365
WALL 21202628 1 0 1706817366
WALL 21202628 1 0 1706817367
WALL 21202628 1 0 1706817368
WALL 21202628 1 0 1706817369
WALL 21202628 1 0 1706817370
WALL 21202628 1 0 1706817371
WALL 21202628 1 0 1706817372
WALL 21202628 1 0 1706817373
WALL 21202628 1 0 1706817374
WALL 21202628 1 0 1706817375
WALL 21202628 1 0 1706817376
WALL 21202628 1 0 1706817377
WALL 21202628 1 0 1706817378
WALL 21202628 1 0 1706817379
WALL 21202628 1 0 1706817380
WALL 21202628 1 0 1706817381
WALL 21202628 1 0 1706817382
WALL 21202628 1 0 1706817383
WALL 21202628 1 0 1706817384
WALL 21202628 1 0 1706817385
WALL 21202628 1 0 1706817386
WALL 21202628 1 0 1706817387
WALL 21202628 1 0 1706817388
WALL 21202628 1 0 1706817389
WALL 21202628 1 0 1706817390
WALL 21202628 1 0 1706817391
WALL 21202628 1 0 1706817392
WALL 21202628 1 0 1706817393
WALL 21202628 1 0 1706817394
WALL 21202628 1 0 1706817395
WALL 21202628 1 0 1706817396
WALL 21202628 1 0 1706817397
WALL 21202628 1 0 1706817398
WALL 21202628 1 0 1706817399
WALL 21202628 1 0 1706817400
WALL 21202628 1 0 1706817401
WALL 21202628 1 0 1706817402
WALL 21202628 1 0 1706817403
WALL 21202628 1 0 1706817404
WALL 21202628 1 0 1706817405
WALL 21202628 1 0 1706817406
WALL 21202628 1 0 1706817407
WALL 21202628 1 0 1706817408
WALL 21202628 1 0 1706817409
WALL 21202628 1 0 1706817410
WALL 21202628 1 0 1706817411
WALL 21202628 1 0 1706817412
WALL 21202628 1 0 1706817413
WALL 21202628 1 0 1706817414
WALL 21202628 1 0 1706817415
WALL 21202628 1 0 1706817416
WALL 21202628 1 0 1706817417
WALL 21202628 1 0 1706817418
WALL 21202628 1 0 1706817419
WALL 21202628 1 0 1706817420
WALL 21202628 1 0 1706817421
WALL 21202628 1 0 1706817422
WALL 21202628 1 0 1706817423
WALL 21202628 1 0 1706817424
WALL 21202628 1 0 1706817425
WALL 21202628 1 0 1706817426
WALL 21202628 1 0 1706817427
WALL 21202628 1 0 1706817428
WALL 21202628 1 0 1706817429
WALL 21202628 1 0 1706817430
WALL 21202628 1 0 1706817431
WALL 21202628 1 0 1706817432
WALL 21202628 1 0 1706817433
WALL 21202628 1 0 1706817434
WALL 21202628 1 0 1706817435
WALL 21202628 1 0 1706817436
WALL 21202628 1 0 1706817437
WALL 21202628 1 0 1706817438
WALL 21202628 1 0 1706817439
WALL 21202628 1 0 1706817440
WALL 21202628 1 0 1706817441
WALL 21202628 1 0 1706817442
WALL 21202628 1 0 1706817443
WALL 21202628 1 0 1706817444
WALL 21202628 1 0 1706817445
WALL 21202628 1 0 1706817446
WALL 21202628 1 0 1706817447
WALL 21202628 1 0 1706817448
WALL 21202628 1 0 1706817449
WALL 21202628 1 0 1706817450
WALL 21202628 1 0 1706817451
WALL 21202628 1 0 1706817452
WALL 21202628 1 0 1706817453
WALL 21202628 1 0 1706817454
WALL 21202628 1 0 1706817455
WALL 21202628 1 0 1706817456
WALL 21202628 1 0 1706817457
WALL 21202628 1 0 1706817458
WALL 21202628 1 0 1706817459
WALL 21202628 1 0 1706817460
WALL 21202628 1 0 1706817461
WALL 21202628 1 0 1706817462
WALL 21202628 1 0 1706817463
WALL 21202628 1 0 1706817464
WALL 21202628 1 0 1706817465
WALL 21202628 1 0 1706817466
WALL 21202628 1 0 1706817467
WALL 21202628 1 0 1706817468
WALL 21202628 1 0 1706817469
slurmstepd: error: *** STEP 21202628.0 ON nid200183 CANCELLED AT 2024-02-01T19:57:50 ***
received SIGTERM 1706817470
WALL 21202628 1 0 1706817470
received SIGCONT 1706817470
WALL 21202628 1 0 1706817470
WALL 21202628 1 0 1706817471
WALL 21202628 1 0 1706817472
WALL 21202628 1 0 1706817473
WALL 21202628 1 0 1706817474
WALL 21202628 1 0 1706817475
WALL 21202628 1 0 1706817476
WALL 21202628 1 0 1706817477
WALL 21202628 1 0 1706817478
WALL 21202628 1 0 1706817479
WALL 21202628 1 0 1706817480
WALL 21202628 1 0 1706817481
WALL 21202628 1 0 1706817482
WALL 21202628 1 0 1706817483
WALL 21202628 1 0 1706817484
WALL 21202628 1 0 1706817485
WALL 21202628 1 0 1706817486
WALL 21202628 1 0 1706817487
WALL 21202628 1 0 1706817488
WALL 21202628 1 0 1706817489
WALL 21202628 1 0 1706817490
WALL 21202628 1 0 1706817491
WALL 21202628 1 0 1706817492
WALL 21202628 1 0 1706817493
WALL 21202628 1 0 1706817494
WALL 21202628 1 0 1706817495
WALL 21202628 1 0 1706817496
WALL 21202628 1 0 1706817497
WALL 21202628 1 0 1706817498
WALL 21202628 1 0 1706817499
WALL 21202628 1 0 1706817500
WALL 21202628 1 0 1706817501
WALL 21202628 1 0 1706817502
WALL 21202628 1 0 1706817503
WALL 21202628 1 0 1706817504
WALL 21202628 1 0 1706817505
WALL 21202628 1 0 1706817506
WALL 21202628 1 0 1706817507
WALL 21202628 1 0 1706817508
WALL 21202628 1 0 1706817509
WALL 21202628 1 0 1706817510
WALL 21202628 1 0 1706817511
WALL 21202628 1 0 1706817512
WALL 21202628 1 0 1706817513
WALL 21202628 1 0 1706817514
WALL 21202628 1 0 1706817515
WALL 21202628 1 0 1706817516
WALL 21202628 1 0 1706817517
WALL 21202628 1 0 1706817518
WALL 21202628 1 0 1706817519
WALL 21202628 1 0 1706817520
WALL 21202628 1 0 1706817521
WALL 21202628 1 0 1706817522
WALL 21202628 1 0 1706817523
WALL 21202628 1 0 1706817524
WALL 21202628 1 0 1706817525
WALL 21202628 1 0 1706817526
WALL 21202628 1 0 1706817527
WALL 21202628 1 0 1706817528
WALL 21202628 1 0 1706817529
WALL 21202628 1 0 1706817530
WALL 21202628 1 0 1706817531
WALL 21202628 1 0 1706817532
WALL 21202628 1 0 1706817533
WALL 21202628 1 0 1706817534
WALL 21202628 1 0 1706817535
WALL 21202628 1 0 1706817536
WALL 21202628 1 0 1706817537
WALL 21202628 1 0 1706817538
WALL 21202628 1 0 1706817539
WALL 21202628 1 0 1706817540
WALL 21202628 1 0 1706817541
WALL 21202628 1 0 1706817542
WALL 21202628 1 0 1706817543
WALL 21202628 1 0 1706817544
WALL 21202628 1 0 1706817545
WALL 21202628 1 0 1706817546
slurmstepd: error: *** JOB 21202628 ON nid200183 CANCELLED AT 2024-02-01T19:59:07 DUE TO PREEMPTION ***
received SIGTERM 1706817547
WALL 21202628 1 0 1706817547
received SIGCONT 1706817547
WALL 21202628 1 0 1706817547
received SIGTERM 1706817547
WALL 21202628 1 0 1706817547
