srun: warning: can't run 1 processes on 4 nodes, setting nnodes to 1
WALL 21207364 1 0 1706821211
WALL 21207364 1 0 1706821212
WALL 21207364 1 0 1706821213
WALL 21207364 1 0 1706821214
WALL 21207364 1 0 1706821215
WALL 21207364 1 0 1706821216
WALL 21207364 1 0 1706821217
WALL 21207364 1 0 1706821218
WALL 21207364 1 0 1706821219
WALL 21207364 1 0 1706821220
WALL 21207364 1 0 1706821221
WALL 21207364 1 0 1706821222
WALL 21207364 1 0 1706821223
WALL 21207364 1 0 1706821224
WALL 21207364 1 0 1706821225
WALL 21207364 1 0 1706821226
WALL 21207364 1 0 1706821227
WALL 21207364 1 0 1706821228
WALL 21207364 1 0 1706821229
WALL 21207364 1 0 1706821230
WALL 21207364 1 0 1706821231
WALL 21207364 1 0 1706821232
WALL 21207364 1 0 1706821233
WALL 21207364 1 0 1706821234
WALL 21207364 1 0 1706821235
WALL 21207364 1 0 1706821236
WALL 21207364 1 0 1706821237
WALL 21207364 1 0 1706821238
WALL 21207364 1 0 1706821239
WALL 21207364 1 0 1706821240
WALL 21207364 1 0 1706821241
WALL 21207364 1 0 1706821242
WALL 21207364 1 0 1706821243
WALL 21207364 1 0 1706821244
WALL 21207364 1 0 1706821245
WALL 21207364 1 0 1706821246
WALL 21207364 1 0 1706821247
WALL 21207364 1 0 1706821248
WALL 21207364 1 0 1706821249
WALL 21207364 1 0 1706821250
WALL 21207364 1 0 1706821251
WALL 21207364 1 0 1706821252
WALL 21207364 1 0 1706821253
WALL 21207364 1 0 1706821254
WALL 21207364 1 0 1706821255
WALL 21207364 1 0 1706821256
WALL 21207364 1 0 1706821257
WALL 21207364 1 0 1706821258
WALL 21207364 1 0 1706821259
WALL 21207364 1 0 1706821260
WALL 21207364 1 0 1706821261
WALL 21207364 1 0 1706821262
WALL 21207364 1 0 1706821263
WALL 21207364 1 0 1706821264
WALL 21207364 1 0 1706821265
WALL 21207364 1 0 1706821266
WALL 21207364 1 0 1706821267
WALL 21207364 1 0 1706821268
WALL 21207364 1 0 1706821269
WALL 21207364 1 0 1706821270
WALL 21207364 1 0 1706821271
WALL 21207364 1 0 1706821272
WALL 21207364 1 0 1706821273
WALL 21207364 1 0 1706821274
WALL 21207364 1 0 1706821275
WALL 21207364 1 0 1706821276
WALL 21207364 1 0 1706821277
WALL 21207364 1 0 1706821278
WALL 21207364 1 0 1706821279
WALL 21207364 1 0 1706821280
WALL 21207364 1 0 1706821281
WALL 21207364 1 0 1706821282
WALL 21207364 1 0 1706821283
WALL 21207364 1 0 1706821284
WALL 21207364 1 0 1706821285
WALL 21207364 1 0 1706821286
WALL 21207364 1 0 1706821287
WALL 21207364 1 0 1706821288
WALL 21207364 1 0 1706821289
WALL 21207364 1 0 1706821290
WALL 21207364 1 0 1706821291
WALL 21207364 1 0 1706821292
WALL 21207364 1 0 1706821293
WALL 21207364 1 0 1706821294
WALL 21207364 1 0 1706821295
WALL 21207364 1 0 1706821296
WALL 21207364 1 0 1706821297
WALL 21207364 1 0 1706821298
WALL 21207364 1 0 1706821299
WALL 21207364 1 0 1706821300
WALL 21207364 1 0 1706821301
WALL 21207364 1 0 1706821302
WALL 21207364 1 0 1706821303
WALL 21207364 1 0 1706821304
WALL 21207364 1 0 1706821305
WALL 21207364 1 0 1706821306
WALL 21207364 1 0 1706821307
WALL 21207364 1 0 1706821308
WALL 21207364 1 0 1706821309
WALL 21207364 1 0 1706821310
WALL 21207364 1 0 1706821311
WALL 21207364 1 0 1706821312
WALL 21207364 1 0 1706821313
WALL 21207364 1 0 1706821314
WALL 21207364 1 0 1706821315
WALL 21207364 1 0 1706821316
WALL 21207364 1 0 1706821317
WALL 21207364 1 0 1706821318
WALL 21207364 1 0 1706821319
WALL 21207364 1 0 1706821320
WALL 21207364 1 0 1706821321
WALL 21207364 1 0 1706821322
WALL 21207364 1 0 1706821323
WALL 21207364 1 0 1706821324
WALL 21207364 1 0 1706821325
WALL 21207364 1 0 1706821326
WALL 21207364 1 0 1706821327
WALL 21207364 1 0 1706821328
WALL 21207364 1 0 1706821329
slurmstepd: error: *** STEP 21207364.0 ON nid200123 CANCELLED AT 2024-02-01T21:02:10 ***
received SIGCONT 1706821330
WALL 21207364 1 0 1706821330
received SIGTERM 1706821330
WALL 21207364 1 0 1706821330
WALL 21207364 1 0 1706821331
WALL 21207364 1 0 1706821332
WALL 21207364 1 0 1706821333
WALL 21207364 1 0 1706821334
WALL 21207364 1 0 1706821335
WALL 21207364 1 0 1706821336
WALL 21207364 1 0 1706821337
WALL 21207364 1 0 1706821338
WALL 21207364 1 0 1706821339
WALL 21207364 1 0 1706821340
WALL 21207364 1 0 1706821341
WALL 21207364 1 0 1706821342
WALL 21207364 1 0 1706821343
WALL 21207364 1 0 1706821344
WALL 21207364 1 0 1706821345
WALL 21207364 1 0 1706821346
WALL 21207364 1 0 1706821347
WALL 21207364 1 0 1706821348
WALL 21207364 1 0 1706821349
WALL 21207364 1 0 1706821350
WALL 21207364 1 0 1706821351
WALL 21207364 1 0 1706821352
WALL 21207364 1 0 1706821353
WALL 21207364 1 0 1706821354
WALL 21207364 1 0 1706821355
WALL 21207364 1 0 1706821356
WALL 21207364 1 0 1706821357
WALL 21207364 1 0 1706821358
WALL 21207364 1 0 1706821359
WALL 21207364 1 0 1706821360
WALL 21207364 1 0 1706821361
WALL 21207364 1 0 1706821362
WALL 21207364 1 0 1706821363
WALL 21207364 1 0 1706821364
WALL 21207364 1 0 1706821365
WALL 21207364 1 0 1706821366
WALL 21207364 1 0 1706821367
WALL 21207364 1 0 1706821368
WALL 21207364 1 0 1706821369
WALL 21207364 1 0 1706821370
WALL 21207364 1 0 1706821371
WALL 21207364 1 0 1706821372
WALL 21207364 1 0 1706821373
WALL 21207364 1 0 1706821374
WALL 21207364 1 0 1706821375
WALL 21207364 1 0 1706821376
WALL 21207364 1 0 1706821377
WALL 21207364 1 0 1706821378
WALL 21207364 1 0 1706821379
WALL 21207364 1 0 1706821380
WALL 21207364 1 0 1706821381
WALL 21207364 1 0 1706821382
WALL 21207364 1 0 1706821383
WALL 21207364 1 0 1706821384
WALL 21207364 1 0 1706821385
WALL 21207364 1 0 1706821386
WALL 21207364 1 0 1706821387
WALL 21207364 1 0 1706821388
WALL 21207364 1 0 1706821389
WALL 21207364 1 0 1706821390
WALL 21207364 1 0 1706821391
WALL 21207364 1 0 1706821392
WALL 21207364 1 0 1706821393
WALL 21207364 1 0 1706821394
WALL 21207364 1 0 1706821395
WALL 21207364 1 0 1706821396
WALL 21207364 1 0 1706821397
WALL 21207364 1 0 1706821398
WALL 21207364 1 0 1706821399
WALL 21207364 1 0 1706821400
WALL 21207364 1 0 1706821401
WALL 21207364 1 0 1706821402
WALL 21207364 1 0 1706821403
WALL 21207364 1 0 1706821404
WALL 21207364 1 0 1706821405
WALL 21207364 1 0 1706821406
WALL 21207364 1 0 1706821407
WALL 21207364 1 0 1706821408
WALL 21207364 1 0 1706821409
WALL 21207364 1 0 1706821410
WALL 21207364 1 0 1706821411
WALL 21207364 1 0 1706821412
WALL 21207364 1 0 1706821413
WALL 21207364 1 0 1706821414
WALL 21207364 1 0 1706821415
slurmstepd: error: *** JOB 21207364 ON nid200123 CANCELLED AT 2024-02-01T21:03:35 DUE TO PREEMPTION ***
received SIGTERM 1706821415
WALL 21207364 1 0 1706821415
received SIGCONT 1706821415
WALL 21207364 1 0 1706821415
received SIGTERM 1706821415
WALL 21207364 1 0 1706821415
