WALL 21155147 1 0 1706747653
WALL 21155147 1 0 1706747654
WALL 21155147 1 0 1706747655
WALL 21155147 1 0 1706747656
WALL 21155147 1 0 1706747657
WALL 21155147 1 0 1706747658
WALL 21155147 1 0 1706747659
WALL 21155147 1 0 1706747660
WALL 21155147 1 0 1706747661
WALL 21155147 1 0 1706747662
WALL 21155147 1 0 1706747663
WALL 21155147 1 0 1706747664
WALL 21155147 1 0 1706747665
WALL 21155147 1 0 1706747666
WALL 21155147 1 0 1706747667
WALL 21155147 1 0 1706747668
WALL 21155147 1 0 1706747669
WALL 21155147 1 0 1706747670
WALL 21155147 1 0 1706747671
WALL 21155147 1 0 1706747672
WALL 21155147 1 0 1706747673
WALL 21155147 1 0 1706747674
WALL 21155147 1 0 1706747675
WALL 21155147 1 0 1706747676
WALL 21155147 1 0 1706747677
WALL 21155147 1 0 1706747678
WALL 21155147 1 0 1706747679
WALL 21155147 1 0 1706747680
WALL 21155147 1 0 1706747681
WALL 21155147 1 0 1706747682
WALL 21155147 1 0 1706747683
WALL 21155147 1 0 1706747684
WALL 21155147 1 0 1706747685
WALL 21155147 1 0 1706747686
WALL 21155147 1 0 1706747687
WALL 21155147 1 0 1706747688
WALL 21155147 1 0 1706747689
WALL 21155147 1 0 1706747690
WALL 21155147 1 0 1706747691
WALL 21155147 1 0 1706747692
WALL 21155147 1 0 1706747693
WALL 21155147 1 0 1706747694
WALL 21155147 1 0 1706747695
WALL 21155147 1 0 1706747696
WALL 21155147 1 0 1706747697
WALL 21155147 1 0 1706747698
WALL 21155147 1 0 1706747699
WALL 21155147 1 0 1706747700
WALL 21155147 1 0 1706747701
WALL 21155147 1 0 1706747702
WALL 21155147 1 0 1706747703
WALL 21155147 1 0 1706747704
WALL 21155147 1 0 1706747705
WALL 21155147 1 0 1706747706
WALL 21155147 1 0 1706747707
WALL 21155147 1 0 1706747708
WALL 21155147 1 0 1706747709
WALL 21155147 1 0 1706747710
WALL 21155147 1 0 1706747711
WALL 21155147 1 0 1706747712
WALL 21155147 1 0 1706747713
WALL 21155147 1 0 1706747714
WALL 21155147 1 0 1706747715
WALL 21155147 1 0 1706747716
WALL 21155147 1 0 1706747717
WALL 21155147 1 0 1706747718
WALL 21155147 1 0 1706747719
WALL 21155147 1 0 1706747720
WALL 21155147 1 0 1706747721
WALL 21155147 1 0 1706747722
WALL 21155147 1 0 1706747723
WALL 21155147 1 0 1706747724
WALL 21155147 1 0 1706747725
WALL 21155147 1 0 1706747726
WALL 21155147 1 0 1706747727
WALL 21155147 1 0 1706747728
WALL 21155147 1 0 1706747729
WALL 21155147 1 0 1706747730
WALL 21155147 1 0 1706747731
received SIGCONT 1706747731
WALL 21155147 1 0 1706747731
slurmstepd: error: *** STEP 21155147.0 ON nid200001 CANCELLED AT 2024-02-01T00:35:31 ***
received SIGTERM 1706747731
WALL 21155147 1 0 1706747731
WALL 21155147 1 0 1706747732
WALL 21155147 1 0 1706747733
WALL 21155147 1 0 1706747734
WALL 21155147 1 0 1706747735
WALL 21155147 1 0 1706747736
WALL 21155147 1 0 1706747737
WALL 21155147 1 0 1706747738
WALL 21155147 1 0 1706747739
WALL 21155147 1 0 1706747740
WALL 21155147 1 0 1706747741
WALL 21155147 1 0 1706747742
WALL 21155147 1 0 1706747743
WALL 21155147 1 0 1706747744
WALL 21155147 1 0 1706747745
WALL 21155147 1 0 1706747746
WALL 21155147 1 0 1706747747
WALL 21155147 1 0 1706747748
WALL 21155147 1 0 1706747749
WALL 21155147 1 0 1706747750
WALL 21155147 1 0 1706747751
WALL 21155147 1 0 1706747752
WALL 21155147 1 0 1706747753
WALL 21155147 1 0 1706747754
WALL 21155147 1 0 1706747755
WALL 21155147 1 0 1706747756
WALL 21155147 1 0 1706747757
WALL 21155147 1 0 1706747758
WALL 21155147 1 0 1706747759
WALL 21155147 1 0 1706747760
WALL 21155147 1 0 1706747761
WALL 21155147 1 0 1706747762
WALL 21155147 1 0 1706747763
WALL 21155147 1 0 1706747764
WALL 21155147 1 0 1706747765
WALL 21155147 1 0 1706747766
WALL 21155147 1 0 1706747767
WALL 21155147 1 0 1706747768
WALL 21155147 1 0 1706747769
WALL 21155147 1 0 1706747770
WALL 21155147 1 0 1706747771
WALL 21155147 1 0 1706747772
WALL 21155147 1 0 1706747773
WALL 21155147 1 0 1706747774
WALL 21155147 1 0 1706747775
WALL 21155147 1 0 1706747776
WALL 21155147 1 0 1706747777
WALL 21155147 1 0 1706747778
WALL 21155147 1 0 1706747779
WALL 21155147 1 0 1706747780
WALL 21155147 1 0 1706747781
WALL 21155147 1 0 1706747782
WALL 21155147 1 0 1706747783
WALL 21155147 1 0 1706747784
WALL 21155147 1 0 1706747785
WALL 21155147 1 0 1706747786
WALL 21155147 1 0 1706747787
WALL 21155147 1 0 1706747788
WALL 21155147 1 0 1706747789
WALL 21155147 1 0 1706747790
WALL 21155147 1 0 1706747791
WALL 21155147 1 0 1706747792
WALL 21155147 1 0 1706747793
WALL 21155147 1 0 1706747794
WALL 21155147 1 0 1706747795
WALL 21155147 1 0 1706747796
WALL 21155147 1 0 1706747797
WALL 21155147 1 0 1706747798
WALL 21155147 1 0 1706747799
WALL 21155147 1 0 1706747800
WALL 21155147 1 0 1706747801
WALL 21155147 1 0 1706747802
WALL 21155147 1 0 1706747803
WALL 21155147 1 0 1706747804
WALL 21155147 1 0 1706747805
WALL 21155147 1 0 1706747806
slurmstepd: error: *** JOB 21155147 ON nid200001 CANCELLED AT 2024-02-01T00:36:47 DUE TO PREEMPTION ***
received SIGTERM 1706747807
WALL 21155147 1 0 1706747807
received SIGCONT 1706747807
WALL 21155147 1 0 1706747807
received SIGTERM 1706747807
WALL 21155147 1 0 1706747807
