WALL 21199603 1 0 1706816247
WALL 21199603 1 0 1706816248
WALL 21199603 1 0 1706816249
WALL 21199603 1 0 1706816250
WALL 21199603 1 0 1706816251
WALL 21199603 1 0 1706816252
WALL 21199603 1 0 1706816253
WALL 21199603 1 0 1706816254
WALL 21199603 1 0 1706816255
WALL 21199603 1 0 1706816256
WALL 21199603 1 0 1706816257
WALL 21199603 1 0 1706816258
WALL 21199603 1 0 1706816259
WALL 21199603 1 0 1706816260
WALL 21199603 1 0 1706816261
WALL 21199603 1 0 1706816262
WALL 21199603 1 0 1706816263
WALL 21199603 1 0 1706816264
WALL 21199603 1 0 1706816265
WALL 21199603 1 0 1706816266
WALL 21199603 1 0 1706816267
WALL 21199603 1 0 1706816268
WALL 21199603 1 0 1706816269
WALL 21199603 1 0 1706816270
WALL 21199603 1 0 1706816271
WALL 21199603 1 0 1706816272
WALL 21199603 1 0 1706816273
WALL 21199603 1 0 1706816274
WALL 21199603 1 0 1706816275
WALL 21199603 1 0 1706816276
WALL 21199603 1 0 1706816277
WALL 21199603 1 0 1706816278
WALL 21199603 1 0 1706816279
WALL 21199603 1 0 1706816280
WALL 21199603 1 0 1706816281
WALL 21199603 1 0 1706816282
WALL 21199603 1 0 1706816283
WALL 21199603 1 0 1706816284
WALL 21199603 1 0 1706816285
WALL 21199603 1 0 1706816286
WALL 21199603 1 0 1706816287
WALL 21199603 1 0 1706816288
WALL 21199603 1 0 1706816289
WALL 21199603 1 0 1706816290
WALL 21199603 1 0 1706816291
slurmstepd: error: *** STEP 21199603.0 ON nid200018 CANCELLED AT 2024-02-01T19:38:12 ***
received SIGTERM 1706816292
WALL 21199603 1 0 1706816292
received SIGCONT 1706816292
WALL 21199603 1 0 1706816292
WALL 21199603 1 0 1706816293
WALL 21199603 1 0 1706816294
WALL 21199603 1 0 1706816295
WALL 21199603 1 0 1706816296
WALL 21199603 1 0 1706816297
WALL 21199603 1 0 1706816298
WALL 21199603 1 0 1706816299
WALL 21199603 1 0 1706816300
WALL 21199603 1 0 1706816301
WALL 21199603 1 0 1706816302
WALL 21199603 1 0 1706816303
WALL 21199603 1 0 1706816304
WALL 21199603 1 0 1706816305
WALL 21199603 1 0 1706816306
WALL 21199603 1 0 1706816307
WALL 21199603 1 0 1706816308
WALL 21199603 1 0 1706816309
WALL 21199603 1 0 1706816310
WALL 21199603 1 0 1706816311
WALL 21199603 1 0 1706816312
WALL 21199603 1 0 1706816313
WALL 21199603 1 0 1706816314
WALL 21199603 1 0 1706816315
WALL 21199603 1 0 1706816316
WALL 21199603 1 0 1706816317
WALL 21199603 1 0 1706816318
WALL 21199603 1 0 1706816319
WALL 21199603 1 0 1706816320
WALL 21199603 1 0 1706816321
WALL 21199603 1 0 1706816322
WALL 21199603 1 0 1706816323
WALL 21199603 1 0 1706816324
WALL 21199603 1 0 1706816325
WALL 21199603 1 0 1706816326
WALL 21199603 1 0 1706816327
WALL 21199603 1 0 1706816328
WALL 21199603 1 0 1706816329
WALL 21199603 1 0 1706816330
WALL 21199603 1 0 1706816331
WALL 21199603 1 0 1706816332
WALL 21199603 1 0 1706816333
WALL 21199603 1 0 1706816334
WALL 21199603 1 0 1706816335
WALL 21199603 1 0 1706816336
WALL 21199603 1 0 1706816337
WALL 21199603 1 0 1706816338
WALL 21199603 1 0 1706816339
WALL 21199603 1 0 1706816340
WALL 21199603 1 0 1706816341
WALL 21199603 1 0 1706816342
WALL 21199603 1 0 1706816343
WALL 21199603 1 0 1706816344
WALL 21199603 1 0 1706816345
WALL 21199603 1 0 1706816346
WALL 21199603 1 0 1706816347
WALL 21199603 1 0 1706816348
WALL 21199603 1 0 1706816349
WALL 21199603 1 0 1706816350
WALL 21199603 1 0 1706816351
WALL 21199603 1 0 1706816352
WALL 21199603 1 0 1706816353
WALL 21199603 1 0 1706816354
WALL 21199603 1 0 1706816355
WALL 21199603 1 0 1706816356
WALL 21199603 1 0 1706816357
slurmstepd: error: *** JOB 21199603 ON nid200018 CANCELLED AT 2024-02-01T19:39:17 DUE TO PREEMPTION ***
received SIGTERM 1706816357
WALL 21199603 1 0 1706816357
received SIGCONT 1706816357
WALL 21199603 1 0 1706816357
received SIGTERM 1706816357
WALL 21199603 1 0 1706816357
