WALL 21210781 1 0 1706828782
WALL 21210781 1 0 1706828783
WALL 21210781 1 0 1706828784
WALL 21210781 1 0 1706828785
WALL 21210781 1 0 1706828786
WALL 21210781 1 0 1706828787
WALL 21210781 1 0 1706828788
WALL 21210781 1 0 1706828789
WALL 21210781 1 0 1706828790
WALL 21210781 1 0 1706828791
WALL 21210781 1 0 1706828792
WALL 21210781 1 0 1706828793
WALL 21210781 1 0 1706828794
WALL 21210781 1 0 1706828795
WALL 21210781 1 0 1706828796
WALL 21210781 1 0 1706828797
WALL 21210781 1 0 1706828798
WALL 21210781 1 0 1706828799
WALL 21210781 1 0 1706828800
WALL 21210781 1 0 1706828801
WALL 21210781 1 0 1706828802
WALL 21210781 1 0 1706828803
WALL 21210781 1 0 1706828804
WALL 21210781 1 0 1706828805
WALL 21210781 1 0 1706828806
WALL 21210781 1 0 1706828807
WALL 21210781 1 0 1706828808
WALL 21210781 1 0 1706828809
WALL 21210781 1 0 1706828810
WALL 21210781 1 0 1706828811
WALL 21210781 1 0 1706828812
WALL 21210781 1 0 1706828813
WALL 21210781 1 0 1706828814
WALL 21210781 1 0 1706828815
WALL 21210781 1 0 1706828816
WALL 21210781 1 0 1706828817
WALL 21210781 1 0 1706828818
WALL 21210781 1 0 1706828819
WALL 21210781 1 0 1706828820
WALL 21210781 1 0 1706828821
WALL 21210781 1 0 1706828822
WALL 21210781 1 0 1706828823
WALL 21210781 1 0 1706828824
WALL 21210781 1 0 1706828825
WALL 21210781 1 0 1706828826
WALL 21210781 1 0 1706828827
WALL 21210781 1 0 1706828828
WALL 21210781 1 0 1706828829
WALL 21210781 1 0 1706828830
WALL 21210781 1 0 1706828831
WALL 21210781 1 0 1706828832
WALL 21210781 1 0 1706828833
WALL 21210781 1 0 1706828834
WALL 21210781 1 0 1706828835
WALL 21210781 1 0 1706828836
WALL 21210781 1 0 1706828837
WALL 21210781 1 0 1706828838
WALL 21210781 1 0 1706828839
WALL 21210781 1 0 1706828840
WALL 21210781 1 0 1706828841
WALL 21210781 1 0 1706828842
WALL 21210781 1 0 1706828843
WALL 21210781 1 0 1706828844
WALL 21210781 1 0 1706828845
WALL 21210781 1 0 1706828846
WALL 21210781 1 0 1706828847
WALL 21210781 1 0 1706828848
WALL 21210781 1 0 1706828849
WALL 21210781 1 0 1706828850
WALL 21210781 1 0 1706828851
WALL 21210781 1 0 1706828852
WALL 21210781 1 0 1706828853
WALL 21210781 1 0 1706828854
WALL 21210781 1 0 1706828855
WALL 21210781 1 0 1706828856
WALL 21210781 1 0 1706828857
WALL 21210781 1 0 1706828858
WALL 21210781 1 0 1706828859
WALL 21210781 1 0 1706828860
WALL 21210781 1 0 1706828861
WALL 21210781 1 0 1706828862
WALL 21210781 1 0 1706828863
WALL 21210781 1 0 1706828864
WALL 21210781 1 0 1706828865
WALL 21210781 1 0 1706828866
WALL 21210781 1 0 1706828867
WALL 21210781 1 0 1706828868
WALL 21210781 1 0 1706828869
WALL 21210781 1 0 1706828870
WALL 21210781 1 0 1706828871
WALL 21210781 1 0 1706828872
WALL 21210781 1 0 1706828873
WALL 21210781 1 0 1706828874
WALL 21210781 1 0 1706828875
WALL 21210781 1 0 1706828876
WALL 21210781 1 0 1706828877
WALL 21210781 1 0 1706828878
WALL 21210781 1 0 1706828879
WALL 21210781 1 0 1706828880
WALL 21210781 1 0 1706828881
WALL 21210781 1 0 1706828882
WALL 21210781 1 0 1706828883
WALL 21210781 1 0 1706828884
WALL 21210781 1 0 1706828885
WALL 21210781 1 0 1706828886
WALL 21210781 1 0 1706828887
WALL 21210781 1 0 1706828888
WALL 21210781 1 0 1706828889
WALL 21210781 1 0 1706828890
slurmstepd: error: *** STEP 21210781.0 ON nid200004 CANCELLED AT 2024-02-01T23:08:11 ***
received SIGTERM 1706828891
WALL 21210781 1 0 1706828891
received SIGCONT 1706828891
WALL 21210781 1 0 1706828891
WALL 21210781 1 0 1706828892
WALL 21210781 1 0 1706828893
WALL 21210781 1 0 1706828894
WALL 21210781 1 0 1706828895
WALL 21210781 1 0 1706828896
WALL 21210781 1 0 1706828897
WALL 21210781 1 0 1706828898
WALL 21210781 1 0 1706828899
WALL 21210781 1 0 1706828900
WALL 21210781 1 0 1706828901
WALL 21210781 1 0 1706828902
WALL 21210781 1 0 1706828903
WALL 21210781 1 0 1706828904
WALL 21210781 1 0 1706828905
WALL 21210781 1 0 1706828906
WALL 21210781 1 0 1706828907
WALL 21210781 1 0 1706828908
WALL 21210781 1 0 1706828909
WALL 21210781 1 0 1706828910
WALL 21210781 1 0 1706828911
WALL 21210781 1 0 1706828912
WALL 21210781 1 0 1706828913
WALL 21210781 1 0 1706828914
WALL 21210781 1 0 1706828915
WALL 21210781 1 0 1706828916
WALL 21210781 1 0 1706828917
WALL 21210781 1 0 1706828918
WALL 21210781 1 0 1706828919
WALL 21210781 1 0 1706828920
WALL 21210781 1 0 1706828921
WALL 21210781 1 0 1706828922
WALL 21210781 1 0 1706828923
WALL 21210781 1 0 1706828924
WALL 21210781 1 0 1706828925
WALL 21210781 1 0 1706828926
WALL 21210781 1 0 1706828927
WALL 21210781 1 0 1706828928
WALL 21210781 1 0 1706828929
WALL 21210781 1 0 1706828930
WALL 21210781 1 0 1706828931
WALL 21210781 1 0 1706828932
WALL 21210781 1 0 1706828933
WALL 21210781 1 0 1706828934
WALL 21210781 1 0 1706828935
WALL 21210781 1 0 1706828936
WALL 21210781 1 0 1706828937
WALL 21210781 1 0 1706828938
WALL 21210781 1 0 1706828939
WALL 21210781 1 0 1706828940
WALL 21210781 1 0 1706828941
WALL 21210781 1 0 1706828942
WALL 21210781 1 0 1706828943
WALL 21210781 1 0 1706828944
WALL 21210781 1 0 1706828945
WALL 21210781 1 0 1706828946
WALL 21210781 1 0 1706828947
WALL 21210781 1 0 1706828948
WALL 21210781 1 0 1706828949
WALL 21210781 1 0 1706828950
WALL 21210781 1 0 1706828951
WALL 21210781 1 0 1706828952
WALL 21210781 1 0 1706828953
WALL 21210781 1 0 1706828954
WALL 21210781 1 0 1706828955
WALL 21210781 1 0 1706828956
WALL 21210781 1 0 1706828957
WALL 21210781 1 0 1706828958
WALL 21210781 1 0 1706828959
WALL 21210781 1 0 1706828960
WALL 21210781 1 0 1706828961
WALL 21210781 1 0 1706828962
WALL 21210781 1 0 1706828963
WALL 21210781 1 0 1706828964
WALL 21210781 1 0 1706828965
WALL 21210781 1 0 1706828966
WALL 21210781 1 0 1706828967
WALL 21210781 1 0 1706828968
WALL 21210781 1 0 1706828969
WALL 21210781 1 0 1706828970
WALL 21210781 1 0 1706828971
WALL 21210781 1 0 1706828972
WALL 21210781 1 0 1706828973
WALL 21210781 1 0 1706828974
WALL 21210781 1 0 1706828975
slurmstepd: error: *** JOB 21210781 ON nid200004 CANCELLED AT 2024-02-01T23:09:35 DUE TO PREEMPTION ***
received SIGTERM 1706828975
WALL 21210781 1 0 1706828975
received SIGCONT 1706828975
WALL 21210781 1 0 1706828975
received SIGTERM 1706828975
WALL 21210781 1 0 1706828975
