WALL 21202911 1 0 1706817623
WALL 21202911 1 0 1706817624
WALL 21202911 1 0 1706817625
WALL 21202911 1 0 1706817626
WALL 21202911 1 0 1706817627
WALL 21202911 1 0 1706817628
WALL 21202911 1 0 1706817629
WALL 21202911 1 0 1706817630
WALL 21202911 1 0 1706817631
WALL 21202911 1 0 1706817632
WALL 21202911 1 0 1706817633
WALL 21202911 1 0 1706817634
WALL 21202911 1 0 1706817635
WALL 21202911 1 0 1706817636
WALL 21202911 1 0 1706817637
WALL 21202911 1 0 1706817638
WALL 21202911 1 0 1706817639
WALL 21202911 1 0 1706817640
WALL 21202911 1 0 1706817641
WALL 21202911 1 0 1706817642
WALL 21202911 1 0 1706817643
WALL 21202911 1 0 1706817644
WALL 21202911 1 0 1706817645
WALL 21202911 1 0 1706817646
WALL 21202911 1 0 1706817647
slurmstepd: error: *** STEP 21202911.0 ON nid200014 CANCELLED AT 2024-02-01T20:00:48 ***
received SIGTERM 1706817648
WALL 21202911 1 0 1706817648
received SIGCONT 1706817648
WALL 21202911 1 0 1706817648
WALL 21202911 1 0 1706817649
WALL 21202911 1 0 1706817650
WALL 21202911 1 0 1706817651
WALL 21202911 1 0 1706817652
WALL 21202911 1 0 1706817653
WALL 21202911 1 0 1706817654
WALL 21202911 1 0 1706817655
WALL 21202911 1 0 1706817656
WALL 21202911 1 0 1706817657
WALL 21202911 1 0 1706817658
WALL 21202911 1 0 1706817659
WALL 21202911 1 0 1706817660
WALL 21202911 1 0 1706817661
WALL 21202911 1 0 1706817662
WALL 21202911 1 0 1706817663
WALL 21202911 1 0 1706817664
WALL 21202911 1 0 1706817665
WALL 21202911 1 0 1706817666
WALL 21202911 1 0 1706817667
WALL 21202911 1 0 1706817668
WALL 21202911 1 0 1706817669
WALL 21202911 1 0 1706817670
WALL 21202911 1 0 1706817671
WALL 21202911 1 0 1706817672
WALL 21202911 1 0 1706817673
WALL 21202911 1 0 1706817674
WALL 21202911 1 0 1706817675
WALL 21202911 1 0 1706817676
WALL 21202911 1 0 1706817677
WALL 21202911 1 0 1706817678
WALL 21202911 1 0 1706817679
WALL 21202911 1 0 1706817680
WALL 21202911 1 0 1706817681
WALL 21202911 1 0 1706817682
WALL 21202911 1 0 1706817683
WALL 21202911 1 0 1706817684
WALL 21202911 1 0 1706817685
WALL 21202911 1 0 1706817686
WALL 21202911 1 0 1706817687
WALL 21202911 1 0 1706817688
WALL 21202911 1 0 1706817689
WALL 21202911 1 0 1706817690
WALL 21202911 1 0 1706817691
WALL 21202911 1 0 1706817692
WALL 21202911 1 0 1706817693
WALL 21202911 1 0 1706817694
WALL 21202911 1 0 1706817695
WALL 21202911 1 0 1706817696
WALL 21202911 1 0 1706817697
WALL 21202911 1 0 1706817698
WALL 21202911 1 0 1706817699
WALL 21202911 1 0 1706817700
WALL 21202911 1 0 1706817701
WALL 21202911 1 0 1706817702
WALL 21202911 1 0 1706817703
WALL 21202911 1 0 1706817704
WALL 21202911 1 0 1706817705
WALL 21202911 1 0 1706817706
WALL 21202911 1 0 1706817707
WALL 21202911 1 0 1706817708
WALL 21202911 1 0 1706817709
WALL 21202911 1 0 1706817710
WALL 21202911 1 0 1706817711
WALL 21202911 1 0 1706817712
WALL 21202911 1 0 1706817713
WALL 21202911 1 0 1706817714
WALL 21202911 1 0 1706817715
WALL 21202911 1 0 1706817716
WALL 21202911 1 0 1706817717
WALL 21202911 1 0 1706817718
WALL 21202911 1 0 1706817719
WALL 21202911 1 0 1706817720
WALL 21202911 1 0 1706817721
WALL 21202911 1 0 1706817722
WALL 21202911 1 0 1706817723
WALL 21202911 1 0 1706817724
WALL 21202911 1 0 1706817725
WALL 21202911 1 0 1706817726
WALL 21202911 1 0 1706817727
WALL 21202911 1 0 1706817728
WALL 21202911 1 0 1706817729
WALL 21202911 1 0 1706817730
WALL 21202911 1 0 1706817731
WALL 21202911 1 0 1706817732
slurmstepd: error: *** JOB 21202911 ON nid200014 CANCELLED AT 2024-02-01T20:02:13 DUE TO PREEMPTION ***
received SIGTERM 1706817733
WALL 21202911 1 0 1706817733
received SIGCONT 1706817733
WALL 21202911 1 0 1706817733
received SIGTERM 1706817733
WALL 21202911 1 0 1706817733
