WALL 21086998 1 0 1706657171
WALL 21086998 1 0 1706657172
WALL 21086998 1 0 1706657173
WALL 21086998 1 0 1706657174
WALL 21086998 1 0 1706657175
WALL 21086998 1 0 1706657176
WALL 21086998 1 0 1706657177
WALL 21086998 1 0 1706657178
WALL 21086998 1 0 1706657179
WALL 21086998 1 0 1706657180
WALL 21086998 1 0 1706657181
WALL 21086998 1 0 1706657182
WALL 21086998 1 0 1706657183
WALL 21086998 1 0 1706657184
WALL 21086998 1 0 1706657185
WALL 21086998 1 0 1706657186
WALL 21086998 1 0 1706657187
WALL 21086998 1 0 1706657188
WALL 21086998 1 0 1706657189
WALL 21086998 1 0 1706657190
WALL 21086998 1 0 1706657191
WALL 21086998 1 0 1706657192
WALL 21086998 1 0 1706657193
WALL 21086998 1 0 1706657194
WALL 21086998 1 0 1706657195
WALL 21086998 1 0 1706657196
WALL 21086998 1 0 1706657197
WALL 21086998 1 0 1706657198
WALL 21086998 1 0 1706657199
WALL 21086998 1 0 1706657200
WALL 21086998 1 0 1706657201
WALL 21086998 1 0 1706657202
WALL 21086998 1 0 1706657203
WALL 21086998 1 0 1706657204
WALL 21086998 1 0 1706657205
WALL 21086998 1 0 1706657206
WALL 21086998 1 0 1706657207
WALL 21086998 1 0 1706657208
WALL 21086998 1 0 1706657209
WALL 21086998 1 0 1706657210
WALL 21086998 1 0 1706657211
WALL 21086998 1 0 1706657212
WALL 21086998 1 0 1706657213
WALL 21086998 1 0 1706657214
WALL 21086998 1 0 1706657215
WALL 21086998 1 0 1706657216
WALL 21086998 1 0 1706657217
WALL 21086998 1 0 1706657218
WALL 21086998 1 0 1706657219
WALL 21086998 1 0 1706657220
WALL 21086998 1 0 1706657221
WALL 21086998 1 0 1706657222
WALL 21086998 1 0 1706657223
WALL 21086998 1 0 1706657224
WALL 21086998 1 0 1706657225
WALL 21086998 1 0 1706657226
WALL 21086998 1 0 1706657227
received SIGCONT 1706657227
WALL 21086998 1 0 1706657227
slurmstepd: error: *** STEP 21086998.0 ON nid200197 CANCELLED AT 2024-01-30T23:27:07 ***
received SIGTERM 1706657227
WALL 21086998 1 0 1706657227
WALL 21086998 1 0 1706657228
WALL 21086998 1 0 1706657229
WALL 21086998 1 0 1706657230
WALL 21086998 1 0 1706657231
WALL 21086998 1 0 1706657232
WALL 21086998 1 0 1706657233
WALL 21086998 1 0 1706657234
WALL 21086998 1 0 1706657235
WALL 21086998 1 0 1706657236
WALL 21086998 1 0 1706657237
WALL 21086998 1 0 1706657238
WALL 21086998 1 0 1706657239
WALL 21086998 1 0 1706657240
WALL 21086998 1 0 1706657241
WALL 21086998 1 0 1706657242
WALL 21086998 1 0 1706657243
WALL 21086998 1 0 1706657244
WALL 21086998 1 0 1706657245
WALL 21086998 1 0 1706657246
WALL 21086998 1 0 1706657247
WALL 21086998 1 0 1706657248
WALL 21086998 1 0 1706657249
WALL 21086998 1 0 1706657250
WALL 21086998 1 0 1706657251
WALL 21086998 1 0 1706657252
WALL 21086998 1 0 1706657253
WALL 21086998 1 0 1706657254
WALL 21086998 1 0 1706657255
WALL 21086998 1 0 1706657256
WALL 21086998 1 0 1706657257
WALL 21086998 1 0 1706657258
WALL 21086998 1 0 1706657259
WALL 21086998 1 0 1706657260
WALL 21086998 1 0 1706657261
WALL 21086998 1 0 1706657262
WALL 21086998 1 0 1706657263
WALL 21086998 1 0 1706657264
WALL 21086998 1 0 1706657265
WALL 21086998 1 0 1706657266
WALL 21086998 1 0 1706657267
WALL 21086998 1 0 1706657268
WALL 21086998 1 0 1706657269
WALL 21086998 1 0 1706657270
WALL 21086998 1 0 1706657271
WALL 21086998 1 0 1706657272
WALL 21086998 1 0 1706657273
WALL 21086998 1 0 1706657274
WALL 21086998 1 0 1706657275
WALL 21086998 1 0 1706657276
WALL 21086998 1 0 1706657277
WALL 21086998 1 0 1706657278
WALL 21086998 1 0 1706657279
WALL 21086998 1 0 1706657280
WALL 21086998 1 0 1706657281
WALL 21086998 1 0 1706657282
WALL 21086998 1 0 1706657283
WALL 21086998 1 0 1706657284
WALL 21086998 1 0 1706657285
WALL 21086998 1 0 1706657286
WALL 21086998 1 0 1706657287
slurmstepd: error: *** JOB 21086998 ON nid200197 CANCELLED AT 2024-01-30T23:28:08 DUE TO PREEMPTION ***
received SIGTERM 1706657288
WALL 21086998 1 0 1706657288
received SIGCONT 1706657288
WALL 21086998 1 0 1706657288
received SIGTERM 1706657288
WALL 21086998 1 0 1706657288
