WALL 21149127 1 0 1706736138
WALL 21149127 1 0 1706736139
WALL 21149127 1 0 1706736140
WALL 21149127 1 0 1706736141
WALL 21149127 1 0 1706736142
WALL 21149127 1 0 1706736143
WALL 21149127 1 0 1706736144
WALL 21149127 1 0 1706736145
WALL 21149127 1 0 1706736146
WALL 21149127 1 0 1706736147
WALL 21149127 1 0 1706736148
WALL 21149127 1 0 1706736149
WALL 21149127 1 0 1706736150
WALL 21149127 1 0 1706736151
WALL 21149127 1 0 1706736152
WALL 21149127 1 0 1706736153
WALL 21149127 1 0 1706736154
WALL 21149127 1 0 1706736155
WALL 21149127 1 0 1706736156
WALL 21149127 1 0 1706736157
WALL 21149127 1 0 1706736158
received SIGCONT 1706736158
WALL 21149127 1 0 1706736158
slurmstepd: error: *** STEP 21149127.0 ON nid200023 CANCELLED AT 2024-01-31T21:22:38 ***
received SIGTERM 1706736158
WALL 21149127 1 0 1706736158
WALL 21149127 1 0 1706736159
WALL 21149127 1 0 1706736160
WALL 21149127 1 0 1706736161
WALL 21149127 1 0 1706736162
WALL 21149127 1 0 1706736163
WALL 21149127 1 0 1706736164
WALL 21149127 1 0 1706736165
WALL 21149127 1 0 1706736166
WALL 21149127 1 0 1706736167
WALL 21149127 1 0 1706736168
WALL 21149127 1 0 1706736169
WALL 21149127 1 0 1706736170
WALL 21149127 1 0 1706736171
WALL 21149127 1 0 1706736172
WALL 21149127 1 0 1706736173
WALL 21149127 1 0 1706736174
WALL 21149127 1 0 1706736175
WALL 21149127 1 0 1706736176
WALL 21149127 1 0 1706736177
WALL 21149127 1 0 1706736178
WALL 21149127 1 0 1706736179
WALL 21149127 1 0 1706736180
WALL 21149127 1 0 1706736181
WALL 21149127 1 0 1706736182
WALL 21149127 1 0 1706736183
WALL 21149127 1 0 1706736184
WALL 21149127 1 0 1706736185
WALL 21149127 1 0 1706736186
WALL 21149127 1 0 1706736187
WALL 21149127 1 0 1706736188
WALL 21149127 1 0 1706736189
WALL 21149127 1 0 1706736190
WALL 21149127 1 0 1706736191
WALL 21149127 1 0 1706736192
WALL 21149127 1 0 1706736193
WALL 21149127 1 0 1706736194
WALL 21149127 1 0 1706736195
WALL 21149127 1 0 1706736196
WALL 21149127 1 0 1706736197
WALL 21149127 1 0 1706736198
WALL 21149127 1 0 1706736199
WALL 21149127 1 0 1706736200
WALL 21149127 1 0 1706736201
WALL 21149127 1 0 1706736202
WALL 21149127 1 0 1706736203
WALL 21149127 1 0 1706736204
WALL 21149127 1 0 1706736205
WALL 21149127 1 0 1706736206
WALL 21149127 1 0 1706736207
WALL 21149127 1 0 1706736208
WALL 21149127 1 0 1706736209
WALL 21149127 1 0 1706736210
WALL 21149127 1 0 1706736211
WALL 21149127 1 0 1706736212
WALL 21149127 1 0 1706736213
WALL 21149127 1 0 1706736214
WALL 21149127 1 0 1706736215
WALL 21149127 1 0 1706736216
WALL 21149127 1 0 1706736217
WALL 21149127 1 0 1706736218
WALL 21149127 1 0 1706736219
WALL 21149127 1 0 1706736220
WALL 21149127 1 0 1706736221
WALL 21149127 1 0 1706736222
WALL 21149127 1 0 1706736223
WALL 21149127 1 0 1706736224
WALL 21149127 1 0 1706736225
WALL 21149127 1 0 1706736226
WALL 21149127 1 0 1706736227
WALL 21149127 1 0 1706736228
WALL 21149127 1 0 1706736229
WALL 21149127 1 0 1706736230
WALL 21149127 1 0 1706736231
WALL 21149127 1 0 1706736232
WALL 21149127 1 0 1706736233
WALL 21149127 1 0 1706736234
srun: Job step aborted: Waiting up to 32 seconds for job step to finish.
slurmstepd: error: *** JOB 21149127 ON nid200023 CANCELLED AT 2024-01-31T21:23:55 DUE TO PREEMPTION ***
received SIGTERM 1706736235
WALL 21149127 1 0 1706736235
received SIGCONT 1706736235
WALL 21149127 1 0 1706736235
received SIGTERM 1706736235
WALL 21149127 1 0 1706736235
