WALL 21199253 1 0 1706816076
WALL 21199253 1 0 1706816077
WALL 21199253 1 0 1706816078
WALL 21199253 1 0 1706816079
WALL 21199253 1 0 1706816080
received SIGCONT 1706816081
WALL 21199253 1 0 1706816081
slurmstepd: error: *** STEP 21199253.0 ON nid200087 CANCELLED AT 2024-02-01T19:34:41 ***
received SIGTERM 1706816081
WALL 21199253 1 0 1706816081
WALL 21199253 1 0 1706816082
WALL 21199253 1 0 1706816083
WALL 21199253 1 0 1706816084
WALL 21199253 1 0 1706816085
WALL 21199253 1 0 1706816086
WALL 21199253 1 0 1706816087
WALL 21199253 1 0 1706816088
WALL 21199253 1 0 1706816089
WALL 21199253 1 0 1706816090
WALL 21199253 1 0 1706816091
WALL 21199253 1 0 1706816092
WALL 21199253 1 0 1706816093
WALL 21199253 1 0 1706816094
WALL 21199253 1 0 1706816095
WALL 21199253 1 0 1706816096
WALL 21199253 1 0 1706816097
WALL 21199253 1 0 1706816098
WALL 21199253 1 0 1706816099
WALL 21199253 1 0 1706816100
WALL 21199253 1 0 1706816101
WALL 21199253 1 0 1706816102
WALL 21199253 1 0 1706816103
WALL 21199253 1 0 1706816104
WALL 21199253 1 0 1706816105
WALL 21199253 1 0 1706816106
WALL 21199253 1 0 1706816107
WALL 21199253 1 0 1706816108
WALL 21199253 1 0 1706816109
WALL 21199253 1 0 1706816110
WALL 21199253 1 0 1706816111
WALL 21199253 1 0 1706816112
WALL 21199253 1 0 1706816113
WALL 21199253 1 0 1706816114
WALL 21199253 1 0 1706816115
WALL 21199253 1 0 1706816116
WALL 21199253 1 0 1706816117
WALL 21199253 1 0 1706816118
WALL 21199253 1 0 1706816119
WALL 21199253 1 0 1706816120
WALL 21199253 1 0 1706816121
WALL 21199253 1 0 1706816122
WALL 21199253 1 0 1706816123
WALL 21199253 1 0 1706816124
WALL 21199253 1 0 1706816125
WALL 21199253 1 0 1706816126
WALL 21199253 1 0 1706816127
WALL 21199253 1 0 1706816128
WALL 21199253 1 0 1706816129
WALL 21199253 1 0 1706816130
WALL 21199253 1 0 1706816131
WALL 21199253 1 0 1706816132
WALL 21199253 1 0 1706816133
WALL 21199253 1 0 1706816134
WALL 21199253 1 0 1706816135
WALL 21199253 1 0 1706816136
WALL 21199253 1 0 1706816137
WALL 21199253 1 0 1706816138
WALL 21199253 1 0 1706816139
WALL 21199253 1 0 1706816140
WALL 21199253 1 0 1706816141
WALL 21199253 1 0 1706816142
WALL 21199253 1 0 1706816143
WALL 21199253 1 0 1706816144
WALL 21199253 1 0 1706816145
WALL 21199253 1 0 1706816146
WALL 21199253 1 0 1706816147
WALL 21199253 1 0 1706816148
WALL 21199253 1 0 1706816149
WALL 21199253 1 0 1706816150
WALL 21199253 1 0 1706816151
WALL 21199253 1 0 1706816152
WALL 21199253 1 0 1706816153
WALL 21199253 1 0 1706816154
slurmstepd: error: *** JOB 21199253 ON nid200087 CANCELLED AT 2024-02-01T19:35:55 DUE TO PREEMPTION ***
received SIGTERM 1706816155
WALL 21199253 1 0 1706816155
received SIGCONT 1706816155
WALL 21199253 1 0 1706816155
received SIGTERM 1706816155
WALL 21199253 1 0 1706816155
