WALL 21209580 1 0 1706826441
WALL 21209580 1 0 1706826442
WALL 21209580 1 0 1706826443
WALL 21209580 1 0 1706826444
WALL 21209580 1 0 1706826445
WALL 21209580 1 0 1706826446
WALL 21209580 1 0 1706826447
WALL 21209580 1 0 1706826448
WALL 21209580 1 0 1706826449
WALL 21209580 1 0 1706826450
WALL 21209580 1 0 1706826451
WALL 21209580 1 0 1706826452
WALL 21209580 1 0 1706826453
WALL 21209580 1 0 1706826454
WALL 21209580 1 0 1706826455
WALL 21209580 1 0 1706826456
WALL 21209580 1 0 1706826457
WALL 21209580 1 0 1706826458
WALL 21209580 1 0 1706826459
WALL 21209580 1 0 1706826460
WALL 21209580 1 0 1706826461
WALL 21209580 1 0 1706826462
WALL 21209580 1 0 1706826463
WALL 21209580 1 0 1706826464
WALL 21209580 1 0 1706826465
WALL 21209580 1 0 1706826466
WALL 21209580 1 0 1706826467
WALL 21209580 1 0 1706826468
WALL 21209580 1 0 1706826469
WALL 21209580 1 0 1706826470
WALL 21209580 1 0 1706826471
WALL 21209580 1 0 1706826472
WALL 21209580 1 0 1706826473
WALL 21209580 1 0 1706826474
WALL 21209580 1 0 1706826475
WALL 21209580 1 0 1706826476
WALL 21209580 1 0 1706826477
WALL 21209580 1 0 1706826478
WALL 21209580 1 0 1706826479
WALL 21209580 1 0 1706826480
WALL 21209580 1 0 1706826481
WALL 21209580 1 0 1706826482
WALL 21209580 1 0 1706826483
WALL 21209580 1 0 1706826484
WALL 21209580 1 0 1706826485
WALL 21209580 1 0 1706826486
WALL 21209580 1 0 1706826487
WALL 21209580 1 0 1706826488
WALL 21209580 1 0 1706826489
WALL 21209580 1 0 1706826490
WALL 21209580 1 0 1706826491
WALL 21209580 1 0 1706826492
WALL 21209580 1 0 1706826493
WALL 21209580 1 0 1706826494
WALL 21209580 1 0 1706826495
WALL 21209580 1 0 1706826496
WALL 21209580 1 0 1706826497
WALL 21209580 1 0 1706826498
WALL 21209580 1 0 1706826499
WALL 21209580 1 0 1706826500
WALL 21209580 1 0 1706826501
WALL 21209580 1 0 1706826502
WALL 21209580 1 0 1706826503
WALL 21209580 1 0 1706826504
WALL 21209580 1 0 1706826505
WALL 21209580 1 0 1706826506
WALL 21209580 1 0 1706826507
WALL 21209580 1 0 1706826508
WALL 21209580 1 0 1706826509
WALL 21209580 1 0 1706826510
WALL 21209580 1 0 1706826511
WALL 21209580 1 0 1706826512
WALL 21209580 1 0 1706826513
WALL 21209580 1 0 1706826514
WALL 21209580 1 0 1706826515
WALL 21209580 1 0 1706826516
WALL 21209580 1 0 1706826517
WALL 21209580 1 0 1706826518
WALL 21209580 1 0 1706826519
WALL 21209580 1 0 1706826520
WALL 21209580 1 0 1706826521
WALL 21209580 1 0 1706826522
WALL 21209580 1 0 1706826523
WALL 21209580 1 0 1706826524
WALL 21209580 1 0 1706826525
WALL 21209580 1 0 1706826526
WALL 21209580 1 0 1706826527
WALL 21209580 1 0 1706826528
WALL 21209580 1 0 1706826529
WALL 21209580 1 0 1706826530
WALL 21209580 1 0 1706826531
WALL 21209580 1 0 1706826532
WALL 21209580 1 0 1706826533
WALL 21209580 1 0 1706826534
WALL 21209580 1 0 1706826535
WALL 21209580 1 0 1706826536
WALL 21209580 1 0 1706826537
WALL 21209580 1 0 1706826538
WALL 21209580 1 0 1706826539
WALL 21209580 1 0 1706826540
WALL 21209580 1 0 1706826541
WALL 21209580 1 0 1706826542
WALL 21209580 1 0 1706826543
WALL 21209580 1 0 1706826544
WALL 21209580 1 0 1706826545
WALL 21209580 1 0 1706826546
WALL 21209580 1 0 1706826547
WALL 21209580 1 0 1706826548
WALL 21209580 1 0 1706826549
WALL 21209580 1 0 1706826550
WALL 21209580 1 0 1706826551
WALL 21209580 1 0 1706826552
WALL 21209580 1 0 1706826553
WALL 21209580 1 0 1706826554
WALL 21209580 1 0 1706826555
WALL 21209580 1 0 1706826556
WALL 21209580 1 0 1706826557
WALL 21209580 1 0 1706826558
WALL 21209580 1 0 1706826559
WALL 21209580 1 0 1706826560
WALL 21209580 1 0 1706826561
WALL 21209580 1 0 1706826562
WALL 21209580 1 0 1706826563
received SIGCONT 1706826564
WALL 21209580 1 0 1706826564
slurmstepd: error: *** STEP 21209580.0 ON nid200063 CANCELLED AT 2024-02-01T22:29:24 ***
received SIGTERM 1706826564
WALL 21209580 1 0 1706826564
WALL 21209580 1 0 1706826565
WALL 21209580 1 0 1706826566
WALL 21209580 1 0 1706826567
WALL 21209580 1 0 1706826568
WALL 21209580 1 0 1706826569
WALL 21209580 1 0 1706826570
WALL 21209580 1 0 1706826571
WALL 21209580 1 0 1706826572
WALL 21209580 1 0 1706826573
WALL 21209580 1 0 1706826574
WALL 21209580 1 0 1706826575
WALL 21209580 1 0 1706826576
WALL 21209580 1 0 1706826577
WALL 21209580 1 0 1706826578
WALL 21209580 1 0 1706826579
WALL 21209580 1 0 1706826580
WALL 21209580 1 0 1706826581
WALL 21209580 1 0 1706826582
WALL 21209580 1 0 1706826583
WALL 21209580 1 0 1706826584
WALL 21209580 1 0 1706826585
WALL 21209580 1 0 1706826586
WALL 21209580 1 0 1706826587
WALL 21209580 1 0 1706826588
WALL 21209580 1 0 1706826589
WALL 21209580 1 0 1706826590
WALL 21209580 1 0 1706826591
WALL 21209580 1 0 1706826592
WALL 21209580 1 0 1706826593
WALL 21209580 1 0 1706826594
WALL 21209580 1 0 1706826595
WALL 21209580 1 0 1706826596
WALL 21209580 1 0 1706826597
WALL 21209580 1 0 1706826598
WALL 21209580 1 0 1706826599
WALL 21209580 1 0 1706826600
WALL 21209580 1 0 1706826601
WALL 21209580 1 0 1706826602
WALL 21209580 1 0 1706826603
WALL 21209580 1 0 1706826604
WALL 21209580 1 0 1706826605
WALL 21209580 1 0 1706826606
WALL 21209580 1 0 1706826607
WALL 21209580 1 0 1706826608
WALL 21209580 1 0 1706826609
WALL 21209580 1 0 1706826610
WALL 21209580 1 0 1706826611
WALL 21209580 1 0 1706826612
WALL 21209580 1 0 1706826613
WALL 21209580 1 0 1706826614
WALL 21209580 1 0 1706826615
WALL 21209580 1 0 1706826616
WALL 21209580 1 0 1706826617
WALL 21209580 1 0 1706826618
WALL 21209580 1 0 1706826619
WALL 21209580 1 0 1706826620
WALL 21209580 1 0 1706826621
WALL 21209580 1 0 1706826622
WALL 21209580 1 0 1706826623
WALL 21209580 1 0 1706826624
WALL 21209580 1 0 1706826625
WALL 21209580 1 0 1706826626
WALL 21209580 1 0 1706826627
WALL 21209580 1 0 1706826628
WALL 21209580 1 0 1706826629
WALL 21209580 1 0 1706826630
slurmstepd: error: *** JOB 21209580 ON nid200063 CANCELLED AT 2024-02-01T22:30:30 DUE TO PREEMPTION ***
received SIGTERM 1706826630
WALL 21209580 1 0 1706826630
received SIGCONT 1706826630
WALL 21209580 1 0 1706826630
received SIGTERM 1706826630
WALL 21209580 1 0 1706826630
