WALL 21195433 1 0 1706813877
WALL 21195433 1 0 1706813878
WALL 21195433 1 0 1706813879
WALL 21195433 1 0 1706813880
WALL 21195433 1 0 1706813881
WALL 21195433 1 0 1706813882
WALL 21195433 1 0 1706813883
WALL 21195433 1 0 1706813884
WALL 21195433 1 0 1706813885
WALL 21195433 1 0 1706813886
WALL 21195433 1 0 1706813887
WALL 21195433 1 0 1706813888
WALL 21195433 1 0 1706813889
WALL 21195433 1 0 1706813890
WALL 21195433 1 0 1706813891
WALL 21195433 1 0 1706813892
WALL 21195433 1 0 1706813893
WALL 21195433 1 0 1706813894
WALL 21195433 1 0 1706813895
WALL 21195433 1 0 1706813896
WALL 21195433 1 0 1706813897
WALL 21195433 1 0 1706813898
WALL 21195433 1 0 1706813899
WALL 21195433 1 0 1706813900
WALL 21195433 1 0 1706813901
WALL 21195433 1 0 1706813902
WALL 21195433 1 0 1706813903
WALL 21195433 1 0 1706813904
WALL 21195433 1 0 1706813905
WALL 21195433 1 0 1706813906
WALL 21195433 1 0 1706813907
WALL 21195433 1 0 1706813908
WALL 21195433 1 0 1706813909
WALL 21195433 1 0 1706813910
WALL 21195433 1 0 1706813911
WALL 21195433 1 0 1706813912
WALL 21195433 1 0 1706813913
WALL 21195433 1 0 1706813914
WALL 21195433 1 0 1706813915
WALL 21195433 1 0 1706813916
WALL 21195433 1 0 1706813917
WALL 21195433 1 0 1706813918
WALL 21195433 1 0 1706813919
WALL 21195433 1 0 1706813920
WALL 21195433 1 0 1706813921
WALL 21195433 1 0 1706813922
WALL 21195433 1 0 1706813923
WALL 21195433 1 0 1706813924
WALL 21195433 1 0 1706813925
WALL 21195433 1 0 1706813926
WALL 21195433 1 0 1706813927
WALL 21195433 1 0 1706813928
WALL 21195433 1 0 1706813929
WALL 21195433 1 0 1706813930
WALL 21195433 1 0 1706813931
WALL 21195433 1 0 1706813932
WALL 21195433 1 0 1706813933
WALL 21195433 1 0 1706813934
WALL 21195433 1 0 1706813935
WALL 21195433 1 0 1706813936
WALL 21195433 1 0 1706813937
WALL 21195433 1 0 1706813938
WALL 21195433 1 0 1706813939
WALL 21195433 1 0 1706813940
WALL 21195433 1 0 1706813941
WALL 21195433 1 0 1706813942
WALL 21195433 1 0 1706813943
WALL 21195433 1 0 1706813944
WALL 21195433 1 0 1706813945
WALL 21195433 1 0 1706813946
WALL 21195433 1 0 1706813947
WALL 21195433 1 0 1706813948
WALL 21195433 1 0 1706813949
WALL 21195433 1 0 1706813950
WALL 21195433 1 0 1706813951
WALL 21195433 1 0 1706813952
WALL 21195433 1 0 1706813953
WALL 21195433 1 0 1706813954
WALL 21195433 1 0 1706813955
WALL 21195433 1 0 1706813956
WALL 21195433 1 0 1706813957
WALL 21195433 1 0 1706813958
WALL 21195433 1 0 1706813959
WALL 21195433 1 0 1706813960
WALL 21195433 1 0 1706813961
WALL 21195433 1 0 1706813962
WALL 21195433 1 0 1706813963
WALL 21195433 1 0 1706813964
WALL 21195433 1 0 1706813965
WALL 21195433 1 0 1706813966
WALL 21195433 1 0 1706813967
WALL 21195433 1 0 1706813968
WALL 21195433 1 0 1706813969
WALL 21195433 1 0 1706813970
slurmstepd: error: *** STEP 21195433.0 ON nid200043 CANCELLED AT 2024-02-01T18:59:31 ***
received SIGTERM 1706813971
WALL 21195433 1 0 1706813971
received SIGCONT 1706813971
WALL 21195433 1 0 1706813971
WALL 21195433 1 0 1706813972
WALL 21195433 1 0 1706813973
WALL 21195433 1 0 1706813974
WALL 21195433 1 0 1706813975
WALL 21195433 1 0 1706813976
WALL 21195433 1 0 1706813977
WALL 21195433 1 0 1706813978
WALL 21195433 1 0 1706813979
WALL 21195433 1 0 1706813980
WALL 21195433 1 0 1706813981
WALL 21195433 1 0 1706813982
WALL 21195433 1 0 1706813983
WALL 21195433 1 0 1706813984
WALL 21195433 1 0 1706813985
WALL 21195433 1 0 1706813986
WALL 21195433 1 0 1706813987
WALL 21195433 1 0 1706813988
WALL 21195433 1 0 1706813989
WALL 21195433 1 0 1706813990
WALL 21195433 1 0 1706813991
WALL 21195433 1 0 1706813992
WALL 21195433 1 0 1706813993
WALL 21195433 1 0 1706813994
WALL 21195433 1 0 1706813995
WALL 21195433 1 0 1706813996
WALL 21195433 1 0 1706813997
WALL 21195433 1 0 1706813998
WALL 21195433 1 0 1706813999
WALL 21195433 1 0 1706814000
WALL 21195433 1 0 1706814001
WALL 21195433 1 0 1706814002
WALL 21195433 1 0 1706814003
WALL 21195433 1 0 1706814004
WALL 21195433 1 0 1706814005
WALL 21195433 1 0 1706814006
WALL 21195433 1 0 1706814007
WALL 21195433 1 0 1706814008
WALL 21195433 1 0 1706814009
WALL 21195433 1 0 1706814010
WALL 21195433 1 0 1706814011
WALL 21195433 1 0 1706814012
WALL 21195433 1 0 1706814013
WALL 21195433 1 0 1706814014
WALL 21195433 1 0 1706814015
WALL 21195433 1 0 1706814016
WALL 21195433 1 0 1706814017
WALL 21195433 1 0 1706814018
WALL 21195433 1 0 1706814019
WALL 21195433 1 0 1706814020
WALL 21195433 1 0 1706814021
WALL 21195433 1 0 1706814022
WALL 21195433 1 0 1706814023
WALL 21195433 1 0 1706814024
WALL 21195433 1 0 1706814025
WALL 21195433 1 0 1706814026
WALL 21195433 1 0 1706814027
WALL 21195433 1 0 1706814028
WALL 21195433 1 0 1706814029
WALL 21195433 1 0 1706814030
WALL 21195433 1 0 1706814031
WALL 21195433 1 0 1706814032
WALL 21195433 1 0 1706814033
WALL 21195433 1 0 1706814034
WALL 21195433 1 0 1706814035
WALL 21195433 1 0 1706814036
WALL 21195433 1 0 1706814037
WALL 21195433 1 0 1706814038
WALL 21195433 1 0 1706814039
WALL 21195433 1 0 1706814040
WALL 21195433 1 0 1706814041
WALL 21195433 1 0 1706814042
WALL 21195433 1 0 1706814043
WALL 21195433 1 0 1706814044
WALL 21195433 1 0 1706814045
WALL 21195433 1 0 1706814046
WALL 21195433 1 0 1706814047
WALL 21195433 1 0 1706814048
WALL 21195433 1 0 1706814049
WALL 21195433 1 0 1706814050
WALL 21195433 1 0 1706814051
WALL 21195433 1 0 1706814052
WALL 21195433 1 0 1706814053
WALL 21195433 1 0 1706814054
WALL 21195433 1 0 1706814055
WALL 21195433 1 0 1706814056
WALL 21195433 1 0 1706814057
WALL 21195433 1 0 1706814058
WALL 21195433 1 0 1706814059
WALL 21195433 1 0 1706814060
slurmstepd: error: *** JOB 21195433 ON nid200043 CANCELLED AT 2024-02-01T19:01:00 DUE TO PREEMPTION ***
received SIGTERM 1706814060
WALL 21195433 1 0 1706814060
received SIGCONT 1706814060
WALL 21195433 1 0 1706814060
received SIGTERM 1706814060
WALL 21195433 1 0 1706814060
