WALL 21205019 1 0 1706819753
WALL 21205019 1 0 1706819754
WALL 21205019 1 0 1706819755
WALL 21205019 1 0 1706819756
WALL 21205019 1 0 1706819757
WALL 21205019 1 0 1706819758
WALL 21205019 1 0 1706819759
WALL 21205019 1 0 1706819760
WALL 21205019 1 0 1706819761
WALL 21205019 1 0 1706819762
WALL 21205019 1 0 1706819763
WALL 21205019 1 0 1706819764
WALL 21205019 1 0 1706819765
WALL 21205019 1 0 1706819766
WALL 21205019 1 0 1706819767
WALL 21205019 1 0 1706819768
WALL 21205019 1 0 1706819769
WALL 21205019 1 0 1706819770
WALL 21205019 1 0 1706819771
WALL 21205019 1 0 1706819772
WALL 21205019 1 0 1706819773
WALL 21205019 1 0 1706819774
WALL 21205019 1 0 1706819775
WALL 21205019 1 0 1706819776
WALL 21205019 1 0 1706819777
WALL 21205019 1 0 1706819778
WALL 21205019 1 0 1706819779
WALL 21205019 1 0 1706819780
WALL 21205019 1 0 1706819781
WALL 21205019 1 0 1706819782
WALL 21205019 1 0 1706819783
WALL 21205019 1 0 1706819784
WALL 21205019 1 0 1706819785
WALL 21205019 1 0 1706819786
WALL 21205019 1 0 1706819787
WALL 21205019 1 0 1706819788
WALL 21205019 1 0 1706819789
WALL 21205019 1 0 1706819790
WALL 21205019 1 0 1706819791
WALL 21205019 1 0 1706819792
WALL 21205019 1 0 1706819793
WALL 21205019 1 0 1706819794
WALL 21205019 1 0 1706819795
WALL 21205019 1 0 1706819796
WALL 21205019 1 0 1706819797
WALL 21205019 1 0 1706819798
WALL 21205019 1 0 1706819799
WALL 21205019 1 0 1706819800
WALL 21205019 1 0 1706819801
WALL 21205019 1 0 1706819802
WALL 21205019 1 0 1706819803
WALL 21205019 1 0 1706819804
WALL 21205019 1 0 1706819805
WALL 21205019 1 0 1706819806
WALL 21205019 1 0 1706819807
WALL 21205019 1 0 1706819808
WALL 21205019 1 0 1706819809
WALL 21205019 1 0 1706819810
WALL 21205019 1 0 1706819811
WALL 21205019 1 0 1706819812
WALL 21205019 1 0 1706819813
WALL 21205019 1 0 1706819814
WALL 21205019 1 0 1706819815
WALL 21205019 1 0 1706819816
WALL 21205019 1 0 1706819817
WALL 21205019 1 0 1706819818
WALL 21205019 1 0 1706819819
WALL 21205019 1 0 1706819820
WALL 21205019 1 0 1706819821
WALL 21205019 1 0 1706819822
WALL 21205019 1 0 1706819823
WALL 21205019 1 0 1706819824
WALL 21205019 1 0 1706819825
WALL 21205019 1 0 1706819826
WALL 21205019 1 0 1706819827
WALL 21205019 1 0 1706819828
WALL 21205019 1 0 1706819829
WALL 21205019 1 0 1706819830
WALL 21205019 1 0 1706819831
WALL 21205019 1 0 1706819832
WALL 21205019 1 0 1706819833
WALL 21205019 1 0 1706819834
WALL 21205019 1 0 1706819835
WALL 21205019 1 0 1706819836
WALL 21205019 1 0 1706819837
WALL 21205019 1 0 1706819838
slurmstepd: error: *** STEP 21205019.0 ON nid200191 CANCELLED AT 2024-02-01T20:37:18 ***
received SIGCONT 1706819838
WALL 21205019 1 0 1706819838
received SIGTERM 1706819838
WALL 21205019 1 0 1706819838
WALL 21205019 1 0 1706819839
WALL 21205019 1 0 1706819840
WALL 21205019 1 0 1706819841
WALL 21205019 1 0 1706819842
WALL 21205019 1 0 1706819843
WALL 21205019 1 0 1706819844
WALL 21205019 1 0 1706819845
WALL 21205019 1 0 1706819846
WALL 21205019 1 0 1706819847
WALL 21205019 1 0 1706819848
WALL 21205019 1 0 1706819849
WALL 21205019 1 0 1706819850
WALL 21205019 1 0 1706819851
WALL 21205019 1 0 1706819852
WALL 21205019 1 0 1706819853
WALL 21205019 1 0 1706819854
WALL 21205019 1 0 1706819855
WALL 21205019 1 0 1706819856
WALL 21205019 1 0 1706819857
WALL 21205019 1 0 1706819858
WALL 21205019 1 0 1706819859
WALL 21205019 1 0 1706819860
WALL 21205019 1 0 1706819861
WALL 21205019 1 0 1706819862
WALL 21205019 1 0 1706819863
WALL 21205019 1 0 1706819864
WALL 21205019 1 0 1706819865
WALL 21205019 1 0 1706819866
WALL 21205019 1 0 1706819867
WALL 21205019 1 0 1706819868
WALL 21205019 1 0 1706819869
WALL 21205019 1 0 1706819870
WALL 21205019 1 0 1706819871
WALL 21205019 1 0 1706819872
WALL 21205019 1 0 1706819873
WALL 21205019 1 0 1706819874
WALL 21205019 1 0 1706819875
WALL 21205019 1 0 1706819876
WALL 21205019 1 0 1706819877
WALL 21205019 1 0 1706819878
WALL 21205019 1 0 1706819879
WALL 21205019 1 0 1706819880
WALL 21205019 1 0 1706819881
WALL 21205019 1 0 1706819882
WALL 21205019 1 0 1706819883
WALL 21205019 1 0 1706819884
WALL 21205019 1 0 1706819885
WALL 21205019 1 0 1706819886
WALL 21205019 1 0 1706819887
WALL 21205019 1 0 1706819888
WALL 21205019 1 0 1706819889
WALL 21205019 1 0 1706819890
WALL 21205019 1 0 1706819891
WALL 21205019 1 0 1706819892
WALL 21205019 1 0 1706819893
WALL 21205019 1 0 1706819894
WALL 21205019 1 0 1706819895
WALL 21205019 1 0 1706819896
WALL 21205019 1 0 1706819897
WALL 21205019 1 0 1706819898
WALL 21205019 1 0 1706819899
WALL 21205019 1 0 1706819900
WALL 21205019 1 0 1706819901
WALL 21205019 1 0 1706819902
WALL 21205019 1 0 1706819903
WALL 21205019 1 0 1706819904
WALL 21205019 1 0 1706819905
WALL 21205019 1 0 1706819906
WALL 21205019 1 0 1706819907
WALL 21205019 1 0 1706819908
slurmstepd: error: *** JOB 21205019 ON nid200191 CANCELLED AT 2024-02-01T20:38:29 DUE TO PREEMPTION ***
received SIGTERM 1706819909
WALL 21205019 1 0 1706819909
received SIGCONT 1706819909
WALL 21205019 1 0 1706819909
received SIGTERM 1706819909
WALL 21205019 1 0 1706819909
