WALL 21086738 1 0 1706655185
WALL 21086738 1 0 1706655186
WALL 21086738 1 0 1706655187
WALL 21086738 1 0 1706655188
WALL 21086738 1 0 1706655189
WALL 21086738 1 0 1706655190
WALL 21086738 1 0 1706655191
WALL 21086738 1 0 1706655192
WALL 21086738 1 0 1706655193
WALL 21086738 1 0 1706655194
WALL 21086738 1 0 1706655195
WALL 21086738 1 0 1706655196
WALL 21086738 1 0 1706655197
WALL 21086738 1 0 1706655198
WALL 21086738 1 0 1706655199
WALL 21086738 1 0 1706655200
WALL 21086738 1 0 1706655201
WALL 21086738 1 0 1706655202
WALL 21086738 1 0 1706655203
WALL 21086738 1 0 1706655204
WALL 21086738 1 0 1706655205
WALL 21086738 1 0 1706655206
WALL 21086738 1 0 1706655207
WALL 21086738 1 0 1706655208
WALL 21086738 1 0 1706655209
WALL 21086738 1 0 1706655210
WALL 21086738 1 0 1706655211
WALL 21086738 1 0 1706655212
WALL 21086738 1 0 1706655213
WALL 21086738 1 0 1706655214
WALL 21086738 1 0 1706655215
WALL 21086738 1 0 1706655216
WALL 21086738 1 0 1706655217
WALL 21086738 1 0 1706655218
WALL 21086738 1 0 1706655219
WALL 21086738 1 0 1706655220
WALL 21086738 1 0 1706655221
WALL 21086738 1 0 1706655222
WALL 21086738 1 0 1706655223
WALL 21086738 1 0 1706655224
WALL 21086738 1 0 1706655225
WALL 21086738 1 0 1706655226
WALL 21086738 1 0 1706655227
WALL 21086738 1 0 1706655228
WALL 21086738 1 0 1706655229
WALL 21086738 1 0 1706655230
WALL 21086738 1 0 1706655231
WALL 21086738 1 0 1706655232
WALL 21086738 1 0 1706655233
WALL 21086738 1 0 1706655234
WALL 21086738 1 0 1706655235
WALL 21086738 1 0 1706655236
WALL 21086738 1 0 1706655237
WALL 21086738 1 0 1706655238
WALL 21086738 1 0 1706655239
WALL 21086738 1 0 1706655240
WALL 21086738 1 0 1706655241
WALL 21086738 1 0 1706655242
WALL 21086738 1 0 1706655243
WALL 21086738 1 0 1706655244
WALL 21086738 1 0 1706655245
WALL 21086738 1 0 1706655246
WALL 21086738 1 0 1706655247
WALL 21086738 1 0 1706655248
WALL 21086738 1 0 1706655249
WALL 21086738 1 0 1706655250
WALL 21086738 1 0 1706655251
WALL 21086738 1 0 1706655252
WALL 21086738 1 0 1706655253
WALL 21086738 1 0 1706655254
WALL 21086738 1 0 1706655255
WALL 21086738 1 0 1706655256
WALL 21086738 1 0 1706655257
WALL 21086738 1 0 1706655258
WALL 21086738 1 0 1706655259
WALL 21086738 1 0 1706655260
WALL 21086738 1 0 1706655261
WALL 21086738 1 0 1706655262
WALL 21086738 1 0 1706655263
WALL 21086738 1 0 1706655264
WALL 21086738 1 0 1706655265
WALL 21086738 1 0 1706655266
WALL 21086738 1 0 1706655267
WALL 21086738 1 0 1706655268
WALL 21086738 1 0 1706655269
WALL 21086738 1 0 1706655270
WALL 21086738 1 0 1706655271
WALL 21086738 1 0 1706655272
WALL 21086738 1 0 1706655273
WALL 21086738 1 0 1706655274
WALL 21086738 1 0 1706655275
WALL 21086738 1 0 1706655276
WALL 21086738 1 0 1706655277
WALL 21086738 1 0 1706655278
WALL 21086738 1 0 1706655279
WALL 21086738 1 0 1706655280
WALL 21086738 1 0 1706655281
WALL 21086738 1 0 1706655282
WALL 21086738 1 0 1706655283
WALL 21086738 1 0 1706655284
WALL 21086738 1 0 1706655285
WALL 21086738 1 0 1706655286
WALL 21086738 1 0 1706655287
WALL 21086738 1 0 1706655288
WALL 21086738 1 0 1706655289
WALL 21086738 1 0 1706655290
WALL 21086738 1 0 1706655291
WALL 21086738 1 0 1706655292
WALL 21086738 1 0 1706655293
WALL 21086738 1 0 1706655294
WALL 21086738 1 0 1706655295
WALL 21086738 1 0 1706655296
WALL 21086738 1 0 1706655297
WALL 21086738 1 0 1706655298
WALL 21086738 1 0 1706655299
WALL 21086738 1 0 1706655300
WALL 21086738 1 0 1706655301
WALL 21086738 1 0 1706655302
WALL 21086738 1 0 1706655303
WALL 21086738 1 0 1706655304
WALL 21086738 1 0 1706655305
WALL 21086738 1 0 1706655306
WALL 21086738 1 0 1706655307
WALL 21086738 1 0 1706655308
WALL 21086738 1 0 1706655309
WALL 21086738 1 0 1706655310
WALL 21086738 1 0 1706655311
WALL 21086738 1 0 1706655312
WALL 21086738 1 0 1706655313
WALL 21086738 1 0 1706655314
WALL 21086738 1 0 1706655315
WALL 21086738 1 0 1706655316
WALL 21086738 1 0 1706655317
WALL 21086738 1 0 1706655318
WALL 21086738 1 0 1706655319
WALL 21086738 1 0 1706655320
WALL 21086738 1 0 1706655321
WALL 21086738 1 0 1706655322
WALL 21086738 1 0 1706655323
WALL 21086738 1 0 1706655324
WALL 21086738 1 0 1706655325
WALL 21086738 1 0 1706655326
WALL 21086738 1 0 1706655327
WALL 21086738 1 0 1706655328
WALL 21086738 1 0 1706655329
WALL 21086738 1 0 1706655330
WALL 21086738 1 0 1706655331
WALL 21086738 1 0 1706655332
WALL 21086738 1 0 1706655333
WALL 21086738 1 0 1706655334
WALL 21086738 1 0 1706655335
WALL 21086738 1 0 1706655336
WALL 21086738 1 0 1706655337
WALL 21086738 1 0 1706655338
WALL 21086738 1 0 1706655339
WALL 21086738 1 0 1706655340
WALL 21086738 1 0 1706655341
WALL 21086738 1 0 1706655342
WALL 21086738 1 0 1706655343
WALL 21086738 1 0 1706655344
WALL 21086738 1 0 1706655345
WALL 21086738 1 0 1706655346
WALL 21086738 1 0 1706655347
WALL 21086738 1 0 1706655348
WALL 21086738 1 0 1706655349
WALL 21086738 1 0 1706655350
WALL 21086738 1 0 1706655351
WALL 21086738 1 0 1706655352
WALL 21086738 1 0 1706655353
WALL 21086738 1 0 1706655354
WALL 21086738 1 0 1706655355
WALL 21086738 1 0 1706655356
WALL 21086738 1 0 1706655357
WALL 21086738 1 0 1706655358
WALL 21086738 1 0 1706655359
WALL 21086738 1 0 1706655360
WALL 21086738 1 0 1706655361
WALL 21086738 1 0 1706655362
WALL 21086738 1 0 1706655363
WALL 21086738 1 0 1706655364
WALL 21086738 1 0 1706655365
WALL 21086738 1 0 1706655366
WALL 21086738 1 0 1706655367
WALL 21086738 1 0 1706655368
WALL 21086738 1 0 1706655369
WALL 21086738 1 0 1706655370
WALL 21086738 1 0 1706655371
WALL 21086738 1 0 1706655372
WALL 21086738 1 0 1706655373
WALL 21086738 1 0 1706655374
WALL 21086738 1 0 1706655375
WALL 21086738 1 0 1706655376
WALL 21086738 1 0 1706655377
WALL 21086738 1 0 1706655378
WALL 21086738 1 0 1706655379
WALL 21086738 1 0 1706655380
WALL 21086738 1 0 1706655381
WALL 21086738 1 0 1706655382
WALL 21086738 1 0 1706655383
WALL 21086738 1 0 1706655384
WALL 21086738 1 0 1706655385
WALL 21086738 1 0 1706655386
WALL 21086738 1 0 1706655387
WALL 21086738 1 0 1706655388
WALL 21086738 1 0 1706655389
WALL 21086738 1 0 1706655390
WALL 21086738 1 0 1706655391
slurmstepd: error: *** STEP 21086738.0 ON nid200244 CANCELLED AT 2024-01-30T22:56:31 ***
received SIGTERM 1706655391
WALL 21086738 1 0 1706655391
received SIGCONT 1706655391
WALL 21086738 1 0 1706655391
WALL 21086738 1 0 1706655392
WALL 21086738 1 0 1706655393
WALL 21086738 1 0 1706655394
WALL 21086738 1 0 1706655395
WALL 21086738 1 0 1706655396
WALL 21086738 1 0 1706655397
WALL 21086738 1 0 1706655398
WALL 21086738 1 0 1706655399
WALL 21086738 1 0 1706655400
WALL 21086738 1 0 1706655401
WALL 21086738 1 0 1706655402
WALL 21086738 1 0 1706655403
WALL 21086738 1 0 1706655404
WALL 21086738 1 0 1706655405
WALL 21086738 1 0 1706655406
WALL 21086738 1 0 1706655407
WALL 21086738 1 0 1706655408
WALL 21086738 1 0 1706655409
WALL 21086738 1 0 1706655410
WALL 21086738 1 0 1706655411
WALL 21086738 1 0 1706655412
WALL 21086738 1 0 1706655413
WALL 21086738 1 0 1706655414
WALL 21086738 1 0 1706655415
WALL 21086738 1 0 1706655416
WALL 21086738 1 0 1706655417
WALL 21086738 1 0 1706655418
WALL 21086738 1 0 1706655419
WALL 21086738 1 0 1706655420
WALL 21086738 1 0 1706655421
WALL 21086738 1 0 1706655422
WALL 21086738 1 0 1706655423
WALL 21086738 1 0 1706655424
WALL 21086738 1 0 1706655425
WALL 21086738 1 0 1706655426
WALL 21086738 1 0 1706655427
WALL 21086738 1 0 1706655428
WALL 21086738 1 0 1706655429
WALL 21086738 1 0 1706655430
WALL 21086738 1 0 1706655431
WALL 21086738 1 0 1706655432
WALL 21086738 1 0 1706655433
WALL 21086738 1 0 1706655434
WALL 21086738 1 0 1706655435
WALL 21086738 1 0 1706655436
WALL 21086738 1 0 1706655437
WALL 21086738 1 0 1706655438
WALL 21086738 1 0 1706655439
WALL 21086738 1 0 1706655440
WALL 21086738 1 0 1706655441
WALL 21086738 1 0 1706655442
WALL 21086738 1 0 1706655443
WALL 21086738 1 0 1706655444
WALL 21086738 1 0 1706655445
WALL 21086738 1 0 1706655446
WALL 21086738 1 0 1706655447
WALL 21086738 1 0 1706655448
WALL 21086738 1 0 1706655449
WALL 21086738 1 0 1706655450
WALL 21086738 1 0 1706655451
WALL 21086738 1 0 1706655452
WALL 21086738 1 0 1706655453
WALL 21086738 1 0 1706655454
WALL 21086738 1 0 1706655455
WALL 21086738 1 0 1706655456
WALL 21086738 1 0 1706655457
WALL 21086738 1 0 1706655458
WALL 21086738 1 0 1706655459
WALL 21086738 1 0 1706655460
WALL 21086738 1 0 1706655461
WALL 21086738 1 0 1706655462
WALL 21086738 1 0 1706655463
WALL 21086738 1 0 1706655464
WALL 21086738 1 0 1706655465
WALL 21086738 1 0 1706655466
WALL 21086738 1 0 1706655467
WALL 21086738 1 0 1706655468
WALL 21086738 1 0 1706655469
WALL 21086738 1 0 1706655470
WALL 21086738 1 0 1706655471
WALL 21086738 1 0 1706655472
WALL 21086738 1 0 1706655473
WALL 21086738 1 0 1706655474
slurmstepd: error: *** JOB 21086738 ON nid200244 CANCELLED AT 2024-01-30T22:57:55 DUE TO PREEMPTION ***
received SIGTERM 1706655475
WALL 21086738 1 0 1706655475
received SIGCONT 1706655475
WALL 21086738 1 0 1706655475
received SIGTERM 1706655475
WALL 21086738 1 0 1706655475
