WALL 21153550 1 0 1706742546
WALL 21153550 1 0 1706742547
WALL 21153550 1 0 1706742548
WALL 21153550 1 0 1706742549
WALL 21153550 1 0 1706742550
WALL 21153550 1 0 1706742551
WALL 21153550 1 0 1706742552
WALL 21153550 1 0 1706742553
WALL 21153550 1 0 1706742554
WALL 21153550 1 0 1706742555
WALL 21153550 1 0 1706742556
WALL 21153550 1 0 1706742557
WALL 21153550 1 0 1706742558
WALL 21153550 1 0 1706742559
WALL 21153550 1 0 1706742560
WALL 21153550 1 0 1706742561
WALL 21153550 1 0 1706742562
WALL 21153550 1 0 1706742563
WALL 21153550 1 0 1706742564
WALL 21153550 1 0 1706742565
WALL 21153550 1 0 1706742566
WALL 21153550 1 0 1706742567
WALL 21153550 1 0 1706742568
WALL 21153550 1 0 1706742569
WALL 21153550 1 0 1706742570
WALL 21153550 1 0 1706742571
WALL 21153550 1 0 1706742572
WALL 21153550 1 0 1706742573
WALL 21153550 1 0 1706742574
WALL 21153550 1 0 1706742575
WALL 21153550 1 0 1706742576
WALL 21153550 1 0 1706742577
WALL 21153550 1 0 1706742578
WALL 21153550 1 0 1706742579
WALL 21153550 1 0 1706742580
WALL 21153550 1 0 1706742581
WALL 21153550 1 0 1706742582
WALL 21153550 1 0 1706742583
WALL 21153550 1 0 1706742584
WALL 21153550 1 0 1706742585
WALL 21153550 1 0 1706742586
WALL 21153550 1 0 1706742587
WALL 21153550 1 0 1706742588
WALL 21153550 1 0 1706742589
WALL 21153550 1 0 1706742590
WALL 21153550 1 0 1706742591
WALL 21153550 1 0 1706742592
WALL 21153550 1 0 1706742593
WALL 21153550 1 0 1706742594
WALL 21153550 1 0 1706742595
WALL 21153550 1 0 1706742596
WALL 21153550 1 0 1706742597
WALL 21153550 1 0 1706742598
WALL 21153550 1 0 1706742599
WALL 21153550 1 0 1706742600
WALL 21153550 1 0 1706742601
WALL 21153550 1 0 1706742602
WALL 21153550 1 0 1706742603
WALL 21153550 1 0 1706742604
WALL 21153550 1 0 1706742605
WALL 21153550 1 0 1706742606
WALL 21153550 1 0 1706742607
WALL 21153550 1 0 1706742608
WALL 21153550 1 0 1706742609
WALL 21153550 1 0 1706742610
WALL 21153550 1 0 1706742611
WALL 21153550 1 0 1706742612
WALL 21153550 1 0 1706742613
WALL 21153550 1 0 1706742614
WALL 21153550 1 0 1706742615
WALL 21153550 1 0 1706742616
WALL 21153550 1 0 1706742617
WALL 21153550 1 0 1706742618
WALL 21153550 1 0 1706742619
WALL 21153550 1 0 1706742620
WALL 21153550 1 0 1706742621
WALL 21153550 1 0 1706742622
WALL 21153550 1 0 1706742623
WALL 21153550 1 0 1706742624
WALL 21153550 1 0 1706742625
WALL 21153550 1 0 1706742626
WALL 21153550 1 0 1706742627
WALL 21153550 1 0 1706742628
WALL 21153550 1 0 1706742629
WALL 21153550 1 0 1706742630
WALL 21153550 1 0 1706742631
WALL 21153550 1 0 1706742632
WALL 21153550 1 0 1706742633
WALL 21153550 1 0 1706742634
WALL 21153550 1 0 1706742635
WALL 21153550 1 0 1706742636
WALL 21153550 1 0 1706742637
WALL 21153550 1 0 1706742638
WALL 21153550 1 0 1706742639
WALL 21153550 1 0 1706742640
WALL 21153550 1 0 1706742641
WALL 21153550 1 0 1706742642
WALL 21153550 1 0 1706742643
WALL 21153550 1 0 1706742644
WALL 21153550 1 0 1706742645
WALL 21153550 1 0 1706742646
WALL 21153550 1 0 1706742647
WALL 21153550 1 0 1706742648
WALL 21153550 1 0 1706742649
WALL 21153550 1 0 1706742650
WALL 21153550 1 0 1706742651
WALL 21153550 1 0 1706742652
WALL 21153550 1 0 1706742653
WALL 21153550 1 0 1706742654
WALL 21153550 1 0 1706742655
WALL 21153550 1 0 1706742656
WALL 21153550 1 0 1706742657
WALL 21153550 1 0 1706742658
WALL 21153550 1 0 1706742659
WALL 21153550 1 0 1706742660
WALL 21153550 1 0 1706742661
WALL 21153550 1 0 1706742662
WALL 21153550 1 0 1706742663
WALL 21153550 1 0 1706742664
WALL 21153550 1 0 1706742665
WALL 21153550 1 0 1706742666
WALL 21153550 1 0 1706742667
WALL 21153550 1 0 1706742668
WALL 21153550 1 0 1706742669
WALL 21153550 1 0 1706742670
WALL 21153550 1 0 1706742671
WALL 21153550 1 0 1706742672
WALL 21153550 1 0 1706742673
WALL 21153550 1 0 1706742674
WALL 21153550 1 0 1706742675
WALL 21153550 1 0 1706742676
WALL 21153550 1 0 1706742677
WALL 21153550 1 0 1706742678
WALL 21153550 1 0 1706742679
WALL 21153550 1 0 1706742680
WALL 21153550 1 0 1706742681
WALL 21153550 1 0 1706742682
WALL 21153550 1 0 1706742683
WALL 21153550 1 0 1706742684
WALL 21153550 1 0 1706742685
WALL 21153550 1 0 1706742686
WALL 21153550 1 0 1706742687
WALL 21153550 1 0 1706742688
WALL 21153550 1 0 1706742689
WALL 21153550 1 0 1706742690
WALL 21153550 1 0 1706742691
WALL 21153550 1 0 1706742692
WALL 21153550 1 0 1706742693
WALL 21153550 1 0 1706742694
WALL 21153550 1 0 1706742695
WALL 21153550 1 0 1706742696
WALL 21153550 1 0 1706742697
WALL 21153550 1 0 1706742698
WALL 21153550 1 0 1706742699
WALL 21153550 1 0 1706742700
WALL 21153550 1 0 1706742701
WALL 21153550 1 0 1706742702
WALL 21153550 1 0 1706742703
WALL 21153550 1 0 1706742704
WALL 21153550 1 0 1706742705
WALL 21153550 1 0 1706742706
WALL 21153550 1 0 1706742707
WALL 21153550 1 0 1706742708
WALL 21153550 1 0 1706742709
WALL 21153550 1 0 1706742710
WALL 21153550 1 0 1706742711
WALL 21153550 1 0 1706742712
WALL 21153550 1 0 1706742713
WALL 21153550 1 0 1706742714
WALL 21153550 1 0 1706742715
WALL 21153550 1 0 1706742716
WALL 21153550 1 0 1706742717
WALL 21153550 1 0 1706742718
WALL 21153550 1 0 1706742719
WALL 21153550 1 0 1706742720
WALL 21153550 1 0 1706742721
WALL 21153550 1 0 1706742722
WALL 21153550 1 0 1706742723
WALL 21153550 1 0 1706742724
WALL 21153550 1 0 1706742725
WALL 21153550 1 0 1706742726
WALL 21153550 1 0 1706742727
WALL 21153550 1 0 1706742728
WALL 21153550 1 0 1706742729
WALL 21153550 1 0 1706742730
WALL 21153550 1 0 1706742731
WALL 21153550 1 0 1706742732
WALL 21153550 1 0 1706742733
WALL 21153550 1 0 1706742734
WALL 21153550 1 0 1706742735
WALL 21153550 1 0 1706742736
WALL 21153550 1 0 1706742737
WALL 21153550 1 0 1706742738
WALL 21153550 1 0 1706742739
WALL 21153550 1 0 1706742740
WALL 21153550 1 0 1706742741
WALL 21153550 1 0 1706742742
WALL 21153550 1 0 1706742743
WALL 21153550 1 0 1706742744
WALL 21153550 1 0 1706742745
WALL 21153550 1 0 1706742746
WALL 21153550 1 0 1706742747
WALL 21153550 1 0 1706742748
WALL 21153550 1 0 1706742749
WALL 21153550 1 0 1706742750
WALL 21153550 1 0 1706742751
WALL 21153550 1 0 1706742752
WALL 21153550 1 0 1706742753
WALL 21153550 1 0 1706742754
WALL 21153550 1 0 1706742755
WALL 21153550 1 0 1706742756
WALL 21153550 1 0 1706742757
WALL 21153550 1 0 1706742758
WALL 21153550 1 0 1706742759
WALL 21153550 1 0 1706742760
WALL 21153550 1 0 1706742761
WALL 21153550 1 0 1706742762
WALL 21153550 1 0 1706742763
WALL 21153550 1 0 1706742764
WALL 21153550 1 0 1706742765
WALL 21153550 1 0 1706742766
WALL 21153550 1 0 1706742767
WALL 21153550 1 0 1706742768
WALL 21153550 1 0 1706742769
WALL 21153550 1 0 1706742770
WALL 21153550 1 0 1706742771
WALL 21153550 1 0 1706742772
WALL 21153550 1 0 1706742773
WALL 21153550 1 0 1706742774
WALL 21153550 1 0 1706742775
WALL 21153550 1 0 1706742776
WALL 21153550 1 0 1706742777
WALL 21153550 1 0 1706742778
WALL 21153550 1 0 1706742779
WALL 21153550 1 0 1706742780
WALL 21153550 1 0 1706742781
WALL 21153550 1 0 1706742782
WALL 21153550 1 0 1706742783
WALL 21153550 1 0 1706742784
WALL 21153550 1 0 1706742785
WALL 21153550 1 0 1706742786
WALL 21153550 1 0 1706742787
WALL 21153550 1 0 1706742788
WALL 21153550 1 0 1706742789
WALL 21153550 1 0 1706742790
WALL 21153550 1 0 1706742791
WALL 21153550 1 0 1706742792
WALL 21153550 1 0 1706742793
WALL 21153550 1 0 1706742794
WALL 21153550 1 0 1706742795
WALL 21153550 1 0 1706742796
WALL 21153550 1 0 1706742797
WALL 21153550 1 0 1706742798
WALL 21153550 1 0 1706742799
WALL 21153550 1 0 1706742800
WALL 21153550 1 0 1706742801
WALL 21153550 1 0 1706742802
WALL 21153550 1 0 1706742803
WALL 21153550 1 0 1706742804
WALL 21153550 1 0 1706742805
WALL 21153550 1 0 1706742806
WALL 21153550 1 0 1706742807
WALL 21153550 1 0 1706742808
WALL 21153550 1 0 1706742809
WALL 21153550 1 0 1706742810
WALL 21153550 1 0 1706742811
WALL 21153550 1 0 1706742812
WALL 21153550 1 0 1706742813
WALL 21153550 1 0 1706742814
WALL 21153550 1 0 1706742815
WALL 21153550 1 0 1706742816
WALL 21153550 1 0 1706742817
WALL 21153550 1 0 1706742818
WALL 21153550 1 0 1706742819
WALL 21153550 1 0 1706742820
WALL 21153550 1 0 1706742821
WALL 21153550 1 0 1706742822
WALL 21153550 1 0 1706742823
WALL 21153550 1 0 1706742824
WALL 21153550 1 0 1706742825
WALL 21153550 1 0 1706742826
WALL 21153550 1 0 1706742827
WALL 21153550 1 0 1706742828
WALL 21153550 1 0 1706742829
WALL 21153550 1 0 1706742830
WALL 21153550 1 0 1706742831
WALL 21153550 1 0 1706742832
WALL 21153550 1 0 1706742833
WALL 21153550 1 0 1706742834
WALL 21153550 1 0 1706742835
WALL 21153550 1 0 1706742836
WALL 21153550 1 0 1706742837
WALL 21153550 1 0 1706742838
WALL 21153550 1 0 1706742839
WALL 21153550 1 0 1706742840
WALL 21153550 1 0 1706742841
WALL 21153550 1 0 1706742842
WALL 21153550 1 0 1706742843
WALL 21153550 1 0 1706742844
WALL 21153550 1 0 1706742845
WALL 21153550 1 0 1706742846
WALL 21153550 1 0 1706742847
WALL 21153550 1 0 1706742848
WALL 21153550 1 0 1706742849
WALL 21153550 1 0 1706742850
WALL 21153550 1 0 1706742851
WALL 21153550 1 0 1706742852
WALL 21153550 1 0 1706742853
WALL 21153550 1 0 1706742854
WALL 21153550 1 0 1706742855
WALL 21153550 1 0 1706742856
WALL 21153550 1 0 1706742857
WALL 21153550 1 0 1706742858
WALL 21153550 1 0 1706742859
WALL 21153550 1 0 1706742860
WALL 21153550 1 0 1706742861
WALL 21153550 1 0 1706742862
WALL 21153550 1 0 1706742863
WALL 21153550 1 0 1706742864
WALL 21153550 1 0 1706742865
WALL 21153550 1 0 1706742866
WALL 21153550 1 0 1706742867
WALL 21153550 1 0 1706742868
WALL 21153550 1 0 1706742869
WALL 21153550 1 0 1706742870
WALL 21153550 1 0 1706742871
WALL 21153550 1 0 1706742872
WALL 21153550 1 0 1706742873
WALL 21153550 1 0 1706742874
WALL 21153550 1 0 1706742875
WALL 21153550 1 0 1706742876
WALL 21153550 1 0 1706742877
WALL 21153550 1 0 1706742878
WALL 21153550 1 0 1706742879
WALL 21153550 1 0 1706742880
WALL 21153550 1 0 1706742881
WALL 21153550 1 0 1706742882
WALL 21153550 1 0 1706742883
WALL 21153550 1 0 1706742884
WALL 21153550 1 0 1706742885
WALL 21153550 1 0 1706742886
WALL 21153550 1 0 1706742887
WALL 21153550 1 0 1706742888
WALL 21153550 1 0 1706742889
WALL 21153550 1 0 1706742890
WALL 21153550 1 0 1706742891
WALL 21153550 1 0 1706742892
WALL 21153550 1 0 1706742893
WALL 21153550 1 0 1706742894
WALL 21153550 1 0 1706742895
WALL 21153550 1 0 1706742896
WALL 21153550 1 0 1706742897
WALL 21153550 1 0 1706742898
WALL 21153550 1 0 1706742899
WALL 21153550 1 0 1706742900
WALL 21153550 1 0 1706742901
WALL 21153550 1 0 1706742902
WALL 21153550 1 0 1706742903
WALL 21153550 1 0 1706742904
WALL 21153550 1 0 1706742905
WALL 21153550 1 0 1706742906
WALL 21153550 1 0 1706742907
WALL 21153550 1 0 1706742908
WALL 21153550 1 0 1706742909
WALL 21153550 1 0 1706742910
WALL 21153550 1 0 1706742911
WALL 21153550 1 0 1706742912
WALL 21153550 1 0 1706742913
WALL 21153550 1 0 1706742914
WALL 21153550 1 0 1706742915
WALL 21153550 1 0 1706742916
WALL 21153550 1 0 1706742917
WALL 21153550 1 0 1706742918
WALL 21153550 1 0 1706742919
WALL 21153550 1 0 1706742920
WALL 21153550 1 0 1706742921
WALL 21153550 1 0 1706742922
WALL 21153550 1 0 1706742923
WALL 21153550 1 0 1706742924
WALL 21153550 1 0 1706742925
WALL 21153550 1 0 1706742926
WALL 21153550 1 0 1706742927
WALL 21153550 1 0 1706742928
WALL 21153550 1 0 1706742929
WALL 21153550 1 0 1706742930
WALL 21153550 1 0 1706742931
WALL 21153550 1 0 1706742932
WALL 21153550 1 0 1706742933
WALL 21153550 1 0 1706742934
WALL 21153550 1 0 1706742935
WALL 21153550 1 0 1706742936
WALL 21153550 1 0 1706742937
WALL 21153550 1 0 1706742938
WALL 21153550 1 0 1706742939
WALL 21153550 1 0 1706742940
WALL 21153550 1 0 1706742941
WALL 21153550 1 0 1706742942
WALL 21153550 1 0 1706742943
WALL 21153550 1 0 1706742944
WALL 21153550 1 0 1706742945
WALL 21153550 1 0 1706742946
WALL 21153550 1 0 1706742947
WALL 21153550 1 0 1706742948
WALL 21153550 1 0 1706742949
WALL 21153550 1 0 1706742950
WALL 21153550 1 0 1706742951
WALL 21153550 1 0 1706742952
WALL 21153550 1 0 1706742953
WALL 21153550 1 0 1706742954
WALL 21153550 1 0 1706742955
WALL 21153550 1 0 1706742956
WALL 21153550 1 0 1706742957
WALL 21153550 1 0 1706742958
WALL 21153550 1 0 1706742959
WALL 21153550 1 0 1706742960
WALL 21153550 1 0 1706742961
WALL 21153550 1 0 1706742962
WALL 21153550 1 0 1706742963
WALL 21153550 1 0 1706742964
WALL 21153550 1 0 1706742965
WALL 21153550 1 0 1706742966
WALL 21153550 1 0 1706742967
WALL 21153550 1 0 1706742968
WALL 21153550 1 0 1706742969
WALL 21153550 1 0 1706742970
WALL 21153550 1 0 1706742971
WALL 21153550 1 0 1706742972
WALL 21153550 1 0 1706742973
WALL 21153550 1 0 1706742974
WALL 21153550 1 0 1706742975
WALL 21153550 1 0 1706742976
WALL 21153550 1 0 1706742977
WALL 21153550 1 0 1706742978
WALL 21153550 1 0 1706742979
WALL 21153550 1 0 1706742980
WALL 21153550 1 0 1706742981
WALL 21153550 1 0 1706742982
WALL 21153550 1 0 1706742983
WALL 21153550 1 0 1706742984
WALL 21153550 1 0 1706742985
WALL 21153550 1 0 1706742986
WALL 21153550 1 0 1706742987
WALL 21153550 1 0 1706742988
WALL 21153550 1 0 1706742989
WALL 21153550 1 0 1706742990
WALL 21153550 1 0 1706742991
WALL 21153550 1 0 1706742992
WALL 21153550 1 0 1706742993
WALL 21153550 1 0 1706742994
WALL 21153550 1 0 1706742995
WALL 21153550 1 0 1706742996
WALL 21153550 1 0 1706742997
WALL 21153550 1 0 1706742998
WALL 21153550 1 0 1706742999
WALL 21153550 1 0 1706743000
WALL 21153550 1 0 1706743001
WALL 21153550 1 0 1706743002
WALL 21153550 1 0 1706743003
WALL 21153550 1 0 1706743004
WALL 21153550 1 0 1706743005
WALL 21153550 1 0 1706743006
WALL 21153550 1 0 1706743007
WALL 21153550 1 0 1706743008
WALL 21153550 1 0 1706743009
WALL 21153550 1 0 1706743010
WALL 21153550 1 0 1706743011
WALL 21153550 1 0 1706743012
WALL 21153550 1 0 1706743013
WALL 21153550 1 0 1706743014
WALL 21153550 1 0 1706743015
WALL 21153550 1 0 1706743016
WALL 21153550 1 0 1706743017
WALL 21153550 1 0 1706743018
WALL 21153550 1 0 1706743019
WALL 21153550 1 0 1706743020
WALL 21153550 1 0 1706743021
WALL 21153550 1 0 1706743022
WALL 21153550 1 0 1706743023
WALL 21153550 1 0 1706743024
WALL 21153550 1 0 1706743025
WALL 21153550 1 0 1706743026
WALL 21153550 1 0 1706743027
WALL 21153550 1 0 1706743028
WALL 21153550 1 0 1706743029
WALL 21153550 1 0 1706743030
WALL 21153550 1 0 1706743031
WALL 21153550 1 0 1706743032
WALL 21153550 1 0 1706743033
WALL 21153550 1 0 1706743034
WALL 21153550 1 0 1706743035
WALL 21153550 1 0 1706743036
WALL 21153550 1 0 1706743037
WALL 21153550 1 0 1706743038
WALL 21153550 1 0 1706743039
WALL 21153550 1 0 1706743040
WALL 21153550 1 0 1706743041
WALL 21153550 1 0 1706743042
WALL 21153550 1 0 1706743043
WALL 21153550 1 0 1706743044
WALL 21153550 1 0 1706743045
WALL 21153550 1 0 1706743046
WALL 21153550 1 0 1706743047
WALL 21153550 1 0 1706743048
WALL 21153550 1 0 1706743049
WALL 21153550 1 0 1706743050
WALL 21153550 1 0 1706743051
WALL 21153550 1 0 1706743052
WALL 21153550 1 0 1706743053
WALL 21153550 1 0 1706743054
WALL 21153550 1 0 1706743055
WALL 21153550 1 0 1706743056
WALL 21153550 1 0 1706743057
WALL 21153550 1 0 1706743058
WALL 21153550 1 0 1706743059
WALL 21153550 1 0 1706743060
WALL 21153550 1 0 1706743061
WALL 21153550 1 0 1706743062
WALL 21153550 1 0 1706743063
WALL 21153550 1 0 1706743064
WALL 21153550 1 0 1706743065
WALL 21153550 1 0 1706743066
WALL 21153550 1 0 1706743067
WALL 21153550 1 0 1706743068
WALL 21153550 1 0 1706743069
WALL 21153550 1 0 1706743070
WALL 21153550 1 0 1706743071
WALL 21153550 1 0 1706743072
WALL 21153550 1 0 1706743073
WALL 21153550 1 0 1706743074
WALL 21153550 1 0 1706743075
WALL 21153550 1 0 1706743076
WALL 21153550 1 0 1706743077
WALL 21153550 1 0 1706743078
WALL 21153550 1 0 1706743079
WALL 21153550 1 0 1706743080
WALL 21153550 1 0 1706743081
WALL 21153550 1 0 1706743082
WALL 21153550 1 0 1706743083
WALL 21153550 1 0 1706743084
WALL 21153550 1 0 1706743085
WALL 21153550 1 0 1706743086
WALL 21153550 1 0 1706743087
WALL 21153550 1 0 1706743088
WALL 21153550 1 0 1706743089
WALL 21153550 1 0 1706743090
WALL 21153550 1 0 1706743091
WALL 21153550 1 0 1706743092
WALL 21153550 1 0 1706743093
WALL 21153550 1 0 1706743094
WALL 21153550 1 0 1706743095
WALL 21153550 1 0 1706743096
WALL 21153550 1 0 1706743097
WALL 21153550 1 0 1706743098
WALL 21153550 1 0 1706743099
WALL 21153550 1 0 1706743100
WALL 21153550 1 0 1706743101
WALL 21153550 1 0 1706743102
WALL 21153550 1 0 1706743103
WALL 21153550 1 0 1706743104
WALL 21153550 1 0 1706743105
WALL 21153550 1 0 1706743106
WALL 21153550 1 0 1706743107
WALL 21153550 1 0 1706743108
WALL 21153550 1 0 1706743109
WALL 21153550 1 0 1706743110
WALL 21153550 1 0 1706743111
WALL 21153550 1 0 1706743112
WALL 21153550 1 0 1706743113
WALL 21153550 1 0 1706743114
WALL 21153550 1 0 1706743115
WALL 21153550 1 0 1706743116
WALL 21153550 1 0 1706743117
WALL 21153550 1 0 1706743118
WALL 21153550 1 0 1706743119
WALL 21153550 1 0 1706743120
WALL 21153550 1 0 1706743121
WALL 21153550 1 0 1706743122
WALL 21153550 1 0 1706743123
WALL 21153550 1 0 1706743124
WALL 21153550 1 0 1706743125
WALL 21153550 1 0 1706743126
WALL 21153550 1 0 1706743127
WALL 21153550 1 0 1706743128
WALL 21153550 1 0 1706743129
WALL 21153550 1 0 1706743130
WALL 21153550 1 0 1706743131
WALL 21153550 1 0 1706743132
WALL 21153550 1 0 1706743133
WALL 21153550 1 0 1706743134
WALL 21153550 1 0 1706743135
WALL 21153550 1 0 1706743136
WALL 21153550 1 0 1706743137
WALL 21153550 1 0 1706743138
WALL 21153550 1 0 1706743139
WALL 21153550 1 0 1706743140
WALL 21153550 1 0 1706743141
WALL 21153550 1 0 1706743142
WALL 21153550 1 0 1706743143
WALL 21153550 1 0 1706743144
WALL 21153550 1 0 1706743145
WALL 21153550 1 0 1706743146
WALL 21153550 1 0 1706743147
WALL 21153550 1 0 1706743148
WALL 21153550 1 0 1706743149
WALL 21153550 1 0 1706743150
WALL 21153550 1 0 1706743151
WALL 21153550 1 0 1706743152
WALL 21153550 1 0 1706743153
WALL 21153550 1 0 1706743154
WALL 21153550 1 0 1706743155
WALL 21153550 1 0 1706743156
WALL 21153550 1 0 1706743157
WALL 21153550 1 0 1706743158
WALL 21153550 1 0 1706743159
WALL 21153550 1 0 1706743160
WALL 21153550 1 0 1706743161
WALL 21153550 1 0 1706743162
WALL 21153550 1 0 1706743163
WALL 21153550 1 0 1706743164
WALL 21153550 1 0 1706743165
WALL 21153550 1 0 1706743166
WALL 21153550 1 0 1706743167
WALL 21153550 1 0 1706743168
WALL 21153550 1 0 1706743169
WALL 21153550 1 0 1706743170
WALL 21153550 1 0 1706743171
WALL 21153550 1 0 1706743172
WALL 21153550 1 0 1706743173
WALL 21153550 1 0 1706743174
WALL 21153550 1 0 1706743175
WALL 21153550 1 0 1706743176
WALL 21153550 1 0 1706743177
WALL 21153550 1 0 1706743178
WALL 21153550 1 0 1706743179
WALL 21153550 1 0 1706743180
WALL 21153550 1 0 1706743181
WALL 21153550 1 0 1706743182
WALL 21153550 1 0 1706743183
WALL 21153550 1 0 1706743184
WALL 21153550 1 0 1706743185
WALL 21153550 1 0 1706743186
WALL 21153550 1 0 1706743187
WALL 21153550 1 0 1706743188
WALL 21153550 1 0 1706743189
WALL 21153550 1 0 1706743190
WALL 21153550 1 0 1706743191
WALL 21153550 1 0 1706743192
WALL 21153550 1 0 1706743193
WALL 21153550 1 0 1706743194
WALL 21153550 1 0 1706743195
WALL 21153550 1 0 1706743196
WALL 21153550 1 0 1706743197
WALL 21153550 1 0 1706743198
WALL 21153550 1 0 1706743199
WALL 21153550 1 0 1706743200
WALL 21153550 1 0 1706743201
WALL 21153550 1 0 1706743202
WALL 21153550 1 0 1706743203
WALL 21153550 1 0 1706743204
WALL 21153550 1 0 1706743205
WALL 21153550 1 0 1706743206
WALL 21153550 1 0 1706743207
WALL 21153550 1 0 1706743208
WALL 21153550 1 0 1706743209
WALL 21153550 1 0 1706743210
WALL 21153550 1 0 1706743211
WALL 21153550 1 0 1706743212
WALL 21153550 1 0 1706743213
WALL 21153550 1 0 1706743214
WALL 21153550 1 0 1706743215
WALL 21153550 1 0 1706743216
WALL 21153550 1 0 1706743217
WALL 21153550 1 0 1706743218
WALL 21153550 1 0 1706743219
WALL 21153550 1 0 1706743220
WALL 21153550 1 0 1706743221
WALL 21153550 1 0 1706743222
WALL 21153550 1 0 1706743223
WALL 21153550 1 0 1706743224
WALL 21153550 1 0 1706743225
WALL 21153550 1 0 1706743226
WALL 21153550 1 0 1706743227
WALL 21153550 1 0 1706743228
WALL 21153550 1 0 1706743229
WALL 21153550 1 0 1706743230
WALL 21153550 1 0 1706743231
WALL 21153550 1 0 1706743232
WALL 21153550 1 0 1706743233
WALL 21153550 1 0 1706743234
WALL 21153550 1 0 1706743235
WALL 21153550 1 0 1706743236
WALL 21153550 1 0 1706743237
WALL 21153550 1 0 1706743238
WALL 21153550 1 0 1706743239
WALL 21153550 1 0 1706743240
WALL 21153550 1 0 1706743241
WALL 21153550 1 0 1706743242
WALL 21153550 1 0 1706743243
WALL 21153550 1 0 1706743244
WALL 21153550 1 0 1706743245
WALL 21153550 1 0 1706743246
WALL 21153550 1 0 1706743247
WALL 21153550 1 0 1706743248
WALL 21153550 1 0 1706743249
WALL 21153550 1 0 1706743250
WALL 21153550 1 0 1706743251
WALL 21153550 1 0 1706743252
WALL 21153550 1 0 1706743253
WALL 21153550 1 0 1706743254
WALL 21153550 1 0 1706743255
WALL 21153550 1 0 1706743256
WALL 21153550 1 0 1706743257
WALL 21153550 1 0 1706743258
WALL 21153550 1 0 1706743259
WALL 21153550 1 0 1706743260
WALL 21153550 1 0 1706743261
WALL 21153550 1 0 1706743262
WALL 21153550 1 0 1706743263
WALL 21153550 1 0 1706743264
WALL 21153550 1 0 1706743265
WALL 21153550 1 0 1706743266
WALL 21153550 1 0 1706743267
WALL 21153550 1 0 1706743268
WALL 21153550 1 0 1706743269
WALL 21153550 1 0 1706743270
WALL 21153550 1 0 1706743271
WALL 21153550 1 0 1706743272
received SIGCONT 1706743273
WALL 21153550 1 0 1706743273
slurmstepd: error: *** STEP 21153550.0 ON nid200181 CANCELLED AT 2024-01-31T23:21:13 ***
received SIGTERM 1706743273
WALL 21153550 1 0 1706743273
WALL 21153550 1 0 1706743274
WALL 21153550 1 0 1706743275
WALL 21153550 1 0 1706743276
WALL 21153550 1 0 1706743277
WALL 21153550 1 0 1706743278
WALL 21153550 1 0 1706743279
WALL 21153550 1 0 1706743280
WALL 21153550 1 0 1706743281
WALL 21153550 1 0 1706743282
WALL 21153550 1 0 1706743283
WALL 21153550 1 0 1706743284
WALL 21153550 1 0 1706743285
WALL 21153550 1 0 1706743286
WALL 21153550 1 0 1706743287
WALL 21153550 1 0 1706743288
WALL 21153550 1 0 1706743289
WALL 21153550 1 0 1706743290
WALL 21153550 1 0 1706743291
WALL 21153550 1 0 1706743292
WALL 21153550 1 0 1706743293
WALL 21153550 1 0 1706743294
WALL 21153550 1 0 1706743295
WALL 21153550 1 0 1706743296
WALL 21153550 1 0 1706743297
WALL 21153550 1 0 1706743298
WALL 21153550 1 0 1706743299
WALL 21153550 1 0 1706743300
WALL 21153550 1 0 1706743301
WALL 21153550 1 0 1706743302
WALL 21153550 1 0 1706743303
WALL 21153550 1 0 1706743304
WALL 21153550 1 0 1706743305
WALL 21153550 1 0 1706743306
WALL 21153550 1 0 1706743307
WALL 21153550 1 0 1706743308
WALL 21153550 1 0 1706743309
WALL 21153550 1 0 1706743310
WALL 21153550 1 0 1706743311
WALL 21153550 1 0 1706743312
WALL 21153550 1 0 1706743313
WALL 21153550 1 0 1706743314
WALL 21153550 1 0 1706743315
WALL 21153550 1 0 1706743316
WALL 21153550 1 0 1706743317
WALL 21153550 1 0 1706743318
WALL 21153550 1 0 1706743319
WALL 21153550 1 0 1706743320
WALL 21153550 1 0 1706743321
WALL 21153550 1 0 1706743322
WALL 21153550 1 0 1706743323
WALL 21153550 1 0 1706743324
WALL 21153550 1 0 1706743325
WALL 21153550 1 0 1706743326
WALL 21153550 1 0 1706743327
WALL 21153550 1 0 1706743328
WALL 21153550 1 0 1706743329
WALL 21153550 1 0 1706743330
WALL 21153550 1 0 1706743331
WALL 21153550 1 0 1706743332
WALL 21153550 1 0 1706743333
WALL 21153550 1 0 1706743334
WALL 21153550 1 0 1706743335
WALL 21153550 1 0 1706743336
WALL 21153550 1 0 1706743337
WALL 21153550 1 0 1706743338
WALL 21153550 1 0 1706743339
WALL 21153550 1 0 1706743340
WALL 21153550 1 0 1706743341
WALL 21153550 1 0 1706743342
WALL 21153550 1 0 1706743343
WALL 21153550 1 0 1706743344
WALL 21153550 1 0 1706743345
WALL 21153550 1 0 1706743346
WALL 21153550 1 0 1706743347
WALL 21153550 1 0 1706743348
WALL 21153550 1 0 1706743349
WALL 21153550 1 0 1706743350
WALL 21153550 1 0 1706743351
WALL 21153550 1 0 1706743352
WALL 21153550 1 0 1706743353
WALL 21153550 1 0 1706743354
WALL 21153550 1 0 1706743355
WALL 21153550 1 0 1706743356
WALL 21153550 1 0 1706743357
WALL 21153550 1 0 1706743358
WALL 21153550 1 0 1706743359
slurmstepd: error: *** JOB 21153550 ON nid200181 CANCELLED AT 2024-01-31T23:22:39 DUE TO PREEMPTION ***
received SIGTERM 1706743359
WALL 21153550 1 0 1706743359
received SIGCONT 1706743359
WALL 21153550 1 0 1706743359
received SIGTERM 1706743359
WALL 21153550 1 0 1706743359
