srun: warning: can't run 1 processes on 16 nodes, setting nnodes to 1
WALL 21201447 1 0 1706817151
WALL 21201447 1 0 1706817152
WALL 21201447 1 0 1706817153
WALL 21201447 1 0 1706817154
WALL 21201447 1 0 1706817155
WALL 21201447 1 0 1706817156
WALL 21201447 1 0 1706817157
WALL 21201447 1 0 1706817158
WALL 21201447 1 0 1706817159
WALL 21201447 1 0 1706817160
WALL 21201447 1 0 1706817161
WALL 21201447 1 0 1706817162
WALL 21201447 1 0 1706817163
WALL 21201447 1 0 1706817164
WALL 21201447 1 0 1706817165
WALL 21201447 1 0 1706817166
WALL 21201447 1 0 1706817167
WALL 21201447 1 0 1706817168
WALL 21201447 1 0 1706817169
WALL 21201447 1 0 1706817170
WALL 21201447 1 0 1706817171
WALL 21201447 1 0 1706817172
WALL 21201447 1 0 1706817173
WALL 21201447 1 0 1706817174
WALL 21201447 1 0 1706817175
WALL 21201447 1 0 1706817176
WALL 21201447 1 0 1706817177
WALL 21201447 1 0 1706817178
WALL 21201447 1 0 1706817179
WALL 21201447 1 0 1706817180
WALL 21201447 1 0 1706817181
WALL 21201447 1 0 1706817182
WALL 21201447 1 0 1706817183
WALL 21201447 1 0 1706817184
WALL 21201447 1 0 1706817185
WALL 21201447 1 0 1706817186
WALL 21201447 1 0 1706817187
WALL 21201447 1 0 1706817188
WALL 21201447 1 0 1706817189
WALL 21201447 1 0 1706817190
WALL 21201447 1 0 1706817191
WALL 21201447 1 0 1706817192
WALL 21201447 1 0 1706817193
WALL 21201447 1 0 1706817194
WALL 21201447 1 0 1706817195
WALL 21201447 1 0 1706817196
WALL 21201447 1 0 1706817197
WALL 21201447 1 0 1706817198
WALL 21201447 1 0 1706817199
WALL 21201447 1 0 1706817200
WALL 21201447 1 0 1706817201
WALL 21201447 1 0 1706817202
WALL 21201447 1 0 1706817203
WALL 21201447 1 0 1706817204
slurmstepd: error: *** STEP 21201447.0 ON nid200011 CANCELLED AT 2024-02-01T19:53:24 ***
received SIGCONT 1706817204
received SIGTERM 1706817204
WALL 21201447 1 0 1706817204
WALL 21201447 1 0 1706817205
WALL 21201447 1 0 1706817206
WALL 21201447 1 0 1706817207
WALL 21201447 1 0 1706817208
WALL 21201447 1 0 1706817209
WALL 21201447 1 0 1706817210
WALL 21201447 1 0 1706817211
WALL 21201447 1 0 1706817212
WALL 21201447 1 0 1706817213
WALL 21201447 1 0 1706817214
WALL 21201447 1 0 1706817215
WALL 21201447 1 0 1706817216
WALL 21201447 1 0 1706817217
WALL 21201447 1 0 1706817218
WALL 21201447 1 0 1706817219
WALL 21201447 1 0 1706817220
WALL 21201447 1 0 1706817221
WALL 21201447 1 0 1706817222
WALL 21201447 1 0 1706817223
WALL 21201447 1 0 1706817224
WALL 21201447 1 0 1706817225
WALL 21201447 1 0 1706817226
WALL 21201447 1 0 1706817227
WALL 21201447 1 0 1706817228
WALL 21201447 1 0 1706817229
WALL 21201447 1 0 1706817230
WALL 21201447 1 0 1706817231
WALL 21201447 1 0 1706817232
WALL 21201447 1 0 1706817233
WALL 21201447 1 0 1706817234
WALL 21201447 1 0 1706817235
WALL 21201447 1 0 1706817236
WALL 21201447 1 0 1706817237
WALL 21201447 1 0 1706817238
WALL 21201447 1 0 1706817239
WALL 21201447 1 0 1706817240
WALL 21201447 1 0 1706817241
WALL 21201447 1 0 1706817242
WALL 21201447 1 0 1706817243
WALL 21201447 1 0 1706817244
WALL 21201447 1 0 1706817245
WALL 21201447 1 0 1706817246
WALL 21201447 1 0 1706817247
WALL 21201447 1 0 1706817248
WALL 21201447 1 0 1706817249
WALL 21201447 1 0 1706817250
WALL 21201447 1 0 1706817251
WALL 21201447 1 0 1706817252
WALL 21201447 1 0 1706817253
WALL 21201447 1 0 1706817254
WALL 21201447 1 0 1706817255
WALL 21201447 1 0 1706817256
WALL 21201447 1 0 1706817257
WALL 21201447 1 0 1706817258
WALL 21201447 1 0 1706817259
WALL 21201447 1 0 1706817260
WALL 21201447 1 0 1706817261
WALL 21201447 1 0 1706817262
WALL 21201447 1 0 1706817263
WALL 21201447 1 0 1706817264
WALL 21201447 1 0 1706817265
WALL 21201447 1 0 1706817266
WALL 21201447 1 0 1706817267
WALL 21201447 1 0 1706817268
slurmstepd: error: *** JOB 21201447 ON nid200011 CANCELLED AT 2024-02-01T19:54:28 DUE TO PREEMPTION ***
received SIGTERM 1706817268
WALL 21201447 1 0 1706817268
received SIGCONT 1706817268
WALL 21201447 1 0 1706817268
received SIGTERM 1706817268
WALL 21201447 1 0 1706817268
srun: Job step aborted: Waiting up to 32 seconds for job step to finish.
