WALL 21205008 1 0 1706819593
WALL 21205008 1 0 1706819594
WALL 21205008 1 0 1706819595
WALL 21205008 1 0 1706819596
WALL 21205008 1 0 1706819597
WALL 21205008 1 0 1706819598
WALL 21205008 1 0 1706819599
WALL 21205008 1 0 1706819600
WALL 21205008 1 0 1706819601
WALL 21205008 1 0 1706819602
WALL 21205008 1 0 1706819603
WALL 21205008 1 0 1706819604
WALL 21205008 1 0 1706819605
WALL 21205008 1 0 1706819606
WALL 21205008 1 0 1706819607
WALL 21205008 1 0 1706819608
WALL 21205008 1 0 1706819609
WALL 21205008 1 0 1706819610
WALL 21205008 1 0 1706819611
WALL 21205008 1 0 1706819612
WALL 21205008 1 0 1706819613
WALL 21205008 1 0 1706819614
WALL 21205008 1 0 1706819615
WALL 21205008 1 0 1706819616
WALL 21205008 1 0 1706819617
WALL 21205008 1 0 1706819618
WALL 21205008 1 0 1706819619
WALL 21205008 1 0 1706819620
WALL 21205008 1 0 1706819621
WALL 21205008 1 0 1706819622
WALL 21205008 1 0 1706819623
WALL 21205008 1 0 1706819624
WALL 21205008 1 0 1706819625
WALL 21205008 1 0 1706819626
WALL 21205008 1 0 1706819627
WALL 21205008 1 0 1706819628
WALL 21205008 1 0 1706819629
WALL 21205008 1 0 1706819630
WALL 21205008 1 0 1706819631
WALL 21205008 1 0 1706819632
WALL 21205008 1 0 1706819633
WALL 21205008 1 0 1706819634
WALL 21205008 1 0 1706819635
WALL 21205008 1 0 1706819636
WALL 21205008 1 0 1706819637
WALL 21205008 1 0 1706819638
WALL 21205008 1 0 1706819639
WALL 21205008 1 0 1706819640
WALL 21205008 1 0 1706819641
WALL 21205008 1 0 1706819642
WALL 21205008 1 0 1706819643
WALL 21205008 1 0 1706819644
WALL 21205008 1 0 1706819645
WALL 21205008 1 0 1706819646
WALL 21205008 1 0 1706819647
WALL 21205008 1 0 1706819648
WALL 21205008 1 0 1706819649
WALL 21205008 1 0 1706819650
WALL 21205008 1 0 1706819651
WALL 21205008 1 0 1706819652
WALL 21205008 1 0 1706819653
WALL 21205008 1 0 1706819654
WALL 21205008 1 0 1706819655
WALL 21205008 1 0 1706819656
WALL 21205008 1 0 1706819657
WALL 21205008 1 0 1706819658
WALL 21205008 1 0 1706819659
WALL 21205008 1 0 1706819660
WALL 21205008 1 0 1706819661
WALL 21205008 1 0 1706819662
WALL 21205008 1 0 1706819663
WALL 21205008 1 0 1706819664
WALL 21205008 1 0 1706819665
WALL 21205008 1 0 1706819666
WALL 21205008 1 0 1706819667
WALL 21205008 1 0 1706819668
WALL 21205008 1 0 1706819669
WALL 21205008 1 0 1706819670
WALL 21205008 1 0 1706819671
WALL 21205008 1 0 1706819672
WALL 21205008 1 0 1706819673
WALL 21205008 1 0 1706819674
received SIGCONT 1706819675
WALL 21205008 1 0 1706819675
slurmstepd: error: *** STEP 21205008.0 ON nid200007 CANCELLED AT 2024-02-01T20:34:35 ***
received SIGTERM 1706819675
WALL 21205008 1 0 1706819675
WALL 21205008 1 0 1706819676
WALL 21205008 1 0 1706819677
WALL 21205008 1 0 1706819678
WALL 21205008 1 0 1706819679
WALL 21205008 1 0 1706819680
WALL 21205008 1 0 1706819681
WALL 21205008 1 0 1706819682
WALL 21205008 1 0 1706819683
WALL 21205008 1 0 1706819684
WALL 21205008 1 0 1706819685
WALL 21205008 1 0 1706819686
WALL 21205008 1 0 1706819687
WALL 21205008 1 0 1706819688
WALL 21205008 1 0 1706819689
WALL 21205008 1 0 1706819690
WALL 21205008 1 0 1706819691
WALL 21205008 1 0 1706819692
WALL 21205008 1 0 1706819693
WALL 21205008 1 0 1706819694
WALL 21205008 1 0 1706819695
WALL 21205008 1 0 1706819696
WALL 21205008 1 0 1706819697
WALL 21205008 1 0 1706819698
WALL 21205008 1 0 1706819699
WALL 21205008 1 0 1706819700
WALL 21205008 1 0 1706819701
WALL 21205008 1 0 1706819702
WALL 21205008 1 0 1706819703
WALL 21205008 1 0 1706819704
WALL 21205008 1 0 1706819705
WALL 21205008 1 0 1706819706
WALL 21205008 1 0 1706819707
WALL 21205008 1 0 1706819708
WALL 21205008 1 0 1706819709
WALL 21205008 1 0 1706819710
WALL 21205008 1 0 1706819711
WALL 21205008 1 0 1706819712
WALL 21205008 1 0 1706819713
WALL 21205008 1 0 1706819714
WALL 21205008 1 0 1706819715
WALL 21205008 1 0 1706819716
WALL 21205008 1 0 1706819717
WALL 21205008 1 0 1706819718
WALL 21205008 1 0 1706819719
WALL 21205008 1 0 1706819720
WALL 21205008 1 0 1706819721
WALL 21205008 1 0 1706819722
WALL 21205008 1 0 1706819723
WALL 21205008 1 0 1706819724
WALL 21205008 1 0 1706819725
WALL 21205008 1 0 1706819726
WALL 21205008 1 0 1706819727
WALL 21205008 1 0 1706819728
WALL 21205008 1 0 1706819729
WALL 21205008 1 0 1706819730
WALL 21205008 1 0 1706819731
WALL 21205008 1 0 1706819732
WALL 21205008 1 0 1706819733
WALL 21205008 1 0 1706819734
WALL 21205008 1 0 1706819735
WALL 21205008 1 0 1706819736
WALL 21205008 1 0 1706819737
WALL 21205008 1 0 1706819738
WALL 21205008 1 0 1706819739
WALL 21205008 1 0 1706819740
WALL 21205008 1 0 1706819741
WALL 21205008 1 0 1706819742
WALL 21205008 1 0 1706819743
WALL 21205008 1 0 1706819744
WALL 21205008 1 0 1706819745
WALL 21205008 1 0 1706819746
WALL 21205008 1 0 1706819747
WALL 21205008 1 0 1706819748
WALL 21205008 1 0 1706819749
WALL 21205008 1 0 1706819750
slurmstepd: error: *** JOB 21205008 ON nid200007 CANCELLED AT 2024-02-01T20:35:50 DUE TO PREEMPTION ***
received SIGTERM 1706819750
WALL 21205008 1 0 1706819750
received SIGCONT 1706819750
WALL 21205008 1 0 1706819750
received SIGTERM 1706819750
WALL 21205008 1 0 1706819750
