WALL 21200931 1 0 1706816859
WALL 21200931 1 0 1706816860
WALL 21200931 1 0 1706816861
slurmstepd: error: *** STEP 21200931.0 ON nid200018 CANCELLED AT 2024-02-01T19:47:42 ***
received SIGTERM 1706816862
WALL 21200931 1 0 1706816862
received SIGCONT 1706816862
WALL 21200931 1 0 1706816862
WALL 21200931 1 0 1706816863
WALL 21200931 1 0 1706816864
WALL 21200931 1 0 1706816865
WALL 21200931 1 0 1706816866
WALL 21200931 1 0 1706816867
WALL 21200931 1 0 1706816868
WALL 21200931 1 0 1706816869
WALL 21200931 1 0 1706816870
WALL 21200931 1 0 1706816871
WALL 21200931 1 0 1706816872
WALL 21200931 1 0 1706816873
WALL 21200931 1 0 1706816874
WALL 21200931 1 0 1706816875
WALL 21200931 1 0 1706816876
WALL 21200931 1 0 1706816877
WALL 21200931 1 0 1706816878
WALL 21200931 1 0 1706816879
WALL 21200931 1 0 1706816880
WALL 21200931 1 0 1706816881
WALL 21200931 1 0 1706816882
WALL 21200931 1 0 1706816883
WALL 21200931 1 0 1706816884
WALL 21200931 1 0 1706816885
WALL 21200931 1 0 1706816886
WALL 21200931 1 0 1706816887
WALL 21200931 1 0 1706816888
WALL 21200931 1 0 1706816889
WALL 21200931 1 0 1706816890
WALL 21200931 1 0 1706816891
WALL 21200931 1 0 1706816892
WALL 21200931 1 0 1706816893
WALL 21200931 1 0 1706816894
WALL 21200931 1 0 1706816895
WALL 21200931 1 0 1706816896
WALL 21200931 1 0 1706816897
WALL 21200931 1 0 1706816898
WALL 21200931 1 0 1706816899
WALL 21200931 1 0 1706816900
WALL 21200931 1 0 1706816901
WALL 21200931 1 0 1706816902
WALL 21200931 1 0 1706816903
WALL 21200931 1 0 1706816904
WALL 21200931 1 0 1706816905
WALL 21200931 1 0 1706816906
WALL 21200931 1 0 1706816907
WALL 21200931 1 0 1706816908
WALL 21200931 1 0 1706816909
WALL 21200931 1 0 1706816910
WALL 21200931 1 0 1706816911
WALL 21200931 1 0 1706816912
WALL 21200931 1 0 1706816913
WALL 21200931 1 0 1706816914
WALL 21200931 1 0 1706816915
WALL 21200931 1 0 1706816916
WALL 21200931 1 0 1706816917
WALL 21200931 1 0 1706816918
WALL 21200931 1 0 1706816919
WALL 21200931 1 0 1706816920
WALL 21200931 1 0 1706816921
WALL 21200931 1 0 1706816922
WALL 21200931 1 0 1706816923
WALL 21200931 1 0 1706816924
WALL 21200931 1 0 1706816925
slurmstepd: error: *** JOB 21200931 ON nid200018 CANCELLED AT 2024-02-01T19:48:45 DUE TO PREEMPTION ***
received SIGTERM 1706816925
WALL 21200931 1 0 1706816925
received SIGCONT 1706816925
WALL 21200931 1 0 1706816925
received SIGTERM 1706816925
WALL 21200931 1 0 1706816925
