WALL 21206446 1 0 1706820277
WALL 21206446 1 0 1706820278
WALL 21206446 1 0 1706820279
WALL 21206446 1 0 1706820280
WALL 21206446 1 0 1706820281
WALL 21206446 1 0 1706820282
WALL 21206446 1 0 1706820283
WALL 21206446 1 0 1706820284
WALL 21206446 1 0 1706820285
WALL 21206446 1 0 1706820286
WALL 21206446 1 0 1706820287
WALL 21206446 1 0 1706820288
WALL 21206446 1 0 1706820289
WALL 21206446 1 0 1706820290
WALL 21206446 1 0 1706820291
WALL 21206446 1 0 1706820292
WALL 21206446 1 0 1706820293
WALL 21206446 1 0 1706820294
WALL 21206446 1 0 1706820295
WALL 21206446 1 0 1706820296
WALL 21206446 1 0 1706820297
WALL 21206446 1 0 1706820298
WALL 21206446 1 0 1706820299
WALL 21206446 1 0 1706820300
WALL 21206446 1 0 1706820301
WALL 21206446 1 0 1706820302
WALL 21206446 1 0 1706820303
WALL 21206446 1 0 1706820304
WALL 21206446 1 0 1706820305
WALL 21206446 1 0 1706820306
WALL 21206446 1 0 1706820307
WALL 21206446 1 0 1706820308
WALL 21206446 1 0 1706820309
slurmstepd: error: *** STEP 21206446.0 ON nid200051 CANCELLED AT 2024-02-01T20:45:10 ***
received SIGTERM 1706820310
WALL 21206446 1 0 1706820310
received SIGCONT 1706820310
WALL 21206446 1 0 1706820310
WALL 21206446 1 0 1706820311
WALL 21206446 1 0 1706820312
WALL 21206446 1 0 1706820313
WALL 21206446 1 0 1706820314
WALL 21206446 1 0 1706820315
WALL 21206446 1 0 1706820316
WALL 21206446 1 0 1706820317
WALL 21206446 1 0 1706820318
WALL 21206446 1 0 1706820319
WALL 21206446 1 0 1706820320
WALL 21206446 1 0 1706820321
WALL 21206446 1 0 1706820322
WALL 21206446 1 0 1706820323
WALL 21206446 1 0 1706820324
WALL 21206446 1 0 1706820325
WALL 21206446 1 0 1706820326
WALL 21206446 1 0 1706820327
WALL 21206446 1 0 1706820328
WALL 21206446 1 0 1706820329
WALL 21206446 1 0 1706820330
WALL 21206446 1 0 1706820331
WALL 21206446 1 0 1706820332
WALL 21206446 1 0 1706820333
WALL 21206446 1 0 1706820334
WALL 21206446 1 0 1706820335
WALL 21206446 1 0 1706820336
WALL 21206446 1 0 1706820337
WALL 21206446 1 0 1706820338
WALL 21206446 1 0 1706820339
WALL 21206446 1 0 1706820340
WALL 21206446 1 0 1706820341
WALL 21206446 1 0 1706820342
WALL 21206446 1 0 1706820343
WALL 21206446 1 0 1706820344
WALL 21206446 1 0 1706820345
WALL 21206446 1 0 1706820346
WALL 21206446 1 0 1706820347
WALL 21206446 1 0 1706820348
WALL 21206446 1 0 1706820349
WALL 21206446 1 0 1706820350
WALL 21206446 1 0 1706820351
WALL 21206446 1 0 1706820352
WALL 21206446 1 0 1706820353
WALL 21206446 1 0 1706820354
WALL 21206446 1 0 1706820355
WALL 21206446 1 0 1706820356
WALL 21206446 1 0 1706820357
WALL 21206446 1 0 1706820358
WALL 21206446 1 0 1706820359
WALL 21206446 1 0 1706820360
WALL 21206446 1 0 1706820361
WALL 21206446 1 0 1706820362
WALL 21206446 1 0 1706820363
WALL 21206446 1 0 1706820364
WALL 21206446 1 0 1706820365
WALL 21206446 1 0 1706820366
WALL 21206446 1 0 1706820367
WALL 21206446 1 0 1706820368
WALL 21206446 1 0 1706820369
WALL 21206446 1 0 1706820370
WALL 21206446 1 0 1706820371
WALL 21206446 1 0 1706820372
WALL 21206446 1 0 1706820373
WALL 21206446 1 0 1706820374
slurmstepd: error: *** JOB 21206446 ON nid200051 CANCELLED AT 2024-02-01T20:46:14 DUE TO PREEMPTION ***
received SIGTERM 1706820374
WALL 21206446 1 0 1706820374
received SIGCONT 1706820374
WALL 21206446 1 0 1706820374
received SIGTERM 1706820374
WALL 21206446 1 0 1706820374
