WALL 21209564 1 0 1706824861
WALL 21209564 1 0 1706824862
WALL 21209564 1 0 1706824863
WALL 21209564 1 0 1706824864
WALL 21209564 1 0 1706824865
WALL 21209564 1 0 1706824866
WALL 21209564 1 0 1706824867
WALL 21209564 1 0 1706824868
WALL 21209564 1 0 1706824869
WALL 21209564 1 0 1706824870
WALL 21209564 1 0 1706824871
WALL 21209564 1 0 1706824872
WALL 21209564 1 0 1706824873
WALL 21209564 1 0 1706824874
WALL 21209564 1 0 1706824875
WALL 21209564 1 0 1706824876
WALL 21209564 1 0 1706824877
WALL 21209564 1 0 1706824878
WALL 21209564 1 0 1706824879
WALL 21209564 1 0 1706824880
WALL 21209564 1 0 1706824881
WALL 21209564 1 0 1706824882
WALL 21209564 1 0 1706824883
WALL 21209564 1 0 1706824884
WALL 21209564 1 0 1706824885
WALL 21209564 1 0 1706824886
WALL 21209564 1 0 1706824887
WALL 21209564 1 0 1706824888
WALL 21209564 1 0 1706824889
WALL 21209564 1 0 1706824890
WALL 21209564 1 0 1706824891
WALL 21209564 1 0 1706824892
WALL 21209564 1 0 1706824893
WALL 21209564 1 0 1706824894
WALL 21209564 1 0 1706824895
WALL 21209564 1 0 1706824896
WALL 21209564 1 0 1706824897
WALL 21209564 1 0 1706824898
WALL 21209564 1 0 1706824899
WALL 21209564 1 0 1706824900
WALL 21209564 1 0 1706824901
WALL 21209564 1 0 1706824902
WALL 21209564 1 0 1706824903
WALL 21209564 1 0 1706824904
WALL 21209564 1 0 1706824905
WALL 21209564 1 0 1706824906
WALL 21209564 1 0 1706824907
WALL 21209564 1 0 1706824908
WALL 21209564 1 0 1706824909
WALL 21209564 1 0 1706824910
WALL 21209564 1 0 1706824911
WALL 21209564 1 0 1706824912
WALL 21209564 1 0 1706824913
WALL 21209564 1 0 1706824914
WALL 21209564 1 0 1706824915
slurmstepd: error: *** STEP 21209564.0 ON nid200033 CANCELLED AT 2024-02-01T22:01:56 ***
received SIGCONT 1706824916
WALL 21209564 1 0 1706824916
received SIGTERM 1706824916
WALL 21209564 1 0 1706824916
WALL 21209564 1 0 1706824917
WALL 21209564 1 0 1706824918
WALL 21209564 1 0 1706824919
WALL 21209564 1 0 1706824920
WALL 21209564 1 0 1706824921
WALL 21209564 1 0 1706824922
WALL 21209564 1 0 1706824923
WALL 21209564 1 0 1706824924
WALL 21209564 1 0 1706824925
WALL 21209564 1 0 1706824926
WALL 21209564 1 0 1706824927
WALL 21209564 1 0 1706824928
WALL 21209564 1 0 1706824929
WALL 21209564 1 0 1706824930
WALL 21209564 1 0 1706824931
WALL 21209564 1 0 1706824932
WALL 21209564 1 0 1706824933
WALL 21209564 1 0 1706824934
WALL 21209564 1 0 1706824935
WALL 21209564 1 0 1706824936
WALL 21209564 1 0 1706824937
WALL 21209564 1 0 1706824938
WALL 21209564 1 0 1706824939
WALL 21209564 1 0 1706824940
WALL 21209564 1 0 1706824941
WALL 21209564 1 0 1706824942
WALL 21209564 1 0 1706824943
WALL 21209564 1 0 1706824944
WALL 21209564 1 0 1706824945
WALL 21209564 1 0 1706824946
WALL 21209564 1 0 1706824947
WALL 21209564 1 0 1706824948
WALL 21209564 1 0 1706824949
WALL 21209564 1 0 1706824950
WALL 21209564 1 0 1706824951
WALL 21209564 1 0 1706824952
WALL 21209564 1 0 1706824953
WALL 21209564 1 0 1706824954
WALL 21209564 1 0 1706824955
WALL 21209564 1 0 1706824956
WALL 21209564 1 0 1706824957
WALL 21209564 1 0 1706824958
WALL 21209564 1 0 1706824959
WALL 21209564 1 0 1706824960
WALL 21209564 1 0 1706824961
WALL 21209564 1 0 1706824962
WALL 21209564 1 0 1706824963
WALL 21209564 1 0 1706824964
WALL 21209564 1 0 1706824965
WALL 21209564 1 0 1706824966
WALL 21209564 1 0 1706824967
WALL 21209564 1 0 1706824968
WALL 21209564 1 0 1706824969
WALL 21209564 1 0 1706824970
WALL 21209564 1 0 1706824971
WALL 21209564 1 0 1706824972
WALL 21209564 1 0 1706824973
WALL 21209564 1 0 1706824974
WALL 21209564 1 0 1706824975
WALL 21209564 1 0 1706824976
WALL 21209564 1 0 1706824977
WALL 21209564 1 0 1706824978
WALL 21209564 1 0 1706824979
WALL 21209564 1 0 1706824980
WALL 21209564 1 0 1706824981
WALL 21209564 1 0 1706824982
WALL 21209564 1 0 1706824983
WALL 21209564 1 0 1706824984
WALL 21209564 1 0 1706824985
WALL 21209564 1 0 1706824986
WALL 21209564 1 0 1706824987
slurmstepd: error: *** JOB 21209564 ON nid200033 CANCELLED AT 2024-02-01T22:03:07 DUE TO PREEMPTION ***
received SIGTERM 1706824987
WALL 21209564 1 0 1706824987
received SIGCONT 1706824987
WALL 21209564 1 0 1706824987
received SIGTERM 1706824987
WALL 21209564 1 0 1706824987
