WALL 21149479 1 0 1706737203
WALL 21149479 1 0 1706737204
WALL 21149479 1 0 1706737205
WALL 21149479 1 0 1706737206
WALL 21149479 1 0 1706737207
WALL 21149479 1 0 1706737208
WALL 21149479 1 0 1706737209
WALL 21149479 1 0 1706737210
WALL 21149479 1 0 1706737211
WALL 21149479 1 0 1706737212
WALL 21149479 1 0 1706737213
WALL 21149479 1 0 1706737214
WALL 21149479 1 0 1706737215
WALL 21149479 1 0 1706737216
WALL 21149479 1 0 1706737217
WALL 21149479 1 0 1706737218
WALL 21149479 1 0 1706737219
WALL 21149479 1 0 1706737220
WALL 21149479 1 0 1706737221
WALL 21149479 1 0 1706737222
WALL 21149479 1 0 1706737223
WALL 21149479 1 0 1706737224
WALL 21149479 1 0 1706737225
WALL 21149479 1 0 1706737226
WALL 21149479 1 0 1706737227
WALL 21149479 1 0 1706737228
WALL 21149479 1 0 1706737229
WALL 21149479 1 0 1706737230
WALL 21149479 1 0 1706737231
WALL 21149479 1 0 1706737232
WALL 21149479 1 0 1706737233
WALL 21149479 1 0 1706737234
WALL 21149479 1 0 1706737235
WALL 21149479 1 0 1706737236
WALL 21149479 1 0 1706737237
WALL 21149479 1 0 1706737238
WALL 21149479 1 0 1706737239
WALL 21149479 1 0 1706737240
WALL 21149479 1 0 1706737241
WALL 21149479 1 0 1706737242
WALL 21149479 1 0 1706737243
WALL 21149479 1 0 1706737244
WALL 21149479 1 0 1706737245
WALL 21149479 1 0 1706737246
WALL 21149479 1 0 1706737247
WALL 21149479 1 0 1706737248
WALL 21149479 1 0 1706737249
WALL 21149479 1 0 1706737250
WALL 21149479 1 0 1706737251
WALL 21149479 1 0 1706737252
WALL 21149479 1 0 1706737253
WALL 21149479 1 0 1706737254
WALL 21149479 1 0 1706737255
WALL 21149479 1 0 1706737256
WALL 21149479 1 0 1706737257
WALL 21149479 1 0 1706737258
WALL 21149479 1 0 1706737259
WALL 21149479 1 0 1706737260
WALL 21149479 1 0 1706737261
WALL 21149479 1 0 1706737262
WALL 21149479 1 0 1706737263
WALL 21149479 1 0 1706737264
WALL 21149479 1 0 1706737265
WALL 21149479 1 0 1706737266
WALL 21149479 1 0 1706737267
WALL 21149479 1 0 1706737268
WALL 21149479 1 0 1706737269
WALL 21149479 1 0 1706737270
WALL 21149479 1 0 1706737271
WALL 21149479 1 0 1706737272
WALL 21149479 1 0 1706737273
WALL 21149479 1 0 1706737274
WALL 21149479 1 0 1706737275
WALL 21149479 1 0 1706737276
WALL 21149479 1 0 1706737277
WALL 21149479 1 0 1706737278
WALL 21149479 1 0 1706737279
WALL 21149479 1 0 1706737280
WALL 21149479 1 0 1706737281
WALL 21149479 1 0 1706737282
WALL 21149479 1 0 1706737283
WALL 21149479 1 0 1706737284
WALL 21149479 1 0 1706737285
WALL 21149479 1 0 1706737286
WALL 21149479 1 0 1706737287
WALL 21149479 1 0 1706737288
WALL 21149479 1 0 1706737289
WALL 21149479 1 0 1706737290
WALL 21149479 1 0 1706737291
WALL 21149479 1 0 1706737292
WALL 21149479 1 0 1706737293
WALL 21149479 1 0 1706737294
WALL 21149479 1 0 1706737295
WALL 21149479 1 0 1706737296
WALL 21149479 1 0 1706737297
WALL 21149479 1 0 1706737298
WALL 21149479 1 0 1706737299
WALL 21149479 1 0 1706737300
WALL 21149479 1 0 1706737301
WALL 21149479 1 0 1706737302
WALL 21149479 1 0 1706737303
WALL 21149479 1 0 1706737304
WALL 21149479 1 0 1706737305
WALL 21149479 1 0 1706737306
WALL 21149479 1 0 1706737307
WALL 21149479 1 0 1706737308
WALL 21149479 1 0 1706737309
WALL 21149479 1 0 1706737310
WALL 21149479 1 0 1706737311
WALL 21149479 1 0 1706737312
WALL 21149479 1 0 1706737313
WALL 21149479 1 0 1706737314
WALL 21149479 1 0 1706737315
WALL 21149479 1 0 1706737316
WALL 21149479 1 0 1706737317
WALL 21149479 1 0 1706737318
WALL 21149479 1 0 1706737319
WALL 21149479 1 0 1706737320
WALL 21149479 1 0 1706737321
WALL 21149479 1 0 1706737322
WALL 21149479 1 0 1706737323
WALL 21149479 1 0 1706737324
WALL 21149479 1 0 1706737325
WALL 21149479 1 0 1706737326
WALL 21149479 1 0 1706737327
WALL 21149479 1 0 1706737328
WALL 21149479 1 0 1706737329
WALL 21149479 1 0 1706737330
WALL 21149479 1 0 1706737331
WALL 21149479 1 0 1706737332
WALL 21149479 1 0 1706737333
WALL 21149479 1 0 1706737334
WALL 21149479 1 0 1706737335
WALL 21149479 1 0 1706737336
WALL 21149479 1 0 1706737337
WALL 21149479 1 0 1706737338
WALL 21149479 1 0 1706737339
WALL 21149479 1 0 1706737340
WALL 21149479 1 0 1706737341
WALL 21149479 1 0 1706737342
WALL 21149479 1 0 1706737343
WALL 21149479 1 0 1706737344
WALL 21149479 1 0 1706737345
WALL 21149479 1 0 1706737346
WALL 21149479 1 0 1706737347
WALL 21149479 1 0 1706737348
WALL 21149479 1 0 1706737349
WALL 21149479 1 0 1706737350
WALL 21149479 1 0 1706737351
WALL 21149479 1 0 1706737352
WALL 21149479 1 0 1706737353
WALL 21149479 1 0 1706737354
WALL 21149479 1 0 1706737355
WALL 21149479 1 0 1706737356
WALL 21149479 1 0 1706737357
WALL 21149479 1 0 1706737358
WALL 21149479 1 0 1706737359
WALL 21149479 1 0 1706737360
WALL 21149479 1 0 1706737361
WALL 21149479 1 0 1706737362
WALL 21149479 1 0 1706737363
WALL 21149479 1 0 1706737364
WALL 21149479 1 0 1706737365
WALL 21149479 1 0 1706737366
WALL 21149479 1 0 1706737367
WALL 21149479 1 0 1706737368
WALL 21149479 1 0 1706737369
WALL 21149479 1 0 1706737370
WALL 21149479 1 0 1706737371
WALL 21149479 1 0 1706737372
WALL 21149479 1 0 1706737373
WALL 21149479 1 0 1706737374
WALL 21149479 1 0 1706737375
WALL 21149479 1 0 1706737376
WALL 21149479 1 0 1706737377
WALL 21149479 1 0 1706737378
WALL 21149479 1 0 1706737379
WALL 21149479 1 0 1706737380
WALL 21149479 1 0 1706737381
WALL 21149479 1 0 1706737382
WALL 21149479 1 0 1706737383
WALL 21149479 1 0 1706737384
WALL 21149479 1 0 1706737385
WALL 21149479 1 0 1706737386
WALL 21149479 1 0 1706737387
WALL 21149479 1 0 1706737388
WALL 21149479 1 0 1706737389
WALL 21149479 1 0 1706737390
WALL 21149479 1 0 1706737391
WALL 21149479 1 0 1706737392
WALL 21149479 1 0 1706737393
WALL 21149479 1 0 1706737394
WALL 21149479 1 0 1706737395
WALL 21149479 1 0 1706737396
WALL 21149479 1 0 1706737397
WALL 21149479 1 0 1706737398
WALL 21149479 1 0 1706737399
WALL 21149479 1 0 1706737400
WALL 21149479 1 0 1706737401
WALL 21149479 1 0 1706737402
WALL 21149479 1 0 1706737403
WALL 21149479 1 0 1706737404
WALL 21149479 1 0 1706737405
WALL 21149479 1 0 1706737406
WALL 21149479 1 0 1706737407
WALL 21149479 1 0 1706737408
WALL 21149479 1 0 1706737409
WALL 21149479 1 0 1706737410
WALL 21149479 1 0 1706737411
WALL 21149479 1 0 1706737412
WALL 21149479 1 0 1706737413
WALL 21149479 1 0 1706737414
WALL 21149479 1 0 1706737415
WALL 21149479 1 0 1706737416
WALL 21149479 1 0 1706737417
WALL 21149479 1 0 1706737418
WALL 21149479 1 0 1706737419
WALL 21149479 1 0 1706737420
WALL 21149479 1 0 1706737421
WALL 21149479 1 0 1706737422
WALL 21149479 1 0 1706737423
WALL 21149479 1 0 1706737424
WALL 21149479 1 0 1706737425
WALL 21149479 1 0 1706737426
WALL 21149479 1 0 1706737427
WALL 21149479 1 0 1706737428
WALL 21149479 1 0 1706737429
WALL 21149479 1 0 1706737430
WALL 21149479 1 0 1706737431
WALL 21149479 1 0 1706737432
WALL 21149479 1 0 1706737433
WALL 21149479 1 0 1706737434
WALL 21149479 1 0 1706737435
WALL 21149479 1 0 1706737436
WALL 21149479 1 0 1706737437
WALL 21149479 1 0 1706737438
WALL 21149479 1 0 1706737439
WALL 21149479 1 0 1706737440
WALL 21149479 1 0 1706737441
WALL 21149479 1 0 1706737442
WALL 21149479 1 0 1706737443
WALL 21149479 1 0 1706737444
WALL 21149479 1 0 1706737445
WALL 21149479 1 0 1706737446
WALL 21149479 1 0 1706737447
WALL 21149479 1 0 1706737448
WALL 21149479 1 0 1706737449
WALL 21149479 1 0 1706737450
WALL 21149479 1 0 1706737451
WALL 21149479 1 0 1706737452
WALL 21149479 1 0 1706737453
WALL 21149479 1 0 1706737454
WALL 21149479 1 0 1706737455
WALL 21149479 1 0 1706737456
WALL 21149479 1 0 1706737457
WALL 21149479 1 0 1706737458
WALL 21149479 1 0 1706737459
WALL 21149479 1 0 1706737460
WALL 21149479 1 0 1706737461
WALL 21149479 1 0 1706737462
WALL 21149479 1 0 1706737463
WALL 21149479 1 0 1706737464
WALL 21149479 1 0 1706737465
WALL 21149479 1 0 1706737466
WALL 21149479 1 0 1706737467
WALL 21149479 1 0 1706737468
WALL 21149479 1 0 1706737469
WALL 21149479 1 0 1706737470
WALL 21149479 1 0 1706737471
WALL 21149479 1 0 1706737472
WALL 21149479 1 0 1706737473
WALL 21149479 1 0 1706737474
WALL 21149479 1 0 1706737475
WALL 21149479 1 0 1706737476
WALL 21149479 1 0 1706737477
WALL 21149479 1 0 1706737478
WALL 21149479 1 0 1706737479
WALL 21149479 1 0 1706737480
WALL 21149479 1 0 1706737481
WALL 21149479 1 0 1706737482
WALL 21149479 1 0 1706737483
WALL 21149479 1 0 1706737484
WALL 21149479 1 0 1706737485
WALL 21149479 1 0 1706737486
WALL 21149479 1 0 1706737487
WALL 21149479 1 0 1706737488
WALL 21149479 1 0 1706737489
WALL 21149479 1 0 1706737490
WALL 21149479 1 0 1706737491
WALL 21149479 1 0 1706737492
WALL 21149479 1 0 1706737493
WALL 21149479 1 0 1706737494
WALL 21149479 1 0 1706737495
WALL 21149479 1 0 1706737496
WALL 21149479 1 0 1706737497
WALL 21149479 1 0 1706737498
WALL 21149479 1 0 1706737499
WALL 21149479 1 0 1706737500
WALL 21149479 1 0 1706737501
WALL 21149479 1 0 1706737502
WALL 21149479 1 0 1706737503
WALL 21149479 1 0 1706737504
WALL 21149479 1 0 1706737505
WALL 21149479 1 0 1706737506
WALL 21149479 1 0 1706737507
WALL 21149479 1 0 1706737508
WALL 21149479 1 0 1706737509
WALL 21149479 1 0 1706737510
WALL 21149479 1 0 1706737511
WALL 21149479 1 0 1706737512
WALL 21149479 1 0 1706737513
WALL 21149479 1 0 1706737514
WALL 21149479 1 0 1706737515
WALL 21149479 1 0 1706737516
WALL 21149479 1 0 1706737517
WALL 21149479 1 0 1706737518
WALL 21149479 1 0 1706737519
WALL 21149479 1 0 1706737520
WALL 21149479 1 0 1706737521
WALL 21149479 1 0 1706737522
WALL 21149479 1 0 1706737523
WALL 21149479 1 0 1706737524
WALL 21149479 1 0 1706737525
WALL 21149479 1 0 1706737526
WALL 21149479 1 0 1706737527
WALL 21149479 1 0 1706737528
WALL 21149479 1 0 1706737529
WALL 21149479 1 0 1706737530
WALL 21149479 1 0 1706737531
WALL 21149479 1 0 1706737532
WALL 21149479 1 0 1706737533
WALL 21149479 1 0 1706737534
WALL 21149479 1 0 1706737535
WALL 21149479 1 0 1706737536
WALL 21149479 1 0 1706737537
slurmstepd: error: *** STEP 21149479.0 ON nid200028 CANCELLED AT 2024-01-31T21:45:38 ***
received SIGCONT 1706737538
WALL 21149479 1 0 1706737538
received SIGTERM 1706737538
WALL 21149479 1 0 1706737538
WALL 21149479 1 0 1706737539
WALL 21149479 1 0 1706737540
WALL 21149479 1 0 1706737541
WALL 21149479 1 0 1706737542
WALL 21149479 1 0 1706737543
WALL 21149479 1 0 1706737544
WALL 21149479 1 0 1706737545
WALL 21149479 1 0 1706737546
WALL 21149479 1 0 1706737547
WALL 21149479 1 0 1706737548
WALL 21149479 1 0 1706737549
WALL 21149479 1 0 1706737550
WALL 21149479 1 0 1706737551
WALL 21149479 1 0 1706737552
WALL 21149479 1 0 1706737553
WALL 21149479 1 0 1706737554
WALL 21149479 1 0 1706737555
WALL 21149479 1 0 1706737556
WALL 21149479 1 0 1706737557
WALL 21149479 1 0 1706737558
WALL 21149479 1 0 1706737559
WALL 21149479 1 0 1706737560
WALL 21149479 1 0 1706737561
WALL 21149479 1 0 1706737562
WALL 21149479 1 0 1706737563
WALL 21149479 1 0 1706737564
WALL 21149479 1 0 1706737565
WALL 21149479 1 0 1706737566
WALL 21149479 1 0 1706737567
WALL 21149479 1 0 1706737568
WALL 21149479 1 0 1706737569
WALL 21149479 1 0 1706737570
WALL 21149479 1 0 1706737571
WALL 21149479 1 0 1706737572
WALL 21149479 1 0 1706737573
WALL 21149479 1 0 1706737574
WALL 21149479 1 0 1706737575
WALL 21149479 1 0 1706737576
WALL 21149479 1 0 1706737577
WALL 21149479 1 0 1706737578
WALL 21149479 1 0 1706737579
WALL 21149479 1 0 1706737580
WALL 21149479 1 0 1706737581
WALL 21149479 1 0 1706737582
WALL 21149479 1 0 1706737583
WALL 21149479 1 0 1706737584
WALL 21149479 1 0 1706737585
WALL 21149479 1 0 1706737586
WALL 21149479 1 0 1706737587
WALL 21149479 1 0 1706737588
WALL 21149479 1 0 1706737589
WALL 21149479 1 0 1706737590
WALL 21149479 1 0 1706737591
WALL 21149479 1 0 1706737592
WALL 21149479 1 0 1706737593
WALL 21149479 1 0 1706737594
WALL 21149479 1 0 1706737595
WALL 21149479 1 0 1706737596
WALL 21149479 1 0 1706737597
WALL 21149479 1 0 1706737598
WALL 21149479 1 0 1706737599
WALL 21149479 1 0 1706737600
WALL 21149479 1 0 1706737601
WALL 21149479 1 0 1706737602
WALL 21149479 1 0 1706737603
WALL 21149479 1 0 1706737604
WALL 21149479 1 0 1706737605
WALL 21149479 1 0 1706737606
WALL 21149479 1 0 1706737607
WALL 21149479 1 0 1706737608
WALL 21149479 1 0 1706737609
WALL 21149479 1 0 1706737610
WALL 21149479 1 0 1706737611
WALL 21149479 1 0 1706737612
WALL 21149479 1 0 1706737613
WALL 21149479 1 0 1706737614
WALL 21149479 1 0 1706737615
WALL 21149479 1 0 1706737616
WALL 21149479 1 0 1706737617
WALL 21149479 1 0 1706737618
slurmstepd: error: *** JOB 21149479 ON nid200028 CANCELLED AT 2024-01-31T21:46:58 DUE TO PREEMPTION ***
received SIGTERM 1706737618
WALL 21149479 1 0 1706737618
received SIGCONT 1706737618
WALL 21149479 1 0 1706737618
received SIGTERM 1706737618
WALL 21149479 1 0 1706737618
