WALL 21197237 1 0 1706814391
WALL 21197237 1 0 1706814392
WALL 21197237 1 0 1706814393
WALL 21197237 1 0 1706814394
WALL 21197237 1 0 1706814395
WALL 21197237 1 0 1706814396
WALL 21197237 1 0 1706814397
WALL 21197237 1 0 1706814398
WALL 21197237 1 0 1706814399
WALL 21197237 1 0 1706814400
WALL 21197237 1 0 1706814401
WALL 21197237 1 0 1706814402
WALL 21197237 1 0 1706814403
WALL 21197237 1 0 1706814404
WALL 21197237 1 0 1706814405
WALL 21197237 1 0 1706814406
WALL 21197237 1 0 1706814407
WALL 21197237 1 0 1706814408
WALL 21197237 1 0 1706814409
WALL 21197237 1 0 1706814410
WALL 21197237 1 0 1706814411
WALL 21197237 1 0 1706814412
WALL 21197237 1 0 1706814413
WALL 21197237 1 0 1706814414
WALL 21197237 1 0 1706814415
WALL 21197237 1 0 1706814416
WALL 21197237 1 0 1706814417
WALL 21197237 1 0 1706814418
WALL 21197237 1 0 1706814419
WALL 21197237 1 0 1706814420
WALL 21197237 1 0 1706814421
WALL 21197237 1 0 1706814422
WALL 21197237 1 0 1706814423
WALL 21197237 1 0 1706814424
WALL 21197237 1 0 1706814425
WALL 21197237 1 0 1706814426
WALL 21197237 1 0 1706814427
received SIGCONT 1706814428
WALL 21197237 1 0 1706814428
slurmstepd: error: *** STEP 21197237.0 ON nid200141 CANCELLED AT 2024-02-01T19:07:08 ***
received SIGTERM 1706814428
WALL 21197237 1 0 1706814428
WALL 21197237 1 0 1706814429
WALL 21197237 1 0 1706814430
WALL 21197237 1 0 1706814431
WALL 21197237 1 0 1706814432
WALL 21197237 1 0 1706814433
WALL 21197237 1 0 1706814434
WALL 21197237 1 0 1706814435
WALL 21197237 1 0 1706814436
WALL 21197237 1 0 1706814437
WALL 21197237 1 0 1706814438
WALL 21197237 1 0 1706814439
WALL 21197237 1 0 1706814440
WALL 21197237 1 0 1706814441
WALL 21197237 1 0 1706814442
WALL 21197237 1 0 1706814443
WALL 21197237 1 0 1706814444
WALL 21197237 1 0 1706814445
WALL 21197237 1 0 1706814446
WALL 21197237 1 0 1706814447
WALL 21197237 1 0 1706814448
WALL 21197237 1 0 1706814449
WALL 21197237 1 0 1706814450
WALL 21197237 1 0 1706814451
WALL 21197237 1 0 1706814452
WALL 21197237 1 0 1706814453
WALL 21197237 1 0 1706814454
WALL 21197237 1 0 1706814455
WALL 21197237 1 0 1706814456
WALL 21197237 1 0 1706814457
WALL 21197237 1 0 1706814458
WALL 21197237 1 0 1706814459
WALL 21197237 1 0 1706814460
WALL 21197237 1 0 1706814461
WALL 21197237 1 0 1706814462
WALL 21197237 1 0 1706814463
WALL 21197237 1 0 1706814464
WALL 21197237 1 0 1706814465
WALL 21197237 1 0 1706814466
WALL 21197237 1 0 1706814467
WALL 21197237 1 0 1706814468
WALL 21197237 1 0 1706814469
WALL 21197237 1 0 1706814470
WALL 21197237 1 0 1706814471
WALL 21197237 1 0 1706814472
WALL 21197237 1 0 1706814473
WALL 21197237 1 0 1706814474
WALL 21197237 1 0 1706814475
WALL 21197237 1 0 1706814476
WALL 21197237 1 0 1706814477
WALL 21197237 1 0 1706814478
WALL 21197237 1 0 1706814479
WALL 21197237 1 0 1706814480
WALL 21197237 1 0 1706814481
WALL 21197237 1 0 1706814482
WALL 21197237 1 0 1706814483
WALL 21197237 1 0 1706814484
WALL 21197237 1 0 1706814485
WALL 21197237 1 0 1706814486
WALL 21197237 1 0 1706814487
WALL 21197237 1 0 1706814488
WALL 21197237 1 0 1706814489
slurmstepd: error: *** JOB 21197237 ON nid200141 CANCELLED AT 2024-02-01T19:08:09 DUE TO PREEMPTION ***
received SIGTERM 1706814489
WALL 21197237 1 0 1706814489
received SIGCONT 1706814489
WALL 21197237 1 0 1706814489
received SIGTERM 1706814489
WALL 21197237 1 0 1706814489
