WALL 21195414 1 0 1706813786
WALL 21195414 1 0 1706813787
WALL 21195414 1 0 1706813788
WALL 21195414 1 0 1706813789
WALL 21195414 1 0 1706813790
WALL 21195414 1 0 1706813791
WALL 21195414 1 0 1706813792
WALL 21195414 1 0 1706813793
WALL 21195414 1 0 1706813794
WALL 21195414 1 0 1706813795
WALL 21195414 1 0 1706813796
WALL 21195414 1 0 1706813797
WALL 21195414 1 0 1706813798
WALL 21195414 1 0 1706813799
WALL 21195414 1 0 1706813800
WALL 21195414 1 0 1706813801
WALL 21195414 1 0 1706813802
WALL 21195414 1 0 1706813803
WALL 21195414 1 0 1706813804
WALL 21195414 1 0 1706813805
WALL 21195414 1 0 1706813806
WALL 21195414 1 0 1706813807
WALL 21195414 1 0 1706813808
WALL 21195414 1 0 1706813809
WALL 21195414 1 0 1706813810
WALL 21195414 1 0 1706813811
WALL 21195414 1 0 1706813812
WALL 21195414 1 0 1706813813
WALL 21195414 1 0 1706813814
WALL 21195414 1 0 1706813815
WALL 21195414 1 0 1706813816
WALL 21195414 1 0 1706813817
WALL 21195414 1 0 1706813818
WALL 21195414 1 0 1706813819
received SIGCONT 1706813819
WALL 21195414 1 0 1706813820
slurmstepd: error: *** STEP 21195414.0 ON nid200000 CANCELLED AT 2024-02-01T18:56:59 ***
received SIGTERM 1706813820
WALL 21195414 1 0 1706813820
WALL 21195414 1 0 1706813821
WALL 21195414 1 0 1706813822
WALL 21195414 1 0 1706813823
WALL 21195414 1 0 1706813824
WALL 21195414 1 0 1706813825
WALL 21195414 1 0 1706813826
WALL 21195414 1 0 1706813827
WALL 21195414 1 0 1706813828
WALL 21195414 1 0 1706813829
WALL 21195414 1 0 1706813830
WALL 21195414 1 0 1706813831
WALL 21195414 1 0 1706813832
WALL 21195414 1 0 1706813833
WALL 21195414 1 0 1706813834
WALL 21195414 1 0 1706813835
WALL 21195414 1 0 1706813836
WALL 21195414 1 0 1706813837
WALL 21195414 1 0 1706813838
WALL 21195414 1 0 1706813839
WALL 21195414 1 0 1706813840
WALL 21195414 1 0 1706813841
WALL 21195414 1 0 1706813842
WALL 21195414 1 0 1706813843
WALL 21195414 1 0 1706813844
WALL 21195414 1 0 1706813845
WALL 21195414 1 0 1706813846
WALL 21195414 1 0 1706813847
WALL 21195414 1 0 1706813848
WALL 21195414 1 0 1706813849
WALL 21195414 1 0 1706813850
WALL 21195414 1 0 1706813851
WALL 21195414 1 0 1706813852
WALL 21195414 1 0 1706813853
WALL 21195414 1 0 1706813854
WALL 21195414 1 0 1706813855
WALL 21195414 1 0 1706813856
WALL 21195414 1 0 1706813857
WALL 21195414 1 0 1706813858
WALL 21195414 1 0 1706813859
WALL 21195414 1 0 1706813860
WALL 21195414 1 0 1706813861
WALL 21195414 1 0 1706813862
WALL 21195414 1 0 1706813863
WALL 21195414 1 0 1706813864
WALL 21195414 1 0 1706813865
WALL 21195414 1 0 1706813866
WALL 21195414 1 0 1706813867
WALL 21195414 1 0 1706813868
WALL 21195414 1 0 1706813869
WALL 21195414 1 0 1706813870
WALL 21195414 1 0 1706813871
WALL 21195414 1 0 1706813872
WALL 21195414 1 0 1706813873
WALL 21195414 1 0 1706813874
WALL 21195414 1 0 1706813875
WALL 21195414 1 0 1706813876
WALL 21195414 1 0 1706813877
WALL 21195414 1 0 1706813878
WALL 21195414 1 0 1706813879
WALL 21195414 1 0 1706813880
WALL 21195414 1 0 1706813881
WALL 21195414 1 0 1706813882
WALL 21195414 1 0 1706813883
WALL 21195414 1 0 1706813884
WALL 21195414 1 0 1706813885
WALL 21195414 1 0 1706813886
WALL 21195414 1 0 1706813887
WALL 21195414 1 0 1706813888
WALL 21195414 1 0 1706813889
WALL 21195414 1 0 1706813890
WALL 21195414 1 0 1706813891
WALL 21195414 1 0 1706813892
WALL 21195414 1 0 1706813893
WALL 21195414 1 0 1706813894
WALL 21195414 1 0 1706813895
WALL 21195414 1 0 1706813896
WALL 21195414 1 0 1706813897
WALL 21195414 1 0 1706813898
WALL 21195414 1 0 1706813899
WALL 21195414 1 0 1706813900
WALL 21195414 1 0 1706813901
WALL 21195414 1 0 1706813902
WALL 21195414 1 0 1706813903
WALL 21195414 1 0 1706813904
WALL 21195414 1 0 1706813905
WALL 21195414 1 0 1706813906
WALL 21195414 1 0 1706813907
slurmstepd: error: *** JOB 21195414 ON nid200000 CANCELLED AT 2024-02-01T18:58:27 DUE TO PREEMPTION ***
received SIGTERM 1706813907
WALL 21195414 1 0 1706813907
received SIGCONT 1706813907
WALL 21195414 1 0 1706813907
received SIGTERM 1706813907
WALL 21195414 1 0 1706813907
