WALL 21208385 1 0 1706823288
WALL 21208385 1 0 1706823289
WALL 21208385 1 0 1706823290
WALL 21208385 1 0 1706823291
WALL 21208385 1 0 1706823292
WALL 21208385 1 0 1706823293
WALL 21208385 1 0 1706823294
WALL 21208385 1 0 1706823295
WALL 21208385 1 0 1706823296
slurmstepd: error: *** STEP 21208385.0 ON nid200161 CANCELLED AT 2024-02-01T21:34:56 ***
received SIGCONT 1706823296
WALL 21208385 1 0 1706823296
received SIGTERM 1706823296
WALL 21208385 1 0 1706823296
WALL 21208385 1 0 1706823297
WALL 21208385 1 0 1706823298
WALL 21208385 1 0 1706823299
WALL 21208385 1 0 1706823300
WALL 21208385 1 0 1706823301
WALL 21208385 1 0 1706823302
WALL 21208385 1 0 1706823303
WALL 21208385 1 0 1706823304
WALL 21208385 1 0 1706823305
WALL 21208385 1 0 1706823306
WALL 21208385 1 0 1706823307
WALL 21208385 1 0 1706823308
WALL 21208385 1 0 1706823309
WALL 21208385 1 0 1706823310
WALL 21208385 1 0 1706823311
WALL 21208385 1 0 1706823312
WALL 21208385 1 0 1706823313
WALL 21208385 1 0 1706823314
WALL 21208385 1 0 1706823315
WALL 21208385 1 0 1706823316
WALL 21208385 1 0 1706823317
WALL 21208385 1 0 1706823318
WALL 21208385 1 0 1706823319
WALL 21208385 1 0 1706823320
WALL 21208385 1 0 1706823321
WALL 21208385 1 0 1706823322
WALL 21208385 1 0 1706823323
WALL 21208385 1 0 1706823324
WALL 21208385 1 0 1706823325
WALL 21208385 1 0 1706823326
WALL 21208385 1 0 1706823327
WALL 21208385 1 0 1706823328
WALL 21208385 1 0 1706823329
WALL 21208385 1 0 1706823330
WALL 21208385 1 0 1706823331
WALL 21208385 1 0 1706823332
WALL 21208385 1 0 1706823333
WALL 21208385 1 0 1706823334
WALL 21208385 1 0 1706823335
WALL 21208385 1 0 1706823336
WALL 21208385 1 0 1706823337
WALL 21208385 1 0 1706823338
WALL 21208385 1 0 1706823339
WALL 21208385 1 0 1706823340
WALL 21208385 1 0 1706823341
WALL 21208385 1 0 1706823342
WALL 21208385 1 0 1706823343
WALL 21208385 1 0 1706823344
WALL 21208385 1 0 1706823345
WALL 21208385 1 0 1706823346
WALL 21208385 1 0 1706823347
WALL 21208385 1 0 1706823348
WALL 21208385 1 0 1706823349
WALL 21208385 1 0 1706823350
WALL 21208385 1 0 1706823351
WALL 21208385 1 0 1706823352
WALL 21208385 1 0 1706823353
WALL 21208385 1 0 1706823354
WALL 21208385 1 0 1706823355
WALL 21208385 1 0 1706823356
WALL 21208385 1 0 1706823357
WALL 21208385 1 0 1706823358
WALL 21208385 1 0 1706823359
WALL 21208385 1 0 1706823360
WALL 21208385 1 0 1706823361
WALL 21208385 1 0 1706823362
WALL 21208385 1 0 1706823363
WALL 21208385 1 0 1706823364
WALL 21208385 1 0 1706823365
WALL 21208385 1 0 1706823366
WALL 21208385 1 0 1706823367
WALL 21208385 1 0 1706823368
WALL 21208385 1 0 1706823369
WALL 21208385 1 0 1706823370
WALL 21208385 1 0 1706823371
WALL 21208385 1 0 1706823372
WALL 21208385 1 0 1706823373
WALL 21208385 1 0 1706823374
WALL 21208385 1 0 1706823375
WALL 21208385 1 0 1706823376
WALL 21208385 1 0 1706823377
WALL 21208385 1 0 1706823378
WALL 21208385 1 0 1706823379
WALL 21208385 1 0 1706823380
WALL 21208385 1 0 1706823381
WALL 21208385 1 0 1706823382
WALL 21208385 1 0 1706823383
WALL 21208385 1 0 1706823384
WALL 21208385 1 0 1706823385
WALL 21208385 1 0 1706823386
WALL 21208385 1 0 1706823387
WALL 21208385 1 0 1706823388
WALL 21208385 1 0 1706823389
srun: Job step aborted: Waiting up to 32 seconds for job step to finish.
slurmstepd: error: *** JOB 21208385 ON nid200161 CANCELLED AT 2024-02-01T21:36:30 DUE TO PREEMPTION ***
received SIGTERM 1706823390
WALL 21208385 1 0 1706823390
received SIGCONT 1706823390
WALL 21208385 1 0 1706823390
received SIGTERM 1706823390
WALL 21208385 1 0 1706823390
