WALL 21155116 1 0 1706745882
WALL 21155116 1 0 1706745883
WALL 21155116 1 0 1706745884
WALL 21155116 1 0 1706745885
WALL 21155116 1 0 1706745886
WALL 21155116 1 0 1706745887
WALL 21155116 1 0 1706745888
WALL 21155116 1 0 1706745889
WALL 21155116 1 0 1706745890
WALL 21155116 1 0 1706745891
WALL 21155116 1 0 1706745892
WALL 21155116 1 0 1706745893
WALL 21155116 1 0 1706745894
WALL 21155116 1 0 1706745895
WALL 21155116 1 0 1706745896
WALL 21155116 1 0 1706745897
WALL 21155116 1 0 1706745898
WALL 21155116 1 0 1706745899
WALL 21155116 1 0 1706745900
WALL 21155116 1 0 1706745901
WALL 21155116 1 0 1706745902
WALL 21155116 1 0 1706745903
WALL 21155116 1 0 1706745904
WALL 21155116 1 0 1706745905
WALL 21155116 1 0 1706745906
WALL 21155116 1 0 1706745907
WALL 21155116 1 0 1706745908
WALL 21155116 1 0 1706745909
WALL 21155116 1 0 1706745910
WALL 21155116 1 0 1706745911
WALL 21155116 1 0 1706745912
WALL 21155116 1 0 1706745913
WALL 21155116 1 0 1706745914
WALL 21155116 1 0 1706745915
WALL 21155116 1 0 1706745916
WALL 21155116 1 0 1706745917
WALL 21155116 1 0 1706745918
WALL 21155116 1 0 1706745919
WALL 21155116 1 0 1706745920
WALL 21155116 1 0 1706745921
WALL 21155116 1 0 1706745922
WALL 21155116 1 0 1706745923
WALL 21155116 1 0 1706745924
WALL 21155116 1 0 1706745925
WALL 21155116 1 0 1706745926
WALL 21155116 1 0 1706745927
WALL 21155116 1 0 1706745928
WALL 21155116 1 0 1706745929
WALL 21155116 1 0 1706745930
WALL 21155116 1 0 1706745931
WALL 21155116 1 0 1706745932
WALL 21155116 1 0 1706745933
WALL 21155116 1 0 1706745934
WALL 21155116 1 0 1706745935
WALL 21155116 1 0 1706745936
WALL 21155116 1 0 1706745937
WALL 21155116 1 0 1706745938
WALL 21155116 1 0 1706745939
WALL 21155116 1 0 1706745940
WALL 21155116 1 0 1706745941
WALL 21155116 1 0 1706745942
WALL 21155116 1 0 1706745943
WALL 21155116 1 0 1706745944
WALL 21155116 1 0 1706745945
WALL 21155116 1 0 1706745946
WALL 21155116 1 0 1706745947
WALL 21155116 1 0 1706745948
WALL 21155116 1 0 1706745949
WALL 21155116 1 0 1706745950
WALL 21155116 1 0 1706745951
WALL 21155116 1 0 1706745952
WALL 21155116 1 0 1706745953
WALL 21155116 1 0 1706745954
WALL 21155116 1 0 1706745955
WALL 21155116 1 0 1706745956
WALL 21155116 1 0 1706745957
WALL 21155116 1 0 1706745958
WALL 21155116 1 0 1706745959
WALL 21155116 1 0 1706745960
WALL 21155116 1 0 1706745961
WALL 21155116 1 0 1706745962
WALL 21155116 1 0 1706745963
WALL 21155116 1 0 1706745964
WALL 21155116 1 0 1706745965
WALL 21155116 1 0 1706745966
WALL 21155116 1 0 1706745967
WALL 21155116 1 0 1706745968
WALL 21155116 1 0 1706745969
WALL 21155116 1 0 1706745970
WALL 21155116 1 0 1706745971
WALL 21155116 1 0 1706745972
WALL 21155116 1 0 1706745973
WALL 21155116 1 0 1706745974
WALL 21155116 1 0 1706745975
WALL 21155116 1 0 1706745976
WALL 21155116 1 0 1706745977
WALL 21155116 1 0 1706745978
WALL 21155116 1 0 1706745979
WALL 21155116 1 0 1706745980
WALL 21155116 1 0 1706745981
WALL 21155116 1 0 1706745982
WALL 21155116 1 0 1706745983
WALL 21155116 1 0 1706745984
WALL 21155116 1 0 1706745985
WALL 21155116 1 0 1706745986
WALL 21155116 1 0 1706745987
WALL 21155116 1 0 1706745988
WALL 21155116 1 0 1706745989
WALL 21155116 1 0 1706745990
WALL 21155116 1 0 1706745991
WALL 21155116 1 0 1706745992
WALL 21155116 1 0 1706745993
WALL 21155116 1 0 1706745994
WALL 21155116 1 0 1706745995
WALL 21155116 1 0 1706745996
WALL 21155116 1 0 1706745997
WALL 21155116 1 0 1706745998
WALL 21155116 1 0 1706745999
WALL 21155116 1 0 1706746000
WALL 21155116 1 0 1706746001
WALL 21155116 1 0 1706746002
WALL 21155116 1 0 1706746003
WALL 21155116 1 0 1706746004
WALL 21155116 1 0 1706746005
WALL 21155116 1 0 1706746006
WALL 21155116 1 0 1706746007
WALL 21155116 1 0 1706746008
WALL 21155116 1 0 1706746009
WALL 21155116 1 0 1706746010
WALL 21155116 1 0 1706746011
WALL 21155116 1 0 1706746012
WALL 21155116 1 0 1706746013
WALL 21155116 1 0 1706746014
WALL 21155116 1 0 1706746015
WALL 21155116 1 0 1706746016
WALL 21155116 1 0 1706746017
slurmstepd: error: *** STEP 21155116.0 ON nid200001 CANCELLED AT 2024-02-01T00:06:58 ***
received SIGCONT 1706746018
WALL 21155116 1 0 1706746018
received SIGTERM 1706746018
WALL 21155116 1 0 1706746018
WALL 21155116 1 0 1706746019
WALL 21155116 1 0 1706746020
WALL 21155116 1 0 1706746021
WALL 21155116 1 0 1706746022
WALL 21155116 1 0 1706746023
WALL 21155116 1 0 1706746024
WALL 21155116 1 0 1706746025
WALL 21155116 1 0 1706746026
WALL 21155116 1 0 1706746027
WALL 21155116 1 0 1706746028
WALL 21155116 1 0 1706746029
WALL 21155116 1 0 1706746030
WALL 21155116 1 0 1706746031
WALL 21155116 1 0 1706746032
WALL 21155116 1 0 1706746033
WALL 21155116 1 0 1706746034
WALL 21155116 1 0 1706746035
WALL 21155116 1 0 1706746036
WALL 21155116 1 0 1706746037
WALL 21155116 1 0 1706746038
WALL 21155116 1 0 1706746039
WALL 21155116 1 0 1706746040
WALL 21155116 1 0 1706746041
WALL 21155116 1 0 1706746042
WALL 21155116 1 0 1706746043
WALL 21155116 1 0 1706746044
WALL 21155116 1 0 1706746045
WALL 21155116 1 0 1706746046
WALL 21155116 1 0 1706746047
WALL 21155116 1 0 1706746048
WALL 21155116 1 0 1706746049
WALL 21155116 1 0 1706746050
WALL 21155116 1 0 1706746051
WALL 21155116 1 0 1706746052
WALL 21155116 1 0 1706746053
WALL 21155116 1 0 1706746054
WALL 21155116 1 0 1706746055
WALL 21155116 1 0 1706746056
WALL 21155116 1 0 1706746057
WALL 21155116 1 0 1706746058
WALL 21155116 1 0 1706746059
WALL 21155116 1 0 1706746060
WALL 21155116 1 0 1706746061
WALL 21155116 1 0 1706746062
WALL 21155116 1 0 1706746063
WALL 21155116 1 0 1706746064
WALL 21155116 1 0 1706746065
WALL 21155116 1 0 1706746066
WALL 21155116 1 0 1706746067
WALL 21155116 1 0 1706746068
WALL 21155116 1 0 1706746069
WALL 21155116 1 0 1706746070
WALL 21155116 1 0 1706746071
WALL 21155116 1 0 1706746072
WALL 21155116 1 0 1706746073
WALL 21155116 1 0 1706746074
WALL 21155116 1 0 1706746075
WALL 21155116 1 0 1706746076
WALL 21155116 1 0 1706746077
WALL 21155116 1 0 1706746078
WALL 21155116 1 0 1706746079
WALL 21155116 1 0 1706746080
WALL 21155116 1 0 1706746081
WALL 21155116 1 0 1706746082
WALL 21155116 1 0 1706746083
WALL 21155116 1 0 1706746084
WALL 21155116 1 0 1706746085
WALL 21155116 1 0 1706746086
WALL 21155116 1 0 1706746087
WALL 21155116 1 0 1706746088
WALL 21155116 1 0 1706746089
WALL 21155116 1 0 1706746090
WALL 21155116 1 0 1706746091
WALL 21155116 1 0 1706746092
WALL 21155116 1 0 1706746093
WALL 21155116 1 0 1706746094
WALL 21155116 1 0 1706746095
WALL 21155116 1 0 1706746096
WALL 21155116 1 0 1706746097
WALL 21155116 1 0 1706746098
WALL 21155116 1 0 1706746099
WALL 21155116 1 0 1706746100
WALL 21155116 1 0 1706746101
WALL 21155116 1 0 1706746102
WALL 21155116 1 0 1706746103
WALL 21155116 1 0 1706746104
WALL 21155116 1 0 1706746105
slurmstepd: error: *** JOB 21155116 ON nid200001 CANCELLED AT 2024-02-01T00:08:25 DUE TO PREEMPTION ***
received SIGTERM 1706746105
WALL 21155116 1 0 1706746105
received SIGCONT 1706746105
WALL 21155116 1 0 1706746105
received SIGTERM 1706746105
WALL 21155116 1 0 1706746105
