srun: warning: can't run 1 processes on 2 nodes, setting nnodes to 1
WALL 21208367 1 0 1706823174
WALL 21208367 1 0 1706823175
WALL 21208367 1 0 1706823176
WALL 21208367 1 0 1706823177
WALL 21208367 1 0 1706823178
WALL 21208367 1 0 1706823179
WALL 21208367 1 0 1706823180
WALL 21208367 1 0 1706823181
WALL 21208367 1 0 1706823182
WALL 21208367 1 0 1706823183
WALL 21208367 1 0 1706823184
WALL 21208367 1 0 1706823185
WALL 21208367 1 0 1706823186
WALL 21208367 1 0 1706823187
WALL 21208367 1 0 1706823188
WALL 21208367 1 0 1706823189
WALL 21208367 1 0 1706823190
WALL 21208367 1 0 1706823191
WALL 21208367 1 0 1706823192
WALL 21208367 1 0 1706823193
WALL 21208367 1 0 1706823194
WALL 21208367 1 0 1706823195
WALL 21208367 1 0 1706823196
WALL 21208367 1 0 1706823197
WALL 21208367 1 0 1706823198
WALL 21208367 1 0 1706823199
WALL 21208367 1 0 1706823200
WALL 21208367 1 0 1706823201
WALL 21208367 1 0 1706823202
WALL 21208367 1 0 1706823203
WALL 21208367 1 0 1706823204
WALL 21208367 1 0 1706823205
WALL 21208367 1 0 1706823206
WALL 21208367 1 0 1706823207
WALL 21208367 1 0 1706823208
WALL 21208367 1 0 1706823209
WALL 21208367 1 0 1706823210
WALL 21208367 1 0 1706823211
WALL 21208367 1 0 1706823212
WALL 21208367 1 0 1706823213
WALL 21208367 1 0 1706823214
WALL 21208367 1 0 1706823215
WALL 21208367 1 0 1706823216
WALL 21208367 1 0 1706823217
WALL 21208367 1 0 1706823218
WALL 21208367 1 0 1706823219
WALL 21208367 1 0 1706823220
WALL 21208367 1 0 1706823221
WALL 21208367 1 0 1706823222
WALL 21208367 1 0 1706823223
WALL 21208367 1 0 1706823224
WALL 21208367 1 0 1706823225
WALL 21208367 1 0 1706823226
WALL 21208367 1 0 1706823227
WALL 21208367 1 0 1706823228
WALL 21208367 1 0 1706823229
WALL 21208367 1 0 1706823230
received SIGCONT 1706823231
WALL 21208367 1 0 1706823231
slurmstepd: error: *** STEP 21208367.0 ON nid200143 CANCELLED AT 2024-02-01T21:33:51 ***
received SIGTERM 1706823231
WALL 21208367 1 0 1706823231
WALL 21208367 1 0 1706823232
WALL 21208367 1 0 1706823233
WALL 21208367 1 0 1706823234
WALL 21208367 1 0 1706823235
WALL 21208367 1 0 1706823236
WALL 21208367 1 0 1706823237
WALL 21208367 1 0 1706823238
WALL 21208367 1 0 1706823239
WALL 21208367 1 0 1706823240
WALL 21208367 1 0 1706823241
WALL 21208367 1 0 1706823242
WALL 21208367 1 0 1706823243
WALL 21208367 1 0 1706823244
WALL 21208367 1 0 1706823245
WALL 21208367 1 0 1706823246
WALL 21208367 1 0 1706823247
WALL 21208367 1 0 1706823248
WALL 21208367 1 0 1706823249
WALL 21208367 1 0 1706823250
WALL 21208367 1 0 1706823251
WALL 21208367 1 0 1706823252
WALL 21208367 1 0 1706823253
WALL 21208367 1 0 1706823254
WALL 21208367 1 0 1706823255
WALL 21208367 1 0 1706823256
WALL 21208367 1 0 1706823257
WALL 21208367 1 0 1706823258
WALL 21208367 1 0 1706823259
WALL 21208367 1 0 1706823260
WALL 21208367 1 0 1706823261
WALL 21208367 1 0 1706823262
WALL 21208367 1 0 1706823263
WALL 21208367 1 0 1706823264
WALL 21208367 1 0 1706823265
WALL 21208367 1 0 1706823266
WALL 21208367 1 0 1706823267
WALL 21208367 1 0 1706823268
WALL 21208367 1 0 1706823269
WALL 21208367 1 0 1706823270
WALL 21208367 1 0 1706823271
WALL 21208367 1 0 1706823272
WALL 21208367 1 0 1706823273
WALL 21208367 1 0 1706823274
WALL 21208367 1 0 1706823275
WALL 21208367 1 0 1706823276
WALL 21208367 1 0 1706823277
WALL 21208367 1 0 1706823278
WALL 21208367 1 0 1706823279
WALL 21208367 1 0 1706823280
WALL 21208367 1 0 1706823281
WALL 21208367 1 0 1706823282
WALL 21208367 1 0 1706823283
WALL 21208367 1 0 1706823284
WALL 21208367 1 0 1706823285
WALL 21208367 1 0 1706823286
WALL 21208367 1 0 1706823287
WALL 21208367 1 0 1706823288
WALL 21208367 1 0 1706823289
WALL 21208367 1 0 1706823290
WALL 21208367 1 0 1706823291
WALL 21208367 1 0 1706823292
WALL 21208367 1 0 1706823293
WALL 21208367 1 0 1706823294
WALL 21208367 1 0 1706823295
WALL 21208367 1 0 1706823296
WALL 21208367 1 0 1706823297
WALL 21208367 1 0 1706823298
WALL 21208367 1 0 1706823299
WALL 21208367 1 0 1706823300
WALL 21208367 1 0 1706823301
WALL 21208367 1 0 1706823302
WALL 21208367 1 0 1706823303
WALL 21208367 1 0 1706823304
WALL 21208367 1 0 1706823305
WALL 21208367 1 0 1706823306
WALL 21208367 1 0 1706823307
WALL 21208367 1 0 1706823308
WALL 21208367 1 0 1706823309
WALL 21208367 1 0 1706823310
WALL 21208367 1 0 1706823311
WALL 21208367 1 0 1706823312
WALL 21208367 1 0 1706823313
WALL 21208367 1 0 1706823314
WALL 21208367 1 0 1706823315
WALL 21208367 1 0 1706823316
WALL 21208367 1 0 1706823317
WALL 21208367 1 0 1706823318
WALL 21208367 1 0 1706823319
WALL 21208367 1 0 1706823320
WALL 21208367 1 0 1706823321
slurmstepd: error: *** JOB 21208367 ON nid200143 CANCELLED AT 2024-02-01T21:35:22 DUE TO PREEMPTION ***
received SIGTERM 1706823322
WALL 21208367 1 0 1706823322
received SIGCONT 1706823322
WALL 21208367 1 0 1706823322
received SIGTERM 1706823322
WALL 21208367 1 0 1706823322
