srun: warning: can't run 1 processes on 2 nodes, setting nnodes to 1
WALL 21208277 1 0 1706822998
WALL 21208277 1 0 1706822999
WALL 21208277 1 0 1706823000
WALL 21208277 1 0 1706823001
WALL 21208277 1 0 1706823002
WALL 21208277 1 0 1706823003
WALL 21208277 1 0 1706823004
WALL 21208277 1 0 1706823005
WALL 21208277 1 0 1706823006
WALL 21208277 1 0 1706823007
WALL 21208277 1 0 1706823008
WALL 21208277 1 0 1706823009
WALL 21208277 1 0 1706823010
WALL 21208277 1 0 1706823011
WALL 21208277 1 0 1706823012
WALL 21208277 1 0 1706823013
WALL 21208277 1 0 1706823014
WALL 21208277 1 0 1706823015
WALL 21208277 1 0 1706823016
WALL 21208277 1 0 1706823017
WALL 21208277 1 0 1706823018
WALL 21208277 1 0 1706823019
WALL 21208277 1 0 1706823020
WALL 21208277 1 0 1706823021
WALL 21208277 1 0 1706823022
WALL 21208277 1 0 1706823023
WALL 21208277 1 0 1706823024
WALL 21208277 1 0 1706823025
WALL 21208277 1 0 1706823026
WALL 21208277 1 0 1706823027
received SIGCONT 1706823028
WALL 21208277 1 0 1706823028
slurmstepd: error: *** STEP 21208277.0 ON nid200063 CANCELLED AT 2024-02-01T21:30:28 ***
received SIGTERM 1706823028
WALL 21208277 1 0 1706823028
WALL 21208277 1 0 1706823029
WALL 21208277 1 0 1706823030
WALL 21208277 1 0 1706823031
WALL 21208277 1 0 1706823032
WALL 21208277 1 0 1706823033
WALL 21208277 1 0 1706823034
WALL 21208277 1 0 1706823035
WALL 21208277 1 0 1706823036
WALL 21208277 1 0 1706823037
WALL 21208277 1 0 1706823038
WALL 21208277 1 0 1706823039
WALL 21208277 1 0 1706823040
WALL 21208277 1 0 1706823041
WALL 21208277 1 0 1706823042
WALL 21208277 1 0 1706823043
WALL 21208277 1 0 1706823044
WALL 21208277 1 0 1706823045
WALL 21208277 1 0 1706823046
WALL 21208277 1 0 1706823047
WALL 21208277 1 0 1706823048
WALL 21208277 1 0 1706823049
WALL 21208277 1 0 1706823050
WALL 21208277 1 0 1706823051
WALL 21208277 1 0 1706823052
WALL 21208277 1 0 1706823053
WALL 21208277 1 0 1706823054
WALL 21208277 1 0 1706823055
WALL 21208277 1 0 1706823056
WALL 21208277 1 0 1706823057
WALL 21208277 1 0 1706823058
WALL 21208277 1 0 1706823059
WALL 21208277 1 0 1706823060
WALL 21208277 1 0 1706823061
WALL 21208277 1 0 1706823062
WALL 21208277 1 0 1706823063
WALL 21208277 1 0 1706823064
WALL 21208277 1 0 1706823065
WALL 21208277 1 0 1706823066
WALL 21208277 1 0 1706823067
WALL 21208277 1 0 1706823068
WALL 21208277 1 0 1706823069
WALL 21208277 1 0 1706823070
WALL 21208277 1 0 1706823071
WALL 21208277 1 0 1706823072
WALL 21208277 1 0 1706823073
WALL 21208277 1 0 1706823074
WALL 21208277 1 0 1706823075
WALL 21208277 1 0 1706823076
WALL 21208277 1 0 1706823077
WALL 21208277 1 0 1706823078
WALL 21208277 1 0 1706823079
WALL 21208277 1 0 1706823080
WALL 21208277 1 0 1706823081
WALL 21208277 1 0 1706823082
WALL 21208277 1 0 1706823083
WALL 21208277 1 0 1706823084
WALL 21208277 1 0 1706823085
WALL 21208277 1 0 1706823086
WALL 21208277 1 0 1706823087
WALL 21208277 1 0 1706823088
WALL 21208277 1 0 1706823089
WALL 21208277 1 0 1706823090
WALL 21208277 1 0 1706823091
WALL 21208277 1 0 1706823092
WALL 21208277 1 0 1706823093
WALL 21208277 1 0 1706823094
WALL 21208277 1 0 1706823095
WALL 21208277 1 0 1706823096
WALL 21208277 1 0 1706823097
slurmstepd: error: *** JOB 21208277 ON nid200063 CANCELLED AT 2024-02-01T21:31:37 DUE TO PREEMPTION ***
received SIGTERM 1706823097
WALL 21208277 1 0 1706823097
received SIGCONT 1706823097
WALL 21208277 1 0 1706823097
received SIGTERM 1706823097
WALL 21208277 1 0 1706823097
