WALL 21232126 1 0 1706899392
WALL 21232126 1 0 1706899393
WALL 21232126 1 0 1706899394
WALL 21232126 1 0 1706899395
WALL 21232126 1 0 1706899396
WALL 21232126 1 0 1706899397
WALL 21232126 1 0 1706899398
WALL 21232126 1 0 1706899399
WALL 21232126 1 0 1706899400
WALL 21232126 1 0 1706899401
WALL 21232126 1 0 1706899402
WALL 21232126 1 0 1706899403
WALL 21232126 1 0 1706899404
WALL 21232126 1 0 1706899405
WALL 21232126 1 0 1706899406
WALL 21232126 1 0 1706899407
WALL 21232126 1 0 1706899408
WALL 21232126 1 0 1706899409
WALL 21232126 1 0 1706899410
WALL 21232126 1 0 1706899411
WALL 21232126 1 0 1706899412
WALL 21232126 1 0 1706899413
WALL 21232126 1 0 1706899414
WALL 21232126 1 0 1706899415
WALL 21232126 1 0 1706899416
WALL 21232126 1 0 1706899417
WALL 21232126 1 0 1706899418
WALL 21232126 1 0 1706899419
WALL 21232126 1 0 1706899420
WALL 21232126 1 0 1706899421
WALL 21232126 1 0 1706899422
WALL 21232126 1 0 1706899423
WALL 21232126 1 0 1706899424
WALL 21232126 1 0 1706899425
WALL 21232126 1 0 1706899426
srun: Job step aborted: Waiting up to 32 seconds for job step to finish.
received SIGCONT 1706899427
WALL 21232126 1 0 1706899427
slurmstepd: error: *** STEP 21232126.0 ON nid200066 CANCELLED AT 2024-02-02T18:43:47 ***
received SIGTERM 1706899427
slurmstepd: error: *** JOB 21232126 ON nid200066 CANCELLED AT 2024-02-02T18:43:47 ***
WALL 21232126 1 0 1706899427
