WALL 21086602 1 0 1706655023
WALL 21086602 1 0 1706655024
WALL 21086602 1 0 1706655025
WALL 21086602 1 0 1706655026
WALL 21086602 1 0 1706655027
WALL 21086602 1 0 1706655028
WALL 21086602 1 0 1706655029
WALL 21086602 1 0 1706655030
WALL 21086602 1 0 1706655031
WALL 21086602 1 0 1706655032
WALL 21086602 1 0 1706655033
WALL 21086602 1 0 1706655034
WALL 21086602 1 0 1706655035
WALL 21086602 1 0 1706655036
WALL 21086602 1 0 1706655037
WALL 21086602 1 0 1706655038
WALL 21086602 1 0 1706655039
WALL 21086602 1 0 1706655040
WALL 21086602 1 0 1706655041
WALL 21086602 1 0 1706655042
WALL 21086602 1 0 1706655043
WALL 21086602 1 0 1706655044
WALL 21086602 1 0 1706655045
WALL 21086602 1 0 1706655046
WALL 21086602 1 0 1706655047
WALL 21086602 1 0 1706655048
WALL 21086602 1 0 1706655049
WALL 21086602 1 0 1706655050
WALL 21086602 1 0 1706655051
WALL 21086602 1 0 1706655052
WALL 21086602 1 0 1706655053
WALL 21086602 1 0 1706655054
WALL 21086602 1 0 1706655055
WALL 21086602 1 0 1706655056
WALL 21086602 1 0 1706655057
WALL 21086602 1 0 1706655058
WALL 21086602 1 0 1706655059
WALL 21086602 1 0 1706655060
WALL 21086602 1 0 1706655061
WALL 21086602 1 0 1706655062
WALL 21086602 1 0 1706655063
WALL 21086602 1 0 1706655064
WALL 21086602 1 0 1706655065
WALL 21086602 1 0 1706655066
WALL 21086602 1 0 1706655067
WALL 21086602 1 0 1706655068
WALL 21086602 1 0 1706655069
WALL 21086602 1 0 1706655070
WALL 21086602 1 0 1706655071
WALL 21086602 1 0 1706655072
WALL 21086602 1 0 1706655073
WALL 21086602 1 0 1706655074
WALL 21086602 1 0 1706655075
WALL 21086602 1 0 1706655076
WALL 21086602 1 0 1706655077
WALL 21086602 1 0 1706655078
WALL 21086602 1 0 1706655079
received SIGCONT 1706655079
WALL 21086602 1 0 1706655079
slurmstepd: error: *** STEP 21086602.0 ON nid200086 CANCELLED AT 2024-01-30T22:51:19 ***
received SIGTERM 1706655079
WALL 21086602 1 0 1706655079
WALL 21086602 1 0 1706655080
WALL 21086602 1 0 1706655081
WALL 21086602 1 0 1706655082
WALL 21086602 1 0 1706655083
WALL 21086602 1 0 1706655084
WALL 21086602 1 0 1706655085
WALL 21086602 1 0 1706655086
WALL 21086602 1 0 1706655087
WALL 21086602 1 0 1706655088
WALL 21086602 1 0 1706655089
WALL 21086602 1 0 1706655090
WALL 21086602 1 0 1706655091
WALL 21086602 1 0 1706655092
WALL 21086602 1 0 1706655093
WALL 21086602 1 0 1706655094
WALL 21086602 1 0 1706655095
WALL 21086602 1 0 1706655096
WALL 21086602 1 0 1706655097
WALL 21086602 1 0 1706655098
WALL 21086602 1 0 1706655099
WALL 21086602 1 0 1706655100
WALL 21086602 1 0 1706655101
WALL 21086602 1 0 1706655102
WALL 21086602 1 0 1706655103
WALL 21086602 1 0 1706655104
WALL 21086602 1 0 1706655105
WALL 21086602 1 0 1706655106
WALL 21086602 1 0 1706655107
WALL 21086602 1 0 1706655108
WALL 21086602 1 0 1706655109
WALL 21086602 1 0 1706655110
WALL 21086602 1 0 1706655111
WALL 21086602 1 0 1706655112
WALL 21086602 1 0 1706655113
WALL 21086602 1 0 1706655114
WALL 21086602 1 0 1706655115
WALL 21086602 1 0 1706655116
WALL 21086602 1 0 1706655117
WALL 21086602 1 0 1706655118
WALL 21086602 1 0 1706655119
WALL 21086602 1 0 1706655120
WALL 21086602 1 0 1706655121
WALL 21086602 1 0 1706655122
WALL 21086602 1 0 1706655123
WALL 21086602 1 0 1706655124
WALL 21086602 1 0 1706655125
WALL 21086602 1 0 1706655126
WALL 21086602 1 0 1706655127
WALL 21086602 1 0 1706655128
WALL 21086602 1 0 1706655129
WALL 21086602 1 0 1706655130
WALL 21086602 1 0 1706655131
WALL 21086602 1 0 1706655132
WALL 21086602 1 0 1706655133
WALL 21086602 1 0 1706655134
WALL 21086602 1 0 1706655135
WALL 21086602 1 0 1706655136
WALL 21086602 1 0 1706655137
WALL 21086602 1 0 1706655138
WALL 21086602 1 0 1706655139
WALL 21086602 1 0 1706655140
WALL 21086602 1 0 1706655141
WALL 21086602 1 0 1706655142
WALL 21086602 1 0 1706655143
WALL 21086602 1 0 1706655144
slurmstepd: error: *** JOB 21086602 ON nid200086 CANCELLED AT 2024-01-30T22:52:24 DUE TO PREEMPTION ***
received SIGTERM 1706655144
WALL 21086602 1 0 1706655144
received SIGCONT 1706655144
WALL 21086602 1 0 1706655144
received SIGTERM 1706655144
WALL 21086602 1 0 1706655144
