WALL 21234102 1 0 1706903520
WALL 21234102 1 0 1706903521
WALL 21234102 1 0 1706903522
WALL 21234102 1 0 1706903523
WALL 21234102 1 0 1706903524
WALL 21234102 1 0 1706903525
WALL 21234102 1 0 1706903526
WALL 21234102 1 0 1706903527
WALL 21234102 1 0 1706903528
WALL 21234102 1 0 1706903529
WALL 21234102 1 0 1706903530
WALL 21234102 1 0 1706903531
WALL 21234102 1 0 1706903532
WALL 21234102 1 0 1706903533
WALL 21234102 1 0 1706903534
WALL 21234102 1 0 1706903535
WALL 21234102 1 0 1706903536
WALL 21234102 1 0 1706903537
WALL 21234102 1 0 1706903538
WALL 21234102 1 0 1706903539
WALL 21234102 1 0 1706903540
WALL 21234102 1 0 1706903541
WALL 21234102 1 0 1706903542
WALL 21234102 1 0 1706903543
WALL 21234102 1 0 1706903544
WALL 21234102 1 0 1706903545
WALL 21234102 1 0 1706903546
WALL 21234102 1 0 1706903547
WALL 21234102 1 0 1706903548
WALL 21234102 1 0 1706903549
WALL 21234102 1 0 1706903550
WALL 21234102 1 0 1706903551
WALL 21234102 1 0 1706903552
WALL 21234102 1 0 1706903553
WALL 21234102 1 0 1706903554
WALL 21234102 1 0 1706903555
WALL 21234102 1 0 1706903556
WALL 21234102 1 0 1706903557
WALL 21234102 1 0 1706903558
WALL 21234102 1 0 1706903559
WALL 21234102 1 0 1706903560
WALL 21234102 1 0 1706903561
WALL 21234102 1 0 1706903562
WALL 21234102 1 0 1706903563
WALL 21234102 1 0 1706903564
WALL 21234102 1 0 1706903565
WALL 21234102 1 0 1706903566
WALL 21234102 1 0 1706903567
WALL 21234102 1 0 1706903568
WALL 21234102 1 0 1706903569
WALL 21234102 1 0 1706903570
WALL 21234102 1 0 1706903571
WALL 21234102 1 0 1706903572
WALL 21234102 1 0 1706903573
WALL 21234102 1 0 1706903574
WALL 21234102 1 0 1706903575
WALL 21234102 1 0 1706903576
WALL 21234102 1 0 1706903577
WALL 21234102 1 0 1706903578
WALL 21234102 1 0 1706903579
WALL 21234102 1 0 1706903580
WALL 21234102 1 0 1706903581
WALL 21234102 1 0 1706903582
WALL 21234102 1 0 1706903583
WALL 21234102 1 0 1706903584
slurmstepd: error: *** STEP 21234102.0 ON nid200058 CANCELLED AT 2024-02-02T19:53:04 ***
received SIGTERM 1706903584
WALL 21234102 1 0 1706903584
received SIGCONT 1706903584
WALL 21234102 1 0 1706903584
WALL 21234102 1 0 1706903585
WALL 21234102 1 0 1706903586
WALL 21234102 1 0 1706903587
WALL 21234102 1 0 1706903588
WALL 21234102 1 0 1706903589
WALL 21234102 1 0 1706903590
WALL 21234102 1 0 1706903591
WALL 21234102 1 0 1706903592
WALL 21234102 1 0 1706903593
WALL 21234102 1 0 1706903594
WALL 21234102 1 0 1706903595
WALL 21234102 1 0 1706903596
WALL 21234102 1 0 1706903597
WALL 21234102 1 0 1706903598
WALL 21234102 1 0 1706903599
WALL 21234102 1 0 1706903600
WALL 21234102 1 0 1706903601
WALL 21234102 1 0 1706903602
WALL 21234102 1 0 1706903603
WALL 21234102 1 0 1706903604
WALL 21234102 1 0 1706903605
WALL 21234102 1 0 1706903606
WALL 21234102 1 0 1706903607
WALL 21234102 1 0 1706903608
WALL 21234102 1 0 1706903609
WALL 21234102 1 0 1706903610
WALL 21234102 1 0 1706903611
WALL 21234102 1 0 1706903612
WALL 21234102 1 0 1706903613
WALL 21234102 1 0 1706903614
WALL 21234102 1 0 1706903615
WALL 21234102 1 0 1706903616
WALL 21234102 1 0 1706903617
WALL 21234102 1 0 1706903618
WALL 21234102 1 0 1706903619
WALL 21234102 1 0 1706903620
WALL 21234102 1 0 1706903621
WALL 21234102 1 0 1706903622
WALL 21234102 1 0 1706903623
WALL 21234102 1 0 1706903624
WALL 21234102 1 0 1706903625
WALL 21234102 1 0 1706903626
WALL 21234102 1 0 1706903627
WALL 21234102 1 0 1706903628
WALL 21234102 1 0 1706903629
WALL 21234102 1 0 1706903630
WALL 21234102 1 0 1706903631
WALL 21234102 1 0 1706903632
WALL 21234102 1 0 1706903633
WALL 21234102 1 0 1706903634
WALL 21234102 1 0 1706903635
WALL 21234102 1 0 1706903636
WALL 21234102 1 0 1706903637
WALL 21234102 1 0 1706903638
WALL 21234102 1 0 1706903639
WALL 21234102 1 0 1706903640
WALL 21234102 1 0 1706903641
WALL 21234102 1 0 1706903642
WALL 21234102 1 0 1706903643
WALL 21234102 1 0 1706903644
WALL 21234102 1 0 1706903645
WALL 21234102 1 0 1706903646
WALL 21234102 1 0 1706903647
WALL 21234102 1 0 1706903648
WALL 21234102 1 0 1706903649
WALL 21234102 1 0 1706903650
WALL 21234102 1 0 1706903651
WALL 21234102 1 0 1706903652
WALL 21234102 1 0 1706903653
WALL 21234102 1 0 1706903654
WALL 21234102 1 0 1706903655
WALL 21234102 1 0 1706903656
WALL 21234102 1 0 1706903657
WALL 21234102 1 0 1706903658
WALL 21234102 1 0 1706903659
WALL 21234102 1 0 1706903660
WALL 21234102 1 0 1706903661
WALL 21234102 1 0 1706903662
WALL 21234102 1 0 1706903663
WALL 21234102 1 0 1706903664
WALL 21234102 1 0 1706903665
WALL 21234102 1 0 1706903666
WALL 21234102 1 0 1706903667
WALL 21234102 1 0 1706903668
WALL 21234102 1 0 1706903669
WALL 21234102 1 0 1706903670
WALL 21234102 1 0 1706903671
WALL 21234102 1 0 1706903672
WALL 21234102 1 0 1706903673
WALL 21234102 1 0 1706903674
WALL 21234102 1 0 1706903675
WALL 21234102 1 0 1706903676
WALL 21234102 1 0 1706903677
WALL 21234102 1 0 1706903678
WALL 21234102 1 0 1706903679
WALL 21234102 1 0 1706903680
WALL 21234102 1 0 1706903681
WALL 21234102 1 0 1706903682
WALL 21234102 1 0 1706903683
WALL 21234102 1 0 1706903684
WALL 21234102 1 0 1706903685
WALL 21234102 1 0 1706903686
WALL 21234102 1 0 1706903687
WALL 21234102 1 0 1706903688
WALL 21234102 1 0 1706903689
WALL 21234102 1 0 1706903690
WALL 21234102 1 0 1706903691
WALL 21234102 1 0 1706903692
WALL 21234102 1 0 1706903693
WALL 21234102 1 0 1706903694
WALL 21234102 1 0 1706903695
WALL 21234102 1 0 1706903696
WALL 21234102 1 0 1706903697
WALL 21234102 1 0 1706903698
WALL 21234102 1 0 1706903699
WALL 21234102 1 0 1706903700
WALL 21234102 1 0 1706903701
WALL 21234102 1 0 1706903702
WALL 21234102 1 0 1706903703
WALL 21234102 1 0 1706903704
WALL 21234102 1 0 1706903705
WALL 21234102 1 0 1706903706
WALL 21234102 1 0 1706903707
WALL 21234102 1 0 1706903708
WALL 21234102 1 0 1706903709
WALL 21234102 1 0 1706903710
WALL 21234102 1 0 1706903711
WALL 21234102 1 0 1706903712
slurmstepd: error: *** JOB 21234102 ON nid200058 CANCELLED AT 2024-02-02T19:55:13 DUE TO PREEMPTION ***
received SIGTERM 1706903713
WALL 21234102 1 0 1706903713
received SIGCONT 1706903713
WALL 21234102 1 0 1706903713
received SIGTERM 1706903713
WALL 21234102 1 0 1706903713
