WALL 21153736 1 0 1706743080
WALL 21153736 1 0 1706743081
WALL 21153736 1 0 1706743082
WALL 21153736 1 0 1706743083
WALL 21153736 1 0 1706743084
WALL 21153736 1 0 1706743085
WALL 21153736 1 0 1706743086
WALL 21153736 1 0 1706743087
WALL 21153736 1 0 1706743088
WALL 21153736 1 0 1706743089
WALL 21153736 1 0 1706743090
WALL 21153736 1 0 1706743091
WALL 21153736 1 0 1706743092
WALL 21153736 1 0 1706743093
WALL 21153736 1 0 1706743094
WALL 21153736 1 0 1706743095
WALL 21153736 1 0 1706743096
WALL 21153736 1 0 1706743097
WALL 21153736 1 0 1706743098
WALL 21153736 1 0 1706743099
WALL 21153736 1 0 1706743100
WALL 21153736 1 0 1706743101
WALL 21153736 1 0 1706743102
WALL 21153736 1 0 1706743103
WALL 21153736 1 0 1706743104
WALL 21153736 1 0 1706743105
WALL 21153736 1 0 1706743106
WALL 21153736 1 0 1706743107
WALL 21153736 1 0 1706743108
WALL 21153736 1 0 1706743109
WALL 21153736 1 0 1706743110
WALL 21153736 1 0 1706743111
WALL 21153736 1 0 1706743112
WALL 21153736 1 0 1706743113
WALL 21153736 1 0 1706743114
WALL 21153736 1 0 1706743115
WALL 21153736 1 0 1706743116
WALL 21153736 1 0 1706743117
WALL 21153736 1 0 1706743118
WALL 21153736 1 0 1706743119
WALL 21153736 1 0 1706743120
WALL 21153736 1 0 1706743121
WALL 21153736 1 0 1706743122
WALL 21153736 1 0 1706743123
WALL 21153736 1 0 1706743124
WALL 21153736 1 0 1706743125
WALL 21153736 1 0 1706743126
WALL 21153736 1 0 1706743127
WALL 21153736 1 0 1706743128
WALL 21153736 1 0 1706743129
WALL 21153736 1 0 1706743130
WALL 21153736 1 0 1706743131
WALL 21153736 1 0 1706743132
WALL 21153736 1 0 1706743133
WALL 21153736 1 0 1706743134
slurmstepd: error: *** STEP 21153736.0 ON nid200030 CANCELLED AT 2024-01-31T23:18:54 ***
received SIGTERM 1706743134
WALL 21153736 1 0 1706743134
received SIGCONT 1706743134
WALL 21153736 1 0 1706743134
WALL 21153736 1 0 1706743135
WALL 21153736 1 0 1706743136
WALL 21153736 1 0 1706743137
WALL 21153736 1 0 1706743138
WALL 21153736 1 0 1706743139
WALL 21153736 1 0 1706743140
WALL 21153736 1 0 1706743141
WALL 21153736 1 0 1706743142
WALL 21153736 1 0 1706743143
WALL 21153736 1 0 1706743144
WALL 21153736 1 0 1706743145
WALL 21153736 1 0 1706743146
WALL 21153736 1 0 1706743147
WALL 21153736 1 0 1706743148
WALL 21153736 1 0 1706743149
WALL 21153736 1 0 1706743150
WALL 21153736 1 0 1706743151
WALL 21153736 1 0 1706743152
WALL 21153736 1 0 1706743153
WALL 21153736 1 0 1706743154
WALL 21153736 1 0 1706743155
WALL 21153736 1 0 1706743156
WALL 21153736 1 0 1706743157
WALL 21153736 1 0 1706743158
WALL 21153736 1 0 1706743159
WALL 21153736 1 0 1706743160
WALL 21153736 1 0 1706743161
WALL 21153736 1 0 1706743162
WALL 21153736 1 0 1706743163
WALL 21153736 1 0 1706743164
WALL 21153736 1 0 1706743165
WALL 21153736 1 0 1706743166
WALL 21153736 1 0 1706743167
WALL 21153736 1 0 1706743168
WALL 21153736 1 0 1706743169
WALL 21153736 1 0 1706743170
WALL 21153736 1 0 1706743171
WALL 21153736 1 0 1706743172
WALL 21153736 1 0 1706743173
WALL 21153736 1 0 1706743174
WALL 21153736 1 0 1706743175
WALL 21153736 1 0 1706743176
WALL 21153736 1 0 1706743177
WALL 21153736 1 0 1706743178
WALL 21153736 1 0 1706743179
WALL 21153736 1 0 1706743180
WALL 21153736 1 0 1706743181
WALL 21153736 1 0 1706743182
WALL 21153736 1 0 1706743183
WALL 21153736 1 0 1706743184
WALL 21153736 1 0 1706743185
WALL 21153736 1 0 1706743186
WALL 21153736 1 0 1706743187
WALL 21153736 1 0 1706743188
WALL 21153736 1 0 1706743189
WALL 21153736 1 0 1706743190
WALL 21153736 1 0 1706743191
WALL 21153736 1 0 1706743192
WALL 21153736 1 0 1706743193
WALL 21153736 1 0 1706743194
WALL 21153736 1 0 1706743195
WALL 21153736 1 0 1706743196
WALL 21153736 1 0 1706743197
WALL 21153736 1 0 1706743198
WALL 21153736 1 0 1706743199
WALL 21153736 1 0 1706743200
WALL 21153736 1 0 1706743201
WALL 21153736 1 0 1706743202
WALL 21153736 1 0 1706743203
WALL 21153736 1 0 1706743204
WALL 21153736 1 0 1706743205
WALL 21153736 1 0 1706743206
slurmstepd: error: *** JOB 21153736 ON nid200030 CANCELLED AT 2024-01-31T23:20:07 DUE TO PREEMPTION ***
received SIGTERM 1706743207
WALL 21153736 1 0 1706743207
received SIGCONT 1706743207
WALL 21153736 1 0 1706743207
received SIGTERM 1706743207
WALL 21153736 1 0 1706743207
