srun: warning: can't run 1 processes on 2 nodes, setting nnodes to 1
WALL 21209881 1 0 1706826931
WALL 21209881 1 0 1706826932
WALL 21209881 1 0 1706826933
WALL 21209881 1 0 1706826934
WALL 21209881 1 0 1706826935
WALL 21209881 1 0 1706826936
WALL 21209881 1 0 1706826937
WALL 21209881 1 0 1706826938
WALL 21209881 1 0 1706826939
WALL 21209881 1 0 1706826940
WALL 21209881 1 0 1706826941
WALL 21209881 1 0 1706826942
received SIGCONT 1706826943
WALL 21209881 1 0 1706826943
slurmstepd: error: *** STEP 21209881.0 ON nid200000 CANCELLED AT 2024-02-01T22:35:43 ***
received SIGTERM 1706826943
WALL 21209881 1 0 1706826943
WALL 21209881 1 0 1706826944
WALL 21209881 1 0 1706826945
WALL 21209881 1 0 1706826946
WALL 21209881 1 0 1706826947
WALL 21209881 1 0 1706826948
WALL 21209881 1 0 1706826949
WALL 21209881 1 0 1706826950
WALL 21209881 1 0 1706826951
WALL 21209881 1 0 1706826952
WALL 21209881 1 0 1706826953
WALL 21209881 1 0 1706826954
WALL 21209881 1 0 1706826955
WALL 21209881 1 0 1706826956
WALL 21209881 1 0 1706826957
WALL 21209881 1 0 1706826958
WALL 21209881 1 0 1706826959
WALL 21209881 1 0 1706826960
WALL 21209881 1 0 1706826961
WALL 21209881 1 0 1706826962
WALL 21209881 1 0 1706826963
WALL 21209881 1 0 1706826964
WALL 21209881 1 0 1706826965
WALL 21209881 1 0 1706826966
WALL 21209881 1 0 1706826967
WALL 21209881 1 0 1706826968
WALL 21209881 1 0 1706826969
WALL 21209881 1 0 1706826970
WALL 21209881 1 0 1706826971
WALL 21209881 1 0 1706826972
WALL 21209881 1 0 1706826973
WALL 21209881 1 0 1706826974
WALL 21209881 1 0 1706826975
WALL 21209881 1 0 1706826976
WALL 21209881 1 0 1706826977
WALL 21209881 1 0 1706826978
WALL 21209881 1 0 1706826979
WALL 21209881 1 0 1706826980
WALL 21209881 1 0 1706826981
WALL 21209881 1 0 1706826982
WALL 21209881 1 0 1706826983
WALL 21209881 1 0 1706826984
WALL 21209881 1 0 1706826985
WALL 21209881 1 0 1706826986
WALL 21209881 1 0 1706826987
WALL 21209881 1 0 1706826988
WALL 21209881 1 0 1706826989
WALL 21209881 1 0 1706826990
WALL 21209881 1 0 1706826991
WALL 21209881 1 0 1706826992
WALL 21209881 1 0 1706826993
WALL 21209881 1 0 1706826994
WALL 21209881 1 0 1706826995
WALL 21209881 1 0 1706826996
WALL 21209881 1 0 1706826997
WALL 21209881 1 0 1706826998
WALL 21209881 1 0 1706826999
WALL 21209881 1 0 1706827000
WALL 21209881 1 0 1706827001
WALL 21209881 1 0 1706827002
WALL 21209881 1 0 1706827003
WALL 21209881 1 0 1706827004
WALL 21209881 1 0 1706827005
WALL 21209881 1 0 1706827006
WALL 21209881 1 0 1706827007
WALL 21209881 1 0 1706827008
WALL 21209881 1 0 1706827009
WALL 21209881 1 0 1706827010
WALL 21209881 1 0 1706827011
WALL 21209881 1 0 1706827012
WALL 21209881 1 0 1706827013
WALL 21209881 1 0 1706827014
WALL 21209881 1 0 1706827015
WALL 21209881 1 0 1706827016
WALL 21209881 1 0 1706827017
WALL 21209881 1 0 1706827018
WALL 21209881 1 0 1706827019
WALL 21209881 1 0 1706827020
WALL 21209881 1 0 1706827021
WALL 21209881 1 0 1706827022
WALL 21209881 1 0 1706827023
WALL 21209881 1 0 1706827024
WALL 21209881 1 0 1706827025
WALL 21209881 1 0 1706827026
WALL 21209881 1 0 1706827027
WALL 21209881 1 0 1706827028
WALL 21209881 1 0 1706827029
WALL 21209881 1 0 1706827030
WALL 21209881 1 0 1706827031
WALL 21209881 1 0 1706827032
slurmstepd: error: *** JOB 21209881 ON nid200000 CANCELLED AT 2024-02-01T22:37:13 DUE TO PREEMPTION ***
received SIGTERM 1706827033
WALL 21209881 1 0 1706827033
received SIGCONT 1706827033
WALL 21209881 1 0 1706827033
received SIGTERM 1706827033
WALL 21209881 1 0 1706827033
