WALL 21149069 1 0 1706735987
WALL 21149069 1 0 1706735988
WALL 21149069 1 0 1706735989
WALL 21149069 1 0 1706735990
WALL 21149069 1 0 1706735991
WALL 21149069 1 0 1706735992
WALL 21149069 1 0 1706735993
WALL 21149069 1 0 1706735994
WALL 21149069 1 0 1706735995
WALL 21149069 1 0 1706735996
WALL 21149069 1 0 1706735997
WALL 21149069 1 0 1706735998
WALL 21149069 1 0 1706735999
WALL 21149069 1 0 1706736000
WALL 21149069 1 0 1706736001
WALL 21149069 1 0 1706736002
WALL 21149069 1 0 1706736003
WALL 21149069 1 0 1706736004
WALL 21149069 1 0 1706736005
WALL 21149069 1 0 1706736006
WALL 21149069 1 0 1706736007
WALL 21149069 1 0 1706736008
WALL 21149069 1 0 1706736009
WALL 21149069 1 0 1706736010
WALL 21149069 1 0 1706736011
WALL 21149069 1 0 1706736012
WALL 21149069 1 0 1706736013
WALL 21149069 1 0 1706736014
WALL 21149069 1 0 1706736015
WALL 21149069 1 0 1706736016
WALL 21149069 1 0 1706736017
WALL 21149069 1 0 1706736018
WALL 21149069 1 0 1706736019
WALL 21149069 1 0 1706736020
WALL 21149069 1 0 1706736021
WALL 21149069 1 0 1706736022
WALL 21149069 1 0 1706736023
WALL 21149069 1 0 1706736024
WALL 21149069 1 0 1706736025
WALL 21149069 1 0 1706736026
WALL 21149069 1 0 1706736027
WALL 21149069 1 0 1706736028
WALL 21149069 1 0 1706736029
WALL 21149069 1 0 1706736030
WALL 21149069 1 0 1706736031
WALL 21149069 1 0 1706736032
WALL 21149069 1 0 1706736033
WALL 21149069 1 0 1706736034
WALL 21149069 1 0 1706736035
WALL 21149069 1 0 1706736036
WALL 21149069 1 0 1706736037
WALL 21149069 1 0 1706736038
WALL 21149069 1 0 1706736039
WALL 21149069 1 0 1706736040
WALL 21149069 1 0 1706736041
WALL 21149069 1 0 1706736042
WALL 21149069 1 0 1706736043
WALL 21149069 1 0 1706736044
WALL 21149069 1 0 1706736045
WALL 21149069 1 0 1706736046
WALL 21149069 1 0 1706736047
WALL 21149069 1 0 1706736048
WALL 21149069 1 0 1706736049
WALL 21149069 1 0 1706736050
WALL 21149069 1 0 1706736051
WALL 21149069 1 0 1706736052
WALL 21149069 1 0 1706736053
WALL 21149069 1 0 1706736054
WALL 21149069 1 0 1706736055
WALL 21149069 1 0 1706736056
WALL 21149069 1 0 1706736057
WALL 21149069 1 0 1706736058
WALL 21149069 1 0 1706736059
WALL 21149069 1 0 1706736060
WALL 21149069 1 0 1706736061
WALL 21149069 1 0 1706736062
WALL 21149069 1 0 1706736063
WALL 21149069 1 0 1706736064
WALL 21149069 1 0 1706736065
WALL 21149069 1 0 1706736066
WALL 21149069 1 0 1706736067
WALL 21149069 1 0 1706736068
WALL 21149069 1 0 1706736069
WALL 21149069 1 0 1706736070
WALL 21149069 1 0 1706736071
WALL 21149069 1 0 1706736072
WALL 21149069 1 0 1706736073
WALL 21149069 1 0 1706736074
WALL 21149069 1 0 1706736075
WALL 21149069 1 0 1706736076
WALL 21149069 1 0 1706736077
WALL 21149069 1 0 1706736078
WALL 21149069 1 0 1706736079
WALL 21149069 1 0 1706736080
WALL 21149069 1 0 1706736081
WALL 21149069 1 0 1706736082
WALL 21149069 1 0 1706736083
WALL 21149069 1 0 1706736084
WALL 21149069 1 0 1706736085
WALL 21149069 1 0 1706736086
WALL 21149069 1 0 1706736087
WALL 21149069 1 0 1706736088
WALL 21149069 1 0 1706736089
WALL 21149069 1 0 1706736090
WALL 21149069 1 0 1706736091
WALL 21149069 1 0 1706736092
WALL 21149069 1 0 1706736093
WALL 21149069 1 0 1706736094
WALL 21149069 1 0 1706736095
WALL 21149069 1 0 1706736096
WALL 21149069 1 0 1706736097
WALL 21149069 1 0 1706736098
WALL 21149069 1 0 1706736099
WALL 21149069 1 0 1706736100
WALL 21149069 1 0 1706736101
WALL 21149069 1 0 1706736102
WALL 21149069 1 0 1706736103
WALL 21149069 1 0 1706736104
WALL 21149069 1 0 1706736105
WALL 21149069 1 0 1706736106
WALL 21149069 1 0 1706736107
WALL 21149069 1 0 1706736108
WALL 21149069 1 0 1706736109
WALL 21149069 1 0 1706736110
WALL 21149069 1 0 1706736111
WALL 21149069 1 0 1706736112
WALL 21149069 1 0 1706736113
WALL 21149069 1 0 1706736114
WALL 21149069 1 0 1706736115
WALL 21149069 1 0 1706736116
WALL 21149069 1 0 1706736117
WALL 21149069 1 0 1706736118
WALL 21149069 1 0 1706736119
WALL 21149069 1 0 1706736120
WALL 21149069 1 0 1706736121
WALL 21149069 1 0 1706736122
WALL 21149069 1 0 1706736123
WALL 21149069 1 0 1706736124
WALL 21149069 1 0 1706736125
WALL 21149069 1 0 1706736126
WALL 21149069 1 0 1706736127
WALL 21149069 1 0 1706736128
WALL 21149069 1 0 1706736129
WALL 21149069 1 0 1706736130
WALL 21149069 1 0 1706736131
WALL 21149069 1 0 1706736132
WALL 21149069 1 0 1706736133
WALL 21149069 1 0 1706736134
WALL 21149069 1 0 1706736135
WALL 21149069 1 0 1706736136
WALL 21149069 1 0 1706736137
WALL 21149069 1 0 1706736138
WALL 21149069 1 0 1706736139
WALL 21149069 1 0 1706736140
WALL 21149069 1 0 1706736141
WALL 21149069 1 0 1706736142
WALL 21149069 1 0 1706736143
WALL 21149069 1 0 1706736144
WALL 21149069 1 0 1706736145
WALL 21149069 1 0 1706736146
WALL 21149069 1 0 1706736147
WALL 21149069 1 0 1706736148
WALL 21149069 1 0 1706736149
WALL 21149069 1 0 1706736150
WALL 21149069 1 0 1706736151
WALL 21149069 1 0 1706736152
WALL 21149069 1 0 1706736153
WALL 21149069 1 0 1706736154
WALL 21149069 1 0 1706736155
WALL 21149069 1 0 1706736156
WALL 21149069 1 0 1706736157
WALL 21149069 1 0 1706736158
received SIGCONT 1706736158
WALL 21149069 1 0 1706736158
slurmstepd: error: *** STEP 21149069.0 ON nid200025 CANCELLED AT 2024-01-31T21:22:38 ***
received SIGTERM 1706736158
WALL 21149069 1 0 1706736158
WALL 21149069 1 0 1706736159
WALL 21149069 1 0 1706736160
WALL 21149069 1 0 1706736161
WALL 21149069 1 0 1706736162
WALL 21149069 1 0 1706736163
WALL 21149069 1 0 1706736164
WALL 21149069 1 0 1706736165
WALL 21149069 1 0 1706736166
WALL 21149069 1 0 1706736167
WALL 21149069 1 0 1706736168
WALL 21149069 1 0 1706736169
WALL 21149069 1 0 1706736170
WALL 21149069 1 0 1706736171
WALL 21149069 1 0 1706736172
WALL 21149069 1 0 1706736173
WALL 21149069 1 0 1706736174
WALL 21149069 1 0 1706736175
WALL 21149069 1 0 1706736176
WALL 21149069 1 0 1706736177
WALL 21149069 1 0 1706736178
WALL 21149069 1 0 1706736179
WALL 21149069 1 0 1706736180
WALL 21149069 1 0 1706736181
WALL 21149069 1 0 1706736182
WALL 21149069 1 0 1706736183
WALL 21149069 1 0 1706736184
WALL 21149069 1 0 1706736185
WALL 21149069 1 0 1706736186
WALL 21149069 1 0 1706736187
WALL 21149069 1 0 1706736188
WALL 21149069 1 0 1706736189
WALL 21149069 1 0 1706736190
WALL 21149069 1 0 1706736191
WALL 21149069 1 0 1706736192
WALL 21149069 1 0 1706736193
WALL 21149069 1 0 1706736194
WALL 21149069 1 0 1706736195
WALL 21149069 1 0 1706736196
WALL 21149069 1 0 1706736197
WALL 21149069 1 0 1706736198
WALL 21149069 1 0 1706736199
WALL 21149069 1 0 1706736200
WALL 21149069 1 0 1706736201
WALL 21149069 1 0 1706736202
WALL 21149069 1 0 1706736203
WALL 21149069 1 0 1706736204
WALL 21149069 1 0 1706736205
WALL 21149069 1 0 1706736206
WALL 21149069 1 0 1706736207
WALL 21149069 1 0 1706736208
WALL 21149069 1 0 1706736209
WALL 21149069 1 0 1706736210
WALL 21149069 1 0 1706736211
WALL 21149069 1 0 1706736212
WALL 21149069 1 0 1706736213
WALL 21149069 1 0 1706736214
WALL 21149069 1 0 1706736215
WALL 21149069 1 0 1706736216
WALL 21149069 1 0 1706736217
WALL 21149069 1 0 1706736218
WALL 21149069 1 0 1706736219
WALL 21149069 1 0 1706736220
WALL 21149069 1 0 1706736221
WALL 21149069 1 0 1706736222
WALL 21149069 1 0 1706736223
WALL 21149069 1 0 1706736224
WALL 21149069 1 0 1706736225
WALL 21149069 1 0 1706736226
WALL 21149069 1 0 1706736227
WALL 21149069 1 0 1706736228
WALL 21149069 1 0 1706736229
WALL 21149069 1 0 1706736230
WALL 21149069 1 0 1706736231
WALL 21149069 1 0 1706736232
WALL 21149069 1 0 1706736233
WALL 21149069 1 0 1706736234
slurmstepd: error: *** JOB 21149069 ON nid200025 CANCELLED AT 2024-01-31T21:23:55 DUE TO PREEMPTION ***
received SIGTERM 1706736235
WALL 21149069 1 0 1706736235
received SIGCONT 1706736235
WALL 21149069 1 0 1706736235
srun: Job step aborted: Waiting up to 32 seconds for job step to finish.
received SIGTERM 1706736235
WALL 21149069 1 0 1706736235
