WALL 21205011 1 0 1706819593
WALL 21205011 1 0 1706819594
WALL 21205011 1 0 1706819595
WALL 21205011 1 0 1706819596
WALL 21205011 1 0 1706819597
WALL 21205011 1 0 1706819598
WALL 21205011 1 0 1706819599
WALL 21205011 1 0 1706819600
WALL 21205011 1 0 1706819601
WALL 21205011 1 0 1706819602
WALL 21205011 1 0 1706819603
WALL 21205011 1 0 1706819604
WALL 21205011 1 0 1706819605
WALL 21205011 1 0 1706819606
WALL 21205011 1 0 1706819607
WALL 21205011 1 0 1706819608
WALL 21205011 1 0 1706819609
WALL 21205011 1 0 1706819610
WALL 21205011 1 0 1706819611
WALL 21205011 1 0 1706819612
WALL 21205011 1 0 1706819613
WALL 21205011 1 0 1706819614
WALL 21205011 1 0 1706819615
WALL 21205011 1 0 1706819616
WALL 21205011 1 0 1706819617
WALL 21205011 1 0 1706819618
WALL 21205011 1 0 1706819619
WALL 21205011 1 0 1706819620
WALL 21205011 1 0 1706819621
WALL 21205011 1 0 1706819622
WALL 21205011 1 0 1706819623
WALL 21205011 1 0 1706819624
WALL 21205011 1 0 1706819625
WALL 21205011 1 0 1706819626
WALL 21205011 1 0 1706819627
WALL 21205011 1 0 1706819628
WALL 21205011 1 0 1706819629
WALL 21205011 1 0 1706819630
WALL 21205011 1 0 1706819631
WALL 21205011 1 0 1706819632
WALL 21205011 1 0 1706819633
WALL 21205011 1 0 1706819634
WALL 21205011 1 0 1706819635
WALL 21205011 1 0 1706819636
WALL 21205011 1 0 1706819637
WALL 21205011 1 0 1706819638
WALL 21205011 1 0 1706819639
WALL 21205011 1 0 1706819640
WALL 21205011 1 0 1706819641
WALL 21205011 1 0 1706819642
WALL 21205011 1 0 1706819643
WALL 21205011 1 0 1706819644
WALL 21205011 1 0 1706819645
WALL 21205011 1 0 1706819646
WALL 21205011 1 0 1706819647
WALL 21205011 1 0 1706819648
WALL 21205011 1 0 1706819649
WALL 21205011 1 0 1706819650
WALL 21205011 1 0 1706819651
WALL 21205011 1 0 1706819652
WALL 21205011 1 0 1706819653
WALL 21205011 1 0 1706819654
WALL 21205011 1 0 1706819655
WALL 21205011 1 0 1706819656
WALL 21205011 1 0 1706819657
WALL 21205011 1 0 1706819658
WALL 21205011 1 0 1706819659
WALL 21205011 1 0 1706819660
WALL 21205011 1 0 1706819661
WALL 21205011 1 0 1706819662
WALL 21205011 1 0 1706819663
WALL 21205011 1 0 1706819664
WALL 21205011 1 0 1706819665
WALL 21205011 1 0 1706819666
WALL 21205011 1 0 1706819667
WALL 21205011 1 0 1706819668
WALL 21205011 1 0 1706819669
WALL 21205011 1 0 1706819670
WALL 21205011 1 0 1706819671
WALL 21205011 1 0 1706819672
WALL 21205011 1 0 1706819673
WALL 21205011 1 0 1706819674
WALL 21205011 1 0 1706819675
WALL 21205011 1 0 1706819676
WALL 21205011 1 0 1706819677
WALL 21205011 1 0 1706819678
WALL 21205011 1 0 1706819679
WALL 21205011 1 0 1706819680
WALL 21205011 1 0 1706819681
WALL 21205011 1 0 1706819682
WALL 21205011 1 0 1706819683
WALL 21205011 1 0 1706819684
WALL 21205011 1 0 1706819685
WALL 21205011 1 0 1706819686
WALL 21205011 1 0 1706819687
WALL 21205011 1 0 1706819688
WALL 21205011 1 0 1706819689
WALL 21205011 1 0 1706819690
WALL 21205011 1 0 1706819691
WALL 21205011 1 0 1706819692
WALL 21205011 1 0 1706819693
WALL 21205011 1 0 1706819694
WALL 21205011 1 0 1706819695
WALL 21205011 1 0 1706819696
WALL 21205011 1 0 1706819697
WALL 21205011 1 0 1706819698
WALL 21205011 1 0 1706819699
WALL 21205011 1 0 1706819700
WALL 21205011 1 0 1706819701
WALL 21205011 1 0 1706819702
WALL 21205011 1 0 1706819703
WALL 21205011 1 0 1706819704
WALL 21205011 1 0 1706819705
WALL 21205011 1 0 1706819706
WALL 21205011 1 0 1706819707
WALL 21205011 1 0 1706819708
WALL 21205011 1 0 1706819709
WALL 21205011 1 0 1706819710
WALL 21205011 1 0 1706819711
WALL 21205011 1 0 1706819712
WALL 21205011 1 0 1706819713
WALL 21205011 1 0 1706819714
WALL 21205011 1 0 1706819715
WALL 21205011 1 0 1706819716
WALL 21205011 1 0 1706819717
WALL 21205011 1 0 1706819718
WALL 21205011 1 0 1706819719
WALL 21205011 1 0 1706819720
WALL 21205011 1 0 1706819721
WALL 21205011 1 0 1706819722
WALL 21205011 1 0 1706819723
WALL 21205011 1 0 1706819724
WALL 21205011 1 0 1706819725
WALL 21205011 1 0 1706819726
WALL 21205011 1 0 1706819727
WALL 21205011 1 0 1706819728
WALL 21205011 1 0 1706819729
WALL 21205011 1 0 1706819730
WALL 21205011 1 0 1706819731
WALL 21205011 1 0 1706819732
WALL 21205011 1 0 1706819733
WALL 21205011 1 0 1706819734
WALL 21205011 1 0 1706819735
WALL 21205011 1 0 1706819736
WALL 21205011 1 0 1706819737
WALL 21205011 1 0 1706819738
WALL 21205011 1 0 1706819739
WALL 21205011 1 0 1706819740
WALL 21205011 1 0 1706819741
WALL 21205011 1 0 1706819742
WALL 21205011 1 0 1706819743
WALL 21205011 1 0 1706819744
WALL 21205011 1 0 1706819745
WALL 21205011 1 0 1706819746
WALL 21205011 1 0 1706819747
WALL 21205011 1 0 1706819748
WALL 21205011 1 0 1706819749
WALL 21205011 1 0 1706819750
WALL 21205011 1 0 1706819751
WALL 21205011 1 0 1706819752
WALL 21205011 1 0 1706819753
WALL 21205011 1 0 1706819754
WALL 21205011 1 0 1706819755
WALL 21205011 1 0 1706819756
WALL 21205011 1 0 1706819757
WALL 21205011 1 0 1706819758
WALL 21205011 1 0 1706819759
WALL 21205011 1 0 1706819760
WALL 21205011 1 0 1706819761
WALL 21205011 1 0 1706819762
WALL 21205011 1 0 1706819763
WALL 21205011 1 0 1706819764
WALL 21205011 1 0 1706819765
WALL 21205011 1 0 1706819766
WALL 21205011 1 0 1706819767
WALL 21205011 1 0 1706819768
WALL 21205011 1 0 1706819769
WALL 21205011 1 0 1706819770
WALL 21205011 1 0 1706819771
WALL 21205011 1 0 1706819772
WALL 21205011 1 0 1706819773
WALL 21205011 1 0 1706819774
WALL 21205011 1 0 1706819775
WALL 21205011 1 0 1706819776
WALL 21205011 1 0 1706819777
WALL 21205011 1 0 1706819778
WALL 21205011 1 0 1706819779
WALL 21205011 1 0 1706819780
WALL 21205011 1 0 1706819781
WALL 21205011 1 0 1706819782
WALL 21205011 1 0 1706819783
WALL 21205011 1 0 1706819784
WALL 21205011 1 0 1706819785
WALL 21205011 1 0 1706819786
WALL 21205011 1 0 1706819787
WALL 21205011 1 0 1706819788
WALL 21205011 1 0 1706819789
WALL 21205011 1 0 1706819790
WALL 21205011 1 0 1706819791
WALL 21205011 1 0 1706819792
WALL 21205011 1 0 1706819793
WALL 21205011 1 0 1706819794
WALL 21205011 1 0 1706819795
WALL 21205011 1 0 1706819796
WALL 21205011 1 0 1706819797
WALL 21205011 1 0 1706819798
WALL 21205011 1 0 1706819799
WALL 21205011 1 0 1706819800
WALL 21205011 1 0 1706819801
WALL 21205011 1 0 1706819802
WALL 21205011 1 0 1706819803
WALL 21205011 1 0 1706819804
WALL 21205011 1 0 1706819805
WALL 21205011 1 0 1706819806
WALL 21205011 1 0 1706819807
WALL 21205011 1 0 1706819808
WALL 21205011 1 0 1706819809
WALL 21205011 1 0 1706819810
WALL 21205011 1 0 1706819811
WALL 21205011 1 0 1706819812
WALL 21205011 1 0 1706819813
WALL 21205011 1 0 1706819814
WALL 21205011 1 0 1706819815
WALL 21205011 1 0 1706819816
WALL 21205011 1 0 1706819817
WALL 21205011 1 0 1706819818
WALL 21205011 1 0 1706819819
WALL 21205011 1 0 1706819820
WALL 21205011 1 0 1706819821
WALL 21205011 1 0 1706819822
WALL 21205011 1 0 1706819823
WALL 21205011 1 0 1706819824
WALL 21205011 1 0 1706819825
WALL 21205011 1 0 1706819826
WALL 21205011 1 0 1706819827
WALL 21205011 1 0 1706819828
WALL 21205011 1 0 1706819829
WALL 21205011 1 0 1706819830
WALL 21205011 1 0 1706819831
WALL 21205011 1 0 1706819832
WALL 21205011 1 0 1706819833
WALL 21205011 1 0 1706819834
WALL 21205011 1 0 1706819835
WALL 21205011 1 0 1706819836
WALL 21205011 1 0 1706819837
slurmstepd: error: *** STEP 21205011.0 ON nid200048 CANCELLED AT 2024-02-01T20:37:18 ***
received SIGTERM 1706819838
WALL 21205011 1 0 1706819838
received SIGCONT 1706819838
WALL 21205011 1 0 1706819838
WALL 21205011 1 0 1706819839
WALL 21205011 1 0 1706819840
WALL 21205011 1 0 1706819841
WALL 21205011 1 0 1706819842
WALL 21205011 1 0 1706819843
WALL 21205011 1 0 1706819844
WALL 21205011 1 0 1706819845
WALL 21205011 1 0 1706819846
WALL 21205011 1 0 1706819847
WALL 21205011 1 0 1706819848
WALL 21205011 1 0 1706819849
WALL 21205011 1 0 1706819850
WALL 21205011 1 0 1706819851
WALL 21205011 1 0 1706819852
WALL 21205011 1 0 1706819853
WALL 21205011 1 0 1706819854
WALL 21205011 1 0 1706819855
WALL 21205011 1 0 1706819856
WALL 21205011 1 0 1706819857
WALL 21205011 1 0 1706819858
WALL 21205011 1 0 1706819859
WALL 21205011 1 0 1706819860
WALL 21205011 1 0 1706819861
WALL 21205011 1 0 1706819862
WALL 21205011 1 0 1706819863
WALL 21205011 1 0 1706819864
WALL 21205011 1 0 1706819865
WALL 21205011 1 0 1706819866
WALL 21205011 1 0 1706819867
WALL 21205011 1 0 1706819868
WALL 21205011 1 0 1706819869
WALL 21205011 1 0 1706819870
WALL 21205011 1 0 1706819871
WALL 21205011 1 0 1706819872
WALL 21205011 1 0 1706819873
WALL 21205011 1 0 1706819874
WALL 21205011 1 0 1706819875
WALL 21205011 1 0 1706819876
WALL 21205011 1 0 1706819877
WALL 21205011 1 0 1706819878
WALL 21205011 1 0 1706819879
WALL 21205011 1 0 1706819880
WALL 21205011 1 0 1706819881
WALL 21205011 1 0 1706819882
WALL 21205011 1 0 1706819883
WALL 21205011 1 0 1706819884
WALL 21205011 1 0 1706819885
WALL 21205011 1 0 1706819886
WALL 21205011 1 0 1706819887
WALL 21205011 1 0 1706819888
WALL 21205011 1 0 1706819889
WALL 21205011 1 0 1706819890
WALL 21205011 1 0 1706819891
WALL 21205011 1 0 1706819892
WALL 21205011 1 0 1706819893
WALL 21205011 1 0 1706819894
WALL 21205011 1 0 1706819895
WALL 21205011 1 0 1706819896
WALL 21205011 1 0 1706819897
WALL 21205011 1 0 1706819898
WALL 21205011 1 0 1706819899
WALL 21205011 1 0 1706819900
WALL 21205011 1 0 1706819901
WALL 21205011 1 0 1706819902
WALL 21205011 1 0 1706819903
WALL 21205011 1 0 1706819904
WALL 21205011 1 0 1706819905
WALL 21205011 1 0 1706819906
WALL 21205011 1 0 1706819907
WALL 21205011 1 0 1706819908
slurmstepd: error: *** JOB 21205011 ON nid200048 CANCELLED AT 2024-02-01T20:38:29 DUE TO PREEMPTION ***
received SIGTERM 1706819909
WALL 21205011 1 0 1706819909
received SIGCONT 1706819909
WALL 21205011 1 0 1706819909
received SIGTERM 1706819909
WALL 21205011 1 0 1706819909
