WALL 21210512 1 0 1706827969
WALL 21210512 1 0 1706827970
WALL 21210512 1 0 1706827971
WALL 21210512 1 0 1706827972
WALL 21210512 1 0 1706827973
WALL 21210512 1 0 1706827974
WALL 21210512 1 0 1706827975
WALL 21210512 1 0 1706827976
WALL 21210512 1 0 1706827977
WALL 21210512 1 0 1706827978
WALL 21210512 1 0 1706827979
WALL 21210512 1 0 1706827980
WALL 21210512 1 0 1706827981
WALL 21210512 1 0 1706827982
WALL 21210512 1 0 1706827983
WALL 21210512 1 0 1706827984
WALL 21210512 1 0 1706827985
WALL 21210512 1 0 1706827986
WALL 21210512 1 0 1706827987
WALL 21210512 1 0 1706827988
WALL 21210512 1 0 1706827989
WALL 21210512 1 0 1706827990
WALL 21210512 1 0 1706827991
WALL 21210512 1 0 1706827992
WALL 21210512 1 0 1706827993
WALL 21210512 1 0 1706827994
WALL 21210512 1 0 1706827995
WALL 21210512 1 0 1706827996
WALL 21210512 1 0 1706827997
WALL 21210512 1 0 1706827998
WALL 21210512 1 0 1706827999
WALL 21210512 1 0 1706828000
WALL 21210512 1 0 1706828001
WALL 21210512 1 0 1706828002
WALL 21210512 1 0 1706828003
WALL 21210512 1 0 1706828004
WALL 21210512 1 0 1706828005
WALL 21210512 1 0 1706828006
WALL 21210512 1 0 1706828007
WALL 21210512 1 0 1706828008
WALL 21210512 1 0 1706828009
WALL 21210512 1 0 1706828010
WALL 21210512 1 0 1706828011
WALL 21210512 1 0 1706828012
WALL 21210512 1 0 1706828013
WALL 21210512 1 0 1706828014
WALL 21210512 1 0 1706828015
WALL 21210512 1 0 1706828016
WALL 21210512 1 0 1706828017
WALL 21210512 1 0 1706828018
WALL 21210512 1 0 1706828019
WALL 21210512 1 0 1706828020
WALL 21210512 1 0 1706828021
WALL 21210512 1 0 1706828022
WALL 21210512 1 0 1706828023
WALL 21210512 1 0 1706828024
WALL 21210512 1 0 1706828025
WALL 21210512 1 0 1706828026
WALL 21210512 1 0 1706828027
WALL 21210512 1 0 1706828028
WALL 21210512 1 0 1706828029
WALL 21210512 1 0 1706828030
WALL 21210512 1 0 1706828031
WALL 21210512 1 0 1706828032
WALL 21210512 1 0 1706828033
WALL 21210512 1 0 1706828034
WALL 21210512 1 0 1706828035
WALL 21210512 1 0 1706828036
WALL 21210512 1 0 1706828037
WALL 21210512 1 0 1706828038
WALL 21210512 1 0 1706828039
WALL 21210512 1 0 1706828040
WALL 21210512 1 0 1706828041
WALL 21210512 1 0 1706828042
WALL 21210512 1 0 1706828043
WALL 21210512 1 0 1706828044
WALL 21210512 1 0 1706828045
WALL 21210512 1 0 1706828046
WALL 21210512 1 0 1706828047
WALL 21210512 1 0 1706828048
received SIGCONT 1706828048
WALL 21210512 1 0 1706828048
slurmstepd: error: *** STEP 21210512.0 ON nid200181 CANCELLED AT 2024-02-01T22:54:08 ***
received SIGTERM 1706828048
WALL 21210512 1 0 1706828048
WALL 21210512 1 0 1706828049
WALL 21210512 1 0 1706828050
WALL 21210512 1 0 1706828051
WALL 21210512 1 0 1706828052
WALL 21210512 1 0 1706828053
WALL 21210512 1 0 1706828054
WALL 21210512 1 0 1706828055
WALL 21210512 1 0 1706828056
WALL 21210512 1 0 1706828057
WALL 21210512 1 0 1706828058
WALL 21210512 1 0 1706828059
WALL 21210512 1 0 1706828060
WALL 21210512 1 0 1706828061
WALL 21210512 1 0 1706828062
WALL 21210512 1 0 1706828063
WALL 21210512 1 0 1706828064
WALL 21210512 1 0 1706828065
WALL 21210512 1 0 1706828066
WALL 21210512 1 0 1706828067
WALL 21210512 1 0 1706828068
WALL 21210512 1 0 1706828069
WALL 21210512 1 0 1706828070
WALL 21210512 1 0 1706828071
WALL 21210512 1 0 1706828072
WALL 21210512 1 0 1706828073
WALL 21210512 1 0 1706828074
WALL 21210512 1 0 1706828075
WALL 21210512 1 0 1706828076
WALL 21210512 1 0 1706828077
WALL 21210512 1 0 1706828078
WALL 21210512 1 0 1706828079
WALL 21210512 1 0 1706828080
WALL 21210512 1 0 1706828081
WALL 21210512 1 0 1706828082
WALL 21210512 1 0 1706828083
WALL 21210512 1 0 1706828084
WALL 21210512 1 0 1706828085
WALL 21210512 1 0 1706828086
WALL 21210512 1 0 1706828087
WALL 21210512 1 0 1706828088
WALL 21210512 1 0 1706828089
WALL 21210512 1 0 1706828090
WALL 21210512 1 0 1706828091
WALL 21210512 1 0 1706828092
WALL 21210512 1 0 1706828093
WALL 21210512 1 0 1706828094
WALL 21210512 1 0 1706828095
WALL 21210512 1 0 1706828096
WALL 21210512 1 0 1706828097
WALL 21210512 1 0 1706828098
WALL 21210512 1 0 1706828099
WALL 21210512 1 0 1706828100
WALL 21210512 1 0 1706828101
WALL 21210512 1 0 1706828102
WALL 21210512 1 0 1706828103
WALL 21210512 1 0 1706828104
WALL 21210512 1 0 1706828105
WALL 21210512 1 0 1706828106
WALL 21210512 1 0 1706828107
WALL 21210512 1 0 1706828108
WALL 21210512 1 0 1706828109
WALL 21210512 1 0 1706828110
WALL 21210512 1 0 1706828111
WALL 21210512 1 0 1706828112
WALL 21210512 1 0 1706828113
WALL 21210512 1 0 1706828114
WALL 21210512 1 0 1706828115
WALL 21210512 1 0 1706828116
WALL 21210512 1 0 1706828117
WALL 21210512 1 0 1706828118
WALL 21210512 1 0 1706828119
WALL 21210512 1 0 1706828120
WALL 21210512 1 0 1706828121
slurmstepd: error: *** JOB 21210512 ON nid200181 CANCELLED AT 2024-02-01T22:55:22 DUE TO PREEMPTION ***
received SIGTERM 1706828122
WALL 21210512 1 0 1706828122
received SIGCONT 1706828122
WALL 21210512 1 0 1706828122
received SIGTERM 1706828122
WALL 21210512 1 0 1706828122
