WALL 21155129 1 0 1706746768
WALL 21155129 1 0 1706746769
WALL 21155129 1 0 1706746770
WALL 21155129 1 0 1706746771
WALL 21155129 1 0 1706746772
WALL 21155129 1 0 1706746773
WALL 21155129 1 0 1706746774
WALL 21155129 1 0 1706746775
WALL 21155129 1 0 1706746776
WALL 21155129 1 0 1706746777
WALL 21155129 1 0 1706746778
WALL 21155129 1 0 1706746779
WALL 21155129 1 0 1706746780
WALL 21155129 1 0 1706746781
WALL 21155129 1 0 1706746782
WALL 21155129 1 0 1706746783
WALL 21155129 1 0 1706746784
WALL 21155129 1 0 1706746785
WALL 21155129 1 0 1706746786
WALL 21155129 1 0 1706746787
WALL 21155129 1 0 1706746788
WALL 21155129 1 0 1706746789
WALL 21155129 1 0 1706746790
WALL 21155129 1 0 1706746791
WALL 21155129 1 0 1706746792
WALL 21155129 1 0 1706746793
WALL 21155129 1 0 1706746794
WALL 21155129 1 0 1706746795
WALL 21155129 1 0 1706746796
WALL 21155129 1 0 1706746797
WALL 21155129 1 0 1706746798
WALL 21155129 1 0 1706746799
WALL 21155129 1 0 1706746800
WALL 21155129 1 0 1706746801
WALL 21155129 1 0 1706746802
WALL 21155129 1 0 1706746803
WALL 21155129 1 0 1706746804
WALL 21155129 1 0 1706746805
WALL 21155129 1 0 1706746806
WALL 21155129 1 0 1706746807
WALL 21155129 1 0 1706746808
WALL 21155129 1 0 1706746809
WALL 21155129 1 0 1706746810
WALL 21155129 1 0 1706746811
WALL 21155129 1 0 1706746812
WALL 21155129 1 0 1706746813
WALL 21155129 1 0 1706746814
WALL 21155129 1 0 1706746815
WALL 21155129 1 0 1706746816
WALL 21155129 1 0 1706746817
WALL 21155129 1 0 1706746818
WALL 21155129 1 0 1706746819
WALL 21155129 1 0 1706746820
WALL 21155129 1 0 1706746821
WALL 21155129 1 0 1706746822
WALL 21155129 1 0 1706746823
WALL 21155129 1 0 1706746824
WALL 21155129 1 0 1706746825
WALL 21155129 1 0 1706746826
WALL 21155129 1 0 1706746827
WALL 21155129 1 0 1706746828
WALL 21155129 1 0 1706746829
WALL 21155129 1 0 1706746830
WALL 21155129 1 0 1706746831
WALL 21155129 1 0 1706746832
WALL 21155129 1 0 1706746833
WALL 21155129 1 0 1706746834
WALL 21155129 1 0 1706746835
WALL 21155129 1 0 1706746836
WALL 21155129 1 0 1706746837
WALL 21155129 1 0 1706746838
WALL 21155129 1 0 1706746839
WALL 21155129 1 0 1706746840
WALL 21155129 1 0 1706746841
WALL 21155129 1 0 1706746842
WALL 21155129 1 0 1706746843
WALL 21155129 1 0 1706746844
WALL 21155129 1 0 1706746845
WALL 21155129 1 0 1706746846
WALL 21155129 1 0 1706746847
WALL 21155129 1 0 1706746848
WALL 21155129 1 0 1706746849
WALL 21155129 1 0 1706746850
WALL 21155129 1 0 1706746851
WALL 21155129 1 0 1706746852
WALL 21155129 1 0 1706746853
WALL 21155129 1 0 1706746854
WALL 21155129 1 0 1706746855
WALL 21155129 1 0 1706746856
WALL 21155129 1 0 1706746857
WALL 21155129 1 0 1706746858
WALL 21155129 1 0 1706746859
WALL 21155129 1 0 1706746860
WALL 21155129 1 0 1706746861
WALL 21155129 1 0 1706746862
WALL 21155129 1 0 1706746863
WALL 21155129 1 0 1706746864
WALL 21155129 1 0 1706746865
WALL 21155129 1 0 1706746866
WALL 21155129 1 0 1706746867
WALL 21155129 1 0 1706746868
WALL 21155129 1 0 1706746869
WALL 21155129 1 0 1706746870
WALL 21155129 1 0 1706746871
WALL 21155129 1 0 1706746872
WALL 21155129 1 0 1706746873
WALL 21155129 1 0 1706746874
WALL 21155129 1 0 1706746875
WALL 21155129 1 0 1706746876
WALL 21155129 1 0 1706746877
WALL 21155129 1 0 1706746878
WALL 21155129 1 0 1706746879
WALL 21155129 1 0 1706746880
WALL 21155129 1 0 1706746881
WALL 21155129 1 0 1706746882
WALL 21155129 1 0 1706746883
WALL 21155129 1 0 1706746884
WALL 21155129 1 0 1706746885
WALL 21155129 1 0 1706746886
WALL 21155129 1 0 1706746887
WALL 21155129 1 0 1706746888
WALL 21155129 1 0 1706746889
received SIGCONT 1706746889
WALL 21155129 1 0 1706746889
slurmstepd: error: *** STEP 21155129.0 ON nid200001 CANCELLED AT 2024-02-01T00:21:29 ***
received SIGTERM 1706746889
WALL 21155129 1 0 1706746889
WALL 21155129 1 0 1706746890
WALL 21155129 1 0 1706746891
WALL 21155129 1 0 1706746892
WALL 21155129 1 0 1706746893
WALL 21155129 1 0 1706746894
WALL 21155129 1 0 1706746895
WALL 21155129 1 0 1706746896
WALL 21155129 1 0 1706746897
WALL 21155129 1 0 1706746898
WALL 21155129 1 0 1706746899
WALL 21155129 1 0 1706746900
WALL 21155129 1 0 1706746901
WALL 21155129 1 0 1706746902
WALL 21155129 1 0 1706746903
WALL 21155129 1 0 1706746904
WALL 21155129 1 0 1706746905
WALL 21155129 1 0 1706746906
WALL 21155129 1 0 1706746907
WALL 21155129 1 0 1706746908
WALL 21155129 1 0 1706746909
WALL 21155129 1 0 1706746910
WALL 21155129 1 0 1706746911
WALL 21155129 1 0 1706746912
WALL 21155129 1 0 1706746913
WALL 21155129 1 0 1706746914
WALL 21155129 1 0 1706746915
WALL 21155129 1 0 1706746916
WALL 21155129 1 0 1706746917
WALL 21155129 1 0 1706746918
WALL 21155129 1 0 1706746919
WALL 21155129 1 0 1706746920
WALL 21155129 1 0 1706746921
WALL 21155129 1 0 1706746922
WALL 21155129 1 0 1706746923
WALL 21155129 1 0 1706746924
WALL 21155129 1 0 1706746925
WALL 21155129 1 0 1706746926
WALL 21155129 1 0 1706746927
WALL 21155129 1 0 1706746928
WALL 21155129 1 0 1706746929
WALL 21155129 1 0 1706746930
WALL 21155129 1 0 1706746931
WALL 21155129 1 0 1706746932
WALL 21155129 1 0 1706746933
WALL 21155129 1 0 1706746934
WALL 21155129 1 0 1706746935
WALL 21155129 1 0 1706746936
WALL 21155129 1 0 1706746937
WALL 21155129 1 0 1706746938
WALL 21155129 1 0 1706746939
WALL 21155129 1 0 1706746940
WALL 21155129 1 0 1706746941
WALL 21155129 1 0 1706746942
WALL 21155129 1 0 1706746943
WALL 21155129 1 0 1706746944
WALL 21155129 1 0 1706746945
WALL 21155129 1 0 1706746946
WALL 21155129 1 0 1706746947
WALL 21155129 1 0 1706746948
WALL 21155129 1 0 1706746949
WALL 21155129 1 0 1706746950
WALL 21155129 1 0 1706746951
WALL 21155129 1 0 1706746952
WALL 21155129 1 0 1706746953
WALL 21155129 1 0 1706746954
WALL 21155129 1 0 1706746955
WALL 21155129 1 0 1706746956
WALL 21155129 1 0 1706746957
WALL 21155129 1 0 1706746958
WALL 21155129 1 0 1706746959
WALL 21155129 1 0 1706746960
WALL 21155129 1 0 1706746961
WALL 21155129 1 0 1706746962
WALL 21155129 1 0 1706746963
WALL 21155129 1 0 1706746964
WALL 21155129 1 0 1706746965
WALL 21155129 1 0 1706746966
WALL 21155129 1 0 1706746967
WALL 21155129 1 0 1706746968
WALL 21155129 1 0 1706746969
WALL 21155129 1 0 1706746970
WALL 21155129 1 0 1706746971
WALL 21155129 1 0 1706746972
WALL 21155129 1 0 1706746973
slurmstepd: error: *** JOB 21155129 ON nid200001 CANCELLED AT 2024-02-01T00:22:54 DUE TO PREEMPTION ***
received SIGTERM 1706746974
WALL 21155129 1 0 1706746974
received SIGCONT 1706746974
WALL 21155129 1 0 1706746974
received SIGTERM 1706746974
WALL 21155129 1 0 1706746974
