WALL 21212076 1 0 1706832376
WALL 21212076 1 0 1706832377
WALL 21212076 1 0 1706832378
WALL 21212076 1 0 1706832379
WALL 21212076 1 0 1706832380
WALL 21212076 1 0 1706832381
WALL 21212076 1 0 1706832382
WALL 21212076 1 0 1706832383
WALL 21212076 1 0 1706832384
WALL 21212076 1 0 1706832385
WALL 21212076 1 0 1706832386
WALL 21212076 1 0 1706832387
WALL 21212076 1 0 1706832388
WALL 21212076 1 0 1706832389
WALL 21212076 1 0 1706832390
WALL 21212076 1 0 1706832391
WALL 21212076 1 0 1706832392
WALL 21212076 1 0 1706832393
WALL 21212076 1 0 1706832394
WALL 21212076 1 0 1706832395
WALL 21212076 1 0 1706832396
WALL 21212076 1 0 1706832397
WALL 21212076 1 0 1706832398
WALL 21212076 1 0 1706832399
WALL 21212076 1 0 1706832400
WALL 21212076 1 0 1706832401
WALL 21212076 1 0 1706832402
WALL 21212076 1 0 1706832403
WALL 21212076 1 0 1706832404
WALL 21212076 1 0 1706832405
WALL 21212076 1 0 1706832406
WALL 21212076 1 0 1706832407
WALL 21212076 1 0 1706832408
WALL 21212076 1 0 1706832409
WALL 21212076 1 0 1706832410
WALL 21212076 1 0 1706832411
WALL 21212076 1 0 1706832412
WALL 21212076 1 0 1706832413
WALL 21212076 1 0 1706832414
WALL 21212076 1 0 1706832415
WALL 21212076 1 0 1706832416
WALL 21212076 1 0 1706832417
WALL 21212076 1 0 1706832418
WALL 21212076 1 0 1706832419
WALL 21212076 1 0 1706832420
WALL 21212076 1 0 1706832421
WALL 21212076 1 0 1706832422
WALL 21212076 1 0 1706832423
WALL 21212076 1 0 1706832424
WALL 21212076 1 0 1706832425
WALL 21212076 1 0 1706832426
WALL 21212076 1 0 1706832427
WALL 21212076 1 0 1706832428
WALL 21212076 1 0 1706832429
WALL 21212076 1 0 1706832430
WALL 21212076 1 0 1706832431
WALL 21212076 1 0 1706832432
WALL 21212076 1 0 1706832433
WALL 21212076 1 0 1706832434
WALL 21212076 1 0 1706832435
WALL 21212076 1 0 1706832436
WALL 21212076 1 0 1706832437
WALL 21212076 1 0 1706832438
WALL 21212076 1 0 1706832439
WALL 21212076 1 0 1706832440
WALL 21212076 1 0 1706832441
WALL 21212076 1 0 1706832442
WALL 21212076 1 0 1706832443
WALL 21212076 1 0 1706832444
WALL 21212076 1 0 1706832445
WALL 21212076 1 0 1706832446
received SIGCONT 1706832446
WALL 21212076 1 0 1706832446
received SIGTERM 1706832446
WALL 21212076 1 0 1706832446
slurmstepd: error: *** STEP 21212076.0 ON nid200191 CANCELLED AT 2024-02-02T00:07:26 ***
WALL 21212076 1 0 1706832447
WALL 21212076 1 0 1706832448
WALL 21212076 1 0 1706832449
WALL 21212076 1 0 1706832450
WALL 21212076 1 0 1706832451
WALL 21212076 1 0 1706832452
WALL 21212076 1 0 1706832453
WALL 21212076 1 0 1706832454
WALL 21212076 1 0 1706832455
WALL 21212076 1 0 1706832456
WALL 21212076 1 0 1706832457
WALL 21212076 1 0 1706832458
WALL 21212076 1 0 1706832459
WALL 21212076 1 0 1706832460
WALL 21212076 1 0 1706832461
WALL 21212076 1 0 1706832462
WALL 21212076 1 0 1706832463
WALL 21212076 1 0 1706832464
WALL 21212076 1 0 1706832465
WALL 21212076 1 0 1706832466
WALL 21212076 1 0 1706832467
WALL 21212076 1 0 1706832468
WALL 21212076 1 0 1706832469
WALL 21212076 1 0 1706832470
WALL 21212076 1 0 1706832471
WALL 21212076 1 0 1706832472
WALL 21212076 1 0 1706832473
WALL 21212076 1 0 1706832474
WALL 21212076 1 0 1706832475
WALL 21212076 1 0 1706832476
WALL 21212076 1 0 1706832477
WALL 21212076 1 0 1706832478
WALL 21212076 1 0 1706832479
WALL 21212076 1 0 1706832480
WALL 21212076 1 0 1706832481
WALL 21212076 1 0 1706832482
WALL 21212076 1 0 1706832483
WALL 21212076 1 0 1706832484
WALL 21212076 1 0 1706832485
WALL 21212076 1 0 1706832486
WALL 21212076 1 0 1706832487
WALL 21212076 1 0 1706832488
WALL 21212076 1 0 1706832489
WALL 21212076 1 0 1706832490
WALL 21212076 1 0 1706832491
WALL 21212076 1 0 1706832492
WALL 21212076 1 0 1706832493
WALL 21212076 1 0 1706832494
WALL 21212076 1 0 1706832495
WALL 21212076 1 0 1706832496
WALL 21212076 1 0 1706832497
WALL 21212076 1 0 1706832498
WALL 21212076 1 0 1706832499
WALL 21212076 1 0 1706832500
WALL 21212076 1 0 1706832501
WALL 21212076 1 0 1706832502
WALL 21212076 1 0 1706832503
WALL 21212076 1 0 1706832504
WALL 21212076 1 0 1706832505
WALL 21212076 1 0 1706832506
WALL 21212076 1 0 1706832507
slurmstepd: error: *** JOB 21212076 ON nid200191 CANCELLED AT 2024-02-02T00:08:28 DUE TO PREEMPTION ***
received SIGTERM 1706832508
WALL 21212076 1 0 1706832508
received SIGCONT 1706832508
WALL 21212076 1 0 1706832508
received SIGTERM 1706832508
WALL 21212076 1 0 1706832508
