srun: warning: can't run 1 processes on 4 nodes, setting nnodes to 1
WALL 21197514 1 0 1706815198
WALL 21197514 1 0 1706815199
WALL 21197514 1 0 1706815200
WALL 21197514 1 0 1706815201
WALL 21197514 1 0 1706815202
WALL 21197514 1 0 1706815203
WALL 21197514 1 0 1706815204
WALL 21197514 1 0 1706815205
WALL 21197514 1 0 1706815206
WALL 21197514 1 0 1706815207
WALL 21197514 1 0 1706815208
WALL 21197514 1 0 1706815209
WALL 21197514 1 0 1706815210
WALL 21197514 1 0 1706815211
WALL 21197514 1 0 1706815212
WALL 21197514 1 0 1706815213
WALL 21197514 1 0 1706815214
WALL 21197514 1 0 1706815215
WALL 21197514 1 0 1706815216
WALL 21197514 1 0 1706815217
WALL 21197514 1 0 1706815218
WALL 21197514 1 0 1706815219
WALL 21197514 1 0 1706815220
WALL 21197514 1 0 1706815221
WALL 21197514 1 0 1706815222
WALL 21197514 1 0 1706815223
WALL 21197514 1 0 1706815224
WALL 21197514 1 0 1706815225
WALL 21197514 1 0 1706815226
WALL 21197514 1 0 1706815227
WALL 21197514 1 0 1706815228
WALL 21197514 1 0 1706815229
WALL 21197514 1 0 1706815230
WALL 21197514 1 0 1706815231
WALL 21197514 1 0 1706815232
WALL 21197514 1 0 1706815233
WALL 21197514 1 0 1706815234
WALL 21197514 1 0 1706815235
WALL 21197514 1 0 1706815236
WALL 21197514 1 0 1706815237
WALL 21197514 1 0 1706815238
WALL 21197514 1 0 1706815239
WALL 21197514 1 0 1706815240
WALL 21197514 1 0 1706815241
WALL 21197514 1 0 1706815242
WALL 21197514 1 0 1706815243
WALL 21197514 1 0 1706815244
WALL 21197514 1 0 1706815245
WALL 21197514 1 0 1706815246
WALL 21197514 1 0 1706815247
WALL 21197514 1 0 1706815248
WALL 21197514 1 0 1706815249
WALL 21197514 1 0 1706815250
WALL 21197514 1 0 1706815251
WALL 21197514 1 0 1706815252
WALL 21197514 1 0 1706815253
WALL 21197514 1 0 1706815254
WALL 21197514 1 0 1706815255
WALL 21197514 1 0 1706815256
WALL 21197514 1 0 1706815257
WALL 21197514 1 0 1706815258
WALL 21197514 1 0 1706815259
WALL 21197514 1 0 1706815260
WALL 21197514 1 0 1706815261
WALL 21197514 1 0 1706815262
WALL 21197514 1 0 1706815263
WALL 21197514 1 0 1706815264
WALL 21197514 1 0 1706815265
WALL 21197514 1 0 1706815266
WALL 21197514 1 0 1706815267
WALL 21197514 1 0 1706815268
WALL 21197514 1 0 1706815269
WALL 21197514 1 0 1706815270
WALL 21197514 1 0 1706815271
WALL 21197514 1 0 1706815272
WALL 21197514 1 0 1706815273
WALL 21197514 1 0 1706815274
WALL 21197514 1 0 1706815275
WALL 21197514 1 0 1706815276
WALL 21197514 1 0 1706815277
WALL 21197514 1 0 1706815278
WALL 21197514 1 0 1706815279
WALL 21197514 1 0 1706815280
WALL 21197514 1 0 1706815281
WALL 21197514 1 0 1706815282
WALL 21197514 1 0 1706815283
WALL 21197514 1 0 1706815284
WALL 21197514 1 0 1706815285
WALL 21197514 1 0 1706815286
WALL 21197514 1 0 1706815287
WALL 21197514 1 0 1706815288
WALL 21197514 1 0 1706815289
WALL 21197514 1 0 1706815290
WALL 21197514 1 0 1706815291
WALL 21197514 1 0 1706815292
WALL 21197514 1 0 1706815293
WALL 21197514 1 0 1706815294
WALL 21197514 1 0 1706815295
WALL 21197514 1 0 1706815296
WALL 21197514 1 0 1706815297
WALL 21197514 1 0 1706815298
WALL 21197514 1 0 1706815299
WALL 21197514 1 0 1706815300
WALL 21197514 1 0 1706815301
WALL 21197514 1 0 1706815302
WALL 21197514 1 0 1706815303
WALL 21197514 1 0 1706815304
WALL 21197514 1 0 1706815305
WALL 21197514 1 0 1706815306
WALL 21197514 1 0 1706815307
WALL 21197514 1 0 1706815308
WALL 21197514 1 0 1706815309
WALL 21197514 1 0 1706815310
WALL 21197514 1 0 1706815311
WALL 21197514 1 0 1706815312
WALL 21197514 1 0 1706815313
WALL 21197514 1 0 1706815314
WALL 21197514 1 0 1706815315
WALL 21197514 1 0 1706815316
WALL 21197514 1 0 1706815317
WALL 21197514 1 0 1706815318
WALL 21197514 1 0 1706815319
WALL 21197514 1 0 1706815320
WALL 21197514 1 0 1706815321
WALL 21197514 1 0 1706815322
WALL 21197514 1 0 1706815323
WALL 21197514 1 0 1706815324
WALL 21197514 1 0 1706815325
WALL 21197514 1 0 1706815326
WALL 21197514 1 0 1706815327
WALL 21197514 1 0 1706815328
WALL 21197514 1 0 1706815329
WALL 21197514 1 0 1706815330
WALL 21197514 1 0 1706815331
WALL 21197514 1 0 1706815332
WALL 21197514 1 0 1706815333
WALL 21197514 1 0 1706815334
WALL 21197514 1 0 1706815335
WALL 21197514 1 0 1706815336
WALL 21197514 1 0 1706815337
WALL 21197514 1 0 1706815338
WALL 21197514 1 0 1706815339
WALL 21197514 1 0 1706815340
WALL 21197514 1 0 1706815341
WALL 21197514 1 0 1706815342
WALL 21197514 1 0 1706815343
WALL 21197514 1 0 1706815344
WALL 21197514 1 0 1706815345
WALL 21197514 1 0 1706815346
WALL 21197514 1 0 1706815347
WALL 21197514 1 0 1706815348
WALL 21197514 1 0 1706815349
WALL 21197514 1 0 1706815350
WALL 21197514 1 0 1706815351
WALL 21197514 1 0 1706815352
WALL 21197514 1 0 1706815353
WALL 21197514 1 0 1706815354
WALL 21197514 1 0 1706815355
WALL 21197514 1 0 1706815356
WALL 21197514 1 0 1706815357
WALL 21197514 1 0 1706815358
WALL 21197514 1 0 1706815359
WALL 21197514 1 0 1706815360
WALL 21197514 1 0 1706815361
WALL 21197514 1 0 1706815362
WALL 21197514 1 0 1706815363
WALL 21197514 1 0 1706815364
WALL 21197514 1 0 1706815365
WALL 21197514 1 0 1706815366
WALL 21197514 1 0 1706815367
WALL 21197514 1 0 1706815368
WALL 21197514 1 0 1706815369
WALL 21197514 1 0 1706815370
WALL 21197514 1 0 1706815371
WALL 21197514 1 0 1706815372
WALL 21197514 1 0 1706815373
WALL 21197514 1 0 1706815374
WALL 21197514 1 0 1706815375
WALL 21197514 1 0 1706815376
WALL 21197514 1 0 1706815377
WALL 21197514 1 0 1706815378
WALL 21197514 1 0 1706815379
WALL 21197514 1 0 1706815380
WALL 21197514 1 0 1706815381
WALL 21197514 1 0 1706815382
WALL 21197514 1 0 1706815383
WALL 21197514 1 0 1706815384
WALL 21197514 1 0 1706815385
WALL 21197514 1 0 1706815386
WALL 21197514 1 0 1706815387
WALL 21197514 1 0 1706815388
WALL 21197514 1 0 1706815389
WALL 21197514 1 0 1706815390
WALL 21197514 1 0 1706815391
WALL 21197514 1 0 1706815392
WALL 21197514 1 0 1706815393
WALL 21197514 1 0 1706815394
WALL 21197514 1 0 1706815395
WALL 21197514 1 0 1706815396
WALL 21197514 1 0 1706815397
WALL 21197514 1 0 1706815398
WALL 21197514 1 0 1706815399
WALL 21197514 1 0 1706815400
WALL 21197514 1 0 1706815401
WALL 21197514 1 0 1706815402
WALL 21197514 1 0 1706815403
WALL 21197514 1 0 1706815404
WALL 21197514 1 0 1706815405
WALL 21197514 1 0 1706815406
WALL 21197514 1 0 1706815407
WALL 21197514 1 0 1706815408
WALL 21197514 1 0 1706815409
WALL 21197514 1 0 1706815410
WALL 21197514 1 0 1706815411
WALL 21197514 1 0 1706815412
WALL 21197514 1 0 1706815413
WALL 21197514 1 0 1706815414
WALL 21197514 1 0 1706815415
WALL 21197514 1 0 1706815416
WALL 21197514 1 0 1706815417
WALL 21197514 1 0 1706815418
WALL 21197514 1 0 1706815419
WALL 21197514 1 0 1706815420
WALL 21197514 1 0 1706815421
WALL 21197514 1 0 1706815422
WALL 21197514 1 0 1706815423
WALL 21197514 1 0 1706815424
WALL 21197514 1 0 1706815425
WALL 21197514 1 0 1706815426
WALL 21197514 1 0 1706815427
WALL 21197514 1 0 1706815428
WALL 21197514 1 0 1706815429
WALL 21197514 1 0 1706815430
WALL 21197514 1 0 1706815431
WALL 21197514 1 0 1706815432
WALL 21197514 1 0 1706815433
WALL 21197514 1 0 1706815434
WALL 21197514 1 0 1706815435
WALL 21197514 1 0 1706815436
WALL 21197514 1 0 1706815437
WALL 21197514 1 0 1706815438
WALL 21197514 1 0 1706815439
WALL 21197514 1 0 1706815440
WALL 21197514 1 0 1706815441
WALL 21197514 1 0 1706815442
WALL 21197514 1 0 1706815443
WALL 21197514 1 0 1706815444
WALL 21197514 1 0 1706815445
WALL 21197514 1 0 1706815446
WALL 21197514 1 0 1706815447
WALL 21197514 1 0 1706815448
WALL 21197514 1 0 1706815449
WALL 21197514 1 0 1706815450
WALL 21197514 1 0 1706815451
WALL 21197514 1 0 1706815452
WALL 21197514 1 0 1706815453
WALL 21197514 1 0 1706815454
WALL 21197514 1 0 1706815455
WALL 21197514 1 0 1706815456
WALL 21197514 1 0 1706815457
WALL 21197514 1 0 1706815458
WALL 21197514 1 0 1706815459
WALL 21197514 1 0 1706815460
WALL 21197514 1 0 1706815461
WALL 21197514 1 0 1706815462
WALL 21197514 1 0 1706815463
WALL 21197514 1 0 1706815464
WALL 21197514 1 0 1706815465
WALL 21197514 1 0 1706815466
WALL 21197514 1 0 1706815467
WALL 21197514 1 0 1706815468
WALL 21197514 1 0 1706815469
WALL 21197514 1 0 1706815470
WALL 21197514 1 0 1706815471
WALL 21197514 1 0 1706815472
WALL 21197514 1 0 1706815473
WALL 21197514 1 0 1706815474
WALL 21197514 1 0 1706815475
WALL 21197514 1 0 1706815476
WALL 21197514 1 0 1706815477
WALL 21197514 1 0 1706815478
WALL 21197514 1 0 1706815479
WALL 21197514 1 0 1706815480
WALL 21197514 1 0 1706815481
WALL 21197514 1 0 1706815482
WALL 21197514 1 0 1706815483
WALL 21197514 1 0 1706815484
WALL 21197514 1 0 1706815485
WALL 21197514 1 0 1706815486
WALL 21197514 1 0 1706815487
WALL 21197514 1 0 1706815488
WALL 21197514 1 0 1706815489
WALL 21197514 1 0 1706815490
WALL 21197514 1 0 1706815491
WALL 21197514 1 0 1706815492
WALL 21197514 1 0 1706815493
WALL 21197514 1 0 1706815494
WALL 21197514 1 0 1706815495
WALL 21197514 1 0 1706815496
WALL 21197514 1 0 1706815497
WALL 21197514 1 0 1706815498
WALL 21197514 1 0 1706815499
WALL 21197514 1 0 1706815500
WALL 21197514 1 0 1706815501
WALL 21197514 1 0 1706815502
WALL 21197514 1 0 1706815503
WALL 21197514 1 0 1706815504
WALL 21197514 1 0 1706815505
WALL 21197514 1 0 1706815506
WALL 21197514 1 0 1706815507
WALL 21197514 1 0 1706815508
WALL 21197514 1 0 1706815509
WALL 21197514 1 0 1706815510
WALL 21197514 1 0 1706815511
WALL 21197514 1 0 1706815512
WALL 21197514 1 0 1706815513
WALL 21197514 1 0 1706815514
WALL 21197514 1 0 1706815515
WALL 21197514 1 0 1706815516
WALL 21197514 1 0 1706815517
WALL 21197514 1 0 1706815518
WALL 21197514 1 0 1706815519
WALL 21197514 1 0 1706815520
WALL 21197514 1 0 1706815521
WALL 21197514 1 0 1706815522
WALL 21197514 1 0 1706815523
WALL 21197514 1 0 1706815524
WALL 21197514 1 0 1706815525
WALL 21197514 1 0 1706815526
WALL 21197514 1 0 1706815527
WALL 21197514 1 0 1706815528
WALL 21197514 1 0 1706815529
WALL 21197514 1 0 1706815530
WALL 21197514 1 0 1706815531
WALL 21197514 1 0 1706815532
WALL 21197514 1 0 1706815533
WALL 21197514 1 0 1706815534
WALL 21197514 1 0 1706815535
WALL 21197514 1 0 1706815536
WALL 21197514 1 0 1706815537
WALL 21197514 1 0 1706815538
WALL 21197514 1 0 1706815539
WALL 21197514 1 0 1706815540
WALL 21197514 1 0 1706815541
WALL 21197514 1 0 1706815542
WALL 21197514 1 0 1706815543
WALL 21197514 1 0 1706815544
WALL 21197514 1 0 1706815545
WALL 21197514 1 0 1706815546
WALL 21197514 1 0 1706815547
WALL 21197514 1 0 1706815548
WALL 21197514 1 0 1706815549
WALL 21197514 1 0 1706815550
WALL 21197514 1 0 1706815551
WALL 21197514 1 0 1706815552
WALL 21197514 1 0 1706815553
WALL 21197514 1 0 1706815554
WALL 21197514 1 0 1706815555
WALL 21197514 1 0 1706815556
WALL 21197514 1 0 1706815557
WALL 21197514 1 0 1706815558
WALL 21197514 1 0 1706815559
WALL 21197514 1 0 1706815560
WALL 21197514 1 0 1706815561
WALL 21197514 1 0 1706815562
WALL 21197514 1 0 1706815563
WALL 21197514 1 0 1706815564
WALL 21197514 1 0 1706815565
WALL 21197514 1 0 1706815566
WALL 21197514 1 0 1706815567
WALL 21197514 1 0 1706815568
WALL 21197514 1 0 1706815569
WALL 21197514 1 0 1706815570
WALL 21197514 1 0 1706815571
WALL 21197514 1 0 1706815572
WALL 21197514 1 0 1706815573
WALL 21197514 1 0 1706815574
WALL 21197514 1 0 1706815575
WALL 21197514 1 0 1706815576
WALL 21197514 1 0 1706815577
WALL 21197514 1 0 1706815578
WALL 21197514 1 0 1706815579
WALL 21197514 1 0 1706815580
WALL 21197514 1 0 1706815581
WALL 21197514 1 0 1706815582
WALL 21197514 1 0 1706815583
WALL 21197514 1 0 1706815584
WALL 21197514 1 0 1706815585
WALL 21197514 1 0 1706815586
WALL 21197514 1 0 1706815587
WALL 21197514 1 0 1706815588
WALL 21197514 1 0 1706815589
WALL 21197514 1 0 1706815590
WALL 21197514 1 0 1706815591
WALL 21197514 1 0 1706815592
WALL 21197514 1 0 1706815593
WALL 21197514 1 0 1706815594
WALL 21197514 1 0 1706815595
WALL 21197514 1 0 1706815596
WALL 21197514 1 0 1706815597
WALL 21197514 1 0 1706815598
WALL 21197514 1 0 1706815599
WALL 21197514 1 0 1706815600
WALL 21197514 1 0 1706815601
WALL 21197514 1 0 1706815602
WALL 21197514 1 0 1706815603
WALL 21197514 1 0 1706815604
WALL 21197514 1 0 1706815605
WALL 21197514 1 0 1706815606
WALL 21197514 1 0 1706815607
WALL 21197514 1 0 1706815608
WALL 21197514 1 0 1706815609
WALL 21197514 1 0 1706815610
WALL 21197514 1 0 1706815611
WALL 21197514 1 0 1706815612
WALL 21197514 1 0 1706815613
WALL 21197514 1 0 1706815614
WALL 21197514 1 0 1706815615
WALL 21197514 1 0 1706815616
WALL 21197514 1 0 1706815617
WALL 21197514 1 0 1706815618
WALL 21197514 1 0 1706815619
WALL 21197514 1 0 1706815620
WALL 21197514 1 0 1706815621
WALL 21197514 1 0 1706815622
WALL 21197514 1 0 1706815623
WALL 21197514 1 0 1706815624
WALL 21197514 1 0 1706815625
WALL 21197514 1 0 1706815626
WALL 21197514 1 0 1706815627
WALL 21197514 1 0 1706815628
WALL 21197514 1 0 1706815629
WALL 21197514 1 0 1706815630
WALL 21197514 1 0 1706815631
WALL 21197514 1 0 1706815632
WALL 21197514 1 0 1706815633
WALL 21197514 1 0 1706815634
WALL 21197514 1 0 1706815635
WALL 21197514 1 0 1706815636
WALL 21197514 1 0 1706815637
WALL 21197514 1 0 1706815638
WALL 21197514 1 0 1706815639
WALL 21197514 1 0 1706815640
WALL 21197514 1 0 1706815641
WALL 21197514 1 0 1706815642
WALL 21197514 1 0 1706815643
WALL 21197514 1 0 1706815644
WALL 21197514 1 0 1706815645
WALL 21197514 1 0 1706815646
WALL 21197514 1 0 1706815647
WALL 21197514 1 0 1706815648
WALL 21197514 1 0 1706815649
WALL 21197514 1 0 1706815650
WALL 21197514 1 0 1706815651
WALL 21197514 1 0 1706815652
WALL 21197514 1 0 1706815653
WALL 21197514 1 0 1706815654
WALL 21197514 1 0 1706815655
WALL 21197514 1 0 1706815656
WALL 21197514 1 0 1706815657
WALL 21197514 1 0 1706815658
WALL 21197514 1 0 1706815659
WALL 21197514 1 0 1706815660
WALL 21197514 1 0 1706815661
WALL 21197514 1 0 1706815662
WALL 21197514 1 0 1706815663
WALL 21197514 1 0 1706815664
WALL 21197514 1 0 1706815665
WALL 21197514 1 0 1706815666
WALL 21197514 1 0 1706815667
WALL 21197514 1 0 1706815668
WALL 21197514 1 0 1706815669
WALL 21197514 1 0 1706815670
WALL 21197514 1 0 1706815671
WALL 21197514 1 0 1706815672
WALL 21197514 1 0 1706815673
WALL 21197514 1 0 1706815674
WALL 21197514 1 0 1706815675
WALL 21197514 1 0 1706815676
WALL 21197514 1 0 1706815677
WALL 21197514 1 0 1706815678
WALL 21197514 1 0 1706815679
WALL 21197514 1 0 1706815680
WALL 21197514 1 0 1706815681
WALL 21197514 1 0 1706815682
WALL 21197514 1 0 1706815683
WALL 21197514 1 0 1706815684
WALL 21197514 1 0 1706815685
WALL 21197514 1 0 1706815686
WALL 21197514 1 0 1706815687
WALL 21197514 1 0 1706815688
WALL 21197514 1 0 1706815689
WALL 21197514 1 0 1706815690
WALL 21197514 1 0 1706815691
WALL 21197514 1 0 1706815692
WALL 21197514 1 0 1706815693
WALL 21197514 1 0 1706815694
WALL 21197514 1 0 1706815695
WALL 21197514 1 0 1706815696
WALL 21197514 1 0 1706815697
WALL 21197514 1 0 1706815698
WALL 21197514 1 0 1706815699
WALL 21197514 1 0 1706815700
WALL 21197514 1 0 1706815701
WALL 21197514 1 0 1706815702
WALL 21197514 1 0 1706815703
WALL 21197514 1 0 1706815704
WALL 21197514 1 0 1706815705
WALL 21197514 1 0 1706815706
WALL 21197514 1 0 1706815707
WALL 21197514 1 0 1706815708
WALL 21197514 1 0 1706815709
WALL 21197514 1 0 1706815710
WALL 21197514 1 0 1706815711
WALL 21197514 1 0 1706815712
WALL 21197514 1 0 1706815713
WALL 21197514 1 0 1706815714
WALL 21197514 1 0 1706815715
WALL 21197514 1 0 1706815716
WALL 21197514 1 0 1706815717
WALL 21197514 1 0 1706815718
WALL 21197514 1 0 1706815719
WALL 21197514 1 0 1706815720
WALL 21197514 1 0 1706815721
WALL 21197514 1 0 1706815722
WALL 21197514 1 0 1706815723
WALL 21197514 1 0 1706815724
WALL 21197514 1 0 1706815725
WALL 21197514 1 0 1706815726
WALL 21197514 1 0 1706815727
WALL 21197514 1 0 1706815728
WALL 21197514 1 0 1706815729
WALL 21197514 1 0 1706815730
WALL 21197514 1 0 1706815731
WALL 21197514 1 0 1706815732
WALL 21197514 1 0 1706815733
WALL 21197514 1 0 1706815734
WALL 21197514 1 0 1706815735
WALL 21197514 1 0 1706815736
WALL 21197514 1 0 1706815737
WALL 21197514 1 0 1706815738
WALL 21197514 1 0 1706815739
WALL 21197514 1 0 1706815740
WALL 21197514 1 0 1706815741
WALL 21197514 1 0 1706815742
WALL 21197514 1 0 1706815743
WALL 21197514 1 0 1706815744
WALL 21197514 1 0 1706815745
WALL 21197514 1 0 1706815746
WALL 21197514 1 0 1706815747
WALL 21197514 1 0 1706815748
WALL 21197514 1 0 1706815749
WALL 21197514 1 0 1706815750
WALL 21197514 1 0 1706815751
WALL 21197514 1 0 1706815752
WALL 21197514 1 0 1706815753
WALL 21197514 1 0 1706815754
WALL 21197514 1 0 1706815755
WALL 21197514 1 0 1706815756
WALL 21197514 1 0 1706815757
WALL 21197514 1 0 1706815758
WALL 21197514 1 0 1706815759
WALL 21197514 1 0 1706815760
WALL 21197514 1 0 1706815761
WALL 21197514 1 0 1706815762
WALL 21197514 1 0 1706815763
WALL 21197514 1 0 1706815764
WALL 21197514 1 0 1706815765
WALL 21197514 1 0 1706815766
WALL 21197514 1 0 1706815767
WALL 21197514 1 0 1706815768
WALL 21197514 1 0 1706815769
WALL 21197514 1 0 1706815770
WALL 21197514 1 0 1706815771
WALL 21197514 1 0 1706815772
WALL 21197514 1 0 1706815773
WALL 21197514 1 0 1706815774
WALL 21197514 1 0 1706815775
WALL 21197514 1 0 1706815776
WALL 21197514 1 0 1706815777
WALL 21197514 1 0 1706815778
WALL 21197514 1 0 1706815779
WALL 21197514 1 0 1706815780
WALL 21197514 1 0 1706815781
WALL 21197514 1 0 1706815782
WALL 21197514 1 0 1706815783
WALL 21197514 1 0 1706815784
WALL 21197514 1 0 1706815785
WALL 21197514 1 0 1706815786
WALL 21197514 1 0 1706815787
WALL 21197514 1 0 1706815788
WALL 21197514 1 0 1706815789
WALL 21197514 1 0 1706815790
WALL 21197514 1 0 1706815791
WALL 21197514 1 0 1706815792
WALL 21197514 1 0 1706815793
WALL 21197514 1 0 1706815794
WALL 21197514 1 0 1706815795
WALL 21197514 1 0 1706815796
WALL 21197514 1 0 1706815797
WALL 21197514 1 0 1706815798
WALL 21197514 1 0 1706815799
WALL 21197514 1 0 1706815800
WALL 21197514 1 0 1706815801
WALL 21197514 1 0 1706815802
WALL 21197514 1 0 1706815803
WALL 21197514 1 0 1706815804
WALL 21197514 1 0 1706815805
WALL 21197514 1 0 1706815806
WALL 21197514 1 0 1706815807
WALL 21197514 1 0 1706815808
WALL 21197514 1 0 1706815809
WALL 21197514 1 0 1706815810
WALL 21197514 1 0 1706815811
WALL 21197514 1 0 1706815812
WALL 21197514 1 0 1706815813
WALL 21197514 1 0 1706815814
WALL 21197514 1 0 1706815815
WALL 21197514 1 0 1706815816
WALL 21197514 1 0 1706815817
WALL 21197514 1 0 1706815818
WALL 21197514 1 0 1706815819
WALL 21197514 1 0 1706815820
WALL 21197514 1 0 1706815821
WALL 21197514 1 0 1706815822
WALL 21197514 1 0 1706815823
WALL 21197514 1 0 1706815824
WALL 21197514 1 0 1706815825
WALL 21197514 1 0 1706815826
WALL 21197514 1 0 1706815827
WALL 21197514 1 0 1706815828
slurmstepd: error: *** STEP 21197514.0 ON nid200024 CANCELLED AT 2024-02-01T19:30:28 ***
received SIGTERM 1706815828
WALL 21197514 1 0 1706815828
received SIGCONT 1706815828
WALL 21197514 1 0 1706815828
WALL 21197514 1 0 1706815829
WALL 21197514 1 0 1706815830
WALL 21197514 1 0 1706815831
WALL 21197514 1 0 1706815832
WALL 21197514 1 0 1706815833
WALL 21197514 1 0 1706815834
WALL 21197514 1 0 1706815835
WALL 21197514 1 0 1706815836
WALL 21197514 1 0 1706815837
WALL 21197514 1 0 1706815838
WALL 21197514 1 0 1706815839
WALL 21197514 1 0 1706815840
WALL 21197514 1 0 1706815841
WALL 21197514 1 0 1706815842
WALL 21197514 1 0 1706815843
WALL 21197514 1 0 1706815844
WALL 21197514 1 0 1706815845
WALL 21197514 1 0 1706815846
WALL 21197514 1 0 1706815847
WALL 21197514 1 0 1706815848
WALL 21197514 1 0 1706815849
WALL 21197514 1 0 1706815850
WALL 21197514 1 0 1706815851
WALL 21197514 1 0 1706815852
WALL 21197514 1 0 1706815853
WALL 21197514 1 0 1706815854
WALL 21197514 1 0 1706815855
WALL 21197514 1 0 1706815856
WALL 21197514 1 0 1706815857
WALL 21197514 1 0 1706815858
WALL 21197514 1 0 1706815859
WALL 21197514 1 0 1706815860
WALL 21197514 1 0 1706815861
WALL 21197514 1 0 1706815862
WALL 21197514 1 0 1706815863
WALL 21197514 1 0 1706815864
WALL 21197514 1 0 1706815865
WALL 21197514 1 0 1706815866
WALL 21197514 1 0 1706815867
WALL 21197514 1 0 1706815868
WALL 21197514 1 0 1706815869
WALL 21197514 1 0 1706815870
WALL 21197514 1 0 1706815871
WALL 21197514 1 0 1706815872
WALL 21197514 1 0 1706815873
WALL 21197514 1 0 1706815874
WALL 21197514 1 0 1706815875
WALL 21197514 1 0 1706815876
WALL 21197514 1 0 1706815877
WALL 21197514 1 0 1706815878
WALL 21197514 1 0 1706815879
WALL 21197514 1 0 1706815880
WALL 21197514 1 0 1706815881
WALL 21197514 1 0 1706815882
WALL 21197514 1 0 1706815883
WALL 21197514 1 0 1706815884
WALL 21197514 1 0 1706815885
WALL 21197514 1 0 1706815886
WALL 21197514 1 0 1706815887
WALL 21197514 1 0 1706815888
WALL 21197514 1 0 1706815889
WALL 21197514 1 0 1706815890
WALL 21197514 1 0 1706815891
WALL 21197514 1 0 1706815892
WALL 21197514 1 0 1706815893
WALL 21197514 1 0 1706815894
WALL 21197514 1 0 1706815895
WALL 21197514 1 0 1706815896
WALL 21197514 1 0 1706815897
WALL 21197514 1 0 1706815898
WALL 21197514 1 0 1706815899
WALL 21197514 1 0 1706815900
WALL 21197514 1 0 1706815901
WALL 21197514 1 0 1706815902
WALL 21197514 1 0 1706815903
WALL 21197514 1 0 1706815904
WALL 21197514 1 0 1706815905
WALL 21197514 1 0 1706815906
WALL 21197514 1 0 1706815907
WALL 21197514 1 0 1706815908
WALL 21197514 1 0 1706815909
WALL 21197514 1 0 1706815910
WALL 21197514 1 0 1706815911
WALL 21197514 1 0 1706815912
WALL 21197514 1 0 1706815913
WALL 21197514 1 0 1706815914
WALL 21197514 1 0 1706815915
WALL 21197514 1 0 1706815916
slurmstepd: error: *** JOB 21197514 ON nid200024 CANCELLED AT 2024-02-01T19:31:57 DUE TO PREEMPTION ***
received SIGTERM 1706815917
WALL 21197514 1 0 1706815917
received SIGCONT 1706815917
WALL 21197514 1 0 1706815917
received SIGTERM 1706815917
WALL 21197514 1 0 1706815917
