srun: warning: can't run 1 processes on 2 nodes, setting nnodes to 1
WALL 21211607 1 0 1706831297
WALL 21211607 1 0 1706831298
WALL 21211607 1 0 1706831299
WALL 21211607 1 0 1706831300
WALL 21211607 1 0 1706831301
WALL 21211607 1 0 1706831302
WALL 21211607 1 0 1706831303
WALL 21211607 1 0 1706831304
WALL 21211607 1 0 1706831305
WALL 21211607 1 0 1706831306
WALL 21211607 1 0 1706831307
WALL 21211607 1 0 1706831308
WALL 21211607 1 0 1706831309
WALL 21211607 1 0 1706831310
WALL 21211607 1 0 1706831311
WALL 21211607 1 0 1706831312
WALL 21211607 1 0 1706831313
WALL 21211607 1 0 1706831314
WALL 21211607 1 0 1706831315
WALL 21211607 1 0 1706831316
WALL 21211607 1 0 1706831317
WALL 21211607 1 0 1706831318
WALL 21211607 1 0 1706831319
WALL 21211607 1 0 1706831320
WALL 21211607 1 0 1706831321
WALL 21211607 1 0 1706831322
WALL 21211607 1 0 1706831323
WALL 21211607 1 0 1706831324
WALL 21211607 1 0 1706831325
WALL 21211607 1 0 1706831326
WALL 21211607 1 0 1706831327
WALL 21211607 1 0 1706831328
WALL 21211607 1 0 1706831329
WALL 21211607 1 0 1706831330
WALL 21211607 1 0 1706831331
WALL 21211607 1 0 1706831332
WALL 21211607 1 0 1706831333
WALL 21211607 1 0 1706831334
WALL 21211607 1 0 1706831335
WALL 21211607 1 0 1706831336
WALL 21211607 1 0 1706831337
WALL 21211607 1 0 1706831338
WALL 21211607 1 0 1706831339
WALL 21211607 1 0 1706831340
WALL 21211607 1 0 1706831341
WALL 21211607 1 0 1706831342
WALL 21211607 1 0 1706831343
WALL 21211607 1 0 1706831344
WALL 21211607 1 0 1706831345
WALL 21211607 1 0 1706831346
WALL 21211607 1 0 1706831347
WALL 21211607 1 0 1706831348
WALL 21211607 1 0 1706831349
WALL 21211607 1 0 1706831350
WALL 21211607 1 0 1706831351
WALL 21211607 1 0 1706831352
WALL 21211607 1 0 1706831353
WALL 21211607 1 0 1706831354
WALL 21211607 1 0 1706831355
WALL 21211607 1 0 1706831356
WALL 21211607 1 0 1706831357
WALL 21211607 1 0 1706831358
WALL 21211607 1 0 1706831359
WALL 21211607 1 0 1706831360
WALL 21211607 1 0 1706831361
WALL 21211607 1 0 1706831362
WALL 21211607 1 0 1706831363
WALL 21211607 1 0 1706831364
WALL 21211607 1 0 1706831365
WALL 21211607 1 0 1706831366
WALL 21211607 1 0 1706831367
WALL 21211607 1 0 1706831368
WALL 21211607 1 0 1706831369
WALL 21211607 1 0 1706831370
WALL 21211607 1 0 1706831371
WALL 21211607 1 0 1706831372
WALL 21211607 1 0 1706831373
WALL 21211607 1 0 1706831374
WALL 21211607 1 0 1706831375
WALL 21211607 1 0 1706831376
WALL 21211607 1 0 1706831377
WALL 21211607 1 0 1706831378
WALL 21211607 1 0 1706831379
WALL 21211607 1 0 1706831380
WALL 21211607 1 0 1706831381
WALL 21211607 1 0 1706831382
WALL 21211607 1 0 1706831383
WALL 21211607 1 0 1706831384
WALL 21211607 1 0 1706831385
WALL 21211607 1 0 1706831386
WALL 21211607 1 0 1706831387
WALL 21211607 1 0 1706831388
WALL 21211607 1 0 1706831389
WALL 21211607 1 0 1706831390
slurmstepd: error: *** STEP 21211607.0 ON nid200039 CANCELLED AT 2024-02-01T23:49:51 ***
received SIGTERM 1706831391
WALL 21211607 1 0 1706831391
received SIGCONT 1706831391
WALL 21211607 1 0 1706831391
WALL 21211607 1 0 1706831392
WALL 21211607 1 0 1706831393
WALL 21211607 1 0 1706831394
WALL 21211607 1 0 1706831395
WALL 21211607 1 0 1706831396
WALL 21211607 1 0 1706831397
WALL 21211607 1 0 1706831398
WALL 21211607 1 0 1706831399
WALL 21211607 1 0 1706831400
WALL 21211607 1 0 1706831401
WALL 21211607 1 0 1706831402
WALL 21211607 1 0 1706831403
WALL 21211607 1 0 1706831404
WALL 21211607 1 0 1706831405
WALL 21211607 1 0 1706831406
WALL 21211607 1 0 1706831407
WALL 21211607 1 0 1706831408
WALL 21211607 1 0 1706831409
WALL 21211607 1 0 1706831410
WALL 21211607 1 0 1706831411
WALL 21211607 1 0 1706831412
WALL 21211607 1 0 1706831413
WALL 21211607 1 0 1706831414
WALL 21211607 1 0 1706831415
WALL 21211607 1 0 1706831416
WALL 21211607 1 0 1706831417
WALL 21211607 1 0 1706831418
WALL 21211607 1 0 1706831419
WALL 21211607 1 0 1706831420
WALL 21211607 1 0 1706831421
WALL 21211607 1 0 1706831422
WALL 21211607 1 0 1706831423
WALL 21211607 1 0 1706831424
WALL 21211607 1 0 1706831425
WALL 21211607 1 0 1706831426
WALL 21211607 1 0 1706831427
WALL 21211607 1 0 1706831428
WALL 21211607 1 0 1706831429
WALL 21211607 1 0 1706831430
WALL 21211607 1 0 1706831431
WALL 21211607 1 0 1706831432
WALL 21211607 1 0 1706831433
WALL 21211607 1 0 1706831434
WALL 21211607 1 0 1706831435
WALL 21211607 1 0 1706831436
WALL 21211607 1 0 1706831437
WALL 21211607 1 0 1706831438
WALL 21211607 1 0 1706831439
WALL 21211607 1 0 1706831440
WALL 21211607 1 0 1706831441
WALL 21211607 1 0 1706831442
WALL 21211607 1 0 1706831443
WALL 21211607 1 0 1706831444
WALL 21211607 1 0 1706831445
WALL 21211607 1 0 1706831446
WALL 21211607 1 0 1706831447
WALL 21211607 1 0 1706831448
WALL 21211607 1 0 1706831449
WALL 21211607 1 0 1706831450
WALL 21211607 1 0 1706831451
WALL 21211607 1 0 1706831452
WALL 21211607 1 0 1706831453
WALL 21211607 1 0 1706831454
WALL 21211607 1 0 1706831455
WALL 21211607 1 0 1706831456
WALL 21211607 1 0 1706831457
WALL 21211607 1 0 1706831458
WALL 21211607 1 0 1706831459
WALL 21211607 1 0 1706831460
WALL 21211607 1 0 1706831461
slurmstepd: error: *** JOB 21211607 ON nid200039 CANCELLED AT 2024-02-01T23:51:01 DUE TO PREEMPTION ***
received SIGTERM 1706831461
WALL 21211607 1 0 1706831461
received SIGCONT 1706831461
WALL 21211607 1 0 1706831461
received SIGTERM 1706831461
WALL 21211607 1 0 1706831461
