WALL 21207466 1 0 1706821425
WALL 21207466 1 0 1706821426
WALL 21207466 1 0 1706821427
WALL 21207466 1 0 1706821428
WALL 21207466 1 0 1706821429
WALL 21207466 1 0 1706821430
WALL 21207466 1 0 1706821431
WALL 21207466 1 0 1706821432
WALL 21207466 1 0 1706821433
WALL 21207466 1 0 1706821434
WALL 21207466 1 0 1706821435
WALL 21207466 1 0 1706821436
WALL 21207466 1 0 1706821437
WALL 21207466 1 0 1706821438
WALL 21207466 1 0 1706821439
WALL 21207466 1 0 1706821440
WALL 21207466 1 0 1706821441
WALL 21207466 1 0 1706821442
WALL 21207466 1 0 1706821443
WALL 21207466 1 0 1706821444
WALL 21207466 1 0 1706821445
WALL 21207466 1 0 1706821446
WALL 21207466 1 0 1706821447
WALL 21207466 1 0 1706821448
WALL 21207466 1 0 1706821449
WALL 21207466 1 0 1706821450
WALL 21207466 1 0 1706821451
WALL 21207466 1 0 1706821452
WALL 21207466 1 0 1706821453
WALL 21207466 1 0 1706821454
WALL 21207466 1 0 1706821455
WALL 21207466 1 0 1706821456
WALL 21207466 1 0 1706821457
WALL 21207466 1 0 1706821458
WALL 21207466 1 0 1706821459
WALL 21207466 1 0 1706821460
WALL 21207466 1 0 1706821461
WALL 21207466 1 0 1706821462
WALL 21207466 1 0 1706821463
WALL 21207466 1 0 1706821464
WALL 21207466 1 0 1706821465
WALL 21207466 1 0 1706821466
WALL 21207466 1 0 1706821467
WALL 21207466 1 0 1706821468
WALL 21207466 1 0 1706821469
WALL 21207466 1 0 1706821470
WALL 21207466 1 0 1706821471
WALL 21207466 1 0 1706821472
WALL 21207466 1 0 1706821473
WALL 21207466 1 0 1706821474
WALL 21207466 1 0 1706821475
WALL 21207466 1 0 1706821476
WALL 21207466 1 0 1706821477
WALL 21207466 1 0 1706821478
WALL 21207466 1 0 1706821479
WALL 21207466 1 0 1706821480
WALL 21207466 1 0 1706821481
WALL 21207466 1 0 1706821482
WALL 21207466 1 0 1706821483
WALL 21207466 1 0 1706821484
WALL 21207466 1 0 1706821485
WALL 21207466 1 0 1706821486
WALL 21207466 1 0 1706821487
WALL 21207466 1 0 1706821488
WALL 21207466 1 0 1706821489
WALL 21207466 1 0 1706821490
WALL 21207466 1 0 1706821491
WALL 21207466 1 0 1706821492
WALL 21207466 1 0 1706821493
WALL 21207466 1 0 1706821494
WALL 21207466 1 0 1706821495
WALL 21207466 1 0 1706821496
WALL 21207466 1 0 1706821497
WALL 21207466 1 0 1706821498
WALL 21207466 1 0 1706821499
WALL 21207466 1 0 1706821500
WALL 21207466 1 0 1706821501
WALL 21207466 1 0 1706821502
WALL 21207466 1 0 1706821503
WALL 21207466 1 0 1706821504
WALL 21207466 1 0 1706821505
WALL 21207466 1 0 1706821506
WALL 21207466 1 0 1706821507
WALL 21207466 1 0 1706821508
WALL 21207466 1 0 1706821509
WALL 21207466 1 0 1706821510
WALL 21207466 1 0 1706821511
WALL 21207466 1 0 1706821512
WALL 21207466 1 0 1706821513
WALL 21207466 1 0 1706821514
WALL 21207466 1 0 1706821515
WALL 21207466 1 0 1706821516
WALL 21207466 1 0 1706821517
WALL 21207466 1 0 1706821518
WALL 21207466 1 0 1706821519
WALL 21207466 1 0 1706821520
WALL 21207466 1 0 1706821521
WALL 21207466 1 0 1706821522
WALL 21207466 1 0 1706821523
WALL 21207466 1 0 1706821524
WALL 21207466 1 0 1706821525
WALL 21207466 1 0 1706821526
WALL 21207466 1 0 1706821527
WALL 21207466 1 0 1706821528
WALL 21207466 1 0 1706821529
WALL 21207466 1 0 1706821530
WALL 21207466 1 0 1706821531
WALL 21207466 1 0 1706821532
WALL 21207466 1 0 1706821533
WALL 21207466 1 0 1706821534
WALL 21207466 1 0 1706821535
WALL 21207466 1 0 1706821536
WALL 21207466 1 0 1706821537
WALL 21207466 1 0 1706821538
WALL 21207466 1 0 1706821539
WALL 21207466 1 0 1706821540
WALL 21207466 1 0 1706821541
WALL 21207466 1 0 1706821542
WALL 21207466 1 0 1706821543
WALL 21207466 1 0 1706821544
WALL 21207466 1 0 1706821545
WALL 21207466 1 0 1706821546
WALL 21207466 1 0 1706821547
WALL 21207466 1 0 1706821548
WALL 21207466 1 0 1706821549
WALL 21207466 1 0 1706821550
WALL 21207466 1 0 1706821551
WALL 21207466 1 0 1706821552
WALL 21207466 1 0 1706821553
WALL 21207466 1 0 1706821554
WALL 21207466 1 0 1706821555
WALL 21207466 1 0 1706821556
WALL 21207466 1 0 1706821557
slurmstepd: error: *** STEP 21207466.0 ON nid200021 CANCELLED AT 2024-02-01T21:05:57 ***
received SIGTERM 1706821557
WALL 21207466 1 0 1706821557
received SIGCONT 1706821557
WALL 21207466 1 0 1706821557
WALL 21207466 1 0 1706821558
WALL 21207466 1 0 1706821559
WALL 21207466 1 0 1706821560
WALL 21207466 1 0 1706821561
WALL 21207466 1 0 1706821562
WALL 21207466 1 0 1706821563
WALL 21207466 1 0 1706821564
WALL 21207466 1 0 1706821565
WALL 21207466 1 0 1706821566
WALL 21207466 1 0 1706821567
WALL 21207466 1 0 1706821568
WALL 21207466 1 0 1706821569
WALL 21207466 1 0 1706821570
WALL 21207466 1 0 1706821571
WALL 21207466 1 0 1706821572
WALL 21207466 1 0 1706821573
WALL 21207466 1 0 1706821574
WALL 21207466 1 0 1706821575
WALL 21207466 1 0 1706821576
WALL 21207466 1 0 1706821577
WALL 21207466 1 0 1706821578
WALL 21207466 1 0 1706821579
WALL 21207466 1 0 1706821580
WALL 21207466 1 0 1706821581
WALL 21207466 1 0 1706821582
WALL 21207466 1 0 1706821583
WALL 21207466 1 0 1706821584
WALL 21207466 1 0 1706821585
WALL 21207466 1 0 1706821586
WALL 21207466 1 0 1706821587
WALL 21207466 1 0 1706821588
WALL 21207466 1 0 1706821589
WALL 21207466 1 0 1706821590
WALL 21207466 1 0 1706821591
WALL 21207466 1 0 1706821592
WALL 21207466 1 0 1706821593
WALL 21207466 1 0 1706821594
WALL 21207466 1 0 1706821595
WALL 21207466 1 0 1706821596
WALL 21207466 1 0 1706821597
WALL 21207466 1 0 1706821598
WALL 21207466 1 0 1706821599
WALL 21207466 1 0 1706821600
WALL 21207466 1 0 1706821601
WALL 21207466 1 0 1706821602
WALL 21207466 1 0 1706821603
WALL 21207466 1 0 1706821604
WALL 21207466 1 0 1706821605
WALL 21207466 1 0 1706821606
WALL 21207466 1 0 1706821607
WALL 21207466 1 0 1706821608
WALL 21207466 1 0 1706821609
WALL 21207466 1 0 1706821610
WALL 21207466 1 0 1706821611
WALL 21207466 1 0 1706821612
WALL 21207466 1 0 1706821613
WALL 21207466 1 0 1706821614
WALL 21207466 1 0 1706821615
WALL 21207466 1 0 1706821616
WALL 21207466 1 0 1706821617
WALL 21207466 1 0 1706821618
WALL 21207466 1 0 1706821619
WALL 21207466 1 0 1706821620
WALL 21207466 1 0 1706821621
WALL 21207466 1 0 1706821622
WALL 21207466 1 0 1706821623
WALL 21207466 1 0 1706821624
WALL 21207466 1 0 1706821625
WALL 21207466 1 0 1706821626
WALL 21207466 1 0 1706821627
WALL 21207466 1 0 1706821628
WALL 21207466 1 0 1706821629
WALL 21207466 1 0 1706821630
WALL 21207466 1 0 1706821631
WALL 21207466 1 0 1706821632
WALL 21207466 1 0 1706821633
WALL 21207466 1 0 1706821634
WALL 21207466 1 0 1706821635
WALL 21207466 1 0 1706821636
WALL 21207466 1 0 1706821637
WALL 21207466 1 0 1706821638
WALL 21207466 1 0 1706821639
WALL 21207466 1 0 1706821640
slurmstepd: error: *** JOB 21207466 ON nid200021 CANCELLED AT 2024-02-01T21:07:21 DUE TO PREEMPTION ***
received SIGTERM 1706821641
WALL 21207466 1 0 1706821641
received SIGCONT 1706821641
WALL 21207466 1 0 1706821641
received SIGTERM 1706821641
WALL 21207466 1 0 1706821641
