WALL 21207425 1 0 1706821293
WALL 21207425 1 0 1706821294
WALL 21207425 1 0 1706821295
WALL 21207425 1 0 1706821296
WALL 21207425 1 0 1706821297
WALL 21207425 1 0 1706821298
WALL 21207425 1 0 1706821299
WALL 21207425 1 0 1706821300
WALL 21207425 1 0 1706821301
WALL 21207425 1 0 1706821302
WALL 21207425 1 0 1706821303
WALL 21207425 1 0 1706821304
WALL 21207425 1 0 1706821305
WALL 21207425 1 0 1706821306
WALL 21207425 1 0 1706821307
WALL 21207425 1 0 1706821308
WALL 21207425 1 0 1706821309
WALL 21207425 1 0 1706821310
WALL 21207425 1 0 1706821311
WALL 21207425 1 0 1706821312
WALL 21207425 1 0 1706821313
WALL 21207425 1 0 1706821314
WALL 21207425 1 0 1706821315
WALL 21207425 1 0 1706821316
WALL 21207425 1 0 1706821317
WALL 21207425 1 0 1706821318
WALL 21207425 1 0 1706821319
WALL 21207425 1 0 1706821320
WALL 21207425 1 0 1706821321
WALL 21207425 1 0 1706821322
WALL 21207425 1 0 1706821323
WALL 21207425 1 0 1706821324
WALL 21207425 1 0 1706821325
WALL 21207425 1 0 1706821326
WALL 21207425 1 0 1706821327
WALL 21207425 1 0 1706821328
WALL 21207425 1 0 1706821329
WALL 21207425 1 0 1706821330
WALL 21207425 1 0 1706821331
WALL 21207425 1 0 1706821332
WALL 21207425 1 0 1706821333
WALL 21207425 1 0 1706821334
WALL 21207425 1 0 1706821335
WALL 21207425 1 0 1706821336
WALL 21207425 1 0 1706821337
WALL 21207425 1 0 1706821338
WALL 21207425 1 0 1706821339
WALL 21207425 1 0 1706821340
WALL 21207425 1 0 1706821341
WALL 21207425 1 0 1706821342
WALL 21207425 1 0 1706821343
WALL 21207425 1 0 1706821344
WALL 21207425 1 0 1706821345
WALL 21207425 1 0 1706821346
WALL 21207425 1 0 1706821347
WALL 21207425 1 0 1706821348
WALL 21207425 1 0 1706821349
WALL 21207425 1 0 1706821350
WALL 21207425 1 0 1706821351
WALL 21207425 1 0 1706821352
WALL 21207425 1 0 1706821353
WALL 21207425 1 0 1706821354
WALL 21207425 1 0 1706821355
WALL 21207425 1 0 1706821356
WALL 21207425 1 0 1706821357
WALL 21207425 1 0 1706821358
WALL 21207425 1 0 1706821359
WALL 21207425 1 0 1706821360
WALL 21207425 1 0 1706821361
WALL 21207425 1 0 1706821362
WALL 21207425 1 0 1706821363
WALL 21207425 1 0 1706821364
WALL 21207425 1 0 1706821365
WALL 21207425 1 0 1706821366
WALL 21207425 1 0 1706821367
WALL 21207425 1 0 1706821368
WALL 21207425 1 0 1706821369
WALL 21207425 1 0 1706821370
slurmstepd: error: *** STEP 21207425.0 ON nid200009 CANCELLED AT 2024-02-01T21:02:50 ***
received SIGTERM 1706821370
WALL 21207425 1 0 1706821370
received SIGCONT 1706821370
WALL 21207425 1 0 1706821370
WALL 21207425 1 0 1706821371
WALL 21207425 1 0 1706821372
WALL 21207425 1 0 1706821373
WALL 21207425 1 0 1706821374
WALL 21207425 1 0 1706821375
WALL 21207425 1 0 1706821376
WALL 21207425 1 0 1706821377
WALL 21207425 1 0 1706821378
WALL 21207425 1 0 1706821379
WALL 21207425 1 0 1706821380
WALL 21207425 1 0 1706821381
WALL 21207425 1 0 1706821382
WALL 21207425 1 0 1706821383
WALL 21207425 1 0 1706821384
WALL 21207425 1 0 1706821385
WALL 21207425 1 0 1706821386
WALL 21207425 1 0 1706821387
WALL 21207425 1 0 1706821388
WALL 21207425 1 0 1706821389
WALL 21207425 1 0 1706821390
WALL 21207425 1 0 1706821391
WALL 21207425 1 0 1706821392
WALL 21207425 1 0 1706821393
WALL 21207425 1 0 1706821394
WALL 21207425 1 0 1706821395
WALL 21207425 1 0 1706821396
WALL 21207425 1 0 1706821397
WALL 21207425 1 0 1706821398
WALL 21207425 1 0 1706821399
WALL 21207425 1 0 1706821400
WALL 21207425 1 0 1706821401
WALL 21207425 1 0 1706821402
WALL 21207425 1 0 1706821403
WALL 21207425 1 0 1706821404
WALL 21207425 1 0 1706821405
WALL 21207425 1 0 1706821406
WALL 21207425 1 0 1706821407
WALL 21207425 1 0 1706821408
WALL 21207425 1 0 1706821409
WALL 21207425 1 0 1706821410
WALL 21207425 1 0 1706821411
WALL 21207425 1 0 1706821412
WALL 21207425 1 0 1706821413
WALL 21207425 1 0 1706821414
WALL 21207425 1 0 1706821415
WALL 21207425 1 0 1706821416
WALL 21207425 1 0 1706821417
WALL 21207425 1 0 1706821418
WALL 21207425 1 0 1706821419
WALL 21207425 1 0 1706821420
WALL 21207425 1 0 1706821421
WALL 21207425 1 0 1706821422
WALL 21207425 1 0 1706821423
WALL 21207425 1 0 1706821424
WALL 21207425 1 0 1706821425
WALL 21207425 1 0 1706821426
WALL 21207425 1 0 1706821427
WALL 21207425 1 0 1706821428
WALL 21207425 1 0 1706821429
WALL 21207425 1 0 1706821430
WALL 21207425 1 0 1706821431
WALL 21207425 1 0 1706821432
WALL 21207425 1 0 1706821433
WALL 21207425 1 0 1706821434
WALL 21207425 1 0 1706821435
WALL 21207425 1 0 1706821436
WALL 21207425 1 0 1706821437
WALL 21207425 1 0 1706821438
WALL 21207425 1 0 1706821439
WALL 21207425 1 0 1706821440
WALL 21207425 1 0 1706821441
WALL 21207425 1 0 1706821442
WALL 21207425 1 0 1706821443
WALL 21207425 1 0 1706821444
WALL 21207425 1 0 1706821445
WALL 21207425 1 0 1706821446
WALL 21207425 1 0 1706821447
WALL 21207425 1 0 1706821448
WALL 21207425 1 0 1706821449
slurmstepd: error: *** JOB 21207425 ON nid200009 CANCELLED AT 2024-02-01T21:04:10 DUE TO PREEMPTION ***
received SIGTERM 1706821450
WALL 21207425 1 0 1706821450
received SIGCONT 1706821450
WALL 21207425 1 0 1706821450
received SIGTERM 1706821450
WALL 21207425 1 0 1706821450
