srun: warning: can't run 1 processes on 4 nodes, setting nnodes to 1
WALL 21209544 1 0 1706824489
WALL 21209544 1 0 1706824490
WALL 21209544 1 0 1706824491
WALL 21209544 1 0 1706824492
WALL 21209544 1 0 1706824493
WALL 21209544 1 0 1706824494
WALL 21209544 1 0 1706824495
WALL 21209544 1 0 1706824496
WALL 21209544 1 0 1706824497
WALL 21209544 1 0 1706824498
WALL 21209544 1 0 1706824499
WALL 21209544 1 0 1706824500
WALL 21209544 1 0 1706824501
WALL 21209544 1 0 1706824502
WALL 21209544 1 0 1706824503
received SIGCONT 1706824503
WALL 21209544 1 0 1706824503
slurmstepd: error: *** STEP 21209544.0 ON nid200006 CANCELLED AT 2024-02-01T21:55:03 ***
received SIGTERM 1706824503
slurmstepd: error: *** JOB 21209544 ON nid200006 CANCELLED AT 2024-02-01T21:55:03 ***
WALL 21209544 1 0 1706824503
