srun: warning: can't run 1 processes on 2 nodes, setting nnodes to 1
WALL 21210655 1 0 1706828649
WALL 21210655 1 0 1706828650
WALL 21210655 1 0 1706828651
WALL 21210655 1 0 1706828652
WALL 21210655 1 0 1706828653
WALL 21210655 1 0 1706828654
WALL 21210655 1 0 1706828655
WALL 21210655 1 0 1706828656
WALL 21210655 1 0 1706828657
WALL 21210655 1 0 1706828658
WALL 21210655 1 0 1706828659
WALL 21210655 1 0 1706828660
WALL 21210655 1 0 1706828661
WALL 21210655 1 0 1706828662
WALL 21210655 1 0 1706828663
WALL 21210655 1 0 1706828664
WALL 21210655 1 0 1706828665
WALL 21210655 1 0 1706828666
WALL 21210655 1 0 1706828667
WALL 21210655 1 0 1706828668
WALL 21210655 1 0 1706828669
WALL 21210655 1 0 1706828670
WALL 21210655 1 0 1706828671
WALL 21210655 1 0 1706828672
WALL 21210655 1 0 1706828673
WALL 21210655 1 0 1706828674
WALL 21210655 1 0 1706828675
WALL 21210655 1 0 1706828676
WALL 21210655 1 0 1706828677
WALL 21210655 1 0 1706828678
WALL 21210655 1 0 1706828679
WALL 21210655 1 0 1706828680
slurmstepd: error: *** STEP 21210655.0 ON nid200043 CANCELLED AT 2024-02-01T23:04:41 ***
received SIGTERM 1706828681
WALL 21210655 1 0 1706828681
received SIGCONT 1706828681
WALL 21210655 1 0 1706828681
WALL 21210655 1 0 1706828682
WALL 21210655 1 0 1706828683
WALL 21210655 1 0 1706828684
WALL 21210655 1 0 1706828685
WALL 21210655 1 0 1706828686
WALL 21210655 1 0 1706828687
WALL 21210655 1 0 1706828688
WALL 21210655 1 0 1706828689
WALL 21210655 1 0 1706828690
WALL 21210655 1 0 1706828691
WALL 21210655 1 0 1706828692
WALL 21210655 1 0 1706828693
WALL 21210655 1 0 1706828694
WALL 21210655 1 0 1706828695
WALL 21210655 1 0 1706828696
WALL 21210655 1 0 1706828697
WALL 21210655 1 0 1706828698
WALL 21210655 1 0 1706828699
WALL 21210655 1 0 1706828700
WALL 21210655 1 0 1706828701
WALL 21210655 1 0 1706828702
WALL 21210655 1 0 1706828703
WALL 21210655 1 0 1706828704
WALL 21210655 1 0 1706828705
WALL 21210655 1 0 1706828706
WALL 21210655 1 0 1706828707
WALL 21210655 1 0 1706828708
WALL 21210655 1 0 1706828709
WALL 21210655 1 0 1706828710
WALL 21210655 1 0 1706828711
WALL 21210655 1 0 1706828712
WALL 21210655 1 0 1706828713
WALL 21210655 1 0 1706828714
WALL 21210655 1 0 1706828715
WALL 21210655 1 0 1706828716
WALL 21210655 1 0 1706828717
WALL 21210655 1 0 1706828718
WALL 21210655 1 0 1706828719
WALL 21210655 1 0 1706828720
WALL 21210655 1 0 1706828721
WALL 21210655 1 0 1706828722
WALL 21210655 1 0 1706828723
WALL 21210655 1 0 1706828724
WALL 21210655 1 0 1706828725
WALL 21210655 1 0 1706828726
WALL 21210655 1 0 1706828727
WALL 21210655 1 0 1706828728
WALL 21210655 1 0 1706828729
WALL 21210655 1 0 1706828730
WALL 21210655 1 0 1706828731
WALL 21210655 1 0 1706828732
WALL 21210655 1 0 1706828733
WALL 21210655 1 0 1706828734
WALL 21210655 1 0 1706828735
WALL 21210655 1 0 1706828736
WALL 21210655 1 0 1706828737
WALL 21210655 1 0 1706828738
WALL 21210655 1 0 1706828739
WALL 21210655 1 0 1706828740
WALL 21210655 1 0 1706828741
WALL 21210655 1 0 1706828742
WALL 21210655 1 0 1706828743
WALL 21210655 1 0 1706828744
WALL 21210655 1 0 1706828745
WALL 21210655 1 0 1706828746
WALL 21210655 1 0 1706828747
WALL 21210655 1 0 1706828748
WALL 21210655 1 0 1706828749
WALL 21210655 1 0 1706828750
WALL 21210655 1 0 1706828751
WALL 21210655 1 0 1706828752
WALL 21210655 1 0 1706828753
WALL 21210655 1 0 1706828754
WALL 21210655 1 0 1706828755
WALL 21210655 1 0 1706828756
WALL 21210655 1 0 1706828757
WALL 21210655 1 0 1706828758
WALL 21210655 1 0 1706828759
slurmstepd: error: *** JOB 21210655 ON nid200043 CANCELLED AT 2024-02-01T23:06:00 DUE TO PREEMPTION ***
received SIGTERM 1706828760
WALL 21210655 1 0 1706828760
received SIGCONT 1706828760
WALL 21210655 1 0 1706828760
received SIGTERM 1706828760
WALL 21210655 1 0 1706828760
