WALL 21238928 1 0 1706909468
WALL 21238928 1 0 1706909469
WALL 21238928 1 0 1706909470
WALL 21238928 1 0 1706909471
WALL 21238928 1 0 1706909472
WALL 21238928 1 0 1706909473
WALL 21238928 1 0 1706909474
WALL 21238928 1 0 1706909475
WALL 21238928 1 0 1706909476
WALL 21238928 1 0 1706909477
WALL 21238928 1 0 1706909478
WALL 21238928 1 0 1706909479
WALL 21238928 1 0 1706909480
WALL 21238928 1 0 1706909481
WALL 21238928 1 0 1706909482
WALL 21238928 1 0 1706909483
WALL 21238928 1 0 1706909484
WALL 21238928 1 0 1706909485
WALL 21238928 1 0 1706909486
WALL 21238928 1 0 1706909487
WALL 21238928 1 0 1706909488
WALL 21238928 1 0 1706909489
WALL 21238928 1 0 1706909490
WALL 21238928 1 0 1706909491
WALL 21238928 1 0 1706909492
WALL 21238928 1 0 1706909493
WALL 21238928 1 0 1706909494
WALL 21238928 1 0 1706909495
WALL 21238928 1 0 1706909496
WALL 21238928 1 0 1706909497
WALL 21238928 1 0 1706909498
WALL 21238928 1 0 1706909499
WALL 21238928 1 0 1706909500
WALL 21238928 1 0 1706909501
WALL 21238928 1 0 1706909502
WALL 21238928 1 0 1706909503
WALL 21238928 1 0 1706909504
WALL 21238928 1 0 1706909505
WALL 21238928 1 0 1706909506
WALL 21238928 1 0 1706909507
WALL 21238928 1 0 1706909508
WALL 21238928 1 0 1706909509
WALL 21238928 1 0 1706909510
WALL 21238928 1 0 1706909511
WALL 21238928 1 0 1706909512
WALL 21238928 1 0 1706909513
WALL 21238928 1 0 1706909514
WALL 21238928 1 0 1706909515
WALL 21238928 1 0 1706909516
WALL 21238928 1 0 1706909517
WALL 21238928 1 0 1706909518
WALL 21238928 1 0 1706909519
WALL 21238928 1 0 1706909520
WALL 21238928 1 0 1706909521
WALL 21238928 1 0 1706909522
WALL 21238928 1 0 1706909523
WALL 21238928 1 0 1706909524
WALL 21238928 1 0 1706909525
WALL 21238928 1 0 1706909526
WALL 21238928 1 0 1706909527
WALL 21238928 1 0 1706909528
WALL 21238928 1 0 1706909529
WALL 21238928 1 0 1706909530
WALL 21238928 1 0 1706909531
WALL 21238928 1 0 1706909532
WALL 21238928 1 0 1706909533
WALL 21238928 1 0 1706909534
WALL 21238928 1 0 1706909535
WALL 21238928 1 0 1706909536
WALL 21238928 1 0 1706909537
WALL 21238928 1 0 1706909538
WALL 21238928 1 0 1706909539
WALL 21238928 1 0 1706909540
WALL 21238928 1 0 1706909541
WALL 21238928 1 0 1706909542
WALL 21238928 1 0 1706909543
WALL 21238928 1 0 1706909544
WALL 21238928 1 0 1706909545
WALL 21238928 1 0 1706909546
WALL 21238928 1 0 1706909547
WALL 21238928 1 0 1706909548
WALL 21238928 1 0 1706909549
WALL 21238928 1 0 1706909550
WALL 21238928 1 0 1706909551
WALL 21238928 1 0 1706909552
WALL 21238928 1 0 1706909553
WALL 21238928 1 0 1706909554
WALL 21238928 1 0 1706909555
WALL 21238928 1 0 1706909556
WALL 21238928 1 0 1706909557
WALL 21238928 1 0 1706909558
WALL 21238928 1 0 1706909559
WALL 21238928 1 0 1706909560
WALL 21238928 1 0 1706909561
WALL 21238928 1 0 1706909562
WALL 21238928 1 0 1706909563
WALL 21238928 1 0 1706909564
WALL 21238928 1 0 1706909565
WALL 21238928 1 0 1706909566
WALL 21238928 1 0 1706909567
WALL 21238928 1 0 1706909568
WALL 21238928 1 0 1706909569
WALL 21238928 1 0 1706909570
WALL 21238928 1 0 1706909571
WALL 21238928 1 0 1706909572
WALL 21238928 1 0 1706909573
WALL 21238928 1 0 1706909574
WALL 21238928 1 0 1706909575
WALL 21238928 1 0 1706909576
WALL 21238928 1 0 1706909577
WALL 21238928 1 0 1706909578
WALL 21238928 1 0 1706909579
WALL 21238928 1 0 1706909580
WALL 21238928 1 0 1706909581
WALL 21238928 1 0 1706909582
WALL 21238928 1 0 1706909583
WALL 21238928 1 0 1706909584
WALL 21238928 1 0 1706909585
WALL 21238928 1 0 1706909586
WALL 21238928 1 0 1706909587
WALL 21238928 1 0 1706909588
WALL 21238928 1 0 1706909589
WALL 21238928 1 0 1706909590
WALL 21238928 1 0 1706909591
WALL 21238928 1 0 1706909592
WALL 21238928 1 0 1706909593
WALL 21238928 1 0 1706909594
WALL 21238928 1 0 1706909595
WALL 21238928 1 0 1706909596
WALL 21238928 1 0 1706909597
WALL 21238928 1 0 1706909598
WALL 21238928 1 0 1706909599
WALL 21238928 1 0 1706909600
WALL 21238928 1 0 1706909601
WALL 21238928 1 0 1706909602
WALL 21238928 1 0 1706909603
WALL 21238928 1 0 1706909604
WALL 21238928 1 0 1706909605
WALL 21238928 1 0 1706909606
WALL 21238928 1 0 1706909607
WALL 21238928 1 0 1706909608
WALL 21238928 1 0 1706909609
WALL 21238928 1 0 1706909610
WALL 21238928 1 0 1706909611
WALL 21238928 1 0 1706909612
WALL 21238928 1 0 1706909613
WALL 21238928 1 0 1706909614
WALL 21238928 1 0 1706909615
WALL 21238928 1 0 1706909616
WALL 21238928 1 0 1706909617
WALL 21238928 1 0 1706909618
WALL 21238928 1 0 1706909619
WALL 21238928 1 0 1706909620
WALL 21238928 1 0 1706909621
WALL 21238928 1 0 1706909622
WALL 21238928 1 0 1706909623
WALL 21238928 1 0 1706909624
WALL 21238928 1 0 1706909625
WALL 21238928 1 0 1706909626
WALL 21238928 1 0 1706909627
WALL 21238928 1 0 1706909628
WALL 21238928 1 0 1706909629
WALL 21238928 1 0 1706909630
WALL 21238928 1 0 1706909631
WALL 21238928 1 0 1706909632
WALL 21238928 1 0 1706909633
WALL 21238928 1 0 1706909634
WALL 21238928 1 0 1706909635
WALL 21238928 1 0 1706909636
WALL 21238928 1 0 1706909637
WALL 21238928 1 0 1706909638
WALL 21238928 1 0 1706909639
WALL 21238928 1 0 1706909640
WALL 21238928 1 0 1706909641
WALL 21238928 1 0 1706909642
WALL 21238928 1 0 1706909643
WALL 21238928 1 0 1706909644
WALL 21238928 1 0 1706909645
WALL 21238928 1 0 1706909646
WALL 21238928 1 0 1706909647
WALL 21238928 1 0 1706909648
WALL 21238928 1 0 1706909649
WALL 21238928 1 0 1706909650
WALL 21238928 1 0 1706909651
WALL 21238928 1 0 1706909652
WALL 21238928 1 0 1706909653
WALL 21238928 1 0 1706909654
WALL 21238928 1 0 1706909655
WALL 21238928 1 0 1706909656
WALL 21238928 1 0 1706909657
WALL 21238928 1 0 1706909658
WALL 21238928 1 0 1706909659
WALL 21238928 1 0 1706909660
WALL 21238928 1 0 1706909661
WALL 21238928 1 0 1706909662
WALL 21238928 1 0 1706909663
WALL 21238928 1 0 1706909664
WALL 21238928 1 0 1706909665
WALL 21238928 1 0 1706909666
WALL 21238928 1 0 1706909667
WALL 21238928 1 0 1706909668
WALL 21238928 1 0 1706909669
WALL 21238928 1 0 1706909670
WALL 21238928 1 0 1706909671
WALL 21238928 1 0 1706909672
WALL 21238928 1 0 1706909673
WALL 21238928 1 0 1706909674
WALL 21238928 1 0 1706909675
WALL 21238928 1 0 1706909676
WALL 21238928 1 0 1706909677
WALL 21238928 1 0 1706909678
WALL 21238928 1 0 1706909679
WALL 21238928 1 0 1706909680
WALL 21238928 1 0 1706909681
WALL 21238928 1 0 1706909682
WALL 21238928 1 0 1706909683
WALL 21238928 1 0 1706909684
WALL 21238928 1 0 1706909685
WALL 21238928 1 0 1706909686
WALL 21238928 1 0 1706909687
WALL 21238928 1 0 1706909688
WALL 21238928 1 0 1706909689
WALL 21238928 1 0 1706909690
WALL 21238928 1 0 1706909691
WALL 21238928 1 0 1706909692
WALL 21238928 1 0 1706909693
WALL 21238928 1 0 1706909694
slurmstepd: error: *** STEP 21238928.0 ON nid200030 CANCELLED AT 2024-02-02T21:34:54 ***
received SIGCONT 1706909694
WALL 21238928 1 0 1706909694
received SIGTERM 1706909694
WALL 21238928 1 0 1706909694
WALL 21238928 1 0 1706909695
WALL 21238928 1 0 1706909696
WALL 21238928 1 0 1706909697
WALL 21238928 1 0 1706909698
WALL 21238928 1 0 1706909699
WALL 21238928 1 0 1706909700
WALL 21238928 1 0 1706909701
WALL 21238928 1 0 1706909702
WALL 21238928 1 0 1706909703
WALL 21238928 1 0 1706909704
WALL 21238928 1 0 1706909705
WALL 21238928 1 0 1706909706
WALL 21238928 1 0 1706909707
WALL 21238928 1 0 1706909708
WALL 21238928 1 0 1706909709
WALL 21238928 1 0 1706909710
WALL 21238928 1 0 1706909711
WALL 21238928 1 0 1706909712
WALL 21238928 1 0 1706909713
WALL 21238928 1 0 1706909714
WALL 21238928 1 0 1706909715
WALL 21238928 1 0 1706909716
WALL 21238928 1 0 1706909717
WALL 21238928 1 0 1706909718
WALL 21238928 1 0 1706909719
WALL 21238928 1 0 1706909720
WALL 21238928 1 0 1706909721
WALL 21238928 1 0 1706909722
WALL 21238928 1 0 1706909723
WALL 21238928 1 0 1706909724
WALL 21238928 1 0 1706909725
WALL 21238928 1 0 1706909726
WALL 21238928 1 0 1706909727
WALL 21238928 1 0 1706909728
WALL 21238928 1 0 1706909729
WALL 21238928 1 0 1706909730
WALL 21238928 1 0 1706909731
WALL 21238928 1 0 1706909732
WALL 21238928 1 0 1706909733
WALL 21238928 1 0 1706909734
WALL 21238928 1 0 1706909735
WALL 21238928 1 0 1706909736
WALL 21238928 1 0 1706909737
WALL 21238928 1 0 1706909738
WALL 21238928 1 0 1706909739
WALL 21238928 1 0 1706909740
WALL 21238928 1 0 1706909741
WALL 21238928 1 0 1706909742
WALL 21238928 1 0 1706909743
WALL 21238928 1 0 1706909744
WALL 21238928 1 0 1706909745
WALL 21238928 1 0 1706909746
WALL 21238928 1 0 1706909747
WALL 21238928 1 0 1706909748
WALL 21238928 1 0 1706909749
WALL 21238928 1 0 1706909750
WALL 21238928 1 0 1706909751
WALL 21238928 1 0 1706909752
WALL 21238928 1 0 1706909753
WALL 21238928 1 0 1706909754
WALL 21238928 1 0 1706909755
WALL 21238928 1 0 1706909756
WALL 21238928 1 0 1706909757
WALL 21238928 1 0 1706909758
WALL 21238928 1 0 1706909759
WALL 21238928 1 0 1706909760
WALL 21238928 1 0 1706909761
WALL 21238928 1 0 1706909762
WALL 21238928 1 0 1706909763
WALL 21238928 1 0 1706909764
WALL 21238928 1 0 1706909765
WALL 21238928 1 0 1706909766
WALL 21238928 1 0 1706909767
WALL 21238928 1 0 1706909768
WALL 21238928 1 0 1706909769
WALL 21238928 1 0 1706909770
WALL 21238928 1 0 1706909771
WALL 21238928 1 0 1706909772
WALL 21238928 1 0 1706909773
WALL 21238928 1 0 1706909774
WALL 21238928 1 0 1706909775
WALL 21238928 1 0 1706909776
WALL 21238928 1 0 1706909777
WALL 21238928 1 0 1706909778
WALL 21238928 1 0 1706909779
WALL 21238928 1 0 1706909780
WALL 21238928 1 0 1706909781
WALL 21238928 1 0 1706909782
WALL 21238928 1 0 1706909783
WALL 21238928 1 0 1706909784
WALL 21238928 1 0 1706909785
WALL 21238928 1 0 1706909786
WALL 21238928 1 0 1706909787
WALL 21238928 1 0 1706909788
WALL 21238928 1 0 1706909789
WALL 21238928 1 0 1706909790
WALL 21238928 1 0 1706909791
WALL 21238928 1 0 1706909792
WALL 21238928 1 0 1706909793
WALL 21238928 1 0 1706909794
WALL 21238928 1 0 1706909795
WALL 21238928 1 0 1706909796
WALL 21238928 1 0 1706909797
WALL 21238928 1 0 1706909798
WALL 21238928 1 0 1706909799
WALL 21238928 1 0 1706909800
WALL 21238928 1 0 1706909801
WALL 21238928 1 0 1706909802
WALL 21238928 1 0 1706909803
WALL 21238928 1 0 1706909804
WALL 21238928 1 0 1706909805
WALL 21238928 1 0 1706909806
WALL 21238928 1 0 1706909807
WALL 21238928 1 0 1706909808
WALL 21238928 1 0 1706909809
WALL 21238928 1 0 1706909810
WALL 21238928 1 0 1706909811
WALL 21238928 1 0 1706909812
WALL 21238928 1 0 1706909813
WALL 21238928 1 0 1706909814
WALL 21238928 1 0 1706909815
WALL 21238928 1 0 1706909816
WALL 21238928 1 0 1706909817
WALL 21238928 1 0 1706909818
WALL 21238928 1 0 1706909819
WALL 21238928 1 0 1706909820
WALL 21238928 1 0 1706909821
slurmstepd: error: *** JOB 21238928 ON nid200030 CANCELLED AT 2024-02-02T21:37:01 DUE TO PREEMPTION ***
received SIGTERM 1706909821
WALL 21238928 1 0 1706909821
received SIGCONT 1706909821
WALL 21238928 1 0 1706909821
received SIGTERM 1706909821
WALL 21238928 1 0 1706909821
