WALL 21250479 1 0 1706921877
WALL 21250479 1 0 1706921878
WALL 21250479 1 0 1706921879
WALL 21250479 1 0 1706921880
WALL 21250479 1 0 1706921881
WALL 21250479 1 0 1706921882
WALL 21250479 1 0 1706921883
WALL 21250479 1 0 1706921884
WALL 21250479 1 0 1706921885
WALL 21250479 1 0 1706921886
WALL 21250479 1 0 1706921887
WALL 21250479 1 0 1706921888
WALL 21250479 1 0 1706921889
WALL 21250479 1 0 1706921890
WALL 21250479 1 0 1706921891
WALL 21250479 1 0 1706921892
WALL 21250479 1 0 1706921893
WALL 21250479 1 0 1706921894
WALL 21250479 1 0 1706921895
WALL 21250479 1 0 1706921896
WALL 21250479 1 0 1706921897
WALL 21250479 1 0 1706921898
WALL 21250479 1 0 1706921899
WALL 21250479 1 0 1706921900
WALL 21250479 1 0 1706921901
WALL 21250479 1 0 1706921902
WALL 21250479 1 0 1706921903
WALL 21250479 1 0 1706921904
WALL 21250479 1 0 1706921905
WALL 21250479 1 0 1706921906
WALL 21250479 1 0 1706921907
WALL 21250479 1 0 1706921908
WALL 21250479 1 0 1706921909
WALL 21250479 1 0 1706921910
WALL 21250479 1 0 1706921911
WALL 21250479 1 0 1706921912
WALL 21250479 1 0 1706921913
WALL 21250479 1 0 1706921914
WALL 21250479 1 0 1706921915
WALL 21250479 1 0 1706921916
WALL 21250479 1 0 1706921917
WALL 21250479 1 0 1706921918
WALL 21250479 1 0 1706921919
WALL 21250479 1 0 1706921920
WALL 21250479 1 0 1706921921
WALL 21250479 1 0 1706921922
WALL 21250479 1 0 1706921923
WALL 21250479 1 0 1706921924
WALL 21250479 1 0 1706921925
WALL 21250479 1 0 1706921926
WALL 21250479 1 0 1706921927
WALL 21250479 1 0 1706921928
WALL 21250479 1 0 1706921929
WALL 21250479 1 0 1706921930
WALL 21250479 1 0 1706921931
WALL 21250479 1 0 1706921932
WALL 21250479 1 0 1706921933
WALL 21250479 1 0 1706921934
WALL 21250479 1 0 1706921935
WALL 21250479 1 0 1706921936
WALL 21250479 1 0 1706921937
WALL 21250479 1 0 1706921938
WALL 21250479 1 0 1706921939
WALL 21250479 1 0 1706921940
WALL 21250479 1 0 1706921941
WALL 21250479 1 0 1706921942
WALL 21250479 1 0 1706921943
WALL 21250479 1 0 1706921944
WALL 21250479 1 0 1706921945
WALL 21250479 1 0 1706921946
WALL 21250479 1 0 1706921947
WALL 21250479 1 0 1706921948
WALL 21250479 1 0 1706921949
WALL 21250479 1 0 1706921950
WALL 21250479 1 0 1706921951
WALL 21250479 1 0 1706921952
WALL 21250479 1 0 1706921953
WALL 21250479 1 0 1706921954
WALL 21250479 1 0 1706921955
WALL 21250479 1 0 1706921956
WALL 21250479 1 0 1706921957
WALL 21250479 1 0 1706921958
WALL 21250479 1 0 1706921959
WALL 21250479 1 0 1706921960
WALL 21250479 1 0 1706921961
WALL 21250479 1 0 1706921962
WALL 21250479 1 0 1706921963
WALL 21250479 1 0 1706921964
WALL 21250479 1 0 1706921965
WALL 21250479 1 0 1706921966
WALL 21250479 1 0 1706921967
WALL 21250479 1 0 1706921968
WALL 21250479 1 0 1706921969
WALL 21250479 1 0 1706921970
WALL 21250479 1 0 1706921971
WALL 21250479 1 0 1706921972
WALL 21250479 1 0 1706921973
WALL 21250479 1 0 1706921974
WALL 21250479 1 0 1706921975
WALL 21250479 1 0 1706921976
WALL 21250479 1 0 1706921977
WALL 21250479 1 0 1706921978
WALL 21250479 1 0 1706921979
WALL 21250479 1 0 1706921980
WALL 21250479 1 0 1706921981
WALL 21250479 1 0 1706921982
WALL 21250479 1 0 1706921983
WALL 21250479 1 0 1706921984
WALL 21250479 1 0 1706921985
WALL 21250479 1 0 1706921986
WALL 21250479 1 0 1706921987
WALL 21250479 1 0 1706921988
WALL 21250479 1 0 1706921989
WALL 21250479 1 0 1706921990
WALL 21250479 1 0 1706921991
WALL 21250479 1 0 1706921992
WALL 21250479 1 0 1706921993
WALL 21250479 1 0 1706921994
WALL 21250479 1 0 1706921995
WALL 21250479 1 0 1706921996
WALL 21250479 1 0 1706921997
WALL 21250479 1 0 1706921998
WALL 21250479 1 0 1706921999
WALL 21250479 1 0 1706922000
WALL 21250479 1 0 1706922001
WALL 21250479 1 0 1706922002
WALL 21250479 1 0 1706922003
WALL 21250479 1 0 1706922004
WALL 21250479 1 0 1706922005
WALL 21250479 1 0 1706922006
WALL 21250479 1 0 1706922007
WALL 21250479 1 0 1706922008
WALL 21250479 1 0 1706922009
WALL 21250479 1 0 1706922010
WALL 21250479 1 0 1706922011
WALL 21250479 1 0 1706922012
WALL 21250479 1 0 1706922013
WALL 21250479 1 0 1706922014
WALL 21250479 1 0 1706922015
WALL 21250479 1 0 1706922016
WALL 21250479 1 0 1706922017
WALL 21250479 1 0 1706922018
WALL 21250479 1 0 1706922019
WALL 21250479 1 0 1706922020
WALL 21250479 1 0 1706922021
WALL 21250479 1 0 1706922022
WALL 21250479 1 0 1706922023
WALL 21250479 1 0 1706922024
WALL 21250479 1 0 1706922025
WALL 21250479 1 0 1706922026
WALL 21250479 1 0 1706922027
WALL 21250479 1 0 1706922028
WALL 21250479 1 0 1706922029
WALL 21250479 1 0 1706922030
WALL 21250479 1 0 1706922031
WALL 21250479 1 0 1706922032
WALL 21250479 1 0 1706922033
WALL 21250479 1 0 1706922034
WALL 21250479 1 0 1706922035
WALL 21250479 1 0 1706922036
WALL 21250479 1 0 1706922037
WALL 21250479 1 0 1706922038
WALL 21250479 1 0 1706922039
WALL 21250479 1 0 1706922040
WALL 21250479 1 0 1706922041
WALL 21250479 1 0 1706922042
WALL 21250479 1 0 1706922043
WALL 21250479 1 0 1706922044
WALL 21250479 1 0 1706922045
WALL 21250479 1 0 1706922046
WALL 21250479 1 0 1706922047
WALL 21250479 1 0 1706922048
WALL 21250479 1 0 1706922049
WALL 21250479 1 0 1706922050
WALL 21250479 1 0 1706922051
WALL 21250479 1 0 1706922052
WALL 21250479 1 0 1706922053
WALL 21250479 1 0 1706922054
WALL 21250479 1 0 1706922055
WALL 21250479 1 0 1706922056
WALL 21250479 1 0 1706922057
WALL 21250479 1 0 1706922058
WALL 21250479 1 0 1706922059
WALL 21250479 1 0 1706922060
WALL 21250479 1 0 1706922061
WALL 21250479 1 0 1706922062
WALL 21250479 1 0 1706922063
WALL 21250479 1 0 1706922064
WALL 21250479 1 0 1706922065
WALL 21250479 1 0 1706922066
WALL 21250479 1 0 1706922067
WALL 21250479 1 0 1706922068
WALL 21250479 1 0 1706922069
WALL 21250479 1 0 1706922070
WALL 21250479 1 0 1706922071
WALL 21250479 1 0 1706922072
WALL 21250479 1 0 1706922073
WALL 21250479 1 0 1706922074
WALL 21250479 1 0 1706922075
WALL 21250479 1 0 1706922076
WALL 21250479 1 0 1706922077
WALL 21250479 1 0 1706922078
WALL 21250479 1 0 1706922079
WALL 21250479 1 0 1706922080
WALL 21250479 1 0 1706922081
WALL 21250479 1 0 1706922082
WALL 21250479 1 0 1706922083
WALL 21250479 1 0 1706922084
WALL 21250479 1 0 1706922085
WALL 21250479 1 0 1706922086
WALL 21250479 1 0 1706922087
WALL 21250479 1 0 1706922088
WALL 21250479 1 0 1706922089
WALL 21250479 1 0 1706922090
WALL 21250479 1 0 1706922091
WALL 21250479 1 0 1706922092
WALL 21250479 1 0 1706922093
WALL 21250479 1 0 1706922094
WALL 21250479 1 0 1706922095
WALL 21250479 1 0 1706922096
WALL 21250479 1 0 1706922097
WALL 21250479 1 0 1706922098
WALL 21250479 1 0 1706922099
WALL 21250479 1 0 1706922100
WALL 21250479 1 0 1706922101
WALL 21250479 1 0 1706922102
WALL 21250479 1 0 1706922103
WALL 21250479 1 0 1706922104
WALL 21250479 1 0 1706922105
WALL 21250479 1 0 1706922106
WALL 21250479 1 0 1706922107
WALL 21250479 1 0 1706922108
WALL 21250479 1 0 1706922109
WALL 21250479 1 0 1706922110
WALL 21250479 1 0 1706922111
WALL 21250479 1 0 1706922112
WALL 21250479 1 0 1706922113
WALL 21250479 1 0 1706922114
WALL 21250479 1 0 1706922115
WALL 21250479 1 0 1706922116
WALL 21250479 1 0 1706922117
WALL 21250479 1 0 1706922118
WALL 21250479 1 0 1706922119
WALL 21250479 1 0 1706922120
WALL 21250479 1 0 1706922121
WALL 21250479 1 0 1706922122
WALL 21250479 1 0 1706922123
WALL 21250479 1 0 1706922124
WALL 21250479 1 0 1706922125
WALL 21250479 1 0 1706922126
WALL 21250479 1 0 1706922127
WALL 21250479 1 0 1706922128
WALL 21250479 1 0 1706922129
WALL 21250479 1 0 1706922130
WALL 21250479 1 0 1706922131
WALL 21250479 1 0 1706922132
WALL 21250479 1 0 1706922133
WALL 21250479 1 0 1706922134
WALL 21250479 1 0 1706922135
WALL 21250479 1 0 1706922136
WALL 21250479 1 0 1706922137
WALL 21250479 1 0 1706922138
WALL 21250479 1 0 1706922139
WALL 21250479 1 0 1706922140
WALL 21250479 1 0 1706922141
WALL 21250479 1 0 1706922142
WALL 21250479 1 0 1706922143
WALL 21250479 1 0 1706922144
WALL 21250479 1 0 1706922145
WALL 21250479 1 0 1706922146
WALL 21250479 1 0 1706922147
WALL 21250479 1 0 1706922148
WALL 21250479 1 0 1706922149
WALL 21250479 1 0 1706922150
WALL 21250479 1 0 1706922151
WALL 21250479 1 0 1706922152
WALL 21250479 1 0 1706922153
WALL 21250479 1 0 1706922154
WALL 21250479 1 0 1706922155
WALL 21250479 1 0 1706922156
WALL 21250479 1 0 1706922157
WALL 21250479 1 0 1706922158
WALL 21250479 1 0 1706922159
WALL 21250479 1 0 1706922160
WALL 21250479 1 0 1706922161
WALL 21250479 1 0 1706922162
WALL 21250479 1 0 1706922163
WALL 21250479 1 0 1706922164
WALL 21250479 1 0 1706922165
WALL 21250479 1 0 1706922166
WALL 21250479 1 0 1706922167
WALL 21250479 1 0 1706922168
WALL 21250479 1 0 1706922169
WALL 21250479 1 0 1706922170
WALL 21250479 1 0 1706922171
WALL 21250479 1 0 1706922172
WALL 21250479 1 0 1706922173
WALL 21250479 1 0 1706922174
WALL 21250479 1 0 1706922175
WALL 21250479 1 0 1706922176
WALL 21250479 1 0 1706922177
WALL 21250479 1 0 1706922178
WALL 21250479 1 0 1706922179
WALL 21250479 1 0 1706922180
WALL 21250479 1 0 1706922181
WALL 21250479 1 0 1706922182
WALL 21250479 1 0 1706922183
WALL 21250479 1 0 1706922184
WALL 21250479 1 0 1706922185
WALL 21250479 1 0 1706922186
WALL 21250479 1 0 1706922187
WALL 21250479 1 0 1706922188
WALL 21250479 1 0 1706922189
WALL 21250479 1 0 1706922190
WALL 21250479 1 0 1706922191
WALL 21250479 1 0 1706922192
WALL 21250479 1 0 1706922193
WALL 21250479 1 0 1706922194
WALL 21250479 1 0 1706922195
WALL 21250479 1 0 1706922196
WALL 21250479 1 0 1706922197
WALL 21250479 1 0 1706922198
WALL 21250479 1 0 1706922199
WALL 21250479 1 0 1706922200
WALL 21250479 1 0 1706922201
WALL 21250479 1 0 1706922202
WALL 21250479 1 0 1706922203
WALL 21250479 1 0 1706922204
WALL 21250479 1 0 1706922205
WALL 21250479 1 0 1706922206
WALL 21250479 1 0 1706922207
WALL 21250479 1 0 1706922208
WALL 21250479 1 0 1706922209
WALL 21250479 1 0 1706922210
WALL 21250479 1 0 1706922211
WALL 21250479 1 0 1706922212
WALL 21250479 1 0 1706922213
WALL 21250479 1 0 1706922214
WALL 21250479 1 0 1706922215
WALL 21250479 1 0 1706922216
WALL 21250479 1 0 1706922217
WALL 21250479 1 0 1706922218
WALL 21250479 1 0 1706922219
WALL 21250479 1 0 1706922220
WALL 21250479 1 0 1706922221
WALL 21250479 1 0 1706922222
WALL 21250479 1 0 1706922223
WALL 21250479 1 0 1706922224
WALL 21250479 1 0 1706922225
WALL 21250479 1 0 1706922226
WALL 21250479 1 0 1706922227
WALL 21250479 1 0 1706922228
WALL 21250479 1 0 1706922229
WALL 21250479 1 0 1706922230
WALL 21250479 1 0 1706922231
WALL 21250479 1 0 1706922232
WALL 21250479 1 0 1706922233
WALL 21250479 1 0 1706922234
WALL 21250479 1 0 1706922235
WALL 21250479 1 0 1706922236
WALL 21250479 1 0 1706922237
WALL 21250479 1 0 1706922238
WALL 21250479 1 0 1706922239
WALL 21250479 1 0 1706922240
WALL 21250479 1 0 1706922241
WALL 21250479 1 0 1706922242
WALL 21250479 1 0 1706922243
WALL 21250479 1 0 1706922244
WALL 21250479 1 0 1706922245
WALL 21250479 1 0 1706922246
WALL 21250479 1 0 1706922247
WALL 21250479 1 0 1706922248
WALL 21250479 1 0 1706922249
WALL 21250479 1 0 1706922250
WALL 21250479 1 0 1706922251
WALL 21250479 1 0 1706922252
WALL 21250479 1 0 1706922253
WALL 21250479 1 0 1706922254
WALL 21250479 1 0 1706922255
WALL 21250479 1 0 1706922256
WALL 21250479 1 0 1706922257
WALL 21250479 1 0 1706922258
WALL 21250479 1 0 1706922259
WALL 21250479 1 0 1706922260
WALL 21250479 1 0 1706922261
WALL 21250479 1 0 1706922262
WALL 21250479 1 0 1706922263
WALL 21250479 1 0 1706922264
WALL 21250479 1 0 1706922265
WALL 21250479 1 0 1706922266
WALL 21250479 1 0 1706922267
WALL 21250479 1 0 1706922268
WALL 21250479 1 0 1706922269
WALL 21250479 1 0 1706922270
WALL 21250479 1 0 1706922271
WALL 21250479 1 0 1706922272
WALL 21250479 1 0 1706922273
WALL 21250479 1 0 1706922274
WALL 21250479 1 0 1706922275
WALL 21250479 1 0 1706922276
WALL 21250479 1 0 1706922277
WALL 21250479 1 0 1706922278
WALL 21250479 1 0 1706922279
WALL 21250479 1 0 1706922280
WALL 21250479 1 0 1706922281
WALL 21250479 1 0 1706922282
WALL 21250479 1 0 1706922283
WALL 21250479 1 0 1706922284
WALL 21250479 1 0 1706922285
WALL 21250479 1 0 1706922286
WALL 21250479 1 0 1706922287
WALL 21250479 1 0 1706922288
WALL 21250479 1 0 1706922289
WALL 21250479 1 0 1706922290
WALL 21250479 1 0 1706922291
WALL 21250479 1 0 1706922292
WALL 21250479 1 0 1706922293
WALL 21250479 1 0 1706922294
WALL 21250479 1 0 1706922295
WALL 21250479 1 0 1706922296
WALL 21250479 1 0 1706922297
WALL 21250479 1 0 1706922298
WALL 21250479 1 0 1706922299
WALL 21250479 1 0 1706922300
WALL 21250479 1 0 1706922301
WALL 21250479 1 0 1706922302
WALL 21250479 1 0 1706922303
WALL 21250479 1 0 1706922304
WALL 21250479 1 0 1706922305
WALL 21250479 1 0 1706922306
WALL 21250479 1 0 1706922307
WALL 21250479 1 0 1706922308
WALL 21250479 1 0 1706922309
WALL 21250479 1 0 1706922310
WALL 21250479 1 0 1706922311
WALL 21250479 1 0 1706922312
WALL 21250479 1 0 1706922313
WALL 21250479 1 0 1706922314
WALL 21250479 1 0 1706922315
WALL 21250479 1 0 1706922316
WALL 21250479 1 0 1706922317
WALL 21250479 1 0 1706922318
WALL 21250479 1 0 1706922319
WALL 21250479 1 0 1706922320
WALL 21250479 1 0 1706922321
WALL 21250479 1 0 1706922322
WALL 21250479 1 0 1706922323
WALL 21250479 1 0 1706922324
WALL 21250479 1 0 1706922325
WALL 21250479 1 0 1706922326
WALL 21250479 1 0 1706922327
WALL 21250479 1 0 1706922328
WALL 21250479 1 0 1706922329
WALL 21250479 1 0 1706922330
WALL 21250479 1 0 1706922331
WALL 21250479 1 0 1706922332
WALL 21250479 1 0 1706922333
WALL 21250479 1 0 1706922334
WALL 21250479 1 0 1706922335
WALL 21250479 1 0 1706922336
WALL 21250479 1 0 1706922337
WALL 21250479 1 0 1706922338
WALL 21250479 1 0 1706922339
WALL 21250479 1 0 1706922340
WALL 21250479 1 0 1706922341
WALL 21250479 1 0 1706922342
WALL 21250479 1 0 1706922343
WALL 21250479 1 0 1706922344
WALL 21250479 1 0 1706922345
WALL 21250479 1 0 1706922346
WALL 21250479 1 0 1706922347
WALL 21250479 1 0 1706922348
WALL 21250479 1 0 1706922349
WALL 21250479 1 0 1706922350
WALL 21250479 1 0 1706922351
WALL 21250479 1 0 1706922352
WALL 21250479 1 0 1706922353
WALL 21250479 1 0 1706922354
WALL 21250479 1 0 1706922355
WALL 21250479 1 0 1706922356
WALL 21250479 1 0 1706922357
WALL 21250479 1 0 1706922358
WALL 21250479 1 0 1706922359
WALL 21250479 1 0 1706922360
WALL 21250479 1 0 1706922361
WALL 21250479 1 0 1706922362
WALL 21250479 1 0 1706922363
WALL 21250479 1 0 1706922364
WALL 21250479 1 0 1706922365
WALL 21250479 1 0 1706922366
WALL 21250479 1 0 1706922367
WALL 21250479 1 0 1706922368
WALL 21250479 1 0 1706922369
WALL 21250479 1 0 1706922370
WALL 21250479 1 0 1706922371
WALL 21250479 1 0 1706922372
WALL 21250479 1 0 1706922373
WALL 21250479 1 0 1706922374
WALL 21250479 1 0 1706922375
WALL 21250479 1 0 1706922376
WALL 21250479 1 0 1706922377
WALL 21250479 1 0 1706922378
WALL 21250479 1 0 1706922379
WALL 21250479 1 0 1706922380
WALL 21250479 1 0 1706922381
WALL 21250479 1 0 1706922382
WALL 21250479 1 0 1706922383
WALL 21250479 1 0 1706922384
WALL 21250479 1 0 1706922385
WALL 21250479 1 0 1706922386
WALL 21250479 1 0 1706922387
WALL 21250479 1 0 1706922388
WALL 21250479 1 0 1706922389
WALL 21250479 1 0 1706922390
WALL 21250479 1 0 1706922391
WALL 21250479 1 0 1706922392
WALL 21250479 1 0 1706922393
WALL 21250479 1 0 1706922394
WALL 21250479 1 0 1706922395
WALL 21250479 1 0 1706922396
WALL 21250479 1 0 1706922397
WALL 21250479 1 0 1706922398
WALL 21250479 1 0 1706922399
WALL 21250479 1 0 1706922400
WALL 21250479 1 0 1706922401
WALL 21250479 1 0 1706922402
WALL 21250479 1 0 1706922403
WALL 21250479 1 0 1706922404
WALL 21250479 1 0 1706922405
WALL 21250479 1 0 1706922406
WALL 21250479 1 0 1706922407
WALL 21250479 1 0 1706922408
WALL 21250479 1 0 1706922409
WALL 21250479 1 0 1706922410
WALL 21250479 1 0 1706922411
WALL 21250479 1 0 1706922412
WALL 21250479 1 0 1706922413
WALL 21250479 1 0 1706922414
WALL 21250479 1 0 1706922415
WALL 21250479 1 0 1706922416
WALL 21250479 1 0 1706922417
WALL 21250479 1 0 1706922418
WALL 21250479 1 0 1706922419
WALL 21250479 1 0 1706922420
WALL 21250479 1 0 1706922421
WALL 21250479 1 0 1706922422
WALL 21250479 1 0 1706922423
WALL 21250479 1 0 1706922424
srun: Job step aborted: Waiting up to 32 seconds for job step to finish.
received SIGCONT 1706922424
WALL 21250479 1 0 1706922424
slurmstepd: error: *** STEP 21250479.0 ON nid200006 CANCELLED AT 2024-02-03T01:07:04 ***
received SIGTERM 1706922424
WALL 21250479 1 0 1706922424
slurmstepd: error: *** JOB 21250479 ON nid200006 CANCELLED AT 2024-02-03T01:07:04 ***
