WALL 21195451 1 0 1706813943
WALL 21195451 1 0 1706813944
WALL 21195451 1 0 1706813945
WALL 21195451 1 0 1706813946
WALL 21195451 1 0 1706813947
WALL 21195451 1 0 1706813948
WALL 21195451 1 0 1706813949
WALL 21195451 1 0 1706813950
WALL 21195451 1 0 1706813951
WALL 21195451 1 0 1706813952
WALL 21195451 1 0 1706813953
WALL 21195451 1 0 1706813954
WALL 21195451 1 0 1706813955
WALL 21195451 1 0 1706813956
WALL 21195451 1 0 1706813957
WALL 21195451 1 0 1706813958
WALL 21195451 1 0 1706813959
WALL 21195451 1 0 1706813960
slurmstepd: error: *** STEP 21195451.0 ON nid200010 CANCELLED AT 2024-02-01T18:59:20 ***
received SIGCONT 1706813960
WALL 21195451 1 0 1706813960
received SIGTERM 1706813960
WALL 21195451 1 0 1706813960
WALL 21195451 1 0 1706813961
WALL 21195451 1 0 1706813962
WALL 21195451 1 0 1706813963
WALL 21195451 1 0 1706813964
WALL 21195451 1 0 1706813965
WALL 21195451 1 0 1706813966
WALL 21195451 1 0 1706813967
WALL 21195451 1 0 1706813968
WALL 21195451 1 0 1706813969
WALL 21195451 1 0 1706813970
WALL 21195451 1 0 1706813971
WALL 21195451 1 0 1706813972
WALL 21195451 1 0 1706813973
WALL 21195451 1 0 1706813974
WALL 21195451 1 0 1706813975
WALL 21195451 1 0 1706813976
WALL 21195451 1 0 1706813977
WALL 21195451 1 0 1706813978
WALL 21195451 1 0 1706813979
WALL 21195451 1 0 1706813980
WALL 21195451 1 0 1706813981
WALL 21195451 1 0 1706813982
WALL 21195451 1 0 1706813983
WALL 21195451 1 0 1706813984
WALL 21195451 1 0 1706813985
WALL 21195451 1 0 1706813986
WALL 21195451 1 0 1706813987
WALL 21195451 1 0 1706813988
WALL 21195451 1 0 1706813989
WALL 21195451 1 0 1706813990
WALL 21195451 1 0 1706813991
WALL 21195451 1 0 1706813992
WALL 21195451 1 0 1706813993
WALL 21195451 1 0 1706813994
WALL 21195451 1 0 1706813995
WALL 21195451 1 0 1706813996
WALL 21195451 1 0 1706813997
WALL 21195451 1 0 1706813998
WALL 21195451 1 0 1706813999
WALL 21195451 1 0 1706814000
WALL 21195451 1 0 1706814001
WALL 21195451 1 0 1706814002
WALL 21195451 1 0 1706814003
WALL 21195451 1 0 1706814004
WALL 21195451 1 0 1706814005
WALL 21195451 1 0 1706814006
WALL 21195451 1 0 1706814007
WALL 21195451 1 0 1706814008
WALL 21195451 1 0 1706814009
WALL 21195451 1 0 1706814010
WALL 21195451 1 0 1706814011
WALL 21195451 1 0 1706814012
WALL 21195451 1 0 1706814013
WALL 21195451 1 0 1706814014
WALL 21195451 1 0 1706814015
WALL 21195451 1 0 1706814016
WALL 21195451 1 0 1706814017
WALL 21195451 1 0 1706814018
WALL 21195451 1 0 1706814019
WALL 21195451 1 0 1706814020
WALL 21195451 1 0 1706814021
WALL 21195451 1 0 1706814022
WALL 21195451 1 0 1706814023
WALL 21195451 1 0 1706814024
WALL 21195451 1 0 1706814025
WALL 21195451 1 0 1706814026
WALL 21195451 1 0 1706814027
WALL 21195451 1 0 1706814028
WALL 21195451 1 0 1706814029
slurmstepd: error: *** JOB 21195451 ON nid200010 CANCELLED AT 2024-02-01T19:00:30 DUE TO PREEMPTION ***
received SIGTERM 1706814030
WALL 21195451 1 0 1706814030
received SIGCONT 1706814030
WALL 21195451 1 0 1706814030
received SIGTERM 1706814030
WALL 21195451 1 0 1706814030
