WALL 21248828 1 0 1706919274
WALL 21248828 1 0 1706919275
WALL 21248828 1 0 1706919276
WALL 21248828 1 0 1706919277
WALL 21248828 1 0 1706919278
WALL 21248828 1 0 1706919279
WALL 21248828 1 0 1706919280
WALL 21248828 1 0 1706919281
WALL 21248828 1 0 1706919282
WALL 21248828 1 0 1706919283
WALL 21248828 1 0 1706919284
WALL 21248828 1 0 1706919285
WALL 21248828 1 0 1706919286
WALL 21248828 1 0 1706919287
WALL 21248828 1 0 1706919288
WALL 21248828 1 0 1706919289
WALL 21248828 1 0 1706919290
WALL 21248828 1 0 1706919291
WALL 21248828 1 0 1706919292
WALL 21248828 1 0 1706919293
WALL 21248828 1 0 1706919294
WALL 21248828 1 0 1706919295
WALL 21248828 1 0 1706919296
WALL 21248828 1 0 1706919297
WALL 21248828 1 0 1706919298
WALL 21248828 1 0 1706919299
WALL 21248828 1 0 1706919300
WALL 21248828 1 0 1706919301
WALL 21248828 1 0 1706919302
WALL 21248828 1 0 1706919303
WALL 21248828 1 0 1706919304
WALL 21248828 1 0 1706919305
WALL 21248828 1 0 1706919306
WALL 21248828 1 0 1706919307
WALL 21248828 1 0 1706919308
WALL 21248828 1 0 1706919309
WALL 21248828 1 0 1706919310
WALL 21248828 1 0 1706919311
WALL 21248828 1 0 1706919312
WALL 21248828 1 0 1706919313
WALL 21248828 1 0 1706919314
WALL 21248828 1 0 1706919315
WALL 21248828 1 0 1706919316
WALL 21248828 1 0 1706919317
WALL 21248828 1 0 1706919318
WALL 21248828 1 0 1706919319
WALL 21248828 1 0 1706919320
WALL 21248828 1 0 1706919321
WALL 21248828 1 0 1706919322
WALL 21248828 1 0 1706919323
WALL 21248828 1 0 1706919324
WALL 21248828 1 0 1706919325
WALL 21248828 1 0 1706919326
WALL 21248828 1 0 1706919327
WALL 21248828 1 0 1706919328
WALL 21248828 1 0 1706919329
WALL 21248828 1 0 1706919330
WALL 21248828 1 0 1706919331
WALL 21248828 1 0 1706919332
WALL 21248828 1 0 1706919333
WALL 21248828 1 0 1706919334
WALL 21248828 1 0 1706919335
WALL 21248828 1 0 1706919336
WALL 21248828 1 0 1706919337
WALL 21248828 1 0 1706919338
WALL 21248828 1 0 1706919339
WALL 21248828 1 0 1706919340
WALL 21248828 1 0 1706919341
WALL 21248828 1 0 1706919342
WALL 21248828 1 0 1706919343
WALL 21248828 1 0 1706919344
WALL 21248828 1 0 1706919345
WALL 21248828 1 0 1706919346
received SIGCONT 1706919346
WALL 21248828 1 0 1706919346
slurmstepd: error: *** STEP 21248828.0 ON nid200064 CANCELLED AT 2024-02-03T00:15:46 ***
received SIGTERM 1706919346
WALL 21248828 1 0 1706919346
WALL 21248828 1 0 1706919347
WALL 21248828 1 0 1706919348
WALL 21248828 1 0 1706919349
WALL 21248828 1 0 1706919350
WALL 21248828 1 0 1706919351
WALL 21248828 1 0 1706919352
WALL 21248828 1 0 1706919353
WALL 21248828 1 0 1706919354
WALL 21248828 1 0 1706919355
WALL 21248828 1 0 1706919356
WALL 21248828 1 0 1706919357
WALL 21248828 1 0 1706919358
WALL 21248828 1 0 1706919359
WALL 21248828 1 0 1706919360
WALL 21248828 1 0 1706919361
WALL 21248828 1 0 1706919362
WALL 21248828 1 0 1706919363
WALL 21248828 1 0 1706919364
WALL 21248828 1 0 1706919365
WALL 21248828 1 0 1706919366
WALL 21248828 1 0 1706919367
WALL 21248828 1 0 1706919368
WALL 21248828 1 0 1706919369
WALL 21248828 1 0 1706919370
WALL 21248828 1 0 1706919371
WALL 21248828 1 0 1706919372
WALL 21248828 1 0 1706919373
WALL 21248828 1 0 1706919374
WALL 21248828 1 0 1706919375
WALL 21248828 1 0 1706919376
WALL 21248828 1 0 1706919377
WALL 21248828 1 0 1706919378
WALL 21248828 1 0 1706919379
WALL 21248828 1 0 1706919380
WALL 21248828 1 0 1706919381
WALL 21248828 1 0 1706919382
WALL 21248828 1 0 1706919383
WALL 21248828 1 0 1706919384
WALL 21248828 1 0 1706919385
WALL 21248828 1 0 1706919386
WALL 21248828 1 0 1706919387
WALL 21248828 1 0 1706919388
WALL 21248828 1 0 1706919389
WALL 21248828 1 0 1706919390
WALL 21248828 1 0 1706919391
WALL 21248828 1 0 1706919392
WALL 21248828 1 0 1706919393
WALL 21248828 1 0 1706919394
WALL 21248828 1 0 1706919395
WALL 21248828 1 0 1706919396
WALL 21248828 1 0 1706919397
WALL 21248828 1 0 1706919398
WALL 21248828 1 0 1706919399
WALL 21248828 1 0 1706919400
WALL 21248828 1 0 1706919401
WALL 21248828 1 0 1706919402
WALL 21248828 1 0 1706919403
WALL 21248828 1 0 1706919404
WALL 21248828 1 0 1706919405
WALL 21248828 1 0 1706919406
WALL 21248828 1 0 1706919407
WALL 21248828 1 0 1706919408
WALL 21248828 1 0 1706919409
WALL 21248828 1 0 1706919410
WALL 21248828 1 0 1706919411
WALL 21248828 1 0 1706919412
WALL 21248828 1 0 1706919413
WALL 21248828 1 0 1706919414
WALL 21248828 1 0 1706919415
WALL 21248828 1 0 1706919416
WALL 21248828 1 0 1706919417
WALL 21248828 1 0 1706919418
WALL 21248828 1 0 1706919419
WALL 21248828 1 0 1706919420
WALL 21248828 1 0 1706919421
WALL 21248828 1 0 1706919422
WALL 21248828 1 0 1706919423
WALL 21248828 1 0 1706919424
WALL 21248828 1 0 1706919425
WALL 21248828 1 0 1706919426
WALL 21248828 1 0 1706919427
WALL 21248828 1 0 1706919428
WALL 21248828 1 0 1706919429
WALL 21248828 1 0 1706919430
WALL 21248828 1 0 1706919431
WALL 21248828 1 0 1706919432
WALL 21248828 1 0 1706919433
WALL 21248828 1 0 1706919434
WALL 21248828 1 0 1706919435
WALL 21248828 1 0 1706919436
WALL 21248828 1 0 1706919437
WALL 21248828 1 0 1706919438
WALL 21248828 1 0 1706919439
WALL 21248828 1 0 1706919440
WALL 21248828 1 0 1706919441
WALL 21248828 1 0 1706919442
WALL 21248828 1 0 1706919443
WALL 21248828 1 0 1706919444
WALL 21248828 1 0 1706919445
WALL 21248828 1 0 1706919446
WALL 21248828 1 0 1706919447
WALL 21248828 1 0 1706919448
WALL 21248828 1 0 1706919449
WALL 21248828 1 0 1706919450
WALL 21248828 1 0 1706919451
WALL 21248828 1 0 1706919452
WALL 21248828 1 0 1706919453
WALL 21248828 1 0 1706919454
WALL 21248828 1 0 1706919455
WALL 21248828 1 0 1706919456
WALL 21248828 1 0 1706919457
WALL 21248828 1 0 1706919458
WALL 21248828 1 0 1706919459
WALL 21248828 1 0 1706919460
WALL 21248828 1 0 1706919461
WALL 21248828 1 0 1706919462
WALL 21248828 1 0 1706919463
WALL 21248828 1 0 1706919464
WALL 21248828 1 0 1706919465
WALL 21248828 1 0 1706919466
WALL 21248828 1 0 1706919467
WALL 21248828 1 0 1706919468
WALL 21248828 1 0 1706919469
WALL 21248828 1 0 1706919470
WALL 21248828 1 0 1706919471
WALL 21248828 1 0 1706919472
WALL 21248828 1 0 1706919473
WALL 21248828 1 0 1706919474
WALL 21248828 1 0 1706919475
WALL 21248828 1 0 1706919476
WALL 21248828 1 0 1706919477
WALL 21248828 1 0 1706919478
WALL 21248828 1 0 1706919479
WALL 21248828 1 0 1706919480
WALL 21248828 1 0 1706919481
WALL 21248828 1 0 1706919482
WALL 21248828 1 0 1706919483
WALL 21248828 1 0 1706919484
WALL 21248828 1 0 1706919485
WALL 21248828 1 0 1706919486
WALL 21248828 1 0 1706919487
WALL 21248828 1 0 1706919488
WALL 21248828 1 0 1706919489
WALL 21248828 1 0 1706919490
WALL 21248828 1 0 1706919491
WALL 21248828 1 0 1706919492
WALL 21248828 1 0 1706919493
slurmstepd: error: *** JOB 21248828 ON nid200064 CANCELLED AT 2024-02-03T00:18:14 DUE TO PREEMPTION ***
received SIGTERM 1706919494
WALL 21248828 1 0 1706919494
received SIGCONT 1706919494
WALL 21248828 1 0 1706919494
received SIGTERM 1706919494
WALL 21248828 1 0 1706919494
