WALL 21212867 1 0 1706835720
WALL 21212867 1 0 1706835721
WALL 21212867 1 0 1706835722
WALL 21212867 1 0 1706835723
WALL 21212867 1 0 1706835724
WALL 21212867 1 0 1706835725
WALL 21212867 1 0 1706835726
WALL 21212867 1 0 1706835727
WALL 21212867 1 0 1706835728
WALL 21212867 1 0 1706835729
WALL 21212867 1 0 1706835730
WALL 21212867 1 0 1706835731
WALL 21212867 1 0 1706835732
WALL 21212867 1 0 1706835733
WALL 21212867 1 0 1706835734
WALL 21212867 1 0 1706835735
WALL 21212867 1 0 1706835736
WALL 21212867 1 0 1706835737
WALL 21212867 1 0 1706835738
WALL 21212867 1 0 1706835739
WALL 21212867 1 0 1706835740
WALL 21212867 1 0 1706835741
WALL 21212867 1 0 1706835742
WALL 21212867 1 0 1706835743
WALL 21212867 1 0 1706835744
received SIGCONT 1706835745
WALL 21212867 1 0 1706835745
slurmstepd: error: *** STEP 21212867.0 ON nid200048 CANCELLED AT 2024-02-02T01:02:25 ***
received SIGTERM 1706835745
slurmstepd: error: *** JOB 21212867 ON nid200048 CANCELLED AT 2024-02-02T01:02:25 ***
WALL 21212867 1 0 1706835745
