srun: warning: can't run 1 processes on 2 nodes, setting nnodes to 1
WALL 21198705 1 0 1706815587
WALL 21198705 1 0 1706815588
WALL 21198705 1 0 1706815589
WALL 21198705 1 0 1706815590
WALL 21198705 1 0 1706815591
WALL 21198705 1 0 1706815592
WALL 21198705 1 0 1706815593
WALL 21198705 1 0 1706815594
WALL 21198705 1 0 1706815595
WALL 21198705 1 0 1706815596
WALL 21198705 1 0 1706815597
WALL 21198705 1 0 1706815598
WALL 21198705 1 0 1706815599
WALL 21198705 1 0 1706815600
WALL 21198705 1 0 1706815601
WALL 21198705 1 0 1706815602
WALL 21198705 1 0 1706815603
WALL 21198705 1 0 1706815604
WALL 21198705 1 0 1706815605
WALL 21198705 1 0 1706815606
WALL 21198705 1 0 1706815607
WALL 21198705 1 0 1706815608
WALL 21198705 1 0 1706815609
WALL 21198705 1 0 1706815610
WALL 21198705 1 0 1706815611
WALL 21198705 1 0 1706815612
WALL 21198705 1 0 1706815613
WALL 21198705 1 0 1706815614
WALL 21198705 1 0 1706815615
WALL 21198705 1 0 1706815616
WALL 21198705 1 0 1706815617
WALL 21198705 1 0 1706815618
WALL 21198705 1 0 1706815619
WALL 21198705 1 0 1706815620
WALL 21198705 1 0 1706815621
WALL 21198705 1 0 1706815622
WALL 21198705 1 0 1706815623
WALL 21198705 1 0 1706815624
WALL 21198705 1 0 1706815625
WALL 21198705 1 0 1706815626
WALL 21198705 1 0 1706815627
WALL 21198705 1 0 1706815628
WALL 21198705 1 0 1706815629
WALL 21198705 1 0 1706815630
WALL 21198705 1 0 1706815631
WALL 21198705 1 0 1706815632
WALL 21198705 1 0 1706815633
WALL 21198705 1 0 1706815634
WALL 21198705 1 0 1706815635
WALL 21198705 1 0 1706815636
WALL 21198705 1 0 1706815637
WALL 21198705 1 0 1706815638
WALL 21198705 1 0 1706815639
WALL 21198705 1 0 1706815640
WALL 21198705 1 0 1706815641
WALL 21198705 1 0 1706815642
WALL 21198705 1 0 1706815643
WALL 21198705 1 0 1706815644
WALL 21198705 1 0 1706815645
WALL 21198705 1 0 1706815646
WALL 21198705 1 0 1706815647
WALL 21198705 1 0 1706815648
WALL 21198705 1 0 1706815649
WALL 21198705 1 0 1706815650
WALL 21198705 1 0 1706815651
WALL 21198705 1 0 1706815652
WALL 21198705 1 0 1706815653
WALL 21198705 1 0 1706815654
WALL 21198705 1 0 1706815655
WALL 21198705 1 0 1706815656
WALL 21198705 1 0 1706815657
WALL 21198705 1 0 1706815658
WALL 21198705 1 0 1706815659
WALL 21198705 1 0 1706815660
WALL 21198705 1 0 1706815661
WALL 21198705 1 0 1706815662
WALL 21198705 1 0 1706815663
WALL 21198705 1 0 1706815664
WALL 21198705 1 0 1706815665
WALL 21198705 1 0 1706815666
WALL 21198705 1 0 1706815667
WALL 21198705 1 0 1706815668
WALL 21198705 1 0 1706815669
WALL 21198705 1 0 1706815670
WALL 21198705 1 0 1706815671
WALL 21198705 1 0 1706815672
WALL 21198705 1 0 1706815673
WALL 21198705 1 0 1706815674
WALL 21198705 1 0 1706815675
WALL 21198705 1 0 1706815676
WALL 21198705 1 0 1706815677
WALL 21198705 1 0 1706815678
WALL 21198705 1 0 1706815679
WALL 21198705 1 0 1706815680
WALL 21198705 1 0 1706815681
WALL 21198705 1 0 1706815682
WALL 21198705 1 0 1706815683
WALL 21198705 1 0 1706815684
WALL 21198705 1 0 1706815685
WALL 21198705 1 0 1706815686
WALL 21198705 1 0 1706815687
WALL 21198705 1 0 1706815688
WALL 21198705 1 0 1706815689
WALL 21198705 1 0 1706815690
WALL 21198705 1 0 1706815691
WALL 21198705 1 0 1706815692
WALL 21198705 1 0 1706815693
WALL 21198705 1 0 1706815694
WALL 21198705 1 0 1706815695
WALL 21198705 1 0 1706815696
WALL 21198705 1 0 1706815697
WALL 21198705 1 0 1706815698
WALL 21198705 1 0 1706815699
WALL 21198705 1 0 1706815700
WALL 21198705 1 0 1706815701
WALL 21198705 1 0 1706815702
WALL 21198705 1 0 1706815703
WALL 21198705 1 0 1706815704
WALL 21198705 1 0 1706815705
WALL 21198705 1 0 1706815706
WALL 21198705 1 0 1706815707
WALL 21198705 1 0 1706815708
WALL 21198705 1 0 1706815709
WALL 21198705 1 0 1706815710
WALL 21198705 1 0 1706815711
WALL 21198705 1 0 1706815712
WALL 21198705 1 0 1706815713
WALL 21198705 1 0 1706815714
WALL 21198705 1 0 1706815715
WALL 21198705 1 0 1706815716
WALL 21198705 1 0 1706815717
WALL 21198705 1 0 1706815718
WALL 21198705 1 0 1706815719
WALL 21198705 1 0 1706815720
WALL 21198705 1 0 1706815721
WALL 21198705 1 0 1706815722
WALL 21198705 1 0 1706815723
WALL 21198705 1 0 1706815724
WALL 21198705 1 0 1706815725
WALL 21198705 1 0 1706815726
WALL 21198705 1 0 1706815727
WALL 21198705 1 0 1706815728
WALL 21198705 1 0 1706815729
WALL 21198705 1 0 1706815730
WALL 21198705 1 0 1706815731
WALL 21198705 1 0 1706815732
WALL 21198705 1 0 1706815733
WALL 21198705 1 0 1706815734
WALL 21198705 1 0 1706815735
WALL 21198705 1 0 1706815736
WALL 21198705 1 0 1706815737
WALL 21198705 1 0 1706815738
WALL 21198705 1 0 1706815739
WALL 21198705 1 0 1706815740
WALL 21198705 1 0 1706815741
WALL 21198705 1 0 1706815742
WALL 21198705 1 0 1706815743
WALL 21198705 1 0 1706815744
WALL 21198705 1 0 1706815745
WALL 21198705 1 0 1706815746
WALL 21198705 1 0 1706815747
WALL 21198705 1 0 1706815748
WALL 21198705 1 0 1706815749
WALL 21198705 1 0 1706815750
WALL 21198705 1 0 1706815751
WALL 21198705 1 0 1706815752
WALL 21198705 1 0 1706815753
WALL 21198705 1 0 1706815754
WALL 21198705 1 0 1706815755
WALL 21198705 1 0 1706815756
WALL 21198705 1 0 1706815757
WALL 21198705 1 0 1706815758
WALL 21198705 1 0 1706815759
WALL 21198705 1 0 1706815760
WALL 21198705 1 0 1706815761
WALL 21198705 1 0 1706815762
WALL 21198705 1 0 1706815763
WALL 21198705 1 0 1706815764
WALL 21198705 1 0 1706815765
WALL 21198705 1 0 1706815766
WALL 21198705 1 0 1706815767
WALL 21198705 1 0 1706815768
WALL 21198705 1 0 1706815769
WALL 21198705 1 0 1706815770
WALL 21198705 1 0 1706815771
WALL 21198705 1 0 1706815772
WALL 21198705 1 0 1706815773
WALL 21198705 1 0 1706815774
WALL 21198705 1 0 1706815775
WALL 21198705 1 0 1706815776
WALL 21198705 1 0 1706815777
WALL 21198705 1 0 1706815778
WALL 21198705 1 0 1706815779
WALL 21198705 1 0 1706815780
WALL 21198705 1 0 1706815781
WALL 21198705 1 0 1706815782
WALL 21198705 1 0 1706815783
WALL 21198705 1 0 1706815784
WALL 21198705 1 0 1706815785
WALL 21198705 1 0 1706815786
WALL 21198705 1 0 1706815787
WALL 21198705 1 0 1706815788
WALL 21198705 1 0 1706815789
WALL 21198705 1 0 1706815790
WALL 21198705 1 0 1706815791
WALL 21198705 1 0 1706815792
WALL 21198705 1 0 1706815793
WALL 21198705 1 0 1706815794
WALL 21198705 1 0 1706815795
WALL 21198705 1 0 1706815796
WALL 21198705 1 0 1706815797
WALL 21198705 1 0 1706815798
WALL 21198705 1 0 1706815799
WALL 21198705 1 0 1706815800
WALL 21198705 1 0 1706815801
WALL 21198705 1 0 1706815802
WALL 21198705 1 0 1706815803
WALL 21198705 1 0 1706815804
WALL 21198705 1 0 1706815805
WALL 21198705 1 0 1706815806
WALL 21198705 1 0 1706815807
WALL 21198705 1 0 1706815808
WALL 21198705 1 0 1706815809
WALL 21198705 1 0 1706815810
WALL 21198705 1 0 1706815811
WALL 21198705 1 0 1706815812
WALL 21198705 1 0 1706815813
WALL 21198705 1 0 1706815814
WALL 21198705 1 0 1706815815
WALL 21198705 1 0 1706815816
WALL 21198705 1 0 1706815817
WALL 21198705 1 0 1706815818
WALL 21198705 1 0 1706815819
WALL 21198705 1 0 1706815820
WALL 21198705 1 0 1706815821
WALL 21198705 1 0 1706815822
WALL 21198705 1 0 1706815823
WALL 21198705 1 0 1706815824
WALL 21198705 1 0 1706815825
WALL 21198705 1 0 1706815826
WALL 21198705 1 0 1706815827
WALL 21198705 1 0 1706815828
WALL 21198705 1 0 1706815829
WALL 21198705 1 0 1706815830
WALL 21198705 1 0 1706815831
WALL 21198705 1 0 1706815832
WALL 21198705 1 0 1706815833
WALL 21198705 1 0 1706815834
WALL 21198705 1 0 1706815835
WALL 21198705 1 0 1706815836
WALL 21198705 1 0 1706815837
WALL 21198705 1 0 1706815838
WALL 21198705 1 0 1706815839
WALL 21198705 1 0 1706815840
WALL 21198705 1 0 1706815841
WALL 21198705 1 0 1706815842
WALL 21198705 1 0 1706815843
WALL 21198705 1 0 1706815844
WALL 21198705 1 0 1706815845
WALL 21198705 1 0 1706815846
WALL 21198705 1 0 1706815847
WALL 21198705 1 0 1706815848
WALL 21198705 1 0 1706815849
WALL 21198705 1 0 1706815850
WALL 21198705 1 0 1706815851
WALL 21198705 1 0 1706815852
WALL 21198705 1 0 1706815853
WALL 21198705 1 0 1706815854
WALL 21198705 1 0 1706815855
WALL 21198705 1 0 1706815856
WALL 21198705 1 0 1706815857
WALL 21198705 1 0 1706815858
WALL 21198705 1 0 1706815859
WALL 21198705 1 0 1706815860
WALL 21198705 1 0 1706815861
WALL 21198705 1 0 1706815862
WALL 21198705 1 0 1706815863
WALL 21198705 1 0 1706815864
WALL 21198705 1 0 1706815865
WALL 21198705 1 0 1706815866
WALL 21198705 1 0 1706815867
WALL 21198705 1 0 1706815868
WALL 21198705 1 0 1706815869
WALL 21198705 1 0 1706815870
WALL 21198705 1 0 1706815871
WALL 21198705 1 0 1706815872
WALL 21198705 1 0 1706815873
WALL 21198705 1 0 1706815874
WALL 21198705 1 0 1706815875
WALL 21198705 1 0 1706815876
WALL 21198705 1 0 1706815877
WALL 21198705 1 0 1706815878
WALL 21198705 1 0 1706815879
WALL 21198705 1 0 1706815880
WALL 21198705 1 0 1706815881
WALL 21198705 1 0 1706815882
WALL 21198705 1 0 1706815883
WALL 21198705 1 0 1706815884
WALL 21198705 1 0 1706815885
WALL 21198705 1 0 1706815886
WALL 21198705 1 0 1706815887
WALL 21198705 1 0 1706815888
WALL 21198705 1 0 1706815889
WALL 21198705 1 0 1706815890
slurmstepd: error: *** STEP 21198705.0 ON nid200009 CANCELLED AT 2024-02-01T19:31:31 ***
received SIGTERM 1706815891
WALL 21198705 1 0 1706815891
received SIGCONT 1706815891
WALL 21198705 1 0 1706815891
WALL 21198705 1 0 1706815892
WALL 21198705 1 0 1706815893
WALL 21198705 1 0 1706815894
WALL 21198705 1 0 1706815895
WALL 21198705 1 0 1706815896
WALL 21198705 1 0 1706815897
WALL 21198705 1 0 1706815898
WALL 21198705 1 0 1706815899
WALL 21198705 1 0 1706815900
WALL 21198705 1 0 1706815901
WALL 21198705 1 0 1706815902
WALL 21198705 1 0 1706815903
WALL 21198705 1 0 1706815904
WALL 21198705 1 0 1706815905
WALL 21198705 1 0 1706815906
WALL 21198705 1 0 1706815907
WALL 21198705 1 0 1706815908
WALL 21198705 1 0 1706815909
WALL 21198705 1 0 1706815910
WALL 21198705 1 0 1706815911
WALL 21198705 1 0 1706815912
WALL 21198705 1 0 1706815913
WALL 21198705 1 0 1706815914
WALL 21198705 1 0 1706815915
WALL 21198705 1 0 1706815916
WALL 21198705 1 0 1706815917
WALL 21198705 1 0 1706815918
WALL 21198705 1 0 1706815919
WALL 21198705 1 0 1706815920
WALL 21198705 1 0 1706815921
WALL 21198705 1 0 1706815922
WALL 21198705 1 0 1706815923
WALL 21198705 1 0 1706815924
WALL 21198705 1 0 1706815925
WALL 21198705 1 0 1706815926
WALL 21198705 1 0 1706815927
WALL 21198705 1 0 1706815928
WALL 21198705 1 0 1706815929
WALL 21198705 1 0 1706815930
WALL 21198705 1 0 1706815931
WALL 21198705 1 0 1706815932
WALL 21198705 1 0 1706815933
WALL 21198705 1 0 1706815934
WALL 21198705 1 0 1706815935
WALL 21198705 1 0 1706815936
WALL 21198705 1 0 1706815937
WALL 21198705 1 0 1706815938
WALL 21198705 1 0 1706815939
WALL 21198705 1 0 1706815940
WALL 21198705 1 0 1706815941
WALL 21198705 1 0 1706815942
WALL 21198705 1 0 1706815943
WALL 21198705 1 0 1706815944
WALL 21198705 1 0 1706815945
WALL 21198705 1 0 1706815946
WALL 21198705 1 0 1706815947
WALL 21198705 1 0 1706815948
WALL 21198705 1 0 1706815949
WALL 21198705 1 0 1706815950
WALL 21198705 1 0 1706815951
WALL 21198705 1 0 1706815952
WALL 21198705 1 0 1706815953
WALL 21198705 1 0 1706815954
WALL 21198705 1 0 1706815955
WALL 21198705 1 0 1706815956
WALL 21198705 1 0 1706815957
WALL 21198705 1 0 1706815958
WALL 21198705 1 0 1706815959
WALL 21198705 1 0 1706815960
WALL 21198705 1 0 1706815961
slurmstepd: error: *** JOB 21198705 ON nid200009 CANCELLED AT 2024-02-01T19:32:41 DUE TO PREEMPTION ***
received SIGTERM 1706815961
WALL 21198705 1 0 1706815961
received SIGCONT 1706815961
WALL 21198705 1 0 1706815961
received SIGTERM 1706815961
WALL 21198705 1 0 1706815961
