srun: warning: can't run 1 processes on 8 nodes, setting nnodes to 1
WALL 21195374 1 0 1706813367
WALL 21195374 1 0 1706813368
WALL 21195374 1 0 1706813369
WALL 21195374 1 0 1706813370
WALL 21195374 1 0 1706813371
WALL 21195374 1 0 1706813372
WALL 21195374 1 0 1706813373
WALL 21195374 1 0 1706813374
WALL 21195374 1 0 1706813375
WALL 21195374 1 0 1706813376
WALL 21195374 1 0 1706813377
WALL 21195374 1 0 1706813378
WALL 21195374 1 0 1706813379
WALL 21195374 1 0 1706813380
WALL 21195374 1 0 1706813381
WALL 21195374 1 0 1706813382
WALL 21195374 1 0 1706813383
WALL 21195374 1 0 1706813384
WALL 21195374 1 0 1706813385
WALL 21195374 1 0 1706813386
WALL 21195374 1 0 1706813387
WALL 21195374 1 0 1706813388
WALL 21195374 1 0 1706813389
WALL 21195374 1 0 1706813390
WALL 21195374 1 0 1706813391
WALL 21195374 1 0 1706813392
WALL 21195374 1 0 1706813393
WALL 21195374 1 0 1706813394
WALL 21195374 1 0 1706813395
WALL 21195374 1 0 1706813396
WALL 21195374 1 0 1706813397
WALL 21195374 1 0 1706813398
WALL 21195374 1 0 1706813399
WALL 21195374 1 0 1706813400
WALL 21195374 1 0 1706813401
WALL 21195374 1 0 1706813402
WALL 21195374 1 0 1706813403
WALL 21195374 1 0 1706813404
WALL 21195374 1 0 1706813405
WALL 21195374 1 0 1706813406
WALL 21195374 1 0 1706813407
WALL 21195374 1 0 1706813408
WALL 21195374 1 0 1706813409
WALL 21195374 1 0 1706813410
WALL 21195374 1 0 1706813411
WALL 21195374 1 0 1706813412
WALL 21195374 1 0 1706813413
WALL 21195374 1 0 1706813414
slurmstepd: error: *** STEP 21195374.0 ON nid200033 CANCELLED AT 2024-02-01T18:50:15 ***
received SIGTERM 1706813415
WALL 21195374 1 0 1706813415
received SIGCONT 1706813415
WALL 21195374 1 0 1706813415
WALL 21195374 1 0 1706813416
WALL 21195374 1 0 1706813417
WALL 21195374 1 0 1706813418
WALL 21195374 1 0 1706813419
WALL 21195374 1 0 1706813420
WALL 21195374 1 0 1706813421
WALL 21195374 1 0 1706813422
WALL 21195374 1 0 1706813423
WALL 21195374 1 0 1706813424
WALL 21195374 1 0 1706813425
WALL 21195374 1 0 1706813426
WALL 21195374 1 0 1706813427
WALL 21195374 1 0 1706813428
WALL 21195374 1 0 1706813429
WALL 21195374 1 0 1706813430
WALL 21195374 1 0 1706813431
WALL 21195374 1 0 1706813432
WALL 21195374 1 0 1706813433
WALL 21195374 1 0 1706813434
WALL 21195374 1 0 1706813435
WALL 21195374 1 0 1706813436
WALL 21195374 1 0 1706813437
WALL 21195374 1 0 1706813438
WALL 21195374 1 0 1706813439
WALL 21195374 1 0 1706813440
WALL 21195374 1 0 1706813441
WALL 21195374 1 0 1706813442
WALL 21195374 1 0 1706813443
WALL 21195374 1 0 1706813444
WALL 21195374 1 0 1706813445
WALL 21195374 1 0 1706813446
WALL 21195374 1 0 1706813447
WALL 21195374 1 0 1706813448
WALL 21195374 1 0 1706813449
WALL 21195374 1 0 1706813450
WALL 21195374 1 0 1706813451
WALL 21195374 1 0 1706813452
WALL 21195374 1 0 1706813453
WALL 21195374 1 0 1706813454
WALL 21195374 1 0 1706813455
WALL 21195374 1 0 1706813456
WALL 21195374 1 0 1706813457
WALL 21195374 1 0 1706813458
WALL 21195374 1 0 1706813459
WALL 21195374 1 0 1706813460
WALL 21195374 1 0 1706813461
WALL 21195374 1 0 1706813462
WALL 21195374 1 0 1706813463
WALL 21195374 1 0 1706813464
WALL 21195374 1 0 1706813465
WALL 21195374 1 0 1706813466
WALL 21195374 1 0 1706813467
WALL 21195374 1 0 1706813468
WALL 21195374 1 0 1706813469
WALL 21195374 1 0 1706813470
WALL 21195374 1 0 1706813471
WALL 21195374 1 0 1706813472
WALL 21195374 1 0 1706813473
WALL 21195374 1 0 1706813474
WALL 21195374 1 0 1706813475
WALL 21195374 1 0 1706813476
WALL 21195374 1 0 1706813477
WALL 21195374 1 0 1706813478
WALL 21195374 1 0 1706813479
WALL 21195374 1 0 1706813480
WALL 21195374 1 0 1706813481
WALL 21195374 1 0 1706813482
WALL 21195374 1 0 1706813483
WALL 21195374 1 0 1706813484
WALL 21195374 1 0 1706813485
WALL 21195374 1 0 1706813486
WALL 21195374 1 0 1706813487
WALL 21195374 1 0 1706813488
WALL 21195374 1 0 1706813489
WALL 21195374 1 0 1706813490
WALL 21195374 1 0 1706813491
WALL 21195374 1 0 1706813492
WALL 21195374 1 0 1706813493
WALL 21195374 1 0 1706813494
WALL 21195374 1 0 1706813495
WALL 21195374 1 0 1706813496
WALL 21195374 1 0 1706813497
WALL 21195374 1 0 1706813498
WALL 21195374 1 0 1706813499
WALL 21195374 1 0 1706813500
WALL 21195374 1 0 1706813501
WALL 21195374 1 0 1706813502
WALL 21195374 1 0 1706813503
slurmstepd: error: *** JOB 21195374 ON nid200033 CANCELLED AT 2024-02-01T18:51:44 DUE TO PREEMPTION ***
received SIGTERM 1706813504
WALL 21195374 1 0 1706813504
received SIGCONT 1706813504
WALL 21195374 1 0 1706813504
received SIGTERM 1706813504
WALL 21195374 1 0 1706813504
