WALL 21250214 1 0 1706921261
WALL 21250214 1 0 1706921262
WALL 21250214 1 0 1706921263
WALL 21250214 1 0 1706921264
WALL 21250214 1 0 1706921265
WALL 21250214 1 0 1706921266
WALL 21250214 1 0 1706921267
WALL 21250214 1 0 1706921268
WALL 21250214 1 0 1706921269
WALL 21250214 1 0 1706921270
WALL 21250214 1 0 1706921271
WALL 21250214 1 0 1706921272
WALL 21250214 1 0 1706921273
WALL 21250214 1 0 1706921274
WALL 21250214 1 0 1706921275
WALL 21250214 1 0 1706921276
WALL 21250214 1 0 1706921277
WALL 21250214 1 0 1706921278
WALL 21250214 1 0 1706921279
WALL 21250214 1 0 1706921280
WALL 21250214 1 0 1706921281
WALL 21250214 1 0 1706921282
WALL 21250214 1 0 1706921283
WALL 21250214 1 0 1706921284
WALL 21250214 1 0 1706921285
WALL 21250214 1 0 1706921286
WALL 21250214 1 0 1706921287
WALL 21250214 1 0 1706921288
WALL 21250214 1 0 1706921289
WALL 21250214 1 0 1706921290
WALL 21250214 1 0 1706921291
WALL 21250214 1 0 1706921292
WALL 21250214 1 0 1706921293
WALL 21250214 1 0 1706921294
WALL 21250214 1 0 1706921295
WALL 21250214 1 0 1706921296
WALL 21250214 1 0 1706921297
WALL 21250214 1 0 1706921298
WALL 21250214 1 0 1706921299
WALL 21250214 1 0 1706921300
WALL 21250214 1 0 1706921301
WALL 21250214 1 0 1706921302
WALL 21250214 1 0 1706921303
WALL 21250214 1 0 1706921304
WALL 21250214 1 0 1706921305
WALL 21250214 1 0 1706921306
WALL 21250214 1 0 1706921307
WALL 21250214 1 0 1706921308
WALL 21250214 1 0 1706921309
WALL 21250214 1 0 1706921310
WALL 21250214 1 0 1706921311
WALL 21250214 1 0 1706921312
WALL 21250214 1 0 1706921313
WALL 21250214 1 0 1706921314
WALL 21250214 1 0 1706921315
WALL 21250214 1 0 1706921316
WALL 21250214 1 0 1706921317
WALL 21250214 1 0 1706921318
WALL 21250214 1 0 1706921319
WALL 21250214 1 0 1706921320
WALL 21250214 1 0 1706921321
WALL 21250214 1 0 1706921322
WALL 21250214 1 0 1706921323
WALL 21250214 1 0 1706921324
WALL 21250214 1 0 1706921325
WALL 21250214 1 0 1706921326
WALL 21250214 1 0 1706921327
WALL 21250214 1 0 1706921328
WALL 21250214 1 0 1706921329
WALL 21250214 1 0 1706921330
WALL 21250214 1 0 1706921331
WALL 21250214 1 0 1706921332
WALL 21250214 1 0 1706921333
WALL 21250214 1 0 1706921334
WALL 21250214 1 0 1706921335
WALL 21250214 1 0 1706921336
WALL 21250214 1 0 1706921337
WALL 21250214 1 0 1706921338
WALL 21250214 1 0 1706921339
WALL 21250214 1 0 1706921340
WALL 21250214 1 0 1706921341
WALL 21250214 1 0 1706921342
WALL 21250214 1 0 1706921343
WALL 21250214 1 0 1706921344
WALL 21250214 1 0 1706921345
WALL 21250214 1 0 1706921346
WALL 21250214 1 0 1706921347
WALL 21250214 1 0 1706921348
WALL 21250214 1 0 1706921349
WALL 21250214 1 0 1706921350
WALL 21250214 1 0 1706921351
WALL 21250214 1 0 1706921352
WALL 21250214 1 0 1706921353
WALL 21250214 1 0 1706921354
WALL 21250214 1 0 1706921355
WALL 21250214 1 0 1706921356
WALL 21250214 1 0 1706921357
WALL 21250214 1 0 1706921358
WALL 21250214 1 0 1706921359
WALL 21250214 1 0 1706921360
WALL 21250214 1 0 1706921361
WALL 21250214 1 0 1706921362
WALL 21250214 1 0 1706921363
WALL 21250214 1 0 1706921364
WALL 21250214 1 0 1706921365
WALL 21250214 1 0 1706921366
WALL 21250214 1 0 1706921367
WALL 21250214 1 0 1706921368
WALL 21250214 1 0 1706921369
WALL 21250214 1 0 1706921370
WALL 21250214 1 0 1706921371
WALL 21250214 1 0 1706921372
WALL 21250214 1 0 1706921373
WALL 21250214 1 0 1706921374
WALL 21250214 1 0 1706921375
WALL 21250214 1 0 1706921376
WALL 21250214 1 0 1706921377
WALL 21250214 1 0 1706921378
WALL 21250214 1 0 1706921379
WALL 21250214 1 0 1706921380
WALL 21250214 1 0 1706921381
WALL 21250214 1 0 1706921382
WALL 21250214 1 0 1706921383
WALL 21250214 1 0 1706921384
WALL 21250214 1 0 1706921385
WALL 21250214 1 0 1706921386
WALL 21250214 1 0 1706921387
WALL 21250214 1 0 1706921388
WALL 21250214 1 0 1706921389
WALL 21250214 1 0 1706921390
WALL 21250214 1 0 1706921391
WALL 21250214 1 0 1706921392
WALL 21250214 1 0 1706921393
WALL 21250214 1 0 1706921394
WALL 21250214 1 0 1706921395
WALL 21250214 1 0 1706921396
WALL 21250214 1 0 1706921397
WALL 21250214 1 0 1706921398
WALL 21250214 1 0 1706921399
WALL 21250214 1 0 1706921400
WALL 21250214 1 0 1706921401
WALL 21250214 1 0 1706921402
WALL 21250214 1 0 1706921403
WALL 21250214 1 0 1706921404
WALL 21250214 1 0 1706921405
WALL 21250214 1 0 1706921406
WALL 21250214 1 0 1706921407
WALL 21250214 1 0 1706921408
WALL 21250214 1 0 1706921409
WALL 21250214 1 0 1706921410
WALL 21250214 1 0 1706921411
WALL 21250214 1 0 1706921412
WALL 21250214 1 0 1706921413
WALL 21250214 1 0 1706921414
WALL 21250214 1 0 1706921415
WALL 21250214 1 0 1706921416
WALL 21250214 1 0 1706921417
WALL 21250214 1 0 1706921418
WALL 21250214 1 0 1706921419
WALL 21250214 1 0 1706921420
WALL 21250214 1 0 1706921421
WALL 21250214 1 0 1706921422
WALL 21250214 1 0 1706921423
WALL 21250214 1 0 1706921424
WALL 21250214 1 0 1706921425
WALL 21250214 1 0 1706921426
WALL 21250214 1 0 1706921427
WALL 21250214 1 0 1706921428
WALL 21250214 1 0 1706921429
WALL 21250214 1 0 1706921430
WALL 21250214 1 0 1706921431
WALL 21250214 1 0 1706921432
WALL 21250214 1 0 1706921433
WALL 21250214 1 0 1706921434
WALL 21250214 1 0 1706921435
WALL 21250214 1 0 1706921436
WALL 21250214 1 0 1706921437
WALL 21250214 1 0 1706921438
WALL 21250214 1 0 1706921439
WALL 21250214 1 0 1706921440
WALL 21250214 1 0 1706921441
WALL 21250214 1 0 1706921442
WALL 21250214 1 0 1706921443
WALL 21250214 1 0 1706921444
WALL 21250214 1 0 1706921445
WALL 21250214 1 0 1706921446
WALL 21250214 1 0 1706921447
WALL 21250214 1 0 1706921448
WALL 21250214 1 0 1706921449
WALL 21250214 1 0 1706921450
WALL 21250214 1 0 1706921451
WALL 21250214 1 0 1706921452
WALL 21250214 1 0 1706921453
WALL 21250214 1 0 1706921454
WALL 21250214 1 0 1706921455
WALL 21250214 1 0 1706921456
WALL 21250214 1 0 1706921457
WALL 21250214 1 0 1706921458
WALL 21250214 1 0 1706921459
WALL 21250214 1 0 1706921460
WALL 21250214 1 0 1706921461
WALL 21250214 1 0 1706921462
WALL 21250214 1 0 1706921463
WALL 21250214 1 0 1706921464
WALL 21250214 1 0 1706921465
WALL 21250214 1 0 1706921466
WALL 21250214 1 0 1706921467
WALL 21250214 1 0 1706921468
WALL 21250214 1 0 1706921469
WALL 21250214 1 0 1706921470
WALL 21250214 1 0 1706921471
WALL 21250214 1 0 1706921472
WALL 21250214 1 0 1706921473
WALL 21250214 1 0 1706921474
WALL 21250214 1 0 1706921475
WALL 21250214 1 0 1706921476
WALL 21250214 1 0 1706921477
WALL 21250214 1 0 1706921478
WALL 21250214 1 0 1706921479
WALL 21250214 1 0 1706921480
WALL 21250214 1 0 1706921481
WALL 21250214 1 0 1706921482
WALL 21250214 1 0 1706921483
WALL 21250214 1 0 1706921484
WALL 21250214 1 0 1706921485
WALL 21250214 1 0 1706921486
WALL 21250214 1 0 1706921487
WALL 21250214 1 0 1706921488
WALL 21250214 1 0 1706921489
WALL 21250214 1 0 1706921490
WALL 21250214 1 0 1706921491
WALL 21250214 1 0 1706921492
WALL 21250214 1 0 1706921493
WALL 21250214 1 0 1706921494
WALL 21250214 1 0 1706921495
WALL 21250214 1 0 1706921496
WALL 21250214 1 0 1706921497
WALL 21250214 1 0 1706921498
WALL 21250214 1 0 1706921499
WALL 21250214 1 0 1706921500
WALL 21250214 1 0 1706921501
WALL 21250214 1 0 1706921502
WALL 21250214 1 0 1706921503
WALL 21250214 1 0 1706921504
WALL 21250214 1 0 1706921505
WALL 21250214 1 0 1706921506
WALL 21250214 1 0 1706921507
WALL 21250214 1 0 1706921508
WALL 21250214 1 0 1706921509
WALL 21250214 1 0 1706921510
WALL 21250214 1 0 1706921511
WALL 21250214 1 0 1706921512
WALL 21250214 1 0 1706921513
WALL 21250214 1 0 1706921514
WALL 21250214 1 0 1706921515
WALL 21250214 1 0 1706921516
WALL 21250214 1 0 1706921517
WALL 21250214 1 0 1706921518
WALL 21250214 1 0 1706921519
WALL 21250214 1 0 1706921520
WALL 21250214 1 0 1706921521
WALL 21250214 1 0 1706921522
WALL 21250214 1 0 1706921523
WALL 21250214 1 0 1706921524
WALL 21250214 1 0 1706921525
WALL 21250214 1 0 1706921526
WALL 21250214 1 0 1706921527
WALL 21250214 1 0 1706921528
WALL 21250214 1 0 1706921529
WALL 21250214 1 0 1706921530
WALL 21250214 1 0 1706921531
WALL 21250214 1 0 1706921532
WALL 21250214 1 0 1706921533
WALL 21250214 1 0 1706921534
WALL 21250214 1 0 1706921535
WALL 21250214 1 0 1706921536
WALL 21250214 1 0 1706921537
WALL 21250214 1 0 1706921538
WALL 21250214 1 0 1706921539
WALL 21250214 1 0 1706921540
WALL 21250214 1 0 1706921541
WALL 21250214 1 0 1706921542
WALL 21250214 1 0 1706921543
WALL 21250214 1 0 1706921544
WALL 21250214 1 0 1706921545
WALL 21250214 1 0 1706921546
WALL 21250214 1 0 1706921547
WALL 21250214 1 0 1706921548
WALL 21250214 1 0 1706921549
WALL 21250214 1 0 1706921550
WALL 21250214 1 0 1706921551
WALL 21250214 1 0 1706921552
WALL 21250214 1 0 1706921553
WALL 21250214 1 0 1706921554
WALL 21250214 1 0 1706921555
WALL 21250214 1 0 1706921556
WALL 21250214 1 0 1706921557
WALL 21250214 1 0 1706921558
WALL 21250214 1 0 1706921559
WALL 21250214 1 0 1706921560
WALL 21250214 1 0 1706921561
WALL 21250214 1 0 1706921562
WALL 21250214 1 0 1706921563
WALL 21250214 1 0 1706921564
WALL 21250214 1 0 1706921565
WALL 21250214 1 0 1706921566
WALL 21250214 1 0 1706921567
WALL 21250214 1 0 1706921568
WALL 21250214 1 0 1706921569
WALL 21250214 1 0 1706921570
WALL 21250214 1 0 1706921571
WALL 21250214 1 0 1706921572
WALL 21250214 1 0 1706921573
WALL 21250214 1 0 1706921574
WALL 21250214 1 0 1706921575
WALL 21250214 1 0 1706921576
WALL 21250214 1 0 1706921577
WALL 21250214 1 0 1706921578
WALL 21250214 1 0 1706921579
WALL 21250214 1 0 1706921580
WALL 21250214 1 0 1706921581
WALL 21250214 1 0 1706921582
WALL 21250214 1 0 1706921583
WALL 21250214 1 0 1706921584
WALL 21250214 1 0 1706921585
WALL 21250214 1 0 1706921586
WALL 21250214 1 0 1706921587
WALL 21250214 1 0 1706921588
WALL 21250214 1 0 1706921589
WALL 21250214 1 0 1706921590
WALL 21250214 1 0 1706921591
WALL 21250214 1 0 1706921592
WALL 21250214 1 0 1706921593
WALL 21250214 1 0 1706921594
WALL 21250214 1 0 1706921595
WALL 21250214 1 0 1706921596
WALL 21250214 1 0 1706921597
WALL 21250214 1 0 1706921598
WALL 21250214 1 0 1706921599
WALL 21250214 1 0 1706921600
WALL 21250214 1 0 1706921601
WALL 21250214 1 0 1706921602
WALL 21250214 1 0 1706921603
WALL 21250214 1 0 1706921604
WALL 21250214 1 0 1706921605
WALL 21250214 1 0 1706921606
WALL 21250214 1 0 1706921607
WALL 21250214 1 0 1706921608
WALL 21250214 1 0 1706921609
WALL 21250214 1 0 1706921610
WALL 21250214 1 0 1706921611
WALL 21250214 1 0 1706921612
WALL 21250214 1 0 1706921613
received SIGCONT 1706921613
WALL 21250214 1 0 1706921613
slurmstepd: error: *** STEP 21250214.0 ON nid200066 CANCELLED AT 2024-02-03T00:53:33 ***
received SIGTERM 1706921613
WALL 21250214 1 0 1706921613
WALL 21250214 1 0 1706921614
WALL 21250214 1 0 1706921615
WALL 21250214 1 0 1706921616
WALL 21250214 1 0 1706921617
WALL 21250214 1 0 1706921618
WALL 21250214 1 0 1706921619
WALL 21250214 1 0 1706921620
WALL 21250214 1 0 1706921621
WALL 21250214 1 0 1706921622
WALL 21250214 1 0 1706921623
WALL 21250214 1 0 1706921624
WALL 21250214 1 0 1706921625
WALL 21250214 1 0 1706921626
WALL 21250214 1 0 1706921627
WALL 21250214 1 0 1706921628
WALL 21250214 1 0 1706921629
WALL 21250214 1 0 1706921630
WALL 21250214 1 0 1706921631
WALL 21250214 1 0 1706921632
WALL 21250214 1 0 1706921633
WALL 21250214 1 0 1706921634
WALL 21250214 1 0 1706921635
WALL 21250214 1 0 1706921636
WALL 21250214 1 0 1706921637
WALL 21250214 1 0 1706921638
WALL 21250214 1 0 1706921639
WALL 21250214 1 0 1706921640
WALL 21250214 1 0 1706921641
WALL 21250214 1 0 1706921642
WALL 21250214 1 0 1706921643
WALL 21250214 1 0 1706921644
WALL 21250214 1 0 1706921645
WALL 21250214 1 0 1706921646
WALL 21250214 1 0 1706921647
WALL 21250214 1 0 1706921648
WALL 21250214 1 0 1706921649
WALL 21250214 1 0 1706921650
WALL 21250214 1 0 1706921651
WALL 21250214 1 0 1706921652
WALL 21250214 1 0 1706921653
WALL 21250214 1 0 1706921654
WALL 21250214 1 0 1706921655
WALL 21250214 1 0 1706921656
WALL 21250214 1 0 1706921657
WALL 21250214 1 0 1706921658
WALL 21250214 1 0 1706921659
WALL 21250214 1 0 1706921660
WALL 21250214 1 0 1706921661
WALL 21250214 1 0 1706921662
WALL 21250214 1 0 1706921663
WALL 21250214 1 0 1706921664
WALL 21250214 1 0 1706921665
WALL 21250214 1 0 1706921666
WALL 21250214 1 0 1706921667
WALL 21250214 1 0 1706921668
WALL 21250214 1 0 1706921669
WALL 21250214 1 0 1706921670
WALL 21250214 1 0 1706921671
WALL 21250214 1 0 1706921672
WALL 21250214 1 0 1706921673
WALL 21250214 1 0 1706921674
WALL 21250214 1 0 1706921675
WALL 21250214 1 0 1706921676
WALL 21250214 1 0 1706921677
WALL 21250214 1 0 1706921678
WALL 21250214 1 0 1706921679
WALL 21250214 1 0 1706921680
WALL 21250214 1 0 1706921681
WALL 21250214 1 0 1706921682
WALL 21250214 1 0 1706921683
WALL 21250214 1 0 1706921684
slurmstepd: error: *** JOB 21250214 ON nid200066 CANCELLED AT 2024-02-03T00:54:45 DUE TO PREEMPTION ***
received SIGTERM 1706921685
WALL 21250214 1 0 1706921685
received SIGCONT 1706921685
WALL 21250214 1 0 1706921685
received SIGTERM 1706921685
WALL 21250214 1 0 1706921685
