srun: warning: can't run 1 processes on 8 nodes, setting nnodes to 1
WALL 21212060 1 0 1706832438
WALL 21212060 1 0 1706832439
WALL 21212060 1 0 1706832440
WALL 21212060 1 0 1706832441
WALL 21212060 1 0 1706832442
WALL 21212060 1 0 1706832443
WALL 21212060 1 0 1706832444
WALL 21212060 1 0 1706832445
WALL 21212060 1 0 1706832446
slurmstepd: error: *** STEP 21212060.0 ON nid200048 CANCELLED AT 2024-02-02T00:07:26 ***
received SIGCONT 1706832446
received SIGTERM 1706832446
WALL 21212060 1 0 1706832446
WALL 21212060 1 0 1706832447
WALL 21212060 1 0 1706832448
WALL 21212060 1 0 1706832449
WALL 21212060 1 0 1706832450
WALL 21212060 1 0 1706832451
WALL 21212060 1 0 1706832452
WALL 21212060 1 0 1706832453
WALL 21212060 1 0 1706832454
WALL 21212060 1 0 1706832455
WALL 21212060 1 0 1706832456
WALL 21212060 1 0 1706832457
WALL 21212060 1 0 1706832458
WALL 21212060 1 0 1706832459
WALL 21212060 1 0 1706832460
WALL 21212060 1 0 1706832461
WALL 21212060 1 0 1706832462
WALL 21212060 1 0 1706832463
WALL 21212060 1 0 1706832464
WALL 21212060 1 0 1706832465
WALL 21212060 1 0 1706832466
WALL 21212060 1 0 1706832467
WALL 21212060 1 0 1706832468
WALL 21212060 1 0 1706832469
WALL 21212060 1 0 1706832470
WALL 21212060 1 0 1706832471
WALL 21212060 1 0 1706832472
WALL 21212060 1 0 1706832473
WALL 21212060 1 0 1706832474
WALL 21212060 1 0 1706832475
WALL 21212060 1 0 1706832476
WALL 21212060 1 0 1706832477
WALL 21212060 1 0 1706832478
WALL 21212060 1 0 1706832479
WALL 21212060 1 0 1706832480
WALL 21212060 1 0 1706832481
WALL 21212060 1 0 1706832482
WALL 21212060 1 0 1706832483
WALL 21212060 1 0 1706832484
WALL 21212060 1 0 1706832485
WALL 21212060 1 0 1706832486
WALL 21212060 1 0 1706832487
WALL 21212060 1 0 1706832488
WALL 21212060 1 0 1706832489
WALL 21212060 1 0 1706832490
WALL 21212060 1 0 1706832491
WALL 21212060 1 0 1706832492
WALL 21212060 1 0 1706832493
WALL 21212060 1 0 1706832494
WALL 21212060 1 0 1706832495
WALL 21212060 1 0 1706832496
WALL 21212060 1 0 1706832497
WALL 21212060 1 0 1706832498
WALL 21212060 1 0 1706832499
WALL 21212060 1 0 1706832500
WALL 21212060 1 0 1706832501
WALL 21212060 1 0 1706832502
WALL 21212060 1 0 1706832503
WALL 21212060 1 0 1706832504
WALL 21212060 1 0 1706832505
WALL 21212060 1 0 1706832506
WALL 21212060 1 0 1706832507
slurmstepd: error: *** JOB 21212060 ON nid200048 CANCELLED AT 2024-02-02T00:08:28 DUE TO PREEMPTION ***
received SIGTERM 1706832508
WALL 21212060 1 0 1706832508
received SIGCONT 1706832508
WALL 21212060 1 0 1706832508
received SIGTERM 1706832508
WALL 21212060 1 0 1706832508
