WALL 21152159 1 0 1706740426
WALL 21152159 1 0 1706740427
WALL 21152159 1 0 1706740428
WALL 21152159 1 0 1706740429
WALL 21152159 1 0 1706740430
WALL 21152159 1 0 1706740431
WALL 21152159 1 0 1706740432
WALL 21152159 1 0 1706740433
WALL 21152159 1 0 1706740434
WALL 21152159 1 0 1706740435
WALL 21152159 1 0 1706740436
WALL 21152159 1 0 1706740437
WALL 21152159 1 0 1706740438
WALL 21152159 1 0 1706740439
WALL 21152159 1 0 1706740440
WALL 21152159 1 0 1706740441
WALL 21152159 1 0 1706740442
WALL 21152159 1 0 1706740443
WALL 21152159 1 0 1706740444
WALL 21152159 1 0 1706740445
WALL 21152159 1 0 1706740446
WALL 21152159 1 0 1706740447
WALL 21152159 1 0 1706740448
WALL 21152159 1 0 1706740449
WALL 21152159 1 0 1706740450
WALL 21152159 1 0 1706740451
WALL 21152159 1 0 1706740452
WALL 21152159 1 0 1706740453
WALL 21152159 1 0 1706740454
WALL 21152159 1 0 1706740455
WALL 21152159 1 0 1706740456
WALL 21152159 1 0 1706740457
WALL 21152159 1 0 1706740458
WALL 21152159 1 0 1706740459
WALL 21152159 1 0 1706740460
WALL 21152159 1 0 1706740461
WALL 21152159 1 0 1706740462
WALL 21152159 1 0 1706740463
WALL 21152159 1 0 1706740464
WALL 21152159 1 0 1706740465
WALL 21152159 1 0 1706740466
WALL 21152159 1 0 1706740467
WALL 21152159 1 0 1706740468
WALL 21152159 1 0 1706740469
WALL 21152159 1 0 1706740470
WALL 21152159 1 0 1706740471
WALL 21152159 1 0 1706740472
WALL 21152159 1 0 1706740473
WALL 21152159 1 0 1706740474
WALL 21152159 1 0 1706740475
WALL 21152159 1 0 1706740476
WALL 21152159 1 0 1706740477
WALL 21152159 1 0 1706740478
WALL 21152159 1 0 1706740479
WALL 21152159 1 0 1706740480
WALL 21152159 1 0 1706740481
WALL 21152159 1 0 1706740482
WALL 21152159 1 0 1706740483
WALL 21152159 1 0 1706740484
WALL 21152159 1 0 1706740485
WALL 21152159 1 0 1706740486
WALL 21152159 1 0 1706740487
WALL 21152159 1 0 1706740488
WALL 21152159 1 0 1706740489
WALL 21152159 1 0 1706740490
WALL 21152159 1 0 1706740491
WALL 21152159 1 0 1706740492
WALL 21152159 1 0 1706740493
WALL 21152159 1 0 1706740494
WALL 21152159 1 0 1706740495
WALL 21152159 1 0 1706740496
WALL 21152159 1 0 1706740497
WALL 21152159 1 0 1706740498
WALL 21152159 1 0 1706740499
WALL 21152159 1 0 1706740500
WALL 21152159 1 0 1706740501
WALL 21152159 1 0 1706740502
WALL 21152159 1 0 1706740503
WALL 21152159 1 0 1706740504
WALL 21152159 1 0 1706740505
WALL 21152159 1 0 1706740506
WALL 21152159 1 0 1706740507
WALL 21152159 1 0 1706740508
WALL 21152159 1 0 1706740509
WALL 21152159 1 0 1706740510
WALL 21152159 1 0 1706740511
WALL 21152159 1 0 1706740512
WALL 21152159 1 0 1706740513
WALL 21152159 1 0 1706740514
WALL 21152159 1 0 1706740515
WALL 21152159 1 0 1706740516
WALL 21152159 1 0 1706740517
WALL 21152159 1 0 1706740518
WALL 21152159 1 0 1706740519
WALL 21152159 1 0 1706740520
WALL 21152159 1 0 1706740521
WALL 21152159 1 0 1706740522
WALL 21152159 1 0 1706740523
WALL 21152159 1 0 1706740524
WALL 21152159 1 0 1706740525
WALL 21152159 1 0 1706740526
WALL 21152159 1 0 1706740527
WALL 21152159 1 0 1706740528
WALL 21152159 1 0 1706740529
WALL 21152159 1 0 1706740530
WALL 21152159 1 0 1706740531
WALL 21152159 1 0 1706740532
WALL 21152159 1 0 1706740533
WALL 21152159 1 0 1706740534
WALL 21152159 1 0 1706740535
WALL 21152159 1 0 1706740536
WALL 21152159 1 0 1706740537
WALL 21152159 1 0 1706740538
WALL 21152159 1 0 1706740539
WALL 21152159 1 0 1706740540
WALL 21152159 1 0 1706740541
WALL 21152159 1 0 1706740542
WALL 21152159 1 0 1706740543
WALL 21152159 1 0 1706740544
WALL 21152159 1 0 1706740545
WALL 21152159 1 0 1706740546
WALL 21152159 1 0 1706740547
WALL 21152159 1 0 1706740548
WALL 21152159 1 0 1706740549
WALL 21152159 1 0 1706740550
WALL 21152159 1 0 1706740551
WALL 21152159 1 0 1706740552
WALL 21152159 1 0 1706740553
WALL 21152159 1 0 1706740554
WALL 21152159 1 0 1706740555
WALL 21152159 1 0 1706740556
WALL 21152159 1 0 1706740557
WALL 21152159 1 0 1706740558
WALL 21152159 1 0 1706740559
WALL 21152159 1 0 1706740560
WALL 21152159 1 0 1706740561
WALL 21152159 1 0 1706740562
WALL 21152159 1 0 1706740563
WALL 21152159 1 0 1706740564
WALL 21152159 1 0 1706740565
WALL 21152159 1 0 1706740566
WALL 21152159 1 0 1706740567
WALL 21152159 1 0 1706740568
WALL 21152159 1 0 1706740569
WALL 21152159 1 0 1706740570
WALL 21152159 1 0 1706740571
WALL 21152159 1 0 1706740572
WALL 21152159 1 0 1706740573
WALL 21152159 1 0 1706740574
WALL 21152159 1 0 1706740575
WALL 21152159 1 0 1706740576
WALL 21152159 1 0 1706740577
WALL 21152159 1 0 1706740578
WALL 21152159 1 0 1706740579
WALL 21152159 1 0 1706740580
WALL 21152159 1 0 1706740581
WALL 21152159 1 0 1706740582
WALL 21152159 1 0 1706740583
WALL 21152159 1 0 1706740584
WALL 21152159 1 0 1706740585
WALL 21152159 1 0 1706740586
WALL 21152159 1 0 1706740587
WALL 21152159 1 0 1706740588
WALL 21152159 1 0 1706740589
WALL 21152159 1 0 1706740590
WALL 21152159 1 0 1706740591
WALL 21152159 1 0 1706740592
WALL 21152159 1 0 1706740593
WALL 21152159 1 0 1706740594
WALL 21152159 1 0 1706740595
WALL 21152159 1 0 1706740596
WALL 21152159 1 0 1706740597
WALL 21152159 1 0 1706740598
WALL 21152159 1 0 1706740599
WALL 21152159 1 0 1706740600
WALL 21152159 1 0 1706740601
WALL 21152159 1 0 1706740602
WALL 21152159 1 0 1706740603
WALL 21152159 1 0 1706740604
WALL 21152159 1 0 1706740605
WALL 21152159 1 0 1706740606
WALL 21152159 1 0 1706740607
WALL 21152159 1 0 1706740608
WALL 21152159 1 0 1706740609
WALL 21152159 1 0 1706740610
WALL 21152159 1 0 1706740611
WALL 21152159 1 0 1706740612
WALL 21152159 1 0 1706740613
WALL 21152159 1 0 1706740614
WALL 21152159 1 0 1706740615
WALL 21152159 1 0 1706740616
WALL 21152159 1 0 1706740617
WALL 21152159 1 0 1706740618
WALL 21152159 1 0 1706740619
WALL 21152159 1 0 1706740620
WALL 21152159 1 0 1706740621
WALL 21152159 1 0 1706740622
WALL 21152159 1 0 1706740623
WALL 21152159 1 0 1706740624
WALL 21152159 1 0 1706740625
WALL 21152159 1 0 1706740626
WALL 21152159 1 0 1706740627
WALL 21152159 1 0 1706740628
WALL 21152159 1 0 1706740629
WALL 21152159 1 0 1706740630
WALL 21152159 1 0 1706740631
WALL 21152159 1 0 1706740632
WALL 21152159 1 0 1706740633
WALL 21152159 1 0 1706740634
WALL 21152159 1 0 1706740635
WALL 21152159 1 0 1706740636
WALL 21152159 1 0 1706740637
WALL 21152159 1 0 1706740638
WALL 21152159 1 0 1706740639
WALL 21152159 1 0 1706740640
WALL 21152159 1 0 1706740641
WALL 21152159 1 0 1706740642
WALL 21152159 1 0 1706740643
WALL 21152159 1 0 1706740644
WALL 21152159 1 0 1706740645
WALL 21152159 1 0 1706740646
WALL 21152159 1 0 1706740647
WALL 21152159 1 0 1706740648
WALL 21152159 1 0 1706740649
WALL 21152159 1 0 1706740650
WALL 21152159 1 0 1706740651
WALL 21152159 1 0 1706740652
WALL 21152159 1 0 1706740653
WALL 21152159 1 0 1706740654
WALL 21152159 1 0 1706740655
WALL 21152159 1 0 1706740656
WALL 21152159 1 0 1706740657
WALL 21152159 1 0 1706740658
WALL 21152159 1 0 1706740659
WALL 21152159 1 0 1706740660
WALL 21152159 1 0 1706740661
WALL 21152159 1 0 1706740662
WALL 21152159 1 0 1706740663
WALL 21152159 1 0 1706740664
WALL 21152159 1 0 1706740665
WALL 21152159 1 0 1706740666
WALL 21152159 1 0 1706740667
WALL 21152159 1 0 1706740668
WALL 21152159 1 0 1706740669
WALL 21152159 1 0 1706740670
WALL 21152159 1 0 1706740671
WALL 21152159 1 0 1706740672
WALL 21152159 1 0 1706740673
WALL 21152159 1 0 1706740674
WALL 21152159 1 0 1706740675
WALL 21152159 1 0 1706740676
WALL 21152159 1 0 1706740677
WALL 21152159 1 0 1706740678
WALL 21152159 1 0 1706740679
WALL 21152159 1 0 1706740680
WALL 21152159 1 0 1706740681
WALL 21152159 1 0 1706740682
WALL 21152159 1 0 1706740683
WALL 21152159 1 0 1706740684
WALL 21152159 1 0 1706740685
WALL 21152159 1 0 1706740686
WALL 21152159 1 0 1706740687
WALL 21152159 1 0 1706740688
WALL 21152159 1 0 1706740689
WALL 21152159 1 0 1706740690
WALL 21152159 1 0 1706740691
WALL 21152159 1 0 1706740692
WALL 21152159 1 0 1706740693
WALL 21152159 1 0 1706740694
WALL 21152159 1 0 1706740695
WALL 21152159 1 0 1706740697
WALL 21152159 1 0 1706740698
WALL 21152159 1 0 1706740699
WALL 21152159 1 0 1706740700
WALL 21152159 1 0 1706740701
WALL 21152159 1 0 1706740702
WALL 21152159 1 0 1706740703
WALL 21152159 1 0 1706740704
WALL 21152159 1 0 1706740705
WALL 21152159 1 0 1706740706
WALL 21152159 1 0 1706740707
WALL 21152159 1 0 1706740708
WALL 21152159 1 0 1706740709
WALL 21152159 1 0 1706740710
WALL 21152159 1 0 1706740711
WALL 21152159 1 0 1706740712
WALL 21152159 1 0 1706740713
WALL 21152159 1 0 1706740714
WALL 21152159 1 0 1706740715
WALL 21152159 1 0 1706740716
WALL 21152159 1 0 1706740717
WALL 21152159 1 0 1706740718
WALL 21152159 1 0 1706740719
WALL 21152159 1 0 1706740720
WALL 21152159 1 0 1706740721
WALL 21152159 1 0 1706740722
WALL 21152159 1 0 1706740723
WALL 21152159 1 0 1706740724
WALL 21152159 1 0 1706740725
WALL 21152159 1 0 1706740726
WALL 21152159 1 0 1706740727
WALL 21152159 1 0 1706740728
WALL 21152159 1 0 1706740729
WALL 21152159 1 0 1706740730
WALL 21152159 1 0 1706740731
WALL 21152159 1 0 1706740732
WALL 21152159 1 0 1706740733
WALL 21152159 1 0 1706740734
WALL 21152159 1 0 1706740735
WALL 21152159 1 0 1706740736
WALL 21152159 1 0 1706740737
WALL 21152159 1 0 1706740738
WALL 21152159 1 0 1706740739
WALL 21152159 1 0 1706740740
WALL 21152159 1 0 1706740741
WALL 21152159 1 0 1706740742
WALL 21152159 1 0 1706740743
WALL 21152159 1 0 1706740744
WALL 21152159 1 0 1706740745
WALL 21152159 1 0 1706740746
WALL 21152159 1 0 1706740747
WALL 21152159 1 0 1706740748
WALL 21152159 1 0 1706740749
WALL 21152159 1 0 1706740750
WALL 21152159 1 0 1706740751
WALL 21152159 1 0 1706740752
WALL 21152159 1 0 1706740753
WALL 21152159 1 0 1706740754
WALL 21152159 1 0 1706740755
WALL 21152159 1 0 1706740756
WALL 21152159 1 0 1706740757
WALL 21152159 1 0 1706740758
WALL 21152159 1 0 1706740759
WALL 21152159 1 0 1706740760
WALL 21152159 1 0 1706740761
WALL 21152159 1 0 1706740762
WALL 21152159 1 0 1706740763
WALL 21152159 1 0 1706740764
WALL 21152159 1 0 1706740765
WALL 21152159 1 0 1706740766
WALL 21152159 1 0 1706740767
WALL 21152159 1 0 1706740768
WALL 21152159 1 0 1706740769
WALL 21152159 1 0 1706740770
WALL 21152159 1 0 1706740771
WALL 21152159 1 0 1706740772
WALL 21152159 1 0 1706740773
WALL 21152159 1 0 1706740774
WALL 21152159 1 0 1706740775
WALL 21152159 1 0 1706740776
WALL 21152159 1 0 1706740777
WALL 21152159 1 0 1706740778
WALL 21152159 1 0 1706740779
WALL 21152159 1 0 1706740780
WALL 21152159 1 0 1706740781
WALL 21152159 1 0 1706740782
WALL 21152159 1 0 1706740783
WALL 21152159 1 0 1706740784
WALL 21152159 1 0 1706740785
WALL 21152159 1 0 1706740786
WALL 21152159 1 0 1706740787
WALL 21152159 1 0 1706740788
WALL 21152159 1 0 1706740789
WALL 21152159 1 0 1706740790
WALL 21152159 1 0 1706740791
WALL 21152159 1 0 1706740792
WALL 21152159 1 0 1706740793
WALL 21152159 1 0 1706740794
WALL 21152159 1 0 1706740795
WALL 21152159 1 0 1706740796
WALL 21152159 1 0 1706740797
WALL 21152159 1 0 1706740798
WALL 21152159 1 0 1706740799
WALL 21152159 1 0 1706740800
WALL 21152159 1 0 1706740801
WALL 21152159 1 0 1706740802
WALL 21152159 1 0 1706740803
WALL 21152159 1 0 1706740804
WALL 21152159 1 0 1706740805
WALL 21152159 1 0 1706740806
WALL 21152159 1 0 1706740807
WALL 21152159 1 0 1706740808
WALL 21152159 1 0 1706740809
WALL 21152159 1 0 1706740810
WALL 21152159 1 0 1706740811
WALL 21152159 1 0 1706740812
WALL 21152159 1 0 1706740813
WALL 21152159 1 0 1706740814
WALL 21152159 1 0 1706740815
WALL 21152159 1 0 1706740816
WALL 21152159 1 0 1706740817
WALL 21152159 1 0 1706740818
WALL 21152159 1 0 1706740819
WALL 21152159 1 0 1706740820
WALL 21152159 1 0 1706740821
WALL 21152159 1 0 1706740822
WALL 21152159 1 0 1706740823
WALL 21152159 1 0 1706740824
WALL 21152159 1 0 1706740825
WALL 21152159 1 0 1706740826
WALL 21152159 1 0 1706740827
WALL 21152159 1 0 1706740828
WALL 21152159 1 0 1706740829
WALL 21152159 1 0 1706740830
WALL 21152159 1 0 1706740831
slurmstepd: error: *** STEP 21152159.0 ON nid200026 CANCELLED AT 2024-01-31T22:40:31 ***
received SIGTERM 1706740831
WALL 21152159 1 0 1706740831
received SIGCONT 1706740831
WALL 21152159 1 0 1706740831
WALL 21152159 1 0 1706740832
WALL 21152159 1 0 1706740833
WALL 21152159 1 0 1706740834
WALL 21152159 1 0 1706740835
WALL 21152159 1 0 1706740836
WALL 21152159 1 0 1706740837
WALL 21152159 1 0 1706740838
WALL 21152159 1 0 1706740839
WALL 21152159 1 0 1706740840
WALL 21152159 1 0 1706740841
WALL 21152159 1 0 1706740842
WALL 21152159 1 0 1706740843
WALL 21152159 1 0 1706740844
WALL 21152159 1 0 1706740845
WALL 21152159 1 0 1706740846
WALL 21152159 1 0 1706740847
WALL 21152159 1 0 1706740848
WALL 21152159 1 0 1706740849
WALL 21152159 1 0 1706740850
WALL 21152159 1 0 1706740851
WALL 21152159 1 0 1706740852
WALL 21152159 1 0 1706740853
WALL 21152159 1 0 1706740854
WALL 21152159 1 0 1706740855
WALL 21152159 1 0 1706740856
WALL 21152159 1 0 1706740857
WALL 21152159 1 0 1706740858
WALL 21152159 1 0 1706740859
WALL 21152159 1 0 1706740860
WALL 21152159 1 0 1706740861
WALL 21152159 1 0 1706740862
WALL 21152159 1 0 1706740863
WALL 21152159 1 0 1706740864
WALL 21152159 1 0 1706740865
WALL 21152159 1 0 1706740866
WALL 21152159 1 0 1706740867
WALL 21152159 1 0 1706740868
WALL 21152159 1 0 1706740869
WALL 21152159 1 0 1706740870
WALL 21152159 1 0 1706740871
WALL 21152159 1 0 1706740872
WALL 21152159 1 0 1706740873
WALL 21152159 1 0 1706740874
WALL 21152159 1 0 1706740875
WALL 21152159 1 0 1706740876
WALL 21152159 1 0 1706740877
WALL 21152159 1 0 1706740878
WALL 21152159 1 0 1706740879
WALL 21152159 1 0 1706740880
WALL 21152159 1 0 1706740881
WALL 21152159 1 0 1706740882
WALL 21152159 1 0 1706740883
WALL 21152159 1 0 1706740884
WALL 21152159 1 0 1706740885
WALL 21152159 1 0 1706740886
WALL 21152159 1 0 1706740887
WALL 21152159 1 0 1706740888
WALL 21152159 1 0 1706740889
WALL 21152159 1 0 1706740890
WALL 21152159 1 0 1706740891
WALL 21152159 1 0 1706740892
WALL 21152159 1 0 1706740893
WALL 21152159 1 0 1706740894
WALL 21152159 1 0 1706740895
WALL 21152159 1 0 1706740896
WALL 21152159 1 0 1706740897
WALL 21152159 1 0 1706740898
WALL 21152159 1 0 1706740899
WALL 21152159 1 0 1706740900
WALL 21152159 1 0 1706740901
slurmstepd: error: *** JOB 21152159 ON nid200026 CANCELLED AT 2024-01-31T22:41:42 DUE TO PREEMPTION ***
received SIGTERM 1706740902
WALL 21152159 1 0 1706740902
received SIGCONT 1706740902
WALL 21152159 1 0 1706740902
received SIGTERM 1706740902
WALL 21152159 1 0 1706740902
