WALL 21208263 1 0 1706822861
WALL 21208263 1 0 1706822862
WALL 21208263 1 0 1706822863
WALL 21208263 1 0 1706822864
WALL 21208263 1 0 1706822865
WALL 21208263 1 0 1706822866
WALL 21208263 1 0 1706822867
WALL 21208263 1 0 1706822868
WALL 21208263 1 0 1706822869
WALL 21208263 1 0 1706822870
WALL 21208263 1 0 1706822871
WALL 21208263 1 0 1706822872
WALL 21208263 1 0 1706822873
WALL 21208263 1 0 1706822874
WALL 21208263 1 0 1706822875
WALL 21208263 1 0 1706822876
WALL 21208263 1 0 1706822877
WALL 21208263 1 0 1706822878
WALL 21208263 1 0 1706822879
WALL 21208263 1 0 1706822880
WALL 21208263 1 0 1706822881
WALL 21208263 1 0 1706822882
WALL 21208263 1 0 1706822883
WALL 21208263 1 0 1706822884
WALL 21208263 1 0 1706822885
WALL 21208263 1 0 1706822886
WALL 21208263 1 0 1706822887
WALL 21208263 1 0 1706822888
WALL 21208263 1 0 1706822889
WALL 21208263 1 0 1706822890
WALL 21208263 1 0 1706822891
WALL 21208263 1 0 1706822892
WALL 21208263 1 0 1706822893
WALL 21208263 1 0 1706822894
WALL 21208263 1 0 1706822895
WALL 21208263 1 0 1706822896
WALL 21208263 1 0 1706822897
WALL 21208263 1 0 1706822898
WALL 21208263 1 0 1706822899
WALL 21208263 1 0 1706822900
WALL 21208263 1 0 1706822901
WALL 21208263 1 0 1706822902
WALL 21208263 1 0 1706822903
WALL 21208263 1 0 1706822904
WALL 21208263 1 0 1706822905
WALL 21208263 1 0 1706822906
WALL 21208263 1 0 1706822907
WALL 21208263 1 0 1706822908
WALL 21208263 1 0 1706822909
WALL 21208263 1 0 1706822910
WALL 21208263 1 0 1706822911
WALL 21208263 1 0 1706822912
WALL 21208263 1 0 1706822913
WALL 21208263 1 0 1706822914
WALL 21208263 1 0 1706822915
WALL 21208263 1 0 1706822916
WALL 21208263 1 0 1706822917
WALL 21208263 1 0 1706822918
WALL 21208263 1 0 1706822919
WALL 21208263 1 0 1706822920
WALL 21208263 1 0 1706822921
WALL 21208263 1 0 1706822922
WALL 21208263 1 0 1706822923
WALL 21208263 1 0 1706822924
WALL 21208263 1 0 1706822925
WALL 21208263 1 0 1706822926
WALL 21208263 1 0 1706822927
WALL 21208263 1 0 1706822928
WALL 21208263 1 0 1706822929
WALL 21208263 1 0 1706822930
WALL 21208263 1 0 1706822931
WALL 21208263 1 0 1706822932
WALL 21208263 1 0 1706822933
WALL 21208263 1 0 1706822934
WALL 21208263 1 0 1706822935
WALL 21208263 1 0 1706822936
WALL 21208263 1 0 1706822937
WALL 21208263 1 0 1706822938
WALL 21208263 1 0 1706822939
WALL 21208263 1 0 1706822940
WALL 21208263 1 0 1706822941
WALL 21208263 1 0 1706822942
WALL 21208263 1 0 1706822943
WALL 21208263 1 0 1706822944
WALL 21208263 1 0 1706822945
WALL 21208263 1 0 1706822946
WALL 21208263 1 0 1706822947
WALL 21208263 1 0 1706822948
WALL 21208263 1 0 1706822949
WALL 21208263 1 0 1706822950
WALL 21208263 1 0 1706822951
WALL 21208263 1 0 1706822952
WALL 21208263 1 0 1706822953
WALL 21208263 1 0 1706822954
WALL 21208263 1 0 1706822955
WALL 21208263 1 0 1706822956
WALL 21208263 1 0 1706822957
WALL 21208263 1 0 1706822958
WALL 21208263 1 0 1706822959
WALL 21208263 1 0 1706822960
WALL 21208263 1 0 1706822961
WALL 21208263 1 0 1706822962
WALL 21208263 1 0 1706822963
WALL 21208263 1 0 1706822964
WALL 21208263 1 0 1706822965
WALL 21208263 1 0 1706822966
WALL 21208263 1 0 1706822967
WALL 21208263 1 0 1706822968
WALL 21208263 1 0 1706822969
WALL 21208263 1 0 1706822970
WALL 21208263 1 0 1706822971
WALL 21208263 1 0 1706822972
WALL 21208263 1 0 1706822973
WALL 21208263 1 0 1706822974
WALL 21208263 1 0 1706822975
WALL 21208263 1 0 1706822976
WALL 21208263 1 0 1706822977
WALL 21208263 1 0 1706822978
WALL 21208263 1 0 1706822979
WALL 21208263 1 0 1706822980
WALL 21208263 1 0 1706822981
WALL 21208263 1 0 1706822982
WALL 21208263 1 0 1706822983
WALL 21208263 1 0 1706822984
WALL 21208263 1 0 1706822985
WALL 21208263 1 0 1706822986
WALL 21208263 1 0 1706822987
WALL 21208263 1 0 1706822988
WALL 21208263 1 0 1706822989
WALL 21208263 1 0 1706822990
WALL 21208263 1 0 1706822991
WALL 21208263 1 0 1706822992
WALL 21208263 1 0 1706822993
WALL 21208263 1 0 1706822994
WALL 21208263 1 0 1706822995
WALL 21208263 1 0 1706822996
WALL 21208263 1 0 1706822997
WALL 21208263 1 0 1706822998
WALL 21208263 1 0 1706822999
WALL 21208263 1 0 1706823000
WALL 21208263 1 0 1706823001
WALL 21208263 1 0 1706823002
WALL 21208263 1 0 1706823003
WALL 21208263 1 0 1706823004
WALL 21208263 1 0 1706823005
WALL 21208263 1 0 1706823006
WALL 21208263 1 0 1706823007
WALL 21208263 1 0 1706823008
WALL 21208263 1 0 1706823009
WALL 21208263 1 0 1706823010
WALL 21208263 1 0 1706823011
WALL 21208263 1 0 1706823012
WALL 21208263 1 0 1706823013
WALL 21208263 1 0 1706823014
WALL 21208263 1 0 1706823015
WALL 21208263 1 0 1706823016
WALL 21208263 1 0 1706823017
WALL 21208263 1 0 1706823018
WALL 21208263 1 0 1706823019
WALL 21208263 1 0 1706823020
WALL 21208263 1 0 1706823021
WALL 21208263 1 0 1706823022
WALL 21208263 1 0 1706823023
WALL 21208263 1 0 1706823024
WALL 21208263 1 0 1706823025
WALL 21208263 1 0 1706823026
WALL 21208263 1 0 1706823027
received SIGCONT 1706823028
WALL 21208263 1 0 1706823028
slurmstepd: error: *** STEP 21208263.0 ON nid200043 CANCELLED AT 2024-02-01T21:30:28 ***
received SIGTERM 1706823028
WALL 21208263 1 0 1706823028
WALL 21208263 1 0 1706823029
WALL 21208263 1 0 1706823030
WALL 21208263 1 0 1706823031
WALL 21208263 1 0 1706823032
WALL 21208263 1 0 1706823033
WALL 21208263 1 0 1706823034
WALL 21208263 1 0 1706823035
WALL 21208263 1 0 1706823036
WALL 21208263 1 0 1706823037
WALL 21208263 1 0 1706823038
WALL 21208263 1 0 1706823039
WALL 21208263 1 0 1706823040
WALL 21208263 1 0 1706823041
WALL 21208263 1 0 1706823042
WALL 21208263 1 0 1706823043
WALL 21208263 1 0 1706823044
WALL 21208263 1 0 1706823045
WALL 21208263 1 0 1706823046
WALL 21208263 1 0 1706823047
WALL 21208263 1 0 1706823048
WALL 21208263 1 0 1706823049
WALL 21208263 1 0 1706823050
WALL 21208263 1 0 1706823051
WALL 21208263 1 0 1706823052
WALL 21208263 1 0 1706823053
WALL 21208263 1 0 1706823054
WALL 21208263 1 0 1706823055
WALL 21208263 1 0 1706823056
WALL 21208263 1 0 1706823057
WALL 21208263 1 0 1706823058
WALL 21208263 1 0 1706823059
WALL 21208263 1 0 1706823060
WALL 21208263 1 0 1706823061
WALL 21208263 1 0 1706823062
WALL 21208263 1 0 1706823063
WALL 21208263 1 0 1706823064
WALL 21208263 1 0 1706823065
WALL 21208263 1 0 1706823066
WALL 21208263 1 0 1706823067
WALL 21208263 1 0 1706823068
WALL 21208263 1 0 1706823069
WALL 21208263 1 0 1706823070
WALL 21208263 1 0 1706823071
WALL 21208263 1 0 1706823072
WALL 21208263 1 0 1706823073
WALL 21208263 1 0 1706823074
WALL 21208263 1 0 1706823075
WALL 21208263 1 0 1706823076
WALL 21208263 1 0 1706823077
WALL 21208263 1 0 1706823078
WALL 21208263 1 0 1706823079
WALL 21208263 1 0 1706823080
WALL 21208263 1 0 1706823081
WALL 21208263 1 0 1706823082
WALL 21208263 1 0 1706823083
WALL 21208263 1 0 1706823084
WALL 21208263 1 0 1706823085
WALL 21208263 1 0 1706823086
WALL 21208263 1 0 1706823087
WALL 21208263 1 0 1706823088
WALL 21208263 1 0 1706823089
WALL 21208263 1 0 1706823090
WALL 21208263 1 0 1706823091
WALL 21208263 1 0 1706823092
WALL 21208263 1 0 1706823093
WALL 21208263 1 0 1706823094
WALL 21208263 1 0 1706823095
WALL 21208263 1 0 1706823096
WALL 21208263 1 0 1706823097
slurmstepd: error: *** JOB 21208263 ON nid200043 CANCELLED AT 2024-02-01T21:31:37 DUE TO PREEMPTION ***
received SIGTERM 1706823097
WALL 21208263 1 0 1706823097
received SIGCONT 1706823097
WALL 21208263 1 0 1706823097
received SIGTERM 1706823097
WALL 21208263 1 0 1706823097
