WALL 21209807 1 0 1706826903
WALL 21209807 1 0 1706826904
WALL 21209807 1 0 1706826905
WALL 21209807 1 0 1706826906
WALL 21209807 1 0 1706826907
WALL 21209807 1 0 1706826908
WALL 21209807 1 0 1706826909
WALL 21209807 1 0 1706826910
WALL 21209807 1 0 1706826911
WALL 21209807 1 0 1706826912
WALL 21209807 1 0 1706826913
WALL 21209807 1 0 1706826914
WALL 21209807 1 0 1706826915
WALL 21209807 1 0 1706826916
WALL 21209807 1 0 1706826917
WALL 21209807 1 0 1706826918
WALL 21209807 1 0 1706826919
WALL 21209807 1 0 1706826920
WALL 21209807 1 0 1706826921
WALL 21209807 1 0 1706826922
WALL 21209807 1 0 1706826923
WALL 21209807 1 0 1706826924
WALL 21209807 1 0 1706826925
WALL 21209807 1 0 1706826926
WALL 21209807 1 0 1706826927
WALL 21209807 1 0 1706826928
WALL 21209807 1 0 1706826929
WALL 21209807 1 0 1706826930
WALL 21209807 1 0 1706826931
WALL 21209807 1 0 1706826932
WALL 21209807 1 0 1706826933
WALL 21209807 1 0 1706826934
WALL 21209807 1 0 1706826935
WALL 21209807 1 0 1706826936
WALL 21209807 1 0 1706826937
WALL 21209807 1 0 1706826938
WALL 21209807 1 0 1706826939
WALL 21209807 1 0 1706826940
WALL 21209807 1 0 1706826941
WALL 21209807 1 0 1706826942
WALL 21209807 1 0 1706826943
WALL 21209807 1 0 1706826944
WALL 21209807 1 0 1706826945
WALL 21209807 1 0 1706826946
WALL 21209807 1 0 1706826947
WALL 21209807 1 0 1706826948
WALL 21209807 1 0 1706826949
WALL 21209807 1 0 1706826950
WALL 21209807 1 0 1706826951
WALL 21209807 1 0 1706826952
WALL 21209807 1 0 1706826953
WALL 21209807 1 0 1706826954
WALL 21209807 1 0 1706826955
WALL 21209807 1 0 1706826956
WALL 21209807 1 0 1706826957
WALL 21209807 1 0 1706826958
WALL 21209807 1 0 1706826959
WALL 21209807 1 0 1706826960
WALL 21209807 1 0 1706826961
WALL 21209807 1 0 1706826962
WALL 21209807 1 0 1706826963
WALL 21209807 1 0 1706826964
WALL 21209807 1 0 1706826965
WALL 21209807 1 0 1706826966
WALL 21209807 1 0 1706826967
WALL 21209807 1 0 1706826968
WALL 21209807 1 0 1706826969
WALL 21209807 1 0 1706826970
WALL 21209807 1 0 1706826971
WALL 21209807 1 0 1706826972
WALL 21209807 1 0 1706826973
WALL 21209807 1 0 1706826974
WALL 21209807 1 0 1706826975
WALL 21209807 1 0 1706826976
WALL 21209807 1 0 1706826977
WALL 21209807 1 0 1706826978
WALL 21209807 1 0 1706826979
WALL 21209807 1 0 1706826980
WALL 21209807 1 0 1706826981
WALL 21209807 1 0 1706826982
WALL 21209807 1 0 1706826983
WALL 21209807 1 0 1706826984
WALL 21209807 1 0 1706826985
WALL 21209807 1 0 1706826986
WALL 21209807 1 0 1706826987
WALL 21209807 1 0 1706826988
WALL 21209807 1 0 1706826989
WALL 21209807 1 0 1706826990
WALL 21209807 1 0 1706826991
WALL 21209807 1 0 1706826992
WALL 21209807 1 0 1706826993
WALL 21209807 1 0 1706826994
WALL 21209807 1 0 1706826995
WALL 21209807 1 0 1706826996
WALL 21209807 1 0 1706826997
WALL 21209807 1 0 1706826998
WALL 21209807 1 0 1706826999
WALL 21209807 1 0 1706827000
WALL 21209807 1 0 1706827001
WALL 21209807 1 0 1706827002
WALL 21209807 1 0 1706827003
WALL 21209807 1 0 1706827004
WALL 21209807 1 0 1706827005
WALL 21209807 1 0 1706827006
WALL 21209807 1 0 1706827007
WALL 21209807 1 0 1706827008
WALL 21209807 1 0 1706827009
WALL 21209807 1 0 1706827010
WALL 21209807 1 0 1706827011
WALL 21209807 1 0 1706827012
WALL 21209807 1 0 1706827013
WALL 21209807 1 0 1706827014
WALL 21209807 1 0 1706827015
WALL 21209807 1 0 1706827016
WALL 21209807 1 0 1706827017
WALL 21209807 1 0 1706827018
WALL 21209807 1 0 1706827019
WALL 21209807 1 0 1706827020
WALL 21209807 1 0 1706827021
WALL 21209807 1 0 1706827022
WALL 21209807 1 0 1706827023
WALL 21209807 1 0 1706827024
WALL 21209807 1 0 1706827025
WALL 21209807 1 0 1706827026
WALL 21209807 1 0 1706827027
WALL 21209807 1 0 1706827028
WALL 21209807 1 0 1706827029
WALL 21209807 1 0 1706827030
WALL 21209807 1 0 1706827031
WALL 21209807 1 0 1706827032
WALL 21209807 1 0 1706827033
WALL 21209807 1 0 1706827034
WALL 21209807 1 0 1706827035
WALL 21209807 1 0 1706827036
WALL 21209807 1 0 1706827037
WALL 21209807 1 0 1706827038
WALL 21209807 1 0 1706827039
WALL 21209807 1 0 1706827040
WALL 21209807 1 0 1706827041
WALL 21209807 1 0 1706827042
WALL 21209807 1 0 1706827043
WALL 21209807 1 0 1706827044
WALL 21209807 1 0 1706827045
WALL 21209807 1 0 1706827046
WALL 21209807 1 0 1706827047
WALL 21209807 1 0 1706827048
WALL 21209807 1 0 1706827049
WALL 21209807 1 0 1706827050
WALL 21209807 1 0 1706827051
WALL 21209807 1 0 1706827052
WALL 21209807 1 0 1706827053
WALL 21209807 1 0 1706827054
WALL 21209807 1 0 1706827055
WALL 21209807 1 0 1706827056
WALL 21209807 1 0 1706827057
WALL 21209807 1 0 1706827058
WALL 21209807 1 0 1706827059
WALL 21209807 1 0 1706827060
WALL 21209807 1 0 1706827061
WALL 21209807 1 0 1706827062
WALL 21209807 1 0 1706827063
WALL 21209807 1 0 1706827064
WALL 21209807 1 0 1706827065
WALL 21209807 1 0 1706827066
WALL 21209807 1 0 1706827067
WALL 21209807 1 0 1706827068
WALL 21209807 1 0 1706827069
WALL 21209807 1 0 1706827070
WALL 21209807 1 0 1706827071
WALL 21209807 1 0 1706827072
WALL 21209807 1 0 1706827073
WALL 21209807 1 0 1706827074
WALL 21209807 1 0 1706827075
WALL 21209807 1 0 1706827076
WALL 21209807 1 0 1706827077
WALL 21209807 1 0 1706827078
WALL 21209807 1 0 1706827079
WALL 21209807 1 0 1706827080
WALL 21209807 1 0 1706827081
WALL 21209807 1 0 1706827082
WALL 21209807 1 0 1706827083
WALL 21209807 1 0 1706827084
WALL 21209807 1 0 1706827085
WALL 21209807 1 0 1706827086
WALL 21209807 1 0 1706827087
WALL 21209807 1 0 1706827088
WALL 21209807 1 0 1706827089
WALL 21209807 1 0 1706827090
WALL 21209807 1 0 1706827091
WALL 21209807 1 0 1706827092
WALL 21209807 1 0 1706827093
WALL 21209807 1 0 1706827094
WALL 21209807 1 0 1706827095
WALL 21209807 1 0 1706827096
WALL 21209807 1 0 1706827097
WALL 21209807 1 0 1706827098
WALL 21209807 1 0 1706827099
WALL 21209807 1 0 1706827100
WALL 21209807 1 0 1706827101
WALL 21209807 1 0 1706827102
WALL 21209807 1 0 1706827103
WALL 21209807 1 0 1706827104
WALL 21209807 1 0 1706827105
WALL 21209807 1 0 1706827106
WALL 21209807 1 0 1706827107
WALL 21209807 1 0 1706827108
WALL 21209807 1 0 1706827109
WALL 21209807 1 0 1706827110
WALL 21209807 1 0 1706827111
WALL 21209807 1 0 1706827112
WALL 21209807 1 0 1706827113
WALL 21209807 1 0 1706827114
WALL 21209807 1 0 1706827115
WALL 21209807 1 0 1706827116
WALL 21209807 1 0 1706827117
WALL 21209807 1 0 1706827118
WALL 21209807 1 0 1706827119
WALL 21209807 1 0 1706827120
WALL 21209807 1 0 1706827121
WALL 21209807 1 0 1706827122
WALL 21209807 1 0 1706827123
WALL 21209807 1 0 1706827124
WALL 21209807 1 0 1706827125
WALL 21209807 1 0 1706827126
WALL 21209807 1 0 1706827127
WALL 21209807 1 0 1706827128
WALL 21209807 1 0 1706827129
WALL 21209807 1 0 1706827130
WALL 21209807 1 0 1706827131
WALL 21209807 1 0 1706827132
WALL 21209807 1 0 1706827133
WALL 21209807 1 0 1706827134
WALL 21209807 1 0 1706827135
WALL 21209807 1 0 1706827136
WALL 21209807 1 0 1706827137
WALL 21209807 1 0 1706827138
WALL 21209807 1 0 1706827139
WALL 21209807 1 0 1706827140
WALL 21209807 1 0 1706827141
WALL 21209807 1 0 1706827142
WALL 21209807 1 0 1706827143
WALL 21209807 1 0 1706827144
WALL 21209807 1 0 1706827145
WALL 21209807 1 0 1706827146
WALL 21209807 1 0 1706827147
WALL 21209807 1 0 1706827148
WALL 21209807 1 0 1706827149
WALL 21209807 1 0 1706827150
WALL 21209807 1 0 1706827151
WALL 21209807 1 0 1706827152
WALL 21209807 1 0 1706827153
WALL 21209807 1 0 1706827154
WALL 21209807 1 0 1706827155
WALL 21209807 1 0 1706827156
WALL 21209807 1 0 1706827157
WALL 21209807 1 0 1706827158
WALL 21209807 1 0 1706827159
WALL 21209807 1 0 1706827160
WALL 21209807 1 0 1706827161
WALL 21209807 1 0 1706827162
WALL 21209807 1 0 1706827163
WALL 21209807 1 0 1706827164
WALL 21209807 1 0 1706827165
WALL 21209807 1 0 1706827166
WALL 21209807 1 0 1706827167
WALL 21209807 1 0 1706827168
WALL 21209807 1 0 1706827169
WALL 21209807 1 0 1706827170
WALL 21209807 1 0 1706827171
WALL 21209807 1 0 1706827172
WALL 21209807 1 0 1706827173
WALL 21209807 1 0 1706827174
WALL 21209807 1 0 1706827175
received SIGCONT 1706827176
WALL 21209807 1 0 1706827176
slurmstepd: error: *** STEP 21209807.0 ON nid200006 CANCELLED AT 2024-02-01T22:39:36 ***
received SIGTERM 1706827176
WALL 21209807 1 0 1706827176
WALL 21209807 1 0 1706827177
WALL 21209807 1 0 1706827178
WALL 21209807 1 0 1706827179
WALL 21209807 1 0 1706827180
WALL 21209807 1 0 1706827181
WALL 21209807 1 0 1706827182
WALL 21209807 1 0 1706827183
WALL 21209807 1 0 1706827184
WALL 21209807 1 0 1706827185
WALL 21209807 1 0 1706827186
WALL 21209807 1 0 1706827187
WALL 21209807 1 0 1706827188
WALL 21209807 1 0 1706827189
WALL 21209807 1 0 1706827190
WALL 21209807 1 0 1706827191
WALL 21209807 1 0 1706827192
WALL 21209807 1 0 1706827193
WALL 21209807 1 0 1706827194
WALL 21209807 1 0 1706827195
WALL 21209807 1 0 1706827196
WALL 21209807 1 0 1706827197
WALL 21209807 1 0 1706827198
WALL 21209807 1 0 1706827199
WALL 21209807 1 0 1706827200
WALL 21209807 1 0 1706827201
WALL 21209807 1 0 1706827202
WALL 21209807 1 0 1706827203
WALL 21209807 1 0 1706827204
WALL 21209807 1 0 1706827205
WALL 21209807 1 0 1706827206
WALL 21209807 1 0 1706827207
WALL 21209807 1 0 1706827208
WALL 21209807 1 0 1706827209
WALL 21209807 1 0 1706827210
WALL 21209807 1 0 1706827211
WALL 21209807 1 0 1706827212
WALL 21209807 1 0 1706827213
WALL 21209807 1 0 1706827214
WALL 21209807 1 0 1706827215
WALL 21209807 1 0 1706827216
WALL 21209807 1 0 1706827217
WALL 21209807 1 0 1706827218
WALL 21209807 1 0 1706827219
WALL 21209807 1 0 1706827220
WALL 21209807 1 0 1706827221
WALL 21209807 1 0 1706827222
WALL 21209807 1 0 1706827223
WALL 21209807 1 0 1706827224
WALL 21209807 1 0 1706827225
WALL 21209807 1 0 1706827226
WALL 21209807 1 0 1706827227
WALL 21209807 1 0 1706827228
WALL 21209807 1 0 1706827229
WALL 21209807 1 0 1706827230
WALL 21209807 1 0 1706827231
WALL 21209807 1 0 1706827232
WALL 21209807 1 0 1706827233
WALL 21209807 1 0 1706827234
WALL 21209807 1 0 1706827235
WALL 21209807 1 0 1706827236
WALL 21209807 1 0 1706827237
WALL 21209807 1 0 1706827238
WALL 21209807 1 0 1706827239
WALL 21209807 1 0 1706827240
WALL 21209807 1 0 1706827241
WALL 21209807 1 0 1706827242
WALL 21209807 1 0 1706827243
WALL 21209807 1 0 1706827244
WALL 21209807 1 0 1706827245
WALL 21209807 1 0 1706827246
WALL 21209807 1 0 1706827247
WALL 21209807 1 0 1706827248
WALL 21209807 1 0 1706827249
slurmstepd: error: *** JOB 21209807 ON nid200006 CANCELLED AT 2024-02-01T22:40:49 DUE TO PREEMPTION ***
received SIGTERM 1706827249
WALL 21209807 1 0 1706827249
received SIGCONT 1706827249
WALL 21209807 1 0 1706827249
received SIGTERM 1706827249
WALL 21209807 1 0 1706827249
