WALL 21148767 1 0 1706735409
WALL 21148767 1 0 1706735410
WALL 21148767 1 0 1706735411
WALL 21148767 1 0 1706735412
WALL 21148767 1 0 1706735413
WALL 21148767 1 0 1706735414
WALL 21148767 1 0 1706735415
WALL 21148767 1 0 1706735416
WALL 21148767 1 0 1706735417
WALL 21148767 1 0 1706735418
WALL 21148767 1 0 1706735419
WALL 21148767 1 0 1706735420
WALL 21148767 1 0 1706735421
WALL 21148767 1 0 1706735422
WALL 21148767 1 0 1706735423
WALL 21148767 1 0 1706735424
WALL 21148767 1 0 1706735425
WALL 21148767 1 0 1706735426
WALL 21148767 1 0 1706735427
WALL 21148767 1 0 1706735428
WALL 21148767 1 0 1706735429
WALL 21148767 1 0 1706735430
WALL 21148767 1 0 1706735431
WALL 21148767 1 0 1706735432
WALL 21148767 1 0 1706735433
WALL 21148767 1 0 1706735434
WALL 21148767 1 0 1706735435
WALL 21148767 1 0 1706735436
WALL 21148767 1 0 1706735437
WALL 21148767 1 0 1706735438
WALL 21148767 1 0 1706735439
WALL 21148767 1 0 1706735440
WALL 21148767 1 0 1706735441
WALL 21148767 1 0 1706735442
WALL 21148767 1 0 1706735443
WALL 21148767 1 0 1706735444
WALL 21148767 1 0 1706735445
WALL 21148767 1 0 1706735446
WALL 21148767 1 0 1706735447
WALL 21148767 1 0 1706735448
WALL 21148767 1 0 1706735449
WALL 21148767 1 0 1706735450
WALL 21148767 1 0 1706735451
WALL 21148767 1 0 1706735452
WALL 21148767 1 0 1706735453
WALL 21148767 1 0 1706735454
WALL 21148767 1 0 1706735455
WALL 21148767 1 0 1706735456
WALL 21148767 1 0 1706735457
WALL 21148767 1 0 1706735458
WALL 21148767 1 0 1706735459
WALL 21148767 1 0 1706735460
WALL 21148767 1 0 1706735461
WALL 21148767 1 0 1706735462
WALL 21148767 1 0 1706735463
WALL 21148767 1 0 1706735464
WALL 21148767 1 0 1706735465
WALL 21148767 1 0 1706735466
WALL 21148767 1 0 1706735467
WALL 21148767 1 0 1706735468
WALL 21148767 1 0 1706735469
WALL 21148767 1 0 1706735470
WALL 21148767 1 0 1706735471
WALL 21148767 1 0 1706735472
WALL 21148767 1 0 1706735473
WALL 21148767 1 0 1706735474
WALL 21148767 1 0 1706735475
WALL 21148767 1 0 1706735476
WALL 21148767 1 0 1706735477
WALL 21148767 1 0 1706735478
WALL 21148767 1 0 1706735479
WALL 21148767 1 0 1706735480
WALL 21148767 1 0 1706735481
WALL 21148767 1 0 1706735482
WALL 21148767 1 0 1706735483
WALL 21148767 1 0 1706735484
WALL 21148767 1 0 1706735485
WALL 21148767 1 0 1706735486
WALL 21148767 1 0 1706735487
WALL 21148767 1 0 1706735488
WALL 21148767 1 0 1706735489
WALL 21148767 1 0 1706735490
WALL 21148767 1 0 1706735491
WALL 21148767 1 0 1706735492
WALL 21148767 1 0 1706735493
WALL 21148767 1 0 1706735494
WALL 21148767 1 0 1706735495
WALL 21148767 1 0 1706735496
WALL 21148767 1 0 1706735497
WALL 21148767 1 0 1706735498
WALL 21148767 1 0 1706735499
WALL 21148767 1 0 1706735500
WALL 21148767 1 0 1706735501
WALL 21148767 1 0 1706735502
WALL 21148767 1 0 1706735503
WALL 21148767 1 0 1706735504
WALL 21148767 1 0 1706735505
WALL 21148767 1 0 1706735506
WALL 21148767 1 0 1706735507
WALL 21148767 1 0 1706735508
WALL 21148767 1 0 1706735509
WALL 21148767 1 0 1706735510
WALL 21148767 1 0 1706735511
WALL 21148767 1 0 1706735512
WALL 21148767 1 0 1706735513
WALL 21148767 1 0 1706735514
WALL 21148767 1 0 1706735515
WALL 21148767 1 0 1706735516
WALL 21148767 1 0 1706735517
WALL 21148767 1 0 1706735518
WALL 21148767 1 0 1706735519
WALL 21148767 1 0 1706735520
WALL 21148767 1 0 1706735521
WALL 21148767 1 0 1706735522
WALL 21148767 1 0 1706735523
WALL 21148767 1 0 1706735524
WALL 21148767 1 0 1706735525
WALL 21148767 1 0 1706735526
WALL 21148767 1 0 1706735527
WALL 21148767 1 0 1706735528
WALL 21148767 1 0 1706735529
WALL 21148767 1 0 1706735530
WALL 21148767 1 0 1706735531
WALL 21148767 1 0 1706735532
WALL 21148767 1 0 1706735533
WALL 21148767 1 0 1706735534
WALL 21148767 1 0 1706735535
WALL 21148767 1 0 1706735536
WALL 21148767 1 0 1706735537
WALL 21148767 1 0 1706735538
WALL 21148767 1 0 1706735539
WALL 21148767 1 0 1706735540
WALL 21148767 1 0 1706735541
WALL 21148767 1 0 1706735542
WALL 21148767 1 0 1706735543
WALL 21148767 1 0 1706735544
WALL 21148767 1 0 1706735545
WALL 21148767 1 0 1706735546
WALL 21148767 1 0 1706735547
WALL 21148767 1 0 1706735548
WALL 21148767 1 0 1706735549
WALL 21148767 1 0 1706735550
WALL 21148767 1 0 1706735551
WALL 21148767 1 0 1706735552
WALL 21148767 1 0 1706735553
WALL 21148767 1 0 1706735554
WALL 21148767 1 0 1706735555
WALL 21148767 1 0 1706735556
WALL 21148767 1 0 1706735557
WALL 21148767 1 0 1706735558
WALL 21148767 1 0 1706735559
WALL 21148767 1 0 1706735560
WALL 21148767 1 0 1706735561
WALL 21148767 1 0 1706735562
WALL 21148767 1 0 1706735563
WALL 21148767 1 0 1706735564
WALL 21148767 1 0 1706735565
WALL 21148767 1 0 1706735566
WALL 21148767 1 0 1706735567
WALL 21148767 1 0 1706735568
WALL 21148767 1 0 1706735569
WALL 21148767 1 0 1706735570
WALL 21148767 1 0 1706735571
WALL 21148767 1 0 1706735572
WALL 21148767 1 0 1706735573
WALL 21148767 1 0 1706735574
WALL 21148767 1 0 1706735575
WALL 21148767 1 0 1706735576
WALL 21148767 1 0 1706735577
WALL 21148767 1 0 1706735578
WALL 21148767 1 0 1706735579
received SIGCONT 1706735580
WALL 21148767 1 0 1706735580
slurmstepd: error: *** STEP 21148767.0 ON nid200089 CANCELLED AT 2024-01-31T21:13:00 ***
received SIGTERM 1706735580
WALL 21148767 1 0 1706735580
WALL 21148767 1 0 1706735581
WALL 21148767 1 0 1706735582
WALL 21148767 1 0 1706735583
WALL 21148767 1 0 1706735584
WALL 21148767 1 0 1706735585
WALL 21148767 1 0 1706735586
WALL 21148767 1 0 1706735587
WALL 21148767 1 0 1706735588
WALL 21148767 1 0 1706735589
WALL 21148767 1 0 1706735590
WALL 21148767 1 0 1706735591
WALL 21148767 1 0 1706735592
WALL 21148767 1 0 1706735593
WALL 21148767 1 0 1706735594
WALL 21148767 1 0 1706735595
WALL 21148767 1 0 1706735596
WALL 21148767 1 0 1706735597
WALL 21148767 1 0 1706735598
WALL 21148767 1 0 1706735599
WALL 21148767 1 0 1706735600
WALL 21148767 1 0 1706735601
WALL 21148767 1 0 1706735602
WALL 21148767 1 0 1706735603
WALL 21148767 1 0 1706735604
WALL 21148767 1 0 1706735605
WALL 21148767 1 0 1706735606
WALL 21148767 1 0 1706735607
WALL 21148767 1 0 1706735608
WALL 21148767 1 0 1706735609
WALL 21148767 1 0 1706735610
WALL 21148767 1 0 1706735611
WALL 21148767 1 0 1706735612
WALL 21148767 1 0 1706735613
WALL 21148767 1 0 1706735614
WALL 21148767 1 0 1706735615
WALL 21148767 1 0 1706735616
WALL 21148767 1 0 1706735617
WALL 21148767 1 0 1706735618
WALL 21148767 1 0 1706735619
WALL 21148767 1 0 1706735620
WALL 21148767 1 0 1706735621
WALL 21148767 1 0 1706735622
WALL 21148767 1 0 1706735623
WALL 21148767 1 0 1706735624
WALL 21148767 1 0 1706735625
WALL 21148767 1 0 1706735626
WALL 21148767 1 0 1706735627
WALL 21148767 1 0 1706735628
WALL 21148767 1 0 1706735629
WALL 21148767 1 0 1706735630
WALL 21148767 1 0 1706735631
WALL 21148767 1 0 1706735632
WALL 21148767 1 0 1706735633
WALL 21148767 1 0 1706735634
WALL 21148767 1 0 1706735635
WALL 21148767 1 0 1706735636
WALL 21148767 1 0 1706735637
WALL 21148767 1 0 1706735638
WALL 21148767 1 0 1706735639
WALL 21148767 1 0 1706735640
WALL 21148767 1 0 1706735641
WALL 21148767 1 0 1706735642
WALL 21148767 1 0 1706735643
WALL 21148767 1 0 1706735644
WALL 21148767 1 0 1706735645
WALL 21148767 1 0 1706735646
WALL 21148767 1 0 1706735647
WALL 21148767 1 0 1706735648
WALL 21148767 1 0 1706735649
WALL 21148767 1 0 1706735650
slurmstepd: error: *** JOB 21148767 ON nid200089 CANCELLED AT 2024-01-31T21:14:11 DUE TO PREEMPTION ***
received SIGTERM 1706735651
WALL 21148767 1 0 1706735651
received SIGCONT 1706735651
WALL 21148767 1 0 1706735651
received SIGTERM 1706735651
WALL 21148767 1 0 1706735651
