WALL 21149133 1 0 1706736138
WALL 21149133 1 0 1706736139
WALL 21149133 1 0 1706736140
WALL 21149133 1 0 1706736141
WALL 21149133 1 0 1706736142
WALL 21149133 1 0 1706736143
WALL 21149133 1 0 1706736144
WALL 21149133 1 0 1706736145
WALL 21149133 1 0 1706736146
WALL 21149133 1 0 1706736147
WALL 21149133 1 0 1706736148
WALL 21149133 1 0 1706736149
WALL 21149133 1 0 1706736150
WALL 21149133 1 0 1706736151
WALL 21149133 1 0 1706736152
WALL 21149133 1 0 1706736153
WALL 21149133 1 0 1706736154
WALL 21149133 1 0 1706736155
WALL 21149133 1 0 1706736156
WALL 21149133 1 0 1706736157
WALL 21149133 1 0 1706736158
WALL 21149133 1 0 1706736159
WALL 21149133 1 0 1706736160
WALL 21149133 1 0 1706736161
WALL 21149133 1 0 1706736162
WALL 21149133 1 0 1706736163
WALL 21149133 1 0 1706736164
WALL 21149133 1 0 1706736165
WALL 21149133 1 0 1706736166
WALL 21149133 1 0 1706736167
WALL 21149133 1 0 1706736168
WALL 21149133 1 0 1706736169
WALL 21149133 1 0 1706736170
WALL 21149133 1 0 1706736171
WALL 21149133 1 0 1706736172
WALL 21149133 1 0 1706736173
WALL 21149133 1 0 1706736174
WALL 21149133 1 0 1706736175
WALL 21149133 1 0 1706736176
WALL 21149133 1 0 1706736177
WALL 21149133 1 0 1706736178
WALL 21149133 1 0 1706736179
WALL 21149133 1 0 1706736180
WALL 21149133 1 0 1706736181
WALL 21149133 1 0 1706736182
WALL 21149133 1 0 1706736183
WALL 21149133 1 0 1706736184
WALL 21149133 1 0 1706736185
WALL 21149133 1 0 1706736186
WALL 21149133 1 0 1706736187
WALL 21149133 1 0 1706736188
WALL 21149133 1 0 1706736189
WALL 21149133 1 0 1706736190
WALL 21149133 1 0 1706736191
WALL 21149133 1 0 1706736192
WALL 21149133 1 0 1706736193
WALL 21149133 1 0 1706736194
WALL 21149133 1 0 1706736195
WALL 21149133 1 0 1706736196
WALL 21149133 1 0 1706736197
WALL 21149133 1 0 1706736198
WALL 21149133 1 0 1706736199
WALL 21149133 1 0 1706736200
WALL 21149133 1 0 1706736201
WALL 21149133 1 0 1706736202
WALL 21149133 1 0 1706736203
WALL 21149133 1 0 1706736204
WALL 21149133 1 0 1706736205
WALL 21149133 1 0 1706736206
WALL 21149133 1 0 1706736207
WALL 21149133 1 0 1706736208
WALL 21149133 1 0 1706736209
WALL 21149133 1 0 1706736210
WALL 21149133 1 0 1706736211
WALL 21149133 1 0 1706736212
WALL 21149133 1 0 1706736213
WALL 21149133 1 0 1706736214
WALL 21149133 1 0 1706736215
WALL 21149133 1 0 1706736216
WALL 21149133 1 0 1706736217
WALL 21149133 1 0 1706736218
WALL 21149133 1 0 1706736219
WALL 21149133 1 0 1706736220
WALL 21149133 1 0 1706736221
WALL 21149133 1 0 1706736222
WALL 21149133 1 0 1706736223
WALL 21149133 1 0 1706736224
WALL 21149133 1 0 1706736225
WALL 21149133 1 0 1706736226
WALL 21149133 1 0 1706736227
WALL 21149133 1 0 1706736228
WALL 21149133 1 0 1706736229
WALL 21149133 1 0 1706736230
WALL 21149133 1 0 1706736231
WALL 21149133 1 0 1706736232
WALL 21149133 1 0 1706736233
WALL 21149133 1 0 1706736234
WALL 21149133 1 0 1706736235
WALL 21149133 1 0 1706736236
WALL 21149133 1 0 1706736237
WALL 21149133 1 0 1706736238
WALL 21149133 1 0 1706736239
WALL 21149133 1 0 1706736240
WALL 21149133 1 0 1706736241
WALL 21149133 1 0 1706736242
WALL 21149133 1 0 1706736243
WALL 21149133 1 0 1706736244
WALL 21149133 1 0 1706736245
WALL 21149133 1 0 1706736246
WALL 21149133 1 0 1706736247
WALL 21149133 1 0 1706736248
WALL 21149133 1 0 1706736249
WALL 21149133 1 0 1706736250
WALL 21149133 1 0 1706736251
WALL 21149133 1 0 1706736252
WALL 21149133 1 0 1706736253
WALL 21149133 1 0 1706736254
WALL 21149133 1 0 1706736255
WALL 21149133 1 0 1706736256
WALL 21149133 1 0 1706736257
WALL 21149133 1 0 1706736258
WALL 21149133 1 0 1706736259
WALL 21149133 1 0 1706736260
WALL 21149133 1 0 1706736261
WALL 21149133 1 0 1706736262
WALL 21149133 1 0 1706736263
WALL 21149133 1 0 1706736264
WALL 21149133 1 0 1706736265
WALL 21149133 1 0 1706736266
WALL 21149133 1 0 1706736267
WALL 21149133 1 0 1706736268
WALL 21149133 1 0 1706736269
WALL 21149133 1 0 1706736270
WALL 21149133 1 0 1706736271
WALL 21149133 1 0 1706736272
WALL 21149133 1 0 1706736273
WALL 21149133 1 0 1706736274
WALL 21149133 1 0 1706736275
WALL 21149133 1 0 1706736276
WALL 21149133 1 0 1706736277
WALL 21149133 1 0 1706736278
WALL 21149133 1 0 1706736279
WALL 21149133 1 0 1706736280
WALL 21149133 1 0 1706736281
WALL 21149133 1 0 1706736282
WALL 21149133 1 0 1706736283
WALL 21149133 1 0 1706736284
WALL 21149133 1 0 1706736285
WALL 21149133 1 0 1706736286
WALL 21149133 1 0 1706736287
WALL 21149133 1 0 1706736288
WALL 21149133 1 0 1706736289
WALL 21149133 1 0 1706736290
WALL 21149133 1 0 1706736291
WALL 21149133 1 0 1706736292
WALL 21149133 1 0 1706736293
WALL 21149133 1 0 1706736294
WALL 21149133 1 0 1706736295
WALL 21149133 1 0 1706736296
WALL 21149133 1 0 1706736297
WALL 21149133 1 0 1706736298
WALL 21149133 1 0 1706736299
WALL 21149133 1 0 1706736300
WALL 21149133 1 0 1706736301
WALL 21149133 1 0 1706736302
WALL 21149133 1 0 1706736303
slurmstepd: error: *** STEP 21149133.0 ON nid200022 CANCELLED AT 2024-01-31T21:25:03 ***
received SIGTERM 1706736303
WALL 21149133 1 0 1706736303
received SIGCONT 1706736303
WALL 21149133 1 0 1706736303
WALL 21149133 1 0 1706736304
WALL 21149133 1 0 1706736305
WALL 21149133 1 0 1706736306
WALL 21149133 1 0 1706736307
WALL 21149133 1 0 1706736308
WALL 21149133 1 0 1706736309
WALL 21149133 1 0 1706736310
WALL 21149133 1 0 1706736311
WALL 21149133 1 0 1706736312
WALL 21149133 1 0 1706736313
WALL 21149133 1 0 1706736314
WALL 21149133 1 0 1706736315
WALL 21149133 1 0 1706736316
WALL 21149133 1 0 1706736317
WALL 21149133 1 0 1706736318
WALL 21149133 1 0 1706736319
WALL 21149133 1 0 1706736320
WALL 21149133 1 0 1706736321
WALL 21149133 1 0 1706736322
WALL 21149133 1 0 1706736323
WALL 21149133 1 0 1706736324
WALL 21149133 1 0 1706736325
WALL 21149133 1 0 1706736326
WALL 21149133 1 0 1706736327
WALL 21149133 1 0 1706736328
WALL 21149133 1 0 1706736329
WALL 21149133 1 0 1706736330
WALL 21149133 1 0 1706736331
WALL 21149133 1 0 1706736332
WALL 21149133 1 0 1706736333
WALL 21149133 1 0 1706736334
WALL 21149133 1 0 1706736335
WALL 21149133 1 0 1706736336
WALL 21149133 1 0 1706736337
WALL 21149133 1 0 1706736338
WALL 21149133 1 0 1706736339
WALL 21149133 1 0 1706736340
WALL 21149133 1 0 1706736341
WALL 21149133 1 0 1706736342
WALL 21149133 1 0 1706736343
WALL 21149133 1 0 1706736344
WALL 21149133 1 0 1706736345
WALL 21149133 1 0 1706736346
WALL 21149133 1 0 1706736347
WALL 21149133 1 0 1706736348
WALL 21149133 1 0 1706736349
WALL 21149133 1 0 1706736350
WALL 21149133 1 0 1706736351
WALL 21149133 1 0 1706736352
WALL 21149133 1 0 1706736353
WALL 21149133 1 0 1706736354
WALL 21149133 1 0 1706736355
WALL 21149133 1 0 1706736356
WALL 21149133 1 0 1706736357
WALL 21149133 1 0 1706736358
WALL 21149133 1 0 1706736359
WALL 21149133 1 0 1706736360
slurmstepd: error: *** JOB 21149133 ON nid200022 CANCELLED AT 2024-01-31T21:26:00 DUE TO PREEMPTION ***
received SIGTERM 1706736360
WALL 21149133 1 0 1706736360
received SIGCONT 1706736360
WALL 21149133 1 0 1706736360
received SIGTERM 1706736360
WALL 21149133 1 0 1706736360
