WALL 21086898 1 0 1706656054
WALL 21086898 1 0 1706656055
WALL 21086898 1 0 1706656056
WALL 21086898 1 0 1706656057
WALL 21086898 1 0 1706656058
WALL 21086898 1 0 1706656059
WALL 21086898 1 0 1706656060
WALL 21086898 1 0 1706656061
WALL 21086898 1 0 1706656062
WALL 21086898 1 0 1706656063
WALL 21086898 1 0 1706656064
WALL 21086898 1 0 1706656065
WALL 21086898 1 0 1706656066
WALL 21086898 1 0 1706656067
WALL 21086898 1 0 1706656068
WALL 21086898 1 0 1706656069
WALL 21086898 1 0 1706656070
WALL 21086898 1 0 1706656071
WALL 21086898 1 0 1706656072
WALL 21086898 1 0 1706656073
WALL 21086898 1 0 1706656074
WALL 21086898 1 0 1706656075
WALL 21086898 1 0 1706656076
WALL 21086898 1 0 1706656077
WALL 21086898 1 0 1706656078
WALL 21086898 1 0 1706656079
WALL 21086898 1 0 1706656080
WALL 21086898 1 0 1706656081
WALL 21086898 1 0 1706656082
WALL 21086898 1 0 1706656083
WALL 21086898 1 0 1706656084
WALL 21086898 1 0 1706656085
WALL 21086898 1 0 1706656086
WALL 21086898 1 0 1706656087
WALL 21086898 1 0 1706656088
WALL 21086898 1 0 1706656089
WALL 21086898 1 0 1706656090
WALL 21086898 1 0 1706656091
WALL 21086898 1 0 1706656092
WALL 21086898 1 0 1706656093
WALL 21086898 1 0 1706656094
WALL 21086898 1 0 1706656095
WALL 21086898 1 0 1706656096
WALL 21086898 1 0 1706656097
WALL 21086898 1 0 1706656098
WALL 21086898 1 0 1706656099
WALL 21086898 1 0 1706656100
WALL 21086898 1 0 1706656101
WALL 21086898 1 0 1706656102
WALL 21086898 1 0 1706656103
WALL 21086898 1 0 1706656104
WALL 21086898 1 0 1706656105
WALL 21086898 1 0 1706656106
WALL 21086898 1 0 1706656107
WALL 21086898 1 0 1706656108
WALL 21086898 1 0 1706656109
WALL 21086898 1 0 1706656110
WALL 21086898 1 0 1706656111
WALL 21086898 1 0 1706656112
WALL 21086898 1 0 1706656113
WALL 21086898 1 0 1706656114
WALL 21086898 1 0 1706656115
WALL 21086898 1 0 1706656116
WALL 21086898 1 0 1706656117
WALL 21086898 1 0 1706656118
WALL 21086898 1 0 1706656119
WALL 21086898 1 0 1706656120
WALL 21086898 1 0 1706656121
WALL 21086898 1 0 1706656122
WALL 21086898 1 0 1706656123
WALL 21086898 1 0 1706656124
WALL 21086898 1 0 1706656125
WALL 21086898 1 0 1706656126
WALL 21086898 1 0 1706656127
WALL 21086898 1 0 1706656128
WALL 21086898 1 0 1706656129
WALL 21086898 1 0 1706656130
WALL 21086898 1 0 1706656131
WALL 21086898 1 0 1706656132
WALL 21086898 1 0 1706656133
WALL 21086898 1 0 1706656134
WALL 21086898 1 0 1706656135
WALL 21086898 1 0 1706656136
WALL 21086898 1 0 1706656137
WALL 21086898 1 0 1706656138
WALL 21086898 1 0 1706656139
WALL 21086898 1 0 1706656140
WALL 21086898 1 0 1706656141
WALL 21086898 1 0 1706656142
WALL 21086898 1 0 1706656143
WALL 21086898 1 0 1706656144
WALL 21086898 1 0 1706656145
WALL 21086898 1 0 1706656146
WALL 21086898 1 0 1706656147
WALL 21086898 1 0 1706656148
WALL 21086898 1 0 1706656149
WALL 21086898 1 0 1706656150
WALL 21086898 1 0 1706656151
WALL 21086898 1 0 1706656152
WALL 21086898 1 0 1706656153
WALL 21086898 1 0 1706656154
WALL 21086898 1 0 1706656155
WALL 21086898 1 0 1706656156
WALL 21086898 1 0 1706656157
WALL 21086898 1 0 1706656158
WALL 21086898 1 0 1706656159
WALL 21086898 1 0 1706656160
WALL 21086898 1 0 1706656161
WALL 21086898 1 0 1706656162
WALL 21086898 1 0 1706656163
WALL 21086898 1 0 1706656164
WALL 21086898 1 0 1706656165
WALL 21086898 1 0 1706656166
WALL 21086898 1 0 1706656167
WALL 21086898 1 0 1706656168
WALL 21086898 1 0 1706656169
WALL 21086898 1 0 1706656170
WALL 21086898 1 0 1706656171
WALL 21086898 1 0 1706656172
WALL 21086898 1 0 1706656173
WALL 21086898 1 0 1706656174
WALL 21086898 1 0 1706656175
WALL 21086898 1 0 1706656176
WALL 21086898 1 0 1706656177
WALL 21086898 1 0 1706656178
WALL 21086898 1 0 1706656179
WALL 21086898 1 0 1706656180
WALL 21086898 1 0 1706656181
WALL 21086898 1 0 1706656182
WALL 21086898 1 0 1706656183
WALL 21086898 1 0 1706656184
WALL 21086898 1 0 1706656185
WALL 21086898 1 0 1706656186
WALL 21086898 1 0 1706656187
WALL 21086898 1 0 1706656188
WALL 21086898 1 0 1706656189
WALL 21086898 1 0 1706656190
WALL 21086898 1 0 1706656191
WALL 21086898 1 0 1706656192
WALL 21086898 1 0 1706656193
WALL 21086898 1 0 1706656194
WALL 21086898 1 0 1706656195
WALL 21086898 1 0 1706656196
WALL 21086898 1 0 1706656197
WALL 21086898 1 0 1706656198
WALL 21086898 1 0 1706656199
WALL 21086898 1 0 1706656200
WALL 21086898 1 0 1706656201
WALL 21086898 1 0 1706656202
WALL 21086898 1 0 1706656203
WALL 21086898 1 0 1706656204
WALL 21086898 1 0 1706656205
WALL 21086898 1 0 1706656206
WALL 21086898 1 0 1706656207
WALL 21086898 1 0 1706656208
WALL 21086898 1 0 1706656209
WALL 21086898 1 0 1706656210
WALL 21086898 1 0 1706656211
WALL 21086898 1 0 1706656212
WALL 21086898 1 0 1706656213
WALL 21086898 1 0 1706656214
WALL 21086898 1 0 1706656215
WALL 21086898 1 0 1706656216
WALL 21086898 1 0 1706656217
WALL 21086898 1 0 1706656218
WALL 21086898 1 0 1706656219
WALL 21086898 1 0 1706656220
WALL 21086898 1 0 1706656221
WALL 21086898 1 0 1706656222
WALL 21086898 1 0 1706656223
WALL 21086898 1 0 1706656224
WALL 21086898 1 0 1706656225
WALL 21086898 1 0 1706656226
WALL 21086898 1 0 1706656227
WALL 21086898 1 0 1706656228
WALL 21086898 1 0 1706656229
WALL 21086898 1 0 1706656230
WALL 21086898 1 0 1706656231
WALL 21086898 1 0 1706656232
WALL 21086898 1 0 1706656233
WALL 21086898 1 0 1706656234
WALL 21086898 1 0 1706656235
WALL 21086898 1 0 1706656236
WALL 21086898 1 0 1706656237
WALL 21086898 1 0 1706656238
WALL 21086898 1 0 1706656239
WALL 21086898 1 0 1706656240
WALL 21086898 1 0 1706656241
WALL 21086898 1 0 1706656242
WALL 21086898 1 0 1706656243
WALL 21086898 1 0 1706656244
WALL 21086898 1 0 1706656245
WALL 21086898 1 0 1706656246
WALL 21086898 1 0 1706656247
WALL 21086898 1 0 1706656248
WALL 21086898 1 0 1706656249
WALL 21086898 1 0 1706656250
WALL 21086898 1 0 1706656251
WALL 21086898 1 0 1706656252
WALL 21086898 1 0 1706656253
WALL 21086898 1 0 1706656254
WALL 21086898 1 0 1706656255
WALL 21086898 1 0 1706656256
WALL 21086898 1 0 1706656257
WALL 21086898 1 0 1706656258
WALL 21086898 1 0 1706656259
WALL 21086898 1 0 1706656260
WALL 21086898 1 0 1706656261
WALL 21086898 1 0 1706656262
WALL 21086898 1 0 1706656263
WALL 21086898 1 0 1706656264
WALL 21086898 1 0 1706656265
WALL 21086898 1 0 1706656266
WALL 21086898 1 0 1706656267
WALL 21086898 1 0 1706656268
WALL 21086898 1 0 1706656269
WALL 21086898 1 0 1706656270
WALL 21086898 1 0 1706656271
WALL 21086898 1 0 1706656272
WALL 21086898 1 0 1706656273
WALL 21086898 1 0 1706656274
WALL 21086898 1 0 1706656275
WALL 21086898 1 0 1706656276
WALL 21086898 1 0 1706656277
WALL 21086898 1 0 1706656278
WALL 21086898 1 0 1706656279
WALL 21086898 1 0 1706656280
WALL 21086898 1 0 1706656281
WALL 21086898 1 0 1706656282
WALL 21086898 1 0 1706656283
WALL 21086898 1 0 1706656284
WALL 21086898 1 0 1706656285
WALL 21086898 1 0 1706656286
WALL 21086898 1 0 1706656287
WALL 21086898 1 0 1706656288
WALL 21086898 1 0 1706656289
WALL 21086898 1 0 1706656290
WALL 21086898 1 0 1706656291
WALL 21086898 1 0 1706656292
WALL 21086898 1 0 1706656293
WALL 21086898 1 0 1706656294
WALL 21086898 1 0 1706656295
WALL 21086898 1 0 1706656296
WALL 21086898 1 0 1706656297
WALL 21086898 1 0 1706656298
WALL 21086898 1 0 1706656299
WALL 21086898 1 0 1706656300
WALL 21086898 1 0 1706656301
WALL 21086898 1 0 1706656302
received SIGCONT 1706656302
WALL 21086898 1 0 1706656302
slurmstepd: error: *** STEP 21086898.0 ON nid200186 CANCELLED AT 2024-01-30T23:11:42 ***
received SIGTERM 1706656302
WALL 21086898 1 0 1706656302
WALL 21086898 1 0 1706656303
WALL 21086898 1 0 1706656304
WALL 21086898 1 0 1706656305
WALL 21086898 1 0 1706656306
WALL 21086898 1 0 1706656307
WALL 21086898 1 0 1706656308
WALL 21086898 1 0 1706656309
WALL 21086898 1 0 1706656310
WALL 21086898 1 0 1706656311
WALL 21086898 1 0 1706656312
WALL 21086898 1 0 1706656313
WALL 21086898 1 0 1706656314
WALL 21086898 1 0 1706656315
WALL 21086898 1 0 1706656316
WALL 21086898 1 0 1706656317
WALL 21086898 1 0 1706656318
WALL 21086898 1 0 1706656319
WALL 21086898 1 0 1706656320
WALL 21086898 1 0 1706656321
WALL 21086898 1 0 1706656322
WALL 21086898 1 0 1706656323
WALL 21086898 1 0 1706656324
WALL 21086898 1 0 1706656325
WALL 21086898 1 0 1706656326
WALL 21086898 1 0 1706656327
WALL 21086898 1 0 1706656328
WALL 21086898 1 0 1706656329
WALL 21086898 1 0 1706656330
WALL 21086898 1 0 1706656331
WALL 21086898 1 0 1706656332
WALL 21086898 1 0 1706656333
WALL 21086898 1 0 1706656334
WALL 21086898 1 0 1706656335
WALL 21086898 1 0 1706656336
WALL 21086898 1 0 1706656337
WALL 21086898 1 0 1706656338
WALL 21086898 1 0 1706656339
WALL 21086898 1 0 1706656340
WALL 21086898 1 0 1706656341
WALL 21086898 1 0 1706656342
WALL 21086898 1 0 1706656343
WALL 21086898 1 0 1706656344
WALL 21086898 1 0 1706656345
WALL 21086898 1 0 1706656346
WALL 21086898 1 0 1706656347
WALL 21086898 1 0 1706656348
WALL 21086898 1 0 1706656349
WALL 21086898 1 0 1706656350
WALL 21086898 1 0 1706656351
WALL 21086898 1 0 1706656352
WALL 21086898 1 0 1706656353
WALL 21086898 1 0 1706656354
WALL 21086898 1 0 1706656355
WALL 21086898 1 0 1706656356
WALL 21086898 1 0 1706656357
WALL 21086898 1 0 1706656358
WALL 21086898 1 0 1706656359
WALL 21086898 1 0 1706656360
WALL 21086898 1 0 1706656361
WALL 21086898 1 0 1706656362
WALL 21086898 1 0 1706656363
WALL 21086898 1 0 1706656364
WALL 21086898 1 0 1706656365
WALL 21086898 1 0 1706656366
WALL 21086898 1 0 1706656367
WALL 21086898 1 0 1706656368
WALL 21086898 1 0 1706656369
WALL 21086898 1 0 1706656370
WALL 21086898 1 0 1706656371
WALL 21086898 1 0 1706656372
WALL 21086898 1 0 1706656373
WALL 21086898 1 0 1706656374
WALL 21086898 1 0 1706656375
WALL 21086898 1 0 1706656376
WALL 21086898 1 0 1706656377
WALL 21086898 1 0 1706656378
WALL 21086898 1 0 1706656379
WALL 21086898 1 0 1706656380
slurmstepd: error: *** JOB 21086898 ON nid200186 CANCELLED AT 2024-01-30T23:13:01 DUE TO PREEMPTION ***
srun: Job step aborted: Waiting up to 32 seconds for job step to finish.
received SIGTERM 1706656381
WALL 21086898 1 0 1706656381
