srun: warning: can't run 1 processes on 2 nodes, setting nnodes to 1
WALL 21203489 1 0 1706818014
WALL 21203489 1 0 1706818015
WALL 21203489 1 0 1706818016
WALL 21203489 1 0 1706818017
WALL 21203489 1 0 1706818018
WALL 21203489 1 0 1706818019
WALL 21203489 1 0 1706818020
WALL 21203489 1 0 1706818021
WALL 21203489 1 0 1706818022
WALL 21203489 1 0 1706818023
WALL 21203489 1 0 1706818024
WALL 21203489 1 0 1706818025
WALL 21203489 1 0 1706818026
WALL 21203489 1 0 1706818027
WALL 21203489 1 0 1706818028
WALL 21203489 1 0 1706818029
WALL 21203489 1 0 1706818030
WALL 21203489 1 0 1706818031
WALL 21203489 1 0 1706818032
WALL 21203489 1 0 1706818033
WALL 21203489 1 0 1706818034
WALL 21203489 1 0 1706818035
WALL 21203489 1 0 1706818036
WALL 21203489 1 0 1706818037
WALL 21203489 1 0 1706818038
WALL 21203489 1 0 1706818039
WALL 21203489 1 0 1706818040
WALL 21203489 1 0 1706818041
WALL 21203489 1 0 1706818042
WALL 21203489 1 0 1706818043
WALL 21203489 1 0 1706818044
WALL 21203489 1 0 1706818045
WALL 21203489 1 0 1706818046
WALL 21203489 1 0 1706818047
WALL 21203489 1 0 1706818048
WALL 21203489 1 0 1706818049
WALL 21203489 1 0 1706818050
WALL 21203489 1 0 1706818051
WALL 21203489 1 0 1706818052
WALL 21203489 1 0 1706818053
WALL 21203489 1 0 1706818054
WALL 21203489 1 0 1706818055
WALL 21203489 1 0 1706818056
WALL 21203489 1 0 1706818057
WALL 21203489 1 0 1706818058
WALL 21203489 1 0 1706818059
WALL 21203489 1 0 1706818060
WALL 21203489 1 0 1706818061
WALL 21203489 1 0 1706818062
WALL 21203489 1 0 1706818063
WALL 21203489 1 0 1706818064
WALL 21203489 1 0 1706818065
WALL 21203489 1 0 1706818066
WALL 21203489 1 0 1706818067
WALL 21203489 1 0 1706818068
WALL 21203489 1 0 1706818069
WALL 21203489 1 0 1706818070
WALL 21203489 1 0 1706818071
WALL 21203489 1 0 1706818072
WALL 21203489 1 0 1706818073
WALL 21203489 1 0 1706818074
WALL 21203489 1 0 1706818075
WALL 21203489 1 0 1706818076
WALL 21203489 1 0 1706818077
WALL 21203489 1 0 1706818078
WALL 21203489 1 0 1706818079
WALL 21203489 1 0 1706818080
WALL 21203489 1 0 1706818081
WALL 21203489 1 0 1706818082
WALL 21203489 1 0 1706818083
WALL 21203489 1 0 1706818084
WALL 21203489 1 0 1706818085
WALL 21203489 1 0 1706818086
WALL 21203489 1 0 1706818087
WALL 21203489 1 0 1706818088
WALL 21203489 1 0 1706818089
WALL 21203489 1 0 1706818090
WALL 21203489 1 0 1706818091
WALL 21203489 1 0 1706818092
WALL 21203489 1 0 1706818093
WALL 21203489 1 0 1706818094
WALL 21203489 1 0 1706818095
received SIGCONT 1706818096
WALL 21203489 1 0 1706818096
slurmstepd: error: *** STEP 21203489.0 ON nid200196 CANCELLED AT 2024-02-01T20:08:16 ***
received SIGTERM 1706818096
WALL 21203489 1 0 1706818096
WALL 21203489 1 0 1706818097
WALL 21203489 1 0 1706818098
WALL 21203489 1 0 1706818099
WALL 21203489 1 0 1706818100
WALL 21203489 1 0 1706818101
WALL 21203489 1 0 1706818102
WALL 21203489 1 0 1706818103
WALL 21203489 1 0 1706818104
WALL 21203489 1 0 1706818105
WALL 21203489 1 0 1706818106
WALL 21203489 1 0 1706818107
WALL 21203489 1 0 1706818108
WALL 21203489 1 0 1706818109
WALL 21203489 1 0 1706818110
WALL 21203489 1 0 1706818111
WALL 21203489 1 0 1706818112
WALL 21203489 1 0 1706818113
WALL 21203489 1 0 1706818114
WALL 21203489 1 0 1706818115
WALL 21203489 1 0 1706818116
WALL 21203489 1 0 1706818117
WALL 21203489 1 0 1706818118
WALL 21203489 1 0 1706818119
WALL 21203489 1 0 1706818120
WALL 21203489 1 0 1706818121
WALL 21203489 1 0 1706818122
WALL 21203489 1 0 1706818123
WALL 21203489 1 0 1706818124
WALL 21203489 1 0 1706818125
WALL 21203489 1 0 1706818126
WALL 21203489 1 0 1706818127
WALL 21203489 1 0 1706818128
WALL 21203489 1 0 1706818129
WALL 21203489 1 0 1706818130
WALL 21203489 1 0 1706818131
WALL 21203489 1 0 1706818132
WALL 21203489 1 0 1706818133
WALL 21203489 1 0 1706818134
WALL 21203489 1 0 1706818135
WALL 21203489 1 0 1706818136
WALL 21203489 1 0 1706818137
WALL 21203489 1 0 1706818138
WALL 21203489 1 0 1706818139
WALL 21203489 1 0 1706818140
WALL 21203489 1 0 1706818141
WALL 21203489 1 0 1706818142
WALL 21203489 1 0 1706818143
WALL 21203489 1 0 1706818144
WALL 21203489 1 0 1706818145
WALL 21203489 1 0 1706818146
WALL 21203489 1 0 1706818147
WALL 21203489 1 0 1706818148
WALL 21203489 1 0 1706818149
WALL 21203489 1 0 1706818150
WALL 21203489 1 0 1706818151
WALL 21203489 1 0 1706818152
WALL 21203489 1 0 1706818153
WALL 21203489 1 0 1706818154
WALL 21203489 1 0 1706818155
WALL 21203489 1 0 1706818156
WALL 21203489 1 0 1706818157
WALL 21203489 1 0 1706818158
WALL 21203489 1 0 1706818159
WALL 21203489 1 0 1706818160
WALL 21203489 1 0 1706818161
WALL 21203489 1 0 1706818162
WALL 21203489 1 0 1706818163
slurmstepd: error: *** JOB 21203489 ON nid200196 CANCELLED AT 2024-02-01T20:09:24 DUE TO PREEMPTION ***
received SIGTERM 1706818164
WALL 21203489 1 0 1706818164
received SIGCONT 1706818164
WALL 21203489 1 0 1706818164
received SIGTERM 1706818164
WALL 21203489 1 0 1706818164
