srun: warning: can't run 1 processes on 8 nodes, setting nnodes to 1
WALL 21210009 1 0 1706826961
WALL 21210009 1 0 1706826962
WALL 21210009 1 0 1706826963
WALL 21210009 1 0 1706826964
WALL 21210009 1 0 1706826965
WALL 21210009 1 0 1706826966
WALL 21210009 1 0 1706826967
WALL 21210009 1 0 1706826968
WALL 21210009 1 0 1706826969
WALL 21210009 1 0 1706826970
WALL 21210009 1 0 1706826971
WALL 21210009 1 0 1706826972
WALL 21210009 1 0 1706826973
WALL 21210009 1 0 1706826974
WALL 21210009 1 0 1706826975
WALL 21210009 1 0 1706826976
WALL 21210009 1 0 1706826977
WALL 21210009 1 0 1706826978
WALL 21210009 1 0 1706826979
WALL 21210009 1 0 1706826980
WALL 21210009 1 0 1706826981
WALL 21210009 1 0 1706826982
WALL 21210009 1 0 1706826983
WALL 21210009 1 0 1706826984
WALL 21210009 1 0 1706826985
WALL 21210009 1 0 1706826986
WALL 21210009 1 0 1706826987
WALL 21210009 1 0 1706826988
WALL 21210009 1 0 1706826989
WALL 21210009 1 0 1706826990
WALL 21210009 1 0 1706826991
WALL 21210009 1 0 1706826992
WALL 21210009 1 0 1706826993
WALL 21210009 1 0 1706826994
slurmstepd: error: *** STEP 21210009.0 ON nid200168 CANCELLED AT 2024-02-01T22:36:34 ***
received SIGTERM 1706826994
WALL 21210009 1 0 1706826994
received SIGCONT 1706826994
WALL 21210009 1 0 1706826994
WALL 21210009 1 0 1706826995
WALL 21210009 1 0 1706826996
WALL 21210009 1 0 1706826997
WALL 21210009 1 0 1706826998
WALL 21210009 1 0 1706826999
WALL 21210009 1 0 1706827000
WALL 21210009 1 0 1706827001
WALL 21210009 1 0 1706827002
WALL 21210009 1 0 1706827003
WALL 21210009 1 0 1706827004
WALL 21210009 1 0 1706827005
WALL 21210009 1 0 1706827006
WALL 21210009 1 0 1706827007
WALL 21210009 1 0 1706827008
WALL 21210009 1 0 1706827009
WALL 21210009 1 0 1706827010
WALL 21210009 1 0 1706827011
WALL 21210009 1 0 1706827012
WALL 21210009 1 0 1706827013
WALL 21210009 1 0 1706827014
WALL 21210009 1 0 1706827015
WALL 21210009 1 0 1706827016
WALL 21210009 1 0 1706827017
WALL 21210009 1 0 1706827018
WALL 21210009 1 0 1706827019
WALL 21210009 1 0 1706827020
WALL 21210009 1 0 1706827021
WALL 21210009 1 0 1706827022
WALL 21210009 1 0 1706827023
WALL 21210009 1 0 1706827024
WALL 21210009 1 0 1706827025
WALL 21210009 1 0 1706827026
WALL 21210009 1 0 1706827027
WALL 21210009 1 0 1706827028
WALL 21210009 1 0 1706827029
WALL 21210009 1 0 1706827030
WALL 21210009 1 0 1706827031
WALL 21210009 1 0 1706827032
WALL 21210009 1 0 1706827033
WALL 21210009 1 0 1706827034
WALL 21210009 1 0 1706827035
WALL 21210009 1 0 1706827036
WALL 21210009 1 0 1706827037
WALL 21210009 1 0 1706827038
WALL 21210009 1 0 1706827039
WALL 21210009 1 0 1706827040
WALL 21210009 1 0 1706827041
WALL 21210009 1 0 1706827042
WALL 21210009 1 0 1706827043
WALL 21210009 1 0 1706827044
WALL 21210009 1 0 1706827045
WALL 21210009 1 0 1706827046
WALL 21210009 1 0 1706827047
WALL 21210009 1 0 1706827048
WALL 21210009 1 0 1706827049
WALL 21210009 1 0 1706827050
WALL 21210009 1 0 1706827051
WALL 21210009 1 0 1706827052
WALL 21210009 1 0 1706827053
WALL 21210009 1 0 1706827054
WALL 21210009 1 0 1706827055
WALL 21210009 1 0 1706827056
WALL 21210009 1 0 1706827057
WALL 21210009 1 0 1706827058
WALL 21210009 1 0 1706827059
WALL 21210009 1 0 1706827060
WALL 21210009 1 0 1706827061
WALL 21210009 1 0 1706827062
WALL 21210009 1 0 1706827063
WALL 21210009 1 0 1706827064
slurmstepd: error: *** JOB 21210009 ON nid200168 CANCELLED AT 2024-02-01T22:37:45 DUE TO PREEMPTION ***
received SIGTERM 1706827065
WALL 21210009 1 0 1706827065
received SIGCONT 1706827065
WALL 21210009 1 0 1706827065
received SIGTERM 1706827065
WALL 21210009 1 0 1706827065
