WALL 21086975 1 0 1706656870
WALL 21086975 1 0 1706656871
WALL 21086975 1 0 1706656872
WALL 21086975 1 0 1706656873
WALL 21086975 1 0 1706656874
WALL 21086975 1 0 1706656875
WALL 21086975 1 0 1706656876
WALL 21086975 1 0 1706656877
WALL 21086975 1 0 1706656878
WALL 21086975 1 0 1706656879
WALL 21086975 1 0 1706656880
WALL 21086975 1 0 1706656881
WALL 21086975 1 0 1706656882
WALL 21086975 1 0 1706656883
WALL 21086975 1 0 1706656884
WALL 21086975 1 0 1706656885
WALL 21086975 1 0 1706656886
WALL 21086975 1 0 1706656887
WALL 21086975 1 0 1706656888
WALL 21086975 1 0 1706656889
WALL 21086975 1 0 1706656890
WALL 21086975 1 0 1706656891
WALL 21086975 1 0 1706656892
WALL 21086975 1 0 1706656893
WALL 21086975 1 0 1706656894
WALL 21086975 1 0 1706656895
WALL 21086975 1 0 1706656896
WALL 21086975 1 0 1706656897
WALL 21086975 1 0 1706656898
WALL 21086975 1 0 1706656899
WALL 21086975 1 0 1706656900
WALL 21086975 1 0 1706656901
WALL 21086975 1 0 1706656902
WALL 21086975 1 0 1706656903
WALL 21086975 1 0 1706656904
WALL 21086975 1 0 1706656905
WALL 21086975 1 0 1706656906
WALL 21086975 1 0 1706656907
WALL 21086975 1 0 1706656908
WALL 21086975 1 0 1706656909
WALL 21086975 1 0 1706656910
WALL 21086975 1 0 1706656911
WALL 21086975 1 0 1706656912
WALL 21086975 1 0 1706656913
WALL 21086975 1 0 1706656914
WALL 21086975 1 0 1706656915
WALL 21086975 1 0 1706656916
WALL 21086975 1 0 1706656917
WALL 21086975 1 0 1706656918
WALL 21086975 1 0 1706656919
WALL 21086975 1 0 1706656920
WALL 21086975 1 0 1706656921
WALL 21086975 1 0 1706656922
WALL 21086975 1 0 1706656923
WALL 21086975 1 0 1706656924
WALL 21086975 1 0 1706656925
WALL 21086975 1 0 1706656926
WALL 21086975 1 0 1706656927
WALL 21086975 1 0 1706656928
WALL 21086975 1 0 1706656929
WALL 21086975 1 0 1706656930
WALL 21086975 1 0 1706656931
WALL 21086975 1 0 1706656932
WALL 21086975 1 0 1706656933
WALL 21086975 1 0 1706656934
WALL 21086975 1 0 1706656935
WALL 21086975 1 0 1706656936
WALL 21086975 1 0 1706656937
WALL 21086975 1 0 1706656938
WALL 21086975 1 0 1706656939
WALL 21086975 1 0 1706656940
WALL 21086975 1 0 1706656941
WALL 21086975 1 0 1706656942
WALL 21086975 1 0 1706656943
WALL 21086975 1 0 1706656944
WALL 21086975 1 0 1706656945
WALL 21086975 1 0 1706656946
WALL 21086975 1 0 1706656947
WALL 21086975 1 0 1706656948
WALL 21086975 1 0 1706656949
WALL 21086975 1 0 1706656950
slurmstepd: error: *** STEP 21086975.0 ON nid200196 CANCELLED AT 2024-01-30T23:22:30 ***
received SIGTERM 1706656950
WALL 21086975 1 0 1706656950
received SIGCONT 1706656950
WALL 21086975 1 0 1706656950
WALL 21086975 1 0 1706656951
WALL 21086975 1 0 1706656952
WALL 21086975 1 0 1706656953
WALL 21086975 1 0 1706656954
WALL 21086975 1 0 1706656955
WALL 21086975 1 0 1706656956
WALL 21086975 1 0 1706656957
WALL 21086975 1 0 1706656958
WALL 21086975 1 0 1706656959
WALL 21086975 1 0 1706656960
WALL 21086975 1 0 1706656961
WALL 21086975 1 0 1706656962
WALL 21086975 1 0 1706656963
WALL 21086975 1 0 1706656964
WALL 21086975 1 0 1706656965
WALL 21086975 1 0 1706656966
WALL 21086975 1 0 1706656967
WALL 21086975 1 0 1706656968
WALL 21086975 1 0 1706656969
WALL 21086975 1 0 1706656970
WALL 21086975 1 0 1706656971
WALL 21086975 1 0 1706656972
WALL 21086975 1 0 1706656973
WALL 21086975 1 0 1706656974
WALL 21086975 1 0 1706656975
WALL 21086975 1 0 1706656976
WALL 21086975 1 0 1706656977
WALL 21086975 1 0 1706656978
WALL 21086975 1 0 1706656979
WALL 21086975 1 0 1706656980
WALL 21086975 1 0 1706656981
WALL 21086975 1 0 1706656982
WALL 21086975 1 0 1706656983
WALL 21086975 1 0 1706656984
WALL 21086975 1 0 1706656985
WALL 21086975 1 0 1706656986
WALL 21086975 1 0 1706656987
WALL 21086975 1 0 1706656988
WALL 21086975 1 0 1706656989
WALL 21086975 1 0 1706656990
WALL 21086975 1 0 1706656991
WALL 21086975 1 0 1706656992
WALL 21086975 1 0 1706656993
WALL 21086975 1 0 1706656994
WALL 21086975 1 0 1706656995
WALL 21086975 1 0 1706656996
WALL 21086975 1 0 1706656997
WALL 21086975 1 0 1706656998
WALL 21086975 1 0 1706656999
WALL 21086975 1 0 1706657000
WALL 21086975 1 0 1706657001
WALL 21086975 1 0 1706657002
WALL 21086975 1 0 1706657003
WALL 21086975 1 0 1706657004
WALL 21086975 1 0 1706657005
WALL 21086975 1 0 1706657006
WALL 21086975 1 0 1706657007
WALL 21086975 1 0 1706657008
WALL 21086975 1 0 1706657009
WALL 21086975 1 0 1706657010
WALL 21086975 1 0 1706657011
WALL 21086975 1 0 1706657012
WALL 21086975 1 0 1706657013
WALL 21086975 1 0 1706657014
WALL 21086975 1 0 1706657015
slurmstepd: error: *** JOB 21086975 ON nid200196 CANCELLED AT 2024-01-30T23:23:36 DUE TO PREEMPTION ***
srun: Job step aborted: Waiting up to 32 seconds for job step to finish.
received SIGTERM 1706657016
WALL 21086975 1 0 1706657016
received SIGCONT 1706657016
WALL 21086975 1 0 1706657016
received SIGTERM 1706657016
WALL 21086975 1 0 1706657016
