WALL 21206806 1 0 1706820940
WALL 21206806 1 0 1706820941
WALL 21206806 1 0 1706820942
WALL 21206806 1 0 1706820943
WALL 21206806 1 0 1706820944
WALL 21206806 1 0 1706820945
WALL 21206806 1 0 1706820946
WALL 21206806 1 0 1706820947
WALL 21206806 1 0 1706820948
WALL 21206806 1 0 1706820949
WALL 21206806 1 0 1706820950
WALL 21206806 1 0 1706820951
WALL 21206806 1 0 1706820952
WALL 21206806 1 0 1706820953
WALL 21206806 1 0 1706820954
WALL 21206806 1 0 1706820955
WALL 21206806 1 0 1706820956
WALL 21206806 1 0 1706820957
WALL 21206806 1 0 1706820958
WALL 21206806 1 0 1706820959
WALL 21206806 1 0 1706820960
WALL 21206806 1 0 1706820961
WALL 21206806 1 0 1706820962
WALL 21206806 1 0 1706820963
WALL 21206806 1 0 1706820964
WALL 21206806 1 0 1706820965
WALL 21206806 1 0 1706820966
WALL 21206806 1 0 1706820967
WALL 21206806 1 0 1706820968
WALL 21206806 1 0 1706820969
WALL 21206806 1 0 1706820970
WALL 21206806 1 0 1706820971
WALL 21206806 1 0 1706820972
WALL 21206806 1 0 1706820973
WALL 21206806 1 0 1706820974
WALL 21206806 1 0 1706820975
WALL 21206806 1 0 1706820976
WALL 21206806 1 0 1706820977
WALL 21206806 1 0 1706820978
WALL 21206806 1 0 1706820979
WALL 21206806 1 0 1706820980
WALL 21206806 1 0 1706820981
WALL 21206806 1 0 1706820982
WALL 21206806 1 0 1706820983
WALL 21206806 1 0 1706820984
WALL 21206806 1 0 1706820985
WALL 21206806 1 0 1706820986
WALL 21206806 1 0 1706820987
WALL 21206806 1 0 1706820988
received SIGCONT 1706820989
WALL 21206806 1 0 1706820989
slurmstepd: error: *** STEP 21206806.0 ON nid200011 CANCELLED AT 2024-02-01T20:56:29 ***
received SIGTERM 1706820989
WALL 21206806 1 0 1706820989
WALL 21206806 1 0 1706820990
WALL 21206806 1 0 1706820991
WALL 21206806 1 0 1706820992
WALL 21206806 1 0 1706820993
WALL 21206806 1 0 1706820994
WALL 21206806 1 0 1706820995
WALL 21206806 1 0 1706820996
WALL 21206806 1 0 1706820997
WALL 21206806 1 0 1706820998
WALL 21206806 1 0 1706820999
WALL 21206806 1 0 1706821000
WALL 21206806 1 0 1706821001
WALL 21206806 1 0 1706821002
WALL 21206806 1 0 1706821003
WALL 21206806 1 0 1706821004
WALL 21206806 1 0 1706821005
WALL 21206806 1 0 1706821006
WALL 21206806 1 0 1706821007
WALL 21206806 1 0 1706821008
WALL 21206806 1 0 1706821009
WALL 21206806 1 0 1706821010
WALL 21206806 1 0 1706821011
WALL 21206806 1 0 1706821012
WALL 21206806 1 0 1706821013
WALL 21206806 1 0 1706821014
WALL 21206806 1 0 1706821015
WALL 21206806 1 0 1706821016
WALL 21206806 1 0 1706821017
WALL 21206806 1 0 1706821018
WALL 21206806 1 0 1706821019
WALL 21206806 1 0 1706821020
WALL 21206806 1 0 1706821021
WALL 21206806 1 0 1706821022
WALL 21206806 1 0 1706821023
WALL 21206806 1 0 1706821024
WALL 21206806 1 0 1706821025
WALL 21206806 1 0 1706821026
WALL 21206806 1 0 1706821027
WALL 21206806 1 0 1706821028
WALL 21206806 1 0 1706821029
WALL 21206806 1 0 1706821030
WALL 21206806 1 0 1706821031
WALL 21206806 1 0 1706821032
WALL 21206806 1 0 1706821033
WALL 21206806 1 0 1706821034
WALL 21206806 1 0 1706821035
WALL 21206806 1 0 1706821036
WALL 21206806 1 0 1706821037
WALL 21206806 1 0 1706821038
WALL 21206806 1 0 1706821039
WALL 21206806 1 0 1706821040
WALL 21206806 1 0 1706821041
WALL 21206806 1 0 1706821042
WALL 21206806 1 0 1706821043
WALL 21206806 1 0 1706821044
WALL 21206806 1 0 1706821045
WALL 21206806 1 0 1706821046
WALL 21206806 1 0 1706821047
WALL 21206806 1 0 1706821048
WALL 21206806 1 0 1706821049
WALL 21206806 1 0 1706821050
WALL 21206806 1 0 1706821051
WALL 21206806 1 0 1706821052
WALL 21206806 1 0 1706821053
WALL 21206806 1 0 1706821054
WALL 21206806 1 0 1706821055
WALL 21206806 1 0 1706821056
WALL 21206806 1 0 1706821057
WALL 21206806 1 0 1706821058
WALL 21206806 1 0 1706821059
WALL 21206806 1 0 1706821060
WALL 21206806 1 0 1706821061
WALL 21206806 1 0 1706821062
WALL 21206806 1 0 1706821063
WALL 21206806 1 0 1706821064
slurmstepd: error: *** JOB 21206806 ON nid200011 CANCELLED AT 2024-02-01T20:57:44 DUE TO PREEMPTION ***
received SIGTERM 1706821064
WALL 21206806 1 0 1706821064
received SIGCONT 1706821064
WALL 21206806 1 0 1706821064
received SIGTERM 1706821064
WALL 21206806 1 0 1706821064
