WALL 21245759 1 0 1706914271
WALL 21245759 1 0 1706914272
WALL 21245759 1 0 1706914273
WALL 21245759 1 0 1706914274
WALL 21245759 1 0 1706914275
WALL 21245759 1 0 1706914276
WALL 21245759 1 0 1706914277
WALL 21245759 1 0 1706914278
WALL 21245759 1 0 1706914279
WALL 21245759 1 0 1706914280
WALL 21245759 1 0 1706914281
WALL 21245759 1 0 1706914282
WALL 21245759 1 0 1706914283
WALL 21245759 1 0 1706914284
WALL 21245759 1 0 1706914285
WALL 21245759 1 0 1706914286
WALL 21245759 1 0 1706914287
WALL 21245759 1 0 1706914288
WALL 21245759 1 0 1706914289
WALL 21245759 1 0 1706914290
WALL 21245759 1 0 1706914291
WALL 21245759 1 0 1706914292
WALL 21245759 1 0 1706914293
WALL 21245759 1 0 1706914294
WALL 21245759 1 0 1706914295
WALL 21245759 1 0 1706914296
WALL 21245759 1 0 1706914297
WALL 21245759 1 0 1706914298
WALL 21245759 1 0 1706914299
WALL 21245759 1 0 1706914300
WALL 21245759 1 0 1706914301
WALL 21245759 1 0 1706914302
WALL 21245759 1 0 1706914303
WALL 21245759 1 0 1706914304
WALL 21245759 1 0 1706914305
WALL 21245759 1 0 1706914306
WALL 21245759 1 0 1706914307
WALL 21245759 1 0 1706914308
WALL 21245759 1 0 1706914309
WALL 21245759 1 0 1706914310
WALL 21245759 1 0 1706914311
WALL 21245759 1 0 1706914312
WALL 21245759 1 0 1706914313
WALL 21245759 1 0 1706914314
WALL 21245759 1 0 1706914315
WALL 21245759 1 0 1706914316
WALL 21245759 1 0 1706914317
WALL 21245759 1 0 1706914318
WALL 21245759 1 0 1706914319
WALL 21245759 1 0 1706914320
WALL 21245759 1 0 1706914321
WALL 21245759 1 0 1706914322
WALL 21245759 1 0 1706914323
WALL 21245759 1 0 1706914324
WALL 21245759 1 0 1706914325
WALL 21245759 1 0 1706914326
WALL 21245759 1 0 1706914327
WALL 21245759 1 0 1706914328
WALL 21245759 1 0 1706914329
WALL 21245759 1 0 1706914330
WALL 21245759 1 0 1706914331
WALL 21245759 1 0 1706914332
WALL 21245759 1 0 1706914333
WALL 21245759 1 0 1706914334
WALL 21245759 1 0 1706914335
WALL 21245759 1 0 1706914336
WALL 21245759 1 0 1706914337
WALL 21245759 1 0 1706914338
WALL 21245759 1 0 1706914339
WALL 21245759 1 0 1706914340
WALL 21245759 1 0 1706914341
WALL 21245759 1 0 1706914342
WALL 21245759 1 0 1706914343
WALL 21245759 1 0 1706914344
WALL 21245759 1 0 1706914345
slurmstepd: error: *** STEP 21245759.0 ON nid200001 CANCELLED AT 2024-02-02T22:52:26 ***
received SIGTERM 1706914346
WALL 21245759 1 0 1706914346
received SIGCONT 1706914346
WALL 21245759 1 0 1706914346
WALL 21245759 1 0 1706914347
WALL 21245759 1 0 1706914348
WALL 21245759 1 0 1706914349
WALL 21245759 1 0 1706914350
WALL 21245759 1 0 1706914351
WALL 21245759 1 0 1706914352
WALL 21245759 1 0 1706914353
WALL 21245759 1 0 1706914354
WALL 21245759 1 0 1706914355
WALL 21245759 1 0 1706914356
WALL 21245759 1 0 1706914357
WALL 21245759 1 0 1706914358
WALL 21245759 1 0 1706914359
WALL 21245759 1 0 1706914360
WALL 21245759 1 0 1706914361
WALL 21245759 1 0 1706914362
WALL 21245759 1 0 1706914363
WALL 21245759 1 0 1706914364
WALL 21245759 1 0 1706914365
WALL 21245759 1 0 1706914366
WALL 21245759 1 0 1706914367
WALL 21245759 1 0 1706914368
WALL 21245759 1 0 1706914369
WALL 21245759 1 0 1706914370
WALL 21245759 1 0 1706914371
WALL 21245759 1 0 1706914372
WALL 21245759 1 0 1706914373
WALL 21245759 1 0 1706914374
WALL 21245759 1 0 1706914375
WALL 21245759 1 0 1706914376
WALL 21245759 1 0 1706914377
WALL 21245759 1 0 1706914378
WALL 21245759 1 0 1706914379
WALL 21245759 1 0 1706914380
WALL 21245759 1 0 1706914381
WALL 21245759 1 0 1706914382
WALL 21245759 1 0 1706914383
WALL 21245759 1 0 1706914384
WALL 21245759 1 0 1706914385
WALL 21245759 1 0 1706914386
WALL 21245759 1 0 1706914387
WALL 21245759 1 0 1706914388
WALL 21245759 1 0 1706914389
WALL 21245759 1 0 1706914390
WALL 21245759 1 0 1706914391
WALL 21245759 1 0 1706914392
WALL 21245759 1 0 1706914393
WALL 21245759 1 0 1706914394
WALL 21245759 1 0 1706914395
WALL 21245759 1 0 1706914396
WALL 21245759 1 0 1706914397
WALL 21245759 1 0 1706914398
WALL 21245759 1 0 1706914399
WALL 21245759 1 0 1706914400
WALL 21245759 1 0 1706914401
WALL 21245759 1 0 1706914402
WALL 21245759 1 0 1706914403
WALL 21245759 1 0 1706914404
WALL 21245759 1 0 1706914405
WALL 21245759 1 0 1706914406
WALL 21245759 1 0 1706914407
WALL 21245759 1 0 1706914408
WALL 21245759 1 0 1706914409
WALL 21245759 1 0 1706914410
WALL 21245759 1 0 1706914411
WALL 21245759 1 0 1706914412
WALL 21245759 1 0 1706914413
WALL 21245759 1 0 1706914414
WALL 21245759 1 0 1706914415
WALL 21245759 1 0 1706914416
WALL 21245759 1 0 1706914417
WALL 21245759 1 0 1706914418
WALL 21245759 1 0 1706914419
WALL 21245759 1 0 1706914420
WALL 21245759 1 0 1706914421
WALL 21245759 1 0 1706914422
WALL 21245759 1 0 1706914423
WALL 21245759 1 0 1706914424
WALL 21245759 1 0 1706914425
WALL 21245759 1 0 1706914426
WALL 21245759 1 0 1706914427
WALL 21245759 1 0 1706914428
WALL 21245759 1 0 1706914429
WALL 21245759 1 0 1706914430
WALL 21245759 1 0 1706914431
WALL 21245759 1 0 1706914432
WALL 21245759 1 0 1706914433
WALL 21245759 1 0 1706914434
WALL 21245759 1 0 1706914435
WALL 21245759 1 0 1706914436
WALL 21245759 1 0 1706914437
WALL 21245759 1 0 1706914438
WALL 21245759 1 0 1706914439
WALL 21245759 1 0 1706914440
WALL 21245759 1 0 1706914441
WALL 21245759 1 0 1706914442
WALL 21245759 1 0 1706914443
WALL 21245759 1 0 1706914444
WALL 21245759 1 0 1706914445
WALL 21245759 1 0 1706914446
WALL 21245759 1 0 1706914447
WALL 21245759 1 0 1706914448
WALL 21245759 1 0 1706914449
WALL 21245759 1 0 1706914450
WALL 21245759 1 0 1706914451
WALL 21245759 1 0 1706914452
WALL 21245759 1 0 1706914453
WALL 21245759 1 0 1706914454
WALL 21245759 1 0 1706914455
WALL 21245759 1 0 1706914456
WALL 21245759 1 0 1706914457
WALL 21245759 1 0 1706914458
WALL 21245759 1 0 1706914459
WALL 21245759 1 0 1706914460
WALL 21245759 1 0 1706914461
WALL 21245759 1 0 1706914462
WALL 21245759 1 0 1706914463
WALL 21245759 1 0 1706914464
WALL 21245759 1 0 1706914465
WALL 21245759 1 0 1706914466
srun: Job step aborted: Waiting up to 32 seconds for job step to finish.
slurmstepd: error: *** JOB 21245759 ON nid200001 CANCELLED AT 2024-02-02T22:54:26 DUE TO PREEMPTION ***
received SIGTERM 1706914466
WALL 21245759 1 0 1706914466
received SIGCONT 1706914466
WALL 21245759 1 0 1706914466
received SIGTERM 1706914466
WALL 21245759 1 0 1706914466
