WALL 21088752 1 0 1706660926
WALL 21088752 1 0 1706660927
WALL 21088752 1 0 1706660928
WALL 21088752 1 0 1706660929
WALL 21088752 1 0 1706660930
WALL 21088752 1 0 1706660931
WALL 21088752 1 0 1706660932
WALL 21088752 1 0 1706660933
WALL 21088752 1 0 1706660934
WALL 21088752 1 0 1706660935
WALL 21088752 1 0 1706660936
WALL 21088752 1 0 1706660937
WALL 21088752 1 0 1706660938
WALL 21088752 1 0 1706660939
WALL 21088752 1 0 1706660940
WALL 21088752 1 0 1706660941
WALL 21088752 1 0 1706660942
WALL 21088752 1 0 1706660943
WALL 21088752 1 0 1706660944
WALL 21088752 1 0 1706660945
WALL 21088752 1 0 1706660946
WALL 21088752 1 0 1706660947
WALL 21088752 1 0 1706660948
WALL 21088752 1 0 1706660949
WALL 21088752 1 0 1706660950
WALL 21088752 1 0 1706660951
WALL 21088752 1 0 1706660952
WALL 21088752 1 0 1706660953
WALL 21088752 1 0 1706660954
WALL 21088752 1 0 1706660955
WALL 21088752 1 0 1706660956
WALL 21088752 1 0 1706660957
WALL 21088752 1 0 1706660958
WALL 21088752 1 0 1706660959
WALL 21088752 1 0 1706660960
WALL 21088752 1 0 1706660961
WALL 21088752 1 0 1706660962
WALL 21088752 1 0 1706660963
WALL 21088752 1 0 1706660964
WALL 21088752 1 0 1706660965
WALL 21088752 1 0 1706660966
WALL 21088752 1 0 1706660967
WALL 21088752 1 0 1706660968
WALL 21088752 1 0 1706660969
WALL 21088752 1 0 1706660970
WALL 21088752 1 0 1706660971
WALL 21088752 1 0 1706660972
WALL 21088752 1 0 1706660973
WALL 21088752 1 0 1706660974
WALL 21088752 1 0 1706660975
WALL 21088752 1 0 1706660976
WALL 21088752 1 0 1706660977
WALL 21088752 1 0 1706660978
WALL 21088752 1 0 1706660979
WALL 21088752 1 0 1706660980
WALL 21088752 1 0 1706660981
WALL 21088752 1 0 1706660982
WALL 21088752 1 0 1706660983
WALL 21088752 1 0 1706660984
WALL 21088752 1 0 1706660985
WALL 21088752 1 0 1706660986
WALL 21088752 1 0 1706660987
WALL 21088752 1 0 1706660988
WALL 21088752 1 0 1706660989
WALL 21088752 1 0 1706660990
WALL 21088752 1 0 1706660991
WALL 21088752 1 0 1706660992
WALL 21088752 1 0 1706660993
WALL 21088752 1 0 1706660994
received SIGCONT 1706660994
WALL 21088752 1 0 1706660994
received SIGTERM 1706660994
WALL 21088752 1 0 1706660994
slurmstepd: error: *** STEP 21088752.0 ON nid200196 CANCELLED AT 2024-01-31T00:29:54 ***
WALL 21088752 1 0 1706660995
WALL 21088752 1 0 1706660996
WALL 21088752 1 0 1706660997
WALL 21088752 1 0 1706660998
WALL 21088752 1 0 1706660999
WALL 21088752 1 0 1706661000
WALL 21088752 1 0 1706661001
WALL 21088752 1 0 1706661002
WALL 21088752 1 0 1706661003
WALL 21088752 1 0 1706661004
WALL 21088752 1 0 1706661005
WALL 21088752 1 0 1706661006
WALL 21088752 1 0 1706661007
WALL 21088752 1 0 1706661008
WALL 21088752 1 0 1706661009
WALL 21088752 1 0 1706661010
WALL 21088752 1 0 1706661011
WALL 21088752 1 0 1706661012
WALL 21088752 1 0 1706661013
WALL 21088752 1 0 1706661014
WALL 21088752 1 0 1706661015
WALL 21088752 1 0 1706661016
WALL 21088752 1 0 1706661017
WALL 21088752 1 0 1706661018
WALL 21088752 1 0 1706661019
WALL 21088752 1 0 1706661020
WALL 21088752 1 0 1706661021
WALL 21088752 1 0 1706661022
WALL 21088752 1 0 1706661023
WALL 21088752 1 0 1706661024
WALL 21088752 1 0 1706661025
WALL 21088752 1 0 1706661026
WALL 21088752 1 0 1706661027
WALL 21088752 1 0 1706661028
WALL 21088752 1 0 1706661029
WALL 21088752 1 0 1706661030
WALL 21088752 1 0 1706661031
WALL 21088752 1 0 1706661032
WALL 21088752 1 0 1706661033
WALL 21088752 1 0 1706661034
WALL 21088752 1 0 1706661035
WALL 21088752 1 0 1706661036
WALL 21088752 1 0 1706661037
WALL 21088752 1 0 1706661038
WALL 21088752 1 0 1706661039
WALL 21088752 1 0 1706661040
WALL 21088752 1 0 1706661041
WALL 21088752 1 0 1706661042
WALL 21088752 1 0 1706661043
WALL 21088752 1 0 1706661044
WALL 21088752 1 0 1706661045
WALL 21088752 1 0 1706661046
WALL 21088752 1 0 1706661047
WALL 21088752 1 0 1706661048
WALL 21088752 1 0 1706661049
WALL 21088752 1 0 1706661050
WALL 21088752 1 0 1706661051
WALL 21088752 1 0 1706661052
WALL 21088752 1 0 1706661053
WALL 21088752 1 0 1706661054
WALL 21088752 1 0 1706661055
WALL 21088752 1 0 1706661056
WALL 21088752 1 0 1706661057
WALL 21088752 1 0 1706661058
WALL 21088752 1 0 1706661059
WALL 21088752 1 0 1706661060
WALL 21088752 1 0 1706661061
WALL 21088752 1 0 1706661062
WALL 21088752 1 0 1706661063
WALL 21088752 1 0 1706661064
WALL 21088752 1 0 1706661065
WALL 21088752 1 0 1706661066
WALL 21088752 1 0 1706661067
WALL 21088752 1 0 1706661068
slurmstepd: error: *** JOB 21088752 ON nid200196 CANCELLED AT 2024-01-31T00:31:08 DUE TO PREEMPTION ***
received SIGTERM 1706661068
WALL 21088752 1 0 1706661068
received SIGCONT 1706661068
WALL 21088752 1 0 1706661068
received SIGTERM 1706661068
WALL 21088752 1 0 1706661068
