WALL 21086897 1 0 1706655941
WALL 21086897 1 0 1706655942
WALL 21086897 1 0 1706655943
WALL 21086897 1 0 1706655944
WALL 21086897 1 0 1706655945
WALL 21086897 1 0 1706655946
WALL 21086897 1 0 1706655947
WALL 21086897 1 0 1706655948
WALL 21086897 1 0 1706655949
WALL 21086897 1 0 1706655950
WALL 21086897 1 0 1706655951
WALL 21086897 1 0 1706655952
WALL 21086897 1 0 1706655953
WALL 21086897 1 0 1706655954
WALL 21086897 1 0 1706655955
WALL 21086897 1 0 1706655956
WALL 21086897 1 0 1706655957
WALL 21086897 1 0 1706655958
WALL 21086897 1 0 1706655959
WALL 21086897 1 0 1706655960
WALL 21086897 1 0 1706655961
WALL 21086897 1 0 1706655962
WALL 21086897 1 0 1706655963
WALL 21086897 1 0 1706655964
WALL 21086897 1 0 1706655965
WALL 21086897 1 0 1706655966
WALL 21086897 1 0 1706655967
WALL 21086897 1 0 1706655968
WALL 21086897 1 0 1706655969
WALL 21086897 1 0 1706655970
WALL 21086897 1 0 1706655971
WALL 21086897 1 0 1706655972
WALL 21086897 1 0 1706655973
WALL 21086897 1 0 1706655974
WALL 21086897 1 0 1706655975
WALL 21086897 1 0 1706655976
WALL 21086897 1 0 1706655977
WALL 21086897 1 0 1706655978
received SIGCONT 1706655979
WALL 21086897 1 0 1706655979
slurmstepd: error: *** STEP 21086897.0 ON nid200197 CANCELLED AT 2024-01-30T23:06:19 ***
received SIGTERM 1706655979
WALL 21086897 1 0 1706655979
WALL 21086897 1 0 1706655980
WALL 21086897 1 0 1706655981
WALL 21086897 1 0 1706655982
WALL 21086897 1 0 1706655983
WALL 21086897 1 0 1706655984
WALL 21086897 1 0 1706655985
WALL 21086897 1 0 1706655986
WALL 21086897 1 0 1706655987
WALL 21086897 1 0 1706655988
WALL 21086897 1 0 1706655989
WALL 21086897 1 0 1706655990
WALL 21086897 1 0 1706655991
WALL 21086897 1 0 1706655992
WALL 21086897 1 0 1706655993
WALL 21086897 1 0 1706655994
WALL 21086897 1 0 1706655995
WALL 21086897 1 0 1706655996
WALL 21086897 1 0 1706655997
WALL 21086897 1 0 1706655998
WALL 21086897 1 0 1706655999
WALL 21086897 1 0 1706656000
WALL 21086897 1 0 1706656001
WALL 21086897 1 0 1706656002
WALL 21086897 1 0 1706656003
WALL 21086897 1 0 1706656004
WALL 21086897 1 0 1706656005
WALL 21086897 1 0 1706656006
WALL 21086897 1 0 1706656007
WALL 21086897 1 0 1706656008
WALL 21086897 1 0 1706656009
WALL 21086897 1 0 1706656010
WALL 21086897 1 0 1706656011
WALL 21086897 1 0 1706656012
WALL 21086897 1 0 1706656013
WALL 21086897 1 0 1706656014
WALL 21086897 1 0 1706656015
WALL 21086897 1 0 1706656016
WALL 21086897 1 0 1706656017
WALL 21086897 1 0 1706656018
WALL 21086897 1 0 1706656019
WALL 21086897 1 0 1706656020
WALL 21086897 1 0 1706656021
WALL 21086897 1 0 1706656022
WALL 21086897 1 0 1706656023
WALL 21086897 1 0 1706656024
WALL 21086897 1 0 1706656025
WALL 21086897 1 0 1706656026
WALL 21086897 1 0 1706656027
WALL 21086897 1 0 1706656028
WALL 21086897 1 0 1706656029
WALL 21086897 1 0 1706656030
WALL 21086897 1 0 1706656031
WALL 21086897 1 0 1706656032
WALL 21086897 1 0 1706656033
WALL 21086897 1 0 1706656034
WALL 21086897 1 0 1706656035
WALL 21086897 1 0 1706656036
WALL 21086897 1 0 1706656037
WALL 21086897 1 0 1706656038
WALL 21086897 1 0 1706656039
WALL 21086897 1 0 1706656040
WALL 21086897 1 0 1706656041
WALL 21086897 1 0 1706656042
WALL 21086897 1 0 1706656043
WALL 21086897 1 0 1706656044
WALL 21086897 1 0 1706656045
WALL 21086897 1 0 1706656046
WALL 21086897 1 0 1706656047
WALL 21086897 1 0 1706656048
WALL 21086897 1 0 1706656049
slurmstepd: error: *** JOB 21086897 ON nid200197 CANCELLED AT 2024-01-30T23:07:29 DUE TO PREEMPTION ***
received SIGTERM 1706656049
WALL 21086897 1 0 1706656049
received SIGCONT 1706656049
WALL 21086897 1 0 1706656049
received SIGTERM 1706656049
WALL 21086897 1 0 1706656049
