WALL 21240580 1 0 1706911213
WALL 21240580 1 0 1706911214
WALL 21240580 1 0 1706911215
WALL 21240580 1 0 1706911216
WALL 21240580 1 0 1706911217
WALL 21240580 1 0 1706911218
WALL 21240580 1 0 1706911219
WALL 21240580 1 0 1706911220
WALL 21240580 1 0 1706911221
WALL 21240580 1 0 1706911222
WALL 21240580 1 0 1706911223
WALL 21240580 1 0 1706911224
WALL 21240580 1 0 1706911225
WALL 21240580 1 0 1706911226
WALL 21240580 1 0 1706911227
WALL 21240580 1 0 1706911228
WALL 21240580 1 0 1706911229
WALL 21240580 1 0 1706911230
WALL 21240580 1 0 1706911231
WALL 21240580 1 0 1706911232
WALL 21240580 1 0 1706911233
WALL 21240580 1 0 1706911234
WALL 21240580 1 0 1706911235
WALL 21240580 1 0 1706911236
WALL 21240580 1 0 1706911237
WALL 21240580 1 0 1706911238
WALL 21240580 1 0 1706911239
WALL 21240580 1 0 1706911240
WALL 21240580 1 0 1706911241
WALL 21240580 1 0 1706911242
WALL 21240580 1 0 1706911243
WALL 21240580 1 0 1706911244
WALL 21240580 1 0 1706911245
WALL 21240580 1 0 1706911246
WALL 21240580 1 0 1706911247
WALL 21240580 1 0 1706911248
WALL 21240580 1 0 1706911249
WALL 21240580 1 0 1706911250
WALL 21240580 1 0 1706911251
WALL 21240580 1 0 1706911252
WALL 21240580 1 0 1706911253
WALL 21240580 1 0 1706911254
WALL 21240580 1 0 1706911255
WALL 21240580 1 0 1706911256
WALL 21240580 1 0 1706911257
WALL 21240580 1 0 1706911258
WALL 21240580 1 0 1706911259
WALL 21240580 1 0 1706911260
WALL 21240580 1 0 1706911261
WALL 21240580 1 0 1706911262
WALL 21240580 1 0 1706911263
WALL 21240580 1 0 1706911264
WALL 21240580 1 0 1706911265
WALL 21240580 1 0 1706911266
WALL 21240580 1 0 1706911267
WALL 21240580 1 0 1706911268
WALL 21240580 1 0 1706911269
WALL 21240580 1 0 1706911270
WALL 21240580 1 0 1706911271
WALL 21240580 1 0 1706911272
WALL 21240580 1 0 1706911273
WALL 21240580 1 0 1706911274
WALL 21240580 1 0 1706911275
WALL 21240580 1 0 1706911276
WALL 21240580 1 0 1706911277
WALL 21240580 1 0 1706911278
WALL 21240580 1 0 1706911279
WALL 21240580 1 0 1706911280
WALL 21240580 1 0 1706911281
WALL 21240580 1 0 1706911282
WALL 21240580 1 0 1706911283
WALL 21240580 1 0 1706911284
WALL 21240580 1 0 1706911285
WALL 21240580 1 0 1706911286
WALL 21240580 1 0 1706911287
WALL 21240580 1 0 1706911288
WALL 21240580 1 0 1706911289
WALL 21240580 1 0 1706911290
WALL 21240580 1 0 1706911291
WALL 21240580 1 0 1706911292
WALL 21240580 1 0 1706911293
WALL 21240580 1 0 1706911294
WALL 21240580 1 0 1706911295
WALL 21240580 1 0 1706911296
WALL 21240580 1 0 1706911297
WALL 21240580 1 0 1706911298
WALL 21240580 1 0 1706911299
WALL 21240580 1 0 1706911300
WALL 21240580 1 0 1706911301
WALL 21240580 1 0 1706911302
WALL 21240580 1 0 1706911303
WALL 21240580 1 0 1706911304
WALL 21240580 1 0 1706911305
WALL 21240580 1 0 1706911306
WALL 21240580 1 0 1706911307
WALL 21240580 1 0 1706911308
WALL 21240580 1 0 1706911309
WALL 21240580 1 0 1706911310
WALL 21240580 1 0 1706911311
WALL 21240580 1 0 1706911312
WALL 21240580 1 0 1706911313
WALL 21240580 1 0 1706911314
WALL 21240580 1 0 1706911315
WALL 21240580 1 0 1706911316
WALL 21240580 1 0 1706911317
WALL 21240580 1 0 1706911318
WALL 21240580 1 0 1706911319
WALL 21240580 1 0 1706911320
WALL 21240580 1 0 1706911321
WALL 21240580 1 0 1706911322
WALL 21240580 1 0 1706911323
WALL 21240580 1 0 1706911324
WALL 21240580 1 0 1706911325
WALL 21240580 1 0 1706911326
WALL 21240580 1 0 1706911327
WALL 21240580 1 0 1706911328
WALL 21240580 1 0 1706911329
WALL 21240580 1 0 1706911330
WALL 21240580 1 0 1706911331
WALL 21240580 1 0 1706911332
WALL 21240580 1 0 1706911333
WALL 21240580 1 0 1706911334
WALL 21240580 1 0 1706911335
WALL 21240580 1 0 1706911336
WALL 21240580 1 0 1706911337
WALL 21240580 1 0 1706911338
WALL 21240580 1 0 1706911339
WALL 21240580 1 0 1706911340
WALL 21240580 1 0 1706911341
WALL 21240580 1 0 1706911342
WALL 21240580 1 0 1706911343
WALL 21240580 1 0 1706911344
WALL 21240580 1 0 1706911345
WALL 21240580 1 0 1706911346
WALL 21240580 1 0 1706911347
WALL 21240580 1 0 1706911348
WALL 21240580 1 0 1706911349
WALL 21240580 1 0 1706911350
WALL 21240580 1 0 1706911351
WALL 21240580 1 0 1706911352
WALL 21240580 1 0 1706911353
WALL 21240580 1 0 1706911354
WALL 21240580 1 0 1706911355
WALL 21240580 1 0 1706911356
WALL 21240580 1 0 1706911357
WALL 21240580 1 0 1706911358
WALL 21240580 1 0 1706911359
WALL 21240580 1 0 1706911360
WALL 21240580 1 0 1706911361
WALL 21240580 1 0 1706911362
WALL 21240580 1 0 1706911363
WALL 21240580 1 0 1706911364
WALL 21240580 1 0 1706911365
WALL 21240580 1 0 1706911366
WALL 21240580 1 0 1706911367
WALL 21240580 1 0 1706911368
WALL 21240580 1 0 1706911369
WALL 21240580 1 0 1706911370
WALL 21240580 1 0 1706911371
WALL 21240580 1 0 1706911372
WALL 21240580 1 0 1706911373
WALL 21240580 1 0 1706911374
WALL 21240580 1 0 1706911375
WALL 21240580 1 0 1706911376
WALL 21240580 1 0 1706911377
WALL 21240580 1 0 1706911378
WALL 21240580 1 0 1706911379
WALL 21240580 1 0 1706911380
WALL 21240580 1 0 1706911381
WALL 21240580 1 0 1706911382
WALL 21240580 1 0 1706911383
WALL 21240580 1 0 1706911384
WALL 21240580 1 0 1706911385
WALL 21240580 1 0 1706911386
WALL 21240580 1 0 1706911387
WALL 21240580 1 0 1706911388
WALL 21240580 1 0 1706911389
WALL 21240580 1 0 1706911390
WALL 21240580 1 0 1706911391
WALL 21240580 1 0 1706911392
WALL 21240580 1 0 1706911393
WALL 21240580 1 0 1706911394
WALL 21240580 1 0 1706911395
WALL 21240580 1 0 1706911396
WALL 21240580 1 0 1706911397
WALL 21240580 1 0 1706911398
WALL 21240580 1 0 1706911399
WALL 21240580 1 0 1706911400
WALL 21240580 1 0 1706911401
WALL 21240580 1 0 1706911402
WALL 21240580 1 0 1706911403
WALL 21240580 1 0 1706911404
WALL 21240580 1 0 1706911405
WALL 21240580 1 0 1706911406
WALL 21240580 1 0 1706911407
WALL 21240580 1 0 1706911408
WALL 21240580 1 0 1706911409
WALL 21240580 1 0 1706911410
WALL 21240580 1 0 1706911411
WALL 21240580 1 0 1706911412
WALL 21240580 1 0 1706911413
WALL 21240580 1 0 1706911414
WALL 21240580 1 0 1706911415
WALL 21240580 1 0 1706911416
WALL 21240580 1 0 1706911417
WALL 21240580 1 0 1706911418
WALL 21240580 1 0 1706911419
WALL 21240580 1 0 1706911420
WALL 21240580 1 0 1706911421
WALL 21240580 1 0 1706911422
WALL 21240580 1 0 1706911423
WALL 21240580 1 0 1706911424
WALL 21240580 1 0 1706911425
WALL 21240580 1 0 1706911426
WALL 21240580 1 0 1706911427
WALL 21240580 1 0 1706911428
WALL 21240580 1 0 1706911429
WALL 21240580 1 0 1706911430
WALL 21240580 1 0 1706911431
WALL 21240580 1 0 1706911432
WALL 21240580 1 0 1706911433
WALL 21240580 1 0 1706911434
WALL 21240580 1 0 1706911435
WALL 21240580 1 0 1706911436
WALL 21240580 1 0 1706911437
WALL 21240580 1 0 1706911438
WALL 21240580 1 0 1706911439
WALL 21240580 1 0 1706911440
WALL 21240580 1 0 1706911441
WALL 21240580 1 0 1706911442
WALL 21240580 1 0 1706911443
WALL 21240580 1 0 1706911444
WALL 21240580 1 0 1706911445
WALL 21240580 1 0 1706911446
WALL 21240580 1 0 1706911447
WALL 21240580 1 0 1706911448
WALL 21240580 1 0 1706911449
WALL 21240580 1 0 1706911450
WALL 21240580 1 0 1706911451
WALL 21240580 1 0 1706911452
WALL 21240580 1 0 1706911453
WALL 21240580 1 0 1706911454
WALL 21240580 1 0 1706911455
WALL 21240580 1 0 1706911456
WALL 21240580 1 0 1706911457
WALL 21240580 1 0 1706911458
WALL 21240580 1 0 1706911459
WALL 21240580 1 0 1706911460
WALL 21240580 1 0 1706911461
WALL 21240580 1 0 1706911462
WALL 21240580 1 0 1706911463
WALL 21240580 1 0 1706911464
WALL 21240580 1 0 1706911465
WALL 21240580 1 0 1706911466
WALL 21240580 1 0 1706911467
WALL 21240580 1 0 1706911468
WALL 21240580 1 0 1706911469
WALL 21240580 1 0 1706911470
WALL 21240580 1 0 1706911471
WALL 21240580 1 0 1706911472
WALL 21240580 1 0 1706911473
WALL 21240580 1 0 1706911474
WALL 21240580 1 0 1706911475
WALL 21240580 1 0 1706911476
WALL 21240580 1 0 1706911477
WALL 21240580 1 0 1706911478
WALL 21240580 1 0 1706911479
WALL 21240580 1 0 1706911480
WALL 21240580 1 0 1706911481
WALL 21240580 1 0 1706911482
WALL 21240580 1 0 1706911483
WALL 21240580 1 0 1706911484
WALL 21240580 1 0 1706911485
WALL 21240580 1 0 1706911486
WALL 21240580 1 0 1706911487
WALL 21240580 1 0 1706911488
WALL 21240580 1 0 1706911489
WALL 21240580 1 0 1706911490
WALL 21240580 1 0 1706911491
WALL 21240580 1 0 1706911492
WALL 21240580 1 0 1706911493
WALL 21240580 1 0 1706911494
WALL 21240580 1 0 1706911495
WALL 21240580 1 0 1706911496
WALL 21240580 1 0 1706911497
WALL 21240580 1 0 1706911498
WALL 21240580 1 0 1706911499
WALL 21240580 1 0 1706911500
WALL 21240580 1 0 1706911501
WALL 21240580 1 0 1706911502
WALL 21240580 1 0 1706911503
WALL 21240580 1 0 1706911504
WALL 21240580 1 0 1706911505
WALL 21240580 1 0 1706911506
WALL 21240580 1 0 1706911507
WALL 21240580 1 0 1706911508
WALL 21240580 1 0 1706911509
WALL 21240580 1 0 1706911510
WALL 21240580 1 0 1706911511
WALL 21240580 1 0 1706911512
WALL 21240580 1 0 1706911513
WALL 21240580 1 0 1706911514
WALL 21240580 1 0 1706911515
WALL 21240580 1 0 1706911516
WALL 21240580 1 0 1706911517
WALL 21240580 1 0 1706911518
WALL 21240580 1 0 1706911519
WALL 21240580 1 0 1706911520
WALL 21240580 1 0 1706911521
WALL 21240580 1 0 1706911522
WALL 21240580 1 0 1706911523
WALL 21240580 1 0 1706911524
WALL 21240580 1 0 1706911525
WALL 21240580 1 0 1706911526
WALL 21240580 1 0 1706911527
WALL 21240580 1 0 1706911528
WALL 21240580 1 0 1706911529
WALL 21240580 1 0 1706911530
WALL 21240580 1 0 1706911531
WALL 21240580 1 0 1706911532
WALL 21240580 1 0 1706911533
WALL 21240580 1 0 1706911534
WALL 21240580 1 0 1706911535
WALL 21240580 1 0 1706911536
WALL 21240580 1 0 1706911537
WALL 21240580 1 0 1706911538
WALL 21240580 1 0 1706911539
WALL 21240580 1 0 1706911540
WALL 21240580 1 0 1706911541
WALL 21240580 1 0 1706911542
WALL 21240580 1 0 1706911543
WALL 21240580 1 0 1706911544
WALL 21240580 1 0 1706911545
WALL 21240580 1 0 1706911546
WALL 21240580 1 0 1706911547
WALL 21240580 1 0 1706911548
WALL 21240580 1 0 1706911549
WALL 21240580 1 0 1706911550
WALL 21240580 1 0 1706911551
WALL 21240580 1 0 1706911552
WALL 21240580 1 0 1706911553
WALL 21240580 1 0 1706911554
WALL 21240580 1 0 1706911555
WALL 21240580 1 0 1706911556
WALL 21240580 1 0 1706911557
WALL 21240580 1 0 1706911558
WALL 21240580 1 0 1706911559
WALL 21240580 1 0 1706911560
WALL 21240580 1 0 1706911561
WALL 21240580 1 0 1706911562
WALL 21240580 1 0 1706911563
WALL 21240580 1 0 1706911564
WALL 21240580 1 0 1706911565
WALL 21240580 1 0 1706911566
WALL 21240580 1 0 1706911567
WALL 21240580 1 0 1706911568
WALL 21240580 1 0 1706911569
WALL 21240580 1 0 1706911570
WALL 21240580 1 0 1706911571
WALL 21240580 1 0 1706911572
WALL 21240580 1 0 1706911573
WALL 21240580 1 0 1706911574
WALL 21240580 1 0 1706911575
WALL 21240580 1 0 1706911576
WALL 21240580 1 0 1706911577
WALL 21240580 1 0 1706911578
WALL 21240580 1 0 1706911579
WALL 21240580 1 0 1706911580
WALL 21240580 1 0 1706911581
WALL 21240580 1 0 1706911582
WALL 21240580 1 0 1706911583
WALL 21240580 1 0 1706911584
WALL 21240580 1 0 1706911585
WALL 21240580 1 0 1706911586
WALL 21240580 1 0 1706911587
WALL 21240580 1 0 1706911588
WALL 21240580 1 0 1706911589
WALL 21240580 1 0 1706911590
WALL 21240580 1 0 1706911591
WALL 21240580 1 0 1706911592
WALL 21240580 1 0 1706911593
WALL 21240580 1 0 1706911594
WALL 21240580 1 0 1706911595
WALL 21240580 1 0 1706911596
WALL 21240580 1 0 1706911597
WALL 21240580 1 0 1706911598
WALL 21240580 1 0 1706911599
WALL 21240580 1 0 1706911600
WALL 21240580 1 0 1706911601
WALL 21240580 1 0 1706911602
WALL 21240580 1 0 1706911603
WALL 21240580 1 0 1706911604
WALL 21240580 1 0 1706911605
WALL 21240580 1 0 1706911606
WALL 21240580 1 0 1706911607
WALL 21240580 1 0 1706911608
WALL 21240580 1 0 1706911609
WALL 21240580 1 0 1706911610
WALL 21240580 1 0 1706911611
WALL 21240580 1 0 1706911612
WALL 21240580 1 0 1706911613
WALL 21240580 1 0 1706911614
WALL 21240580 1 0 1706911615
WALL 21240580 1 0 1706911616
WALL 21240580 1 0 1706911617
WALL 21240580 1 0 1706911618
WALL 21240580 1 0 1706911619
WALL 21240580 1 0 1706911620
WALL 21240580 1 0 1706911621
WALL 21240580 1 0 1706911622
WALL 21240580 1 0 1706911623
WALL 21240580 1 0 1706911624
WALL 21240580 1 0 1706911625
WALL 21240580 1 0 1706911626
WALL 21240580 1 0 1706911627
WALL 21240580 1 0 1706911628
WALL 21240580 1 0 1706911629
WALL 21240580 1 0 1706911630
WALL 21240580 1 0 1706911631
WALL 21240580 1 0 1706911632
WALL 21240580 1 0 1706911633
WALL 21240580 1 0 1706911634
WALL 21240580 1 0 1706911635
WALL 21240580 1 0 1706911636
WALL 21240580 1 0 1706911637
WALL 21240580 1 0 1706911638
WALL 21240580 1 0 1706911639
WALL 21240580 1 0 1706911640
WALL 21240580 1 0 1706911641
WALL 21240580 1 0 1706911642
WALL 21240580 1 0 1706911643
WALL 21240580 1 0 1706911644
WALL 21240580 1 0 1706911645
WALL 21240580 1 0 1706911646
WALL 21240580 1 0 1706911647
WALL 21240580 1 0 1706911648
WALL 21240580 1 0 1706911649
WALL 21240580 1 0 1706911650
WALL 21240580 1 0 1706911651
WALL 21240580 1 0 1706911652
WALL 21240580 1 0 1706911653
WALL 21240580 1 0 1706911654
WALL 21240580 1 0 1706911655
WALL 21240580 1 0 1706911656
WALL 21240580 1 0 1706911657
WALL 21240580 1 0 1706911658
WALL 21240580 1 0 1706911659
WALL 21240580 1 0 1706911660
WALL 21240580 1 0 1706911661
WALL 21240580 1 0 1706911662
WALL 21240580 1 0 1706911663
WALL 21240580 1 0 1706911664
WALL 21240580 1 0 1706911665
WALL 21240580 1 0 1706911666
WALL 21240580 1 0 1706911667
WALL 21240580 1 0 1706911668
WALL 21240580 1 0 1706911669
WALL 21240580 1 0 1706911670
WALL 21240580 1 0 1706911671
WALL 21240580 1 0 1706911672
WALL 21240580 1 0 1706911673
WALL 21240580 1 0 1706911674
WALL 21240580 1 0 1706911675
WALL 21240580 1 0 1706911676
WALL 21240580 1 0 1706911677
WALL 21240580 1 0 1706911678
WALL 21240580 1 0 1706911679
WALL 21240580 1 0 1706911680
WALL 21240580 1 0 1706911681
WALL 21240580 1 0 1706911682
WALL 21240580 1 0 1706911683
WALL 21240580 1 0 1706911684
WALL 21240580 1 0 1706911685
WALL 21240580 1 0 1706911686
WALL 21240580 1 0 1706911687
WALL 21240580 1 0 1706911688
WALL 21240580 1 0 1706911689
WALL 21240580 1 0 1706911690
WALL 21240580 1 0 1706911691
WALL 21240580 1 0 1706911692
WALL 21240580 1 0 1706911693
WALL 21240580 1 0 1706911694
WALL 21240580 1 0 1706911695
WALL 21240580 1 0 1706911696
WALL 21240580 1 0 1706911697
WALL 21240580 1 0 1706911698
WALL 21240580 1 0 1706911699
WALL 21240580 1 0 1706911700
WALL 21240580 1 0 1706911701
WALL 21240580 1 0 1706911702
WALL 21240580 1 0 1706911703
WALL 21240580 1 0 1706911704
WALL 21240580 1 0 1706911705
WALL 21240580 1 0 1706911706
WALL 21240580 1 0 1706911707
WALL 21240580 1 0 1706911708
WALL 21240580 1 0 1706911709
WALL 21240580 1 0 1706911710
WALL 21240580 1 0 1706911711
WALL 21240580 1 0 1706911712
WALL 21240580 1 0 1706911713
WALL 21240580 1 0 1706911714
WALL 21240580 1 0 1706911715
WALL 21240580 1 0 1706911716
slurmstepd: error: *** STEP 21240580.0 ON nid200050 CANCELLED AT 2024-02-02T22:08:37 ***
received SIGCONT 1706911717
WALL 21240580 1 0 1706911717
received SIGTERM 1706911717
WALL 21240580 1 0 1706911717
WALL 21240580 1 0 1706911718
WALL 21240580 1 0 1706911719
WALL 21240580 1 0 1706911720
WALL 21240580 1 0 1706911721
WALL 21240580 1 0 1706911722
WALL 21240580 1 0 1706911723
WALL 21240580 1 0 1706911724
WALL 21240580 1 0 1706911725
WALL 21240580 1 0 1706911726
WALL 21240580 1 0 1706911727
WALL 21240580 1 0 1706911728
WALL 21240580 1 0 1706911729
WALL 21240580 1 0 1706911730
WALL 21240580 1 0 1706911731
WALL 21240580 1 0 1706911732
WALL 21240580 1 0 1706911733
WALL 21240580 1 0 1706911734
WALL 21240580 1 0 1706911735
WALL 21240580 1 0 1706911736
WALL 21240580 1 0 1706911737
WALL 21240580 1 0 1706911738
WALL 21240580 1 0 1706911739
WALL 21240580 1 0 1706911740
WALL 21240580 1 0 1706911741
WALL 21240580 1 0 1706911742
WALL 21240580 1 0 1706911743
WALL 21240580 1 0 1706911744
WALL 21240580 1 0 1706911745
WALL 21240580 1 0 1706911746
WALL 21240580 1 0 1706911747
WALL 21240580 1 0 1706911748
WALL 21240580 1 0 1706911749
WALL 21240580 1 0 1706911750
WALL 21240580 1 0 1706911751
WALL 21240580 1 0 1706911752
WALL 21240580 1 0 1706911753
WALL 21240580 1 0 1706911754
WALL 21240580 1 0 1706911755
WALL 21240580 1 0 1706911756
WALL 21240580 1 0 1706911757
WALL 21240580 1 0 1706911758
WALL 21240580 1 0 1706911759
WALL 21240580 1 0 1706911760
WALL 21240580 1 0 1706911761
WALL 21240580 1 0 1706911762
WALL 21240580 1 0 1706911763
WALL 21240580 1 0 1706911764
WALL 21240580 1 0 1706911765
WALL 21240580 1 0 1706911766
WALL 21240580 1 0 1706911767
WALL 21240580 1 0 1706911768
WALL 21240580 1 0 1706911769
WALL 21240580 1 0 1706911770
WALL 21240580 1 0 1706911771
WALL 21240580 1 0 1706911772
WALL 21240580 1 0 1706911773
WALL 21240580 1 0 1706911774
WALL 21240580 1 0 1706911775
WALL 21240580 1 0 1706911776
WALL 21240580 1 0 1706911777
WALL 21240580 1 0 1706911778
WALL 21240580 1 0 1706911779
WALL 21240580 1 0 1706911780
WALL 21240580 1 0 1706911781
WALL 21240580 1 0 1706911782
WALL 21240580 1 0 1706911783
WALL 21240580 1 0 1706911784
WALL 21240580 1 0 1706911785
WALL 21240580 1 0 1706911786
WALL 21240580 1 0 1706911787
WALL 21240580 1 0 1706911788
WALL 21240580 1 0 1706911789
WALL 21240580 1 0 1706911790
WALL 21240580 1 0 1706911791
WALL 21240580 1 0 1706911792
WALL 21240580 1 0 1706911793
WALL 21240580 1 0 1706911794
WALL 21240580 1 0 1706911795
WALL 21240580 1 0 1706911796
WALL 21240580 1 0 1706911797
WALL 21240580 1 0 1706911798
WALL 21240580 1 0 1706911799
WALL 21240580 1 0 1706911800
WALL 21240580 1 0 1706911801
WALL 21240580 1 0 1706911802
WALL 21240580 1 0 1706911803
WALL 21240580 1 0 1706911804
WALL 21240580 1 0 1706911805
WALL 21240580 1 0 1706911806
WALL 21240580 1 0 1706911807
WALL 21240580 1 0 1706911808
WALL 21240580 1 0 1706911809
WALL 21240580 1 0 1706911810
WALL 21240580 1 0 1706911811
WALL 21240580 1 0 1706911812
WALL 21240580 1 0 1706911813
WALL 21240580 1 0 1706911814
WALL 21240580 1 0 1706911815
WALL 21240580 1 0 1706911816
WALL 21240580 1 0 1706911817
WALL 21240580 1 0 1706911818
WALL 21240580 1 0 1706911819
WALL 21240580 1 0 1706911820
WALL 21240580 1 0 1706911821
WALL 21240580 1 0 1706911822
WALL 21240580 1 0 1706911823
WALL 21240580 1 0 1706911824
WALL 21240580 1 0 1706911825
WALL 21240580 1 0 1706911826
WALL 21240580 1 0 1706911827
WALL 21240580 1 0 1706911828
WALL 21240580 1 0 1706911829
WALL 21240580 1 0 1706911830
WALL 21240580 1 0 1706911831
WALL 21240580 1 0 1706911832
WALL 21240580 1 0 1706911833
WALL 21240580 1 0 1706911834
WALL 21240580 1 0 1706911835
WALL 21240580 1 0 1706911836
WALL 21240580 1 0 1706911837
WALL 21240580 1 0 1706911838
WALL 21240580 1 0 1706911839
WALL 21240580 1 0 1706911840
WALL 21240580 1 0 1706911841
WALL 21240580 1 0 1706911842
WALL 21240580 1 0 1706911843
WALL 21240580 1 0 1706911844
WALL 21240580 1 0 1706911845
WALL 21240580 1 0 1706911846
WALL 21240580 1 0 1706911847
WALL 21240580 1 0 1706911848
WALL 21240580 1 0 1706911849
WALL 21240580 1 0 1706911850
WALL 21240580 1 0 1706911851
WALL 21240580 1 0 1706911852
WALL 21240580 1 0 1706911853
WALL 21240580 1 0 1706911854
WALL 21240580 1 0 1706911855
WALL 21240580 1 0 1706911856
WALL 21240580 1 0 1706911857
WALL 21240580 1 0 1706911858
WALL 21240580 1 0 1706911859
WALL 21240580 1 0 1706911860
WALL 21240580 1 0 1706911861
WALL 21240580 1 0 1706911862
WALL 21240580 1 0 1706911863
WALL 21240580 1 0 1706911864
WALL 21240580 1 0 1706911865
slurmstepd: error: *** JOB 21240580 ON nid200050 CANCELLED AT 2024-02-02T22:11:05 DUE TO PREEMPTION ***
received SIGTERM 1706911865
WALL 21240580 1 0 1706911865
received SIGCONT 1706911865
WALL 21240580 1 0 1706911865
received SIGTERM 1706911865
WALL 21240580 1 0 1706911865
