WALL 21153754 1 0 1706743513
WALL 21153754 1 0 1706743514
WALL 21153754 1 0 1706743515
WALL 21153754 1 0 1706743516
WALL 21153754 1 0 1706743517
WALL 21153754 1 0 1706743518
WALL 21153754 1 0 1706743519
WALL 21153754 1 0 1706743520
WALL 21153754 1 0 1706743521
WALL 21153754 1 0 1706743522
WALL 21153754 1 0 1706743523
WALL 21153754 1 0 1706743524
WALL 21153754 1 0 1706743525
WALL 21153754 1 0 1706743526
WALL 21153754 1 0 1706743527
WALL 21153754 1 0 1706743528
WALL 21153754 1 0 1706743529
WALL 21153754 1 0 1706743530
WALL 21153754 1 0 1706743531
WALL 21153754 1 0 1706743532
WALL 21153754 1 0 1706743533
WALL 21153754 1 0 1706743534
WALL 21153754 1 0 1706743535
WALL 21153754 1 0 1706743536
WALL 21153754 1 0 1706743537
WALL 21153754 1 0 1706743538
WALL 21153754 1 0 1706743539
WALL 21153754 1 0 1706743540
WALL 21153754 1 0 1706743541
WALL 21153754 1 0 1706743542
WALL 21153754 1 0 1706743543
WALL 21153754 1 0 1706743544
WALL 21153754 1 0 1706743545
WALL 21153754 1 0 1706743546
WALL 21153754 1 0 1706743547
WALL 21153754 1 0 1706743548
WALL 21153754 1 0 1706743549
WALL 21153754 1 0 1706743550
WALL 21153754 1 0 1706743551
WALL 21153754 1 0 1706743552
WALL 21153754 1 0 1706743553
WALL 21153754 1 0 1706743554
WALL 21153754 1 0 1706743555
WALL 21153754 1 0 1706743556
WALL 21153754 1 0 1706743557
WALL 21153754 1 0 1706743558
WALL 21153754 1 0 1706743559
WALL 21153754 1 0 1706743560
WALL 21153754 1 0 1706743561
WALL 21153754 1 0 1706743562
WALL 21153754 1 0 1706743563
WALL 21153754 1 0 1706743564
WALL 21153754 1 0 1706743565
WALL 21153754 1 0 1706743566
WALL 21153754 1 0 1706743567
WALL 21153754 1 0 1706743568
WALL 21153754 1 0 1706743569
WALL 21153754 1 0 1706743570
WALL 21153754 1 0 1706743571
WALL 21153754 1 0 1706743572
WALL 21153754 1 0 1706743573
WALL 21153754 1 0 1706743574
WALL 21153754 1 0 1706743575
WALL 21153754 1 0 1706743576
WALL 21153754 1 0 1706743577
WALL 21153754 1 0 1706743578
slurmstepd: error: *** STEP 21153754.0 ON nid200012 CANCELLED AT 2024-01-31T23:26:18 DUE TO PREEMPTION ***
slurmstepd: error: *** JOB 21153754 ON nid200012 CANCELLED AT 2024-01-31T23:26:18 DUE TO PREEMPTION ***
received SIGTERM 1706743578
WALL 21153754 1 0 1706743578
received SIGCONT 1706743578
WALL 21153754 1 0 1706743578
received SIGTERM 1706743578
WALL 21153754 1 0 1706743578
