WALL 21155136 1 0 1706747189
WALL 21155136 1 0 1706747190
WALL 21155136 1 0 1706747191
WALL 21155136 1 0 1706747192
WALL 21155136 1 0 1706747193
WALL 21155136 1 0 1706747194
WALL 21155136 1 0 1706747195
WALL 21155136 1 0 1706747196
WALL 21155136 1 0 1706747197
WALL 21155136 1 0 1706747198
WALL 21155136 1 0 1706747199
WALL 21155136 1 0 1706747200
WALL 21155136 1 0 1706747201
WALL 21155136 1 0 1706747202
WALL 21155136 1 0 1706747203
WALL 21155136 1 0 1706747204
WALL 21155136 1 0 1706747205
WALL 21155136 1 0 1706747206
WALL 21155136 1 0 1706747207
WALL 21155136 1 0 1706747208
WALL 21155136 1 0 1706747209
WALL 21155136 1 0 1706747210
WALL 21155136 1 0 1706747211
WALL 21155136 1 0 1706747212
WALL 21155136 1 0 1706747213
WALL 21155136 1 0 1706747214
WALL 21155136 1 0 1706747215
WALL 21155136 1 0 1706747216
WALL 21155136 1 0 1706747217
WALL 21155136 1 0 1706747218
WALL 21155136 1 0 1706747219
WALL 21155136 1 0 1706747220
WALL 21155136 1 0 1706747221
WALL 21155136 1 0 1706747222
WALL 21155136 1 0 1706747223
WALL 21155136 1 0 1706747224
WALL 21155136 1 0 1706747225
WALL 21155136 1 0 1706747226
WALL 21155136 1 0 1706747227
WALL 21155136 1 0 1706747228
WALL 21155136 1 0 1706747229
WALL 21155136 1 0 1706747230
WALL 21155136 1 0 1706747231
WALL 21155136 1 0 1706747232
WALL 21155136 1 0 1706747233
WALL 21155136 1 0 1706747234
WALL 21155136 1 0 1706747235
WALL 21155136 1 0 1706747236
WALL 21155136 1 0 1706747237
WALL 21155136 1 0 1706747238
WALL 21155136 1 0 1706747239
WALL 21155136 1 0 1706747240
WALL 21155136 1 0 1706747241
WALL 21155136 1 0 1706747242
WALL 21155136 1 0 1706747243
WALL 21155136 1 0 1706747244
WALL 21155136 1 0 1706747245
WALL 21155136 1 0 1706747246
WALL 21155136 1 0 1706747247
WALL 21155136 1 0 1706747248
WALL 21155136 1 0 1706747249
WALL 21155136 1 0 1706747250
WALL 21155136 1 0 1706747251
WALL 21155136 1 0 1706747252
WALL 21155136 1 0 1706747253
WALL 21155136 1 0 1706747254
WALL 21155136 1 0 1706747255
WALL 21155136 1 0 1706747256
WALL 21155136 1 0 1706747257
WALL 21155136 1 0 1706747258
WALL 21155136 1 0 1706747259
WALL 21155136 1 0 1706747260
WALL 21155136 1 0 1706747261
WALL 21155136 1 0 1706747262
WALL 21155136 1 0 1706747263
WALL 21155136 1 0 1706747264
WALL 21155136 1 0 1706747265
WALL 21155136 1 0 1706747266
WALL 21155136 1 0 1706747267
WALL 21155136 1 0 1706747268
WALL 21155136 1 0 1706747269
WALL 21155136 1 0 1706747270
WALL 21155136 1 0 1706747271
WALL 21155136 1 0 1706747272
WALL 21155136 1 0 1706747273
WALL 21155136 1 0 1706747274
WALL 21155136 1 0 1706747275
WALL 21155136 1 0 1706747276
WALL 21155136 1 0 1706747277
WALL 21155136 1 0 1706747278
WALL 21155136 1 0 1706747279
WALL 21155136 1 0 1706747280
WALL 21155136 1 0 1706747281
WALL 21155136 1 0 1706747282
WALL 21155136 1 0 1706747283
WALL 21155136 1 0 1706747284
WALL 21155136 1 0 1706747285
WALL 21155136 1 0 1706747286
WALL 21155136 1 0 1706747287
WALL 21155136 1 0 1706747288
WALL 21155136 1 0 1706747289
WALL 21155136 1 0 1706747290
WALL 21155136 1 0 1706747291
WALL 21155136 1 0 1706747292
WALL 21155136 1 0 1706747293
WALL 21155136 1 0 1706747294
WALL 21155136 1 0 1706747295
WALL 21155136 1 0 1706747296
WALL 21155136 1 0 1706747297
WALL 21155136 1 0 1706747298
WALL 21155136 1 0 1706747299
WALL 21155136 1 0 1706747300
WALL 21155136 1 0 1706747301
WALL 21155136 1 0 1706747302
WALL 21155136 1 0 1706747303
WALL 21155136 1 0 1706747304
WALL 21155136 1 0 1706747305
WALL 21155136 1 0 1706747306
WALL 21155136 1 0 1706747307
WALL 21155136 1 0 1706747308
WALL 21155136 1 0 1706747309
received SIGCONT 1706747310
WALL 21155136 1 0 1706747310
slurmstepd: error: *** STEP 21155136.0 ON nid200001 CANCELLED AT 2024-02-01T00:28:30 ***
received SIGTERM 1706747310
WALL 21155136 1 0 1706747310
WALL 21155136 1 0 1706747311
WALL 21155136 1 0 1706747312
WALL 21155136 1 0 1706747313
WALL 21155136 1 0 1706747314
WALL 21155136 1 0 1706747315
WALL 21155136 1 0 1706747316
WALL 21155136 1 0 1706747317
WALL 21155136 1 0 1706747318
WALL 21155136 1 0 1706747319
WALL 21155136 1 0 1706747320
WALL 21155136 1 0 1706747321
WALL 21155136 1 0 1706747322
WALL 21155136 1 0 1706747323
WALL 21155136 1 0 1706747324
WALL 21155136 1 0 1706747325
WALL 21155136 1 0 1706747326
WALL 21155136 1 0 1706747327
WALL 21155136 1 0 1706747328
WALL 21155136 1 0 1706747329
WALL 21155136 1 0 1706747330
WALL 21155136 1 0 1706747331
WALL 21155136 1 0 1706747332
WALL 21155136 1 0 1706747333
WALL 21155136 1 0 1706747334
WALL 21155136 1 0 1706747335
WALL 21155136 1 0 1706747336
WALL 21155136 1 0 1706747337
WALL 21155136 1 0 1706747338
WALL 21155136 1 0 1706747339
WALL 21155136 1 0 1706747340
WALL 21155136 1 0 1706747341
WALL 21155136 1 0 1706747342
WALL 21155136 1 0 1706747343
WALL 21155136 1 0 1706747344
WALL 21155136 1 0 1706747345
WALL 21155136 1 0 1706747346
WALL 21155136 1 0 1706747347
WALL 21155136 1 0 1706747348
WALL 21155136 1 0 1706747349
WALL 21155136 1 0 1706747350
WALL 21155136 1 0 1706747351
WALL 21155136 1 0 1706747352
WALL 21155136 1 0 1706747353
WALL 21155136 1 0 1706747354
WALL 21155136 1 0 1706747355
WALL 21155136 1 0 1706747356
WALL 21155136 1 0 1706747357
WALL 21155136 1 0 1706747358
WALL 21155136 1 0 1706747359
WALL 21155136 1 0 1706747360
WALL 21155136 1 0 1706747361
WALL 21155136 1 0 1706747362
WALL 21155136 1 0 1706747363
WALL 21155136 1 0 1706747364
WALL 21155136 1 0 1706747365
WALL 21155136 1 0 1706747366
WALL 21155136 1 0 1706747367
WALL 21155136 1 0 1706747368
WALL 21155136 1 0 1706747369
WALL 21155136 1 0 1706747370
WALL 21155136 1 0 1706747371
WALL 21155136 1 0 1706747372
WALL 21155136 1 0 1706747373
WALL 21155136 1 0 1706747374
WALL 21155136 1 0 1706747375
WALL 21155136 1 0 1706747376
WALL 21155136 1 0 1706747377
WALL 21155136 1 0 1706747378
WALL 21155136 1 0 1706747379
WALL 21155136 1 0 1706747380
WALL 21155136 1 0 1706747381
WALL 21155136 1 0 1706747382
WALL 21155136 1 0 1706747383
WALL 21155136 1 0 1706747384
WALL 21155136 1 0 1706747385
WALL 21155136 1 0 1706747386
WALL 21155136 1 0 1706747387
WALL 21155136 1 0 1706747388
slurmstepd: error: *** JOB 21155136 ON nid200001 CANCELLED AT 2024-02-01T00:29:48 DUE TO PREEMPTION ***
srun: Job step aborted: Waiting up to 32 seconds for job step to finish.
received SIGTERM 1706747388
