WALL 21153474 1 0 1706742546
WALL 21153474 1 0 1706742547
WALL 21153474 1 0 1706742548
WALL 21153474 1 0 1706742549
WALL 21153474 1 0 1706742550
WALL 21153474 1 0 1706742551
WALL 21153474 1 0 1706742552
WALL 21153474 1 0 1706742553
WALL 21153474 1 0 1706742554
WALL 21153474 1 0 1706742555
WALL 21153474 1 0 1706742556
WALL 21153474 1 0 1706742557
WALL 21153474 1 0 1706742558
WALL 21153474 1 0 1706742559
WALL 21153474 1 0 1706742560
WALL 21153474 1 0 1706742561
WALL 21153474 1 0 1706742562
WALL 21153474 1 0 1706742563
WALL 21153474 1 0 1706742564
WALL 21153474 1 0 1706742565
WALL 21153474 1 0 1706742566
WALL 21153474 1 0 1706742567
WALL 21153474 1 0 1706742568
WALL 21153474 1 0 1706742569
WALL 21153474 1 0 1706742570
WALL 21153474 1 0 1706742571
WALL 21153474 1 0 1706742572
WALL 21153474 1 0 1706742573
WALL 21153474 1 0 1706742574
WALL 21153474 1 0 1706742575
WALL 21153474 1 0 1706742576
WALL 21153474 1 0 1706742577
WALL 21153474 1 0 1706742578
WALL 21153474 1 0 1706742579
WALL 21153474 1 0 1706742580
WALL 21153474 1 0 1706742581
WALL 21153474 1 0 1706742582
WALL 21153474 1 0 1706742583
WALL 21153474 1 0 1706742584
WALL 21153474 1 0 1706742585
WALL 21153474 1 0 1706742586
WALL 21153474 1 0 1706742587
WALL 21153474 1 0 1706742588
WALL 21153474 1 0 1706742589
WALL 21153474 1 0 1706742590
WALL 21153474 1 0 1706742591
WALL 21153474 1 0 1706742592
WALL 21153474 1 0 1706742593
WALL 21153474 1 0 1706742594
WALL 21153474 1 0 1706742595
WALL 21153474 1 0 1706742596
WALL 21153474 1 0 1706742597
WALL 21153474 1 0 1706742598
WALL 21153474 1 0 1706742599
WALL 21153474 1 0 1706742600
WALL 21153474 1 0 1706742601
WALL 21153474 1 0 1706742602
WALL 21153474 1 0 1706742603
WALL 21153474 1 0 1706742604
WALL 21153474 1 0 1706742605
WALL 21153474 1 0 1706742606
WALL 21153474 1 0 1706742607
WALL 21153474 1 0 1706742608
WALL 21153474 1 0 1706742609
WALL 21153474 1 0 1706742610
WALL 21153474 1 0 1706742611
WALL 21153474 1 0 1706742612
WALL 21153474 1 0 1706742613
WALL 21153474 1 0 1706742614
WALL 21153474 1 0 1706742615
WALL 21153474 1 0 1706742616
WALL 21153474 1 0 1706742617
WALL 21153474 1 0 1706742618
WALL 21153474 1 0 1706742619
WALL 21153474 1 0 1706742620
WALL 21153474 1 0 1706742621
WALL 21153474 1 0 1706742622
WALL 21153474 1 0 1706742623
WALL 21153474 1 0 1706742624
WALL 21153474 1 0 1706742625
WALL 21153474 1 0 1706742626
WALL 21153474 1 0 1706742627
WALL 21153474 1 0 1706742628
WALL 21153474 1 0 1706742629
WALL 21153474 1 0 1706742630
WALL 21153474 1 0 1706742631
WALL 21153474 1 0 1706742632
WALL 21153474 1 0 1706742633
WALL 21153474 1 0 1706742634
WALL 21153474 1 0 1706742635
WALL 21153474 1 0 1706742636
WALL 21153474 1 0 1706742637
WALL 21153474 1 0 1706742638
WALL 21153474 1 0 1706742639
WALL 21153474 1 0 1706742640
WALL 21153474 1 0 1706742641
WALL 21153474 1 0 1706742642
WALL 21153474 1 0 1706742643
WALL 21153474 1 0 1706742644
WALL 21153474 1 0 1706742645
WALL 21153474 1 0 1706742646
WALL 21153474 1 0 1706742647
WALL 21153474 1 0 1706742648
WALL 21153474 1 0 1706742649
WALL 21153474 1 0 1706742650
WALL 21153474 1 0 1706742651
WALL 21153474 1 0 1706742652
WALL 21153474 1 0 1706742653
WALL 21153474 1 0 1706742654
WALL 21153474 1 0 1706742655
WALL 21153474 1 0 1706742656
WALL 21153474 1 0 1706742657
WALL 21153474 1 0 1706742658
WALL 21153474 1 0 1706742659
WALL 21153474 1 0 1706742660
WALL 21153474 1 0 1706742661
WALL 21153474 1 0 1706742662
WALL 21153474 1 0 1706742663
WALL 21153474 1 0 1706742664
WALL 21153474 1 0 1706742665
WALL 21153474 1 0 1706742666
WALL 21153474 1 0 1706742667
WALL 21153474 1 0 1706742668
WALL 21153474 1 0 1706742669
WALL 21153474 1 0 1706742670
WALL 21153474 1 0 1706742671
WALL 21153474 1 0 1706742672
WALL 21153474 1 0 1706742673
WALL 21153474 1 0 1706742674
WALL 21153474 1 0 1706742675
WALL 21153474 1 0 1706742676
WALL 21153474 1 0 1706742677
WALL 21153474 1 0 1706742678
WALL 21153474 1 0 1706742679
WALL 21153474 1 0 1706742680
WALL 21153474 1 0 1706742681
WALL 21153474 1 0 1706742682
WALL 21153474 1 0 1706742683
WALL 21153474 1 0 1706742684
WALL 21153474 1 0 1706742685
WALL 21153474 1 0 1706742686
WALL 21153474 1 0 1706742687
WALL 21153474 1 0 1706742688
WALL 21153474 1 0 1706742689
WALL 21153474 1 0 1706742690
WALL 21153474 1 0 1706742691
WALL 21153474 1 0 1706742692
WALL 21153474 1 0 1706742693
WALL 21153474 1 0 1706742694
WALL 21153474 1 0 1706742695
WALL 21153474 1 0 1706742696
WALL 21153474 1 0 1706742697
WALL 21153474 1 0 1706742698
WALL 21153474 1 0 1706742699
WALL 21153474 1 0 1706742700
WALL 21153474 1 0 1706742701
WALL 21153474 1 0 1706742702
WALL 21153474 1 0 1706742703
WALL 21153474 1 0 1706742704
WALL 21153474 1 0 1706742705
WALL 21153474 1 0 1706742706
WALL 21153474 1 0 1706742707
WALL 21153474 1 0 1706742708
WALL 21153474 1 0 1706742709
WALL 21153474 1 0 1706742710
WALL 21153474 1 0 1706742711
WALL 21153474 1 0 1706742712
WALL 21153474 1 0 1706742713
WALL 21153474 1 0 1706742714
WALL 21153474 1 0 1706742715
WALL 21153474 1 0 1706742716
WALL 21153474 1 0 1706742717
WALL 21153474 1 0 1706742718
WALL 21153474 1 0 1706742719
WALL 21153474 1 0 1706742720
WALL 21153474 1 0 1706742721
WALL 21153474 1 0 1706742722
WALL 21153474 1 0 1706742723
WALL 21153474 1 0 1706742724
WALL 21153474 1 0 1706742725
WALL 21153474 1 0 1706742726
WALL 21153474 1 0 1706742727
WALL 21153474 1 0 1706742728
WALL 21153474 1 0 1706742729
WALL 21153474 1 0 1706742730
WALL 21153474 1 0 1706742731
WALL 21153474 1 0 1706742732
WALL 21153474 1 0 1706742733
WALL 21153474 1 0 1706742734
WALL 21153474 1 0 1706742735
WALL 21153474 1 0 1706742736
WALL 21153474 1 0 1706742737
WALL 21153474 1 0 1706742738
WALL 21153474 1 0 1706742739
WALL 21153474 1 0 1706742740
WALL 21153474 1 0 1706742741
WALL 21153474 1 0 1706742742
WALL 21153474 1 0 1706742743
WALL 21153474 1 0 1706742744
WALL 21153474 1 0 1706742745
WALL 21153474 1 0 1706742746
WALL 21153474 1 0 1706742747
WALL 21153474 1 0 1706742748
WALL 21153474 1 0 1706742749
WALL 21153474 1 0 1706742750
WALL 21153474 1 0 1706742751
WALL 21153474 1 0 1706742752
WALL 21153474 1 0 1706742753
WALL 21153474 1 0 1706742754
WALL 21153474 1 0 1706742755
WALL 21153474 1 0 1706742756
WALL 21153474 1 0 1706742757
WALL 21153474 1 0 1706742758
WALL 21153474 1 0 1706742759
WALL 21153474 1 0 1706742760
WALL 21153474 1 0 1706742761
WALL 21153474 1 0 1706742762
WALL 21153474 1 0 1706742763
WALL 21153474 1 0 1706742764
WALL 21153474 1 0 1706742765
WALL 21153474 1 0 1706742766
WALL 21153474 1 0 1706742767
WALL 21153474 1 0 1706742768
WALL 21153474 1 0 1706742769
WALL 21153474 1 0 1706742770
WALL 21153474 1 0 1706742771
WALL 21153474 1 0 1706742772
WALL 21153474 1 0 1706742773
WALL 21153474 1 0 1706742774
WALL 21153474 1 0 1706742775
WALL 21153474 1 0 1706742776
WALL 21153474 1 0 1706742777
WALL 21153474 1 0 1706742778
WALL 21153474 1 0 1706742779
WALL 21153474 1 0 1706742780
WALL 21153474 1 0 1706742781
WALL 21153474 1 0 1706742782
WALL 21153474 1 0 1706742783
WALL 21153474 1 0 1706742784
WALL 21153474 1 0 1706742785
WALL 21153474 1 0 1706742786
WALL 21153474 1 0 1706742787
WALL 21153474 1 0 1706742788
WALL 21153474 1 0 1706742789
WALL 21153474 1 0 1706742790
WALL 21153474 1 0 1706742791
WALL 21153474 1 0 1706742792
WALL 21153474 1 0 1706742793
WALL 21153474 1 0 1706742794
WALL 21153474 1 0 1706742795
WALL 21153474 1 0 1706742796
WALL 21153474 1 0 1706742797
WALL 21153474 1 0 1706742798
received SIGCONT 1706742798
WALL 21153474 1 0 1706742798
slurmstepd: error: *** STEP 21153474.0 ON nid200077 CANCELLED AT 2024-01-31T23:13:18 ***
received SIGTERM 1706742798
WALL 21153474 1 0 1706742798
WALL 21153474 1 0 1706742799
WALL 21153474 1 0 1706742800
WALL 21153474 1 0 1706742801
WALL 21153474 1 0 1706742802
WALL 21153474 1 0 1706742803
WALL 21153474 1 0 1706742804
WALL 21153474 1 0 1706742805
WALL 21153474 1 0 1706742806
WALL 21153474 1 0 1706742807
WALL 21153474 1 0 1706742808
WALL 21153474 1 0 1706742809
WALL 21153474 1 0 1706742810
WALL 21153474 1 0 1706742811
WALL 21153474 1 0 1706742812
WALL 21153474 1 0 1706742813
WALL 21153474 1 0 1706742814
WALL 21153474 1 0 1706742815
WALL 21153474 1 0 1706742816
WALL 21153474 1 0 1706742817
WALL 21153474 1 0 1706742818
WALL 21153474 1 0 1706742819
WALL 21153474 1 0 1706742820
WALL 21153474 1 0 1706742821
WALL 21153474 1 0 1706742822
WALL 21153474 1 0 1706742823
WALL 21153474 1 0 1706742824
WALL 21153474 1 0 1706742825
WALL 21153474 1 0 1706742826
WALL 21153474 1 0 1706742827
WALL 21153474 1 0 1706742828
WALL 21153474 1 0 1706742829
WALL 21153474 1 0 1706742830
WALL 21153474 1 0 1706742831
WALL 21153474 1 0 1706742832
WALL 21153474 1 0 1706742833
WALL 21153474 1 0 1706742834
WALL 21153474 1 0 1706742835
WALL 21153474 1 0 1706742836
WALL 21153474 1 0 1706742837
WALL 21153474 1 0 1706742838
WALL 21153474 1 0 1706742839
WALL 21153474 1 0 1706742840
WALL 21153474 1 0 1706742841
WALL 21153474 1 0 1706742842
WALL 21153474 1 0 1706742843
WALL 21153474 1 0 1706742844
WALL 21153474 1 0 1706742845
WALL 21153474 1 0 1706742846
WALL 21153474 1 0 1706742847
WALL 21153474 1 0 1706742848
WALL 21153474 1 0 1706742849
WALL 21153474 1 0 1706742850
WALL 21153474 1 0 1706742851
WALL 21153474 1 0 1706742852
WALL 21153474 1 0 1706742853
WALL 21153474 1 0 1706742854
WALL 21153474 1 0 1706742855
WALL 21153474 1 0 1706742856
WALL 21153474 1 0 1706742857
WALL 21153474 1 0 1706742858
WALL 21153474 1 0 1706742859
WALL 21153474 1 0 1706742860
WALL 21153474 1 0 1706742861
WALL 21153474 1 0 1706742862
WALL 21153474 1 0 1706742863
WALL 21153474 1 0 1706742864
WALL 21153474 1 0 1706742865
WALL 21153474 1 0 1706742866
WALL 21153474 1 0 1706742867
slurmstepd: error: *** JOB 21153474 ON nid200077 CANCELLED AT 2024-01-31T23:14:28 DUE TO PREEMPTION ***
received SIGTERM 1706742868
WALL 21153474 1 0 1706742868
received SIGCONT 1706742868
WALL 21153474 1 0 1706742868
received SIGTERM 1706742868
WALL 21153474 1 0 1706742868
