WALL 21210704 1 0 1706828566
WALL 21210704 1 0 1706828567
WALL 21210704 1 0 1706828568
WALL 21210704 1 0 1706828569
WALL 21210704 1 0 1706828570
WALL 21210704 1 0 1706828571
WALL 21210704 1 0 1706828572
WALL 21210704 1 0 1706828573
WALL 21210704 1 0 1706828574
WALL 21210704 1 0 1706828575
WALL 21210704 1 0 1706828576
WALL 21210704 1 0 1706828577
WALL 21210704 1 0 1706828578
WALL 21210704 1 0 1706828579
WALL 21210704 1 0 1706828580
WALL 21210704 1 0 1706828581
WALL 21210704 1 0 1706828582
WALL 21210704 1 0 1706828583
WALL 21210704 1 0 1706828584
WALL 21210704 1 0 1706828585
WALL 21210704 1 0 1706828586
WALL 21210704 1 0 1706828587
WALL 21210704 1 0 1706828588
WALL 21210704 1 0 1706828589
WALL 21210704 1 0 1706828590
WALL 21210704 1 0 1706828591
WALL 21210704 1 0 1706828592
WALL 21210704 1 0 1706828593
WALL 21210704 1 0 1706828594
WALL 21210704 1 0 1706828595
WALL 21210704 1 0 1706828596
WALL 21210704 1 0 1706828597
WALL 21210704 1 0 1706828598
WALL 21210704 1 0 1706828599
WALL 21210704 1 0 1706828600
WALL 21210704 1 0 1706828601
WALL 21210704 1 0 1706828602
WALL 21210704 1 0 1706828603
WALL 21210704 1 0 1706828604
WALL 21210704 1 0 1706828605
WALL 21210704 1 0 1706828606
WALL 21210704 1 0 1706828607
WALL 21210704 1 0 1706828608
WALL 21210704 1 0 1706828609
WALL 21210704 1 0 1706828610
WALL 21210704 1 0 1706828611
WALL 21210704 1 0 1706828612
WALL 21210704 1 0 1706828613
WALL 21210704 1 0 1706828614
WALL 21210704 1 0 1706828615
WALL 21210704 1 0 1706828616
WALL 21210704 1 0 1706828617
WALL 21210704 1 0 1706828618
WALL 21210704 1 0 1706828619
WALL 21210704 1 0 1706828620
WALL 21210704 1 0 1706828621
WALL 21210704 1 0 1706828622
WALL 21210704 1 0 1706828623
WALL 21210704 1 0 1706828624
WALL 21210704 1 0 1706828625
WALL 21210704 1 0 1706828626
WALL 21210704 1 0 1706828627
WALL 21210704 1 0 1706828628
WALL 21210704 1 0 1706828629
WALL 21210704 1 0 1706828630
WALL 21210704 1 0 1706828631
WALL 21210704 1 0 1706828632
WALL 21210704 1 0 1706828633
WALL 21210704 1 0 1706828634
WALL 21210704 1 0 1706828635
WALL 21210704 1 0 1706828636
WALL 21210704 1 0 1706828637
WALL 21210704 1 0 1706828638
WALL 21210704 1 0 1706828639
WALL 21210704 1 0 1706828640
WALL 21210704 1 0 1706828641
WALL 21210704 1 0 1706828642
WALL 21210704 1 0 1706828643
WALL 21210704 1 0 1706828644
WALL 21210704 1 0 1706828645
WALL 21210704 1 0 1706828646
WALL 21210704 1 0 1706828647
WALL 21210704 1 0 1706828648
WALL 21210704 1 0 1706828649
WALL 21210704 1 0 1706828650
WALL 21210704 1 0 1706828651
WALL 21210704 1 0 1706828652
WALL 21210704 1 0 1706828653
WALL 21210704 1 0 1706828654
WALL 21210704 1 0 1706828655
WALL 21210704 1 0 1706828656
WALL 21210704 1 0 1706828657
WALL 21210704 1 0 1706828658
WALL 21210704 1 0 1706828659
WALL 21210704 1 0 1706828660
WALL 21210704 1 0 1706828661
WALL 21210704 1 0 1706828662
WALL 21210704 1 0 1706828663
WALL 21210704 1 0 1706828664
WALL 21210704 1 0 1706828665
WALL 21210704 1 0 1706828666
WALL 21210704 1 0 1706828667
WALL 21210704 1 0 1706828668
WALL 21210704 1 0 1706828669
WALL 21210704 1 0 1706828670
WALL 21210704 1 0 1706828671
WALL 21210704 1 0 1706828672
WALL 21210704 1 0 1706828673
WALL 21210704 1 0 1706828674
WALL 21210704 1 0 1706828675
WALL 21210704 1 0 1706828676
WALL 21210704 1 0 1706828677
WALL 21210704 1 0 1706828678
WALL 21210704 1 0 1706828679
WALL 21210704 1 0 1706828680
slurmstepd: error: *** STEP 21210704.0 ON nid200054 CANCELLED AT 2024-02-01T23:04:41 ***
received SIGCONT 1706828681
WALL 21210704 1 0 1706828681
received SIGTERM 1706828681
WALL 21210704 1 0 1706828681
WALL 21210704 1 0 1706828682
WALL 21210704 1 0 1706828683
WALL 21210704 1 0 1706828684
WALL 21210704 1 0 1706828685
WALL 21210704 1 0 1706828686
WALL 21210704 1 0 1706828687
WALL 21210704 1 0 1706828688
WALL 21210704 1 0 1706828689
WALL 21210704 1 0 1706828690
WALL 21210704 1 0 1706828691
WALL 21210704 1 0 1706828692
WALL 21210704 1 0 1706828693
WALL 21210704 1 0 1706828694
WALL 21210704 1 0 1706828695
WALL 21210704 1 0 1706828696
WALL 21210704 1 0 1706828697
WALL 21210704 1 0 1706828698
WALL 21210704 1 0 1706828699
WALL 21210704 1 0 1706828700
WALL 21210704 1 0 1706828701
WALL 21210704 1 0 1706828702
WALL 21210704 1 0 1706828703
WALL 21210704 1 0 1706828704
WALL 21210704 1 0 1706828705
WALL 21210704 1 0 1706828706
WALL 21210704 1 0 1706828707
WALL 21210704 1 0 1706828708
WALL 21210704 1 0 1706828709
WALL 21210704 1 0 1706828710
WALL 21210704 1 0 1706828711
WALL 21210704 1 0 1706828712
WALL 21210704 1 0 1706828713
WALL 21210704 1 0 1706828714
WALL 21210704 1 0 1706828715
WALL 21210704 1 0 1706828716
WALL 21210704 1 0 1706828717
WALL 21210704 1 0 1706828718
WALL 21210704 1 0 1706828719
WALL 21210704 1 0 1706828720
WALL 21210704 1 0 1706828721
WALL 21210704 1 0 1706828722
WALL 21210704 1 0 1706828723
WALL 21210704 1 0 1706828724
WALL 21210704 1 0 1706828725
WALL 21210704 1 0 1706828726
WALL 21210704 1 0 1706828727
WALL 21210704 1 0 1706828728
WALL 21210704 1 0 1706828729
WALL 21210704 1 0 1706828730
WALL 21210704 1 0 1706828731
WALL 21210704 1 0 1706828732
WALL 21210704 1 0 1706828733
WALL 21210704 1 0 1706828734
WALL 21210704 1 0 1706828735
WALL 21210704 1 0 1706828736
WALL 21210704 1 0 1706828737
WALL 21210704 1 0 1706828738
WALL 21210704 1 0 1706828739
WALL 21210704 1 0 1706828740
WALL 21210704 1 0 1706828741
WALL 21210704 1 0 1706828742
WALL 21210704 1 0 1706828743
WALL 21210704 1 0 1706828744
WALL 21210704 1 0 1706828745
WALL 21210704 1 0 1706828746
WALL 21210704 1 0 1706828747
WALL 21210704 1 0 1706828748
WALL 21210704 1 0 1706828749
WALL 21210704 1 0 1706828750
WALL 21210704 1 0 1706828751
WALL 21210704 1 0 1706828752
WALL 21210704 1 0 1706828753
WALL 21210704 1 0 1706828754
WALL 21210704 1 0 1706828755
WALL 21210704 1 0 1706828756
WALL 21210704 1 0 1706828757
WALL 21210704 1 0 1706828758
WALL 21210704 1 0 1706828759
slurmstepd: error: *** JOB 21210704 ON nid200054 CANCELLED AT 2024-02-01T23:06:00 DUE TO PREEMPTION ***
received SIGTERM 1706828760
WALL 21210704 1 0 1706828760
received SIGCONT 1706828760
WALL 21210704 1 0 1706828760
received SIGTERM 1706828760
WALL 21210704 1 0 1706828760
