WALL 21210662 1 0 1706828143
WALL 21210662 1 0 1706828144
WALL 21210662 1 0 1706828145
WALL 21210662 1 0 1706828146
WALL 21210662 1 0 1706828147
WALL 21210662 1 0 1706828148
WALL 21210662 1 0 1706828149
WALL 21210662 1 0 1706828150
WALL 21210662 1 0 1706828151
WALL 21210662 1 0 1706828152
WALL 21210662 1 0 1706828153
WALL 21210662 1 0 1706828154
WALL 21210662 1 0 1706828155
WALL 21210662 1 0 1706828156
WALL 21210662 1 0 1706828157
WALL 21210662 1 0 1706828158
WALL 21210662 1 0 1706828159
WALL 21210662 1 0 1706828160
WALL 21210662 1 0 1706828161
WALL 21210662 1 0 1706828162
WALL 21210662 1 0 1706828163
WALL 21210662 1 0 1706828164
WALL 21210662 1 0 1706828165
WALL 21210662 1 0 1706828166
WALL 21210662 1 0 1706828167
WALL 21210662 1 0 1706828168
WALL 21210662 1 0 1706828169
WALL 21210662 1 0 1706828170
WALL 21210662 1 0 1706828171
WALL 21210662 1 0 1706828172
WALL 21210662 1 0 1706828173
WALL 21210662 1 0 1706828174
WALL 21210662 1 0 1706828175
WALL 21210662 1 0 1706828176
WALL 21210662 1 0 1706828177
WALL 21210662 1 0 1706828178
WALL 21210662 1 0 1706828179
WALL 21210662 1 0 1706828180
WALL 21210662 1 0 1706828181
WALL 21210662 1 0 1706828182
WALL 21210662 1 0 1706828183
WALL 21210662 1 0 1706828184
WALL 21210662 1 0 1706828185
WALL 21210662 1 0 1706828186
WALL 21210662 1 0 1706828187
WALL 21210662 1 0 1706828188
WALL 21210662 1 0 1706828189
WALL 21210662 1 0 1706828190
WALL 21210662 1 0 1706828191
WALL 21210662 1 0 1706828192
WALL 21210662 1 0 1706828193
WALL 21210662 1 0 1706828194
WALL 21210662 1 0 1706828195
WALL 21210662 1 0 1706828196
WALL 21210662 1 0 1706828197
WALL 21210662 1 0 1706828198
WALL 21210662 1 0 1706828199
WALL 21210662 1 0 1706828200
WALL 21210662 1 0 1706828201
WALL 21210662 1 0 1706828202
WALL 21210662 1 0 1706828203
WALL 21210662 1 0 1706828204
WALL 21210662 1 0 1706828205
WALL 21210662 1 0 1706828206
WALL 21210662 1 0 1706828207
WALL 21210662 1 0 1706828208
WALL 21210662 1 0 1706828209
WALL 21210662 1 0 1706828210
WALL 21210662 1 0 1706828211
WALL 21210662 1 0 1706828212
WALL 21210662 1 0 1706828213
WALL 21210662 1 0 1706828214
WALL 21210662 1 0 1706828215
WALL 21210662 1 0 1706828216
WALL 21210662 1 0 1706828217
WALL 21210662 1 0 1706828218
WALL 21210662 1 0 1706828219
WALL 21210662 1 0 1706828220
WALL 21210662 1 0 1706828221
WALL 21210662 1 0 1706828222
WALL 21210662 1 0 1706828223
WALL 21210662 1 0 1706828224
WALL 21210662 1 0 1706828225
WALL 21210662 1 0 1706828226
WALL 21210662 1 0 1706828227
WALL 21210662 1 0 1706828228
WALL 21210662 1 0 1706828229
WALL 21210662 1 0 1706828230
WALL 21210662 1 0 1706828231
WALL 21210662 1 0 1706828232
WALL 21210662 1 0 1706828233
WALL 21210662 1 0 1706828234
WALL 21210662 1 0 1706828235
WALL 21210662 1 0 1706828236
WALL 21210662 1 0 1706828237
WALL 21210662 1 0 1706828238
WALL 21210662 1 0 1706828239
WALL 21210662 1 0 1706828240
WALL 21210662 1 0 1706828241
WALL 21210662 1 0 1706828242
WALL 21210662 1 0 1706828243
WALL 21210662 1 0 1706828244
WALL 21210662 1 0 1706828245
WALL 21210662 1 0 1706828246
WALL 21210662 1 0 1706828247
WALL 21210662 1 0 1706828248
WALL 21210662 1 0 1706828249
WALL 21210662 1 0 1706828250
WALL 21210662 1 0 1706828251
WALL 21210662 1 0 1706828252
WALL 21210662 1 0 1706828253
WALL 21210662 1 0 1706828254
WALL 21210662 1 0 1706828255
WALL 21210662 1 0 1706828256
WALL 21210662 1 0 1706828257
WALL 21210662 1 0 1706828258
received SIGCONT 1706828259
WALL 21210662 1 0 1706828259
slurmstepd: error: *** STEP 21210662.0 ON nid200209 CANCELLED AT 2024-02-01T22:57:39 ***
received SIGTERM 1706828259
WALL 21210662 1 0 1706828259
WALL 21210662 1 0 1706828260
WALL 21210662 1 0 1706828261
WALL 21210662 1 0 1706828262
WALL 21210662 1 0 1706828263
WALL 21210662 1 0 1706828264
WALL 21210662 1 0 1706828265
WALL 21210662 1 0 1706828266
WALL 21210662 1 0 1706828267
WALL 21210662 1 0 1706828268
WALL 21210662 1 0 1706828269
WALL 21210662 1 0 1706828270
WALL 21210662 1 0 1706828271
WALL 21210662 1 0 1706828272
WALL 21210662 1 0 1706828273
WALL 21210662 1 0 1706828274
WALL 21210662 1 0 1706828275
WALL 21210662 1 0 1706828276
WALL 21210662 1 0 1706828277
WALL 21210662 1 0 1706828278
WALL 21210662 1 0 1706828279
WALL 21210662 1 0 1706828280
WALL 21210662 1 0 1706828281
WALL 21210662 1 0 1706828282
WALL 21210662 1 0 1706828283
WALL 21210662 1 0 1706828284
WALL 21210662 1 0 1706828285
WALL 21210662 1 0 1706828286
WALL 21210662 1 0 1706828287
WALL 21210662 1 0 1706828288
WALL 21210662 1 0 1706828289
WALL 21210662 1 0 1706828290
WALL 21210662 1 0 1706828291
WALL 21210662 1 0 1706828292
WALL 21210662 1 0 1706828293
WALL 21210662 1 0 1706828294
WALL 21210662 1 0 1706828295
WALL 21210662 1 0 1706828296
WALL 21210662 1 0 1706828297
WALL 21210662 1 0 1706828298
WALL 21210662 1 0 1706828299
WALL 21210662 1 0 1706828300
WALL 21210662 1 0 1706828301
WALL 21210662 1 0 1706828302
WALL 21210662 1 0 1706828303
WALL 21210662 1 0 1706828304
WALL 21210662 1 0 1706828305
WALL 21210662 1 0 1706828306
WALL 21210662 1 0 1706828307
WALL 21210662 1 0 1706828308
WALL 21210662 1 0 1706828309
WALL 21210662 1 0 1706828310
WALL 21210662 1 0 1706828311
WALL 21210662 1 0 1706828312
WALL 21210662 1 0 1706828313
WALL 21210662 1 0 1706828314
WALL 21210662 1 0 1706828315
WALL 21210662 1 0 1706828316
WALL 21210662 1 0 1706828317
WALL 21210662 1 0 1706828318
WALL 21210662 1 0 1706828319
WALL 21210662 1 0 1706828320
WALL 21210662 1 0 1706828321
WALL 21210662 1 0 1706828322
WALL 21210662 1 0 1706828323
WALL 21210662 1 0 1706828324
WALL 21210662 1 0 1706828325
WALL 21210662 1 0 1706828326
WALL 21210662 1 0 1706828327
WALL 21210662 1 0 1706828328
WALL 21210662 1 0 1706828329
WALL 21210662 1 0 1706828330
WALL 21210662 1 0 1706828331
WALL 21210662 1 0 1706828332
WALL 21210662 1 0 1706828333
WALL 21210662 1 0 1706828334
WALL 21210662 1 0 1706828335
WALL 21210662 1 0 1706828336
WALL 21210662 1 0 1706828337
WALL 21210662 1 0 1706828338
WALL 21210662 1 0 1706828339
WALL 21210662 1 0 1706828340
WALL 21210662 1 0 1706828341
WALL 21210662 1 0 1706828342
slurmstepd: error: *** JOB 21210662 ON nid200209 CANCELLED AT 2024-02-01T22:59:02 DUE TO PREEMPTION ***
received SIGTERM 1706828342
WALL 21210662 1 0 1706828342
received SIGCONT 1706828342
WALL 21210662 1 0 1706828342
received SIGTERM 1706828342
WALL 21210662 1 0 1706828342
