srun: warning: can't run 1 processes on 8 nodes, setting nnodes to 1
WALL 21210796 1 0 1706828864
WALL 21210796 1 0 1706828865
WALL 21210796 1 0 1706828866
WALL 21210796 1 0 1706828867
WALL 21210796 1 0 1706828868
WALL 21210796 1 0 1706828869
WALL 21210796 1 0 1706828870
WALL 21210796 1 0 1706828871
WALL 21210796 1 0 1706828872
WALL 21210796 1 0 1706828873
WALL 21210796 1 0 1706828874
WALL 21210796 1 0 1706828875
WALL 21210796 1 0 1706828876
WALL 21210796 1 0 1706828877
WALL 21210796 1 0 1706828878
WALL 21210796 1 0 1706828879
WALL 21210796 1 0 1706828880
WALL 21210796 1 0 1706828881
WALL 21210796 1 0 1706828882
WALL 21210796 1 0 1706828883
WALL 21210796 1 0 1706828884
WALL 21210796 1 0 1706828885
WALL 21210796 1 0 1706828886
WALL 21210796 1 0 1706828887
WALL 21210796 1 0 1706828888
WALL 21210796 1 0 1706828889
WALL 21210796 1 0 1706828890
received SIGCONT 1706828891
WALL 21210796 1 0 1706828891
slurmstepd: error: *** STEP 21210796.0 ON nid200026 CANCELLED AT 2024-02-01T23:08:11 ***
received SIGTERM 1706828891
WALL 21210796 1 0 1706828891
WALL 21210796 1 0 1706828892
WALL 21210796 1 0 1706828893
WALL 21210796 1 0 1706828894
WALL 21210796 1 0 1706828895
WALL 21210796 1 0 1706828896
WALL 21210796 1 0 1706828897
WALL 21210796 1 0 1706828898
WALL 21210796 1 0 1706828899
WALL 21210796 1 0 1706828900
WALL 21210796 1 0 1706828901
WALL 21210796 1 0 1706828902
WALL 21210796 1 0 1706828903
WALL 21210796 1 0 1706828904
WALL 21210796 1 0 1706828905
WALL 21210796 1 0 1706828906
WALL 21210796 1 0 1706828907
WALL 21210796 1 0 1706828908
WALL 21210796 1 0 1706828909
WALL 21210796 1 0 1706828910
WALL 21210796 1 0 1706828911
WALL 21210796 1 0 1706828912
WALL 21210796 1 0 1706828913
WALL 21210796 1 0 1706828914
WALL 21210796 1 0 1706828915
WALL 21210796 1 0 1706828916
WALL 21210796 1 0 1706828917
WALL 21210796 1 0 1706828918
WALL 21210796 1 0 1706828919
WALL 21210796 1 0 1706828920
WALL 21210796 1 0 1706828921
WALL 21210796 1 0 1706828922
WALL 21210796 1 0 1706828923
WALL 21210796 1 0 1706828924
WALL 21210796 1 0 1706828925
WALL 21210796 1 0 1706828926
WALL 21210796 1 0 1706828927
WALL 21210796 1 0 1706828928
WALL 21210796 1 0 1706828929
WALL 21210796 1 0 1706828930
WALL 21210796 1 0 1706828931
WALL 21210796 1 0 1706828932
WALL 21210796 1 0 1706828933
WALL 21210796 1 0 1706828934
WALL 21210796 1 0 1706828935
WALL 21210796 1 0 1706828936
WALL 21210796 1 0 1706828937
WALL 21210796 1 0 1706828938
WALL 21210796 1 0 1706828939
WALL 21210796 1 0 1706828940
WALL 21210796 1 0 1706828941
WALL 21210796 1 0 1706828942
WALL 21210796 1 0 1706828943
WALL 21210796 1 0 1706828944
WALL 21210796 1 0 1706828945
WALL 21210796 1 0 1706828946
WALL 21210796 1 0 1706828947
WALL 21210796 1 0 1706828948
WALL 21210796 1 0 1706828949
WALL 21210796 1 0 1706828950
WALL 21210796 1 0 1706828951
WALL 21210796 1 0 1706828952
WALL 21210796 1 0 1706828953
WALL 21210796 1 0 1706828954
WALL 21210796 1 0 1706828955
WALL 21210796 1 0 1706828956
WALL 21210796 1 0 1706828957
WALL 21210796 1 0 1706828958
WALL 21210796 1 0 1706828959
WALL 21210796 1 0 1706828960
WALL 21210796 1 0 1706828961
WALL 21210796 1 0 1706828962
WALL 21210796 1 0 1706828963
WALL 21210796 1 0 1706828964
WALL 21210796 1 0 1706828965
WALL 21210796 1 0 1706828966
WALL 21210796 1 0 1706828967
WALL 21210796 1 0 1706828968
WALL 21210796 1 0 1706828969
WALL 21210796 1 0 1706828970
WALL 21210796 1 0 1706828971
WALL 21210796 1 0 1706828972
WALL 21210796 1 0 1706828973
WALL 21210796 1 0 1706828974
WALL 21210796 1 0 1706828975
slurmstepd: error: *** JOB 21210796 ON nid200026 CANCELLED AT 2024-02-01T23:09:35 DUE TO PREEMPTION ***
received SIGTERM 1706828975
WALL 21210796 1 0 1706828975
received SIGCONT 1706828975
WALL 21210796 1 0 1706828975
received SIGTERM 1706828975
WALL 21210796 1 0 1706828975
