WALL 21086992 1 0 1706657160
WALL 21086992 1 0 1706657161
WALL 21086992 1 0 1706657162
WALL 21086992 1 0 1706657163
WALL 21086992 1 0 1706657164
WALL 21086992 1 0 1706657165
WALL 21086992 1 0 1706657166
WALL 21086992 1 0 1706657167
WALL 21086992 1 0 1706657168
WALL 21086992 1 0 1706657169
WALL 21086992 1 0 1706657170
WALL 21086992 1 0 1706657171
WALL 21086992 1 0 1706657172
WALL 21086992 1 0 1706657173
WALL 21086992 1 0 1706657174
WALL 21086992 1 0 1706657175
WALL 21086992 1 0 1706657176
WALL 21086992 1 0 1706657177
WALL 21086992 1 0 1706657178
WALL 21086992 1 0 1706657179
WALL 21086992 1 0 1706657180
WALL 21086992 1 0 1706657181
WALL 21086992 1 0 1706657182
WALL 21086992 1 0 1706657183
WALL 21086992 1 0 1706657184
WALL 21086992 1 0 1706657185
WALL 21086992 1 0 1706657186
WALL 21086992 1 0 1706657187
WALL 21086992 1 0 1706657188
WALL 21086992 1 0 1706657189
WALL 21086992 1 0 1706657190
WALL 21086992 1 0 1706657191
WALL 21086992 1 0 1706657192
WALL 21086992 1 0 1706657193
WALL 21086992 1 0 1706657194
WALL 21086992 1 0 1706657195
WALL 21086992 1 0 1706657196
WALL 21086992 1 0 1706657197
WALL 21086992 1 0 1706657198
WALL 21086992 1 0 1706657199
WALL 21086992 1 0 1706657200
WALL 21086992 1 0 1706657201
WALL 21086992 1 0 1706657202
WALL 21086992 1 0 1706657203
WALL 21086992 1 0 1706657204
WALL 21086992 1 0 1706657205
WALL 21086992 1 0 1706657206
WALL 21086992 1 0 1706657207
WALL 21086992 1 0 1706657208
WALL 21086992 1 0 1706657209
WALL 21086992 1 0 1706657210
WALL 21086992 1 0 1706657211
WALL 21086992 1 0 1706657212
WALL 21086992 1 0 1706657213
WALL 21086992 1 0 1706657214
WALL 21086992 1 0 1706657215
WALL 21086992 1 0 1706657216
WALL 21086992 1 0 1706657217
WALL 21086992 1 0 1706657218
WALL 21086992 1 0 1706657219
WALL 21086992 1 0 1706657220
WALL 21086992 1 0 1706657221
WALL 21086992 1 0 1706657222
WALL 21086992 1 0 1706657223
WALL 21086992 1 0 1706657224
WALL 21086992 1 0 1706657225
WALL 21086992 1 0 1706657226
WALL 21086992 1 0 1706657227
WALL 21086992 1 0 1706657228
WALL 21086992 1 0 1706657229
WALL 21086992 1 0 1706657230
WALL 21086992 1 0 1706657231
WALL 21086992 1 0 1706657232
WALL 21086992 1 0 1706657233
WALL 21086992 1 0 1706657234
WALL 21086992 1 0 1706657235
WALL 21086992 1 0 1706657236
WALL 21086992 1 0 1706657237
WALL 21086992 1 0 1706657238
WALL 21086992 1 0 1706657239
WALL 21086992 1 0 1706657240
WALL 21086992 1 0 1706657241
WALL 21086992 1 0 1706657242
WALL 21086992 1 0 1706657243
WALL 21086992 1 0 1706657244
WALL 21086992 1 0 1706657245
WALL 21086992 1 0 1706657246
WALL 21086992 1 0 1706657247
WALL 21086992 1 0 1706657248
WALL 21086992 1 0 1706657249
WALL 21086992 1 0 1706657250
WALL 21086992 1 0 1706657251
WALL 21086992 1 0 1706657252
WALL 21086992 1 0 1706657253
WALL 21086992 1 0 1706657254
WALL 21086992 1 0 1706657255
WALL 21086992 1 0 1706657256
WALL 21086992 1 0 1706657257
WALL 21086992 1 0 1706657258
WALL 21086992 1 0 1706657259
WALL 21086992 1 0 1706657260
WALL 21086992 1 0 1706657261
WALL 21086992 1 0 1706657262
WALL 21086992 1 0 1706657263
WALL 21086992 1 0 1706657264
WALL 21086992 1 0 1706657265
WALL 21086992 1 0 1706657266
WALL 21086992 1 0 1706657267
WALL 21086992 1 0 1706657268
WALL 21086992 1 0 1706657269
WALL 21086992 1 0 1706657270
WALL 21086992 1 0 1706657271
WALL 21086992 1 0 1706657272
WALL 21086992 1 0 1706657273
WALL 21086992 1 0 1706657274
WALL 21086992 1 0 1706657275
WALL 21086992 1 0 1706657276
WALL 21086992 1 0 1706657277
WALL 21086992 1 0 1706657278
WALL 21086992 1 0 1706657279
WALL 21086992 1 0 1706657280
WALL 21086992 1 0 1706657281
WALL 21086992 1 0 1706657282
WALL 21086992 1 0 1706657283
WALL 21086992 1 0 1706657284
WALL 21086992 1 0 1706657285
WALL 21086992 1 0 1706657286
WALL 21086992 1 0 1706657287
WALL 21086992 1 0 1706657288
WALL 21086992 1 0 1706657289
WALL 21086992 1 0 1706657290
WALL 21086992 1 0 1706657291
WALL 21086992 1 0 1706657292
WALL 21086992 1 0 1706657293
WALL 21086992 1 0 1706657294
WALL 21086992 1 0 1706657295
WALL 21086992 1 0 1706657296
WALL 21086992 1 0 1706657297
WALL 21086992 1 0 1706657298
WALL 21086992 1 0 1706657299
WALL 21086992 1 0 1706657300
WALL 21086992 1 0 1706657301
WALL 21086992 1 0 1706657302
WALL 21086992 1 0 1706657303
WALL 21086992 1 0 1706657304
WALL 21086992 1 0 1706657305
WALL 21086992 1 0 1706657306
WALL 21086992 1 0 1706657307
WALL 21086992 1 0 1706657308
WALL 21086992 1 0 1706657309
WALL 21086992 1 0 1706657310
WALL 21086992 1 0 1706657311
WALL 21086992 1 0 1706657312
WALL 21086992 1 0 1706657313
WALL 21086992 1 0 1706657314
WALL 21086992 1 0 1706657315
WALL 21086992 1 0 1706657316
WALL 21086992 1 0 1706657317
WALL 21086992 1 0 1706657318
WALL 21086992 1 0 1706657319
WALL 21086992 1 0 1706657320
WALL 21086992 1 0 1706657321
WALL 21086992 1 0 1706657322
WALL 21086992 1 0 1706657323
WALL 21086992 1 0 1706657324
WALL 21086992 1 0 1706657325
WALL 21086992 1 0 1706657326
WALL 21086992 1 0 1706657327
WALL 21086992 1 0 1706657328
WALL 21086992 1 0 1706657329
WALL 21086992 1 0 1706657330
WALL 21086992 1 0 1706657331
WALL 21086992 1 0 1706657332
WALL 21086992 1 0 1706657333
WALL 21086992 1 0 1706657334
WALL 21086992 1 0 1706657335
WALL 21086992 1 0 1706657336
WALL 21086992 1 0 1706657337
WALL 21086992 1 0 1706657338
WALL 21086992 1 0 1706657339
WALL 21086992 1 0 1706657340
WALL 21086992 1 0 1706657341
WALL 21086992 1 0 1706657342
WALL 21086992 1 0 1706657343
WALL 21086992 1 0 1706657344
WALL 21086992 1 0 1706657345
WALL 21086992 1 0 1706657346
WALL 21086992 1 0 1706657347
WALL 21086992 1 0 1706657348
WALL 21086992 1 0 1706657349
WALL 21086992 1 0 1706657350
WALL 21086992 1 0 1706657351
WALL 21086992 1 0 1706657352
WALL 21086992 1 0 1706657353
WALL 21086992 1 0 1706657354
WALL 21086992 1 0 1706657355
WALL 21086992 1 0 1706657356
WALL 21086992 1 0 1706657357
WALL 21086992 1 0 1706657358
WALL 21086992 1 0 1706657359
WALL 21086992 1 0 1706657360
WALL 21086992 1 0 1706657361
WALL 21086992 1 0 1706657362
WALL 21086992 1 0 1706657363
WALL 21086992 1 0 1706657364
WALL 21086992 1 0 1706657365
WALL 21086992 1 0 1706657366
WALL 21086992 1 0 1706657367
WALL 21086992 1 0 1706657368
WALL 21086992 1 0 1706657369
WALL 21086992 1 0 1706657370
WALL 21086992 1 0 1706657371
WALL 21086992 1 0 1706657372
WALL 21086992 1 0 1706657373
WALL 21086992 1 0 1706657374
WALL 21086992 1 0 1706657375
WALL 21086992 1 0 1706657376
WALL 21086992 1 0 1706657377
WALL 21086992 1 0 1706657378
WALL 21086992 1 0 1706657379
WALL 21086992 1 0 1706657380
WALL 21086992 1 0 1706657381
WALL 21086992 1 0 1706657382
received SIGCONT 1706657382
WALL 21086992 1 0 1706657382
slurmstepd: error: *** STEP 21086992.0 ON nid200225 CANCELLED AT 2024-01-30T23:29:42 ***
received SIGTERM 1706657382
WALL 21086992 1 0 1706657382
WALL 21086992 1 0 1706657383
WALL 21086992 1 0 1706657384
WALL 21086992 1 0 1706657385
WALL 21086992 1 0 1706657386
WALL 21086992 1 0 1706657387
WALL 21086992 1 0 1706657388
WALL 21086992 1 0 1706657389
WALL 21086992 1 0 1706657390
WALL 21086992 1 0 1706657391
WALL 21086992 1 0 1706657392
WALL 21086992 1 0 1706657393
WALL 21086992 1 0 1706657394
WALL 21086992 1 0 1706657395
WALL 21086992 1 0 1706657396
WALL 21086992 1 0 1706657397
WALL 21086992 1 0 1706657398
WALL 21086992 1 0 1706657399
WALL 21086992 1 0 1706657400
WALL 21086992 1 0 1706657401
WALL 21086992 1 0 1706657402
WALL 21086992 1 0 1706657403
WALL 21086992 1 0 1706657404
WALL 21086992 1 0 1706657405
WALL 21086992 1 0 1706657406
WALL 21086992 1 0 1706657407
WALL 21086992 1 0 1706657408
WALL 21086992 1 0 1706657409
WALL 21086992 1 0 1706657410
WALL 21086992 1 0 1706657411
WALL 21086992 1 0 1706657412
WALL 21086992 1 0 1706657413
WALL 21086992 1 0 1706657414
WALL 21086992 1 0 1706657415
WALL 21086992 1 0 1706657416
WALL 21086992 1 0 1706657417
WALL 21086992 1 0 1706657418
WALL 21086992 1 0 1706657419
WALL 21086992 1 0 1706657420
WALL 21086992 1 0 1706657421
WALL 21086992 1 0 1706657422
WALL 21086992 1 0 1706657423
WALL 21086992 1 0 1706657424
WALL 21086992 1 0 1706657425
WALL 21086992 1 0 1706657426
WALL 21086992 1 0 1706657427
WALL 21086992 1 0 1706657428
WALL 21086992 1 0 1706657429
WALL 21086992 1 0 1706657430
WALL 21086992 1 0 1706657431
WALL 21086992 1 0 1706657432
WALL 21086992 1 0 1706657433
WALL 21086992 1 0 1706657434
WALL 21086992 1 0 1706657435
WALL 21086992 1 0 1706657436
WALL 21086992 1 0 1706657437
WALL 21086992 1 0 1706657438
WALL 21086992 1 0 1706657439
WALL 21086992 1 0 1706657440
WALL 21086992 1 0 1706657441
WALL 21086992 1 0 1706657442
WALL 21086992 1 0 1706657443
WALL 21086992 1 0 1706657444
WALL 21086992 1 0 1706657445
WALL 21086992 1 0 1706657446
WALL 21086992 1 0 1706657447
WALL 21086992 1 0 1706657448
WALL 21086992 1 0 1706657449
WALL 21086992 1 0 1706657450
WALL 21086992 1 0 1706657451
WALL 21086992 1 0 1706657452
WALL 21086992 1 0 1706657453
WALL 21086992 1 0 1706657454
WALL 21086992 1 0 1706657455
WALL 21086992 1 0 1706657456
WALL 21086992 1 0 1706657457
WALL 21086992 1 0 1706657458
WALL 21086992 1 0 1706657459
WALL 21086992 1 0 1706657460
WALL 21086992 1 0 1706657461
WALL 21086992 1 0 1706657462
WALL 21086992 1 0 1706657463
WALL 21086992 1 0 1706657464
WALL 21086992 1 0 1706657465
WALL 21086992 1 0 1706657466
WALL 21086992 1 0 1706657467
WALL 21086992 1 0 1706657468
WALL 21086992 1 0 1706657469
slurmstepd: error: *** JOB 21086992 ON nid200225 CANCELLED AT 2024-01-30T23:31:09 DUE TO PREEMPTION ***
received SIGTERM 1706657469
WALL 21086992 1 0 1706657469
received SIGCONT 1706657469
WALL 21086992 1 0 1706657469
received SIGTERM 1706657469
WALL 21086992 1 0 1706657469
