WALL 21150671 1 0 1706739066
WALL 21150671 1 0 1706739067
WALL 21150671 1 0 1706739068
WALL 21150671 1 0 1706739069
WALL 21150671 1 0 1706739070
WALL 21150671 1 0 1706739071
WALL 21150671 1 0 1706739072
WALL 21150671 1 0 1706739073
WALL 21150671 1 0 1706739074
WALL 21150671 1 0 1706739075
WALL 21150671 1 0 1706739076
WALL 21150671 1 0 1706739077
WALL 21150671 1 0 1706739078
WALL 21150671 1 0 1706739079
WALL 21150671 1 0 1706739080
WALL 21150671 1 0 1706739081
WALL 21150671 1 0 1706739082
WALL 21150671 1 0 1706739083
WALL 21150671 1 0 1706739084
WALL 21150671 1 0 1706739085
WALL 21150671 1 0 1706739086
WALL 21150671 1 0 1706739087
WALL 21150671 1 0 1706739088
WALL 21150671 1 0 1706739089
WALL 21150671 1 0 1706739090
WALL 21150671 1 0 1706739091
WALL 21150671 1 0 1706739092
WALL 21150671 1 0 1706739093
WALL 21150671 1 0 1706739094
WALL 21150671 1 0 1706739095
WALL 21150671 1 0 1706739096
WALL 21150671 1 0 1706739097
WALL 21150671 1 0 1706739098
WALL 21150671 1 0 1706739099
WALL 21150671 1 0 1706739100
WALL 21150671 1 0 1706739101
WALL 21150671 1 0 1706739102
WALL 21150671 1 0 1706739103
WALL 21150671 1 0 1706739104
WALL 21150671 1 0 1706739105
WALL 21150671 1 0 1706739106
WALL 21150671 1 0 1706739107
WALL 21150671 1 0 1706739108
WALL 21150671 1 0 1706739109
WALL 21150671 1 0 1706739110
WALL 21150671 1 0 1706739111
WALL 21150671 1 0 1706739112
WALL 21150671 1 0 1706739113
WALL 21150671 1 0 1706739114
WALL 21150671 1 0 1706739115
WALL 21150671 1 0 1706739116
WALL 21150671 1 0 1706739117
WALL 21150671 1 0 1706739118
WALL 21150671 1 0 1706739119
WALL 21150671 1 0 1706739120
WALL 21150671 1 0 1706739121
WALL 21150671 1 0 1706739122
WALL 21150671 1 0 1706739123
WALL 21150671 1 0 1706739124
WALL 21150671 1 0 1706739125
WALL 21150671 1 0 1706739126
WALL 21150671 1 0 1706739127
WALL 21150671 1 0 1706739128
WALL 21150671 1 0 1706739129
WALL 21150671 1 0 1706739130
WALL 21150671 1 0 1706739131
WALL 21150671 1 0 1706739132
WALL 21150671 1 0 1706739133
WALL 21150671 1 0 1706739134
WALL 21150671 1 0 1706739135
WALL 21150671 1 0 1706739136
WALL 21150671 1 0 1706739137
WALL 21150671 1 0 1706739138
WALL 21150671 1 0 1706739139
WALL 21150671 1 0 1706739140
WALL 21150671 1 0 1706739141
received SIGCONT 1706739142
WALL 21150671 1 0 1706739142
slurmstepd: error: *** STEP 21150671.0 ON nid200030 CANCELLED AT 2024-01-31T22:12:22 ***
received SIGTERM 1706739142
WALL 21150671 1 0 1706739142
WALL 21150671 1 0 1706739143
WALL 21150671 1 0 1706739144
WALL 21150671 1 0 1706739145
WALL 21150671 1 0 1706739146
WALL 21150671 1 0 1706739147
WALL 21150671 1 0 1706739148
WALL 21150671 1 0 1706739149
WALL 21150671 1 0 1706739150
WALL 21150671 1 0 1706739151
WALL 21150671 1 0 1706739152
WALL 21150671 1 0 1706739153
WALL 21150671 1 0 1706739154
WALL 21150671 1 0 1706739155
WALL 21150671 1 0 1706739156
WALL 21150671 1 0 1706739157
WALL 21150671 1 0 1706739158
WALL 21150671 1 0 1706739159
WALL 21150671 1 0 1706739160
WALL 21150671 1 0 1706739161
WALL 21150671 1 0 1706739162
WALL 21150671 1 0 1706739163
WALL 21150671 1 0 1706739164
WALL 21150671 1 0 1706739165
WALL 21150671 1 0 1706739166
WALL 21150671 1 0 1706739167
WALL 21150671 1 0 1706739168
WALL 21150671 1 0 1706739169
WALL 21150671 1 0 1706739170
WALL 21150671 1 0 1706739171
WALL 21150671 1 0 1706739172
WALL 21150671 1 0 1706739173
WALL 21150671 1 0 1706739174
WALL 21150671 1 0 1706739175
WALL 21150671 1 0 1706739176
WALL 21150671 1 0 1706739177
WALL 21150671 1 0 1706739178
WALL 21150671 1 0 1706739179
WALL 21150671 1 0 1706739180
WALL 21150671 1 0 1706739181
WALL 21150671 1 0 1706739182
WALL 21150671 1 0 1706739183
WALL 21150671 1 0 1706739184
WALL 21150671 1 0 1706739185
WALL 21150671 1 0 1706739186
WALL 21150671 1 0 1706739187
WALL 21150671 1 0 1706739188
WALL 21150671 1 0 1706739189
WALL 21150671 1 0 1706739190
WALL 21150671 1 0 1706739191
WALL 21150671 1 0 1706739192
WALL 21150671 1 0 1706739193
WALL 21150671 1 0 1706739194
WALL 21150671 1 0 1706739195
WALL 21150671 1 0 1706739196
WALL 21150671 1 0 1706739197
WALL 21150671 1 0 1706739198
WALL 21150671 1 0 1706739199
WALL 21150671 1 0 1706739200
WALL 21150671 1 0 1706739201
WALL 21150671 1 0 1706739202
WALL 21150671 1 0 1706739203
WALL 21150671 1 0 1706739204
WALL 21150671 1 0 1706739205
WALL 21150671 1 0 1706739206
WALL 21150671 1 0 1706739207
WALL 21150671 1 0 1706739208
WALL 21150671 1 0 1706739209
WALL 21150671 1 0 1706739210
WALL 21150671 1 0 1706739211
WALL 21150671 1 0 1706739212
slurmstepd: error: *** JOB 21150671 ON nid200030 CANCELLED AT 2024-01-31T22:13:32 DUE TO PREEMPTION ***
received SIGTERM 1706739212
WALL 21150671 1 0 1706739212
received SIGCONT 1706739212
WALL 21150671 1 0 1706739212
received SIGTERM 1706739212
WALL 21150671 1 0 1706739212
