WALL 21088238 1 0 1706658647
WALL 21088238 1 0 1706658648
WALL 21088238 1 0 1706658649
WALL 21088238 1 0 1706658650
WALL 21088238 1 0 1706658651
WALL 21088238 1 0 1706658652
WALL 21088238 1 0 1706658653
WALL 21088238 1 0 1706658654
WALL 21088238 1 0 1706658655
WALL 21088238 1 0 1706658656
WALL 21088238 1 0 1706658657
WALL 21088238 1 0 1706658658
WALL 21088238 1 0 1706658659
WALL 21088238 1 0 1706658660
WALL 21088238 1 0 1706658661
WALL 21088238 1 0 1706658662
WALL 21088238 1 0 1706658663
WALL 21088238 1 0 1706658664
WALL 21088238 1 0 1706658665
WALL 21088238 1 0 1706658666
WALL 21088238 1 0 1706658667
WALL 21088238 1 0 1706658668
WALL 21088238 1 0 1706658669
WALL 21088238 1 0 1706658670
WALL 21088238 1 0 1706658671
WALL 21088238 1 0 1706658672
WALL 21088238 1 0 1706658673
WALL 21088238 1 0 1706658674
WALL 21088238 1 0 1706658675
WALL 21088238 1 0 1706658676
WALL 21088238 1 0 1706658677
WALL 21088238 1 0 1706658678
WALL 21088238 1 0 1706658679
WALL 21088238 1 0 1706658680
WALL 21088238 1 0 1706658681
WALL 21088238 1 0 1706658682
WALL 21088238 1 0 1706658683
WALL 21088238 1 0 1706658684
WALL 21088238 1 0 1706658685
WALL 21088238 1 0 1706658686
WALL 21088238 1 0 1706658687
WALL 21088238 1 0 1706658688
WALL 21088238 1 0 1706658689
WALL 21088238 1 0 1706658690
WALL 21088238 1 0 1706658691
WALL 21088238 1 0 1706658692
WALL 21088238 1 0 1706658693
WALL 21088238 1 0 1706658694
WALL 21088238 1 0 1706658695
WALL 21088238 1 0 1706658696
WALL 21088238 1 0 1706658697
WALL 21088238 1 0 1706658698
WALL 21088238 1 0 1706658699
WALL 21088238 1 0 1706658700
WALL 21088238 1 0 1706658701
WALL 21088238 1 0 1706658702
WALL 21088238 1 0 1706658703
WALL 21088238 1 0 1706658704
WALL 21088238 1 0 1706658705
WALL 21088238 1 0 1706658706
WALL 21088238 1 0 1706658707
WALL 21088238 1 0 1706658708
WALL 21088238 1 0 1706658709
WALL 21088238 1 0 1706658710
WALL 21088238 1 0 1706658711
WALL 21088238 1 0 1706658712
WALL 21088238 1 0 1706658713
WALL 21088238 1 0 1706658714
WALL 21088238 1 0 1706658715
WALL 21088238 1 0 1706658716
WALL 21088238 1 0 1706658717
WALL 21088238 1 0 1706658718
WALL 21088238 1 0 1706658719
WALL 21088238 1 0 1706658720
WALL 21088238 1 0 1706658721
WALL 21088238 1 0 1706658722
WALL 21088238 1 0 1706658723
WALL 21088238 1 0 1706658724
WALL 21088238 1 0 1706658725
WALL 21088238 1 0 1706658726
WALL 21088238 1 0 1706658727
WALL 21088238 1 0 1706658728
WALL 21088238 1 0 1706658729
WALL 21088238 1 0 1706658730
WALL 21088238 1 0 1706658731
WALL 21088238 1 0 1706658732
WALL 21088238 1 0 1706658733
WALL 21088238 1 0 1706658734
WALL 21088238 1 0 1706658735
WALL 21088238 1 0 1706658736
WALL 21088238 1 0 1706658737
WALL 21088238 1 0 1706658738
WALL 21088238 1 0 1706658739
WALL 21088238 1 0 1706658740
WALL 21088238 1 0 1706658741
WALL 21088238 1 0 1706658742
WALL 21088238 1 0 1706658743
WALL 21088238 1 0 1706658744
WALL 21088238 1 0 1706658745
WALL 21088238 1 0 1706658746
WALL 21088238 1 0 1706658747
WALL 21088238 1 0 1706658748
WALL 21088238 1 0 1706658749
WALL 21088238 1 0 1706658750
WALL 21088238 1 0 1706658751
WALL 21088238 1 0 1706658752
WALL 21088238 1 0 1706658753
WALL 21088238 1 0 1706658754
WALL 21088238 1 0 1706658755
WALL 21088238 1 0 1706658756
WALL 21088238 1 0 1706658757
WALL 21088238 1 0 1706658758
WALL 21088238 1 0 1706658759
WALL 21088238 1 0 1706658760
WALL 21088238 1 0 1706658761
WALL 21088238 1 0 1706658762
WALL 21088238 1 0 1706658763
WALL 21088238 1 0 1706658764
WALL 21088238 1 0 1706658765
WALL 21088238 1 0 1706658766
WALL 21088238 1 0 1706658767
WALL 21088238 1 0 1706658768
WALL 21088238 1 0 1706658769
WALL 21088238 1 0 1706658770
WALL 21088238 1 0 1706658771
WALL 21088238 1 0 1706658772
WALL 21088238 1 0 1706658773
WALL 21088238 1 0 1706658774
WALL 21088238 1 0 1706658775
WALL 21088238 1 0 1706658776
WALL 21088238 1 0 1706658777
WALL 21088238 1 0 1706658778
WALL 21088238 1 0 1706658779
WALL 21088238 1 0 1706658780
WALL 21088238 1 0 1706658781
WALL 21088238 1 0 1706658782
WALL 21088238 1 0 1706658783
WALL 21088238 1 0 1706658784
WALL 21088238 1 0 1706658785
WALL 21088238 1 0 1706658786
WALL 21088238 1 0 1706658787
WALL 21088238 1 0 1706658788
WALL 21088238 1 0 1706658789
WALL 21088238 1 0 1706658790
WALL 21088238 1 0 1706658791
WALL 21088238 1 0 1706658792
WALL 21088238 1 0 1706658793
WALL 21088238 1 0 1706658794
WALL 21088238 1 0 1706658795
WALL 21088238 1 0 1706658796
WALL 21088238 1 0 1706658797
WALL 21088238 1 0 1706658798
WALL 21088238 1 0 1706658799
WALL 21088238 1 0 1706658800
WALL 21088238 1 0 1706658801
WALL 21088238 1 0 1706658802
WALL 21088238 1 0 1706658803
WALL 21088238 1 0 1706658804
WALL 21088238 1 0 1706658805
WALL 21088238 1 0 1706658806
WALL 21088238 1 0 1706658807
WALL 21088238 1 0 1706658808
WALL 21088238 1 0 1706658809
WALL 21088238 1 0 1706658810
WALL 21088238 1 0 1706658811
WALL 21088238 1 0 1706658812
WALL 21088238 1 0 1706658813
WALL 21088238 1 0 1706658814
WALL 21088238 1 0 1706658815
WALL 21088238 1 0 1706658816
WALL 21088238 1 0 1706658817
WALL 21088238 1 0 1706658818
WALL 21088238 1 0 1706658819
WALL 21088238 1 0 1706658820
WALL 21088238 1 0 1706658821
WALL 21088238 1 0 1706658822
WALL 21088238 1 0 1706658823
WALL 21088238 1 0 1706658824
WALL 21088238 1 0 1706658825
WALL 21088238 1 0 1706658826
WALL 21088238 1 0 1706658827
WALL 21088238 1 0 1706658828
WALL 21088238 1 0 1706658829
WALL 21088238 1 0 1706658830
WALL 21088238 1 0 1706658831
WALL 21088238 1 0 1706658832
WALL 21088238 1 0 1706658833
WALL 21088238 1 0 1706658834
WALL 21088238 1 0 1706658835
WALL 21088238 1 0 1706658836
WALL 21088238 1 0 1706658837
WALL 21088238 1 0 1706658838
WALL 21088238 1 0 1706658839
WALL 21088238 1 0 1706658840
WALL 21088238 1 0 1706658841
WALL 21088238 1 0 1706658842
WALL 21088238 1 0 1706658843
WALL 21088238 1 0 1706658844
WALL 21088238 1 0 1706658845
WALL 21088238 1 0 1706658846
WALL 21088238 1 0 1706658847
WALL 21088238 1 0 1706658848
WALL 21088238 1 0 1706658849
WALL 21088238 1 0 1706658850
WALL 21088238 1 0 1706658851
WALL 21088238 1 0 1706658852
WALL 21088238 1 0 1706658853
WALL 21088238 1 0 1706658854
WALL 21088238 1 0 1706658855
WALL 21088238 1 0 1706658856
WALL 21088238 1 0 1706658857
WALL 21088238 1 0 1706658858
WALL 21088238 1 0 1706658859
WALL 21088238 1 0 1706658860
WALL 21088238 1 0 1706658861
WALL 21088238 1 0 1706658862
WALL 21088238 1 0 1706658863
WALL 21088238 1 0 1706658864
WALL 21088238 1 0 1706658865
WALL 21088238 1 0 1706658866
WALL 21088238 1 0 1706658867
WALL 21088238 1 0 1706658868
WALL 21088238 1 0 1706658869
WALL 21088238 1 0 1706658870
WALL 21088238 1 0 1706658871
WALL 21088238 1 0 1706658872
WALL 21088238 1 0 1706658873
WALL 21088238 1 0 1706658874
WALL 21088238 1 0 1706658875
WALL 21088238 1 0 1706658876
WALL 21088238 1 0 1706658877
WALL 21088238 1 0 1706658878
WALL 21088238 1 0 1706658879
WALL 21088238 1 0 1706658880
WALL 21088238 1 0 1706658881
WALL 21088238 1 0 1706658882
WALL 21088238 1 0 1706658883
WALL 21088238 1 0 1706658884
WALL 21088238 1 0 1706658885
WALL 21088238 1 0 1706658886
WALL 21088238 1 0 1706658887
WALL 21088238 1 0 1706658888
WALL 21088238 1 0 1706658889
WALL 21088238 1 0 1706658890
WALL 21088238 1 0 1706658891
WALL 21088238 1 0 1706658892
WALL 21088238 1 0 1706658893
WALL 21088238 1 0 1706658894
WALL 21088238 1 0 1706658895
WALL 21088238 1 0 1706658896
WALL 21088238 1 0 1706658897
WALL 21088238 1 0 1706658898
WALL 21088238 1 0 1706658899
WALL 21088238 1 0 1706658900
WALL 21088238 1 0 1706658901
WALL 21088238 1 0 1706658902
WALL 21088238 1 0 1706658903
WALL 21088238 1 0 1706658904
WALL 21088238 1 0 1706658905
WALL 21088238 1 0 1706658906
WALL 21088238 1 0 1706658907
WALL 21088238 1 0 1706658908
WALL 21088238 1 0 1706658909
WALL 21088238 1 0 1706658910
WALL 21088238 1 0 1706658911
WALL 21088238 1 0 1706658912
WALL 21088238 1 0 1706658913
WALL 21088238 1 0 1706658914
WALL 21088238 1 0 1706658915
WALL 21088238 1 0 1706658916
WALL 21088238 1 0 1706658917
WALL 21088238 1 0 1706658918
WALL 21088238 1 0 1706658919
WALL 21088238 1 0 1706658920
WALL 21088238 1 0 1706658921
WALL 21088238 1 0 1706658922
WALL 21088238 1 0 1706658923
WALL 21088238 1 0 1706658924
WALL 21088238 1 0 1706658925
WALL 21088238 1 0 1706658926
WALL 21088238 1 0 1706658927
WALL 21088238 1 0 1706658928
WALL 21088238 1 0 1706658929
WALL 21088238 1 0 1706658930
WALL 21088238 1 0 1706658931
WALL 21088238 1 0 1706658932
WALL 21088238 1 0 1706658933
WALL 21088238 1 0 1706658934
WALL 21088238 1 0 1706658935
WALL 21088238 1 0 1706658936
WALL 21088238 1 0 1706658937
WALL 21088238 1 0 1706658938
WALL 21088238 1 0 1706658939
WALL 21088238 1 0 1706658940
WALL 21088238 1 0 1706658941
WALL 21088238 1 0 1706658942
WALL 21088238 1 0 1706658943
WALL 21088238 1 0 1706658944
WALL 21088238 1 0 1706658945
WALL 21088238 1 0 1706658946
WALL 21088238 1 0 1706658947
WALL 21088238 1 0 1706658948
WALL 21088238 1 0 1706658949
WALL 21088238 1 0 1706658950
WALL 21088238 1 0 1706658951
WALL 21088238 1 0 1706658952
WALL 21088238 1 0 1706658953
WALL 21088238 1 0 1706658954
WALL 21088238 1 0 1706658955
WALL 21088238 1 0 1706658956
WALL 21088238 1 0 1706658957
WALL 21088238 1 0 1706658958
WALL 21088238 1 0 1706658959
WALL 21088238 1 0 1706658960
WALL 21088238 1 0 1706658961
WALL 21088238 1 0 1706658962
WALL 21088238 1 0 1706658963
WALL 21088238 1 0 1706658964
WALL 21088238 1 0 1706658965
WALL 21088238 1 0 1706658966
WALL 21088238 1 0 1706658967
WALL 21088238 1 0 1706658968
WALL 21088238 1 0 1706658969
WALL 21088238 1 0 1706658970
WALL 21088238 1 0 1706658971
WALL 21088238 1 0 1706658972
WALL 21088238 1 0 1706658973
WALL 21088238 1 0 1706658974
WALL 21088238 1 0 1706658975
WALL 21088238 1 0 1706658976
WALL 21088238 1 0 1706658977
WALL 21088238 1 0 1706658978
WALL 21088238 1 0 1706658979
WALL 21088238 1 0 1706658980
WALL 21088238 1 0 1706658981
WALL 21088238 1 0 1706658982
WALL 21088238 1 0 1706658983
WALL 21088238 1 0 1706658984
WALL 21088238 1 0 1706658985
WALL 21088238 1 0 1706658986
WALL 21088238 1 0 1706658987
WALL 21088238 1 0 1706658988
WALL 21088238 1 0 1706658989
WALL 21088238 1 0 1706658990
WALL 21088238 1 0 1706658991
WALL 21088238 1 0 1706658992
WALL 21088238 1 0 1706658993
WALL 21088238 1 0 1706658994
WALL 21088238 1 0 1706658995
WALL 21088238 1 0 1706658996
WALL 21088238 1 0 1706658997
WALL 21088238 1 0 1706658998
WALL 21088238 1 0 1706658999
WALL 21088238 1 0 1706659000
WALL 21088238 1 0 1706659001
WALL 21088238 1 0 1706659002
WALL 21088238 1 0 1706659003
WALL 21088238 1 0 1706659004
WALL 21088238 1 0 1706659005
WALL 21088238 1 0 1706659006
WALL 21088238 1 0 1706659007
WALL 21088238 1 0 1706659008
WALL 21088238 1 0 1706659009
WALL 21088238 1 0 1706659010
WALL 21088238 1 0 1706659011
WALL 21088238 1 0 1706659012
WALL 21088238 1 0 1706659013
WALL 21088238 1 0 1706659014
WALL 21088238 1 0 1706659015
WALL 21088238 1 0 1706659016
WALL 21088238 1 0 1706659017
WALL 21088238 1 0 1706659018
WALL 21088238 1 0 1706659019
WALL 21088238 1 0 1706659020
WALL 21088238 1 0 1706659021
WALL 21088238 1 0 1706659022
WALL 21088238 1 0 1706659023
WALL 21088238 1 0 1706659024
WALL 21088238 1 0 1706659025
WALL 21088238 1 0 1706659026
WALL 21088238 1 0 1706659027
WALL 21088238 1 0 1706659028
WALL 21088238 1 0 1706659029
WALL 21088238 1 0 1706659030
WALL 21088238 1 0 1706659031
WALL 21088238 1 0 1706659032
WALL 21088238 1 0 1706659033
WALL 21088238 1 0 1706659034
WALL 21088238 1 0 1706659035
WALL 21088238 1 0 1706659036
WALL 21088238 1 0 1706659037
WALL 21088238 1 0 1706659038
WALL 21088238 1 0 1706659039
WALL 21088238 1 0 1706659040
WALL 21088238 1 0 1706659041
WALL 21088238 1 0 1706659042
WALL 21088238 1 0 1706659043
WALL 21088238 1 0 1706659044
WALL 21088238 1 0 1706659045
WALL 21088238 1 0 1706659046
WALL 21088238 1 0 1706659047
WALL 21088238 1 0 1706659048
WALL 21088238 1 0 1706659049
WALL 21088238 1 0 1706659050
WALL 21088238 1 0 1706659051
WALL 21088238 1 0 1706659052
WALL 21088238 1 0 1706659053
WALL 21088238 1 0 1706659054
WALL 21088238 1 0 1706659055
WALL 21088238 1 0 1706659056
WALL 21088238 1 0 1706659057
WALL 21088238 1 0 1706659058
WALL 21088238 1 0 1706659059
WALL 21088238 1 0 1706659060
WALL 21088238 1 0 1706659061
WALL 21088238 1 0 1706659062
WALL 21088238 1 0 1706659063
WALL 21088238 1 0 1706659064
WALL 21088238 1 0 1706659065
WALL 21088238 1 0 1706659066
WALL 21088238 1 0 1706659067
WALL 21088238 1 0 1706659068
WALL 21088238 1 0 1706659069
WALL 21088238 1 0 1706659070
WALL 21088238 1 0 1706659071
WALL 21088238 1 0 1706659072
WALL 21088238 1 0 1706659073
WALL 21088238 1 0 1706659074
WALL 21088238 1 0 1706659075
WALL 21088238 1 0 1706659076
WALL 21088238 1 0 1706659077
WALL 21088238 1 0 1706659078
WALL 21088238 1 0 1706659079
WALL 21088238 1 0 1706659080
WALL 21088238 1 0 1706659081
WALL 21088238 1 0 1706659082
WALL 21088238 1 0 1706659083
WALL 21088238 1 0 1706659084
WALL 21088238 1 0 1706659085
WALL 21088238 1 0 1706659086
WALL 21088238 1 0 1706659087
WALL 21088238 1 0 1706659088
WALL 21088238 1 0 1706659089
WALL 21088238 1 0 1706659090
WALL 21088238 1 0 1706659091
WALL 21088238 1 0 1706659092
WALL 21088238 1 0 1706659093
WALL 21088238 1 0 1706659094
WALL 21088238 1 0 1706659095
WALL 21088238 1 0 1706659096
WALL 21088238 1 0 1706659097
WALL 21088238 1 0 1706659098
WALL 21088238 1 0 1706659099
WALL 21088238 1 0 1706659100
WALL 21088238 1 0 1706659101
WALL 21088238 1 0 1706659102
WALL 21088238 1 0 1706659103
WALL 21088238 1 0 1706659104
WALL 21088238 1 0 1706659105
WALL 21088238 1 0 1706659106
WALL 21088238 1 0 1706659107
WALL 21088238 1 0 1706659108
WALL 21088238 1 0 1706659109
WALL 21088238 1 0 1706659110
WALL 21088238 1 0 1706659111
WALL 21088238 1 0 1706659112
WALL 21088238 1 0 1706659113
WALL 21088238 1 0 1706659114
WALL 21088238 1 0 1706659115
WALL 21088238 1 0 1706659116
WALL 21088238 1 0 1706659117
WALL 21088238 1 0 1706659118
WALL 21088238 1 0 1706659120
WALL 21088238 1 0 1706659121
WALL 21088238 1 0 1706659122
WALL 21088238 1 0 1706659123
WALL 21088238 1 0 1706659124
WALL 21088238 1 0 1706659125
WALL 21088238 1 0 1706659126
WALL 21088238 1 0 1706659127
WALL 21088238 1 0 1706659128
WALL 21088238 1 0 1706659129
WALL 21088238 1 0 1706659130
WALL 21088238 1 0 1706659131
WALL 21088238 1 0 1706659132
WALL 21088238 1 0 1706659133
WALL 21088238 1 0 1706659134
WALL 21088238 1 0 1706659135
WALL 21088238 1 0 1706659136
WALL 21088238 1 0 1706659137
WALL 21088238 1 0 1706659138
WALL 21088238 1 0 1706659139
received SIGCONT 1706659139
WALL 21088238 1 0 1706659139
slurmstepd: error: *** STEP 21088238.0 ON nid200086 CANCELLED AT 2024-01-30T23:58:59 ***
received SIGTERM 1706659139
WALL 21088238 1 0 1706659139
WALL 21088238 1 0 1706659140
WALL 21088238 1 0 1706659141
WALL 21088238 1 0 1706659142
WALL 21088238 1 0 1706659143
WALL 21088238 1 0 1706659144
WALL 21088238 1 0 1706659145
WALL 21088238 1 0 1706659146
WALL 21088238 1 0 1706659147
WALL 21088238 1 0 1706659148
WALL 21088238 1 0 1706659149
WALL 21088238 1 0 1706659150
WALL 21088238 1 0 1706659151
WALL 21088238 1 0 1706659152
WALL 21088238 1 0 1706659153
WALL 21088238 1 0 1706659154
WALL 21088238 1 0 1706659155
WALL 21088238 1 0 1706659156
WALL 21088238 1 0 1706659157
WALL 21088238 1 0 1706659158
WALL 21088238 1 0 1706659159
WALL 21088238 1 0 1706659160
WALL 21088238 1 0 1706659161
WALL 21088238 1 0 1706659162
WALL 21088238 1 0 1706659163
WALL 21088238 1 0 1706659164
WALL 21088238 1 0 1706659165
WALL 21088238 1 0 1706659166
WALL 21088238 1 0 1706659167
WALL 21088238 1 0 1706659168
WALL 21088238 1 0 1706659169
WALL 21088238 1 0 1706659170
WALL 21088238 1 0 1706659171
WALL 21088238 1 0 1706659172
WALL 21088238 1 0 1706659173
WALL 21088238 1 0 1706659174
WALL 21088238 1 0 1706659175
WALL 21088238 1 0 1706659176
WALL 21088238 1 0 1706659177
WALL 21088238 1 0 1706659178
WALL 21088238 1 0 1706659179
WALL 21088238 1 0 1706659180
WALL 21088238 1 0 1706659181
WALL 21088238 1 0 1706659182
WALL 21088238 1 0 1706659183
WALL 21088238 1 0 1706659184
WALL 21088238 1 0 1706659185
WALL 21088238 1 0 1706659186
WALL 21088238 1 0 1706659187
WALL 21088238 1 0 1706659188
WALL 21088238 1 0 1706659189
WALL 21088238 1 0 1706659190
WALL 21088238 1 0 1706659191
WALL 21088238 1 0 1706659192
WALL 21088238 1 0 1706659193
WALL 21088238 1 0 1706659194
WALL 21088238 1 0 1706659195
WALL 21088238 1 0 1706659196
WALL 21088238 1 0 1706659197
WALL 21088238 1 0 1706659198
WALL 21088238 1 0 1706659199
WALL 21088238 1 0 1706659200
WALL 21088238 1 0 1706659201
WALL 21088238 1 0 1706659202
WALL 21088238 1 0 1706659203
WALL 21088238 1 0 1706659204
WALL 21088238 1 0 1706659205
WALL 21088238 1 0 1706659206
WALL 21088238 1 0 1706659207
WALL 21088238 1 0 1706659208
WALL 21088238 1 0 1706659209
WALL 21088238 1 0 1706659210
WALL 21088238 1 0 1706659211
WALL 21088238 1 0 1706659212
WALL 21088238 1 0 1706659213
WALL 21088238 1 0 1706659214
WALL 21088238 1 0 1706659215
WALL 21088238 1 0 1706659216
WALL 21088238 1 0 1706659217
WALL 21088238 1 0 1706659218
WALL 21088238 1 0 1706659219
WALL 21088238 1 0 1706659220
WALL 21088238 1 0 1706659221
slurmstepd: error: *** JOB 21088238 ON nid200086 CANCELLED AT 2024-01-31T00:00:21 DUE TO PREEMPTION ***
received SIGTERM 1706659221
WALL 21088238 1 0 1706659221
received SIGCONT 1706659221
WALL 21088238 1 0 1706659221
received SIGTERM 1706659221
WALL 21088238 1 0 1706659221
