WALL 21198086 1 0 1706815142
WALL 21198086 1 0 1706815143
WALL 21198086 1 0 1706815144
WALL 21198086 1 0 1706815145
WALL 21198086 1 0 1706815146
WALL 21198086 1 0 1706815147
WALL 21198086 1 0 1706815148
WALL 21198086 1 0 1706815149
WALL 21198086 1 0 1706815150
WALL 21198086 1 0 1706815151
WALL 21198086 1 0 1706815152
WALL 21198086 1 0 1706815153
WALL 21198086 1 0 1706815154
WALL 21198086 1 0 1706815155
WALL 21198086 1 0 1706815156
WALL 21198086 1 0 1706815157
WALL 21198086 1 0 1706815158
WALL 21198086 1 0 1706815159
WALL 21198086 1 0 1706815160
WALL 21198086 1 0 1706815161
WALL 21198086 1 0 1706815162
WALL 21198086 1 0 1706815163
WALL 21198086 1 0 1706815164
WALL 21198086 1 0 1706815165
WALL 21198086 1 0 1706815166
WALL 21198086 1 0 1706815167
WALL 21198086 1 0 1706815168
WALL 21198086 1 0 1706815169
WALL 21198086 1 0 1706815170
WALL 21198086 1 0 1706815171
WALL 21198086 1 0 1706815172
WALL 21198086 1 0 1706815173
WALL 21198086 1 0 1706815174
WALL 21198086 1 0 1706815175
WALL 21198086 1 0 1706815176
WALL 21198086 1 0 1706815177
WALL 21198086 1 0 1706815178
WALL 21198086 1 0 1706815179
WALL 21198086 1 0 1706815180
WALL 21198086 1 0 1706815181
WALL 21198086 1 0 1706815182
WALL 21198086 1 0 1706815183
WALL 21198086 1 0 1706815184
WALL 21198086 1 0 1706815185
WALL 21198086 1 0 1706815186
WALL 21198086 1 0 1706815187
WALL 21198086 1 0 1706815188
WALL 21198086 1 0 1706815189
WALL 21198086 1 0 1706815190
WALL 21198086 1 0 1706815191
WALL 21198086 1 0 1706815192
WALL 21198086 1 0 1706815193
WALL 21198086 1 0 1706815194
WALL 21198086 1 0 1706815195
WALL 21198086 1 0 1706815196
WALL 21198086 1 0 1706815197
WALL 21198086 1 0 1706815198
WALL 21198086 1 0 1706815199
WALL 21198086 1 0 1706815200
WALL 21198086 1 0 1706815201
WALL 21198086 1 0 1706815202
WALL 21198086 1 0 1706815203
WALL 21198086 1 0 1706815204
WALL 21198086 1 0 1706815205
WALL 21198086 1 0 1706815206
WALL 21198086 1 0 1706815207
WALL 21198086 1 0 1706815208
WALL 21198086 1 0 1706815209
WALL 21198086 1 0 1706815210
WALL 21198086 1 0 1706815211
WALL 21198086 1 0 1706815212
WALL 21198086 1 0 1706815213
WALL 21198086 1 0 1706815214
WALL 21198086 1 0 1706815215
WALL 21198086 1 0 1706815216
WALL 21198086 1 0 1706815217
WALL 21198086 1 0 1706815218
WALL 21198086 1 0 1706815219
WALL 21198086 1 0 1706815220
WALL 21198086 1 0 1706815221
WALL 21198086 1 0 1706815222
WALL 21198086 1 0 1706815223
WALL 21198086 1 0 1706815224
WALL 21198086 1 0 1706815225
WALL 21198086 1 0 1706815226
WALL 21198086 1 0 1706815227
WALL 21198086 1 0 1706815228
WALL 21198086 1 0 1706815229
WALL 21198086 1 0 1706815230
WALL 21198086 1 0 1706815231
WALL 21198086 1 0 1706815232
WALL 21198086 1 0 1706815233
WALL 21198086 1 0 1706815234
WALL 21198086 1 0 1706815235
WALL 21198086 1 0 1706815236
WALL 21198086 1 0 1706815237
WALL 21198086 1 0 1706815238
WALL 21198086 1 0 1706815239
WALL 21198086 1 0 1706815240
WALL 21198086 1 0 1706815241
WALL 21198086 1 0 1706815242
WALL 21198086 1 0 1706815243
WALL 21198086 1 0 1706815244
WALL 21198086 1 0 1706815245
WALL 21198086 1 0 1706815246
WALL 21198086 1 0 1706815247
WALL 21198086 1 0 1706815248
WALL 21198086 1 0 1706815249
WALL 21198086 1 0 1706815250
WALL 21198086 1 0 1706815251
WALL 21198086 1 0 1706815252
WALL 21198086 1 0 1706815253
WALL 21198086 1 0 1706815254
WALL 21198086 1 0 1706815255
WALL 21198086 1 0 1706815256
WALL 21198086 1 0 1706815257
WALL 21198086 1 0 1706815258
WALL 21198086 1 0 1706815259
WALL 21198086 1 0 1706815260
WALL 21198086 1 0 1706815261
WALL 21198086 1 0 1706815262
WALL 21198086 1 0 1706815263
WALL 21198086 1 0 1706815264
WALL 21198086 1 0 1706815265
WALL 21198086 1 0 1706815266
WALL 21198086 1 0 1706815267
WALL 21198086 1 0 1706815268
WALL 21198086 1 0 1706815269
WALL 21198086 1 0 1706815270
WALL 21198086 1 0 1706815271
WALL 21198086 1 0 1706815272
WALL 21198086 1 0 1706815273
WALL 21198086 1 0 1706815274
WALL 21198086 1 0 1706815275
WALL 21198086 1 0 1706815276
WALL 21198086 1 0 1706815277
WALL 21198086 1 0 1706815278
WALL 21198086 1 0 1706815279
WALL 21198086 1 0 1706815280
WALL 21198086 1 0 1706815281
WALL 21198086 1 0 1706815282
WALL 21198086 1 0 1706815283
WALL 21198086 1 0 1706815284
WALL 21198086 1 0 1706815285
WALL 21198086 1 0 1706815286
WALL 21198086 1 0 1706815287
WALL 21198086 1 0 1706815288
WALL 21198086 1 0 1706815289
WALL 21198086 1 0 1706815290
WALL 21198086 1 0 1706815291
WALL 21198086 1 0 1706815292
WALL 21198086 1 0 1706815293
WALL 21198086 1 0 1706815294
WALL 21198086 1 0 1706815295
WALL 21198086 1 0 1706815296
WALL 21198086 1 0 1706815297
WALL 21198086 1 0 1706815298
WALL 21198086 1 0 1706815299
WALL 21198086 1 0 1706815300
WALL 21198086 1 0 1706815301
WALL 21198086 1 0 1706815302
WALL 21198086 1 0 1706815303
WALL 21198086 1 0 1706815304
WALL 21198086 1 0 1706815305
WALL 21198086 1 0 1706815306
WALL 21198086 1 0 1706815307
WALL 21198086 1 0 1706815308
WALL 21198086 1 0 1706815309
WALL 21198086 1 0 1706815310
WALL 21198086 1 0 1706815311
WALL 21198086 1 0 1706815312
WALL 21198086 1 0 1706815313
WALL 21198086 1 0 1706815314
WALL 21198086 1 0 1706815315
WALL 21198086 1 0 1706815316
WALL 21198086 1 0 1706815317
WALL 21198086 1 0 1706815318
WALL 21198086 1 0 1706815319
WALL 21198086 1 0 1706815320
WALL 21198086 1 0 1706815321
WALL 21198086 1 0 1706815322
WALL 21198086 1 0 1706815323
WALL 21198086 1 0 1706815324
WALL 21198086 1 0 1706815325
WALL 21198086 1 0 1706815326
WALL 21198086 1 0 1706815327
WALL 21198086 1 0 1706815328
WALL 21198086 1 0 1706815329
WALL 21198086 1 0 1706815330
WALL 21198086 1 0 1706815331
WALL 21198086 1 0 1706815332
WALL 21198086 1 0 1706815333
WALL 21198086 1 0 1706815334
WALL 21198086 1 0 1706815335
WALL 21198086 1 0 1706815336
WALL 21198086 1 0 1706815337
WALL 21198086 1 0 1706815338
WALL 21198086 1 0 1706815339
WALL 21198086 1 0 1706815340
WALL 21198086 1 0 1706815341
WALL 21198086 1 0 1706815342
WALL 21198086 1 0 1706815343
WALL 21198086 1 0 1706815344
WALL 21198086 1 0 1706815345
WALL 21198086 1 0 1706815346
WALL 21198086 1 0 1706815347
WALL 21198086 1 0 1706815348
WALL 21198086 1 0 1706815349
WALL 21198086 1 0 1706815350
WALL 21198086 1 0 1706815351
WALL 21198086 1 0 1706815352
WALL 21198086 1 0 1706815353
WALL 21198086 1 0 1706815354
WALL 21198086 1 0 1706815355
WALL 21198086 1 0 1706815356
WALL 21198086 1 0 1706815357
WALL 21198086 1 0 1706815358
WALL 21198086 1 0 1706815359
WALL 21198086 1 0 1706815360
WALL 21198086 1 0 1706815361
WALL 21198086 1 0 1706815362
WALL 21198086 1 0 1706815363
WALL 21198086 1 0 1706815364
WALL 21198086 1 0 1706815365
WALL 21198086 1 0 1706815366
WALL 21198086 1 0 1706815367
WALL 21198086 1 0 1706815368
WALL 21198086 1 0 1706815369
WALL 21198086 1 0 1706815370
WALL 21198086 1 0 1706815371
WALL 21198086 1 0 1706815372
WALL 21198086 1 0 1706815373
WALL 21198086 1 0 1706815374
WALL 21198086 1 0 1706815375
WALL 21198086 1 0 1706815376
WALL 21198086 1 0 1706815377
WALL 21198086 1 0 1706815378
WALL 21198086 1 0 1706815379
WALL 21198086 1 0 1706815380
WALL 21198086 1 0 1706815381
WALL 21198086 1 0 1706815382
WALL 21198086 1 0 1706815383
WALL 21198086 1 0 1706815384
WALL 21198086 1 0 1706815385
WALL 21198086 1 0 1706815386
WALL 21198086 1 0 1706815387
WALL 21198086 1 0 1706815388
WALL 21198086 1 0 1706815389
WALL 21198086 1 0 1706815390
WALL 21198086 1 0 1706815391
WALL 21198086 1 0 1706815392
received SIGCONT 1706815392
WALL 21198086 1 0 1706815392
slurmstepd: error: *** STEP 21198086.0 ON nid200009 CANCELLED AT 2024-02-01T19:23:12 ***
received SIGTERM 1706815392
WALL 21198086 1 0 1706815392
WALL 21198086 1 0 1706815393
WALL 21198086 1 0 1706815394
WALL 21198086 1 0 1706815395
WALL 21198086 1 0 1706815396
WALL 21198086 1 0 1706815397
WALL 21198086 1 0 1706815398
WALL 21198086 1 0 1706815399
WALL 21198086 1 0 1706815400
WALL 21198086 1 0 1706815401
WALL 21198086 1 0 1706815402
WALL 21198086 1 0 1706815403
WALL 21198086 1 0 1706815404
WALL 21198086 1 0 1706815405
WALL 21198086 1 0 1706815406
WALL 21198086 1 0 1706815407
WALL 21198086 1 0 1706815408
WALL 21198086 1 0 1706815409
WALL 21198086 1 0 1706815410
WALL 21198086 1 0 1706815411
WALL 21198086 1 0 1706815412
WALL 21198086 1 0 1706815413
WALL 21198086 1 0 1706815414
WALL 21198086 1 0 1706815415
WALL 21198086 1 0 1706815416
WALL 21198086 1 0 1706815417
WALL 21198086 1 0 1706815418
WALL 21198086 1 0 1706815419
WALL 21198086 1 0 1706815420
WALL 21198086 1 0 1706815421
WALL 21198086 1 0 1706815422
WALL 21198086 1 0 1706815423
WALL 21198086 1 0 1706815424
WALL 21198086 1 0 1706815425
WALL 21198086 1 0 1706815426
WALL 21198086 1 0 1706815427
WALL 21198086 1 0 1706815428
WALL 21198086 1 0 1706815429
WALL 21198086 1 0 1706815430
WALL 21198086 1 0 1706815431
WALL 21198086 1 0 1706815432
WALL 21198086 1 0 1706815433
WALL 21198086 1 0 1706815434
WALL 21198086 1 0 1706815435
WALL 21198086 1 0 1706815436
WALL 21198086 1 0 1706815437
WALL 21198086 1 0 1706815438
WALL 21198086 1 0 1706815439
WALL 21198086 1 0 1706815440
WALL 21198086 1 0 1706815441
WALL 21198086 1 0 1706815442
WALL 21198086 1 0 1706815443
WALL 21198086 1 0 1706815444
WALL 21198086 1 0 1706815445
WALL 21198086 1 0 1706815446
WALL 21198086 1 0 1706815447
WALL 21198086 1 0 1706815448
WALL 21198086 1 0 1706815449
WALL 21198086 1 0 1706815450
WALL 21198086 1 0 1706815451
WALL 21198086 1 0 1706815452
WALL 21198086 1 0 1706815453
WALL 21198086 1 0 1706815454
WALL 21198086 1 0 1706815455
WALL 21198086 1 0 1706815456
slurmstepd: error: *** JOB 21198086 ON nid200009 CANCELLED AT 2024-02-01T19:24:17 DUE TO PREEMPTION ***
received SIGTERM 1706815457
WALL 21198086 1 0 1706815457
received SIGCONT 1706815457
WALL 21198086 1 0 1706815457
received SIGTERM 1706815457
WALL 21198086 1 0 1706815457
srun: Job step aborted: Waiting up to 32 seconds for job step to finish.
