srun: warning: can't run 1 processes on 8 nodes, setting nnodes to 1
WALL 21195358 1 0 1706813265
WALL 21195358 1 0 1706813266
WALL 21195358 1 0 1706813267
WALL 21195358 1 0 1706813268
WALL 21195358 1 0 1706813269
WALL 21195358 1 0 1706813270
WALL 21195358 1 0 1706813271
WALL 21195358 1 0 1706813272
WALL 21195358 1 0 1706813273
WALL 21195358 1 0 1706813274
WALL 21195358 1 0 1706813275
WALL 21195358 1 0 1706813276
WALL 21195358 1 0 1706813277
WALL 21195358 1 0 1706813278
WALL 21195358 1 0 1706813279
WALL 21195358 1 0 1706813280
WALL 21195358 1 0 1706813281
WALL 21195358 1 0 1706813282
WALL 21195358 1 0 1706813283
WALL 21195358 1 0 1706813284
WALL 21195358 1 0 1706813285
WALL 21195358 1 0 1706813286
WALL 21195358 1 0 1706813287
WALL 21195358 1 0 1706813288
WALL 21195358 1 0 1706813289
WALL 21195358 1 0 1706813290
WALL 21195358 1 0 1706813291
WALL 21195358 1 0 1706813292
WALL 21195358 1 0 1706813293
WALL 21195358 1 0 1706813294
WALL 21195358 1 0 1706813295
WALL 21195358 1 0 1706813296
WALL 21195358 1 0 1706813297
WALL 21195358 1 0 1706813298
WALL 21195358 1 0 1706813299
WALL 21195358 1 0 1706813300
WALL 21195358 1 0 1706813301
WALL 21195358 1 0 1706813302
WALL 21195358 1 0 1706813303
WALL 21195358 1 0 1706813304
WALL 21195358 1 0 1706813305
WALL 21195358 1 0 1706813306
WALL 21195358 1 0 1706813307
WALL 21195358 1 0 1706813308
WALL 21195358 1 0 1706813309
WALL 21195358 1 0 1706813310
WALL 21195358 1 0 1706813311
WALL 21195358 1 0 1706813312
WALL 21195358 1 0 1706813313
WALL 21195358 1 0 1706813314
WALL 21195358 1 0 1706813315
WALL 21195358 1 0 1706813316
WALL 21195358 1 0 1706813317
WALL 21195358 1 0 1706813318
WALL 21195358 1 0 1706813319
WALL 21195358 1 0 1706813320
WALL 21195358 1 0 1706813321
WALL 21195358 1 0 1706813322
WALL 21195358 1 0 1706813323
WALL 21195358 1 0 1706813324
WALL 21195358 1 0 1706813325
WALL 21195358 1 0 1706813326
WALL 21195358 1 0 1706813327
WALL 21195358 1 0 1706813328
WALL 21195358 1 0 1706813329
WALL 21195358 1 0 1706813330
WALL 21195358 1 0 1706813331
WALL 21195358 1 0 1706813332
WALL 21195358 1 0 1706813333
WALL 21195358 1 0 1706813334
WALL 21195358 1 0 1706813335
WALL 21195358 1 0 1706813336
WALL 21195358 1 0 1706813337
WALL 21195358 1 0 1706813338
WALL 21195358 1 0 1706813339
WALL 21195358 1 0 1706813340
WALL 21195358 1 0 1706813341
WALL 21195358 1 0 1706813342
WALL 21195358 1 0 1706813343
WALL 21195358 1 0 1706813344
WALL 21195358 1 0 1706813345
WALL 21195358 1 0 1706813346
WALL 21195358 1 0 1706813347
WALL 21195358 1 0 1706813348
WALL 21195358 1 0 1706813349
WALL 21195358 1 0 1706813350
WALL 21195358 1 0 1706813351
WALL 21195358 1 0 1706813352
WALL 21195358 1 0 1706813353
WALL 21195358 1 0 1706813354
WALL 21195358 1 0 1706813355
WALL 21195358 1 0 1706813356
WALL 21195358 1 0 1706813357
WALL 21195358 1 0 1706813358
WALL 21195358 1 0 1706813359
WALL 21195358 1 0 1706813360
WALL 21195358 1 0 1706813361
WALL 21195358 1 0 1706813362
WALL 21195358 1 0 1706813363
WALL 21195358 1 0 1706813364
WALL 21195358 1 0 1706813365
WALL 21195358 1 0 1706813366
WALL 21195358 1 0 1706813367
WALL 21195358 1 0 1706813368
WALL 21195358 1 0 1706813369
WALL 21195358 1 0 1706813370
WALL 21195358 1 0 1706813371
WALL 21195358 1 0 1706813372
WALL 21195358 1 0 1706813373
WALL 21195358 1 0 1706813374
WALL 21195358 1 0 1706813375
WALL 21195358 1 0 1706813376
WALL 21195358 1 0 1706813377
WALL 21195358 1 0 1706813378
WALL 21195358 1 0 1706813379
WALL 21195358 1 0 1706813380
received SIGCONT 1706813381
WALL 21195358 1 0 1706813381
slurmstepd: error: *** STEP 21195358.0 ON nid200010 CANCELLED AT 2024-02-01T18:49:41 ***
received SIGTERM 1706813381
WALL 21195358 1 0 1706813381
WALL 21195358 1 0 1706813382
WALL 21195358 1 0 1706813383
WALL 21195358 1 0 1706813384
WALL 21195358 1 0 1706813385
WALL 21195358 1 0 1706813386
WALL 21195358 1 0 1706813387
WALL 21195358 1 0 1706813388
WALL 21195358 1 0 1706813389
WALL 21195358 1 0 1706813390
WALL 21195358 1 0 1706813391
WALL 21195358 1 0 1706813392
WALL 21195358 1 0 1706813393
WALL 21195358 1 0 1706813394
WALL 21195358 1 0 1706813395
WALL 21195358 1 0 1706813396
WALL 21195358 1 0 1706813397
WALL 21195358 1 0 1706813398
WALL 21195358 1 0 1706813399
WALL 21195358 1 0 1706813400
WALL 21195358 1 0 1706813401
WALL 21195358 1 0 1706813402
WALL 21195358 1 0 1706813403
WALL 21195358 1 0 1706813404
WALL 21195358 1 0 1706813405
WALL 21195358 1 0 1706813406
WALL 21195358 1 0 1706813407
WALL 21195358 1 0 1706813408
WALL 21195358 1 0 1706813409
WALL 21195358 1 0 1706813410
WALL 21195358 1 0 1706813411
WALL 21195358 1 0 1706813412
WALL 21195358 1 0 1706813413
WALL 21195358 1 0 1706813414
WALL 21195358 1 0 1706813415
WALL 21195358 1 0 1706813416
WALL 21195358 1 0 1706813417
WALL 21195358 1 0 1706813418
WALL 21195358 1 0 1706813419
WALL 21195358 1 0 1706813420
WALL 21195358 1 0 1706813421
WALL 21195358 1 0 1706813422
WALL 21195358 1 0 1706813423
WALL 21195358 1 0 1706813424
WALL 21195358 1 0 1706813425
WALL 21195358 1 0 1706813426
WALL 21195358 1 0 1706813427
WALL 21195358 1 0 1706813428
WALL 21195358 1 0 1706813429
WALL 21195358 1 0 1706813430
WALL 21195358 1 0 1706813431
WALL 21195358 1 0 1706813432
WALL 21195358 1 0 1706813433
WALL 21195358 1 0 1706813434
WALL 21195358 1 0 1706813435
WALL 21195358 1 0 1706813436
WALL 21195358 1 0 1706813437
WALL 21195358 1 0 1706813438
WALL 21195358 1 0 1706813439
WALL 21195358 1 0 1706813440
WALL 21195358 1 0 1706813441
WALL 21195358 1 0 1706813442
WALL 21195358 1 0 1706813443
slurmstepd: error: *** JOB 21195358 ON nid200010 CANCELLED AT 2024-02-01T18:50:44 DUE TO PREEMPTION ***
received SIGTERM 1706813444
WALL 21195358 1 0 1706813444
received SIGCONT 1706813444
WALL 21195358 1 0 1706813444
received SIGTERM 1706813444
WALL 21195358 1 0 1706813444
