WALL 21088874 1 0 1706661105
WALL 21088874 1 0 1706661106
WALL 21088874 1 0 1706661107
WALL 21088874 1 0 1706661108
WALL 21088874 1 0 1706661109
WALL 21088874 1 0 1706661110
WALL 21088874 1 0 1706661111
WALL 21088874 1 0 1706661112
WALL 21088874 1 0 1706661113
WALL 21088874 1 0 1706661114
WALL 21088874 1 0 1706661115
WALL 21088874 1 0 1706661116
WALL 21088874 1 0 1706661117
WALL 21088874 1 0 1706661118
WALL 21088874 1 0 1706661119
WALL 21088874 1 0 1706661120
WALL 21088874 1 0 1706661121
WALL 21088874 1 0 1706661122
WALL 21088874 1 0 1706661123
WALL 21088874 1 0 1706661124
WALL 21088874 1 0 1706661125
WALL 21088874 1 0 1706661126
WALL 21088874 1 0 1706661127
WALL 21088874 1 0 1706661128
WALL 21088874 1 0 1706661129
WALL 21088874 1 0 1706661130
WALL 21088874 1 0 1706661131
WALL 21088874 1 0 1706661132
WALL 21088874 1 0 1706661133
WALL 21088874 1 0 1706661134
WALL 21088874 1 0 1706661135
WALL 21088874 1 0 1706661136
WALL 21088874 1 0 1706661137
WALL 21088874 1 0 1706661138
WALL 21088874 1 0 1706661139
WALL 21088874 1 0 1706661140
WALL 21088874 1 0 1706661141
WALL 21088874 1 0 1706661142
WALL 21088874 1 0 1706661143
WALL 21088874 1 0 1706661144
WALL 21088874 1 0 1706661145
WALL 21088874 1 0 1706661146
WALL 21088874 1 0 1706661147
WALL 21088874 1 0 1706661148
WALL 21088874 1 0 1706661149
WALL 21088874 1 0 1706661150
WALL 21088874 1 0 1706661151
WALL 21088874 1 0 1706661152
WALL 21088874 1 0 1706661153
WALL 21088874 1 0 1706661154
WALL 21088874 1 0 1706661155
WALL 21088874 1 0 1706661156
WALL 21088874 1 0 1706661157
WALL 21088874 1 0 1706661158
WALL 21088874 1 0 1706661159
WALL 21088874 1 0 1706661160
WALL 21088874 1 0 1706661161
WALL 21088874 1 0 1706661162
WALL 21088874 1 0 1706661163
WALL 21088874 1 0 1706661164
WALL 21088874 1 0 1706661165
WALL 21088874 1 0 1706661166
WALL 21088874 1 0 1706661167
WALL 21088874 1 0 1706661168
WALL 21088874 1 0 1706661169
received SIGCONT 1706661169
WALL 21088874 1 0 1706661169
slurmstepd: error: *** STEP 21088874.0 ON nid200197 CANCELLED AT 2024-01-31T00:32:49 ***
received SIGTERM 1706661169
WALL 21088874 1 0 1706661169
WALL 21088874 1 0 1706661170
WALL 21088874 1 0 1706661171
WALL 21088874 1 0 1706661172
WALL 21088874 1 0 1706661173
WALL 21088874 1 0 1706661174
WALL 21088874 1 0 1706661175
WALL 21088874 1 0 1706661176
WALL 21088874 1 0 1706661177
WALL 21088874 1 0 1706661178
WALL 21088874 1 0 1706661179
WALL 21088874 1 0 1706661180
WALL 21088874 1 0 1706661181
WALL 21088874 1 0 1706661182
WALL 21088874 1 0 1706661183
WALL 21088874 1 0 1706661184
WALL 21088874 1 0 1706661185
WALL 21088874 1 0 1706661186
WALL 21088874 1 0 1706661187
WALL 21088874 1 0 1706661188
WALL 21088874 1 0 1706661189
WALL 21088874 1 0 1706661190
WALL 21088874 1 0 1706661191
WALL 21088874 1 0 1706661192
WALL 21088874 1 0 1706661193
WALL 21088874 1 0 1706661194
WALL 21088874 1 0 1706661195
WALL 21088874 1 0 1706661196
WALL 21088874 1 0 1706661197
WALL 21088874 1 0 1706661198
WALL 21088874 1 0 1706661199
WALL 21088874 1 0 1706661200
WALL 21088874 1 0 1706661201
WALL 21088874 1 0 1706661202
WALL 21088874 1 0 1706661203
WALL 21088874 1 0 1706661204
WALL 21088874 1 0 1706661205
WALL 21088874 1 0 1706661206
WALL 21088874 1 0 1706661207
WALL 21088874 1 0 1706661208
WALL 21088874 1 0 1706661209
WALL 21088874 1 0 1706661210
WALL 21088874 1 0 1706661211
WALL 21088874 1 0 1706661212
WALL 21088874 1 0 1706661213
WALL 21088874 1 0 1706661214
WALL 21088874 1 0 1706661215
WALL 21088874 1 0 1706661216
WALL 21088874 1 0 1706661217
WALL 21088874 1 0 1706661218
WALL 21088874 1 0 1706661219
WALL 21088874 1 0 1706661220
WALL 21088874 1 0 1706661221
WALL 21088874 1 0 1706661222
WALL 21088874 1 0 1706661223
WALL 21088874 1 0 1706661224
WALL 21088874 1 0 1706661225
WALL 21088874 1 0 1706661226
WALL 21088874 1 0 1706661227
WALL 21088874 1 0 1706661228
WALL 21088874 1 0 1706661229
WALL 21088874 1 0 1706661230
WALL 21088874 1 0 1706661231
WALL 21088874 1 0 1706661232
WALL 21088874 1 0 1706661233
WALL 21088874 1 0 1706661234
WALL 21088874 1 0 1706661235
WALL 21088874 1 0 1706661236
WALL 21088874 1 0 1706661237
WALL 21088874 1 0 1706661238
WALL 21088874 1 0 1706661239
WALL 21088874 1 0 1706661240
WALL 21088874 1 0 1706661241
WALL 21088874 1 0 1706661242
WALL 21088874 1 0 1706661243
WALL 21088874 1 0 1706661244
WALL 21088874 1 0 1706661245
WALL 21088874 1 0 1706661246
WALL 21088874 1 0 1706661247
WALL 21088874 1 0 1706661248
WALL 21088874 1 0 1706661249
WALL 21088874 1 0 1706661250
WALL 21088874 1 0 1706661251
slurmstepd: error: *** JOB 21088874 ON nid200197 CANCELLED AT 2024-01-31T00:34:11 DUE TO PREEMPTION ***
received SIGTERM 1706661251
WALL 21088874 1 0 1706661251
received SIGCONT 1706661251
WALL 21088874 1 0 1706661251
received SIGTERM 1706661251
WALL 21088874 1 0 1706661251
