srun: warning: can't run 1 processes on 8 nodes, setting nnodes to 1
WALL 21249504 1 0 1706920638
WALL 21249504 1 0 1706920639
WALL 21249504 1 0 1706920640
WALL 21249504 1 0 1706920641
WALL 21249504 1 0 1706920642
WALL 21249504 1 0 1706920643
WALL 21249504 1 0 1706920644
WALL 21249504 1 0 1706920645
WALL 21249504 1 0 1706920646
WALL 21249504 1 0 1706920647
WALL 21249504 1 0 1706920648
WALL 21249504 1 0 1706920649
WALL 21249504 1 0 1706920650
WALL 21249504 1 0 1706920651
WALL 21249504 1 0 1706920652
WALL 21249504 1 0 1706920653
WALL 21249504 1 0 1706920654
WALL 21249504 1 0 1706920655
WALL 21249504 1 0 1706920656
WALL 21249504 1 0 1706920657
WALL 21249504 1 0 1706920658
WALL 21249504 1 0 1706920659
WALL 21249504 1 0 1706920660
WALL 21249504 1 0 1706920661
WALL 21249504 1 0 1706920662
WALL 21249504 1 0 1706920663
WALL 21249504 1 0 1706920664
WALL 21249504 1 0 1706920665
WALL 21249504 1 0 1706920666
WALL 21249504 1 0 1706920667
WALL 21249504 1 0 1706920668
WALL 21249504 1 0 1706920669
WALL 21249504 1 0 1706920670
WALL 21249504 1 0 1706920671
WALL 21249504 1 0 1706920672
WALL 21249504 1 0 1706920673
WALL 21249504 1 0 1706920674
WALL 21249504 1 0 1706920675
WALL 21249504 1 0 1706920676
WALL 21249504 1 0 1706920677
WALL 21249504 1 0 1706920678
WALL 21249504 1 0 1706920679
WALL 21249504 1 0 1706920680
WALL 21249504 1 0 1706920681
WALL 21249504 1 0 1706920682
WALL 21249504 1 0 1706920683
WALL 21249504 1 0 1706920684
WALL 21249504 1 0 1706920685
WALL 21249504 1 0 1706920686
WALL 21249504 1 0 1706920687
WALL 21249504 1 0 1706920688
WALL 21249504 1 0 1706920689
WALL 21249504 1 0 1706920690
WALL 21249504 1 0 1706920691
WALL 21249504 1 0 1706920692
WALL 21249504 1 0 1706920693
WALL 21249504 1 0 1706920694
WALL 21249504 1 0 1706920695
WALL 21249504 1 0 1706920696
WALL 21249504 1 0 1706920697
WALL 21249504 1 0 1706920698
WALL 21249504 1 0 1706920699
WALL 21249504 1 0 1706920700
WALL 21249504 1 0 1706920701
WALL 21249504 1 0 1706920702
WALL 21249504 1 0 1706920703
WALL 21249504 1 0 1706920704
WALL 21249504 1 0 1706920705
WALL 21249504 1 0 1706920706
WALL 21249504 1 0 1706920707
WALL 21249504 1 0 1706920708
WALL 21249504 1 0 1706920709
WALL 21249504 1 0 1706920710
WALL 21249504 1 0 1706920711
WALL 21249504 1 0 1706920712
WALL 21249504 1 0 1706920713
WALL 21249504 1 0 1706920714
WALL 21249504 1 0 1706920715
WALL 21249504 1 0 1706920716
WALL 21249504 1 0 1706920717
WALL 21249504 1 0 1706920718
WALL 21249504 1 0 1706920719
WALL 21249504 1 0 1706920720
WALL 21249504 1 0 1706920721
WALL 21249504 1 0 1706920722
WALL 21249504 1 0 1706920723
WALL 21249504 1 0 1706920724
WALL 21249504 1 0 1706920725
WALL 21249504 1 0 1706920726
WALL 21249504 1 0 1706920727
WALL 21249504 1 0 1706920728
WALL 21249504 1 0 1706920729
WALL 21249504 1 0 1706920730
WALL 21249504 1 0 1706920731
WALL 21249504 1 0 1706920732
WALL 21249504 1 0 1706920733
WALL 21249504 1 0 1706920734
WALL 21249504 1 0 1706920735
WALL 21249504 1 0 1706920736
WALL 21249504 1 0 1706920737
WALL 21249504 1 0 1706920738
WALL 21249504 1 0 1706920739
WALL 21249504 1 0 1706920740
WALL 21249504 1 0 1706920741
WALL 21249504 1 0 1706920742
WALL 21249504 1 0 1706920743
WALL 21249504 1 0 1706920744
WALL 21249504 1 0 1706920745
WALL 21249504 1 0 1706920746
WALL 21249504 1 0 1706920747
WALL 21249504 1 0 1706920748
WALL 21249504 1 0 1706920749
WALL 21249504 1 0 1706920750
WALL 21249504 1 0 1706920751
WALL 21249504 1 0 1706920752
WALL 21249504 1 0 1706920753
WALL 21249504 1 0 1706920754
WALL 21249504 1 0 1706920755
WALL 21249504 1 0 1706920756
WALL 21249504 1 0 1706920757
WALL 21249504 1 0 1706920758
WALL 21249504 1 0 1706920759
WALL 21249504 1 0 1706920760
WALL 21249504 1 0 1706920761
WALL 21249504 1 0 1706920762
WALL 21249504 1 0 1706920763
WALL 21249504 1 0 1706920764
WALL 21249504 1 0 1706920765
WALL 21249504 1 0 1706920766
WALL 21249504 1 0 1706920767
WALL 21249504 1 0 1706920768
WALL 21249504 1 0 1706920769
WALL 21249504 1 0 1706920770
WALL 21249504 1 0 1706920771
WALL 21249504 1 0 1706920772
WALL 21249504 1 0 1706920773
WALL 21249504 1 0 1706920774
WALL 21249504 1 0 1706920775
WALL 21249504 1 0 1706920776
WALL 21249504 1 0 1706920777
WALL 21249504 1 0 1706920778
WALL 21249504 1 0 1706920779
WALL 21249504 1 0 1706920780
WALL 21249504 1 0 1706920781
WALL 21249504 1 0 1706920782
WALL 21249504 1 0 1706920783
WALL 21249504 1 0 1706920784
WALL 21249504 1 0 1706920785
WALL 21249504 1 0 1706920786
WALL 21249504 1 0 1706920787
WALL 21249504 1 0 1706920788
WALL 21249504 1 0 1706920789
WALL 21249504 1 0 1706920790
WALL 21249504 1 0 1706920791
WALL 21249504 1 0 1706920792
WALL 21249504 1 0 1706920793
WALL 21249504 1 0 1706920794
WALL 21249504 1 0 1706920795
WALL 21249504 1 0 1706920796
WALL 21249504 1 0 1706920797
WALL 21249504 1 0 1706920798
WALL 21249504 1 0 1706920799
WALL 21249504 1 0 1706920800
WALL 21249504 1 0 1706920801
WALL 21249504 1 0 1706920802
WALL 21249504 1 0 1706920803
WALL 21249504 1 0 1706920804
WALL 21249504 1 0 1706920805
WALL 21249504 1 0 1706920806
WALL 21249504 1 0 1706920807
WALL 21249504 1 0 1706920808
WALL 21249504 1 0 1706920809
WALL 21249504 1 0 1706920810
WALL 21249504 1 0 1706920811
WALL 21249504 1 0 1706920812
WALL 21249504 1 0 1706920813
WALL 21249504 1 0 1706920814
WALL 21249504 1 0 1706920815
WALL 21249504 1 0 1706920816
WALL 21249504 1 0 1706920817
WALL 21249504 1 0 1706920818
WALL 21249504 1 0 1706920819
WALL 21249504 1 0 1706920820
WALL 21249504 1 0 1706920821
WALL 21249504 1 0 1706920822
WALL 21249504 1 0 1706920823
WALL 21249504 1 0 1706920824
WALL 21249504 1 0 1706920825
WALL 21249504 1 0 1706920826
WALL 21249504 1 0 1706920827
WALL 21249504 1 0 1706920828
WALL 21249504 1 0 1706920829
WALL 21249504 1 0 1706920830
WALL 21249504 1 0 1706920831
WALL 21249504 1 0 1706920832
WALL 21249504 1 0 1706920833
WALL 21249504 1 0 1706920834
WALL 21249504 1 0 1706920835
WALL 21249504 1 0 1706920836
WALL 21249504 1 0 1706920837
WALL 21249504 1 0 1706920838
WALL 21249504 1 0 1706920839
WALL 21249504 1 0 1706920840
WALL 21249504 1 0 1706920841
WALL 21249504 1 0 1706920842
WALL 21249504 1 0 1706920843
WALL 21249504 1 0 1706920844
WALL 21249504 1 0 1706920845
WALL 21249504 1 0 1706920846
WALL 21249504 1 0 1706920847
WALL 21249504 1 0 1706920848
WALL 21249504 1 0 1706920849
WALL 21249504 1 0 1706920850
WALL 21249504 1 0 1706920851
WALL 21249504 1 0 1706920852
WALL 21249504 1 0 1706920853
WALL 21249504 1 0 1706920854
WALL 21249504 1 0 1706920855
WALL 21249504 1 0 1706920856
WALL 21249504 1 0 1706920857
WALL 21249504 1 0 1706920858
WALL 21249504 1 0 1706920859
WALL 21249504 1 0 1706920860
WALL 21249504 1 0 1706920861
WALL 21249504 1 0 1706920862
WALL 21249504 1 0 1706920863
WALL 21249504 1 0 1706920864
WALL 21249504 1 0 1706920865
WALL 21249504 1 0 1706920866
WALL 21249504 1 0 1706920867
WALL 21249504 1 0 1706920868
WALL 21249504 1 0 1706920869
WALL 21249504 1 0 1706920870
WALL 21249504 1 0 1706920871
WALL 21249504 1 0 1706920872
WALL 21249504 1 0 1706920873
WALL 21249504 1 0 1706920874
WALL 21249504 1 0 1706920875
WALL 21249504 1 0 1706920876
WALL 21249504 1 0 1706920877
WALL 21249504 1 0 1706920878
WALL 21249504 1 0 1706920879
WALL 21249504 1 0 1706920880
WALL 21249504 1 0 1706920881
WALL 21249504 1 0 1706920882
WALL 21249504 1 0 1706920883
WALL 21249504 1 0 1706920884
WALL 21249504 1 0 1706920885
WALL 21249504 1 0 1706920886
WALL 21249504 1 0 1706920887
WALL 21249504 1 0 1706920888
WALL 21249504 1 0 1706920889
WALL 21249504 1 0 1706920890
WALL 21249504 1 0 1706920891
WALL 21249504 1 0 1706920892
WALL 21249504 1 0 1706920893
WALL 21249504 1 0 1706920894
WALL 21249504 1 0 1706920895
WALL 21249504 1 0 1706920896
WALL 21249504 1 0 1706920897
WALL 21249504 1 0 1706920898
WALL 21249504 1 0 1706920899
WALL 21249504 1 0 1706920900
WALL 21249504 1 0 1706920901
WALL 21249504 1 0 1706920902
WALL 21249504 1 0 1706920903
WALL 21249504 1 0 1706920904
WALL 21249504 1 0 1706920905
WALL 21249504 1 0 1706920906
WALL 21249504 1 0 1706920907
WALL 21249504 1 0 1706920908
WALL 21249504 1 0 1706920909
WALL 21249504 1 0 1706920910
WALL 21249504 1 0 1706920911
WALL 21249504 1 0 1706920912
WALL 21249504 1 0 1706920913
WALL 21249504 1 0 1706920914
WALL 21249504 1 0 1706920915
WALL 21249504 1 0 1706920916
WALL 21249504 1 0 1706920917
WALL 21249504 1 0 1706920918
WALL 21249504 1 0 1706920919
WALL 21249504 1 0 1706920920
WALL 21249504 1 0 1706920921
WALL 21249504 1 0 1706920922
WALL 21249504 1 0 1706920923
WALL 21249504 1 0 1706920924
WALL 21249504 1 0 1706920925
WALL 21249504 1 0 1706920926
WALL 21249504 1 0 1706920927
WALL 21249504 1 0 1706920928
WALL 21249504 1 0 1706920929
WALL 21249504 1 0 1706920930
WALL 21249504 1 0 1706920931
WALL 21249504 1 0 1706920932
WALL 21249504 1 0 1706920933
WALL 21249504 1 0 1706920934
WALL 21249504 1 0 1706920935
WALL 21249504 1 0 1706920936
WALL 21249504 1 0 1706920937
WALL 21249504 1 0 1706920938
WALL 21249504 1 0 1706920939
WALL 21249504 1 0 1706920940
WALL 21249504 1 0 1706920941
WALL 21249504 1 0 1706920942
WALL 21249504 1 0 1706920943
WALL 21249504 1 0 1706920944
WALL 21249504 1 0 1706920945
WALL 21249504 1 0 1706920946
WALL 21249504 1 0 1706920947
WALL 21249504 1 0 1706920948
WALL 21249504 1 0 1706920949
WALL 21249504 1 0 1706920950
WALL 21249504 1 0 1706920951
WALL 21249504 1 0 1706920952
WALL 21249504 1 0 1706920953
WALL 21249504 1 0 1706920954
WALL 21249504 1 0 1706920955
WALL 21249504 1 0 1706920956
WALL 21249504 1 0 1706920957
WALL 21249504 1 0 1706920958
WALL 21249504 1 0 1706920959
WALL 21249504 1 0 1706920960
WALL 21249504 1 0 1706920961
WALL 21249504 1 0 1706920962
WALL 21249504 1 0 1706920963
WALL 21249504 1 0 1706920964
WALL 21249504 1 0 1706920965
WALL 21249504 1 0 1706920966
WALL 21249504 1 0 1706920967
WALL 21249504 1 0 1706920968
WALL 21249504 1 0 1706920969
WALL 21249504 1 0 1706920970
WALL 21249504 1 0 1706920971
WALL 21249504 1 0 1706920972
WALL 21249504 1 0 1706920973
WALL 21249504 1 0 1706920974
WALL 21249504 1 0 1706920975
WALL 21249504 1 0 1706920976
WALL 21249504 1 0 1706920977
WALL 21249504 1 0 1706920978
WALL 21249504 1 0 1706920979
WALL 21249504 1 0 1706920980
WALL 21249504 1 0 1706920981
WALL 21249504 1 0 1706920982
WALL 21249504 1 0 1706920983
WALL 21249504 1 0 1706920984
WALL 21249504 1 0 1706920985
WALL 21249504 1 0 1706920986
received SIGCONT 1706920987
WALL 21249504 1 0 1706920987
slurmstepd: error: *** STEP 21249504.0 ON nid200002 CANCELLED AT 2024-02-03T00:43:07 ***
received SIGTERM 1706920987
WALL 21249504 1 0 1706920987
slurmstepd: error: *** JOB 21249504 ON nid200002 CANCELLED AT 2024-02-03T00:43:07 ***
