srun: warning: can't run 1 processes on 4 nodes, setting nnodes to 1
WALL 21195373 1 0 1706813356
WALL 21195373 1 0 1706813357
WALL 21195373 1 0 1706813358
WALL 21195373 1 0 1706813359
WALL 21195373 1 0 1706813360
WALL 21195373 1 0 1706813361
WALL 21195373 1 0 1706813362
WALL 21195373 1 0 1706813363
WALL 21195373 1 0 1706813364
WALL 21195373 1 0 1706813365
WALL 21195373 1 0 1706813366
WALL 21195373 1 0 1706813367
WALL 21195373 1 0 1706813368
WALL 21195373 1 0 1706813369
WALL 21195373 1 0 1706813370
WALL 21195373 1 0 1706813371
WALL 21195373 1 0 1706813372
WALL 21195373 1 0 1706813373
WALL 21195373 1 0 1706813374
WALL 21195373 1 0 1706813375
WALL 21195373 1 0 1706813376
WALL 21195373 1 0 1706813377
WALL 21195373 1 0 1706813378
WALL 21195373 1 0 1706813379
WALL 21195373 1 0 1706813380
WALL 21195373 1 0 1706813381
slurmstepd: error: *** STEP 21195373.0 ON nid200123 CANCELLED AT 2024-02-01T18:49:41 ***
received SIGCONT 1706813381
WALL 21195373 1 0 1706813381
received SIGTERM 1706813381
WALL 21195373 1 0 1706813381
WALL 21195373 1 0 1706813382
WALL 21195373 1 0 1706813383
WALL 21195373 1 0 1706813384
WALL 21195373 1 0 1706813385
WALL 21195373 1 0 1706813386
WALL 21195373 1 0 1706813387
WALL 21195373 1 0 1706813388
WALL 21195373 1 0 1706813389
WALL 21195373 1 0 1706813390
WALL 21195373 1 0 1706813391
WALL 21195373 1 0 1706813392
WALL 21195373 1 0 1706813393
WALL 21195373 1 0 1706813394
WALL 21195373 1 0 1706813395
WALL 21195373 1 0 1706813396
WALL 21195373 1 0 1706813397
WALL 21195373 1 0 1706813398
WALL 21195373 1 0 1706813399
WALL 21195373 1 0 1706813400
WALL 21195373 1 0 1706813401
WALL 21195373 1 0 1706813402
WALL 21195373 1 0 1706813403
WALL 21195373 1 0 1706813404
WALL 21195373 1 0 1706813405
WALL 21195373 1 0 1706813406
WALL 21195373 1 0 1706813407
WALL 21195373 1 0 1706813408
WALL 21195373 1 0 1706813409
WALL 21195373 1 0 1706813410
WALL 21195373 1 0 1706813411
WALL 21195373 1 0 1706813412
WALL 21195373 1 0 1706813413
WALL 21195373 1 0 1706813414
WALL 21195373 1 0 1706813415
WALL 21195373 1 0 1706813416
WALL 21195373 1 0 1706813417
WALL 21195373 1 0 1706813418
WALL 21195373 1 0 1706813419
WALL 21195373 1 0 1706813420
WALL 21195373 1 0 1706813421
WALL 21195373 1 0 1706813422
WALL 21195373 1 0 1706813423
WALL 21195373 1 0 1706813424
WALL 21195373 1 0 1706813425
WALL 21195373 1 0 1706813426
WALL 21195373 1 0 1706813427
WALL 21195373 1 0 1706813428
WALL 21195373 1 0 1706813429
WALL 21195373 1 0 1706813430
WALL 21195373 1 0 1706813431
WALL 21195373 1 0 1706813432
WALL 21195373 1 0 1706813433
WALL 21195373 1 0 1706813434
WALL 21195373 1 0 1706813435
WALL 21195373 1 0 1706813436
WALL 21195373 1 0 1706813437
WALL 21195373 1 0 1706813438
WALL 21195373 1 0 1706813439
WALL 21195373 1 0 1706813440
WALL 21195373 1 0 1706813441
WALL 21195373 1 0 1706813442
WALL 21195373 1 0 1706813443
slurmstepd: error: *** JOB 21195373 ON nid200123 CANCELLED AT 2024-02-01T18:50:44 DUE TO PREEMPTION ***
received SIGTERM 1706813444
WALL 21195373 1 0 1706813444
srun: Job step aborted: Waiting up to 32 seconds for job step to finish.
received SIGCONT 1706813444
WALL 21195373 1 0 1706813444
received SIGTERM 1706813444
WALL 21195373 1 0 1706813444
