WALL 21154439 1 0 1706744207
WALL 21154439 1 0 1706744208
WALL 21154439 1 0 1706744209
WALL 21154439 1 0 1706744210
WALL 21154439 1 0 1706744211
WALL 21154439 1 0 1706744212
WALL 21154439 1 0 1706744213
WALL 21154439 1 0 1706744214
WALL 21154439 1 0 1706744215
WALL 21154439 1 0 1706744216
WALL 21154439 1 0 1706744217
slurmstepd: error: *** STEP 21154439.0 ON nid200048 CANCELLED AT 2024-01-31T23:36:57 ***
received SIGTERM 1706744217
WALL 21154439 1 0 1706744217
received SIGCONT 1706744217
WALL 21154439 1 0 1706744217
WALL 21154439 1 0 1706744218
WALL 21154439 1 0 1706744219
WALL 21154439 1 0 1706744220
WALL 21154439 1 0 1706744221
WALL 21154439 1 0 1706744222
WALL 21154439 1 0 1706744223
WALL 21154439 1 0 1706744224
WALL 21154439 1 0 1706744225
WALL 21154439 1 0 1706744226
WALL 21154439 1 0 1706744227
WALL 21154439 1 0 1706744228
WALL 21154439 1 0 1706744229
WALL 21154439 1 0 1706744230
WALL 21154439 1 0 1706744231
WALL 21154439 1 0 1706744232
WALL 21154439 1 0 1706744233
WALL 21154439 1 0 1706744234
WALL 21154439 1 0 1706744235
WALL 21154439 1 0 1706744236
WALL 21154439 1 0 1706744237
WALL 21154439 1 0 1706744238
WALL 21154439 1 0 1706744239
WALL 21154439 1 0 1706744240
WALL 21154439 1 0 1706744241
WALL 21154439 1 0 1706744242
WALL 21154439 1 0 1706744243
WALL 21154439 1 0 1706744244
WALL 21154439 1 0 1706744245
WALL 21154439 1 0 1706744246
WALL 21154439 1 0 1706744247
WALL 21154439 1 0 1706744248
WALL 21154439 1 0 1706744249
WALL 21154439 1 0 1706744250
WALL 21154439 1 0 1706744251
WALL 21154439 1 0 1706744252
WALL 21154439 1 0 1706744253
WALL 21154439 1 0 1706744254
WALL 21154439 1 0 1706744255
WALL 21154439 1 0 1706744256
WALL 21154439 1 0 1706744257
WALL 21154439 1 0 1706744258
WALL 21154439 1 0 1706744259
WALL 21154439 1 0 1706744260
WALL 21154439 1 0 1706744261
WALL 21154439 1 0 1706744262
WALL 21154439 1 0 1706744263
WALL 21154439 1 0 1706744264
WALL 21154439 1 0 1706744265
WALL 21154439 1 0 1706744266
WALL 21154439 1 0 1706744267
WALL 21154439 1 0 1706744268
WALL 21154439 1 0 1706744269
WALL 21154439 1 0 1706744270
WALL 21154439 1 0 1706744271
WALL 21154439 1 0 1706744272
WALL 21154439 1 0 1706744273
WALL 21154439 1 0 1706744274
WALL 21154439 1 0 1706744275
WALL 21154439 1 0 1706744276
WALL 21154439 1 0 1706744277
WALL 21154439 1 0 1706744278
WALL 21154439 1 0 1706744279
WALL 21154439 1 0 1706744280
WALL 21154439 1 0 1706744281
WALL 21154439 1 0 1706744282
WALL 21154439 1 0 1706744283
WALL 21154439 1 0 1706744284
WALL 21154439 1 0 1706744285
WALL 21154439 1 0 1706744286
WALL 21154439 1 0 1706744287
WALL 21154439 1 0 1706744288
slurmstepd: error: *** JOB 21154439 ON nid200048 CANCELLED AT 2024-01-31T23:38:08 DUE TO PREEMPTION ***
received SIGTERM 1706744288
WALL 21154439 1 0 1706744288
received SIGCONT 1706744288
WALL 21154439 1 0 1706744288
received SIGTERM 1706744288
WALL 21154439 1 0 1706744288
