WALL 21155159 1 0 1706748216
WALL 21155159 1 0 1706748217
WALL 21155159 1 0 1706748218
WALL 21155159 1 0 1706748219
WALL 21155159 1 0 1706748220
WALL 21155159 1 0 1706748221
WALL 21155159 1 0 1706748222
WALL 21155159 1 0 1706748223
WALL 21155159 1 0 1706748224
WALL 21155159 1 0 1706748225
WALL 21155159 1 0 1706748226
WALL 21155159 1 0 1706748227
WALL 21155159 1 0 1706748228
WALL 21155159 1 0 1706748229
WALL 21155159 1 0 1706748230
WALL 21155159 1 0 1706748231
WALL 21155159 1 0 1706748232
WALL 21155159 1 0 1706748233
WALL 21155159 1 0 1706748234
WALL 21155159 1 0 1706748235
WALL 21155159 1 0 1706748236
WALL 21155159 1 0 1706748237
WALL 21155159 1 0 1706748238
WALL 21155159 1 0 1706748239
WALL 21155159 1 0 1706748240
WALL 21155159 1 0 1706748241
WALL 21155159 1 0 1706748242
WALL 21155159 1 0 1706748243
WALL 21155159 1 0 1706748244
WALL 21155159 1 0 1706748245
WALL 21155159 1 0 1706748246
WALL 21155159 1 0 1706748247
WALL 21155159 1 0 1706748248
WALL 21155159 1 0 1706748249
WALL 21155159 1 0 1706748250
WALL 21155159 1 0 1706748251
WALL 21155159 1 0 1706748252
WALL 21155159 1 0 1706748253
WALL 21155159 1 0 1706748254
WALL 21155159 1 0 1706748255
WALL 21155159 1 0 1706748256
WALL 21155159 1 0 1706748257
WALL 21155159 1 0 1706748258
WALL 21155159 1 0 1706748259
WALL 21155159 1 0 1706748260
WALL 21155159 1 0 1706748261
WALL 21155159 1 0 1706748262
WALL 21155159 1 0 1706748263
WALL 21155159 1 0 1706748264
WALL 21155159 1 0 1706748265
WALL 21155159 1 0 1706748266
WALL 21155159 1 0 1706748267
WALL 21155159 1 0 1706748268
WALL 21155159 1 0 1706748269
WALL 21155159 1 0 1706748270
WALL 21155159 1 0 1706748271
WALL 21155159 1 0 1706748272
WALL 21155159 1 0 1706748273
WALL 21155159 1 0 1706748274
WALL 21155159 1 0 1706748275
WALL 21155159 1 0 1706748276
WALL 21155159 1 0 1706748277
WALL 21155159 1 0 1706748278
WALL 21155159 1 0 1706748279
WALL 21155159 1 0 1706748280
WALL 21155159 1 0 1706748281
WALL 21155159 1 0 1706748282
WALL 21155159 1 0 1706748283
WALL 21155159 1 0 1706748284
WALL 21155159 1 0 1706748285
WALL 21155159 1 0 1706748286
WALL 21155159 1 0 1706748287
WALL 21155159 1 0 1706748288
WALL 21155159 1 0 1706748289
WALL 21155159 1 0 1706748290
WALL 21155159 1 0 1706748291
WALL 21155159 1 0 1706748292
WALL 21155159 1 0 1706748293
WALL 21155159 1 0 1706748294
WALL 21155159 1 0 1706748295
WALL 21155159 1 0 1706748296
WALL 21155159 1 0 1706748297
WALL 21155159 1 0 1706748298
WALL 21155159 1 0 1706748299
WALL 21155159 1 0 1706748300
WALL 21155159 1 0 1706748301
WALL 21155159 1 0 1706748302
WALL 21155159 1 0 1706748303
WALL 21155159 1 0 1706748304
WALL 21155159 1 0 1706748305
WALL 21155159 1 0 1706748306
WALL 21155159 1 0 1706748307
WALL 21155159 1 0 1706748308
WALL 21155159 1 0 1706748309
WALL 21155159 1 0 1706748310
WALL 21155159 1 0 1706748311
WALL 21155159 1 0 1706748312
WALL 21155159 1 0 1706748313
WALL 21155159 1 0 1706748314
WALL 21155159 1 0 1706748315
WALL 21155159 1 0 1706748316
WALL 21155159 1 0 1706748317
WALL 21155159 1 0 1706748318
WALL 21155159 1 0 1706748319
WALL 21155159 1 0 1706748320
WALL 21155159 1 0 1706748321
WALL 21155159 1 0 1706748322
WALL 21155159 1 0 1706748323
WALL 21155159 1 0 1706748324
WALL 21155159 1 0 1706748325
WALL 21155159 1 0 1706748326
WALL 21155159 1 0 1706748327
WALL 21155159 1 0 1706748328
WALL 21155159 1 0 1706748329
WALL 21155159 1 0 1706748330
WALL 21155159 1 0 1706748331
WALL 21155159 1 0 1706748332
WALL 21155159 1 0 1706748333
WALL 21155159 1 0 1706748334
WALL 21155159 1 0 1706748335
WALL 21155159 1 0 1706748336
WALL 21155159 1 0 1706748337
WALL 21155159 1 0 1706748338
WALL 21155159 1 0 1706748339
WALL 21155159 1 0 1706748340
WALL 21155159 1 0 1706748341
WALL 21155159 1 0 1706748342
WALL 21155159 1 0 1706748343
WALL 21155159 1 0 1706748344
WALL 21155159 1 0 1706748345
WALL 21155159 1 0 1706748346
WALL 21155159 1 0 1706748347
WALL 21155159 1 0 1706748348
WALL 21155159 1 0 1706748349
WALL 21155159 1 0 1706748350
WALL 21155159 1 0 1706748351
WALL 21155159 1 0 1706748352
WALL 21155159 1 0 1706748353
WALL 21155159 1 0 1706748354
WALL 21155159 1 0 1706748355
WALL 21155159 1 0 1706748356
WALL 21155159 1 0 1706748357
WALL 21155159 1 0 1706748358
WALL 21155159 1 0 1706748359
WALL 21155159 1 0 1706748360
WALL 21155159 1 0 1706748361
WALL 21155159 1 0 1706748362
received SIGCONT 1706748362
WALL 21155159 1 0 1706748362
slurmstepd: error: *** STEP 21155159.0 ON nid200000 CANCELLED AT 2024-02-01T00:46:02 ***
received SIGTERM 1706748362
WALL 21155159 1 0 1706748362
WALL 21155159 1 0 1706748363
WALL 21155159 1 0 1706748364
WALL 21155159 1 0 1706748365
WALL 21155159 1 0 1706748366
WALL 21155159 1 0 1706748367
WALL 21155159 1 0 1706748368
WALL 21155159 1 0 1706748369
WALL 21155159 1 0 1706748370
WALL 21155159 1 0 1706748371
WALL 21155159 1 0 1706748372
WALL 21155159 1 0 1706748373
WALL 21155159 1 0 1706748374
WALL 21155159 1 0 1706748375
WALL 21155159 1 0 1706748376
WALL 21155159 1 0 1706748377
WALL 21155159 1 0 1706748378
WALL 21155159 1 0 1706748379
WALL 21155159 1 0 1706748380
WALL 21155159 1 0 1706748381
WALL 21155159 1 0 1706748382
WALL 21155159 1 0 1706748383
WALL 21155159 1 0 1706748384
WALL 21155159 1 0 1706748385
WALL 21155159 1 0 1706748386
WALL 21155159 1 0 1706748387
WALL 21155159 1 0 1706748388
WALL 21155159 1 0 1706748389
WALL 21155159 1 0 1706748390
WALL 21155159 1 0 1706748391
WALL 21155159 1 0 1706748392
WALL 21155159 1 0 1706748393
WALL 21155159 1 0 1706748394
WALL 21155159 1 0 1706748395
WALL 21155159 1 0 1706748396
WALL 21155159 1 0 1706748397
WALL 21155159 1 0 1706748398
WALL 21155159 1 0 1706748399
WALL 21155159 1 0 1706748400
WALL 21155159 1 0 1706748401
WALL 21155159 1 0 1706748402
WALL 21155159 1 0 1706748403
WALL 21155159 1 0 1706748404
WALL 21155159 1 0 1706748405
WALL 21155159 1 0 1706748406
WALL 21155159 1 0 1706748407
WALL 21155159 1 0 1706748408
WALL 21155159 1 0 1706748409
WALL 21155159 1 0 1706748410
WALL 21155159 1 0 1706748411
WALL 21155159 1 0 1706748412
WALL 21155159 1 0 1706748413
WALL 21155159 1 0 1706748414
WALL 21155159 1 0 1706748415
WALL 21155159 1 0 1706748416
WALL 21155159 1 0 1706748417
WALL 21155159 1 0 1706748418
WALL 21155159 1 0 1706748419
WALL 21155159 1 0 1706748420
WALL 21155159 1 0 1706748421
WALL 21155159 1 0 1706748422
WALL 21155159 1 0 1706748423
WALL 21155159 1 0 1706748424
WALL 21155159 1 0 1706748425
WALL 21155159 1 0 1706748426
WALL 21155159 1 0 1706748427
WALL 21155159 1 0 1706748428
WALL 21155159 1 0 1706748429
WALL 21155159 1 0 1706748430
WALL 21155159 1 0 1706748431
WALL 21155159 1 0 1706748432
WALL 21155159 1 0 1706748433
WALL 21155159 1 0 1706748434
slurmstepd: error: *** JOB 21155159 ON nid200000 CANCELLED AT 2024-02-01T00:47:15 DUE TO PREEMPTION ***
received SIGTERM 1706748435
WALL 21155159 1 0 1706748435
received SIGCONT 1706748435
