srun: warning: can't run 1 processes on 8 nodes, setting nnodes to 1
WALL 21206534 1 0 1706820421
WALL 21206534 1 0 1706820422
WALL 21206534 1 0 1706820423
WALL 21206534 1 0 1706820424
WALL 21206534 1 0 1706820425
WALL 21206534 1 0 1706820426
WALL 21206534 1 0 1706820427
WALL 21206534 1 0 1706820428
WALL 21206534 1 0 1706820429
WALL 21206534 1 0 1706820430
WALL 21206534 1 0 1706820431
WALL 21206534 1 0 1706820432
WALL 21206534 1 0 1706820433
WALL 21206534 1 0 1706820434
WALL 21206534 1 0 1706820435
WALL 21206534 1 0 1706820436
WALL 21206534 1 0 1706820437
WALL 21206534 1 0 1706820438
WALL 21206534 1 0 1706820439
WALL 21206534 1 0 1706820440
WALL 21206534 1 0 1706820441
WALL 21206534 1 0 1706820442
WALL 21206534 1 0 1706820443
WALL 21206534 1 0 1706820444
WALL 21206534 1 0 1706820445
WALL 21206534 1 0 1706820446
WALL 21206534 1 0 1706820447
WALL 21206534 1 0 1706820448
WALL 21206534 1 0 1706820449
WALL 21206534 1 0 1706820450
WALL 21206534 1 0 1706820451
WALL 21206534 1 0 1706820452
WALL 21206534 1 0 1706820453
WALL 21206534 1 0 1706820454
WALL 21206534 1 0 1706820455
WALL 21206534 1 0 1706820456
WALL 21206534 1 0 1706820457
WALL 21206534 1 0 1706820458
WALL 21206534 1 0 1706820459
WALL 21206534 1 0 1706820460
WALL 21206534 1 0 1706820461
WALL 21206534 1 0 1706820462
WALL 21206534 1 0 1706820463
WALL 21206534 1 0 1706820464
WALL 21206534 1 0 1706820465
WALL 21206534 1 0 1706820466
WALL 21206534 1 0 1706820467
WALL 21206534 1 0 1706820468
WALL 21206534 1 0 1706820469
WALL 21206534 1 0 1706820470
WALL 21206534 1 0 1706820471
WALL 21206534 1 0 1706820472
WALL 21206534 1 0 1706820473
WALL 21206534 1 0 1706820474
WALL 21206534 1 0 1706820475
WALL 21206534 1 0 1706820476
WALL 21206534 1 0 1706820477
WALL 21206534 1 0 1706820478
WALL 21206534 1 0 1706820479
WALL 21206534 1 0 1706820480
WALL 21206534 1 0 1706820481
WALL 21206534 1 0 1706820482
WALL 21206534 1 0 1706820483
WALL 21206534 1 0 1706820484
WALL 21206534 1 0 1706820485
WALL 21206534 1 0 1706820486
WALL 21206534 1 0 1706820487
WALL 21206534 1 0 1706820488
WALL 21206534 1 0 1706820489
WALL 21206534 1 0 1706820490
WALL 21206534 1 0 1706820491
WALL 21206534 1 0 1706820492
WALL 21206534 1 0 1706820493
WALL 21206534 1 0 1706820494
WALL 21206534 1 0 1706820495
WALL 21206534 1 0 1706820496
WALL 21206534 1 0 1706820497
WALL 21206534 1 0 1706820498
WALL 21206534 1 0 1706820499
WALL 21206534 1 0 1706820500
WALL 21206534 1 0 1706820501
WALL 21206534 1 0 1706820502
WALL 21206534 1 0 1706820503
WALL 21206534 1 0 1706820504
WALL 21206534 1 0 1706820505
WALL 21206534 1 0 1706820506
WALL 21206534 1 0 1706820507
WALL 21206534 1 0 1706820508
WALL 21206534 1 0 1706820509
WALL 21206534 1 0 1706820510
WALL 21206534 1 0 1706820511
WALL 21206534 1 0 1706820512
WALL 21206534 1 0 1706820513
WALL 21206534 1 0 1706820514
WALL 21206534 1 0 1706820515
received SIGCONT 1706820516
WALL 21206534 1 0 1706820516
slurmstepd: error: *** STEP 21206534.0 ON nid200022 CANCELLED AT 2024-02-01T20:48:36 ***
received SIGTERM 1706820516
WALL 21206534 1 0 1706820516
WALL 21206534 1 0 1706820517
WALL 21206534 1 0 1706820518
WALL 21206534 1 0 1706820519
WALL 21206534 1 0 1706820520
WALL 21206534 1 0 1706820521
WALL 21206534 1 0 1706820522
WALL 21206534 1 0 1706820523
WALL 21206534 1 0 1706820524
WALL 21206534 1 0 1706820525
WALL 21206534 1 0 1706820526
WALL 21206534 1 0 1706820527
WALL 21206534 1 0 1706820528
WALL 21206534 1 0 1706820529
WALL 21206534 1 0 1706820530
WALL 21206534 1 0 1706820531
WALL 21206534 1 0 1706820532
WALL 21206534 1 0 1706820533
WALL 21206534 1 0 1706820534
WALL 21206534 1 0 1706820535
WALL 21206534 1 0 1706820536
WALL 21206534 1 0 1706820537
WALL 21206534 1 0 1706820538
WALL 21206534 1 0 1706820539
WALL 21206534 1 0 1706820540
WALL 21206534 1 0 1706820541
WALL 21206534 1 0 1706820542
WALL 21206534 1 0 1706820543
WALL 21206534 1 0 1706820544
WALL 21206534 1 0 1706820545
WALL 21206534 1 0 1706820546
WALL 21206534 1 0 1706820547
WALL 21206534 1 0 1706820548
WALL 21206534 1 0 1706820549
WALL 21206534 1 0 1706820550
WALL 21206534 1 0 1706820551
WALL 21206534 1 0 1706820552
WALL 21206534 1 0 1706820553
WALL 21206534 1 0 1706820554
WALL 21206534 1 0 1706820555
WALL 21206534 1 0 1706820556
WALL 21206534 1 0 1706820557
WALL 21206534 1 0 1706820558
WALL 21206534 1 0 1706820559
WALL 21206534 1 0 1706820560
WALL 21206534 1 0 1706820561
WALL 21206534 1 0 1706820562
WALL 21206534 1 0 1706820563
WALL 21206534 1 0 1706820564
WALL 21206534 1 0 1706820565
WALL 21206534 1 0 1706820566
WALL 21206534 1 0 1706820567
WALL 21206534 1 0 1706820568
WALL 21206534 1 0 1706820569
WALL 21206534 1 0 1706820570
WALL 21206534 1 0 1706820571
WALL 21206534 1 0 1706820572
WALL 21206534 1 0 1706820573
WALL 21206534 1 0 1706820574
WALL 21206534 1 0 1706820575
WALL 21206534 1 0 1706820576
WALL 21206534 1 0 1706820577
WALL 21206534 1 0 1706820578
WALL 21206534 1 0 1706820579
WALL 21206534 1 0 1706820580
WALL 21206534 1 0 1706820581
WALL 21206534 1 0 1706820582
WALL 21206534 1 0 1706820583
WALL 21206534 1 0 1706820584
WALL 21206534 1 0 1706820585
WALL 21206534 1 0 1706820586
WALL 21206534 1 0 1706820587
WALL 21206534 1 0 1706820588
WALL 21206534 1 0 1706820589
WALL 21206534 1 0 1706820590
WALL 21206534 1 0 1706820591
WALL 21206534 1 0 1706820592
WALL 21206534 1 0 1706820593
WALL 21206534 1 0 1706820594
WALL 21206534 1 0 1706820595
WALL 21206534 1 0 1706820596
WALL 21206534 1 0 1706820597
WALL 21206534 1 0 1706820598
WALL 21206534 1 0 1706820599
slurmstepd: error: *** JOB 21206534 ON nid200022 CANCELLED AT 2024-02-01T20:50:00 DUE TO PREEMPTION ***
received SIGTERM 1706820600
WALL 21206534 1 0 1706820600
received SIGCONT 1706820600
WALL 21206534 1 0 1706820600
received SIGTERM 1706820600
WALL 21206534 1 0 1706820600
