srun: warning: can't run 1 processes on 2 nodes, setting nnodes to 1
WALL 21202370 1 0 1706817285
WALL 21202370 1 0 1706817286
WALL 21202370 1 0 1706817287
WALL 21202370 1 0 1706817288
WALL 21202370 1 0 1706817289
WALL 21202370 1 0 1706817290
WALL 21202370 1 0 1706817291
WALL 21202370 1 0 1706817292
WALL 21202370 1 0 1706817293
WALL 21202370 1 0 1706817294
WALL 21202370 1 0 1706817295
WALL 21202370 1 0 1706817296
WALL 21202370 1 0 1706817297
WALL 21202370 1 0 1706817298
WALL 21202370 1 0 1706817299
WALL 21202370 1 0 1706817300
WALL 21202370 1 0 1706817301
WALL 21202370 1 0 1706817302
WALL 21202370 1 0 1706817303
WALL 21202370 1 0 1706817304
WALL 21202370 1 0 1706817305
WALL 21202370 1 0 1706817306
WALL 21202370 1 0 1706817307
WALL 21202370 1 0 1706817308
WALL 21202370 1 0 1706817309
slurmstepd: error: *** STEP 21202370.0 ON nid200123 CANCELLED AT 2024-02-01T19:55:10 ***
received SIGTERM 1706817310
WALL 21202370 1 0 1706817310
received SIGCONT 1706817310
WALL 21202370 1 0 1706817310
WALL 21202370 1 0 1706817311
WALL 21202370 1 0 1706817312
WALL 21202370 1 0 1706817313
WALL 21202370 1 0 1706817314
WALL 21202370 1 0 1706817315
WALL 21202370 1 0 1706817316
WALL 21202370 1 0 1706817317
WALL 21202370 1 0 1706817318
WALL 21202370 1 0 1706817319
WALL 21202370 1 0 1706817320
WALL 21202370 1 0 1706817321
WALL 21202370 1 0 1706817322
WALL 21202370 1 0 1706817323
WALL 21202370 1 0 1706817324
WALL 21202370 1 0 1706817325
WALL 21202370 1 0 1706817326
WALL 21202370 1 0 1706817327
WALL 21202370 1 0 1706817328
WALL 21202370 1 0 1706817329
WALL 21202370 1 0 1706817330
WALL 21202370 1 0 1706817331
WALL 21202370 1 0 1706817332
WALL 21202370 1 0 1706817333
WALL 21202370 1 0 1706817334
WALL 21202370 1 0 1706817335
WALL 21202370 1 0 1706817336
WALL 21202370 1 0 1706817337
WALL 21202370 1 0 1706817338
WALL 21202370 1 0 1706817339
WALL 21202370 1 0 1706817340
WALL 21202370 1 0 1706817341
WALL 21202370 1 0 1706817342
WALL 21202370 1 0 1706817343
WALL 21202370 1 0 1706817344
WALL 21202370 1 0 1706817345
WALL 21202370 1 0 1706817346
WALL 21202370 1 0 1706817347
WALL 21202370 1 0 1706817348
WALL 21202370 1 0 1706817349
WALL 21202370 1 0 1706817350
WALL 21202370 1 0 1706817351
WALL 21202370 1 0 1706817352
WALL 21202370 1 0 1706817353
WALL 21202370 1 0 1706817354
WALL 21202370 1 0 1706817355
WALL 21202370 1 0 1706817356
WALL 21202370 1 0 1706817357
WALL 21202370 1 0 1706817358
WALL 21202370 1 0 1706817359
WALL 21202370 1 0 1706817360
WALL 21202370 1 0 1706817361
WALL 21202370 1 0 1706817362
WALL 21202370 1 0 1706817363
WALL 21202370 1 0 1706817364
WALL 21202370 1 0 1706817365
WALL 21202370 1 0 1706817366
WALL 21202370 1 0 1706817367
WALL 21202370 1 0 1706817368
WALL 21202370 1 0 1706817369
WALL 21202370 1 0 1706817370
WALL 21202370 1 0 1706817371
WALL 21202370 1 0 1706817372
WALL 21202370 1 0 1706817373
WALL 21202370 1 0 1706817374
WALL 21202370 1 0 1706817375
WALL 21202370 1 0 1706817376
WALL 21202370 1 0 1706817377
WALL 21202370 1 0 1706817378
WALL 21202370 1 0 1706817379
WALL 21202370 1 0 1706817380
WALL 21202370 1 0 1706817381
WALL 21202370 1 0 1706817382
WALL 21202370 1 0 1706817383
WALL 21202370 1 0 1706817384
WALL 21202370 1 0 1706817385
WALL 21202370 1 0 1706817386
WALL 21202370 1 0 1706817387
WALL 21202370 1 0 1706817388
WALL 21202370 1 0 1706817389
WALL 21202370 1 0 1706817390
WALL 21202370 1 0 1706817391
slurmstepd: error: *** JOB 21202370 ON nid200123 CANCELLED AT 2024-02-01T19:56:31 DUE TO PREEMPTION ***
received SIGTERM 1706817391
WALL 21202370 1 0 1706817391
received SIGCONT 1706817391
WALL 21202370 1 0 1706817391
received SIGTERM 1706817391
WALL 21202370 1 0 1706817391
