WALL 21088421 1 0 1706659565
WALL 21088421 1 0 1706659566
WALL 21088421 1 0 1706659567
WALL 21088421 1 0 1706659568
WALL 21088421 1 0 1706659569
WALL 21088421 1 0 1706659570
WALL 21088421 1 0 1706659571
WALL 21088421 1 0 1706659572
WALL 21088421 1 0 1706659573
WALL 21088421 1 0 1706659574
WALL 21088421 1 0 1706659575
WALL 21088421 1 0 1706659576
WALL 21088421 1 0 1706659577
WALL 21088421 1 0 1706659578
WALL 21088421 1 0 1706659579
WALL 21088421 1 0 1706659580
WALL 21088421 1 0 1706659581
WALL 21088421 1 0 1706659582
WALL 21088421 1 0 1706659583
WALL 21088421 1 0 1706659584
WALL 21088421 1 0 1706659585
WALL 21088421 1 0 1706659586
WALL 21088421 1 0 1706659587
WALL 21088421 1 0 1706659588
WALL 21088421 1 0 1706659589
WALL 21088421 1 0 1706659590
WALL 21088421 1 0 1706659591
WALL 21088421 1 0 1706659592
WALL 21088421 1 0 1706659593
WALL 21088421 1 0 1706659594
WALL 21088421 1 0 1706659595
WALL 21088421 1 0 1706659596
WALL 21088421 1 0 1706659597
WALL 21088421 1 0 1706659598
WALL 21088421 1 0 1706659599
WALL 21088421 1 0 1706659600
WALL 21088421 1 0 1706659601
WALL 21088421 1 0 1706659602
WALL 21088421 1 0 1706659603
WALL 21088421 1 0 1706659604
WALL 21088421 1 0 1706659605
WALL 21088421 1 0 1706659606
WALL 21088421 1 0 1706659607
WALL 21088421 1 0 1706659608
WALL 21088421 1 0 1706659609
WALL 21088421 1 0 1706659610
WALL 21088421 1 0 1706659611
WALL 21088421 1 0 1706659612
WALL 21088421 1 0 1706659613
WALL 21088421 1 0 1706659614
WALL 21088421 1 0 1706659615
WALL 21088421 1 0 1706659616
WALL 21088421 1 0 1706659617
WALL 21088421 1 0 1706659618
WALL 21088421 1 0 1706659619
WALL 21088421 1 0 1706659620
WALL 21088421 1 0 1706659621
WALL 21088421 1 0 1706659622
WALL 21088421 1 0 1706659623
WALL 21088421 1 0 1706659624
WALL 21088421 1 0 1706659625
WALL 21088421 1 0 1706659626
WALL 21088421 1 0 1706659627
WALL 21088421 1 0 1706659628
WALL 21088421 1 0 1706659629
WALL 21088421 1 0 1706659630
WALL 21088421 1 0 1706659631
WALL 21088421 1 0 1706659632
WALL 21088421 1 0 1706659633
WALL 21088421 1 0 1706659634
WALL 21088421 1 0 1706659635
WALL 21088421 1 0 1706659636
WALL 21088421 1 0 1706659637
WALL 21088421 1 0 1706659638
WALL 21088421 1 0 1706659639
WALL 21088421 1 0 1706659640
WALL 21088421 1 0 1706659641
WALL 21088421 1 0 1706659642
WALL 21088421 1 0 1706659643
WALL 21088421 1 0 1706659644
WALL 21088421 1 0 1706659645
WALL 21088421 1 0 1706659646
WALL 21088421 1 0 1706659647
WALL 21088421 1 0 1706659648
WALL 21088421 1 0 1706659649
WALL 21088421 1 0 1706659650
WALL 21088421 1 0 1706659651
WALL 21088421 1 0 1706659652
WALL 21088421 1 0 1706659653
WALL 21088421 1 0 1706659654
WALL 21088421 1 0 1706659655
WALL 21088421 1 0 1706659656
WALL 21088421 1 0 1706659657
WALL 21088421 1 0 1706659658
WALL 21088421 1 0 1706659659
WALL 21088421 1 0 1706659660
WALL 21088421 1 0 1706659661
WALL 21088421 1 0 1706659662
WALL 21088421 1 0 1706659663
WALL 21088421 1 0 1706659664
WALL 21088421 1 0 1706659665
WALL 21088421 1 0 1706659666
WALL 21088421 1 0 1706659667
WALL 21088421 1 0 1706659668
WALL 21088421 1 0 1706659669
WALL 21088421 1 0 1706659670
WALL 21088421 1 0 1706659671
WALL 21088421 1 0 1706659672
WALL 21088421 1 0 1706659673
WALL 21088421 1 0 1706659674
WALL 21088421 1 0 1706659675
WALL 21088421 1 0 1706659676
WALL 21088421 1 0 1706659677
WALL 21088421 1 0 1706659678
WALL 21088421 1 0 1706659679
WALL 21088421 1 0 1706659680
WALL 21088421 1 0 1706659681
WALL 21088421 1 0 1706659682
WALL 21088421 1 0 1706659683
WALL 21088421 1 0 1706659684
WALL 21088421 1 0 1706659685
WALL 21088421 1 0 1706659686
WALL 21088421 1 0 1706659687
WALL 21088421 1 0 1706659688
WALL 21088421 1 0 1706659689
WALL 21088421 1 0 1706659690
WALL 21088421 1 0 1706659691
WALL 21088421 1 0 1706659692
WALL 21088421 1 0 1706659693
WALL 21088421 1 0 1706659694
WALL 21088421 1 0 1706659695
WALL 21088421 1 0 1706659696
WALL 21088421 1 0 1706659697
WALL 21088421 1 0 1706659698
WALL 21088421 1 0 1706659699
WALL 21088421 1 0 1706659700
WALL 21088421 1 0 1706659701
WALL 21088421 1 0 1706659702
WALL 21088421 1 0 1706659703
WALL 21088421 1 0 1706659704
WALL 21088421 1 0 1706659705
WALL 21088421 1 0 1706659706
WALL 21088421 1 0 1706659707
WALL 21088421 1 0 1706659708
WALL 21088421 1 0 1706659709
WALL 21088421 1 0 1706659710
WALL 21088421 1 0 1706659711
WALL 21088421 1 0 1706659712
WALL 21088421 1 0 1706659713
WALL 21088421 1 0 1706659714
WALL 21088421 1 0 1706659715
WALL 21088421 1 0 1706659716
WALL 21088421 1 0 1706659717
WALL 21088421 1 0 1706659718
WALL 21088421 1 0 1706659719
WALL 21088421 1 0 1706659720
WALL 21088421 1 0 1706659721
WALL 21088421 1 0 1706659722
WALL 21088421 1 0 1706659723
WALL 21088421 1 0 1706659724
WALL 21088421 1 0 1706659725
WALL 21088421 1 0 1706659726
WALL 21088421 1 0 1706659727
WALL 21088421 1 0 1706659728
WALL 21088421 1 0 1706659729
WALL 21088421 1 0 1706659730
WALL 21088421 1 0 1706659731
WALL 21088421 1 0 1706659732
WALL 21088421 1 0 1706659733
WALL 21088421 1 0 1706659734
WALL 21088421 1 0 1706659735
WALL 21088421 1 0 1706659736
WALL 21088421 1 0 1706659737
WALL 21088421 1 0 1706659738
WALL 21088421 1 0 1706659739
WALL 21088421 1 0 1706659740
WALL 21088421 1 0 1706659741
WALL 21088421 1 0 1706659742
WALL 21088421 1 0 1706659743
WALL 21088421 1 0 1706659744
WALL 21088421 1 0 1706659745
WALL 21088421 1 0 1706659746
WALL 21088421 1 0 1706659747
WALL 21088421 1 0 1706659748
WALL 21088421 1 0 1706659749
WALL 21088421 1 0 1706659750
WALL 21088421 1 0 1706659751
WALL 21088421 1 0 1706659752
WALL 21088421 1 0 1706659753
WALL 21088421 1 0 1706659754
WALL 21088421 1 0 1706659755
WALL 21088421 1 0 1706659756
WALL 21088421 1 0 1706659757
WALL 21088421 1 0 1706659758
WALL 21088421 1 0 1706659759
WALL 21088421 1 0 1706659760
WALL 21088421 1 0 1706659761
WALL 21088421 1 0 1706659762
WALL 21088421 1 0 1706659763
WALL 21088421 1 0 1706659764
WALL 21088421 1 0 1706659765
WALL 21088421 1 0 1706659766
WALL 21088421 1 0 1706659767
WALL 21088421 1 0 1706659768
WALL 21088421 1 0 1706659769
WALL 21088421 1 0 1706659770
WALL 21088421 1 0 1706659771
WALL 21088421 1 0 1706659772
WALL 21088421 1 0 1706659773
WALL 21088421 1 0 1706659774
WALL 21088421 1 0 1706659775
WALL 21088421 1 0 1706659776
WALL 21088421 1 0 1706659777
WALL 21088421 1 0 1706659778
WALL 21088421 1 0 1706659779
WALL 21088421 1 0 1706659780
WALL 21088421 1 0 1706659781
WALL 21088421 1 0 1706659782
WALL 21088421 1 0 1706659783
WALL 21088421 1 0 1706659784
WALL 21088421 1 0 1706659785
WALL 21088421 1 0 1706659786
WALL 21088421 1 0 1706659787
WALL 21088421 1 0 1706659788
WALL 21088421 1 0 1706659789
WALL 21088421 1 0 1706659790
WALL 21088421 1 0 1706659791
WALL 21088421 1 0 1706659792
WALL 21088421 1 0 1706659793
WALL 21088421 1 0 1706659794
WALL 21088421 1 0 1706659795
WALL 21088421 1 0 1706659796
WALL 21088421 1 0 1706659797
WALL 21088421 1 0 1706659798
WALL 21088421 1 0 1706659799
WALL 21088421 1 0 1706659800
WALL 21088421 1 0 1706659801
WALL 21088421 1 0 1706659802
WALL 21088421 1 0 1706659803
WALL 21088421 1 0 1706659804
WALL 21088421 1 0 1706659805
WALL 21088421 1 0 1706659806
WALL 21088421 1 0 1706659807
WALL 21088421 1 0 1706659808
WALL 21088421 1 0 1706659809
WALL 21088421 1 0 1706659810
WALL 21088421 1 0 1706659811
WALL 21088421 1 0 1706659812
WALL 21088421 1 0 1706659813
WALL 21088421 1 0 1706659814
WALL 21088421 1 0 1706659815
WALL 21088421 1 0 1706659816
WALL 21088421 1 0 1706659817
WALL 21088421 1 0 1706659818
WALL 21088421 1 0 1706659819
WALL 21088421 1 0 1706659820
WALL 21088421 1 0 1706659821
WALL 21088421 1 0 1706659822
WALL 21088421 1 0 1706659823
WALL 21088421 1 0 1706659824
WALL 21088421 1 0 1706659825
WALL 21088421 1 0 1706659826
WALL 21088421 1 0 1706659827
WALL 21088421 1 0 1706659828
WALL 21088421 1 0 1706659829
WALL 21088421 1 0 1706659830
WALL 21088421 1 0 1706659831
WALL 21088421 1 0 1706659832
WALL 21088421 1 0 1706659833
WALL 21088421 1 0 1706659834
WALL 21088421 1 0 1706659835
WALL 21088421 1 0 1706659836
WALL 21088421 1 0 1706659837
WALL 21088421 1 0 1706659838
WALL 21088421 1 0 1706659839
WALL 21088421 1 0 1706659840
WALL 21088421 1 0 1706659841
WALL 21088421 1 0 1706659842
WALL 21088421 1 0 1706659843
WALL 21088421 1 0 1706659844
WALL 21088421 1 0 1706659845
WALL 21088421 1 0 1706659846
WALL 21088421 1 0 1706659847
WALL 21088421 1 0 1706659848
WALL 21088421 1 0 1706659849
WALL 21088421 1 0 1706659850
WALL 21088421 1 0 1706659851
WALL 21088421 1 0 1706659852
WALL 21088421 1 0 1706659853
WALL 21088421 1 0 1706659854
WALL 21088421 1 0 1706659855
WALL 21088421 1 0 1706659856
WALL 21088421 1 0 1706659857
WALL 21088421 1 0 1706659858
WALL 21088421 1 0 1706659859
WALL 21088421 1 0 1706659860
WALL 21088421 1 0 1706659861
WALL 21088421 1 0 1706659862
WALL 21088421 1 0 1706659863
WALL 21088421 1 0 1706659864
WALL 21088421 1 0 1706659865
WALL 21088421 1 0 1706659866
WALL 21088421 1 0 1706659867
WALL 21088421 1 0 1706659868
WALL 21088421 1 0 1706659869
WALL 21088421 1 0 1706659870
WALL 21088421 1 0 1706659871
WALL 21088421 1 0 1706659872
WALL 21088421 1 0 1706659873
WALL 21088421 1 0 1706659874
WALL 21088421 1 0 1706659875
WALL 21088421 1 0 1706659876
WALL 21088421 1 0 1706659877
WALL 21088421 1 0 1706659878
WALL 21088421 1 0 1706659879
WALL 21088421 1 0 1706659880
WALL 21088421 1 0 1706659881
WALL 21088421 1 0 1706659882
WALL 21088421 1 0 1706659883
WALL 21088421 1 0 1706659884
WALL 21088421 1 0 1706659885
WALL 21088421 1 0 1706659886
WALL 21088421 1 0 1706659887
WALL 21088421 1 0 1706659888
WALL 21088421 1 0 1706659889
WALL 21088421 1 0 1706659890
WALL 21088421 1 0 1706659891
WALL 21088421 1 0 1706659892
WALL 21088421 1 0 1706659893
WALL 21088421 1 0 1706659894
WALL 21088421 1 0 1706659895
WALL 21088421 1 0 1706659896
WALL 21088421 1 0 1706659897
WALL 21088421 1 0 1706659898
WALL 21088421 1 0 1706659899
WALL 21088421 1 0 1706659900
WALL 21088421 1 0 1706659901
WALL 21088421 1 0 1706659902
WALL 21088421 1 0 1706659903
WALL 21088421 1 0 1706659904
WALL 21088421 1 0 1706659905
WALL 21088421 1 0 1706659906
WALL 21088421 1 0 1706659907
WALL 21088421 1 0 1706659908
WALL 21088421 1 0 1706659909
WALL 21088421 1 0 1706659910
WALL 21088421 1 0 1706659911
WALL 21088421 1 0 1706659912
WALL 21088421 1 0 1706659913
WALL 21088421 1 0 1706659914
WALL 21088421 1 0 1706659915
WALL 21088421 1 0 1706659916
WALL 21088421 1 0 1706659917
WALL 21088421 1 0 1706659918
WALL 21088421 1 0 1706659919
WALL 21088421 1 0 1706659920
WALL 21088421 1 0 1706659921
WALL 21088421 1 0 1706659922
WALL 21088421 1 0 1706659923
WALL 21088421 1 0 1706659924
WALL 21088421 1 0 1706659925
WALL 21088421 1 0 1706659926
WALL 21088421 1 0 1706659927
WALL 21088421 1 0 1706659928
WALL 21088421 1 0 1706659929
WALL 21088421 1 0 1706659930
WALL 21088421 1 0 1706659931
WALL 21088421 1 0 1706659932
WALL 21088421 1 0 1706659933
WALL 21088421 1 0 1706659934
WALL 21088421 1 0 1706659935
WALL 21088421 1 0 1706659936
WALL 21088421 1 0 1706659937
WALL 21088421 1 0 1706659938
WALL 21088421 1 0 1706659939
WALL 21088421 1 0 1706659940
WALL 21088421 1 0 1706659941
WALL 21088421 1 0 1706659942
WALL 21088421 1 0 1706659943
WALL 21088421 1 0 1706659944
WALL 21088421 1 0 1706659945
WALL 21088421 1 0 1706659946
WALL 21088421 1 0 1706659947
WALL 21088421 1 0 1706659948
WALL 21088421 1 0 1706659949
WALL 21088421 1 0 1706659950
WALL 21088421 1 0 1706659951
WALL 21088421 1 0 1706659952
WALL 21088421 1 0 1706659953
WALL 21088421 1 0 1706659954
WALL 21088421 1 0 1706659955
WALL 21088421 1 0 1706659956
WALL 21088421 1 0 1706659957
WALL 21088421 1 0 1706659958
WALL 21088421 1 0 1706659959
WALL 21088421 1 0 1706659960
WALL 21088421 1 0 1706659961
WALL 21088421 1 0 1706659962
WALL 21088421 1 0 1706659963
WALL 21088421 1 0 1706659964
WALL 21088421 1 0 1706659965
WALL 21088421 1 0 1706659966
WALL 21088421 1 0 1706659967
WALL 21088421 1 0 1706659968
WALL 21088421 1 0 1706659969
WALL 21088421 1 0 1706659970
WALL 21088421 1 0 1706659971
WALL 21088421 1 0 1706659972
WALL 21088421 1 0 1706659973
WALL 21088421 1 0 1706659974
WALL 21088421 1 0 1706659975
WALL 21088421 1 0 1706659976
WALL 21088421 1 0 1706659977
WALL 21088421 1 0 1706659978
WALL 21088421 1 0 1706659979
WALL 21088421 1 0 1706659980
WALL 21088421 1 0 1706659981
WALL 21088421 1 0 1706659982
WALL 21088421 1 0 1706659983
WALL 21088421 1 0 1706659984
WALL 21088421 1 0 1706659985
WALL 21088421 1 0 1706659986
WALL 21088421 1 0 1706659987
WALL 21088421 1 0 1706659988
WALL 21088421 1 0 1706659989
WALL 21088421 1 0 1706659990
WALL 21088421 1 0 1706659991
WALL 21088421 1 0 1706659992
WALL 21088421 1 0 1706659993
WALL 21088421 1 0 1706659994
WALL 21088421 1 0 1706659995
WALL 21088421 1 0 1706659996
WALL 21088421 1 0 1706659997
WALL 21088421 1 0 1706659998
WALL 21088421 1 0 1706659999
WALL 21088421 1 0 1706660000
WALL 21088421 1 0 1706660001
WALL 21088421 1 0 1706660002
WALL 21088421 1 0 1706660003
WALL 21088421 1 0 1706660004
WALL 21088421 1 0 1706660005
WALL 21088421 1 0 1706660006
WALL 21088421 1 0 1706660007
WALL 21088421 1 0 1706660008
WALL 21088421 1 0 1706660009
WALL 21088421 1 0 1706660010
WALL 21088421 1 0 1706660011
WALL 21088421 1 0 1706660012
WALL 21088421 1 0 1706660013
WALL 21088421 1 0 1706660014
WALL 21088421 1 0 1706660015
WALL 21088421 1 0 1706660016
WALL 21088421 1 0 1706660017
WALL 21088421 1 0 1706660018
WALL 21088421 1 0 1706660019
WALL 21088421 1 0 1706660020
WALL 21088421 1 0 1706660021
WALL 21088421 1 0 1706660022
WALL 21088421 1 0 1706660023
WALL 21088421 1 0 1706660024
WALL 21088421 1 0 1706660025
WALL 21088421 1 0 1706660026
WALL 21088421 1 0 1706660027
WALL 21088421 1 0 1706660028
WALL 21088421 1 0 1706660029
WALL 21088421 1 0 1706660030
WALL 21088421 1 0 1706660031
WALL 21088421 1 0 1706660032
WALL 21088421 1 0 1706660033
WALL 21088421 1 0 1706660034
WALL 21088421 1 0 1706660035
WALL 21088421 1 0 1706660036
WALL 21088421 1 0 1706660037
WALL 21088421 1 0 1706660038
WALL 21088421 1 0 1706660039
WALL 21088421 1 0 1706660040
WALL 21088421 1 0 1706660041
WALL 21088421 1 0 1706660042
WALL 21088421 1 0 1706660043
WALL 21088421 1 0 1706660044
WALL 21088421 1 0 1706660045
WALL 21088421 1 0 1706660046
WALL 21088421 1 0 1706660047
WALL 21088421 1 0 1706660048
WALL 21088421 1 0 1706660049
WALL 21088421 1 0 1706660050
WALL 21088421 1 0 1706660051
WALL 21088421 1 0 1706660052
WALL 21088421 1 0 1706660053
WALL 21088421 1 0 1706660054
WALL 21088421 1 0 1706660055
WALL 21088421 1 0 1706660056
WALL 21088421 1 0 1706660057
WALL 21088421 1 0 1706660058
WALL 21088421 1 0 1706660059
WALL 21088421 1 0 1706660060
WALL 21088421 1 0 1706660061
WALL 21088421 1 0 1706660062
WALL 21088421 1 0 1706660063
WALL 21088421 1 0 1706660064
WALL 21088421 1 0 1706660065
WALL 21088421 1 0 1706660066
WALL 21088421 1 0 1706660067
WALL 21088421 1 0 1706660068
WALL 21088421 1 0 1706660069
WALL 21088421 1 0 1706660070
WALL 21088421 1 0 1706660071
WALL 21088421 1 0 1706660072
WALL 21088421 1 0 1706660073
WALL 21088421 1 0 1706660074
WALL 21088421 1 0 1706660075
WALL 21088421 1 0 1706660076
WALL 21088421 1 0 1706660077
WALL 21088421 1 0 1706660078
WALL 21088421 1 0 1706660079
WALL 21088421 1 0 1706660080
WALL 21088421 1 0 1706660081
WALL 21088421 1 0 1706660082
WALL 21088421 1 0 1706660083
WALL 21088421 1 0 1706660084
WALL 21088421 1 0 1706660085
WALL 21088421 1 0 1706660086
WALL 21088421 1 0 1706660087
WALL 21088421 1 0 1706660088
WALL 21088421 1 0 1706660089
WALL 21088421 1 0 1706660090
WALL 21088421 1 0 1706660091
WALL 21088421 1 0 1706660092
WALL 21088421 1 0 1706660093
WALL 21088421 1 0 1706660094
WALL 21088421 1 0 1706660095
WALL 21088421 1 0 1706660096
WALL 21088421 1 0 1706660097
WALL 21088421 1 0 1706660098
WALL 21088421 1 0 1706660099
WALL 21088421 1 0 1706660100
WALL 21088421 1 0 1706660101
WALL 21088421 1 0 1706660102
WALL 21088421 1 0 1706660103
WALL 21088421 1 0 1706660104
WALL 21088421 1 0 1706660105
WALL 21088421 1 0 1706660106
WALL 21088421 1 0 1706660107
WALL 21088421 1 0 1706660108
WALL 21088421 1 0 1706660109
WALL 21088421 1 0 1706660110
WALL 21088421 1 0 1706660111
WALL 21088421 1 0 1706660112
WALL 21088421 1 0 1706660113
WALL 21088421 1 0 1706660114
WALL 21088421 1 0 1706660115
WALL 21088421 1 0 1706660116
WALL 21088421 1 0 1706660117
WALL 21088421 1 0 1706660118
WALL 21088421 1 0 1706660119
WALL 21088421 1 0 1706660120
WALL 21088421 1 0 1706660121
WALL 21088421 1 0 1706660122
WALL 21088421 1 0 1706660123
WALL 21088421 1 0 1706660124
WALL 21088421 1 0 1706660125
WALL 21088421 1 0 1706660126
WALL 21088421 1 0 1706660127
WALL 21088421 1 0 1706660128
WALL 21088421 1 0 1706660129
WALL 21088421 1 0 1706660130
WALL 21088421 1 0 1706660131
WALL 21088421 1 0 1706660132
WALL 21088421 1 0 1706660133
WALL 21088421 1 0 1706660134
WALL 21088421 1 0 1706660135
WALL 21088421 1 0 1706660136
WALL 21088421 1 0 1706660137
WALL 21088421 1 0 1706660138
WALL 21088421 1 0 1706660139
WALL 21088421 1 0 1706660140
WALL 21088421 1 0 1706660141
WALL 21088421 1 0 1706660142
WALL 21088421 1 0 1706660143
WALL 21088421 1 0 1706660144
WALL 21088421 1 0 1706660145
WALL 21088421 1 0 1706660146
WALL 21088421 1 0 1706660147
WALL 21088421 1 0 1706660148
WALL 21088421 1 0 1706660149
WALL 21088421 1 0 1706660150
WALL 21088421 1 0 1706660151
WALL 21088421 1 0 1706660152
WALL 21088421 1 0 1706660153
WALL 21088421 1 0 1706660154
WALL 21088421 1 0 1706660155
WALL 21088421 1 0 1706660156
WALL 21088421 1 0 1706660157
WALL 21088421 1 0 1706660158
WALL 21088421 1 0 1706660159
WALL 21088421 1 0 1706660160
WALL 21088421 1 0 1706660161
WALL 21088421 1 0 1706660162
WALL 21088421 1 0 1706660163
WALL 21088421 1 0 1706660164
WALL 21088421 1 0 1706660165
WALL 21088421 1 0 1706660166
WALL 21088421 1 0 1706660167
WALL 21088421 1 0 1706660168
WALL 21088421 1 0 1706660169
WALL 21088421 1 0 1706660170
WALL 21088421 1 0 1706660171
WALL 21088421 1 0 1706660172
WALL 21088421 1 0 1706660173
WALL 21088421 1 0 1706660174
WALL 21088421 1 0 1706660175
WALL 21088421 1 0 1706660176
WALL 21088421 1 0 1706660177
WALL 21088421 1 0 1706660178
WALL 21088421 1 0 1706660179
WALL 21088421 1 0 1706660180
WALL 21088421 1 0 1706660181
WALL 21088421 1 0 1706660182
WALL 21088421 1 0 1706660183
WALL 21088421 1 0 1706660184
WALL 21088421 1 0 1706660185
WALL 21088421 1 0 1706660186
WALL 21088421 1 0 1706660187
WALL 21088421 1 0 1706660188
WALL 21088421 1 0 1706660189
WALL 21088421 1 0 1706660190
WALL 21088421 1 0 1706660191
WALL 21088421 1 0 1706660192
WALL 21088421 1 0 1706660193
WALL 21088421 1 0 1706660194
WALL 21088421 1 0 1706660195
WALL 21088421 1 0 1706660196
WALL 21088421 1 0 1706660197
WALL 21088421 1 0 1706660198
WALL 21088421 1 0 1706660199
WALL 21088421 1 0 1706660200
WALL 21088421 1 0 1706660201
WALL 21088421 1 0 1706660202
WALL 21088421 1 0 1706660203
WALL 21088421 1 0 1706660204
WALL 21088421 1 0 1706660205
WALL 21088421 1 0 1706660206
WALL 21088421 1 0 1706660207
WALL 21088421 1 0 1706660208
WALL 21088421 1 0 1706660209
WALL 21088421 1 0 1706660210
WALL 21088421 1 0 1706660211
WALL 21088421 1 0 1706660212
WALL 21088421 1 0 1706660213
WALL 21088421 1 0 1706660214
WALL 21088421 1 0 1706660215
WALL 21088421 1 0 1706660216
WALL 21088421 1 0 1706660217
WALL 21088421 1 0 1706660218
WALL 21088421 1 0 1706660219
WALL 21088421 1 0 1706660220
WALL 21088421 1 0 1706660221
WALL 21088421 1 0 1706660222
WALL 21088421 1 0 1706660223
WALL 21088421 1 0 1706660224
WALL 21088421 1 0 1706660225
WALL 21088421 1 0 1706660226
