WALL 21152737 1 0 1706741367
WALL 21152737 1 0 1706741368
WALL 21152737 1 0 1706741369
WALL 21152737 1 0 1706741370
WALL 21152737 1 0 1706741371
WALL 21152737 1 0 1706741372
WALL 21152737 1 0 1706741373
WALL 21152737 1 0 1706741374
WALL 21152737 1 0 1706741375
WALL 21152737 1 0 1706741376
WALL 21152737 1 0 1706741377
WALL 21152737 1 0 1706741378
WALL 21152737 1 0 1706741379
WALL 21152737 1 0 1706741380
WALL 21152737 1 0 1706741381
WALL 21152737 1 0 1706741382
WALL 21152737 1 0 1706741383
WALL 21152737 1 0 1706741384
WALL 21152737 1 0 1706741385
WALL 21152737 1 0 1706741386
WALL 21152737 1 0 1706741387
WALL 21152737 1 0 1706741388
WALL 21152737 1 0 1706741389
WALL 21152737 1 0 1706741390
WALL 21152737 1 0 1706741391
WALL 21152737 1 0 1706741392
WALL 21152737 1 0 1706741393
WALL 21152737 1 0 1706741394
WALL 21152737 1 0 1706741395
WALL 21152737 1 0 1706741396
WALL 21152737 1 0 1706741397
WALL 21152737 1 0 1706741398
WALL 21152737 1 0 1706741399
WALL 21152737 1 0 1706741400
WALL 21152737 1 0 1706741401
WALL 21152737 1 0 1706741402
WALL 21152737 1 0 1706741403
WALL 21152737 1 0 1706741404
WALL 21152737 1 0 1706741405
WALL 21152737 1 0 1706741406
WALL 21152737 1 0 1706741407
WALL 21152737 1 0 1706741408
WALL 21152737 1 0 1706741409
WALL 21152737 1 0 1706741410
WALL 21152737 1 0 1706741411
WALL 21152737 1 0 1706741412
WALL 21152737 1 0 1706741413
WALL 21152737 1 0 1706741414
WALL 21152737 1 0 1706741415
WALL 21152737 1 0 1706741416
WALL 21152737 1 0 1706741417
WALL 21152737 1 0 1706741418
WALL 21152737 1 0 1706741419
WALL 21152737 1 0 1706741420
WALL 21152737 1 0 1706741421
WALL 21152737 1 0 1706741422
WALL 21152737 1 0 1706741423
WALL 21152737 1 0 1706741424
WALL 21152737 1 0 1706741425
WALL 21152737 1 0 1706741426
WALL 21152737 1 0 1706741427
WALL 21152737 1 0 1706741428
WALL 21152737 1 0 1706741429
WALL 21152737 1 0 1706741430
WALL 21152737 1 0 1706741431
WALL 21152737 1 0 1706741432
WALL 21152737 1 0 1706741433
WALL 21152737 1 0 1706741434
WALL 21152737 1 0 1706741435
WALL 21152737 1 0 1706741436
WALL 21152737 1 0 1706741437
WALL 21152737 1 0 1706741438
WALL 21152737 1 0 1706741439
WALL 21152737 1 0 1706741440
WALL 21152737 1 0 1706741441
WALL 21152737 1 0 1706741442
WALL 21152737 1 0 1706741443
WALL 21152737 1 0 1706741444
WALL 21152737 1 0 1706741445
WALL 21152737 1 0 1706741446
WALL 21152737 1 0 1706741447
WALL 21152737 1 0 1706741448
WALL 21152737 1 0 1706741449
WALL 21152737 1 0 1706741450
WALL 21152737 1 0 1706741451
WALL 21152737 1 0 1706741452
WALL 21152737 1 0 1706741453
WALL 21152737 1 0 1706741454
WALL 21152737 1 0 1706741455
WALL 21152737 1 0 1706741456
WALL 21152737 1 0 1706741457
WALL 21152737 1 0 1706741458
WALL 21152737 1 0 1706741459
WALL 21152737 1 0 1706741460
WALL 21152737 1 0 1706741461
WALL 21152737 1 0 1706741462
WALL 21152737 1 0 1706741463
WALL 21152737 1 0 1706741464
WALL 21152737 1 0 1706741465
WALL 21152737 1 0 1706741466
WALL 21152737 1 0 1706741467
WALL 21152737 1 0 1706741468
WALL 21152737 1 0 1706741469
WALL 21152737 1 0 1706741470
WALL 21152737 1 0 1706741471
WALL 21152737 1 0 1706741472
WALL 21152737 1 0 1706741473
WALL 21152737 1 0 1706741474
WALL 21152737 1 0 1706741475
WALL 21152737 1 0 1706741476
WALL 21152737 1 0 1706741477
WALL 21152737 1 0 1706741478
WALL 21152737 1 0 1706741479
WALL 21152737 1 0 1706741480
WALL 21152737 1 0 1706741481
WALL 21152737 1 0 1706741482
WALL 21152737 1 0 1706741483
WALL 21152737 1 0 1706741484
WALL 21152737 1 0 1706741485
WALL 21152737 1 0 1706741486
WALL 21152737 1 0 1706741487
WALL 21152737 1 0 1706741488
WALL 21152737 1 0 1706741489
WALL 21152737 1 0 1706741490
WALL 21152737 1 0 1706741491
WALL 21152737 1 0 1706741492
WALL 21152737 1 0 1706741493
WALL 21152737 1 0 1706741494
WALL 21152737 1 0 1706741495
WALL 21152737 1 0 1706741496
WALL 21152737 1 0 1706741497
WALL 21152737 1 0 1706741498
WALL 21152737 1 0 1706741499
WALL 21152737 1 0 1706741500
WALL 21152737 1 0 1706741501
WALL 21152737 1 0 1706741502
WALL 21152737 1 0 1706741503
WALL 21152737 1 0 1706741504
WALL 21152737 1 0 1706741505
WALL 21152737 1 0 1706741506
WALL 21152737 1 0 1706741507
WALL 21152737 1 0 1706741508
WALL 21152737 1 0 1706741509
WALL 21152737 1 0 1706741510
WALL 21152737 1 0 1706741511
WALL 21152737 1 0 1706741512
WALL 21152737 1 0 1706741513
WALL 21152737 1 0 1706741514
WALL 21152737 1 0 1706741515
WALL 21152737 1 0 1706741516
WALL 21152737 1 0 1706741517
WALL 21152737 1 0 1706741518
WALL 21152737 1 0 1706741519
WALL 21152737 1 0 1706741520
WALL 21152737 1 0 1706741521
WALL 21152737 1 0 1706741522
WALL 21152737 1 0 1706741523
WALL 21152737 1 0 1706741524
WALL 21152737 1 0 1706741525
WALL 21152737 1 0 1706741526
WALL 21152737 1 0 1706741527
WALL 21152737 1 0 1706741528
WALL 21152737 1 0 1706741529
WALL 21152737 1 0 1706741530
WALL 21152737 1 0 1706741531
WALL 21152737 1 0 1706741532
WALL 21152737 1 0 1706741533
WALL 21152737 1 0 1706741534
WALL 21152737 1 0 1706741535
WALL 21152737 1 0 1706741536
WALL 21152737 1 0 1706741537
WALL 21152737 1 0 1706741538
WALL 21152737 1 0 1706741539
WALL 21152737 1 0 1706741540
WALL 21152737 1 0 1706741541
WALL 21152737 1 0 1706741542
WALL 21152737 1 0 1706741543
WALL 21152737 1 0 1706741544
WALL 21152737 1 0 1706741545
WALL 21152737 1 0 1706741546
WALL 21152737 1 0 1706741547
WALL 21152737 1 0 1706741548
WALL 21152737 1 0 1706741549
WALL 21152737 1 0 1706741550
WALL 21152737 1 0 1706741551
WALL 21152737 1 0 1706741552
WALL 21152737 1 0 1706741553
WALL 21152737 1 0 1706741554
slurmstepd: error: *** STEP 21152737.0 ON nid200026 CANCELLED AT 2024-01-31T22:52:35 ***
received SIGTERM 1706741555
WALL 21152737 1 0 1706741555
received SIGCONT 1706741555
WALL 21152737 1 0 1706741555
WALL 21152737 1 0 1706741556
WALL 21152737 1 0 1706741557
WALL 21152737 1 0 1706741558
WALL 21152737 1 0 1706741559
WALL 21152737 1 0 1706741560
WALL 21152737 1 0 1706741561
WALL 21152737 1 0 1706741562
WALL 21152737 1 0 1706741563
WALL 21152737 1 0 1706741564
WALL 21152737 1 0 1706741565
WALL 21152737 1 0 1706741566
WALL 21152737 1 0 1706741567
WALL 21152737 1 0 1706741568
WALL 21152737 1 0 1706741569
WALL 21152737 1 0 1706741570
WALL 21152737 1 0 1706741571
WALL 21152737 1 0 1706741572
WALL 21152737 1 0 1706741573
WALL 21152737 1 0 1706741574
WALL 21152737 1 0 1706741575
WALL 21152737 1 0 1706741576
WALL 21152737 1 0 1706741577
WALL 21152737 1 0 1706741578
WALL 21152737 1 0 1706741579
WALL 21152737 1 0 1706741580
WALL 21152737 1 0 1706741581
WALL 21152737 1 0 1706741582
WALL 21152737 1 0 1706741583
WALL 21152737 1 0 1706741584
WALL 21152737 1 0 1706741585
WALL 21152737 1 0 1706741586
WALL 21152737 1 0 1706741587
WALL 21152737 1 0 1706741588
WALL 21152737 1 0 1706741589
WALL 21152737 1 0 1706741590
WALL 21152737 1 0 1706741591
WALL 21152737 1 0 1706741592
WALL 21152737 1 0 1706741593
WALL 21152737 1 0 1706741594
WALL 21152737 1 0 1706741595
WALL 21152737 1 0 1706741596
WALL 21152737 1 0 1706741597
WALL 21152737 1 0 1706741598
WALL 21152737 1 0 1706741599
WALL 21152737 1 0 1706741600
WALL 21152737 1 0 1706741601
WALL 21152737 1 0 1706741602
WALL 21152737 1 0 1706741603
WALL 21152737 1 0 1706741604
WALL 21152737 1 0 1706741605
WALL 21152737 1 0 1706741606
WALL 21152737 1 0 1706741607
WALL 21152737 1 0 1706741608
WALL 21152737 1 0 1706741609
WALL 21152737 1 0 1706741610
WALL 21152737 1 0 1706741611
WALL 21152737 1 0 1706741612
WALL 21152737 1 0 1706741613
WALL 21152737 1 0 1706741614
WALL 21152737 1 0 1706741615
WALL 21152737 1 0 1706741616
WALL 21152737 1 0 1706741617
WALL 21152737 1 0 1706741618
WALL 21152737 1 0 1706741619
WALL 21152737 1 0 1706741620
WALL 21152737 1 0 1706741621
WALL 21152737 1 0 1706741622
WALL 21152737 1 0 1706741623
WALL 21152737 1 0 1706741624
WALL 21152737 1 0 1706741625
WALL 21152737 1 0 1706741626
WALL 21152737 1 0 1706741627
WALL 21152737 1 0 1706741628
slurmstepd: error: *** JOB 21152737 ON nid200026 CANCELLED AT 2024-01-31T22:53:48 DUE TO PREEMPTION ***
received SIGTERM 1706741628
WALL 21152737 1 0 1706741628
received SIGCONT 1706741628
WALL 21152737 1 0 1706741628
received SIGTERM 1706741628
WALL 21152737 1 0 1706741628
