srun: warning: can't run 1 processes on 4 nodes, setting nnodes to 1
WALL 21202683 1 0 1706817382
WALL 21202683 1 0 1706817383
WALL 21202683 1 0 1706817384
WALL 21202683 1 0 1706817385
WALL 21202683 1 0 1706817386
WALL 21202683 1 0 1706817387
WALL 21202683 1 0 1706817388
WALL 21202683 1 0 1706817389
WALL 21202683 1 0 1706817390
WALL 21202683 1 0 1706817391
WALL 21202683 1 0 1706817392
WALL 21202683 1 0 1706817393
WALL 21202683 1 0 1706817394
WALL 21202683 1 0 1706817395
WALL 21202683 1 0 1706817396
WALL 21202683 1 0 1706817397
WALL 21202683 1 0 1706817398
WALL 21202683 1 0 1706817399
WALL 21202683 1 0 1706817400
WALL 21202683 1 0 1706817401
WALL 21202683 1 0 1706817402
WALL 21202683 1 0 1706817403
WALL 21202683 1 0 1706817404
WALL 21202683 1 0 1706817405
WALL 21202683 1 0 1706817406
WALL 21202683 1 0 1706817407
WALL 21202683 1 0 1706817408
WALL 21202683 1 0 1706817409
WALL 21202683 1 0 1706817410
WALL 21202683 1 0 1706817411
WALL 21202683 1 0 1706817412
WALL 21202683 1 0 1706817413
WALL 21202683 1 0 1706817414
WALL 21202683 1 0 1706817415
WALL 21202683 1 0 1706817416
WALL 21202683 1 0 1706817417
WALL 21202683 1 0 1706817418
WALL 21202683 1 0 1706817419
WALL 21202683 1 0 1706817420
WALL 21202683 1 0 1706817421
WALL 21202683 1 0 1706817422
WALL 21202683 1 0 1706817423
WALL 21202683 1 0 1706817424
WALL 21202683 1 0 1706817425
WALL 21202683 1 0 1706817426
WALL 21202683 1 0 1706817427
WALL 21202683 1 0 1706817428
WALL 21202683 1 0 1706817429
WALL 21202683 1 0 1706817430
WALL 21202683 1 0 1706817431
WALL 21202683 1 0 1706817432
WALL 21202683 1 0 1706817433
WALL 21202683 1 0 1706817434
WALL 21202683 1 0 1706817435
WALL 21202683 1 0 1706817436
WALL 21202683 1 0 1706817437
WALL 21202683 1 0 1706817438
WALL 21202683 1 0 1706817439
WALL 21202683 1 0 1706817440
WALL 21202683 1 0 1706817441
WALL 21202683 1 0 1706817442
WALL 21202683 1 0 1706817443
WALL 21202683 1 0 1706817444
WALL 21202683 1 0 1706817445
WALL 21202683 1 0 1706817446
WALL 21202683 1 0 1706817447
WALL 21202683 1 0 1706817448
WALL 21202683 1 0 1706817449
WALL 21202683 1 0 1706817450
WALL 21202683 1 0 1706817451
WALL 21202683 1 0 1706817452
WALL 21202683 1 0 1706817453
WALL 21202683 1 0 1706817454
WALL 21202683 1 0 1706817455
WALL 21202683 1 0 1706817456
WALL 21202683 1 0 1706817457
WALL 21202683 1 0 1706817458
WALL 21202683 1 0 1706817459
WALL 21202683 1 0 1706817460
WALL 21202683 1 0 1706817461
WALL 21202683 1 0 1706817462
WALL 21202683 1 0 1706817463
WALL 21202683 1 0 1706817464
WALL 21202683 1 0 1706817465
WALL 21202683 1 0 1706817466
WALL 21202683 1 0 1706817467
WALL 21202683 1 0 1706817468
WALL 21202683 1 0 1706817469
WALL 21202683 1 0 1706817470
WALL 21202683 1 0 1706817471
WALL 21202683 1 0 1706817472
WALL 21202683 1 0 1706817473
WALL 21202683 1 0 1706817474
WALL 21202683 1 0 1706817475
WALL 21202683 1 0 1706817476
WALL 21202683 1 0 1706817477
WALL 21202683 1 0 1706817478
WALL 21202683 1 0 1706817479
WALL 21202683 1 0 1706817480
WALL 21202683 1 0 1706817481
WALL 21202683 1 0 1706817482
WALL 21202683 1 0 1706817483
WALL 21202683 1 0 1706817484
WALL 21202683 1 0 1706817485
WALL 21202683 1 0 1706817486
WALL 21202683 1 0 1706817487
WALL 21202683 1 0 1706817488
WALL 21202683 1 0 1706817489
WALL 21202683 1 0 1706817490
WALL 21202683 1 0 1706817491
WALL 21202683 1 0 1706817492
WALL 21202683 1 0 1706817493
WALL 21202683 1 0 1706817494
WALL 21202683 1 0 1706817495
WALL 21202683 1 0 1706817496
WALL 21202683 1 0 1706817497
WALL 21202683 1 0 1706817498
WALL 21202683 1 0 1706817499
WALL 21202683 1 0 1706817500
WALL 21202683 1 0 1706817501
WALL 21202683 1 0 1706817502
WALL 21202683 1 0 1706817503
WALL 21202683 1 0 1706817504
WALL 21202683 1 0 1706817505
WALL 21202683 1 0 1706817506
WALL 21202683 1 0 1706817507
WALL 21202683 1 0 1706817508
WALL 21202683 1 0 1706817509
WALL 21202683 1 0 1706817510
WALL 21202683 1 0 1706817511
WALL 21202683 1 0 1706817512
WALL 21202683 1 0 1706817513
WALL 21202683 1 0 1706817514
WALL 21202683 1 0 1706817515
WALL 21202683 1 0 1706817516
WALL 21202683 1 0 1706817517
WALL 21202683 1 0 1706817518
WALL 21202683 1 0 1706817519
WALL 21202683 1 0 1706817520
WALL 21202683 1 0 1706817521
WALL 21202683 1 0 1706817522
WALL 21202683 1 0 1706817523
WALL 21202683 1 0 1706817524
WALL 21202683 1 0 1706817525
WALL 21202683 1 0 1706817526
WALL 21202683 1 0 1706817527
WALL 21202683 1 0 1706817528
WALL 21202683 1 0 1706817529
WALL 21202683 1 0 1706817530
WALL 21202683 1 0 1706817531
WALL 21202683 1 0 1706817532
WALL 21202683 1 0 1706817533
WALL 21202683 1 0 1706817534
WALL 21202683 1 0 1706817535
WALL 21202683 1 0 1706817536
WALL 21202683 1 0 1706817537
WALL 21202683 1 0 1706817538
WALL 21202683 1 0 1706817539
WALL 21202683 1 0 1706817540
WALL 21202683 1 0 1706817541
WALL 21202683 1 0 1706817542
WALL 21202683 1 0 1706817543
WALL 21202683 1 0 1706817544
WALL 21202683 1 0 1706817545
WALL 21202683 1 0 1706817546
WALL 21202683 1 0 1706817547
WALL 21202683 1 0 1706817548
WALL 21202683 1 0 1706817549
WALL 21202683 1 0 1706817550
WALL 21202683 1 0 1706817551
WALL 21202683 1 0 1706817552
WALL 21202683 1 0 1706817553
WALL 21202683 1 0 1706817554
WALL 21202683 1 0 1706817555
WALL 21202683 1 0 1706817556
WALL 21202683 1 0 1706817557
WALL 21202683 1 0 1706817558
WALL 21202683 1 0 1706817559
WALL 21202683 1 0 1706817560
WALL 21202683 1 0 1706817561
WALL 21202683 1 0 1706817562
WALL 21202683 1 0 1706817563
WALL 21202683 1 0 1706817564
WALL 21202683 1 0 1706817565
WALL 21202683 1 0 1706817566
WALL 21202683 1 0 1706817567
WALL 21202683 1 0 1706817568
WALL 21202683 1 0 1706817569
WALL 21202683 1 0 1706817570
WALL 21202683 1 0 1706817571
WALL 21202683 1 0 1706817572
WALL 21202683 1 0 1706817573
WALL 21202683 1 0 1706817574
WALL 21202683 1 0 1706817575
WALL 21202683 1 0 1706817576
WALL 21202683 1 0 1706817577
WALL 21202683 1 0 1706817578
WALL 21202683 1 0 1706817579
WALL 21202683 1 0 1706817580
WALL 21202683 1 0 1706817581
WALL 21202683 1 0 1706817582
WALL 21202683 1 0 1706817583
WALL 21202683 1 0 1706817584
WALL 21202683 1 0 1706817585
WALL 21202683 1 0 1706817586
WALL 21202683 1 0 1706817587
WALL 21202683 1 0 1706817588
WALL 21202683 1 0 1706817589
WALL 21202683 1 0 1706817590
WALL 21202683 1 0 1706817591
WALL 21202683 1 0 1706817592
WALL 21202683 1 0 1706817593
WALL 21202683 1 0 1706817594
WALL 21202683 1 0 1706817595
WALL 21202683 1 0 1706817596
WALL 21202683 1 0 1706817597
WALL 21202683 1 0 1706817598
WALL 21202683 1 0 1706817599
WALL 21202683 1 0 1706817600
WALL 21202683 1 0 1706817601
WALL 21202683 1 0 1706817602
WALL 21202683 1 0 1706817603
WALL 21202683 1 0 1706817604
WALL 21202683 1 0 1706817605
WALL 21202683 1 0 1706817606
WALL 21202683 1 0 1706817607
WALL 21202683 1 0 1706817608
WALL 21202683 1 0 1706817609
WALL 21202683 1 0 1706817610
WALL 21202683 1 0 1706817611
WALL 21202683 1 0 1706817612
WALL 21202683 1 0 1706817613
WALL 21202683 1 0 1706817614
WALL 21202683 1 0 1706817615
WALL 21202683 1 0 1706817616
WALL 21202683 1 0 1706817617
WALL 21202683 1 0 1706817618
WALL 21202683 1 0 1706817619
WALL 21202683 1 0 1706817620
WALL 21202683 1 0 1706817621
WALL 21202683 1 0 1706817622
WALL 21202683 1 0 1706817623
WALL 21202683 1 0 1706817624
WALL 21202683 1 0 1706817625
WALL 21202683 1 0 1706817626
WALL 21202683 1 0 1706817627
WALL 21202683 1 0 1706817628
WALL 21202683 1 0 1706817629
WALL 21202683 1 0 1706817630
WALL 21202683 1 0 1706817631
WALL 21202683 1 0 1706817632
WALL 21202683 1 0 1706817633
WALL 21202683 1 0 1706817634
WALL 21202683 1 0 1706817635
WALL 21202683 1 0 1706817636
WALL 21202683 1 0 1706817637
WALL 21202683 1 0 1706817638
WALL 21202683 1 0 1706817639
WALL 21202683 1 0 1706817640
WALL 21202683 1 0 1706817641
WALL 21202683 1 0 1706817642
WALL 21202683 1 0 1706817643
WALL 21202683 1 0 1706817644
WALL 21202683 1 0 1706817645
WALL 21202683 1 0 1706817646
WALL 21202683 1 0 1706817647
WALL 21202683 1 0 1706817648
WALL 21202683 1 0 1706817649
WALL 21202683 1 0 1706817650
WALL 21202683 1 0 1706817651
WALL 21202683 1 0 1706817652
WALL 21202683 1 0 1706817653
WALL 21202683 1 0 1706817654
WALL 21202683 1 0 1706817655
WALL 21202683 1 0 1706817656
WALL 21202683 1 0 1706817657
WALL 21202683 1 0 1706817658
WALL 21202683 1 0 1706817659
WALL 21202683 1 0 1706817660
WALL 21202683 1 0 1706817661
WALL 21202683 1 0 1706817662
WALL 21202683 1 0 1706817663
WALL 21202683 1 0 1706817664
WALL 21202683 1 0 1706817665
WALL 21202683 1 0 1706817666
WALL 21202683 1 0 1706817667
WALL 21202683 1 0 1706817668
WALL 21202683 1 0 1706817669
WALL 21202683 1 0 1706817670
WALL 21202683 1 0 1706817671
WALL 21202683 1 0 1706817672
WALL 21202683 1 0 1706817673
WALL 21202683 1 0 1706817674
WALL 21202683 1 0 1706817675
WALL 21202683 1 0 1706817676
WALL 21202683 1 0 1706817677
WALL 21202683 1 0 1706817678
WALL 21202683 1 0 1706817679
WALL 21202683 1 0 1706817680
WALL 21202683 1 0 1706817681
WALL 21202683 1 0 1706817682
WALL 21202683 1 0 1706817683
WALL 21202683 1 0 1706817684
WALL 21202683 1 0 1706817685
WALL 21202683 1 0 1706817686
WALL 21202683 1 0 1706817687
WALL 21202683 1 0 1706817688
WALL 21202683 1 0 1706817689
WALL 21202683 1 0 1706817690
WALL 21202683 1 0 1706817691
WALL 21202683 1 0 1706817692
WALL 21202683 1 0 1706817693
WALL 21202683 1 0 1706817694
WALL 21202683 1 0 1706817695
WALL 21202683 1 0 1706817696
WALL 21202683 1 0 1706817697
WALL 21202683 1 0 1706817698
WALL 21202683 1 0 1706817699
WALL 21202683 1 0 1706817700
WALL 21202683 1 0 1706817701
WALL 21202683 1 0 1706817702
WALL 21202683 1 0 1706817703
WALL 21202683 1 0 1706817704
WALL 21202683 1 0 1706817705
WALL 21202683 1 0 1706817706
WALL 21202683 1 0 1706817707
WALL 21202683 1 0 1706817708
WALL 21202683 1 0 1706817709
WALL 21202683 1 0 1706817710
WALL 21202683 1 0 1706817711
WALL 21202683 1 0 1706817712
WALL 21202683 1 0 1706817713
WALL 21202683 1 0 1706817714
WALL 21202683 1 0 1706817715
WALL 21202683 1 0 1706817716
WALL 21202683 1 0 1706817717
WALL 21202683 1 0 1706817718
WALL 21202683 1 0 1706817719
WALL 21202683 1 0 1706817720
WALL 21202683 1 0 1706817721
WALL 21202683 1 0 1706817722
WALL 21202683 1 0 1706817723
WALL 21202683 1 0 1706817724
WALL 21202683 1 0 1706817725
WALL 21202683 1 0 1706817726
WALL 21202683 1 0 1706817727
WALL 21202683 1 0 1706817728
WALL 21202683 1 0 1706817729
WALL 21202683 1 0 1706817730
WALL 21202683 1 0 1706817731
WALL 21202683 1 0 1706817732
WALL 21202683 1 0 1706817733
WALL 21202683 1 0 1706817734
WALL 21202683 1 0 1706817735
WALL 21202683 1 0 1706817736
WALL 21202683 1 0 1706817737
WALL 21202683 1 0 1706817738
WALL 21202683 1 0 1706817739
WALL 21202683 1 0 1706817740
WALL 21202683 1 0 1706817741
WALL 21202683 1 0 1706817742
WALL 21202683 1 0 1706817743
WALL 21202683 1 0 1706817744
WALL 21202683 1 0 1706817745
WALL 21202683 1 0 1706817746
WALL 21202683 1 0 1706817747
WALL 21202683 1 0 1706817748
WALL 21202683 1 0 1706817749
WALL 21202683 1 0 1706817750
WALL 21202683 1 0 1706817751
WALL 21202683 1 0 1706817752
WALL 21202683 1 0 1706817753
WALL 21202683 1 0 1706817754
WALL 21202683 1 0 1706817755
WALL 21202683 1 0 1706817756
WALL 21202683 1 0 1706817757
WALL 21202683 1 0 1706817758
WALL 21202683 1 0 1706817759
WALL 21202683 1 0 1706817760
WALL 21202683 1 0 1706817761
WALL 21202683 1 0 1706817762
WALL 21202683 1 0 1706817763
WALL 21202683 1 0 1706817764
WALL 21202683 1 0 1706817765
WALL 21202683 1 0 1706817766
WALL 21202683 1 0 1706817767
WALL 21202683 1 0 1706817768
WALL 21202683 1 0 1706817769
WALL 21202683 1 0 1706817770
WALL 21202683 1 0 1706817771
WALL 21202683 1 0 1706817772
WALL 21202683 1 0 1706817773
WALL 21202683 1 0 1706817774
WALL 21202683 1 0 1706817775
WALL 21202683 1 0 1706817776
WALL 21202683 1 0 1706817777
WALL 21202683 1 0 1706817778
WALL 21202683 1 0 1706817779
WALL 21202683 1 0 1706817780
WALL 21202683 1 0 1706817781
WALL 21202683 1 0 1706817782
WALL 21202683 1 0 1706817783
WALL 21202683 1 0 1706817784
WALL 21202683 1 0 1706817785
WALL 21202683 1 0 1706817786
WALL 21202683 1 0 1706817787
WALL 21202683 1 0 1706817788
WALL 21202683 1 0 1706817789
WALL 21202683 1 0 1706817790
WALL 21202683 1 0 1706817791
WALL 21202683 1 0 1706817792
WALL 21202683 1 0 1706817793
WALL 21202683 1 0 1706817794
WALL 21202683 1 0 1706817795
WALL 21202683 1 0 1706817796
WALL 21202683 1 0 1706817797
WALL 21202683 1 0 1706817798
WALL 21202683 1 0 1706817799
WALL 21202683 1 0 1706817800
WALL 21202683 1 0 1706817801
WALL 21202683 1 0 1706817802
WALL 21202683 1 0 1706817803
WALL 21202683 1 0 1706817804
WALL 21202683 1 0 1706817805
WALL 21202683 1 0 1706817806
WALL 21202683 1 0 1706817807
WALL 21202683 1 0 1706817808
WALL 21202683 1 0 1706817809
WALL 21202683 1 0 1706817810
WALL 21202683 1 0 1706817811
WALL 21202683 1 0 1706817812
WALL 21202683 1 0 1706817813
WALL 21202683 1 0 1706817814
WALL 21202683 1 0 1706817815
WALL 21202683 1 0 1706817816
WALL 21202683 1 0 1706817817
WALL 21202683 1 0 1706817818
WALL 21202683 1 0 1706817819
WALL 21202683 1 0 1706817820
WALL 21202683 1 0 1706817821
WALL 21202683 1 0 1706817822
WALL 21202683 1 0 1706817823
WALL 21202683 1 0 1706817824
WALL 21202683 1 0 1706817825
WALL 21202683 1 0 1706817826
WALL 21202683 1 0 1706817827
WALL 21202683 1 0 1706817828
WALL 21202683 1 0 1706817829
WALL 21202683 1 0 1706817830
WALL 21202683 1 0 1706817831
WALL 21202683 1 0 1706817832
WALL 21202683 1 0 1706817833
WALL 21202683 1 0 1706817834
WALL 21202683 1 0 1706817835
WALL 21202683 1 0 1706817836
WALL 21202683 1 0 1706817837
WALL 21202683 1 0 1706817838
WALL 21202683 1 0 1706817839
WALL 21202683 1 0 1706817840
WALL 21202683 1 0 1706817841
WALL 21202683 1 0 1706817842
WALL 21202683 1 0 1706817843
WALL 21202683 1 0 1706817844
WALL 21202683 1 0 1706817845
WALL 21202683 1 0 1706817846
WALL 21202683 1 0 1706817847
WALL 21202683 1 0 1706817848
WALL 21202683 1 0 1706817849
WALL 21202683 1 0 1706817850
WALL 21202683 1 0 1706817851
WALL 21202683 1 0 1706817852
WALL 21202683 1 0 1706817853
WALL 21202683 1 0 1706817854
WALL 21202683 1 0 1706817855
WALL 21202683 1 0 1706817856
WALL 21202683 1 0 1706817857
WALL 21202683 1 0 1706817858
WALL 21202683 1 0 1706817859
WALL 21202683 1 0 1706817860
WALL 21202683 1 0 1706817861
WALL 21202683 1 0 1706817862
WALL 21202683 1 0 1706817863
WALL 21202683 1 0 1706817864
WALL 21202683 1 0 1706817865
WALL 21202683 1 0 1706817866
WALL 21202683 1 0 1706817867
WALL 21202683 1 0 1706817868
WALL 21202683 1 0 1706817869
WALL 21202683 1 0 1706817870
WALL 21202683 1 0 1706817871
WALL 21202683 1 0 1706817872
WALL 21202683 1 0 1706817873
WALL 21202683 1 0 1706817874
WALL 21202683 1 0 1706817875
WALL 21202683 1 0 1706817876
WALL 21202683 1 0 1706817877
WALL 21202683 1 0 1706817878
WALL 21202683 1 0 1706817879
WALL 21202683 1 0 1706817880
WALL 21202683 1 0 1706817881
WALL 21202683 1 0 1706817882
WALL 21202683 1 0 1706817883
WALL 21202683 1 0 1706817884
WALL 21202683 1 0 1706817885
WALL 21202683 1 0 1706817886
WALL 21202683 1 0 1706817887
WALL 21202683 1 0 1706817888
WALL 21202683 1 0 1706817889
WALL 21202683 1 0 1706817890
WALL 21202683 1 0 1706817891
WALL 21202683 1 0 1706817892
WALL 21202683 1 0 1706817893
WALL 21202683 1 0 1706817894
WALL 21202683 1 0 1706817895
WALL 21202683 1 0 1706817896
WALL 21202683 1 0 1706817897
WALL 21202683 1 0 1706817898
WALL 21202683 1 0 1706817899
WALL 21202683 1 0 1706817900
WALL 21202683 1 0 1706817901
WALL 21202683 1 0 1706817902
WALL 21202683 1 0 1706817903
WALL 21202683 1 0 1706817904
WALL 21202683 1 0 1706817905
WALL 21202683 1 0 1706817906
WALL 21202683 1 0 1706817907
WALL 21202683 1 0 1706817908
WALL 21202683 1 0 1706817909
WALL 21202683 1 0 1706817910
WALL 21202683 1 0 1706817911
WALL 21202683 1 0 1706817912
WALL 21202683 1 0 1706817913
WALL 21202683 1 0 1706817914
WALL 21202683 1 0 1706817915
WALL 21202683 1 0 1706817916
WALL 21202683 1 0 1706817917
WALL 21202683 1 0 1706817918
WALL 21202683 1 0 1706817919
WALL 21202683 1 0 1706817920
WALL 21202683 1 0 1706817921
WALL 21202683 1 0 1706817922
WALL 21202683 1 0 1706817923
WALL 21202683 1 0 1706817924
WALL 21202683 1 0 1706817925
WALL 21202683 1 0 1706817926
WALL 21202683 1 0 1706817927
WALL 21202683 1 0 1706817928
WALL 21202683 1 0 1706817929
WALL 21202683 1 0 1706817930
WALL 21202683 1 0 1706817931
WALL 21202683 1 0 1706817932
WALL 21202683 1 0 1706817933
WALL 21202683 1 0 1706817934
WALL 21202683 1 0 1706817935
WALL 21202683 1 0 1706817936
WALL 21202683 1 0 1706817937
WALL 21202683 1 0 1706817938
WALL 21202683 1 0 1706817939
received SIGCONT 1706817940
WALL 21202683 1 0 1706817940
slurmstepd: error: *** STEP 21202683.0 ON nid200029 CANCELLED AT 2024-02-01T20:05:40 ***
received SIGTERM 1706817940
WALL 21202683 1 0 1706817940
WALL 21202683 1 0 1706817941
WALL 21202683 1 0 1706817942
WALL 21202683 1 0 1706817943
WALL 21202683 1 0 1706817944
WALL 21202683 1 0 1706817945
WALL 21202683 1 0 1706817946
WALL 21202683 1 0 1706817947
WALL 21202683 1 0 1706817948
WALL 21202683 1 0 1706817949
WALL 21202683 1 0 1706817950
WALL 21202683 1 0 1706817951
WALL 21202683 1 0 1706817952
WALL 21202683 1 0 1706817953
WALL 21202683 1 0 1706817954
WALL 21202683 1 0 1706817955
WALL 21202683 1 0 1706817956
WALL 21202683 1 0 1706817957
WALL 21202683 1 0 1706817958
WALL 21202683 1 0 1706817959
WALL 21202683 1 0 1706817960
WALL 21202683 1 0 1706817961
WALL 21202683 1 0 1706817962
WALL 21202683 1 0 1706817963
WALL 21202683 1 0 1706817964
WALL 21202683 1 0 1706817965
WALL 21202683 1 0 1706817966
WALL 21202683 1 0 1706817967
WALL 21202683 1 0 1706817968
WALL 21202683 1 0 1706817969
WALL 21202683 1 0 1706817970
WALL 21202683 1 0 1706817971
WALL 21202683 1 0 1706817972
WALL 21202683 1 0 1706817973
WALL 21202683 1 0 1706817974
WALL 21202683 1 0 1706817975
WALL 21202683 1 0 1706817976
WALL 21202683 1 0 1706817977
WALL 21202683 1 0 1706817978
WALL 21202683 1 0 1706817979
WALL 21202683 1 0 1706817980
WALL 21202683 1 0 1706817981
WALL 21202683 1 0 1706817982
WALL 21202683 1 0 1706817983
WALL 21202683 1 0 1706817984
WALL 21202683 1 0 1706817985
WALL 21202683 1 0 1706817986
WALL 21202683 1 0 1706817987
WALL 21202683 1 0 1706817988
WALL 21202683 1 0 1706817989
WALL 21202683 1 0 1706817990
WALL 21202683 1 0 1706817991
WALL 21202683 1 0 1706817992
WALL 21202683 1 0 1706817993
WALL 21202683 1 0 1706817994
WALL 21202683 1 0 1706817995
WALL 21202683 1 0 1706817996
WALL 21202683 1 0 1706817997
WALL 21202683 1 0 1706817998
WALL 21202683 1 0 1706817999
WALL 21202683 1 0 1706818000
WALL 21202683 1 0 1706818001
WALL 21202683 1 0 1706818002
WALL 21202683 1 0 1706818003
WALL 21202683 1 0 1706818004
WALL 21202683 1 0 1706818005
WALL 21202683 1 0 1706818006
WALL 21202683 1 0 1706818007
WALL 21202683 1 0 1706818008
WALL 21202683 1 0 1706818009
slurmstepd: error: *** JOB 21202683 ON nid200029 CANCELLED AT 2024-02-01T20:06:50 DUE TO PREEMPTION ***
received SIGTERM 1706818010
WALL 21202683 1 0 1706818010
received SIGCONT 1706818010
WALL 21202683 1 0 1706818010
received SIGTERM 1706818010
WALL 21202683 1 0 1706818010
