WALL 21201444 1 0 1706816949
WALL 21201444 1 0 1706816950
WALL 21201444 1 0 1706816951
WALL 21201444 1 0 1706816952
WALL 21201444 1 0 1706816953
WALL 21201444 1 0 1706816954
WALL 21201444 1 0 1706816955
WALL 21201444 1 0 1706816956
WALL 21201444 1 0 1706816957
WALL 21201444 1 0 1706816958
WALL 21201444 1 0 1706816959
WALL 21201444 1 0 1706816960
WALL 21201444 1 0 1706816961
WALL 21201444 1 0 1706816962
WALL 21201444 1 0 1706816963
WALL 21201444 1 0 1706816964
WALL 21201444 1 0 1706816965
WALL 21201444 1 0 1706816966
WALL 21201444 1 0 1706816967
WALL 21201444 1 0 1706816968
WALL 21201444 1 0 1706816969
WALL 21201444 1 0 1706816970
WALL 21201444 1 0 1706816971
WALL 21201444 1 0 1706816972
WALL 21201444 1 0 1706816973
WALL 21201444 1 0 1706816974
WALL 21201444 1 0 1706816975
WALL 21201444 1 0 1706816976
slurmstepd: error: *** STEP 21201444.0 ON nid200191 CANCELLED AT 2024-02-01T19:49:37 ***
received SIGTERM 1706816977
WALL 21201444 1 0 1706816977
received SIGCONT 1706816977
WALL 21201444 1 0 1706816977
WALL 21201444 1 0 1706816978
WALL 21201444 1 0 1706816979
WALL 21201444 1 0 1706816980
WALL 21201444 1 0 1706816981
WALL 21201444 1 0 1706816982
WALL 21201444 1 0 1706816983
WALL 21201444 1 0 1706816984
WALL 21201444 1 0 1706816985
WALL 21201444 1 0 1706816986
WALL 21201444 1 0 1706816987
WALL 21201444 1 0 1706816988
WALL 21201444 1 0 1706816989
WALL 21201444 1 0 1706816990
WALL 21201444 1 0 1706816991
WALL 21201444 1 0 1706816992
WALL 21201444 1 0 1706816993
WALL 21201444 1 0 1706816994
WALL 21201444 1 0 1706816995
WALL 21201444 1 0 1706816996
WALL 21201444 1 0 1706816997
WALL 21201444 1 0 1706816998
WALL 21201444 1 0 1706816999
WALL 21201444 1 0 1706817000
WALL 21201444 1 0 1706817001
WALL 21201444 1 0 1706817002
WALL 21201444 1 0 1706817003
WALL 21201444 1 0 1706817004
WALL 21201444 1 0 1706817005
WALL 21201444 1 0 1706817006
WALL 21201444 1 0 1706817007
WALL 21201444 1 0 1706817008
WALL 21201444 1 0 1706817009
WALL 21201444 1 0 1706817010
WALL 21201444 1 0 1706817011
WALL 21201444 1 0 1706817012
WALL 21201444 1 0 1706817013
WALL 21201444 1 0 1706817014
WALL 21201444 1 0 1706817015
WALL 21201444 1 0 1706817016
WALL 21201444 1 0 1706817017
WALL 21201444 1 0 1706817018
WALL 21201444 1 0 1706817019
WALL 21201444 1 0 1706817020
WALL 21201444 1 0 1706817021
WALL 21201444 1 0 1706817022
WALL 21201444 1 0 1706817023
WALL 21201444 1 0 1706817024
WALL 21201444 1 0 1706817025
WALL 21201444 1 0 1706817026
WALL 21201444 1 0 1706817027
WALL 21201444 1 0 1706817028
WALL 21201444 1 0 1706817029
WALL 21201444 1 0 1706817030
WALL 21201444 1 0 1706817031
WALL 21201444 1 0 1706817032
WALL 21201444 1 0 1706817033
WALL 21201444 1 0 1706817034
WALL 21201444 1 0 1706817035
WALL 21201444 1 0 1706817036
WALL 21201444 1 0 1706817037
WALL 21201444 1 0 1706817038
WALL 21201444 1 0 1706817039
WALL 21201444 1 0 1706817040
WALL 21201444 1 0 1706817041
WALL 21201444 1 0 1706817042
WALL 21201444 1 0 1706817043
WALL 21201444 1 0 1706817044
WALL 21201444 1 0 1706817045
WALL 21201444 1 0 1706817046
WALL 21201444 1 0 1706817047
WALL 21201444 1 0 1706817048
WALL 21201444 1 0 1706817049
slurmstepd: error: *** JOB 21201444 ON nid200191 CANCELLED AT 2024-02-01T19:50:49 DUE TO PREEMPTION ***
received SIGTERM 1706817049
WALL 21201444 1 0 1706817049
received SIGCONT 1706817049
WALL 21201444 1 0 1706817049
received SIGTERM 1706817049
WALL 21201444 1 0 1706817049
