srun: warning: can't run 1 processes on 16 nodes, setting nnodes to 1
WALL 21211880 1 0 1706831958
WALL 21211880 1 0 1706831959
WALL 21211880 1 0 1706831960
WALL 21211880 1 0 1706831961
WALL 21211880 1 0 1706831962
WALL 21211880 1 0 1706831963
WALL 21211880 1 0 1706831964
WALL 21211880 1 0 1706831965
WALL 21211880 1 0 1706831966
WALL 21211880 1 0 1706831967
WALL 21211880 1 0 1706831968
WALL 21211880 1 0 1706831969
WALL 21211880 1 0 1706831970
WALL 21211880 1 0 1706831971
WALL 21211880 1 0 1706831972
WALL 21211880 1 0 1706831973
WALL 21211880 1 0 1706831974
WALL 21211880 1 0 1706831975
WALL 21211880 1 0 1706831976
WALL 21211880 1 0 1706831977
WALL 21211880 1 0 1706831978
WALL 21211880 1 0 1706831979
WALL 21211880 1 0 1706831980
WALL 21211880 1 0 1706831981
WALL 21211880 1 0 1706831982
WALL 21211880 1 0 1706831983
WALL 21211880 1 0 1706831984
WALL 21211880 1 0 1706831985
WALL 21211880 1 0 1706831986
WALL 21211880 1 0 1706831987
WALL 21211880 1 0 1706831988
WALL 21211880 1 0 1706831989
WALL 21211880 1 0 1706831990
WALL 21211880 1 0 1706831991
WALL 21211880 1 0 1706831992
WALL 21211880 1 0 1706831993
WALL 21211880 1 0 1706831994
WALL 21211880 1 0 1706831995
WALL 21211880 1 0 1706831996
WALL 21211880 1 0 1706831997
WALL 21211880 1 0 1706831998
WALL 21211880 1 0 1706831999
WALL 21211880 1 0 1706832000
WALL 21211880 1 0 1706832001
WALL 21211880 1 0 1706832002
WALL 21211880 1 0 1706832003
WALL 21211880 1 0 1706832004
WALL 21211880 1 0 1706832005
WALL 21211880 1 0 1706832006
WALL 21211880 1 0 1706832007
WALL 21211880 1 0 1706832008
WALL 21211880 1 0 1706832009
WALL 21211880 1 0 1706832010
WALL 21211880 1 0 1706832011
WALL 21211880 1 0 1706832012
WALL 21211880 1 0 1706832013
WALL 21211880 1 0 1706832014
WALL 21211880 1 0 1706832015
WALL 21211880 1 0 1706832016
WALL 21211880 1 0 1706832017
WALL 21211880 1 0 1706832018
WALL 21211880 1 0 1706832019
WALL 21211880 1 0 1706832020
WALL 21211880 1 0 1706832021
WALL 21211880 1 0 1706832022
WALL 21211880 1 0 1706832023
WALL 21211880 1 0 1706832024
WALL 21211880 1 0 1706832025
WALL 21211880 1 0 1706832026
received SIGCONT 1706832026
WALL 21211880 1 0 1706832026
slurmstepd: error: *** STEP 21211880.0 ON nid200000 CANCELLED AT 2024-02-02T00:00:26 ***
received SIGTERM 1706832026
WALL 21211880 1 0 1706832026
WALL 21211880 1 0 1706832027
WALL 21211880 1 0 1706832028
WALL 21211880 1 0 1706832029
WALL 21211880 1 0 1706832030
WALL 21211880 1 0 1706832031
WALL 21211880 1 0 1706832032
WALL 21211880 1 0 1706832033
WALL 21211880 1 0 1706832034
WALL 21211880 1 0 1706832035
WALL 21211880 1 0 1706832036
WALL 21211880 1 0 1706832037
WALL 21211880 1 0 1706832038
WALL 21211880 1 0 1706832039
WALL 21211880 1 0 1706832040
WALL 21211880 1 0 1706832041
WALL 21211880 1 0 1706832042
WALL 21211880 1 0 1706832043
WALL 21211880 1 0 1706832044
WALL 21211880 1 0 1706832045
WALL 21211880 1 0 1706832046
WALL 21211880 1 0 1706832047
WALL 21211880 1 0 1706832048
WALL 21211880 1 0 1706832049
WALL 21211880 1 0 1706832050
WALL 21211880 1 0 1706832051
WALL 21211880 1 0 1706832052
WALL 21211880 1 0 1706832053
WALL 21211880 1 0 1706832054
WALL 21211880 1 0 1706832055
WALL 21211880 1 0 1706832056
WALL 21211880 1 0 1706832057
WALL 21211880 1 0 1706832058
WALL 21211880 1 0 1706832059
WALL 21211880 1 0 1706832060
WALL 21211880 1 0 1706832061
WALL 21211880 1 0 1706832062
WALL 21211880 1 0 1706832063
WALL 21211880 1 0 1706832064
WALL 21211880 1 0 1706832065
WALL 21211880 1 0 1706832066
WALL 21211880 1 0 1706832067
WALL 21211880 1 0 1706832068
WALL 21211880 1 0 1706832069
WALL 21211880 1 0 1706832070
WALL 21211880 1 0 1706832071
WALL 21211880 1 0 1706832072
WALL 21211880 1 0 1706832073
WALL 21211880 1 0 1706832074
WALL 21211880 1 0 1706832075
WALL 21211880 1 0 1706832076
WALL 21211880 1 0 1706832077
WALL 21211880 1 0 1706832078
WALL 21211880 1 0 1706832079
WALL 21211880 1 0 1706832080
WALL 21211880 1 0 1706832081
WALL 21211880 1 0 1706832082
WALL 21211880 1 0 1706832083
WALL 21211880 1 0 1706832084
WALL 21211880 1 0 1706832085
WALL 21211880 1 0 1706832086
WALL 21211880 1 0 1706832087
WALL 21211880 1 0 1706832088
WALL 21211880 1 0 1706832089
WALL 21211880 1 0 1706832090
WALL 21211880 1 0 1706832091
WALL 21211880 1 0 1706832092
WALL 21211880 1 0 1706832093
WALL 21211880 1 0 1706832094
WALL 21211880 1 0 1706832095
WALL 21211880 1 0 1706832096
WALL 21211880 1 0 1706832097
WALL 21211880 1 0 1706832098
slurmstepd: error: *** JOB 21211880 ON nid200000 CANCELLED AT 2024-02-02T00:01:39 DUE TO PREEMPTION ***
received SIGTERM 1706832099
WALL 21211880 1 0 1706832099
received SIGCONT 1706832099
WALL 21211880 1 0 1706832099
received SIGTERM 1706832099
WALL 21211880 1 0 1706832099
