WALL 21233558 1 0 1706903256
WALL 21233558 1 0 1706903257
WALL 21233558 1 0 1706903258
WALL 21233558 1 0 1706903259
WALL 21233558 1 0 1706903260
WALL 21233558 1 0 1706903261
WALL 21233558 1 0 1706903262
WALL 21233558 1 0 1706903263
WALL 21233558 1 0 1706903264
WALL 21233558 1 0 1706903265
WALL 21233558 1 0 1706903266
WALL 21233558 1 0 1706903267
WALL 21233558 1 0 1706903268
WALL 21233558 1 0 1706903269
WALL 21233558 1 0 1706903270
WALL 21233558 1 0 1706903271
WALL 21233558 1 0 1706903272
WALL 21233558 1 0 1706903273
WALL 21233558 1 0 1706903274
WALL 21233558 1 0 1706903275
WALL 21233558 1 0 1706903276
WALL 21233558 1 0 1706903277
WALL 21233558 1 0 1706903278
WALL 21233558 1 0 1706903279
WALL 21233558 1 0 1706903280
WALL 21233558 1 0 1706903281
WALL 21233558 1 0 1706903282
WALL 21233558 1 0 1706903283
WALL 21233558 1 0 1706903284
WALL 21233558 1 0 1706903285
WALL 21233558 1 0 1706903286
WALL 21233558 1 0 1706903287
WALL 21233558 1 0 1706903288
WALL 21233558 1 0 1706903289
WALL 21233558 1 0 1706903290
WALL 21233558 1 0 1706903291
WALL 21233558 1 0 1706903292
WALL 21233558 1 0 1706903293
WALL 21233558 1 0 1706903294
WALL 21233558 1 0 1706903295
WALL 21233558 1 0 1706903296
WALL 21233558 1 0 1706903297
WALL 21233558 1 0 1706903298
WALL 21233558 1 0 1706903299
WALL 21233558 1 0 1706903300
WALL 21233558 1 0 1706903301
WALL 21233558 1 0 1706903302
WALL 21233558 1 0 1706903303
WALL 21233558 1 0 1706903304
WALL 21233558 1 0 1706903305
WALL 21233558 1 0 1706903306
WALL 21233558 1 0 1706903307
WALL 21233558 1 0 1706903308
WALL 21233558 1 0 1706903309
WALL 21233558 1 0 1706903310
WALL 21233558 1 0 1706903311
WALL 21233558 1 0 1706903312
WALL 21233558 1 0 1706903313
WALL 21233558 1 0 1706903314
WALL 21233558 1 0 1706903315
WALL 21233558 1 0 1706903316
WALL 21233558 1 0 1706903317
WALL 21233558 1 0 1706903318
WALL 21233558 1 0 1706903319
WALL 21233558 1 0 1706903320
WALL 21233558 1 0 1706903321
WALL 21233558 1 0 1706903322
WALL 21233558 1 0 1706903323
WALL 21233558 1 0 1706903324
WALL 21233558 1 0 1706903325
WALL 21233558 1 0 1706903326
WALL 21233558 1 0 1706903327
WALL 21233558 1 0 1706903328
WALL 21233558 1 0 1706903329
WALL 21233558 1 0 1706903330
WALL 21233558 1 0 1706903331
WALL 21233558 1 0 1706903332
WALL 21233558 1 0 1706903333
WALL 21233558 1 0 1706903334
WALL 21233558 1 0 1706903335
WALL 21233558 1 0 1706903336
WALL 21233558 1 0 1706903337
WALL 21233558 1 0 1706903338
WALL 21233558 1 0 1706903339
WALL 21233558 1 0 1706903340
WALL 21233558 1 0 1706903341
WALL 21233558 1 0 1706903342
slurmstepd: error: *** STEP 21233558.0 ON nid200035 CANCELLED AT 2024-02-02T19:49:03 ***
received SIGCONT 1706903343
WALL 21233558 1 0 1706903343
received SIGTERM 1706903343
WALL 21233558 1 0 1706903343
WALL 21233558 1 0 1706903344
WALL 21233558 1 0 1706903345
WALL 21233558 1 0 1706903346
WALL 21233558 1 0 1706903347
WALL 21233558 1 0 1706903348
WALL 21233558 1 0 1706903349
WALL 21233558 1 0 1706903350
WALL 21233558 1 0 1706903351
WALL 21233558 1 0 1706903352
WALL 21233558 1 0 1706903353
WALL 21233558 1 0 1706903354
WALL 21233558 1 0 1706903355
WALL 21233558 1 0 1706903356
WALL 21233558 1 0 1706903357
WALL 21233558 1 0 1706903358
WALL 21233558 1 0 1706903359
WALL 21233558 1 0 1706903360
WALL 21233558 1 0 1706903361
WALL 21233558 1 0 1706903362
WALL 21233558 1 0 1706903363
WALL 21233558 1 0 1706903364
WALL 21233558 1 0 1706903365
WALL 21233558 1 0 1706903366
WALL 21233558 1 0 1706903367
WALL 21233558 1 0 1706903368
WALL 21233558 1 0 1706903369
WALL 21233558 1 0 1706903370
WALL 21233558 1 0 1706903371
WALL 21233558 1 0 1706903372
WALL 21233558 1 0 1706903373
WALL 21233558 1 0 1706903374
WALL 21233558 1 0 1706903375
WALL 21233558 1 0 1706903376
WALL 21233558 1 0 1706903377
WALL 21233558 1 0 1706903378
WALL 21233558 1 0 1706903379
WALL 21233558 1 0 1706903380
WALL 21233558 1 0 1706903381
WALL 21233558 1 0 1706903382
WALL 21233558 1 0 1706903383
WALL 21233558 1 0 1706903384
WALL 21233558 1 0 1706903385
WALL 21233558 1 0 1706903386
WALL 21233558 1 0 1706903387
WALL 21233558 1 0 1706903388
WALL 21233558 1 0 1706903389
WALL 21233558 1 0 1706903390
WALL 21233558 1 0 1706903391
WALL 21233558 1 0 1706903392
WALL 21233558 1 0 1706903393
WALL 21233558 1 0 1706903394
WALL 21233558 1 0 1706903395
WALL 21233558 1 0 1706903396
WALL 21233558 1 0 1706903397
WALL 21233558 1 0 1706903398
WALL 21233558 1 0 1706903399
WALL 21233558 1 0 1706903400
WALL 21233558 1 0 1706903401
WALL 21233558 1 0 1706903402
WALL 21233558 1 0 1706903403
WALL 21233558 1 0 1706903404
WALL 21233558 1 0 1706903405
WALL 21233558 1 0 1706903406
WALL 21233558 1 0 1706903407
WALL 21233558 1 0 1706903408
WALL 21233558 1 0 1706903409
WALL 21233558 1 0 1706903410
WALL 21233558 1 0 1706903411
WALL 21233558 1 0 1706903412
WALL 21233558 1 0 1706903413
WALL 21233558 1 0 1706903414
WALL 21233558 1 0 1706903415
WALL 21233558 1 0 1706903416
WALL 21233558 1 0 1706903417
WALL 21233558 1 0 1706903418
WALL 21233558 1 0 1706903419
WALL 21233558 1 0 1706903420
WALL 21233558 1 0 1706903421
WALL 21233558 1 0 1706903422
WALL 21233558 1 0 1706903423
WALL 21233558 1 0 1706903424
WALL 21233558 1 0 1706903425
WALL 21233558 1 0 1706903426
WALL 21233558 1 0 1706903427
WALL 21233558 1 0 1706903428
WALL 21233558 1 0 1706903429
WALL 21233558 1 0 1706903430
WALL 21233558 1 0 1706903431
WALL 21233558 1 0 1706903432
WALL 21233558 1 0 1706903433
WALL 21233558 1 0 1706903434
WALL 21233558 1 0 1706903435
WALL 21233558 1 0 1706903436
WALL 21233558 1 0 1706903437
WALL 21233558 1 0 1706903438
WALL 21233558 1 0 1706903439
WALL 21233558 1 0 1706903440
WALL 21233558 1 0 1706903441
WALL 21233558 1 0 1706903442
WALL 21233558 1 0 1706903443
WALL 21233558 1 0 1706903444
WALL 21233558 1 0 1706903445
WALL 21233558 1 0 1706903446
WALL 21233558 1 0 1706903447
WALL 21233558 1 0 1706903448
WALL 21233558 1 0 1706903449
WALL 21233558 1 0 1706903450
WALL 21233558 1 0 1706903451
WALL 21233558 1 0 1706903452
WALL 21233558 1 0 1706903453
WALL 21233558 1 0 1706903454
WALL 21233558 1 0 1706903455
WALL 21233558 1 0 1706903456
WALL 21233558 1 0 1706903457
WALL 21233558 1 0 1706903458
WALL 21233558 1 0 1706903459
WALL 21233558 1 0 1706903460
WALL 21233558 1 0 1706903461
WALL 21233558 1 0 1706903462
WALL 21233558 1 0 1706903463
WALL 21233558 1 0 1706903464
WALL 21233558 1 0 1706903465
WALL 21233558 1 0 1706903466
WALL 21233558 1 0 1706903467
WALL 21233558 1 0 1706903468
WALL 21233558 1 0 1706903469
slurmstepd: error: *** JOB 21233558 ON nid200035 CANCELLED AT 2024-02-02T19:51:10 DUE TO PREEMPTION ***
received SIGTERM 1706903470
WALL 21233558 1 0 1706903470
received SIGCONT 1706903470
WALL 21233558 1 0 1706903470
received SIGTERM 1706903470
WALL 21233558 1 0 1706903470
