srun: warning: can't run 1 processes on 2 nodes, setting nnodes to 1
WALL 21202704 1 0 1706817472
WALL 21202704 1 0 1706817473
WALL 21202704 1 0 1706817474
WALL 21202704 1 0 1706817475
WALL 21202704 1 0 1706817476
WALL 21202704 1 0 1706817477
WALL 21202704 1 0 1706817478
WALL 21202704 1 0 1706817479
WALL 21202704 1 0 1706817480
WALL 21202704 1 0 1706817481
WALL 21202704 1 0 1706817482
WALL 21202704 1 0 1706817483
WALL 21202704 1 0 1706817484
WALL 21202704 1 0 1706817485
WALL 21202704 1 0 1706817486
WALL 21202704 1 0 1706817487
WALL 21202704 1 0 1706817488
WALL 21202704 1 0 1706817489
WALL 21202704 1 0 1706817490
WALL 21202704 1 0 1706817491
WALL 21202704 1 0 1706817492
WALL 21202704 1 0 1706817493
WALL 21202704 1 0 1706817494
WALL 21202704 1 0 1706817495
WALL 21202704 1 0 1706817496
WALL 21202704 1 0 1706817497
WALL 21202704 1 0 1706817498
WALL 21202704 1 0 1706817499
WALL 21202704 1 0 1706817500
WALL 21202704 1 0 1706817501
WALL 21202704 1 0 1706817502
WALL 21202704 1 0 1706817503
WALL 21202704 1 0 1706817504
WALL 21202704 1 0 1706817505
WALL 21202704 1 0 1706817506
WALL 21202704 1 0 1706817507
WALL 21202704 1 0 1706817508
WALL 21202704 1 0 1706817509
WALL 21202704 1 0 1706817510
WALL 21202704 1 0 1706817511
WALL 21202704 1 0 1706817512
WALL 21202704 1 0 1706817513
WALL 21202704 1 0 1706817514
WALL 21202704 1 0 1706817515
WALL 21202704 1 0 1706817516
WALL 21202704 1 0 1706817517
WALL 21202704 1 0 1706817518
WALL 21202704 1 0 1706817519
WALL 21202704 1 0 1706817520
WALL 21202704 1 0 1706817521
WALL 21202704 1 0 1706817522
WALL 21202704 1 0 1706817523
WALL 21202704 1 0 1706817524
WALL 21202704 1 0 1706817525
WALL 21202704 1 0 1706817526
WALL 21202704 1 0 1706817527
WALL 21202704 1 0 1706817528
slurmstepd: error: *** STEP 21202704.0 ON nid200123 CANCELLED AT 2024-02-01T19:58:48 ***
received SIGTERM 1706817528
WALL 21202704 1 0 1706817528
received SIGCONT 1706817528
WALL 21202704 1 0 1706817528
WALL 21202704 1 0 1706817529
WALL 21202704 1 0 1706817530
WALL 21202704 1 0 1706817531
WALL 21202704 1 0 1706817532
WALL 21202704 1 0 1706817533
WALL 21202704 1 0 1706817534
WALL 21202704 1 0 1706817535
WALL 21202704 1 0 1706817536
WALL 21202704 1 0 1706817537
WALL 21202704 1 0 1706817538
WALL 21202704 1 0 1706817539
WALL 21202704 1 0 1706817540
WALL 21202704 1 0 1706817541
WALL 21202704 1 0 1706817542
WALL 21202704 1 0 1706817543
WALL 21202704 1 0 1706817544
WALL 21202704 1 0 1706817545
WALL 21202704 1 0 1706817546
WALL 21202704 1 0 1706817547
WALL 21202704 1 0 1706817548
WALL 21202704 1 0 1706817549
WALL 21202704 1 0 1706817550
WALL 21202704 1 0 1706817551
WALL 21202704 1 0 1706817552
WALL 21202704 1 0 1706817553
WALL 21202704 1 0 1706817554
WALL 21202704 1 0 1706817555
WALL 21202704 1 0 1706817556
WALL 21202704 1 0 1706817557
WALL 21202704 1 0 1706817558
WALL 21202704 1 0 1706817559
WALL 21202704 1 0 1706817560
WALL 21202704 1 0 1706817561
WALL 21202704 1 0 1706817562
WALL 21202704 1 0 1706817563
WALL 21202704 1 0 1706817564
WALL 21202704 1 0 1706817565
WALL 21202704 1 0 1706817566
WALL 21202704 1 0 1706817567
WALL 21202704 1 0 1706817568
WALL 21202704 1 0 1706817569
WALL 21202704 1 0 1706817570
WALL 21202704 1 0 1706817571
WALL 21202704 1 0 1706817572
WALL 21202704 1 0 1706817573
WALL 21202704 1 0 1706817574
WALL 21202704 1 0 1706817575
WALL 21202704 1 0 1706817576
WALL 21202704 1 0 1706817577
WALL 21202704 1 0 1706817578
WALL 21202704 1 0 1706817579
WALL 21202704 1 0 1706817580
WALL 21202704 1 0 1706817581
WALL 21202704 1 0 1706817582
WALL 21202704 1 0 1706817583
WALL 21202704 1 0 1706817584
WALL 21202704 1 0 1706817585
WALL 21202704 1 0 1706817586
WALL 21202704 1 0 1706817587
WALL 21202704 1 0 1706817588
WALL 21202704 1 0 1706817589
WALL 21202704 1 0 1706817590
WALL 21202704 1 0 1706817591
WALL 21202704 1 0 1706817592
WALL 21202704 1 0 1706817593
WALL 21202704 1 0 1706817594
WALL 21202704 1 0 1706817595
WALL 21202704 1 0 1706817596
WALL 21202704 1 0 1706817597
WALL 21202704 1 0 1706817598
WALL 21202704 1 0 1706817599
WALL 21202704 1 0 1706817600
WALL 21202704 1 0 1706817601
WALL 21202704 1 0 1706817602
WALL 21202704 1 0 1706817603
WALL 21202704 1 0 1706817604
WALL 21202704 1 0 1706817605
WALL 21202704 1 0 1706817606
WALL 21202704 1 0 1706817607
slurmstepd: error: *** JOB 21202704 ON nid200123 CANCELLED AT 2024-02-01T20:00:07 DUE TO PREEMPTION ***
received SIGTERM 1706817607
WALL 21202704 1 0 1706817607
received SIGCONT 1706817607
WALL 21202704 1 0 1706817607
received SIGTERM 1706817607
WALL 21202704 1 0 1706817607
