srun: warning: can't run 1 processes on 4 nodes, setting nnodes to 1
WALL 21238611 1 0 1706909317
WALL 21238611 1 0 1706909318
WALL 21238611 1 0 1706909319
WALL 21238611 1 0 1706909320
WALL 21238611 1 0 1706909321
WALL 21238611 1 0 1706909322
WALL 21238611 1 0 1706909323
WALL 21238611 1 0 1706909324
WALL 21238611 1 0 1706909325
WALL 21238611 1 0 1706909326
WALL 21238611 1 0 1706909327
WALL 21238611 1 0 1706909328
WALL 21238611 1 0 1706909329
WALL 21238611 1 0 1706909330
WALL 21238611 1 0 1706909331
WALL 21238611 1 0 1706909332
WALL 21238611 1 0 1706909333
WALL 21238611 1 0 1706909334
WALL 21238611 1 0 1706909335
WALL 21238611 1 0 1706909336
WALL 21238611 1 0 1706909337
WALL 21238611 1 0 1706909338
WALL 21238611 1 0 1706909339
WALL 21238611 1 0 1706909340
WALL 21238611 1 0 1706909341
WALL 21238611 1 0 1706909342
WALL 21238611 1 0 1706909343
WALL 21238611 1 0 1706909344
WALL 21238611 1 0 1706909345
WALL 21238611 1 0 1706909346
WALL 21238611 1 0 1706909347
WALL 21238611 1 0 1706909348
WALL 21238611 1 0 1706909349
WALL 21238611 1 0 1706909350
WALL 21238611 1 0 1706909351
WALL 21238611 1 0 1706909352
WALL 21238611 1 0 1706909353
WALL 21238611 1 0 1706909354
WALL 21238611 1 0 1706909355
WALL 21238611 1 0 1706909356
WALL 21238611 1 0 1706909357
WALL 21238611 1 0 1706909358
WALL 21238611 1 0 1706909359
WALL 21238611 1 0 1706909360
WALL 21238611 1 0 1706909361
WALL 21238611 1 0 1706909362
WALL 21238611 1 0 1706909363
WALL 21238611 1 0 1706909364
WALL 21238611 1 0 1706909365
WALL 21238611 1 0 1706909366
WALL 21238611 1 0 1706909367
WALL 21238611 1 0 1706909368
WALL 21238611 1 0 1706909369
WALL 21238611 1 0 1706909370
WALL 21238611 1 0 1706909371
WALL 21238611 1 0 1706909372
WALL 21238611 1 0 1706909373
WALL 21238611 1 0 1706909374
WALL 21238611 1 0 1706909375
WALL 21238611 1 0 1706909376
WALL 21238611 1 0 1706909377
WALL 21238611 1 0 1706909378
WALL 21238611 1 0 1706909379
WALL 21238611 1 0 1706909380
WALL 21238611 1 0 1706909381
WALL 21238611 1 0 1706909382
WALL 21238611 1 0 1706909383
WALL 21238611 1 0 1706909384
WALL 21238611 1 0 1706909385
WALL 21238611 1 0 1706909386
WALL 21238611 1 0 1706909387
WALL 21238611 1 0 1706909388
WALL 21238611 1 0 1706909389
WALL 21238611 1 0 1706909390
WALL 21238611 1 0 1706909391
WALL 21238611 1 0 1706909392
WALL 21238611 1 0 1706909393
WALL 21238611 1 0 1706909394
WALL 21238611 1 0 1706909395
WALL 21238611 1 0 1706909396
WALL 21238611 1 0 1706909397
WALL 21238611 1 0 1706909398
WALL 21238611 1 0 1706909399
WALL 21238611 1 0 1706909400
WALL 21238611 1 0 1706909401
WALL 21238611 1 0 1706909402
WALL 21238611 1 0 1706909403
WALL 21238611 1 0 1706909404
WALL 21238611 1 0 1706909405
WALL 21238611 1 0 1706909406
WALL 21238611 1 0 1706909407
WALL 21238611 1 0 1706909408
WALL 21238611 1 0 1706909409
WALL 21238611 1 0 1706909410
WALL 21238611 1 0 1706909411
WALL 21238611 1 0 1706909412
WALL 21238611 1 0 1706909413
WALL 21238611 1 0 1706909414
WALL 21238611 1 0 1706909415
WALL 21238611 1 0 1706909416
WALL 21238611 1 0 1706909417
WALL 21238611 1 0 1706909418
WALL 21238611 1 0 1706909419
WALL 21238611 1 0 1706909420
WALL 21238611 1 0 1706909421
WALL 21238611 1 0 1706909422
WALL 21238611 1 0 1706909423
WALL 21238611 1 0 1706909424
WALL 21238611 1 0 1706909425
WALL 21238611 1 0 1706909426
WALL 21238611 1 0 1706909427
WALL 21238611 1 0 1706909428
WALL 21238611 1 0 1706909429
WALL 21238611 1 0 1706909430
WALL 21238611 1 0 1706909431
WALL 21238611 1 0 1706909432
WALL 21238611 1 0 1706909433
WALL 21238611 1 0 1706909434
WALL 21238611 1 0 1706909435
WALL 21238611 1 0 1706909436
WALL 21238611 1 0 1706909437
WALL 21238611 1 0 1706909438
WALL 21238611 1 0 1706909439
WALL 21238611 1 0 1706909440
WALL 21238611 1 0 1706909441
WALL 21238611 1 0 1706909442
WALL 21238611 1 0 1706909443
WALL 21238611 1 0 1706909444
WALL 21238611 1 0 1706909445
WALL 21238611 1 0 1706909446
WALL 21238611 1 0 1706909447
WALL 21238611 1 0 1706909448
WALL 21238611 1 0 1706909449
WALL 21238611 1 0 1706909450
WALL 21238611 1 0 1706909451
WALL 21238611 1 0 1706909452
WALL 21238611 1 0 1706909453
WALL 21238611 1 0 1706909454
WALL 21238611 1 0 1706909455
WALL 21238611 1 0 1706909456
WALL 21238611 1 0 1706909457
WALL 21238611 1 0 1706909458
WALL 21238611 1 0 1706909459
WALL 21238611 1 0 1706909460
WALL 21238611 1 0 1706909461
WALL 21238611 1 0 1706909462
WALL 21238611 1 0 1706909463
WALL 21238611 1 0 1706909464
WALL 21238611 1 0 1706909465
WALL 21238611 1 0 1706909466
WALL 21238611 1 0 1706909467
WALL 21238611 1 0 1706909468
WALL 21238611 1 0 1706909469
WALL 21238611 1 0 1706909470
WALL 21238611 1 0 1706909471
WALL 21238611 1 0 1706909472
WALL 21238611 1 0 1706909473
WALL 21238611 1 0 1706909474
WALL 21238611 1 0 1706909475
WALL 21238611 1 0 1706909476
WALL 21238611 1 0 1706909477
WALL 21238611 1 0 1706909478
WALL 21238611 1 0 1706909479
WALL 21238611 1 0 1706909480
WALL 21238611 1 0 1706909481
WALL 21238611 1 0 1706909482
WALL 21238611 1 0 1706909483
WALL 21238611 1 0 1706909484
WALL 21238611 1 0 1706909485
WALL 21238611 1 0 1706909486
WALL 21238611 1 0 1706909487
WALL 21238611 1 0 1706909488
WALL 21238611 1 0 1706909489
WALL 21238611 1 0 1706909490
WALL 21238611 1 0 1706909491
WALL 21238611 1 0 1706909492
WALL 21238611 1 0 1706909493
WALL 21238611 1 0 1706909494
WALL 21238611 1 0 1706909495
WALL 21238611 1 0 1706909496
WALL 21238611 1 0 1706909497
WALL 21238611 1 0 1706909498
WALL 21238611 1 0 1706909499
WALL 21238611 1 0 1706909500
WALL 21238611 1 0 1706909501
WALL 21238611 1 0 1706909502
WALL 21238611 1 0 1706909503
WALL 21238611 1 0 1706909504
WALL 21238611 1 0 1706909505
WALL 21238611 1 0 1706909506
WALL 21238611 1 0 1706909507
WALL 21238611 1 0 1706909508
WALL 21238611 1 0 1706909509
WALL 21238611 1 0 1706909510
WALL 21238611 1 0 1706909511
WALL 21238611 1 0 1706909512
WALL 21238611 1 0 1706909513
WALL 21238611 1 0 1706909514
WALL 21238611 1 0 1706909515
WALL 21238611 1 0 1706909516
WALL 21238611 1 0 1706909517
WALL 21238611 1 0 1706909518
WALL 21238611 1 0 1706909519
WALL 21238611 1 0 1706909520
WALL 21238611 1 0 1706909521
WALL 21238611 1 0 1706909522
WALL 21238611 1 0 1706909523
WALL 21238611 1 0 1706909524
WALL 21238611 1 0 1706909525
WALL 21238611 1 0 1706909526
WALL 21238611 1 0 1706909527
WALL 21238611 1 0 1706909528
WALL 21238611 1 0 1706909529
WALL 21238611 1 0 1706909530
WALL 21238611 1 0 1706909531
WALL 21238611 1 0 1706909532
WALL 21238611 1 0 1706909533
WALL 21238611 1 0 1706909534
WALL 21238611 1 0 1706909535
WALL 21238611 1 0 1706909536
WALL 21238611 1 0 1706909537
WALL 21238611 1 0 1706909538
WALL 21238611 1 0 1706909539
WALL 21238611 1 0 1706909540
WALL 21238611 1 0 1706909541
WALL 21238611 1 0 1706909542
WALL 21238611 1 0 1706909543
WALL 21238611 1 0 1706909544
WALL 21238611 1 0 1706909545
WALL 21238611 1 0 1706909546
WALL 21238611 1 0 1706909547
WALL 21238611 1 0 1706909548
WALL 21238611 1 0 1706909549
WALL 21238611 1 0 1706909550
WALL 21238611 1 0 1706909551
WALL 21238611 1 0 1706909552
WALL 21238611 1 0 1706909553
WALL 21238611 1 0 1706909554
WALL 21238611 1 0 1706909555
WALL 21238611 1 0 1706909556
WALL 21238611 1 0 1706909557
WALL 21238611 1 0 1706909558
WALL 21238611 1 0 1706909559
WALL 21238611 1 0 1706909560
WALL 21238611 1 0 1706909561
WALL 21238611 1 0 1706909562
WALL 21238611 1 0 1706909563
WALL 21238611 1 0 1706909564
WALL 21238611 1 0 1706909565
WALL 21238611 1 0 1706909566
WALL 21238611 1 0 1706909567
WALL 21238611 1 0 1706909568
WALL 21238611 1 0 1706909569
WALL 21238611 1 0 1706909570
WALL 21238611 1 0 1706909571
WALL 21238611 1 0 1706909572
WALL 21238611 1 0 1706909573
WALL 21238611 1 0 1706909574
WALL 21238611 1 0 1706909575
WALL 21238611 1 0 1706909576
WALL 21238611 1 0 1706909577
WALL 21238611 1 0 1706909578
WALL 21238611 1 0 1706909579
WALL 21238611 1 0 1706909580
WALL 21238611 1 0 1706909581
WALL 21238611 1 0 1706909582
WALL 21238611 1 0 1706909583
WALL 21238611 1 0 1706909584
WALL 21238611 1 0 1706909585
WALL 21238611 1 0 1706909586
WALL 21238611 1 0 1706909587
WALL 21238611 1 0 1706909588
WALL 21238611 1 0 1706909589
WALL 21238611 1 0 1706909590
WALL 21238611 1 0 1706909591
WALL 21238611 1 0 1706909592
WALL 21238611 1 0 1706909593
WALL 21238611 1 0 1706909594
WALL 21238611 1 0 1706909595
WALL 21238611 1 0 1706909596
WALL 21238611 1 0 1706909597
WALL 21238611 1 0 1706909598
WALL 21238611 1 0 1706909599
WALL 21238611 1 0 1706909600
WALL 21238611 1 0 1706909601
WALL 21238611 1 0 1706909602
WALL 21238611 1 0 1706909603
WALL 21238611 1 0 1706909604
WALL 21238611 1 0 1706909605
WALL 21238611 1 0 1706909606
WALL 21238611 1 0 1706909607
WALL 21238611 1 0 1706909608
WALL 21238611 1 0 1706909609
WALL 21238611 1 0 1706909610
WALL 21238611 1 0 1706909611
WALL 21238611 1 0 1706909612
WALL 21238611 1 0 1706909613
WALL 21238611 1 0 1706909614
WALL 21238611 1 0 1706909615
WALL 21238611 1 0 1706909616
WALL 21238611 1 0 1706909617
WALL 21238611 1 0 1706909618
WALL 21238611 1 0 1706909619
WALL 21238611 1 0 1706909620
WALL 21238611 1 0 1706909621
WALL 21238611 1 0 1706909622
WALL 21238611 1 0 1706909623
WALL 21238611 1 0 1706909624
WALL 21238611 1 0 1706909625
WALL 21238611 1 0 1706909626
WALL 21238611 1 0 1706909627
WALL 21238611 1 0 1706909628
WALL 21238611 1 0 1706909629
WALL 21238611 1 0 1706909630
WALL 21238611 1 0 1706909631
WALL 21238611 1 0 1706909632
WALL 21238611 1 0 1706909633
WALL 21238611 1 0 1706909634
WALL 21238611 1 0 1706909635
WALL 21238611 1 0 1706909636
WALL 21238611 1 0 1706909637
WALL 21238611 1 0 1706909638
WALL 21238611 1 0 1706909639
WALL 21238611 1 0 1706909640
WALL 21238611 1 0 1706909641
WALL 21238611 1 0 1706909642
WALL 21238611 1 0 1706909643
WALL 21238611 1 0 1706909644
WALL 21238611 1 0 1706909645
WALL 21238611 1 0 1706909646
WALL 21238611 1 0 1706909647
WALL 21238611 1 0 1706909648
WALL 21238611 1 0 1706909649
WALL 21238611 1 0 1706909650
WALL 21238611 1 0 1706909651
WALL 21238611 1 0 1706909652
WALL 21238611 1 0 1706909653
WALL 21238611 1 0 1706909654
WALL 21238611 1 0 1706909655
WALL 21238611 1 0 1706909656
WALL 21238611 1 0 1706909657
WALL 21238611 1 0 1706909658
WALL 21238611 1 0 1706909659
WALL 21238611 1 0 1706909660
WALL 21238611 1 0 1706909661
WALL 21238611 1 0 1706909662
WALL 21238611 1 0 1706909663
WALL 21238611 1 0 1706909664
WALL 21238611 1 0 1706909665
WALL 21238611 1 0 1706909666
WALL 21238611 1 0 1706909667
WALL 21238611 1 0 1706909668
WALL 21238611 1 0 1706909669
WALL 21238611 1 0 1706909670
WALL 21238611 1 0 1706909671
WALL 21238611 1 0 1706909672
WALL 21238611 1 0 1706909673
WALL 21238611 1 0 1706909674
WALL 21238611 1 0 1706909675
WALL 21238611 1 0 1706909676
WALL 21238611 1 0 1706909677
WALL 21238611 1 0 1706909678
WALL 21238611 1 0 1706909679
WALL 21238611 1 0 1706909680
WALL 21238611 1 0 1706909681
WALL 21238611 1 0 1706909682
WALL 21238611 1 0 1706909683
WALL 21238611 1 0 1706909684
WALL 21238611 1 0 1706909685
WALL 21238611 1 0 1706909686
WALL 21238611 1 0 1706909687
WALL 21238611 1 0 1706909688
WALL 21238611 1 0 1706909689
WALL 21238611 1 0 1706909690
WALL 21238611 1 0 1706909691
WALL 21238611 1 0 1706909692
WALL 21238611 1 0 1706909693
WALL 21238611 1 0 1706909694
WALL 21238611 1 0 1706909695
WALL 21238611 1 0 1706909696
WALL 21238611 1 0 1706909697
WALL 21238611 1 0 1706909698
WALL 21238611 1 0 1706909699
WALL 21238611 1 0 1706909700
WALL 21238611 1 0 1706909701
WALL 21238611 1 0 1706909702
WALL 21238611 1 0 1706909703
WALL 21238611 1 0 1706909704
WALL 21238611 1 0 1706909705
WALL 21238611 1 0 1706909706
WALL 21238611 1 0 1706909707
WALL 21238611 1 0 1706909708
WALL 21238611 1 0 1706909709
WALL 21238611 1 0 1706909710
WALL 21238611 1 0 1706909711
WALL 21238611 1 0 1706909712
WALL 21238611 1 0 1706909713
WALL 21238611 1 0 1706909714
WALL 21238611 1 0 1706909715
WALL 21238611 1 0 1706909716
WALL 21238611 1 0 1706909717
WALL 21238611 1 0 1706909718
WALL 21238611 1 0 1706909719
WALL 21238611 1 0 1706909720
WALL 21238611 1 0 1706909721
WALL 21238611 1 0 1706909722
WALL 21238611 1 0 1706909723
WALL 21238611 1 0 1706909724
WALL 21238611 1 0 1706909725
WALL 21238611 1 0 1706909726
WALL 21238611 1 0 1706909727
WALL 21238611 1 0 1706909728
WALL 21238611 1 0 1706909729
WALL 21238611 1 0 1706909730
WALL 21238611 1 0 1706909731
WALL 21238611 1 0 1706909732
WALL 21238611 1 0 1706909733
WALL 21238611 1 0 1706909734
WALL 21238611 1 0 1706909735
WALL 21238611 1 0 1706909736
WALL 21238611 1 0 1706909737
WALL 21238611 1 0 1706909738
WALL 21238611 1 0 1706909739
WALL 21238611 1 0 1706909740
WALL 21238611 1 0 1706909741
WALL 21238611 1 0 1706909742
WALL 21238611 1 0 1706909743
WALL 21238611 1 0 1706909744
WALL 21238611 1 0 1706909745
WALL 21238611 1 0 1706909746
WALL 21238611 1 0 1706909747
WALL 21238611 1 0 1706909748
WALL 21238611 1 0 1706909749
WALL 21238611 1 0 1706909750
WALL 21238611 1 0 1706909751
WALL 21238611 1 0 1706909752
WALL 21238611 1 0 1706909753
WALL 21238611 1 0 1706909754
WALL 21238611 1 0 1706909755
WALL 21238611 1 0 1706909756
WALL 21238611 1 0 1706909757
WALL 21238611 1 0 1706909758
WALL 21238611 1 0 1706909759
WALL 21238611 1 0 1706909760
WALL 21238611 1 0 1706909761
WALL 21238611 1 0 1706909762
WALL 21238611 1 0 1706909763
WALL 21238611 1 0 1706909764
WALL 21238611 1 0 1706909765
WALL 21238611 1 0 1706909766
WALL 21238611 1 0 1706909767
WALL 21238611 1 0 1706909768
WALL 21238611 1 0 1706909769
WALL 21238611 1 0 1706909770
WALL 21238611 1 0 1706909771
WALL 21238611 1 0 1706909772
WALL 21238611 1 0 1706909773
WALL 21238611 1 0 1706909774
WALL 21238611 1 0 1706909775
WALL 21238611 1 0 1706909776
WALL 21238611 1 0 1706909777
WALL 21238611 1 0 1706909778
WALL 21238611 1 0 1706909779
WALL 21238611 1 0 1706909780
WALL 21238611 1 0 1706909781
WALL 21238611 1 0 1706909782
WALL 21238611 1 0 1706909783
WALL 21238611 1 0 1706909784
WALL 21238611 1 0 1706909785
WALL 21238611 1 0 1706909786
WALL 21238611 1 0 1706909787
WALL 21238611 1 0 1706909788
WALL 21238611 1 0 1706909789
WALL 21238611 1 0 1706909790
WALL 21238611 1 0 1706909791
WALL 21238611 1 0 1706909792
WALL 21238611 1 0 1706909793
WALL 21238611 1 0 1706909794
WALL 21238611 1 0 1706909795
WALL 21238611 1 0 1706909796
WALL 21238611 1 0 1706909797
WALL 21238611 1 0 1706909798
WALL 21238611 1 0 1706909799
WALL 21238611 1 0 1706909800
WALL 21238611 1 0 1706909801
WALL 21238611 1 0 1706909802
WALL 21238611 1 0 1706909803
WALL 21238611 1 0 1706909804
WALL 21238611 1 0 1706909805
WALL 21238611 1 0 1706909806
WALL 21238611 1 0 1706909807
WALL 21238611 1 0 1706909808
WALL 21238611 1 0 1706909809
WALL 21238611 1 0 1706909810
WALL 21238611 1 0 1706909811
WALL 21238611 1 0 1706909812
WALL 21238611 1 0 1706909813
WALL 21238611 1 0 1706909814
WALL 21238611 1 0 1706909815
WALL 21238611 1 0 1706909816
WALL 21238611 1 0 1706909817
WALL 21238611 1 0 1706909818
WALL 21238611 1 0 1706909819
WALL 21238611 1 0 1706909820
WALL 21238611 1 0 1706909821
WALL 21238611 1 0 1706909822
WALL 21238611 1 0 1706909823
WALL 21238611 1 0 1706909824
WALL 21238611 1 0 1706909825
WALL 21238611 1 0 1706909826
WALL 21238611 1 0 1706909827
WALL 21238611 1 0 1706909828
WALL 21238611 1 0 1706909829
WALL 21238611 1 0 1706909830
WALL 21238611 1 0 1706909831
WALL 21238611 1 0 1706909832
WALL 21238611 1 0 1706909833
WALL 21238611 1 0 1706909834
WALL 21238611 1 0 1706909835
WALL 21238611 1 0 1706909836
WALL 21238611 1 0 1706909837
WALL 21238611 1 0 1706909838
WALL 21238611 1 0 1706909839
WALL 21238611 1 0 1706909840
WALL 21238611 1 0 1706909841
WALL 21238611 1 0 1706909842
WALL 21238611 1 0 1706909843
WALL 21238611 1 0 1706909844
WALL 21238611 1 0 1706909845
WALL 21238611 1 0 1706909846
WALL 21238611 1 0 1706909847
WALL 21238611 1 0 1706909848
WALL 21238611 1 0 1706909849
WALL 21238611 1 0 1706909850
WALL 21238611 1 0 1706909851
WALL 21238611 1 0 1706909852
WALL 21238611 1 0 1706909853
WALL 21238611 1 0 1706909854
WALL 21238611 1 0 1706909855
WALL 21238611 1 0 1706909856
WALL 21238611 1 0 1706909857
WALL 21238611 1 0 1706909858
WALL 21238611 1 0 1706909859
WALL 21238611 1 0 1706909860
WALL 21238611 1 0 1706909861
WALL 21238611 1 0 1706909862
WALL 21238611 1 0 1706909863
WALL 21238611 1 0 1706909864
WALL 21238611 1 0 1706909865
WALL 21238611 1 0 1706909866
WALL 21238611 1 0 1706909867
WALL 21238611 1 0 1706909868
WALL 21238611 1 0 1706909869
WALL 21238611 1 0 1706909870
WALL 21238611 1 0 1706909871
WALL 21238611 1 0 1706909872
WALL 21238611 1 0 1706909873
WALL 21238611 1 0 1706909874
WALL 21238611 1 0 1706909875
WALL 21238611 1 0 1706909876
WALL 21238611 1 0 1706909877
WALL 21238611 1 0 1706909878
WALL 21238611 1 0 1706909879
WALL 21238611 1 0 1706909880
WALL 21238611 1 0 1706909881
WALL 21238611 1 0 1706909882
WALL 21238611 1 0 1706909883
WALL 21238611 1 0 1706909884
WALL 21238611 1 0 1706909885
WALL 21238611 1 0 1706909886
WALL 21238611 1 0 1706909887
WALL 21238611 1 0 1706909888
WALL 21238611 1 0 1706909889
WALL 21238611 1 0 1706909890
WALL 21238611 1 0 1706909891
WALL 21238611 1 0 1706909892
WALL 21238611 1 0 1706909893
WALL 21238611 1 0 1706909894
WALL 21238611 1 0 1706909895
WALL 21238611 1 0 1706909896
WALL 21238611 1 0 1706909897
WALL 21238611 1 0 1706909898
WALL 21238611 1 0 1706909899
WALL 21238611 1 0 1706909900
WALL 21238611 1 0 1706909901
WALL 21238611 1 0 1706909902
WALL 21238611 1 0 1706909903
WALL 21238611 1 0 1706909904
WALL 21238611 1 0 1706909905
WALL 21238611 1 0 1706909906
WALL 21238611 1 0 1706909907
WALL 21238611 1 0 1706909908
WALL 21238611 1 0 1706909909
WALL 21238611 1 0 1706909910
WALL 21238611 1 0 1706909911
WALL 21238611 1 0 1706909912
WALL 21238611 1 0 1706909913
WALL 21238611 1 0 1706909914
WALL 21238611 1 0 1706909915
WALL 21238611 1 0 1706909916
WALL 21238611 1 0 1706909917
WALL 21238611 1 0 1706909918
WALL 21238611 1 0 1706909919
WALL 21238611 1 0 1706909920
WALL 21238611 1 0 1706909921
WALL 21238611 1 0 1706909922
WALL 21238611 1 0 1706909923
WALL 21238611 1 0 1706909924
WALL 21238611 1 0 1706909925
WALL 21238611 1 0 1706909926
WALL 21238611 1 0 1706909927
WALL 21238611 1 0 1706909928
WALL 21238611 1 0 1706909929
WALL 21238611 1 0 1706909930
WALL 21238611 1 0 1706909931
WALL 21238611 1 0 1706909932
WALL 21238611 1 0 1706909933
WALL 21238611 1 0 1706909934
WALL 21238611 1 0 1706909935
WALL 21238611 1 0 1706909936
WALL 21238611 1 0 1706909937
WALL 21238611 1 0 1706909938
WALL 21238611 1 0 1706909939
WALL 21238611 1 0 1706909940
WALL 21238611 1 0 1706909941
WALL 21238611 1 0 1706909942
WALL 21238611 1 0 1706909943
WALL 21238611 1 0 1706909944
WALL 21238611 1 0 1706909945
WALL 21238611 1 0 1706909946
WALL 21238611 1 0 1706909947
WALL 21238611 1 0 1706909948
WALL 21238611 1 0 1706909949
WALL 21238611 1 0 1706909950
WALL 21238611 1 0 1706909951
WALL 21238611 1 0 1706909952
WALL 21238611 1 0 1706909953
WALL 21238611 1 0 1706909954
WALL 21238611 1 0 1706909955
WALL 21238611 1 0 1706909956
WALL 21238611 1 0 1706909957
WALL 21238611 1 0 1706909958
WALL 21238611 1 0 1706909959
WALL 21238611 1 0 1706909960
WALL 21238611 1 0 1706909961
WALL 21238611 1 0 1706909962
WALL 21238611 1 0 1706909963
WALL 21238611 1 0 1706909964
WALL 21238611 1 0 1706909965
WALL 21238611 1 0 1706909966
WALL 21238611 1 0 1706909967
WALL 21238611 1 0 1706909968
WALL 21238611 1 0 1706909969
WALL 21238611 1 0 1706909970
WALL 21238611 1 0 1706909971
WALL 21238611 1 0 1706909972
WALL 21238611 1 0 1706909973
WALL 21238611 1 0 1706909974
WALL 21238611 1 0 1706909975
WALL 21238611 1 0 1706909976
WALL 21238611 1 0 1706909977
WALL 21238611 1 0 1706909978
WALL 21238611 1 0 1706909979
WALL 21238611 1 0 1706909980
WALL 21238611 1 0 1706909981
WALL 21238611 1 0 1706909982
WALL 21238611 1 0 1706909983
WALL 21238611 1 0 1706909984
WALL 21238611 1 0 1706909985
WALL 21238611 1 0 1706909986
WALL 21238611 1 0 1706909987
WALL 21238611 1 0 1706909988
WALL 21238611 1 0 1706909989
WALL 21238611 1 0 1706909990
WALL 21238611 1 0 1706909991
WALL 21238611 1 0 1706909992
WALL 21238611 1 0 1706909993
WALL 21238611 1 0 1706909994
WALL 21238611 1 0 1706909995
WALL 21238611 1 0 1706909996
WALL 21238611 1 0 1706909997
WALL 21238611 1 0 1706909998
WALL 21238611 1 0 1706909999
WALL 21238611 1 0 1706910000
WALL 21238611 1 0 1706910001
WALL 21238611 1 0 1706910002
WALL 21238611 1 0 1706910003
WALL 21238611 1 0 1706910004
WALL 21238611 1 0 1706910005
WALL 21238611 1 0 1706910006
WALL 21238611 1 0 1706910007
WALL 21238611 1 0 1706910008
WALL 21238611 1 0 1706910009
WALL 21238611 1 0 1706910010
WALL 21238611 1 0 1706910011
WALL 21238611 1 0 1706910012
WALL 21238611 1 0 1706910013
WALL 21238611 1 0 1706910014
WALL 21238611 1 0 1706910015
WALL 21238611 1 0 1706910016
WALL 21238611 1 0 1706910017
WALL 21238611 1 0 1706910018
WALL 21238611 1 0 1706910019
WALL 21238611 1 0 1706910020
WALL 21238611 1 0 1706910021
WALL 21238611 1 0 1706910022
WALL 21238611 1 0 1706910023
WALL 21238611 1 0 1706910024
WALL 21238611 1 0 1706910025
WALL 21238611 1 0 1706910026
WALL 21238611 1 0 1706910027
WALL 21238611 1 0 1706910028
WALL 21238611 1 0 1706910029
WALL 21238611 1 0 1706910030
WALL 21238611 1 0 1706910031
WALL 21238611 1 0 1706910032
WALL 21238611 1 0 1706910033
WALL 21238611 1 0 1706910034
WALL 21238611 1 0 1706910035
WALL 21238611 1 0 1706910036
WALL 21238611 1 0 1706910037
WALL 21238611 1 0 1706910038
WALL 21238611 1 0 1706910039
WALL 21238611 1 0 1706910040
WALL 21238611 1 0 1706910041
WALL 21238611 1 0 1706910042
WALL 21238611 1 0 1706910043
WALL 21238611 1 0 1706910044
WALL 21238611 1 0 1706910045
WALL 21238611 1 0 1706910046
WALL 21238611 1 0 1706910047
WALL 21238611 1 0 1706910048
WALL 21238611 1 0 1706910049
WALL 21238611 1 0 1706910050
WALL 21238611 1 0 1706910051
WALL 21238611 1 0 1706910052
WALL 21238611 1 0 1706910053
WALL 21238611 1 0 1706910054
WALL 21238611 1 0 1706910055
WALL 21238611 1 0 1706910056
WALL 21238611 1 0 1706910057
WALL 21238611 1 0 1706910058
WALL 21238611 1 0 1706910059
WALL 21238611 1 0 1706910060
WALL 21238611 1 0 1706910061
WALL 21238611 1 0 1706910062
WALL 21238611 1 0 1706910063
WALL 21238611 1 0 1706910064
WALL 21238611 1 0 1706910065
WALL 21238611 1 0 1706910066
WALL 21238611 1 0 1706910067
WALL 21238611 1 0 1706910068
WALL 21238611 1 0 1706910069
WALL 21238611 1 0 1706910070
WALL 21238611 1 0 1706910071
WALL 21238611 1 0 1706910072
WALL 21238611 1 0 1706910073
WALL 21238611 1 0 1706910074
WALL 21238611 1 0 1706910075
WALL 21238611 1 0 1706910076
WALL 21238611 1 0 1706910077
WALL 21238611 1 0 1706910078
WALL 21238611 1 0 1706910079
WALL 21238611 1 0 1706910080
WALL 21238611 1 0 1706910081
WALL 21238611 1 0 1706910082
WALL 21238611 1 0 1706910083
WALL 21238611 1 0 1706910084
WALL 21238611 1 0 1706910085
WALL 21238611 1 0 1706910086
WALL 21238611 1 0 1706910087
WALL 21238611 1 0 1706910088
WALL 21238611 1 0 1706910089
WALL 21238611 1 0 1706910090
WALL 21238611 1 0 1706910091
WALL 21238611 1 0 1706910092
WALL 21238611 1 0 1706910093
WALL 21238611 1 0 1706910094
WALL 21238611 1 0 1706910095
WALL 21238611 1 0 1706910096
WALL 21238611 1 0 1706910097
WALL 21238611 1 0 1706910098
WALL 21238611 1 0 1706910099
WALL 21238611 1 0 1706910100
WALL 21238611 1 0 1706910101
WALL 21238611 1 0 1706910102
WALL 21238611 1 0 1706910103
WALL 21238611 1 0 1706910104
WALL 21238611 1 0 1706910105
WALL 21238611 1 0 1706910106
WALL 21238611 1 0 1706910107
WALL 21238611 1 0 1706910108
WALL 21238611 1 0 1706910109
WALL 21238611 1 0 1706910110
WALL 21238611 1 0 1706910111
WALL 21238611 1 0 1706910112
WALL 21238611 1 0 1706910113
WALL 21238611 1 0 1706910114
WALL 21238611 1 0 1706910115
WALL 21238611 1 0 1706910116
WALL 21238611 1 0 1706910117
WALL 21238611 1 0 1706910118
WALL 21238611 1 0 1706910119
WALL 21238611 1 0 1706910120
WALL 21238611 1 0 1706910121
WALL 21238611 1 0 1706910122
WALL 21238611 1 0 1706910123
WALL 21238611 1 0 1706910124
WALL 21238611 1 0 1706910125
WALL 21238611 1 0 1706910126
WALL 21238611 1 0 1706910127
WALL 21238611 1 0 1706910128
WALL 21238611 1 0 1706910129
WALL 21238611 1 0 1706910130
WALL 21238611 1 0 1706910131
WALL 21238611 1 0 1706910132
WALL 21238611 1 0 1706910133
WALL 21238611 1 0 1706910134
WALL 21238611 1 0 1706910135
WALL 21238611 1 0 1706910136
WALL 21238611 1 0 1706910137
WALL 21238611 1 0 1706910138
WALL 21238611 1 0 1706910139
WALL 21238611 1 0 1706910140
WALL 21238611 1 0 1706910141
WALL 21238611 1 0 1706910142
WALL 21238611 1 0 1706910143
WALL 21238611 1 0 1706910144
WALL 21238611 1 0 1706910145
WALL 21238611 1 0 1706910146
WALL 21238611 1 0 1706910147
WALL 21238611 1 0 1706910148
WALL 21238611 1 0 1706910149
WALL 21238611 1 0 1706910150
WALL 21238611 1 0 1706910151
WALL 21238611 1 0 1706910152
WALL 21238611 1 0 1706910153
WALL 21238611 1 0 1706910154
WALL 21238611 1 0 1706910155
WALL 21238611 1 0 1706910156
WALL 21238611 1 0 1706910157
WALL 21238611 1 0 1706910158
WALL 21238611 1 0 1706910159
WALL 21238611 1 0 1706910160
WALL 21238611 1 0 1706910161
WALL 21238611 1 0 1706910162
WALL 21238611 1 0 1706910163
WALL 21238611 1 0 1706910164
WALL 21238611 1 0 1706910165
WALL 21238611 1 0 1706910166
WALL 21238611 1 0 1706910167
WALL 21238611 1 0 1706910168
WALL 21238611 1 0 1706910169
WALL 21238611 1 0 1706910170
WALL 21238611 1 0 1706910171
WALL 21238611 1 0 1706910172
WALL 21238611 1 0 1706910173
WALL 21238611 1 0 1706910174
WALL 21238611 1 0 1706910175
WALL 21238611 1 0 1706910176
WALL 21238611 1 0 1706910177
WALL 21238611 1 0 1706910178
WALL 21238611 1 0 1706910179
WALL 21238611 1 0 1706910180
WALL 21238611 1 0 1706910181
WALL 21238611 1 0 1706910182
WALL 21238611 1 0 1706910183
WALL 21238611 1 0 1706910184
WALL 21238611 1 0 1706910185
WALL 21238611 1 0 1706910186
WALL 21238611 1 0 1706910187
WALL 21238611 1 0 1706910188
WALL 21238611 1 0 1706910189
WALL 21238611 1 0 1706910190
WALL 21238611 1 0 1706910191
WALL 21238611 1 0 1706910192
WALL 21238611 1 0 1706910193
WALL 21238611 1 0 1706910194
WALL 21238611 1 0 1706910195
WALL 21238611 1 0 1706910196
WALL 21238611 1 0 1706910197
WALL 21238611 1 0 1706910198
WALL 21238611 1 0 1706910199
WALL 21238611 1 0 1706910200
WALL 21238611 1 0 1706910201
WALL 21238611 1 0 1706910202
WALL 21238611 1 0 1706910203
WALL 21238611 1 0 1706910204
WALL 21238611 1 0 1706910205
WALL 21238611 1 0 1706910206
WALL 21238611 1 0 1706910207
WALL 21238611 1 0 1706910208
WALL 21238611 1 0 1706910209
WALL 21238611 1 0 1706910210
WALL 21238611 1 0 1706910211
WALL 21238611 1 0 1706910212
WALL 21238611 1 0 1706910213
WALL 21238611 1 0 1706910214
WALL 21238611 1 0 1706910215
WALL 21238611 1 0 1706910216
WALL 21238611 1 0 1706910217
WALL 21238611 1 0 1706910218
WALL 21238611 1 0 1706910219
WALL 21238611 1 0 1706910220
WALL 21238611 1 0 1706910221
WALL 21238611 1 0 1706910222
WALL 21238611 1 0 1706910223
WALL 21238611 1 0 1706910224
WALL 21238611 1 0 1706910225
WALL 21238611 1 0 1706910226
WALL 21238611 1 0 1706910227
WALL 21238611 1 0 1706910228
WALL 21238611 1 0 1706910229
WALL 21238611 1 0 1706910230
WALL 21238611 1 0 1706910231
WALL 21238611 1 0 1706910232
WALL 21238611 1 0 1706910233
WALL 21238611 1 0 1706910234
WALL 21238611 1 0 1706910235
WALL 21238611 1 0 1706910236
WALL 21238611 1 0 1706910237
WALL 21238611 1 0 1706910238
WALL 21238611 1 0 1706910239
WALL 21238611 1 0 1706910240
WALL 21238611 1 0 1706910241
WALL 21238611 1 0 1706910242
WALL 21238611 1 0 1706910243
WALL 21238611 1 0 1706910244
WALL 21238611 1 0 1706910245
WALL 21238611 1 0 1706910246
WALL 21238611 1 0 1706910247
WALL 21238611 1 0 1706910248
WALL 21238611 1 0 1706910249
WALL 21238611 1 0 1706910250
WALL 21238611 1 0 1706910251
WALL 21238611 1 0 1706910252
WALL 21238611 1 0 1706910253
WALL 21238611 1 0 1706910254
WALL 21238611 1 0 1706910255
WALL 21238611 1 0 1706910256
WALL 21238611 1 0 1706910257
WALL 21238611 1 0 1706910258
WALL 21238611 1 0 1706910259
WALL 21238611 1 0 1706910260
WALL 21238611 1 0 1706910261
WALL 21238611 1 0 1706910262
WALL 21238611 1 0 1706910263
WALL 21238611 1 0 1706910264
WALL 21238611 1 0 1706910265
WALL 21238611 1 0 1706910266
WALL 21238611 1 0 1706910267
WALL 21238611 1 0 1706910268
WALL 21238611 1 0 1706910269
WALL 21238611 1 0 1706910270
WALL 21238611 1 0 1706910271
WALL 21238611 1 0 1706910272
WALL 21238611 1 0 1706910273
WALL 21238611 1 0 1706910274
WALL 21238611 1 0 1706910275
WALL 21238611 1 0 1706910276
WALL 21238611 1 0 1706910277
WALL 21238611 1 0 1706910278
WALL 21238611 1 0 1706910279
WALL 21238611 1 0 1706910280
WALL 21238611 1 0 1706910281
WALL 21238611 1 0 1706910282
WALL 21238611 1 0 1706910283
WALL 21238611 1 0 1706910284
WALL 21238611 1 0 1706910285
WALL 21238611 1 0 1706910286
WALL 21238611 1 0 1706910287
WALL 21238611 1 0 1706910288
WALL 21238611 1 0 1706910289
WALL 21238611 1 0 1706910290
WALL 21238611 1 0 1706910291
WALL 21238611 1 0 1706910292
WALL 21238611 1 0 1706910293
WALL 21238611 1 0 1706910294
WALL 21238611 1 0 1706910295
WALL 21238611 1 0 1706910296
WALL 21238611 1 0 1706910297
WALL 21238611 1 0 1706910298
WALL 21238611 1 0 1706910299
WALL 21238611 1 0 1706910300
WALL 21238611 1 0 1706910301
WALL 21238611 1 0 1706910302
WALL 21238611 1 0 1706910303
WALL 21238611 1 0 1706910304
WALL 21238611 1 0 1706910305
WALL 21238611 1 0 1706910306
WALL 21238611 1 0 1706910307
WALL 21238611 1 0 1706910308
WALL 21238611 1 0 1706910309
WALL 21238611 1 0 1706910310
WALL 21238611 1 0 1706910311
WALL 21238611 1 0 1706910312
WALL 21238611 1 0 1706910313
WALL 21238611 1 0 1706910314
WALL 21238611 1 0 1706910315
WALL 21238611 1 0 1706910316
WALL 21238611 1 0 1706910317
WALL 21238611 1 0 1706910318
WALL 21238611 1 0 1706910319
WALL 21238611 1 0 1706910320
WALL 21238611 1 0 1706910321
WALL 21238611 1 0 1706910322
WALL 21238611 1 0 1706910323
WALL 21238611 1 0 1706910324
WALL 21238611 1 0 1706910325
WALL 21238611 1 0 1706910326
WALL 21238611 1 0 1706910327
WALL 21238611 1 0 1706910328
WALL 21238611 1 0 1706910329
WALL 21238611 1 0 1706910330
WALL 21238611 1 0 1706910331
WALL 21238611 1 0 1706910332
WALL 21238611 1 0 1706910333
WALL 21238611 1 0 1706910334
WALL 21238611 1 0 1706910335
WALL 21238611 1 0 1706910336
WALL 21238611 1 0 1706910337
WALL 21238611 1 0 1706910338
WALL 21238611 1 0 1706910339
WALL 21238611 1 0 1706910340
WALL 21238611 1 0 1706910341
WALL 21238611 1 0 1706910342
WALL 21238611 1 0 1706910343
WALL 21238611 1 0 1706910344
WALL 21238611 1 0 1706910345
WALL 21238611 1 0 1706910346
WALL 21238611 1 0 1706910347
WALL 21238611 1 0 1706910348
WALL 21238611 1 0 1706910349
WALL 21238611 1 0 1706910350
WALL 21238611 1 0 1706910351
WALL 21238611 1 0 1706910352
WALL 21238611 1 0 1706910353
WALL 21238611 1 0 1706910354
WALL 21238611 1 0 1706910355
WALL 21238611 1 0 1706910356
WALL 21238611 1 0 1706910357
WALL 21238611 1 0 1706910358
WALL 21238611 1 0 1706910359
WALL 21238611 1 0 1706910360
WALL 21238611 1 0 1706910361
WALL 21238611 1 0 1706910362
WALL 21238611 1 0 1706910363
WALL 21238611 1 0 1706910364
WALL 21238611 1 0 1706910365
WALL 21238611 1 0 1706910366
WALL 21238611 1 0 1706910367
WALL 21238611 1 0 1706910368
WALL 21238611 1 0 1706910369
WALL 21238611 1 0 1706910370
WALL 21238611 1 0 1706910371
WALL 21238611 1 0 1706910372
WALL 21238611 1 0 1706910373
WALL 21238611 1 0 1706910374
WALL 21238611 1 0 1706910375
WALL 21238611 1 0 1706910376
WALL 21238611 1 0 1706910377
WALL 21238611 1 0 1706910378
WALL 21238611 1 0 1706910379
WALL 21238611 1 0 1706910380
WALL 21238611 1 0 1706910381
WALL 21238611 1 0 1706910382
WALL 21238611 1 0 1706910383
WALL 21238611 1 0 1706910384
WALL 21238611 1 0 1706910385
WALL 21238611 1 0 1706910386
WALL 21238611 1 0 1706910387
WALL 21238611 1 0 1706910388
WALL 21238611 1 0 1706910389
WALL 21238611 1 0 1706910390
WALL 21238611 1 0 1706910391
WALL 21238611 1 0 1706910392
WALL 21238611 1 0 1706910393
WALL 21238611 1 0 1706910394
WALL 21238611 1 0 1706910395
WALL 21238611 1 0 1706910396
WALL 21238611 1 0 1706910397
WALL 21238611 1 0 1706910398
WALL 21238611 1 0 1706910399
WALL 21238611 1 0 1706910400
WALL 21238611 1 0 1706910401
WALL 21238611 1 0 1706910402
WALL 21238611 1 0 1706910403
WALL 21238611 1 0 1706910404
WALL 21238611 1 0 1706910405
WALL 21238611 1 0 1706910406
WALL 21238611 1 0 1706910407
WALL 21238611 1 0 1706910408
WALL 21238611 1 0 1706910409
WALL 21238611 1 0 1706910410
WALL 21238611 1 0 1706910411
WALL 21238611 1 0 1706910412
WALL 21238611 1 0 1706910413
WALL 21238611 1 0 1706910414
WALL 21238611 1 0 1706910415
WALL 21238611 1 0 1706910416
WALL 21238611 1 0 1706910417
WALL 21238611 1 0 1706910418
WALL 21238611 1 0 1706910419
WALL 21238611 1 0 1706910420
WALL 21238611 1 0 1706910421
WALL 21238611 1 0 1706910422
WALL 21238611 1 0 1706910423
WALL 21238611 1 0 1706910424
WALL 21238611 1 0 1706910425
WALL 21238611 1 0 1706910426
WALL 21238611 1 0 1706910427
WALL 21238611 1 0 1706910428
WALL 21238611 1 0 1706910429
WALL 21238611 1 0 1706910430
WALL 21238611 1 0 1706910431
WALL 21238611 1 0 1706910432
WALL 21238611 1 0 1706910433
WALL 21238611 1 0 1706910434
WALL 21238611 1 0 1706910435
WALL 21238611 1 0 1706910436
WALL 21238611 1 0 1706910437
WALL 21238611 1 0 1706910438
WALL 21238611 1 0 1706910439
WALL 21238611 1 0 1706910440
WALL 21238611 1 0 1706910441
WALL 21238611 1 0 1706910442
WALL 21238611 1 0 1706910443
WALL 21238611 1 0 1706910444
WALL 21238611 1 0 1706910445
WALL 21238611 1 0 1706910446
WALL 21238611 1 0 1706910447
WALL 21238611 1 0 1706910448
WALL 21238611 1 0 1706910449
WALL 21238611 1 0 1706910450
WALL 21238611 1 0 1706910451
WALL 21238611 1 0 1706910452
WALL 21238611 1 0 1706910453
WALL 21238611 1 0 1706910454
WALL 21238611 1 0 1706910455
WALL 21238611 1 0 1706910456
WALL 21238611 1 0 1706910457
WALL 21238611 1 0 1706910458
WALL 21238611 1 0 1706910459
WALL 21238611 1 0 1706910460
WALL 21238611 1 0 1706910461
WALL 21238611 1 0 1706910462
WALL 21238611 1 0 1706910463
WALL 21238611 1 0 1706910464
WALL 21238611 1 0 1706910465
WALL 21238611 1 0 1706910466
WALL 21238611 1 0 1706910467
WALL 21238611 1 0 1706910468
WALL 21238611 1 0 1706910469
WALL 21238611 1 0 1706910470
WALL 21238611 1 0 1706910471
WALL 21238611 1 0 1706910472
WALL 21238611 1 0 1706910473
WALL 21238611 1 0 1706910474
WALL 21238611 1 0 1706910475
WALL 21238611 1 0 1706910476
WALL 21238611 1 0 1706910477
WALL 21238611 1 0 1706910478
WALL 21238611 1 0 1706910479
WALL 21238611 1 0 1706910480
WALL 21238611 1 0 1706910481
WALL 21238611 1 0 1706910482
WALL 21238611 1 0 1706910483
WALL 21238611 1 0 1706910484
WALL 21238611 1 0 1706910485
WALL 21238611 1 0 1706910486
WALL 21238611 1 0 1706910487
WALL 21238611 1 0 1706910488
WALL 21238611 1 0 1706910489
WALL 21238611 1 0 1706910490
WALL 21238611 1 0 1706910491
WALL 21238611 1 0 1706910492
WALL 21238611 1 0 1706910493
WALL 21238611 1 0 1706910494
WALL 21238611 1 0 1706910495
WALL 21238611 1 0 1706910496
WALL 21238611 1 0 1706910497
WALL 21238611 1 0 1706910498
WALL 21238611 1 0 1706910499
WALL 21238611 1 0 1706910500
WALL 21238611 1 0 1706910501
WALL 21238611 1 0 1706910502
WALL 21238611 1 0 1706910503
WALL 21238611 1 0 1706910504
WALL 21238611 1 0 1706910505
WALL 21238611 1 0 1706910506
WALL 21238611 1 0 1706910507
WALL 21238611 1 0 1706910508
WALL 21238611 1 0 1706910509
WALL 21238611 1 0 1706910510
WALL 21238611 1 0 1706910511
WALL 21238611 1 0 1706910512
WALL 21238611 1 0 1706910513
WALL 21238611 1 0 1706910514
WALL 21238611 1 0 1706910515
WALL 21238611 1 0 1706910516
WALL 21238611 1 0 1706910517
WALL 21238611 1 0 1706910518
WALL 21238611 1 0 1706910519
WALL 21238611 1 0 1706910520
WALL 21238611 1 0 1706910521
WALL 21238611 1 0 1706910522
WALL 21238611 1 0 1706910523
WALL 21238611 1 0 1706910524
WALL 21238611 1 0 1706910525
WALL 21238611 1 0 1706910526
WALL 21238611 1 0 1706910527
WALL 21238611 1 0 1706910528
WALL 21238611 1 0 1706910529
WALL 21238611 1 0 1706910530
WALL 21238611 1 0 1706910531
WALL 21238611 1 0 1706910532
WALL 21238611 1 0 1706910533
WALL 21238611 1 0 1706910534
WALL 21238611 1 0 1706910535
WALL 21238611 1 0 1706910536
WALL 21238611 1 0 1706910537
WALL 21238611 1 0 1706910538
WALL 21238611 1 0 1706910539
WALL 21238611 1 0 1706910540
WALL 21238611 1 0 1706910541
WALL 21238611 1 0 1706910542
WALL 21238611 1 0 1706910543
WALL 21238611 1 0 1706910544
WALL 21238611 1 0 1706910545
WALL 21238611 1 0 1706910546
WALL 21238611 1 0 1706910547
WALL 21238611 1 0 1706910548
WALL 21238611 1 0 1706910549
WALL 21238611 1 0 1706910550
WALL 21238611 1 0 1706910551
WALL 21238611 1 0 1706910552
WALL 21238611 1 0 1706910553
WALL 21238611 1 0 1706910554
WALL 21238611 1 0 1706910555
WALL 21238611 1 0 1706910556
WALL 21238611 1 0 1706910557
WALL 21238611 1 0 1706910558
WALL 21238611 1 0 1706910559
WALL 21238611 1 0 1706910560
WALL 21238611 1 0 1706910561
WALL 21238611 1 0 1706910562
WALL 21238611 1 0 1706910563
WALL 21238611 1 0 1706910564
WALL 21238611 1 0 1706910565
WALL 21238611 1 0 1706910566
WALL 21238611 1 0 1706910567
WALL 21238611 1 0 1706910568
WALL 21238611 1 0 1706910569
WALL 21238611 1 0 1706910570
WALL 21238611 1 0 1706910571
WALL 21238611 1 0 1706910572
WALL 21238611 1 0 1706910573
WALL 21238611 1 0 1706910574
WALL 21238611 1 0 1706910575
WALL 21238611 1 0 1706910576
WALL 21238611 1 0 1706910577
WALL 21238611 1 0 1706910578
WALL 21238611 1 0 1706910579
WALL 21238611 1 0 1706910580
WALL 21238611 1 0 1706910581
WALL 21238611 1 0 1706910582
WALL 21238611 1 0 1706910583
WALL 21238611 1 0 1706910584
WALL 21238611 1 0 1706910585
WALL 21238611 1 0 1706910586
WALL 21238611 1 0 1706910587
WALL 21238611 1 0 1706910588
WALL 21238611 1 0 1706910589
WALL 21238611 1 0 1706910590
WALL 21238611 1 0 1706910591
WALL 21238611 1 0 1706910592
WALL 21238611 1 0 1706910593
WALL 21238611 1 0 1706910594
WALL 21238611 1 0 1706910595
WALL 21238611 1 0 1706910596
WALL 21238611 1 0 1706910597
WALL 21238611 1 0 1706910598
WALL 21238611 1 0 1706910599
WALL 21238611 1 0 1706910600
WALL 21238611 1 0 1706910601
WALL 21238611 1 0 1706910602
WALL 21238611 1 0 1706910603
WALL 21238611 1 0 1706910604
WALL 21238611 1 0 1706910605
WALL 21238611 1 0 1706910606
WALL 21238611 1 0 1706910607
WALL 21238611 1 0 1706910608
WALL 21238611 1 0 1706910609
WALL 21238611 1 0 1706910610
WALL 21238611 1 0 1706910611
WALL 21238611 1 0 1706910612
WALL 21238611 1 0 1706910613
WALL 21238611 1 0 1706910614
WALL 21238611 1 0 1706910615
WALL 21238611 1 0 1706910616
WALL 21238611 1 0 1706910617
WALL 21238611 1 0 1706910618
WALL 21238611 1 0 1706910619
WALL 21238611 1 0 1706910620
WALL 21238611 1 0 1706910621
WALL 21238611 1 0 1706910622
WALL 21238611 1 0 1706910623
WALL 21238611 1 0 1706910624
WALL 21238611 1 0 1706910625
WALL 21238611 1 0 1706910626
WALL 21238611 1 0 1706910627
WALL 21238611 1 0 1706910628
WALL 21238611 1 0 1706910629
WALL 21238611 1 0 1706910630
WALL 21238611 1 0 1706910631
WALL 21238611 1 0 1706910632
WALL 21238611 1 0 1706910633
WALL 21238611 1 0 1706910634
WALL 21238611 1 0 1706910635
WALL 21238611 1 0 1706910636
WALL 21238611 1 0 1706910637
WALL 21238611 1 0 1706910638
WALL 21238611 1 0 1706910639
WALL 21238611 1 0 1706910640
WALL 21238611 1 0 1706910641
WALL 21238611 1 0 1706910642
WALL 21238611 1 0 1706910643
WALL 21238611 1 0 1706910644
WALL 21238611 1 0 1706910645
WALL 21238611 1 0 1706910646
WALL 21238611 1 0 1706910647
WALL 21238611 1 0 1706910648
WALL 21238611 1 0 1706910649
WALL 21238611 1 0 1706910650
WALL 21238611 1 0 1706910651
WALL 21238611 1 0 1706910652
WALL 21238611 1 0 1706910653
WALL 21238611 1 0 1706910654
WALL 21238611 1 0 1706910655
WALL 21238611 1 0 1706910656
WALL 21238611 1 0 1706910657
WALL 21238611 1 0 1706910658
WALL 21238611 1 0 1706910659
WALL 21238611 1 0 1706910660
WALL 21238611 1 0 1706910661
WALL 21238611 1 0 1706910662
WALL 21238611 1 0 1706910663
WALL 21238611 1 0 1706910664
WALL 21238611 1 0 1706910665
WALL 21238611 1 0 1706910666
WALL 21238611 1 0 1706910667
WALL 21238611 1 0 1706910668
WALL 21238611 1 0 1706910669
WALL 21238611 1 0 1706910670
WALL 21238611 1 0 1706910671
WALL 21238611 1 0 1706910672
WALL 21238611 1 0 1706910673
WALL 21238611 1 0 1706910674
WALL 21238611 1 0 1706910675
WALL 21238611 1 0 1706910676
WALL 21238611 1 0 1706910677
WALL 21238611 1 0 1706910678
WALL 21238611 1 0 1706910679
WALL 21238611 1 0 1706910680
WALL 21238611 1 0 1706910681
WALL 21238611 1 0 1706910682
WALL 21238611 1 0 1706910683
WALL 21238611 1 0 1706910684
WALL 21238611 1 0 1706910685
WALL 21238611 1 0 1706910686
WALL 21238611 1 0 1706910687
WALL 21238611 1 0 1706910688
WALL 21238611 1 0 1706910689
WALL 21238611 1 0 1706910690
WALL 21238611 1 0 1706910691
WALL 21238611 1 0 1706910692
WALL 21238611 1 0 1706910693
WALL 21238611 1 0 1706910694
WALL 21238611 1 0 1706910695
WALL 21238611 1 0 1706910696
WALL 21238611 1 0 1706910697
WALL 21238611 1 0 1706910698
WALL 21238611 1 0 1706910699
WALL 21238611 1 0 1706910700
WALL 21238611 1 0 1706910701
WALL 21238611 1 0 1706910702
WALL 21238611 1 0 1706910703
WALL 21238611 1 0 1706910704
WALL 21238611 1 0 1706910705
WALL 21238611 1 0 1706910706
WALL 21238611 1 0 1706910707
WALL 21238611 1 0 1706910708
WALL 21238611 1 0 1706910709
WALL 21238611 1 0 1706910710
WALL 21238611 1 0 1706910711
WALL 21238611 1 0 1706910712
WALL 21238611 1 0 1706910713
WALL 21238611 1 0 1706910714
WALL 21238611 1 0 1706910715
WALL 21238611 1 0 1706910716
WALL 21238611 1 0 1706910717
WALL 21238611 1 0 1706910718
WALL 21238611 1 0 1706910719
WALL 21238611 1 0 1706910720
WALL 21238611 1 0 1706910721
WALL 21238611 1 0 1706910722
WALL 21238611 1 0 1706910723
WALL 21238611 1 0 1706910724
WALL 21238611 1 0 1706910725
WALL 21238611 1 0 1706910726
WALL 21238611 1 0 1706910727
WALL 21238611 1 0 1706910728
WALL 21238611 1 0 1706910729
WALL 21238611 1 0 1706910730
WALL 21238611 1 0 1706910731
WALL 21238611 1 0 1706910732
WALL 21238611 1 0 1706910733
WALL 21238611 1 0 1706910734
WALL 21238611 1 0 1706910735
WALL 21238611 1 0 1706910736
WALL 21238611 1 0 1706910737
WALL 21238611 1 0 1706910738
WALL 21238611 1 0 1706910739
WALL 21238611 1 0 1706910740
WALL 21238611 1 0 1706910741
WALL 21238611 1 0 1706910742
WALL 21238611 1 0 1706910743
WALL 21238611 1 0 1706910744
WALL 21238611 1 0 1706910745
WALL 21238611 1 0 1706910746
WALL 21238611 1 0 1706910747
WALL 21238611 1 0 1706910748
WALL 21238611 1 0 1706910749
WALL 21238611 1 0 1706910750
WALL 21238611 1 0 1706910751
WALL 21238611 1 0 1706910752
WALL 21238611 1 0 1706910753
WALL 21238611 1 0 1706910754
WALL 21238611 1 0 1706910755
WALL 21238611 1 0 1706910756
WALL 21238611 1 0 1706910757
WALL 21238611 1 0 1706910758
WALL 21238611 1 0 1706910759
WALL 21238611 1 0 1706910760
WALL 21238611 1 0 1706910761
WALL 21238611 1 0 1706910762
WALL 21238611 1 0 1706910763
WALL 21238611 1 0 1706910764
WALL 21238611 1 0 1706910765
WALL 21238611 1 0 1706910766
WALL 21238611 1 0 1706910767
WALL 21238611 1 0 1706910768
WALL 21238611 1 0 1706910769
WALL 21238611 1 0 1706910770
WALL 21238611 1 0 1706910771
WALL 21238611 1 0 1706910772
WALL 21238611 1 0 1706910773
WALL 21238611 1 0 1706910774
WALL 21238611 1 0 1706910775
WALL 21238611 1 0 1706910776
WALL 21238611 1 0 1706910777
WALL 21238611 1 0 1706910778
WALL 21238611 1 0 1706910779
WALL 21238611 1 0 1706910780
WALL 21238611 1 0 1706910781
WALL 21238611 1 0 1706910782
WALL 21238611 1 0 1706910783
WALL 21238611 1 0 1706910784
WALL 21238611 1 0 1706910785
WALL 21238611 1 0 1706910786
WALL 21238611 1 0 1706910787
WALL 21238611 1 0 1706910788
WALL 21238611 1 0 1706910789
WALL 21238611 1 0 1706910790
WALL 21238611 1 0 1706910791
WALL 21238611 1 0 1706910792
WALL 21238611 1 0 1706910793
WALL 21238611 1 0 1706910794
WALL 21238611 1 0 1706910795
WALL 21238611 1 0 1706910796
WALL 21238611 1 0 1706910797
WALL 21238611 1 0 1706910798
WALL 21238611 1 0 1706910799
WALL 21238611 1 0 1706910800
WALL 21238611 1 0 1706910801
WALL 21238611 1 0 1706910802
WALL 21238611 1 0 1706910803
WALL 21238611 1 0 1706910804
WALL 21238611 1 0 1706910805
WALL 21238611 1 0 1706910806
WALL 21238611 1 0 1706910807
WALL 21238611 1 0 1706910808
WALL 21238611 1 0 1706910809
WALL 21238611 1 0 1706910810
WALL 21238611 1 0 1706910811
WALL 21238611 1 0 1706910812
WALL 21238611 1 0 1706910813
WALL 21238611 1 0 1706910814
WALL 21238611 1 0 1706910815
WALL 21238611 1 0 1706910816
WALL 21238611 1 0 1706910817
WALL 21238611 1 0 1706910818
WALL 21238611 1 0 1706910819
WALL 21238611 1 0 1706910820
WALL 21238611 1 0 1706910821
WALL 21238611 1 0 1706910822
WALL 21238611 1 0 1706910823
WALL 21238611 1 0 1706910824
WALL 21238611 1 0 1706910825
WALL 21238611 1 0 1706910826
WALL 21238611 1 0 1706910827
WALL 21238611 1 0 1706910828
WALL 21238611 1 0 1706910829
WALL 21238611 1 0 1706910830
WALL 21238611 1 0 1706910831
WALL 21238611 1 0 1706910832
WALL 21238611 1 0 1706910833
WALL 21238611 1 0 1706910834
WALL 21238611 1 0 1706910835
WALL 21238611 1 0 1706910836
WALL 21238611 1 0 1706910837
WALL 21238611 1 0 1706910838
WALL 21238611 1 0 1706910839
WALL 21238611 1 0 1706910840
WALL 21238611 1 0 1706910841
WALL 21238611 1 0 1706910842
WALL 21238611 1 0 1706910843
WALL 21238611 1 0 1706910844
WALL 21238611 1 0 1706910845
WALL 21238611 1 0 1706910846
WALL 21238611 1 0 1706910847
WALL 21238611 1 0 1706910848
WALL 21238611 1 0 1706910849
WALL 21238611 1 0 1706910850
WALL 21238611 1 0 1706910851
WALL 21238611 1 0 1706910852
WALL 21238611 1 0 1706910853
WALL 21238611 1 0 1706910854
WALL 21238611 1 0 1706910855
WALL 21238611 1 0 1706910856
WALL 21238611 1 0 1706910857
WALL 21238611 1 0 1706910858
WALL 21238611 1 0 1706910859
WALL 21238611 1 0 1706910860
WALL 21238611 1 0 1706910861
WALL 21238611 1 0 1706910862
WALL 21238611 1 0 1706910863
WALL 21238611 1 0 1706910864
WALL 21238611 1 0 1706910865
WALL 21238611 1 0 1706910866
WALL 21238611 1 0 1706910867
WALL 21238611 1 0 1706910868
WALL 21238611 1 0 1706910869
WALL 21238611 1 0 1706910870
WALL 21238611 1 0 1706910871
WALL 21238611 1 0 1706910872
WALL 21238611 1 0 1706910873
WALL 21238611 1 0 1706910874
WALL 21238611 1 0 1706910875
WALL 21238611 1 0 1706910876
WALL 21238611 1 0 1706910877
WALL 21238611 1 0 1706910878
WALL 21238611 1 0 1706910879
WALL 21238611 1 0 1706910880
WALL 21238611 1 0 1706910881
WALL 21238611 1 0 1706910882
WALL 21238611 1 0 1706910883
WALL 21238611 1 0 1706910884
WALL 21238611 1 0 1706910885
WALL 21238611 1 0 1706910886
WALL 21238611 1 0 1706910887
WALL 21238611 1 0 1706910888
WALL 21238611 1 0 1706910889
WALL 21238611 1 0 1706910890
WALL 21238611 1 0 1706910891
WALL 21238611 1 0 1706910892
WALL 21238611 1 0 1706910893
WALL 21238611 1 0 1706910894
WALL 21238611 1 0 1706910895
WALL 21238611 1 0 1706910896
WALL 21238611 1 0 1706910897
WALL 21238611 1 0 1706910898
WALL 21238611 1 0 1706910899
WALL 21238611 1 0 1706910900
WALL 21238611 1 0 1706910901
WALL 21238611 1 0 1706910902
WALL 21238611 1 0 1706910903
WALL 21238611 1 0 1706910904
WALL 21238611 1 0 1706910905
WALL 21238611 1 0 1706910906
WALL 21238611 1 0 1706910907
WALL 21238611 1 0 1706910908
WALL 21238611 1 0 1706910909
WALL 21238611 1 0 1706910910
WALL 21238611 1 0 1706910911
WALL 21238611 1 0 1706910912
WALL 21238611 1 0 1706910913
WALL 21238611 1 0 1706910914
WALL 21238611 1 0 1706910915
WALL 21238611 1 0 1706910916
WALL 21238611 1 0 1706910917
WALL 21238611 1 0 1706910918
WALL 21238611 1 0 1706910919
WALL 21238611 1 0 1706910920
WALL 21238611 1 0 1706910921
WALL 21238611 1 0 1706910922
WALL 21238611 1 0 1706910923
WALL 21238611 1 0 1706910924
WALL 21238611 1 0 1706910925
WALL 21238611 1 0 1706910926
WALL 21238611 1 0 1706910927
WALL 21238611 1 0 1706910928
WALL 21238611 1 0 1706910929
WALL 21238611 1 0 1706910930
WALL 21238611 1 0 1706910931
WALL 21238611 1 0 1706910932
WALL 21238611 1 0 1706910933
WALL 21238611 1 0 1706910934
WALL 21238611 1 0 1706910935
WALL 21238611 1 0 1706910936
WALL 21238611 1 0 1706910937
WALL 21238611 1 0 1706910938
WALL 21238611 1 0 1706910939
WALL 21238611 1 0 1706910940
WALL 21238611 1 0 1706910941
WALL 21238611 1 0 1706910942
WALL 21238611 1 0 1706910943
WALL 21238611 1 0 1706910944
WALL 21238611 1 0 1706910945
WALL 21238611 1 0 1706910946
WALL 21238611 1 0 1706910947
WALL 21238611 1 0 1706910948
WALL 21238611 1 0 1706910949
WALL 21238611 1 0 1706910950
WALL 21238611 1 0 1706910951
WALL 21238611 1 0 1706910952
WALL 21238611 1 0 1706910953
WALL 21238611 1 0 1706910954
WALL 21238611 1 0 1706910955
WALL 21238611 1 0 1706910956
WALL 21238611 1 0 1706910957
WALL 21238611 1 0 1706910958
WALL 21238611 1 0 1706910959
WALL 21238611 1 0 1706910960
WALL 21238611 1 0 1706910961
WALL 21238611 1 0 1706910962
WALL 21238611 1 0 1706910963
WALL 21238611 1 0 1706910964
WALL 21238611 1 0 1706910965
WALL 21238611 1 0 1706910966
WALL 21238611 1 0 1706910967
WALL 21238611 1 0 1706910968
WALL 21238611 1 0 1706910969
WALL 21238611 1 0 1706910970
WALL 21238611 1 0 1706910971
WALL 21238611 1 0 1706910972
WALL 21238611 1 0 1706910973
WALL 21238611 1 0 1706910974
WALL 21238611 1 0 1706910975
WALL 21238611 1 0 1706910976
WALL 21238611 1 0 1706910977
WALL 21238611 1 0 1706910978
WALL 21238611 1 0 1706910979
WALL 21238611 1 0 1706910980
WALL 21238611 1 0 1706910981
WALL 21238611 1 0 1706910982
WALL 21238611 1 0 1706910983
WALL 21238611 1 0 1706910984
WALL 21238611 1 0 1706910985
WALL 21238611 1 0 1706910986
WALL 21238611 1 0 1706910987
WALL 21238611 1 0 1706910988
WALL 21238611 1 0 1706910989
WALL 21238611 1 0 1706910990
WALL 21238611 1 0 1706910991
WALL 21238611 1 0 1706910992
WALL 21238611 1 0 1706910993
WALL 21238611 1 0 1706910994
WALL 21238611 1 0 1706910995
WALL 21238611 1 0 1706910996
WALL 21238611 1 0 1706910997
WALL 21238611 1 0 1706910998
WALL 21238611 1 0 1706910999
WALL 21238611 1 0 1706911000
WALL 21238611 1 0 1706911001
WALL 21238611 1 0 1706911002
WALL 21238611 1 0 1706911003
WALL 21238611 1 0 1706911004
WALL 21238611 1 0 1706911005
WALL 21238611 1 0 1706911006
WALL 21238611 1 0 1706911007
WALL 21238611 1 0 1706911008
WALL 21238611 1 0 1706911009
WALL 21238611 1 0 1706911010
WALL 21238611 1 0 1706911011
WALL 21238611 1 0 1706911012
WALL 21238611 1 0 1706911013
WALL 21238611 1 0 1706911014
WALL 21238611 1 0 1706911015
WALL 21238611 1 0 1706911016
WALL 21238611 1 0 1706911017
WALL 21238611 1 0 1706911018
WALL 21238611 1 0 1706911019
WALL 21238611 1 0 1706911020
WALL 21238611 1 0 1706911021
WALL 21238611 1 0 1706911022
WALL 21238611 1 0 1706911023
WALL 21238611 1 0 1706911024
WALL 21238611 1 0 1706911025
WALL 21238611 1 0 1706911026
WALL 21238611 1 0 1706911027
WALL 21238611 1 0 1706911028
WALL 21238611 1 0 1706911029
WALL 21238611 1 0 1706911030
WALL 21238611 1 0 1706911031
WALL 21238611 1 0 1706911032
WALL 21238611 1 0 1706911033
WALL 21238611 1 0 1706911034
WALL 21238611 1 0 1706911035
WALL 21238611 1 0 1706911036
WALL 21238611 1 0 1706911037
WALL 21238611 1 0 1706911038
WALL 21238611 1 0 1706911039
WALL 21238611 1 0 1706911040
WALL 21238611 1 0 1706911041
WALL 21238611 1 0 1706911042
WALL 21238611 1 0 1706911043
WALL 21238611 1 0 1706911044
WALL 21238611 1 0 1706911045
WALL 21238611 1 0 1706911046
WALL 21238611 1 0 1706911047
WALL 21238611 1 0 1706911048
WALL 21238611 1 0 1706911049
WALL 21238611 1 0 1706911050
WALL 21238611 1 0 1706911051
WALL 21238611 1 0 1706911052
WALL 21238611 1 0 1706911053
WALL 21238611 1 0 1706911054
WALL 21238611 1 0 1706911055
WALL 21238611 1 0 1706911056
WALL 21238611 1 0 1706911057
WALL 21238611 1 0 1706911058
WALL 21238611 1 0 1706911059
WALL 21238611 1 0 1706911060
WALL 21238611 1 0 1706911061
WALL 21238611 1 0 1706911062
WALL 21238611 1 0 1706911063
WALL 21238611 1 0 1706911064
WALL 21238611 1 0 1706911065
WALL 21238611 1 0 1706911066
WALL 21238611 1 0 1706911067
WALL 21238611 1 0 1706911068
WALL 21238611 1 0 1706911069
WALL 21238611 1 0 1706911070
WALL 21238611 1 0 1706911071
WALL 21238611 1 0 1706911072
WALL 21238611 1 0 1706911073
WALL 21238611 1 0 1706911074
WALL 21238611 1 0 1706911075
WALL 21238611 1 0 1706911076
WALL 21238611 1 0 1706911077
WALL 21238611 1 0 1706911078
WALL 21238611 1 0 1706911079
WALL 21238611 1 0 1706911080
WALL 21238611 1 0 1706911081
WALL 21238611 1 0 1706911082
WALL 21238611 1 0 1706911083
WALL 21238611 1 0 1706911084
WALL 21238611 1 0 1706911085
WALL 21238611 1 0 1706911086
WALL 21238611 1 0 1706911087
WALL 21238611 1 0 1706911088
WALL 21238611 1 0 1706911089
WALL 21238611 1 0 1706911090
WALL 21238611 1 0 1706911091
WALL 21238611 1 0 1706911092
WALL 21238611 1 0 1706911093
WALL 21238611 1 0 1706911094
WALL 21238611 1 0 1706911095
WALL 21238611 1 0 1706911096
WALL 21238611 1 0 1706911097
WALL 21238611 1 0 1706911098
WALL 21238611 1 0 1706911099
WALL 21238611 1 0 1706911100
WALL 21238611 1 0 1706911101
WALL 21238611 1 0 1706911102
WALL 21238611 1 0 1706911103
WALL 21238611 1 0 1706911104
WALL 21238611 1 0 1706911105
WALL 21238611 1 0 1706911106
WALL 21238611 1 0 1706911107
WALL 21238611 1 0 1706911108
WALL 21238611 1 0 1706911109
WALL 21238611 1 0 1706911110
WALL 21238611 1 0 1706911111
WALL 21238611 1 0 1706911112
WALL 21238611 1 0 1706911113
WALL 21238611 1 0 1706911114
WALL 21238611 1 0 1706911115
WALL 21238611 1 0 1706911116
WALL 21238611 1 0 1706911117
WALL 21238611 1 0 1706911118
WALL 21238611 1 0 1706911119
WALL 21238611 1 0 1706911120
WALL 21238611 1 0 1706911121
WALL 21238611 1 0 1706911122
WALL 21238611 1 0 1706911123
WALL 21238611 1 0 1706911124
WALL 21238611 1 0 1706911125
WALL 21238611 1 0 1706911126
WALL 21238611 1 0 1706911127
WALL 21238611 1 0 1706911128
WALL 21238611 1 0 1706911129
WALL 21238611 1 0 1706911130
WALL 21238611 1 0 1706911131
WALL 21238611 1 0 1706911132
WALL 21238611 1 0 1706911133
WALL 21238611 1 0 1706911134
WALL 21238611 1 0 1706911135
WALL 21238611 1 0 1706911136
WALL 21238611 1 0 1706911137
WALL 21238611 1 0 1706911138
WALL 21238611 1 0 1706911139
WALL 21238611 1 0 1706911140
WALL 21238611 1 0 1706911141
WALL 21238611 1 0 1706911142
WALL 21238611 1 0 1706911143
WALL 21238611 1 0 1706911144
WALL 21238611 1 0 1706911145
WALL 21238611 1 0 1706911146
WALL 21238611 1 0 1706911147
WALL 21238611 1 0 1706911148
WALL 21238611 1 0 1706911149
WALL 21238611 1 0 1706911150
WALL 21238611 1 0 1706911151
WALL 21238611 1 0 1706911152
WALL 21238611 1 0 1706911153
WALL 21238611 1 0 1706911154
WALL 21238611 1 0 1706911155
WALL 21238611 1 0 1706911156
WALL 21238611 1 0 1706911157
WALL 21238611 1 0 1706911158
WALL 21238611 1 0 1706911159
WALL 21238611 1 0 1706911160
WALL 21238611 1 0 1706911161
WALL 21238611 1 0 1706911162
WALL 21238611 1 0 1706911163
WALL 21238611 1 0 1706911164
WALL 21238611 1 0 1706911165
WALL 21238611 1 0 1706911166
WALL 21238611 1 0 1706911167
WALL 21238611 1 0 1706911168
WALL 21238611 1 0 1706911169
WALL 21238611 1 0 1706911170
WALL 21238611 1 0 1706911171
WALL 21238611 1 0 1706911172
WALL 21238611 1 0 1706911173
WALL 21238611 1 0 1706911174
WALL 21238611 1 0 1706911175
WALL 21238611 1 0 1706911176
WALL 21238611 1 0 1706911177
WALL 21238611 1 0 1706911178
WALL 21238611 1 0 1706911179
WALL 21238611 1 0 1706911180
WALL 21238611 1 0 1706911181
WALL 21238611 1 0 1706911182
WALL 21238611 1 0 1706911183
WALL 21238611 1 0 1706911184
WALL 21238611 1 0 1706911185
WALL 21238611 1 0 1706911186
WALL 21238611 1 0 1706911187
WALL 21238611 1 0 1706911188
WALL 21238611 1 0 1706911189
WALL 21238611 1 0 1706911190
WALL 21238611 1 0 1706911191
WALL 21238611 1 0 1706911192
WALL 21238611 1 0 1706911193
WALL 21238611 1 0 1706911194
WALL 21238611 1 0 1706911195
WALL 21238611 1 0 1706911196
WALL 21238611 1 0 1706911197
WALL 21238611 1 0 1706911198
WALL 21238611 1 0 1706911199
WALL 21238611 1 0 1706911200
WALL 21238611 1 0 1706911201
WALL 21238611 1 0 1706911202
WALL 21238611 1 0 1706911203
WALL 21238611 1 0 1706911204
WALL 21238611 1 0 1706911205
WALL 21238611 1 0 1706911206
WALL 21238611 1 0 1706911207
WALL 21238611 1 0 1706911208
WALL 21238611 1 0 1706911209
WALL 21238611 1 0 1706911210
WALL 21238611 1 0 1706911211
WALL 21238611 1 0 1706911212
WALL 21238611 1 0 1706911213
WALL 21238611 1 0 1706911214
WALL 21238611 1 0 1706911215
WALL 21238611 1 0 1706911216
WALL 21238611 1 0 1706911217
WALL 21238611 1 0 1706911218
WALL 21238611 1 0 1706911219
WALL 21238611 1 0 1706911220
WALL 21238611 1 0 1706911221
WALL 21238611 1 0 1706911222
WALL 21238611 1 0 1706911223
WALL 21238611 1 0 1706911224
WALL 21238611 1 0 1706911225
WALL 21238611 1 0 1706911226
WALL 21238611 1 0 1706911227
WALL 21238611 1 0 1706911228
WALL 21238611 1 0 1706911229
WALL 21238611 1 0 1706911230
WALL 21238611 1 0 1706911231
WALL 21238611 1 0 1706911232
WALL 21238611 1 0 1706911233
WALL 21238611 1 0 1706911234
WALL 21238611 1 0 1706911235
WALL 21238611 1 0 1706911236
WALL 21238611 1 0 1706911237
WALL 21238611 1 0 1706911238
WALL 21238611 1 0 1706911239
WALL 21238611 1 0 1706911240
WALL 21238611 1 0 1706911241
WALL 21238611 1 0 1706911242
WALL 21238611 1 0 1706911243
WALL 21238611 1 0 1706911244
WALL 21238611 1 0 1706911245
WALL 21238611 1 0 1706911246
WALL 21238611 1 0 1706911247
WALL 21238611 1 0 1706911248
WALL 21238611 1 0 1706911249
WALL 21238611 1 0 1706911250
WALL 21238611 1 0 1706911251
WALL 21238611 1 0 1706911252
WALL 21238611 1 0 1706911253
WALL 21238611 1 0 1706911254
WALL 21238611 1 0 1706911255
WALL 21238611 1 0 1706911256
WALL 21238611 1 0 1706911257
WALL 21238611 1 0 1706911258
WALL 21238611 1 0 1706911259
WALL 21238611 1 0 1706911260
WALL 21238611 1 0 1706911261
WALL 21238611 1 0 1706911262
WALL 21238611 1 0 1706911263
WALL 21238611 1 0 1706911264
WALL 21238611 1 0 1706911265
WALL 21238611 1 0 1706911266
WALL 21238611 1 0 1706911267
WALL 21238611 1 0 1706911268
WALL 21238611 1 0 1706911269
WALL 21238611 1 0 1706911270
WALL 21238611 1 0 1706911271
WALL 21238611 1 0 1706911272
WALL 21238611 1 0 1706911273
WALL 21238611 1 0 1706911274
WALL 21238611 1 0 1706911275
WALL 21238611 1 0 1706911276
WALL 21238611 1 0 1706911277
WALL 21238611 1 0 1706911278
WALL 21238611 1 0 1706911279
WALL 21238611 1 0 1706911280
WALL 21238611 1 0 1706911281
WALL 21238611 1 0 1706911282
WALL 21238611 1 0 1706911283
WALL 21238611 1 0 1706911284
WALL 21238611 1 0 1706911285
WALL 21238611 1 0 1706911286
WALL 21238611 1 0 1706911287
WALL 21238611 1 0 1706911288
WALL 21238611 1 0 1706911289
WALL 21238611 1 0 1706911290
WALL 21238611 1 0 1706911291
WALL 21238611 1 0 1706911292
WALL 21238611 1 0 1706911293
WALL 21238611 1 0 1706911294
WALL 21238611 1 0 1706911295
WALL 21238611 1 0 1706911296
WALL 21238611 1 0 1706911297
WALL 21238611 1 0 1706911298
WALL 21238611 1 0 1706911299
WALL 21238611 1 0 1706911300
WALL 21238611 1 0 1706911301
WALL 21238611 1 0 1706911302
WALL 21238611 1 0 1706911303
WALL 21238611 1 0 1706911304
WALL 21238611 1 0 1706911305
WALL 21238611 1 0 1706911306
WALL 21238611 1 0 1706911307
WALL 21238611 1 0 1706911308
WALL 21238611 1 0 1706911309
WALL 21238611 1 0 1706911310
WALL 21238611 1 0 1706911311
WALL 21238611 1 0 1706911312
WALL 21238611 1 0 1706911313
WALL 21238611 1 0 1706911314
WALL 21238611 1 0 1706911315
WALL 21238611 1 0 1706911316
WALL 21238611 1 0 1706911317
WALL 21238611 1 0 1706911318
WALL 21238611 1 0 1706911319
WALL 21238611 1 0 1706911320
WALL 21238611 1 0 1706911321
WALL 21238611 1 0 1706911322
WALL 21238611 1 0 1706911323
WALL 21238611 1 0 1706911324
WALL 21238611 1 0 1706911325
WALL 21238611 1 0 1706911326
WALL 21238611 1 0 1706911327
WALL 21238611 1 0 1706911328
WALL 21238611 1 0 1706911329
WALL 21238611 1 0 1706911330
WALL 21238611 1 0 1706911331
WALL 21238611 1 0 1706911332
WALL 21238611 1 0 1706911333
WALL 21238611 1 0 1706911334
WALL 21238611 1 0 1706911335
WALL 21238611 1 0 1706911336
WALL 21238611 1 0 1706911337
WALL 21238611 1 0 1706911338
WALL 21238611 1 0 1706911339
WALL 21238611 1 0 1706911340
WALL 21238611 1 0 1706911341
WALL 21238611 1 0 1706911342
WALL 21238611 1 0 1706911343
WALL 21238611 1 0 1706911344
WALL 21238611 1 0 1706911345
WALL 21238611 1 0 1706911346
WALL 21238611 1 0 1706911347
WALL 21238611 1 0 1706911348
WALL 21238611 1 0 1706911349
WALL 21238611 1 0 1706911350
WALL 21238611 1 0 1706911351
WALL 21238611 1 0 1706911352
WALL 21238611 1 0 1706911353
WALL 21238611 1 0 1706911354
WALL 21238611 1 0 1706911355
WALL 21238611 1 0 1706911356
WALL 21238611 1 0 1706911357
WALL 21238611 1 0 1706911358
WALL 21238611 1 0 1706911359
WALL 21238611 1 0 1706911360
WALL 21238611 1 0 1706911361
WALL 21238611 1 0 1706911362
WALL 21238611 1 0 1706911363
WALL 21238611 1 0 1706911364
WALL 21238611 1 0 1706911365
WALL 21238611 1 0 1706911366
WALL 21238611 1 0 1706911367
WALL 21238611 1 0 1706911368
WALL 21238611 1 0 1706911369
WALL 21238611 1 0 1706911370
WALL 21238611 1 0 1706911371
WALL 21238611 1 0 1706911372
WALL 21238611 1 0 1706911373
WALL 21238611 1 0 1706911374
WALL 21238611 1 0 1706911375
WALL 21238611 1 0 1706911376
WALL 21238611 1 0 1706911377
WALL 21238611 1 0 1706911378
WALL 21238611 1 0 1706911379
WALL 21238611 1 0 1706911380
WALL 21238611 1 0 1706911381
WALL 21238611 1 0 1706911382
WALL 21238611 1 0 1706911383
WALL 21238611 1 0 1706911384
WALL 21238611 1 0 1706911385
WALL 21238611 1 0 1706911386
WALL 21238611 1 0 1706911387
WALL 21238611 1 0 1706911388
WALL 21238611 1 0 1706911389
WALL 21238611 1 0 1706911390
WALL 21238611 1 0 1706911391
WALL 21238611 1 0 1706911392
WALL 21238611 1 0 1706911393
WALL 21238611 1 0 1706911394
WALL 21238611 1 0 1706911395
WALL 21238611 1 0 1706911396
WALL 21238611 1 0 1706911397
WALL 21238611 1 0 1706911398
WALL 21238611 1 0 1706911399
WALL 21238611 1 0 1706911400
WALL 21238611 1 0 1706911401
WALL 21238611 1 0 1706911402
WALL 21238611 1 0 1706911403
WALL 21238611 1 0 1706911404
WALL 21238611 1 0 1706911405
WALL 21238611 1 0 1706911406
WALL 21238611 1 0 1706911407
WALL 21238611 1 0 1706911408
WALL 21238611 1 0 1706911409
WALL 21238611 1 0 1706911410
WALL 21238611 1 0 1706911411
WALL 21238611 1 0 1706911412
WALL 21238611 1 0 1706911413
WALL 21238611 1 0 1706911414
WALL 21238611 1 0 1706911415
WALL 21238611 1 0 1706911416
WALL 21238611 1 0 1706911417
WALL 21238611 1 0 1706911418
WALL 21238611 1 0 1706911419
WALL 21238611 1 0 1706911420
WALL 21238611 1 0 1706911421
WALL 21238611 1 0 1706911422
WALL 21238611 1 0 1706911423
WALL 21238611 1 0 1706911424
WALL 21238611 1 0 1706911425
WALL 21238611 1 0 1706911426
WALL 21238611 1 0 1706911427
WALL 21238611 1 0 1706911428
WALL 21238611 1 0 1706911429
WALL 21238611 1 0 1706911430
WALL 21238611 1 0 1706911431
WALL 21238611 1 0 1706911432
WALL 21238611 1 0 1706911433
WALL 21238611 1 0 1706911434
WALL 21238611 1 0 1706911435
WALL 21238611 1 0 1706911436
WALL 21238611 1 0 1706911437
WALL 21238611 1 0 1706911438
WALL 21238611 1 0 1706911439
WALL 21238611 1 0 1706911440
WALL 21238611 1 0 1706911441
WALL 21238611 1 0 1706911442
WALL 21238611 1 0 1706911443
WALL 21238611 1 0 1706911444
WALL 21238611 1 0 1706911445
WALL 21238611 1 0 1706911446
WALL 21238611 1 0 1706911447
WALL 21238611 1 0 1706911448
WALL 21238611 1 0 1706911449
WALL 21238611 1 0 1706911450
WALL 21238611 1 0 1706911451
WALL 21238611 1 0 1706911452
WALL 21238611 1 0 1706911453
WALL 21238611 1 0 1706911454
WALL 21238611 1 0 1706911455
WALL 21238611 1 0 1706911456
WALL 21238611 1 0 1706911457
WALL 21238611 1 0 1706911458
WALL 21238611 1 0 1706911459
WALL 21238611 1 0 1706911460
WALL 21238611 1 0 1706911461
WALL 21238611 1 0 1706911462
WALL 21238611 1 0 1706911463
WALL 21238611 1 0 1706911464
WALL 21238611 1 0 1706911465
WALL 21238611 1 0 1706911466
WALL 21238611 1 0 1706911467
WALL 21238611 1 0 1706911468
WALL 21238611 1 0 1706911469
WALL 21238611 1 0 1706911470
WALL 21238611 1 0 1706911471
WALL 21238611 1 0 1706911472
WALL 21238611 1 0 1706911473
WALL 21238611 1 0 1706911474
WALL 21238611 1 0 1706911475
WALL 21238611 1 0 1706911476
WALL 21238611 1 0 1706911477
WALL 21238611 1 0 1706911478
WALL 21238611 1 0 1706911479
WALL 21238611 1 0 1706911480
WALL 21238611 1 0 1706911481
WALL 21238611 1 0 1706911482
WALL 21238611 1 0 1706911483
WALL 21238611 1 0 1706911484
WALL 21238611 1 0 1706911485
WALL 21238611 1 0 1706911486
WALL 21238611 1 0 1706911487
WALL 21238611 1 0 1706911488
WALL 21238611 1 0 1706911489
WALL 21238611 1 0 1706911490
WALL 21238611 1 0 1706911491
WALL 21238611 1 0 1706911492
WALL 21238611 1 0 1706911493
WALL 21238611 1 0 1706911494
WALL 21238611 1 0 1706911495
WALL 21238611 1 0 1706911496
WALL 21238611 1 0 1706911497
WALL 21238611 1 0 1706911498
WALL 21238611 1 0 1706911499
WALL 21238611 1 0 1706911500
WALL 21238611 1 0 1706911501
WALL 21238611 1 0 1706911502
WALL 21238611 1 0 1706911503
WALL 21238611 1 0 1706911504
WALL 21238611 1 0 1706911505
WALL 21238611 1 0 1706911506
WALL 21238611 1 0 1706911507
WALL 21238611 1 0 1706911508
WALL 21238611 1 0 1706911509
WALL 21238611 1 0 1706911510
WALL 21238611 1 0 1706911511
WALL 21238611 1 0 1706911512
WALL 21238611 1 0 1706911513
WALL 21238611 1 0 1706911514
WALL 21238611 1 0 1706911515
WALL 21238611 1 0 1706911516
WALL 21238611 1 0 1706911517
WALL 21238611 1 0 1706911518
WALL 21238611 1 0 1706911519
WALL 21238611 1 0 1706911520
WALL 21238611 1 0 1706911521
WALL 21238611 1 0 1706911522
WALL 21238611 1 0 1706911523
WALL 21238611 1 0 1706911524
WALL 21238611 1 0 1706911525
WALL 21238611 1 0 1706911526
WALL 21238611 1 0 1706911527
WALL 21238611 1 0 1706911528
WALL 21238611 1 0 1706911529
WALL 21238611 1 0 1706911530
WALL 21238611 1 0 1706911531
WALL 21238611 1 0 1706911532
WALL 21238611 1 0 1706911533
WALL 21238611 1 0 1706911534
WALL 21238611 1 0 1706911535
WALL 21238611 1 0 1706911536
WALL 21238611 1 0 1706911537
WALL 21238611 1 0 1706911538
WALL 21238611 1 0 1706911539
WALL 21238611 1 0 1706911540
WALL 21238611 1 0 1706911541
WALL 21238611 1 0 1706911542
WALL 21238611 1 0 1706911543
WALL 21238611 1 0 1706911544
WALL 21238611 1 0 1706911545
WALL 21238611 1 0 1706911546
WALL 21238611 1 0 1706911547
WALL 21238611 1 0 1706911548
WALL 21238611 1 0 1706911549
WALL 21238611 1 0 1706911550
WALL 21238611 1 0 1706911551
WALL 21238611 1 0 1706911552
WALL 21238611 1 0 1706911553
WALL 21238611 1 0 1706911554
WALL 21238611 1 0 1706911555
WALL 21238611 1 0 1706911556
WALL 21238611 1 0 1706911557
WALL 21238611 1 0 1706911558
WALL 21238611 1 0 1706911559
WALL 21238611 1 0 1706911560
WALL 21238611 1 0 1706911561
WALL 21238611 1 0 1706911562
WALL 21238611 1 0 1706911563
WALL 21238611 1 0 1706911564
WALL 21238611 1 0 1706911565
WALL 21238611 1 0 1706911566
WALL 21238611 1 0 1706911567
WALL 21238611 1 0 1706911568
WALL 21238611 1 0 1706911569
WALL 21238611 1 0 1706911570
WALL 21238611 1 0 1706911571
WALL 21238611 1 0 1706911572
WALL 21238611 1 0 1706911573
WALL 21238611 1 0 1706911574
WALL 21238611 1 0 1706911575
WALL 21238611 1 0 1706911576
WALL 21238611 1 0 1706911577
WALL 21238611 1 0 1706911578
WALL 21238611 1 0 1706911579
WALL 21238611 1 0 1706911580
WALL 21238611 1 0 1706911581
WALL 21238611 1 0 1706911582
WALL 21238611 1 0 1706911583
WALL 21238611 1 0 1706911584
WALL 21238611 1 0 1706911585
WALL 21238611 1 0 1706911586
WALL 21238611 1 0 1706911587
WALL 21238611 1 0 1706911588
WALL 21238611 1 0 1706911589
WALL 21238611 1 0 1706911590
WALL 21238611 1 0 1706911591
WALL 21238611 1 0 1706911592
WALL 21238611 1 0 1706911593
WALL 21238611 1 0 1706911594
WALL 21238611 1 0 1706911595
WALL 21238611 1 0 1706911596
WALL 21238611 1 0 1706911597
WALL 21238611 1 0 1706911598
WALL 21238611 1 0 1706911599
WALL 21238611 1 0 1706911600
WALL 21238611 1 0 1706911601
WALL 21238611 1 0 1706911602
WALL 21238611 1 0 1706911603
WALL 21238611 1 0 1706911604
WALL 21238611 1 0 1706911605
WALL 21238611 1 0 1706911606
WALL 21238611 1 0 1706911607
WALL 21238611 1 0 1706911608
WALL 21238611 1 0 1706911609
WALL 21238611 1 0 1706911610
WALL 21238611 1 0 1706911611
WALL 21238611 1 0 1706911612
WALL 21238611 1 0 1706911613
WALL 21238611 1 0 1706911614
WALL 21238611 1 0 1706911615
WALL 21238611 1 0 1706911616
WALL 21238611 1 0 1706911617
WALL 21238611 1 0 1706911618
WALL 21238611 1 0 1706911619
WALL 21238611 1 0 1706911620
WALL 21238611 1 0 1706911621
WALL 21238611 1 0 1706911622
WALL 21238611 1 0 1706911623
WALL 21238611 1 0 1706911624
WALL 21238611 1 0 1706911625
WALL 21238611 1 0 1706911626
WALL 21238611 1 0 1706911627
WALL 21238611 1 0 1706911628
WALL 21238611 1 0 1706911629
WALL 21238611 1 0 1706911630
WALL 21238611 1 0 1706911631
WALL 21238611 1 0 1706911632
WALL 21238611 1 0 1706911633
WALL 21238611 1 0 1706911634
WALL 21238611 1 0 1706911635
WALL 21238611 1 0 1706911636
WALL 21238611 1 0 1706911637
WALL 21238611 1 0 1706911638
WALL 21238611 1 0 1706911639
WALL 21238611 1 0 1706911640
WALL 21238611 1 0 1706911641
WALL 21238611 1 0 1706911642
WALL 21238611 1 0 1706911643
WALL 21238611 1 0 1706911644
WALL 21238611 1 0 1706911645
WALL 21238611 1 0 1706911646
WALL 21238611 1 0 1706911647
WALL 21238611 1 0 1706911648
WALL 21238611 1 0 1706911649
WALL 21238611 1 0 1706911650
WALL 21238611 1 0 1706911651
WALL 21238611 1 0 1706911652
WALL 21238611 1 0 1706911653
WALL 21238611 1 0 1706911654
WALL 21238611 1 0 1706911655
WALL 21238611 1 0 1706911656
WALL 21238611 1 0 1706911657
WALL 21238611 1 0 1706911658
WALL 21238611 1 0 1706911659
WALL 21238611 1 0 1706911660
WALL 21238611 1 0 1706911661
WALL 21238611 1 0 1706911662
WALL 21238611 1 0 1706911663
WALL 21238611 1 0 1706911664
WALL 21238611 1 0 1706911665
WALL 21238611 1 0 1706911666
WALL 21238611 1 0 1706911667
WALL 21238611 1 0 1706911668
WALL 21238611 1 0 1706911669
WALL 21238611 1 0 1706911670
WALL 21238611 1 0 1706911671
WALL 21238611 1 0 1706911672
WALL 21238611 1 0 1706911673
WALL 21238611 1 0 1706911674
WALL 21238611 1 0 1706911675
WALL 21238611 1 0 1706911676
WALL 21238611 1 0 1706911677
WALL 21238611 1 0 1706911678
WALL 21238611 1 0 1706911679
WALL 21238611 1 0 1706911680
WALL 21238611 1 0 1706911681
WALL 21238611 1 0 1706911682
WALL 21238611 1 0 1706911683
WALL 21238611 1 0 1706911684
WALL 21238611 1 0 1706911685
WALL 21238611 1 0 1706911686
WALL 21238611 1 0 1706911687
WALL 21238611 1 0 1706911688
WALL 21238611 1 0 1706911689
WALL 21238611 1 0 1706911690
WALL 21238611 1 0 1706911691
WALL 21238611 1 0 1706911692
WALL 21238611 1 0 1706911693
WALL 21238611 1 0 1706911694
WALL 21238611 1 0 1706911695
WALL 21238611 1 0 1706911696
WALL 21238611 1 0 1706911697
WALL 21238611 1 0 1706911698
WALL 21238611 1 0 1706911699
WALL 21238611 1 0 1706911700
WALL 21238611 1 0 1706911701
WALL 21238611 1 0 1706911702
WALL 21238611 1 0 1706911703
WALL 21238611 1 0 1706911704
WALL 21238611 1 0 1706911705
WALL 21238611 1 0 1706911706
WALL 21238611 1 0 1706911707
WALL 21238611 1 0 1706911708
WALL 21238611 1 0 1706911709
WALL 21238611 1 0 1706911710
WALL 21238611 1 0 1706911711
WALL 21238611 1 0 1706911712
WALL 21238611 1 0 1706911713
WALL 21238611 1 0 1706911714
WALL 21238611 1 0 1706911715
WALL 21238611 1 0 1706911716
WALL 21238611 1 0 1706911717
WALL 21238611 1 0 1706911718
WALL 21238611 1 0 1706911719
WALL 21238611 1 0 1706911720
WALL 21238611 1 0 1706911721
WALL 21238611 1 0 1706911722
WALL 21238611 1 0 1706911723
WALL 21238611 1 0 1706911724
received SIGCONT 1706911725
WALL 21238611 1 0 1706911725
slurmstepd: error: *** STEP 21238611.0 ON nid200011 CANCELLED AT 2024-02-02T22:08:45 ***
received SIGTERM 1706911725
WALL 21238611 1 0 1706911725
WALL 21238611 1 0 1706911726
WALL 21238611 1 0 1706911727
WALL 21238611 1 0 1706911728
WALL 21238611 1 0 1706911729
WALL 21238611 1 0 1706911730
WALL 21238611 1 0 1706911731
WALL 21238611 1 0 1706911732
WALL 21238611 1 0 1706911733
WALL 21238611 1 0 1706911734
WALL 21238611 1 0 1706911735
WALL 21238611 1 0 1706911736
WALL 21238611 1 0 1706911737
WALL 21238611 1 0 1706911738
WALL 21238611 1 0 1706911739
WALL 21238611 1 0 1706911740
WALL 21238611 1 0 1706911741
WALL 21238611 1 0 1706911742
WALL 21238611 1 0 1706911743
WALL 21238611 1 0 1706911744
WALL 21238611 1 0 1706911745
WALL 21238611 1 0 1706911746
WALL 21238611 1 0 1706911747
WALL 21238611 1 0 1706911748
WALL 21238611 1 0 1706911749
WALL 21238611 1 0 1706911750
WALL 21238611 1 0 1706911751
WALL 21238611 1 0 1706911752
WALL 21238611 1 0 1706911753
WALL 21238611 1 0 1706911754
WALL 21238611 1 0 1706911755
WALL 21238611 1 0 1706911756
WALL 21238611 1 0 1706911757
WALL 21238611 1 0 1706911758
WALL 21238611 1 0 1706911759
WALL 21238611 1 0 1706911760
WALL 21238611 1 0 1706911761
WALL 21238611 1 0 1706911762
WALL 21238611 1 0 1706911763
WALL 21238611 1 0 1706911764
WALL 21238611 1 0 1706911765
WALL 21238611 1 0 1706911766
WALL 21238611 1 0 1706911767
WALL 21238611 1 0 1706911768
WALL 21238611 1 0 1706911769
WALL 21238611 1 0 1706911770
WALL 21238611 1 0 1706911771
WALL 21238611 1 0 1706911772
WALL 21238611 1 0 1706911773
WALL 21238611 1 0 1706911774
WALL 21238611 1 0 1706911775
WALL 21238611 1 0 1706911776
WALL 21238611 1 0 1706911777
WALL 21238611 1 0 1706911778
WALL 21238611 1 0 1706911779
WALL 21238611 1 0 1706911780
WALL 21238611 1 0 1706911781
WALL 21238611 1 0 1706911782
WALL 21238611 1 0 1706911783
WALL 21238611 1 0 1706911784
WALL 21238611 1 0 1706911785
WALL 21238611 1 0 1706911786
WALL 21238611 1 0 1706911787
WALL 21238611 1 0 1706911788
WALL 21238611 1 0 1706911789
WALL 21238611 1 0 1706911790
WALL 21238611 1 0 1706911791
WALL 21238611 1 0 1706911792
WALL 21238611 1 0 1706911793
WALL 21238611 1 0 1706911794
WALL 21238611 1 0 1706911795
WALL 21238611 1 0 1706911796
WALL 21238611 1 0 1706911797
WALL 21238611 1 0 1706911798
WALL 21238611 1 0 1706911799
WALL 21238611 1 0 1706911800
WALL 21238611 1 0 1706911801
WALL 21238611 1 0 1706911802
WALL 21238611 1 0 1706911803
WALL 21238611 1 0 1706911804
WALL 21238611 1 0 1706911805
WALL 21238611 1 0 1706911806
WALL 21238611 1 0 1706911807
WALL 21238611 1 0 1706911808
WALL 21238611 1 0 1706911809
WALL 21238611 1 0 1706911810
WALL 21238611 1 0 1706911811
WALL 21238611 1 0 1706911812
WALL 21238611 1 0 1706911813
WALL 21238611 1 0 1706911814
WALL 21238611 1 0 1706911815
WALL 21238611 1 0 1706911816
WALL 21238611 1 0 1706911817
WALL 21238611 1 0 1706911818
WALL 21238611 1 0 1706911819
WALL 21238611 1 0 1706911820
WALL 21238611 1 0 1706911821
WALL 21238611 1 0 1706911822
WALL 21238611 1 0 1706911823
WALL 21238611 1 0 1706911824
WALL 21238611 1 0 1706911825
WALL 21238611 1 0 1706911826
WALL 21238611 1 0 1706911827
WALL 21238611 1 0 1706911828
WALL 21238611 1 0 1706911829
WALL 21238611 1 0 1706911830
WALL 21238611 1 0 1706911831
WALL 21238611 1 0 1706911832
WALL 21238611 1 0 1706911833
WALL 21238611 1 0 1706911834
WALL 21238611 1 0 1706911835
WALL 21238611 1 0 1706911836
WALL 21238611 1 0 1706911837
WALL 21238611 1 0 1706911838
WALL 21238611 1 0 1706911839
WALL 21238611 1 0 1706911840
WALL 21238611 1 0 1706911841
WALL 21238611 1 0 1706911842
WALL 21238611 1 0 1706911843
WALL 21238611 1 0 1706911844
WALL 21238611 1 0 1706911845
WALL 21238611 1 0 1706911846
WALL 21238611 1 0 1706911847
WALL 21238611 1 0 1706911848
WALL 21238611 1 0 1706911849
WALL 21238611 1 0 1706911850
WALL 21238611 1 0 1706911851
WALL 21238611 1 0 1706911852
WALL 21238611 1 0 1706911853
WALL 21238611 1 0 1706911854
WALL 21238611 1 0 1706911855
WALL 21238611 1 0 1706911856
WALL 21238611 1 0 1706911857
WALL 21238611 1 0 1706911858
WALL 21238611 1 0 1706911859
WALL 21238611 1 0 1706911860
WALL 21238611 1 0 1706911861
WALL 21238611 1 0 1706911862
WALL 21238611 1 0 1706911863
WALL 21238611 1 0 1706911864
WALL 21238611 1 0 1706911865
slurmstepd: error: *** JOB 21238611 ON nid200011 CANCELLED AT 2024-02-02T22:11:05 DUE TO PREEMPTION ***
received SIGTERM 1706911865
WALL 21238611 1 0 1706911865
received SIGCONT 1706911865
WALL 21238611 1 0 1706911865
received SIGTERM 1706911865
WALL 21238611 1 0 1706911865
