WALL 21232223 1 0 1706901445
WALL 21232223 1 0 1706901446
WALL 21232223 1 0 1706901447
WALL 21232223 1 0 1706901448
WALL 21232223 1 0 1706901449
WALL 21232223 1 0 1706901450
WALL 21232223 1 0 1706901451
WALL 21232223 1 0 1706901452
WALL 21232223 1 0 1706901453
WALL 21232223 1 0 1706901454
WALL 21232223 1 0 1706901455
WALL 21232223 1 0 1706901456
WALL 21232223 1 0 1706901457
WALL 21232223 1 0 1706901458
WALL 21232223 1 0 1706901459
WALL 21232223 1 0 1706901460
WALL 21232223 1 0 1706901461
WALL 21232223 1 0 1706901462
WALL 21232223 1 0 1706901463
WALL 21232223 1 0 1706901464
WALL 21232223 1 0 1706901465
WALL 21232223 1 0 1706901466
WALL 21232223 1 0 1706901467
WALL 21232223 1 0 1706901468
WALL 21232223 1 0 1706901469
WALL 21232223 1 0 1706901470
WALL 21232223 1 0 1706901471
WALL 21232223 1 0 1706901472
WALL 21232223 1 0 1706901473
WALL 21232223 1 0 1706901474
WALL 21232223 1 0 1706901475
WALL 21232223 1 0 1706901476
WALL 21232223 1 0 1706901477
WALL 21232223 1 0 1706901478
WALL 21232223 1 0 1706901479
WALL 21232223 1 0 1706901480
received SIGCONT 1706901480
WALL 21232223 1 0 1706901480
slurmstepd: error: *** STEP 21232223.0 ON nid200035 CANCELLED AT 2024-02-02T19:18:00 ***
received SIGTERM 1706901480
WALL 21232223 1 0 1706901480
WALL 21232223 1 0 1706901481
WALL 21232223 1 0 1706901482
WALL 21232223 1 0 1706901483
WALL 21232223 1 0 1706901484
WALL 21232223 1 0 1706901485
WALL 21232223 1 0 1706901486
WALL 21232223 1 0 1706901487
WALL 21232223 1 0 1706901488
WALL 21232223 1 0 1706901489
WALL 21232223 1 0 1706901490
WALL 21232223 1 0 1706901491
WALL 21232223 1 0 1706901492
WALL 21232223 1 0 1706901493
WALL 21232223 1 0 1706901494
WALL 21232223 1 0 1706901495
WALL 21232223 1 0 1706901496
WALL 21232223 1 0 1706901497
WALL 21232223 1 0 1706901498
WALL 21232223 1 0 1706901499
WALL 21232223 1 0 1706901500
WALL 21232223 1 0 1706901501
WALL 21232223 1 0 1706901502
WALL 21232223 1 0 1706901503
WALL 21232223 1 0 1706901504
WALL 21232223 1 0 1706901505
WALL 21232223 1 0 1706901506
WALL 21232223 1 0 1706901507
WALL 21232223 1 0 1706901508
WALL 21232223 1 0 1706901509
WALL 21232223 1 0 1706901510
WALL 21232223 1 0 1706901511
WALL 21232223 1 0 1706901512
WALL 21232223 1 0 1706901513
WALL 21232223 1 0 1706901514
WALL 21232223 1 0 1706901515
WALL 21232223 1 0 1706901516
WALL 21232223 1 0 1706901517
WALL 21232223 1 0 1706901518
WALL 21232223 1 0 1706901519
WALL 21232223 1 0 1706901520
WALL 21232223 1 0 1706901521
WALL 21232223 1 0 1706901522
WALL 21232223 1 0 1706901523
WALL 21232223 1 0 1706901524
WALL 21232223 1 0 1706901525
WALL 21232223 1 0 1706901526
WALL 21232223 1 0 1706901527
WALL 21232223 1 0 1706901528
WALL 21232223 1 0 1706901529
WALL 21232223 1 0 1706901530
WALL 21232223 1 0 1706901531
WALL 21232223 1 0 1706901532
WALL 21232223 1 0 1706901533
WALL 21232223 1 0 1706901534
WALL 21232223 1 0 1706901535
WALL 21232223 1 0 1706901536
WALL 21232223 1 0 1706901537
WALL 21232223 1 0 1706901538
WALL 21232223 1 0 1706901539
WALL 21232223 1 0 1706901540
WALL 21232223 1 0 1706901541
WALL 21232223 1 0 1706901542
WALL 21232223 1 0 1706901543
WALL 21232223 1 0 1706901544
WALL 21232223 1 0 1706901545
WALL 21232223 1 0 1706901546
WALL 21232223 1 0 1706901547
WALL 21232223 1 0 1706901548
WALL 21232223 1 0 1706901549
WALL 21232223 1 0 1706901550
WALL 21232223 1 0 1706901551
WALL 21232223 1 0 1706901552
WALL 21232223 1 0 1706901553
WALL 21232223 1 0 1706901554
WALL 21232223 1 0 1706901555
WALL 21232223 1 0 1706901556
WALL 21232223 1 0 1706901557
WALL 21232223 1 0 1706901558
WALL 21232223 1 0 1706901559
WALL 21232223 1 0 1706901560
WALL 21232223 1 0 1706901561
WALL 21232223 1 0 1706901562
WALL 21232223 1 0 1706901563
WALL 21232223 1 0 1706901564
WALL 21232223 1 0 1706901565
WALL 21232223 1 0 1706901566
WALL 21232223 1 0 1706901567
WALL 21232223 1 0 1706901568
WALL 21232223 1 0 1706901569
WALL 21232223 1 0 1706901570
WALL 21232223 1 0 1706901571
WALL 21232223 1 0 1706901572
WALL 21232223 1 0 1706901573
WALL 21232223 1 0 1706901574
WALL 21232223 1 0 1706901575
WALL 21232223 1 0 1706901576
WALL 21232223 1 0 1706901577
WALL 21232223 1 0 1706901578
WALL 21232223 1 0 1706901579
WALL 21232223 1 0 1706901580
WALL 21232223 1 0 1706901581
WALL 21232223 1 0 1706901582
WALL 21232223 1 0 1706901583
WALL 21232223 1 0 1706901584
WALL 21232223 1 0 1706901585
WALL 21232223 1 0 1706901586
WALL 21232223 1 0 1706901587
WALL 21232223 1 0 1706901588
WALL 21232223 1 0 1706901589
WALL 21232223 1 0 1706901590
WALL 21232223 1 0 1706901591
WALL 21232223 1 0 1706901592
WALL 21232223 1 0 1706901593
WALL 21232223 1 0 1706901594
WALL 21232223 1 0 1706901595
WALL 21232223 1 0 1706901596
WALL 21232223 1 0 1706901597
WALL 21232223 1 0 1706901598
WALL 21232223 1 0 1706901599
WALL 21232223 1 0 1706901600
WALL 21232223 1 0 1706901601
WALL 21232223 1 0 1706901602
WALL 21232223 1 0 1706901603
WALL 21232223 1 0 1706901604
WALL 21232223 1 0 1706901605
WALL 21232223 1 0 1706901606
WALL 21232223 1 0 1706901607
WALL 21232223 1 0 1706901608
WALL 21232223 1 0 1706901609
WALL 21232223 1 0 1706901610
WALL 21232223 1 0 1706901611
WALL 21232223 1 0 1706901612
WALL 21232223 1 0 1706901613
WALL 21232223 1 0 1706901614
WALL 21232223 1 0 1706901615
WALL 21232223 1 0 1706901616
WALL 21232223 1 0 1706901617
WALL 21232223 1 0 1706901618
WALL 21232223 1 0 1706901619
WALL 21232223 1 0 1706901620
WALL 21232223 1 0 1706901621
slurmstepd: error: *** JOB 21232223 ON nid200035 CANCELLED AT 2024-02-02T19:20:21 DUE TO PREEMPTION ***
received SIGTERM 1706901621
WALL 21232223 1 0 1706901621
received SIGCONT 1706901621
WALL 21232223 1 0 1706901621
received SIGTERM 1706901621
WALL 21232223 1 0 1706901621
