WALL 21212354 1 0 1706834758
WALL 21212354 1 0 1706834759
WALL 21212354 1 0 1706834760
WALL 21212354 1 0 1706834761
WALL 21212354 1 0 1706834762
WALL 21212354 1 0 1706834763
WALL 21212354 1 0 1706834764
WALL 21212354 1 0 1706834765
WALL 21212354 1 0 1706834766
WALL 21212354 1 0 1706834767
WALL 21212354 1 0 1706834768
WALL 21212354 1 0 1706834769
WALL 21212354 1 0 1706834770
WALL 21212354 1 0 1706834771
WALL 21212354 1 0 1706834772
WALL 21212354 1 0 1706834773
WALL 21212354 1 0 1706834774
WALL 21212354 1 0 1706834775
WALL 21212354 1 0 1706834776
WALL 21212354 1 0 1706834777
WALL 21212354 1 0 1706834778
WALL 21212354 1 0 1706834779
WALL 21212354 1 0 1706834780
WALL 21212354 1 0 1706834781
WALL 21212354 1 0 1706834782
WALL 21212354 1 0 1706834783
WALL 21212354 1 0 1706834784
WALL 21212354 1 0 1706834785
WALL 21212354 1 0 1706834786
WALL 21212354 1 0 1706834787
WALL 21212354 1 0 1706834788
WALL 21212354 1 0 1706834789
WALL 21212354 1 0 1706834790
WALL 21212354 1 0 1706834791
WALL 21212354 1 0 1706834792
WALL 21212354 1 0 1706834793
WALL 21212354 1 0 1706834794
WALL 21212354 1 0 1706834795
WALL 21212354 1 0 1706834796
WALL 21212354 1 0 1706834797
WALL 21212354 1 0 1706834798
WALL 21212354 1 0 1706834799
WALL 21212354 1 0 1706834800
WALL 21212354 1 0 1706834801
WALL 21212354 1 0 1706834802
WALL 21212354 1 0 1706834803
WALL 21212354 1 0 1706834804
WALL 21212354 1 0 1706834805
WALL 21212354 1 0 1706834806
WALL 21212354 1 0 1706834807
WALL 21212354 1 0 1706834808
WALL 21212354 1 0 1706834809
WALL 21212354 1 0 1706834810
WALL 21212354 1 0 1706834811
WALL 21212354 1 0 1706834812
WALL 21212354 1 0 1706834813
WALL 21212354 1 0 1706834814
WALL 21212354 1 0 1706834815
WALL 21212354 1 0 1706834816
WALL 21212354 1 0 1706834817
WALL 21212354 1 0 1706834818
WALL 21212354 1 0 1706834819
WALL 21212354 1 0 1706834820
WALL 21212354 1 0 1706834821
WALL 21212354 1 0 1706834822
WALL 21212354 1 0 1706834823
WALL 21212354 1 0 1706834824
WALL 21212354 1 0 1706834825
WALL 21212354 1 0 1706834826
WALL 21212354 1 0 1706834827
WALL 21212354 1 0 1706834828
WALL 21212354 1 0 1706834829
WALL 21212354 1 0 1706834830
WALL 21212354 1 0 1706834831
WALL 21212354 1 0 1706834832
WALL 21212354 1 0 1706834833
WALL 21212354 1 0 1706834834
WALL 21212354 1 0 1706834835
WALL 21212354 1 0 1706834836
WALL 21212354 1 0 1706834837
WALL 21212354 1 0 1706834838
WALL 21212354 1 0 1706834839
WALL 21212354 1 0 1706834840
WALL 21212354 1 0 1706834841
WALL 21212354 1 0 1706834842
WALL 21212354 1 0 1706834843
WALL 21212354 1 0 1706834844
WALL 21212354 1 0 1706834845
WALL 21212354 1 0 1706834846
WALL 21212354 1 0 1706834847
WALL 21212354 1 0 1706834848
WALL 21212354 1 0 1706834849
WALL 21212354 1 0 1706834850
WALL 21212354 1 0 1706834851
WALL 21212354 1 0 1706834852
WALL 21212354 1 0 1706834853
WALL 21212354 1 0 1706834854
WALL 21212354 1 0 1706834855
WALL 21212354 1 0 1706834856
WALL 21212354 1 0 1706834857
WALL 21212354 1 0 1706834858
WALL 21212354 1 0 1706834859
WALL 21212354 1 0 1706834860
WALL 21212354 1 0 1706834861
WALL 21212354 1 0 1706834862
WALL 21212354 1 0 1706834863
WALL 21212354 1 0 1706834864
WALL 21212354 1 0 1706834865
WALL 21212354 1 0 1706834866
WALL 21212354 1 0 1706834867
WALL 21212354 1 0 1706834868
WALL 21212354 1 0 1706834869
WALL 21212354 1 0 1706834870
WALL 21212354 1 0 1706834871
WALL 21212354 1 0 1706834872
WALL 21212354 1 0 1706834873
WALL 21212354 1 0 1706834874
WALL 21212354 1 0 1706834875
WALL 21212354 1 0 1706834876
WALL 21212354 1 0 1706834877
WALL 21212354 1 0 1706834878
slurmstepd: error: *** STEP 21212354.0 ON nid200073 CANCELLED AT 2024-02-02T00:47:58 ***
received SIGCONT 1706834878
WALL 21212354 1 0 1706834878
received SIGTERM 1706834878
WALL 21212354 1 0 1706834878
WALL 21212354 1 0 1706834879
WALL 21212354 1 0 1706834880
WALL 21212354 1 0 1706834881
WALL 21212354 1 0 1706834882
WALL 21212354 1 0 1706834883
WALL 21212354 1 0 1706834884
WALL 21212354 1 0 1706834885
WALL 21212354 1 0 1706834886
WALL 21212354 1 0 1706834887
WALL 21212354 1 0 1706834888
WALL 21212354 1 0 1706834889
WALL 21212354 1 0 1706834890
WALL 21212354 1 0 1706834891
WALL 21212354 1 0 1706834892
WALL 21212354 1 0 1706834893
WALL 21212354 1 0 1706834894
WALL 21212354 1 0 1706834895
WALL 21212354 1 0 1706834896
WALL 21212354 1 0 1706834897
WALL 21212354 1 0 1706834898
WALL 21212354 1 0 1706834899
WALL 21212354 1 0 1706834900
WALL 21212354 1 0 1706834901
WALL 21212354 1 0 1706834902
WALL 21212354 1 0 1706834903
WALL 21212354 1 0 1706834904
WALL 21212354 1 0 1706834905
WALL 21212354 1 0 1706834906
WALL 21212354 1 0 1706834907
WALL 21212354 1 0 1706834908
WALL 21212354 1 0 1706834909
WALL 21212354 1 0 1706834910
WALL 21212354 1 0 1706834911
WALL 21212354 1 0 1706834912
WALL 21212354 1 0 1706834913
WALL 21212354 1 0 1706834914
WALL 21212354 1 0 1706834915
WALL 21212354 1 0 1706834916
WALL 21212354 1 0 1706834917
WALL 21212354 1 0 1706834918
WALL 21212354 1 0 1706834919
WALL 21212354 1 0 1706834920
WALL 21212354 1 0 1706834921
WALL 21212354 1 0 1706834922
WALL 21212354 1 0 1706834923
WALL 21212354 1 0 1706834924
WALL 21212354 1 0 1706834925
WALL 21212354 1 0 1706834926
WALL 21212354 1 0 1706834927
WALL 21212354 1 0 1706834928
WALL 21212354 1 0 1706834929
WALL 21212354 1 0 1706834930
WALL 21212354 1 0 1706834931
WALL 21212354 1 0 1706834932
WALL 21212354 1 0 1706834933
WALL 21212354 1 0 1706834934
WALL 21212354 1 0 1706834935
WALL 21212354 1 0 1706834936
WALL 21212354 1 0 1706834937
WALL 21212354 1 0 1706834938
WALL 21212354 1 0 1706834939
WALL 21212354 1 0 1706834940
WALL 21212354 1 0 1706834941
WALL 21212354 1 0 1706834942
WALL 21212354 1 0 1706834943
slurmstepd: error: *** JOB 21212354 ON nid200073 CANCELLED AT 2024-02-02T00:49:04 DUE TO PREEMPTION ***
received SIGTERM 1706834944
WALL 21212354 1 0 1706834944
received SIGCONT 1706834944
WALL 21212354 1 0 1706834944
received SIGTERM 1706834944
WALL 21212354 1 0 1706834944
