WALL 21148787 1 0 1706735438
WALL 21148787 1 0 1706735439
WALL 21148787 1 0 1706735440
WALL 21148787 1 0 1706735441
WALL 21148787 1 0 1706735442
WALL 21148787 1 0 1706735443
WALL 21148787 1 0 1706735444
WALL 21148787 1 0 1706735445
WALL 21148787 1 0 1706735446
WALL 21148787 1 0 1706735447
WALL 21148787 1 0 1706735448
WALL 21148787 1 0 1706735449
WALL 21148787 1 0 1706735450
WALL 21148787 1 0 1706735451
WALL 21148787 1 0 1706735452
WALL 21148787 1 0 1706735453
WALL 21148787 1 0 1706735454
WALL 21148787 1 0 1706735455
WALL 21148787 1 0 1706735456
WALL 21148787 1 0 1706735457
WALL 21148787 1 0 1706735458
WALL 21148787 1 0 1706735459
WALL 21148787 1 0 1706735460
WALL 21148787 1 0 1706735461
WALL 21148787 1 0 1706735462
WALL 21148787 1 0 1706735463
WALL 21148787 1 0 1706735464
WALL 21148787 1 0 1706735465
WALL 21148787 1 0 1706735466
WALL 21148787 1 0 1706735467
WALL 21148787 1 0 1706735468
WALL 21148787 1 0 1706735469
WALL 21148787 1 0 1706735470
WALL 21148787 1 0 1706735471
WALL 21148787 1 0 1706735472
WALL 21148787 1 0 1706735473
WALL 21148787 1 0 1706735474
WALL 21148787 1 0 1706735475
WALL 21148787 1 0 1706735476
WALL 21148787 1 0 1706735477
WALL 21148787 1 0 1706735478
WALL 21148787 1 0 1706735479
WALL 21148787 1 0 1706735480
WALL 21148787 1 0 1706735481
WALL 21148787 1 0 1706735482
WALL 21148787 1 0 1706735483
WALL 21148787 1 0 1706735484
WALL 21148787 1 0 1706735485
WALL 21148787 1 0 1706735486
WALL 21148787 1 0 1706735487
WALL 21148787 1 0 1706735488
WALL 21148787 1 0 1706735489
WALL 21148787 1 0 1706735490
WALL 21148787 1 0 1706735491
WALL 21148787 1 0 1706735492
WALL 21148787 1 0 1706735493
WALL 21148787 1 0 1706735494
WALL 21148787 1 0 1706735495
WALL 21148787 1 0 1706735496
WALL 21148787 1 0 1706735497
WALL 21148787 1 0 1706735498
WALL 21148787 1 0 1706735499
WALL 21148787 1 0 1706735500
WALL 21148787 1 0 1706735501
WALL 21148787 1 0 1706735502
WALL 21148787 1 0 1706735503
WALL 21148787 1 0 1706735504
WALL 21148787 1 0 1706735505
WALL 21148787 1 0 1706735506
WALL 21148787 1 0 1706735507
WALL 21148787 1 0 1706735508
WALL 21148787 1 0 1706735509
WALL 21148787 1 0 1706735510
WALL 21148787 1 0 1706735511
WALL 21148787 1 0 1706735512
WALL 21148787 1 0 1706735513
WALL 21148787 1 0 1706735514
WALL 21148787 1 0 1706735515
WALL 21148787 1 0 1706735516
WALL 21148787 1 0 1706735517
WALL 21148787 1 0 1706735518
WALL 21148787 1 0 1706735519
WALL 21148787 1 0 1706735520
WALL 21148787 1 0 1706735521
WALL 21148787 1 0 1706735522
WALL 21148787 1 0 1706735523
WALL 21148787 1 0 1706735524
WALL 21148787 1 0 1706735525
WALL 21148787 1 0 1706735526
WALL 21148787 1 0 1706735527
WALL 21148787 1 0 1706735528
WALL 21148787 1 0 1706735529
WALL 21148787 1 0 1706735530
WALL 21148787 1 0 1706735531
WALL 21148787 1 0 1706735532
WALL 21148787 1 0 1706735533
WALL 21148787 1 0 1706735534
WALL 21148787 1 0 1706735535
WALL 21148787 1 0 1706735536
WALL 21148787 1 0 1706735537
WALL 21148787 1 0 1706735538
WALL 21148787 1 0 1706735539
WALL 21148787 1 0 1706735540
WALL 21148787 1 0 1706735541
WALL 21148787 1 0 1706735542
WALL 21148787 1 0 1706735543
WALL 21148787 1 0 1706735544
WALL 21148787 1 0 1706735545
WALL 21148787 1 0 1706735546
WALL 21148787 1 0 1706735547
WALL 21148787 1 0 1706735548
WALL 21148787 1 0 1706735549
WALL 21148787 1 0 1706735550
WALL 21148787 1 0 1706735551
WALL 21148787 1 0 1706735552
WALL 21148787 1 0 1706735553
WALL 21148787 1 0 1706735554
WALL 21148787 1 0 1706735555
WALL 21148787 1 0 1706735556
WALL 21148787 1 0 1706735557
WALL 21148787 1 0 1706735558
WALL 21148787 1 0 1706735559
WALL 21148787 1 0 1706735560
WALL 21148787 1 0 1706735561
WALL 21148787 1 0 1706735562
WALL 21148787 1 0 1706735563
WALL 21148787 1 0 1706735564
WALL 21148787 1 0 1706735565
WALL 21148787 1 0 1706735566
WALL 21148787 1 0 1706735567
WALL 21148787 1 0 1706735568
WALL 21148787 1 0 1706735569
WALL 21148787 1 0 1706735570
WALL 21148787 1 0 1706735571
WALL 21148787 1 0 1706735572
WALL 21148787 1 0 1706735573
WALL 21148787 1 0 1706735574
WALL 21148787 1 0 1706735575
WALL 21148787 1 0 1706735576
WALL 21148787 1 0 1706735577
WALL 21148787 1 0 1706735578
WALL 21148787 1 0 1706735579
WALL 21148787 1 0 1706735580
WALL 21148787 1 0 1706735581
WALL 21148787 1 0 1706735582
WALL 21148787 1 0 1706735583
WALL 21148787 1 0 1706735584
WALL 21148787 1 0 1706735585
WALL 21148787 1 0 1706735586
WALL 21148787 1 0 1706735587
WALL 21148787 1 0 1706735588
WALL 21148787 1 0 1706735589
WALL 21148787 1 0 1706735590
WALL 21148787 1 0 1706735591
WALL 21148787 1 0 1706735592
WALL 21148787 1 0 1706735593
WALL 21148787 1 0 1706735594
WALL 21148787 1 0 1706735595
WALL 21148787 1 0 1706735596
WALL 21148787 1 0 1706735597
WALL 21148787 1 0 1706735598
WALL 21148787 1 0 1706735599
WALL 21148787 1 0 1706735600
WALL 21148787 1 0 1706735601
WALL 21148787 1 0 1706735602
WALL 21148787 1 0 1706735603
WALL 21148787 1 0 1706735604
WALL 21148787 1 0 1706735605
WALL 21148787 1 0 1706735606
WALL 21148787 1 0 1706735607
WALL 21148787 1 0 1706735608
WALL 21148787 1 0 1706735609
WALL 21148787 1 0 1706735610
WALL 21148787 1 0 1706735611
WALL 21148787 1 0 1706735612
WALL 21148787 1 0 1706735613
WALL 21148787 1 0 1706735614
WALL 21148787 1 0 1706735615
WALL 21148787 1 0 1706735616
WALL 21148787 1 0 1706735617
WALL 21148787 1 0 1706735618
WALL 21148787 1 0 1706735619
WALL 21148787 1 0 1706735620
WALL 21148787 1 0 1706735621
WALL 21148787 1 0 1706735622
WALL 21148787 1 0 1706735623
WALL 21148787 1 0 1706735624
WALL 21148787 1 0 1706735625
WALL 21148787 1 0 1706735626
WALL 21148787 1 0 1706735627
WALL 21148787 1 0 1706735628
WALL 21148787 1 0 1706735629
WALL 21148787 1 0 1706735630
WALL 21148787 1 0 1706735631
WALL 21148787 1 0 1706735632
WALL 21148787 1 0 1706735633
WALL 21148787 1 0 1706735634
WALL 21148787 1 0 1706735635
WALL 21148787 1 0 1706735636
WALL 21148787 1 0 1706735637
WALL 21148787 1 0 1706735638
WALL 21148787 1 0 1706735639
WALL 21148787 1 0 1706735640
WALL 21148787 1 0 1706735641
WALL 21148787 1 0 1706735642
WALL 21148787 1 0 1706735643
WALL 21148787 1 0 1706735644
WALL 21148787 1 0 1706735645
WALL 21148787 1 0 1706735646
WALL 21148787 1 0 1706735647
WALL 21148787 1 0 1706735648
WALL 21148787 1 0 1706735649
WALL 21148787 1 0 1706735650
WALL 21148787 1 0 1706735651
WALL 21148787 1 0 1706735652
WALL 21148787 1 0 1706735653
WALL 21148787 1 0 1706735654
WALL 21148787 1 0 1706735655
WALL 21148787 1 0 1706735656
WALL 21148787 1 0 1706735657
WALL 21148787 1 0 1706735658
WALL 21148787 1 0 1706735659
WALL 21148787 1 0 1706735660
WALL 21148787 1 0 1706735661
WALL 21148787 1 0 1706735662
WALL 21148787 1 0 1706735663
WALL 21148787 1 0 1706735664
WALL 21148787 1 0 1706735665
WALL 21148787 1 0 1706735666
WALL 21148787 1 0 1706735667
WALL 21148787 1 0 1706735668
WALL 21148787 1 0 1706735669
WALL 21148787 1 0 1706735670
WALL 21148787 1 0 1706735671
WALL 21148787 1 0 1706735672
WALL 21148787 1 0 1706735673
WALL 21148787 1 0 1706735674
WALL 21148787 1 0 1706735675
WALL 21148787 1 0 1706735676
WALL 21148787 1 0 1706735677
WALL 21148787 1 0 1706735678
WALL 21148787 1 0 1706735679
WALL 21148787 1 0 1706735680
WALL 21148787 1 0 1706735681
WALL 21148787 1 0 1706735682
WALL 21148787 1 0 1706735683
WALL 21148787 1 0 1706735684
WALL 21148787 1 0 1706735685
WALL 21148787 1 0 1706735686
WALL 21148787 1 0 1706735687
WALL 21148787 1 0 1706735688
WALL 21148787 1 0 1706735689
WALL 21148787 1 0 1706735690
WALL 21148787 1 0 1706735691
WALL 21148787 1 0 1706735692
WALL 21148787 1 0 1706735693
WALL 21148787 1 0 1706735694
WALL 21148787 1 0 1706735695
WALL 21148787 1 0 1706735696
WALL 21148787 1 0 1706735697
WALL 21148787 1 0 1706735698
WALL 21148787 1 0 1706735699
WALL 21148787 1 0 1706735700
WALL 21148787 1 0 1706735701
WALL 21148787 1 0 1706735702
WALL 21148787 1 0 1706735703
WALL 21148787 1 0 1706735704
WALL 21148787 1 0 1706735705
WALL 21148787 1 0 1706735706
WALL 21148787 1 0 1706735707
WALL 21148787 1 0 1706735708
WALL 21148787 1 0 1706735709
WALL 21148787 1 0 1706735710
WALL 21148787 1 0 1706735711
WALL 21148787 1 0 1706735712
WALL 21148787 1 0 1706735713
WALL 21148787 1 0 1706735714
WALL 21148787 1 0 1706735715
WALL 21148787 1 0 1706735716
WALL 21148787 1 0 1706735717
WALL 21148787 1 0 1706735718
WALL 21148787 1 0 1706735719
WALL 21148787 1 0 1706735720
WALL 21148787 1 0 1706735721
WALL 21148787 1 0 1706735722
WALL 21148787 1 0 1706735723
WALL 21148787 1 0 1706735724
WALL 21148787 1 0 1706735725
WALL 21148787 1 0 1706735726
WALL 21148787 1 0 1706735727
WALL 21148787 1 0 1706735728
WALL 21148787 1 0 1706735729
WALL 21148787 1 0 1706735730
WALL 21148787 1 0 1706735731
WALL 21148787 1 0 1706735732
WALL 21148787 1 0 1706735733
WALL 21148787 1 0 1706735734
WALL 21148787 1 0 1706735735
WALL 21148787 1 0 1706735736
WALL 21148787 1 0 1706735737
WALL 21148787 1 0 1706735738
WALL 21148787 1 0 1706735739
WALL 21148787 1 0 1706735740
WALL 21148787 1 0 1706735741
WALL 21148787 1 0 1706735742
WALL 21148787 1 0 1706735743
WALL 21148787 1 0 1706735744
WALL 21148787 1 0 1706735745
WALL 21148787 1 0 1706735746
WALL 21148787 1 0 1706735747
WALL 21148787 1 0 1706735748
WALL 21148787 1 0 1706735749
WALL 21148787 1 0 1706735750
WALL 21148787 1 0 1706735751
WALL 21148787 1 0 1706735752
WALL 21148787 1 0 1706735753
WALL 21148787 1 0 1706735754
WALL 21148787 1 0 1706735755
WALL 21148787 1 0 1706735756
WALL 21148787 1 0 1706735757
WALL 21148787 1 0 1706735758
WALL 21148787 1 0 1706735759
WALL 21148787 1 0 1706735760
WALL 21148787 1 0 1706735761
WALL 21148787 1 0 1706735762
WALL 21148787 1 0 1706735763
WALL 21148787 1 0 1706735764
WALL 21148787 1 0 1706735765
WALL 21148787 1 0 1706735766
WALL 21148787 1 0 1706735767
WALL 21148787 1 0 1706735768
WALL 21148787 1 0 1706735769
WALL 21148787 1 0 1706735770
WALL 21148787 1 0 1706735771
WALL 21148787 1 0 1706735772
WALL 21148787 1 0 1706735773
WALL 21148787 1 0 1706735774
WALL 21148787 1 0 1706735775
WALL 21148787 1 0 1706735776
WALL 21148787 1 0 1706735777
WALL 21148787 1 0 1706735778
WALL 21148787 1 0 1706735779
WALL 21148787 1 0 1706735780
WALL 21148787 1 0 1706735781
WALL 21148787 1 0 1706735782
WALL 21148787 1 0 1706735783
WALL 21148787 1 0 1706735784
WALL 21148787 1 0 1706735785
slurmstepd: error: *** STEP 21148787.0 ON nid200209 CANCELLED AT 2024-01-31T21:16:26 ***
received SIGTERM 1706735786
WALL 21148787 1 0 1706735786
received SIGCONT 1706735786
WALL 21148787 1 0 1706735786
WALL 21148787 1 0 1706735787
WALL 21148787 1 0 1706735788
WALL 21148787 1 0 1706735789
WALL 21148787 1 0 1706735790
WALL 21148787 1 0 1706735791
WALL 21148787 1 0 1706735792
WALL 21148787 1 0 1706735793
WALL 21148787 1 0 1706735794
WALL 21148787 1 0 1706735795
WALL 21148787 1 0 1706735796
WALL 21148787 1 0 1706735797
WALL 21148787 1 0 1706735798
WALL 21148787 1 0 1706735799
WALL 21148787 1 0 1706735800
WALL 21148787 1 0 1706735801
WALL 21148787 1 0 1706735802
WALL 21148787 1 0 1706735803
WALL 21148787 1 0 1706735804
WALL 21148787 1 0 1706735805
WALL 21148787 1 0 1706735806
WALL 21148787 1 0 1706735807
WALL 21148787 1 0 1706735808
WALL 21148787 1 0 1706735809
WALL 21148787 1 0 1706735810
WALL 21148787 1 0 1706735811
WALL 21148787 1 0 1706735812
WALL 21148787 1 0 1706735813
WALL 21148787 1 0 1706735814
WALL 21148787 1 0 1706735815
WALL 21148787 1 0 1706735816
WALL 21148787 1 0 1706735817
WALL 21148787 1 0 1706735818
WALL 21148787 1 0 1706735819
WALL 21148787 1 0 1706735820
WALL 21148787 1 0 1706735821
WALL 21148787 1 0 1706735822
WALL 21148787 1 0 1706735823
WALL 21148787 1 0 1706735824
WALL 21148787 1 0 1706735825
WALL 21148787 1 0 1706735826
WALL 21148787 1 0 1706735827
WALL 21148787 1 0 1706735828
WALL 21148787 1 0 1706735829
WALL 21148787 1 0 1706735830
WALL 21148787 1 0 1706735831
WALL 21148787 1 0 1706735832
WALL 21148787 1 0 1706735833
WALL 21148787 1 0 1706735834
WALL 21148787 1 0 1706735835
WALL 21148787 1 0 1706735836
WALL 21148787 1 0 1706735837
WALL 21148787 1 0 1706735838
WALL 21148787 1 0 1706735839
WALL 21148787 1 0 1706735840
WALL 21148787 1 0 1706735841
WALL 21148787 1 0 1706735842
WALL 21148787 1 0 1706735843
WALL 21148787 1 0 1706735844
WALL 21148787 1 0 1706735845
WALL 21148787 1 0 1706735846
WALL 21148787 1 0 1706735847
WALL 21148787 1 0 1706735848
WALL 21148787 1 0 1706735849
WALL 21148787 1 0 1706735850
WALL 21148787 1 0 1706735851
WALL 21148787 1 0 1706735852
WALL 21148787 1 0 1706735853
WALL 21148787 1 0 1706735854
WALL 21148787 1 0 1706735855
WALL 21148787 1 0 1706735856
WALL 21148787 1 0 1706735857
WALL 21148787 1 0 1706735858
WALL 21148787 1 0 1706735859
WALL 21148787 1 0 1706735860
WALL 21148787 1 0 1706735861
WALL 21148787 1 0 1706735862
WALL 21148787 1 0 1706735863
WALL 21148787 1 0 1706735864
srun: Job step aborted: Waiting up to 32 seconds for job step to finish.
slurmstepd: error: *** JOB 21148787 ON nid200209 CANCELLED AT 2024-01-31T21:17:44 DUE TO PREEMPTION ***
received SIGTERM 1706735864
WALL 21148787 1 0 1706735864
received SIGCONT 1706735864
WALL 21148787 1 0 1706735864
received SIGTERM 1706735864
WALL 21148787 1 0 1706735864
