WALL 21153352 1 0 1706742026
WALL 21153352 1 0 1706742027
WALL 21153352 1 0 1706742028
WALL 21153352 1 0 1706742029
WALL 21153352 1 0 1706742030
WALL 21153352 1 0 1706742031
WALL 21153352 1 0 1706742032
WALL 21153352 1 0 1706742033
WALL 21153352 1 0 1706742034
WALL 21153352 1 0 1706742035
WALL 21153352 1 0 1706742036
WALL 21153352 1 0 1706742037
WALL 21153352 1 0 1706742038
WALL 21153352 1 0 1706742039
WALL 21153352 1 0 1706742040
WALL 21153352 1 0 1706742041
WALL 21153352 1 0 1706742042
WALL 21153352 1 0 1706742043
WALL 21153352 1 0 1706742044
WALL 21153352 1 0 1706742045
WALL 21153352 1 0 1706742046
WALL 21153352 1 0 1706742047
WALL 21153352 1 0 1706742048
WALL 21153352 1 0 1706742049
WALL 21153352 1 0 1706742050
WALL 21153352 1 0 1706742051
WALL 21153352 1 0 1706742052
WALL 21153352 1 0 1706742053
WALL 21153352 1 0 1706742054
WALL 21153352 1 0 1706742055
WALL 21153352 1 0 1706742056
WALL 21153352 1 0 1706742057
WALL 21153352 1 0 1706742058
WALL 21153352 1 0 1706742059
WALL 21153352 1 0 1706742060
WALL 21153352 1 0 1706742061
WALL 21153352 1 0 1706742062
WALL 21153352 1 0 1706742063
WALL 21153352 1 0 1706742064
WALL 21153352 1 0 1706742065
WALL 21153352 1 0 1706742066
WALL 21153352 1 0 1706742067
WALL 21153352 1 0 1706742068
WALL 21153352 1 0 1706742069
WALL 21153352 1 0 1706742070
WALL 21153352 1 0 1706742071
WALL 21153352 1 0 1706742072
WALL 21153352 1 0 1706742073
WALL 21153352 1 0 1706742074
WALL 21153352 1 0 1706742075
WALL 21153352 1 0 1706742076
WALL 21153352 1 0 1706742077
WALL 21153352 1 0 1706742078
WALL 21153352 1 0 1706742079
WALL 21153352 1 0 1706742080
WALL 21153352 1 0 1706742081
WALL 21153352 1 0 1706742082
slurmstepd: error: *** STEP 21153352.0 ON nid200143 CANCELLED AT 2024-01-31T23:01:23 DUE TO PREEMPTION ***
slurmstepd: error: *** JOB 21153352 ON nid200143 CANCELLED AT 2024-01-31T23:01:23 DUE TO PREEMPTION ***
received SIGTERM 1706742083
WALL 21153352 1 0 1706742083
received SIGCONT 1706742083
WALL 21153352 1 0 1706742083
received SIGTERM 1706742083
WALL 21153352 1 0 1706742083
