srun: warning: can't run 1 processes on 4 nodes, setting nnodes to 1
WALL 21232212 1 0 1706900939
WALL 21232212 1 0 1706900940
WALL 21232212 1 0 1706900941
WALL 21232212 1 0 1706900942
WALL 21232212 1 0 1706900943
WALL 21232212 1 0 1706900944
WALL 21232212 1 0 1706900945
WALL 21232212 1 0 1706900946
WALL 21232212 1 0 1706900947
WALL 21232212 1 0 1706900948
WALL 21232212 1 0 1706900949
WALL 21232212 1 0 1706900950
WALL 21232212 1 0 1706900951
WALL 21232212 1 0 1706900952
WALL 21232212 1 0 1706900953
WALL 21232212 1 0 1706900954
WALL 21232212 1 0 1706900955
WALL 21232212 1 0 1706900956
WALL 21232212 1 0 1706900957
WALL 21232212 1 0 1706900958
WALL 21232212 1 0 1706900959
WALL 21232212 1 0 1706900960
WALL 21232212 1 0 1706900961
WALL 21232212 1 0 1706900962
WALL 21232212 1 0 1706900963
WALL 21232212 1 0 1706900964
WALL 21232212 1 0 1706900965
WALL 21232212 1 0 1706900966
WALL 21232212 1 0 1706900967
WALL 21232212 1 0 1706900968
WALL 21232212 1 0 1706900969
WALL 21232212 1 0 1706900970
WALL 21232212 1 0 1706900971
WALL 21232212 1 0 1706900972
WALL 21232212 1 0 1706900973
WALL 21232212 1 0 1706900974
WALL 21232212 1 0 1706900975
WALL 21232212 1 0 1706900976
WALL 21232212 1 0 1706900977
WALL 21232212 1 0 1706900978
WALL 21232212 1 0 1706900979
WALL 21232212 1 0 1706900980
WALL 21232212 1 0 1706900981
WALL 21232212 1 0 1706900982
WALL 21232212 1 0 1706900983
WALL 21232212 1 0 1706900984
WALL 21232212 1 0 1706900985
WALL 21232212 1 0 1706900986
WALL 21232212 1 0 1706900987
WALL 21232212 1 0 1706900988
WALL 21232212 1 0 1706900989
WALL 21232212 1 0 1706900990
WALL 21232212 1 0 1706900991
WALL 21232212 1 0 1706900992
WALL 21232212 1 0 1706900993
WALL 21232212 1 0 1706900994
WALL 21232212 1 0 1706900995
WALL 21232212 1 0 1706900996
WALL 21232212 1 0 1706900997
WALL 21232212 1 0 1706900998
WALL 21232212 1 0 1706900999
WALL 21232212 1 0 1706901000
WALL 21232212 1 0 1706901001
WALL 21232212 1 0 1706901002
WALL 21232212 1 0 1706901003
WALL 21232212 1 0 1706901004
WALL 21232212 1 0 1706901005
WALL 21232212 1 0 1706901006
WALL 21232212 1 0 1706901007
WALL 21232212 1 0 1706901008
WALL 21232212 1 0 1706901009
WALL 21232212 1 0 1706901010
WALL 21232212 1 0 1706901011
WALL 21232212 1 0 1706901012
WALL 21232212 1 0 1706901013
WALL 21232212 1 0 1706901014
WALL 21232212 1 0 1706901015
WALL 21232212 1 0 1706901016
WALL 21232212 1 0 1706901017
WALL 21232212 1 0 1706901018
WALL 21232212 1 0 1706901019
WALL 21232212 1 0 1706901020
WALL 21232212 1 0 1706901021
WALL 21232212 1 0 1706901022
WALL 21232212 1 0 1706901023
WALL 21232212 1 0 1706901024
WALL 21232212 1 0 1706901025
WALL 21232212 1 0 1706901026
WALL 21232212 1 0 1706901027
WALL 21232212 1 0 1706901028
WALL 21232212 1 0 1706901029
WALL 21232212 1 0 1706901030
WALL 21232212 1 0 1706901031
WALL 21232212 1 0 1706901032
WALL 21232212 1 0 1706901033
WALL 21232212 1 0 1706901034
WALL 21232212 1 0 1706901035
WALL 21232212 1 0 1706901036
WALL 21232212 1 0 1706901037
WALL 21232212 1 0 1706901038
WALL 21232212 1 0 1706901039
WALL 21232212 1 0 1706901040
WALL 21232212 1 0 1706901041
WALL 21232212 1 0 1706901042
WALL 21232212 1 0 1706901043
WALL 21232212 1 0 1706901044
WALL 21232212 1 0 1706901045
WALL 21232212 1 0 1706901046
WALL 21232212 1 0 1706901047
WALL 21232212 1 0 1706901048
WALL 21232212 1 0 1706901049
WALL 21232212 1 0 1706901050
WALL 21232212 1 0 1706901051
WALL 21232212 1 0 1706901052
WALL 21232212 1 0 1706901053
WALL 21232212 1 0 1706901054
WALL 21232212 1 0 1706901055
WALL 21232212 1 0 1706901056
WALL 21232212 1 0 1706901057
WALL 21232212 1 0 1706901058
WALL 21232212 1 0 1706901059
WALL 21232212 1 0 1706901060
WALL 21232212 1 0 1706901061
WALL 21232212 1 0 1706901062
WALL 21232212 1 0 1706901063
WALL 21232212 1 0 1706901064
WALL 21232212 1 0 1706901065
WALL 21232212 1 0 1706901066
WALL 21232212 1 0 1706901067
WALL 21232212 1 0 1706901068
WALL 21232212 1 0 1706901069
WALL 21232212 1 0 1706901070
WALL 21232212 1 0 1706901071
WALL 21232212 1 0 1706901072
WALL 21232212 1 0 1706901073
WALL 21232212 1 0 1706901074
WALL 21232212 1 0 1706901075
WALL 21232212 1 0 1706901076
WALL 21232212 1 0 1706901077
WALL 21232212 1 0 1706901078
WALL 21232212 1 0 1706901079
WALL 21232212 1 0 1706901080
WALL 21232212 1 0 1706901081
WALL 21232212 1 0 1706901082
WALL 21232212 1 0 1706901083
WALL 21232212 1 0 1706901084
WALL 21232212 1 0 1706901085
WALL 21232212 1 0 1706901086
WALL 21232212 1 0 1706901087
WALL 21232212 1 0 1706901088
WALL 21232212 1 0 1706901089
WALL 21232212 1 0 1706901090
WALL 21232212 1 0 1706901091
WALL 21232212 1 0 1706901092
WALL 21232212 1 0 1706901093
WALL 21232212 1 0 1706901094
WALL 21232212 1 0 1706901095
WALL 21232212 1 0 1706901096
WALL 21232212 1 0 1706901097
WALL 21232212 1 0 1706901098
WALL 21232212 1 0 1706901099
WALL 21232212 1 0 1706901100
WALL 21232212 1 0 1706901101
WALL 21232212 1 0 1706901102
WALL 21232212 1 0 1706901103
WALL 21232212 1 0 1706901104
WALL 21232212 1 0 1706901105
WALL 21232212 1 0 1706901106
WALL 21232212 1 0 1706901107
WALL 21232212 1 0 1706901108
WALL 21232212 1 0 1706901109
WALL 21232212 1 0 1706901110
WALL 21232212 1 0 1706901111
WALL 21232212 1 0 1706901112
WALL 21232212 1 0 1706901113
WALL 21232212 1 0 1706901114
WALL 21232212 1 0 1706901115
WALL 21232212 1 0 1706901116
WALL 21232212 1 0 1706901117
WALL 21232212 1 0 1706901118
WALL 21232212 1 0 1706901119
WALL 21232212 1 0 1706901120
WALL 21232212 1 0 1706901121
WALL 21232212 1 0 1706901122
WALL 21232212 1 0 1706901123
WALL 21232212 1 0 1706901124
WALL 21232212 1 0 1706901125
WALL 21232212 1 0 1706901126
WALL 21232212 1 0 1706901127
WALL 21232212 1 0 1706901128
WALL 21232212 1 0 1706901129
WALL 21232212 1 0 1706901130
WALL 21232212 1 0 1706901131
WALL 21232212 1 0 1706901132
WALL 21232212 1 0 1706901133
WALL 21232212 1 0 1706901134
WALL 21232212 1 0 1706901135
WALL 21232212 1 0 1706901136
WALL 21232212 1 0 1706901137
WALL 21232212 1 0 1706901138
WALL 21232212 1 0 1706901139
WALL 21232212 1 0 1706901140
WALL 21232212 1 0 1706901141
WALL 21232212 1 0 1706901142
WALL 21232212 1 0 1706901143
WALL 21232212 1 0 1706901144
WALL 21232212 1 0 1706901145
WALL 21232212 1 0 1706901146
WALL 21232212 1 0 1706901147
WALL 21232212 1 0 1706901148
WALL 21232212 1 0 1706901149
WALL 21232212 1 0 1706901150
WALL 21232212 1 0 1706901151
WALL 21232212 1 0 1706901152
WALL 21232212 1 0 1706901153
WALL 21232212 1 0 1706901154
WALL 21232212 1 0 1706901155
WALL 21232212 1 0 1706901156
WALL 21232212 1 0 1706901157
WALL 21232212 1 0 1706901158
WALL 21232212 1 0 1706901159
WALL 21232212 1 0 1706901160
WALL 21232212 1 0 1706901161
WALL 21232212 1 0 1706901162
WALL 21232212 1 0 1706901163
WALL 21232212 1 0 1706901164
WALL 21232212 1 0 1706901165
WALL 21232212 1 0 1706901166
WALL 21232212 1 0 1706901167
WALL 21232212 1 0 1706901168
WALL 21232212 1 0 1706901169
WALL 21232212 1 0 1706901170
WALL 21232212 1 0 1706901171
WALL 21232212 1 0 1706901172
WALL 21232212 1 0 1706901173
WALL 21232212 1 0 1706901174
WALL 21232212 1 0 1706901175
WALL 21232212 1 0 1706901176
WALL 21232212 1 0 1706901177
WALL 21232212 1 0 1706901178
WALL 21232212 1 0 1706901179
WALL 21232212 1 0 1706901180
WALL 21232212 1 0 1706901181
WALL 21232212 1 0 1706901182
WALL 21232212 1 0 1706901183
WALL 21232212 1 0 1706901184
WALL 21232212 1 0 1706901185
WALL 21232212 1 0 1706901186
WALL 21232212 1 0 1706901187
WALL 21232212 1 0 1706901188
WALL 21232212 1 0 1706901189
WALL 21232212 1 0 1706901190
WALL 21232212 1 0 1706901191
WALL 21232212 1 0 1706901192
WALL 21232212 1 0 1706901193
WALL 21232212 1 0 1706901194
WALL 21232212 1 0 1706901195
WALL 21232212 1 0 1706901196
WALL 21232212 1 0 1706901197
WALL 21232212 1 0 1706901198
WALL 21232212 1 0 1706901199
WALL 21232212 1 0 1706901200
WALL 21232212 1 0 1706901201
WALL 21232212 1 0 1706901202
WALL 21232212 1 0 1706901203
WALL 21232212 1 0 1706901204
WALL 21232212 1 0 1706901205
WALL 21232212 1 0 1706901206
WALL 21232212 1 0 1706901207
WALL 21232212 1 0 1706901208
WALL 21232212 1 0 1706901209
WALL 21232212 1 0 1706901210
WALL 21232212 1 0 1706901211
WALL 21232212 1 0 1706901212
WALL 21232212 1 0 1706901213
WALL 21232212 1 0 1706901214
WALL 21232212 1 0 1706901215
WALL 21232212 1 0 1706901216
WALL 21232212 1 0 1706901217
WALL 21232212 1 0 1706901218
WALL 21232212 1 0 1706901219
WALL 21232212 1 0 1706901220
WALL 21232212 1 0 1706901221
WALL 21232212 1 0 1706901222
WALL 21232212 1 0 1706901223
WALL 21232212 1 0 1706901224
WALL 21232212 1 0 1706901225
WALL 21232212 1 0 1706901226
WALL 21232212 1 0 1706901227
WALL 21232212 1 0 1706901228
WALL 21232212 1 0 1706901229
WALL 21232212 1 0 1706901230
WALL 21232212 1 0 1706901231
WALL 21232212 1 0 1706901232
WALL 21232212 1 0 1706901233
WALL 21232212 1 0 1706901234
WALL 21232212 1 0 1706901235
WALL 21232212 1 0 1706901236
WALL 21232212 1 0 1706901237
WALL 21232212 1 0 1706901238
WALL 21232212 1 0 1706901239
WALL 21232212 1 0 1706901240
WALL 21232212 1 0 1706901241
WALL 21232212 1 0 1706901242
WALL 21232212 1 0 1706901243
WALL 21232212 1 0 1706901244
