WALL 21203120 1 0 1706817646
WALL 21203120 1 0 1706817647
WALL 21203120 1 0 1706817648
WALL 21203120 1 0 1706817649
WALL 21203120 1 0 1706817650
WALL 21203120 1 0 1706817651
WALL 21203120 1 0 1706817652
WALL 21203120 1 0 1706817653
WALL 21203120 1 0 1706817654
WALL 21203120 1 0 1706817655
WALL 21203120 1 0 1706817656
WALL 21203120 1 0 1706817657
WALL 21203120 1 0 1706817658
WALL 21203120 1 0 1706817659
WALL 21203120 1 0 1706817660
WALL 21203120 1 0 1706817661
WALL 21203120 1 0 1706817662
WALL 21203120 1 0 1706817663
WALL 21203120 1 0 1706817664
WALL 21203120 1 0 1706817665
WALL 21203120 1 0 1706817666
WALL 21203120 1 0 1706817667
WALL 21203120 1 0 1706817668
WALL 21203120 1 0 1706817669
WALL 21203120 1 0 1706817670
WALL 21203120 1 0 1706817671
WALL 21203120 1 0 1706817672
WALL 21203120 1 0 1706817673
WALL 21203120 1 0 1706817674
WALL 21203120 1 0 1706817675
WALL 21203120 1 0 1706817676
WALL 21203120 1 0 1706817677
WALL 21203120 1 0 1706817678
WALL 21203120 1 0 1706817679
WALL 21203120 1 0 1706817680
WALL 21203120 1 0 1706817681
WALL 21203120 1 0 1706817682
WALL 21203120 1 0 1706817683
WALL 21203120 1 0 1706817684
WALL 21203120 1 0 1706817685
WALL 21203120 1 0 1706817686
WALL 21203120 1 0 1706817687
WALL 21203120 1 0 1706817688
WALL 21203120 1 0 1706817689
WALL 21203120 1 0 1706817690
WALL 21203120 1 0 1706817691
WALL 21203120 1 0 1706817692
WALL 21203120 1 0 1706817693
WALL 21203120 1 0 1706817694
WALL 21203120 1 0 1706817695
WALL 21203120 1 0 1706817696
WALL 21203120 1 0 1706817697
WALL 21203120 1 0 1706817698
WALL 21203120 1 0 1706817699
WALL 21203120 1 0 1706817700
WALL 21203120 1 0 1706817701
WALL 21203120 1 0 1706817702
WALL 21203120 1 0 1706817703
WALL 21203120 1 0 1706817704
WALL 21203120 1 0 1706817705
WALL 21203120 1 0 1706817706
WALL 21203120 1 0 1706817707
WALL 21203120 1 0 1706817708
WALL 21203120 1 0 1706817709
WALL 21203120 1 0 1706817710
WALL 21203120 1 0 1706817711
WALL 21203120 1 0 1706817712
WALL 21203120 1 0 1706817713
WALL 21203120 1 0 1706817714
WALL 21203120 1 0 1706817715
WALL 21203120 1 0 1706817716
WALL 21203120 1 0 1706817717
WALL 21203120 1 0 1706817718
WALL 21203120 1 0 1706817719
WALL 21203120 1 0 1706817720
WALL 21203120 1 0 1706817721
WALL 21203120 1 0 1706817722
WALL 21203120 1 0 1706817723
WALL 21203120 1 0 1706817724
WALL 21203120 1 0 1706817725
WALL 21203120 1 0 1706817726
WALL 21203120 1 0 1706817727
WALL 21203120 1 0 1706817728
WALL 21203120 1 0 1706817729
WALL 21203120 1 0 1706817730
WALL 21203120 1 0 1706817731
WALL 21203120 1 0 1706817732
WALL 21203120 1 0 1706817733
WALL 21203120 1 0 1706817734
WALL 21203120 1 0 1706817735
WALL 21203120 1 0 1706817736
WALL 21203120 1 0 1706817737
WALL 21203120 1 0 1706817738
WALL 21203120 1 0 1706817739
WALL 21203120 1 0 1706817740
WALL 21203120 1 0 1706817741
WALL 21203120 1 0 1706817742
WALL 21203120 1 0 1706817743
WALL 21203120 1 0 1706817744
WALL 21203120 1 0 1706817745
WALL 21203120 1 0 1706817746
WALL 21203120 1 0 1706817747
WALL 21203120 1 0 1706817748
WALL 21203120 1 0 1706817749
WALL 21203120 1 0 1706817750
WALL 21203120 1 0 1706817751
WALL 21203120 1 0 1706817752
WALL 21203120 1 0 1706817753
WALL 21203120 1 0 1706817754
WALL 21203120 1 0 1706817755
WALL 21203120 1 0 1706817756
WALL 21203120 1 0 1706817757
WALL 21203120 1 0 1706817758
WALL 21203120 1 0 1706817759
WALL 21203120 1 0 1706817760
WALL 21203120 1 0 1706817761
WALL 21203120 1 0 1706817762
WALL 21203120 1 0 1706817763
WALL 21203120 1 0 1706817764
WALL 21203120 1 0 1706817765
WALL 21203120 1 0 1706817766
WALL 21203120 1 0 1706817767
WALL 21203120 1 0 1706817768
WALL 21203120 1 0 1706817769
WALL 21203120 1 0 1706817770
WALL 21203120 1 0 1706817771
WALL 21203120 1 0 1706817772
WALL 21203120 1 0 1706817773
WALL 21203120 1 0 1706817774
WALL 21203120 1 0 1706817775
WALL 21203120 1 0 1706817776
WALL 21203120 1 0 1706817777
WALL 21203120 1 0 1706817778
WALL 21203120 1 0 1706817779
WALL 21203120 1 0 1706817780
WALL 21203120 1 0 1706817781
WALL 21203120 1 0 1706817782
WALL 21203120 1 0 1706817783
WALL 21203120 1 0 1706817784
WALL 21203120 1 0 1706817785
WALL 21203120 1 0 1706817786
WALL 21203120 1 0 1706817787
WALL 21203120 1 0 1706817788
WALL 21203120 1 0 1706817789
WALL 21203120 1 0 1706817790
WALL 21203120 1 0 1706817791
WALL 21203120 1 0 1706817792
WALL 21203120 1 0 1706817793
WALL 21203120 1 0 1706817794
WALL 21203120 1 0 1706817795
WALL 21203120 1 0 1706817796
WALL 21203120 1 0 1706817797
WALL 21203120 1 0 1706817798
WALL 21203120 1 0 1706817799
WALL 21203120 1 0 1706817800
WALL 21203120 1 0 1706817801
WALL 21203120 1 0 1706817802
WALL 21203120 1 0 1706817803
WALL 21203120 1 0 1706817804
WALL 21203120 1 0 1706817805
WALL 21203120 1 0 1706817806
WALL 21203120 1 0 1706817807
WALL 21203120 1 0 1706817808
WALL 21203120 1 0 1706817809
WALL 21203120 1 0 1706817810
WALL 21203120 1 0 1706817811
WALL 21203120 1 0 1706817812
WALL 21203120 1 0 1706817813
WALL 21203120 1 0 1706817814
WALL 21203120 1 0 1706817815
WALL 21203120 1 0 1706817816
WALL 21203120 1 0 1706817817
WALL 21203120 1 0 1706817818
WALL 21203120 1 0 1706817819
WALL 21203120 1 0 1706817820
WALL 21203120 1 0 1706817821
WALL 21203120 1 0 1706817822
WALL 21203120 1 0 1706817823
WALL 21203120 1 0 1706817824
WALL 21203120 1 0 1706817825
WALL 21203120 1 0 1706817826
WALL 21203120 1 0 1706817827
WALL 21203120 1 0 1706817828
WALL 21203120 1 0 1706817829
WALL 21203120 1 0 1706817830
received SIGCONT 1706817830
WALL 21203120 1 0 1706817830
slurmstepd: error: *** STEP 21203120.0 ON nid200073 CANCELLED AT 2024-02-01T20:03:50 ***
received SIGTERM 1706817830
WALL 21203120 1 0 1706817830
WALL 21203120 1 0 1706817831
WALL 21203120 1 0 1706817832
WALL 21203120 1 0 1706817833
WALL 21203120 1 0 1706817834
WALL 21203120 1 0 1706817835
WALL 21203120 1 0 1706817836
WALL 21203120 1 0 1706817837
WALL 21203120 1 0 1706817838
WALL 21203120 1 0 1706817839
WALL 21203120 1 0 1706817840
WALL 21203120 1 0 1706817841
WALL 21203120 1 0 1706817842
WALL 21203120 1 0 1706817843
WALL 21203120 1 0 1706817844
WALL 21203120 1 0 1706817845
WALL 21203120 1 0 1706817846
WALL 21203120 1 0 1706817847
WALL 21203120 1 0 1706817848
WALL 21203120 1 0 1706817849
WALL 21203120 1 0 1706817850
WALL 21203120 1 0 1706817851
WALL 21203120 1 0 1706817852
WALL 21203120 1 0 1706817853
WALL 21203120 1 0 1706817854
WALL 21203120 1 0 1706817855
WALL 21203120 1 0 1706817856
WALL 21203120 1 0 1706817857
WALL 21203120 1 0 1706817858
WALL 21203120 1 0 1706817859
WALL 21203120 1 0 1706817860
WALL 21203120 1 0 1706817861
WALL 21203120 1 0 1706817862
WALL 21203120 1 0 1706817863
WALL 21203120 1 0 1706817864
WALL 21203120 1 0 1706817865
WALL 21203120 1 0 1706817866
WALL 21203120 1 0 1706817867
WALL 21203120 1 0 1706817868
WALL 21203120 1 0 1706817869
WALL 21203120 1 0 1706817870
WALL 21203120 1 0 1706817871
WALL 21203120 1 0 1706817872
WALL 21203120 1 0 1706817873
WALL 21203120 1 0 1706817874
WALL 21203120 1 0 1706817875
WALL 21203120 1 0 1706817876
WALL 21203120 1 0 1706817877
WALL 21203120 1 0 1706817878
WALL 21203120 1 0 1706817879
WALL 21203120 1 0 1706817880
WALL 21203120 1 0 1706817881
WALL 21203120 1 0 1706817882
WALL 21203120 1 0 1706817883
WALL 21203120 1 0 1706817884
WALL 21203120 1 0 1706817885
WALL 21203120 1 0 1706817886
WALL 21203120 1 0 1706817887
WALL 21203120 1 0 1706817888
WALL 21203120 1 0 1706817889
WALL 21203120 1 0 1706817890
WALL 21203120 1 0 1706817891
WALL 21203120 1 0 1706817892
WALL 21203120 1 0 1706817893
WALL 21203120 1 0 1706817894
WALL 21203120 1 0 1706817895
WALL 21203120 1 0 1706817896
slurmstepd: error: *** JOB 21203120 ON nid200073 CANCELLED AT 2024-02-01T20:04:57 DUE TO PREEMPTION ***
received SIGTERM 1706817897
WALL 21203120 1 0 1706817897
received SIGCONT 1706817897
WALL 21203120 1 0 1706817897
received SIGTERM 1706817897
WALL 21203120 1 0 1706817897
