srun: warning: can't run 1 processes on 2 nodes, setting nnodes to 1
WALL 21198702 1 0 1706815470
WALL 21198702 1 0 1706815471
WALL 21198702 1 0 1706815472
WALL 21198702 1 0 1706815473
WALL 21198702 1 0 1706815474
WALL 21198702 1 0 1706815475
WALL 21198702 1 0 1706815476
WALL 21198702 1 0 1706815477
WALL 21198702 1 0 1706815478
WALL 21198702 1 0 1706815479
WALL 21198702 1 0 1706815480
WALL 21198702 1 0 1706815481
WALL 21198702 1 0 1706815482
WALL 21198702 1 0 1706815483
WALL 21198702 1 0 1706815484
WALL 21198702 1 0 1706815485
WALL 21198702 1 0 1706815486
WALL 21198702 1 0 1706815487
WALL 21198702 1 0 1706815488
WALL 21198702 1 0 1706815489
WALL 21198702 1 0 1706815490
WALL 21198702 1 0 1706815491
WALL 21198702 1 0 1706815492
WALL 21198702 1 0 1706815493
WALL 21198702 1 0 1706815494
WALL 21198702 1 0 1706815495
WALL 21198702 1 0 1706815496
WALL 21198702 1 0 1706815497
WALL 21198702 1 0 1706815498
WALL 21198702 1 0 1706815499
WALL 21198702 1 0 1706815500
WALL 21198702 1 0 1706815501
WALL 21198702 1 0 1706815502
WALL 21198702 1 0 1706815503
WALL 21198702 1 0 1706815504
WALL 21198702 1 0 1706815505
WALL 21198702 1 0 1706815506
WALL 21198702 1 0 1706815507
WALL 21198702 1 0 1706815508
WALL 21198702 1 0 1706815509
WALL 21198702 1 0 1706815510
WALL 21198702 1 0 1706815511
WALL 21198702 1 0 1706815512
WALL 21198702 1 0 1706815513
WALL 21198702 1 0 1706815514
WALL 21198702 1 0 1706815515
WALL 21198702 1 0 1706815516
WALL 21198702 1 0 1706815517
WALL 21198702 1 0 1706815518
WALL 21198702 1 0 1706815519
WALL 21198702 1 0 1706815520
WALL 21198702 1 0 1706815521
WALL 21198702 1 0 1706815522
WALL 21198702 1 0 1706815523
WALL 21198702 1 0 1706815524
WALL 21198702 1 0 1706815525
WALL 21198702 1 0 1706815526
WALL 21198702 1 0 1706815527
WALL 21198702 1 0 1706815528
WALL 21198702 1 0 1706815529
WALL 21198702 1 0 1706815530
WALL 21198702 1 0 1706815531
WALL 21198702 1 0 1706815532
WALL 21198702 1 0 1706815533
WALL 21198702 1 0 1706815534
WALL 21198702 1 0 1706815535
WALL 21198702 1 0 1706815536
WALL 21198702 1 0 1706815537
WALL 21198702 1 0 1706815538
WALL 21198702 1 0 1706815539
WALL 21198702 1 0 1706815540
WALL 21198702 1 0 1706815541
WALL 21198702 1 0 1706815542
WALL 21198702 1 0 1706815543
WALL 21198702 1 0 1706815544
WALL 21198702 1 0 1706815545
WALL 21198702 1 0 1706815546
WALL 21198702 1 0 1706815547
WALL 21198702 1 0 1706815548
WALL 21198702 1 0 1706815549
WALL 21198702 1 0 1706815550
WALL 21198702 1 0 1706815551
WALL 21198702 1 0 1706815552
WALL 21198702 1 0 1706815553
WALL 21198702 1 0 1706815554
WALL 21198702 1 0 1706815555
WALL 21198702 1 0 1706815556
WALL 21198702 1 0 1706815557
WALL 21198702 1 0 1706815558
WALL 21198702 1 0 1706815559
WALL 21198702 1 0 1706815560
WALL 21198702 1 0 1706815561
WALL 21198702 1 0 1706815562
WALL 21198702 1 0 1706815563
WALL 21198702 1 0 1706815564
WALL 21198702 1 0 1706815565
WALL 21198702 1 0 1706815566
WALL 21198702 1 0 1706815567
WALL 21198702 1 0 1706815568
WALL 21198702 1 0 1706815569
WALL 21198702 1 0 1706815570
WALL 21198702 1 0 1706815571
WALL 21198702 1 0 1706815572
WALL 21198702 1 0 1706815573
WALL 21198702 1 0 1706815574
WALL 21198702 1 0 1706815575
WALL 21198702 1 0 1706815576
WALL 21198702 1 0 1706815577
WALL 21198702 1 0 1706815578
WALL 21198702 1 0 1706815579
WALL 21198702 1 0 1706815580
WALL 21198702 1 0 1706815581
WALL 21198702 1 0 1706815582
WALL 21198702 1 0 1706815583
WALL 21198702 1 0 1706815584
WALL 21198702 1 0 1706815585
WALL 21198702 1 0 1706815586
WALL 21198702 1 0 1706815587
WALL 21198702 1 0 1706815588
WALL 21198702 1 0 1706815589
WALL 21198702 1 0 1706815590
WALL 21198702 1 0 1706815591
WALL 21198702 1 0 1706815592
WALL 21198702 1 0 1706815593
WALL 21198702 1 0 1706815594
WALL 21198702 1 0 1706815595
WALL 21198702 1 0 1706815596
WALL 21198702 1 0 1706815597
WALL 21198702 1 0 1706815598
WALL 21198702 1 0 1706815599
WALL 21198702 1 0 1706815600
WALL 21198702 1 0 1706815601
WALL 21198702 1 0 1706815602
WALL 21198702 1 0 1706815603
WALL 21198702 1 0 1706815604
WALL 21198702 1 0 1706815605
WALL 21198702 1 0 1706815606
WALL 21198702 1 0 1706815607
WALL 21198702 1 0 1706815608
WALL 21198702 1 0 1706815609
WALL 21198702 1 0 1706815610
WALL 21198702 1 0 1706815611
WALL 21198702 1 0 1706815612
WALL 21198702 1 0 1706815613
WALL 21198702 1 0 1706815614
WALL 21198702 1 0 1706815615
WALL 21198702 1 0 1706815616
WALL 21198702 1 0 1706815617
WALL 21198702 1 0 1706815618
WALL 21198702 1 0 1706815619
WALL 21198702 1 0 1706815620
WALL 21198702 1 0 1706815621
WALL 21198702 1 0 1706815622
WALL 21198702 1 0 1706815623
WALL 21198702 1 0 1706815624
WALL 21198702 1 0 1706815625
WALL 21198702 1 0 1706815626
WALL 21198702 1 0 1706815627
WALL 21198702 1 0 1706815628
WALL 21198702 1 0 1706815629
WALL 21198702 1 0 1706815630
WALL 21198702 1 0 1706815631
WALL 21198702 1 0 1706815632
WALL 21198702 1 0 1706815633
WALL 21198702 1 0 1706815634
WALL 21198702 1 0 1706815635
WALL 21198702 1 0 1706815636
WALL 21198702 1 0 1706815637
WALL 21198702 1 0 1706815638
WALL 21198702 1 0 1706815639
WALL 21198702 1 0 1706815640
WALL 21198702 1 0 1706815641
WALL 21198702 1 0 1706815642
WALL 21198702 1 0 1706815643
WALL 21198702 1 0 1706815644
WALL 21198702 1 0 1706815645
WALL 21198702 1 0 1706815646
WALL 21198702 1 0 1706815647
WALL 21198702 1 0 1706815648
WALL 21198702 1 0 1706815649
WALL 21198702 1 0 1706815650
WALL 21198702 1 0 1706815651
WALL 21198702 1 0 1706815652
WALL 21198702 1 0 1706815653
WALL 21198702 1 0 1706815654
WALL 21198702 1 0 1706815655
WALL 21198702 1 0 1706815656
WALL 21198702 1 0 1706815657
WALL 21198702 1 0 1706815658
WALL 21198702 1 0 1706815659
WALL 21198702 1 0 1706815660
WALL 21198702 1 0 1706815661
WALL 21198702 1 0 1706815662
WALL 21198702 1 0 1706815663
WALL 21198702 1 0 1706815664
WALL 21198702 1 0 1706815665
WALL 21198702 1 0 1706815666
WALL 21198702 1 0 1706815667
WALL 21198702 1 0 1706815668
WALL 21198702 1 0 1706815669
WALL 21198702 1 0 1706815670
WALL 21198702 1 0 1706815671
WALL 21198702 1 0 1706815672
WALL 21198702 1 0 1706815673
WALL 21198702 1 0 1706815674
WALL 21198702 1 0 1706815675
WALL 21198702 1 0 1706815676
WALL 21198702 1 0 1706815677
WALL 21198702 1 0 1706815678
WALL 21198702 1 0 1706815679
WALL 21198702 1 0 1706815680
WALL 21198702 1 0 1706815681
received SIGCONT 1706815681
WALL 21198702 1 0 1706815681
slurmstepd: error: *** STEP 21198702.0 ON nid200015 CANCELLED AT 2024-02-01T19:28:01 ***
received SIGTERM 1706815681
WALL 21198702 1 0 1706815681
WALL 21198702 1 0 1706815682
WALL 21198702 1 0 1706815683
WALL 21198702 1 0 1706815684
WALL 21198702 1 0 1706815685
WALL 21198702 1 0 1706815686
WALL 21198702 1 0 1706815687
WALL 21198702 1 0 1706815688
WALL 21198702 1 0 1706815689
WALL 21198702 1 0 1706815690
WALL 21198702 1 0 1706815691
WALL 21198702 1 0 1706815692
WALL 21198702 1 0 1706815693
WALL 21198702 1 0 1706815694
WALL 21198702 1 0 1706815695
WALL 21198702 1 0 1706815696
WALL 21198702 1 0 1706815697
WALL 21198702 1 0 1706815698
WALL 21198702 1 0 1706815699
WALL 21198702 1 0 1706815700
WALL 21198702 1 0 1706815701
WALL 21198702 1 0 1706815702
WALL 21198702 1 0 1706815703
WALL 21198702 1 0 1706815704
WALL 21198702 1 0 1706815705
WALL 21198702 1 0 1706815706
WALL 21198702 1 0 1706815707
WALL 21198702 1 0 1706815708
WALL 21198702 1 0 1706815709
WALL 21198702 1 0 1706815710
WALL 21198702 1 0 1706815711
WALL 21198702 1 0 1706815712
WALL 21198702 1 0 1706815713
WALL 21198702 1 0 1706815714
WALL 21198702 1 0 1706815715
WALL 21198702 1 0 1706815716
WALL 21198702 1 0 1706815717
WALL 21198702 1 0 1706815718
WALL 21198702 1 0 1706815719
WALL 21198702 1 0 1706815720
WALL 21198702 1 0 1706815721
WALL 21198702 1 0 1706815722
WALL 21198702 1 0 1706815723
WALL 21198702 1 0 1706815724
WALL 21198702 1 0 1706815725
WALL 21198702 1 0 1706815726
WALL 21198702 1 0 1706815727
WALL 21198702 1 0 1706815728
WALL 21198702 1 0 1706815729
WALL 21198702 1 0 1706815730
WALL 21198702 1 0 1706815731
WALL 21198702 1 0 1706815732
WALL 21198702 1 0 1706815733
WALL 21198702 1 0 1706815734
WALL 21198702 1 0 1706815735
WALL 21198702 1 0 1706815736
WALL 21198702 1 0 1706815737
WALL 21198702 1 0 1706815738
WALL 21198702 1 0 1706815739
WALL 21198702 1 0 1706815740
WALL 21198702 1 0 1706815741
WALL 21198702 1 0 1706815742
WALL 21198702 1 0 1706815743
WALL 21198702 1 0 1706815744
WALL 21198702 1 0 1706815745
WALL 21198702 1 0 1706815746
WALL 21198702 1 0 1706815747
WALL 21198702 1 0 1706815748
WALL 21198702 1 0 1706815749
WALL 21198702 1 0 1706815750
WALL 21198702 1 0 1706815751
WALL 21198702 1 0 1706815752
WALL 21198702 1 0 1706815753
WALL 21198702 1 0 1706815754
WALL 21198702 1 0 1706815755
WALL 21198702 1 0 1706815756
WALL 21198702 1 0 1706815757
WALL 21198702 1 0 1706815758
WALL 21198702 1 0 1706815759
WALL 21198702 1 0 1706815760
WALL 21198702 1 0 1706815761
WALL 21198702 1 0 1706815762
WALL 21198702 1 0 1706815763
WALL 21198702 1 0 1706815764
WALL 21198702 1 0 1706815765
slurmstepd: error: *** JOB 21198702 ON nid200015 CANCELLED AT 2024-02-01T19:29:25 DUE TO PREEMPTION ***
received SIGTERM 1706815765
WALL 21198702 1 0 1706815765
received SIGCONT 1706815765
WALL 21198702 1 0 1706815765
received SIGTERM 1706815765
WALL 21198702 1 0 1706815765
