srun: warning: can't run 1 processes on 2 nodes, setting nnodes to 1
WALL 21206131 1 0 1706820138
WALL 21206131 1 0 1706820139
WALL 21206131 1 0 1706820140
WALL 21206131 1 0 1706820141
WALL 21206131 1 0 1706820142
WALL 21206131 1 0 1706820143
WALL 21206131 1 0 1706820144
WALL 21206131 1 0 1706820145
WALL 21206131 1 0 1706820146
WALL 21206131 1 0 1706820147
WALL 21206131 1 0 1706820148
WALL 21206131 1 0 1706820149
WALL 21206131 1 0 1706820150
WALL 21206131 1 0 1706820151
WALL 21206131 1 0 1706820152
WALL 21206131 1 0 1706820153
WALL 21206131 1 0 1706820154
WALL 21206131 1 0 1706820155
WALL 21206131 1 0 1706820156
WALL 21206131 1 0 1706820157
WALL 21206131 1 0 1706820158
WALL 21206131 1 0 1706820159
WALL 21206131 1 0 1706820160
WALL 21206131 1 0 1706820161
WALL 21206131 1 0 1706820162
WALL 21206131 1 0 1706820163
WALL 21206131 1 0 1706820164
WALL 21206131 1 0 1706820165
WALL 21206131 1 0 1706820166
WALL 21206131 1 0 1706820167
WALL 21206131 1 0 1706820168
WALL 21206131 1 0 1706820169
WALL 21206131 1 0 1706820170
WALL 21206131 1 0 1706820171
WALL 21206131 1 0 1706820172
WALL 21206131 1 0 1706820173
WALL 21206131 1 0 1706820174
WALL 21206131 1 0 1706820175
WALL 21206131 1 0 1706820176
WALL 21206131 1 0 1706820177
WALL 21206131 1 0 1706820178
WALL 21206131 1 0 1706820179
WALL 21206131 1 0 1706820180
WALL 21206131 1 0 1706820181
WALL 21206131 1 0 1706820182
WALL 21206131 1 0 1706820183
WALL 21206131 1 0 1706820184
WALL 21206131 1 0 1706820185
WALL 21206131 1 0 1706820186
WALL 21206131 1 0 1706820187
WALL 21206131 1 0 1706820188
WALL 21206131 1 0 1706820189
WALL 21206131 1 0 1706820190
WALL 21206131 1 0 1706820191
WALL 21206131 1 0 1706820192
WALL 21206131 1 0 1706820193
WALL 21206131 1 0 1706820194
WALL 21206131 1 0 1706820195
WALL 21206131 1 0 1706820196
WALL 21206131 1 0 1706820197
WALL 21206131 1 0 1706820198
WALL 21206131 1 0 1706820199
WALL 21206131 1 0 1706820200
WALL 21206131 1 0 1706820201
WALL 21206131 1 0 1706820202
WALL 21206131 1 0 1706820203
WALL 21206131 1 0 1706820204
WALL 21206131 1 0 1706820205
WALL 21206131 1 0 1706820206
WALL 21206131 1 0 1706820207
WALL 21206131 1 0 1706820208
WALL 21206131 1 0 1706820209
WALL 21206131 1 0 1706820210
WALL 21206131 1 0 1706820211
WALL 21206131 1 0 1706820212
WALL 21206131 1 0 1706820213
WALL 21206131 1 0 1706820214
WALL 21206131 1 0 1706820215
WALL 21206131 1 0 1706820216
WALL 21206131 1 0 1706820217
WALL 21206131 1 0 1706820218
WALL 21206131 1 0 1706820219
WALL 21206131 1 0 1706820220
WALL 21206131 1 0 1706820221
WALL 21206131 1 0 1706820222
WALL 21206131 1 0 1706820223
WALL 21206131 1 0 1706820224
WALL 21206131 1 0 1706820225
WALL 21206131 1 0 1706820226
WALL 21206131 1 0 1706820227
WALL 21206131 1 0 1706820228
WALL 21206131 1 0 1706820229
WALL 21206131 1 0 1706820230
WALL 21206131 1 0 1706820231
WALL 21206131 1 0 1706820232
WALL 21206131 1 0 1706820233
WALL 21206131 1 0 1706820234
WALL 21206131 1 0 1706820235
WALL 21206131 1 0 1706820236
WALL 21206131 1 0 1706820237
WALL 21206131 1 0 1706820238
WALL 21206131 1 0 1706820239
WALL 21206131 1 0 1706820240
WALL 21206131 1 0 1706820241
WALL 21206131 1 0 1706820242
WALL 21206131 1 0 1706820243
WALL 21206131 1 0 1706820244
WALL 21206131 1 0 1706820245
WALL 21206131 1 0 1706820246
WALL 21206131 1 0 1706820247
WALL 21206131 1 0 1706820248
WALL 21206131 1 0 1706820249
WALL 21206131 1 0 1706820250
WALL 21206131 1 0 1706820251
WALL 21206131 1 0 1706820252
WALL 21206131 1 0 1706820253
WALL 21206131 1 0 1706820254
WALL 21206131 1 0 1706820255
WALL 21206131 1 0 1706820256
WALL 21206131 1 0 1706820257
WALL 21206131 1 0 1706820258
WALL 21206131 1 0 1706820259
WALL 21206131 1 0 1706820260
WALL 21206131 1 0 1706820261
WALL 21206131 1 0 1706820262
WALL 21206131 1 0 1706820263
WALL 21206131 1 0 1706820264
WALL 21206131 1 0 1706820265
WALL 21206131 1 0 1706820266
WALL 21206131 1 0 1706820267
WALL 21206131 1 0 1706820268
WALL 21206131 1 0 1706820269
WALL 21206131 1 0 1706820270
WALL 21206131 1 0 1706820271
WALL 21206131 1 0 1706820272
WALL 21206131 1 0 1706820273
WALL 21206131 1 0 1706820274
WALL 21206131 1 0 1706820275
WALL 21206131 1 0 1706820276
WALL 21206131 1 0 1706820277
WALL 21206131 1 0 1706820278
WALL 21206131 1 0 1706820279
WALL 21206131 1 0 1706820280
WALL 21206131 1 0 1706820281
WALL 21206131 1 0 1706820282
WALL 21206131 1 0 1706820283
WALL 21206131 1 0 1706820284
WALL 21206131 1 0 1706820285
WALL 21206131 1 0 1706820286
WALL 21206131 1 0 1706820287
WALL 21206131 1 0 1706820288
WALL 21206131 1 0 1706820289
WALL 21206131 1 0 1706820290
WALL 21206131 1 0 1706820291
WALL 21206131 1 0 1706820292
WALL 21206131 1 0 1706820293
WALL 21206131 1 0 1706820294
WALL 21206131 1 0 1706820295
WALL 21206131 1 0 1706820296
WALL 21206131 1 0 1706820297
WALL 21206131 1 0 1706820298
WALL 21206131 1 0 1706820299
WALL 21206131 1 0 1706820300
WALL 21206131 1 0 1706820301
WALL 21206131 1 0 1706820302
WALL 21206131 1 0 1706820303
WALL 21206131 1 0 1706820304
WALL 21206131 1 0 1706820305
WALL 21206131 1 0 1706820306
WALL 21206131 1 0 1706820307
WALL 21206131 1 0 1706820308
WALL 21206131 1 0 1706820309
received SIGCONT 1706820310
WALL 21206131 1 0 1706820310
slurmstepd: error: *** STEP 21206131.0 ON nid200187 CANCELLED AT 2024-02-01T20:45:10 ***
received SIGTERM 1706820310
WALL 21206131 1 0 1706820310
WALL 21206131 1 0 1706820311
WALL 21206131 1 0 1706820312
WALL 21206131 1 0 1706820313
WALL 21206131 1 0 1706820314
WALL 21206131 1 0 1706820315
WALL 21206131 1 0 1706820316
WALL 21206131 1 0 1706820317
WALL 21206131 1 0 1706820318
WALL 21206131 1 0 1706820319
WALL 21206131 1 0 1706820320
WALL 21206131 1 0 1706820321
WALL 21206131 1 0 1706820322
WALL 21206131 1 0 1706820323
WALL 21206131 1 0 1706820324
WALL 21206131 1 0 1706820325
WALL 21206131 1 0 1706820326
WALL 21206131 1 0 1706820327
WALL 21206131 1 0 1706820328
WALL 21206131 1 0 1706820329
WALL 21206131 1 0 1706820330
WALL 21206131 1 0 1706820331
WALL 21206131 1 0 1706820332
WALL 21206131 1 0 1706820333
WALL 21206131 1 0 1706820334
WALL 21206131 1 0 1706820335
WALL 21206131 1 0 1706820336
WALL 21206131 1 0 1706820337
WALL 21206131 1 0 1706820338
WALL 21206131 1 0 1706820339
WALL 21206131 1 0 1706820340
WALL 21206131 1 0 1706820341
WALL 21206131 1 0 1706820342
WALL 21206131 1 0 1706820343
WALL 21206131 1 0 1706820344
WALL 21206131 1 0 1706820345
WALL 21206131 1 0 1706820346
WALL 21206131 1 0 1706820347
WALL 21206131 1 0 1706820348
WALL 21206131 1 0 1706820349
WALL 21206131 1 0 1706820350
WALL 21206131 1 0 1706820351
WALL 21206131 1 0 1706820352
WALL 21206131 1 0 1706820353
WALL 21206131 1 0 1706820354
WALL 21206131 1 0 1706820355
WALL 21206131 1 0 1706820356
WALL 21206131 1 0 1706820357
WALL 21206131 1 0 1706820358
WALL 21206131 1 0 1706820359
WALL 21206131 1 0 1706820360
WALL 21206131 1 0 1706820361
WALL 21206131 1 0 1706820362
WALL 21206131 1 0 1706820363
WALL 21206131 1 0 1706820364
WALL 21206131 1 0 1706820365
WALL 21206131 1 0 1706820366
WALL 21206131 1 0 1706820367
WALL 21206131 1 0 1706820368
WALL 21206131 1 0 1706820369
WALL 21206131 1 0 1706820370
WALL 21206131 1 0 1706820371
WALL 21206131 1 0 1706820372
WALL 21206131 1 0 1706820373
WALL 21206131 1 0 1706820374
slurmstepd: error: *** JOB 21206131 ON nid200187 CANCELLED AT 2024-02-01T20:46:14 DUE TO PREEMPTION ***
received SIGTERM 1706820374
WALL 21206131 1 0 1706820374
received SIGCONT 1706820374
WALL 21206131 1 0 1706820374
received SIGTERM 1706820374
WALL 21206131 1 0 1706820374
