WALL 21202056 1 0 1706817099
WALL 21202056 1 0 1706817100
WALL 21202056 1 0 1706817101
WALL 21202056 1 0 1706817102
WALL 21202056 1 0 1706817103
WALL 21202056 1 0 1706817104
WALL 21202056 1 0 1706817105
WALL 21202056 1 0 1706817106
WALL 21202056 1 0 1706817107
WALL 21202056 1 0 1706817108
WALL 21202056 1 0 1706817109
WALL 21202056 1 0 1706817110
WALL 21202056 1 0 1706817111
WALL 21202056 1 0 1706817112
WALL 21202056 1 0 1706817113
WALL 21202056 1 0 1706817114
WALL 21202056 1 0 1706817115
WALL 21202056 1 0 1706817116
WALL 21202056 1 0 1706817117
WALL 21202056 1 0 1706817118
WALL 21202056 1 0 1706817119
WALL 21202056 1 0 1706817120
WALL 21202056 1 0 1706817121
WALL 21202056 1 0 1706817122
WALL 21202056 1 0 1706817123
WALL 21202056 1 0 1706817124
WALL 21202056 1 0 1706817125
WALL 21202056 1 0 1706817126
WALL 21202056 1 0 1706817127
WALL 21202056 1 0 1706817128
WALL 21202056 1 0 1706817129
WALL 21202056 1 0 1706817130
WALL 21202056 1 0 1706817131
WALL 21202056 1 0 1706817132
WALL 21202056 1 0 1706817133
WALL 21202056 1 0 1706817134
WALL 21202056 1 0 1706817135
WALL 21202056 1 0 1706817136
WALL 21202056 1 0 1706817137
WALL 21202056 1 0 1706817138
WALL 21202056 1 0 1706817139
WALL 21202056 1 0 1706817140
WALL 21202056 1 0 1706817141
WALL 21202056 1 0 1706817142
WALL 21202056 1 0 1706817143
WALL 21202056 1 0 1706817144
WALL 21202056 1 0 1706817145
WALL 21202056 1 0 1706817146
WALL 21202056 1 0 1706817147
WALL 21202056 1 0 1706817148
WALL 21202056 1 0 1706817149
WALL 21202056 1 0 1706817150
WALL 21202056 1 0 1706817151
WALL 21202056 1 0 1706817152
WALL 21202056 1 0 1706817153
WALL 21202056 1 0 1706817154
WALL 21202056 1 0 1706817155
WALL 21202056 1 0 1706817156
WALL 21202056 1 0 1706817157
WALL 21202056 1 0 1706817158
WALL 21202056 1 0 1706817159
WALL 21202056 1 0 1706817160
WALL 21202056 1 0 1706817161
WALL 21202056 1 0 1706817162
WALL 21202056 1 0 1706817163
WALL 21202056 1 0 1706817164
WALL 21202056 1 0 1706817165
WALL 21202056 1 0 1706817166
WALL 21202056 1 0 1706817167
WALL 21202056 1 0 1706817168
WALL 21202056 1 0 1706817169
WALL 21202056 1 0 1706817170
WALL 21202056 1 0 1706817171
WALL 21202056 1 0 1706817172
WALL 21202056 1 0 1706817173
WALL 21202056 1 0 1706817174
WALL 21202056 1 0 1706817175
WALL 21202056 1 0 1706817176
WALL 21202056 1 0 1706817177
WALL 21202056 1 0 1706817178
WALL 21202056 1 0 1706817179
WALL 21202056 1 0 1706817180
WALL 21202056 1 0 1706817181
WALL 21202056 1 0 1706817182
WALL 21202056 1 0 1706817183
WALL 21202056 1 0 1706817184
WALL 21202056 1 0 1706817185
WALL 21202056 1 0 1706817186
WALL 21202056 1 0 1706817187
WALL 21202056 1 0 1706817188
WALL 21202056 1 0 1706817189
WALL 21202056 1 0 1706817190
WALL 21202056 1 0 1706817191
WALL 21202056 1 0 1706817192
WALL 21202056 1 0 1706817193
WALL 21202056 1 0 1706817194
WALL 21202056 1 0 1706817195
WALL 21202056 1 0 1706817196
WALL 21202056 1 0 1706817197
WALL 21202056 1 0 1706817198
WALL 21202056 1 0 1706817199
WALL 21202056 1 0 1706817200
WALL 21202056 1 0 1706817201
WALL 21202056 1 0 1706817202
WALL 21202056 1 0 1706817203
WALL 21202056 1 0 1706817204
WALL 21202056 1 0 1706817205
WALL 21202056 1 0 1706817206
WALL 21202056 1 0 1706817207
WALL 21202056 1 0 1706817208
WALL 21202056 1 0 1706817209
WALL 21202056 1 0 1706817210
WALL 21202056 1 0 1706817211
WALL 21202056 1 0 1706817212
WALL 21202056 1 0 1706817213
WALL 21202056 1 0 1706817214
WALL 21202056 1 0 1706817215
WALL 21202056 1 0 1706817216
WALL 21202056 1 0 1706817217
WALL 21202056 1 0 1706817218
WALL 21202056 1 0 1706817219
WALL 21202056 1 0 1706817220
WALL 21202056 1 0 1706817221
WALL 21202056 1 0 1706817222
WALL 21202056 1 0 1706817223
WALL 21202056 1 0 1706817224
WALL 21202056 1 0 1706817225
WALL 21202056 1 0 1706817226
WALL 21202056 1 0 1706817227
WALL 21202056 1 0 1706817228
WALL 21202056 1 0 1706817229
WALL 21202056 1 0 1706817230
WALL 21202056 1 0 1706817231
WALL 21202056 1 0 1706817232
WALL 21202056 1 0 1706817233
WALL 21202056 1 0 1706817234
WALL 21202056 1 0 1706817235
WALL 21202056 1 0 1706817236
WALL 21202056 1 0 1706817237
WALL 21202056 1 0 1706817238
WALL 21202056 1 0 1706817239
WALL 21202056 1 0 1706817240
WALL 21202056 1 0 1706817241
WALL 21202056 1 0 1706817242
WALL 21202056 1 0 1706817243
WALL 21202056 1 0 1706817244
WALL 21202056 1 0 1706817245
WALL 21202056 1 0 1706817246
WALL 21202056 1 0 1706817247
WALL 21202056 1 0 1706817248
WALL 21202056 1 0 1706817249
WALL 21202056 1 0 1706817250
WALL 21202056 1 0 1706817251
WALL 21202056 1 0 1706817252
WALL 21202056 1 0 1706817253
WALL 21202056 1 0 1706817254
WALL 21202056 1 0 1706817255
WALL 21202056 1 0 1706817256
WALL 21202056 1 0 1706817257
WALL 21202056 1 0 1706817258
WALL 21202056 1 0 1706817259
WALL 21202056 1 0 1706817260
WALL 21202056 1 0 1706817261
WALL 21202056 1 0 1706817262
WALL 21202056 1 0 1706817263
WALL 21202056 1 0 1706817264
WALL 21202056 1 0 1706817265
WALL 21202056 1 0 1706817266
WALL 21202056 1 0 1706817267
WALL 21202056 1 0 1706817268
WALL 21202056 1 0 1706817269
WALL 21202056 1 0 1706817270
WALL 21202056 1 0 1706817271
WALL 21202056 1 0 1706817272
WALL 21202056 1 0 1706817273
WALL 21202056 1 0 1706817274
WALL 21202056 1 0 1706817275
WALL 21202056 1 0 1706817276
WALL 21202056 1 0 1706817277
WALL 21202056 1 0 1706817278
WALL 21202056 1 0 1706817279
WALL 21202056 1 0 1706817280
WALL 21202056 1 0 1706817281
WALL 21202056 1 0 1706817282
WALL 21202056 1 0 1706817283
WALL 21202056 1 0 1706817284
WALL 21202056 1 0 1706817285
WALL 21202056 1 0 1706817286
WALL 21202056 1 0 1706817287
WALL 21202056 1 0 1706817288
WALL 21202056 1 0 1706817289
WALL 21202056 1 0 1706817290
WALL 21202056 1 0 1706817291
WALL 21202056 1 0 1706817292
WALL 21202056 1 0 1706817293
WALL 21202056 1 0 1706817294
WALL 21202056 1 0 1706817295
WALL 21202056 1 0 1706817296
WALL 21202056 1 0 1706817297
WALL 21202056 1 0 1706817298
WALL 21202056 1 0 1706817299
WALL 21202056 1 0 1706817300
WALL 21202056 1 0 1706817301
WALL 21202056 1 0 1706817302
WALL 21202056 1 0 1706817303
WALL 21202056 1 0 1706817304
WALL 21202056 1 0 1706817305
WALL 21202056 1 0 1706817306
WALL 21202056 1 0 1706817307
WALL 21202056 1 0 1706817308
WALL 21202056 1 0 1706817309
WALL 21202056 1 0 1706817310
WALL 21202056 1 0 1706817311
WALL 21202056 1 0 1706817312
WALL 21202056 1 0 1706817313
WALL 21202056 1 0 1706817314
WALL 21202056 1 0 1706817315
WALL 21202056 1 0 1706817316
WALL 21202056 1 0 1706817317
WALL 21202056 1 0 1706817318
WALL 21202056 1 0 1706817319
WALL 21202056 1 0 1706817320
WALL 21202056 1 0 1706817321
WALL 21202056 1 0 1706817322
WALL 21202056 1 0 1706817323
WALL 21202056 1 0 1706817324
WALL 21202056 1 0 1706817325
WALL 21202056 1 0 1706817326
WALL 21202056 1 0 1706817327
WALL 21202056 1 0 1706817328
WALL 21202056 1 0 1706817329
WALL 21202056 1 0 1706817330
WALL 21202056 1 0 1706817331
WALL 21202056 1 0 1706817332
WALL 21202056 1 0 1706817333
WALL 21202056 1 0 1706817334
WALL 21202056 1 0 1706817335
WALL 21202056 1 0 1706817336
WALL 21202056 1 0 1706817337
WALL 21202056 1 0 1706817338
WALL 21202056 1 0 1706817339
WALL 21202056 1 0 1706817340
WALL 21202056 1 0 1706817341
WALL 21202056 1 0 1706817342
WALL 21202056 1 0 1706817343
WALL 21202056 1 0 1706817344
WALL 21202056 1 0 1706817345
WALL 21202056 1 0 1706817346
WALL 21202056 1 0 1706817347
WALL 21202056 1 0 1706817348
WALL 21202056 1 0 1706817349
WALL 21202056 1 0 1706817350
WALL 21202056 1 0 1706817351
WALL 21202056 1 0 1706817352
WALL 21202056 1 0 1706817353
WALL 21202056 1 0 1706817354
WALL 21202056 1 0 1706817355
WALL 21202056 1 0 1706817356
WALL 21202056 1 0 1706817357
WALL 21202056 1 0 1706817358
WALL 21202056 1 0 1706817359
WALL 21202056 1 0 1706817360
WALL 21202056 1 0 1706817361
WALL 21202056 1 0 1706817362
WALL 21202056 1 0 1706817363
WALL 21202056 1 0 1706817364
WALL 21202056 1 0 1706817365
WALL 21202056 1 0 1706817366
WALL 21202056 1 0 1706817367
WALL 21202056 1 0 1706817368
WALL 21202056 1 0 1706817369
WALL 21202056 1 0 1706817370
WALL 21202056 1 0 1706817371
WALL 21202056 1 0 1706817372
WALL 21202056 1 0 1706817373
WALL 21202056 1 0 1706817374
WALL 21202056 1 0 1706817375
WALL 21202056 1 0 1706817376
WALL 21202056 1 0 1706817377
WALL 21202056 1 0 1706817378
WALL 21202056 1 0 1706817379
WALL 21202056 1 0 1706817380
WALL 21202056 1 0 1706817381
WALL 21202056 1 0 1706817382
WALL 21202056 1 0 1706817383
WALL 21202056 1 0 1706817384
WALL 21202056 1 0 1706817385
WALL 21202056 1 0 1706817386
WALL 21202056 1 0 1706817387
WALL 21202056 1 0 1706817388
WALL 21202056 1 0 1706817389
WALL 21202056 1 0 1706817390
WALL 21202056 1 0 1706817391
WALL 21202056 1 0 1706817392
WALL 21202056 1 0 1706817393
WALL 21202056 1 0 1706817394
WALL 21202056 1 0 1706817395
WALL 21202056 1 0 1706817396
WALL 21202056 1 0 1706817397
WALL 21202056 1 0 1706817398
WALL 21202056 1 0 1706817399
WALL 21202056 1 0 1706817400
WALL 21202056 1 0 1706817401
WALL 21202056 1 0 1706817402
WALL 21202056 1 0 1706817403
WALL 21202056 1 0 1706817404
WALL 21202056 1 0 1706817405
WALL 21202056 1 0 1706817406
WALL 21202056 1 0 1706817407
WALL 21202056 1 0 1706817408
WALL 21202056 1 0 1706817409
WALL 21202056 1 0 1706817410
WALL 21202056 1 0 1706817411
received SIGCONT 1706817412
WALL 21202056 1 0 1706817412
slurmstepd: error: *** STEP 21202056.0 ON nid200010 CANCELLED AT 2024-02-01T19:56:52 ***
received SIGTERM 1706817412
WALL 21202056 1 0 1706817412
WALL 21202056 1 0 1706817413
WALL 21202056 1 0 1706817414
WALL 21202056 1 0 1706817415
WALL 21202056 1 0 1706817416
WALL 21202056 1 0 1706817417
WALL 21202056 1 0 1706817418
WALL 21202056 1 0 1706817419
WALL 21202056 1 0 1706817420
WALL 21202056 1 0 1706817421
WALL 21202056 1 0 1706817422
WALL 21202056 1 0 1706817423
WALL 21202056 1 0 1706817424
WALL 21202056 1 0 1706817425
WALL 21202056 1 0 1706817426
WALL 21202056 1 0 1706817427
WALL 21202056 1 0 1706817428
WALL 21202056 1 0 1706817429
WALL 21202056 1 0 1706817430
WALL 21202056 1 0 1706817431
WALL 21202056 1 0 1706817432
WALL 21202056 1 0 1706817433
WALL 21202056 1 0 1706817434
WALL 21202056 1 0 1706817435
WALL 21202056 1 0 1706817436
WALL 21202056 1 0 1706817437
WALL 21202056 1 0 1706817438
WALL 21202056 1 0 1706817439
WALL 21202056 1 0 1706817440
WALL 21202056 1 0 1706817441
WALL 21202056 1 0 1706817442
WALL 21202056 1 0 1706817443
WALL 21202056 1 0 1706817444
WALL 21202056 1 0 1706817445
WALL 21202056 1 0 1706817446
WALL 21202056 1 0 1706817447
WALL 21202056 1 0 1706817448
WALL 21202056 1 0 1706817449
WALL 21202056 1 0 1706817450
WALL 21202056 1 0 1706817451
WALL 21202056 1 0 1706817452
WALL 21202056 1 0 1706817453
WALL 21202056 1 0 1706817454
WALL 21202056 1 0 1706817455
WALL 21202056 1 0 1706817456
WALL 21202056 1 0 1706817457
WALL 21202056 1 0 1706817458
WALL 21202056 1 0 1706817459
WALL 21202056 1 0 1706817460
WALL 21202056 1 0 1706817461
WALL 21202056 1 0 1706817462
WALL 21202056 1 0 1706817463
WALL 21202056 1 0 1706817464
WALL 21202056 1 0 1706817465
WALL 21202056 1 0 1706817466
WALL 21202056 1 0 1706817467
WALL 21202056 1 0 1706817468
WALL 21202056 1 0 1706817469
WALL 21202056 1 0 1706817470
WALL 21202056 1 0 1706817471
WALL 21202056 1 0 1706817472
WALL 21202056 1 0 1706817473
WALL 21202056 1 0 1706817474
WALL 21202056 1 0 1706817475
WALL 21202056 1 0 1706817476
WALL 21202056 1 0 1706817477
WALL 21202056 1 0 1706817478
WALL 21202056 1 0 1706817479
WALL 21202056 1 0 1706817480
WALL 21202056 1 0 1706817481
WALL 21202056 1 0 1706817482
WALL 21202056 1 0 1706817483
WALL 21202056 1 0 1706817484
slurmstepd: error: *** JOB 21202056 ON nid200010 CANCELLED AT 2024-02-01T19:58:04 DUE TO PREEMPTION ***
received SIGTERM 1706817484
WALL 21202056 1 0 1706817484
received SIGCONT 1706817484
WALL 21202056 1 0 1706817484
received SIGTERM 1706817484
WALL 21202056 1 0 1706817484
