WALL 21197222 1 0 1706814322
WALL 21197222 1 0 1706814323
WALL 21197222 1 0 1706814324
WALL 21197222 1 0 1706814325
WALL 21197222 1 0 1706814326
WALL 21197222 1 0 1706814327
WALL 21197222 1 0 1706814328
WALL 21197222 1 0 1706814329
WALL 21197222 1 0 1706814330
WALL 21197222 1 0 1706814331
WALL 21197222 1 0 1706814332
WALL 21197222 1 0 1706814333
WALL 21197222 1 0 1706814334
WALL 21197222 1 0 1706814335
WALL 21197222 1 0 1706814336
WALL 21197222 1 0 1706814337
WALL 21197222 1 0 1706814338
WALL 21197222 1 0 1706814339
WALL 21197222 1 0 1706814340
WALL 21197222 1 0 1706814341
WALL 21197222 1 0 1706814342
WALL 21197222 1 0 1706814343
WALL 21197222 1 0 1706814344
WALL 21197222 1 0 1706814345
WALL 21197222 1 0 1706814346
WALL 21197222 1 0 1706814347
WALL 21197222 1 0 1706814348
WALL 21197222 1 0 1706814349
slurmstepd: error: *** STEP 21197222.0 ON nid200003 CANCELLED AT 2024-02-01T19:05:49 ***
received SIGTERM 1706814349
WALL 21197222 1 0 1706814349
received SIGCONT 1706814349
WALL 21197222 1 0 1706814349
WALL 21197222 1 0 1706814350
WALL 21197222 1 0 1706814351
WALL 21197222 1 0 1706814352
WALL 21197222 1 0 1706814353
WALL 21197222 1 0 1706814354
WALL 21197222 1 0 1706814355
WALL 21197222 1 0 1706814356
WALL 21197222 1 0 1706814357
WALL 21197222 1 0 1706814358
WALL 21197222 1 0 1706814359
WALL 21197222 1 0 1706814360
WALL 21197222 1 0 1706814361
WALL 21197222 1 0 1706814362
WALL 21197222 1 0 1706814363
WALL 21197222 1 0 1706814364
WALL 21197222 1 0 1706814365
WALL 21197222 1 0 1706814366
WALL 21197222 1 0 1706814367
WALL 21197222 1 0 1706814368
WALL 21197222 1 0 1706814369
WALL 21197222 1 0 1706814370
WALL 21197222 1 0 1706814371
WALL 21197222 1 0 1706814372
WALL 21197222 1 0 1706814373
WALL 21197222 1 0 1706814374
WALL 21197222 1 0 1706814375
WALL 21197222 1 0 1706814376
WALL 21197222 1 0 1706814377
WALL 21197222 1 0 1706814378
WALL 21197222 1 0 1706814379
WALL 21197222 1 0 1706814380
WALL 21197222 1 0 1706814381
WALL 21197222 1 0 1706814382
WALL 21197222 1 0 1706814383
WALL 21197222 1 0 1706814384
WALL 21197222 1 0 1706814385
WALL 21197222 1 0 1706814386
WALL 21197222 1 0 1706814387
WALL 21197222 1 0 1706814388
WALL 21197222 1 0 1706814389
WALL 21197222 1 0 1706814390
WALL 21197222 1 0 1706814391
WALL 21197222 1 0 1706814392
WALL 21197222 1 0 1706814393
WALL 21197222 1 0 1706814394
WALL 21197222 1 0 1706814395
WALL 21197222 1 0 1706814396
WALL 21197222 1 0 1706814397
WALL 21197222 1 0 1706814398
WALL 21197222 1 0 1706814399
WALL 21197222 1 0 1706814400
WALL 21197222 1 0 1706814401
WALL 21197222 1 0 1706814402
WALL 21197222 1 0 1706814403
WALL 21197222 1 0 1706814404
WALL 21197222 1 0 1706814405
WALL 21197222 1 0 1706814406
WALL 21197222 1 0 1706814407
WALL 21197222 1 0 1706814408
WALL 21197222 1 0 1706814409
WALL 21197222 1 0 1706814410
WALL 21197222 1 0 1706814411
WALL 21197222 1 0 1706814412
WALL 21197222 1 0 1706814413
WALL 21197222 1 0 1706814414
WALL 21197222 1 0 1706814415
WALL 21197222 1 0 1706814416
WALL 21197222 1 0 1706814417
WALL 21197222 1 0 1706814418
slurmstepd: error: *** JOB 21197222 ON nid200003 CANCELLED AT 2024-02-01T19:06:59 DUE TO PREEMPTION ***
received SIGTERM 1706814419
WALL 21197222 1 0 1706814419
received SIGCONT 1706814419
WALL 21197222 1 0 1706814419
received SIGTERM 1706814419
WALL 21197222 1 0 1706814419
