WALL 21089316 1 0 1706662257
WALL 21089316 1 0 1706662258
WALL 21089316 1 0 1706662259
WALL 21089316 1 0 1706662260
WALL 21089316 1 0 1706662261
WALL 21089316 1 0 1706662262
WALL 21089316 1 0 1706662263
WALL 21089316 1 0 1706662264
WALL 21089316 1 0 1706662265
WALL 21089316 1 0 1706662266
WALL 21089316 1 0 1706662267
WALL 21089316 1 0 1706662268
WALL 21089316 1 0 1706662269
WALL 21089316 1 0 1706662270
WALL 21089316 1 0 1706662271
WALL 21089316 1 0 1706662272
WALL 21089316 1 0 1706662273
WALL 21089316 1 0 1706662274
WALL 21089316 1 0 1706662275
WALL 21089316 1 0 1706662276
WALL 21089316 1 0 1706662277
WALL 21089316 1 0 1706662278
WALL 21089316 1 0 1706662279
WALL 21089316 1 0 1706662280
WALL 21089316 1 0 1706662281
WALL 21089316 1 0 1706662282
WALL 21089316 1 0 1706662283
WALL 21089316 1 0 1706662284
WALL 21089316 1 0 1706662285
WALL 21089316 1 0 1706662286
WALL 21089316 1 0 1706662287
WALL 21089316 1 0 1706662288
WALL 21089316 1 0 1706662289
WALL 21089316 1 0 1706662290
WALL 21089316 1 0 1706662291
WALL 21089316 1 0 1706662292
WALL 21089316 1 0 1706662293
WALL 21089316 1 0 1706662294
WALL 21089316 1 0 1706662295
WALL 21089316 1 0 1706662296
WALL 21089316 1 0 1706662297
WALL 21089316 1 0 1706662298
WALL 21089316 1 0 1706662299
WALL 21089316 1 0 1706662300
WALL 21089316 1 0 1706662301
WALL 21089316 1 0 1706662302
WALL 21089316 1 0 1706662303
WALL 21089316 1 0 1706662304
WALL 21089316 1 0 1706662305
WALL 21089316 1 0 1706662306
WALL 21089316 1 0 1706662307
WALL 21089316 1 0 1706662308
WALL 21089316 1 0 1706662309
WALL 21089316 1 0 1706662310
WALL 21089316 1 0 1706662311
WALL 21089316 1 0 1706662312
WALL 21089316 1 0 1706662313
WALL 21089316 1 0 1706662314
WALL 21089316 1 0 1706662315
WALL 21089316 1 0 1706662316
WALL 21089316 1 0 1706662317
WALL 21089316 1 0 1706662318
WALL 21089316 1 0 1706662319
WALL 21089316 1 0 1706662320
WALL 21089316 1 0 1706662321
WALL 21089316 1 0 1706662322
WALL 21089316 1 0 1706662323
WALL 21089316 1 0 1706662324
WALL 21089316 1 0 1706662325
WALL 21089316 1 0 1706662326
WALL 21089316 1 0 1706662327
WALL 21089316 1 0 1706662328
WALL 21089316 1 0 1706662329
WALL 21089316 1 0 1706662330
WALL 21089316 1 0 1706662331
WALL 21089316 1 0 1706662332
WALL 21089316 1 0 1706662333
WALL 21089316 1 0 1706662334
WALL 21089316 1 0 1706662335
WALL 21089316 1 0 1706662336
WALL 21089316 1 0 1706662337
WALL 21089316 1 0 1706662338
WALL 21089316 1 0 1706662339
WALL 21089316 1 0 1706662340
WALL 21089316 1 0 1706662341
WALL 21089316 1 0 1706662342
WALL 21089316 1 0 1706662343
WALL 21089316 1 0 1706662344
WALL 21089316 1 0 1706662345
WALL 21089316 1 0 1706662346
WALL 21089316 1 0 1706662347
WALL 21089316 1 0 1706662348
WALL 21089316 1 0 1706662349
slurmstepd: error: *** STEP 21089316.0 ON nid200197 CANCELLED AT 2024-01-31T00:52:29 ***
received SIGCONT 1706662349
WALL 21089316 1 0 1706662349
received SIGTERM 1706662349
WALL 21089316 1 0 1706662349
WALL 21089316 1 0 1706662350
WALL 21089316 1 0 1706662351
WALL 21089316 1 0 1706662352
WALL 21089316 1 0 1706662353
WALL 21089316 1 0 1706662354
WALL 21089316 1 0 1706662355
WALL 21089316 1 0 1706662356
WALL 21089316 1 0 1706662357
WALL 21089316 1 0 1706662358
WALL 21089316 1 0 1706662359
WALL 21089316 1 0 1706662360
WALL 21089316 1 0 1706662361
WALL 21089316 1 0 1706662362
WALL 21089316 1 0 1706662363
WALL 21089316 1 0 1706662364
WALL 21089316 1 0 1706662365
WALL 21089316 1 0 1706662366
WALL 21089316 1 0 1706662367
WALL 21089316 1 0 1706662368
WALL 21089316 1 0 1706662369
WALL 21089316 1 0 1706662370
WALL 21089316 1 0 1706662371
WALL 21089316 1 0 1706662372
WALL 21089316 1 0 1706662373
WALL 21089316 1 0 1706662374
WALL 21089316 1 0 1706662375
WALL 21089316 1 0 1706662376
WALL 21089316 1 0 1706662377
WALL 21089316 1 0 1706662378
WALL 21089316 1 0 1706662379
WALL 21089316 1 0 1706662380
WALL 21089316 1 0 1706662381
WALL 21089316 1 0 1706662382
WALL 21089316 1 0 1706662383
WALL 21089316 1 0 1706662384
WALL 21089316 1 0 1706662385
WALL 21089316 1 0 1706662386
WALL 21089316 1 0 1706662387
WALL 21089316 1 0 1706662388
WALL 21089316 1 0 1706662389
WALL 21089316 1 0 1706662390
WALL 21089316 1 0 1706662391
WALL 21089316 1 0 1706662392
WALL 21089316 1 0 1706662393
WALL 21089316 1 0 1706662394
WALL 21089316 1 0 1706662395
WALL 21089316 1 0 1706662396
WALL 21089316 1 0 1706662397
WALL 21089316 1 0 1706662398
WALL 21089316 1 0 1706662399
WALL 21089316 1 0 1706662400
WALL 21089316 1 0 1706662401
WALL 21089316 1 0 1706662402
WALL 21089316 1 0 1706662403
WALL 21089316 1 0 1706662404
WALL 21089316 1 0 1706662405
WALL 21089316 1 0 1706662406
WALL 21089316 1 0 1706662407
WALL 21089316 1 0 1706662408
WALL 21089316 1 0 1706662409
WALL 21089316 1 0 1706662410
WALL 21089316 1 0 1706662411
WALL 21089316 1 0 1706662412
WALL 21089316 1 0 1706662413
WALL 21089316 1 0 1706662414
WALL 21089316 1 0 1706662415
WALL 21089316 1 0 1706662416
WALL 21089316 1 0 1706662417
WALL 21089316 1 0 1706662418
WALL 21089316 1 0 1706662419
WALL 21089316 1 0 1706662420
WALL 21089316 1 0 1706662421
WALL 21089316 1 0 1706662422
WALL 21089316 1 0 1706662423
WALL 21089316 1 0 1706662424
WALL 21089316 1 0 1706662425
WALL 21089316 1 0 1706662426
WALL 21089316 1 0 1706662427
WALL 21089316 1 0 1706662428
WALL 21089316 1 0 1706662429
WALL 21089316 1 0 1706662430
WALL 21089316 1 0 1706662431
WALL 21089316 1 0 1706662432
WALL 21089316 1 0 1706662433
slurmstepd: error: *** JOB 21089316 ON nid200197 CANCELLED AT 2024-01-31T00:53:54 DUE TO PREEMPTION ***
received SIGTERM 1706662434
WALL 21089316 1 0 1706662434
received SIGCONT 1706662434
WALL 21089316 1 0 1706662434
received SIGTERM 1706662434
WALL 21089316 1 0 1706662434
