srun: warning: can't run 1 processes on 8 nodes, setting nnodes to 1
WALL 21198977 1 0 1706815977
WALL 21198977 1 0 1706815978
WALL 21198977 1 0 1706815979
WALL 21198977 1 0 1706815980
WALL 21198977 1 0 1706815981
WALL 21198977 1 0 1706815982
WALL 21198977 1 0 1706815983
WALL 21198977 1 0 1706815984
WALL 21198977 1 0 1706815985
WALL 21198977 1 0 1706815986
WALL 21198977 1 0 1706815987
WALL 21198977 1 0 1706815988
WALL 21198977 1 0 1706815989
WALL 21198977 1 0 1706815990
WALL 21198977 1 0 1706815991
WALL 21198977 1 0 1706815992
WALL 21198977 1 0 1706815993
WALL 21198977 1 0 1706815994
WALL 21198977 1 0 1706815995
WALL 21198977 1 0 1706815996
WALL 21198977 1 0 1706815997
WALL 21198977 1 0 1706815998
WALL 21198977 1 0 1706815999
WALL 21198977 1 0 1706816000
WALL 21198977 1 0 1706816001
WALL 21198977 1 0 1706816002
WALL 21198977 1 0 1706816003
WALL 21198977 1 0 1706816004
WALL 21198977 1 0 1706816005
WALL 21198977 1 0 1706816006
WALL 21198977 1 0 1706816007
WALL 21198977 1 0 1706816008
WALL 21198977 1 0 1706816009
WALL 21198977 1 0 1706816010
WALL 21198977 1 0 1706816011
WALL 21198977 1 0 1706816012
WALL 21198977 1 0 1706816013
WALL 21198977 1 0 1706816014
WALL 21198977 1 0 1706816015
WALL 21198977 1 0 1706816016
WALL 21198977 1 0 1706816017
WALL 21198977 1 0 1706816018
WALL 21198977 1 0 1706816019
WALL 21198977 1 0 1706816020
WALL 21198977 1 0 1706816021
WALL 21198977 1 0 1706816022
WALL 21198977 1 0 1706816023
WALL 21198977 1 0 1706816024
WALL 21198977 1 0 1706816025
WALL 21198977 1 0 1706816026
WALL 21198977 1 0 1706816027
WALL 21198977 1 0 1706816028
WALL 21198977 1 0 1706816029
WALL 21198977 1 0 1706816030
WALL 21198977 1 0 1706816031
WALL 21198977 1 0 1706816032
WALL 21198977 1 0 1706816033
WALL 21198977 1 0 1706816034
WALL 21198977 1 0 1706816035
WALL 21198977 1 0 1706816036
WALL 21198977 1 0 1706816037
WALL 21198977 1 0 1706816038
WALL 21198977 1 0 1706816039
WALL 21198977 1 0 1706816040
WALL 21198977 1 0 1706816041
WALL 21198977 1 0 1706816042
WALL 21198977 1 0 1706816043
WALL 21198977 1 0 1706816044
WALL 21198977 1 0 1706816045
WALL 21198977 1 0 1706816046
WALL 21198977 1 0 1706816047
WALL 21198977 1 0 1706816048
WALL 21198977 1 0 1706816049
WALL 21198977 1 0 1706816050
WALL 21198977 1 0 1706816051
WALL 21198977 1 0 1706816052
WALL 21198977 1 0 1706816053
WALL 21198977 1 0 1706816054
WALL 21198977 1 0 1706816055
WALL 21198977 1 0 1706816056
WALL 21198977 1 0 1706816057
WALL 21198977 1 0 1706816058
WALL 21198977 1 0 1706816059
WALL 21198977 1 0 1706816060
WALL 21198977 1 0 1706816061
WALL 21198977 1 0 1706816062
WALL 21198977 1 0 1706816063
WALL 21198977 1 0 1706816064
WALL 21198977 1 0 1706816065
WALL 21198977 1 0 1706816066
WALL 21198977 1 0 1706816067
WALL 21198977 1 0 1706816068
WALL 21198977 1 0 1706816069
WALL 21198977 1 0 1706816070
WALL 21198977 1 0 1706816071
WALL 21198977 1 0 1706816072
WALL 21198977 1 0 1706816073
WALL 21198977 1 0 1706816074
WALL 21198977 1 0 1706816075
WALL 21198977 1 0 1706816076
WALL 21198977 1 0 1706816077
WALL 21198977 1 0 1706816078
WALL 21198977 1 0 1706816079
WALL 21198977 1 0 1706816080
WALL 21198977 1 0 1706816081
WALL 21198977 1 0 1706816082
WALL 21198977 1 0 1706816083
WALL 21198977 1 0 1706816084
WALL 21198977 1 0 1706816085
WALL 21198977 1 0 1706816086
WALL 21198977 1 0 1706816087
WALL 21198977 1 0 1706816088
WALL 21198977 1 0 1706816089
WALL 21198977 1 0 1706816090
WALL 21198977 1 0 1706816091
WALL 21198977 1 0 1706816092
WALL 21198977 1 0 1706816093
WALL 21198977 1 0 1706816094
WALL 21198977 1 0 1706816095
WALL 21198977 1 0 1706816096
WALL 21198977 1 0 1706816097
WALL 21198977 1 0 1706816098
WALL 21198977 1 0 1706816099
WALL 21198977 1 0 1706816100
WALL 21198977 1 0 1706816101
WALL 21198977 1 0 1706816102
WALL 21198977 1 0 1706816103
WALL 21198977 1 0 1706816104
WALL 21198977 1 0 1706816105
WALL 21198977 1 0 1706816106
WALL 21198977 1 0 1706816107
WALL 21198977 1 0 1706816108
WALL 21198977 1 0 1706816109
WALL 21198977 1 0 1706816110
WALL 21198977 1 0 1706816111
WALL 21198977 1 0 1706816112
WALL 21198977 1 0 1706816113
WALL 21198977 1 0 1706816114
WALL 21198977 1 0 1706816115
WALL 21198977 1 0 1706816116
WALL 21198977 1 0 1706816117
WALL 21198977 1 0 1706816118
WALL 21198977 1 0 1706816119
WALL 21198977 1 0 1706816120
WALL 21198977 1 0 1706816121
WALL 21198977 1 0 1706816122
WALL 21198977 1 0 1706816123
WALL 21198977 1 0 1706816124
WALL 21198977 1 0 1706816125
WALL 21198977 1 0 1706816126
WALL 21198977 1 0 1706816127
WALL 21198977 1 0 1706816128
WALL 21198977 1 0 1706816129
WALL 21198977 1 0 1706816130
WALL 21198977 1 0 1706816131
WALL 21198977 1 0 1706816132
WALL 21198977 1 0 1706816133
WALL 21198977 1 0 1706816134
WALL 21198977 1 0 1706816135
WALL 21198977 1 0 1706816136
WALL 21198977 1 0 1706816137
WALL 21198977 1 0 1706816138
WALL 21198977 1 0 1706816139
WALL 21198977 1 0 1706816140
WALL 21198977 1 0 1706816141
WALL 21198977 1 0 1706816142
WALL 21198977 1 0 1706816143
WALL 21198977 1 0 1706816144
WALL 21198977 1 0 1706816145
WALL 21198977 1 0 1706816146
WALL 21198977 1 0 1706816147
WALL 21198977 1 0 1706816148
WALL 21198977 1 0 1706816149
WALL 21198977 1 0 1706816150
WALL 21198977 1 0 1706816151
WALL 21198977 1 0 1706816152
WALL 21198977 1 0 1706816153
WALL 21198977 1 0 1706816154
WALL 21198977 1 0 1706816155
WALL 21198977 1 0 1706816156
WALL 21198977 1 0 1706816157
WALL 21198977 1 0 1706816158
WALL 21198977 1 0 1706816159
WALL 21198977 1 0 1706816160
WALL 21198977 1 0 1706816161
WALL 21198977 1 0 1706816162
WALL 21198977 1 0 1706816163
WALL 21198977 1 0 1706816164
WALL 21198977 1 0 1706816165
WALL 21198977 1 0 1706816166
WALL 21198977 1 0 1706816167
WALL 21198977 1 0 1706816168
WALL 21198977 1 0 1706816169
WALL 21198977 1 0 1706816170
WALL 21198977 1 0 1706816171
WALL 21198977 1 0 1706816172
WALL 21198977 1 0 1706816173
WALL 21198977 1 0 1706816174
WALL 21198977 1 0 1706816175
WALL 21198977 1 0 1706816176
WALL 21198977 1 0 1706816177
WALL 21198977 1 0 1706816178
WALL 21198977 1 0 1706816179
WALL 21198977 1 0 1706816180
WALL 21198977 1 0 1706816181
WALL 21198977 1 0 1706816182
WALL 21198977 1 0 1706816183
WALL 21198977 1 0 1706816184
WALL 21198977 1 0 1706816185
WALL 21198977 1 0 1706816186
WALL 21198977 1 0 1706816187
WALL 21198977 1 0 1706816188
WALL 21198977 1 0 1706816189
WALL 21198977 1 0 1706816190
WALL 21198977 1 0 1706816191
WALL 21198977 1 0 1706816192
WALL 21198977 1 0 1706816193
WALL 21198977 1 0 1706816194
WALL 21198977 1 0 1706816195
WALL 21198977 1 0 1706816196
WALL 21198977 1 0 1706816197
WALL 21198977 1 0 1706816198
WALL 21198977 1 0 1706816199
WALL 21198977 1 0 1706816200
WALL 21198977 1 0 1706816201
WALL 21198977 1 0 1706816202
WALL 21198977 1 0 1706816203
WALL 21198977 1 0 1706816204
WALL 21198977 1 0 1706816205
WALL 21198977 1 0 1706816206
WALL 21198977 1 0 1706816207
WALL 21198977 1 0 1706816208
WALL 21198977 1 0 1706816209
WALL 21198977 1 0 1706816210
WALL 21198977 1 0 1706816211
WALL 21198977 1 0 1706816212
WALL 21198977 1 0 1706816213
WALL 21198977 1 0 1706816214
WALL 21198977 1 0 1706816215
WALL 21198977 1 0 1706816216
WALL 21198977 1 0 1706816217
WALL 21198977 1 0 1706816218
WALL 21198977 1 0 1706816219
WALL 21198977 1 0 1706816220
WALL 21198977 1 0 1706816221
WALL 21198977 1 0 1706816222
WALL 21198977 1 0 1706816223
WALL 21198977 1 0 1706816224
WALL 21198977 1 0 1706816225
WALL 21198977 1 0 1706816226
WALL 21198977 1 0 1706816227
WALL 21198977 1 0 1706816228
WALL 21198977 1 0 1706816229
WALL 21198977 1 0 1706816230
WALL 21198977 1 0 1706816231
WALL 21198977 1 0 1706816232
WALL 21198977 1 0 1706816233
WALL 21198977 1 0 1706816234
WALL 21198977 1 0 1706816235
WALL 21198977 1 0 1706816236
WALL 21198977 1 0 1706816237
WALL 21198977 1 0 1706816238
WALL 21198977 1 0 1706816239
WALL 21198977 1 0 1706816240
WALL 21198977 1 0 1706816241
WALL 21198977 1 0 1706816242
WALL 21198977 1 0 1706816243
WALL 21198977 1 0 1706816244
WALL 21198977 1 0 1706816245
WALL 21198977 1 0 1706816246
WALL 21198977 1 0 1706816247
WALL 21198977 1 0 1706816248
WALL 21198977 1 0 1706816249
WALL 21198977 1 0 1706816250
WALL 21198977 1 0 1706816251
WALL 21198977 1 0 1706816252
WALL 21198977 1 0 1706816253
WALL 21198977 1 0 1706816254
WALL 21198977 1 0 1706816255
WALL 21198977 1 0 1706816256
WALL 21198977 1 0 1706816257
WALL 21198977 1 0 1706816258
WALL 21198977 1 0 1706816259
WALL 21198977 1 0 1706816260
WALL 21198977 1 0 1706816261
WALL 21198977 1 0 1706816262
WALL 21198977 1 0 1706816263
WALL 21198977 1 0 1706816264
WALL 21198977 1 0 1706816265
WALL 21198977 1 0 1706816266
WALL 21198977 1 0 1706816267
WALL 21198977 1 0 1706816268
WALL 21198977 1 0 1706816269
WALL 21198977 1 0 1706816270
WALL 21198977 1 0 1706816271
WALL 21198977 1 0 1706816272
WALL 21198977 1 0 1706816273
WALL 21198977 1 0 1706816274
WALL 21198977 1 0 1706816275
WALL 21198977 1 0 1706816276
WALL 21198977 1 0 1706816277
WALL 21198977 1 0 1706816278
WALL 21198977 1 0 1706816279
WALL 21198977 1 0 1706816280
WALL 21198977 1 0 1706816281
WALL 21198977 1 0 1706816282
WALL 21198977 1 0 1706816283
WALL 21198977 1 0 1706816284
WALL 21198977 1 0 1706816285
WALL 21198977 1 0 1706816286
WALL 21198977 1 0 1706816287
WALL 21198977 1 0 1706816288
WALL 21198977 1 0 1706816289
WALL 21198977 1 0 1706816290
WALL 21198977 1 0 1706816291
WALL 21198977 1 0 1706816292
WALL 21198977 1 0 1706816293
WALL 21198977 1 0 1706816294
WALL 21198977 1 0 1706816295
WALL 21198977 1 0 1706816296
WALL 21198977 1 0 1706816297
WALL 21198977 1 0 1706816298
WALL 21198977 1 0 1706816299
WALL 21198977 1 0 1706816300
WALL 21198977 1 0 1706816301
WALL 21198977 1 0 1706816302
WALL 21198977 1 0 1706816303
WALL 21198977 1 0 1706816304
WALL 21198977 1 0 1706816305
WALL 21198977 1 0 1706816306
WALL 21198977 1 0 1706816307
WALL 21198977 1 0 1706816308
WALL 21198977 1 0 1706816309
WALL 21198977 1 0 1706816310
WALL 21198977 1 0 1706816311
WALL 21198977 1 0 1706816312
WALL 21198977 1 0 1706816313
WALL 21198977 1 0 1706816314
WALL 21198977 1 0 1706816315
WALL 21198977 1 0 1706816316
WALL 21198977 1 0 1706816317
WALL 21198977 1 0 1706816318
WALL 21198977 1 0 1706816319
WALL 21198977 1 0 1706816320
WALL 21198977 1 0 1706816321
WALL 21198977 1 0 1706816322
WALL 21198977 1 0 1706816323
WALL 21198977 1 0 1706816324
WALL 21198977 1 0 1706816325
WALL 21198977 1 0 1706816326
WALL 21198977 1 0 1706816327
WALL 21198977 1 0 1706816328
WALL 21198977 1 0 1706816329
WALL 21198977 1 0 1706816330
WALL 21198977 1 0 1706816331
WALL 21198977 1 0 1706816332
WALL 21198977 1 0 1706816333
WALL 21198977 1 0 1706816334
WALL 21198977 1 0 1706816335
WALL 21198977 1 0 1706816336
WALL 21198977 1 0 1706816337
WALL 21198977 1 0 1706816338
WALL 21198977 1 0 1706816339
WALL 21198977 1 0 1706816340
WALL 21198977 1 0 1706816341
WALL 21198977 1 0 1706816342
WALL 21198977 1 0 1706816343
WALL 21198977 1 0 1706816344
WALL 21198977 1 0 1706816345
WALL 21198977 1 0 1706816346
WALL 21198977 1 0 1706816347
WALL 21198977 1 0 1706816348
WALL 21198977 1 0 1706816349
WALL 21198977 1 0 1706816350
WALL 21198977 1 0 1706816351
WALL 21198977 1 0 1706816352
WALL 21198977 1 0 1706816353
WALL 21198977 1 0 1706816354
WALL 21198977 1 0 1706816355
WALL 21198977 1 0 1706816356
WALL 21198977 1 0 1706816357
WALL 21198977 1 0 1706816358
WALL 21198977 1 0 1706816359
WALL 21198977 1 0 1706816360
WALL 21198977 1 0 1706816361
WALL 21198977 1 0 1706816362
WALL 21198977 1 0 1706816363
WALL 21198977 1 0 1706816364
WALL 21198977 1 0 1706816365
WALL 21198977 1 0 1706816366
WALL 21198977 1 0 1706816367
WALL 21198977 1 0 1706816368
WALL 21198977 1 0 1706816369
WALL 21198977 1 0 1706816370
WALL 21198977 1 0 1706816371
WALL 21198977 1 0 1706816372
WALL 21198977 1 0 1706816373
WALL 21198977 1 0 1706816374
WALL 21198977 1 0 1706816375
WALL 21198977 1 0 1706816376
WALL 21198977 1 0 1706816377
WALL 21198977 1 0 1706816378
WALL 21198977 1 0 1706816379
WALL 21198977 1 0 1706816380
WALL 21198977 1 0 1706816381
WALL 21198977 1 0 1706816382
WALL 21198977 1 0 1706816383
WALL 21198977 1 0 1706816384
WALL 21198977 1 0 1706816385
WALL 21198977 1 0 1706816386
WALL 21198977 1 0 1706816387
WALL 21198977 1 0 1706816388
WALL 21198977 1 0 1706816389
WALL 21198977 1 0 1706816390
WALL 21198977 1 0 1706816391
WALL 21198977 1 0 1706816392
WALL 21198977 1 0 1706816393
WALL 21198977 1 0 1706816394
WALL 21198977 1 0 1706816395
WALL 21198977 1 0 1706816396
WALL 21198977 1 0 1706816397
WALL 21198977 1 0 1706816398
WALL 21198977 1 0 1706816399
WALL 21198977 1 0 1706816400
WALL 21198977 1 0 1706816401
WALL 21198977 1 0 1706816402
WALL 21198977 1 0 1706816403
WALL 21198977 1 0 1706816404
WALL 21198977 1 0 1706816405
WALL 21198977 1 0 1706816406
WALL 21198977 1 0 1706816407
WALL 21198977 1 0 1706816408
WALL 21198977 1 0 1706816409
WALL 21198977 1 0 1706816410
WALL 21198977 1 0 1706816411
WALL 21198977 1 0 1706816412
WALL 21198977 1 0 1706816413
WALL 21198977 1 0 1706816414
WALL 21198977 1 0 1706816415
WALL 21198977 1 0 1706816416
WALL 21198977 1 0 1706816417
WALL 21198977 1 0 1706816418
WALL 21198977 1 0 1706816419
WALL 21198977 1 0 1706816420
WALL 21198977 1 0 1706816421
WALL 21198977 1 0 1706816422
WALL 21198977 1 0 1706816423
WALL 21198977 1 0 1706816424
WALL 21198977 1 0 1706816425
WALL 21198977 1 0 1706816426
WALL 21198977 1 0 1706816427
WALL 21198977 1 0 1706816428
WALL 21198977 1 0 1706816429
WALL 21198977 1 0 1706816430
WALL 21198977 1 0 1706816431
WALL 21198977 1 0 1706816432
WALL 21198977 1 0 1706816433
WALL 21198977 1 0 1706816434
WALL 21198977 1 0 1706816435
WALL 21198977 1 0 1706816436
WALL 21198977 1 0 1706816437
WALL 21198977 1 0 1706816438
WALL 21198977 1 0 1706816439
WALL 21198977 1 0 1706816440
WALL 21198977 1 0 1706816441
WALL 21198977 1 0 1706816442
WALL 21198977 1 0 1706816443
WALL 21198977 1 0 1706816444
WALL 21198977 1 0 1706816445
WALL 21198977 1 0 1706816446
WALL 21198977 1 0 1706816447
WALL 21198977 1 0 1706816448
WALL 21198977 1 0 1706816449
WALL 21198977 1 0 1706816450
WALL 21198977 1 0 1706816451
WALL 21198977 1 0 1706816452
WALL 21198977 1 0 1706816453
WALL 21198977 1 0 1706816454
WALL 21198977 1 0 1706816455
WALL 21198977 1 0 1706816456
WALL 21198977 1 0 1706816457
WALL 21198977 1 0 1706816458
WALL 21198977 1 0 1706816459
WALL 21198977 1 0 1706816460
WALL 21198977 1 0 1706816461
WALL 21198977 1 0 1706816462
WALL 21198977 1 0 1706816463
WALL 21198977 1 0 1706816464
WALL 21198977 1 0 1706816465
WALL 21198977 1 0 1706816466
WALL 21198977 1 0 1706816467
WALL 21198977 1 0 1706816468
WALL 21198977 1 0 1706816469
WALL 21198977 1 0 1706816470
WALL 21198977 1 0 1706816471
WALL 21198977 1 0 1706816472
WALL 21198977 1 0 1706816473
WALL 21198977 1 0 1706816474
WALL 21198977 1 0 1706816475
WALL 21198977 1 0 1706816476
WALL 21198977 1 0 1706816477
WALL 21198977 1 0 1706816478
WALL 21198977 1 0 1706816479
WALL 21198977 1 0 1706816480
WALL 21198977 1 0 1706816481
WALL 21198977 1 0 1706816482
WALL 21198977 1 0 1706816483
WALL 21198977 1 0 1706816484
WALL 21198977 1 0 1706816485
WALL 21198977 1 0 1706816486
WALL 21198977 1 0 1706816487
WALL 21198977 1 0 1706816488
WALL 21198977 1 0 1706816489
WALL 21198977 1 0 1706816490
WALL 21198977 1 0 1706816491
WALL 21198977 1 0 1706816492
WALL 21198977 1 0 1706816493
WALL 21198977 1 0 1706816494
WALL 21198977 1 0 1706816495
WALL 21198977 1 0 1706816496
WALL 21198977 1 0 1706816497
WALL 21198977 1 0 1706816498
WALL 21198977 1 0 1706816499
WALL 21198977 1 0 1706816500
WALL 21198977 1 0 1706816501
WALL 21198977 1 0 1706816502
WALL 21198977 1 0 1706816503
WALL 21198977 1 0 1706816504
WALL 21198977 1 0 1706816505
WALL 21198977 1 0 1706816506
WALL 21198977 1 0 1706816507
WALL 21198977 1 0 1706816508
WALL 21198977 1 0 1706816509
WALL 21198977 1 0 1706816510
WALL 21198977 1 0 1706816511
WALL 21198977 1 0 1706816512
WALL 21198977 1 0 1706816513
WALL 21198977 1 0 1706816514
WALL 21198977 1 0 1706816515
WALL 21198977 1 0 1706816516
WALL 21198977 1 0 1706816517
WALL 21198977 1 0 1706816518
WALL 21198977 1 0 1706816519
WALL 21198977 1 0 1706816520
WALL 21198977 1 0 1706816521
WALL 21198977 1 0 1706816522
WALL 21198977 1 0 1706816523
WALL 21198977 1 0 1706816524
WALL 21198977 1 0 1706816525
WALL 21198977 1 0 1706816526
WALL 21198977 1 0 1706816527
WALL 21198977 1 0 1706816528
WALL 21198977 1 0 1706816529
WALL 21198977 1 0 1706816530
WALL 21198977 1 0 1706816531
WALL 21198977 1 0 1706816532
WALL 21198977 1 0 1706816533
WALL 21198977 1 0 1706816534
WALL 21198977 1 0 1706816535
WALL 21198977 1 0 1706816536
WALL 21198977 1 0 1706816537
WALL 21198977 1 0 1706816538
WALL 21198977 1 0 1706816539
WALL 21198977 1 0 1706816540
WALL 21198977 1 0 1706816541
WALL 21198977 1 0 1706816542
WALL 21198977 1 0 1706816543
WALL 21198977 1 0 1706816544
WALL 21198977 1 0 1706816545
WALL 21198977 1 0 1706816546
WALL 21198977 1 0 1706816547
WALL 21198977 1 0 1706816548
WALL 21198977 1 0 1706816549
WALL 21198977 1 0 1706816550
WALL 21198977 1 0 1706816551
WALL 21198977 1 0 1706816552
WALL 21198977 1 0 1706816553
WALL 21198977 1 0 1706816554
WALL 21198977 1 0 1706816555
WALL 21198977 1 0 1706816556
WALL 21198977 1 0 1706816557
WALL 21198977 1 0 1706816558
WALL 21198977 1 0 1706816559
WALL 21198977 1 0 1706816560
WALL 21198977 1 0 1706816561
WALL 21198977 1 0 1706816562
WALL 21198977 1 0 1706816563
WALL 21198977 1 0 1706816564
WALL 21198977 1 0 1706816565
WALL 21198977 1 0 1706816566
WALL 21198977 1 0 1706816567
WALL 21198977 1 0 1706816568
WALL 21198977 1 0 1706816569
WALL 21198977 1 0 1706816570
WALL 21198977 1 0 1706816571
WALL 21198977 1 0 1706816572
WALL 21198977 1 0 1706816573
WALL 21198977 1 0 1706816574
WALL 21198977 1 0 1706816575
WALL 21198977 1 0 1706816576
WALL 21198977 1 0 1706816577
WALL 21198977 1 0 1706816578
WALL 21198977 1 0 1706816579
WALL 21198977 1 0 1706816580
WALL 21198977 1 0 1706816581
WALL 21198977 1 0 1706816582
WALL 21198977 1 0 1706816583
WALL 21198977 1 0 1706816584
WALL 21198977 1 0 1706816585
WALL 21198977 1 0 1706816586
WALL 21198977 1 0 1706816587
WALL 21198977 1 0 1706816588
WALL 21198977 1 0 1706816589
WALL 21198977 1 0 1706816590
WALL 21198977 1 0 1706816591
WALL 21198977 1 0 1706816592
WALL 21198977 1 0 1706816593
WALL 21198977 1 0 1706816594
WALL 21198977 1 0 1706816595
WALL 21198977 1 0 1706816596
WALL 21198977 1 0 1706816597
WALL 21198977 1 0 1706816598
WALL 21198977 1 0 1706816599
WALL 21198977 1 0 1706816600
WALL 21198977 1 0 1706816601
WALL 21198977 1 0 1706816602
WALL 21198977 1 0 1706816603
WALL 21198977 1 0 1706816604
WALL 21198977 1 0 1706816605
WALL 21198977 1 0 1706816606
WALL 21198977 1 0 1706816607
WALL 21198977 1 0 1706816608
WALL 21198977 1 0 1706816609
WALL 21198977 1 0 1706816610
WALL 21198977 1 0 1706816611
WALL 21198977 1 0 1706816612
WALL 21198977 1 0 1706816613
WALL 21198977 1 0 1706816614
WALL 21198977 1 0 1706816615
WALL 21198977 1 0 1706816616
WALL 21198977 1 0 1706816617
WALL 21198977 1 0 1706816618
WALL 21198977 1 0 1706816619
WALL 21198977 1 0 1706816620
WALL 21198977 1 0 1706816621
WALL 21198977 1 0 1706816622
WALL 21198977 1 0 1706816623
WALL 21198977 1 0 1706816624
WALL 21198977 1 0 1706816625
WALL 21198977 1 0 1706816626
WALL 21198977 1 0 1706816627
WALL 21198977 1 0 1706816628
WALL 21198977 1 0 1706816629
WALL 21198977 1 0 1706816630
WALL 21198977 1 0 1706816631
WALL 21198977 1 0 1706816632
WALL 21198977 1 0 1706816633
WALL 21198977 1 0 1706816634
WALL 21198977 1 0 1706816635
WALL 21198977 1 0 1706816636
WALL 21198977 1 0 1706816637
WALL 21198977 1 0 1706816638
WALL 21198977 1 0 1706816639
WALL 21198977 1 0 1706816640
WALL 21198977 1 0 1706816641
WALL 21198977 1 0 1706816642
WALL 21198977 1 0 1706816643
WALL 21198977 1 0 1706816644
WALL 21198977 1 0 1706816645
WALL 21198977 1 0 1706816646
WALL 21198977 1 0 1706816647
WALL 21198977 1 0 1706816648
WALL 21198977 1 0 1706816649
WALL 21198977 1 0 1706816650
WALL 21198977 1 0 1706816651
WALL 21198977 1 0 1706816652
WALL 21198977 1 0 1706816653
WALL 21198977 1 0 1706816654
WALL 21198977 1 0 1706816655
WALL 21198977 1 0 1706816656
WALL 21198977 1 0 1706816657
WALL 21198977 1 0 1706816658
WALL 21198977 1 0 1706816659
WALL 21198977 1 0 1706816660
WALL 21198977 1 0 1706816661
WALL 21198977 1 0 1706816662
WALL 21198977 1 0 1706816663
WALL 21198977 1 0 1706816664
WALL 21198977 1 0 1706816665
WALL 21198977 1 0 1706816666
WALL 21198977 1 0 1706816667
WALL 21198977 1 0 1706816668
WALL 21198977 1 0 1706816669
WALL 21198977 1 0 1706816670
WALL 21198977 1 0 1706816671
WALL 21198977 1 0 1706816672
WALL 21198977 1 0 1706816673
WALL 21198977 1 0 1706816674
WALL 21198977 1 0 1706816675
WALL 21198977 1 0 1706816676
WALL 21198977 1 0 1706816677
WALL 21198977 1 0 1706816678
WALL 21198977 1 0 1706816679
WALL 21198977 1 0 1706816680
WALL 21198977 1 0 1706816681
WALL 21198977 1 0 1706816682
WALL 21198977 1 0 1706816683
WALL 21198977 1 0 1706816684
WALL 21198977 1 0 1706816685
WALL 21198977 1 0 1706816686
WALL 21198977 1 0 1706816687
WALL 21198977 1 0 1706816688
WALL 21198977 1 0 1706816689
WALL 21198977 1 0 1706816690
WALL 21198977 1 0 1706816691
WALL 21198977 1 0 1706816692
WALL 21198977 1 0 1706816693
WALL 21198977 1 0 1706816694
WALL 21198977 1 0 1706816695
WALL 21198977 1 0 1706816696
WALL 21198977 1 0 1706816697
WALL 21198977 1 0 1706816698
WALL 21198977 1 0 1706816699
WALL 21198977 1 0 1706816700
WALL 21198977 1 0 1706816701
WALL 21198977 1 0 1706816702
WALL 21198977 1 0 1706816703
WALL 21198977 1 0 1706816704
WALL 21198977 1 0 1706816705
WALL 21198977 1 0 1706816706
WALL 21198977 1 0 1706816707
WALL 21198977 1 0 1706816708
WALL 21198977 1 0 1706816709
WALL 21198977 1 0 1706816710
WALL 21198977 1 0 1706816711
WALL 21198977 1 0 1706816712
WALL 21198977 1 0 1706816713
WALL 21198977 1 0 1706816714
WALL 21198977 1 0 1706816715
WALL 21198977 1 0 1706816716
WALL 21198977 1 0 1706816717
WALL 21198977 1 0 1706816718
WALL 21198977 1 0 1706816719
WALL 21198977 1 0 1706816720
WALL 21198977 1 0 1706816721
WALL 21198977 1 0 1706816722
WALL 21198977 1 0 1706816723
WALL 21198977 1 0 1706816724
WALL 21198977 1 0 1706816725
WALL 21198977 1 0 1706816726
WALL 21198977 1 0 1706816727
WALL 21198977 1 0 1706816728
WALL 21198977 1 0 1706816729
WALL 21198977 1 0 1706816730
WALL 21198977 1 0 1706816731
WALL 21198977 1 0 1706816732
WALL 21198977 1 0 1706816733
WALL 21198977 1 0 1706816734
WALL 21198977 1 0 1706816735
WALL 21198977 1 0 1706816736
WALL 21198977 1 0 1706816737
WALL 21198977 1 0 1706816738
WALL 21198977 1 0 1706816739
WALL 21198977 1 0 1706816740
WALL 21198977 1 0 1706816741
WALL 21198977 1 0 1706816742
WALL 21198977 1 0 1706816743
WALL 21198977 1 0 1706816744
WALL 21198977 1 0 1706816745
WALL 21198977 1 0 1706816746
WALL 21198977 1 0 1706816747
WALL 21198977 1 0 1706816748
WALL 21198977 1 0 1706816749
WALL 21198977 1 0 1706816750
WALL 21198977 1 0 1706816751
WALL 21198977 1 0 1706816752
WALL 21198977 1 0 1706816753
WALL 21198977 1 0 1706816754
WALL 21198977 1 0 1706816755
WALL 21198977 1 0 1706816756
WALL 21198977 1 0 1706816757
WALL 21198977 1 0 1706816758
WALL 21198977 1 0 1706816759
WALL 21198977 1 0 1706816760
WALL 21198977 1 0 1706816761
WALL 21198977 1 0 1706816762
WALL 21198977 1 0 1706816763
WALL 21198977 1 0 1706816764
WALL 21198977 1 0 1706816765
WALL 21198977 1 0 1706816766
WALL 21198977 1 0 1706816767
WALL 21198977 1 0 1706816768
WALL 21198977 1 0 1706816769
WALL 21198977 1 0 1706816770
WALL 21198977 1 0 1706816771
WALL 21198977 1 0 1706816772
WALL 21198977 1 0 1706816773
WALL 21198977 1 0 1706816774
WALL 21198977 1 0 1706816775
WALL 21198977 1 0 1706816776
WALL 21198977 1 0 1706816777
WALL 21198977 1 0 1706816778
WALL 21198977 1 0 1706816779
WALL 21198977 1 0 1706816780
WALL 21198977 1 0 1706816781
WALL 21198977 1 0 1706816782
WALL 21198977 1 0 1706816783
WALL 21198977 1 0 1706816784
WALL 21198977 1 0 1706816785
WALL 21198977 1 0 1706816786
WALL 21198977 1 0 1706816787
WALL 21198977 1 0 1706816788
WALL 21198977 1 0 1706816789
WALL 21198977 1 0 1706816790
WALL 21198977 1 0 1706816791
WALL 21198977 1 0 1706816792
WALL 21198977 1 0 1706816793
WALL 21198977 1 0 1706816794
WALL 21198977 1 0 1706816795
WALL 21198977 1 0 1706816796
WALL 21198977 1 0 1706816797
WALL 21198977 1 0 1706816798
WALL 21198977 1 0 1706816799
WALL 21198977 1 0 1706816800
WALL 21198977 1 0 1706816801
WALL 21198977 1 0 1706816802
WALL 21198977 1 0 1706816803
WALL 21198977 1 0 1706816804
WALL 21198977 1 0 1706816805
WALL 21198977 1 0 1706816806
WALL 21198977 1 0 1706816807
WALL 21198977 1 0 1706816808
WALL 21198977 1 0 1706816809
WALL 21198977 1 0 1706816810
WALL 21198977 1 0 1706816811
WALL 21198977 1 0 1706816812
WALL 21198977 1 0 1706816813
WALL 21198977 1 0 1706816814
WALL 21198977 1 0 1706816815
WALL 21198977 1 0 1706816816
WALL 21198977 1 0 1706816817
WALL 21198977 1 0 1706816818
WALL 21198977 1 0 1706816819
WALL 21198977 1 0 1706816820
WALL 21198977 1 0 1706816821
WALL 21198977 1 0 1706816822
WALL 21198977 1 0 1706816823
WALL 21198977 1 0 1706816824
WALL 21198977 1 0 1706816825
WALL 21198977 1 0 1706816826
WALL 21198977 1 0 1706816827
WALL 21198977 1 0 1706816828
WALL 21198977 1 0 1706816829
WALL 21198977 1 0 1706816830
WALL 21198977 1 0 1706816831
WALL 21198977 1 0 1706816832
WALL 21198977 1 0 1706816833
WALL 21198977 1 0 1706816834
WALL 21198977 1 0 1706816835
WALL 21198977 1 0 1706816836
WALL 21198977 1 0 1706816837
WALL 21198977 1 0 1706816838
WALL 21198977 1 0 1706816839
WALL 21198977 1 0 1706816840
WALL 21198977 1 0 1706816841
WALL 21198977 1 0 1706816842
WALL 21198977 1 0 1706816843
WALL 21198977 1 0 1706816844
WALL 21198977 1 0 1706816845
WALL 21198977 1 0 1706816846
WALL 21198977 1 0 1706816847
WALL 21198977 1 0 1706816848
WALL 21198977 1 0 1706816849
WALL 21198977 1 0 1706816850
WALL 21198977 1 0 1706816851
WALL 21198977 1 0 1706816852
WALL 21198977 1 0 1706816853
WALL 21198977 1 0 1706816854
WALL 21198977 1 0 1706816855
WALL 21198977 1 0 1706816856
WALL 21198977 1 0 1706816857
WALL 21198977 1 0 1706816858
WALL 21198977 1 0 1706816859
WALL 21198977 1 0 1706816860
WALL 21198977 1 0 1706816861
WALL 21198977 1 0 1706816862
WALL 21198977 1 0 1706816863
WALL 21198977 1 0 1706816864
WALL 21198977 1 0 1706816865
WALL 21198977 1 0 1706816866
WALL 21198977 1 0 1706816867
WALL 21198977 1 0 1706816868
WALL 21198977 1 0 1706816869
WALL 21198977 1 0 1706816870
WALL 21198977 1 0 1706816871
WALL 21198977 1 0 1706816872
WALL 21198977 1 0 1706816873
WALL 21198977 1 0 1706816874
WALL 21198977 1 0 1706816875
WALL 21198977 1 0 1706816876
WALL 21198977 1 0 1706816877
WALL 21198977 1 0 1706816878
WALL 21198977 1 0 1706816879
WALL 21198977 1 0 1706816880
WALL 21198977 1 0 1706816881
WALL 21198977 1 0 1706816882
WALL 21198977 1 0 1706816883
WALL 21198977 1 0 1706816884
WALL 21198977 1 0 1706816885
WALL 21198977 1 0 1706816886
WALL 21198977 1 0 1706816887
WALL 21198977 1 0 1706816888
WALL 21198977 1 0 1706816889
WALL 21198977 1 0 1706816890
WALL 21198977 1 0 1706816891
WALL 21198977 1 0 1706816892
WALL 21198977 1 0 1706816893
WALL 21198977 1 0 1706816894
WALL 21198977 1 0 1706816895
WALL 21198977 1 0 1706816896
WALL 21198977 1 0 1706816897
WALL 21198977 1 0 1706816898
WALL 21198977 1 0 1706816899
WALL 21198977 1 0 1706816900
WALL 21198977 1 0 1706816901
WALL 21198977 1 0 1706816902
WALL 21198977 1 0 1706816903
WALL 21198977 1 0 1706816904
WALL 21198977 1 0 1706816905
WALL 21198977 1 0 1706816906
WALL 21198977 1 0 1706816907
WALL 21198977 1 0 1706816908
WALL 21198977 1 0 1706816909
WALL 21198977 1 0 1706816910
WALL 21198977 1 0 1706816911
WALL 21198977 1 0 1706816912
WALL 21198977 1 0 1706816913
WALL 21198977 1 0 1706816914
WALL 21198977 1 0 1706816915
WALL 21198977 1 0 1706816916
WALL 21198977 1 0 1706816917
WALL 21198977 1 0 1706816918
WALL 21198977 1 0 1706816919
WALL 21198977 1 0 1706816920
WALL 21198977 1 0 1706816921
WALL 21198977 1 0 1706816922
WALL 21198977 1 0 1706816923
WALL 21198977 1 0 1706816924
WALL 21198977 1 0 1706816925
WALL 21198977 1 0 1706816926
WALL 21198977 1 0 1706816927
WALL 21198977 1 0 1706816928
WALL 21198977 1 0 1706816929
WALL 21198977 1 0 1706816930
WALL 21198977 1 0 1706816931
WALL 21198977 1 0 1706816932
WALL 21198977 1 0 1706816933
WALL 21198977 1 0 1706816934
WALL 21198977 1 0 1706816935
WALL 21198977 1 0 1706816936
WALL 21198977 1 0 1706816937
WALL 21198977 1 0 1706816938
WALL 21198977 1 0 1706816939
WALL 21198977 1 0 1706816940
WALL 21198977 1 0 1706816941
WALL 21198977 1 0 1706816942
WALL 21198977 1 0 1706816943
WALL 21198977 1 0 1706816944
WALL 21198977 1 0 1706816945
WALL 21198977 1 0 1706816946
WALL 21198977 1 0 1706816947
WALL 21198977 1 0 1706816948
WALL 21198977 1 0 1706816949
WALL 21198977 1 0 1706816950
WALL 21198977 1 0 1706816951
WALL 21198977 1 0 1706816952
WALL 21198977 1 0 1706816953
WALL 21198977 1 0 1706816954
WALL 21198977 1 0 1706816955
WALL 21198977 1 0 1706816956
WALL 21198977 1 0 1706816957
WALL 21198977 1 0 1706816958
WALL 21198977 1 0 1706816959
WALL 21198977 1 0 1706816960
WALL 21198977 1 0 1706816961
WALL 21198977 1 0 1706816962
WALL 21198977 1 0 1706816963
WALL 21198977 1 0 1706816964
WALL 21198977 1 0 1706816965
WALL 21198977 1 0 1706816966
WALL 21198977 1 0 1706816967
WALL 21198977 1 0 1706816968
WALL 21198977 1 0 1706816969
WALL 21198977 1 0 1706816970
WALL 21198977 1 0 1706816971
WALL 21198977 1 0 1706816972
WALL 21198977 1 0 1706816973
WALL 21198977 1 0 1706816974
WALL 21198977 1 0 1706816975
WALL 21198977 1 0 1706816976
WALL 21198977 1 0 1706816977
WALL 21198977 1 0 1706816978
WALL 21198977 1 0 1706816979
WALL 21198977 1 0 1706816980
WALL 21198977 1 0 1706816981
WALL 21198977 1 0 1706816982
WALL 21198977 1 0 1706816983
WALL 21198977 1 0 1706816984
WALL 21198977 1 0 1706816985
WALL 21198977 1 0 1706816986
WALL 21198977 1 0 1706816987
WALL 21198977 1 0 1706816988
WALL 21198977 1 0 1706816989
WALL 21198977 1 0 1706816990
WALL 21198977 1 0 1706816991
WALL 21198977 1 0 1706816992
WALL 21198977 1 0 1706816993
WALL 21198977 1 0 1706816994
WALL 21198977 1 0 1706816995
WALL 21198977 1 0 1706816996
WALL 21198977 1 0 1706816997
WALL 21198977 1 0 1706816998
WALL 21198977 1 0 1706816999
WALL 21198977 1 0 1706817000
WALL 21198977 1 0 1706817001
WALL 21198977 1 0 1706817002
WALL 21198977 1 0 1706817003
WALL 21198977 1 0 1706817004
WALL 21198977 1 0 1706817005
WALL 21198977 1 0 1706817006
WALL 21198977 1 0 1706817007
WALL 21198977 1 0 1706817008
WALL 21198977 1 0 1706817009
WALL 21198977 1 0 1706817010
WALL 21198977 1 0 1706817011
WALL 21198977 1 0 1706817012
WALL 21198977 1 0 1706817013
WALL 21198977 1 0 1706817014
WALL 21198977 1 0 1706817015
WALL 21198977 1 0 1706817016
WALL 21198977 1 0 1706817017
WALL 21198977 1 0 1706817018
WALL 21198977 1 0 1706817019
WALL 21198977 1 0 1706817020
WALL 21198977 1 0 1706817021
WALL 21198977 1 0 1706817022
WALL 21198977 1 0 1706817023
WALL 21198977 1 0 1706817024
WALL 21198977 1 0 1706817025
WALL 21198977 1 0 1706817026
WALL 21198977 1 0 1706817027
WALL 21198977 1 0 1706817028
WALL 21198977 1 0 1706817029
WALL 21198977 1 0 1706817030
WALL 21198977 1 0 1706817031
WALL 21198977 1 0 1706817032
WALL 21198977 1 0 1706817033
WALL 21198977 1 0 1706817034
WALL 21198977 1 0 1706817035
WALL 21198977 1 0 1706817036
WALL 21198977 1 0 1706817037
WALL 21198977 1 0 1706817038
WALL 21198977 1 0 1706817039
WALL 21198977 1 0 1706817040
WALL 21198977 1 0 1706817041
WALL 21198977 1 0 1706817042
WALL 21198977 1 0 1706817043
WALL 21198977 1 0 1706817044
WALL 21198977 1 0 1706817045
WALL 21198977 1 0 1706817046
WALL 21198977 1 0 1706817047
WALL 21198977 1 0 1706817048
WALL 21198977 1 0 1706817049
WALL 21198977 1 0 1706817050
WALL 21198977 1 0 1706817051
WALL 21198977 1 0 1706817052
WALL 21198977 1 0 1706817053
WALL 21198977 1 0 1706817054
WALL 21198977 1 0 1706817055
WALL 21198977 1 0 1706817056
WALL 21198977 1 0 1706817057
WALL 21198977 1 0 1706817058
WALL 21198977 1 0 1706817059
WALL 21198977 1 0 1706817060
WALL 21198977 1 0 1706817061
WALL 21198977 1 0 1706817062
WALL 21198977 1 0 1706817063
WALL 21198977 1 0 1706817064
WALL 21198977 1 0 1706817065
WALL 21198977 1 0 1706817066
WALL 21198977 1 0 1706817067
WALL 21198977 1 0 1706817068
WALL 21198977 1 0 1706817069
WALL 21198977 1 0 1706817070
WALL 21198977 1 0 1706817071
WALL 21198977 1 0 1706817072
WALL 21198977 1 0 1706817073
WALL 21198977 1 0 1706817074
WALL 21198977 1 0 1706817075
WALL 21198977 1 0 1706817076
WALL 21198977 1 0 1706817077
WALL 21198977 1 0 1706817078
WALL 21198977 1 0 1706817079
WALL 21198977 1 0 1706817080
WALL 21198977 1 0 1706817081
WALL 21198977 1 0 1706817082
WALL 21198977 1 0 1706817083
WALL 21198977 1 0 1706817084
WALL 21198977 1 0 1706817085
WALL 21198977 1 0 1706817086
WALL 21198977 1 0 1706817087
WALL 21198977 1 0 1706817088
WALL 21198977 1 0 1706817089
WALL 21198977 1 0 1706817090
WALL 21198977 1 0 1706817091
WALL 21198977 1 0 1706817092
WALL 21198977 1 0 1706817093
WALL 21198977 1 0 1706817094
WALL 21198977 1 0 1706817095
WALL 21198977 1 0 1706817096
WALL 21198977 1 0 1706817097
WALL 21198977 1 0 1706817098
WALL 21198977 1 0 1706817099
WALL 21198977 1 0 1706817100
WALL 21198977 1 0 1706817101
WALL 21198977 1 0 1706817102
WALL 21198977 1 0 1706817103
WALL 21198977 1 0 1706817104
WALL 21198977 1 0 1706817105
WALL 21198977 1 0 1706817106
WALL 21198977 1 0 1706817107
WALL 21198977 1 0 1706817108
WALL 21198977 1 0 1706817109
WALL 21198977 1 0 1706817110
WALL 21198977 1 0 1706817111
WALL 21198977 1 0 1706817112
WALL 21198977 1 0 1706817113
WALL 21198977 1 0 1706817114
WALL 21198977 1 0 1706817115
WALL 21198977 1 0 1706817116
WALL 21198977 1 0 1706817117
WALL 21198977 1 0 1706817118
WALL 21198977 1 0 1706817119
WALL 21198977 1 0 1706817120
WALL 21198977 1 0 1706817121
WALL 21198977 1 0 1706817122
WALL 21198977 1 0 1706817123
WALL 21198977 1 0 1706817124
WALL 21198977 1 0 1706817125
WALL 21198977 1 0 1706817126
WALL 21198977 1 0 1706817127
WALL 21198977 1 0 1706817128
WALL 21198977 1 0 1706817129
WALL 21198977 1 0 1706817130
WALL 21198977 1 0 1706817131
WALL 21198977 1 0 1706817132
WALL 21198977 1 0 1706817133
WALL 21198977 1 0 1706817134
WALL 21198977 1 0 1706817135
WALL 21198977 1 0 1706817136
WALL 21198977 1 0 1706817137
WALL 21198977 1 0 1706817138
WALL 21198977 1 0 1706817139
WALL 21198977 1 0 1706817140
WALL 21198977 1 0 1706817141
WALL 21198977 1 0 1706817142
WALL 21198977 1 0 1706817143
WALL 21198977 1 0 1706817144
WALL 21198977 1 0 1706817145
WALL 21198977 1 0 1706817146
WALL 21198977 1 0 1706817147
WALL 21198977 1 0 1706817148
WALL 21198977 1 0 1706817149
WALL 21198977 1 0 1706817150
WALL 21198977 1 0 1706817151
WALL 21198977 1 0 1706817152
WALL 21198977 1 0 1706817153
WALL 21198977 1 0 1706817154
WALL 21198977 1 0 1706817155
WALL 21198977 1 0 1706817156
WALL 21198977 1 0 1706817157
WALL 21198977 1 0 1706817158
WALL 21198977 1 0 1706817159
WALL 21198977 1 0 1706817160
WALL 21198977 1 0 1706817161
WALL 21198977 1 0 1706817162
WALL 21198977 1 0 1706817163
WALL 21198977 1 0 1706817164
WALL 21198977 1 0 1706817165
WALL 21198977 1 0 1706817166
WALL 21198977 1 0 1706817167
WALL 21198977 1 0 1706817168
WALL 21198977 1 0 1706817169
WALL 21198977 1 0 1706817170
WALL 21198977 1 0 1706817171
WALL 21198977 1 0 1706817172
WALL 21198977 1 0 1706817173
WALL 21198977 1 0 1706817174
WALL 21198977 1 0 1706817175
WALL 21198977 1 0 1706817176
WALL 21198977 1 0 1706817177
WALL 21198977 1 0 1706817178
WALL 21198977 1 0 1706817179
WALL 21198977 1 0 1706817180
WALL 21198977 1 0 1706817181
WALL 21198977 1 0 1706817182
WALL 21198977 1 0 1706817183
WALL 21198977 1 0 1706817184
WALL 21198977 1 0 1706817185
WALL 21198977 1 0 1706817186
WALL 21198977 1 0 1706817187
WALL 21198977 1 0 1706817188
WALL 21198977 1 0 1706817189
WALL 21198977 1 0 1706817190
WALL 21198977 1 0 1706817191
WALL 21198977 1 0 1706817192
WALL 21198977 1 0 1706817193
WALL 21198977 1 0 1706817194
WALL 21198977 1 0 1706817195
WALL 21198977 1 0 1706817196
WALL 21198977 1 0 1706817197
WALL 21198977 1 0 1706817198
WALL 21198977 1 0 1706817199
WALL 21198977 1 0 1706817200
WALL 21198977 1 0 1706817201
WALL 21198977 1 0 1706817202
WALL 21198977 1 0 1706817203
received SIGCONT 1706817204
WALL 21198977 1 0 1706817204
slurmstepd: error: *** STEP 21198977.0 ON nid200025 CANCELLED AT 2024-02-01T19:53:24 ***
received SIGTERM 1706817204
WALL 21198977 1 0 1706817204
WALL 21198977 1 0 1706817205
WALL 21198977 1 0 1706817206
WALL 21198977 1 0 1706817207
WALL 21198977 1 0 1706817208
WALL 21198977 1 0 1706817209
WALL 21198977 1 0 1706817210
WALL 21198977 1 0 1706817211
WALL 21198977 1 0 1706817212
WALL 21198977 1 0 1706817213
WALL 21198977 1 0 1706817214
WALL 21198977 1 0 1706817215
WALL 21198977 1 0 1706817216
WALL 21198977 1 0 1706817217
WALL 21198977 1 0 1706817218
WALL 21198977 1 0 1706817219
WALL 21198977 1 0 1706817220
WALL 21198977 1 0 1706817221
WALL 21198977 1 0 1706817222
WALL 21198977 1 0 1706817223
WALL 21198977 1 0 1706817224
WALL 21198977 1 0 1706817225
WALL 21198977 1 0 1706817226
WALL 21198977 1 0 1706817227
WALL 21198977 1 0 1706817228
WALL 21198977 1 0 1706817229
WALL 21198977 1 0 1706817230
WALL 21198977 1 0 1706817231
WALL 21198977 1 0 1706817232
WALL 21198977 1 0 1706817233
WALL 21198977 1 0 1706817234
WALL 21198977 1 0 1706817235
WALL 21198977 1 0 1706817236
WALL 21198977 1 0 1706817237
WALL 21198977 1 0 1706817238
WALL 21198977 1 0 1706817239
WALL 21198977 1 0 1706817240
WALL 21198977 1 0 1706817241
WALL 21198977 1 0 1706817242
WALL 21198977 1 0 1706817243
WALL 21198977 1 0 1706817244
WALL 21198977 1 0 1706817245
WALL 21198977 1 0 1706817246
WALL 21198977 1 0 1706817247
WALL 21198977 1 0 1706817248
WALL 21198977 1 0 1706817249
WALL 21198977 1 0 1706817250
WALL 21198977 1 0 1706817251
WALL 21198977 1 0 1706817252
WALL 21198977 1 0 1706817253
WALL 21198977 1 0 1706817254
WALL 21198977 1 0 1706817255
WALL 21198977 1 0 1706817256
WALL 21198977 1 0 1706817257
WALL 21198977 1 0 1706817258
WALL 21198977 1 0 1706817259
WALL 21198977 1 0 1706817260
WALL 21198977 1 0 1706817261
WALL 21198977 1 0 1706817262
WALL 21198977 1 0 1706817263
WALL 21198977 1 0 1706817264
WALL 21198977 1 0 1706817265
WALL 21198977 1 0 1706817266
WALL 21198977 1 0 1706817267
WALL 21198977 1 0 1706817268
slurmstepd: error: *** JOB 21198977 ON nid200025 CANCELLED AT 2024-02-01T19:54:28 DUE TO PREEMPTION ***
received SIGTERM 1706817268
WALL 21198977 1 0 1706817268
received SIGCONT 1706817268
WALL 21198977 1 0 1706817268
received SIGTERM 1706817268
WALL 21198977 1 0 1706817268
srun: Job step aborted: Waiting up to 32 seconds for job step to finish.
