srun: warning: can't run 1 processes on 4 nodes, setting nnodes to 1
WALL 21203130 1 0 1706817736
WALL 21203130 1 0 1706817737
WALL 21203130 1 0 1706817738
WALL 21203130 1 0 1706817739
WALL 21203130 1 0 1706817740
WALL 21203130 1 0 1706817741
WALL 21203130 1 0 1706817742
WALL 21203130 1 0 1706817743
WALL 21203130 1 0 1706817744
WALL 21203130 1 0 1706817745
WALL 21203130 1 0 1706817746
WALL 21203130 1 0 1706817747
WALL 21203130 1 0 1706817748
WALL 21203130 1 0 1706817749
WALL 21203130 1 0 1706817750
WALL 21203130 1 0 1706817751
WALL 21203130 1 0 1706817752
WALL 21203130 1 0 1706817753
WALL 21203130 1 0 1706817754
WALL 21203130 1 0 1706817755
WALL 21203130 1 0 1706817756
WALL 21203130 1 0 1706817757
WALL 21203130 1 0 1706817758
WALL 21203130 1 0 1706817759
WALL 21203130 1 0 1706817760
WALL 21203130 1 0 1706817761
WALL 21203130 1 0 1706817762
WALL 21203130 1 0 1706817763
WALL 21203130 1 0 1706817764
WALL 21203130 1 0 1706817765
WALL 21203130 1 0 1706817766
WALL 21203130 1 0 1706817767
WALL 21203130 1 0 1706817768
WALL 21203130 1 0 1706817769
WALL 21203130 1 0 1706817770
WALL 21203130 1 0 1706817771
WALL 21203130 1 0 1706817772
WALL 21203130 1 0 1706817773
WALL 21203130 1 0 1706817774
WALL 21203130 1 0 1706817775
WALL 21203130 1 0 1706817776
WALL 21203130 1 0 1706817777
WALL 21203130 1 0 1706817778
WALL 21203130 1 0 1706817779
WALL 21203130 1 0 1706817780
WALL 21203130 1 0 1706817781
WALL 21203130 1 0 1706817782
WALL 21203130 1 0 1706817783
WALL 21203130 1 0 1706817784
WALL 21203130 1 0 1706817785
WALL 21203130 1 0 1706817786
WALL 21203130 1 0 1706817787
WALL 21203130 1 0 1706817788
WALL 21203130 1 0 1706817789
WALL 21203130 1 0 1706817790
WALL 21203130 1 0 1706817791
WALL 21203130 1 0 1706817792
WALL 21203130 1 0 1706817793
WALL 21203130 1 0 1706817794
WALL 21203130 1 0 1706817795
WALL 21203130 1 0 1706817796
WALL 21203130 1 0 1706817797
WALL 21203130 1 0 1706817798
WALL 21203130 1 0 1706817799
WALL 21203130 1 0 1706817800
WALL 21203130 1 0 1706817801
WALL 21203130 1 0 1706817802
WALL 21203130 1 0 1706817803
WALL 21203130 1 0 1706817804
WALL 21203130 1 0 1706817805
WALL 21203130 1 0 1706817806
WALL 21203130 1 0 1706817807
WALL 21203130 1 0 1706817808
WALL 21203130 1 0 1706817809
WALL 21203130 1 0 1706817810
WALL 21203130 1 0 1706817811
WALL 21203130 1 0 1706817812
WALL 21203130 1 0 1706817813
WALL 21203130 1 0 1706817814
WALL 21203130 1 0 1706817815
WALL 21203130 1 0 1706817816
WALL 21203130 1 0 1706817817
WALL 21203130 1 0 1706817818
WALL 21203130 1 0 1706817819
WALL 21203130 1 0 1706817820
WALL 21203130 1 0 1706817821
WALL 21203130 1 0 1706817822
WALL 21203130 1 0 1706817823
WALL 21203130 1 0 1706817824
WALL 21203130 1 0 1706817825
WALL 21203130 1 0 1706817826
WALL 21203130 1 0 1706817827
WALL 21203130 1 0 1706817828
WALL 21203130 1 0 1706817829
WALL 21203130 1 0 1706817830
WALL 21203130 1 0 1706817831
WALL 21203130 1 0 1706817832
WALL 21203130 1 0 1706817833
WALL 21203130 1 0 1706817834
WALL 21203130 1 0 1706817835
WALL 21203130 1 0 1706817836
WALL 21203130 1 0 1706817837
WALL 21203130 1 0 1706817838
WALL 21203130 1 0 1706817839
WALL 21203130 1 0 1706817840
WALL 21203130 1 0 1706817841
WALL 21203130 1 0 1706817842
WALL 21203130 1 0 1706817843
WALL 21203130 1 0 1706817844
WALL 21203130 1 0 1706817845
WALL 21203130 1 0 1706817846
WALL 21203130 1 0 1706817847
WALL 21203130 1 0 1706817848
WALL 21203130 1 0 1706817849
WALL 21203130 1 0 1706817850
WALL 21203130 1 0 1706817851
WALL 21203130 1 0 1706817852
WALL 21203130 1 0 1706817853
WALL 21203130 1 0 1706817854
WALL 21203130 1 0 1706817855
WALL 21203130 1 0 1706817856
WALL 21203130 1 0 1706817857
WALL 21203130 1 0 1706817858
WALL 21203130 1 0 1706817859
WALL 21203130 1 0 1706817860
WALL 21203130 1 0 1706817861
WALL 21203130 1 0 1706817862
WALL 21203130 1 0 1706817863
WALL 21203130 1 0 1706817864
WALL 21203130 1 0 1706817865
WALL 21203130 1 0 1706817866
WALL 21203130 1 0 1706817867
WALL 21203130 1 0 1706817868
WALL 21203130 1 0 1706817869
WALL 21203130 1 0 1706817870
WALL 21203130 1 0 1706817871
WALL 21203130 1 0 1706817872
WALL 21203130 1 0 1706817873
WALL 21203130 1 0 1706817874
WALL 21203130 1 0 1706817875
WALL 21203130 1 0 1706817876
WALL 21203130 1 0 1706817877
WALL 21203130 1 0 1706817878
WALL 21203130 1 0 1706817879
WALL 21203130 1 0 1706817880
WALL 21203130 1 0 1706817881
WALL 21203130 1 0 1706817882
WALL 21203130 1 0 1706817883
WALL 21203130 1 0 1706817884
WALL 21203130 1 0 1706817885
WALL 21203130 1 0 1706817886
WALL 21203130 1 0 1706817887
WALL 21203130 1 0 1706817888
WALL 21203130 1 0 1706817889
WALL 21203130 1 0 1706817890
WALL 21203130 1 0 1706817891
WALL 21203130 1 0 1706817892
WALL 21203130 1 0 1706817893
WALL 21203130 1 0 1706817894
WALL 21203130 1 0 1706817895
WALL 21203130 1 0 1706817896
WALL 21203130 1 0 1706817897
WALL 21203130 1 0 1706817898
WALL 21203130 1 0 1706817899
WALL 21203130 1 0 1706817900
WALL 21203130 1 0 1706817901
WALL 21203130 1 0 1706817902
WALL 21203130 1 0 1706817903
WALL 21203130 1 0 1706817904
WALL 21203130 1 0 1706817905
WALL 21203130 1 0 1706817906
WALL 21203130 1 0 1706817907
WALL 21203130 1 0 1706817908
WALL 21203130 1 0 1706817909
WALL 21203130 1 0 1706817910
WALL 21203130 1 0 1706817911
WALL 21203130 1 0 1706817912
WALL 21203130 1 0 1706817913
WALL 21203130 1 0 1706817914
WALL 21203130 1 0 1706817915
WALL 21203130 1 0 1706817916
WALL 21203130 1 0 1706817917
WALL 21203130 1 0 1706817918
WALL 21203130 1 0 1706817919
WALL 21203130 1 0 1706817920
WALL 21203130 1 0 1706817921
WALL 21203130 1 0 1706817922
WALL 21203130 1 0 1706817923
WALL 21203130 1 0 1706817924
WALL 21203130 1 0 1706817925
WALL 21203130 1 0 1706817926
WALL 21203130 1 0 1706817927
WALL 21203130 1 0 1706817928
WALL 21203130 1 0 1706817929
WALL 21203130 1 0 1706817930
WALL 21203130 1 0 1706817931
WALL 21203130 1 0 1706817932
WALL 21203130 1 0 1706817933
WALL 21203130 1 0 1706817934
WALL 21203130 1 0 1706817935
WALL 21203130 1 0 1706817936
WALL 21203130 1 0 1706817937
WALL 21203130 1 0 1706817938
WALL 21203130 1 0 1706817939
slurmstepd: error: *** STEP 21203130.0 ON nid200141 CANCELLED AT 2024-02-01T20:05:40 ***
received SIGCONT 1706817940
WALL 21203130 1 0 1706817940
received SIGTERM 1706817940
WALL 21203130 1 0 1706817940
WALL 21203130 1 0 1706817941
WALL 21203130 1 0 1706817942
WALL 21203130 1 0 1706817943
WALL 21203130 1 0 1706817944
WALL 21203130 1 0 1706817945
WALL 21203130 1 0 1706817946
WALL 21203130 1 0 1706817947
WALL 21203130 1 0 1706817948
WALL 21203130 1 0 1706817949
WALL 21203130 1 0 1706817950
WALL 21203130 1 0 1706817951
WALL 21203130 1 0 1706817952
WALL 21203130 1 0 1706817953
WALL 21203130 1 0 1706817954
WALL 21203130 1 0 1706817955
WALL 21203130 1 0 1706817956
WALL 21203130 1 0 1706817957
WALL 21203130 1 0 1706817958
WALL 21203130 1 0 1706817959
WALL 21203130 1 0 1706817960
WALL 21203130 1 0 1706817961
WALL 21203130 1 0 1706817962
WALL 21203130 1 0 1706817963
WALL 21203130 1 0 1706817964
WALL 21203130 1 0 1706817965
WALL 21203130 1 0 1706817966
WALL 21203130 1 0 1706817967
WALL 21203130 1 0 1706817968
WALL 21203130 1 0 1706817969
WALL 21203130 1 0 1706817970
WALL 21203130 1 0 1706817971
WALL 21203130 1 0 1706817972
WALL 21203130 1 0 1706817973
WALL 21203130 1 0 1706817974
WALL 21203130 1 0 1706817975
WALL 21203130 1 0 1706817976
WALL 21203130 1 0 1706817977
WALL 21203130 1 0 1706817978
WALL 21203130 1 0 1706817979
WALL 21203130 1 0 1706817980
WALL 21203130 1 0 1706817981
WALL 21203130 1 0 1706817982
WALL 21203130 1 0 1706817983
WALL 21203130 1 0 1706817984
WALL 21203130 1 0 1706817985
WALL 21203130 1 0 1706817986
WALL 21203130 1 0 1706817987
WALL 21203130 1 0 1706817988
WALL 21203130 1 0 1706817989
WALL 21203130 1 0 1706817990
WALL 21203130 1 0 1706817991
WALL 21203130 1 0 1706817992
WALL 21203130 1 0 1706817993
WALL 21203130 1 0 1706817994
WALL 21203130 1 0 1706817995
WALL 21203130 1 0 1706817996
WALL 21203130 1 0 1706817997
WALL 21203130 1 0 1706817998
WALL 21203130 1 0 1706817999
WALL 21203130 1 0 1706818000
WALL 21203130 1 0 1706818001
WALL 21203130 1 0 1706818002
WALL 21203130 1 0 1706818003
WALL 21203130 1 0 1706818004
WALL 21203130 1 0 1706818005
WALL 21203130 1 0 1706818006
WALL 21203130 1 0 1706818007
WALL 21203130 1 0 1706818008
WALL 21203130 1 0 1706818009
slurmstepd: error: *** JOB 21203130 ON nid200141 CANCELLED AT 2024-02-01T20:06:50 DUE TO PREEMPTION ***
received SIGTERM 1706818010
WALL 21203130 1 0 1706818010
received SIGCONT 1706818010
WALL 21203130 1 0 1706818010
received SIGTERM 1706818010
WALL 21203130 1 0 1706818010
