WALL 21207955 1 0 1706822030
WALL 21207955 1 0 1706822031
WALL 21207955 1 0 1706822032
WALL 21207955 1 0 1706822033
WALL 21207955 1 0 1706822034
WALL 21207955 1 0 1706822035
WALL 21207955 1 0 1706822036
WALL 21207955 1 0 1706822037
WALL 21207955 1 0 1706822038
WALL 21207955 1 0 1706822039
WALL 21207955 1 0 1706822040
WALL 21207955 1 0 1706822041
WALL 21207955 1 0 1706822042
WALL 21207955 1 0 1706822043
WALL 21207955 1 0 1706822044
WALL 21207955 1 0 1706822045
WALL 21207955 1 0 1706822046
WALL 21207955 1 0 1706822047
WALL 21207955 1 0 1706822048
WALL 21207955 1 0 1706822049
WALL 21207955 1 0 1706822050
WALL 21207955 1 0 1706822051
WALL 21207955 1 0 1706822052
WALL 21207955 1 0 1706822053
WALL 21207955 1 0 1706822054
WALL 21207955 1 0 1706822055
WALL 21207955 1 0 1706822056
WALL 21207955 1 0 1706822057
WALL 21207955 1 0 1706822058
WALL 21207955 1 0 1706822059
WALL 21207955 1 0 1706822060
WALL 21207955 1 0 1706822061
WALL 21207955 1 0 1706822062
WALL 21207955 1 0 1706822063
WALL 21207955 1 0 1706822064
WALL 21207955 1 0 1706822065
WALL 21207955 1 0 1706822066
WALL 21207955 1 0 1706822067
WALL 21207955 1 0 1706822068
WALL 21207955 1 0 1706822069
WALL 21207955 1 0 1706822070
WALL 21207955 1 0 1706822071
WALL 21207955 1 0 1706822072
WALL 21207955 1 0 1706822073
WALL 21207955 1 0 1706822074
WALL 21207955 1 0 1706822075
WALL 21207955 1 0 1706822076
WALL 21207955 1 0 1706822077
WALL 21207955 1 0 1706822078
WALL 21207955 1 0 1706822079
WALL 21207955 1 0 1706822080
WALL 21207955 1 0 1706822081
WALL 21207955 1 0 1706822082
WALL 21207955 1 0 1706822083
WALL 21207955 1 0 1706822084
WALL 21207955 1 0 1706822085
WALL 21207955 1 0 1706822086
WALL 21207955 1 0 1706822087
WALL 21207955 1 0 1706822088
WALL 21207955 1 0 1706822089
WALL 21207955 1 0 1706822090
WALL 21207955 1 0 1706822091
WALL 21207955 1 0 1706822092
WALL 21207955 1 0 1706822093
WALL 21207955 1 0 1706822094
WALL 21207955 1 0 1706822095
WALL 21207955 1 0 1706822096
WALL 21207955 1 0 1706822097
WALL 21207955 1 0 1706822098
WALL 21207955 1 0 1706822099
WALL 21207955 1 0 1706822100
WALL 21207955 1 0 1706822101
WALL 21207955 1 0 1706822102
WALL 21207955 1 0 1706822103
WALL 21207955 1 0 1706822104
WALL 21207955 1 0 1706822105
WALL 21207955 1 0 1706822106
WALL 21207955 1 0 1706822107
WALL 21207955 1 0 1706822108
WALL 21207955 1 0 1706822109
WALL 21207955 1 0 1706822110
WALL 21207955 1 0 1706822111
WALL 21207955 1 0 1706822112
WALL 21207955 1 0 1706822113
WALL 21207955 1 0 1706822114
WALL 21207955 1 0 1706822115
WALL 21207955 1 0 1706822116
WALL 21207955 1 0 1706822117
WALL 21207955 1 0 1706822118
WALL 21207955 1 0 1706822119
WALL 21207955 1 0 1706822120
WALL 21207955 1 0 1706822121
WALL 21207955 1 0 1706822122
WALL 21207955 1 0 1706822123
WALL 21207955 1 0 1706822124
WALL 21207955 1 0 1706822125
WALL 21207955 1 0 1706822126
WALL 21207955 1 0 1706822127
WALL 21207955 1 0 1706822128
WALL 21207955 1 0 1706822129
WALL 21207955 1 0 1706822130
WALL 21207955 1 0 1706822131
WALL 21207955 1 0 1706822132
WALL 21207955 1 0 1706822133
WALL 21207955 1 0 1706822134
WALL 21207955 1 0 1706822135
WALL 21207955 1 0 1706822136
WALL 21207955 1 0 1706822137
WALL 21207955 1 0 1706822138
WALL 21207955 1 0 1706822139
WALL 21207955 1 0 1706822140
WALL 21207955 1 0 1706822141
WALL 21207955 1 0 1706822142
WALL 21207955 1 0 1706822143
WALL 21207955 1 0 1706822144
WALL 21207955 1 0 1706822145
WALL 21207955 1 0 1706822146
WALL 21207955 1 0 1706822147
WALL 21207955 1 0 1706822148
WALL 21207955 1 0 1706822149
received SIGCONT 1706822150
WALL 21207955 1 0 1706822150
slurmstepd: error: *** STEP 21207955.0 ON nid200175 CANCELLED AT 2024-02-01T21:15:50 ***
received SIGTERM 1706822150
WALL 21207955 1 0 1706822150
WALL 21207955 1 0 1706822151
WALL 21207955 1 0 1706822152
WALL 21207955 1 0 1706822153
WALL 21207955 1 0 1706822154
WALL 21207955 1 0 1706822155
WALL 21207955 1 0 1706822156
WALL 21207955 1 0 1706822157
WALL 21207955 1 0 1706822158
WALL 21207955 1 0 1706822159
WALL 21207955 1 0 1706822160
WALL 21207955 1 0 1706822161
WALL 21207955 1 0 1706822162
WALL 21207955 1 0 1706822163
WALL 21207955 1 0 1706822164
WALL 21207955 1 0 1706822165
WALL 21207955 1 0 1706822166
WALL 21207955 1 0 1706822167
WALL 21207955 1 0 1706822168
WALL 21207955 1 0 1706822169
WALL 21207955 1 0 1706822170
WALL 21207955 1 0 1706822171
WALL 21207955 1 0 1706822172
WALL 21207955 1 0 1706822173
WALL 21207955 1 0 1706822174
WALL 21207955 1 0 1706822175
WALL 21207955 1 0 1706822176
WALL 21207955 1 0 1706822177
WALL 21207955 1 0 1706822178
WALL 21207955 1 0 1706822179
WALL 21207955 1 0 1706822180
WALL 21207955 1 0 1706822181
WALL 21207955 1 0 1706822182
WALL 21207955 1 0 1706822183
WALL 21207955 1 0 1706822184
WALL 21207955 1 0 1706822185
WALL 21207955 1 0 1706822186
WALL 21207955 1 0 1706822187
WALL 21207955 1 0 1706822188
WALL 21207955 1 0 1706822189
WALL 21207955 1 0 1706822190
WALL 21207955 1 0 1706822191
WALL 21207955 1 0 1706822192
WALL 21207955 1 0 1706822193
WALL 21207955 1 0 1706822194
WALL 21207955 1 0 1706822195
WALL 21207955 1 0 1706822196
WALL 21207955 1 0 1706822197
WALL 21207955 1 0 1706822198
WALL 21207955 1 0 1706822199
WALL 21207955 1 0 1706822200
WALL 21207955 1 0 1706822201
WALL 21207955 1 0 1706822202
WALL 21207955 1 0 1706822203
WALL 21207955 1 0 1706822204
WALL 21207955 1 0 1706822205
WALL 21207955 1 0 1706822206
WALL 21207955 1 0 1706822207
WALL 21207955 1 0 1706822208
WALL 21207955 1 0 1706822209
WALL 21207955 1 0 1706822210
WALL 21207955 1 0 1706822211
WALL 21207955 1 0 1706822212
WALL 21207955 1 0 1706822213
WALL 21207955 1 0 1706822214
WALL 21207955 1 0 1706822215
WALL 21207955 1 0 1706822216
WALL 21207955 1 0 1706822217
slurmstepd: error: *** JOB 21207955 ON nid200175 CANCELLED AT 2024-02-01T21:16:58 DUE TO PREEMPTION ***
received SIGTERM 1706822218
WALL 21207955 1 0 1706822218
received SIGCONT 1706822218
WALL 21207955 1 0 1706822218
received SIGTERM 1706822218
WALL 21207955 1 0 1706822218
