WALL 21088715 1 0 1706660677
WALL 21088715 1 0 1706660678
WALL 21088715 1 0 1706660679
WALL 21088715 1 0 1706660680
WALL 21088715 1 0 1706660681
WALL 21088715 1 0 1706660682
WALL 21088715 1 0 1706660683
WALL 21088715 1 0 1706660684
WALL 21088715 1 0 1706660685
WALL 21088715 1 0 1706660686
WALL 21088715 1 0 1706660687
WALL 21088715 1 0 1706660688
WALL 21088715 1 0 1706660689
WALL 21088715 1 0 1706660690
WALL 21088715 1 0 1706660691
WALL 21088715 1 0 1706660692
WALL 21088715 1 0 1706660693
WALL 21088715 1 0 1706660694
WALL 21088715 1 0 1706660695
WALL 21088715 1 0 1706660696
WALL 21088715 1 0 1706660697
WALL 21088715 1 0 1706660698
WALL 21088715 1 0 1706660699
WALL 21088715 1 0 1706660700
WALL 21088715 1 0 1706660701
WALL 21088715 1 0 1706660702
WALL 21088715 1 0 1706660703
WALL 21088715 1 0 1706660704
WALL 21088715 1 0 1706660705
WALL 21088715 1 0 1706660706
WALL 21088715 1 0 1706660707
WALL 21088715 1 0 1706660708
WALL 21088715 1 0 1706660709
WALL 21088715 1 0 1706660710
WALL 21088715 1 0 1706660711
WALL 21088715 1 0 1706660712
WALL 21088715 1 0 1706660713
WALL 21088715 1 0 1706660714
WALL 21088715 1 0 1706660715
WALL 21088715 1 0 1706660716
WALL 21088715 1 0 1706660717
WALL 21088715 1 0 1706660718
WALL 21088715 1 0 1706660719
WALL 21088715 1 0 1706660720
WALL 21088715 1 0 1706660721
WALL 21088715 1 0 1706660722
WALL 21088715 1 0 1706660723
WALL 21088715 1 0 1706660724
WALL 21088715 1 0 1706660725
WALL 21088715 1 0 1706660726
WALL 21088715 1 0 1706660727
WALL 21088715 1 0 1706660728
WALL 21088715 1 0 1706660729
WALL 21088715 1 0 1706660730
WALL 21088715 1 0 1706660731
WALL 21088715 1 0 1706660732
WALL 21088715 1 0 1706660733
WALL 21088715 1 0 1706660734
WALL 21088715 1 0 1706660735
WALL 21088715 1 0 1706660736
WALL 21088715 1 0 1706660737
WALL 21088715 1 0 1706660738
WALL 21088715 1 0 1706660739
WALL 21088715 1 0 1706660740
WALL 21088715 1 0 1706660741
WALL 21088715 1 0 1706660742
WALL 21088715 1 0 1706660743
WALL 21088715 1 0 1706660744
WALL 21088715 1 0 1706660745
WALL 21088715 1 0 1706660746
WALL 21088715 1 0 1706660747
WALL 21088715 1 0 1706660748
WALL 21088715 1 0 1706660749
WALL 21088715 1 0 1706660750
WALL 21088715 1 0 1706660751
WALL 21088715 1 0 1706660752
WALL 21088715 1 0 1706660753
WALL 21088715 1 0 1706660754
WALL 21088715 1 0 1706660755
WALL 21088715 1 0 1706660756
WALL 21088715 1 0 1706660757
WALL 21088715 1 0 1706660758
WALL 21088715 1 0 1706660759
WALL 21088715 1 0 1706660760
WALL 21088715 1 0 1706660761
WALL 21088715 1 0 1706660762
WALL 21088715 1 0 1706660763
WALL 21088715 1 0 1706660764
WALL 21088715 1 0 1706660765
WALL 21088715 1 0 1706660766
WALL 21088715 1 0 1706660767
WALL 21088715 1 0 1706660768
WALL 21088715 1 0 1706660769
WALL 21088715 1 0 1706660770
WALL 21088715 1 0 1706660771
WALL 21088715 1 0 1706660772
WALL 21088715 1 0 1706660773
WALL 21088715 1 0 1706660774
WALL 21088715 1 0 1706660775
WALL 21088715 1 0 1706660776
WALL 21088715 1 0 1706660777
WALL 21088715 1 0 1706660778
WALL 21088715 1 0 1706660779
WALL 21088715 1 0 1706660780
WALL 21088715 1 0 1706660781
WALL 21088715 1 0 1706660782
WALL 21088715 1 0 1706660783
WALL 21088715 1 0 1706660784
WALL 21088715 1 0 1706660785
WALL 21088715 1 0 1706660786
WALL 21088715 1 0 1706660787
WALL 21088715 1 0 1706660788
WALL 21088715 1 0 1706660789
WALL 21088715 1 0 1706660790
WALL 21088715 1 0 1706660791
WALL 21088715 1 0 1706660792
WALL 21088715 1 0 1706660793
WALL 21088715 1 0 1706660794
WALL 21088715 1 0 1706660795
WALL 21088715 1 0 1706660796
WALL 21088715 1 0 1706660797
WALL 21088715 1 0 1706660798
WALL 21088715 1 0 1706660799
WALL 21088715 1 0 1706660800
WALL 21088715 1 0 1706660801
WALL 21088715 1 0 1706660802
WALL 21088715 1 0 1706660803
WALL 21088715 1 0 1706660804
WALL 21088715 1 0 1706660805
WALL 21088715 1 0 1706660806
WALL 21088715 1 0 1706660807
WALL 21088715 1 0 1706660808
WALL 21088715 1 0 1706660809
received SIGCONT 1706660809
WALL 21088715 1 0 1706660809
slurmstepd: error: *** STEP 21088715.0 ON nid200196 CANCELLED AT 2024-01-31T00:26:49 ***
received SIGTERM 1706660809
WALL 21088715 1 0 1706660809
WALL 21088715 1 0 1706660810
WALL 21088715 1 0 1706660811
WALL 21088715 1 0 1706660812
WALL 21088715 1 0 1706660813
WALL 21088715 1 0 1706660814
WALL 21088715 1 0 1706660815
WALL 21088715 1 0 1706660816
WALL 21088715 1 0 1706660817
WALL 21088715 1 0 1706660818
WALL 21088715 1 0 1706660819
WALL 21088715 1 0 1706660820
WALL 21088715 1 0 1706660821
WALL 21088715 1 0 1706660822
WALL 21088715 1 0 1706660823
WALL 21088715 1 0 1706660824
WALL 21088715 1 0 1706660825
WALL 21088715 1 0 1706660826
WALL 21088715 1 0 1706660827
WALL 21088715 1 0 1706660828
WALL 21088715 1 0 1706660829
WALL 21088715 1 0 1706660830
WALL 21088715 1 0 1706660831
WALL 21088715 1 0 1706660832
WALL 21088715 1 0 1706660833
WALL 21088715 1 0 1706660834
WALL 21088715 1 0 1706660835
WALL 21088715 1 0 1706660836
WALL 21088715 1 0 1706660837
WALL 21088715 1 0 1706660838
WALL 21088715 1 0 1706660839
WALL 21088715 1 0 1706660840
WALL 21088715 1 0 1706660841
WALL 21088715 1 0 1706660842
WALL 21088715 1 0 1706660843
WALL 21088715 1 0 1706660844
WALL 21088715 1 0 1706660845
WALL 21088715 1 0 1706660846
WALL 21088715 1 0 1706660847
WALL 21088715 1 0 1706660848
WALL 21088715 1 0 1706660849
WALL 21088715 1 0 1706660850
WALL 21088715 1 0 1706660851
WALL 21088715 1 0 1706660852
WALL 21088715 1 0 1706660853
WALL 21088715 1 0 1706660854
WALL 21088715 1 0 1706660856
WALL 21088715 1 0 1706660857
WALL 21088715 1 0 1706660858
WALL 21088715 1 0 1706660859
WALL 21088715 1 0 1706660860
WALL 21088715 1 0 1706660861
WALL 21088715 1 0 1706660862
WALL 21088715 1 0 1706660863
WALL 21088715 1 0 1706660864
WALL 21088715 1 0 1706660865
WALL 21088715 1 0 1706660866
WALL 21088715 1 0 1706660867
WALL 21088715 1 0 1706660868
WALL 21088715 1 0 1706660869
WALL 21088715 1 0 1706660870
WALL 21088715 1 0 1706660871
WALL 21088715 1 0 1706660872
WALL 21088715 1 0 1706660873
WALL 21088715 1 0 1706660874
WALL 21088715 1 0 1706660875
WALL 21088715 1 0 1706660876
WALL 21088715 1 0 1706660877
WALL 21088715 1 0 1706660878
WALL 21088715 1 0 1706660879
WALL 21088715 1 0 1706660880
WALL 21088715 1 0 1706660881
WALL 21088715 1 0 1706660882
WALL 21088715 1 0 1706660883
WALL 21088715 1 0 1706660884
WALL 21088715 1 0 1706660885
slurmstepd: error: *** JOB 21088715 ON nid200196 CANCELLED AT 2024-01-31T00:28:05 DUE TO PREEMPTION ***
received SIGTERM 1706660885
WALL 21088715 1 0 1706660885
received SIGCONT 1706660885
WALL 21088715 1 0 1706660885
received SIGTERM 1706660885
WALL 21088715 1 0 1706660885
