WALL 21149706 1 0 1706738004
WALL 21149706 1 0 1706738005
WALL 21149706 1 0 1706738006
WALL 21149706 1 0 1706738007
WALL 21149706 1 0 1706738008
WALL 21149706 1 0 1706738009
WALL 21149706 1 0 1706738010
WALL 21149706 1 0 1706738011
WALL 21149706 1 0 1706738012
WALL 21149706 1 0 1706738013
WALL 21149706 1 0 1706738014
WALL 21149706 1 0 1706738015
WALL 21149706 1 0 1706738016
WALL 21149706 1 0 1706738017
WALL 21149706 1 0 1706738018
WALL 21149706 1 0 1706738019
WALL 21149706 1 0 1706738020
WALL 21149706 1 0 1706738021
WALL 21149706 1 0 1706738022
WALL 21149706 1 0 1706738023
WALL 21149706 1 0 1706738024
WALL 21149706 1 0 1706738025
WALL 21149706 1 0 1706738026
WALL 21149706 1 0 1706738027
WALL 21149706 1 0 1706738028
WALL 21149706 1 0 1706738029
WALL 21149706 1 0 1706738030
WALL 21149706 1 0 1706738031
WALL 21149706 1 0 1706738032
WALL 21149706 1 0 1706738033
WALL 21149706 1 0 1706738034
WALL 21149706 1 0 1706738035
WALL 21149706 1 0 1706738036
WALL 21149706 1 0 1706738037
WALL 21149706 1 0 1706738038
WALL 21149706 1 0 1706738039
WALL 21149706 1 0 1706738040
WALL 21149706 1 0 1706738041
WALL 21149706 1 0 1706738042
WALL 21149706 1 0 1706738043
WALL 21149706 1 0 1706738044
WALL 21149706 1 0 1706738045
WALL 21149706 1 0 1706738046
WALL 21149706 1 0 1706738047
WALL 21149706 1 0 1706738048
WALL 21149706 1 0 1706738049
WALL 21149706 1 0 1706738050
WALL 21149706 1 0 1706738051
WALL 21149706 1 0 1706738052
WALL 21149706 1 0 1706738053
WALL 21149706 1 0 1706738054
WALL 21149706 1 0 1706738055
WALL 21149706 1 0 1706738056
WALL 21149706 1 0 1706738057
WALL 21149706 1 0 1706738058
WALL 21149706 1 0 1706738059
WALL 21149706 1 0 1706738060
WALL 21149706 1 0 1706738061
WALL 21149706 1 0 1706738062
WALL 21149706 1 0 1706738063
WALL 21149706 1 0 1706738064
WALL 21149706 1 0 1706738065
WALL 21149706 1 0 1706738066
WALL 21149706 1 0 1706738067
WALL 21149706 1 0 1706738068
WALL 21149706 1 0 1706738069
WALL 21149706 1 0 1706738070
WALL 21149706 1 0 1706738071
WALL 21149706 1 0 1706738072
WALL 21149706 1 0 1706738073
WALL 21149706 1 0 1706738074
WALL 21149706 1 0 1706738075
WALL 21149706 1 0 1706738076
WALL 21149706 1 0 1706738077
WALL 21149706 1 0 1706738078
WALL 21149706 1 0 1706738079
WALL 21149706 1 0 1706738080
WALL 21149706 1 0 1706738081
WALL 21149706 1 0 1706738082
WALL 21149706 1 0 1706738083
WALL 21149706 1 0 1706738084
WALL 21149706 1 0 1706738085
WALL 21149706 1 0 1706738086
WALL 21149706 1 0 1706738087
WALL 21149706 1 0 1706738088
WALL 21149706 1 0 1706738089
WALL 21149706 1 0 1706738090
WALL 21149706 1 0 1706738091
WALL 21149706 1 0 1706738092
WALL 21149706 1 0 1706738093
WALL 21149706 1 0 1706738094
WALL 21149706 1 0 1706738095
WALL 21149706 1 0 1706738096
WALL 21149706 1 0 1706738097
WALL 21149706 1 0 1706738098
WALL 21149706 1 0 1706738099
WALL 21149706 1 0 1706738100
WALL 21149706 1 0 1706738101
WALL 21149706 1 0 1706738102
WALL 21149706 1 0 1706738103
WALL 21149706 1 0 1706738104
WALL 21149706 1 0 1706738105
WALL 21149706 1 0 1706738106
WALL 21149706 1 0 1706738107
WALL 21149706 1 0 1706738108
WALL 21149706 1 0 1706738109
WALL 21149706 1 0 1706738110
WALL 21149706 1 0 1706738111
WALL 21149706 1 0 1706738112
WALL 21149706 1 0 1706738113
WALL 21149706 1 0 1706738114
WALL 21149706 1 0 1706738115
WALL 21149706 1 0 1706738116
WALL 21149706 1 0 1706738117
WALL 21149706 1 0 1706738118
WALL 21149706 1 0 1706738119
WALL 21149706 1 0 1706738120
WALL 21149706 1 0 1706738121
WALL 21149706 1 0 1706738122
WALL 21149706 1 0 1706738123
WALL 21149706 1 0 1706738124
WALL 21149706 1 0 1706738125
WALL 21149706 1 0 1706738126
WALL 21149706 1 0 1706738127
WALL 21149706 1 0 1706738128
WALL 21149706 1 0 1706738129
WALL 21149706 1 0 1706738130
WALL 21149706 1 0 1706738131
WALL 21149706 1 0 1706738132
WALL 21149706 1 0 1706738133
WALL 21149706 1 0 1706738134
WALL 21149706 1 0 1706738135
WALL 21149706 1 0 1706738136
WALL 21149706 1 0 1706738137
WALL 21149706 1 0 1706738138
WALL 21149706 1 0 1706738139
WALL 21149706 1 0 1706738140
WALL 21149706 1 0 1706738141
WALL 21149706 1 0 1706738142
WALL 21149706 1 0 1706738143
WALL 21149706 1 0 1706738144
WALL 21149706 1 0 1706738145
WALL 21149706 1 0 1706738146
WALL 21149706 1 0 1706738147
WALL 21149706 1 0 1706738148
WALL 21149706 1 0 1706738149
WALL 21149706 1 0 1706738150
WALL 21149706 1 0 1706738151
WALL 21149706 1 0 1706738152
WALL 21149706 1 0 1706738153
WALL 21149706 1 0 1706738154
WALL 21149706 1 0 1706738155
WALL 21149706 1 0 1706738156
WALL 21149706 1 0 1706738157
WALL 21149706 1 0 1706738158
WALL 21149706 1 0 1706738159
WALL 21149706 1 0 1706738160
WALL 21149706 1 0 1706738161
WALL 21149706 1 0 1706738162
WALL 21149706 1 0 1706738163
WALL 21149706 1 0 1706738164
WALL 21149706 1 0 1706738165
WALL 21149706 1 0 1706738166
WALL 21149706 1 0 1706738167
WALL 21149706 1 0 1706738168
WALL 21149706 1 0 1706738169
WALL 21149706 1 0 1706738170
WALL 21149706 1 0 1706738171
WALL 21149706 1 0 1706738172
WALL 21149706 1 0 1706738173
WALL 21149706 1 0 1706738174
WALL 21149706 1 0 1706738175
WALL 21149706 1 0 1706738176
WALL 21149706 1 0 1706738177
WALL 21149706 1 0 1706738178
WALL 21149706 1 0 1706738179
WALL 21149706 1 0 1706738180
WALL 21149706 1 0 1706738181
WALL 21149706 1 0 1706738182
WALL 21149706 1 0 1706738183
WALL 21149706 1 0 1706738184
WALL 21149706 1 0 1706738185
WALL 21149706 1 0 1706738186
WALL 21149706 1 0 1706738187
WALL 21149706 1 0 1706738188
WALL 21149706 1 0 1706738189
WALL 21149706 1 0 1706738190
WALL 21149706 1 0 1706738191
WALL 21149706 1 0 1706738192
WALL 21149706 1 0 1706738193
WALL 21149706 1 0 1706738194
WALL 21149706 1 0 1706738195
WALL 21149706 1 0 1706738196
WALL 21149706 1 0 1706738197
WALL 21149706 1 0 1706738198
WALL 21149706 1 0 1706738199
WALL 21149706 1 0 1706738200
WALL 21149706 1 0 1706738201
WALL 21149706 1 0 1706738202
WALL 21149706 1 0 1706738203
WALL 21149706 1 0 1706738204
WALL 21149706 1 0 1706738205
WALL 21149706 1 0 1706738206
WALL 21149706 1 0 1706738207
WALL 21149706 1 0 1706738208
WALL 21149706 1 0 1706738209
WALL 21149706 1 0 1706738210
WALL 21149706 1 0 1706738211
WALL 21149706 1 0 1706738212
WALL 21149706 1 0 1706738213
WALL 21149706 1 0 1706738214
WALL 21149706 1 0 1706738215
WALL 21149706 1 0 1706738216
WALL 21149706 1 0 1706738217
WALL 21149706 1 0 1706738218
WALL 21149706 1 0 1706738219
WALL 21149706 1 0 1706738220
WALL 21149706 1 0 1706738221
WALL 21149706 1 0 1706738222
WALL 21149706 1 0 1706738223
WALL 21149706 1 0 1706738224
WALL 21149706 1 0 1706738225
WALL 21149706 1 0 1706738226
WALL 21149706 1 0 1706738227
WALL 21149706 1 0 1706738228
WALL 21149706 1 0 1706738229
WALL 21149706 1 0 1706738230
WALL 21149706 1 0 1706738231
WALL 21149706 1 0 1706738232
WALL 21149706 1 0 1706738233
WALL 21149706 1 0 1706738234
WALL 21149706 1 0 1706738235
WALL 21149706 1 0 1706738236
WALL 21149706 1 0 1706738237
WALL 21149706 1 0 1706738238
WALL 21149706 1 0 1706738239
WALL 21149706 1 0 1706738240
WALL 21149706 1 0 1706738241
WALL 21149706 1 0 1706738242
WALL 21149706 1 0 1706738243
WALL 21149706 1 0 1706738244
WALL 21149706 1 0 1706738245
WALL 21149706 1 0 1706738246
WALL 21149706 1 0 1706738247
WALL 21149706 1 0 1706738248
WALL 21149706 1 0 1706738249
WALL 21149706 1 0 1706738250
WALL 21149706 1 0 1706738251
WALL 21149706 1 0 1706738252
WALL 21149706 1 0 1706738253
WALL 21149706 1 0 1706738254
WALL 21149706 1 0 1706738255
WALL 21149706 1 0 1706738256
WALL 21149706 1 0 1706738257
WALL 21149706 1 0 1706738258
WALL 21149706 1 0 1706738259
WALL 21149706 1 0 1706738260
WALL 21149706 1 0 1706738261
WALL 21149706 1 0 1706738262
WALL 21149706 1 0 1706738263
WALL 21149706 1 0 1706738264
WALL 21149706 1 0 1706738265
WALL 21149706 1 0 1706738266
WALL 21149706 1 0 1706738267
WALL 21149706 1 0 1706738268
WALL 21149706 1 0 1706738269
WALL 21149706 1 0 1706738270
WALL 21149706 1 0 1706738271
WALL 21149706 1 0 1706738272
WALL 21149706 1 0 1706738273
WALL 21149706 1 0 1706738274
WALL 21149706 1 0 1706738275
WALL 21149706 1 0 1706738276
WALL 21149706 1 0 1706738277
WALL 21149706 1 0 1706738278
WALL 21149706 1 0 1706738279
WALL 21149706 1 0 1706738280
WALL 21149706 1 0 1706738281
WALL 21149706 1 0 1706738282
WALL 21149706 1 0 1706738283
WALL 21149706 1 0 1706738284
WALL 21149706 1 0 1706738285
WALL 21149706 1 0 1706738286
WALL 21149706 1 0 1706738287
WALL 21149706 1 0 1706738288
WALL 21149706 1 0 1706738289
WALL 21149706 1 0 1706738290
WALL 21149706 1 0 1706738291
WALL 21149706 1 0 1706738292
WALL 21149706 1 0 1706738293
WALL 21149706 1 0 1706738294
WALL 21149706 1 0 1706738295
WALL 21149706 1 0 1706738296
WALL 21149706 1 0 1706738297
WALL 21149706 1 0 1706738298
WALL 21149706 1 0 1706738299
WALL 21149706 1 0 1706738300
WALL 21149706 1 0 1706738301
WALL 21149706 1 0 1706738302
WALL 21149706 1 0 1706738303
WALL 21149706 1 0 1706738304
WALL 21149706 1 0 1706738305
WALL 21149706 1 0 1706738306
WALL 21149706 1 0 1706738307
WALL 21149706 1 0 1706738308
WALL 21149706 1 0 1706738309
WALL 21149706 1 0 1706738310
WALL 21149706 1 0 1706738311
WALL 21149706 1 0 1706738312
WALL 21149706 1 0 1706738313
WALL 21149706 1 0 1706738314
WALL 21149706 1 0 1706738315
WALL 21149706 1 0 1706738316
WALL 21149706 1 0 1706738317
WALL 21149706 1 0 1706738318
WALL 21149706 1 0 1706738319
WALL 21149706 1 0 1706738320
WALL 21149706 1 0 1706738321
WALL 21149706 1 0 1706738322
WALL 21149706 1 0 1706738323
WALL 21149706 1 0 1706738324
WALL 21149706 1 0 1706738325
WALL 21149706 1 0 1706738326
WALL 21149706 1 0 1706738327
WALL 21149706 1 0 1706738328
WALL 21149706 1 0 1706738329
WALL 21149706 1 0 1706738330
WALL 21149706 1 0 1706738331
WALL 21149706 1 0 1706738332
WALL 21149706 1 0 1706738333
WALL 21149706 1 0 1706738334
WALL 21149706 1 0 1706738335
WALL 21149706 1 0 1706738336
WALL 21149706 1 0 1706738337
WALL 21149706 1 0 1706738338
WALL 21149706 1 0 1706738339
WALL 21149706 1 0 1706738340
WALL 21149706 1 0 1706738341
WALL 21149706 1 0 1706738342
WALL 21149706 1 0 1706738343
WALL 21149706 1 0 1706738344
WALL 21149706 1 0 1706738345
WALL 21149706 1 0 1706738346
WALL 21149706 1 0 1706738347
WALL 21149706 1 0 1706738348
WALL 21149706 1 0 1706738349
WALL 21149706 1 0 1706738350
WALL 21149706 1 0 1706738351
WALL 21149706 1 0 1706738352
WALL 21149706 1 0 1706738353
WALL 21149706 1 0 1706738354
WALL 21149706 1 0 1706738355
WALL 21149706 1 0 1706738356
WALL 21149706 1 0 1706738357
WALL 21149706 1 0 1706738358
WALL 21149706 1 0 1706738359
WALL 21149706 1 0 1706738360
WALL 21149706 1 0 1706738361
WALL 21149706 1 0 1706738362
WALL 21149706 1 0 1706738363
WALL 21149706 1 0 1706738364
WALL 21149706 1 0 1706738365
WALL 21149706 1 0 1706738366
WALL 21149706 1 0 1706738367
WALL 21149706 1 0 1706738368
WALL 21149706 1 0 1706738369
WALL 21149706 1 0 1706738370
WALL 21149706 1 0 1706738371
WALL 21149706 1 0 1706738372
WALL 21149706 1 0 1706738373
WALL 21149706 1 0 1706738374
WALL 21149706 1 0 1706738375
WALL 21149706 1 0 1706738376
WALL 21149706 1 0 1706738377
WALL 21149706 1 0 1706738378
WALL 21149706 1 0 1706738379
WALL 21149706 1 0 1706738380
WALL 21149706 1 0 1706738381
WALL 21149706 1 0 1706738382
WALL 21149706 1 0 1706738383
WALL 21149706 1 0 1706738384
WALL 21149706 1 0 1706738385
WALL 21149706 1 0 1706738386
WALL 21149706 1 0 1706738387
WALL 21149706 1 0 1706738388
WALL 21149706 1 0 1706738389
WALL 21149706 1 0 1706738390
WALL 21149706 1 0 1706738391
WALL 21149706 1 0 1706738392
WALL 21149706 1 0 1706738393
WALL 21149706 1 0 1706738394
WALL 21149706 1 0 1706738395
WALL 21149706 1 0 1706738396
WALL 21149706 1 0 1706738397
WALL 21149706 1 0 1706738398
WALL 21149706 1 0 1706738399
WALL 21149706 1 0 1706738400
WALL 21149706 1 0 1706738401
WALL 21149706 1 0 1706738402
WALL 21149706 1 0 1706738403
WALL 21149706 1 0 1706738404
WALL 21149706 1 0 1706738405
WALL 21149706 1 0 1706738406
WALL 21149706 1 0 1706738407
WALL 21149706 1 0 1706738408
WALL 21149706 1 0 1706738409
WALL 21149706 1 0 1706738410
WALL 21149706 1 0 1706738411
WALL 21149706 1 0 1706738412
WALL 21149706 1 0 1706738413
WALL 21149706 1 0 1706738414
WALL 21149706 1 0 1706738415
WALL 21149706 1 0 1706738416
WALL 21149706 1 0 1706738417
WALL 21149706 1 0 1706738418
WALL 21149706 1 0 1706738419
WALL 21149706 1 0 1706738420
WALL 21149706 1 0 1706738421
slurmstepd: error: *** STEP 21149706.0 ON nid200023 CANCELLED AT 2024-01-31T22:00:21 ***
received SIGTERM 1706738421
WALL 21149706 1 0 1706738421
received SIGCONT 1706738421
WALL 21149706 1 0 1706738421
WALL 21149706 1 0 1706738422
WALL 21149706 1 0 1706738423
WALL 21149706 1 0 1706738424
WALL 21149706 1 0 1706738425
WALL 21149706 1 0 1706738426
WALL 21149706 1 0 1706738427
WALL 21149706 1 0 1706738428
WALL 21149706 1 0 1706738429
WALL 21149706 1 0 1706738430
WALL 21149706 1 0 1706738431
WALL 21149706 1 0 1706738432
WALL 21149706 1 0 1706738433
WALL 21149706 1 0 1706738434
WALL 21149706 1 0 1706738435
WALL 21149706 1 0 1706738436
WALL 21149706 1 0 1706738437
WALL 21149706 1 0 1706738438
WALL 21149706 1 0 1706738439
WALL 21149706 1 0 1706738440
WALL 21149706 1 0 1706738441
WALL 21149706 1 0 1706738442
WALL 21149706 1 0 1706738443
WALL 21149706 1 0 1706738444
WALL 21149706 1 0 1706738445
WALL 21149706 1 0 1706738446
WALL 21149706 1 0 1706738447
WALL 21149706 1 0 1706738448
WALL 21149706 1 0 1706738449
WALL 21149706 1 0 1706738450
WALL 21149706 1 0 1706738451
WALL 21149706 1 0 1706738452
WALL 21149706 1 0 1706738453
WALL 21149706 1 0 1706738454
WALL 21149706 1 0 1706738455
WALL 21149706 1 0 1706738456
WALL 21149706 1 0 1706738457
WALL 21149706 1 0 1706738458
WALL 21149706 1 0 1706738459
WALL 21149706 1 0 1706738460
WALL 21149706 1 0 1706738461
WALL 21149706 1 0 1706738462
WALL 21149706 1 0 1706738463
WALL 21149706 1 0 1706738464
WALL 21149706 1 0 1706738465
WALL 21149706 1 0 1706738466
WALL 21149706 1 0 1706738467
WALL 21149706 1 0 1706738468
WALL 21149706 1 0 1706738469
WALL 21149706 1 0 1706738470
WALL 21149706 1 0 1706738471
WALL 21149706 1 0 1706738472
WALL 21149706 1 0 1706738473
WALL 21149706 1 0 1706738474
WALL 21149706 1 0 1706738475
WALL 21149706 1 0 1706738476
WALL 21149706 1 0 1706738477
WALL 21149706 1 0 1706738478
WALL 21149706 1 0 1706738479
WALL 21149706 1 0 1706738480
WALL 21149706 1 0 1706738481
WALL 21149706 1 0 1706738482
WALL 21149706 1 0 1706738483
WALL 21149706 1 0 1706738484
WALL 21149706 1 0 1706738485
WALL 21149706 1 0 1706738486
WALL 21149706 1 0 1706738487
WALL 21149706 1 0 1706738488
WALL 21149706 1 0 1706738489
WALL 21149706 1 0 1706738490
WALL 21149706 1 0 1706738491
WALL 21149706 1 0 1706738492
WALL 21149706 1 0 1706738493
WALL 21149706 1 0 1706738494
WALL 21149706 1 0 1706738495
WALL 21149706 1 0 1706738496
WALL 21149706 1 0 1706738497
WALL 21149706 1 0 1706738498
WALL 21149706 1 0 1706738499
WALL 21149706 1 0 1706738500
WALL 21149706 1 0 1706738501
WALL 21149706 1 0 1706738502
WALL 21149706 1 0 1706738503
WALL 21149706 1 0 1706738504
slurmstepd: error: *** JOB 21149706 ON nid200023 CANCELLED AT 2024-01-31T22:01:45 DUE TO PREEMPTION ***
received SIGTERM 1706738505
WALL 21149706 1 0 1706738505
received SIGCONT 1706738505
WALL 21149706 1 0 1706738505
received SIGTERM 1706738505
WALL 21149706 1 0 1706738505
