srun: warning: can't run 1 processes on 2 nodes, setting nnodes to 1
WALL 21204262 1 0 1706818815
WALL 21204262 1 0 1706818816
WALL 21204262 1 0 1706818817
WALL 21204262 1 0 1706818818
WALL 21204262 1 0 1706818819
WALL 21204262 1 0 1706818820
WALL 21204262 1 0 1706818821
WALL 21204262 1 0 1706818822
WALL 21204262 1 0 1706818823
WALL 21204262 1 0 1706818824
WALL 21204262 1 0 1706818825
WALL 21204262 1 0 1706818826
WALL 21204262 1 0 1706818827
WALL 21204262 1 0 1706818828
WALL 21204262 1 0 1706818829
WALL 21204262 1 0 1706818830
WALL 21204262 1 0 1706818831
WALL 21204262 1 0 1706818832
WALL 21204262 1 0 1706818833
WALL 21204262 1 0 1706818834
WALL 21204262 1 0 1706818835
WALL 21204262 1 0 1706818836
WALL 21204262 1 0 1706818837
WALL 21204262 1 0 1706818838
WALL 21204262 1 0 1706818839
WALL 21204262 1 0 1706818840
WALL 21204262 1 0 1706818841
WALL 21204262 1 0 1706818842
WALL 21204262 1 0 1706818843
WALL 21204262 1 0 1706818844
WALL 21204262 1 0 1706818845
WALL 21204262 1 0 1706818846
WALL 21204262 1 0 1706818847
WALL 21204262 1 0 1706818848
WALL 21204262 1 0 1706818849
WALL 21204262 1 0 1706818850
WALL 21204262 1 0 1706818851
WALL 21204262 1 0 1706818852
WALL 21204262 1 0 1706818853
WALL 21204262 1 0 1706818854
WALL 21204262 1 0 1706818855
WALL 21204262 1 0 1706818856
WALL 21204262 1 0 1706818857
WALL 21204262 1 0 1706818858
WALL 21204262 1 0 1706818859
WALL 21204262 1 0 1706818860
WALL 21204262 1 0 1706818861
WALL 21204262 1 0 1706818862
WALL 21204262 1 0 1706818863
WALL 21204262 1 0 1706818864
WALL 21204262 1 0 1706818865
WALL 21204262 1 0 1706818866
received SIGCONT 1706818867
WALL 21204262 1 0 1706818867
slurmstepd: error: *** STEP 21204262.0 ON nid200021 CANCELLED AT 2024-02-01T20:21:07 ***
received SIGTERM 1706818867
WALL 21204262 1 0 1706818867
WALL 21204262 1 0 1706818868
WALL 21204262 1 0 1706818869
WALL 21204262 1 0 1706818870
WALL 21204262 1 0 1706818871
WALL 21204262 1 0 1706818872
WALL 21204262 1 0 1706818873
WALL 21204262 1 0 1706818874
WALL 21204262 1 0 1706818875
WALL 21204262 1 0 1706818876
WALL 21204262 1 0 1706818877
WALL 21204262 1 0 1706818878
WALL 21204262 1 0 1706818879
WALL 21204262 1 0 1706818880
WALL 21204262 1 0 1706818881
WALL 21204262 1 0 1706818882
WALL 21204262 1 0 1706818883
WALL 21204262 1 0 1706818884
WALL 21204262 1 0 1706818885
WALL 21204262 1 0 1706818886
WALL 21204262 1 0 1706818887
WALL 21204262 1 0 1706818888
WALL 21204262 1 0 1706818889
WALL 21204262 1 0 1706818890
WALL 21204262 1 0 1706818891
WALL 21204262 1 0 1706818892
WALL 21204262 1 0 1706818893
WALL 21204262 1 0 1706818894
WALL 21204262 1 0 1706818895
WALL 21204262 1 0 1706818896
WALL 21204262 1 0 1706818897
WALL 21204262 1 0 1706818898
WALL 21204262 1 0 1706818899
WALL 21204262 1 0 1706818900
WALL 21204262 1 0 1706818901
WALL 21204262 1 0 1706818902
WALL 21204262 1 0 1706818903
WALL 21204262 1 0 1706818904
WALL 21204262 1 0 1706818905
WALL 21204262 1 0 1706818906
WALL 21204262 1 0 1706818907
WALL 21204262 1 0 1706818908
WALL 21204262 1 0 1706818909
WALL 21204262 1 0 1706818910
WALL 21204262 1 0 1706818911
WALL 21204262 1 0 1706818912
WALL 21204262 1 0 1706818913
WALL 21204262 1 0 1706818914
WALL 21204262 1 0 1706818915
WALL 21204262 1 0 1706818916
WALL 21204262 1 0 1706818917
WALL 21204262 1 0 1706818918
WALL 21204262 1 0 1706818919
WALL 21204262 1 0 1706818920
WALL 21204262 1 0 1706818921
WALL 21204262 1 0 1706818922
WALL 21204262 1 0 1706818923
WALL 21204262 1 0 1706818924
WALL 21204262 1 0 1706818925
WALL 21204262 1 0 1706818926
WALL 21204262 1 0 1706818927
WALL 21204262 1 0 1706818928
WALL 21204262 1 0 1706818929
WALL 21204262 1 0 1706818930
WALL 21204262 1 0 1706818931
WALL 21204262 1 0 1706818932
WALL 21204262 1 0 1706818933
WALL 21204262 1 0 1706818934
WALL 21204262 1 0 1706818935
WALL 21204262 1 0 1706818936
WALL 21204262 1 0 1706818937
WALL 21204262 1 0 1706818938
WALL 21204262 1 0 1706818939
WALL 21204262 1 0 1706818940
WALL 21204262 1 0 1706818941
WALL 21204262 1 0 1706818942
WALL 21204262 1 0 1706818943
WALL 21204262 1 0 1706818944
WALL 21204262 1 0 1706818945
WALL 21204262 1 0 1706818946
WALL 21204262 1 0 1706818947
WALL 21204262 1 0 1706818948
WALL 21204262 1 0 1706818949
WALL 21204262 1 0 1706818950
WALL 21204262 1 0 1706818951
WALL 21204262 1 0 1706818952
slurmstepd: error: *** JOB 21204262 ON nid200021 CANCELLED AT 2024-02-01T20:22:32 DUE TO PREEMPTION ***
received SIGTERM 1706818952
WALL 21204262 1 0 1706818952
received SIGCONT 1706818952
WALL 21204262 1 0 1706818952
received SIGTERM 1706818952
WALL 21204262 1 0 1706818952
