WALL 21155118 1 0 1706746134
WALL 21155118 1 0 1706746135
WALL 21155118 1 0 1706746136
WALL 21155118 1 0 1706746137
WALL 21155118 1 0 1706746138
WALL 21155118 1 0 1706746139
WALL 21155118 1 0 1706746140
WALL 21155118 1 0 1706746141
WALL 21155118 1 0 1706746142
WALL 21155118 1 0 1706746143
WALL 21155118 1 0 1706746144
WALL 21155118 1 0 1706746145
WALL 21155118 1 0 1706746146
WALL 21155118 1 0 1706746147
WALL 21155118 1 0 1706746148
WALL 21155118 1 0 1706746149
WALL 21155118 1 0 1706746150
WALL 21155118 1 0 1706746151
WALL 21155118 1 0 1706746152
WALL 21155118 1 0 1706746153
WALL 21155118 1 0 1706746154
WALL 21155118 1 0 1706746155
WALL 21155118 1 0 1706746156
WALL 21155118 1 0 1706746157
WALL 21155118 1 0 1706746158
WALL 21155118 1 0 1706746159
WALL 21155118 1 0 1706746160
WALL 21155118 1 0 1706746161
WALL 21155118 1 0 1706746162
WALL 21155118 1 0 1706746163
WALL 21155118 1 0 1706746164
WALL 21155118 1 0 1706746165
WALL 21155118 1 0 1706746166
WALL 21155118 1 0 1706746167
WALL 21155118 1 0 1706746168
WALL 21155118 1 0 1706746169
WALL 21155118 1 0 1706746170
WALL 21155118 1 0 1706746171
WALL 21155118 1 0 1706746172
WALL 21155118 1 0 1706746173
WALL 21155118 1 0 1706746174
WALL 21155118 1 0 1706746175
WALL 21155118 1 0 1706746176
WALL 21155118 1 0 1706746177
WALL 21155118 1 0 1706746178
WALL 21155118 1 0 1706746179
WALL 21155118 1 0 1706746180
WALL 21155118 1 0 1706746181
WALL 21155118 1 0 1706746182
WALL 21155118 1 0 1706746183
WALL 21155118 1 0 1706746184
WALL 21155118 1 0 1706746185
WALL 21155118 1 0 1706746186
WALL 21155118 1 0 1706746187
WALL 21155118 1 0 1706746188
WALL 21155118 1 0 1706746189
WALL 21155118 1 0 1706746190
WALL 21155118 1 0 1706746191
WALL 21155118 1 0 1706746192
WALL 21155118 1 0 1706746193
WALL 21155118 1 0 1706746194
WALL 21155118 1 0 1706746195
WALL 21155118 1 0 1706746196
WALL 21155118 1 0 1706746197
WALL 21155118 1 0 1706746198
WALL 21155118 1 0 1706746199
WALL 21155118 1 0 1706746200
WALL 21155118 1 0 1706746201
WALL 21155118 1 0 1706746202
WALL 21155118 1 0 1706746203
WALL 21155118 1 0 1706746204
WALL 21155118 1 0 1706746205
WALL 21155118 1 0 1706746206
WALL 21155118 1 0 1706746207
WALL 21155118 1 0 1706746208
WALL 21155118 1 0 1706746209
WALL 21155118 1 0 1706746210
WALL 21155118 1 0 1706746211
WALL 21155118 1 0 1706746212
WALL 21155118 1 0 1706746213
WALL 21155118 1 0 1706746214
WALL 21155118 1 0 1706746215
WALL 21155118 1 0 1706746216
WALL 21155118 1 0 1706746217
WALL 21155118 1 0 1706746218
WALL 21155118 1 0 1706746219
WALL 21155118 1 0 1706746220
WALL 21155118 1 0 1706746221
WALL 21155118 1 0 1706746222
WALL 21155118 1 0 1706746223
WALL 21155118 1 0 1706746224
WALL 21155118 1 0 1706746225
WALL 21155118 1 0 1706746226
WALL 21155118 1 0 1706746227
WALL 21155118 1 0 1706746228
WALL 21155118 1 0 1706746229
WALL 21155118 1 0 1706746230
WALL 21155118 1 0 1706746231
WALL 21155118 1 0 1706746232
WALL 21155118 1 0 1706746233
WALL 21155118 1 0 1706746234
WALL 21155118 1 0 1706746235
WALL 21155118 1 0 1706746236
WALL 21155118 1 0 1706746237
WALL 21155118 1 0 1706746238
WALL 21155118 1 0 1706746239
WALL 21155118 1 0 1706746240
WALL 21155118 1 0 1706746241
WALL 21155118 1 0 1706746242
WALL 21155118 1 0 1706746243
WALL 21155118 1 0 1706746244
WALL 21155118 1 0 1706746245
WALL 21155118 1 0 1706746246
WALL 21155118 1 0 1706746247
WALL 21155118 1 0 1706746248
WALL 21155118 1 0 1706746249
WALL 21155118 1 0 1706746250
WALL 21155118 1 0 1706746251
WALL 21155118 1 0 1706746252
WALL 21155118 1 0 1706746253
WALL 21155118 1 0 1706746254
WALL 21155118 1 0 1706746255
WALL 21155118 1 0 1706746256
slurmstepd: error: *** STEP 21155118.0 ON nid200000 CANCELLED AT 2024-02-01T00:10:57 ***
received SIGCONT 1706746257
WALL 21155118 1 0 1706746257
received SIGTERM 1706746257
WALL 21155118 1 0 1706746257
WALL 21155118 1 0 1706746258
WALL 21155118 1 0 1706746259
WALL 21155118 1 0 1706746260
WALL 21155118 1 0 1706746261
WALL 21155118 1 0 1706746262
WALL 21155118 1 0 1706746263
WALL 21155118 1 0 1706746264
WALL 21155118 1 0 1706746265
WALL 21155118 1 0 1706746266
WALL 21155118 1 0 1706746267
WALL 21155118 1 0 1706746268
WALL 21155118 1 0 1706746269
WALL 21155118 1 0 1706746270
WALL 21155118 1 0 1706746271
WALL 21155118 1 0 1706746272
WALL 21155118 1 0 1706746273
WALL 21155118 1 0 1706746274
WALL 21155118 1 0 1706746275
WALL 21155118 1 0 1706746276
WALL 21155118 1 0 1706746277
WALL 21155118 1 0 1706746278
WALL 21155118 1 0 1706746279
WALL 21155118 1 0 1706746280
WALL 21155118 1 0 1706746281
WALL 21155118 1 0 1706746282
WALL 21155118 1 0 1706746283
WALL 21155118 1 0 1706746284
WALL 21155118 1 0 1706746285
WALL 21155118 1 0 1706746286
WALL 21155118 1 0 1706746287
WALL 21155118 1 0 1706746288
WALL 21155118 1 0 1706746289
WALL 21155118 1 0 1706746290
WALL 21155118 1 0 1706746291
WALL 21155118 1 0 1706746292
WALL 21155118 1 0 1706746293
WALL 21155118 1 0 1706746294
WALL 21155118 1 0 1706746295
WALL 21155118 1 0 1706746296
WALL 21155118 1 0 1706746297
WALL 21155118 1 0 1706746298
WALL 21155118 1 0 1706746299
WALL 21155118 1 0 1706746300
WALL 21155118 1 0 1706746301
WALL 21155118 1 0 1706746302
WALL 21155118 1 0 1706746303
WALL 21155118 1 0 1706746304
WALL 21155118 1 0 1706746305
WALL 21155118 1 0 1706746306
WALL 21155118 1 0 1706746307
WALL 21155118 1 0 1706746308
WALL 21155118 1 0 1706746309
WALL 21155118 1 0 1706746310
WALL 21155118 1 0 1706746311
WALL 21155118 1 0 1706746312
WALL 21155118 1 0 1706746313
WALL 21155118 1 0 1706746314
WALL 21155118 1 0 1706746315
WALL 21155118 1 0 1706746316
WALL 21155118 1 0 1706746317
WALL 21155118 1 0 1706746318
WALL 21155118 1 0 1706746319
WALL 21155118 1 0 1706746320
WALL 21155118 1 0 1706746321
WALL 21155118 1 0 1706746322
WALL 21155118 1 0 1706746323
WALL 21155118 1 0 1706746324
WALL 21155118 1 0 1706746325
WALL 21155118 1 0 1706746326
WALL 21155118 1 0 1706746327
WALL 21155118 1 0 1706746328
WALL 21155118 1 0 1706746329
WALL 21155118 1 0 1706746330
WALL 21155118 1 0 1706746331
WALL 21155118 1 0 1706746332
WALL 21155118 1 0 1706746333
WALL 21155118 1 0 1706746334
WALL 21155118 1 0 1706746335
slurmstepd: error: *** JOB 21155118 ON nid200000 CANCELLED AT 2024-02-01T00:12:16 DUE TO PREEMPTION ***
received SIGTERM 1706746336
WALL 21155118 1 0 1706746336
received SIGCONT 1706746336
WALL 21155118 1 0 1706746336
received SIGTERM 1706746336
WALL 21155118 1 0 1706746336
